[24/9/2021 19:33:20] Deleted item from 'player_items' with SERIAL: [CMYSR-TEQUQ-QHIIS-HD3VK] PLAYER: [477] PLAYER NAME: [Pharaot] ITEM: [8890] COUNT: [1]
[24/9/2021 19:33:20] Deleted item from 'player_items' with SERIAL: [CMYSR-TEQUQ-QHIIS-HD3VK] PLAYER: [479] PLAYER NAME: [Pharaoh Test] ITEM: [8890] COUNT: [1]
[24/9/2021 19:36:38] Deleted item from 'player_items' with SERIAL: [2E9U8-OS8GZ-2RW46-63HHQ] PLAYER: [479] PLAYER NAME: [Pharaoh Test] ITEM: [7958] COUNT: [1]
[24/9/2021 19:36:38] Deleted item from 'player_items' with SERIAL: [2E9U8-OS8GZ-2RW46-63HHQ] PLAYER: [1415] PLAYER NAME: [Testando Tudo] ITEM: [7958] COUNT: [1]
[23/11/2021 7:13:2] Deleted item from 'player_items' with SERIAL: [3NGDT-OMU48-QTX49-B8DZQ] PLAYER: [1928] PLAYER NAME: [Trombose] ITEM: [2503] COUNT: [1]
[23/11/2021 7:13:2] Deleted item from 'player_depotitems' with SERIAL: [3NGDT-OMU48-QTX49-B8DZQ] PLAYER: [1901] PLAYER NAME: [Cabeca De Prego] ITEM: [2503] COUNT: [1]
[23/11/2021 7:13:2] Deleted item from 'player_items' with SERIAL: [6OBE0-U5NSL-QT1YO-BMDLT] PLAYER: [1928] PLAYER NAME: [Trombose] ITEM: [12694] COUNT: [1]
[23/11/2021 7:13:2] Deleted item from 'player_depotitems' with SERIAL: [6OBE0-U5NSL-QT1YO-BMDLT] PLAYER: [1901] PLAYER NAME: [Cabeca De Prego] ITEM: [12694] COUNT: [1]
[23/11/2021 7:13:2] Deleted item from 'player_items' with SERIAL: [6QB3K-FSVUX-CUJF8-55GLO] PLAYER: [1928] PLAYER NAME: [Trombose] ITEM: [5801] COUNT: [1]
[23/11/2021 7:13:2] Deleted item from 'player_depotitems' with SERIAL: [6QB3K-FSVUX-CUJF8-55GLO] PLAYER: [1901] PLAYER NAME: [Cabeca De Prego] ITEM: [5801] COUNT: [1]
[23/11/2021 7:13:2] Deleted item from 'player_items' with SERIAL: [9EL2W-Y8J9Z-DGXR5-3S8Y0] PLAYER: [1928] PLAYER NAME: [Trombose] ITEM: [12695] COUNT: [1]
[23/11/2021 7:13:2] Deleted item from 'player_depotitems' with SERIAL: [9EL2W-Y8J9Z-DGXR5-3S8Y0] PLAYER: [1901] PLAYER NAME: [Cabeca De Prego] ITEM: [12695] COUNT: [1]
[23/11/2021 7:13:2] Deleted item from 'player_items' with SERIAL: [KW8P2-L5785-0J7VT-2C9E2] PLAYER: [1928] PLAYER NAME: [Trombose] ITEM: [12692] COUNT: [1]
[23/11/2021 7:13:2] Deleted item from 'player_depotitems' with SERIAL: [KW8P2-L5785-0J7VT-2C9E2] PLAYER: [1901] PLAYER NAME: [Cabeca De Prego] ITEM: [12692] COUNT: [1]
[23/11/2021 7:13:2] Deleted item from 'player_items' with SERIAL: [MDK9T-QDB12-MGST2-HY6EM] PLAYER: [1928] PLAYER NAME: [Trombose] ITEM: [7697] COUNT: [1]
[23/11/2021 7:13:2] Deleted item from 'player_depotitems' with SERIAL: [MDK9T-QDB12-MGST2-HY6EM] PLAYER: [1901] PLAYER NAME: [Cabeca De Prego] ITEM: [7697] COUNT: [1]
[23/11/2021 7:13:3] Deleted item from 'player_items' with SERIAL: [OOOQO-23ZHP-JDNUD-T2IIN] PLAYER: [1928] PLAYER NAME: [Trombose] ITEM: [12734] COUNT: [1]
[23/11/2021 7:13:3] Deleted item from 'player_depotitems' with SERIAL: [OOOQO-23ZHP-JDNUD-T2IIN] PLAYER: [1901] PLAYER NAME: [Cabeca De Prego] ITEM: [12734] COUNT: [1]
[23/11/2021 7:13:3] Deleted item from 'player_items' with SERIAL: [QP5WN-G38MO-GW44N-P4LYE] PLAYER: [1928] PLAYER NAME: [Trombose] ITEM: [12816] COUNT: [1]
[23/11/2021 7:13:3] Deleted item from 'player_depotitems' with SERIAL: [QP5WN-G38MO-GW44N-P4LYE] PLAYER: [1901] PLAYER NAME: [Cabeca De Prego] ITEM: [12816] COUNT: [1]
[23/11/2021 7:13:3] Deleted item from 'player_items' with SERIAL: [S8SHS-7CVRJ-KJW2L-FG9BL] PLAYER: [1928] PLAYER NAME: [Trombose] ITEM: [12809] COUNT: [1]
[23/11/2021 7:13:3] Deleted item from 'player_depotitems' with SERIAL: [S8SHS-7CVRJ-KJW2L-FG9BL] PLAYER: [1901] PLAYER NAME: [Cabeca De Prego] ITEM: [12809] COUNT: [1]
[23/11/2021 7:13:3] Deleted item from 'player_items' with SERIAL: [U8005-IGNVI-4R9G7-KZEWT] PLAYER: [1928] PLAYER NAME: [Trombose] ITEM: [2504] COUNT: [1]
[23/11/2021 7:13:3] Deleted item from 'player_depotitems' with SERIAL: [U8005-IGNVI-4R9G7-KZEWT] PLAYER: [1901] PLAYER NAME: [Cabeca De Prego] ITEM: [2504] COUNT: [1]
[23/11/2021 7:13:3] Deleted item from 'player_items' with SERIAL: [ZQJT9-MZ9IG-XREU6-HHCDQ] PLAYER: [1928] PLAYER NAME: [Trombose] ITEM: [12686] COUNT: [1]
[23/11/2021 7:13:3] Deleted item from 'player_depotitems' with SERIAL: [ZQJT9-MZ9IG-XREU6-HHCDQ] PLAYER: [1901] PLAYER NAME: [Cabeca De Prego] ITEM: [12686] COUNT: [1]
[23/11/2021 7:51:53] Deleted item from 'player_items' with SERIAL: [0L1JQ-JZG0V-FTZ9H-F5S0O] PLAYER: [2229] PLAYER NAME: [Spawn] ITEM: [12733] COUNT: [1]
[23/11/2021 7:51:53] Deleted item from 'player_items' with SERIAL: [0L1JQ-JZG0V-FTZ9H-F5S0O] PLAYER: [2230] PLAYER NAME: [Uauu] ITEM: [12733] COUNT: [1]
[23/11/2021 7:51:53] Deleted item from 'player_items' with SERIAL: [16LOS-GLHFY-UIH31-93PZW] PLAYER: [532] PLAYER NAME: [Hamses] ITEM: [12686] COUNT: [1]
[23/11/2021 7:51:53] Deleted item from 'player_items' with SERIAL: [16LOS-GLHFY-UIH31-93PZW] PLAYER: [645] PLAYER NAME: [Cherykan] ITEM: [12686] COUNT: [1]
[23/11/2021 7:51:53] Deleted item from 'player_items' with SERIAL: [39K28-O5RBM-ZF3FD-CXOFY] PLAYER: [532] PLAYER NAME: [Hamses] ITEM: [7958] COUNT: [1]
[23/11/2021 7:51:53] Deleted item from 'player_items' with SERIAL: [39K28-O5RBM-ZF3FD-CXOFY] PLAYER: [645] PLAYER NAME: [Cherykan] ITEM: [7958] COUNT: [1]
[23/11/2021 7:51:53] Deleted item from 'player_items' with SERIAL: [4YJY3-V5PZR-WHS3Q-OSSQU] PLAYER: [532] PLAYER NAME: [Hamses] ITEM: [12732] COUNT: [1]
[23/11/2021 7:51:53] Deleted item from 'player_items' with SERIAL: [4YJY3-V5PZR-WHS3Q-OSSQU] PLAYER: [645] PLAYER NAME: [Cherykan] ITEM: [12732] COUNT: [1]
[23/11/2021 7:51:53] Deleted item from 'player_items' with SERIAL: [6BMF4-T6B37-S1KGX-6JYP9] PLAYER: [2229] PLAYER NAME: [Spawn] ITEM: [2504] COUNT: [1]
[23/11/2021 7:51:53] Deleted item from 'player_items' with SERIAL: [6BMF4-T6B37-S1KGX-6JYP9] PLAYER: [2230] PLAYER NAME: [Uauu] ITEM: [2504] COUNT: [1]
[23/11/2021 7:51:53] Deleted item from 'player_items' with SERIAL: [9CMVW-1CI1K-UGILZ-0NE4O] PLAYER: [2229] PLAYER NAME: [Spawn] ITEM: [12731] COUNT: [1]
[23/11/2021 7:51:53] Deleted item from 'player_items' with SERIAL: [9CMVW-1CI1K-UGILZ-0NE4O] PLAYER: [2230] PLAYER NAME: [Uauu] ITEM: [12731] COUNT: [1]
[23/11/2021 7:51:53] Deleted item from 'player_items' with SERIAL: [FFPWJ-H02Z2-XJOOU-WSRJ4] PLAYER: [532] PLAYER NAME: [Hamses] ITEM: [12684] COUNT: [1]
[23/11/2021 7:51:53] Deleted item from 'player_items' with SERIAL: [FFPWJ-H02Z2-XJOOU-WSRJ4] PLAYER: [645] PLAYER NAME: [Cherykan] ITEM: [12684] COUNT: [1]
[23/11/2021 7:51:53] Deleted item from 'player_items' with SERIAL: [G28TS-RR0KZ-3O0CF-82LO3] PLAYER: [532] PLAYER NAME: [Hamses] ITEM: [12692] COUNT: [1]
[23/11/2021 7:51:53] Deleted item from 'player_items' with SERIAL: [G28TS-RR0KZ-3O0CF-82LO3] PLAYER: [645] PLAYER NAME: [Cherykan] ITEM: [12692] COUNT: [1]
[23/11/2021 7:51:53] Deleted item from 'player_items' with SERIAL: [GY5JU-11D1O-S52WC-XPHCP] PLAYER: [532] PLAYER NAME: [Hamses] ITEM: [12691] COUNT: [1]
[23/11/2021 7:51:53] Deleted item from 'player_items' with SERIAL: [GY5JU-11D1O-S52WC-XPHCP] PLAYER: [645] PLAYER NAME: [Cherykan] ITEM: [12691] COUNT: [1]
[23/11/2021 7:51:54] Deleted item from 'player_items' with SERIAL: [IE5MQ-UL6HF-LHKUS-ZJOUY] PLAYER: [2229] PLAYER NAME: [Spawn] ITEM: [12693] COUNT: [1]
[23/11/2021 7:51:54] Deleted item from 'player_items' with SERIAL: [IE5MQ-UL6HF-LHKUS-ZJOUY] PLAYER: [2230] PLAYER NAME: [Uauu] ITEM: [12693] COUNT: [1]
[23/11/2021 7:51:54] Deleted item from 'player_items' with SERIAL: [K0ESW-FRLUX-BP0MU-3H2G9] PLAYER: [2229] PLAYER NAME: [Spawn] ITEM: [12692] COUNT: [1]
[23/11/2021 7:51:54] Deleted item from 'player_items' with SERIAL: [K0ESW-FRLUX-BP0MU-3H2G9] PLAYER: [2230] PLAYER NAME: [Uauu] ITEM: [12692] COUNT: [1]
[23/11/2021 7:51:54] Deleted item from 'player_items' with SERIAL: [NGXW2-HQ5XP-ZOR09-64HBY] PLAYER: [532] PLAYER NAME: [Hamses] ITEM: [10559] COUNT: [18]
[23/11/2021 7:51:54] Deleted item from 'player_items' with SERIAL: [NGXW2-HQ5XP-ZOR09-64HBY] PLAYER: [645] PLAYER NAME: [Cherykan] ITEM: [10559] COUNT: [18]
[23/11/2021 7:51:54] Deleted item from 'player_items' with SERIAL: [NT4KJ-0XQ3I-FK007-I8SU7] PLAYER: [532] PLAYER NAME: [Hamses] ITEM: [12692] COUNT: [1]
[23/11/2021 7:51:54] Deleted item from 'player_items' with SERIAL: [NT4KJ-0XQ3I-FK007-I8SU7] PLAYER: [645] PLAYER NAME: [Cherykan] ITEM: [12692] COUNT: [1]
[23/11/2021 7:51:54] Deleted item from 'player_items' with SERIAL: [OCZEV-TIK7Y-BQTZ3-6IKJ6] PLAYER: [532] PLAYER NAME: [Hamses] ITEM: [9774] COUNT: [1]
[23/11/2021 7:51:54] Deleted item from 'player_items' with SERIAL: [OCZEV-TIK7Y-BQTZ3-6IKJ6] PLAYER: [645] PLAYER NAME: [Cherykan] ITEM: [9774] COUNT: [1]
[23/11/2021 7:51:54] Deleted item from 'player_items' with SERIAL: [OWQWK-14VOV-FG9DG-H9UME] PLAYER: [2229] PLAYER NAME: [Spawn] ITEM: [12328] COUNT: [1]
[23/11/2021 7:51:54] Deleted item from 'player_items' with SERIAL: [OWQWK-14VOV-FG9DG-H9UME] PLAYER: [2230] PLAYER NAME: [Uauu] ITEM: [12328] COUNT: [1]
[23/11/2021 7:51:54] Deleted item from 'player_items' with SERIAL: [Q92TQ-ZP5CQ-IW8QI-O68CF] PLAYER: [2229] PLAYER NAME: [Spawn] ITEM: [12685] COUNT: [1]
[23/11/2021 7:51:54] Deleted item from 'player_items' with SERIAL: [Q92TQ-ZP5CQ-IW8QI-O68CF] PLAYER: [2230] PLAYER NAME: [Uauu] ITEM: [12685] COUNT: [1]
[23/11/2021 7:51:54] Deleted item from 'player_items' with SERIAL: [S038P-NB2PF-PVWD1-WKJ4T] PLAYER: [532] PLAYER NAME: [Hamses] ITEM: [12694] COUNT: [1]
[23/11/2021 7:51:54] Deleted item from 'player_items' with SERIAL: [S038P-NB2PF-PVWD1-WKJ4T] PLAYER: [645] PLAYER NAME: [Cherykan] ITEM: [12694] COUNT: [1]
[23/11/2021 7:51:54] Deleted item from 'player_items' with SERIAL: [TZE3K-14EZQ-GT2KQ-TW4KB] PLAYER: [532] PLAYER NAME: [Hamses] ITEM: [12734] COUNT: [1]
[23/11/2021 7:51:54] Deleted item from 'player_items' with SERIAL: [TZE3K-14EZQ-GT2KQ-TW4KB] PLAYER: [645] PLAYER NAME: [Cherykan] ITEM: [12734] COUNT: [1]
[23/11/2021 7:51:54] Deleted item from 'player_items' with SERIAL: [VG3V8-OBQE3-CH0H3-WMPIO] PLAYER: [2229] PLAYER NAME: [Spawn] ITEM: [1988] COUNT: [1]
[23/11/2021 7:51:54] Deleted item from 'player_items' with SERIAL: [VG3V8-OBQE3-CH0H3-WMPIO] PLAYER: [2230] PLAYER NAME: [Uauu] ITEM: [1988] COUNT: [1]
[23/11/2021 7:51:54] Deleted item from 'player_items' with SERIAL: [VGJKR-Q1L8Z-Y6XIP-FWXIB] PLAYER: [2229] PLAYER NAME: [Spawn] ITEM: [2503] COUNT: [1]
[23/11/2021 7:51:54] Deleted item from 'player_items' with SERIAL: [VGJKR-Q1L8Z-Y6XIP-FWXIB] PLAYER: [2230] PLAYER NAME: [Uauu] ITEM: [2503] COUNT: [1]
[23/11/2021 7:51:54] Deleted item from 'player_items' with SERIAL: [X0BJF-XFNY6-XK522-46VEQ] PLAYER: [2229] PLAYER NAME: [Spawn] ITEM: [7697] COUNT: [1]
[23/11/2021 7:51:54] Deleted item from 'player_items' with SERIAL: [X0BJF-XFNY6-XK522-46VEQ] PLAYER: [2230] PLAYER NAME: [Uauu] ITEM: [7697] COUNT: [1]
[23/11/2021 7:51:54] Deleted item from 'player_items' with SERIAL: [Z4BM5-LB5PZ-DRU1H-OIRUM] PLAYER: [532] PLAYER NAME: [Hamses] ITEM: [12703] COUNT: [1]
[23/11/2021 7:51:54] Deleted item from 'player_items' with SERIAL: [Z4BM5-LB5PZ-DRU1H-OIRUM] PLAYER: [645] PLAYER NAME: [Cherykan] ITEM: [12703] COUNT: [1]
[23/11/2021 10:2:17] Deleted item from 'player_items' with SERIAL: [0ZNPV-6KD18-WJN7L-0WHY2] PLAYER: [2248] PLAYER NAME: [Bjorn Lothbrok] ITEM: [10518] COUNT: [1]
[23/11/2021 10:2:17] Deleted item from 'player_items' with SERIAL: [0ZNPV-6KD18-WJN7L-0WHY2] PLAYER: [2251] PLAYER NAME: [Hyuk] ITEM: [10518] COUNT: [1]
[23/11/2021 10:2:17] Deleted item from 'player_items' with SERIAL: [1B1EL-8MYM0-56DQ9-ZZ3UK] PLAYER: [2248] PLAYER NAME: [Bjorn Lothbrok] ITEM: [5957] COUNT: [1]
[23/11/2021 10:2:17] Deleted item from 'player_items' with SERIAL: [1B1EL-8MYM0-56DQ9-ZZ3UK] PLAYER: [2251] PLAYER NAME: [Hyuk] ITEM: [5957] COUNT: [1]
[24/11/2021 7:12:32] Deleted item from 'player_items' with SERIAL: [08BMH-UKXXV-W204F-IHEHX] PLAYER: [1656] PLAYER NAME: [Iran Terrorista] ITEM: [11198] COUNT: [100]
[24/11/2021 7:12:32] Deleted item from 'player_items' with SERIAL: [08BMH-UKXXV-W204F-IHEHX] PLAYER: [1695] PLAYER NAME: [Mafu Terrorista] ITEM: [11198] COUNT: [100]
[24/11/2021 7:12:32] Deleted item from 'player_items' with SERIAL: [08BMH-UKXXV-W204F-IHEHX] PLAYER: [1696] PLAYER NAME: [Mafu] ITEM: [11198] COUNT: [54]
[24/11/2021 7:12:32] Deleted item from 'player_items' with SERIAL: [0TJFF-9QSXK-USL24-7IMOL] PLAYER: [1656] PLAYER NAME: [Iran Terrorista] ITEM: [11198] COUNT: [54]
[24/11/2021 7:12:32] Deleted item from 'player_items' with SERIAL: [0TJFF-9QSXK-USL24-7IMOL] PLAYER: [1695] PLAYER NAME: [Mafu Terrorista] ITEM: [11198] COUNT: [54]
[24/11/2021 7:12:32] Deleted item from 'player_items' with SERIAL: [1LX8U-3JVN3-LYCL0-V6WI5] PLAYER: [1656] PLAYER NAME: [Iran Terrorista] ITEM: [11198] COUNT: [100]
[24/11/2021 7:12:32] Deleted item from 'player_items' with SERIAL: [1LX8U-3JVN3-LYCL0-V6WI5] PLAYER: [1695] PLAYER NAME: [Mafu Terrorista] ITEM: [11198] COUNT: [100]
[24/11/2021 7:12:32] Deleted item from 'player_items' with SERIAL: [1LX8U-3JVN3-LYCL0-V6WI5] PLAYER: [1696] PLAYER NAME: [Mafu] ITEM: [11198] COUNT: [100]
[24/11/2021 7:12:32] Deleted item from 'player_items' with SERIAL: [4VJ70-PUT4Z-X48JW-TNLXG] PLAYER: [1656] PLAYER NAME: [Iran Terrorista] ITEM: [7697] COUNT: [1]
[24/11/2021 7:12:32] Deleted item from 'player_items' with SERIAL: [4VJ70-PUT4Z-X48JW-TNLXG] PLAYER: [1695] PLAYER NAME: [Mafu Terrorista] ITEM: [7697] COUNT: [1]
[24/11/2021 7:12:32] Deleted item from 'player_items' with SERIAL: [4VJ70-PUT4Z-X48JW-TNLXG] PLAYER: [1696] PLAYER NAME: [Mafu] ITEM: [7697] COUNT: [1]
[24/11/2021 7:12:32] Deleted item from 'player_items' with SERIAL: [5YKJ9-J4GHN-BZT97-6N9N5] PLAYER: [1656] PLAYER NAME: [Iran Terrorista] ITEM: [11198] COUNT: [100]
[24/11/2021 7:12:32] Deleted item from 'player_items' with SERIAL: [5YKJ9-J4GHN-BZT97-6N9N5] PLAYER: [1695] PLAYER NAME: [Mafu Terrorista] ITEM: [11198] COUNT: [100]
[24/11/2021 7:12:32] Deleted item from 'player_items' with SERIAL: [5YKJ9-J4GHN-BZT97-6N9N5] PLAYER: [1696] PLAYER NAME: [Mafu] ITEM: [11198] COUNT: [100]
[24/11/2021 7:12:32] Deleted item from 'player_items' with SERIAL: [6GI90-B04EE-RSFML-INGT6] PLAYER: [1656] PLAYER NAME: [Iran Terrorista] ITEM: [12684] COUNT: [1]
[24/11/2021 7:12:32] Deleted item from 'player_items' with SERIAL: [6GI90-B04EE-RSFML-INGT6] PLAYER: [1695] PLAYER NAME: [Mafu Terrorista] ITEM: [12684] COUNT: [1]
[24/11/2021 7:12:32] Deleted item from 'player_items' with SERIAL: [6VWEZ-SFPO3-ZKTZ0-V4FT0] PLAYER: [1656] PLAYER NAME: [Iran Terrorista] ITEM: [12684] COUNT: [1]
[24/11/2021 7:12:32] Deleted item from 'player_items' with SERIAL: [6VWEZ-SFPO3-ZKTZ0-V4FT0] PLAYER: [1696] PLAYER NAME: [Mafu] ITEM: [12684] COUNT: [1]
[24/11/2021 7:12:32] Deleted item from 'player_items' with SERIAL: [6Y59W-FHGEF-TXBOU-4V4YG] PLAYER: [1656] PLAYER NAME: [Iran Terrorista] ITEM: [10518] COUNT: [1]
[24/11/2021 7:12:32] Deleted item from 'player_items' with SERIAL: [6Y59W-FHGEF-TXBOU-4V4YG] PLAYER: [1695] PLAYER NAME: [Mafu Terrorista] ITEM: [10518] COUNT: [1]
[24/11/2021 7:12:32] Deleted item from 'player_items' with SERIAL: [753O0-ISYG0-NPMGG-5XBK5] PLAYER: [1656] PLAYER NAME: [Iran Terrorista] ITEM: [12324] COUNT: [1]
[24/11/2021 7:12:32] Deleted item from 'player_items' with SERIAL: [753O0-ISYG0-NPMGG-5XBK5] PLAYER: [1695] PLAYER NAME: [Mafu Terrorista] ITEM: [12324] COUNT: [1]
[24/11/2021 7:12:32] Deleted item from 'player_items' with SERIAL: [80KLJ-N06OG-WTSGQ-FNVFY] PLAYER: [1656] PLAYER NAME: [Iran Terrorista] ITEM: [12692] COUNT: [1]
[24/11/2021 7:12:32] Deleted item from 'player_items' with SERIAL: [80KLJ-N06OG-WTSGQ-FNVFY] PLAYER: [1695] PLAYER NAME: [Mafu Terrorista] ITEM: [12692] COUNT: [1]
[24/11/2021 7:12:32] Deleted item from 'player_items' with SERIAL: [8L51I-GFN0N-FCCCB-C0RM2] PLAYER: [1656] PLAYER NAME: [Iran Terrorista] ITEM: [5957] COUNT: [1]
[24/11/2021 7:12:32] Deleted item from 'player_items' with SERIAL: [8L51I-GFN0N-FCCCB-C0RM2] PLAYER: [1695] PLAYER NAME: [Mafu Terrorista] ITEM: [5957] COUNT: [1]
[24/11/2021 7:12:32] Deleted item from 'player_items' with SERIAL: [8L51I-GFN0N-FCCCB-C0RM2] PLAYER: [1696] PLAYER NAME: [Mafu] ITEM: [5957] COUNT: [1]
[24/11/2021 7:12:32] Deleted item from 'player_items' with SERIAL: [9P24Y-49LQP-811FQ-8W7XV] PLAYER: [1656] PLAYER NAME: [Iran Terrorista] ITEM: [5957] COUNT: [1]
[24/11/2021 7:12:32] Deleted item from 'player_items' with SERIAL: [9P24Y-49LQP-811FQ-8W7XV] PLAYER: [1695] PLAYER NAME: [Mafu Terrorista] ITEM: [5957] COUNT: [1]
[24/11/2021 7:12:32] Deleted item from 'player_items' with SERIAL: [9P24Y-49LQP-811FQ-8W7XV] PLAYER: [1696] PLAYER NAME: [Mafu] ITEM: [5957] COUNT: [1]
[24/11/2021 7:12:32] Deleted item from 'player_items' with SERIAL: [DM7WB-WFLQS-20SJ1-GXXFL] PLAYER: [1656] PLAYER NAME: [Iran Terrorista] ITEM: [7440] COUNT: [1]
[24/11/2021 7:12:32] Deleted item from 'player_items' with SERIAL: [DM7WB-WFLQS-20SJ1-GXXFL] PLAYER: [1695] PLAYER NAME: [Mafu Terrorista] ITEM: [7440] COUNT: [1]
[24/11/2021 7:12:32] Deleted item from 'player_items' with SERIAL: [DM7WB-WFLQS-20SJ1-GXXFL] PLAYER: [1696] PLAYER NAME: [Mafu] ITEM: [7440] COUNT: [1]
[24/11/2021 7:12:32] Deleted item from 'player_items' with SERIAL: [F0IVL-5GBMY-64GHB-FUCKS] PLAYER: [1656] PLAYER NAME: [Iran Terrorista] ITEM: [2469] COUNT: [1]
[24/11/2021 7:12:32] Deleted item from 'player_items' with SERIAL: [F0IVL-5GBMY-64GHB-FUCKS] PLAYER: [1695] PLAYER NAME: [Mafu Terrorista] ITEM: [2469] COUNT: [1]
[24/11/2021 7:12:32] Deleted item from 'player_items' with SERIAL: [FDIN7-BX0RK-F068G-LBJUO] PLAYER: [1656] PLAYER NAME: [Iran Terrorista] ITEM: [10518] COUNT: [1]
[24/11/2021 7:12:32] Deleted item from 'player_items' with SERIAL: [FDIN7-BX0RK-F068G-LBJUO] PLAYER: [1695] PLAYER NAME: [Mafu Terrorista] ITEM: [10518] COUNT: [1]
[24/11/2021 7:12:32] Deleted item from 'player_items' with SERIAL: [FDIN7-BX0RK-F068G-LBJUO] PLAYER: [1696] PLAYER NAME: [Mafu] ITEM: [10518] COUNT: [1]
[24/11/2021 7:12:32] Deleted item from 'player_items' with SERIAL: [IBG1L-OVXY9-5U3VL-PGS7Q] PLAYER: [1656] PLAYER NAME: [Iran Terrorista] ITEM: [12328] COUNT: [1]
[24/11/2021 7:12:32] Deleted item from 'player_items' with SERIAL: [IBG1L-OVXY9-5U3VL-PGS7Q] PLAYER: [1695] PLAYER NAME: [Mafu Terrorista] ITEM: [12328] COUNT: [1]
[24/11/2021 7:12:32] Deleted item from 'player_items' with SERIAL: [IBG1L-OVXY9-5U3VL-PGS7Q] PLAYER: [1696] PLAYER NAME: [Mafu] ITEM: [12328] COUNT: [1]
[24/11/2021 7:12:32] Deleted item from 'player_items' with SERIAL: [J20WF-0BE3Y-62E9U-225OT] PLAYER: [1656] PLAYER NAME: [Iran Terrorista] ITEM: [11197] COUNT: [29]
[24/11/2021 7:12:32] Deleted item from 'player_items' with SERIAL: [J20WF-0BE3Y-62E9U-225OT] PLAYER: [1695] PLAYER NAME: [Mafu Terrorista] ITEM: [11197] COUNT: [29]
[24/11/2021 7:12:32] Deleted item from 'player_items' with SERIAL: [J20WF-0BE3Y-62E9U-225OT] PLAYER: [1696] PLAYER NAME: [Mafu] ITEM: [11197] COUNT: [29]
[24/11/2021 7:12:32] Deleted item from 'player_items' with SERIAL: [J344K-YXE59-85P1I-16FFX] PLAYER: [1656] PLAYER NAME: [Iran Terrorista] ITEM: [12691] COUNT: [1]
[24/11/2021 7:12:32] Deleted item from 'player_items' with SERIAL: [J344K-YXE59-85P1I-16FFX] PLAYER: [1695] PLAYER NAME: [Mafu Terrorista] ITEM: [12691] COUNT: [1]
[24/11/2021 7:12:32] Deleted item from 'player_items' with SERIAL: [KBR2T-R6Q6F-8FQTP-B6O7K] PLAYER: [1656] PLAYER NAME: [Iran Terrorista] ITEM: [7697] COUNT: [1]
[24/11/2021 7:12:32] Deleted item from 'player_items' with SERIAL: [KBR2T-R6Q6F-8FQTP-B6O7K] PLAYER: [1695] PLAYER NAME: [Mafu Terrorista] ITEM: [7697] COUNT: [1]
[24/11/2021 7:12:32] Deleted item from 'player_items' with SERIAL: [NC8JU-SITJJ-DF5CU-6TYLJ] PLAYER: [1656] PLAYER NAME: [Iran Terrorista] ITEM: [7958] COUNT: [1]
[24/11/2021 7:12:32] Deleted item from 'player_items' with SERIAL: [NC8JU-SITJJ-DF5CU-6TYLJ] PLAYER: [1695] PLAYER NAME: [Mafu Terrorista] ITEM: [7958] COUNT: [1]
[24/11/2021 7:12:32] Deleted item from 'player_items' with SERIAL: [NC8JU-SITJJ-DF5CU-6TYLJ] PLAYER: [1696] PLAYER NAME: [Mafu] ITEM: [7958] COUNT: [1]
[24/11/2021 7:12:32] Deleted item from 'player_items' with SERIAL: [QM5LB-46481-FW2C5-LUP43] PLAYER: [1656] PLAYER NAME: [Iran Terrorista] ITEM: [2469] COUNT: [1]
[24/11/2021 7:12:32] Deleted item from 'player_items' with SERIAL: [QM5LB-46481-FW2C5-LUP43] PLAYER: [1696] PLAYER NAME: [Mafu] ITEM: [2469] COUNT: [1]
[24/11/2021 7:12:32] Deleted item from 'player_items' with SERIAL: [RUJ1R-E6HZE-OBR66-T6X7Y] PLAYER: [1656] PLAYER NAME: [Iran Terrorista] ITEM: [7590] COUNT: [100]
[24/11/2021 7:12:32] Deleted item from 'player_items' with SERIAL: [RUJ1R-E6HZE-OBR66-T6X7Y] PLAYER: [1695] PLAYER NAME: [Mafu Terrorista] ITEM: [7590] COUNT: [100]
[24/11/2021 7:12:32] Deleted item from 'player_items' with SERIAL: [SQ5ZX-KX9BN-VETQR-TK3X6] PLAYER: [1656] PLAYER NAME: [Iran Terrorista] ITEM: [12691] COUNT: [1]
[24/11/2021 7:12:32] Deleted item from 'player_items' with SERIAL: [SQ5ZX-KX9BN-VETQR-TK3X6] PLAYER: [1696] PLAYER NAME: [Mafu] ITEM: [12691] COUNT: [1]
[24/11/2021 7:12:32] Deleted item from 'player_items' with SERIAL: [T5W50-DDGSJ-GU73S-Q71NV] PLAYER: [1656] PLAYER NAME: [Iran Terrorista] ITEM: [11198] COUNT: [100]
[24/11/2021 7:12:32] Deleted item from 'player_items' with SERIAL: [T5W50-DDGSJ-GU73S-Q71NV] PLAYER: [1695] PLAYER NAME: [Mafu Terrorista] ITEM: [11198] COUNT: [100]
[24/11/2021 7:12:32] Deleted item from 'player_items' with SERIAL: [T5W50-DDGSJ-GU73S-Q71NV] PLAYER: [1696] PLAYER NAME: [Mafu] ITEM: [11198] COUNT: [100]
[24/11/2021 7:12:33] Deleted item from 'player_items' with SERIAL: [TS2PW-JISLU-EFINZ-T85BR] PLAYER: [1656] PLAYER NAME: [Iran Terrorista] ITEM: [5957] COUNT: [1]
[24/11/2021 7:12:33] Deleted item from 'player_items' with SERIAL: [TS2PW-JISLU-EFINZ-T85BR] PLAYER: [1695] PLAYER NAME: [Mafu Terrorista] ITEM: [5957] COUNT: [1]
[24/11/2021 7:12:33] Deleted item from 'player_items' with SERIAL: [TS2PW-JISLU-EFINZ-T85BR] PLAYER: [1696] PLAYER NAME: [Mafu] ITEM: [5957] COUNT: [1]
[24/11/2021 7:12:33] Deleted item from 'player_items' with SERIAL: [U2YNC-EGWH7-HWUHJ-002ZU] PLAYER: [1656] PLAYER NAME: [Iran Terrorista] ITEM: [8890] COUNT: [1]
[24/11/2021 7:12:33] Deleted item from 'player_items' with SERIAL: [U2YNC-EGWH7-HWUHJ-002ZU] PLAYER: [1696] PLAYER NAME: [Mafu] ITEM: [8890] COUNT: [1]
[24/11/2021 7:12:33] Deleted item from 'player_items' with SERIAL: [WMCJ6-77UMN-GRK1N-JGJEL] PLAYER: [1656] PLAYER NAME: [Iran Terrorista] ITEM: [10518] COUNT: [1]
[24/11/2021 7:12:33] Deleted item from 'player_items' with SERIAL: [WMCJ6-77UMN-GRK1N-JGJEL] PLAYER: [1695] PLAYER NAME: [Mafu Terrorista] ITEM: [10518] COUNT: [1]
[24/11/2021 7:12:33] Deleted item from 'player_items' with SERIAL: [XJJ4K-FZF30-NULT6-XNDRW] PLAYER: [1656] PLAYER NAME: [Iran Terrorista] ITEM: [12692] COUNT: [1]
[24/11/2021 7:12:33] Deleted item from 'player_items' with SERIAL: [XJJ4K-FZF30-NULT6-XNDRW] PLAYER: [1695] PLAYER NAME: [Mafu Terrorista] ITEM: [12692] COUNT: [1]
[24/11/2021 7:12:33] Deleted item from 'player_items' with SERIAL: [XJJ4K-FZF30-NULT6-XNDRW] PLAYER: [1696] PLAYER NAME: [Mafu] ITEM: [12692] COUNT: [1]
[24/11/2021 7:37:56] Deleted item from 'player_items' with SERIAL: [M95CR-E75ST-IVEV8-JJUOL] PLAYER: [2239] PLAYER NAME: [Hashtag] ITEM: [7290] COUNT: [1]
[24/11/2021 7:37:56] Deleted item from 'player_items' with SERIAL: [M95CR-E75ST-IVEV8-JJUOL] PLAYER: [2240] PLAYER NAME: [Verme Maldito] ITEM: [7290] COUNT: [1]
[10/2/2022 21:27:18] Deleted item from 'player_items' with SERIAL: [FLP2W-C6ECR-3KPN1-O3KV2] PLAYER: [5458] PLAYER NAME: [Tatuzera] ITEM: [2528] COUNT: [1]
[10/2/2022 21:27:18] Deleted item from 'player_items' with SERIAL: [FLP2W-C6ECR-3KPN1-O3KV2] PLAYER: [5712] PLAYER NAME: [Venezula] ITEM: [2528] COUNT: [1]
[10/2/2022 21:27:18] Deleted item from 'player_items' with SERIAL: [PZEDD-IEZTS-WFQXG-3D7KI] PLAYER: [5545] PLAYER NAME: [Brxyxnn] ITEM: [2167] COUNT: [1]
[10/2/2022 21:27:18] Deleted item from 'player_items' with SERIAL: [PZEDD-IEZTS-WFQXG-3D7KI] PLAYER: [5706] PLAYER NAME: [Risos] ITEM: [2167] COUNT: [1]
[10/2/2022 21:27:18] Deleted item from 'player_items' with SERIAL: [YO56O-PM5TC-1KTTU-FFLHP] PLAYER: [5545] PLAYER NAME: [Brxyxnn] ITEM: [2167] COUNT: [1]
[10/2/2022 21:27:18] Deleted item from 'player_items' with SERIAL: [YO56O-PM5TC-1KTTU-FFLHP] PLAYER: [5651] PLAYER NAME: [Corte Maldito] ITEM: [2167] COUNT: [1]
[10/2/2022 21:47:38] Deleted item from 'player_items' with SERIAL: [XE0WB-9P0Z9-PIXEN-95161] PLAYER: [5621] PLAYER NAME: [Itau Personnalite] ITEM: [12695] COUNT: [1]
[10/2/2022 21:47:38] Deleted item from 'player_items' with SERIAL: [XE0WB-9P0Z9-PIXEN-95161] PLAYER: [5622] PLAYER NAME: [Highlighted] ITEM: [12695] COUNT: [1]
[25/5/2022 0:52:0] Deleted item from 'player_items' with SERIAL: [0M6O4-CJGMZ-FWVSM-ZBIH3] PLAYER: [8355] PLAYER NAME: [Fabio Leandro] ITEM: [13096] COUNT: [1]
[25/5/2022 0:52:0] Deleted item from 'player_items' with SERIAL: [0M6O4-CJGMZ-FWVSM-ZBIH3] PLAYER: [8451] PLAYER NAME: [Testando Um] ITEM: [13096] COUNT: [1]
[25/5/2022 0:52:0] Deleted item from 'player_items' with SERIAL: [2JH7W-XZVK2-FJHG6-S3V2J] PLAYER: [8355] PLAYER NAME: [Fabio Leandro] ITEM: [13092] COUNT: [1]
[25/5/2022 0:52:0] Deleted item from 'player_items' with SERIAL: [2JH7W-XZVK2-FJHG6-S3V2J] PLAYER: [8451] PLAYER NAME: [Testando Um] ITEM: [13092] COUNT: [1]
[25/5/2022 0:52:0] Deleted item from 'player_items' with SERIAL: [DHYLY-KI8U0-ZTLUJ-FW4K8] PLAYER: [8355] PLAYER NAME: [Fabio Leandro] ITEM: [13095] COUNT: [1]
[25/5/2022 0:52:0] Deleted item from 'player_items' with SERIAL: [DHYLY-KI8U0-ZTLUJ-FW4K8] PLAYER: [8451] PLAYER NAME: [Testando Um] ITEM: [13095] COUNT: [1]
[25/5/2022 0:52:0] Deleted item from 'player_items' with SERIAL: [SO7DJ-IEJPL-N44OE-4XX1H] PLAYER: [8355] PLAYER NAME: [Fabio Leandro] ITEM: [13094] COUNT: [1]
[25/5/2022 0:52:0] Deleted item from 'player_items' with SERIAL: [SO7DJ-IEJPL-N44OE-4XX1H] PLAYER: [8451] PLAYER NAME: [Testando Um] ITEM: [13094] COUNT: [1]
[25/5/2022 0:52:0] Deleted item from 'player_items' with SERIAL: [XPCK0-LO8EB-HW1DB-LWFTO] PLAYER: [8355] PLAYER NAME: [Fabio Leandro] ITEM: [13093] COUNT: [1]
[25/5/2022 0:52:0] Deleted item from 'player_items' with SERIAL: [XPCK0-LO8EB-HW1DB-LWFTO] PLAYER: [8451] PLAYER NAME: [Testando Um] ITEM: [13093] COUNT: [1]
[25/5/2022 0:52:0] Deleted item from 'player_items' with SERIAL: [ZWUDZ-ZNB6D-PW682-ZQJFJ] PLAYER: [8355] PLAYER NAME: [Fabio Leandro] ITEM: [13091] COUNT: [1]
[25/5/2022 0:52:0] Deleted item from 'player_items' with SERIAL: [ZWUDZ-ZNB6D-PW682-ZQJFJ] PLAYER: [8451] PLAYER NAME: [Testando Um] ITEM: [13091] COUNT: [1]
[2/6/2022 1:55:24] Deleted item from 'player_items' with SERIAL: [7UU5Y-QM0GT-UPPH2-565NS] PLAYER: [9190] PLAYER NAME: [Aprendiz Do Peu] ITEM: [13359] COUNT: [1]
[2/6/2022 1:55:24] Deleted item from 'player_items' with SERIAL: [7UU5Y-QM0GT-UPPH2-565NS] PLAYER: [9781] PLAYER NAME: [Malvadaomaldoso] ITEM: [13359] COUNT: [1]
[2/6/2022 1:55:24] Deleted item from 'player_items' with SERIAL: [PZDFH-9L1J6-E7MTZ-XM8RN] PLAYER: [9598] PLAYER NAME: [Diferente] ITEM: [2167] COUNT: [1]
[2/6/2022 1:55:24] Deleted item from 'player_items' with SERIAL: [PZDFH-9L1J6-E7MTZ-XM8RN] PLAYER: [9609] PLAYER NAME: [Simetaca Team] ITEM: [2167] COUNT: [1]
[6/4/2023 0:40:14] Deleted item from 'player_items' with SERIAL: [2KKMW-6J6VC-G4O03-UOI2G] PLAYER: [9241] PLAYER NAME: [] ITEM: [2107] COUNT: [1]
[6/4/2023 0:40:14] Deleted item from 'player_items' with SERIAL: [2KKMW-6J6VC-G4O03-UOI2G] PLAYER: [9531] PLAYER NAME: [] ITEM: [2107] COUNT: [1]
[6/4/2023 0:40:14] Deleted item from 'player_items' with SERIAL: [3B3QK-EXY4X-877TI-T1Q1L] PLAYER: [9241] PLAYER NAME: [] ITEM: [2107] COUNT: [1]
[6/4/2023 0:40:14] Deleted item from 'player_items' with SERIAL: [3B3QK-EXY4X-877TI-T1Q1L] PLAYER: [9531] PLAYER NAME: [] ITEM: [2107] COUNT: [1]
[6/4/2023 0:40:14] Deleted item from 'player_items' with SERIAL: [46FHH-7DVQ5-DI56Y-RLLRE] PLAYER: [9241] PLAYER NAME: [] ITEM: [2107] COUNT: [1]
[6/4/2023 0:40:14] Deleted item from 'player_items' with SERIAL: [46FHH-7DVQ5-DI56Y-RLLRE] PLAYER: [9531] PLAYER NAME: [] ITEM: [2107] COUNT: [1]
[6/4/2023 0:40:14] Deleted item from 'player_items' with SERIAL: [4PPZW-Z3WL6-90UUK-2YMGZ] PLAYER: [9241] PLAYER NAME: [] ITEM: [2107] COUNT: [1]
[6/4/2023 0:40:14] Deleted item from 'player_items' with SERIAL: [4PPZW-Z3WL6-90UUK-2YMGZ] PLAYER: [9531] PLAYER NAME: [] ITEM: [2107] COUNT: [1]
[6/4/2023 0:40:14] Deleted item from 'player_items' with SERIAL: [5IQ7N-UFUBH-6I1GJ-R1N4C] PLAYER: [9241] PLAYER NAME: [] ITEM: [2107] COUNT: [1]
[6/4/2023 0:40:14] Deleted item from 'player_items' with SERIAL: [5IQ7N-UFUBH-6I1GJ-R1N4C] PLAYER: [9531] PLAYER NAME: [] ITEM: [2107] COUNT: [1]
[6/4/2023 0:40:14] Deleted item from 'player_items' with SERIAL: [5XIR5-P0432-FWS7L-E8PZJ] PLAYER: [9241] PLAYER NAME: [] ITEM: [2107] COUNT: [1]
[6/4/2023 0:40:14] Deleted item from 'player_items' with SERIAL: [5XIR5-P0432-FWS7L-E8PZJ] PLAYER: [9531] PLAYER NAME: [] ITEM: [2107] COUNT: [1]
[6/4/2023 0:40:14] Deleted item from 'player_items' with SERIAL: [5Y7Q2-LPCRR-KQP5C-P0NX3] PLAYER: [10083] PLAYER NAME: [] ITEM: [12736] COUNT: [1]
[6/4/2023 0:40:14] Deleted item from 'player_items' with SERIAL: [5Y7Q2-LPCRR-KQP5C-P0NX3] PLAYER: [10121] PLAYER NAME: [] ITEM: [12736] COUNT: [1]
[6/4/2023 0:40:14] Deleted item from 'player_items' with SERIAL: [7B59G-DQ63J-KLMKL-HO1Y8] PLAYER: [9241] PLAYER NAME: [] ITEM: [2107] COUNT: [1]
[6/4/2023 0:40:14] Deleted item from 'player_items' with SERIAL: [7B59G-DQ63J-KLMKL-HO1Y8] PLAYER: [9531] PLAYER NAME: [] ITEM: [2107] COUNT: [1]
[6/4/2023 0:40:14] Deleted item from 'player_items' with SERIAL: [9DQL7-6CY20-I3ZE0-8W6DX] PLAYER: [9241] PLAYER NAME: [] ITEM: [1988] COUNT: [1]
[6/4/2023 0:40:14] Deleted item from 'player_items' with SERIAL: [9DQL7-6CY20-I3ZE0-8W6DX] PLAYER: [9531] PLAYER NAME: [] ITEM: [1988] COUNT: [1]
[6/4/2023 0:40:15] Deleted item from 'player_items' with SERIAL: [CFW5X-RCQR2-57XCM-K3LT3] PLAYER: [9317] PLAYER NAME: [] ITEM: [2173] COUNT: [1]
[6/4/2023 0:40:15] Deleted item from 'player_depotitems' with SERIAL: [CFW5X-RCQR2-57XCM-K3LT3] PLAYER: [9215] PLAYER NAME: [] ITEM: [2173] COUNT: [1]
[6/4/2023 0:40:15] Deleted item from 'player_items' with SERIAL: [EF6HH-40ZM1-V8XIS-2H8FD] PLAYER: [9241] PLAYER NAME: [] ITEM: [2107] COUNT: [1]
[6/4/2023 0:40:15] Deleted item from 'player_items' with SERIAL: [EF6HH-40ZM1-V8XIS-2H8FD] PLAYER: [9531] PLAYER NAME: [] ITEM: [2107] COUNT: [1]
[6/4/2023 0:40:15] Deleted item from 'player_items' with SERIAL: [GE2MV-2IJBQ-XEU6L-DBK2N] PLAYER: [9241] PLAYER NAME: [] ITEM: [2107] COUNT: [1]
[6/4/2023 0:40:15] Deleted item from 'player_items' with SERIAL: [GE2MV-2IJBQ-XEU6L-DBK2N] PLAYER: [9531] PLAYER NAME: [] ITEM: [2107] COUNT: [1]
[6/4/2023 0:40:15] Deleted item from 'player_items' with SERIAL: [IT8ZP-VFN0G-8WGRF-DWPWE] PLAYER: [9241] PLAYER NAME: [] ITEM: [2107] COUNT: [1]
[6/4/2023 0:40:15] Deleted item from 'player_items' with SERIAL: [IT8ZP-VFN0G-8WGRF-DWPWE] PLAYER: [9531] PLAYER NAME: [] ITEM: [2107] COUNT: [1]
[6/4/2023 0:40:15] Deleted item from 'player_items' with SERIAL: [KJU9P-UWUG9-3HP1O-DTPS0] PLAYER: [10410] PLAYER NAME: [] ITEM: [2173] COUNT: [1]
[6/4/2023 0:40:15] Deleted item from 'player_depotitems' with SERIAL: [KJU9P-UWUG9-3HP1O-DTPS0] PLAYER: [9215] PLAYER NAME: [] ITEM: [2173] COUNT: [1]
[6/4/2023 0:40:15] Deleted item from 'player_items' with SERIAL: [KO0H7-TCXL2-KE01W-GWZDO] PLAYER: [9241] PLAYER NAME: [] ITEM: [2107] COUNT: [1]
[6/4/2023 0:40:15] Deleted item from 'player_items' with SERIAL: [KO0H7-TCXL2-KE01W-GWZDO] PLAYER: [9531] PLAYER NAME: [] ITEM: [2107] COUNT: [1]
[6/4/2023 0:40:15] Deleted item from 'player_items' with SERIAL: [LBUHU-48USQ-VMD4F-7IFD0] PLAYER: [9241] PLAYER NAME: [] ITEM: [2107] COUNT: [1]
[6/4/2023 0:40:15] Deleted item from 'player_items' with SERIAL: [LBUHU-48USQ-VMD4F-7IFD0] PLAYER: [9531] PLAYER NAME: [] ITEM: [2107] COUNT: [1]
[6/4/2023 0:40:15] Deleted item from 'player_items' with SERIAL: [MYK96-EDDCH-RHWI5-H0O20] PLAYER: [9241] PLAYER NAME: [] ITEM: [2107] COUNT: [1]
[6/4/2023 0:40:15] Deleted item from 'player_items' with SERIAL: [MYK96-EDDCH-RHWI5-H0O20] PLAYER: [9531] PLAYER NAME: [] ITEM: [2107] COUNT: [1]
[6/4/2023 0:40:15] Deleted item from 'player_items' with SERIAL: [N75GZ-QJ0CD-RPYVN-577RL] PLAYER: [9241] PLAYER NAME: [] ITEM: [2107] COUNT: [1]
[6/4/2023 0:40:15] Deleted item from 'player_items' with SERIAL: [N75GZ-QJ0CD-RPYVN-577RL] PLAYER: [9531] PLAYER NAME: [] ITEM: [2107] COUNT: [1]
[6/4/2023 0:40:15] Deleted item from 'player_items' with SERIAL: [NJFWH-0IWPU-RIU3Y-U9KLU] PLAYER: [9241] PLAYER NAME: [] ITEM: [2107] COUNT: [1]
[6/4/2023 0:40:15] Deleted item from 'player_items' with SERIAL: [NJFWH-0IWPU-RIU3Y-U9KLU] PLAYER: [9531] PLAYER NAME: [] ITEM: [2107] COUNT: [1]
[6/4/2023 0:40:15] Deleted item from 'player_items' with SERIAL: [QK5NC-SJN2T-7R2DW-3SH2U] PLAYER: [9241] PLAYER NAME: [] ITEM: [2107] COUNT: [1]
[6/4/2023 0:40:15] Deleted item from 'player_items' with SERIAL: [QK5NC-SJN2T-7R2DW-3SH2U] PLAYER: [9531] PLAYER NAME: [] ITEM: [2107] COUNT: [1]
[6/4/2023 0:40:15] Deleted item from 'player_items' with SERIAL: [TDYBT-FDGTC-VNJBJ-88O4K] PLAYER: [9241] PLAYER NAME: [] ITEM: [2107] COUNT: [1]
[6/4/2023 0:40:15] Deleted item from 'player_items' with SERIAL: [TDYBT-FDGTC-VNJBJ-88O4K] PLAYER: [9531] PLAYER NAME: [] ITEM: [2107] COUNT: [1]
[6/4/2023 0:40:15] Deleted item from 'player_items' with SERIAL: [VULJF-XQB77-XMGRB-UMJ7P] PLAYER: [9241] PLAYER NAME: [] ITEM: [2107] COUNT: [1]
[6/4/2023 0:40:15] Deleted item from 'player_items' with SERIAL: [VULJF-XQB77-XMGRB-UMJ7P] PLAYER: [9531] PLAYER NAME: [] ITEM: [2107] COUNT: [1]
[6/4/2023 0:40:15] Deleted item from 'player_items' with SERIAL: [XDRQ2-40MUB-X5NFS-XMUGY] PLAYER: [9241] PLAYER NAME: [] ITEM: [2107] COUNT: [1]
[6/4/2023 0:40:15] Deleted item from 'player_items' with SERIAL: [XDRQ2-40MUB-X5NFS-XMUGY] PLAYER: [9302] PLAYER NAME: [] ITEM: [2107] COUNT: [1]
