[19/05/2022 13:13:51] Player: Fabio Leandro | Reward: 1x tear of daraman
[19/05/2022 14:01:40] Player: Fabio Leandro | Reward: 2x anubis flask
[19/05/2022 21:33:25] Player: Fabio Leandro | Reward: 1x supreme ring
[19/05/2022 21:33:36] Player: Fabio Leandro | Reward: 3x orc leather
[19/05/2022 21:33:45] Player: Fabio Leandro | Reward: 100x diamond coin
[19/05/2022 21:35:59] Player: Fabio Leandro | Reward: 1x tear of daraman
[19/05/2022 21:36:15] Player: Fabio Leandro | Reward: 3x draken sulphur
[19/05/2022 21:36:39] Player: Fabio Leandro | Reward: 50x vampire lord token
[19/05/2022 21:37:04] Player: Fabio Leandro | Reward: 100x diamond coin
[19/05/2022 21:37:35] Player: Fabio Leandro | Reward: 3x orc leather
[19/05/2022 21:37:45] Player: Fabio Leandro | Reward: 3x draken sulphur
[19/05/2022 21:37:55] Player: Fabio Leandro | Reward: 3x orc leather
[19/05/2022 21:38:13] Player: Fabio Leandro | Reward: 3x Letal Dust
[19/05/2022 21:38:22] Player: Fabio Leandro | Reward: 1x supreme ring
[19/05/2022 21:38:31] Player: Fabio Leandro | Reward: 1x tear of daraman
[19/05/2022 21:38:42] Player: Fabio Leandro | Reward: 1x key of numerous locks
[19/05/2022 21:39:15] Player: Fabio Leandro | Reward: 3x orc leather
[19/05/2022 21:39:24] Player: Fabio Leandro | Reward: 1x supreme ring
[19/05/2022 21:39:35] Player: Fabio Leandro | Reward: 3x draken sulphur
[19/05/2022 21:39:46] Player: Fabio Leandro | Reward: 3x draken sulphur
[19/05/2022 21:39:55] Player: Fabio Leandro | Reward: 2x anubis flask
[19/05/2022 21:40:04] Player: Fabio Leandro | Reward: 3x draken sulphur
[19/05/2022 21:40:13] Player: Fabio Leandro | Reward: 1x ferumbras' hat
[19/05/2022 21:40:45] Player: Fabio Leandro | Reward: 3x draken sulphur
[20/05/2022 07:07:32] Player: Fabio Leandro | Reward: 50x Fragmental Ticket
[20/05/2022 07:11:51] Player: Fabio Leandro | Reward: 100x crystal coin
[20/05/2022 07:12:02] Player: Fabio Leandro | Reward: 100x supreme health potion
[20/05/2022 07:12:12] Player: Fabio Leandro | Reward: 1x addon doll
[20/05/2022 07:12:48] Player: Fabio Leandro | Reward: 1x pharaot boots
[20/05/2022 07:13:31] Player: Fabio Leandro | Reward: 100x crystal coin
[20/05/2022 07:13:50] Player: Fabio Leandro | Reward: 50x Fragmental Ticket
[20/05/2022 07:14:02] Player: Fabio Leandro | Reward: 5x diamond coin
[20/05/2022 07:14:17] Player: Fabio Leandro | Reward: 50x Fragmental Ticket
[20/05/2022 07:14:29] Player: Fabio Leandro | Reward: 1x stamina refil
[20/05/2022 07:14:42] Player: Fabio Leandro | Reward: 100x crystal coin
[20/05/2022 07:14:57] Player: Fabio Leandro | Reward: 100x ultimate mana potion
[20/05/2022 07:15:10] Player: Fabio Leandro | Reward: 1x stamina refil
[20/05/2022 07:15:24] Player: Fabio Leandro | Reward: 100x ultimate spirit potion
[20/05/2022 07:15:37] Player: Fabio Leandro | Reward: 1x soulskull backpack
[20/05/2022 07:15:50] Player: Fabio Leandro | Reward: 100x supreme health potion
[20/05/2022 07:16:02] Player: Fabio Leandro | Reward: 100x supreme health potion
[20/05/2022 07:17:15] Player: Fabio Leandro | Reward: 100x ultimate mana potion
[20/05/2022 07:17:30] Player: Fabio Leandro | Reward: 100x supreme health potion
[20/05/2022 12:41:39] Player: Fabio Leandro | Reward: 100x ultimate spirit potion
[20/05/2022 12:42:22] Player: Fabio Leandro | Reward: 1x vampire lord token
[20/05/2022 12:42:59] Player: Fabio Leandro | Reward: 1x addon doll
[20/05/2022 20:02:48] Player: Fabio Leandro | Reward: 100x crystal coin
[20/05/2022 20:02:58] Player: Fabio Leandro | Reward: 1x stamina refil
[20/05/2022 20:03:11] Player: Fabio Leandro | Reward: 100x ultimate mana potion
[20/05/2022 20:03:35] Player: Fabio Leandro | Reward: 1x vampire lord token
[20/05/2022 22:44:33] Player: Juniorscripts | Reward: 1x soulpotter backpack
[21/05/2022 10:42:09] Player: Fabio Leandro | Reward: 5x diamond coin
[21/05/2022 10:47:47] Player: Fabio Leandro | Reward: 100x crystal coin
[21/05/2022 10:48:08] Player: Fabio Leandro | Reward: 100x ultimate spirit potion
[21/05/2022 10:48:26] Player: Fabio Leandro | Reward: 100x ultimate spirit potion
[21/05/2022 10:48:42] Player: Fabio Leandro | Reward: 1x pharaot boots
[21/05/2022 10:49:02] Player: Fabio Leandro | Reward: 1x pharaot boots
[21/05/2022 10:49:14] Player: Fabio Leandro | Reward: 100x ultimate spirit potion
[21/05/2022 10:49:24] Player: Fabio Leandro | Reward: 1x pharaot boots
[21/05/2022 10:49:36] Player: Fabio Leandro | Reward: 100x supreme health potion
[21/05/2022 10:49:58] Player: Fabio Leandro | Reward: 50x Fragmental Ticket
[21/05/2022 10:50:17] Player: Fabio Leandro | Reward: 100x ultimate mana potion
[21/05/2022 10:50:33] Player: Fabio Leandro | Reward: 1x stamina refil
[21/05/2022 11:37:52] Player: Juniorscripts | Reward: 1x ferumbras' hat
[21/05/2022 11:38:30] Player: Fabio Leandro | Reward: 100x ultimate spirit potion
[21/05/2022 11:38:40] Player: Fabio Leandro | Reward: 1x pharaot boots
[21/05/2022 11:38:51] Player: Fabio Leandro | Reward: 5x diamond coin
[21/05/2022 11:39:01] Player: Fabio Leandro | Reward: 1x soulskull backpack
[21/05/2022 11:39:11] Player: Fabio Leandro | Reward: 1x soulpotter backpack
[21/05/2022 11:39:24] Player: Fabio Leandro | Reward: 1x soulpotter backpack
[21/05/2022 11:39:34] Player: Fabio Leandro | Reward: 1x stamina refil
[21/05/2022 11:39:48] Player: Juniorscripts | Reward: 10x eldritch token
[21/05/2022 11:40:09] Player: Fabio Leandro | Reward: 100x ultimate mana potion
[21/05/2022 11:40:20] Player: Fabio Leandro | Reward: 100x crystal coin
[21/05/2022 12:01:33] Player: Fabio Leandro | Reward: 100x supreme health potion
[21/05/2022 12:02:33] Player: Fabio Leandro | Reward: 100x supreme health potion
[21/05/2022 15:24:22] Player: Fabio Leandro | Reward: 1x pharaot boots
[21/05/2022 15:24:39] Player: Fabio Leandro | Reward: 100x ultimate mana potion
[21/05/2022 15:24:53] Player: Fabio Leandro | Reward: 100x supreme health potion
[21/05/2022 15:25:59] Player: Fabio Leandro | Reward: 100x ultimate spirit potion
[21/05/2022 15:26:24] Player: Fabio Leandro | Reward: 100x crystal coin
[21/05/2022 15:26:36] Player: Fabio Leandro | Reward: 100x ultimate spirit potion
[21/05/2022 15:26:46] Player: Fabio Leandro | Reward: 1x stamina refil
[22/05/2022 09:21:29] Player: Mentirinha Test | Reward: 100x supreme health potion
[22/05/2022 09:21:41] Player: Mentirinha Test | Reward: 1x soulpotter backpack
[22/05/2022 09:21:58] Player: Mentirinha Test | Reward: 100x supreme health potion
[22/05/2022 09:22:25] Player: Mentirinha Test | Reward: 100x crystal coin
[22/05/2022 10:48:59] Player: Quarenta Centimetros Mole | Reward: 100x supreme health potion
[22/05/2022 10:50:17] Player: Quarenta Centimetros Mole | Reward: 1x stamina refil
[22/05/2022 10:50:31] Player: Quarenta Centimetros Mole | Reward: 100x supreme health potion
[22/05/2022 20:25:08] Player: Porra Viado | Reward: 100x ultimate mana potion
[22/05/2022 20:25:40] Player: Porra Viado | Reward: 1x pharaot boots
[22/05/2022 20:25:56] Player: Porra Viado | Reward: 1x stamina refil
[22/05/2022 20:26:09] Player: Porra Viado | Reward: 10x eldritch token
[22/05/2022 23:38:08] Player: Fabio Leandro | Reward: 100x crystal coin
[25/05/2022 13:55:13] Player: Fabio Leandro | Reward: 100x supreme health potion
[25/05/2022 13:55:26] Player: Fabio Leandro | Reward: 1x pharaot boots
[25/05/2022 13:55:45] Player: Fabio Leandro | Reward: 5x diamond coin
[25/05/2022 13:56:01] Player: Fabio Leandro | Reward: 100x supreme health potion
[25/05/2022 13:56:11] Player: Fabio Leandro | Reward: 100x ultimate mana potion
[25/05/2022 13:56:22] Player: Fabio Leandro | Reward: 100x supreme health potion
[25/05/2022 13:56:47] Player: Fabio Leandro | Reward: 100x crystal coin
[25/05/2022 13:56:58] Player: Fabio Leandro | Reward: 5x diamond coin
[25/05/2022 13:57:09] Player: Fabio Leandro | Reward: 50x Fragmental Ticket
[25/05/2022 13:57:19] Player: Fabio Leandro | Reward: 1x stamina refil
[25/05/2022 13:57:36] Player: Fabio Leandro | Reward: 100x crystal coin
[25/05/2022 13:57:48] Player: Fabio Leandro | Reward: 100x crystal coin
[25/05/2022 21:04:00] Player: Fabio Leandro | Reward: 5x diamond coin
[25/05/2022 21:04:18] Player: Fabio Leandro | Reward: 1x pharaot boots
[25/05/2022 21:04:29] Player: Fabio Leandro | Reward: 100x supreme health potion
[25/05/2022 21:04:40] Player: Fabio Leandro | Reward: 1x soulskull backpack
[25/05/2022 21:05:09] Player: Fabio Leandro | Reward: 100x supreme health potion
[25/05/2022 21:10:32] Player: Fabio Leandro | Reward: 1x pharaot boots
[25/05/2022 21:10:42] Player: Fabio Leandro | Reward: 50x Fragmental Ticket
[25/05/2022 21:10:53] Player: Fabio Leandro | Reward: 100x ultimate spirit potion
[25/05/2022 21:11:03] Player: Fabio Leandro | Reward: 100x ultimate mana potion
[25/05/2022 21:11:14] Player: Fabio Leandro | Reward: 100x ultimate spirit potion
[25/05/2022 23:50:59] Player: Fabio Leandro | Reward: 50x Fragmental Ticket
[25/05/2022 23:51:11] Player: Fabio Leandro | Reward: 50x Fragmental Ticket
[25/05/2022 23:51:26] Player: Fabio Leandro | Reward: 100x crystal coin
[25/05/2022 23:51:37] Player: Fabio Leandro | Reward: 100x supreme health potion
[27/05/2022 21:55:27] Player: John Starbucksz | Reward: 100x ultimate spirit potion
[27/05/2022 21:56:21] Player: John Starbucksz | Reward: 100x ultimate mana potion
[27/05/2022 21:57:23] Player: John Starbucksz | Reward: 100x crystal coin
[27/05/2022 21:58:52] Player: John Starbucksz | Reward: 1x soulskull backpack
[27/05/2022 21:59:25] Player: John Starbucksz | Reward: 1x soulpotter backpack
[27/05/2022 22:01:02] Player: John Starbucksz | Reward: 100x ultimate mana potion
[27/05/2022 22:02:01] Player: John Starbucksz | Reward: 5x diamond coin
[27/05/2022 22:03:22] Player: John Starbucksz | Reward: 100x supreme health potion
[27/05/2022 22:44:36] Player: Support | Reward: 1x stamina refil
[27/05/2022 22:45:29] Player: Support | Reward: 100x ultimate spirit potion
[27/05/2022 22:46:01] Player: Support | Reward: 1x soulpotter backpack
[27/05/2022 22:47:09] Player: Support | Reward: 100x ultimate mana potion
[27/05/2022 22:48:15] Player: Support | Reward: 100x ultimate mana potion
[27/05/2022 22:49:05] Player: Support | Reward: 100x ultimate spirit potion
[27/05/2022 22:50:32] Player: Support | Reward: 50x fragmental ticket
[27/05/2022 22:51:36] Player: Support | Reward: 1x stamina refil
[27/05/2022 22:52:30] Player: Support | Reward: 100x ultimate mana potion
[27/05/2022 22:53:00] Player: Support | Reward: 1x pharaot boots
[27/05/2022 22:53:30] Player: Support | Reward: 1x soulskull backpack
[27/05/2022 22:54:29] Player: Support | Reward: 5x diamond coin
[27/05/2022 22:55:00] Player: Support | Reward: 5x diamond coin
[27/05/2022 22:56:22] Player: Support | Reward: 50x fragmental ticket
[27/05/2022 22:56:37] Player: Support | Reward: 100x crystal coin
[27/05/2022 22:57:31] Player: Support | Reward: 100x ultimate mana potion
[27/05/2022 22:57:44] Player: Support | Reward: 100x supreme health potion
[27/05/2022 22:58:39] Player: Support | Reward: 100x supreme health potion
[28/05/2022 16:22:10] Player: Toq Prajudar | Reward: 1x stamina refil
[29/05/2022 15:30:38] Player: Gordiinho Analista | Reward: 100x crystal coin
[29/05/2022 15:30:58] Player: Gordiinho Analista | Reward: 5x diamond coin
[29/05/2022 15:31:35] Player: Gordiinho Analista | Reward: 100x ultimate mana potion
[29/05/2022 15:31:48] Player: Gordiinho Analista | Reward: 1x soulpotter backpack
[29/05/2022 15:32:23] Player: Gordiinho Analista | Reward: 100x ultimate mana potion
[29/05/2022 15:32:35] Player: Gordiinho Analista | Reward: 5x diamond coin
[29/05/2022 15:32:46] Player: Gordiinho Analista | Reward: 10x eldritch token
[29/05/2022 15:35:20] Player: Gordiinho Analista | Reward: 10x eldritch token
[29/05/2022 15:35:32] Player: Gordiinho Analista | Reward: 50x fragmental ticket
[29/05/2022 15:36:26] Player: Gordiinho Analista | Reward: 100x supreme health potion
[29/05/2022 15:36:39] Player: Gordiinho Analista | Reward: 100x ultimate mana potion
[29/05/2022 15:36:54] Player: Gordiinho Analista | Reward: 5x diamond coin
[29/05/2022 15:37:28] Player: Gordiinho Analista | Reward: 5x diamond coin
[29/05/2022 15:37:39] Player: Gordiinho Analista | Reward: 50x fragmental ticket
[29/05/2022 15:38:26] Player: Gordiinho Analista | Reward: 100x ultimate mana potion
[29/05/2022 15:38:38] Player: Gordiinho Analista | Reward: 100x supreme health potion
[29/05/2022 15:38:50] Player: Gordiinho Analista | Reward: 10x eldritch token
[29/05/2022 22:47:08] Player: Baiano | Reward: 100x ultimate spirit potion
[29/05/2022 22:47:55] Player: Baiano | Reward: 100x supreme health potion
[29/05/2022 22:48:06] Player: Baiano | Reward: 5x diamond coin
[29/05/2022 22:48:56] Player: Baiano | Reward: 1x pharaot boots
[29/05/2022 22:49:07] Player: Baiano | Reward: 5x diamond coin
[29/05/2022 22:49:18] Player: Baiano | Reward: 1x pharaot boots
[29/05/2022 22:49:29] Player: Baiano | Reward: 100x ultimate spirit potion
[29/05/2022 22:50:28] Player: Baiano | Reward: 10x eldritch token
[30/05/2022 07:47:20] Player: Gordiinho Analista | Reward: 1x soulskull backpack
[30/05/2022 07:47:33] Player: Gordiinho Analista | Reward: 100x ultimate mana potion
[30/05/2022 07:47:52] Player: Gordiinho Analista | Reward: 100x ultimate mana potion
[30/05/2022 07:48:04] Player: Gordiinho Analista | Reward: 1x soulpotter backpack
[30/05/2022 07:48:16] Player: Gordiinho Analista | Reward: 5x diamond coin
[30/05/2022 07:48:27] Player: Gordiinho Analista | Reward: 100x supreme health potion
[30/05/2022 07:48:37] Player: Gordiinho Analista | Reward: 10x eldritch token
[30/05/2022 07:48:48] Player: Gordiinho Analista | Reward: 50x fragmental ticket
[30/05/2022 07:49:00] Player: Gordiinho Analista | Reward: 100x ultimate spirit potion
[30/05/2022 07:49:15] Player: Gordiinho Analista | Reward: 100x ultimate mana potion
[31/05/2022 19:57:20] Player: John Starbucksz | Reward: 100x supreme health potion
[31/05/2022 20:00:53] Player: John Starbucksz | Reward: 1x soulskull backpack
[31/05/2022 20:01:42] Player: John Starbucksz | Reward: 1x addon doll
[31/05/2022 20:03:01] Player: John Starbucksz | Reward: 100x crystal coin
[31/05/2022 20:03:12] Player: John Starbucksz | Reward: 100x supreme health potion
[31/05/2022 20:03:35] Player: John Starbucksz | Reward: 1x stamina refil
[31/05/2022 20:04:22] Player: John Starbucksz | Reward: 100x ultimate spirit potion
[31/05/2022 20:04:37] Player: John Starbucksz | Reward: 1x soulpotter backpack
[31/05/2022 20:05:37] Player: John Starbucksz | Reward: 100x ultimate mana potion
[31/05/2022 20:05:56] Player: John Starbucksz | Reward: 100x ultimate mana potion
[31/05/2022 20:06:33] Player: John Starbucksz | Reward: 10x eldritch token
[31/05/2022 20:07:16] Player: John Starbucksz | Reward: 10x eldritch token
[31/05/2022 20:08:05] Player: John Starbucksz | Reward: 1x pharaot boots
[31/05/2022 20:08:18] Player: John Starbucksz | Reward: 1x soulpotter backpack
[31/05/2022 20:08:29] Player: John Starbucksz | Reward: 100x ultimate spirit potion
[31/05/2022 20:09:27] Player: John Starbucksz | Reward: 1x pharaot boots
[31/05/2022 20:09:40] Player: John Starbucksz | Reward: 1x soulskull backpack
[31/05/2022 20:10:35] Player: John Starbucksz | Reward: 100x ultimate spirit potion
[31/05/2022 20:11:37] Player: John Starbucksz | Reward: 100x ultimate spirit potion
[31/05/2022 20:12:10] Player: John Starbucksz | Reward: 100x ultimate spirit potion
[31/05/2022 20:13:24] Player: John Starbucksz | Reward: 100x ultimate mana potion
[31/05/2022 20:13:37] Player: John Starbucksz | Reward: 5x diamond coin
[31/05/2022 20:14:52] Player: John Starbucksz | Reward: 100x ultimate mana potion
[31/05/2022 20:15:05] Player: John Starbucksz | Reward: 50x fragmental ticket
[31/05/2022 20:16:33] Player: John Starbucksz | Reward: 100x ultimate spirit potion
[31/05/2022 20:16:52] Player: John Starbucksz | Reward: 100x supreme health potion
[31/05/2022 20:19:22] Player: John Starbucksz | Reward: 10x eldritch token
[31/05/2022 20:19:35] Player: John Starbucksz | Reward: 1x soulskull backpack
[31/05/2022 20:20:33] Player: John Starbucksz | Reward: 5x diamond coin
[31/05/2022 20:21:09] Player: John Starbucksz | Reward: 50x fragmental ticket
[31/05/2022 20:21:22] Player: John Starbucksz | Reward: 100x ultimate spirit potion
[31/05/2022 20:21:36] Player: John Starbucksz | Reward: 1x soulpotter backpack
[31/05/2022 20:22:39] Player: John Starbucksz | Reward: 100x crystal coin
[31/05/2022 20:23:21] Player: John Starbucksz | Reward: 100x supreme health potion
[31/05/2022 20:23:32] Player: John Starbucksz | Reward: 100x supreme health potion
[31/05/2022 20:23:47] Player: John Starbucksz | Reward: 1x soulskull backpack
[31/05/2022 20:24:29] Player: John Starbucksz | Reward: 100x crystal coin
[31/05/2022 20:24:55] Player: John Starbucksz | Reward: 1x soulskull backpack
[31/05/2022 20:27:24] Player: John Starbucksz | Reward: 10x eldritch token
[31/05/2022 20:27:35] Player: John Starbucksz | Reward: 1x soulpotter backpack
[31/05/2022 20:28:23] Player: John Starbucksz | Reward: 1x soulpotter backpack
[31/05/2022 20:28:34] Player: John Starbucksz | Reward: 100x ultimate mana potion
[31/05/2022 20:29:25] Player: John Starbucksz | Reward: 1x stamina refil
[31/05/2022 20:29:37] Player: John Starbucksz | Reward: 1x soulpotter backpack
[31/05/2022 20:55:17] Player: John Starbucksz | Reward: 1x stamina refil
[31/05/2022 20:55:28] Player: John Starbucksz | Reward: 100x ultimate spirit potion
[31/05/2022 20:55:41] Player: John Starbucksz | Reward: 1x stamina refil
[31/05/2022 20:57:24] Player: John Starbucksz | Reward: 1x pharaot boots
[31/05/2022 20:57:35] Player: John Starbucksz | Reward: 1x soulskull backpack
[31/05/2022 20:57:46] Player: John Starbucksz | Reward: 100x supreme health potion
[31/05/2022 20:58:18] Player: John Starbucksz | Reward: 100x ultimate mana potion
[31/05/2022 20:59:27] Player: John Starbucksz | Reward: 10x eldritch token
[31/05/2022 20:59:38] Player: John Starbucksz | Reward: 100x supreme health potion
[31/05/2022 20:59:55] Player: John Starbucksz | Reward: 100x ultimate spirit potion
[31/05/2022 21:00:08] Player: John Starbucksz | Reward: 50x fragmental ticket
[31/05/2022 21:01:01] Player: John Starbucksz | Reward: 1x addon doll
[31/05/2022 21:02:38] Player: John Starbucksz | Reward: 50x fragmental ticket
[31/05/2022 21:02:51] Player: John Starbucksz | Reward: 100x crystal coin
[31/05/2022 21:03:27] Player: John Starbucksz | Reward: 10x eldritch token
[31/05/2022 21:04:46] Player: John Starbucksz | Reward: 50x fragmental ticket
[31/05/2022 21:04:57] Player: John Starbucksz | Reward: 100x ultimate mana potion
[31/05/2022 21:05:49] Player: John Starbucksz | Reward: 100x supreme health potion
[31/05/2022 21:06:00] Player: John Starbucksz | Reward: 5x diamond coin
[31/05/2022 21:07:05] Player: John Starbucksz | Reward: 100x ultimate spirit potion
[31/05/2022 21:07:52] Player: John Starbucksz | Reward: 100x supreme health potion
[31/05/2022 21:08:05] Player: John Starbucksz | Reward: 5x diamond coin
[31/05/2022 21:08:56] Player: John Starbucksz | Reward: 100x ultimate spirit potion
[31/05/2022 21:09:07] Player: John Starbucksz | Reward: 100x crystal coin
[31/05/2022 21:42:48] Player: John Starbucksz | Reward: 100x ultimate mana potion
[31/05/2022 21:43:01] Player: John Starbucksz | Reward: 100x ultimate spirit potion
[31/05/2022 21:43:29] Player: John Starbucksz | Reward: 1x pharaot boots
[31/05/2022 21:43:40] Player: John Starbucksz | Reward: 5x diamond coin
[31/05/2022 21:45:29] Player: John Starbucksz | Reward: 1x pharaot boots
[31/05/2022 21:45:41] Player: John Starbucksz | Reward: 100x ultimate spirit potion
[31/05/2022 21:45:54] Player: John Starbucksz | Reward: 100x ultimate mana potion
[31/05/2022 21:46:40] Player: John Starbucksz | Reward: 100x ultimate mana potion
[31/05/2022 21:47:44] Player: John Starbucksz | Reward: 1x stamina refil
[31/05/2022 21:47:56] Player: John Starbucksz | Reward: 1x soulskull backpack
[31/05/2022 21:48:07] Player: John Starbucksz | Reward: 1x ferumbras' hat
[31/05/2022 22:37:04] Player: Urdd | Reward: 10x eldritch token
[31/05/2022 22:38:02] Player: Urdd | Reward: 100x supreme health potion
[31/05/2022 22:38:18] Player: Urdd | Reward: 10x eldritch token
[31/05/2022 22:38:41] Player: Urdd | Reward: 100x ultimate mana potion
[31/05/2022 22:39:07] Player: Urdd | Reward: 1x pharaot boots
[31/05/2022 22:39:25] Player: Urdd | Reward: 100x ultimate spirit potion
[31/05/2022 22:39:41] Player: Urdd | Reward: 10x eldritch token
[31/05/2022 22:39:55] Player: Urdd | Reward: 1x pharaot boots
[31/05/2022 22:40:25] Player: Urdd | Reward: 100x supreme health potion
[31/05/2022 22:40:50] Player: Urdd | Reward: 100x supreme health potion
[31/05/2022 22:41:02] Player: Urdd | Reward: 1x pharaot boots
[31/05/2022 22:41:19] Player: Urdd | Reward: 1x addon doll
[31/05/2022 22:42:05] Player: Urdd | Reward: 100x crystal coin
[31/05/2022 22:42:56] Player: Urdd | Reward: 100x supreme health potion
[31/05/2022 22:43:10] Player: Urdd | Reward: 100x crystal coin
[31/05/2022 22:43:24] Player: Urdd | Reward: 100x crystal coin
[31/05/2022 22:43:36] Player: Urdd | Reward: 1x pharaot boots
[31/05/2022 22:43:47] Player: Urdd | Reward: 1x pharaot boots
[31/05/2022 22:44:36] Player: Urdd | Reward: 100x crystal coin
[31/05/2022 22:44:47] Player: Urdd | Reward: 5x diamond coin
[31/05/2022 22:46:04] Player: Urdd | Reward: 100x ultimate mana potion
[31/05/2022 22:46:17] Player: Urdd | Reward: 50x fragmental ticket
[31/05/2022 22:46:30] Player: Urdd | Reward: 100x supreme health potion
[31/05/2022 22:46:42] Player: Urdd | Reward: 100x ultimate mana potion
[31/05/2022 22:46:53] Player: Urdd | Reward: 100x ultimate mana potion
[31/05/2022 23:31:23] Player: Pedroza Skillking | Reward: 50x fragmental ticket
[31/05/2022 23:32:39] Player: Pedroza Skillking | Reward: 100x ultimate mana potion
[31/05/2022 23:47:46] Player: John Starbucksz | Reward: 5x diamond coin
[31/05/2022 23:48:42] Player: John Starbucksz | Reward: 1x soulpotter backpack
[31/05/2022 23:50:12] Player: John Starbucksz | Reward: 50x fragmental ticket
[31/05/2022 23:50:48] Player: John Starbucksz | Reward: 100x supreme health potion
[01/06/2022 00:06:19] Player: Sir Zughy | Reward: 5x diamond coin
[01/06/2022 00:06:33] Player: Sir Zughy | Reward: 100x crystal coin
[01/06/2022 00:06:48] Player: Sir Zughy | Reward: 100x ultimate mana potion
[01/06/2022 00:07:53] Player: Sir Zughy | Reward: 100x ultimate spirit potion
[01/06/2022 00:08:18] Player: Hoo Win | Reward: 1x pharaot boots
[01/06/2022 00:08:47] Player: Sir Zughy | Reward: 100x ultimate mana potion
[01/06/2022 00:08:58] Player: Sir Zughy | Reward: 50x fragmental ticket
[01/06/2022 00:09:51] Player: Sir Zughy | Reward: 5x diamond coin
[01/06/2022 00:10:03] Player: Sir Zughy | Reward: 1x soulpotter backpack
[01/06/2022 00:10:22] Player: Hoo Win | Reward: 100x ultimate mana potion
[01/06/2022 00:11:16] Player: Sir Zughy | Reward: 10x eldritch token
[01/06/2022 00:11:47] Player: Sir Zughy | Reward: 100x supreme health potion
[01/06/2022 00:12:17] Player: Sir Zughy | Reward: 1x pharaot boots
[01/06/2022 00:12:50] Player: Sir Zughy | Reward: 100x ultimate spirit potion
[01/06/2022 00:13:16] Player: Sir Zughy | Reward: 50x fragmental ticket
[01/06/2022 00:13:53] Player: Sir Zughy | Reward: 100x ultimate spirit potion
[01/06/2022 00:19:32] Player: Sir Zughy | Reward: 100x supreme health potion
[01/06/2022 00:19:47] Player: Sir Zughy | Reward: 10x eldritch token
[01/06/2022 00:20:02] Player: Sir Zughy | Reward: 50x fragmental ticket
[01/06/2022 00:20:13] Player: Sir Zughy | Reward: 1x soulpotter backpack
[01/06/2022 00:20:28] Player: Sir Zughy | Reward: 100x crystal coin
[01/06/2022 00:20:39] Player: Sir Zughy | Reward: 100x crystal coin
[01/06/2022 00:20:49] Player: Sir Zughy | Reward: 100x ultimate spirit potion
[01/06/2022 00:21:24] Player: Sir Zughy | Reward: 100x crystal coin
[01/06/2022 00:21:54] Player: Sir Zughy | Reward: 100x ultimate mana potion
[01/06/2022 00:22:05] Player: Sir Zughy | Reward: 1x pharaot boots
[01/06/2022 00:22:18] Player: Sir Zughy | Reward: 1x pharaot boots
[01/06/2022 00:22:29] Player: Sir Zughy | Reward: 100x crystal coin
[01/06/2022 00:43:03] Player: Loki De Asgard | Reward: 100x ultimate mana potion
[01/06/2022 00:43:54] Player: Loki De Asgard | Reward: 100x supreme health potion
[01/06/2022 00:45:16] Player: Loki De Asgard | Reward: 100x ultimate spirit potion
[01/06/2022 00:46:08] Player: Loki De Asgard | Reward: 1x stamina refil
[01/06/2022 00:48:53] Player: Loki De Asgard | Reward: 100x crystal coin
[01/06/2022 00:49:24] Player: Loki De Asgard | Reward: 1x stamina refil
[01/06/2022 01:02:56] Player: Loki De Asgard | Reward: 5x diamond coin
[01/06/2022 01:03:26] Player: Loki De Asgard | Reward: 100x supreme health potion
[01/06/2022 01:03:55] Player: Loki De Asgard | Reward: 50x fragmental ticket
[01/06/2022 01:04:26] Player: Loki De Asgard | Reward: 100x ultimate mana potion
[01/06/2022 03:11:51] Player: Loki De Asgard | Reward: 5x diamond coin
[01/06/2022 11:55:22] Player: Powpay | Reward: 1x soulskull backpack
[01/06/2022 12:12:59] Player: Dedex Pvpzin | Reward: 5x diamond coin
[01/06/2022 19:54:03] Player: Jon Jon | Reward: 100x supreme health potion
[01/06/2022 19:55:06] Player: Jon Jon | Reward: 100x ultimate spirit potion
[01/06/2022 19:56:08] Player: Loki De Asgard | Reward: 100x ultimate mana potion
[01/06/2022 19:57:03] Player: Jon Jon | Reward: 100x ultimate mana potion
[01/06/2022 19:57:34] Player: Jon Jon | Reward: 1x stamina refil
[01/06/2022 19:58:04] Player: Jon Jon | Reward: 1x pharaot boots
[01/06/2022 19:59:03] Player: Jon Jon | Reward: 5x diamond coin
[01/06/2022 20:00:04] Player: Jon Jon | Reward: 100x ultimate spirit potion
[01/06/2022 20:01:03] Player: Jon Jon | Reward: 100x supreme health potion
[01/06/2022 20:01:34] Player: Jon Jon | Reward: 1x pharaot boots
[01/06/2022 20:02:05] Player: Jon Jon | Reward: 100x supreme health potion
[01/06/2022 20:02:34] Player: Jon Jon | Reward: 1x addon doll
[02/06/2022 01:38:11] Player: Jon Jon | Reward: 1x soulskull backpack
[02/06/2022 01:39:23] Player: Jon Jon | Reward: 50x fragmental ticket
[02/06/2022 01:40:49] Player: Jon Jon | Reward: 100x supreme health potion
[02/06/2022 01:51:18] Player: Jon Jon | Reward: 100x ultimate mana potion
[02/06/2022 01:56:58] Player: Jon Jon | Reward: 50x fragmental ticket
[02/06/2022 01:57:09] Player: Jon Jon | Reward: 1x soulskull backpack
[02/06/2022 01:58:16] Player: Victinhox | Reward: 1x addon doll
[02/06/2022 01:58:43] Player: Jon Jon | Reward: 1x pharaot boots
[02/06/2022 01:59:13] Player: Jon Jon | Reward: 100x ultimate spirit potion
[02/06/2022 02:00:14] Player: Victinhox | Reward: 10x eldritch token
[02/06/2022 02:00:28] Player: Jon Jon | Reward: 100x ultimate mana potion
[02/06/2022 02:00:56] Player: Firewall Time | Reward: 5x diamond coin
[02/06/2022 02:01:14] Player: Jon Jon | Reward: 100x supreme health potion
[02/06/2022 02:01:45] Player: Jon Jon | Reward: 1x soulskull backpack
[02/06/2022 02:02:15] Player: Jon Jon | Reward: 100x crystal coin
[02/06/2022 02:02:35] Player: Firewall Time | Reward: 100x crystal coin
[02/06/2022 02:03:14] Player: Firewall Time | Reward: 100x crystal coin
[02/06/2022 02:03:48] Player: Firewall Time | Reward: 100x supreme health potion
[02/06/2022 02:04:02] Player: Jon Jon | Reward: 100x supreme health potion
[02/06/2022 02:04:14] Player: Jon Jon | Reward: 10x eldritch token
[02/06/2022 02:04:54] Player: Jon Jon | Reward: 10x eldritch token
[02/06/2022 02:05:15] Player: Jon Jon | Reward: 50x fragmental ticket
[02/06/2022 02:05:28] Player: Jon Jon | Reward: 1x stamina refil
[02/06/2022 02:06:15] Player: Jon Jon | Reward: 1x stamina refil
[02/06/2022 02:07:14] Player: Jon Jon | Reward: 1x stamina refil
[02/06/2022 02:07:45] Player: Jon Jon | Reward: 100x ultimate mana potion
[02/06/2022 02:08:14] Player: Jon Jon | Reward: 1x soulskull backpack
[02/06/2022 02:10:13] Player: Jon Jon | Reward: 100x crystal coin
[02/06/2022 02:10:47] Player: Jon Jon | Reward: 10x eldritch token
[02/06/2022 02:11:45] Player: Jon Jon | Reward: 100x crystal coin
[02/06/2022 02:11:55] Player: Jon Jon | Reward: 1x soulpotter backpack
[02/06/2022 02:14:15] Player: Jon Jon | Reward: 1x pharaot boots
[02/06/2022 02:18:47] Player: Jon Jon | Reward: 100x crystal coin
[02/06/2022 02:19:16] Player: Jon Jon | Reward: 1x pharaot boots
[02/06/2022 02:25:16] Player: Jon Jon | Reward: 1x stamina refil
[02/06/2022 02:39:23] Player: Hoo Win | Reward: 10x eldritch token
[02/06/2022 02:39:39] Player: Jon Jon | Reward: 5x diamond coin
[02/06/2022 02:40:19] Player: Jon Jon | Reward: 100x crystal coin
[02/06/2022 02:40:47] Player: Jon Jon | Reward: 100x supreme health potion
[02/06/2022 02:41:17] Player: Jon Jon | Reward: 1x stamina refil
[02/06/2022 02:41:46] Player: Jon Jon | Reward: 100x supreme health potion
[02/06/2022 02:42:17] Player: Jon Jon | Reward: 1x soulskull backpack
[02/06/2022 02:42:33] Player: Pitty Lacraia | Reward: 10x eldritch token
[02/06/2022 02:42:43] Player: Pitty Lacraia | Reward: 100x ultimate spirit potion
[02/06/2022 02:42:53] Player: Pitty Lacraia | Reward: 100x crystal coin
[02/06/2022 02:43:04] Player: Pitty Lacraia | Reward: 100x supreme health potion
[02/06/2022 02:43:15] Player: Pitty Lacraia | Reward: 1x stamina refil
[02/06/2022 02:43:27] Player: Pitty Lacraia | Reward: 50x fragmental ticket
[02/06/2022 02:43:38] Player: Pitty Lacraia | Reward: 50x fragmental ticket
[02/06/2022 02:43:49] Player: Pitty Lacraia | Reward: 5x diamond coin
[02/06/2022 02:44:00] Player: Pitty Lacraia | Reward: 100x supreme health potion
[02/06/2022 02:44:10] Player: Pitty Lacraia | Reward: 1x pharaot boots
[02/06/2022 02:44:21] Player: Pitty Lacraia | Reward: 100x supreme health potion
[02/06/2022 02:44:31] Player: Pitty Lacraia | Reward: 1x soulpotter backpack
[02/06/2022 02:44:42] Player: Pitty Lacraia | Reward: 100x crystal coin
[02/06/2022 02:44:52] Player: Pitty Lacraia | Reward: 5x diamond coin
[02/06/2022 02:45:03] Player: Pitty Lacraia | Reward: 50x fragmental ticket
[02/06/2022 02:45:15] Player: Pitty Lacraia | Reward: 1x soulpotter backpack
[02/06/2022 02:45:26] Player: Pitty Lacraia | Reward: 100x supreme health potion
[02/06/2022 02:45:37] Player: Pitty Lacraia | Reward: 1x soulskull backpack
[02/06/2022 02:45:49] Player: Pitty Lacraia | Reward: 10x eldritch token
[02/06/2022 02:45:59] Player: Pitty Lacraia | Reward: 5x diamond coin
[02/06/2022 02:46:10] Player: Pitty Lacraia | Reward: 100x supreme health potion
[02/06/2022 02:46:47] Player: Pitty Lacraia | Reward: 1x soulpotter backpack
[02/06/2022 02:47:47] Player: Hoo Win | Reward: 100x supreme health potion
[02/06/2022 02:50:59] Player: Hoo Win | Reward: 1x addon doll
[02/06/2022 02:56:06] Player: Pitty Lacraia | Reward: 1x pharaot boots
[02/06/2022 02:56:17] Player: Pitty Lacraia | Reward: 50x fragmental ticket
[02/06/2022 02:56:28] Player: Pitty Lacraia | Reward: 100x supreme health potion
[02/06/2022 02:56:39] Player: Pitty Lacraia | Reward: 100x supreme health potion
[02/06/2022 02:56:50] Player: Pitty Lacraia | Reward: 1x stamina refil
[02/06/2022 02:57:01] Player: Pitty Lacraia | Reward: 100x ultimate spirit potion
[02/06/2022 02:57:11] Player: Pitty Lacraia | Reward: 100x ultimate mana potion
[02/06/2022 02:57:21] Player: Pitty Lacraia | Reward: 1x stamina refil
[02/06/2022 02:57:32] Player: Pitty Lacraia | Reward: 100x crystal coin
[02/06/2022 02:57:43] Player: Pitty Lacraia | Reward: 1x stamina refil
[02/06/2022 02:58:18] Player: Pitty Lacraia | Reward: 1x stamina refil
[02/06/2022 02:58:29] Player: Pitty Lacraia | Reward: 5x diamond coin
[02/06/2022 02:58:39] Player: Pitty Lacraia | Reward: 100x supreme health potion
[02/06/2022 02:58:50] Player: Pitty Lacraia | Reward: 1x pharaot boots
[02/06/2022 02:59:00] Player: Pitty Lacraia | Reward: 100x ultimate spirit potion
[02/06/2022 02:59:19] Player: Hoo Win | Reward: 100x supreme health potion
[02/06/2022 02:59:48] Player: Pitty Lacraia | Reward: 100x ultimate mana potion
[02/06/2022 03:00:04] Player: Hoo Win | Reward: 100x crystal coin
[02/06/2022 03:00:17] Player: Hoo Win | Reward: 5x diamond coin
[02/06/2022 03:00:29] Player: Pitty Lacraia | Reward: 100x ultimate mana potion
[02/06/2022 03:00:52] Player: Pitty Lacraia | Reward: 1x stamina refil
[02/06/2022 03:01:19] Player: Hoo Win | Reward: 1x soulpotter backpack
[02/06/2022 03:01:30] Player: Hoo Win | Reward: 100x crystal coin
[02/06/2022 03:01:43] Player: Pitty Lacraia | Reward: 100x crystal coin
[02/06/2022 03:01:53] Player: Pitty Lacraia | Reward: 100x ultimate spirit potion
[02/06/2022 03:02:24] Player: Hoo Win | Reward: 5x diamond coin
[02/06/2022 03:02:34] Player: Hoo Win | Reward: 100x crystal coin
[02/06/2022 03:02:49] Player: Pitty Lacraia | Reward: 10x eldritch token
[02/06/2022 03:03:07] Player: Pitty Lacraia | Reward: 100x crystal coin
[02/06/2022 03:03:18] Player: Pitty Lacraia | Reward: 50x fragmental ticket
[02/06/2022 03:03:33] Player: Pitty Lacraia | Reward: 100x ultimate mana potion
[02/06/2022 03:03:44] Player: Pitty Lacraia | Reward: 1x soulskull backpack
[02/06/2022 03:04:08] Player: Hoo Win | Reward: 100x crystal coin
[02/06/2022 03:09:45] Player: Sir Zughy | Reward: 50x fragmental ticket
[02/06/2022 09:42:58] Player: Jon Jon | Reward: 5x diamond coin
[02/06/2022 09:44:26] Player: Jon Jon | Reward: 1x soulskull backpack
[02/06/2022 09:44:37] Player: Jon Jon | Reward: 1x soulskull backpack
[02/06/2022 09:46:25] Player: Jon Jon | Reward: 1x soulpotter backpack
[02/06/2022 09:52:27] Player: Jon Jon | Reward: 1x soulskull backpack
[02/06/2022 09:53:27] Player: Jon Jon | Reward: 100x ultimate mana potion
[02/06/2022 09:54:27] Player: Jon Jon | Reward: 100x ultimate spirit potion
[02/06/2022 09:55:27] Player: Jon Jon | Reward: 100x ultimate mana potion
[02/06/2022 09:56:27] Player: Jon Jon | Reward: 1x soulskull backpack
[02/06/2022 12:21:43] Player: Jon Jon | Reward: 100x supreme health potion
[02/06/2022 12:22:56] Player: Jon Jon | Reward: 1x pharaot boots
[02/06/2022 12:23:12] Player: Jon Jon | Reward: 50x fragmental ticket
[02/06/2022 12:24:15] Player: Jon Jon | Reward: 100x ultimate spirit potion
[02/06/2022 12:25:12] Player: Jon Jon | Reward: 100x crystal coin
[02/06/2022 12:26:20] Player: Jon Jon | Reward: 1x soulpotter backpack
[02/06/2022 12:27:21] Player: Jon Jon | Reward: 100x crystal coin
[02/06/2022 12:28:14] Player: Jon Jon | Reward: 1x stamina refil
[02/06/2022 12:29:18] Player: Jon Jon | Reward: 5x diamond coin
[02/06/2022 12:30:13] Player: Jon Jon | Reward: 5x diamond coin
[02/06/2022 12:31:20] Player: Jon Jon | Reward: 100x crystal coin
[02/06/2022 12:32:13] Player: Jon Jon | Reward: 10x eldritch token
[02/06/2022 12:33:21] Player: Jon Jon | Reward: 1x stamina refil
[02/06/2022 12:33:43] Player: Jon Jon | Reward: 50x fragmental ticket
[02/06/2022 12:33:55] Player: Jon Jon | Reward: 5x diamond coin
[02/06/2022 12:34:56] Player: Jon Jon | Reward: 1x soulpotter backpack
[02/06/2022 12:35:13] Player: Jon Jon | Reward: 1x stamina refil
[02/06/2022 12:36:23] Player: Jon Jon | Reward: 10x eldritch token
[02/06/2022 12:36:43] Player: Jon Jon | Reward: 5x diamond coin
[02/06/2022 12:37:49] Player: Jon Jon | Reward: 5x diamond coin
[02/06/2022 12:38:00] Player: Jon Jon | Reward: 10x eldritch token
[02/06/2022 12:40:54] Player: Jon Jon | Reward: 10x eldritch token
[02/06/2022 12:41:18] Player: Jon Jon | Reward: 100x ultimate mana potion
[02/06/2022 12:42:35] Player: Jon Jon | Reward: 100x ultimate mana potion
[02/06/2022 12:43:51] Player: Jon Jon | Reward: 1x soulskull backpack
[02/06/2022 12:44:46] Player: Jon Jon | Reward: 50x fragmental ticket
[02/06/2022 12:45:47] Player: Jon Jon | Reward: 10x eldritch token
[02/06/2022 12:46:55] Player: Jon Jon | Reward: 1x stamina refil
[02/06/2022 12:47:47] Player: Jon Jon | Reward: 100x supreme health potion
[02/06/2022 12:50:37] Player: Jon Jon | Reward: 5x diamond coin
[02/06/2022 12:50:47] Player: Jon Jon | Reward: 100x ultimate spirit potion
[02/06/2022 12:53:19] Player: Jon Jon | Reward: 5x diamond coin
[02/06/2022 12:54:17] Player: Jon Jon | Reward: 1x soulskull backpack
[02/06/2022 12:55:37] Player: Jon Jon | Reward: 100x supreme health potion
[02/06/2022 12:55:47] Player: Jon Jon | Reward: 50x fragmental ticket
[02/06/2022 12:56:03] Player: Jon Jon | Reward: 100x crystal coin
[02/06/2022 12:57:25] Player: Jon Jon | Reward: 50x fragmental ticket
[02/06/2022 12:58:15] Player: Jon Jon | Reward: 1x pharaot boots
[02/06/2022 12:58:37] Player: Jon Jon | Reward: 100x ultimate spirit potion
[02/06/2022 12:59:47] Player: Jon Jon | Reward: 1x soulpotter backpack
[02/06/2022 13:01:04] Player: Jon Jon | Reward: 100x ultimate spirit potion
[02/06/2022 13:02:19] Player: Jon Jon | Reward: 100x ultimate mana potion
[02/06/2022 14:12:02] Player: Luxyfera | Reward: 100x ultimate spirit potion
[02/06/2022 14:14:47] Player: Luxyfera | Reward: 100x ultimate mana potion
[02/06/2022 18:57:58] Player: Jon Jon | Reward: 5x diamond coin
[02/06/2022 18:58:57] Player: Jon Jon | Reward: 1x pharaot boots
[02/06/2022 18:59:56] Player: Jon Jon | Reward: 10x eldritch token
[02/06/2022 19:00:34] Player: Jon Jon | Reward: 1x pharaot boots
[02/06/2022 19:00:56] Player: Jon Jon | Reward: 1x soulskull backpack
[02/06/2022 21:01:31] Player: Jon Jon | Reward: 100x ultimate mana potion
[03/06/2022 03:25:02] Player: Loord Toom | Reward: 5x diamond coin
[03/06/2022 03:27:15] Player: Rafa Loko | Reward: 50x fragmental ticket
[03/06/2022 11:49:34] Player: Xuxa La Nuit | Reward: 100x ultimate mana potion
[03/06/2022 13:26:55] Player: Peulindoultimavez | Reward: 1x soulskull backpack
[03/06/2022 18:01:01] Player: Heltao El Patron | Reward: 100x ultimate spirit potion
[03/06/2022 18:02:03] Player: Heltao El Patron | Reward: 50x fragmental ticket
[03/06/2022 18:03:25] Player: Heltao El Patron | Reward: 10x eldritch token
[03/06/2022 19:33:39] Player: Jon Jon | Reward: 1x pharaot boots
[03/06/2022 19:34:10] Player: Jon Jon | Reward: 100x supreme health potion
[03/06/2022 19:34:47] Player: Jon Jon | Reward: 1x stamina refil
[03/06/2022 19:34:58] Player: Jon Jon | Reward: 100x supreme health potion
[03/06/2022 19:35:10] Player: Jon Jon | Reward: 100x supreme health potion
[03/06/2022 19:35:58] Player: Jon Jon | Reward: 100x ultimate spirit potion
[03/06/2022 19:36:16] Player: Jon Jon | Reward: 1x soulpotter backpack
[03/06/2022 19:36:40] Player: Jon Jon | Reward: 5x diamond coin
[03/06/2022 19:38:49] Player: Jon Jon | Reward: 100x supreme health potion
[03/06/2022 19:39:17] Player: Jon Jon | Reward: 100x crystal coin
[03/06/2022 19:39:40] Player: Jon Jon | Reward: 10x eldritch token
[03/06/2022 19:39:50] Player: Jon Jon | Reward: 100x crystal coin
[03/06/2022 19:40:49] Player: Jon Jon | Reward: 100x ultimate mana potion
[03/06/2022 19:41:32] Player: Jon Jon | Reward: 5x diamond coin
[03/06/2022 19:41:42] Player: Jon Jon | Reward: 50x fragmental ticket
[03/06/2022 19:41:53] Player: Jon Jon | Reward: 100x supreme health potion
[03/06/2022 19:42:44] Player: Jon Jon | Reward: 100x ultimate spirit potion
[03/06/2022 19:42:56] Player: Jon Jon | Reward: 100x ultimate spirit potion
[03/06/2022 19:43:08] Player: Jon Jon | Reward: 1x addon doll
[03/06/2022 19:43:19] Player: Jon Jon | Reward: 50x fragmental ticket
[03/06/2022 19:43:31] Player: Jon Jon | Reward: 100x ultimate mana potion
[03/06/2022 19:44:18] Player: Jon Jon | Reward: 100x supreme health potion
[03/06/2022 19:44:29] Player: Jon Jon | Reward: 100x ultimate spirit potion
[03/06/2022 19:44:43] Player: Jon Jon | Reward: 100x supreme health potion
[03/06/2022 19:45:27] Player: Jon Jon | Reward: 100x ultimate mana potion
[03/06/2022 19:45:43] Player: Jon Jon | Reward: 100x ultimate mana potion
[03/06/2022 19:45:53] Player: Jon Jon | Reward: 1x addon doll
[03/06/2022 19:46:43] Player: Jon Jon | Reward: 100x ultimate spirit potion
[03/06/2022 19:46:53] Player: Jon Jon | Reward: 1x pharaot boots
[03/06/2022 19:47:30] Player: Jon Jon | Reward: 100x ultimate mana potion
[03/06/2022 19:47:43] Player: Jon Jon | Reward: 5x diamond coin
[03/06/2022 19:47:54] Player: Jon Jon | Reward: 100x ultimate mana potion
[03/06/2022 19:48:39] Player: Jon Jon | Reward: 1x soulpotter backpack
[03/06/2022 23:30:09] Player: Hercules | Reward: 5x diamond coin
[03/06/2022 23:37:42] Player: Hercules | Reward: 100x ultimate mana potion
[03/06/2022 23:37:54] Player: Hercules | Reward: 1x soulskull backpack
[03/06/2022 23:38:05] Player: Hercules | Reward: 100x ultimate spirit potion
[03/06/2022 23:38:16] Player: Hercules | Reward: 1x soulskull backpack
[03/06/2022 23:38:27] Player: Hercules | Reward: 1x addon doll
[03/06/2022 23:38:38] Player: Hercules | Reward: 50x fragmental ticket
[03/06/2022 23:38:49] Player: Hercules | Reward: 50x fragmental ticket
[03/06/2022 23:39:07] Player: Hercules | Reward: 1x addon doll
[03/06/2022 23:39:24] Player: Hercules | Reward: 100x supreme health potion
[03/06/2022 23:39:37] Player: Hercules | Reward: 100x ultimate mana potion
[03/06/2022 23:39:48] Player: Hercules | Reward: 100x ultimate mana potion
[03/06/2022 23:40:02] Player: Hercules | Reward: 100x crystal coin
[03/06/2022 23:40:13] Player: Hercules | Reward: 100x ultimate mana potion
[03/06/2022 23:40:28] Player: Hercules | Reward: 50x fragmental ticket
[03/06/2022 23:40:39] Player: Hercules | Reward: 100x ultimate mana potion
[03/06/2022 23:40:54] Player: Hercules | Reward: 100x supreme health potion
[03/06/2022 23:41:08] Player: Hercules | Reward: 100x crystal coin
[03/06/2022 23:41:19] Player: Hercules | Reward: 100x ultimate mana potion
[03/06/2022 23:41:31] Player: Hercules | Reward: 1x pharaot boots
[03/06/2022 23:41:44] Player: Hercules | Reward: 100x supreme health potion
[03/06/2022 23:41:56] Player: Hercules | Reward: 5x diamond coin
[03/06/2022 23:42:11] Player: Hercules | Reward: 100x supreme health potion
[03/06/2022 23:42:23] Player: Hercules | Reward: 100x ultimate mana potion
[03/06/2022 23:42:35] Player: Hercules | Reward: 100x crystal coin
[03/06/2022 23:42:45] Player: Hercules | Reward: 5x diamond coin
[03/06/2022 23:42:58] Player: Hercules | Reward: 100x ultimate spirit potion
[03/06/2022 23:43:11] Player: Hercules | Reward: 5x diamond coin
[03/06/2022 23:43:22] Player: Hercules | Reward: 100x supreme health potion
[03/06/2022 23:43:35] Player: Hercules | Reward: 100x supreme health potion
[03/06/2022 23:43:49] Player: Hercules | Reward: 5x diamond coin
[03/06/2022 23:44:00] Player: Hercules | Reward: 1x addon doll
[03/06/2022 23:44:12] Player: Hercules | Reward: 50x fragmental ticket
[03/06/2022 23:44:30] Player: Hercules | Reward: 100x supreme health potion
[03/06/2022 23:44:42] Player: Hercules | Reward: 100x crystal coin
[03/06/2022 23:44:53] Player: Hercules | Reward: 5x diamond coin
[03/06/2022 23:45:07] Player: Hercules | Reward: 1x pharaot boots
[03/06/2022 23:45:18] Player: Hercules | Reward: 100x crystal coin
[03/06/2022 23:45:30] Player: Hercules | Reward: 100x supreme health potion
[03/06/2022 23:45:44] Player: Hercules | Reward: 100x supreme health potion
[03/06/2022 23:45:54] Player: Hercules | Reward: 50x fragmental ticket
[03/06/2022 23:46:04] Player: Hercules | Reward: 100x ultimate mana potion
[03/06/2022 23:46:26] Player: Hercules | Reward: 5x diamond coin
[03/06/2022 23:46:37] Player: Hercules | Reward: 100x supreme health potion
[03/06/2022 23:46:50] Player: Hercules | Reward: 1x pharaot boots
[03/06/2022 23:47:17] Player: Hercules | Reward: 100x supreme health potion
[03/06/2022 23:52:20] Player: Hercules | Reward: 100x ultimate mana potion
[03/06/2022 23:52:34] Player: Hercules | Reward: 1x addon doll
[03/06/2022 23:52:44] Player: Hercules | Reward: 1x soulskull backpack
[03/06/2022 23:52:55] Player: Hercules | Reward: 100x ultimate mana potion
[03/06/2022 23:53:12] Player: Hercules | Reward: 100x ultimate mana potion
[03/06/2022 23:53:24] Player: Hercules | Reward: 1x pharaot boots
[03/06/2022 23:53:35] Player: Hercules | Reward: 50x fragmental ticket
[03/06/2022 23:53:45] Player: Hercules | Reward: 1x pharaot boots
[03/06/2022 23:53:56] Player: Hercules | Reward: 100x crystal coin
[03/06/2022 23:54:06] Player: Hercules | Reward: 100x supreme health potion
[03/06/2022 23:57:28] Player: Hercules | Reward: 1x stamina refil
[03/06/2022 23:57:38] Player: Hercules | Reward: 100x supreme health potion
[03/06/2022 23:58:24] Player: Hercules | Reward: 100x crystal coin
[03/06/2022 23:58:35] Player: Hercules | Reward: 1x soulskull backpack
[04/06/2022 00:00:00] Player: Hercules | Reward: 5x diamond coin
[04/06/2022 00:00:11] Player: Hercules | Reward: 100x ultimate mana potion
[04/06/2022 00:01:03] Player: Hercules | Reward: 100x ultimate mana potion
[04/06/2022 00:01:14] Player: Hercules | Reward: 5x diamond coin
[04/06/2022 00:01:25] Player: Hercules | Reward: 1x soulskull backpack
[04/06/2022 00:01:40] Player: Hercules | Reward: 100x supreme health potion
[04/06/2022 00:02:01] Player: Hercules | Reward: 1x pharaot boots
[04/06/2022 00:02:14] Player: Hercules | Reward: 1x soulskull backpack
[04/06/2022 00:02:41] Player: Hercules | Reward: 5x diamond coin
[04/06/2022 00:02:53] Player: Hercules | Reward: 1x pharaot boots
[04/06/2022 00:03:05] Player: Hercules | Reward: 100x ultimate spirit potion
[04/06/2022 00:03:42] Player: Hercules | Reward: 100x ultimate mana potion
[04/06/2022 00:03:58] Player: Hercules | Reward: 100x crystal coin
[04/06/2022 00:04:19] Player: Hercules | Reward: 1x pharaot boots
[04/06/2022 00:04:30] Player: Hercules | Reward: 50x fragmental ticket
[04/06/2022 00:04:51] Player: Hercules | Reward: 5x diamond coin
[04/06/2022 00:05:02] Player: Hercules | Reward: 1x soulskull backpack
[04/06/2022 00:05:14] Player: Hercules | Reward: 1x pharaot boots
[04/06/2022 00:05:30] Player: Hercules | Reward: 100x ultimate mana potion
[04/06/2022 00:05:46] Player: Hercules | Reward: 1x soulskull backpack
[04/06/2022 00:06:00] Player: Hercules | Reward: 100x supreme health potion
[04/06/2022 00:06:13] Player: Hercules | Reward: 5x diamond coin
[04/06/2022 00:06:25] Player: Hercules | Reward: 50x fragmental ticket
[04/06/2022 00:06:36] Player: Hercules | Reward: 100x supreme health potion
[04/06/2022 00:06:47] Player: Hercules | Reward: 10x eldritch token
[04/06/2022 00:06:58] Player: Hercules | Reward: 100x ultimate mana potion
[04/06/2022 00:07:16] Player: Hercules | Reward: 5x diamond coin
[04/06/2022 00:12:25] Player: Hercules | Reward: 1x pharaot boots
[04/06/2022 01:30:45] Player: Firewall Time | Reward: 5x diamond coin
[04/06/2022 07:46:51] Player: Jp Returns | Reward: 1x pharaot boots
[04/06/2022 08:21:13] Player: Heltao El Patron | Reward: 5x diamond coin
[04/06/2022 08:22:14] Player: Heltao El Patron | Reward: 5x diamond coin
[04/06/2022 08:23:13] Player: Heltao El Patron | Reward: 5x diamond coin
[04/06/2022 08:23:26] Player: Heltao El Patron | Reward: 100x ultimate spirit potion
[04/06/2022 08:24:13] Player: Heltao El Patron | Reward: 10x eldritch token
[04/06/2022 08:28:05] Player: Heltao El Patron | Reward: 1x pharaot boots
[04/06/2022 08:28:40] Player: Heltao El Patron | Reward: 100x supreme health potion
[04/06/2022 08:29:43] Player: Heltao El Patron | Reward: 1x ferumbras' hat
[04/06/2022 08:32:16] Player: Heltao El Patron | Reward: 100x crystal coin
[04/06/2022 08:32:33] Player: Heltao El Patron | Reward: 100x ultimate spirit potion
[04/06/2022 08:33:33] Player: Heltao El Patron | Reward: 1x pharaot boots
[04/06/2022 08:47:37] Player: Heltao El Patron | Reward: 1x pharaot boots
[04/06/2022 08:47:50] Player: Heltao El Patron | Reward: 5x diamond coin
[04/06/2022 15:39:28] Player: Sujyro Khyfuja | Reward: 100x ultimate mana potion
[04/06/2022 17:26:10] Player: Loord Toom | Reward: 100x ultimate mana potion
[04/06/2022 17:26:22] Player: Loord Toom | Reward: 1x pharaot boots
[04/06/2022 17:27:07] Player: Loord Toom | Reward: 100x ultimate mana potion
[04/06/2022 17:27:37] Player: Loord Toom | Reward: 100x ultimate mana potion
[04/06/2022 17:28:24] Player: Loord Toom | Reward: 100x ultimate spirit potion
[04/06/2022 17:28:36] Player: Loord Toom | Reward: 1x pharaot boots
[04/06/2022 23:47:22] Player: John Starbucksz | Reward: 100x supreme health potion
[05/06/2022 07:32:32] Player: Lxd Xd | Reward: 100x ultimate spirit potion
[05/06/2022 12:12:32] Player: Marashalmuzylee | Reward: 1x soulpotter backpack
[05/06/2022 12:16:37] Player: Marashalmuzylee | Reward: 5x diamond coin
[05/06/2022 12:18:47] Player: Marashalmuzylee | Reward: 100x supreme health potion
[05/06/2022 21:07:16] Player: Miners Nigger | Reward: 100x supreme health potion
[06/06/2022 01:50:02] Player: Tapioca | Reward: 100x ultimate mana potion
[06/06/2022 01:51:31] Player: Tapioca | Reward: 100x ultimate spirit potion
[06/06/2022 01:51:44] Player: Tapioca | Reward: 1x ferumbras' hat
[06/06/2022 08:21:22] Player: Heltao El Patron | Reward: 1x soulskull backpack
[06/06/2022 08:27:03] Player: Heltao El Patron | Reward: 100x ultimate spirit potion
[06/06/2022 17:53:48] Player: Jon Jon | Reward: 100x crystal coin
[06/06/2022 19:55:28] Player: Vasily Lomachenko | Reward: 1x stamina refil
[06/06/2022 20:33:15] Player: Jon Jon | Reward: 100x ultimate spirit potion
[06/06/2022 20:33:26] Player: Jon Jon | Reward: 10x eldritch token
[06/06/2022 20:33:36] Player: Jon Jon | Reward: 100x supreme health potion
[06/06/2022 20:33:50] Player: Jon Jon | Reward: 5x diamond coin
[06/06/2022 20:34:00] Player: Jon Jon | Reward: 100x ultimate mana potion
[06/06/2022 21:10:27] Player: Jon Jon | Reward: 100x crystal coin
[06/06/2022 21:12:34] Player: Jon Jon | Reward: 100x ultimate mana potion
[06/06/2022 21:12:52] Player: Jon Jon | Reward: 100x supreme health potion
[06/06/2022 21:13:04] Player: Jon Jon | Reward: 100x crystal coin
[06/06/2022 21:13:15] Player: Jon Jon | Reward: 100x ultimate mana potion
[06/06/2022 21:13:27] Player: Jon Jon | Reward: 1x soulskull backpack
[06/06/2022 21:13:38] Player: Jon Jon | Reward: 1x pharaot boots
[06/06/2022 21:13:48] Player: Jon Jon | Reward: 100x supreme health potion
[06/06/2022 21:13:59] Player: Jon Jon | Reward: 100x ultimate spirit potion
[06/06/2022 21:14:14] Player: Jon Jon | Reward: 1x pharaot boots
[06/06/2022 21:14:25] Player: Jon Jon | Reward: 100x supreme health potion
[06/06/2022 21:14:37] Player: Jon Jon | Reward: 1x soulskull backpack
[06/06/2022 21:14:48] Player: Jon Jon | Reward: 1x pharaot boots
[06/06/2022 21:15:00] Player: Jon Jon | Reward: 100x ultimate spirit potion
[06/06/2022 21:15:10] Player: Jon Jon | Reward: 100x ultimate mana potion
[06/06/2022 21:15:27] Player: Jon Jon | Reward: 100x ultimate spirit potion
[06/06/2022 21:15:42] Player: Jon Jon | Reward: 10x eldritch token
[06/06/2022 21:15:53] Player: Jon Jon | Reward: 50x fragmental ticket
[06/06/2022 21:16:07] Player: Jon Jon | Reward: 1x pharaot boots
[06/06/2022 21:16:18] Player: Jon Jon | Reward: 100x ultimate mana potion
[06/06/2022 21:16:30] Player: Jon Jon | Reward: 100x ultimate mana potion
[06/06/2022 21:16:42] Player: Jon Jon | Reward: 1x soulskull backpack
[06/06/2022 21:16:53] Player: Jon Jon | Reward: 5x diamond coin
[06/06/2022 21:17:04] Player: Jon Jon | Reward: 5x diamond coin
[06/06/2022 21:17:14] Player: Jon Jon | Reward: 100x ultimate spirit potion
[06/06/2022 21:17:26] Player: Jon Jon | Reward: 100x ultimate mana potion
[06/06/2022 21:17:42] Player: Jon Jon | Reward: 100x supreme health potion
[06/06/2022 21:17:55] Player: Jon Jon | Reward: 50x fragmental ticket
[06/06/2022 21:18:07] Player: Jon Jon | Reward: 100x supreme health potion
[06/06/2022 21:18:20] Player: Jon Jon | Reward: 100x ultimate mana potion
[06/06/2022 21:18:34] Player: Jon Jon | Reward: 50x fragmental ticket
[06/06/2022 21:18:44] Player: Jon Jon | Reward: 5x diamond coin
[06/06/2022 21:18:55] Player: Jon Jon | Reward: 100x supreme health potion
[06/06/2022 21:19:08] Player: Jon Jon | Reward: 100x supreme health potion
[06/06/2022 21:19:21] Player: Jon Jon | Reward: 100x ultimate spirit potion
[06/06/2022 21:19:31] Player: Jon Jon | Reward: 50x fragmental ticket
[06/06/2022 21:19:43] Player: Jon Jon | Reward: 10x eldritch token
[06/06/2022 21:19:53] Player: Jon Jon | Reward: 5x diamond coin
[06/06/2022 21:20:11] Player: Jon Jon | Reward: 100x crystal coin
[06/06/2022 21:20:52] Player: Jon Jon | Reward: 100x ultimate spirit potion
[06/06/2022 21:21:04] Player: Jon Jon | Reward: 1x pharaot boots
[06/06/2022 21:21:27] Player: Jon Jon | Reward: 50x fragmental ticket
[06/06/2022 21:21:37] Player: Jon Jon | Reward: 5x diamond coin
[06/06/2022 21:21:48] Player: Jon Jon | Reward: 1x soulpotter backpack
[06/06/2022 21:22:11] Player: Jon Jon | Reward: 100x ultimate mana potion
[06/06/2022 21:24:21] Player: Jon Jon | Reward: 5x diamond coin
[06/06/2022 21:24:32] Player: Jon Jon | Reward: 50x fragmental ticket
[06/06/2022 21:24:43] Player: Jon Jon | Reward: 100x supreme health potion
[06/06/2022 21:24:55] Player: Jon Jon | Reward: 1x stamina refil
[06/06/2022 21:25:10] Player: Jon Jon | Reward: 5x diamond coin
[06/06/2022 21:25:20] Player: Jon Jon | Reward: 100x ultimate spirit potion
[06/06/2022 21:25:31] Player: Jon Jon | Reward: 1x pharaot boots
[06/06/2022 21:25:50] Player: Jon Jon | Reward: 1x stamina refil
[06/06/2022 21:26:07] Player: Jon Jon | Reward: 50x fragmental ticket
[06/06/2022 21:26:18] Player: Jon Jon | Reward: 10x eldritch token
[06/06/2022 21:26:28] Player: Jon Jon | Reward: 100x ultimate spirit potion
[06/06/2022 21:27:07] Player: Heltao El Patron | Reward: 5x diamond coin
[06/06/2022 21:27:22] Player: Heltao El Patron | Reward: 1x pharaot boots
[06/06/2022 21:28:36] Player: Heltao El Patron | Reward: 50x fragmental ticket
[06/06/2022 21:28:49] Player: Heltao El Patron | Reward: 1x soulpotter backpack
[06/06/2022 21:30:05] Player: Heltao El Patron | Reward: 100x ultimate mana potion
[06/06/2022 21:30:16] Player: Heltao El Patron | Reward: 100x ultimate mana potion
[06/06/2022 21:31:08] Player: Heltao El Patron | Reward: 100x ultimate spirit potion
[06/06/2022 21:32:12] Player: Heltao El Patron | Reward: 100x ultimate spirit potion
[06/06/2022 22:03:35] Player: Heltao El Patron | Reward: 1x stamina refil
[06/06/2022 22:04:06] Player: Heltao El Patron | Reward: 1x soulskull backpack
[07/06/2022 00:24:27] Player: Krupskaia | Reward: 100x ultimate mana potion
[07/06/2022 00:24:59] Player: Viniphysc | Reward: 100x crystal coin
[07/06/2022 00:25:38] Player: Krupskaia | Reward: 100x ultimate mana potion
[07/06/2022 00:25:50] Player: Krupskaia | Reward: 1x stamina refil
[07/06/2022 00:26:26] Player: Krupskaia | Reward: 1x pharaot boots
[07/06/2022 00:27:26] Player: Krupskaia | Reward: 1x pharaot boots
[07/06/2022 00:27:40] Player: Viniphysc | Reward: 100x ultimate spirit potion
[07/06/2022 00:28:32] Player: Krupskaia | Reward: 100x ultimate mana potion
[07/06/2022 00:28:42] Player: Krupskaia | Reward: 100x ultimate spirit potion
[07/06/2022 00:28:55] Player: Krupskaia | Reward: 100x ultimate mana potion
[07/06/2022 09:11:37] Player: Heltao El Patron | Reward: 100x ultimate mana potion
[07/06/2022 09:11:55] Player: Heltao El Patron | Reward: 1x stamina refil
[07/06/2022 09:12:21] Player: Heltao El Patron | Reward: 10x eldritch token
[07/06/2022 09:12:46] Player: Heltao El Patron | Reward: 100x crystal coin
[07/06/2022 09:15:23] Player: Heltao El Patron | Reward: 100x ultimate spirit potion
[07/06/2022 09:15:35] Player: Heltao El Patron | Reward: 100x supreme health potion
[07/06/2022 09:15:54] Player: Heltao El Patron | Reward: 100x supreme health potion
[07/06/2022 09:17:09] Player: Viniphysc | Reward: 100x ultimate spirit potion
[07/06/2022 09:21:39] Player: Heltao El Patron | Reward: 100x supreme health potion
[07/06/2022 09:21:50] Player: Heltao El Patron | Reward: 50x fragmental ticket
[07/06/2022 09:22:04] Player: Heltao El Patron | Reward: 100x crystal coin
[07/06/2022 09:23:05] Player: Heltao El Patron | Reward: 1x stamina refil
[07/06/2022 09:23:22] Player: Heltao El Patron | Reward: 1x addon doll
[07/06/2022 09:33:04] Player: Heltao El Patron | Reward: 1x stamina refil
[07/06/2022 14:01:38] Player: Heltao El Patron | Reward: 100x crystal coin
[07/06/2022 14:18:04] Player: Loord Toom | Reward: 100x supreme health potion
[07/06/2022 14:18:21] Player: Loord Toom | Reward: 100x ultimate spirit potion
[07/06/2022 14:18:49] Player: Loord Toom | Reward: 100x ultimate spirit potion
[07/06/2022 14:19:06] Player: Loord Toom | Reward: 1x ferumbras' hat
[07/06/2022 14:19:34] Player: Loord Toom | Reward: 100x supreme health potion
[07/06/2022 20:50:55] Player: Reii Luulaoo | Reward: 1x pharaot boots
[07/06/2022 21:11:54] Player: Rafa Loko | Reward: 100x crystal coin
[07/06/2022 21:12:48] Player: Rafa Loko | Reward: 10x eldritch token
[07/06/2022 21:16:03] Player: Rafa Loko | Reward: 100x supreme health potion
[07/06/2022 21:16:30] Player: Rafa Loko | Reward: 5x diamond coin
[07/06/2022 21:17:22] Player: Rafa Loko | Reward: 100x ultimate spirit potion
[07/06/2022 21:17:40] Player: Rafa Loko | Reward: 100x ultimate mana potion
[07/06/2022 21:18:16] Player: Rafa Loko | Reward: 1x soulskull backpack
[08/06/2022 01:41:12] Player: Knight De Pappel | Reward: 10x eldritch token
[08/06/2022 01:43:10] Player: Knight De Pappel | Reward: 100x ultimate spirit potion
[08/06/2022 01:43:40] Player: Knight De Pappel | Reward: 50x fragmental ticket
[08/06/2022 12:00:45] Player: Rafa Loko | Reward: 1x stamina refil
[08/06/2022 12:01:03] Player: Rafa Loko | Reward: 100x ultimate spirit potion
[08/06/2022 12:01:24] Player: Rafa Loko | Reward: 100x ultimate spirit potion
[08/06/2022 12:02:06] Player: Rafa Loko | Reward: 1x addon doll
[08/06/2022 12:14:01] Player: Rafa Loko | Reward: 100x ultimate mana potion
[08/06/2022 12:14:15] Player: Rafa Loko | Reward: 50x fragmental ticket
[08/06/2022 12:14:30] Player: Rafa Loko | Reward: 100x supreme health potion
[08/06/2022 12:14:45] Player: Rafa Loko | Reward: 1x pharaot boots
[08/06/2022 12:14:58] Player: Rafa Loko | Reward: 10x eldritch token
[08/06/2022 12:16:20] Player: Rafa Loko | Reward: 5x diamond coin
[08/06/2022 12:16:35] Player: Rafa Loko | Reward: 1x soulpotter backpack
[08/06/2022 22:33:29] Player: Rafa Loko | Reward: 50x fragmental ticket
[08/06/2022 22:33:41] Player: Rafa Loko | Reward: 10x eldritch token
[08/06/2022 22:33:58] Player: Rafa Loko | Reward: 1x soulpotter backpack
[08/06/2022 22:36:17] Player: Rafa Loko | Reward: 1x stamina refil
[08/06/2022 22:36:31] Player: Rafa Loko | Reward: 50x fragmental ticket
[08/06/2022 22:37:21] Player: Rafa Loko | Reward: 100x ultimate spirit potion
[08/06/2022 22:37:38] Player: Rafa Loko | Reward: 1x stamina refil
[08/06/2022 22:37:51] Player: Rafa Loko | Reward: 5x diamond coin
[08/06/2022 22:38:04] Player: Rafa Loko | Reward: 50x fragmental ticket
[08/06/2022 22:38:18] Player: Rafa Loko | Reward: 100x supreme health potion
[08/06/2022 22:52:41] Player: Rafa Loko | Reward: 1x stamina refil
[08/06/2022 22:53:38] Player: Rafa Loko | Reward: 100x crystal coin
[08/06/2022 22:53:51] Player: Rafa Loko | Reward: 100x crystal coin
[08/06/2022 22:54:04] Player: Rafa Loko | Reward: 5x diamond coin
[08/06/2022 22:55:24] Player: Rafa Loko | Reward: 10x eldritch token
[08/06/2022 22:55:37] Player: Rafa Loko | Reward: 100x crystal coin
[08/06/2022 22:55:50] Player: Rafa Loko | Reward: 1x stamina refil
[08/06/2022 22:56:04] Player: Rafa Loko | Reward: 100x crystal coin
[08/06/2022 22:56:16] Player: Rafa Loko | Reward: 5x diamond coin
[08/06/2022 22:56:28] Player: Rafa Loko | Reward: 50x fragmental ticket
[08/06/2022 22:56:40] Player: Rafa Loko | Reward: 50x fragmental ticket
[08/06/2022 22:56:52] Player: Rafa Loko | Reward: 100x ultimate mana potion
[08/06/2022 22:57:06] Player: Rafa Loko | Reward: 100x supreme health potion
[08/06/2022 22:57:23] Player: Rafa Loko | Reward: 100x ultimate mana potion
[06/04/2023 08:07:07] Player: Styller-OTS | Reward: 1x soulpotter backpack
[06/04/2023 08:07:36] Player: Styller-OTS | Reward: 5x diamond coin
[17/04/2023 15:26:36] Player: Styller-OTS | Reward: 100x supreme health potion
[17/04/2023 15:29:22] Player: Styller-OTS | Reward: 10x eldritch token
[17/04/2023 15:29:52] Player: Styller-OTS | Reward: 5x diamond coin
[17/04/2023 15:30:03] Player: Styller-OTS | Reward: 100x crystal coin
[17/04/2023 15:30:25] Player: Styller-OTS | Reward: 100x supreme health potion
[17/04/2023 15:57:17] Player: Styller-OTS | Reward: 100x crystal coin
[17/04/2023 15:57:36] Player: Styller-OTS | Reward: 1x soulpotter backpack
[17/04/2023 16:12:14] Player: Styller-OTS | Reward: 100x crystal coin
[17/04/2023 16:12:25] Player: Styller-OTS | Reward: 100x crystal coin
[15/10/2023 21:14:21] Player: Styller-OTs | Reward: 100x ultimate mana potion
[15/10/2023 21:14:41] Player: Styller-OTs | Reward: 100x crystal coin
[15/10/2023 21:15:01] Player: Styller-OTs | Reward: 100x ultimate spirit potion
[18/10/2023 01:00:44] Player: Vetodj | Reward: 100x ultimate spirit potion
[18/10/2023 01:01:15] Player: Vetodj | Reward: 100x ultimate mana potion
[18/10/2023 01:01:29] Player: Vetodj | Reward: 50x fragmental ticket
[18/10/2023 01:01:43] Player: Vetodj | Reward: 100x crystal coin
[18/10/2023 01:01:55] Player: Vetodj | Reward: 100x crystal coin
[18/10/2023 01:02:11] Player: Vetodj | Reward: 100x ultimate spirit potion
[21/10/2023 19:38:13] Player: Styller-OTs | Reward: 100x ultimate spirit potion
[21/10/2023 20:59:25] Player: Styller-OTs | Reward: 5x diamond coin
[22/10/2023 16:57:50] Player: Vetodj | Reward: 5x diamond coin
[22/10/2023 16:58:32] Player: Vetodj | Reward: 100x supreme health potion
[23/10/2023 02:21:01] Player: Vetodj | Reward: 1x soulpotter backpack
[06/11/2023 01:07:58] Player: Styller-OTs | Reward: 50x fragmental ticket
[06/11/2023 01:08:23] Player: Styller-OTs | Reward: 1x soulpotter backpack
[06/11/2023 07:14:05] Player: Styller-OTs | Reward: 100x ultimate mana potion
[07/11/2023 00:06:42] Player: Niklaus | Reward: 100x ultimate spirit potion
[09/11/2023 10:06:36] Player: Dando Aulas | Reward: 100x ultimate spirit potion
[09/11/2023 10:06:51] Player: Dando Aulas | Reward: 5x gold bar
[09/11/2023 10:19:10] Player: Push On Time | Reward: 50x fragmental ticket
[09/11/2023 10:19:30] Player: Push On Time | Reward: 1x soulskull backpack
[20/11/2023 03:35:33] Player: [GM] Rique | Reward: 1x stamina refil
[20/11/2023 03:38:23] Player: [GM] Rique | Reward: 100x ultimate spirit potion
[28/11/2023 04:36:09] Player: Katarina | Reward: 100x ultimate spirit potion
