[19/05/2022 13:13:43] Player: Fabio Leandro
[19/05/2022 14:01:31] Player: Fabio Leandro
[19/05/2022 21:33:16] Player: Fabio Leandro
[19/05/2022 21:33:27] Player: Fabio Leandro
[19/05/2022 21:33:36] Player: Fabio Leandro
[19/05/2022 21:35:50] Player: Fabio Leandro
[19/05/2022 21:36:07] Player: Fabio Leandro
[19/05/2022 21:36:30] Player: Fabio Leandro
[19/05/2022 21:36:55] Player: Fabio Leandro
[19/05/2022 21:37:26] Player: Fabio Leandro
[19/05/2022 21:37:36] Player: Fabio Leandro
[19/05/2022 21:37:46] Player: Fabio Leandro
[19/05/2022 21:38:04] Player: Fabio Leandro
[19/05/2022 21:38:13] Player: Fabio Leandro
[19/05/2022 21:38:23] Player: Fabio Leandro
[19/05/2022 21:38:33] Player: Fabio Leandro
[19/05/2022 21:39:06] Player: Fabio Leandro
[19/05/2022 21:39:15] Player: Fabio Leandro
[19/05/2022 21:39:26] Player: Fabio Leandro
[19/05/2022 21:39:37] Player: Fabio Leandro
[19/05/2022 21:39:46] Player: Fabio Leandro
[19/05/2022 21:39:55] Player: Fabio Leandro
[19/05/2022 21:40:05] Player: Fabio Leandro
[19/05/2022 21:40:36] Player: Fabio Leandro
[20/05/2022 07:07:24] Player: Fabio Leandro
[20/05/2022 07:11:42] Player: Fabio Leandro
[20/05/2022 07:11:53] Player: Fabio Leandro
[20/05/2022 07:12:03] Player: Fabio Leandro
[20/05/2022 07:12:39] Player: Fabio Leandro
[20/05/2022 07:13:22] Player: Fabio Leandro
[20/05/2022 07:13:41] Player: Fabio Leandro
[20/05/2022 07:13:54] Player: Fabio Leandro
[20/05/2022 07:14:08] Player: Fabio Leandro
[20/05/2022 07:14:20] Player: Fabio Leandro
[20/05/2022 07:14:33] Player: Fabio Leandro
[20/05/2022 07:14:48] Player: Fabio Leandro
[20/05/2022 07:15:01] Player: Fabio Leandro
[20/05/2022 07:15:15] Player: Fabio Leandro
[20/05/2022 07:15:28] Player: Fabio Leandro
[20/05/2022 07:15:41] Player: Fabio Leandro
[20/05/2022 07:15:53] Player: Fabio Leandro
[20/05/2022 07:17:07] Player: Fabio Leandro
[20/05/2022 07:17:21] Player: Fabio Leandro
[20/05/2022 12:41:30] Player: Fabio Leandro
[20/05/2022 12:42:13] Player: Fabio Leandro
[20/05/2022 12:42:51] Player: Fabio Leandro
[20/05/2022 20:02:39] Player: Fabio Leandro
[20/05/2022 20:02:49] Player: Fabio Leandro
[20/05/2022 20:03:02] Player: Fabio Leandro
[20/05/2022 20:03:27] Player: Fabio Leandro
[20/05/2022 22:44:24] Player: Juniorscripts
[21/05/2022 10:42:00] Player: Fabio Leandro
[21/05/2022 10:47:37] Player: Fabio Leandro
[21/05/2022 10:47:58] Player: Fabio Leandro
[21/05/2022 10:48:16] Player: Fabio Leandro
[21/05/2022 10:48:33] Player: Fabio Leandro
[21/05/2022 10:48:52] Player: Fabio Leandro
[21/05/2022 10:49:04] Player: Fabio Leandro
[21/05/2022 10:49:15] Player: Fabio Leandro
[21/05/2022 10:49:26] Player: Fabio Leandro
[21/05/2022 10:49:48] Player: Fabio Leandro
[21/05/2022 10:50:07] Player: Fabio Leandro
[21/05/2022 10:50:23] Player: Fabio Leandro
[21/05/2022 11:37:42] Player: Juniorscripts
[21/05/2022 11:38:20] Player: Fabio Leandro
[21/05/2022 11:38:31] Player: Fabio Leandro
[21/05/2022 11:38:41] Player: Fabio Leandro
[21/05/2022 11:38:51] Player: Fabio Leandro
[21/05/2022 11:39:01] Player: Fabio Leandro
[21/05/2022 11:39:14] Player: Fabio Leandro
[21/05/2022 11:39:24] Player: Fabio Leandro
[21/05/2022 11:39:38] Player: Juniorscripts
[21/05/2022 11:39:59] Player: Fabio Leandro
[21/05/2022 11:40:10] Player: Fabio Leandro
[21/05/2022 12:01:23] Player: Fabio Leandro
[21/05/2022 12:02:23] Player: Fabio Leandro
[21/05/2022 15:24:12] Player: Fabio Leandro
[21/05/2022 15:24:29] Player: Fabio Leandro
[21/05/2022 15:24:43] Player: Fabio Leandro
[21/05/2022 15:25:49] Player: Fabio Leandro
[21/05/2022 15:26:14] Player: Fabio Leandro
[21/05/2022 15:26:26] Player: Fabio Leandro
[21/05/2022 15:26:36] Player: Fabio Leandro
[22/05/2022 09:21:19] Player: Mentirinha Test
[22/05/2022 09:21:31] Player: Mentirinha Test
[22/05/2022 09:21:48] Player: Mentirinha Test
[22/05/2022 09:22:15] Player: Mentirinha Test
[22/05/2022 10:48:49] Player: Quarenta Centimetros Mole
[22/05/2022 10:50:07] Player: Quarenta Centimetros Mole
[22/05/2022 10:50:21] Player: Quarenta Centimetros Mole
[22/05/2022 20:24:59] Player: Porra Viado
[22/05/2022 20:25:30] Player: Porra Viado
[22/05/2022 20:25:46] Player: Porra Viado
[22/05/2022 20:26:00] Player: Porra Viado
[22/05/2022 23:37:58] Player: Fabio Leandro
[25/05/2022 13:55:03] Player: Fabio Leandro
[25/05/2022 13:55:17] Player: Fabio Leandro
[25/05/2022 13:55:35] Player: Fabio Leandro
[25/05/2022 13:55:51] Player: Fabio Leandro
[25/05/2022 13:56:01] Player: Fabio Leandro
[25/05/2022 13:56:12] Player: Fabio Leandro
[25/05/2022 13:56:37] Player: Fabio Leandro
[25/05/2022 13:56:49] Player: Fabio Leandro
[25/05/2022 13:56:59] Player: Fabio Leandro
[25/05/2022 13:57:09] Player: Fabio Leandro
[25/05/2022 13:57:26] Player: Fabio Leandro
[25/05/2022 13:57:38] Player: Fabio Leandro
[25/05/2022 21:03:50] Player: Fabio Leandro
[25/05/2022 21:04:08] Player: Fabio Leandro
[25/05/2022 21:04:19] Player: Fabio Leandro
[25/05/2022 21:04:31] Player: Fabio Leandro
[25/05/2022 21:05:00] Player: Fabio Leandro
[25/05/2022 21:10:22] Player: Fabio Leandro
[25/05/2022 21:10:32] Player: Fabio Leandro
[25/05/2022 21:10:43] Player: Fabio Leandro
[25/05/2022 21:10:53] Player: Fabio Leandro
[25/05/2022 21:11:04] Player: Fabio Leandro
[25/05/2022 23:50:46] Player: Fabio Leandro
[25/05/2022 23:51:00] Player: Fabio Leandro
[25/05/2022 23:51:16] Player: Fabio Leandro
[25/05/2022 23:51:27] Player: Fabio Leandro
[27/05/2022 21:55:17] Player: John Starbucksz
[27/05/2022 21:56:11] Player: John Starbucksz
[27/05/2022 21:57:13] Player: John Starbucksz
[27/05/2022 21:58:42] Player: John Starbucksz
[27/05/2022 21:59:15] Player: John Starbucksz
[27/05/2022 22:00:52] Player: John Starbucksz
[27/05/2022 22:01:51] Player: John Starbucksz
[27/05/2022 22:03:13] Player: John Starbucksz
[27/05/2022 22:44:26] Player: Support
[27/05/2022 22:45:19] Player: Support
[27/05/2022 22:45:51] Player: Support
[27/05/2022 22:46:59] Player: Support
[27/05/2022 22:48:05] Player: Support
[27/05/2022 22:48:55] Player: Support
[27/05/2022 22:50:22] Player: Support
[27/05/2022 22:51:26] Player: Support
[27/05/2022 22:52:20] Player: Support
[27/05/2022 22:52:50] Player: Support
[27/05/2022 22:53:21] Player: Support
[27/05/2022 22:54:19] Player: Support
[27/05/2022 22:54:50] Player: Support
[27/05/2022 22:56:12] Player: Support
[27/05/2022 22:56:27] Player: Support
[27/05/2022 22:57:21] Player: Support
[27/05/2022 22:57:35] Player: Support
[27/05/2022 22:58:29] Player: Support
[28/05/2022 16:22:00] Player: Toq Prajudar
[29/05/2022 15:30:28] Player: Gordiinho Analista
[29/05/2022 15:30:48] Player: Gordiinho Analista
[29/05/2022 15:31:25] Player: Gordiinho Analista
[29/05/2022 15:31:38] Player: Gordiinho Analista
[29/05/2022 15:32:14] Player: Gordiinho Analista
[29/05/2022 15:32:26] Player: Gordiinho Analista
[29/05/2022 15:32:36] Player: Gordiinho Analista
[29/05/2022 15:35:10] Player: Gordiinho Analista
[29/05/2022 15:35:22] Player: Gordiinho Analista
[29/05/2022 15:36:16] Player: Gordiinho Analista
[29/05/2022 15:36:29] Player: Gordiinho Analista
[29/05/2022 15:36:44] Player: Gordiinho Analista
[29/05/2022 15:37:18] Player: Gordiinho Analista
[29/05/2022 15:37:29] Player: Gordiinho Analista
[29/05/2022 15:38:16] Player: Gordiinho Analista
[29/05/2022 15:38:28] Player: Gordiinho Analista
[29/05/2022 15:38:40] Player: Gordiinho Analista
[29/05/2022 22:46:58] Player: Baiano
[29/05/2022 22:47:45] Player: Baiano
[29/05/2022 22:47:56] Player: Baiano
[29/05/2022 22:48:46] Player: Baiano
[29/05/2022 22:48:57] Player: Baiano
[29/05/2022 22:49:08] Player: Baiano
[29/05/2022 22:49:19] Player: Baiano
[29/05/2022 22:50:18] Player: Baiano
[30/05/2022 07:47:10] Player: Gordiinho Analista
[30/05/2022 07:47:23] Player: Gordiinho Analista
[30/05/2022 07:47:42] Player: Gordiinho Analista
[30/05/2022 07:47:55] Player: Gordiinho Analista
[30/05/2022 07:48:06] Player: Gordiinho Analista
[30/05/2022 07:48:17] Player: Gordiinho Analista
[30/05/2022 07:48:28] Player: Gordiinho Analista
[30/05/2022 07:48:38] Player: Gordiinho Analista
[30/05/2022 07:48:50] Player: Gordiinho Analista
[30/05/2022 07:49:05] Player: Gordiinho Analista
[31/05/2022 19:57:10] Player: John Starbucksz
[31/05/2022 20:00:43] Player: John Starbucksz
[31/05/2022 20:01:32] Player: John Starbucksz
[31/05/2022 20:02:51] Player: John Starbucksz
[31/05/2022 20:03:02] Player: John Starbucksz
[31/05/2022 20:03:25] Player: John Starbucksz
[31/05/2022 20:04:12] Player: John Starbucksz
[31/05/2022 20:04:28] Player: John Starbucksz
[31/05/2022 20:05:27] Player: John Starbucksz
[31/05/2022 20:05:46] Player: John Starbucksz
[31/05/2022 20:06:23] Player: John Starbucksz
[31/05/2022 20:07:06] Player: John Starbucksz
[31/05/2022 20:07:55] Player: John Starbucksz
[31/05/2022 20:08:08] Player: John Starbucksz
[31/05/2022 20:08:19] Player: John Starbucksz
[31/05/2022 20:09:17] Player: John Starbucksz
[31/05/2022 20:09:30] Player: John Starbucksz
[31/05/2022 20:10:25] Player: John Starbucksz
[31/05/2022 20:11:27] Player: John Starbucksz
[31/05/2022 20:12:00] Player: John Starbucksz
[31/05/2022 20:13:14] Player: John Starbucksz
[31/05/2022 20:13:27] Player: John Starbucksz
[31/05/2022 20:14:42] Player: John Starbucksz
[31/05/2022 20:14:55] Player: John Starbucksz
[31/05/2022 20:16:23] Player: John Starbucksz
[31/05/2022 20:16:42] Player: John Starbucksz
[31/05/2022 20:19:12] Player: John Starbucksz
[31/05/2022 20:19:25] Player: John Starbucksz
[31/05/2022 20:20:23] Player: John Starbucksz
[31/05/2022 20:21:00] Player: John Starbucksz
[31/05/2022 20:21:12] Player: John Starbucksz
[31/05/2022 20:21:26] Player: John Starbucksz
[31/05/2022 20:22:30] Player: John Starbucksz
[31/05/2022 20:23:11] Player: John Starbucksz
[31/05/2022 20:23:22] Player: John Starbucksz
[31/05/2022 20:23:37] Player: John Starbucksz
[31/05/2022 20:24:19] Player: John Starbucksz
[31/05/2022 20:24:44] Player: John Starbucksz
[31/05/2022 20:27:14] Player: John Starbucksz
[31/05/2022 20:27:25] Player: John Starbucksz
[31/05/2022 20:28:13] Player: John Starbucksz
[31/05/2022 20:28:24] Player: John Starbucksz
[31/05/2022 20:29:15] Player: John Starbucksz
[31/05/2022 20:29:27] Player: John Starbucksz
[31/05/2022 20:55:07] Player: John Starbucksz
[31/05/2022 20:55:18] Player: John Starbucksz
[31/05/2022 20:55:31] Player: John Starbucksz
[31/05/2022 20:57:14] Player: John Starbucksz
[31/05/2022 20:57:25] Player: John Starbucksz
[31/05/2022 20:57:36] Player: John Starbucksz
[31/05/2022 20:58:08] Player: John Starbucksz
[31/05/2022 20:59:17] Player: John Starbucksz
[31/05/2022 20:59:28] Player: John Starbucksz
[31/05/2022 20:59:45] Player: John Starbucksz
[31/05/2022 20:59:58] Player: John Starbucksz
[31/05/2022 21:00:51] Player: John Starbucksz
[31/05/2022 21:02:28] Player: John Starbucksz
[31/05/2022 21:02:41] Player: John Starbucksz
[31/05/2022 21:03:17] Player: John Starbucksz
[31/05/2022 21:04:36] Player: John Starbucksz
[31/05/2022 21:04:47] Player: John Starbucksz
[31/05/2022 21:05:39] Player: John Starbucksz
[31/05/2022 21:05:50] Player: John Starbucksz
[31/05/2022 21:06:55] Player: John Starbucksz
[31/05/2022 21:07:42] Player: John Starbucksz
[31/05/2022 21:07:55] Player: John Starbucksz
[31/05/2022 21:08:46] Player: John Starbucksz
[31/05/2022 21:08:57] Player: John Starbucksz
[31/05/2022 21:42:37] Player: John Starbucksz
[31/05/2022 21:42:51] Player: John Starbucksz
[31/05/2022 21:43:18] Player: John Starbucksz
[31/05/2022 21:43:30] Player: John Starbucksz
[31/05/2022 21:45:19] Player: John Starbucksz
[31/05/2022 21:45:31] Player: John Starbucksz
[31/05/2022 21:45:44] Player: John Starbucksz
[31/05/2022 21:46:29] Player: John Starbucksz
[31/05/2022 21:47:34] Player: John Starbucksz
[31/05/2022 21:47:45] Player: John Starbucksz
[31/05/2022 21:47:57] Player: John Starbucksz
[31/05/2022 22:36:54] Player: Urdd
[31/05/2022 22:37:52] Player: Urdd
[31/05/2022 22:38:08] Player: Urdd
[31/05/2022 22:38:31] Player: Urdd
[31/05/2022 22:38:57] Player: Urdd
[31/05/2022 22:39:15] Player: Urdd
[31/05/2022 22:39:31] Player: Urdd
[31/05/2022 22:39:45] Player: Urdd
[31/05/2022 22:40:14] Player: Urdd
[31/05/2022 22:40:40] Player: Urdd
[31/05/2022 22:40:52] Player: Urdd
[31/05/2022 22:41:08] Player: Urdd
[31/05/2022 22:41:55] Player: Urdd
[31/05/2022 22:42:46] Player: Urdd
[31/05/2022 22:43:00] Player: Urdd
[31/05/2022 22:43:14] Player: Urdd
[31/05/2022 22:43:26] Player: Urdd
[31/05/2022 22:43:37] Player: Urdd
[31/05/2022 22:44:26] Player: Urdd
[31/05/2022 22:44:37] Player: Urdd
[31/05/2022 22:45:54] Player: Urdd
[31/05/2022 22:46:07] Player: Urdd
[31/05/2022 22:46:20] Player: Urdd
[31/05/2022 22:46:32] Player: Urdd
[31/05/2022 22:46:43] Player: Urdd
[31/05/2022 23:31:13] Player: Pedroza Skillking
[31/05/2022 23:32:30] Player: Pedroza Skillking
[31/05/2022 23:47:36] Player: John Starbucksz
[31/05/2022 23:48:32] Player: John Starbucksz
[31/05/2022 23:50:02] Player: John Starbucksz
[31/05/2022 23:50:38] Player: John Starbucksz
[01/06/2022 00:06:09] Player: Sir Zughy
[01/06/2022 00:06:23] Player: Sir Zughy
[01/06/2022 00:06:38] Player: Sir Zughy
[01/06/2022 00:07:42] Player: Sir Zughy
[01/06/2022 00:08:08] Player: Hoo Win
[01/06/2022 00:08:37] Player: Sir Zughy
[01/06/2022 00:08:48] Player: Sir Zughy
[01/06/2022 00:09:41] Player: Sir Zughy
[01/06/2022 00:09:53] Player: Sir Zughy
[01/06/2022 00:10:12] Player: Hoo Win
[01/06/2022 00:11:06] Player: Sir Zughy
[01/06/2022 00:11:36] Player: Sir Zughy
[01/06/2022 00:12:07] Player: Sir Zughy
[01/06/2022 00:12:40] Player: Sir Zughy
[01/06/2022 00:13:06] Player: Sir Zughy
[01/06/2022 00:13:43] Player: Sir Zughy
[01/06/2022 00:19:22] Player: Sir Zughy
[01/06/2022 00:19:37] Player: Sir Zughy
[01/06/2022 00:19:52] Player: Sir Zughy
[01/06/2022 00:20:03] Player: Sir Zughy
[01/06/2022 00:20:18] Player: Sir Zughy
[01/06/2022 00:20:29] Player: Sir Zughy
[01/06/2022 00:20:39] Player: Sir Zughy
[01/06/2022 00:21:14] Player: Sir Zughy
[01/06/2022 00:21:44] Player: Sir Zughy
[01/06/2022 00:21:54] Player: Sir Zughy
[01/06/2022 00:22:08] Player: Sir Zughy
[01/06/2022 00:22:19] Player: Sir Zughy
[01/06/2022 00:42:53] Player: Loki De Asgard
[01/06/2022 00:43:44] Player: Loki De Asgard
[01/06/2022 00:45:06] Player: Loki De Asgard
[01/06/2022 00:45:58] Player: Loki De Asgard
[01/06/2022 00:48:43] Player: Loki De Asgard
[01/06/2022 00:49:13] Player: Loki De Asgard
[01/06/2022 01:02:46] Player: Loki De Asgard
[01/06/2022 01:03:16] Player: Loki De Asgard
[01/06/2022 01:03:45] Player: Loki De Asgard
[01/06/2022 01:04:16] Player: Loki De Asgard
[01/06/2022 03:11:41] Player: Loki De Asgard
[01/06/2022 11:55:12] Player: Powpay
[01/06/2022 12:12:48] Player: Dedex Pvpzin
[01/06/2022 19:53:52] Player: Jon Jon
[01/06/2022 19:54:56] Player: Jon Jon
[01/06/2022 19:55:57] Player: Loki De Asgard
[01/06/2022 19:56:53] Player: Jon Jon
[01/06/2022 19:57:24] Player: Jon Jon
[01/06/2022 19:57:54] Player: Jon Jon
[01/06/2022 19:58:53] Player: Jon Jon
[01/06/2022 19:59:54] Player: Jon Jon
[01/06/2022 20:00:53] Player: Jon Jon
[01/06/2022 20:01:24] Player: Jon Jon
[01/06/2022 20:01:55] Player: Jon Jon
[01/06/2022 20:02:24] Player: Jon Jon
[02/06/2022 01:38:01] Player: Jon Jon
[02/06/2022 01:39:13] Player: Jon Jon
[02/06/2022 01:40:39] Player: Jon Jon
[02/06/2022 01:51:08] Player: Jon Jon
[02/06/2022 01:56:48] Player: Jon Jon
[02/06/2022 01:56:59] Player: Jon Jon
[02/06/2022 01:58:06] Player: Victinhox
[02/06/2022 01:58:33] Player: Jon Jon
[02/06/2022 01:59:03] Player: Jon Jon
[02/06/2022 02:00:04] Player: Victinhox
[02/06/2022 02:00:18] Player: Jon Jon
[02/06/2022 02:00:46] Player: Firewall Time
[02/06/2022 02:01:04] Player: Jon Jon
[02/06/2022 02:01:35] Player: Jon Jon
[02/06/2022 02:02:05] Player: Jon Jon
[02/06/2022 02:02:25] Player: Firewall Time
[02/06/2022 02:03:04] Player: Firewall Time
[02/06/2022 02:03:38] Player: Firewall Time
[02/06/2022 02:03:52] Player: Jon Jon
[02/06/2022 02:04:04] Player: Jon Jon
[02/06/2022 02:04:44] Player: Jon Jon
[02/06/2022 02:05:05] Player: Jon Jon
[02/06/2022 02:05:19] Player: Jon Jon
[02/06/2022 02:06:05] Player: Jon Jon
[02/06/2022 02:07:04] Player: Jon Jon
[02/06/2022 02:07:35] Player: Jon Jon
[02/06/2022 02:08:04] Player: Jon Jon
[02/06/2022 02:10:03] Player: Jon Jon
[02/06/2022 02:10:37] Player: Jon Jon
[02/06/2022 02:11:35] Player: Jon Jon
[02/06/2022 02:11:45] Player: Jon Jon
[02/06/2022 02:14:05] Player: Jon Jon
[02/06/2022 02:18:37] Player: Jon Jon
[02/06/2022 02:19:06] Player: Jon Jon
[02/06/2022 02:25:06] Player: Jon Jon
[02/06/2022 02:39:13] Player: Hoo Win
[02/06/2022 02:39:29] Player: Jon Jon
[02/06/2022 02:40:09] Player: Jon Jon
[02/06/2022 02:40:37] Player: Jon Jon
[02/06/2022 02:41:06] Player: Jon Jon
[02/06/2022 02:41:36] Player: Jon Jon
[02/06/2022 02:42:07] Player: Jon Jon
[02/06/2022 02:42:23] Player: Pitty Lacraia
[02/06/2022 02:42:33] Player: Pitty Lacraia
[02/06/2022 02:42:43] Player: Pitty Lacraia
[02/06/2022 02:42:54] Player: Pitty Lacraia
[02/06/2022 02:43:05] Player: Pitty Lacraia
[02/06/2022 02:43:17] Player: Pitty Lacraia
[02/06/2022 02:43:28] Player: Pitty Lacraia
[02/06/2022 02:43:39] Player: Pitty Lacraia
[02/06/2022 02:43:50] Player: Pitty Lacraia
[02/06/2022 02:44:00] Player: Pitty Lacraia
[02/06/2022 02:44:11] Player: Pitty Lacraia
[02/06/2022 02:44:21] Player: Pitty Lacraia
[02/06/2022 02:44:32] Player: Pitty Lacraia
[02/06/2022 02:44:42] Player: Pitty Lacraia
[02/06/2022 02:44:53] Player: Pitty Lacraia
[02/06/2022 02:45:04] Player: Pitty Lacraia
[02/06/2022 02:45:16] Player: Pitty Lacraia
[02/06/2022 02:45:27] Player: Pitty Lacraia
[02/06/2022 02:45:38] Player: Pitty Lacraia
[02/06/2022 02:45:49] Player: Pitty Lacraia
[02/06/2022 02:46:01] Player: Pitty Lacraia
[02/06/2022 02:46:37] Player: Pitty Lacraia
[02/06/2022 02:47:37] Player: Hoo Win
[02/06/2022 02:50:48] Player: Hoo Win
[02/06/2022 02:55:56] Player: Pitty Lacraia
[02/06/2022 02:56:07] Player: Pitty Lacraia
[02/06/2022 02:56:18] Player: Pitty Lacraia
[02/06/2022 02:56:29] Player: Pitty Lacraia
[02/06/2022 02:56:40] Player: Pitty Lacraia
[02/06/2022 02:56:51] Player: Pitty Lacraia
[02/06/2022 02:57:01] Player: Pitty Lacraia
[02/06/2022 02:57:11] Player: Pitty Lacraia
[02/06/2022 02:57:22] Player: Pitty Lacraia
[02/06/2022 02:57:33] Player: Pitty Lacraia
[02/06/2022 02:58:08] Player: Pitty Lacraia
[02/06/2022 02:58:18] Player: Pitty Lacraia
[02/06/2022 02:58:29] Player: Pitty Lacraia
[02/06/2022 02:58:39] Player: Pitty Lacraia
[02/06/2022 02:58:50] Player: Pitty Lacraia
[02/06/2022 02:59:08] Player: Hoo Win
[02/06/2022 02:59:37] Player: Pitty Lacraia
[02/06/2022 02:59:54] Player: Hoo Win
[02/06/2022 03:00:07] Player: Hoo Win
[02/06/2022 03:00:19] Player: Pitty Lacraia
[02/06/2022 03:00:42] Player: Pitty Lacraia
[02/06/2022 03:01:09] Player: Hoo Win
[02/06/2022 03:01:19] Player: Hoo Win
[02/06/2022 03:01:33] Player: Pitty Lacraia
[02/06/2022 03:01:43] Player: Pitty Lacraia
[02/06/2022 03:02:14] Player: Hoo Win
[02/06/2022 03:02:24] Player: Hoo Win
[02/06/2022 03:02:39] Player: Pitty Lacraia
[02/06/2022 03:02:57] Player: Pitty Lacraia
[02/06/2022 03:03:07] Player: Pitty Lacraia
[02/06/2022 03:03:23] Player: Pitty Lacraia
[02/06/2022 03:03:33] Player: Pitty Lacraia
[02/06/2022 03:03:58] Player: Hoo Win
[02/06/2022 03:09:34] Player: Sir Zughy
[02/06/2022 09:42:48] Player: Jon Jon
[02/06/2022 09:44:15] Player: Jon Jon
[02/06/2022 09:44:27] Player: Jon Jon
[02/06/2022 09:46:14] Player: Jon Jon
[02/06/2022 09:52:17] Player: Jon Jon
[02/06/2022 09:53:17] Player: Jon Jon
[02/06/2022 09:54:17] Player: Jon Jon
[02/06/2022 09:55:16] Player: Jon Jon
[02/06/2022 09:56:17] Player: Jon Jon
[02/06/2022 12:21:33] Player: Jon Jon
[02/06/2022 12:22:46] Player: Jon Jon
[02/06/2022 12:23:01] Player: Jon Jon
[02/06/2022 12:24:05] Player: Jon Jon
[02/06/2022 12:25:02] Player: Jon Jon
[02/06/2022 12:26:10] Player: Jon Jon
[02/06/2022 12:27:10] Player: Jon Jon
[02/06/2022 12:28:04] Player: Jon Jon
[02/06/2022 12:29:08] Player: Jon Jon
[02/06/2022 12:30:03] Player: Jon Jon
[02/06/2022 12:31:09] Player: Jon Jon
[02/06/2022 12:32:03] Player: Jon Jon
[02/06/2022 12:33:10] Player: Jon Jon
[02/06/2022 12:33:33] Player: Jon Jon
[02/06/2022 12:33:45] Player: Jon Jon
[02/06/2022 12:34:46] Player: Jon Jon
[02/06/2022 12:35:03] Player: Jon Jon
[02/06/2022 12:36:13] Player: Jon Jon
[02/06/2022 12:36:33] Player: Jon Jon
[02/06/2022 12:37:39] Player: Jon Jon
[02/06/2022 12:37:50] Player: Jon Jon
[02/06/2022 12:40:44] Player: Jon Jon
[02/06/2022 12:41:08] Player: Jon Jon
[02/06/2022 12:42:25] Player: Jon Jon
[02/06/2022 12:43:41] Player: Jon Jon
[02/06/2022 12:44:36] Player: Jon Jon
[02/06/2022 12:45:37] Player: Jon Jon
[02/06/2022 12:46:45] Player: Jon Jon
[02/06/2022 12:47:37] Player: Jon Jon
[02/06/2022 12:50:27] Player: Jon Jon
[02/06/2022 12:50:37] Player: Jon Jon
[02/06/2022 12:53:09] Player: Jon Jon
[02/06/2022 12:54:07] Player: Jon Jon
[02/06/2022 12:55:26] Player: Jon Jon
[02/06/2022 12:55:38] Player: Jon Jon
[02/06/2022 12:55:53] Player: Jon Jon
[02/06/2022 12:57:15] Player: Jon Jon
[02/06/2022 12:58:04] Player: Jon Jon
[02/06/2022 12:58:26] Player: Jon Jon
[02/06/2022 12:59:37] Player: Jon Jon
[02/06/2022 13:00:54] Player: Jon Jon
[02/06/2022 13:02:09] Player: Jon Jon
[02/06/2022 14:11:52] Player: Luxyfera
[02/06/2022 14:14:36] Player: Luxyfera
[02/06/2022 18:57:48] Player: Jon Jon
[02/06/2022 18:58:47] Player: Jon Jon
[02/06/2022 18:59:46] Player: Jon Jon
[02/06/2022 19:00:24] Player: Jon Jon
[02/06/2022 19:00:46] Player: Jon Jon
[02/06/2022 21:01:21] Player: Jon Jon
[03/06/2022 03:24:51] Player: Loord Toom
[03/06/2022 03:27:05] Player: Rafa Loko
[03/06/2022 11:49:24] Player: Xuxa La Nuit
[03/06/2022 13:26:45] Player: Peulindoultimavez
[03/06/2022 18:00:50] Player: Heltao El Patron
[03/06/2022 18:01:53] Player: Heltao El Patron
[03/06/2022 18:03:15] Player: Heltao El Patron
[03/06/2022 19:33:29] Player: Jon Jon
[03/06/2022 19:34:00] Player: Jon Jon
[03/06/2022 19:34:37] Player: Jon Jon
[03/06/2022 19:34:48] Player: Jon Jon
[03/06/2022 19:35:00] Player: Jon Jon
[03/06/2022 19:35:47] Player: Jon Jon
[03/06/2022 19:36:00] Player: Jon Jon
[03/06/2022 19:36:30] Player: Jon Jon
[03/06/2022 19:38:38] Player: Jon Jon
[03/06/2022 19:39:07] Player: Jon Jon
[03/06/2022 19:39:29] Player: Jon Jon
[03/06/2022 19:39:40] Player: Jon Jon
[03/06/2022 19:40:39] Player: Jon Jon
[03/06/2022 19:41:22] Player: Jon Jon
[03/06/2022 19:41:32] Player: Jon Jon
[03/06/2022 19:41:43] Player: Jon Jon
[03/06/2022 19:42:34] Player: Jon Jon
[03/06/2022 19:42:46] Player: Jon Jon
[03/06/2022 19:42:57] Player: Jon Jon
[03/06/2022 19:43:08] Player: Jon Jon
[03/06/2022 19:43:20] Player: Jon Jon
[03/06/2022 19:44:08] Player: Jon Jon
[03/06/2022 19:44:18] Player: Jon Jon
[03/06/2022 19:44:33] Player: Jon Jon
[03/06/2022 19:45:17] Player: Jon Jon
[03/06/2022 19:45:33] Player: Jon Jon
[03/06/2022 19:45:43] Player: Jon Jon
[03/06/2022 19:46:33] Player: Jon Jon
[03/06/2022 19:46:43] Player: Jon Jon
[03/06/2022 19:47:20] Player: Jon Jon
[03/06/2022 19:47:33] Player: Jon Jon
[03/06/2022 19:47:44] Player: Jon Jon
[03/06/2022 19:48:29] Player: Jon Jon
[03/06/2022 23:29:59] Player: Hercules
[03/06/2022 23:37:32] Player: Hercules
[03/06/2022 23:37:44] Player: Hercules
[03/06/2022 23:37:55] Player: Hercules
[03/06/2022 23:38:06] Player: Hercules
[03/06/2022 23:38:17] Player: Hercules
[03/06/2022 23:38:28] Player: Hercules
[03/06/2022 23:38:38] Player: Hercules
[03/06/2022 23:38:57] Player: Hercules
[03/06/2022 23:39:14] Player: Hercules
[03/06/2022 23:39:27] Player: Hercules
[03/06/2022 23:39:37] Player: Hercules
[03/06/2022 23:39:52] Player: Hercules
[03/06/2022 23:40:03] Player: Hercules
[03/06/2022 23:40:18] Player: Hercules
[03/06/2022 23:40:29] Player: Hercules
[03/06/2022 23:40:44] Player: Hercules
[03/06/2022 23:40:58] Player: Hercules
[03/06/2022 23:41:09] Player: Hercules
[03/06/2022 23:41:21] Player: Hercules
[03/06/2022 23:41:34] Player: Hercules
[03/06/2022 23:41:46] Player: Hercules
[03/06/2022 23:42:01] Player: Hercules
[03/06/2022 23:42:13] Player: Hercules
[03/06/2022 23:42:25] Player: Hercules
[03/06/2022 23:42:35] Player: Hercules
[03/06/2022 23:42:48] Player: Hercules
[03/06/2022 23:43:00] Player: Hercules
[03/06/2022 23:43:12] Player: Hercules
[03/06/2022 23:43:25] Player: Hercules
[03/06/2022 23:43:39] Player: Hercules
[03/06/2022 23:43:50] Player: Hercules
[03/06/2022 23:44:02] Player: Hercules
[03/06/2022 23:44:20] Player: Hercules
[03/06/2022 23:44:32] Player: Hercules
[03/06/2022 23:44:43] Player: Hercules
[03/06/2022 23:44:57] Player: Hercules
[03/06/2022 23:45:08] Player: Hercules
[03/06/2022 23:45:20] Player: Hercules
[03/06/2022 23:45:34] Player: Hercules
[03/06/2022 23:45:44] Player: Hercules
[03/06/2022 23:45:54] Player: Hercules
[03/06/2022 23:46:16] Player: Hercules
[03/06/2022 23:46:26] Player: Hercules
[03/06/2022 23:46:40] Player: Hercules
[03/06/2022 23:47:07] Player: Hercules
[03/06/2022 23:52:10] Player: Hercules
[03/06/2022 23:52:24] Player: Hercules
[03/06/2022 23:52:34] Player: Hercules
[03/06/2022 23:52:45] Player: Hercules
[03/06/2022 23:53:01] Player: Hercules
[03/06/2022 23:53:14] Player: Hercules
[03/06/2022 23:53:25] Player: Hercules
[03/06/2022 23:53:35] Player: Hercules
[03/06/2022 23:53:46] Player: Hercules
[03/06/2022 23:53:57] Player: Hercules
[03/06/2022 23:57:18] Player: Hercules
[03/06/2022 23:57:28] Player: Hercules
[03/06/2022 23:58:13] Player: Hercules
[03/06/2022 23:58:25] Player: Hercules
[03/06/2022 23:59:50] Player: Hercules
[04/06/2022 00:00:01] Player: Hercules
[04/06/2022 00:00:53] Player: Hercules
[04/06/2022 00:01:04] Player: Hercules
[04/06/2022 00:01:15] Player: Hercules
[04/06/2022 00:01:30] Player: Hercules
[04/06/2022 00:01:51] Player: Hercules
[04/06/2022 00:02:04] Player: Hercules
[04/06/2022 00:02:31] Player: Hercules
[04/06/2022 00:02:42] Player: Hercules
[04/06/2022 00:02:55] Player: Hercules
[04/06/2022 00:03:32] Player: Hercules
[04/06/2022 00:03:47] Player: Hercules
[04/06/2022 00:04:09] Player: Hercules
[04/06/2022 00:04:20] Player: Hercules
[04/06/2022 00:04:41] Player: Hercules
[04/06/2022 00:04:52] Player: Hercules
[04/06/2022 00:05:04] Player: Hercules
[04/06/2022 00:05:20] Player: Hercules
[04/06/2022 00:05:36] Player: Hercules
[04/06/2022 00:05:49] Player: Hercules
[04/06/2022 00:06:03] Player: Hercules
[04/06/2022 00:06:14] Player: Hercules
[04/06/2022 00:06:26] Player: Hercules
[04/06/2022 00:06:37] Player: Hercules
[04/06/2022 00:06:48] Player: Hercules
[04/06/2022 00:07:06] Player: Hercules
[04/06/2022 00:12:15] Player: Hercules
[04/06/2022 01:30:35] Player: Firewall Time
[04/06/2022 07:46:41] Player: Jp Returns
[04/06/2022 08:21:03] Player: Heltao El Patron
[04/06/2022 08:22:04] Player: Heltao El Patron
[04/06/2022 08:23:02] Player: Heltao El Patron
[04/06/2022 08:23:16] Player: Heltao El Patron
[04/06/2022 08:24:03] Player: Heltao El Patron
[04/06/2022 08:27:55] Player: Heltao El Patron
[04/06/2022 08:28:30] Player: Heltao El Patron
[04/06/2022 08:29:33] Player: Heltao El Patron
[04/06/2022 08:32:06] Player: Heltao El Patron
[04/06/2022 08:32:23] Player: Heltao El Patron
[04/06/2022 08:33:23] Player: Heltao El Patron
[04/06/2022 08:47:27] Player: Heltao El Patron
[04/06/2022 08:47:40] Player: Heltao El Patron
[04/06/2022 15:39:18] Player: Sujyro Khyfuja
[04/06/2022 17:26:00] Player: Loord Toom
[04/06/2022 17:26:12] Player: Loord Toom
[04/06/2022 17:26:57] Player: Loord Toom
[04/06/2022 17:27:27] Player: Loord Toom
[04/06/2022 17:28:14] Player: Loord Toom
[04/06/2022 17:28:26] Player: Loord Toom
[04/06/2022 23:47:12] Player: John Starbucksz
[05/06/2022 07:32:22] Player: Lxd Xd
[05/06/2022 12:12:22] Player: Marashalmuzylee
[05/06/2022 12:16:27] Player: Marashalmuzylee
[05/06/2022 12:18:38] Player: Marashalmuzylee
[05/06/2022 21:07:06] Player: Miners Nigger
[06/06/2022 01:49:52] Player: Tapioca
[06/06/2022 01:51:20] Player: Tapioca
[06/06/2022 01:51:34] Player: Tapioca
[06/06/2022 08:21:12] Player: Heltao El Patron
[06/06/2022 08:26:53] Player: Heltao El Patron
[06/06/2022 17:53:38] Player: Jon Jon
[06/06/2022 19:55:18] Player: Vasily Lomachenko
[06/06/2022 20:33:05] Player: Jon Jon
[06/06/2022 20:33:16] Player: Jon Jon
[06/06/2022 20:33:26] Player: Jon Jon
[06/06/2022 20:33:40] Player: Jon Jon
[06/06/2022 20:33:50] Player: Jon Jon
[06/06/2022 21:10:17] Player: Jon Jon
[06/06/2022 21:12:24] Player: Jon Jon
[06/06/2022 21:12:41] Player: Jon Jon
[06/06/2022 21:12:53] Player: Jon Jon
[06/06/2022 21:13:05] Player: Jon Jon
[06/06/2022 21:13:17] Player: Jon Jon
[06/06/2022 21:13:28] Player: Jon Jon
[06/06/2022 21:13:38] Player: Jon Jon
[06/06/2022 21:13:49] Player: Jon Jon
[06/06/2022 21:14:04] Player: Jon Jon
[06/06/2022 21:14:14] Player: Jon Jon
[06/06/2022 21:14:27] Player: Jon Jon
[06/06/2022 21:14:38] Player: Jon Jon
[06/06/2022 21:14:50] Player: Jon Jon
[06/06/2022 21:15:00] Player: Jon Jon
[06/06/2022 21:15:17] Player: Jon Jon
[06/06/2022 21:15:32] Player: Jon Jon
[06/06/2022 21:15:43] Player: Jon Jon
[06/06/2022 21:15:57] Player: Jon Jon
[06/06/2022 21:16:08] Player: Jon Jon
[06/06/2022 21:16:20] Player: Jon Jon
[06/06/2022 21:16:32] Player: Jon Jon
[06/06/2022 21:16:43] Player: Jon Jon
[06/06/2022 21:16:54] Player: Jon Jon
[06/06/2022 21:17:04] Player: Jon Jon
[06/06/2022 21:17:16] Player: Jon Jon
[06/06/2022 21:17:32] Player: Jon Jon
[06/06/2022 21:17:45] Player: Jon Jon
[06/06/2022 21:17:57] Player: Jon Jon
[06/06/2022 21:18:10] Player: Jon Jon
[06/06/2022 21:18:24] Player: Jon Jon
[06/06/2022 21:18:34] Player: Jon Jon
[06/06/2022 21:18:45] Player: Jon Jon
[06/06/2022 21:18:58] Player: Jon Jon
[06/06/2022 21:19:11] Player: Jon Jon
[06/06/2022 21:19:21] Player: Jon Jon
[06/06/2022 21:19:33] Player: Jon Jon
[06/06/2022 21:19:43] Player: Jon Jon
[06/06/2022 21:20:01] Player: Jon Jon
[06/06/2022 21:20:42] Player: Jon Jon
[06/06/2022 21:20:54] Player: Jon Jon
[06/06/2022 21:21:17] Player: Jon Jon
[06/06/2022 21:21:27] Player: Jon Jon
[06/06/2022 21:21:38] Player: Jon Jon
[06/06/2022 21:22:01] Player: Jon Jon
[06/06/2022 21:24:10] Player: Jon Jon
[06/06/2022 21:24:22] Player: Jon Jon
[06/06/2022 21:24:33] Player: Jon Jon
[06/06/2022 21:24:45] Player: Jon Jon
[06/06/2022 21:25:00] Player: Jon Jon
[06/06/2022 21:25:10] Player: Jon Jon
[06/06/2022 21:25:21] Player: Jon Jon
[06/06/2022 21:25:40] Player: Jon Jon
[06/06/2022 21:25:57] Player: Jon Jon
[06/06/2022 21:26:08] Player: Jon Jon
[06/06/2022 21:26:18] Player: Jon Jon
[06/06/2022 21:26:57] Player: Heltao El Patron
[06/06/2022 21:27:12] Player: Heltao El Patron
[06/06/2022 21:28:26] Player: Heltao El Patron
[06/06/2022 21:28:39] Player: Heltao El Patron
[06/06/2022 21:29:54] Player: Heltao El Patron
[06/06/2022 21:30:06] Player: Heltao El Patron
[06/06/2022 21:30:58] Player: Heltao El Patron
[06/06/2022 21:32:02] Player: Heltao El Patron
[06/06/2022 22:03:25] Player: Heltao El Patron
[06/06/2022 22:03:56] Player: Heltao El Patron
[07/06/2022 00:24:17] Player: Krupskaia
[07/06/2022 00:24:49] Player: Viniphysc
[07/06/2022 00:25:28] Player: Krupskaia
[07/06/2022 00:25:40] Player: Krupskaia
[07/06/2022 00:26:16] Player: Krupskaia
[07/06/2022 00:27:16] Player: Krupskaia
[07/06/2022 00:27:30] Player: Viniphysc
[07/06/2022 00:28:22] Player: Krupskaia
[07/06/2022 00:28:32] Player: Krupskaia
[07/06/2022 00:28:45] Player: Krupskaia
[07/06/2022 09:11:28] Player: Heltao El Patron
[07/06/2022 09:11:45] Player: Heltao El Patron
[07/06/2022 09:12:11] Player: Heltao El Patron
[07/06/2022 09:12:36] Player: Heltao El Patron
[07/06/2022 09:15:13] Player: Heltao El Patron
[07/06/2022 09:15:25] Player: Heltao El Patron
[07/06/2022 09:15:44] Player: Heltao El Patron
[07/06/2022 09:16:59] Player: Viniphysc
[07/06/2022 09:21:29] Player: Heltao El Patron
[07/06/2022 09:21:40] Player: Heltao El Patron
[07/06/2022 09:21:54] Player: Heltao El Patron
[07/06/2022 09:22:55] Player: Heltao El Patron
[07/06/2022 09:23:12] Player: Heltao El Patron
[07/06/2022 09:32:54] Player: Heltao El Patron
[07/06/2022 14:01:28] Player: Heltao El Patron
[07/06/2022 14:17:54] Player: Loord Toom
[07/06/2022 14:18:11] Player: Loord Toom
[07/06/2022 14:18:39] Player: Loord Toom
[07/06/2022 14:18:56] Player: Loord Toom
[07/06/2022 14:19:24] Player: Loord Toom
[07/06/2022 20:50:45] Player: Reii Luulaoo
[07/06/2022 21:11:44] Player: Rafa Loko
[07/06/2022 21:12:38] Player: Rafa Loko
[07/06/2022 21:15:53] Player: Rafa Loko
[07/06/2022 21:16:20] Player: Rafa Loko
[07/06/2022 21:17:12] Player: Rafa Loko
[07/06/2022 21:17:30] Player: Rafa Loko
[07/06/2022 21:18:06] Player: Rafa Loko
[08/06/2022 01:41:03] Player: Knight De Pappel
[08/06/2022 01:43:00] Player: Knight De Pappel
[08/06/2022 01:43:30] Player: Knight De Pappel
[08/06/2022 12:00:35] Player: Rafa Loko
[08/06/2022 12:00:53] Player: Rafa Loko
[08/06/2022 12:01:14] Player: Rafa Loko
[08/06/2022 12:01:55] Player: Rafa Loko
[08/06/2022 12:13:51] Player: Rafa Loko
[08/06/2022 12:14:05] Player: Rafa Loko
[08/06/2022 12:14:20] Player: Rafa Loko
[08/06/2022 12:14:35] Player: Rafa Loko
[08/06/2022 12:14:47] Player: Rafa Loko
[08/06/2022 12:16:10] Player: Rafa Loko
[08/06/2022 12:16:25] Player: Rafa Loko
[08/06/2022 22:33:19] Player: Rafa Loko
[08/06/2022 22:33:31] Player: Rafa Loko
[08/06/2022 22:33:48] Player: Rafa Loko
[08/06/2022 22:36:07] Player: Rafa Loko
[08/06/2022 22:36:21] Player: Rafa Loko
[08/06/2022 22:37:11] Player: Rafa Loko
[08/06/2022 22:37:29] Player: Rafa Loko
[08/06/2022 22:37:41] Player: Rafa Loko
[08/06/2022 22:37:54] Player: Rafa Loko
[08/06/2022 22:38:08] Player: Rafa Loko
[08/06/2022 22:52:31] Player: Rafa Loko
[08/06/2022 22:53:28] Player: Rafa Loko
[08/06/2022 22:53:41] Player: Rafa Loko
[08/06/2022 22:53:54] Player: Rafa Loko
[08/06/2022 22:55:14] Player: Rafa Loko
[08/06/2022 22:55:27] Player: Rafa Loko
[08/06/2022 22:55:40] Player: Rafa Loko
[08/06/2022 22:55:54] Player: Rafa Loko
[08/06/2022 22:56:06] Player: Rafa Loko
[08/06/2022 22:56:18] Player: Rafa Loko
[08/06/2022 22:56:30] Player: Rafa Loko
[08/06/2022 22:56:42] Player: Rafa Loko
[08/06/2022 22:56:56] Player: Rafa Loko
[08/06/2022 22:57:13] Player: Rafa Loko
[06/04/2023 08:06:56] Player: Styller-OTS
[06/04/2023 08:07:25] Player: Styller-OTS
[17/04/2023 15:25:47] Player: Styller-OTS
[17/04/2023 15:26:27] Player: Styller-OTS
[17/04/2023 15:29:12] Player: Styller-OTS
[17/04/2023 15:29:42] Player: Styller-OTS
[17/04/2023 15:29:53] Player: Styller-OTS
[17/04/2023 15:30:15] Player: Styller-OTS
[17/04/2023 15:57:07] Player: Styller-OTS
[17/04/2023 15:57:26] Player: Styller-OTS
[17/04/2023 16:12:04] Player: Styller-OTS
[17/04/2023 16:12:15] Player: Styller-OTS
[15/10/2023 21:14:11] Player: Styller-OTs
[15/10/2023 21:14:31] Player: Styller-OTs
[15/10/2023 21:14:51] Player: Styller-OTs
[18/10/2023 01:00:34] Player: Vetodj
[18/10/2023 01:01:05] Player: Vetodj
[18/10/2023 01:01:19] Player: Vetodj
[18/10/2023 01:01:33] Player: Vetodj
[18/10/2023 01:01:45] Player: Vetodj
[18/10/2023 01:02:01] Player: Vetodj
[21/10/2023 19:38:03] Player: Styller-OTs
[21/10/2023 20:59:15] Player: Styller-OTs
[22/10/2023 16:57:40] Player: Vetodj
[22/10/2023 16:58:22] Player: Vetodj
[23/10/2023 02:20:52] Player: Vetodj
[06/11/2023 01:07:49] Player: Styller-OTs
[06/11/2023 01:08:13] Player: Styller-OTs
[06/11/2023 07:13:55] Player: Styller-OTs
[07/11/2023 00:06:32] Player: Niklaus
[09/11/2023 10:06:26] Player: Dando Aulas
[09/11/2023 10:06:41] Player: Dando Aulas
[09/11/2023 10:19:00] Player: Push On Time
[09/11/2023 10:19:21] Player: Push On Time
[15/11/2023 16:23:47] Player: [GM] Niklaus
[19/11/2023 09:58:18] Player: Archer Of Darkness
[20/11/2023 03:32:55] Player: [GM] Rique
[20/11/2023 03:35:23] Player: [GM] Rique
[20/11/2023 03:38:14] Player: [GM] Rique
[28/11/2023 04:36:00] Player: Katarina
[05/12/2023 14:44:00] Player: Malaquias Tombador
[05/12/2023 14:51:32] Player: [GM] Rique
[05/12/2023 14:51:43] Player: [GM] Rique
[05/12/2023 14:52:38] Player: [GM] Rique
[05/12/2023 14:52:48] Player: [GM] Rique
[05/12/2023 14:53:03] Player: [GM] Rique
[05/12/2023 14:53:45] Player: [GM] Rique
[05/12/2023 14:53:55] Player: [GM] Rique
[05/12/2023 14:54:36] Player: [GM] Rique
[05/12/2023 14:54:46] Player: [GM] Rique
[05/12/2023 14:55:17] Player: [GM] Rique
[05/12/2023 21:22:55] Player: [GM] Rique
[05/12/2023 21:23:07] Player: [GM] Rique
[05/12/2023 21:23:17] Player: [GM] Rique
[05/12/2023 21:23:30] Player: [GM] Rique
[06/12/2023 09:37:54] Player: Malaquias Tombador
[06/12/2023 09:38:09] Player: Malaquias Tombador
[06/12/2023 09:38:23] Player: Malaquias Tombador
[06/12/2023 09:38:36] Player: Malaquias Tombador
[06/12/2023 09:38:47] Player: Malaquias Tombador
[11/10/2025 23:38:42] Player: [GM] Rique
[11/10/2025 23:40:58] Player: [GM] Rique
[11/10/2025 23:41:15] Player: [GM] Rique
[11/10/2025 23:41:29] Player: [GM] Rique
[11/10/2025 23:41:41] Player: [GM] Rique
[11/10/2025 23:43:17] Player: [GM] Rique
[11/10/2025 23:43:30] Player: [GM] Rique
[11/10/2025 23:43:41] Player: [GM] Rique
[11/10/2025 23:43:53] Player: [GM] Rique
[11/10/2025 23:44:07] Player: [GM] Rique
[11/10/2025 23:44:19] Player: [GM] Rique
[11/10/2025 23:44:30] Player: [GM] Rique
[11/10/2025 23:44:48] Player: [GM] Rique
