[23/2/2022 2:55:21] /openserver
[23/2/2022 3:1:55] /closeserver
[23/2/2022 3:1:58] /openserver
[23/2/2022 3:11:51] /ghost
[23/2/2022 3:11:54] /goto best tribilin
[23/2/2022 3:12:2] /t
[23/2/2022 3:13:10] /ads testando muito, level, 110
[23/2/2022 3:14:43] /ads bora porra, level, -10
[23/2/2022 3:16:21] /ads bora porra, level, 2
[23/2/2022 3:28:31] /goto 3324,3172,5
[23/2/2022 3:38:38] /goto best tribilin
[23/2/2022 4:14:21] /closeserver
[23/2/2022 4:14:22] /t
[23/2/2022 4:15:45] /openserver
[23/2/2022 4:18:9] /owner adm fabio
[23/2/2022 4:18:15] /owner [ad~
[23/2/2022 4:18:22] /owner [adm] fa~
[23/2/2022 4:18:29] /owner [adm] - fabio
[23/2/2022 4:18:50] !leavehouse
[23/2/2022 4:21:17] /ads bora porra, magic, 30
[23/2/2022 4:26:54] /ads testando muito, level, 50
[23/2/2022 4:27:3] /ads skill bora porra, level, 50
[23/2/2022 4:27:9] /ads bora porra, level, 50
[23/2/2022 4:39:44] /shutdown
[23/2/2022 4:42:38] /openserver
[23/2/2022 4:51:38] /closeserver
