[28/12/2025 21:30:36] /r
[28/12/2025 21:34:22] /t
[28/12/2025 21:34:31] /a 33
[28/12/2025 21:34:33] /a 33
[28/12/2025 21:34:34] /a 33
[28/12/2025 21:34:35] /a 33
[28/12/2025 21:34:37] /a 33
[28/12/2025 21:34:39] /a 33
[28/12/2025 21:34:50] /r
[28/12/2025 21:34:53] /goto Green Phantom
[28/12/2025 21:34:59] /goto Finger Killer
[28/12/2025 21:35:2] /r
[28/12/2025 21:35:3] /goto Finger Killer
[28/12/2025 21:39:49] /t
[1/1/2026 16:10:29] /i sword
[1/1/2026 16:11:46] /i 7420
[2/1/2026 20:37:56] /t
[2/1/2026 20:39:25] /t
[2/1/2026 20:39:56] /i 2160
[2/1/2026 20:40:3] /i 9971
[2/1/2026 20:44:46] /t
[4/1/2026 22:36:48] /i 2182
[4/1/2026 22:36:54] /i 2182
[4/1/2026 22:37:32] /t
[4/1/2026 22:37:54] /a 10
[4/1/2026 22:37:55] /a 10
[4/1/2026 22:38:5] /a 10
[4/1/2026 22:38:6] /a 10
[4/1/2026 22:38:17] /a 10
[4/1/2026 22:38:18] /a 10
[4/1/2026 22:38:28] /a 10
[4/1/2026 22:38:29] /a 10
[4/1/2026 22:46:48] /t
[4/1/2026 22:49:38] /attr unique 10021
[4/1/2026 22:49:42] /attr unique 10021
[5/1/2026 12:26:23] /cliport
[5/1/2026 12:27:5] /a 20
[5/1/2026 12:27:6] /a 20
[5/1/2026 12:27:7] /a 20
[5/1/2026 12:27:8] /a 20
[5/1/2026 12:27:18] /a 20
[5/1/2026 12:27:19] /a 20
[5/1/2026 12:27:22] /a 20
[5/1/2026 12:27:23] /a 20
[5/1/2026 12:35:28] /a 30
[5/1/2026 12:35:29] /a 30
[5/1/2026 12:35:31] /a 30
[5/1/2026 12:35:34] /a 10
[5/1/2026 12:35:36] /a 10
[5/1/2026 12:37:39] /i 4852
[5/1/2026 12:37:54] /i 4852
[5/1/2026 12:38:3] /i 4852
[5/1/2026 12:39:47] /down
[5/1/2026 12:40:11] /t
[5/1/2026 12:40:20] /down
[5/1/2026 12:40:44] /t
[5/1/2026 12:43:23] /t
[5/1/2026 12:45:52] /up
[5/1/2026 13:2:48] /t
[5/1/2026 13:2:58] /t
[5/1/2026 13:3:51] /t
[5/1/2026 13:34:24] /t
[5/1/2026 13:35:17] /t
[5/1/2026 13:36:55] /t
[5/1/2026 13:41:22] /down
[5/1/2026 13:42:18] /down
[5/1/2026 13:44:26] /a 2
[5/1/2026 13:44:27] /a 2
[5/1/2026 13:44:28] /a 2
[5/1/2026 13:44:31] /a 8
[5/1/2026 13:46:10] /i 2036
[5/1/2026 13:46:37] /i 2122
[5/1/2026 13:47:4] /i 2349
[5/1/2026 13:47:18] /i 2349
[5/1/2026 13:47:32] /i 2352
[5/1/2026 13:48:3] /i 2502
[5/1/2026 13:48:10] /i backpack
[5/1/2026 13:48:25] /i 8877
[5/1/2026 13:48:36] /i 8877
[5/1/2026 13:48:51] /i 2529
[5/1/2026 13:49:4] /i 3982
[5/1/2026 13:49:8] /i 3982
[5/1/2026 13:50:10] /i 7958
[5/1/2026 13:52:0] /i 8300
[5/1/2026 13:52:21] /i 8850
[5/1/2026 13:52:33] /m trainer
[5/1/2026 13:52:37] /m treiner
[5/1/2026 13:53:13] /i 8857
[5/1/2026 13:54:29] /i 8858
[5/1/2026 13:55:14] /i 8892
[5/1/2026 13:55:36] /i 8977
[5/1/2026 14:10:24] /i 7424
[5/1/2026 14:11:37] /i 2641
[5/1/2026 14:12:12] /attr unique 9175
[5/1/2026 14:17:10] /i 7900
[5/1/2026 14:23:27] /t
[5/1/2026 14:25:21] /i 12640
[5/1/2026 14:26:23] /i 12645
[5/1/2026 14:31:9] /i 12640
[5/1/2026 14:33:15] /a 10
[5/1/2026 14:33:17] /a 10
[5/1/2026 14:33:25] /t
[5/1/2026 16:0:59] /down
[5/1/2026 16:1:4] /down
[5/1/2026 16:6:11] /reload globalevents
[5/1/2026 16:8:37] /reload globalevents
[5/1/2026 16:9:46] /reload globalevents
[5/1/2026 16:10:32] /reload globalevents
[5/1/2026 16:10:55] /reload globalevents
[5/1/2026 16:11:19] /reload globalevents
[5/1/2026 17:11:52] /t
