[7/11/2023 19:1:0] !online
[7/11/2023 19:2:15] !online
[7/11/2023 19:3:23] !online
[7/11/2023 19:5:55] !online
[7/11/2023 19:6:0] !online
[7/11/2023 19:6:1] !online
[7/11/2023 19:6:17] !online
[7/11/2023 19:6:50] !online
[7/11/2023 19:6:51] !online
[7/11/2023 19:7:9] !online
[7/11/2023 19:9:31] !online
[7/11/2023 19:9:31] !online
[7/11/2023 19:10:8] !online
[7/11/2023 19:11:25] !online
[7/11/2023 19:12:58] !online
[7/11/2023 19:13:40] !online
[7/11/2023 19:22:2] !online
[7/11/2023 19:23:0] !save
[7/11/2023 19:25:51] !online
[7/11/2023 19:26:47] !online
[7/11/2023 19:31:35] !online
[7/11/2023 19:34:3] /goto Frifras
[7/11/2023 19:35:23] /t
[7/11/2023 19:41:40] !online
[7/11/2023 19:45:53] !online
[7/11/2023 19:48:25] !online
[7/11/2023 19:48:30] !online
[7/11/2023 19:48:30] !online
[7/11/2023 19:48:31] !online
[7/11/2023 19:54:31] !online
[7/11/2023 20:11:1] !online
[7/11/2023 20:11:5] !online
[7/11/2023 20:11:19] /goto bolo
[7/11/2023 20:15:41] /reload config
[7/11/2023 20:15:55] /m dragon
[7/11/2023 20:16:15] /m dragon
[7/11/2023 20:16:22] /m dragon
[7/11/2023 20:16:35] /r
[7/11/2023 20:16:57] !online
[7/11/2023 20:18:27] /reload config
[7/11/2023 20:18:30] /reload creature
[7/11/2023 20:18:34] /r
[7/11/2023 20:18:49] /addskill Bolo,level,100
[7/11/2023 20:19:34] /r
[7/11/2023 20:19:35] /r
[7/11/2023 20:19:45] /r
[7/11/2023 20:19:51] /r
[7/11/2023 20:19:52] /r
[7/11/2023 20:19:54] /r
[7/11/2023 20:19:55] /r
[7/11/2023 20:19:56] /r
[7/11/2023 20:19:59] /r
[7/11/2023 20:20:56] /ghost
[7/11/2023 20:22:3] !save
[7/11/2023 20:22:11] /addskill Bolo,level,100
[7/11/2023 20:23:24] /reload talk
[7/11/2023 20:23:27] /b Servidor sera reiniciado para correçăo de um bug urgente, voltaremos em 30 segundos no máximo
[7/11/2023 20:23:29] /b Servidor sera reiniciado para correçăo de um bug urgente, voltaremos em 30 segundos no máximo
[7/11/2023 20:23:30] /b Servidor sera reiniciado para correçăo de um bug urgente, voltaremos em 30 segundos no máximo
[7/11/2023 20:23:30] /b Servidor sera reiniciado para correçăo de um bug urgente, voltaremos em 30 segundos no máximo
[7/11/2023 20:23:31] /b Servidor sera reiniciado para correçăo de um bug urgente, voltaremos em 30 segundos no máximo
[7/11/2023 20:23:31] /b Servidor sera reiniciado para correçăo de um bug urgente, voltaremos em 30 segundos no máximo
[7/11/2023 20:23:32] /b Servidor sera reiniciado para correçăo de um bug urgente, voltaremos em 30 segundos no máximo
[7/11/2023 20:23:32] /b Servidor sera reiniciado para correçăo de um bug urgente, voltaremos em 30 segundos no máximo
[7/11/2023 20:23:40] /shutdown
[7/11/2023 20:24:23] /m dragon
[7/11/2023 20:24:27] /m dragon
[7/11/2023 20:24:36] /m dragon
[7/11/2023 20:24:45] /r
[7/11/2023 20:24:45] /r
[7/11/2023 20:24:47] /r
[7/11/2023 20:24:49] /r
[7/11/2023 20:25:33] /ghost
[7/11/2023 20:30:55] !online
[7/11/2023 20:30:55] !online
[7/11/2023 20:31:30] /shutdown
[7/11/2023 20:33:14] /addskill Bolo,level,100
[7/11/2023 20:33:30] /m dragon
[7/11/2023 20:33:31] /m dragon
[7/11/2023 20:33:40] /ghost
[7/11/2023 20:34:7] /r
[7/11/2023 20:34:10] /r
[7/11/2023 20:34:10] /r
[7/11/2023 20:34:11] /r
[7/11/2023 20:34:13] /r
[7/11/2023 20:36:32] !online
[7/11/2023 20:39:18] /reload vocations
[7/11/2023 20:39:52] /reload vocations
[7/11/2023 20:40:4] /reload vocations
[7/11/2023 20:40:24] !save
[7/11/2023 20:40:28] /shutdown
[7/11/2023 20:41:5] /addskill Bolo,level,100
[7/11/2023 20:41:20] /addskill Gunna,level,100
[7/11/2023 20:41:24] /m dragon
[7/11/2023 20:41:25] /m dragon
[7/11/2023 20:46:21] /shutdown
[7/11/2023 20:46:53] /addskill Bolo,level,100
[7/11/2023 20:46:57] /m dragon
[7/11/2023 20:46:58] /m dragon
[7/11/2023 20:46:59] /m dragon
[7/11/2023 20:47:14] /r
[7/11/2023 20:47:30] /r
[7/11/2023 20:47:32] /r
[7/11/2023 20:47:33] /r
[7/11/2023 20:47:36] /r
[7/11/2023 20:47:48] /goto bolo
[7/11/2023 20:48:0] /ghost
[7/11/2023 20:51:28] /r
[7/11/2023 20:51:29] /r
[7/11/2023 20:51:30] /r
[7/11/2023 20:51:48] /addskill Dena,level,100
[7/11/2023 20:52:20] /m dragon lord
[7/11/2023 20:52:33] /m dragon lord
[7/11/2023 20:52:40] /r
[7/11/2023 20:52:42] /r
[7/11/2023 20:55:45] !online
[7/11/2023 20:57:4] /reload creature
[7/11/2023 20:57:18] /addskill Dena,level,100
[7/11/2023 20:57:58] /c Dena
[7/11/2023 20:58:1] /c Dena
[7/11/2023 20:58:3] /m demon
[7/11/2023 20:58:8] /r
[7/11/2023 20:58:14] /goto Dena
[7/11/2023 20:58:16] /goto Dena
[7/11/2023 20:58:16] /goto Dena
[7/11/2023 20:58:16] /goto Dena
[7/11/2023 20:58:47] /b druids que perderam level para level 1, me manda pm q devolverei o level
[7/11/2023 20:58:48] /b druids que perderam level para level 1, me manda pm q devolverei o level
[7/11/2023 20:58:48] /b druids que perderam level para level 1, me manda pm q devolverei o level
[7/11/2023 20:58:48] /b druids que perderam level para level 1, me manda pm q devolverei o level
[7/11/2023 20:58:49] /b druids que perderam level para level 1, me manda pm q devolverei o level
[7/11/2023 20:58:49] /b druids que perderam level para level 1, me manda pm q devolverei o level
[7/11/2023 20:59:43] /addskill bolo,level,120
[7/11/2023 20:59:49] !online
[7/11/2023 21:3:14] /goto Gunna
[7/11/2023 21:3:54] /t
[7/11/2023 21:4:23] /addskill bolo,magic,34
[7/11/2023 21:4:38] !online
[7/11/2023 21:5:13] /addskill bolo,magic,6
[7/11/2023 21:5:32] !online
[7/11/2023 21:8:53] /reload config
[7/11/2023 21:8:57] /goto lipesz
[7/11/2023 21:9:16] /t
[7/11/2023 21:9:44] !online
[7/11/2023 21:16:21] /goto Gunna
[7/11/2023 21:16:55] /addskill Gunna,level,130
[7/11/2023 21:17:22] /goto gunna
[7/11/2023 21:17:30] /c Gunna
[7/11/2023 21:17:38] /goto gunna
[7/11/2023 21:17:40] /goto gunna
[7/11/2023 21:18:49] /goto Smolker
[7/11/2023 21:19:24] /closeserver
[7/11/2023 21:19:29] /openserver
[7/11/2023 21:19:54] /addskill Smolker,level,85
[7/11/2023 21:22:15] !online
[7/11/2023 21:22:31] /addskill Rafasz,level,34
[7/11/2023 21:22:37] /goto rafasz
[7/11/2023 21:22:44] /goto rafasz
[7/11/2023 21:22:49] !online
[8/11/2023 0:42:52] !online
[8/11/2023 0:43:11] !online
[8/11/2023 0:43:13] !online
[8/11/2023 0:46:13] !online
[8/11/2023 0:46:17] !online
[8/11/2023 0:46:20] !online
[8/11/2023 0:59:37] !online
[8/11/2023 1:4:38] !online
[8/11/2023 12:12:42] !online
[8/11/2023 18:8:42] !online
[8/11/2023 18:12:13] /reload actions
[8/11/2023 18:14:22] /reload actions
[8/11/2023 21:16:35] !online
[8/11/2023 21:16:47] !online
[8/11/2023 21:21:13] /up
[8/11/2023 21:21:15] /up
[8/11/2023 21:21:41] /b Qualquer coisa estou online whatsapp, fico afk aqui, mas whatsapp to ativo sempre 
[8/11/2023 21:21:43] /b Qualquer coisa estou online whatsapp, fico afk aqui, mas whatsapp to ativo sempre 
[8/11/2023 21:22:50] /t
[8/11/2023 21:24:9] !online
[8/11/2023 21:27:35] /up
[8/11/2023 21:27:36] /up
[8/11/2023 21:27:39] /up
[8/11/2023 21:32:57] /t
[8/11/2023 21:36:17] /t
[8/11/2023 22:17:52] /reload creature
[8/11/2023 22:22:39] !online
[8/11/2023 22:23:34] /goto psycho
[8/11/2023 22:28:1] /i 12645
[8/11/2023 22:28:5] /i 12646
[8/11/2023 22:28:8] /i 12644
[8/11/2023 22:28:57] /i 116
[8/11/2023 22:29:22] /i 21259
[8/11/2023 22:29:35] /reload spells
[8/11/2023 22:29:43] /goto Psycho
[8/11/2023 22:31:22] /goto Psycho
[8/11/2023 22:43:30] /reload spells
[8/11/2023 22:43:42] /reload spells
[8/11/2023 22:45:8] !online
[8/11/2023 22:47:6] !online
[8/11/2023 22:55:5] !online
[9/11/2023 3:19:10] !online
[9/11/2023 13:1:59] !online
[9/11/2023 14:25:21] !online
[9/11/2023 20:8:10] /goto dando aula
[9/11/2023 20:8:40] !online
[9/11/2023 20:20:22] !online
[10/11/2023 22:4:23] /t ladrăo de rolex
[10/11/2023 22:4:33] /t ladrao de rolex
[10/11/2023 22:4:36] !online
[15/11/2023 16:23:14] /t
[15/11/2023 16:23:45] /i 13212
[15/11/2023 16:28:31] /t
[15/11/2023 16:32:22] /r
[15/11/2023 16:32:26] /r
[15/11/2023 16:36:45] /t
[17/11/2023 18:9:40] !online
[17/11/2023 18:9:54] /closeserver
[17/11/2023 18:10:8] /openserver
[17/11/2023 18:10:14] !online
[17/11/2023 18:10:49] !online
[17/11/2023 18:11:0] /closeserver
[17/11/2023 18:14:38] !online
[17/11/2023 18:18:16] /reload talkd
[17/11/2023 18:18:19] /reload talk
[17/11/2023 18:18:59] /reload talk
[17/11/2023 18:19:24] !online
[17/11/2023 18:19:27] !reload global
[17/11/2023 18:19:31] !online
[17/11/2023 19:3:25] /openserver
[18/11/2023 0:13:23] !online
[18/11/2023 0:14:28] /ghost
[18/11/2023 0:16:23] /ghost
[18/11/2023 0:25:18] /goto bin laden
[18/11/2023 0:25:24] /reload config
[18/11/2023 0:25:44] /addskill [GM] Niklaus,level,3000]
[18/11/2023 0:25:48] /addskill [GM] Niklaus,level,3000
[18/11/2023 0:26:15] !online
[18/11/2023 0:26:19] /t
[18/11/2023 0:31:17] /reload actions
[18/11/2023 0:31:31] /reload config
[18/11/2023 0:31:36] /goto bin laden
[18/11/2023 0:31:53] /t
[18/11/2023 0:32:50] /reload config
[18/11/2023 0:32:56] /reload actions
[18/11/2023 0:41:16] /reload spells
[18/11/2023 0:41:57] /reload spells
[18/11/2023 0:49:21] /reload spells
[18/11/2023 0:49:28] /closeserver
[18/11/2023 0:49:31] /openserver
[18/11/2023 0:49:34] /closeserver
[18/11/2023 0:49:49] /reload spells
[18/11/2023 0:51:7] /reload spells
[18/11/2023 0:51:13] /openserver
[18/11/2023 0:52:0] !online
[18/11/2023 0:59:2] /goto bin laden
[18/11/2023 0:59:8] !online
[18/11/2023 1:0:46] /openserver
[18/11/2023 1:2:43] /addskill Bin Laden,level,1
[18/11/2023 1:4:42] /t
[18/11/2023 1:4:45] !online
[18/11/2023 1:13:42] !online
[19/11/2023 13:49:8] /goto ladrao de relogio
[19/11/2023 13:49:20] /i Vip boots
[19/11/2023 13:50:26] /i VIP Assassin Star
[19/11/2023 13:50:37] /i 2002
[19/11/2023 13:52:30] /i assassin stars
[19/11/2023 13:52:48] /i Assassin Stars
[19/11/2023 13:53:47] !online
[19/11/2023 13:56:28] /t
[19/11/2023 13:57:17] !online
[19/11/2023 14:2:32] !online
[19/11/2023 14:2:43] !online
[19/11/2023 14:2:51] /goto ajuda
[19/11/2023 14:2:54] /t
[19/11/2023 14:7:52] /t
[19/11/2023 14:7:57] !online
[19/11/2023 14:10:53] !online
[19/11/2023 14:10:56] !online
[19/11/2023 14:10:59] !online
[19/11/2023 14:11:59] !online
[19/11/2023 14:22:29] !online
[19/11/2023 14:22:31] !online
[19/11/2023 14:22:33] !online
[19/11/2023 14:22:35] !online
[19/11/2023 14:22:58] !online
[19/11/2023 22:40:56] /online
[19/11/2023 22:41:8] /goto guii
[19/11/2023 22:41:39] /i wand of defiance
[19/11/2023 22:43:32] /t
[19/11/2023 22:44:38] /t
[19/11/2023 22:44:45] /online
[19/11/2023 22:51:35] !save
[19/11/2023 22:51:42] !online
[19/11/2023 22:51:47] !reload movements
[19/11/2023 22:57:24] /up
[19/11/2023 22:58:46] /t
[19/11/2023 22:59:29] /shutdown
[19/11/2023 23:1:15] /goto Guii
[19/11/2023 23:1:17] /online
[19/11/2023 23:1:27] /goto Katarina
[19/11/2023 23:1:36] /goto Malaquias
[19/11/2023 23:1:42] /goto Malaquias Tombador
[19/11/2023 23:1:51] /goto Guuii
[19/11/2023 23:4:2] /reload weapons
[19/11/2023 23:4:26] /shutdown
[19/11/2023 23:5:41] /online
[19/11/2023 23:6:6] /goto Guuii
[19/11/2023 23:8:31] /goto Guuii
[19/11/2023 23:8:54] /i 12916
[19/11/2023 23:12:41] /shutdown
[19/11/2023 23:13:33] /i Vip Boots
[19/11/2023 23:18:46] /i VIP Wand of Fire
[19/11/2023 23:18:55] /goto Guuii
[19/11/2023 23:20:55] /i VIP Wand of Fire
[19/11/2023 23:21:18] /attr health -999
[19/11/2023 23:21:19] /attr health -999
[19/11/2023 23:21:19] /attr health -999
[19/11/2023 23:21:20] /attr health -999
[19/11/2023 23:21:20] /attr health -999
[19/11/2023 23:21:20] /attr health -999
[19/11/2023 23:21:20] /attr health -999
[19/11/2023 23:21:20] /attr health -999
[19/11/2023 23:21:20] /attr health -999
[19/11/2023 23:21:21] /attr health -999
[19/11/2023 23:21:21] /attr health -999
[19/11/2023 23:21:21] /attr health -999
[19/11/2023 23:21:21] /attr health -999
[19/11/2023 23:21:21] /attr health -999
[19/11/2023 23:21:21] /attr health -999
[19/11/2023 23:21:21] /attr health -999
[19/11/2023 23:21:21] /attr health -999
[19/11/2023 23:21:21] /attr health -999
[19/11/2023 23:21:22] /attr health -999
[19/11/2023 23:21:22] /attr health -999
[19/11/2023 23:21:22] /attr health -999
[19/11/2023 23:21:22] /attr health -999
[19/11/2023 23:21:22] /attr health -999
[19/11/2023 23:21:22] /attr health -999
[19/11/2023 23:21:22] /attr health -999
[19/11/2023 23:21:22] /attr health -999
[19/11/2023 23:21:23] /attr health -999
[19/11/2023 23:21:23] /attr health -999
[19/11/2023 23:21:23] /attr health -999
[19/11/2023 23:21:23] /attr health -999
[19/11/2023 23:21:23] /attr health -999
[19/11/2023 23:21:23] /attr health -999
[19/11/2023 23:21:23] /attr health -999
[19/11/2023 23:21:23] /attr health -999
[19/11/2023 23:21:23] /attr health -999
[19/11/2023 23:21:24] /attr health -999
[19/11/2023 23:21:24] /attr health -999
[19/11/2023 23:21:24] /attr health -999
[19/11/2023 23:21:24] /attr health -999
[19/11/2023 23:21:24] /attr health -999
[19/11/2023 23:21:24] /attr health -999
[19/11/2023 23:21:24] /attr health -999
[19/11/2023 23:21:24] /attr health -999
[19/11/2023 23:21:25] /attr health -999
[19/11/2023 23:21:25] /attr health -999
[19/11/2023 23:21:25] /attr health -999
[19/11/2023 23:21:25] /attr health -999
[19/11/2023 23:21:25] /attr health -999
[19/11/2023 23:21:25] /attr health -999
[19/11/2023 23:21:25] /attr health -999
[19/11/2023 23:21:25] /attr health -999
[19/11/2023 23:21:25] /attr health -999
[19/11/2023 23:21:25] /attr health -999
[19/11/2023 23:21:26] /attr health -999
[19/11/2023 23:21:26] /attr health -999
[19/11/2023 23:21:26] /attr health -999
[19/11/2023 23:21:26] /attr health -999
[19/11/2023 23:21:26] /attr health -999
[19/11/2023 23:21:26] /attr health -999
[19/11/2023 23:21:26] /attr health -999
[19/11/2023 23:21:26] /attr health -999
[19/11/2023 23:21:27] /attr health -999
[19/11/2023 23:21:27] /attr health -999
[19/11/2023 23:21:27] /attr health -999
[19/11/2023 23:21:27] /attr health -999
[19/11/2023 23:21:27] /attr health -999
[19/11/2023 23:21:27] /attr health -999
[19/11/2023 23:21:27] /attr health -999
[19/11/2023 23:21:27] /attr health -999
[19/11/2023 23:21:27] /attr health -999
[19/11/2023 23:21:27] /attr health -999
[19/11/2023 23:21:28] /attr health -999
[19/11/2023 23:21:28] /attr health -999
[19/11/2023 23:21:28] /attr health -999
[19/11/2023 23:21:28] /attr health -999
[19/11/2023 23:21:28] /attr health -999
[19/11/2023 23:21:28] /attr health -999
[19/11/2023 23:21:28] /attr health -999
[19/11/2023 23:21:28] /attr health -999
[19/11/2023 23:21:29] /attr health -999
[19/11/2023 23:21:29] /attr health -999
[19/11/2023 23:21:29] /attr health -999
[19/11/2023 23:21:29] /attr health -999
[19/11/2023 23:21:29] /attr health -999
[19/11/2023 23:21:29] /attr health -999
[19/11/2023 23:21:29] /attr health -999
[19/11/2023 23:21:29] /attr health -999
[19/11/2023 23:21:30] /attr health -999
[19/11/2023 23:21:30] /attr health -999
[19/11/2023 23:21:30] /attr health -999
[19/11/2023 23:21:30] /attr health -999
[19/11/2023 23:21:30] /attr health -999
[19/11/2023 23:21:30] /attr health -999
[19/11/2023 23:21:30] /attr health -999
[19/11/2023 23:21:30] /attr health -999
[19/11/2023 23:21:30] /attr health -999
[19/11/2023 23:21:31] /attr health -999
[19/11/2023 23:21:31] /attr health -999
[19/11/2023 23:21:31] /attr health -999
[19/11/2023 23:21:31] /attr health -999
[19/11/2023 23:21:31] /attr health -999
[19/11/2023 23:21:31] /attr health -999
[19/11/2023 23:21:31] /attr health -999
[19/11/2023 23:21:31] /attr health -999
[19/11/2023 23:21:31] /attr health -999
[19/11/2023 23:21:32] /attr health -999
[19/11/2023 23:21:32] /attr health -999
[19/11/2023 23:21:32] /attr health -999
[19/11/2023 23:21:32] /attr health -999
[19/11/2023 23:21:32] /attr health -999
[19/11/2023 23:21:32] /attr health -999
[19/11/2023 23:21:32] /attr health -999
[19/11/2023 23:21:32] /attr health -999
[19/11/2023 23:21:32] /attr health -999
[19/11/2023 23:21:33] /attr health -999
[19/11/2023 23:21:33] /attr health -999
[19/11/2023 23:21:33] /attr health -999
[19/11/2023 23:21:33] /attr health -999
[19/11/2023 23:21:33] /attr health -999
[19/11/2023 23:21:33] /attr health -999
[19/11/2023 23:21:33] /attr health -999
[19/11/2023 23:21:33] /attr health -999
[19/11/2023 23:21:33] /attr health -999
[19/11/2023 23:21:34] /attr health -999
[19/11/2023 23:21:34] /attr health -999
[19/11/2023 23:21:34] /attr health -999
[19/11/2023 23:21:34] /attr health -999
[19/11/2023 23:21:34] /attr health -999
[19/11/2023 23:21:34] /attr health -999
[19/11/2023 23:21:34] /attr health -999
[19/11/2023 23:21:34] /attr health -999
[19/11/2023 23:21:34] /attr health -999
[19/11/2023 23:21:35] /attr health -999
[19/11/2023 23:21:35] /attr health -999
[19/11/2023 23:21:35] /attr health -999
[19/11/2023 23:21:35] /attr health -999
[19/11/2023 23:21:35] /attr health -999
[19/11/2023 23:21:35] /attr health -999
[19/11/2023 23:21:35] /attr health -999
[19/11/2023 23:21:35] /attr health -999
[19/11/2023 23:21:36] /attr health -999
[19/11/2023 23:21:36] /attr health -999
[19/11/2023 23:21:36] /attr health -999
[19/11/2023 23:21:36] /attr health -999
[19/11/2023 23:21:36] /attr health -999
[19/11/2023 23:21:36] /attr health -999
[19/11/2023 23:21:36] /attr health -999
[19/11/2023 23:21:36] /attr health -999
[19/11/2023 23:21:36] /attr health -999
[19/11/2023 23:21:37] /attr health -999
[19/11/2023 23:21:37] /attr health -999
[19/11/2023 23:21:37] /attr health -999
[19/11/2023 23:21:37] /attr health -999
[19/11/2023 23:21:37] /attr health -999
[19/11/2023 23:21:37] /attr health -999
[19/11/2023 23:21:37] /attr health -999
[19/11/2023 23:25:36] /t
[19/11/2023 23:25:40] !online
[22/11/2023 22:32:52] /online
[22/11/2023 22:32:59] /goto Trakino
[22/11/2023 22:33:3] /t Trakino
[22/11/2023 22:33:7] /t
[4/12/2023 16:55:56] /t
[4/12/2023 16:56:34] /t
