[15/12/2021 9:2:21] !online
[15/12/2021 9:2:32] !rank
[15/12/2021 9:2:37] !rank level
[15/12/2021 16:5:37] !serverinfo
[23/12/2021 9:50:36] !wand death
[23/12/2021 9:51:0] !wand ice
[23/12/2021 9:51:32] !wand death
[23/12/2021 11:2:34] !online
[23/12/2021 11:4:22] !wand death
[23/12/2021 14:12:11] !wand ice
[23/12/2021 14:13:8] !wand death
[24/12/2021 8:38:35] !wand death
[24/12/2021 9:57:1] !online
[24/12/2021 11:1:11] !wand ice
[27/12/2021 9:6:3] !wand death
[27/12/2021 9:48:8] !wand death
[27/12/2021 16:26:26] !wand ice
[27/12/2021 17:4:4] !wand death
[27/12/2021 17:6:0] !wand ice
[28/12/2021 11:22:2] aleta grav
[28/12/2021 11:22:8] aleta sio
[28/12/2021 11:22:14] aleta som
[28/12/2021 11:22:17] aleta som
[28/12/2021 11:22:20] aleta sio
[28/12/2021 11:22:23] aleta grav
[30/12/2021 16:32:17] !wand death
[30/12/2021 16:32:39] !wand ice
[30/12/2021 16:32:46] !wand tera
[30/12/2021 16:32:51] !wand ice
[30/12/2021 16:32:55] !wand critical
[3/1/2022 9:31:16] !wand critical
[3/1/2022 9:31:23] !wand death
[3/1/2022 9:56:14] !wand ice
[4/1/2022 10:55:58] !wand ice
[5/1/2022 8:55:33] !wand ice
[6/1/2022 8:19:8] !wand ice
[7/1/2022 14:31:52] !wand ice
