[19/12/2021 21:43:46] !frags
[19/12/2021 22:12:15] !frags
[19/12/2021 22:14:22] !frags
[22/12/2021 0:9:38] !buyhouse
[22/12/2021 0:9:42] aleta som
[22/12/2021 0:9:48] !buyhouse
[22/12/2021 0:9:52] aleta som
[22/12/2021 0:9:58] aleta sio
[22/12/2021 0:10:35] alana sio
[22/12/2021 0:11:0] !protecthouse
[22/12/2021 0:11:3] !protecthouse
[22/12/2021 0:11:9] !protecthouse /off
[22/12/2021 0:11:13] !protecthouse /off
[22/12/2021 0:11:16] !protecthouse /off
[22/12/2021 0:11:20] !protecthouse /on
[28/12/2021 10:57:13] aleta sio
[28/12/2021 10:57:26] aleta som
[28/12/2021 11:5:14] aleta sio
[28/12/2021 11:5:21] aleta som
[28/12/2021 11:8:26] aleta sio
[28/12/2021 11:8:29] aleta som
[28/12/2021 11:8:57] !protecthouse
[28/12/2021 11:9:14] !protecthouse off
[28/12/2021 11:12:36] !addon mage
[28/12/2021 11:16:56] !addon warrior
