[26/2/2019 0:12:31] /b boa noite
[26/2/2019 0:12:57] /b oque acham do ot?
[26/2/2019 0:13:8] /b Duvidas Help
[26/2/2019 0:13:23] /ghost
[26/2/2019 0:13:27] /ghost
[26/2/2019 0:23:55] /goto julio viado
[26/2/2019 0:23:57] /ghost
[26/2/2019 0:24:0] /ghost
[26/2/2019 0:24:6] /ghost
[26/2/2019 0:28:7] /t
[26/2/2019 0:31:19] /i 10245
[26/2/2019 0:31:22] /i 10245
[26/2/2019 0:33:13] /ghost
[26/2/2019 0:33:28] /i stamina refil
[26/2/2019 0:33:55] /i 12289
[26/2/2019 0:34:40] /b EVENTO TOWER 4 TOWER # STAMINA REFIL
[26/2/2019 0:34:48] /b EVENTO TOWER 4 TOWER # STAMINA REFIL INICIA A 4 MINUTOS
[26/2/2019 0:34:50] /b EVENTO TOWER 4 TOWER # STAMINA REFIL INICIA A 4 MINUTOS
[26/2/2019 0:34:55] /ghost
[26/2/2019 0:35:47] /b EVENTO TOWER 4 TOWER # STAMINA INIFINITA) INICIA A 4 MINUTOS 
[26/2/2019 0:35:49] /b EVENTO TOWER 4 TOWER # STAMINA INIFINITA) INICIA A 4 MINUTOS 
[26/2/2019 0:35:50] /b EVENTO TOWER 4 TOWER # STAMINA INIFINITA) INICIA A 4 MINUTOS 
[26/2/2019 0:35:51] /b EVENTO TOWER 4 TOWER # STAMINA INIFINITA) INICIA A 4 MINUTOS 
[26/2/2019 0:35:52] /b EVENTO TOWER 4 TOWER # STAMINA INIFINITA) INICIA A 4 MINUTOS 
[26/2/2019 0:35:53] /b EVENTO TOWER 4 TOWER # STAMINA INIFINITA) INICIA A 4 MINUTOS 
[26/2/2019 0:36:23] /b EVENTO TOWER 4 TOWER # STAMINA INIFINITA) INICIA A 4 MINUTOS  ENFRENTE AO TEMPLO VOU FAZER COM SE TIVER MAIS DE 7 PLAYER TEMPLO
[26/2/2019 0:36:25] /b EVENTO TOWER 4 TOWER # STAMINA INIFINITA) INICIA A 4 MINUTOS  ENFRENTE AO TEMPLO VOU FAZER COM SE TIVER MAIS DE 7 PLAYER TEMPLO
[26/2/2019 0:36:27] /b EVENTO TOWER 4 TOWER # STAMINA INIFINITA) INICIA A 4 MINUTOS  ENFRENTE AO TEMPLO VOU FAZER COM SE TIVER MAIS DE 7 PLAYER TEMPLO
[26/2/2019 0:36:30] /b EVENTO TOWER 4 TOWER # STAMINA INIFINITA) INICIA A 4 MINUTOS  ENFRENTE AO TEMPLO VOU FAZER COM SE TIVER MAIS DE 7 PLAYER TEMPLO
[26/2/2019 0:36:31] /b EVENTO TOWER 4 TOWER # STAMINA INIFINITA) INICIA A 4 MINUTOS  ENFRENTE AO TEMPLO VOU FAZER COM SE TIVER MAIS DE 7 PLAYER TEMPLO
[26/2/2019 0:36:42] /b EVENTO TOWER 4 TOWER # STAMINA INIFINITA) INICIA A 4 MINUTOS  ENFRENTE AO TEMPLO VOU FAZER COM SE TIVER MAIS DE 7 PLAYER TEMPLO
[26/2/2019 0:36:49] /b EVENTO TOWER 4 TOWER # STAMINA INIFINITA) INICIA A 4 MINUTOS  ENFRENTE AO TEMPLO VOU FAZER COM SE TIVER MAIS DE 7 PLAYER TEMPLO
[26/2/2019 0:37:3] /b EVENTO TOWER 4 TOWER # STAMINA INIFINITA) INICIA A 4 MINUTOS  ENFRENTE AO TEMPLO VOU FAZER COM SE TIVER MAIS DE 7 PLAYER TEMPLO
[26/2/2019 0:37:6] /r
[26/2/2019 0:37:18] /m champion tower
[26/2/2019 0:37:19] /m champion tower
[26/2/2019 0:37:20] /m champion tower
[26/2/2019 0:37:23] /m champion tower
[26/2/2019 0:37:24] /r
[26/2/2019 0:37:27] /m champion tower
[26/2/2019 0:37:28] /m champion tower
[26/2/2019 0:37:29] /m champion tower
[26/2/2019 0:37:33] /r
[26/2/2019 0:37:47] /b EVENTO TOWER 3 TOWER # STAMINA INIFINITA) INICIA A 4 MINUTOS  ENFRENTE AO TEMPLO VOU FAZER COM SE TIVER MAIS DE 7 PLAYER TEMPLO
[26/2/2019 0:37:50] /b EVENTO TOWER 3 TOWER # STAMINA INIFINITA) INICIA A 4 MINUTOS  ENFRENTE AO TEMPLO VOU FAZER COM SE TIVER MAIS DE 7 PLAYER TEMPLO
[26/2/2019 0:38:9] /b EVENTO TOWER 3 TOWER # STAMINA INIFINITA) INICIA A 4 MINUTOS  ENFRENTE AO TEMPLO VOU FAZER COM SE TIVER MAIS DE 7 PLAYER TEMPLO
[26/2/2019 0:38:10] /b EVENTO TOWER 3 TOWER # STAMINA INIFINITA) INICIA A 4 MINUTOS  ENFRENTE AO TEMPLO VOU FAZER COM SE TIVER MAIS DE 7 PLAYER TEMPLO
[26/2/2019 0:38:14] /b EVENTO TOWER 3 TOWER # STAMINA INIFINITA) INICIA A 4 MINUTOS  ENFRENTE AO TEMPLO VOU FAZER COM SE TIVER MAIS DE 7 PLAYER TEMPLO
[26/2/2019 0:39:21] /b EVENTO TOWER 3 TOWER # STAMINA INIFINITA) INICIA A 4 MINUTOS  ENFRENTE AO TEMPLO VOU FAZER COM SE TIVER MAIS DE 7 PLAYER TEMPLO
[26/2/2019 0:39:23] /r
[26/2/2019 0:39:39] /ghost
[26/2/2019 0:39:46] /b evento tower começou
[26/2/2019 0:39:57] /b evento tower começou enfrente ao templo ( STAMINA REFIL )
[26/2/2019 0:39:58] /b evento tower começou enfrente ao templo ( STAMINA REFIL )
[26/2/2019 0:40:0] /b evento tower começou enfrente ao templo ( STAMINA REFIL )
[26/2/2019 0:40:2] /b evento tower começou enfrente ao templo ( STAMINA REFIL )
[26/2/2019 0:40:5] /b evento tower começou enfrente ao templo ( STAMINA REFIL )
[26/2/2019 0:40:6] /b evento tower começou enfrente ao templo ( STAMINA REFIL )
[26/2/2019 0:40:7] /b evento tower começou enfrente ao templo ( STAMINA REFIL )
[26/2/2019 0:41:13] /ghost
[26/2/2019 0:43:6] /i 12289
[26/2/2019 0:44:13] /ghost
[26/2/2019 1:10:1] /goto Always
[26/2/2019 1:10:8] /ghost
[26/2/2019 1:13:4] /c Lord Black
[26/2/2019 1:13:17] /c Lord Black
[26/2/2019 1:13:29] /c Lady Archer
[26/2/2019 1:14:11] /c Lady Archer
[26/2/2019 1:14:21] /ghost
[26/2/2019 1:15:1] /ghost
[26/2/2019 1:17:50] /ghost
[26/2/2019 1:25:11] /t
[26/2/2019 20:41:53] /b Boa Tarde
[26/2/2019 20:42:1] /b Boa Tarde 
[26/2/2019 20:42:17] /t
[26/2/2019 20:42:23] /newtype 332
[26/2/2019 20:42:25] /ghost
[26/2/2019 20:42:50] /ghost
[26/2/2019 20:42:51] /ghost
[26/2/2019 20:42:53] /ghost
[26/2/2019 20:42:56] /ghost
[26/2/2019 20:43:53] /r
[26/2/2019 20:43:54] /r
[26/2/2019 20:43:55] /r
[26/2/2019 20:44:12] /up
[26/2/2019 20:44:44] /r
[26/2/2019 20:44:48] /c Jhonny Wallker
[26/2/2019 20:46:0] /c Jhonny Wallker
[26/2/2019 20:47:56] /c lord black
[26/2/2019 20:48:20] /ghost
[26/2/2019 20:49:17] /t
[26/2/2019 20:49:22] /ghost
[26/2/2019 20:49:26] /b Duvidas Help
[26/2/2019 21:5:47] /ghost
[26/2/2019 21:36:51] /ghost
[26/2/2019 21:57:13] /goto Yohanna  -  955 
[26/2/2019 21:57:18] /goto Yohanna 
[26/2/2019 21:57:39] /goto rios
[26/2/2019 21:58:46] /promote Rios
[26/2/2019 21:58:47] /promote Rios
[26/2/2019 21:58:47] /promote Rios
[26/2/2019 21:58:54] /goto yohanna
[26/2/2019 21:58:57] /c Rios
[26/2/2019 21:59:31] /goto yohanna
[26/2/2019 21:59:34] /c Rios
[26/2/2019 22:0:19] /demote rios
[26/2/2019 22:0:20] /demote rios
[26/2/2019 22:0:21] /demote rios
[26/2/2019 22:0:59] /t rios
[26/2/2019 22:1:0] /t
[26/2/2019 22:1:26] /ghost
[26/2/2019 22:1:30] /ghost
[26/2/2019 22:3:27] /i evil gloves
[26/2/2019 22:3:36] /m guarda costas do god
[26/2/2019 22:3:40] /r
[26/2/2019 22:3:59] /m boss striker
[26/2/2019 22:4:33] /b jaja evento
[26/2/2019 22:4:44] /r
[26/2/2019 22:4:52] /r
[26/2/2019 22:5:25] /goto bob sponja
[26/2/2019 22:5:30] /goto bob esponja
[26/2/2019 22:6:4] /i 15 dias vip
[26/2/2019 22:6:49] /goto bob esponja
[26/2/2019 22:8:46] /i VIP 15 Dias
[26/2/2019 22:9:8] /i VIP 15 Dias
[26/2/2019 22:9:38] /goto adm puto
[26/2/2019 22:10:34] /b nao dou item :(
[26/2/2019 22:12:24] /i VIP 15 Dias
[26/2/2019 22:14:48] /i 10309
[26/2/2019 22:14:56] /i 10309
[26/2/2019 22:14:57] /i 10309
[26/2/2019 22:14:59] /i 10309
[26/2/2019 22:14:59] /i 10309
[26/2/2019 22:15:0] /i 10309
[26/2/2019 22:15:1] /i 10309
[26/2/2019 22:15:2] /i 10309
[26/2/2019 22:15:5] /i 10309
[26/2/2019 22:15:6] /i 10309
[26/2/2019 22:15:6] /i 10309
[26/2/2019 22:16:0] /i AMULETO OF SKIN
[26/2/2019 22:16:28] /i bk amulet
[26/2/2019 22:16:52] /i bk amulet
[26/2/2019 22:20:33] /save
[26/2/2019 22:20:44] /goto Estrelar
[26/2/2019 22:21:34] /goto Zina Ice
[26/2/2019 22:27:34] /ghost
[26/2/2019 22:44:4] /goto adm puto
[26/2/2019 22:45:2] /goto flash
[26/2/2019 22:47:8] /goto adm puto
[26/2/2019 22:48:46] /t
[27/2/2019 0:37:50] /ghost
[27/2/2019 0:37:52] /t
[27/2/2019 0:38:1] /ghost
[27/2/2019 0:41:41] /ghost
[27/2/2019 0:43:5] /goto rob v
[27/2/2019 0:43:11] /goto rob a
[27/2/2019 0:43:14] /goto rob b
[27/2/2019 0:44:44] /ghost
[27/2/2019 0:45:51] /goto belota
[27/2/2019 0:45:53] /goto belota
[27/2/2019 0:46:18] /ghost
[27/2/2019 0:46:27] /down
[27/2/2019 0:46:31] /up
[27/2/2019 0:46:36] /up
[27/2/2019 0:46:38] /down
[27/2/2019 0:47:24] /ghost
[27/2/2019 0:47:28] /b duvidas help
[27/2/2019 0:47:41] /goto adm puto
[27/2/2019 0:47:49] /ghost
[27/2/2019 0:49:25] /goto rob
[27/2/2019 0:50:18] /i bk noob staff
[27/2/2019 0:50:27] /i bk noob staff
[27/2/2019 0:50:29] /i bk noob staff
[27/2/2019 0:50:32] /i bk noob staff
[27/2/2019 0:50:55] /i bk noob star
[27/2/2019 0:50:57] /i bk noob bow
[27/2/2019 0:51:6] /i bk noob sword
[27/2/2019 0:51:11] /t
[27/2/2019 0:51:28] /goto biro biro
[27/2/2019 0:55:7] /i 6002
[27/2/2019 0:55:9] /r
[27/2/2019 0:59:19] /t
[27/2/2019 0:59:59] /ghost
[27/2/2019 1:0:10] /down
[27/2/2019 1:0:13] /up
[27/2/2019 1:0:17] /ghost
[27/2/2019 1:0:44] /goto Biro Biro
[27/2/2019 1:1:10] /ghost
[27/2/2019 1:1:18] /goto rob
[27/2/2019 1:1:43] /ghost
[27/2/2019 2:38:6] /newtype 332
[27/2/2019 2:38:7] /t
[27/2/2019 2:38:54] /ghost
[27/2/2019 2:46:47] /ghost
[27/2/2019 2:46:55] /ghost
[27/2/2019 2:49:55] /goto Nogano Frozen
[27/2/2019 2:51:5] /goto nogano frozen
[27/2/2019 2:51:56] /ghost
[27/2/2019 2:52:27] /goto Biro Biro
[27/2/2019 2:54:38] /ghost
[27/2/2019 2:54:42] /ghost
[27/2/2019 2:54:52] /newtype 332
[27/2/2019 2:55:0] /goto adm puto
[27/2/2019 2:55:7] /ghost
[27/2/2019 2:55:23] /up
[27/2/2019 2:55:27] /ghost
[27/2/2019 2:55:38] /t
[27/2/2019 2:55:42] /ghost
[27/2/2019 2:57:54] /t
[27/2/2019 2:57:57] /up
[27/2/2019 2:57:58] /up
[27/2/2019 2:58:0] /t
[27/2/2019 2:58:1] /t
[27/2/2019 2:58:2] /up
[27/2/2019 2:58:3] /t
[27/2/2019 2:58:7] /up
[27/2/2019 3:3:32] /t
[27/2/2019 3:3:54] /ghost
[27/2/2019 3:6:19] /ghost
[27/2/2019 3:7:34] /goto Ferrari Black
[27/2/2019 3:7:36] /t Ferrari Black
[27/2/2019 3:7:37] /t
[27/2/2019 3:7:46] /goto Ferrari Black
[27/2/2019 3:7:56] /ghost
[27/2/2019 3:8:21] /ghost
[27/2/2019 3:8:24] /t
[27/2/2019 3:16:47] /up
[27/2/2019 3:16:48] /up
[27/2/2019 3:16:50] /down
[27/2/2019 3:16:53] /t
[27/2/2019 3:19:25] /ghost
[27/2/2019 3:19:34] /a 2
[27/2/2019 3:19:37] /a 2
[27/2/2019 3:19:39] /a 2
[27/2/2019 3:19:40] /ghost
[27/2/2019 3:19:49] /goto biro biro
[27/2/2019 3:19:52] /ghost
[27/2/2019 3:23:28] /i bk magician ring
[27/2/2019 3:24:4] /i stone
[27/2/2019 3:24:30] /ghost
[27/2/2019 3:27:21] /save
[27/2/2019 3:27:29] /goto Paladina
[27/2/2019 3:27:31] /t
[27/2/2019 20:7:18] /diceevent
[27/2/2019 20:7:20] /t
[27/2/2019 20:7:28] /diceevent
[27/2/2019 20:7:35] /r
[27/2/2019 20:7:39] /r
[27/2/2019 20:9:34] /m champion tower
[27/2/2019 20:10:27] /ghost
[27/2/2019 20:11:37] /ghost
[27/2/2019 20:12:41] /ghost
[27/2/2019 20:12:47] /ghost
[27/2/2019 20:17:7] /goto Julio Viado
[27/2/2019 20:17:38] /ghost
[27/2/2019 20:19:9] /ghost
[27/2/2019 20:21:17] /goto Julio Viado
[27/2/2019 20:22:1] /r
[27/2/2019 20:22:9] /goto Julio Viado
[27/2/2019 20:37:29] /goto ADM Flash
[27/2/2019 20:53:2] /goto adm puto
[27/2/2019 20:53:12] /a 5
[27/2/2019 20:53:14] /a 5
[27/2/2019 20:53:17] /goto adm puto
[27/2/2019 20:53:33] /down
[27/2/2019 20:54:6] /up
[27/2/2019 20:55:57] /goto adm puto
[27/2/2019 20:56:38] /b UMA STAMINA INFINITA FOI ESCONDIDA EM BAIXO DE ALGUMA ARVORE EM BAIAK CITY. (o jogador que encontrar será anunciado)
[27/2/2019 20:56:58] /b UMA STAMINA INFINITA FOI ESCONDIDA EM BAIXO DE ALGUMA ARVORE EM BAIAK CITY. (o jogador que encontrar será anunciado)
[27/2/2019 20:57:12] /b UMA STAMINA INFINITA FOI ESCONDIDA EM BAIXO DE ALGUMA ARVORE EM BAIAK CITY. (o jogador que encontrar será anunciado)
[27/2/2019 20:57:26] /goto adm puto
[27/2/2019 20:57:34] /down
[27/2/2019 20:57:35] /down
[27/2/2019 20:57:47] /ghost
[27/2/2019 20:59:10] /ghost
[27/2/2019 20:59:25] /bc O jogador Getz Sf, encontrou a stamina infinita.
[27/2/2019 20:59:48] /t
[27/2/2019 21:0:39] /goto ADM Flash
[27/2/2019 21:1:46] /t
[27/2/2019 21:5:7] /goto deathnoob
[27/2/2019 21:5:12] /goto noob
[27/2/2019 21:5:19] /ghost
[27/2/2019 21:7:29] /goto noob
[27/2/2019 21:7:37] /c adm puto
[27/2/2019 21:32:5] /t
[27/2/2019 21:32:8] /ghost
[27/2/2019 21:32:50] /save 55
[27/2/2019 21:32:52] /save 5
[27/2/2019 21:34:5] /b o server vai melhor 
[27/2/2019 21:34:8] /b o server vai melhor  embreve
[27/2/2019 21:34:10] /b o server vai melhor  embreve
[27/2/2019 21:34:56] /r
[27/2/2019 21:36:36] /c adm puto
[27/2/2019 21:36:46] /ghost
[27/2/2019 21:39:20] /ghost
[27/2/2019 21:39:22] /t
[27/2/2019 21:41:45] /save
[27/2/2019 21:43:35] /b galera o server vai ser reiniciado 20 segundos volta
[27/2/2019 21:43:44] /save
[27/2/2019 21:45:22] /save
[27/2/2019 21:45:27] /b galera o server vai ser reiniciado 20 segundos volta
[27/2/2019 21:45:30] /b galera o server vai ser reiniciado 20 segundos volta /save
[27/2/2019 21:45:34] /b galera o server vai ser reiniciado 20 segundos volta /save
[27/2/2019 21:45:35] /save
[27/2/2019 21:46:7] /save
[27/2/2019 21:46:14] /b vamos salvar o server agr
[27/2/2019 21:46:16] /save
[27/2/2019 21:46:40] /save
[27/2/2019 21:46:43] /b reiniciando
[27/2/2019 21:46:45] /save
[27/2/2019 21:47:36] /b xd
[27/2/2019 21:47:39] /ghost
[27/2/2019 21:47:52] /b rlx pessoal
[27/2/2019 21:48:1] /t
[27/2/2019 21:48:20] /goto Albus Dumbledore
[27/2/2019 21:48:54] /i vip 15 dias
[27/2/2019 21:49:17] /save
[27/2/2019 21:49:43] /goto Oxxy
[27/2/2019 21:49:46] /t
[27/2/2019 21:50:8] /goto Harry Potter
[27/2/2019 21:50:9] /goto Harry Potter
[27/2/2019 21:51:27] /r
[27/2/2019 21:51:28] /r
[27/2/2019 21:51:34] /t
[27/2/2019 21:51:56] /goto ADM PuTo
[27/2/2019 21:53:15] /t
[27/2/2019 21:53:17] /t
[27/2/2019 21:53:28] /down
[27/2/2019 21:53:54] /a 4
[27/2/2019 21:54:2] /r
[27/2/2019 21:54:41] /t
[27/2/2019 21:54:47] /ghost
[27/2/2019 22:5:18] /ghost
[27/2/2019 22:8:19] /down
[27/2/2019 22:8:56] /i bk ranger shield
[27/2/2019 22:9:13] /i bk magician spellbook
[27/2/2019 22:9:21] /i bk blesse shield
[27/2/2019 22:9:29] /i bk blessed shield
[27/2/2019 22:21:34] /t
[27/2/2019 22:22:21] /goto ADM PuTo
[27/2/2019 22:24:30] /t
[27/2/2019 22:24:39] /up
[27/2/2019 22:24:40] /up
[27/2/2019 22:24:48] /t
[27/2/2019 22:24:52] /ghost
[27/2/2019 22:24:57] /ghost
[27/2/2019 22:26:51] /t
[27/2/2019 22:28:56] /goto pik
[27/2/2019 22:29:44] /ghost
[27/2/2019 22:32:23] /kick Pik
[27/2/2019 22:32:55] /ghost
[27/2/2019 22:33:9] /t
[27/2/2019 22:35:29] /goto pik
[28/2/2019 23:10:41] /r
[28/2/2019 23:10:43] /r
[28/2/2019 23:12:27] /ghost
[28/2/2019 23:12:34] /b boa noite
[28/2/2019 23:12:40] /b duvidas hep
[28/2/2019 23:12:42] /b duvidas help
[28/2/2019 23:12:43] /b duvidas help
[28/2/2019 23:13:5] /ghost
[28/2/2019 23:13:7] /goto Lady Archer
[28/2/2019 23:13:37] /ghost
[28/2/2019 23:15:0] /a 3
[28/2/2019 23:15:2] /m Rotworm
[28/2/2019 23:15:9] /m Rotworm
[28/2/2019 23:15:27] /m Rotworm
[28/2/2019 23:15:30] /m Rotworm
[28/2/2019 23:15:58] /kick Lady Archer
[28/2/2019 23:16:8] /m Rotworm
[28/2/2019 23:16:12] /m Rotworm
[28/2/2019 23:16:12] /m Rotworm
[28/2/2019 23:16:13] /m Rotworm
[28/2/2019 23:16:13] /m Rotworm
[28/2/2019 23:16:35] /m Rotworm
[28/2/2019 23:16:35] /m Rotworm
[28/2/2019 23:16:36] /m Rotworm
[28/2/2019 23:16:36] /m Rotworm
[28/2/2019 23:16:37] /m Rotworm
[28/2/2019 23:16:37] /m Rotworm
[28/2/2019 23:16:38] /m Rotworm
[28/2/2019 23:16:38] /m Rotworm
[28/2/2019 23:16:39] /m Rotworm
[28/2/2019 23:16:42] /m Rotworm
[28/2/2019 23:16:43] /m Rotworm
[28/2/2019 23:16:43] /m Rotworm
[28/2/2019 23:16:44] /m Rotworm
[28/2/2019 23:16:44] /m Rotworm
[28/2/2019 23:16:45] /m Rotworm
[28/2/2019 23:16:45] /m Rotworm
[28/2/2019 23:16:46] /m Rotworm
[28/2/2019 23:16:46] /m Rotworm
[28/2/2019 23:16:47] /m Rotworm
[28/2/2019 23:16:47] /m Rotworm
[28/2/2019 23:16:48] /m Rotworm
[28/2/2019 23:17:6] /a 4
[28/2/2019 23:17:16] /goto profeta
[28/2/2019 23:18:18] /save
[28/2/2019 23:18:21] /goto Lady Archer
[28/2/2019 23:19:59] /r
[28/2/2019 23:20:19] /save
[28/2/2019 23:22:15] /attr health -9000000000
[28/2/2019 23:22:18] /attr health -9000000000
[28/2/2019 23:22:32] /t
[28/2/2019 23:22:57] /ghost
[28/2/2019 23:23:1] /goto pik
[28/2/2019 23:23:4] /goto pik
[28/2/2019 23:23:7] /goto pik
[28/2/2019 23:23:13] /goto Lady Archer
[28/2/2019 23:23:16] /ghost
[28/2/2019 23:24:35] /save
[28/2/2019 23:25:7] /attr health -9000000000
[28/2/2019 23:25:55] /t
[28/2/2019 23:26:8] /down
[28/2/2019 23:26:36] /a 10
[28/2/2019 23:26:37] /a 10
[28/2/2019 23:26:40] /down
[28/2/2019 23:26:41] /a 10
[28/2/2019 23:27:10] /goto Lady Archer
[28/2/2019 23:28:5] /attr set attack 50000
[28/2/2019 23:28:35] /ghost
[28/2/2019 23:29:59] /m Champion Fury
[28/2/2019 23:30:0] /m Champion Fury
[28/2/2019 23:30:2] /m Champion Fury
[28/2/2019 23:30:5] /m Champion Fury
[28/2/2019 23:30:19] /m Champion Fury
[28/2/2019 23:31:25] /b boa noite duvidas help
[28/2/2019 23:31:32] /save
[28/2/2019 23:31:34] /t
[28/2/2019 23:31:54] /goto Champion Fury
[28/2/2019 23:31:57] /goto Champion Fury
[28/2/2019 23:32:4] /goto lady archer
[28/2/2019 23:32:40] /m Champion Undead Dragon
[28/2/2019 23:34:56] /t
[28/2/2019 23:35:8] /down
[28/2/2019 23:35:12] /t
[28/2/2019 23:35:13] /ghost
[28/2/2019 23:35:18] /b duvidas help
[28/2/2019 23:35:30] /t
[28/2/2019 23:35:32] /down
[28/2/2019 23:36:28] /t
[28/2/2019 23:37:40] /down
[28/2/2019 23:37:50] /goto lady archer
[28/2/2019 23:39:14] /m siperder
[28/2/2019 23:39:18] /m sipider
[28/2/2019 23:39:21] /t
[28/2/2019 23:39:57] /goto lady archer
[28/2/2019 23:40:4] /m Triple Medusa
[28/2/2019 23:40:5] /m Triple Medusa
[28/2/2019 23:40:5] /m Triple Medusa
[28/2/2019 23:41:49] /t
[28/2/2019 23:42:0] /c Lady Archer
[28/2/2019 23:42:17] /t
[28/2/2019 23:42:18] /down
[28/2/2019 23:42:19] /t
[28/2/2019 23:42:26] /ghost
[28/2/2019 23:42:28] /ghost
[28/2/2019 23:42:35] /save
[28/2/2019 23:43:45] /ghost
[28/2/2019 23:43:52] /goto Abelha de Patinete
[28/2/2019 23:44:5] /goto Profeta
[28/2/2019 23:44:9] /ghost
[28/2/2019 23:44:29] /i vip 15 dias
[28/2/2019 23:45:19] /t
[28/2/2019 23:45:24] /c Abelha de Patinete
[28/2/2019 23:47:25] /i vip 15 dias
[28/2/2019 23:47:39] /i backapck
[28/2/2019 23:49:1] /goto Lootzinho
[28/2/2019 23:49:4] /t
[28/2/2019 23:49:7] /r
[28/2/2019 23:49:34] /b fiz nova quest do shield donate o ot vai reiniciar jaja volta
[28/2/2019 23:49:52] /b fiz nova quest do shield donate o ot vai reiniciar jaja volta 1 minuto volta rlx ai rapaziada
[28/2/2019 23:49:54] /b fiz nova quest do shield donate o ot vai reiniciar jaja volta 1 minuto volta rlx ai rapaziada
[28/2/2019 23:49:55] /save
[28/2/2019 23:49:59] /b dei save
[28/2/2019 23:50:7] /b dei save
[28/2/2019 23:50:35] /b fiz nova quest do shield donate o ot vai reiniciar jaja volta 1 minuto volta rlx ai rapaziada /save 
[28/2/2019 23:50:44] /b fiz nova quest do shield donate o ot vai reiniciar jaja volta 1 minuto volta rlx ai rapaziada /save 
[28/2/2019 23:50:47] /save
[28/2/2019 23:50:51] /reload
[28/2/2019 23:51:11] /goto Paladina
[28/2/2019 23:51:14] /r
[28/2/2019 23:56:52] /goto 341, 330, 14
[28/2/2019 23:57:9] /t
[28/2/2019 23:57:13] /t
[28/2/2019 23:57:23] /t
[1/3/2019 0:7:49] /goto Paladina
[1/3/2019 0:9:3] /c paladina
[1/3/2019 0:10:48] /down
[1/3/2019 0:10:49] /down
[1/3/2019 0:11:37] /down
[1/3/2019 0:12:8] /goto paladino
[1/3/2019 0:12:9] /goto paladina
[1/3/2019 0:13:2] /r
[1/3/2019 0:13:6] /r
[1/3/2019 0:16:36] /goto Paladina
[1/3/2019 0:17:28] /c paladina
[1/3/2019 0:17:50] /goto Luh Warrior
[1/3/2019 0:18:33] /save
[1/3/2019 0:20:59] /ghost
[1/3/2019 0:21:21] /t
[1/3/2019 0:21:24] /save
[1/3/2019 0:25:15] /goto fly
[1/3/2019 0:26:30] /ghost
[1/3/2019 0:30:22] /t
[1/3/2019 0:30:36] /goto fly
[1/3/2019 0:35:8] /ghost
[1/3/2019 0:44:36] /t
[1/3/2019 1:11:25] /ghost
[1/3/2019 1:11:40] /ghost
[1/3/2019 1:12:15] /b ae galera vou reinciar o server volta em menos de 1 minuto
[1/3/2019 1:12:18] /save
[1/3/2019 1:12:22] /b /save
[1/3/2019 1:12:24] /save
[1/3/2019 1:14:0] /save
[1/3/2019 1:14:34] /a 4
[1/3/2019 1:14:35] /a 4
[1/3/2019 1:14:35] /a 4
[1/3/2019 1:14:35] /a 4
[1/3/2019 1:14:36] /a 4
[1/3/2019 1:14:36] /a 4
[1/3/2019 1:14:36] /a 4
[1/3/2019 1:14:36] /a 4
[1/3/2019 1:14:38] /ghost
[1/3/2019 1:14:38] /a 4
[1/3/2019 1:14:39] /a 4
[1/3/2019 1:14:39] /a 4
[1/3/2019 1:14:39] /a 4
[1/3/2019 1:14:40] /a 4
[1/3/2019 1:14:40] /a 4
[1/3/2019 1:14:40] /a 4
[1/3/2019 1:14:40] /a 4
[1/3/2019 1:14:41] /a 4
[1/3/2019 1:14:41] /a 4
[1/3/2019 1:14:41] /a 4
[1/3/2019 1:14:42] /a 4
[1/3/2019 1:15:3] /ghost
[1/3/2019 1:15:42] /r
[1/3/2019 1:15:47] /a 2
[1/3/2019 1:15:51] /a 5
[1/3/2019 1:16:1] /r
[1/3/2019 1:16:23] /up
[1/3/2019 1:16:33] /t
[1/3/2019 1:16:34] /ghost
[1/3/2019 1:16:40] /ghost
