[27/2/2019 20:22:21] /newtype 332
[27/2/2019 20:22:23] /ghost
[27/2/2019 20:24:59] /goto adm puto
[27/2/2019 20:27:44] /c julio viado
[27/2/2019 20:27:51] /ghost
[27/2/2019 20:27:54] /c ferrari black
[27/2/2019 20:27:56] /c ferrari black
[27/2/2019 20:29:59] /i 1777
[27/2/2019 20:30:4] /c adm puto
[27/2/2019 20:30:20] /ghost
[27/2/2019 20:30:40] /ghost
[27/2/2019 20:31:35] /ghost
[27/2/2019 20:31:42] /goto adm puto
[27/2/2019 20:31:48] /t
[27/2/2019 20:31:58] /c julio viado
[27/2/2019 20:40:3] /r
[27/2/2019 20:40:5] /r
[27/2/2019 20:40:16] /r
[27/2/2019 20:40:17] /r
[27/2/2019 20:40:17] /r
[27/2/2019 20:40:18] /clean
[27/2/2019 20:40:20] /clean
[27/2/2019 20:40:21] /clean
[27/2/2019 20:49:56] /goto adm puto
[27/2/2019 20:50:0] /t
[27/2/2019 20:50:30] /goto adm puto
[27/2/2019 20:50:37] /t
[27/2/2019 21:10:27] /goto julio viado
[27/2/2019 21:10:40] /bc 18:10 Julio Viado [834]: GUILD WAR ALGUEM 
[27/2/2019 21:10:41] /bc 18:10 Julio Viado [834]: GUILD WAR ALGUEM 
[27/2/2019 21:10:42] /bc 18:10 Julio Viado [834]: GUILD WAR ALGUEM 
[27/2/2019 21:10:42] /bc 18:10 Julio Viado [834]: GUILD WAR ALGUEM 
[27/2/2019 21:10:42] /bc 18:10 Julio Viado [834]: GUILD WAR ALGUEM 
[27/2/2019 21:12:18] /i baiakinho doll
[27/2/2019 21:35:43] /newtype 332
[27/2/2019 21:35:45] /ghost
[27/2/2019 21:35:54] /up
[27/2/2019 21:35:55] /up
[27/2/2019 21:35:55] /up
[27/2/2019 21:35:57] /a
[27/2/2019 21:35:57] /a
[27/2/2019 21:35:58] /up
[27/2/2019 21:36:1] /c adm puto
[27/2/2019 21:36:41] /goto adm puto
[27/2/2019 21:36:49] /newtype 332
[27/2/2019 21:36:51] /newtype 302
[27/2/2019 21:38:37] /ghost
[27/2/2019 21:38:38] /t
[27/2/2019 22:30:9] /goto adm puto
[27/2/2019 22:30:11] /ghost
[27/2/2019 22:31:2] /c super'man
[27/2/2019 22:32:58] /ghost
[27/2/2019 22:33:7] /t
[27/2/2019 22:33:23] /goto adm puto
[27/2/2019 22:33:25] /ghost
[27/2/2019 22:34:1] /ghost
[27/2/2019 22:47:24] /goto adm puto
[27/2/2019 22:47:33] /ghost
[27/2/2019 22:49:23] /ghost
[27/2/2019 22:50:25] /c adm puto
[27/2/2019 22:50:37] /ghost
[27/2/2019 22:56:46] /newtype 332
[27/2/2019 22:57:29] /ghost
[27/2/2019 22:57:33] /ghost
[27/2/2019 22:59:22] /newtype 332
[27/2/2019 22:59:26] /newtype 332
[27/2/2019 22:59:27] /newtype 332
[27/2/2019 23:1:7] /ghost
[27/2/2019 23:1:9] /goto adm puto
[27/2/2019 23:1:13] /goto fly
[27/2/2019 23:34:34] /goto fly
[27/2/2019 23:34:45] /attr
[27/2/2019 23:35:39] /up
[27/2/2019 23:35:42] /t
[27/2/2019 23:38:4] /bc CHAMEM SEUS PARA JOGA /MINERANDO /CONSEGUE /EVENT COINS /
[27/2/2019 23:38:4] /bc CHAMEM SEUS PARA JOGA /MINERANDO /CONSEGUE /EVENT COINS /
[27/2/2019 23:38:5] /bc CHAMEM SEUS PARA JOGA /MINERANDO /CONSEGUE /EVENT COINS /
[27/2/2019 23:38:5] /bc CHAMEM SEUS PARA JOGA /MINERANDO /CONSEGUE /EVENT COINS /
[27/2/2019 23:38:6] /bc CHAMEM SEUS PARA JOGA /MINERANDO /CONSEGUE /EVENT COINS /
[27/2/2019 23:38:6] /bc CHAMEM SEUS PARA JOGA /MINERANDO /CONSEGUE /EVENT COINS /
[27/2/2019 23:38:6] /bc CHAMEM SEUS PARA JOGA /MINERANDO /CONSEGUE /EVENT COINS /
[27/2/2019 23:40:1] /goto adm puto
[27/2/2019 23:40:8] /c julio viado
[27/2/2019 23:40:9] /t
[27/2/2019 23:42:27] /goto adm puto
[27/2/2019 23:42:36] /t julio viado
[27/2/2019 23:42:38] /t
[27/2/2019 23:43:29] /goto adm puto
[27/2/2019 23:43:31] /t
[27/2/2019 23:47:42] /goto adm puto
[27/2/2019 23:47:46] /ghost
[27/2/2019 23:47:51] /newtype 332
[27/2/2019 23:48:31] /ghost
[27/2/2019 23:49:2] /t
[27/2/2019 23:52:55] /kick Lukaz Overpowered
[28/2/2019 0:6:3] /goto julio viado
[28/2/2019 0:6:36] /m champiom tower
[28/2/2019 0:6:40] /m champion tower
[28/2/2019 0:6:41] /r
[28/2/2019 0:6:45] /t
[28/2/2019 0:11:0] /goto adm puto
[28/2/2019 0:11:3] /t
[28/2/2019 0:15:38] /bc 21:15 Julio Viado [829]: BORA PELEGO RAPAZIADA
[28/2/2019 0:15:39] /bc 21:15 Julio Viado [829]: BORA PELEGO RAPAZIADA
[28/2/2019 0:15:39] /bc 21:15 Julio Viado [829]: BORA PELEGO RAPAZIADA
[28/2/2019 0:15:40] /bc 21:15 Julio Viado [829]: BORA PELEGO RAPAZIADA
[28/2/2019 0:15:40] /bc 21:15 Julio Viado [829]: BORA PELEGO RAPAZIADA
[28/2/2019 0:15:45] /bc green  21:15 Julio Viado [829]: BORA PELEGO RAPAZIADA
[28/2/2019 0:15:46] /bc green  21:15 Julio Viado [829]: BORA PELEGO RAPAZIADA
[28/2/2019 0:15:47] /bc green  21:15 Julio Viado [829]: BORA PELEGO RAPAZIADA
[28/2/2019 0:15:47] /bc green  21:15 Julio Viado [829]: BORA PELEGO RAPAZIADA
[28/2/2019 0:19:55] /goto adm puto
[28/2/2019 0:20:0] /t
[28/2/2019 0:35:59] /m boss king baiakinho
[28/2/2019 0:38:26] /i bk elements bok
[28/2/2019 0:38:38] /i 11128
[28/2/2019 0:39:22] /t
[28/2/2019 0:53:23] /up
[28/2/2019 0:53:25] /down
[28/2/2019 0:53:42] /up
[28/2/2019 0:53:43] /up
[28/2/2019 0:53:43] /up
[28/2/2019 0:53:47] /c adm puto
[28/2/2019 0:53:57] /i /i 10968
[28/2/2019 0:53:58] /i 10968
[28/2/2019 0:54:6] /ghost
[28/2/2019 0:54:9] /r
[28/2/2019 0:54:9] /t
[28/2/2019 0:54:10] /ghost
[28/2/2019 0:54:36] /c adm puto
[28/2/2019 0:54:46] /t
[28/2/2019 0:54:47] /up
[28/2/2019 0:54:48] /up
[28/2/2019 0:54:48] /up
[28/2/2019 0:55:28] /c adm puto
[28/2/2019 0:55:30] /i 10968
[28/2/2019 0:55:36] /ghost
[28/2/2019 0:56:9] /i surprise box
[28/2/2019 0:56:49] /goto adm puto
[28/2/2019 0:57:50] /c adm puto
[28/2/2019 0:59:15] /c Ali Knight
[28/2/2019 0:59:21] /goto adm puto
[28/2/2019 0:59:24] /c adm puto
[28/2/2019 1:3:12] /bc teste
[28/2/2019 1:3:16] /bc green teste
[28/2/2019 1:4:42] /up
[28/2/2019 1:4:56] /c adm puto
[28/2/2019 1:5:1] /c adm puto
[28/2/2019 1:5:3] /c adm puto
[28/2/2019 1:5:33] /i 9445
[28/2/2019 1:5:36] /i 9446
[28/2/2019 1:5:38] /i 9444
[28/2/2019 1:5:40] /i 9444
[28/2/2019 1:5:45] /i 9443
[28/2/2019 1:5:47] /i 9447
[28/2/2019 1:5:49] /i 9447
[28/2/2019 1:5:50] /i 9448
[28/2/2019 1:5:51] /i 9449
[28/2/2019 1:5:52] /r
[28/2/2019 1:5:53] /r
[28/2/2019 1:6:7] /r
[28/2/2019 1:6:8] /r
[28/2/2019 1:6:10] /r
[28/2/2019 1:6:11] /r
[28/2/2019 1:6:12] /r
[28/2/2019 1:6:13] /goto adm
[28/2/2019 1:6:15] /goto adm puto
[28/2/2019 1:6:22] /ghost
[28/2/2019 1:6:39] /i 9449 
[28/2/2019 1:6:43] /i 9449 
[28/2/2019 1:6:46] /r
[28/2/2019 1:6:47] /r
[28/2/2019 1:6:48] /r
[28/2/2019 1:6:49] /r
[28/2/2019 1:6:52] /i 9449 
[28/2/2019 1:6:59] /i 9445
[28/2/2019 1:7:7] /i 9449 
[28/2/2019 1:7:9] /r
[28/2/2019 1:7:10] /r
[28/2/2019 1:7:13] /i 9449 
[28/2/2019 1:7:15] /r
[28/2/2019 1:7:18] /i 9445
[28/2/2019 1:7:26] /i 1777
[28/2/2019 1:7:26] /i 1777
[28/2/2019 1:7:27] /i 1777
[28/2/2019 1:7:28] /i 1777
[28/2/2019 1:7:29] /i 1777
[28/2/2019 1:7:38] /ghost
[28/2/2019 1:8:43] /goto adm puto
[28/2/2019 1:9:56] /down
[28/2/2019 1:9:58] /c adm puto
[28/2/2019 1:10:8] /goto adm puto
[28/2/2019 1:10:34] /down
[28/2/2019 1:10:36] /c fly
[28/2/2019 1:10:41] /c adm puto
[28/2/2019 1:10:45] /ghost
[28/2/2019 1:10:56] /t
[28/2/2019 1:11:0] /c adm puto
[28/2/2019 1:11:14] /r
[28/2/2019 1:11:16] /r
[28/2/2019 1:11:17] /r
[28/2/2019 1:11:18] /r
[28/2/2019 1:11:19] /r
[28/2/2019 1:12:34] /bc >>> QUEIRA FALA COM O ADM NORTH DO TEMPLO LOCALIZADO DO LADO DO TP DE EVENTO DICE <<<
[28/2/2019 1:13:30] /bc >>> QUEIRA FALA COM O ADM NORTH DO TEMPLO LOCALIZADO DO LADO DO TP DE EVENTO DICE <<<
[28/2/2019 1:14:39] /ghost
[28/2/2019 1:16:19] /m wolf
[28/2/2019 1:17:55] /r
[28/2/2019 1:18:22] /c adm puto
[28/2/2019 1:19:16] /clean
[28/2/2019 1:23:52] /newtype 332
[28/2/2019 1:23:54] /goto fly
[28/2/2019 1:23:57] /goto fly
[28/2/2019 1:24:35] /bc green-> Tem alguma Dúvida, Sugestões Ou Reclamações? Ou Até Gente Anunciando , Fale Com O ADM Flash Localizado Ao Norte Do Templo Ao Lado Do Dice Event.
[28/2/2019 1:24:59] /t
[28/2/2019 1:26:37] /c female
[28/2/2019 1:27:0] /i 10968
[28/2/2019 1:28:0] /bc -> Tem alguma Dúvida, Sugestões Ou Reclamações? Ou Até Gente Anunciando , Fale Com O ADM Flash Localizado Ao Norte Do Templo Ao Lado Do Dice Event.
[28/2/2019 1:28:45] /i 1777
[28/2/2019 1:28:59] /t
[28/2/2019 1:29:4] /a 2
[28/2/2019 1:34:20] /bc -> ADM Flash LOCALIZADO AO NORTE DO TEMPLO AO LADO DO EVENTO DICE ESTA AFK.
[28/2/2019 1:34:22] /bc -> Tem alguma Dúvida, Sugestões Ou Reclamações? Ou Até Gente Anunciando , Fale Com O ADM Flash Localizado Ao Norte Do Templo Ao Lado Do Dice Event.
[28/2/2019 1:37:40] /bc -> ADM Flash LOCALIZADO AO NORTE DO TEMPLO AO LADO DO EVENTO DICE ESTA AFK.
[28/2/2019 1:39:9] /bc -> ADM Flash LOCALIZADO AO NORTE DO TEMPLO AO LADO DO EVENTO DICE ESTA AFK.
[28/2/2019 1:40:1] /c katy
[28/2/2019 1:41:40] /bc -> ADM Flash LOCALIZADO AO NORTE DO TEMPLO AO LADO DO EVENTO DICE -> ESTA AFK NÃO INSISTA PFV.
[28/2/2019 1:44:28] /bc -> ADM Flash LOCALIZADO AO NORTE DO TEMPLO AO LADO DO EVENTO DICE -> ESTA AFK NÃO INSISTA PFV.
[28/2/2019 1:45:3] /bc -> ADM Flash LOCALIZADO AO NORTE DO TEMPLO AO LADO DO EVENTO DICE -> ESTA AFK NÃO INSISTA PFV.
[28/2/2019 1:45:4] /bc -> ADM Flash LOCALIZADO AO NORTE DO TEMPLO AO LADO DO EVENTO DICE -> ESTA AFK NÃO INSISTA PFV.
[28/2/2019 1:48:24] /bc -> ADM Flash LOCALIZADO AO NORTE DO TEMPLO AO LADO DO EVENTO DICE -> ESTA AFK NÃO INSISTA PFV.
[28/2/2019 1:50:20] /bc -> Tem alguma Dúvida, Sugestões Ou Reclamações? Ou Até Gente Anunciando , Fale Com O ADM Flash Localizado Ao Norte Do Templo Ao Lado Do Dice Event.
[28/2/2019 1:50:48] /t
[28/2/2019 1:50:51] /a 10
[28/2/2019 1:54:37] /bc -> Tem alguma Dúvida, Sugestões Ou Reclamações? Ou Até Gente Anunciando , Fale Com O ADM Flash Localizado Ao Norte Do Templo Ao Lado Do Dice Event.
[28/2/2019 1:57:9] /bc -> Evento Dice Norte Do Templo /\ Começa 23:00
[28/2/2019 1:57:19] /t
[28/2/2019 1:58:1] /bc -> Evento Dice Norte Do Templo /\ Começa 23:10
[28/2/2019 1:58:12] /i dodge stone
[28/2/2019 1:58:16] /i critical stone
[28/2/2019 1:58:21] /i double exp
[28/2/2019 1:58:22] /i double exp
[28/2/2019 1:58:22] /i double exp
[28/2/2019 1:58:27] /i greem gen
[28/2/2019 1:58:30] /i green gem
[28/2/2019 1:58:40] /i cave exclusiva
[28/2/2019 1:58:41] /i cave exclusiva
[28/2/2019 1:58:41] /i cave exclusiva
[28/2/2019 1:58:53] /i 9971
[28/2/2019 1:58:54] /i 9971
[28/2/2019 1:58:54] /i 9971
[28/2/2019 1:58:55] /i 9971
[28/2/2019 1:59:41] /i surprise box
[28/2/2019 1:59:42] /i surprise box
[28/2/2019 1:59:42] /i surprise box
[28/2/2019 2:1:21] /bc -> Evento Dice Norte Do Templo /\ Começa 23:10
[28/2/2019 2:1:57] /i surprise box
[28/2/2019 2:1:59] /i surprise box
[28/2/2019 2:1:59] /i surprise box
[28/2/2019 2:4:1] /i double exp
[28/2/2019 2:4:18] /t
[28/2/2019 2:4:29] /i 2346
[28/2/2019 2:4:40] /bc -> Evento Dice Norte Do Templo /\ Começa 23:10
[28/2/2019 2:4:57] /i 2346
[28/2/2019 2:4:58] /i 2346
[28/2/2019 2:5:10] /bc -> Evento Dice Norte Do Templo /\ Começa 23:10
[28/2/2019 2:7:5] /bc -> Evento Dice Norte Do Templo /\ Começa 23:10
[28/2/2019 2:7:17] /i 1777
[28/2/2019 2:7:18] /i 1777
[28/2/2019 2:7:18] /i 1777
[28/2/2019 2:7:18] /i 1777
[28/2/2019 2:7:19] /i 1777
[28/2/2019 2:7:20] /i 1777
[28/2/2019 2:7:20] /i 1777
[28/2/2019 2:7:24] /i 1777
[28/2/2019 2:7:25] /i 1777
[28/2/2019 2:7:25] /i 1777
[28/2/2019 2:7:37] /bc -> Evento Dice Norte Do Templo /\ Começa 23:10
[28/2/2019 2:7:40] /bc -> Evento Dice Norte Do Templo /\ Começou 23:10
[28/2/2019 2:8:13] /bc -> Evento Dice Norte Do Templo /\ Começa 23:10
[28/2/2019 2:8:14] /bc -> Evento Dice Norte Do Templo /\ Começa 23:10
[28/2/2019 2:8:14] /bc -> Evento Dice Norte Do Templo /\ Começa 23:10
[28/2/2019 2:8:14] /bc -> Evento Dice Norte Do Templo /\ Começa 23:10
[28/2/2019 2:8:15] /bc -> Evento Dice Norte Do Templo /\ Começa 23:10
[28/2/2019 2:8:15] /bc -> Evento Dice Norte Do Templo /\ Começa 23:10
[28/2/2019 2:8:15] /bc -> Evento Dice Norte Do Templo /\ Começa 23:10
[28/2/2019 2:8:15] /bc -> Evento Dice Norte Do Templo /\ Começa 23:10
[28/2/2019 2:8:16] /bc -> Evento Dice Norte Do Templo /\ Começa 23:10
[28/2/2019 2:8:16] /bc -> Evento Dice Norte Do Templo /\ Começa 23:10
[28/2/2019 2:8:16] /bc -> Evento Dice Norte Do Templo /\ Começa 23:10
[28/2/2019 2:8:17] /bc -> Evento Dice Norte Do Templo /\ Começa 23:10
[28/2/2019 2:8:17] /bc -> Evento Dice Norte Do Templo /\ Começa 23:10
[28/2/2019 2:8:17] /bc -> Evento Dice Norte Do Templo /\ Começa 23:10
[28/2/2019 2:8:17] /bc -> Evento Dice Norte Do Templo /\ Começa 23:10
[28/2/2019 2:8:18] /bc -> Evento Dice Norte Do Templo /\ Começa 23:10
[28/2/2019 2:8:33] /bc green /bc -> Evento Dice Norte Do Templo /\ Começa 23:10
[28/2/2019 2:8:34] /bc green /bc -> Evento Dice Norte Do Templo /\ Começa 23:10
[28/2/2019 2:8:34] /bc green /bc -> Evento Dice Norte Do Templo /\ Começa 23:10
[28/2/2019 2:8:35] /bc green /bc -> Evento Dice Norte Do Templo /\ Começa 23:10
[28/2/2019 2:8:35] /bc green /bc -> Evento Dice Norte Do Templo /\ Começa 23:10
[28/2/2019 2:8:36] /bc green /bc -> Evento Dice Norte Do Templo /\ Começa 23:10
[28/2/2019 2:8:36] /bc green /bc -> Evento Dice Norte Do Templo /\ Começa 23:10
[28/2/2019 2:8:36] /bc green /bc -> Evento Dice Norte Do Templo /\ Começa 23:10
[28/2/2019 2:8:37] /bc green /bc -> Evento Dice Norte Do Templo /\ Começa 23:10
[28/2/2019 2:8:37] /bc green /bc -> Evento Dice Norte Do Templo /\ Começa 23:10
[28/2/2019 2:8:38] /bc green /bc -> Evento Dice Norte Do Templo /\ Começa 23:10
[28/2/2019 2:8:38] /bc green /bc -> Evento Dice Norte Do Templo /\ Começa 23:10
[28/2/2019 2:8:38] /bc green /bc -> Evento Dice Norte Do Templo /\ Começa 23:10
[28/2/2019 2:8:39] /bc green /bc -> Evento Dice Norte Do Templo /\ Começa 23:10
[28/2/2019 2:8:39] /bc green /bc -> Evento Dice Norte Do Templo /\ Começa 23:10
[28/2/2019 2:8:58] /bc -> Evento Dice Norte Do Templo /\ Começa 23:10
[28/2/2019 2:8:58] /bc -> Evento Dice Norte Do Templo /\ Começa 23:10
[28/2/2019 2:8:58] /bc -> Evento Dice Norte Do Templo /\ Começa 23:10
[28/2/2019 2:8:59] /bc -> Evento Dice Norte Do Templo /\ Começa 23:10
[28/2/2019 2:8:59] /bc -> Evento Dice Norte Do Templo /\ Começa 23:10
[28/2/2019 2:8:59] /bc -> Evento Dice Norte Do Templo /\ Começa 23:10
[28/2/2019 2:8:59] /bc -> Evento Dice Norte Do Templo /\ Começa 23:10
[28/2/2019 2:9:0] /bc -> Evento Dice Norte Do Templo /\ Começa 23:10
[28/2/2019 2:9:0] /bc -> Evento Dice Norte Do Templo /\ Começa 23:10
[28/2/2019 2:9:0] /bc -> Evento Dice Norte Do Templo /\ Começa 23:10
[28/2/2019 2:9:8] /bc green -> Evento Dice Norte Do Templo /\ Começa 23:10
[28/2/2019 2:9:9] /bc green -> Evento Dice Norte Do Templo /\ Começa 23:10
[28/2/2019 2:9:10] /bc green -> Evento Dice Norte Do Templo /\ Começa 23:10
[28/2/2019 2:9:11] /bc green -> Evento Dice Norte Do Templo /\ Começa 23:10
[28/2/2019 2:9:11] /bc green -> Evento Dice Norte Do Templo /\ Começa 23:10
[28/2/2019 2:9:12] /bc green -> Evento Dice Norte Do Templo /\ Começa 23:10
[28/2/2019 2:9:27] /t
[28/2/2019 2:9:48] /bc -> Evento Dice Norte Do Templo /\ Começa 23:10
[28/2/2019 2:9:48] /bc -> Evento Dice Norte Do Templo /\ Começa 23:10
[28/2/2019 2:9:49] /bc -> Evento Dice Norte Do Templo /\ Começa 23:10/bc -> Evento Dice Norte Do Templo /\ Começa 23:10
[28/2/2019 2:9:54] /bc -> Evento Dice Norte Do Templo /\ Começa 23:10
[28/2/2019 2:9:54] /bc -> Evento Dice Norte Do Templo /\ Começa 23:10
[28/2/2019 2:9:54] /bc -> Evento Dice Norte Do Templo /\ Começa 23:10
[28/2/2019 2:9:55] /bc -> Evento Dice Norte Do Templo /\ Começa 23:10
[28/2/2019 2:10:6] /bc -> Evento Dice Norte Do Templo /\ Começa 23:10
[28/2/2019 2:10:8] /bc -> Evento Dice Norte Do Templo /\ Começou 23:10
[28/2/2019 2:10:9] /r
[28/2/2019 2:10:12] /ghost
[28/2/2019 2:10:22] /down
[28/2/2019 2:10:24] /down
[28/2/2019 2:10:26] /down
[28/2/2019 2:10:27] /up
[28/2/2019 2:10:29] /up
[28/2/2019 2:10:31] /ghost
[28/2/2019 2:10:51] /bc -> Evento Dice Norte Do Templo /\ Começou 23:10
[28/2/2019 2:10:51] /bc -> Evento Dice Norte Do Templo /\ Começou 23:10
[28/2/2019 2:10:51] /bc -> Evento Dice Norte Do Templo /\ Começou 23:10
[28/2/2019 2:10:51] /bc -> Evento Dice Norte Do Templo /\ Começou 23:10
[28/2/2019 2:10:52] /bc -> Evento Dice Norte Do Templo /\ Começou 23:10
[28/2/2019 2:10:52] /bc -> Evento Dice Norte Do Templo /\ Começou 23:10
[28/2/2019 2:10:52] /bc -> Evento Dice Norte Do Templo /\ Começou 23:10
[28/2/2019 2:10:52] /bc -> Evento Dice Norte Do Templo /\ Começou 23:10
[28/2/2019 2:10:53] /bc -> Evento Dice Norte Do Templo /\ Começou 23:10
[28/2/2019 2:13:16] /bc -> Evento Dice Norte Do Templo /\ Começou 23:10
[28/2/2019 2:14:20] /a 2
[28/2/2019 2:15:42] /bc EVENTO DICE ACABA 23:25
[28/2/2019 2:15:45] /bc EVENTO DICE ACABA 23:25
[28/2/2019 2:16:7] /bc -> Evento Dice Norte Do Templo /\ Começa 23:10
[28/2/2019 2:16:16] /bc -> EVENTO DICE ACABA 23:25
[28/2/2019 2:19:36] /bc -> EVENTO DICE ACABA 23:25
[28/2/2019 2:22:1] /c assassino
[28/2/2019 2:22:3] /c assassino
[28/2/2019 2:22:56] /bc -> EVENTO DICE ACABA 23:25
[28/2/2019 2:24:30] /i 1777
[28/2/2019 2:25:32] /i 1777
[28/2/2019 2:25:43] /i 177
[28/2/2019 2:25:44] /i 177
[28/2/2019 2:25:47] /i 1777
[28/2/2019 2:25:47] /i 1777
[28/2/2019 2:25:54] /r
[28/2/2019 2:25:58] /i 1777
[28/2/2019 2:25:59] /i 1777
[28/2/2019 2:25:59] /i 1777
[28/2/2019 2:26:0] /i 1777
[28/2/2019 2:26:3] /i 1777
[28/2/2019 2:26:4] /i 1777
[28/2/2019 2:26:4] /i 1777
[28/2/2019 2:26:5] /i 1777
[28/2/2019 2:26:12] /i 1777
[28/2/2019 2:26:13] /r
[28/2/2019 2:26:15] /r
[28/2/2019 2:26:20] /i 1777
[28/2/2019 2:26:28] /i 1777
[28/2/2019 2:26:29] /i 1777
[28/2/2019 2:26:31] /i 1777
[28/2/2019 2:26:33] /i 1777
[28/2/2019 2:26:35] /i 1777
[28/2/2019 2:26:37] /i 1777
[28/2/2019 2:26:40] /r
[28/2/2019 2:26:50] /r
[28/2/2019 2:26:52] /r
[28/2/2019 2:26:54] /r
[28/2/2019 2:26:57] /i 177
[28/2/2019 2:27:0] /i 1777
[28/2/2019 2:27:2] /r
[28/2/2019 2:27:38] /i 1777
[28/2/2019 2:27:48] /i 1777
[28/2/2019 2:28:7] /clean
[28/2/2019 2:28:9] /t
[28/2/2019 2:28:11] /t
[28/2/2019 2:28:26] /m addon doll
[28/2/2019 2:28:33] /attr /cannotmove 3
[28/2/2019 2:28:47] /bc ADDON DOLL SUMONER EMFRENTE AO TEMPLO VENHA BRIGA PELO LOOT
[28/2/2019 2:28:48] /bc ADDON DOLL SUMONER EMFRENTE AO TEMPLO VENHA BRIGA PELO LOOT
[28/2/2019 2:28:48] /bc ADDON DOLL SUMONER EMFRENTE AO TEMPLO VENHA BRIGA PELO LOOT
[28/2/2019 2:28:49] /bc ADDON DOLL SUMONER EMFRENTE AO TEMPLO VENHA BRIGA PELO LOOT
[28/2/2019 2:28:49] /bc ADDON DOLL SUMONER EMFRENTE AO TEMPLO VENHA BRIGA PELO LOOT
[28/2/2019 2:29:51] /addskill Detonatudoo,level,3
[28/2/2019 2:30:6] /addskill Detonatudoo,level,1
[28/2/2019 2:30:9] /addskill Detonatudoo,level,5
[28/2/2019 2:31:15] /m winter wolf
[28/2/2019 2:31:16] /m winter wolf
[28/2/2019 2:31:37] /r
[28/2/2019 2:31:39] /r
[28/2/2019 2:31:42] /bc -> Tem alguma Dúvida, Sugestões Ou Reclamações? Ou Até Gente Anunciando , Fale Com O ADM Flash Localizado Ao Norte Do Templo Ao Lado Do Dice Event.
[28/2/2019 2:32:20] /bc -> ADM Flash LOCALIZADO AO NORTE DO TEMPLO AO LADO DO EVENTO DICE -> ESTA AFK NÃO INSISTA PFV.
[28/2/2019 2:32:23] /bc -> Tem alguma Dúvida, Sugestões Ou Reclamações? Ou Até Gente Anunciando , Fale Com O ADM Flash Localizado Ao Norte Do Templo Ao Lado Do Dice Event.
[28/2/2019 2:35:43] /bc -> Tem alguma Dúvida, Sugestões Ou Reclamações? Ou Até Gente Anunciando , Fale Com O ADM Flash Localizado Ao Norte Do Templo Ao Lado Do Dice Event.
[28/2/2019 2:39:3] /bc -> Tem alguma Dúvida, Sugestões Ou Reclamações? Ou Até Gente Anunciando , Fale Com O ADM Flash Localizado Ao Norte Do Templo Ao Lado Do Dice Event.
[28/2/2019 2:39:15] /c oxxy
[28/2/2019 2:40:28] /i 6858
[28/2/2019 2:40:28] /i 6858
[28/2/2019 2:40:29] /i 6858
[28/2/2019 2:40:29] /i 6858
[28/2/2019 2:40:30] /i 6858
[28/2/2019 2:40:30] /i 6858
[28/2/2019 2:40:31] /i 6858
[28/2/2019 2:40:36] /c oxxy
[28/2/2019 2:41:19] /r
[28/2/2019 2:41:43] /i 6858
[28/2/2019 2:41:46] /c oxxy
[28/2/2019 2:42:23] /bc -> Tem alguma Dúvida, Sugestões Ou Reclamações? Ou Até Gente Anunciando , Fale Com O ADM Flash Localizado Ao Norte Do Templo Ao Lado Do Dice Event.
[28/2/2019 2:42:25] /b algum kight pramim fazer um test
[28/2/2019 2:42:26] /b algum kight pramim fazer um test
[28/2/2019 2:42:27] /b algum kight pramim fazer um test
[28/2/2019 2:42:30] /b algum kight pramim fazer um test
[28/2/2019 2:42:31] /b algum kight pramim fazer um test
[28/2/2019 2:42:32] /b algum kight pramim fazer um test
[28/2/2019 2:42:33] /b algum kight pramim fazer um test
[28/2/2019 2:42:33] /b algum kight pramim fazer um test
[28/2/2019 2:42:34] /b algum kight pramim fazer um test
[28/2/2019 2:42:34] /b algum kight pramim fazer um test
[28/2/2019 2:42:35] /b algum kight pramim fazer um test
[28/2/2019 2:42:35] /b algum kight pramim fazer um test
[28/2/2019 2:42:39] /bc green algum kight pramim fazer um test
[28/2/2019 2:42:40] /bc green algum kight pramim fazer um test
[28/2/2019 2:42:41] /bc green algum kight pramim fazer um test
[28/2/2019 2:42:41] /bc green algum kight pramim fazer um test
[28/2/2019 2:42:41] /bc green algum kight pramim fazer um test
[28/2/2019 2:42:42] /bc green algum kight pramim fazer um test
[28/2/2019 2:42:42] /bc green algum kight pramim fazer um test
[28/2/2019 2:42:54] /c Oxxy
[28/2/2019 2:43:1] /c Jhonny Wallker
[28/2/2019 2:43:17] /r
[28/2/2019 2:43:39] /i 6858
[28/2/2019 2:43:44] /c Jhonny Wallker
[28/2/2019 2:43:50] /c Oxxy
[28/2/2019 2:45:6] /addskill Oxxy,level,4
[28/2/2019 2:46:5] /addskill Jhonny Wallker,level,4
[28/2/2019 2:46:22] /addskill Oxxy,level,2
[28/2/2019 2:46:28] /t oxxy
[28/2/2019 2:46:35] /t Jhonny Wallker
[28/2/2019 2:46:37] /r
[28/2/2019 2:46:38] /r
[28/2/2019 2:46:39] /r
[28/2/2019 2:46:40] /r
[28/2/2019 2:46:41] /r
[28/2/2019 2:46:42] /r
[28/2/2019 2:46:42] /r
[28/2/2019 2:46:43] /r
[28/2/2019 2:46:51] /goto oxxy
[28/2/2019 2:46:58] /bc -> Tem alguma Dúvida, Sugestões Ou Reclamações? Ou Até Gente Anunciando , Fale Com O ADM Flash Localizado Ao Norte Do Templo Ao Lado Do Dice Event.
[28/2/2019 2:47:3] /t
[28/2/2019 2:48:17] /a 10
[28/2/2019 2:48:34] /goto pally rush
[28/2/2019 2:48:41] /goto pally rush
[28/2/2019 2:48:47] /t
[28/2/2019 2:48:56] /bc -> Tem alguma Dúvida, Sugestões Ou Reclamações? Ou Até Gente Anunciando , Fale Com O ADM Flash Localizado Ao Norte Do Templo Ao Lado Do Dice Event.
[28/2/2019 2:50:16] /bc Mensagem Privado BLOQUEADO
[28/2/2019 2:50:17] /bc Mensagem Privado BLOQUEADO
[28/2/2019 2:50:18] /bc Mensagem Privado BLOQUEADO
[28/2/2019 2:50:27] /bc SOMENTE PESSOALMENTE
[28/2/2019 2:50:28] /bc SOMENTE PESSOALMENTE
[28/2/2019 2:50:29] /bc SOMENTE PESSOALMENTE
[28/2/2019 2:53:6] /bc -> Tem alguma Dúvida, Sugestões Ou Reclamações? Ou Até Gente Anunciando , Fale Com O ADM Flash Localizado Ao Norte Do Templo Ao Lado Do Dice Event MENSAEGEM PRIVATE BLOQUEADO..
[28/2/2019 2:53:8] /bc -> Tem alguma Dúvida, Sugestões Ou Reclamações? Ou Até Gente Anunciando , Fale Com O ADM Flash Localizado Ao Norte Do Templo Ao Lado Do Dice Event MENSAEGEM PRIVATE BLOQUEADO..
[28/2/2019 2:54:1] /bc -> Tem alguma Dúvida, Sugestões Ou Reclamações? Ou Até Gente Anunciando , Fale Com O ADM Flash Localizado Ao Norte Do Templo Ao Lado Do Dice Event ..
[28/2/2019 2:57:21] /bc -> Tem alguma Dúvida, Sugestões Ou Reclamações? Ou Até Gente Anunciando , Fale Com O ADM Flash Localizado Ao Norte Do Templo Ao Lado Do Dice Event ..
[28/2/2019 2:58:46] /bc EVENTO TOWER AMANHÃ ASSIM QUE BATER 70 ONLINE VALENDO ( ITENS DONATE)
[28/2/2019 2:58:47] /bc EVENTO TOWER AMANHÃ ASSIM QUE BATER 70 ONLINE VALENDO ( ITENS DONATE)
[28/2/2019 2:58:47] /bc EVENTO TOWER AMANHÃ ASSIM QUE BATER 70 ONLINE VALENDO ( ITENS DONATE)
[28/2/2019 2:58:48] /bc EVENTO TOWER AMANHÃ ASSIM QUE BATER 70 ONLINE VALENDO ( ITENS DONATE)
[28/2/2019 3:0:41] /bc -> Tem alguma Dúvida, Sugestões Ou Reclamações? Ou Até Gente Anunciando , Fale Com O ADM Flash Localizado Ao Norte Do Templo Ao Lado Do Dice Event ..
[28/2/2019 3:1:37] /bc -> ADM Flash LOCALIZADO AO NORTE DO TEMPLO AO LADO DO EVENTO DICE -> ESTA AFK NÃO INSISTA PFV.
[28/2/2019 3:1:37] /bc -> ADM Flash LOCALIZADO AO NORTE DO TEMPLO AO LADO DO EVENTO DICE -> ESTA AFK NÃO INSISTA PFV.
[28/2/2019 3:4:57] /bc -> ADM Flash LOCALIZADO AO NORTE DO TEMPLO AO LADO DO EVENTO DICE -> ESTA AFK NÃO INSISTA PFV.
[28/2/2019 3:8:17] /bc -> ADM Flash LOCALIZADO AO NORTE DO TEMPLO AO LADO DO EVENTO DICE -> ESTA AFK NÃO INSISTA PFV.
[28/2/2019 3:11:37] /bc -> ADM Flash LOCALIZADO AO NORTE DO TEMPLO AO LADO DO EVENTO DICE -> ESTA AFK NÃO INSISTA PFV.
[28/2/2019 3:14:57] /bc -> ADM Flash LOCALIZADO AO NORTE DO TEMPLO AO LADO DO EVENTO DICE -> ESTA AFK NÃO INSISTA PFV.
[28/2/2019 3:18:17] /bc -> ADM Flash LOCALIZADO AO NORTE DO TEMPLO AO LADO DO EVENTO DICE -> ESTA AFK NÃO INSISTA PFV.
[28/2/2019 3:21:0] /bc -> Tem alguma Dúvida, Sugestões Ou Reclamações? Ou Até Gente Anunciando , Fale Com O ADM Flash Localizado Ao Norte Do Templo Ao Lado Do Dice Event ..
[28/2/2019 3:21:4] /bc -> Tem alguma Dúvida, Sugestões Ou Reclamações? Ou Até Gente Anunciando , Fale Com O ADM Flash Localizado Ao Norte Do Templo Ao Lado Do Dice Event ..
[28/2/2019 3:21:6] /c pally rush
[28/2/2019 3:22:44] /bc -> Tem alguma Dúvida, Sugestões Ou Reclamações? Ou Até Gente Anunciando , Fale Com O ADM Flash Localizado Ao Norte Do Templo Ao Lado Do Dice Event ..
[28/2/2019 3:23:22] /bc -> ADM Flash LOCALIZADO AO NORTE DO TEMPLO AO LADO DO EVENTO DICE -> ESTA AFK NÃO INSISTA PFV.
[28/2/2019 3:26:17] /attr group 3
[28/2/2019 3:26:17] /r
[28/2/2019 3:26:42] /c Jhonny Wallker
[28/2/2019 3:26:58] /b
[28/2/2019 3:27:26] /attr group 0
[28/2/2019 3:27:37] /promote Jhonny Wallker
[28/2/2019 3:27:39] /promote Jhonny Wallker
[28/2/2019 3:27:43] /promote Jhonny Wallker
[28/2/2019 3:27:48] /promote Jhonny Wallker
[28/2/2019 3:27:51] /attr group 0
[28/2/2019 3:27:53] /promote Jhonny Wallker
[28/2/2019 3:27:54] /promote Jhonny Wallker
[28/2/2019 3:27:55] /promote Jhonny Wallker
[28/2/2019 3:28:1] /r
[28/2/2019 3:28:50] /bc  DUVIDAS NO CHAT AJUDA PROCURA POR NICK:Jhonny Wallker
[28/2/2019 3:28:59] /bc  DUVIDAS NO CHAT AJUDA PROCURA POR NICK:Jhonny Wallker
[28/2/2019 3:29:41] /bc -> ADM Flash LOCALIZADO AO NORTE DO TEMPLO AO LADO DO EVENTO DICE -> ESTA AFK NÃO INSISTA PFV.
[28/2/2019 3:30:46] /bc  -> DUVIDAS NO CHAT AJUDA PROCURA POR NICK:Jhonny Wallker
[28/2/2019 3:31:9] /ghost
[28/2/2019 3:31:14] /goto jhonny walker
[28/2/2019 3:31:20] /goto jhoonny walker
[28/2/2019 3:31:23] /goto jhonny walker
[28/2/2019 3:31:36] /goto Jhonny Wallker
[28/2/2019 3:31:44] /ghost
[28/2/2019 3:32:29] /attr cannotmove 3
[28/2/2019 3:33:1] /bc -> ADM Flash LOCALIZADO AO NORTE DO TEMPLO AO LADO DO EVENTO DICE -> ESTA AFK NÃO INSISTA PFV.
[28/2/2019 3:34:6] /bc  -> DUVIDAS NO CHAT AJUDA PROCURA POR NICK:Jhonny Wallker
[28/2/2019 3:36:21] /bc -> ADM Flash LOCALIZADO AO NORTE DO TEMPLO AO LADO DO EVENTO DICE -> ESTA AFK NÃO INSISTA PFV.
[28/2/2019 3:37:23] /t
[28/2/2019 3:37:26] /bc  -> DUVIDAS NO CHAT AJUDA PROCURA POR NICK:Jhonny Wallker
[28/2/2019 3:37:35] /bc -> ADM Flash LOCALIZADO AO NORTE DO TEMPLO AO LADO DO EVENTO DICE -> ESTA AFK NÃO INSISTA PFV.
[28/2/2019 3:37:36] /bc -> Tem alguma Dúvida, Sugestões Ou Reclamações? Ou Até Gente Anunciando , Fale Com O ADM Flash Localizado Ao Norte Do Templo Ao Lado Do Dice Event ..
[28/2/2019 3:38:25] /a 10
[28/2/2019 3:38:40] /m guarda costa do god
[28/2/2019 3:38:41] /m guarda costa do god
[28/2/2019 3:38:42] /m guarda costa do god
[28/2/2019 3:38:47] /m guarda costas do god
[28/2/2019 3:38:48] /m guarda costas do god
[28/2/2019 3:39:31] /r
[28/2/2019 3:39:32] /r
[28/2/2019 3:39:40] /a 10
[28/2/2019 3:39:48] /m protect king
[28/2/2019 3:40:15] /r
[28/2/2019 3:40:22] /t
[28/2/2019 3:40:42] /r
[28/2/2019 3:40:45] /r
[28/2/2019 3:40:46] /r
[28/2/2019 3:40:46] /bc  -> DUVIDAS NO CHAT AJUDA PROCURA POR NICK:Jhonny Wallker
[28/2/2019 3:40:49] /r
[28/2/2019 3:40:53] /a 5
[28/2/2019 3:40:54] /m DWARF GUARD
[28/2/2019 3:40:56] /bc -> Tem alguma Dúvida, Sugestões Ou Reclamações? Ou Até Gente Anunciando , Fale Com O ADM Flash Localizado Ao Norte Do Templo Ao Lado Do Dice Event ..
[28/2/2019 3:41:1] /r
[28/2/2019 3:41:37] /r
[28/2/2019 3:41:38] /r
[28/2/2019 3:41:41] /r
[28/2/2019 3:41:45] /m BLACK KNIGHT
[28/2/2019 3:41:49] /r
[28/2/2019 3:42:40] /bc  -> DUVIDAS NO CHAT AJUDA PROCURA POR NICK:Jhonny Wallker
[28/2/2019 3:43:56] /m wolf
[28/2/2019 3:44:0] /m white wolf
[28/2/2019 3:44:5] /i wolf white
[28/2/2019 3:44:12] /bc qual nome da quele lobo branco
[28/2/2019 3:44:16] /bc -> Tem alguma Dúvida, Sugestões Ou Reclamações? Ou Até Gente Anunciando , Fale Com O ADM Flash Localizado Ao Norte Do Templo Ao Lado Do Dice Event ..
[28/2/2019 3:44:16] /i withe wolf
[28/2/2019 3:44:51] /m wolf
[28/2/2019 3:44:52] /m wolf
[28/2/2019 3:45:10] /t
[28/2/2019 3:45:29] /m with wolf
[28/2/2019 3:45:33] /m with wolf
[28/2/2019 3:45:41] /m wolf with
[28/2/2019 3:45:57] /m waith wolf
[28/2/2019 3:46:0] /bc  -> DUVIDAS NO CHAT AJUDA PROCURA POR NICK:Jhonny Wallker
[28/2/2019 3:46:23] /bc Alibabah nn
[28/2/2019 3:46:25] /goto Alibabah
[28/2/2019 3:46:44] /m wither wlf
[28/2/2019 3:46:46] /m wither wolf
[28/2/2019 3:46:54] /m winter wolf
[28/2/2019 3:47:13] /r
[28/2/2019 3:47:19] /r
[28/2/2019 3:47:36] /t
[28/2/2019 3:47:40] /r
[28/2/2019 3:47:41] /r
[28/2/2019 3:47:45] /m Winter Wolf
[28/2/2019 3:47:46] /m Winter Wolf
[28/2/2019 3:47:59] /bc -> ADM Flash LOCALIZADO AO NORTE DO TEMPLO AO LADO DO EVENTO DICE -> ESTA AFK NÃO INSISTA PFV.
[28/2/2019 3:49:20] /bc  -> DUVIDAS NO CHAT AJUDA PROCURA POR NICK:Jhonny Wallker
[28/2/2019 3:51:19] /bc -> ADM Flash LOCALIZADO AO NORTE DO TEMPLO AO LADO DO EVENTO DICE -> ESTA AFK NÃO INSISTA PFV.
[28/2/2019 3:51:45] /goto jhoony walker
[28/2/2019 3:51:50] /goto alibabah
[28/2/2019 3:51:53] /r
[28/2/2019 3:51:58] /r
[28/2/2019 3:52:4] /r
[28/2/2019 3:52:6] /r
[28/2/2019 3:52:13] /r
[28/2/2019 3:52:40] /bc  -> DUVIDAS NO CHAT AJUDA PROCURA POR NICK:Jhonny Wallker
[28/2/2019 3:53:14] /c oxxy
[28/2/2019 3:53:34] /a 10
[28/2/2019 3:54:39] /bc -> ADM Flash LOCALIZADO AO NORTE DO TEMPLO AO LADO DO EVENTO DICE -> ESTA AFK NÃO INSISTA PFV.
[28/2/2019 3:54:41] /t
[28/2/2019 3:54:48] /goto alibabah
[28/2/2019 3:55:4] /ghost
[28/2/2019 3:55:4] /t
[28/2/2019 3:55:11] /ghost
[28/2/2019 3:55:23] /goto alibabah
[28/2/2019 3:55:35] /r
[28/2/2019 3:55:52] /ghost
[28/2/2019 3:55:58] /t
[28/2/2019 3:56:0] /bc  -> DUVIDAS NO CHAT AJUDA PROCURA POR NICK:Jhonny Wallker
[28/2/2019 3:56:1] /ghost
[28/2/2019 3:57:59] /bc -> ADM Flash LOCALIZADO AO NORTE DO TEMPLO AO LADO DO EVENTO DICE -> ESTA AFK NÃO INSISTA PFV.
[28/2/2019 3:59:20] /bc  -> DUVIDAS NO CHAT AJUDA PROCURA POR NICK:Jhonny Wallker
[28/2/2019 4:1:19] /bc -> ADM Flash LOCALIZADO AO NORTE DO TEMPLO AO LADO DO EVENTO DICE -> ESTA AFK NÃO INSISTA PFV.
[28/2/2019 4:2:40] /bc  -> DUVIDAS NO CHAT AJUDA PROCURA POR NICK:Jhonny Wallker
[28/2/2019 4:4:39] /bc -> ADM Flash LOCALIZADO AO NORTE DO TEMPLO AO LADO DO EVENTO DICE -> ESTA AFK NÃO INSISTA PFV.
[28/2/2019 4:6:0] /bc  -> DUVIDAS NO CHAT AJUDA PROCURA POR NICK:Jhonny Wallker
[28/2/2019 4:7:59] /bc -> ADM Flash LOCALIZADO AO NORTE DO TEMPLO AO LADO DO EVENTO DICE -> ESTA AFK NÃO INSISTA PFV.
[28/2/2019 4:9:20] /bc  -> DUVIDAS NO CHAT AJUDA PROCURA POR NICK:Jhonny Wallker
[28/2/2019 4:11:19] /bc -> ADM Flash LOCALIZADO AO NORTE DO TEMPLO AO LADO DO EVENTO DICE -> ESTA AFK NÃO INSISTA PFV.
[28/2/2019 4:12:40] /bc  -> DUVIDAS NO CHAT AJUDA PROCURA POR NICK:Jhonny Wallker
[28/2/2019 4:14:39] /bc -> ADM Flash LOCALIZADO AO NORTE DO TEMPLO AO LADO DO EVENTO DICE -> ESTA AFK NÃO INSISTA PFV.
[28/2/2019 4:16:0] /bc  -> DUVIDAS NO CHAT AJUDA PROCURA POR NICK:Jhonny Wallker
[28/2/2019 4:17:1] /goto
[28/2/2019 4:17:3] /ghost
[28/2/2019 4:17:26] /goto  Jhonny Wallker
[28/2/2019 4:17:31] /ghost
[28/2/2019 4:17:49] /ghost
[28/2/2019 4:17:59] /bc -> ADM Flash LOCALIZADO AO NORTE DO TEMPLO AO LADO DO EVENTO DICE -> ESTA AFK NÃO INSISTA PFV.
[28/2/2019 4:18:20] /ghost
[28/2/2019 4:18:24] /r
[28/2/2019 4:18:26] /r
[28/2/2019 4:18:27] /r
[28/2/2019 4:18:30] /r
[28/2/2019 4:18:47] /ghost
[28/2/2019 4:19:20] /bc  -> DUVIDAS NO CHAT AJUDA PROCURA POR NICK:Jhonny Wallker
[28/2/2019 4:19:22] /i 2346
[28/2/2019 4:19:52] /i surprise box
[28/2/2019 4:19:53] /i surprise box
[28/2/2019 4:20:22] /clean
[28/2/2019 4:20:27] /ghost
[28/2/2019 4:20:31] /ghost
[28/2/2019 4:20:50] /r
[28/2/2019 4:21:3] /m champiom tower
[28/2/2019 4:21:9] /t
[28/2/2019 4:21:10] /ghost
[28/2/2019 4:21:17] /bc -> ADM Flash LOCALIZADO AO NORTE DO TEMPLO AO LADO DO EVENTO DICE -> ESTA AFK NÃO INSISTA PFV.
[28/2/2019 4:22:40] /bc  -> DUVIDAS NO CHAT AJUDA PROCURA POR NICK:Jhonny Wallker
[28/2/2019 4:23:31] /goto verrat
[28/2/2019 4:23:33] /goto verrati
[28/2/2019 4:23:38] /t
[28/2/2019 4:23:39] /ghost
[28/2/2019 4:23:44] /ghost
[28/2/2019 4:24:17] /bc  -> DUVIDAS NO CHAT AJUDA PROCURA POR NICK:Jhonny Wallker
[28/2/2019 4:24:18] /bc -> ADM Flash LOCALIZADO AO NORTE DO TEMPLO AO LADO DO EVENTO DICE -> ESTA AFK NÃO INSISTA PFV.
[28/2/2019 4:24:49] /bc saindo aki duvidas fala com o tutor
[28/2/2019 4:24:52] /bc saindo aki duvidas fala com o tutor
[28/2/2019 4:24:53] /ghost
[28/2/2019 4:25:3] /goto jhoony walker
[28/2/2019 4:25:5] /ghost
[28/2/2019 4:25:9] /bc -> Tem alguma Dúvida, Sugestões Ou Reclamações? Ou Até Gente Anunciando , Fale Com O ADM Flash Localizado Ao Norte Do Templo Ao Lado Do Dice Event ..
[28/2/2019 4:26:11] /a 5
[28/2/2019 4:26:55] /attr health -9999999
[28/2/2019 4:27:0] /r all
[28/2/2019 4:27:4] /attr health -9999999
[28/2/2019 4:27:7] /r
[28/2/2019 4:27:14] /attr health -9999999
[28/2/2019 4:27:18] /attr health -9999999
[28/2/2019 4:27:21] /attr health -9999999
[28/2/2019 4:27:26] /r
[28/2/2019 4:27:37] /bc  -> DUVIDAS NO CHAT AJUDA PROCURA POR NICK:Jhonny Wallker
[28/2/2019 4:27:44] /c Guerreiro do Hp
[28/2/2019 4:27:53] /attr health -9999999
[28/2/2019 4:28:5] /ghost
[28/2/2019 4:28:29] /i bk elements book
[28/2/2019 4:28:31] /t
[28/2/2019 4:28:44] /goto guerreiro do hp
[28/2/2019 4:28:51] /i bk aura
[28/2/2019 4:29:6] /ghost
[28/2/2019 4:29:57] /ghost
[28/2/2019 4:30:49] /goto Jhonny Wallker
[28/2/2019 4:30:52] /ghost
[28/2/2019 4:30:57] /bc  -> DUVIDAS NO CHAT AJUDA PROCURA POR NICK:Jhonny Wallker
[28/2/2019 4:31:57] /a 10
[28/2/2019 4:32:5] /i 1777
[28/2/2019 4:32:39] /r all
[28/2/2019 4:33:21] /up
[28/2/2019 4:33:22] /up
[28/2/2019 4:33:25] /c alibabah
[28/2/2019 4:34:17] /bc  -> DUVIDAS NO CHAT AJUDA PROCURA POR NICK:Jhonny Wallker
[28/2/2019 4:34:19] /t
[28/2/2019 4:34:23] /t
[28/2/2019 4:34:44] /c alibabah
[28/2/2019 4:36:45] /goto oxxy
[28/2/2019 4:36:48] /c alibabah
[28/2/2019 4:36:55] /ghost
[28/2/2019 4:37:37] /bc  -> DUVIDAS NO CHAT AJUDA PROCURA POR NICK:Jhonny Wallker
[28/2/2019 4:37:52] /t
[28/2/2019 4:37:56] /ghost
[28/2/2019 4:37:58] /bc -> ADM Flash LOCALIZADO AO NORTE DO TEMPLO AO LADO DO EVENTO DICE -> ESTA AFK NÃO INSISTA PFV.
[28/2/2019 4:38:17] /ghost
[28/2/2019 4:38:19] /goto alibabah
[28/2/2019 4:38:22] /t
[28/2/2019 4:38:25] /goto alibabah
[28/2/2019 4:38:31] /clean
[28/2/2019 4:38:39] /clean
[28/2/2019 4:38:45] /clean
[28/2/2019 4:39:9] /t
[28/2/2019 4:39:14] /ghost
[28/2/2019 4:40:4] /goto jhoony walker
[28/2/2019 4:40:27] /goto jhonny walker
[28/2/2019 4:40:33] /goto jhoonny walker
[28/2/2019 4:40:40] /goto jhonny wallker
[28/2/2019 4:40:57] /bc  -> DUVIDAS NO CHAT AJUDA PROCURA POR NICK:Jhonny Wallker
[28/2/2019 4:41:20] /ghost
[28/2/2019 4:41:31] /r
[28/2/2019 4:41:32] /r
[28/2/2019 4:41:33] /r
[28/2/2019 4:41:34] /r
[28/2/2019 4:41:36] /r
[28/2/2019 4:41:51] /t
[28/2/2019 4:41:54] /ghost
[28/2/2019 4:41:59] /bc -> ADM Flash LOCALIZADO AO NORTE DO TEMPLO AO LADO DO EVENTO DICE -> ESTA AFK NÃO INSISTA PFV.
[28/2/2019 4:44:17] /bc  -> DUVIDAS NO CHAT AJUDA PROCURA POR NICK:Jhonny Wallker
[28/2/2019 4:45:19] /bc -> ADM Flash LOCALIZADO AO NORTE DO TEMPLO AO LADO DO EVENTO DICE -> ESTA AFK NÃO INSISTA PFV.
[28/2/2019 4:47:37] /bc  -> DUVIDAS NO CHAT AJUDA PROCURA POR NICK:Jhonny Wallker
[28/2/2019 4:48:39] /bc -> ADM Flash LOCALIZADO AO NORTE DO TEMPLO AO LADO DO EVENTO DICE -> ESTA AFK NÃO INSISTA PFV.
[28/2/2019 4:50:57] /bc  -> DUVIDAS NO CHAT AJUDA PROCURA POR NICK:Jhonny Wallker
[28/2/2019 4:51:59] /bc -> ADM Flash LOCALIZADO AO NORTE DO TEMPLO AO LADO DO EVENTO DICE -> ESTA AFK NÃO INSISTA PFV.
[28/2/2019 4:54:17] /bc  -> DUVIDAS NO CHAT AJUDA PROCURA POR NICK:Jhonny Wallker
[28/2/2019 4:55:19] /bc -> ADM Flash LOCALIZADO AO NORTE DO TEMPLO AO LADO DO EVENTO DICE -> ESTA AFK NÃO INSISTA PFV.
[28/2/2019 4:57:37] /bc  -> DUVIDAS NO CHAT AJUDA PROCURA POR NICK:Jhonny Wallker
[28/2/2019 4:58:39] /bc -> ADM Flash LOCALIZADO AO NORTE DO TEMPLO AO LADO DO EVENTO DICE -> ESTA AFK NÃO INSISTA PFV.
[28/2/2019 5:0:57] /bc  -> DUVIDAS NO CHAT AJUDA PROCURA POR NICK:Jhonny Wallker
[28/2/2019 5:1:59] /bc -> ADM Flash LOCALIZADO AO NORTE DO TEMPLO AO LADO DO EVENTO DICE -> ESTA AFK NÃO INSISTA PFV.
[28/2/2019 5:4:17] /bc  -> DUVIDAS NO CHAT AJUDA PROCURA POR NICK:Jhonny Wallker
[28/2/2019 5:5:19] /bc -> ADM Flash LOCALIZADO AO NORTE DO TEMPLO AO LADO DO EVENTO DICE -> ESTA AFK NÃO INSISTA PFV.
[28/2/2019 5:7:37] /bc  -> DUVIDAS NO CHAT AJUDA PROCURA POR NICK:Jhonny Wallker
[28/2/2019 5:8:39] /bc -> ADM Flash LOCALIZADO AO NORTE DO TEMPLO AO LADO DO EVENTO DICE -> ESTA AFK NÃO INSISTA PFV.
[28/2/2019 5:10:57] /bc  -> DUVIDAS NO CHAT AJUDA PROCURA POR NICK:Jhonny Wallker
[28/2/2019 5:11:59] /bc -> ADM Flash LOCALIZADO AO NORTE DO TEMPLO AO LADO DO EVENTO DICE -> ESTA AFK NÃO INSISTA PFV.
[28/2/2019 5:14:17] /bc  -> DUVIDAS NO CHAT AJUDA PROCURA POR NICK:Jhonny Wallker
[28/2/2019 5:15:19] /bc -> ADM Flash LOCALIZADO AO NORTE DO TEMPLO AO LADO DO EVENTO DICE -> ESTA AFK NÃO INSISTA PFV.
[28/2/2019 5:17:37] /bc  -> DUVIDAS NO CHAT AJUDA PROCURA POR NICK:Jhonny Wallker
[28/2/2019 5:18:39] /bc -> ADM Flash LOCALIZADO AO NORTE DO TEMPLO AO LADO DO EVENTO DICE -> ESTA AFK NÃO INSISTA PFV.
[28/2/2019 5:20:57] /bc  -> DUVIDAS NO CHAT AJUDA PROCURA POR NICK:Jhonny Wallker
[28/2/2019 5:21:59] /bc -> ADM Flash LOCALIZADO AO NORTE DO TEMPLO AO LADO DO EVENTO DICE -> ESTA AFK NÃO INSISTA PFV.
[28/2/2019 5:24:17] /bc  -> DUVIDAS NO CHAT AJUDA PROCURA POR NICK:Jhonny Wallker
[28/2/2019 5:25:19] /bc -> ADM Flash LOCALIZADO AO NORTE DO TEMPLO AO LADO DO EVENTO DICE -> ESTA AFK NÃO INSISTA PFV.
[28/2/2019 5:27:37] /bc  -> DUVIDAS NO CHAT AJUDA PROCURA POR NICK:Jhonny Wallker
[28/2/2019 5:28:39] /bc -> ADM Flash LOCALIZADO AO NORTE DO TEMPLO AO LADO DO EVENTO DICE -> ESTA AFK NÃO INSISTA PFV.
[28/2/2019 5:30:57] /bc  -> DUVIDAS NO CHAT AJUDA PROCURA POR NICK:Jhonny Wallker
[28/2/2019 5:31:59] /bc -> ADM Flash LOCALIZADO AO NORTE DO TEMPLO AO LADO DO EVENTO DICE -> ESTA AFK NÃO INSISTA PFV.
[28/2/2019 5:34:17] /bc  -> DUVIDAS NO CHAT AJUDA PROCURA POR NICK:Jhonny Wallker
[28/2/2019 5:34:59] /bc -> ADM Flash LOCALIZADO AO NORTE DO TEMPLO AO LADO DO EVENTO DICE -> ESTA AFK NÃO INSISTA PFV.
[28/2/2019 5:35:0] /bc -> ADM Flash LOCALIZADO AO NORTE DO TEMPLO AO LADO DO EVENTO DICE -> ESTA AFK NÃO INSISTA PFV.
[28/2/2019 5:35:1] /bc -> Tem alguma Dúvida, Sugestões Ou Reclamações? Ou Até Gente Anunciando , Fale Com O ADM Flash Localizado Ao Norte Do Templo Ao Lado Do Dice Event ..
[28/2/2019 5:37:37] /bc  -> DUVIDAS NO CHAT AJUDA PROCURA POR NICK:Jhonny Wallker
[28/2/2019 5:38:20] /bc -> ADM Flash LOCALIZADO AO NORTE DO TEMPLO AO LADO DO EVENTO DICE -> ESTA AFK NÃO INSISTA PFV.
[28/2/2019 5:40:57] /bc  -> DUVIDAS NO CHAT AJUDA PROCURA POR NICK:Jhonny Wallker
[28/2/2019 5:41:40] /bc -> ADM Flash LOCALIZADO AO NORTE DO TEMPLO AO LADO DO EVENTO DICE -> ESTA AFK NÃO INSISTA PFV.
[28/2/2019 5:44:17] /bc  -> DUVIDAS NO CHAT AJUDA PROCURA POR NICK:Jhonny Wallker
[28/2/2019 5:45:0] /bc -> ADM Flash LOCALIZADO AO NORTE DO TEMPLO AO LADO DO EVENTO DICE -> ESTA AFK NÃO INSISTA PFV.
[28/2/2019 5:47:37] /bc  -> DUVIDAS NO CHAT AJUDA PROCURA POR NICK:Jhonny Wallker
[28/2/2019 5:48:20] /bc -> ADM Flash LOCALIZADO AO NORTE DO TEMPLO AO LADO DO EVENTO DICE -> ESTA AFK NÃO INSISTA PFV.
[28/2/2019 5:50:57] /bc  -> DUVIDAS NO CHAT AJUDA PROCURA POR NICK:Jhonny Wallker
[28/2/2019 5:51:40] /bc -> ADM Flash LOCALIZADO AO NORTE DO TEMPLO AO LADO DO EVENTO DICE -> ESTA AFK NÃO INSISTA PFV.
[28/2/2019 5:54:17] /bc  -> DUVIDAS NO CHAT AJUDA PROCURA POR NICK:Jhonny Wallker
[28/2/2019 5:55:0] /bc -> ADM Flash LOCALIZADO AO NORTE DO TEMPLO AO LADO DO EVENTO DICE -> ESTA AFK NÃO INSISTA PFV.
[28/2/2019 5:57:37] /bc  -> DUVIDAS NO CHAT AJUDA PROCURA POR NICK:Jhonny Wallker
[28/2/2019 5:58:20] /bc -> ADM Flash LOCALIZADO AO NORTE DO TEMPLO AO LADO DO EVENTO DICE -> ESTA AFK NÃO INSISTA PFV.
[28/2/2019 6:0:57] /bc  -> DUVIDAS NO CHAT AJUDA PROCURA POR NICK:Jhonny Wallker
[28/2/2019 6:1:40] /bc -> ADM Flash LOCALIZADO AO NORTE DO TEMPLO AO LADO DO EVENTO DICE -> ESTA AFK NÃO INSISTA PFV.
[28/2/2019 6:4:17] /bc  -> DUVIDAS NO CHAT AJUDA PROCURA POR NICK:Jhonny Wallker
[28/2/2019 6:5:0] /bc -> ADM Flash LOCALIZADO AO NORTE DO TEMPLO AO LADO DO EVENTO DICE -> ESTA AFK NÃO INSISTA PFV.
[28/2/2019 6:7:37] /bc  -> DUVIDAS NO CHAT AJUDA PROCURA POR NICK:Jhonny Wallker
[28/2/2019 6:8:20] /bc -> ADM Flash LOCALIZADO AO NORTE DO TEMPLO AO LADO DO EVENTO DICE -> ESTA AFK NÃO INSISTA PFV.
[28/2/2019 6:10:57] /bc  -> DUVIDAS NO CHAT AJUDA PROCURA POR NICK:Jhonny Wallker
[28/2/2019 6:11:40] /bc -> ADM Flash LOCALIZADO AO NORTE DO TEMPLO AO LADO DO EVENTO DICE -> ESTA AFK NÃO INSISTA PFV.
[28/2/2019 6:14:17] /bc  -> DUVIDAS NO CHAT AJUDA PROCURA POR NICK:Jhonny Wallker
[28/2/2019 6:15:0] /bc -> ADM Flash LOCALIZADO AO NORTE DO TEMPLO AO LADO DO EVENTO DICE -> ESTA AFK NÃO INSISTA PFV.
[28/2/2019 6:17:37] /bc  -> DUVIDAS NO CHAT AJUDA PROCURA POR NICK:Jhonny Wallker
[28/2/2019 6:18:20] /bc -> ADM Flash LOCALIZADO AO NORTE DO TEMPLO AO LADO DO EVENTO DICE -> ESTA AFK NÃO INSISTA PFV.
[28/2/2019 6:20:57] /bc  -> DUVIDAS NO CHAT AJUDA PROCURA POR NICK:Jhonny Wallker
[28/2/2019 6:21:40] /bc -> ADM Flash LOCALIZADO AO NORTE DO TEMPLO AO LADO DO EVENTO DICE -> ESTA AFK NÃO INSISTA PFV.
[28/2/2019 6:24:17] /bc  -> DUVIDAS NO CHAT AJUDA PROCURA POR NICK:Jhonny Wallker
[28/2/2019 6:25:0] /bc -> ADM Flash LOCALIZADO AO NORTE DO TEMPLO AO LADO DO EVENTO DICE -> ESTA AFK NÃO INSISTA PFV.
[28/2/2019 6:27:37] /bc  -> DUVIDAS NO CHAT AJUDA PROCURA POR NICK:Jhonny Wallker
[28/2/2019 6:28:20] /bc -> ADM Flash LOCALIZADO AO NORTE DO TEMPLO AO LADO DO EVENTO DICE -> ESTA AFK NÃO INSISTA PFV.
[28/2/2019 6:30:57] /bc  -> DUVIDAS NO CHAT AJUDA PROCURA POR NICK:Jhonny Wallker
[28/2/2019 6:31:40] /bc -> ADM Flash LOCALIZADO AO NORTE DO TEMPLO AO LADO DO EVENTO DICE -> ESTA AFK NÃO INSISTA PFV.
[28/2/2019 6:34:17] /bc  -> DUVIDAS NO CHAT AJUDA PROCURA POR NICK:Jhonny Wallker
[28/2/2019 6:35:0] /bc -> ADM Flash LOCALIZADO AO NORTE DO TEMPLO AO LADO DO EVENTO DICE -> ESTA AFK NÃO INSISTA PFV.
[28/2/2019 6:37:37] /bc  -> DUVIDAS NO CHAT AJUDA PROCURA POR NICK:Jhonny Wallker
[28/2/2019 6:38:20] /bc -> ADM Flash LOCALIZADO AO NORTE DO TEMPLO AO LADO DO EVENTO DICE -> ESTA AFK NÃO INSISTA PFV.
[28/2/2019 6:40:57] /bc  -> DUVIDAS NO CHAT AJUDA PROCURA POR NICK:Jhonny Wallker
[28/2/2019 6:41:40] /bc -> ADM Flash LOCALIZADO AO NORTE DO TEMPLO AO LADO DO EVENTO DICE -> ESTA AFK NÃO INSISTA PFV.
[28/2/2019 6:44:17] /bc  -> DUVIDAS NO CHAT AJUDA PROCURA POR NICK:Jhonny Wallker
[28/2/2019 6:45:0] /bc -> ADM Flash LOCALIZADO AO NORTE DO TEMPLO AO LADO DO EVENTO DICE -> ESTA AFK NÃO INSISTA PFV.
[28/2/2019 6:47:38] /bc  -> DUVIDAS NO CHAT AJUDA PROCURA POR NICK:Jhonny Wallker
[28/2/2019 6:48:20] /bc -> ADM Flash LOCALIZADO AO NORTE DO TEMPLO AO LADO DO EVENTO DICE -> ESTA AFK NÃO INSISTA PFV.
[28/2/2019 6:50:57] /bc  -> DUVIDAS NO CHAT AJUDA PROCURA POR NICK:Jhonny Wallker
[28/2/2019 6:51:40] /bc -> ADM Flash LOCALIZADO AO NORTE DO TEMPLO AO LADO DO EVENTO DICE -> ESTA AFK NÃO INSISTA PFV.
[28/2/2019 6:54:17] /bc  -> DUVIDAS NO CHAT AJUDA PROCURA POR NICK:Jhonny Wallker
[28/2/2019 6:55:0] /bc -> ADM Flash LOCALIZADO AO NORTE DO TEMPLO AO LADO DO EVENTO DICE -> ESTA AFK NÃO INSISTA PFV.
[28/2/2019 6:57:37] /bc  -> DUVIDAS NO CHAT AJUDA PROCURA POR NICK:Jhonny Wallker
[28/2/2019 6:58:20] /bc -> ADM Flash LOCALIZADO AO NORTE DO TEMPLO AO LADO DO EVENTO DICE -> ESTA AFK NÃO INSISTA PFV.
[28/2/2019 7:0:57] /bc  -> DUVIDAS NO CHAT AJUDA PROCURA POR NICK:Jhonny Wallker
[28/2/2019 7:1:40] /bc -> ADM Flash LOCALIZADO AO NORTE DO TEMPLO AO LADO DO EVENTO DICE -> ESTA AFK NÃO INSISTA PFV.
[28/2/2019 7:4:17] /bc  -> DUVIDAS NO CHAT AJUDA PROCURA POR NICK:Jhonny Wallker
[28/2/2019 7:5:0] /bc -> ADM Flash LOCALIZADO AO NORTE DO TEMPLO AO LADO DO EVENTO DICE -> ESTA AFK NÃO INSISTA PFV.
[28/2/2019 7:7:37] /bc  -> DUVIDAS NO CHAT AJUDA PROCURA POR NICK:Jhonny Wallker
[28/2/2019 7:8:20] /bc -> ADM Flash LOCALIZADO AO NORTE DO TEMPLO AO LADO DO EVENTO DICE -> ESTA AFK NÃO INSISTA PFV.
[28/2/2019 7:10:57] /bc  -> DUVIDAS NO CHAT AJUDA PROCURA POR NICK:Jhonny Wallker
[28/2/2019 7:11:40] /bc -> ADM Flash LOCALIZADO AO NORTE DO TEMPLO AO LADO DO EVENTO DICE -> ESTA AFK NÃO INSISTA PFV.
[28/2/2019 7:14:18] /bc  -> DUVIDAS NO CHAT AJUDA PROCURA POR NICK:Jhonny Wallker
[28/2/2019 7:15:0] /bc -> ADM Flash LOCALIZADO AO NORTE DO TEMPLO AO LADO DO EVENTO DICE -> ESTA AFK NÃO INSISTA PFV.
[28/2/2019 7:17:37] /bc  -> DUVIDAS NO CHAT AJUDA PROCURA POR NICK:Jhonny Wallker
[28/2/2019 7:18:20] /bc -> ADM Flash LOCALIZADO AO NORTE DO TEMPLO AO LADO DO EVENTO DICE -> ESTA AFK NÃO INSISTA PFV.
[28/2/2019 7:20:57] /bc  -> DUVIDAS NO CHAT AJUDA PROCURA POR NICK:Jhonny Wallker
[28/2/2019 7:21:40] /bc -> ADM Flash LOCALIZADO AO NORTE DO TEMPLO AO LADO DO EVENTO DICE -> ESTA AFK NÃO INSISTA PFV.
[28/2/2019 7:24:17] /bc  -> DUVIDAS NO CHAT AJUDA PROCURA POR NICK:Jhonny Wallker
[28/2/2019 7:25:0] /bc -> ADM Flash LOCALIZADO AO NORTE DO TEMPLO AO LADO DO EVENTO DICE -> ESTA AFK NÃO INSISTA PFV.
[28/2/2019 7:27:37] /bc  -> DUVIDAS NO CHAT AJUDA PROCURA POR NICK:Jhonny Wallker
[28/2/2019 7:28:20] /bc -> ADM Flash LOCALIZADO AO NORTE DO TEMPLO AO LADO DO EVENTO DICE -> ESTA AFK NÃO INSISTA PFV.
[28/2/2019 7:30:57] /bc  -> DUVIDAS NO CHAT AJUDA PROCURA POR NICK:Jhonny Wallker
[28/2/2019 7:31:40] /bc -> ADM Flash LOCALIZADO AO NORTE DO TEMPLO AO LADO DO EVENTO DICE -> ESTA AFK NÃO INSISTA PFV.
[28/2/2019 7:34:17] /bc  -> DUVIDAS NO CHAT AJUDA PROCURA POR NICK:Jhonny Wallker
[28/2/2019 7:35:0] /bc -> ADM Flash LOCALIZADO AO NORTE DO TEMPLO AO LADO DO EVENTO DICE -> ESTA AFK NÃO INSISTA PFV.
[28/2/2019 7:37:37] /bc  -> DUVIDAS NO CHAT AJUDA PROCURA POR NICK:Jhonny Wallker
[28/2/2019 7:38:20] /bc -> ADM Flash LOCALIZADO AO NORTE DO TEMPLO AO LADO DO EVENTO DICE -> ESTA AFK NÃO INSISTA PFV.
[28/2/2019 7:40:57] /bc  -> DUVIDAS NO CHAT AJUDA PROCURA POR NICK:Jhonny Wallker
[28/2/2019 7:41:40] /bc -> ADM Flash LOCALIZADO AO NORTE DO TEMPLO AO LADO DO EVENTO DICE -> ESTA AFK NÃO INSISTA PFV.
[28/2/2019 7:44:17] /bc  -> DUVIDAS NO CHAT AJUDA PROCURA POR NICK:Jhonny Wallker
[28/2/2019 7:45:0] /bc -> ADM Flash LOCALIZADO AO NORTE DO TEMPLO AO LADO DO EVENTO DICE -> ESTA AFK NÃO INSISTA PFV.
[28/2/2019 7:47:37] /bc  -> DUVIDAS NO CHAT AJUDA PROCURA POR NICK:Jhonny Wallker
[28/2/2019 7:48:20] /bc -> ADM Flash LOCALIZADO AO NORTE DO TEMPLO AO LADO DO EVENTO DICE -> ESTA AFK NÃO INSISTA PFV.
[28/2/2019 7:50:57] /bc  -> DUVIDAS NO CHAT AJUDA PROCURA POR NICK:Jhonny Wallker
[28/2/2019 7:51:40] /bc -> ADM Flash LOCALIZADO AO NORTE DO TEMPLO AO LADO DO EVENTO DICE -> ESTA AFK NÃO INSISTA PFV.
[28/2/2019 7:54:17] /bc  -> DUVIDAS NO CHAT AJUDA PROCURA POR NICK:Jhonny Wallker
[28/2/2019 7:55:0] /bc -> ADM Flash LOCALIZADO AO NORTE DO TEMPLO AO LADO DO EVENTO DICE -> ESTA AFK NÃO INSISTA PFV.
[28/2/2019 7:57:37] /bc  -> DUVIDAS NO CHAT AJUDA PROCURA POR NICK:Jhonny Wallker
[28/2/2019 7:58:20] /bc -> ADM Flash LOCALIZADO AO NORTE DO TEMPLO AO LADO DO EVENTO DICE -> ESTA AFK NÃO INSISTA PFV.
[28/2/2019 8:0:57] /bc  -> DUVIDAS NO CHAT AJUDA PROCURA POR NICK:Jhonny Wallker
[28/2/2019 8:1:40] /bc -> ADM Flash LOCALIZADO AO NORTE DO TEMPLO AO LADO DO EVENTO DICE -> ESTA AFK NÃO INSISTA PFV.
[28/2/2019 8:4:17] /bc  -> DUVIDAS NO CHAT AJUDA PROCURA POR NICK:Jhonny Wallker
[28/2/2019 8:5:0] /bc -> ADM Flash LOCALIZADO AO NORTE DO TEMPLO AO LADO DO EVENTO DICE -> ESTA AFK NÃO INSISTA PFV.
[28/2/2019 8:7:48] /bc  -> DUVIDAS NO CHAT AJUDA PROCURA POR NICK:Jhonny Wallker
[28/2/2019 8:8:20] /bc -> ADM Flash LOCALIZADO AO NORTE DO TEMPLO AO LADO DO EVENTO DICE -> ESTA AFK NÃO INSISTA PFV.
[28/2/2019 8:10:57] /bc  -> DUVIDAS NO CHAT AJUDA PROCURA POR NICK:Jhonny Wallker
[28/2/2019 8:11:40] /bc -> ADM Flash LOCALIZADO AO NORTE DO TEMPLO AO LADO DO EVENTO DICE -> ESTA AFK NÃO INSISTA PFV.
[28/2/2019 8:14:17] /bc  -> DUVIDAS NO CHAT AJUDA PROCURA POR NICK:Jhonny Wallker
[28/2/2019 8:15:0] /bc -> ADM Flash LOCALIZADO AO NORTE DO TEMPLO AO LADO DO EVENTO DICE -> ESTA AFK NÃO INSISTA PFV.
[28/2/2019 8:17:37] /bc  -> DUVIDAS NO CHAT AJUDA PROCURA POR NICK:Jhonny Wallker
[28/2/2019 8:18:20] /bc -> ADM Flash LOCALIZADO AO NORTE DO TEMPLO AO LADO DO EVENTO DICE -> ESTA AFK NÃO INSISTA PFV.
[28/2/2019 8:20:57] /bc  -> DUVIDAS NO CHAT AJUDA PROCURA POR NICK:Jhonny Wallker
[28/2/2019 8:21:40] /bc -> ADM Flash LOCALIZADO AO NORTE DO TEMPLO AO LADO DO EVENTO DICE -> ESTA AFK NÃO INSISTA PFV.
[28/2/2019 8:24:17] /bc  -> DUVIDAS NO CHAT AJUDA PROCURA POR NICK:Jhonny Wallker
[28/2/2019 8:25:0] /bc -> ADM Flash LOCALIZADO AO NORTE DO TEMPLO AO LADO DO EVENTO DICE -> ESTA AFK NÃO INSISTA PFV.
[28/2/2019 8:27:38] /bc  -> DUVIDAS NO CHAT AJUDA PROCURA POR NICK:Jhonny Wallker
[28/2/2019 8:28:10] /bc -> Tem alguma Dúvida, Sugestões Ou Reclamações? Ou Até Gente Anunciando , Fale Com O ADM Flash Localizado Ao Norte Do Templo Ao Lado Do Dice Event ..
[28/2/2019 8:28:11] /bc -> ADM Flash LOCALIZADO AO NORTE DO TEMPLO AO LADO DO EVENTO DICE -> ESTA AFK NÃO INSISTA PFV.
[28/2/2019 8:29:20] /owner Adm Flashj
[28/2/2019 8:29:22] /owner Adm Flashh
[28/2/2019 8:29:23] /owner Adm Flash
[28/2/2019 8:30:4] /bc ALGUEM ONLINE FALA NO CHAT AJUDA QUERO TIRA UMA DUVIDA
[28/2/2019 8:30:5] /bc ALGUEM ONLINE FALA NO CHAT AJUDA QUERO TIRA UMA DUVIDA
[28/2/2019 8:30:5] /bc ALGUEM ONLINE FALA NO CHAT AJUDA QUERO TIRA UMA DUVIDA
[28/2/2019 8:30:29] /owner Sinister
[28/2/2019 8:30:55] /goto assassino
[28/2/2019 8:45:5] /t
[28/2/2019 8:45:12] /goto asssassino
[28/2/2019 8:45:16] /goto assassino
[28/2/2019 8:46:6] /i 10310
[28/2/2019 8:46:16] /r
[28/2/2019 8:51:7] /bc -> ADM Flash LOCALIZADO AO NORTE DO TEMPLO AO LADO DO EVENTO DICE -> ESTA AFK NÃO INSISTA PFV.
[28/2/2019 8:51:8] /bc -> ADM Flash LOCALIZADO AO NORTE DO TEMPLO AO LADO DO EVENTO DICE -> ESTA AFK NÃO INSISTA PFV.
[28/2/2019 8:51:56] /bc -> Tem alguma Dúvida, Sugestões Ou Reclamações? Ou Até Gente Anunciando , Fale Com O ADM Flash Localizado Ao Norte Do Templo Ao Lado Do Dice Event ..
[28/2/2019 8:53:0] /i surprise box
[28/2/2019 8:53:6] /i surprise box
[28/2/2019 8:53:13] /i surprise box
[28/2/2019 8:53:14] /i surprise box
[28/2/2019 8:53:23] /i 2346
[28/2/2019 8:53:41] /t
[28/2/2019 8:53:47] /bc -> ADM Flash LOCALIZADO AO NORTE DO TEMPLO AO LADO DO EVENTO DICE -> ESTA AFK NÃO INSISTA PFV.
[28/2/2019 8:57:7] /bc -> ADM Flash LOCALIZADO AO NORTE DO TEMPLO AO LADO DO EVENTO DICE -> ESTA AFK NÃO INSISTA PFV.
[28/2/2019 9:0:27] /bc -> ADM Flash LOCALIZADO AO NORTE DO TEMPLO AO LADO DO EVENTO DICE -> ESTA AFK NÃO INSISTA PFV.
[28/2/2019 9:3:47] /bc -> ADM Flash LOCALIZADO AO NORTE DO TEMPLO AO LADO DO EVENTO DICE -> ESTA AFK NÃO INSISTA PFV.
[28/2/2019 9:7:7] /bc -> ADM Flash LOCALIZADO AO NORTE DO TEMPLO AO LADO DO EVENTO DICE -> ESTA AFK NÃO INSISTA PFV.
[28/2/2019 9:10:27] /bc -> ADM Flash LOCALIZADO AO NORTE DO TEMPLO AO LADO DO EVENTO DICE -> ESTA AFK NÃO INSISTA PFV.
[28/2/2019 9:13:47] /bc -> ADM Flash LOCALIZADO AO NORTE DO TEMPLO AO LADO DO EVENTO DICE -> ESTA AFK NÃO INSISTA PFV.
[28/2/2019 9:17:7] /bc -> ADM Flash LOCALIZADO AO NORTE DO TEMPLO AO LADO DO EVENTO DICE -> ESTA AFK NÃO INSISTA PFV.
[28/2/2019 9:20:27] /bc -> ADM Flash LOCALIZADO AO NORTE DO TEMPLO AO LADO DO EVENTO DICE -> ESTA AFK NÃO INSISTA PFV.
[28/2/2019 9:23:47] /bc -> ADM Flash LOCALIZADO AO NORTE DO TEMPLO AO LADO DO EVENTO DICE -> ESTA AFK NÃO INSISTA PFV.
[28/2/2019 9:27:7] /bc -> ADM Flash LOCALIZADO AO NORTE DO TEMPLO AO LADO DO EVENTO DICE -> ESTA AFK NÃO INSISTA PFV.
[28/2/2019 9:30:27] /bc -> ADM Flash LOCALIZADO AO NORTE DO TEMPLO AO LADO DO EVENTO DICE -> ESTA AFK NÃO INSISTA PFV.
[28/2/2019 9:33:47] /bc -> ADM Flash LOCALIZADO AO NORTE DO TEMPLO AO LADO DO EVENTO DICE -> ESTA AFK NÃO INSISTA PFV.
[28/2/2019 9:37:7] /bc -> ADM Flash LOCALIZADO AO NORTE DO TEMPLO AO LADO DO EVENTO DICE -> ESTA AFK NÃO INSISTA PFV.
[28/2/2019 9:40:27] /bc -> ADM Flash LOCALIZADO AO NORTE DO TEMPLO AO LADO DO EVENTO DICE -> ESTA AFK NÃO INSISTA PFV.
[28/2/2019 9:43:47] /bc -> ADM Flash LOCALIZADO AO NORTE DO TEMPLO AO LADO DO EVENTO DICE -> ESTA AFK NÃO INSISTA PFV.
[28/2/2019 9:47:7] /bc -> ADM Flash LOCALIZADO AO NORTE DO TEMPLO AO LADO DO EVENTO DICE -> ESTA AFK NÃO INSISTA PFV.
[28/2/2019 9:50:27] /bc -> ADM Flash LOCALIZADO AO NORTE DO TEMPLO AO LADO DO EVENTO DICE -> ESTA AFK NÃO INSISTA PFV.
[28/2/2019 9:53:47] /bc -> ADM Flash LOCALIZADO AO NORTE DO TEMPLO AO LADO DO EVENTO DICE -> ESTA AFK NÃO INSISTA PFV.
[28/2/2019 9:57:7] /bc -> ADM Flash LOCALIZADO AO NORTE DO TEMPLO AO LADO DO EVENTO DICE -> ESTA AFK NÃO INSISTA PFV.
[28/2/2019 10:0:27] /bc -> ADM Flash LOCALIZADO AO NORTE DO TEMPLO AO LADO DO EVENTO DICE -> ESTA AFK NÃO INSISTA PFV.
[28/2/2019 10:3:47] /bc -> ADM Flash LOCALIZADO AO NORTE DO TEMPLO AO LADO DO EVENTO DICE -> ESTA AFK NÃO INSISTA PFV.
[28/2/2019 10:7:7] /bc -> ADM Flash LOCALIZADO AO NORTE DO TEMPLO AO LADO DO EVENTO DICE -> ESTA AFK NÃO INSISTA PFV.
[28/2/2019 10:10:27] /bc -> ADM Flash LOCALIZADO AO NORTE DO TEMPLO AO LADO DO EVENTO DICE -> ESTA AFK NÃO INSISTA PFV.
[28/2/2019 10:13:47] /bc -> ADM Flash LOCALIZADO AO NORTE DO TEMPLO AO LADO DO EVENTO DICE -> ESTA AFK NÃO INSISTA PFV.
[28/2/2019 10:17:7] /bc -> ADM Flash LOCALIZADO AO NORTE DO TEMPLO AO LADO DO EVENTO DICE -> ESTA AFK NÃO INSISTA PFV.
[28/2/2019 10:20:27] /bc -> ADM Flash LOCALIZADO AO NORTE DO TEMPLO AO LADO DO EVENTO DICE -> ESTA AFK NÃO INSISTA PFV.
[28/2/2019 10:23:47] /bc -> ADM Flash LOCALIZADO AO NORTE DO TEMPLO AO LADO DO EVENTO DICE -> ESTA AFK NÃO INSISTA PFV.
[28/2/2019 10:27:7] /bc -> ADM Flash LOCALIZADO AO NORTE DO TEMPLO AO LADO DO EVENTO DICE -> ESTA AFK NÃO INSISTA PFV.
[28/2/2019 10:30:27] /bc -> ADM Flash LOCALIZADO AO NORTE DO TEMPLO AO LADO DO EVENTO DICE -> ESTA AFK NÃO INSISTA PFV.
[28/2/2019 10:33:47] /bc -> ADM Flash LOCALIZADO AO NORTE DO TEMPLO AO LADO DO EVENTO DICE -> ESTA AFK NÃO INSISTA PFV.
[28/2/2019 10:36:11] /goto fly
[28/2/2019 10:36:58] /goto alibabah
[28/2/2019 10:37:7] /bc -> ADM Flash LOCALIZADO AO NORTE DO TEMPLO AO LADO DO EVENTO DICE -> ESTA AFK NÃO INSISTA PFV.
[28/2/2019 10:37:14] /attr cannotmove 3
[28/2/2019 10:38:50] /bc -> ADM Flash LOCALIZADO AO NORTE DO TEMPLO AO LADO DO EVENTO DICE -> ESTA AFK NÃO INSISTA PFV.
[28/2/2019 10:38:55] /t
[28/2/2019 10:39:21] /bc -> Tem alguma Dúvida, Sugestões Ou Reclamações? Ou Até Gente Anunciando , Fale Com O ADM Flash Localizado Ao Norte Do Templo Ao Lado Do Dice Event ..
[28/2/2019 10:39:27] /bc -> ADM Flash LOCALIZADO AO NORTE DO TEMPLO AO LADO DO EVENTO DICE -> ESTA AFK NÃO INSISTA PFV.
[28/2/2019 10:39:28] /bc -> ADM Flash LOCALIZADO AO NORTE DO TEMPLO AO LADO DO EVENTO DICE -> ESTA AFK NÃO INSISTA PFV.
[28/2/2019 10:40:56] /bc BOM DIA RAPAZIADA SAINDO AKI ESTOU VIRADÃO
[28/2/2019 10:40:57] /bc BOM DIA RAPAZIADA SAINDO AKI ESTOU VIRADÃO
[28/2/2019 10:40:57] /bc BOM DIA RAPAZIADA SAINDO AKI ESTOU VIRADÃO
[28/2/2019 10:40:58] /bc BOM DIA RAPAZIADA SAINDO AKI ESTOU VIRADÃO
[28/2/2019 10:42:4] /bc QUEM QUISER DAQUI A 10 MINUTOS OU MENOS PASSA NO MEU CANAL NO YOUTUBE VOU POSTA VIDEO DE FREE FIRE COMO SUBIR NA FACTORY SE INSCREVA-SE ATIVE O SININHO PRA SER O PRIMEIRO A COMENTA E LEMBRANDO QUE VOU  FIXA UM COMENTARIO
[28/2/2019 10:42:6] /bc QUEM QUISER DAQUI A 10 MINUTOS OU MENOS PASSA NO MEU CANAL NO YOUTUBE VOU POSTA VIDEO DE FREE FIRE COMO SUBIR NA FACTORY SE INSCREVA-SE ATIVE O SININHO PRA SER O PRIMEIRO A COMENTA E LEMBRANDO QUE VOU  FIXA UM COMENTARIO
[28/2/2019 10:42:6] /bc QUEM QUISER DAQUI A 10 MINUTOS OU MENOS PASSA NO MEU CANAL NO YOUTUBE VOU POSTA VIDEO DE FREE FIRE COMO SUBIR NA FACTORY SE INSCREVA-SE ATIVE O SININHO PRA SER O PRIMEIRO A COMENTA E LEMBRANDO QUE VOU  FIXA UM COMENTARIO
[28/2/2019 10:42:7] /bc QUEM QUISER DAQUI A 10 MINUTOS OU MENOS PASSA NO MEU CANAL NO YOUTUBE VOU POSTA VIDEO DE FREE FIRE COMO SUBIR NA FACTORY SE INSCREVA-SE ATIVE O SININHO PRA SER O PRIMEIRO A COMENTA E LEMBRANDO QUE VOU  FIXA UM COMENTARIO
[28/2/2019 10:42:7] /bc QUEM QUISER DAQUI A 10 MINUTOS OU MENOS PASSA NO MEU CANAL NO YOUTUBE VOU POSTA VIDEO DE FREE FIRE COMO SUBIR NA FACTORY SE INSCREVA-SE ATIVE O SININHO PRA SER O PRIMEIRO A COMENTA E LEMBRANDO QUE VOU  FIXA UM COMENTARIO
[28/2/2019 10:42:9] /bc QUEM QUISER DAQUI A 10 MINUTOS OU MENOS PASSA NO MEU CANAL NO YOUTUBE VOU POSTA VIDEO DE FREE FIRE COMO SUBIR NA FACTORY SE INSCREVA-SE ATIVE O SININHO PRA SER O PRIMEIRO A COMENTA E LEMBRANDO QUE VOU  FIXA UM COMENTARIO
[28/2/2019 10:42:9] /bc QUEM QUISER DAQUI A 10 MINUTOS OU MENOS PASSA NO MEU CANAL NO YOUTUBE VOU POSTA VIDEO DE FREE FIRE COMO SUBIR NA FACTORY SE INSCREVA-SE ATIVE O SININHO PRA SER O PRIMEIRO A COMENTA E LEMBRANDO QUE VOU  FIXA UM COMENTARIO
[28/2/2019 10:42:9] /bc QUEM QUISER DAQUI A 10 MINUTOS OU MENOS PASSA NO MEU CANAL NO YOUTUBE VOU POSTA VIDEO DE FREE FIRE COMO SUBIR NA FACTORY SE INSCREVA-SE ATIVE O SININHO PRA SER O PRIMEIRO A COMENTA E LEMBRANDO QUE VOU  FIXA UM COMENTARIO
[28/2/2019 10:42:10] /bc QUEM QUISER DAQUI A 10 MINUTOS OU MENOS PASSA NO MEU CANAL NO YOUTUBE VOU POSTA VIDEO DE FREE FIRE COMO SUBIR NA FACTORY SE INSCREVA-SE ATIVE O SININHO PRA SER O PRIMEIRO A COMENTA E LEMBRANDO QUE VOU  FIXA UM COMENTARIO
[28/2/2019 10:42:10] /bc QUEM QUISER DAQUI A 10 MINUTOS OU MENOS PASSA NO MEU CANAL NO YOUTUBE VOU POSTA VIDEO DE FREE FIRE COMO SUBIR NA FACTORY SE INSCREVA-SE ATIVE O SININHO PRA SER O PRIMEIRO A COMENTA E LEMBRANDO QUE VOU  FIXA UM COMENTARIO
[28/2/2019 10:42:11] /bc QUEM QUISER DAQUI A 10 MINUTOS OU MENOS PASSA NO MEU CANAL NO YOUTUBE VOU POSTA VIDEO DE FREE FIRE COMO SUBIR NA FACTORY SE INSCREVA-SE ATIVE O SININHO PRA SER O PRIMEIRO A COMENTA E LEMBRANDO QUE VOU  FIXA UM COMENTARIO
[28/2/2019 10:42:11] /bc QUEM QUISER DAQUI A 10 MINUTOS OU MENOS PASSA NO MEU CANAL NO YOUTUBE VOU POSTA VIDEO DE FREE FIRE COMO SUBIR NA FACTORY SE INSCREVA-SE ATIVE O SININHO PRA SER O PRIMEIRO A COMENTA E LEMBRANDO QUE VOU  FIXA UM COMENTARIO
[28/2/2019 10:42:11] /bc QUEM QUISER DAQUI A 10 MINUTOS OU MENOS PASSA NO MEU CANAL NO YOUTUBE VOU POSTA VIDEO DE FREE FIRE COMO SUBIR NA FACTORY SE INSCREVA-SE ATIVE O SININHO PRA SER O PRIMEIRO A COMENTA E LEMBRANDO QUE VOU  FIXA UM COMENTARIO
[28/2/2019 10:42:12] /bc QUEM QUISER DAQUI A 10 MINUTOS OU MENOS PASSA NO MEU CANAL NO YOUTUBE VOU POSTA VIDEO DE FREE FIRE COMO SUBIR NA FACTORY SE INSCREVA-SE ATIVE O SININHO PRA SER O PRIMEIRO A COMENTA E LEMBRANDO QUE VOU  FIXA UM COMENTARIO
[28/2/2019 10:42:48] /bc -> ADM Flash LOCALIZADO AO NORTE DO TEMPLO AO LADO DO EVENTO DICE -> ESTA AFK NÃO INSISTA PFV.
[28/2/2019 10:46:8] /bc -> ADM Flash LOCALIZADO AO NORTE DO TEMPLO AO LADO DO EVENTO DICE -> ESTA AFK NÃO INSISTA PFV.
[28/2/2019 10:49:28] /bc -> ADM Flash LOCALIZADO AO NORTE DO TEMPLO AO LADO DO EVENTO DICE -> ESTA AFK NÃO INSISTA PFV.
[28/2/2019 10:52:48] /bc -> ADM Flash LOCALIZADO AO NORTE DO TEMPLO AO LADO DO EVENTO DICE -> ESTA AFK NÃO INSISTA PFV.
[28/2/2019 10:56:8] /bc -> ADM Flash LOCALIZADO AO NORTE DO TEMPLO AO LADO DO EVENTO DICE -> ESTA AFK NÃO INSISTA PFV.
[28/2/2019 10:59:28] /bc -> ADM Flash LOCALIZADO AO NORTE DO TEMPLO AO LADO DO EVENTO DICE -> ESTA AFK NÃO INSISTA PFV.
[28/2/2019 11:2:48] /bc -> ADM Flash LOCALIZADO AO NORTE DO TEMPLO AO LADO DO EVENTO DICE -> ESTA AFK NÃO INSISTA PFV.
[28/2/2019 11:6:8] /bc -> ADM Flash LOCALIZADO AO NORTE DO TEMPLO AO LADO DO EVENTO DICE -> ESTA AFK NÃO INSISTA PFV.
[28/2/2019 11:9:28] /bc -> ADM Flash LOCALIZADO AO NORTE DO TEMPLO AO LADO DO EVENTO DICE -> ESTA AFK NÃO INSISTA PFV.
[28/2/2019 11:12:48] /bc -> ADM Flash LOCALIZADO AO NORTE DO TEMPLO AO LADO DO EVENTO DICE -> ESTA AFK NÃO INSISTA PFV.
[28/2/2019 11:16:8] /bc -> ADM Flash LOCALIZADO AO NORTE DO TEMPLO AO LADO DO EVENTO DICE -> ESTA AFK NÃO INSISTA PFV.
[28/2/2019 11:19:28] /bc -> ADM Flash LOCALIZADO AO NORTE DO TEMPLO AO LADO DO EVENTO DICE -> ESTA AFK NÃO INSISTA PFV.
[28/2/2019 11:22:48] /bc -> ADM Flash LOCALIZADO AO NORTE DO TEMPLO AO LADO DO EVENTO DICE -> ESTA AFK NÃO INSISTA PFV.
[28/2/2019 11:26:8] /bc -> ADM Flash LOCALIZADO AO NORTE DO TEMPLO AO LADO DO EVENTO DICE -> ESTA AFK NÃO INSISTA PFV.
[28/2/2019 11:29:28] /bc -> ADM Flash LOCALIZADO AO NORTE DO TEMPLO AO LADO DO EVENTO DICE -> ESTA AFK NÃO INSISTA PFV.
[28/2/2019 11:32:48] /bc -> ADM Flash LOCALIZADO AO NORTE DO TEMPLO AO LADO DO EVENTO DICE -> ESTA AFK NÃO INSISTA PFV.
[28/2/2019 11:36:8] /bc -> ADM Flash LOCALIZADO AO NORTE DO TEMPLO AO LADO DO EVENTO DICE -> ESTA AFK NÃO INSISTA PFV.
[28/2/2019 11:39:28] /bc -> ADM Flash LOCALIZADO AO NORTE DO TEMPLO AO LADO DO EVENTO DICE -> ESTA AFK NÃO INSISTA PFV.
[28/2/2019 11:42:48] /bc -> ADM Flash LOCALIZADO AO NORTE DO TEMPLO AO LADO DO EVENTO DICE -> ESTA AFK NÃO INSISTA PFV.
[28/2/2019 11:46:36] /ghost
[28/2/2019 11:46:52] /goto Mata Rindo 
[28/2/2019 11:46:55] /goto Mata Rindo 
[28/2/2019 11:47:1] /t
[28/2/2019 11:47:32] /ghost
