[2/5/2023 3:20:59] /t
[2/5/2023 3:21:6] /t 1
[2/5/2023 3:21:7] /t
[2/5/2023 3:22:21] /goto 970, 960, 7
[2/5/2023 3:22:29] /goto 970, 960, 7
[2/5/2023 3:22:36] /goto riona
[2/5/2023 12:2:20] /shutdown
[2/5/2023 12:6:16] /shutdown
[2/5/2023 12:12:36] /shutdown
[2/5/2023 12:22:3] /shutdown
[2/5/2023 12:35:4] /shutdown
[2/5/2023 13:0:29] /shutdown
[2/5/2023 13:2:36] /shutdown
[2/5/2023 13:3:44] /shutdown
[2/5/2023 13:47:57] /shutdown
[2/5/2023 14:12:19] /shutdown
[2/5/2023 14:13:42] /shutdown
[2/5/2023 14:26:5] /shutdown
[2/5/2023 15:7:39] /shutdown
[2/5/2023 15:8:12] /shutdown
[2/5/2023 15:25:13] /shutdown
[2/5/2023 15:40:35] /shutdown
[2/5/2023 16:48:4] /shutdown
[2/5/2023 17:5:50] /shutdown
[2/5/2023 17:23:44] /shutdown
[2/5/2023 17:43:56] /shutdown
[2/5/2023 17:44:57] /shutdown
[2/5/2023 17:52:25] /shutdown
[2/5/2023 17:58:3] /shutdown
[2/5/2023 18:20:29] /shutdown
[2/5/2023 18:42:56] /shutdown
[2/5/2023 23:30:10] /shutdown
[2/5/2023 23:43:29] /reload global
[3/5/2023 0:29:26] /shutdown
[3/5/2023 0:35:20] /shutdown
[3/5/2023 0:37:26] /i exercise rod
[3/5/2023 0:52:19] /reload npcs
[3/5/2023 1:1:13] /shutdown
[3/5/2023 1:3:8] /reload npcs
[3/5/2023 1:3:53] /i 10559
[3/5/2023 1:3:54] /i 10559
[3/5/2023 1:3:55] /i 10559
[3/5/2023 1:3:55] /i 10559
[3/5/2023 1:3:56] /i 10559
[3/5/2023 1:3:57] /i 10559
[3/5/2023 1:3:58] /i 10559
[3/5/2023 1:3:59] /i 10559
[3/5/2023 1:4:0] /i 10559
[3/5/2023 1:4:0] /i 10559
[3/5/2023 1:4:1] /i 10559
[3/5/2023 1:4:1] /i 10559
[3/5/2023 1:4:2] /i 10559
[3/5/2023 1:4:2] /i 10559
[3/5/2023 1:8:56] /reload npcs
[3/5/2023 1:12:49] /reload npcs
[3/5/2023 1:13:40] /reload npcs
[3/5/2023 1:13:47] /reload npcs
[3/5/2023 1:17:9] /reload npcs
[3/5/2023 1:21:6] /reload npcs
[3/5/2023 1:21:33] /reload npcs
[3/5/2023 1:22:13] /reload npcs
[3/5/2023 1:22:24] /shutdown
[3/5/2023 1:23:30] /reload npcs
[3/5/2023 1:23:45] /shutdown
[3/5/2023 1:24:44] /shutdown
[3/5/2023 1:25:49] /reload npcs
[3/5/2023 1:32:16] /reload npcs
[3/5/2023 1:34:36] /reload npcs
[3/5/2023 1:39:20] /reload npcs
[3/5/2023 1:50:46] /shutdown
[3/5/2023 2:26:34] /up
[3/5/2023 2:26:35] /up
[3/5/2023 2:26:38] /up
[3/5/2023 2:26:48] /up
[3/5/2023 2:26:56] /t
[3/5/2023 2:28:0] /goto gazer spectre
[3/5/2023 2:28:34] /t
