[23/2/2022 5:30:35] /reload actions
[23/2/2022 5:30:50] /up
[23/2/2022 5:31:28] /i chaos essence
[23/2/2022 5:31:29] /i chaos essence
[23/2/2022 5:31:29] /i chaos essence
[23/2/2022 5:31:30] /i chaos essence
[23/2/2022 5:31:32] /i boss point
[23/2/2022 5:31:33] /i boss point
[23/2/2022 5:31:33] /i boss point
[23/2/2022 5:31:34] /i boss point
[23/2/2022 5:31:39] /i backpack
[23/2/2022 5:31:40] /i backpack
[23/2/2022 5:31:40] /i backpack
[23/2/2022 5:31:40] /i backpack
[23/2/2022 5:31:42] /i chaos essence
[23/2/2022 5:31:43] /i chaos essence
[23/2/2022 5:31:43] /i chaos essence
[23/2/2022 5:31:43] /i chaos essence
[23/2/2022 5:31:44] /i chaos essence
[23/2/2022 5:31:44] /i chaos essence
[23/2/2022 5:31:44] /i chaos essence
[23/2/2022 5:31:45] /i chaos essence
[23/2/2022 5:31:45] /i chaos essence
[23/2/2022 5:31:46] /i chaos essence
[23/2/2022 5:31:46] /i chaos essence
[23/2/2022 5:31:46] /i chaos essence
[23/2/2022 5:31:48] /i boss point
[23/2/2022 5:31:48] /i boss point
[23/2/2022 5:31:49] /i boss point
[23/2/2022 5:31:49] /i boss point
[23/2/2022 5:31:50] /i boss point
[23/2/2022 5:31:50] /i boss point
[23/2/2022 5:31:50] /i boss point
[23/2/2022 5:31:51] /i boss point
[23/2/2022 5:31:51] /i boss point
[23/2/2022 5:31:51] /i boss point
[23/2/2022 5:31:56] /i diamond coin
[23/2/2022 5:32:34] /i diamond coin
[23/2/2022 5:32:49] /i chaos essence
[23/2/2022 5:32:50] /i chaos essence
[23/2/2022 5:32:50] /i chaos essence
[23/2/2022 5:32:51] /i chaos essence
[23/2/2022 5:32:51] /i chaos essence
[23/2/2022 5:32:52] /i chaos essence
[23/2/2022 5:32:53] /i chaos essence
[23/2/2022 5:32:54] /i chaos essence
[23/2/2022 5:43:13] /i mystic staff
[23/2/2022 5:43:25] /m monk
[23/2/2022 5:49:33] /reload actions
[23/2/2022 5:49:41] /shutdown
[23/2/2022 8:12:34] /t
[23/2/2022 8:12:58] /ads administradoe, level, 500
[23/2/2022 8:13:5] /ads administrador, level, 500
[23/2/2022 13:15:3] /goto oldrak
[23/2/2022 13:15:56] /reload npc
[23/2/2022 13:16:46] /reload npc
[23/2/2022 13:16:51] /ghost
[23/2/2022 13:17:2] /t
[23/2/2022 13:17:12] /goto dark rodo
[23/2/2022 13:17:15] /t
[23/2/2022 13:17:55] /reload npc
[23/2/2022 13:18:4] /shutdown
[23/2/2022 17:46:58] /reload globalevents
[23/2/2022 17:54:2] /goto oldrak
[23/2/2022 17:54:3] /t
[23/2/2022 18:6:52] /shutdown
[23/2/2022 18:56:22] /shutdown
[23/2/2022 19:12:42] /ghost
[23/2/2022 19:12:47] /goto suporte
[23/2/2022 19:13:45] /s trainer
[23/2/2022 19:24:32] /t
[23/2/2022 19:24:34] /shutdown
[23/2/2022 19:26:3] /up
[23/2/2022 19:26:9] /s trainer
[23/2/2022 19:26:13] /c suporte
[23/2/2022 19:26:14] /c suporte
[23/2/2022 19:26:16] /c suporte
[23/2/2022 19:26:20] /c suporte
[23/2/2022 19:27:9] /up
[23/2/2022 19:27:23] /t
[23/2/2022 19:28:2] /c suporte
[23/2/2022 19:29:20] /t
[23/2/2022 19:29:38] /goto suporte
[23/2/2022 19:30:2] /goto suporte
[23/2/2022 19:30:6] /down
[23/2/2022 19:30:28] /s trainer
[23/2/2022 19:32:27] /t
[23/2/2022 19:40:18] /reload actions
[23/2/2022 19:40:57] /m monk
[23/2/2022 19:52:21] /shutdown
[23/2/2022 19:58:20] /reload actions
[23/2/2022 19:58:37] /t
[23/2/2022 19:59:39] /c suporte
[23/2/2022 20:0:8] /openserver
[23/2/2022 20:0:14] /c suporte
[23/2/2022 20:1:33] /goto astaroth
[23/2/2022 20:1:35] /r
[23/2/2022 20:1:37] /t
[23/2/2022 20:2:20] /t
[23/2/2022 20:10:17] /goto Tiddox Tankafull
[23/2/2022 20:10:37] /t
[23/2/2022 20:19:31] /goto Woktunbajc
[23/2/2022 20:20:6] /goto inimigo da bless
[23/2/2022 20:21:27] /t inimigo da bless
[23/2/2022 20:21:32] /t
[23/2/2022 20:22:41] /goto Glande Inchada
[23/2/2022 20:26:13] /goto Didaa
[23/2/2022 20:26:25] /attr group 2
[23/2/2022 20:26:28] /t
[23/2/2022 20:32:38] /goto mavecoo
[23/2/2022 20:32:50] /goto maveeco
[23/2/2022 20:34:44] /goto Rafa Alves
[23/2/2022 20:35:7] /goto Rafa Alves
[23/2/2022 20:35:11] /goto Rafa Alves
[23/2/2022 20:35:19] /goto Rafa Alves
[23/2/2022 20:35:24] /attr group 2
[23/2/2022 20:35:26] /t
[23/2/2022 20:37:23] /goto toaq prajudar
[23/2/2022 20:37:32] /attr group 4
[23/2/2022 21:3:5] /goto Vai Teia 
[23/2/2022 21:4:23] /goto Vai Teia 
[23/2/2022 21:5:11] /goto Vai Teia 
[23/2/2022 21:6:50] /mute Vai Teia, 3600
[23/2/2022 21:14:40] /unmute vai teia
[23/2/2022 21:21:56] /mute Azfsds, 3600
[23/2/2022 21:22:7] /unmute Azfsds, 3600
[23/2/2022 21:26:40] /ads davi scri~, level, 40
[23/2/2022 21:29:25] /reload spells
[23/2/2022 21:40:38] /goto not icons
[23/2/2022 21:42:12] /goto Waronylxrtwfight
[23/2/2022 21:43:1] /i stone
[23/2/2022 21:43:14] /i stone
[23/2/2022 21:43:22] /a 15
[23/2/2022 21:43:25] /a 15
[23/2/2022 21:43:28] /a 15
[23/2/2022 21:43:39] /i stone
[23/2/2022 21:43:44] /a 18
[23/2/2022 21:43:46] /i stone
[23/2/2022 21:46:4] /a 18
[23/2/2022 21:46:5] /i stone
[23/2/2022 21:46:11] /a 18
[23/2/2022 21:46:11] /i stone
[23/2/2022 21:46:13] /a 18
[23/2/2022 21:46:13] /i stone
[23/2/2022 21:46:14] /a 18
[23/2/2022 21:46:15] /i stone
[23/2/2022 21:46:15] /a 18
[23/2/2022 21:46:16] /i stone
[23/2/2022 21:46:16] /a 18
[23/2/2022 21:46:17] /i stone
[23/2/2022 21:46:17] /a 18
[23/2/2022 21:46:17] /i stone
[23/2/2022 21:46:18] /a 18
[23/2/2022 21:46:18] /i stone
[23/2/2022 21:46:18] /a 18
[23/2/2022 21:46:19] /i stone
[23/2/2022 21:46:19] /a 18
[23/2/2022 21:46:20] /i stone
[23/2/2022 21:46:20] /a 18
[23/2/2022 21:46:21] /i stone
[23/2/2022 21:46:21] /a 18
[23/2/2022 21:46:22] /i stone
[23/2/2022 21:46:22] /a 18
[23/2/2022 21:46:22] /i stone
[23/2/2022 21:46:23] /a 18
[23/2/2022 21:46:23] /i stone
[23/2/2022 21:46:26] /a 18
[23/2/2022 21:46:26] /i stone
[23/2/2022 21:46:27] /a 18
[23/2/2022 21:46:27] /i stone
[23/2/2022 21:46:27] /a 18
[23/2/2022 21:46:28] /i stone
[23/2/2022 21:46:28] /a 18
[23/2/2022 21:46:29] /i stone
[23/2/2022 21:46:29] /a 18
[23/2/2022 21:46:30] /i stone
[23/2/2022 21:46:30] /a 18
[23/2/2022 21:46:31] /i stone
[23/2/2022 21:46:31] /a 18
[23/2/2022 21:46:31] /i stone
[23/2/2022 21:46:32] /a 18
[23/2/2022 21:46:32] /i stone
[23/2/2022 21:46:32] /a 18
[23/2/2022 21:46:32] /i stone
[23/2/2022 21:46:33] /a 18
[23/2/2022 21:46:33] /i stone
[23/2/2022 21:46:33] /a 18
[23/2/2022 21:46:33] /i stone
[23/2/2022 21:46:34] /a 18
[23/2/2022 21:46:34] /i stone
[23/2/2022 21:46:34] /a 18
[23/2/2022 21:46:34] /i stone
[23/2/2022 21:46:35] /a 18
[23/2/2022 21:46:35] /i stone
[23/2/2022 21:46:35] /a 18
[23/2/2022 21:46:35] /i stone
[23/2/2022 21:46:36] /a 18
[23/2/2022 21:46:36] /i stone
[23/2/2022 21:46:36] /a 18
[23/2/2022 21:46:36] /i stone
[23/2/2022 21:46:36] /a 18
[23/2/2022 21:46:37] /i stone
[23/2/2022 21:46:37] /a 18
[23/2/2022 21:46:37] /i stone
[23/2/2022 21:46:38] /a 18
[23/2/2022 21:46:38] /i stone
[23/2/2022 21:46:38] /a 18
[23/2/2022 21:46:38] /i stone
[23/2/2022 21:46:38] /a 18
[23/2/2022 21:46:39] /i stone
[23/2/2022 21:46:39] /a 18
[23/2/2022 21:46:39] /i stone
[23/2/2022 21:46:39] /a 18
[23/2/2022 21:46:39] /i stone
[23/2/2022 21:46:42] /a 18
[23/2/2022 21:46:43] /a 18
[23/2/2022 21:46:44] /a 18
[23/2/2022 21:46:44] /a 18
[23/2/2022 21:46:45] /a 18
[23/2/2022 21:46:46] /a 18
[23/2/2022 21:46:47] /a 18
[23/2/2022 21:46:48] /i stone
[23/2/2022 21:46:49] /a 18
[23/2/2022 21:46:50] /i stone
[23/2/2022 21:46:50] /a 18
[23/2/2022 21:46:50] /i stone
[23/2/2022 21:46:51] /a 18
[23/2/2022 21:46:51] /i stone
[23/2/2022 21:46:52] /a 18
[23/2/2022 21:46:52] /i stone
[23/2/2022 21:46:53] /a 18
[23/2/2022 21:46:53] /i stone
[23/2/2022 21:46:53] /a 18
[23/2/2022 21:46:54] /i stone
[23/2/2022 21:46:54] /a 18
[23/2/2022 21:46:54] /i stone
[23/2/2022 21:46:55] /a 18
[23/2/2022 21:46:55] /i stone
[23/2/2022 21:46:56] /a 18
[23/2/2022 21:46:56] /i stone
[23/2/2022 21:46:57] /a 18
[23/2/2022 21:46:57] /i stone
[23/2/2022 21:46:57] /a 18
[23/2/2022 21:46:58] /i stone
[23/2/2022 21:46:58] /a 18
[23/2/2022 21:46:58] /i stone
[23/2/2022 21:46:59] /a 18
[23/2/2022 21:46:59] /i stone
[23/2/2022 21:46:59] /a 18
[23/2/2022 21:47:0] /i stone
[23/2/2022 21:47:0] /a 18
[23/2/2022 21:47:1] /i stone
[23/2/2022 21:47:1] /a 18
[23/2/2022 21:47:2] /i stone
[23/2/2022 21:47:2] /a 18
[23/2/2022 21:47:3] /i stone
[23/2/2022 21:47:3] /a 18
[23/2/2022 21:47:4] /i stone
[23/2/2022 21:47:4] /a 18
[23/2/2022 21:47:5] /i stone
[23/2/2022 21:47:5] /a 18
[23/2/2022 21:47:6] /i stone
[23/2/2022 21:47:6] /a 18
[23/2/2022 21:47:6] /i stone
[23/2/2022 21:47:7] /a 18
[23/2/2022 21:47:7] /i stone
[23/2/2022 21:47:8] /a 18
[23/2/2022 21:47:8] /i stone
[23/2/2022 21:47:8] /a 18
[23/2/2022 21:47:8] /i stone
[23/2/2022 21:47:9] /a 18
[23/2/2022 21:47:9] /i stone
[23/2/2022 21:47:9] /a 18
[23/2/2022 21:47:10] /i stone
[23/2/2022 21:47:11] /a 18
[23/2/2022 21:47:11] /i stone
[23/2/2022 21:47:12] /a 18
[23/2/2022 21:47:12] /i stone
[23/2/2022 21:47:12] /a 18
[23/2/2022 21:47:13] /i stone
[23/2/2022 21:47:13] /a 18
[23/2/2022 21:47:14] /i stone
[23/2/2022 21:47:14] /a 18
[23/2/2022 21:47:15] /i stone
[23/2/2022 21:47:15] /a 18
[23/2/2022 21:47:15] /i stone
[23/2/2022 21:47:16] /a 18
[23/2/2022 21:47:16] /i stone
[23/2/2022 21:47:17] /a 18
[23/2/2022 21:47:17] /i stone
[23/2/2022 21:47:17] /a 18
[23/2/2022 21:47:18] /i stone
[23/2/2022 21:47:18] /a 18
[23/2/2022 21:47:18] /i stone
[23/2/2022 21:47:19] /a 18
[23/2/2022 21:47:19] /i stone
[23/2/2022 21:47:20] /a 18
[23/2/2022 21:47:20] /i stone
[23/2/2022 21:47:23] /a 18
[23/2/2022 21:47:24] /i stone
[23/2/2022 21:47:24] /a 18
[23/2/2022 21:47:25] /i stone
[23/2/2022 21:47:26] /a 18
[23/2/2022 21:47:26] /i stone
[23/2/2022 21:47:27] /a 18
[23/2/2022 21:47:27] /i stone
[23/2/2022 21:47:28] /a 18
[23/2/2022 21:47:28] /i stone
[23/2/2022 21:47:30] /a 18
[23/2/2022 21:47:30] /i stone
[23/2/2022 21:47:31] /a 18
[23/2/2022 21:47:31] /i stone
[23/2/2022 21:49:54] /goto toaq prajudar
[23/2/2022 21:50:0] /c quebrado triste
[23/2/2022 21:53:25] /t
[23/2/2022 21:53:37] /a 18
[23/2/2022 21:53:38] /a 18
[23/2/2022 21:53:39] /a 18
[23/2/2022 21:53:39] /a 18
[23/2/2022 21:53:40] /a 18
[23/2/2022 21:53:40] /a 18
[23/2/2022 21:53:40] /a 18
[23/2/2022 21:53:40] /a 18
[23/2/2022 21:53:41] /a 18
[23/2/2022 21:53:41] /a 18
[23/2/2022 21:53:41] /a 18
[23/2/2022 21:53:41] /a 18
[23/2/2022 21:53:41] /a 18
[23/2/2022 21:53:41] /a 18
[23/2/2022 21:53:42] /a 18
[23/2/2022 21:53:42] /a 18
[23/2/2022 21:53:42] /a 18
[23/2/2022 21:53:42] /a 18
[23/2/2022 21:53:42] /a 18
[23/2/2022 21:53:43] /a 18
[23/2/2022 21:53:43] /a 18
[23/2/2022 21:53:43] /a 18
[23/2/2022 21:53:43] /a 18
[23/2/2022 21:53:43] /a 18
[23/2/2022 21:53:43] /a 18
[23/2/2022 21:53:44] /a 18
[23/2/2022 21:53:44] /a 18
[23/2/2022 21:53:44] /a 18
[23/2/2022 21:53:44] /a 18
[23/2/2022 21:53:44] /a 18
[23/2/2022 21:53:44] /a 18
[23/2/2022 21:53:45] /a 18
[23/2/2022 21:53:45] /a 18
[23/2/2022 21:53:45] /a 18
[23/2/2022 21:53:45] /a 18
[23/2/2022 21:53:45] /a 18
[23/2/2022 21:53:45] /a 18
[23/2/2022 21:53:46] /a 18
[23/2/2022 21:53:46] /a 18
[23/2/2022 21:53:46] /a 18
[23/2/2022 21:53:46] /a 18
[23/2/2022 21:53:46] /a 18
[23/2/2022 21:53:46] /a 18
[23/2/2022 21:53:47] /a 18
[23/2/2022 21:53:47] /a 18
[23/2/2022 21:53:47] /a 18
[23/2/2022 21:53:47] /a 18
[23/2/2022 21:53:47] /a 18
[23/2/2022 21:53:47] /a 18
[23/2/2022 21:53:48] /a 18
[23/2/2022 21:53:48] /a 18
[23/2/2022 21:53:49] /a 18
[23/2/2022 21:53:51] /a 18
[23/2/2022 21:53:53] /a 18
[23/2/2022 21:53:54] /a 18
[23/2/2022 21:53:55] /a 18
[23/2/2022 21:53:56] /i stone
[23/2/2022 21:53:57] /a 18
[23/2/2022 21:53:57] /i stone
[23/2/2022 21:53:58] /a 18
[23/2/2022 21:53:58] /i stone
[23/2/2022 21:53:59] /a 18
[23/2/2022 21:53:59] /i stone
[23/2/2022 21:54:0] /a 18
[23/2/2022 21:54:0] /i stone
[23/2/2022 21:54:1] /a 18
[23/2/2022 21:54:3] /a 18
[23/2/2022 21:54:4] /i stone
[23/2/2022 21:54:5] /a 18
[23/2/2022 21:54:7] /i stone
[23/2/2022 21:54:8] /a 18
[23/2/2022 21:54:12] /a 18
[23/2/2022 21:54:13] /i stone
[23/2/2022 21:54:13] /a 18
[23/2/2022 21:54:14] /i stone
[23/2/2022 21:54:15] /a 18
[23/2/2022 21:54:17] /a 18
[23/2/2022 21:54:17] /a 18
[23/2/2022 21:54:18] /a 18
[23/2/2022 21:54:19] /a 18
[23/2/2022 21:54:20] /i stone
[23/2/2022 21:54:21] /a 18
[23/2/2022 21:54:21] /a 18
[23/2/2022 21:54:22] /a 18
[23/2/2022 21:54:23] /i stone
[23/2/2022 21:54:24] /a 18
[23/2/2022 21:54:25] /i stone
[23/2/2022 21:54:25] /a 18
[23/2/2022 21:54:26] /i stone
[23/2/2022 21:54:26] /a 18
[23/2/2022 21:54:27] /i stone
[23/2/2022 21:54:27] /a 18
[23/2/2022 21:54:28] /i stone
[23/2/2022 21:54:28] /a 18
[23/2/2022 21:54:29] /i stone
[23/2/2022 21:54:29] /a 18
[23/2/2022 21:54:30] /i stone
[23/2/2022 21:54:31] /a 18
[23/2/2022 21:54:31] /i stone
[23/2/2022 21:54:32] /a 18
[23/2/2022 21:54:32] /i stone
[23/2/2022 21:54:33] /a 18
[23/2/2022 21:54:33] /i stone
[23/2/2022 21:54:34] /a 18
[23/2/2022 21:54:34] /i stone
[23/2/2022 21:54:35] /a 18
[23/2/2022 21:54:35] /i stone
[23/2/2022 21:54:36] /a 18
[23/2/2022 21:54:37] /i stone
[23/2/2022 21:54:37] /a 18
[23/2/2022 21:54:38] /i stone
[23/2/2022 21:54:38] /a 18
[23/2/2022 21:54:39] /i stone
[23/2/2022 21:54:39] /a 18
[23/2/2022 21:54:40] /i stone
[23/2/2022 21:54:41] /a 18
[23/2/2022 21:54:41] /i stone
[23/2/2022 21:54:42] /a 18
[23/2/2022 21:54:42] /i stone
[23/2/2022 21:54:43] /a 18
[23/2/2022 21:54:44] /i stone
[23/2/2022 21:54:44] /a 18
[23/2/2022 21:54:44] /i stone
[23/2/2022 21:54:45] /a 18
[23/2/2022 21:54:45] /i stone
[23/2/2022 21:54:46] /a 18
[23/2/2022 21:54:47] /i stone
[23/2/2022 21:54:47] /a 18
[23/2/2022 21:54:48] /i stone
[23/2/2022 21:54:48] /a 18
[23/2/2022 21:54:49] /i stone
[23/2/2022 21:54:49] /a 18
[23/2/2022 21:54:50] /i stone
[23/2/2022 21:54:50] /a 18
[23/2/2022 21:54:51] /i stone
[23/2/2022 21:54:51] /a 18
[23/2/2022 21:54:52] /i stone
[23/2/2022 21:54:52] /a 18
[23/2/2022 21:54:53] /i stone
[23/2/2022 21:54:53] /a 18
[23/2/2022 21:54:54] /i stone
[23/2/2022 21:54:55] /a 18
[23/2/2022 21:54:55] /i stone
[23/2/2022 21:54:56] /a 18
[23/2/2022 21:54:56] /i stone
[23/2/2022 21:54:57] /a 18
[23/2/2022 21:54:57] /i stone
[23/2/2022 21:54:58] /a 18
[23/2/2022 21:54:58] /i stone
[23/2/2022 21:54:59] /a 18
[23/2/2022 21:54:59] /i stone
[23/2/2022 21:55:0] /a 18
[23/2/2022 21:55:0] /i stone
[23/2/2022 21:55:1] /a 18
[23/2/2022 21:55:1] /i stone
[23/2/2022 21:55:2] /a 18
[23/2/2022 21:55:2] /i stone
[23/2/2022 21:55:3] /a 18
[23/2/2022 21:55:3] /i stone
[23/2/2022 22:3:30] /t
[24/2/2022 20:42:58] /i mary point
[24/2/2022 20:45:27] /i magic wall rune
[24/2/2022 21:43:41] /goto Choking Fear
[24/2/2022 21:53:47] /goto Mata Viado Um
[24/2/2022 21:53:50] /ghost
[24/2/2022 21:53:57] /ghost
[24/2/2022 21:58:43] /t
[25/2/2022 3:26:35] /goto Waronylxrtwrj
[25/2/2022 3:26:41] /goto Waronylxrtwrj
[25/2/2022 3:26:45] /t
[25/2/2022 4:28:50] /i 9969
[25/2/2022 4:49:48] /m hydra
[25/2/2022 4:50:1] /ads administrador, magic, 100
[25/2/2022 4:50:11] /m hydra
[25/2/2022 4:50:12] /m hydra
[25/2/2022 4:50:12] /m hydra
[25/2/2022 4:50:12] /m hydra
[25/2/2022 4:50:13] /m hydra
[25/2/2022 4:50:13] /m hydra
[25/2/2022 4:50:13] /m hydra
[25/2/2022 4:50:13] /m hydra
[25/2/2022 4:50:13] /m hydra
[25/2/2022 4:50:13] /m hydra
[25/2/2022 4:50:13] /m hydra
[25/2/2022 4:50:13] /m hydra
[25/2/2022 4:50:13] /m hydra
[25/2/2022 4:50:13] /m hydra
[25/2/2022 4:50:13] /m hydra
[25/2/2022 4:50:13] /m hydra
[25/2/2022 4:50:13] /m hydra
[25/2/2022 4:50:13] /m hydra
[25/2/2022 4:50:13] /m hydra
[25/2/2022 4:50:13] /m hydra
[25/2/2022 4:50:13] /m hydra
[25/2/2022 4:50:13] /m hydra
[25/2/2022 4:50:13] /m hydra
[25/2/2022 4:50:13] /m hydra
[25/2/2022 4:50:13] /m hydra
[25/2/2022 4:50:19] /m hydra
[25/2/2022 4:50:20] /m hydra
[25/2/2022 4:50:20] /m hydra
[25/2/2022 4:50:20] /m hydra
[25/2/2022 4:50:20] /m hydra
[25/2/2022 4:50:20] /m hydra
[25/2/2022 4:50:20] /m hydra
[25/2/2022 4:50:20] /m hydra
[25/2/2022 4:50:20] /m hydra
[25/2/2022 4:50:20] /m hydra
[25/2/2022 4:50:20] /m hydra
[25/2/2022 4:50:20] /m hydra
[25/2/2022 4:50:20] /m hydra
[25/2/2022 4:50:20] /m hydra
[25/2/2022 4:50:20] /m hydra
[25/2/2022 4:50:20] /m hydra
[25/2/2022 4:50:24] /m hydra
[25/2/2022 4:50:25] /m hydra
[25/2/2022 4:50:25] /m hydra
[25/2/2022 4:50:25] /m hydra
[25/2/2022 4:50:25] /m hydra
[25/2/2022 4:50:25] /m hydra
[25/2/2022 4:50:25] /m hydra
[25/2/2022 4:50:25] /m hydra
[25/2/2022 4:50:25] /m hydra
[25/2/2022 4:50:25] /m hydra
[25/2/2022 4:50:25] /m hydra
[25/2/2022 4:50:25] /m hydra
[25/2/2022 4:50:25] /m hydra
[25/2/2022 4:50:25] /m hydra
[25/2/2022 4:50:25] /m hydra
[25/2/2022 4:50:25] /m hydra
[25/2/2022 4:50:25] /m hydra
[25/2/2022 4:50:25] /m hydra
[25/2/2022 4:50:25] /m hydra
[25/2/2022 4:50:25] /m hydra
[25/2/2022 4:50:25] /m hydra
[25/2/2022 4:50:25] /m hydra
[25/2/2022 4:50:25] /m hydra
[25/2/2022 4:50:25] /m hydra
[25/2/2022 4:50:25] /m hydra
[25/2/2022 4:50:25] /m hydra
[25/2/2022 4:50:25] /m hydra
[25/2/2022 4:50:26] /m hydra
[25/2/2022 4:50:26] /m hydra
[25/2/2022 4:50:26] /m hydra
[25/2/2022 4:50:30] /m hydra
[25/2/2022 4:50:30] /m hydra
[25/2/2022 4:50:31] /m hydra
[25/2/2022 4:50:31] /m hydra
[25/2/2022 4:50:31] /m hydra
[25/2/2022 4:50:31] /m hydra
[25/2/2022 4:50:31] /m hydra
[25/2/2022 4:50:31] /m hydra
[25/2/2022 4:50:31] /m hydra
[25/2/2022 4:50:31] /m hydra
[25/2/2022 4:50:31] /m hydra
[25/2/2022 4:50:31] /m hydra
[25/2/2022 4:50:31] /m hydra
[25/2/2022 4:50:31] /m hydra
[25/2/2022 4:50:31] /m hydra
[25/2/2022 4:50:31] /m hydra
[25/2/2022 4:50:31] /m hydra
[25/2/2022 4:50:31] /m hydra
[25/2/2022 4:50:31] /m hydra
[25/2/2022 4:50:31] /m hydra
[25/2/2022 4:50:31] /m hydra
[25/2/2022 4:50:31] /m hydra
[25/2/2022 4:50:31] /m hydra
[25/2/2022 4:50:31] /m hydra
[25/2/2022 4:50:31] /m hydra
[25/2/2022 4:50:31] /m hydra
[25/2/2022 4:50:31] /m hydra
[25/2/2022 4:50:34] /m hydra
[25/2/2022 4:50:34] /m hydra
[25/2/2022 4:50:34] /m hydra
[25/2/2022 4:50:34] /m hydra
[25/2/2022 4:50:34] /m hydra
[25/2/2022 4:50:34] /m hydra
[25/2/2022 4:50:35] /m hydra
[25/2/2022 4:50:35] /m hydra
[25/2/2022 4:50:35] /m hydra
[25/2/2022 4:50:35] /m hydra
[25/2/2022 4:50:35] /m hydra
[25/2/2022 4:50:35] /m hydra
[25/2/2022 4:50:35] /m hydra
[25/2/2022 4:50:35] /m hydra
[25/2/2022 4:50:35] /m hydra
[25/2/2022 4:50:35] /m hydra
[25/2/2022 4:50:35] /m hydra
[25/2/2022 4:50:35] /m hydra
[25/2/2022 4:50:35] /m hydra
[25/2/2022 4:50:35] /m hydra
[25/2/2022 4:50:35] /m hydra
[25/2/2022 4:50:35] /m hydra
[25/2/2022 4:50:35] /m hydra
[25/2/2022 4:50:35] /m hydra
[25/2/2022 4:50:35] /m hydra
[25/2/2022 4:50:35] /m hydra
[25/2/2022 4:50:35] /m hydra
[25/2/2022 4:50:35] /m hydra
[25/2/2022 4:51:15] /m hydra
[25/2/2022 4:51:15] /m hydra
[25/2/2022 4:51:15] /m hydra
[25/2/2022 4:51:15] /m hydra
[25/2/2022 4:51:15] /m hydra
[25/2/2022 4:51:15] /m hydra
[25/2/2022 4:51:15] /m hydra
[25/2/2022 4:51:15] /m hydra
[25/2/2022 4:51:15] /m hydra
[25/2/2022 4:51:16] /m hydra
[25/2/2022 4:51:16] /m hydra
[25/2/2022 4:51:16] /m hydra
[25/2/2022 4:51:16] /m hydra
[25/2/2022 4:51:16] /m hydra
[25/2/2022 4:51:16] /m hydra
[25/2/2022 4:51:16] /m hydra
[25/2/2022 4:51:16] /m hydra
[25/2/2022 4:51:16] /m hydra
[25/2/2022 4:51:16] /m hydra
[25/2/2022 4:51:34] /m hydra
[25/2/2022 4:51:34] /m hydra
[25/2/2022 4:51:35] /m hydra
[25/2/2022 4:51:35] /m hydra
[25/2/2022 4:51:35] /m hydra
[25/2/2022 4:51:35] /m hydra
[25/2/2022 4:51:35] /m hydra
[25/2/2022 4:51:35] /m hydra
[25/2/2022 4:51:35] /m hydra
[25/2/2022 4:51:35] /m hydra
[25/2/2022 4:51:35] /m hydra
[25/2/2022 4:51:35] /m hydra
[25/2/2022 4:51:35] /m hydra
[25/2/2022 4:51:35] /m hydra
[25/2/2022 4:51:35] /m hydra
[25/2/2022 4:51:35] /m hydra
[25/2/2022 4:51:38] /m hydra
[25/2/2022 4:51:38] /m hydra
[25/2/2022 4:51:38] /m hydra
[25/2/2022 4:51:38] /m hydra
[25/2/2022 4:51:38] /m hydra
[25/2/2022 4:51:38] /m hydra
[25/2/2022 4:51:38] /m hydra
[25/2/2022 4:51:38] /m hydra
[25/2/2022 4:51:39] /m hydra
[25/2/2022 4:51:39] /m hydra
[25/2/2022 4:51:39] /m hydra
[25/2/2022 4:51:39] /m hydra
[25/2/2022 4:51:39] /m hydra
[25/2/2022 4:51:39] /m hydra
[25/2/2022 4:51:39] /m hydra
[25/2/2022 4:51:39] /m hydra
[25/2/2022 4:51:39] /m hydra
[25/2/2022 4:51:39] /m hydra
[25/2/2022 4:51:39] /m hydra
[25/2/2022 4:51:39] /m hydra
[25/2/2022 4:51:39] /m hydra
[25/2/2022 4:51:39] /m hydra
[25/2/2022 4:51:39] /m hydra
[25/2/2022 4:51:39] /m hydra
[25/2/2022 4:51:41] /m hydra
[25/2/2022 4:51:42] /m hydra
[25/2/2022 4:51:42] /m hydra
[25/2/2022 4:51:42] /m hydra
[25/2/2022 4:51:42] /m hydra
[25/2/2022 4:51:42] /m hydra
[25/2/2022 4:51:42] /m hydra
[25/2/2022 4:51:42] /m hydra
[25/2/2022 4:51:42] /m hydra
[25/2/2022 4:51:42] /m hydra
[25/2/2022 4:51:42] /m hydra
[25/2/2022 4:51:42] /m hydra
[25/2/2022 4:51:42] /m hydra
[25/2/2022 4:51:42] /m hydra
[25/2/2022 4:51:42] /m hydra
[25/2/2022 4:51:43] /m hydra
[25/2/2022 4:51:43] /m hydra
[25/2/2022 4:51:43] /m hydra
[25/2/2022 4:51:43] /m hydra
[25/2/2022 4:51:43] /m hydra
[25/2/2022 4:51:45] /m hydra
[25/2/2022 4:51:45] /m hydra
[25/2/2022 4:51:45] /m hydra
[25/2/2022 4:51:45] /m hydra
[25/2/2022 4:51:45] /m hydra
[25/2/2022 4:51:45] /m hydra
[25/2/2022 4:51:45] /m hydra
[25/2/2022 4:51:46] /m hydra
[25/2/2022 4:51:46] /m hydra
[25/2/2022 4:51:46] /m hydra
[25/2/2022 4:51:46] /m hydra
[25/2/2022 4:51:46] /m hydra
[25/2/2022 4:51:46] /m hydra
[25/2/2022 4:51:46] /m hydra
[25/2/2022 4:51:46] /m hydra
[25/2/2022 4:51:46] /m hydra
[25/2/2022 4:51:46] /m hydra
[25/2/2022 4:51:46] /m hydra
[25/2/2022 4:51:46] /m hydra
[25/2/2022 4:51:46] /m hydra
[25/2/2022 4:51:46] /m hydra
[25/2/2022 4:51:46] /m hydra
[25/2/2022 4:51:46] /m hydra
[25/2/2022 4:51:46] /m hydra
[25/2/2022 4:51:51] /m hydra
[25/2/2022 4:51:52] /m hydra
[25/2/2022 4:51:52] /m hydra
[25/2/2022 4:51:52] /m hydra
[25/2/2022 4:51:52] /m hydra
[25/2/2022 4:51:52] /m hydra
[25/2/2022 4:51:52] /m hydra
[25/2/2022 4:51:52] /m hydra
[25/2/2022 4:51:52] /m hydra
[25/2/2022 4:51:52] /m hydra
[25/2/2022 4:51:52] /m hydra
[25/2/2022 4:51:52] /m hydra
[25/2/2022 4:51:52] /m hydra
[25/2/2022 4:51:52] /m hydra
[25/2/2022 4:51:52] /m hydra
[25/2/2022 4:51:52] /m hydra
[25/2/2022 4:51:52] /m hydra
[25/2/2022 4:51:52] /m hydra
[25/2/2022 4:51:55] /m hydra
[25/2/2022 4:51:56] /m hydra
[25/2/2022 4:51:56] /m hydra
[25/2/2022 4:51:56] /m hydra
[25/2/2022 4:51:56] /m hydra
[25/2/2022 4:51:56] /m hydra
[25/2/2022 4:51:56] /m hydra
[25/2/2022 4:51:56] /m hydra
[25/2/2022 4:51:56] /m hydra
[25/2/2022 4:51:56] /m hydra
[25/2/2022 4:51:56] /m hydra
[25/2/2022 4:51:56] /m hydra
[25/2/2022 4:51:56] /m hydra
[25/2/2022 4:51:57] /m hydra
[25/2/2022 4:51:57] /m hydra
[25/2/2022 4:51:57] /m hydra
[25/2/2022 4:51:57] /m hydra
[25/2/2022 4:51:57] /m hydra
[25/2/2022 4:51:57] /m hydra
[25/2/2022 4:51:57] /m hydra
[25/2/2022 4:51:57] /m hydra
[25/2/2022 4:52:0] /m hydra
[25/2/2022 4:52:1] /m hydra
[25/2/2022 4:52:1] /m hydra
[25/2/2022 4:52:1] /m hydra
[25/2/2022 4:52:1] /m hydra
[25/2/2022 4:52:1] /m hydra
[25/2/2022 4:52:1] /m hydra
[25/2/2022 4:52:1] /m hydra
[25/2/2022 4:52:1] /m hydra
[25/2/2022 4:52:1] /m hydra
[25/2/2022 4:52:1] /m hydra
[25/2/2022 4:52:1] /m hydra
[25/2/2022 4:52:1] /m hydra
[25/2/2022 4:52:1] /m hydra
[25/2/2022 4:52:1] /m hydra
[25/2/2022 4:52:1] /m hydra
[25/2/2022 4:52:2] /m hydra
[25/2/2022 4:52:2] /m hydra
[25/2/2022 4:52:2] /m hydra
[25/2/2022 4:52:2] /m hydra
[25/2/2022 4:52:2] /m hydra
[25/2/2022 4:52:2] /m hydra
[25/2/2022 4:52:2] /m hydra
[25/2/2022 4:52:2] /m hydra
[25/2/2022 4:52:2] /m hydra
[25/2/2022 4:52:2] /m hydra
[25/2/2022 4:52:2] /m hydra
[25/2/2022 4:52:2] /m hydra
[25/2/2022 4:52:2] /m hydra
[25/2/2022 4:52:2] /m hydra
[25/2/2022 4:52:5] /m hydra
[25/2/2022 4:52:6] /m hydra
[25/2/2022 4:52:6] /m hydra
[25/2/2022 4:52:6] /m hydra
[25/2/2022 4:52:6] /m hydra
[25/2/2022 4:52:6] /m hydra
[25/2/2022 4:52:6] /m hydra
[25/2/2022 4:52:6] /m hydra
[25/2/2022 4:52:6] /m hydra
[25/2/2022 4:52:6] /m hydra
[25/2/2022 4:52:6] /m hydra
[25/2/2022 4:52:6] /m hydra
[25/2/2022 4:52:6] /m hydra
[25/2/2022 4:52:6] /m hydra
[25/2/2022 4:52:6] /m hydra
[25/2/2022 4:52:6] /m hydra
[25/2/2022 4:52:6] /m hydra
[25/2/2022 4:52:6] /m hydra
[25/2/2022 4:52:9] /m hydra
[25/2/2022 4:52:9] /m hydra
[25/2/2022 4:52:9] /m hydra
[25/2/2022 4:52:9] /m hydra
[25/2/2022 4:52:9] /m hydra
[25/2/2022 4:52:9] /m hydra
[25/2/2022 4:52:10] /m hydra
[25/2/2022 4:52:10] /m hydra
[25/2/2022 4:52:10] /m hydra
[25/2/2022 4:52:10] /m hydra
[25/2/2022 4:52:10] /m hydra
[25/2/2022 4:52:10] /m hydra
[25/2/2022 4:52:10] /m hydra
[25/2/2022 4:52:10] /m hydra
[25/2/2022 4:52:10] /m hydra
[25/2/2022 4:52:10] /m hydra
[25/2/2022 4:52:10] /m hydra
[25/2/2022 4:52:10] /m hydra
[25/2/2022 4:52:10] /m hydra
[25/2/2022 4:52:10] /m hydra
[25/2/2022 4:52:10] /m hydra
[25/2/2022 4:52:10] /m hydra
[25/2/2022 4:52:13] /m hydra
[25/2/2022 4:52:13] /m hydra
[25/2/2022 4:52:13] /m hydra
[25/2/2022 4:52:13] /m hydra
[25/2/2022 4:52:13] /m hydra
[25/2/2022 4:52:13] /m hydra
[25/2/2022 4:52:13] /m hydra
[25/2/2022 4:52:13] /m hydra
[25/2/2022 4:52:13] /m hydra
[25/2/2022 4:52:13] /m hydra
[25/2/2022 4:52:13] /m hydra
[25/2/2022 4:52:14] /m hydra
[25/2/2022 4:52:14] /m hydra
[25/2/2022 4:52:14] /m hydra
[25/2/2022 4:52:14] /m hydra
[25/2/2022 4:52:14] /m hydra
[25/2/2022 4:52:14] /m hydra
[25/2/2022 4:52:14] /m hydra
[25/2/2022 4:52:14] /m hydra
[25/2/2022 4:52:14] /m hydra
[25/2/2022 4:52:14] /m hydra
[25/2/2022 4:52:14] /m hydra
[25/2/2022 4:52:14] /m hydra
[25/2/2022 4:52:14] /m hydra
[25/2/2022 4:52:14] /m hydra
[25/2/2022 4:52:14] /m hydra
[25/2/2022 4:53:6] /m hydra
[25/2/2022 4:53:6] /m hydra
[25/2/2022 4:53:7] /m hydra
[25/2/2022 4:53:7] /m hydra
[25/2/2022 4:53:7] /m hydra
[25/2/2022 4:53:7] /m hydra
[25/2/2022 4:53:7] /m hydra
[25/2/2022 4:53:7] /m hydra
[25/2/2022 4:53:7] /m hydra
[25/2/2022 4:53:7] /m hydra
[25/2/2022 4:53:7] /m hydra
[25/2/2022 4:53:8] /m hydra
[25/2/2022 4:53:8] /m hydra
[25/2/2022 4:53:8] /m hydra
[25/2/2022 4:53:8] /m hydra
[25/2/2022 4:53:8] /m hydra
[25/2/2022 4:53:8] /m hydra
[25/2/2022 4:53:8] /m hydra
[25/2/2022 4:53:8] /m hydra
[25/2/2022 4:53:8] /m hydra
[25/2/2022 4:53:8] /m hydra
[25/2/2022 4:53:8] /m hydra
[25/2/2022 4:53:12] /m hydra
[25/2/2022 4:53:13] /m hydra
[25/2/2022 4:53:13] /m hydra
[25/2/2022 4:53:13] /m hydra
[25/2/2022 4:53:13] /m hydra
[25/2/2022 4:53:13] /m hydra
[25/2/2022 4:53:13] /m hydra
[25/2/2022 4:53:13] /m hydra
[25/2/2022 4:53:13] /m hydra
[25/2/2022 4:53:13] /m hydra
[25/2/2022 4:53:13] /m hydra
[25/2/2022 4:53:13] /m hydra
[25/2/2022 4:53:13] /m hydra
[25/2/2022 4:53:13] /m hydra
[25/2/2022 4:53:13] /m hydra
[25/2/2022 4:53:13] /m hydra
[25/2/2022 4:53:13] /m hydra
[25/2/2022 4:53:13] /m hydra
[25/2/2022 4:53:13] /m hydra
[25/2/2022 4:53:14] /m hydra
[25/2/2022 4:53:14] /m hydra
[25/2/2022 4:53:14] /m hydra
[25/2/2022 4:53:16] /m hydra
[25/2/2022 4:53:17] /m hydra
[25/2/2022 4:53:17] /m hydra
[25/2/2022 4:53:17] /m hydra
[25/2/2022 4:53:17] /m hydra
[25/2/2022 4:53:17] /m hydra
[25/2/2022 4:53:18] /m hydra
[25/2/2022 4:53:18] /m hydra
[25/2/2022 4:53:18] /m hydra
[25/2/2022 4:53:18] /m hydra
[25/2/2022 4:53:18] /m hydra
[25/2/2022 4:53:18] /m hydra
[25/2/2022 4:53:19] /m hydra
[25/2/2022 4:53:19] /m hydra
[25/2/2022 4:53:19] /m hydra
[25/2/2022 4:53:19] /m hydra
[25/2/2022 4:53:19] /m hydra
[25/2/2022 4:53:19] /m hydra
[25/2/2022 4:53:20] /m hydra
[25/2/2022 4:53:20] /m hydra
[25/2/2022 4:53:20] /m hydra
[25/2/2022 4:53:20] /m hydra
[25/2/2022 4:53:21] /m hydra
[25/2/2022 4:53:21] /m hydra
[25/2/2022 4:53:21] /m hydra
[25/2/2022 4:53:21] /m hydra
[25/2/2022 4:53:21] /m hydra
[25/2/2022 4:53:22] /m hydra
[25/2/2022 4:53:22] /m hydra
[25/2/2022 4:53:22] /m hydra
[25/2/2022 4:53:22] /m hydra
[25/2/2022 4:53:22] /m hydra
[25/2/2022 4:53:27] /m hydra
[25/2/2022 4:53:27] /m hydra
[25/2/2022 4:53:27] /m hydra
[25/2/2022 4:53:27] /m hydra
[25/2/2022 4:53:27] /m hydra
[25/2/2022 4:53:27] /m hydra
[25/2/2022 4:53:27] /m hydra
[25/2/2022 4:53:28] /m hydra
[25/2/2022 4:53:28] /m hydra
[25/2/2022 4:53:28] /m hydra
[25/2/2022 4:53:28] /m hydra
[25/2/2022 4:53:28] /m hydra
[25/2/2022 4:53:28] /m hydra
[25/2/2022 4:53:28] /m hydra
[25/2/2022 4:53:28] /m hydra
[25/2/2022 4:53:34] /m hydra
[25/2/2022 4:53:34] /m hydra
[25/2/2022 4:53:34] /m hydra
[25/2/2022 4:53:34] /m hydra
[25/2/2022 4:53:34] /m hydra
[25/2/2022 4:53:35] /m hydra
[25/2/2022 4:53:35] /m hydra
[25/2/2022 4:53:35] /m hydra
[25/2/2022 4:53:35] /m hydra
[25/2/2022 4:53:35] /m hydra
[25/2/2022 4:53:35] /m hydra
[25/2/2022 4:53:35] /m hydra
[25/2/2022 4:53:35] /m hydra
[25/2/2022 4:53:35] /m hydra
[25/2/2022 4:53:35] /m hydra
[25/2/2022 4:53:35] /m hydra
[25/2/2022 4:53:35] /m hydra
[25/2/2022 4:53:38] /m hydra
[25/2/2022 4:53:39] /m hydra
[25/2/2022 4:53:39] /m hydra
[25/2/2022 4:53:39] /m hydra
[25/2/2022 4:53:39] /m hydra
[25/2/2022 4:53:39] /m hydra
[25/2/2022 4:53:39] /m hydra
[25/2/2022 4:53:39] /m hydra
[25/2/2022 4:53:39] /m hydra
[25/2/2022 4:53:39] /m hydra
[25/2/2022 4:53:39] /m hydra
[25/2/2022 4:53:39] /m hydra
[25/2/2022 4:53:39] /m hydra
[25/2/2022 4:53:39] /m hydra
[25/2/2022 4:53:39] /m hydra
[25/2/2022 4:53:39] /m hydra
[25/2/2022 4:53:39] /m hydra
[25/2/2022 4:53:39] /m hydra
[25/2/2022 4:53:39] /m hydra
[25/2/2022 4:53:39] /m hydra
[25/2/2022 4:53:42] /m hydra
[25/2/2022 4:53:42] /m hydra
[25/2/2022 4:53:42] /m hydra
[25/2/2022 4:53:42] /m hydra
[25/2/2022 4:53:42] /m hydra
[25/2/2022 4:53:42] /m hydra
[25/2/2022 4:53:42] /m hydra
[25/2/2022 4:53:42] /m hydra
[25/2/2022 4:53:42] /m hydra
[25/2/2022 4:53:42] /m hydra
[25/2/2022 4:53:43] /m hydra
[25/2/2022 4:53:43] /m hydra
[25/2/2022 4:53:43] /m hydra
[25/2/2022 4:53:43] /m hydra
[25/2/2022 4:53:43] /m hydra
[25/2/2022 4:53:50] /m hydra
[25/2/2022 4:53:50] /m hydra
[25/2/2022 4:53:50] /m hydra
[25/2/2022 4:53:50] /m hydra
[25/2/2022 4:53:50] /m hydra
[25/2/2022 4:53:50] /m hydra
[25/2/2022 4:53:51] /m hydra
[25/2/2022 4:53:51] /m hydra
[25/2/2022 4:53:51] /m hydra
[25/2/2022 4:53:51] /m hydra
[25/2/2022 4:53:51] /m hydra
[25/2/2022 4:53:51] /m hydra
[25/2/2022 4:53:51] /m hydra
[25/2/2022 4:53:51] /m hydra
[25/2/2022 4:53:51] /m hydra
[25/2/2022 4:53:51] /m hydra
[25/2/2022 4:53:51] /m hydra
[25/2/2022 4:53:54] /m hydra
[25/2/2022 4:53:54] /m hydra
[25/2/2022 4:53:55] /m hydra
[25/2/2022 4:53:55] /m hydra
[25/2/2022 4:53:55] /m hydra
[25/2/2022 4:53:55] /m hydra
[25/2/2022 4:53:55] /m hydra
[25/2/2022 4:53:55] /m hydra
[25/2/2022 4:53:55] /m hydra
[25/2/2022 4:53:55] /m hydra
[25/2/2022 4:53:55] /m hydra
[25/2/2022 4:53:55] /m hydra
[25/2/2022 4:53:55] /m hydra
[25/2/2022 4:53:55] /m hydra
[25/2/2022 4:53:55] /m hydra
[25/2/2022 4:53:55] /m hydra
[25/2/2022 4:53:55] /m hydra
[25/2/2022 4:53:55] /m hydra
[25/2/2022 4:53:59] /m hydra
[25/2/2022 4:54:0] /m hydra
[25/2/2022 4:54:0] /m hydra
[25/2/2022 4:54:0] /m hydra
[25/2/2022 4:54:0] /m hydra
[25/2/2022 4:54:0] /m hydra
[25/2/2022 4:54:0] /m hydra
[25/2/2022 4:54:0] /m hydra
[25/2/2022 4:54:0] /m hydra
[25/2/2022 4:54:0] /m hydra
[25/2/2022 4:54:0] /m hydra
[25/2/2022 4:54:0] /m hydra
[25/2/2022 4:54:0] /m hydra
[25/2/2022 4:54:0] /m hydra
[25/2/2022 4:54:0] /m hydra
[25/2/2022 4:54:0] /m hydra
[25/2/2022 4:54:0] /m hydra
[25/2/2022 4:54:0] /m hydra
[25/2/2022 4:54:0] /m hydra
[25/2/2022 4:54:0] /m hydra
[25/2/2022 4:54:0] /m hydra
[25/2/2022 4:54:4] /m hydra
[25/2/2022 4:54:4] /m hydra
[25/2/2022 4:54:4] /m hydra
[25/2/2022 4:54:4] /m hydra
[25/2/2022 4:54:4] /m hydra
[25/2/2022 4:54:4] /m hydra
[25/2/2022 4:54:4] /m hydra
[25/2/2022 4:54:4] /m hydra
[25/2/2022 4:54:4] /m hydra
[25/2/2022 4:54:4] /m hydra
[25/2/2022 4:54:4] /m hydra
[25/2/2022 4:54:5] /m hydra
[25/2/2022 4:54:5] /m hydra
[25/2/2022 4:54:5] /m hydra
[25/2/2022 4:54:5] /m hydra
[25/2/2022 4:54:5] /m hydra
[25/2/2022 4:54:5] /m hydra
[25/2/2022 4:54:5] /m hydra
[25/2/2022 4:54:5] /m hydra
[25/2/2022 4:54:8] /m hydra
[25/2/2022 4:54:9] /m hydra
[25/2/2022 4:54:9] /m hydra
[25/2/2022 4:54:9] /m hydra
[25/2/2022 4:54:9] /m hydra
[25/2/2022 4:54:9] /m hydra
[25/2/2022 4:54:9] /m hydra
[25/2/2022 4:54:9] /m hydra
[25/2/2022 4:54:9] /m hydra
[25/2/2022 4:54:9] /m hydra
[25/2/2022 4:54:9] /m hydra
[25/2/2022 4:54:9] /m hydra
[25/2/2022 4:54:9] /m hydra
[25/2/2022 4:54:9] /m hydra
[25/2/2022 4:54:9] /m hydra
[25/2/2022 4:54:9] /m hydra
[25/2/2022 4:54:9] /m hydra
[25/2/2022 4:54:10] /m hydra
[25/2/2022 4:54:10] /m hydra
[25/2/2022 4:54:10] /m hydra
[25/2/2022 4:54:10] /m hydra
[25/2/2022 4:54:10] /m hydra
[25/2/2022 4:54:12] /m hydra
[25/2/2022 4:54:13] /m hydra
[25/2/2022 4:54:13] /m hydra
[25/2/2022 4:54:13] /m hydra
[25/2/2022 4:54:13] /m hydra
[25/2/2022 4:54:13] /m hydra
[25/2/2022 4:54:13] /m hydra
[25/2/2022 4:54:13] /m hydra
[25/2/2022 4:54:13] /m hydra
[25/2/2022 4:54:13] /m hydra
[25/2/2022 4:54:13] /m hydra
[25/2/2022 4:54:13] /m hydra
[25/2/2022 4:54:13] /m hydra
[25/2/2022 4:54:13] /m hydra
[25/2/2022 4:54:13] /m hydra
[25/2/2022 4:54:13] /m hydra
[25/2/2022 4:54:13] /m hydra
[25/2/2022 4:54:13] /m hydra
[25/2/2022 4:54:14] /m hydra
[25/2/2022 4:54:14] /m hydra
[25/2/2022 4:54:16] /m hydra
[25/2/2022 4:54:16] /m hydra
[25/2/2022 4:54:16] /m hydra
[25/2/2022 4:54:16] /m hydra
[25/2/2022 4:54:16] /m hydra
[25/2/2022 4:54:16] /m hydra
[25/2/2022 4:54:16] /m hydra
[25/2/2022 4:54:16] /m hydra
[25/2/2022 4:54:16] /m hydra
[25/2/2022 4:54:16] /m hydra
[25/2/2022 4:54:16] /m hydra
[25/2/2022 4:54:17] /m hydra
[25/2/2022 4:54:17] /m hydra
[25/2/2022 4:54:17] /m hydra
[25/2/2022 4:54:17] /m hydra
[25/2/2022 4:54:17] /m hydra
[25/2/2022 4:54:17] /m hydra
[25/2/2022 4:54:17] /m hydra
[25/2/2022 4:54:17] /m hydra
[25/2/2022 4:54:17] /m hydra
[25/2/2022 4:54:17] /m hydra
[25/2/2022 4:54:17] /m hydra
[25/2/2022 4:54:17] /m hydra
[25/2/2022 4:54:19] /m hydra
[25/2/2022 4:54:20] /m hydra
[25/2/2022 4:54:20] /m hydra
[25/2/2022 4:54:20] /m hydra
[25/2/2022 4:54:20] /m hydra
[25/2/2022 4:54:20] /m hydra
[25/2/2022 4:54:20] /m hydra
[25/2/2022 4:54:20] /m hydra
[25/2/2022 4:54:20] /m hydra
[25/2/2022 4:54:20] /m hydra
[25/2/2022 4:54:20] /m hydra
[25/2/2022 4:54:20] /m hydra
[25/2/2022 4:54:20] /m hydra
[25/2/2022 4:54:20] /m hydra
[25/2/2022 4:54:20] /m hydra
[25/2/2022 4:54:20] /m hydra
[25/2/2022 4:54:20] /m hydra
[25/2/2022 4:54:20] /m hydra
[25/2/2022 4:54:20] /m hydra
[25/2/2022 4:54:20] /m hydra
[25/2/2022 4:54:20] /m hydra
[25/2/2022 4:54:23] /m hydra
[25/2/2022 4:54:23] /m hydra
[25/2/2022 4:54:24] /m hydra
[25/2/2022 4:54:24] /m hydra
[25/2/2022 4:54:24] /m hydra
[25/2/2022 4:54:24] /m hydra
[25/2/2022 4:54:24] /m hydra
[25/2/2022 4:54:24] /m hydra
[25/2/2022 4:54:24] /m hydra
[25/2/2022 4:54:24] /m hydra
[25/2/2022 4:54:24] /m hydra
[25/2/2022 4:54:24] /m hydra
[25/2/2022 4:54:24] /m hydra
[25/2/2022 4:54:24] /m hydra
[25/2/2022 4:54:24] /m hydra
[25/2/2022 4:54:24] /m hydra
[25/2/2022 4:54:24] /m hydra
[25/2/2022 4:54:24] /m hydra
[25/2/2022 4:54:24] /m hydra
[25/2/2022 4:54:24] /m hydra
[25/2/2022 4:54:24] /m hydra
[25/2/2022 4:54:24] /m hydra
[25/2/2022 4:54:27] /m hydra
[25/2/2022 4:54:27] /m hydra
[25/2/2022 4:54:27] /m hydra
[25/2/2022 4:54:27] /m hydra
[25/2/2022 4:54:27] /m hydra
[25/2/2022 4:54:27] /m hydra
[25/2/2022 4:54:28] /m hydra
[25/2/2022 4:54:28] /m hydra
[25/2/2022 4:54:28] /m hydra
[25/2/2022 4:54:28] /m hydra
[25/2/2022 4:54:28] /m hydra
[25/2/2022 4:54:28] /m hydra
[25/2/2022 4:54:28] /m hydra
[25/2/2022 4:54:28] /m hydra
[25/2/2022 4:54:28] /m hydra
[25/2/2022 4:54:28] /m hydra
[25/2/2022 4:54:28] /m hydra
[25/2/2022 4:54:28] /m hydra
[25/2/2022 4:54:28] /m hydra
[25/2/2022 4:54:31] /m hydra
[25/2/2022 4:54:31] /m hydra
[25/2/2022 4:54:31] /m hydra
[25/2/2022 4:54:31] /m hydra
[25/2/2022 4:54:31] /m hydra
[25/2/2022 4:54:31] /m hydra
[25/2/2022 4:54:31] /m hydra
[25/2/2022 4:54:32] /m hydra
[25/2/2022 4:54:32] /m hydra
[25/2/2022 4:54:32] /m hydra
[25/2/2022 4:54:32] /m hydra
[25/2/2022 4:54:32] /m hydra
[25/2/2022 4:54:32] /m hydra
[25/2/2022 4:54:32] /m hydra
[25/2/2022 4:54:32] /m hydra
[25/2/2022 4:54:32] /m hydra
[25/2/2022 4:54:32] /m hydra
[25/2/2022 4:54:32] /m hydra
[25/2/2022 4:54:32] /m hydra
[25/2/2022 4:54:32] /m hydra
[25/2/2022 4:54:32] /m hydra
[25/2/2022 4:54:32] /m hydra
[25/2/2022 4:54:35] /m hydra
[25/2/2022 4:54:35] /m hydra
[25/2/2022 4:54:35] /m hydra
[25/2/2022 4:54:35] /m hydra
[25/2/2022 4:54:35] /m hydra
[25/2/2022 4:54:35] /m hydra
[25/2/2022 4:54:35] /m hydra
[25/2/2022 4:54:35] /m hydra
[25/2/2022 4:54:35] /m hydra
[25/2/2022 4:54:35] /m hydra
[25/2/2022 4:54:35] /m hydra
[25/2/2022 4:54:35] /m hydra
[25/2/2022 4:54:35] /m hydra
[25/2/2022 4:54:35] /m hydra
[25/2/2022 4:54:35] /m hydra
[25/2/2022 4:54:35] /m hydra
[25/2/2022 4:54:36] /m hydra
[25/2/2022 4:54:36] /m hydra
[25/2/2022 4:54:36] /m hydra
[25/2/2022 4:54:36] /m hydra
[25/2/2022 4:54:38] /m hydra
[25/2/2022 4:54:39] /m hydra
[25/2/2022 4:54:39] /m hydra
[25/2/2022 4:54:39] /m hydra
[25/2/2022 4:54:39] /m hydra
[25/2/2022 4:54:39] /m hydra
[25/2/2022 4:54:39] /m hydra
[25/2/2022 4:54:39] /m hydra
[25/2/2022 4:54:39] /m hydra
[25/2/2022 4:54:39] /m hydra
[25/2/2022 4:54:39] /m hydra
[25/2/2022 4:54:39] /m hydra
[25/2/2022 4:54:39] /m hydra
[25/2/2022 4:54:39] /m hydra
[25/2/2022 4:54:42] /m hydra
[25/2/2022 4:54:42] /m hydra
[25/2/2022 4:54:42] /m hydra
[25/2/2022 4:54:42] /m hydra
[25/2/2022 4:54:42] /m hydra
[25/2/2022 4:54:42] /m hydra
[25/2/2022 4:54:42] /m hydra
[25/2/2022 4:54:42] /m hydra
[25/2/2022 4:54:43] /m hydra
[25/2/2022 4:54:43] /m hydra
[25/2/2022 4:54:43] /m hydra
[25/2/2022 4:54:43] /m hydra
[25/2/2022 4:54:43] /m hydra
[25/2/2022 4:54:43] /m hydra
[25/2/2022 4:54:43] /m hydra
[25/2/2022 4:54:43] /m hydra
[25/2/2022 4:54:43] /m hydra
[25/2/2022 4:54:43] /m hydra
[25/2/2022 4:54:43] /m hydra
[25/2/2022 4:54:43] /m hydra
[25/2/2022 4:54:45] /m hydra
[25/2/2022 4:54:46] /m hydra
[25/2/2022 4:54:46] /m hydra
[25/2/2022 4:54:46] /m hydra
[25/2/2022 4:54:46] /m hydra
[25/2/2022 4:54:46] /m hydra
[25/2/2022 4:54:46] /m hydra
[25/2/2022 4:54:46] /m hydra
[25/2/2022 4:54:46] /m hydra
[25/2/2022 4:54:46] /m hydra
[25/2/2022 4:54:46] /m hydra
[25/2/2022 4:54:46] /m hydra
[25/2/2022 4:54:46] /m hydra
[25/2/2022 4:54:46] /m hydra
[25/2/2022 4:54:46] /m hydra
[25/2/2022 4:54:46] /m hydra
[25/2/2022 4:54:46] /m hydra
[25/2/2022 4:54:46] /m hydra
[25/2/2022 4:54:46] /m hydra
[25/2/2022 4:54:46] /m hydra
[25/2/2022 4:54:47] /m hydra
[25/2/2022 4:54:49] /m hydra
[25/2/2022 4:54:49] /m hydra
[25/2/2022 4:54:49] /m hydra
[25/2/2022 4:54:49] /m hydra
[25/2/2022 4:54:49] /m hydra
[25/2/2022 4:54:49] /m hydra
[25/2/2022 4:54:49] /m hydra
[25/2/2022 4:54:49] /m hydra
[25/2/2022 4:54:49] /m hydra
[25/2/2022 4:54:49] /m hydra
[25/2/2022 4:54:49] /m hydra
[25/2/2022 4:54:50] /m hydra
[25/2/2022 4:54:50] /m hydra
[25/2/2022 4:54:50] /m hydra
[25/2/2022 4:54:50] /m hydra
[25/2/2022 4:54:50] /m hydra
[25/2/2022 4:54:50] /m hydra
[25/2/2022 4:54:50] /m hydra
[25/2/2022 4:54:50] /m hydra
[25/2/2022 4:54:50] /m hydra
[25/2/2022 4:54:50] /m hydra
[25/2/2022 4:54:52] /m hydra
[25/2/2022 4:54:53] /m hydra
[25/2/2022 4:54:53] /m hydra
[25/2/2022 4:54:53] /m hydra
[25/2/2022 4:54:53] /m hydra
[25/2/2022 4:54:53] /m hydra
[25/2/2022 4:54:53] /m hydra
[25/2/2022 4:54:53] /m hydra
[25/2/2022 4:54:53] /m hydra
[25/2/2022 4:54:53] /m hydra
[25/2/2022 4:54:53] /m hydra
[25/2/2022 4:54:53] /m hydra
[25/2/2022 4:54:53] /m hydra
[25/2/2022 4:54:53] /m hydra
[25/2/2022 4:54:53] /m hydra
[25/2/2022 4:54:53] /m hydra
[25/2/2022 4:54:53] /m hydra
[25/2/2022 4:54:53] /m hydra
[25/2/2022 4:54:53] /m hydra
[25/2/2022 4:54:53] /m hydra
[25/2/2022 4:54:53] /m hydra
[25/2/2022 4:54:53] /m hydra
[25/2/2022 4:54:53] /m hydra
[25/2/2022 4:54:56] /m hydra
[25/2/2022 4:54:56] /m hydra
[25/2/2022 4:54:56] /m hydra
[25/2/2022 4:54:56] /m hydra
[25/2/2022 4:54:56] /m hydra
[25/2/2022 4:54:56] /m hydra
[25/2/2022 4:54:56] /m hydra
[25/2/2022 4:54:56] /m hydra
[25/2/2022 4:54:57] /m hydra
[25/2/2022 4:54:57] /m hydra
[25/2/2022 4:54:57] /m hydra
[25/2/2022 4:54:57] /m hydra
[25/2/2022 4:54:57] /m hydra
[25/2/2022 4:54:57] /m hydra
[25/2/2022 4:54:57] /m hydra
[25/2/2022 4:54:57] /m hydra
[25/2/2022 4:54:57] /m hydra
[25/2/2022 4:54:57] /m hydra
[25/2/2022 4:54:58] /m hydra
[25/2/2022 4:54:59] /m hydra
[25/2/2022 4:54:59] /m hydra
[25/2/2022 4:54:59] /m hydra
[25/2/2022 4:54:59] /m hydra
[25/2/2022 4:54:59] /m hydra
[25/2/2022 4:54:59] /m hydra
[25/2/2022 4:54:59] /m hydra
[25/2/2022 4:54:59] /m hydra
[25/2/2022 4:54:59] /m hydra
[25/2/2022 4:54:59] /m hydra
[25/2/2022 4:54:59] /m hydra
[25/2/2022 4:54:59] /m hydra
[25/2/2022 4:54:59] /m hydra
[25/2/2022 4:55:0] /m hydra
[25/2/2022 4:55:0] /m hydra
[25/2/2022 4:55:0] /m hydra
[25/2/2022 4:55:0] /m hydra
[25/2/2022 4:55:0] /m hydra
[25/2/2022 4:55:0] /m hydra
[25/2/2022 4:55:0] /m hydra
[25/2/2022 4:55:0] /m hydra
[25/2/2022 4:55:0] /m hydra
[25/2/2022 4:55:50] /m hydra
[25/2/2022 4:55:51] /m hydra
[25/2/2022 4:55:51] /m hydra
[25/2/2022 4:55:51] /m hydra
[25/2/2022 4:55:51] /m hydra
[25/2/2022 4:55:51] /m hydra
[25/2/2022 4:55:51] /m hydra
[25/2/2022 4:55:51] /m hydra
[25/2/2022 4:55:51] /m hydra
[25/2/2022 4:55:51] /m hydra
[25/2/2022 4:55:51] /m hydra
[25/2/2022 4:55:51] /m hydra
[25/2/2022 4:55:51] /m hydra
[25/2/2022 4:55:52] /m hydra
[25/2/2022 4:55:52] /m hydra
[25/2/2022 4:55:52] /m hydra
[25/2/2022 4:55:52] /m hydra
[25/2/2022 4:56:5] /m hydra
[25/2/2022 4:56:6] /m hydra
[25/2/2022 4:56:6] /m hydra
[25/2/2022 4:56:6] /m hydra
[25/2/2022 4:56:6] /m hydra
[25/2/2022 4:56:6] /m hydra
[25/2/2022 4:56:6] /m hydra
[25/2/2022 4:56:6] /m hydra
[25/2/2022 4:56:6] /m hydra
[25/2/2022 4:56:6] /m hydra
[25/2/2022 4:56:6] /m hydra
[25/2/2022 4:56:6] /m hydra
[25/2/2022 4:56:6] /m hydra
[25/2/2022 4:56:6] /m hydra
[25/2/2022 4:56:6] /m hydra
[25/2/2022 4:56:6] /m hydra
[25/2/2022 4:56:6] /m hydra
[25/2/2022 4:56:6] /m hydra
[25/2/2022 4:56:6] /m hydra
[25/2/2022 4:56:7] /m hydra
[25/2/2022 4:56:9] /m hydra
[25/2/2022 4:56:9] /m hydra
[25/2/2022 4:56:9] /m hydra
[25/2/2022 4:56:9] /m hydra
[25/2/2022 4:56:9] /m hydra
[25/2/2022 4:56:9] /m hydra
[25/2/2022 4:56:9] /m hydra
[25/2/2022 4:56:10] /m hydra
[25/2/2022 4:56:10] /m hydra
[25/2/2022 4:56:10] /m hydra
[25/2/2022 4:56:10] /m hydra
[25/2/2022 4:56:10] /m hydra
[25/2/2022 4:56:10] /m hydra
[25/2/2022 4:56:10] /m hydra
[25/2/2022 4:56:10] /m hydra
[25/2/2022 4:56:10] /m hydra
[25/2/2022 4:56:10] /m hydra
[25/2/2022 4:56:10] /m hydra
[25/2/2022 4:56:10] /m hydra
[25/2/2022 4:56:12] /m hydra
[25/2/2022 4:56:13] /m hydra
[25/2/2022 4:56:13] /m hydra
[25/2/2022 4:56:13] /m hydra
[25/2/2022 4:56:13] /m hydra
[25/2/2022 4:56:13] /m hydra
[25/2/2022 4:56:13] /m hydra
[25/2/2022 4:56:13] /m hydra
[25/2/2022 4:56:13] /m hydra
[25/2/2022 4:56:14] /m hydra
[25/2/2022 4:56:14] /m hydra
[25/2/2022 4:56:14] /m hydra
[25/2/2022 4:56:14] /m hydra
[25/2/2022 4:56:14] /m hydra
[25/2/2022 4:56:14] /m hydra
[25/2/2022 4:56:14] /m hydra
[25/2/2022 4:56:14] /m hydra
[25/2/2022 4:56:14] /m hydra
[25/2/2022 4:56:14] /m hydra
[25/2/2022 4:56:14] /m hydra
[25/2/2022 4:56:14] /m hydra
[25/2/2022 4:56:14] /m hydra
[25/2/2022 4:56:16] /m hydra
[25/2/2022 4:56:17] /m hydra
[25/2/2022 4:56:17] /m hydra
[25/2/2022 4:56:17] /m hydra
[25/2/2022 4:56:17] /m hydra
[25/2/2022 4:56:17] /m hydra
[25/2/2022 4:56:17] /m hydra
[25/2/2022 4:56:17] /m hydra
[25/2/2022 4:56:17] /m hydra
[25/2/2022 4:56:17] /m hydra
[25/2/2022 4:56:17] /m hydra
[25/2/2022 4:56:17] /m hydra
[25/2/2022 4:56:17] /m hydra
[25/2/2022 4:56:17] /m hydra
[25/2/2022 4:56:17] /m hydra
[25/2/2022 4:56:18] /m hydra
[25/2/2022 4:56:18] /m hydra
[25/2/2022 4:56:18] /m hydra
[25/2/2022 4:56:18] /m hydra
[25/2/2022 4:56:18] /m hydra
[25/2/2022 4:56:18] /m hydra
[25/2/2022 4:56:18] /m hydra
[25/2/2022 4:56:18] /m hydra
[25/2/2022 4:56:18] /m hydra
[25/2/2022 4:56:18] /m hydra
[25/2/2022 4:56:18] /m hydra
[25/2/2022 4:56:20] /m hydra
[25/2/2022 4:56:21] /m hydra
[25/2/2022 4:56:21] /m hydra
[25/2/2022 4:56:21] /m hydra
[25/2/2022 4:56:21] /m hydra
[25/2/2022 4:56:21] /m hydra
[25/2/2022 4:56:21] /m hydra
[25/2/2022 4:56:21] /m hydra
[25/2/2022 4:56:21] /m hydra
[25/2/2022 4:56:21] /m hydra
[25/2/2022 4:56:21] /m hydra
[25/2/2022 4:56:21] /m hydra
[25/2/2022 4:56:21] /m hydra
[25/2/2022 4:56:22] /m hydra
[25/2/2022 4:56:25] /m hydra
[25/2/2022 4:56:25] /m hydra
[25/2/2022 4:56:25] /m hydra
[25/2/2022 4:56:25] /m hydra
[25/2/2022 4:56:25] /m hydra
[25/2/2022 4:56:25] /m hydra
[25/2/2022 4:56:25] /m hydra
[25/2/2022 4:56:25] /m hydra
[25/2/2022 4:56:25] /m hydra
[25/2/2022 4:56:25] /m hydra
[25/2/2022 4:56:25] /m hydra
[25/2/2022 4:56:25] /m hydra
[25/2/2022 4:56:25] /m hydra
[25/2/2022 4:56:25] /m hydra
[25/2/2022 4:56:25] /m hydra
[25/2/2022 4:56:26] /m hydra
[25/2/2022 4:56:26] /m hydra
[25/2/2022 4:56:26] /m hydra
[25/2/2022 4:56:28] /m hydra
[25/2/2022 4:56:29] /m hydra
[25/2/2022 4:56:29] /m hydra
[25/2/2022 4:56:29] /m hydra
[25/2/2022 4:56:29] /m hydra
[25/2/2022 4:56:29] /m hydra
[25/2/2022 4:56:29] /m hydra
[25/2/2022 4:56:29] /m hydra
[25/2/2022 4:56:29] /m hydra
[25/2/2022 4:56:29] /m hydra
[25/2/2022 4:56:29] /m hydra
[25/2/2022 4:56:29] /m hydra
[25/2/2022 4:56:29] /m hydra
[25/2/2022 4:56:29] /m hydra
[25/2/2022 4:56:29] /m hydra
[25/2/2022 4:56:29] /m hydra
[25/2/2022 4:56:29] /m hydra
[25/2/2022 4:56:31] /m hydra
[25/2/2022 4:56:32] /m hydra
[25/2/2022 4:56:32] /m hydra
[25/2/2022 4:56:32] /m hydra
[25/2/2022 4:56:32] /m hydra
[25/2/2022 4:56:32] /m hydra
[25/2/2022 4:56:32] /m hydra
[25/2/2022 4:56:32] /m hydra
[25/2/2022 4:56:32] /m hydra
[25/2/2022 4:56:32] /m hydra
[25/2/2022 4:56:32] /m hydra
[25/2/2022 4:56:32] /m hydra
[25/2/2022 4:56:32] /m hydra
[25/2/2022 4:56:32] /m hydra
[25/2/2022 4:56:32] /m hydra
[25/2/2022 4:56:32] /m hydra
[25/2/2022 4:56:32] /m hydra
[25/2/2022 4:56:32] /m hydra
[25/2/2022 4:56:32] /m hydra
[25/2/2022 4:56:32] /m hydra
[25/2/2022 4:56:32] /m hydra
[25/2/2022 4:56:32] /m hydra
[25/2/2022 4:56:32] /m hydra
[25/2/2022 4:56:33] /m hydra
[25/2/2022 4:56:35] /m hydra
[25/2/2022 4:56:36] /m hydra
[25/2/2022 4:56:36] /m hydra
[25/2/2022 4:56:36] /m hydra
[25/2/2022 4:56:36] /m hydra
[25/2/2022 4:56:36] /m hydra
[25/2/2022 4:56:36] /m hydra
[25/2/2022 4:56:36] /m hydra
[25/2/2022 4:56:36] /m hydra
[25/2/2022 4:56:36] /m hydra
[25/2/2022 4:56:36] /m hydra
[25/2/2022 4:56:36] /m hydra
[25/2/2022 4:56:36] /m hydra
[25/2/2022 4:56:36] /m hydra
[25/2/2022 4:56:36] /m hydra
[25/2/2022 4:56:36] /m hydra
[25/2/2022 4:56:36] /m hydra
[25/2/2022 4:56:36] /m hydra
[25/2/2022 4:56:36] /m hydra
[25/2/2022 4:56:36] /m hydra
[25/2/2022 4:56:36] /m hydra
[25/2/2022 4:56:36] /m hydra
[25/2/2022 4:56:36] /m hydra
[25/2/2022 4:56:36] /m hydra
[25/2/2022 4:56:36] /m hydra
[25/2/2022 4:56:39] /m hydra
[25/2/2022 4:56:39] /m hydra
[25/2/2022 4:56:39] /m hydra
[25/2/2022 4:56:39] /m hydra
[25/2/2022 4:56:40] /m hydra
[25/2/2022 4:56:40] /m hydra
[25/2/2022 4:56:40] /m hydra
[25/2/2022 4:56:40] /m hydra
[25/2/2022 4:56:40] /m hydra
[25/2/2022 4:56:40] /m hydra
[25/2/2022 4:56:40] /m hydra
[25/2/2022 4:56:40] /m hydra
[25/2/2022 4:56:40] /m hydra
[25/2/2022 4:56:40] /m hydra
[25/2/2022 4:56:40] /m hydra
[25/2/2022 4:56:40] /m hydra
[25/2/2022 4:56:40] /m hydra
[25/2/2022 4:56:40] /m hydra
[25/2/2022 4:56:40] /m hydra
[25/2/2022 4:56:40] /m hydra
[25/2/2022 4:56:40] /m hydra
[25/2/2022 4:56:42] /m hydra
[25/2/2022 4:56:43] /m hydra
[25/2/2022 4:56:43] /m hydra
[25/2/2022 4:56:43] /m hydra
[25/2/2022 4:56:43] /m hydra
[25/2/2022 4:56:43] /m hydra
[25/2/2022 4:56:43] /m hydra
[25/2/2022 4:56:43] /m hydra
[25/2/2022 4:56:43] /m hydra
[25/2/2022 4:56:43] /m hydra
[25/2/2022 4:56:43] /m hydra
[25/2/2022 4:56:43] /m hydra
[25/2/2022 4:56:43] /m hydra
[25/2/2022 4:56:43] /m hydra
[25/2/2022 4:56:43] /m hydra
[25/2/2022 4:56:43] /m hydra
[25/2/2022 4:56:43] /m hydra
[25/2/2022 4:56:43] /m hydra
[25/2/2022 4:56:44] /m hydra
[25/2/2022 4:56:44] /m hydra
[25/2/2022 4:56:44] /m hydra
[25/2/2022 4:56:44] /m hydra
[25/2/2022 4:56:45] /m hydra
[25/2/2022 4:56:45] /m hydra
[25/2/2022 4:56:46] /m hydra
[25/2/2022 4:56:46] /m hydra
[25/2/2022 4:56:46] /m hydra
[25/2/2022 4:56:46] /m hydra
[25/2/2022 4:56:46] /m hydra
[25/2/2022 4:56:46] /m hydra
[25/2/2022 4:56:46] /m hydra
[25/2/2022 4:56:46] /m hydra
[25/2/2022 4:56:46] /m hydra
[25/2/2022 4:56:46] /m hydra
[25/2/2022 4:56:46] /m hydra
[25/2/2022 4:56:46] /m hydra
[25/2/2022 4:56:46] /m hydra
[25/2/2022 4:56:46] /m hydra
[25/2/2022 4:56:46] /m hydra
[25/2/2022 4:56:46] /m hydra
[25/2/2022 4:56:46] /m hydra
[25/2/2022 4:56:46] /m hydra
[25/2/2022 4:56:46] /m hydra
[25/2/2022 4:56:46] /m hydra
[25/2/2022 4:56:49] /m hydra
[25/2/2022 4:56:50] /m hydra
[25/2/2022 4:56:50] /m hydra
[25/2/2022 4:56:50] /m hydra
[25/2/2022 4:56:50] /m hydra
[25/2/2022 4:56:50] /m hydra
[25/2/2022 4:56:50] /m hydra
[25/2/2022 4:56:50] /m hydra
[25/2/2022 4:56:50] /m hydra
[25/2/2022 4:56:50] /m hydra
[25/2/2022 4:56:50] /m hydra
[25/2/2022 4:56:50] /m hydra
[25/2/2022 4:56:50] /m hydra
[25/2/2022 4:56:50] /m hydra
[25/2/2022 4:56:50] /m hydra
[25/2/2022 4:56:50] /m hydra
[25/2/2022 4:56:50] /m hydra
[25/2/2022 4:56:50] /m hydra
[25/2/2022 4:56:52] /m hydra
[25/2/2022 4:56:52] /m hydra
[25/2/2022 4:56:53] /m hydra
[25/2/2022 4:56:53] /m hydra
[25/2/2022 4:56:53] /m hydra
[25/2/2022 4:56:53] /m hydra
[25/2/2022 4:56:53] /m hydra
[25/2/2022 4:56:53] /m hydra
[25/2/2022 4:56:53] /m hydra
[25/2/2022 4:56:53] /m hydra
[25/2/2022 4:56:53] /m hydra
[25/2/2022 4:56:53] /m hydra
[25/2/2022 4:56:53] /m hydra
[25/2/2022 4:56:53] /m hydra
[25/2/2022 4:56:53] /m hydra
[25/2/2022 4:56:53] /m hydra
[25/2/2022 4:56:53] /m hydra
[25/2/2022 4:56:53] /m hydra
[25/2/2022 4:56:53] /m hydra
[25/2/2022 4:56:53] /m hydra
[25/2/2022 4:56:53] /m hydra
[25/2/2022 4:56:53] /m hydra
[25/2/2022 4:56:56] /m hydra
[25/2/2022 4:56:57] /m hydra
[25/2/2022 4:56:57] /m hydra
[25/2/2022 4:56:57] /m hydra
[25/2/2022 4:56:57] /m hydra
[25/2/2022 4:56:57] /m hydra
[25/2/2022 4:56:57] /m hydra
[25/2/2022 4:56:57] /m hydra
[25/2/2022 4:56:57] /m hydra
[25/2/2022 4:56:57] /m hydra
[25/2/2022 4:56:57] /m hydra
[25/2/2022 4:56:57] /m hydra
[25/2/2022 4:56:57] /m hydra
[25/2/2022 4:56:57] /m hydra
[25/2/2022 4:56:57] /m hydra
[25/2/2022 4:56:57] /m hydra
[25/2/2022 4:56:57] /m hydra
[25/2/2022 4:56:57] /m hydra
[25/2/2022 4:56:57] /m hydra
[25/2/2022 4:56:57] /m hydra
[25/2/2022 4:57:0] /m hydra
[25/2/2022 4:57:0] /m hydra
[25/2/2022 4:57:1] /m hydra
[25/2/2022 4:57:1] /m hydra
[25/2/2022 4:57:1] /m hydra
[25/2/2022 4:57:1] /m hydra
[25/2/2022 4:57:1] /m hydra
[25/2/2022 4:57:1] /m hydra
[25/2/2022 4:57:1] /m hydra
[25/2/2022 4:57:1] /m hydra
[25/2/2022 4:57:1] /m hydra
[25/2/2022 4:57:1] /m hydra
[25/2/2022 4:57:1] /m hydra
[25/2/2022 4:57:1] /m hydra
[25/2/2022 4:57:1] /m hydra
[25/2/2022 4:57:1] /m hydra
[25/2/2022 4:57:1] /m hydra
[25/2/2022 4:57:1] /m hydra
[25/2/2022 4:57:4] /m hydra
[25/2/2022 4:57:4] /m hydra
[25/2/2022 4:57:4] /m hydra
[25/2/2022 4:57:4] /m hydra
[25/2/2022 4:57:4] /m hydra
[25/2/2022 4:57:4] /m hydra
[25/2/2022 4:57:4] /m hydra
[25/2/2022 4:57:5] /m hydra
[25/2/2022 4:57:5] /m hydra
[25/2/2022 4:57:5] /m hydra
[25/2/2022 4:57:5] /m hydra
[25/2/2022 4:57:5] /m hydra
[25/2/2022 4:57:5] /m hydra
[25/2/2022 4:57:5] /m hydra
[25/2/2022 4:57:5] /m hydra
[25/2/2022 4:57:5] /m hydra
[25/2/2022 4:57:5] /m hydra
[25/2/2022 4:57:5] /m hydra
[25/2/2022 4:57:8] /m hydra
[25/2/2022 4:57:9] /m hydra
[25/2/2022 4:57:9] /m hydra
[25/2/2022 4:57:9] /m hydra
[25/2/2022 4:57:9] /m hydra
[25/2/2022 4:57:9] /m hydra
[25/2/2022 4:57:9] /m hydra
[25/2/2022 4:57:9] /m hydra
[25/2/2022 4:57:9] /m hydra
[25/2/2022 4:57:9] /m hydra
[25/2/2022 4:57:9] /m hydra
[25/2/2022 4:57:9] /m hydra
[25/2/2022 4:57:9] /m hydra
[25/2/2022 4:57:9] /m hydra
[25/2/2022 4:57:9] /m hydra
[25/2/2022 4:57:9] /m hydra
[25/2/2022 4:57:9] /m hydra
[25/2/2022 4:57:9] /m hydra
[25/2/2022 4:57:9] /m hydra
[25/2/2022 4:57:12] /m hydra
[25/2/2022 4:57:12] /m hydra
[25/2/2022 4:57:12] /m hydra
[25/2/2022 4:57:12] /m hydra
[25/2/2022 4:57:12] /m hydra
[25/2/2022 4:57:12] /m hydra
[25/2/2022 4:57:12] /m hydra
[25/2/2022 4:57:12] /m hydra
[25/2/2022 4:57:12] /m hydra
[25/2/2022 4:57:12] /m hydra
[25/2/2022 4:57:13] /m hydra
[25/2/2022 4:57:13] /m hydra
[25/2/2022 4:57:13] /m hydra
[25/2/2022 4:57:13] /m hydra
[25/2/2022 4:57:13] /m hydra
[25/2/2022 4:57:13] /m hydra
[25/2/2022 4:57:13] /m hydra
[25/2/2022 4:57:13] /m hydra
[25/2/2022 4:57:13] /m hydra
[25/2/2022 4:57:13] /m hydra
[25/2/2022 4:57:13] /m hydra
[25/2/2022 4:57:13] /m hydra
[25/2/2022 4:57:13] /m hydra
[25/2/2022 4:57:16] /m hydra
[25/2/2022 4:57:16] /m hydra
[25/2/2022 4:57:16] /m hydra
[25/2/2022 4:57:16] /m hydra
[25/2/2022 4:57:16] /m hydra
[25/2/2022 4:57:16] /m hydra
[25/2/2022 4:57:16] /m hydra
[25/2/2022 4:57:16] /m hydra
[25/2/2022 4:57:16] /m hydra
[25/2/2022 4:57:16] /m hydra
[25/2/2022 4:57:16] /m hydra
[25/2/2022 4:57:16] /m hydra
[25/2/2022 4:57:16] /m hydra
[25/2/2022 4:57:16] /m hydra
[25/2/2022 4:57:16] /m hydra
[25/2/2022 4:57:17] /m hydra
[25/2/2022 4:57:17] /m hydra
[25/2/2022 4:57:17] /m hydra
[25/2/2022 4:57:17] /m hydra
[25/2/2022 4:57:17] /m hydra
[25/2/2022 4:57:17] /m hydra
[25/2/2022 5:3:29] /t
[25/2/2022 5:7:55] /bc Proteja a cidade de pharaot! Os Pharaohs vao invadir a cidade.! Cuidado!
[25/2/2022 5:8:23] /bc Proteja a cidade de pharaot! Os Pharaohs vao invadir a cidade.! Cuidado!
[25/2/2022 5:8:31] /m pharaoh
[25/2/2022 5:8:32] /m orshid hamses
[25/2/2022 5:8:33] /m mistic mummy
[25/2/2022 5:8:34] /m master hamses
[25/2/2022 5:8:39] /m pharaoh
[25/2/2022 5:8:40] /m orshid hamses
[25/2/2022 5:8:43] /bc Proteja a cidade de pharaot! Os Pharaohs vao invadir a cidade.! Cuidado!
[25/2/2022 5:8:44] /m master hamses
[25/2/2022 5:8:49] /m pharaoh
[25/2/2022 5:8:50] /m orshid hamses
[25/2/2022 5:8:52] /m mistic mummy
[25/2/2022 5:9:22] /bc Proteja a cidade de pharaot! Os Pharaohs vao invadir a cidade.! Cuidado!
[25/2/2022 5:10:1] /bc Proteja a cidade de pharaot! Os Pharaohs vao invadir a cidade.! Cuidado!
[25/2/2022 5:10:41] /bc Os Pharaohs Estao atacando o coraçăo da cidade! Proteja Pharaot! 
[25/2/2022 5:11:14] /r
[25/2/2022 5:11:36] /r
[25/2/2022 5:11:52] /bc Os Pharaohs Estao atacando o coraçăo da cidade! Proteja Pharaot! 
[25/2/2022 5:12:49] /m pharaoh
[25/2/2022 5:12:50] /m orshid hamses
[25/2/2022 5:12:51] /m mistic mummy
[25/2/2022 5:14:28] /r
[25/2/2022 5:14:38] /r
[25/2/2022 5:14:47] /i 8033
[25/2/2022 5:15:34] /bc Os Magos de Mystic City estao atacando a cidade junto com os Pharaohs, proteja nossa cidade!
[25/2/2022 5:15:42] /m burning human
[25/2/2022 5:15:56] /m burning human
[25/2/2022 5:16:0] /m biting human
[25/2/2022 5:16:2] /m biting human
[25/2/2022 5:16:5] /m icecold human
[25/2/2022 5:16:11] /m cursed human
[25/2/2022 5:16:18] /m icecold human
[25/2/2022 5:16:55] /m cursed human
[25/2/2022 5:16:59] /m biting human
[25/2/2022 5:17:51] /m astaroth
[25/2/2022 5:18:10] /bc O BOSS FINAL ASTAROTH ACABA DE SER INVOCADO NA CIDADE PELOS HAMSES! LUTE OU MORRA
[25/2/2022 5:18:34] /bc O BOSS FINAL ASTAROTH ACABA DE SER INVOCADO NA CIDADE PELOS HAMSES! LUTE OU MORRA
[25/2/2022 5:19:21] /bc O AStaroth encontra-se no sul da cidade, e vai destruir tudo! Detenham-no!
[25/2/2022 5:19:51] /r
[25/2/2022 5:19:54] /r
[25/2/2022 5:19:57] /r
[25/2/2022 5:20:3] /r
[25/2/2022 5:20:34] /bc O AStaroth encontra-se no sul da cidade, e vai destruir tudo! Detenham-no!
[25/2/2022 5:21:45] /bc O Astaroth ira desaparecer em 5 minutos.
[25/2/2022 5:22:27] /bc O Astaroth ira desaparecer em 4 minutos
[25/2/2022 5:23:7] /t
[25/2/2022 5:23:13] /goto astaroth
[25/2/2022 5:23:28] /bc O Astaroth ira desaparecer em 2 minutos
[25/2/2022 5:23:33] /goto astaroth
[25/2/2022 5:25:4] /bc Astaroth esta feliz por ter inimigos a altura!
[25/2/2022 5:26:54] /bc Conseguiram selar a alma de AStaroth! Voces sao foda!
[25/2/2022 5:27:53] /m icecold human
[25/2/2022 5:34:3] /bc Obrigado por defender nossa cidade! A besta AStaroth foi derrotada e agora está no inferno. 
[25/2/2022 7:33:10] /reload monster
[25/2/2022 10:2:20] /goto waronylxrtwconfig
[25/2/2022 10:2:27] /t waronylxrtwconfig
[25/2/2022 10:2:38] /a 2
[25/2/2022 10:2:53] /a 3
[25/2/2022 10:3:0] /t woktunbacd
[25/2/2022 10:3:34] /up
[25/2/2022 10:4:8] /t
[25/2/2022 16:56:1] /kick mixers
[25/2/2022 16:56:11] /t
[26/2/2022 8:28:9] /r
[26/2/2022 8:28:17] /i 1017
[26/2/2022 8:28:27] /i 1063
[26/2/2022 8:28:31] /t
[26/2/2022 9:45:33] /goto Ownaram
[26/2/2022 9:45:39] /c Ownaram
[26/2/2022 9:45:54] /attr group 4
[26/2/2022 9:45:56] /r
[26/2/2022 9:59:55] /goto Ownaram
[27/2/2022 4:7:25] /goto 1159,1993,9
[27/2/2022 4:7:31] /down
[27/2/2022 4:7:33] /down
[27/2/2022 4:7:42] /i rope
[27/2/2022 4:7:47] /down
[27/2/2022 6:36:0] /i crystal coin
[27/2/2022 6:36:5] /goto fera no~
[27/2/2022 6:38:8] /goto fera no~
[27/2/2022 6:38:11] /i vip ms shield
[27/2/2022 14:58:48] /t
[27/2/2022 14:59:2] /up
[27/2/2022 15:48:59] /t
[27/2/2022 15:49:12] /m astaroth
[27/2/2022 15:49:39] /bc O MEGA BOSS Astaroth nasceu na sala de invocaçăo. Cuidado! Năo é qualquer Boss. Junte seu time para detę-lo. 
[27/2/2022 15:50:27] /bc Atençăo! O MEGA BOSS Astaroth nasceu na sala de invocaçăo. Cuidado! Năo é qualquer Boss. Junte seu time para detę-lo. 
[27/2/2022 15:50:56] /ads ownaram, level, 100
[27/2/2022 15:51:6] /goto astaroth
[27/2/2022 15:51:26] /bc Atençăo! O MEGA BOSS Astaroth nasceu na sala de invocaçăo. Cuidado! Năo é qualquer Boss. Junte seu time para detę-lo. 
[27/2/2022 15:56:25] /goto hannibal
[27/2/2022 15:57:56] /t
[27/2/2022 16:1:21] /t
[27/2/2022 16:5:59] /t
[27/2/2022 17:44:27] /goto rafa loko
[27/2/2022 17:44:33] /i stamina refil
[27/2/2022 17:44:35] /c rafa loko
[27/2/2022 17:44:39] /c rafa loko
[27/2/2022 17:45:22] !emotespells on
[27/2/2022 17:59:17] /t
[27/2/2022 20:25:28] /t
[28/2/2022 4:1:9] /i dragon claw
[28/2/2022 4:1:15] /i 10020
[28/2/2022 4:9:7] /m guzzlemaw
[28/2/2022 4:9:26] /m guzzlemaw
[28/2/2022 4:9:27] /m guzzlemaw
[28/2/2022 4:9:28] /m guzzlemaw
[28/2/2022 4:9:28] /m guzzlemaw
[28/2/2022 4:9:29] /m guzzlemaw
[28/2/2022 5:9:52] /t
[28/2/2022 5:10:34] /m wyrm
[28/2/2022 5:11:11] /m bog raider
[28/2/2022 5:11:36] /m lizard templar
[28/2/2022 5:11:54] /m hero
[28/2/2022 5:12:14] /m quarta predactor
[28/2/2022 5:12:25] /m quara
[28/2/2022 5:13:3] /m quara pincher
[28/2/2022 5:13:45] /m dwarf guard
[28/2/2022 5:14:20] /m tortoise
[28/2/2022 5:14:41] /m cyclops Smith
[28/2/2022 11:27:35] /t
[28/2/2022 14:42:58] /goto ownaram
[28/2/2022 14:43:44] /i earthborn titan armor
[28/2/2022 14:43:49] /i 8882
[28/2/2022 14:43:55] /t
[28/2/2022 14:44:4] /i parcel
[28/2/2022 14:44:8] /i label
[28/2/2022 14:44:25] /i diamond coin
[28/2/2022 14:45:45] /m astaroth
[28/2/2022 14:46:8] /bc O poderoso boss ASTAROTH foi invocado na sala de invocaçăo trazendo boas recompensas. 
[28/2/2022 14:47:26] /bc O terrível boss ASTAROTH foi invocado na sala de invocaçăo trazendo boas recompensas. 
[28/2/2022 14:48:6] /r
[28/2/2022 14:48:8] /r
[28/2/2022 14:48:10] /r
[28/2/2022 14:48:12] /r
[28/2/2022 14:48:14] /r
[28/2/2022 14:49:5] /goto suporte
[28/2/2022 15:5:0] /goto hannibal
[28/2/2022 15:5:36] /i dragon scale mail
[28/2/2022 15:6:26] /t
[28/2/2022 15:9:4] /goto hannibal cannibal
[28/2/2022 15:10:41] /t
[28/2/2022 15:52:49] /goto ownaram
[28/2/2022 15:52:53] /attr group 1
[28/2/2022 15:52:54] /r
[28/2/2022 15:53:2] /t ownaram
[28/2/2022 15:53:4] /t
[28/2/2022 15:53:48] /goto hannibal~
[28/2/2022 15:53:52] /goto hannibal cannibal
[28/2/2022 17:25:15] /goto ownaram
[28/2/2022 17:25:23] /attr group 2
[28/2/2022 17:25:24] /r
[28/2/2022 17:25:28] /attr group 4
[28/2/2022 17:25:30] /r
[28/2/2022 18:1:11] /c fera no sexo
[28/2/2022 18:27:27] /t fera no sexo
[1/3/2022 5:8:56] /goto fera no~
[1/3/2022 5:9:3] /m lizard
[1/3/2022 5:9:7] /m lizard templar
[1/3/2022 5:9:11] /t
[1/3/2022 5:28:20] /goto tiddox arrogante
[1/3/2022 5:28:28] /t
[1/3/2022 5:28:36] /goto john starbucksz
[1/3/2022 5:28:56] /t
[4/3/2022 10:25:51] /goto ownaram
[4/3/2022 10:29:44] /goto ownaram
[4/3/2022 10:32:56] /goto ownaram
[10/3/2022 19:36:59] /t
[14/3/2022 19:39:20] /goto suporte
[14/3/2022 23:12:14] /goto 324,46,7
[14/3/2022 23:12:37] /goto 324,46,7
[15/3/2022 0:12:38] /t
[15/3/2022 7:25:47] /goto azfs~
[15/3/2022 7:25:54] /i double exp escriture
[15/3/2022 7:26:22] /i pergaminho exp
[15/3/2022 7:26:26] /i pergaminho exp
[15/3/2022 7:26:33] /i pergaminho exp
[15/3/2022 7:26:34] /i double exp escriture
[15/3/2022 7:26:37] /goto azfs~
[16/3/2022 14:9:22] /t
[16/3/2022 16:0:55] /t
[16/3/2022 16:1:1] /up
[16/3/2022 16:1:2] /up
[16/3/2022 22:27:24] /t
[16/3/2022 22:50:10] /ghost
[17/3/2022 16:33:46] /ghost
[18/3/2022 4:38:32] /i 965
[20/3/2022 13:15:35] /bc Boa tarde vou reniciar o sv
[20/3/2022 13:15:47] /globalsave
[20/3/2022 13:15:50] /shutdown
[20/3/2022 13:30:42] /ghost
[20/3/2022 13:30:43] /ghost
[20/3/2022 13:31:4] /t
[20/3/2022 14:35:46] /shutdown
[20/3/2022 18:28:26] /ghost
[20/3/2022 18:50:2] /n guzzlemaw
[20/3/2022 18:56:12] /i falcon greaves
[20/3/2022 18:56:19] /r
[20/3/2022 18:56:23] /i falcon greaves
[20/3/2022 18:56:35] /i falcon shield
[20/3/2022 18:57:10] /i 9693
[20/3/2022 18:57:21] /i bag
[20/3/2022 18:57:41] !addon barbarian
[20/3/2022 19:2:19] /i 17903
[20/3/2022 19:3:4] /i 17170
[20/3/2022 19:3:38] /i 16482
[20/3/2022 19:3:52] /i 16483
[20/3/2022 19:3:57] /i 16484
[20/3/2022 19:4:9] /i 16472
[20/3/2022 19:4:36] /i 15604
[20/3/2022 19:4:49] /i 15562
[20/3/2022 19:4:50] /i 15562
[20/3/2022 19:4:56] /light
[20/3/2022 19:5:36] /i 15728
[20/3/2022 19:7:27] /t
[20/3/2022 19:9:24] /t
[20/3/2022 19:12:18] /goto suporte
[20/3/2022 19:12:33] /t
[20/3/2022 19:17:26] /i addon doll
[20/3/2022 19:17:38] /i 9693
[20/3/2022 19:17:46] !addon citizen
[20/3/2022 20:21:40] /i magic wall rune
[20/3/2022 20:21:41] /t
[20/3/2022 20:28:13] /i 15781
[20/3/2022 20:38:57] /shutdown
[20/3/2022 20:44:49] /shutdown
[20/3/2022 21:2:26] /s trainer
[20/3/2022 21:2:30] /s trainer
[20/3/2022 21:3:15] /i 9693
[20/3/2022 21:8:28] /i 16259
[20/3/2022 21:10:17] /i 44862
[20/3/2022 21:10:23] /i 44863
[20/3/2022 21:10:28] /i 44864
[20/3/2022 21:10:47] /i 44865
[20/3/2022 21:10:49] /i 44866
[20/3/2022 21:10:50] /i 44866
[20/3/2022 21:10:53] /i 44868
[20/3/2022 21:10:58] /i 44862
[20/3/2022 21:10:59] /i 44861
[20/3/2022 21:11:2] /i 44860
[20/3/2022 21:11:5] /i 44859
[20/3/2022 21:11:12] /i 448560
[20/3/2022 21:11:17] /i 44858
[20/3/2022 21:11:19] /i 44857
[20/3/2022 21:11:22] /i 44856
[20/3/2022 21:11:23] /i 44855
[20/3/2022 21:11:26] /i 44854
[20/3/2022 21:11:48] /i 44845
[20/3/2022 21:12:7] /i 44877
[20/3/2022 21:13:16] /i 32983
[20/3/2022 21:41:45] /t
[20/3/2022 21:42:0] /r
[20/3/2022 22:15:3] /i 32922
[21/3/2022 15:41:27] /t
[21/3/2022 15:51:58] /i ferumbras'hat
[21/3/2022 15:52:11] /i 5903
[21/3/2022 16:22:58] /light
[21/3/2022 16:23:0] /light
[21/3/2022 16:25:2] /light
[21/3/2022 20:16:8] /t
[22/3/2022 14:22:46] /i 15113
[22/3/2022 14:22:52] /i 15113
[22/3/2022 14:22:53] /i 15113
[22/3/2022 14:22:54] /i 15113
[22/3/2022 14:41:14] /shutdown
[22/3/2022 14:44:59] /goto elder wyrm
[22/3/2022 14:45:46] /reload talk
[22/3/2022 14:45:53] /m elder wyrm
[22/3/2022 14:47:11] /m wyrm
[22/3/2022 14:47:25] /s trainer
[22/3/2022 14:49:43] /shutdown
[22/3/2022 14:54:18] /t
[22/3/2022 14:54:25] /t
[22/3/2022 14:54:39] /reload monster
[22/3/2022 14:54:43] /m elder wyrm
[22/3/2022 14:54:49] /s trainer
[22/3/2022 14:55:5] /m elder wyrm
[22/3/2022 14:55:5] /m elder wyrm
[22/3/2022 14:55:6] /m elder wyrm
[22/3/2022 14:55:58] /reload monster
[22/3/2022 14:56:1] /m elder wyrm
[22/3/2022 14:56:1] /m elder wyrm
[22/3/2022 14:56:2] /m elder wyrm
[22/3/2022 14:56:2] /m elder wyrm
[22/3/2022 14:56:2] /m elder wyrm
[22/3/2022 15:0:4] /t
[22/3/2022 15:0:9] /down
[22/3/2022 15:0:11] /down
[22/3/2022 15:0:14] /t
[22/3/2022 15:0:27] /goto elder wyrm
[22/3/2022 15:0:45] /reload monster
[22/3/2022 15:0:53] /r
[22/3/2022 15:0:58] /goto elder wyrm
[22/3/2022 15:1:49] /goto demon outcast
[22/3/2022 15:2:1] /reload monster
[22/3/2022 15:2:2] /t
[22/3/2022 15:2:17] /m demon outcast
[22/3/2022 15:2:20] /m demon outcast
[22/3/2022 15:3:53] /shutdown
[22/3/2022 15:6:46] /reload monster
[22/3/2022 15:6:51] /m jaul
[22/3/2022 15:7:24] /m jaul
[22/3/2022 15:8:4] /reload monster
[22/3/2022 15:8:14] /m jaul
[22/3/2022 15:9:5] /r
[22/3/2022 15:9:8] /reload monster
[22/3/2022 15:9:12] /m jaul
[22/3/2022 15:9:37] /ads admin~, axe, 120
[22/3/2022 15:9:54] /i vip prophetic axe
[22/3/2022 15:14:1] /s trainer
[22/3/2022 15:19:33] /r
[22/3/2022 15:19:42] /reload monster
[22/3/2022 15:19:45] /m jaul
[22/3/2022 15:19:53] /s trainer
[22/3/2022 15:58:16] /i 12816
[22/3/2022 15:58:23] /i 12817
[22/3/2022 15:58:26] /i 12818
[22/3/2022 15:58:28] /i 12819
[22/3/2022 15:58:30] /i 12820
[22/3/2022 15:58:34] /i 12821
[22/3/2022 15:58:36] /i 12822
[22/3/2022 15:58:38] /i 12823
[22/3/2022 15:58:40] /i 12824
[22/3/2022 15:58:41] /i 12825
[22/3/2022 15:58:44] /i 12826
[22/3/2022 15:58:46] /i 12826
[22/3/2022 15:58:48] /i 12827
[22/3/2022 16:3:6] /t
[22/3/2022 16:3:27] /m ghazbaran
[22/3/2022 16:11:20] /openserver
[22/3/2022 16:11:52] /i stone
[22/3/2022 16:11:53] /i stone
[22/3/2022 16:11:54] /i stone
[22/3/2022 16:11:55] /i stone
[22/3/2022 16:11:56] /i stone
[22/3/2022 16:11:59] /i stone
[22/3/2022 16:12:0] /i stone
[22/3/2022 16:12:2] /ghost
[22/3/2022 16:12:5] /m ghazbaran
[22/3/2022 16:14:31] /ads azfs~, level, 200
[22/3/2022 16:14:39] /ads azfs~, magic, 200
[22/3/2022 16:16:22] /goto elder wyrm
[22/3/2022 16:16:32] /goto elder wyrm
[22/3/2022 16:28:38] /t
[22/3/2022 16:33:55] /reload npc
[22/3/2022 19:51:17] /ghost
[22/3/2022 20:24:41] /down
[22/3/2022 20:38:1] /r
[22/3/2022 20:38:16] /i 8480
[22/3/2022 20:42:20] /t
[22/3/2022 20:58:18] /t
[22/3/2022 21:20:28] /i 39800
[23/3/2022 3:28:11] /i magic wall rune
[23/3/2022 4:43:17] /shutdown
[23/3/2022 4:48:30] /down
[23/3/2022 4:48:32] /r
[23/3/2022 4:48:55] /i 19023
[23/3/2022 4:49:7] /i 13115
[23/3/2022 4:49:12] /r
[23/3/2022 4:52:32] /i 13130
[23/3/2022 4:53:22] /i 13095
[23/3/2022 5:1:43] /i 13133
[23/3/2022 5:2:19] /i 13132
[23/3/2022 5:2:24] /i 13131
[23/3/2022 5:2:26] /i 13130
[23/3/2022 5:2:29] /i 13129
[23/3/2022 5:8:37] /attr group 7
[23/3/2022 5:8:44] /attr group 6
[23/3/2022 5:9:20] /up
[23/3/2022 5:9:21] /up
[23/3/2022 5:9:22] /up
[23/3/2022 5:9:25] /up
[23/3/2022 5:9:26] /up
[23/3/2022 5:10:10] /i 1387
[23/3/2022 5:10:17] /attr action 45379
[23/3/2022 5:10:23] /down
[23/3/2022 5:10:33] /t
[23/3/2022 5:10:35] /t
[23/3/2022 5:10:50] /i falcon armor
[23/3/2022 5:10:54] /i falcon sword
[23/3/2022 22:34:35] /i 13097
[24/3/2022 6:24:13] /c davizao jogaduro
[24/3/2022 6:26:7] /i backpack
[24/3/2022 6:26:25] /i 12854
[24/3/2022 6:41:26] /r
[24/3/2022 6:41:26] /r
[24/3/2022 6:41:27] /r
[24/3/2022 6:41:28] /r
[24/3/2022 7:0:2] /r
[24/3/2022 8:30:24] /i backpack
[24/3/2022 10:29:1] /openserver
[24/3/2022 12:7:54] /reload globalevents
[24/3/2022 12:8:55] /reload globalevents
[24/3/2022 12:8:59] /reload globalevents
[24/3/2022 12:9:27] /reload globalevents
[24/3/2022 12:9:30] /reload globalevents
[24/3/2022 12:10:49] /reload globalevents
[24/3/2022 12:11:6] /reload globalevents
[24/3/2022 12:13:22] /reload globalevents
[24/3/2022 12:13:25] /reload globalevents
[24/3/2022 12:13:27] /reload globalevents
[24/3/2022 12:27:0] /reload globalevents
[24/3/2022 12:49:20] /reload globalevents
[24/3/2022 12:58:59] /reload globalevents
[24/3/2022 12:59:6] /reload globalevents
[24/3/2022 12:59:18] /reload globalevents
[24/3/2022 12:59:32] /reload globalevents
[24/3/2022 12:59:50] /reload globalevents
[24/3/2022 12:59:53] /reload globalevents
[24/3/2022 13:4:3] /openserver
[24/3/2022 13:14:13] /reload globalevents
[24/3/2022 14:40:12] /reload globalevents
[24/3/2022 14:40:18] /reload globalevents
[24/3/2022 14:41:5] /reload globalevents
[24/3/2022 14:41:47] /reload globalevents
[24/3/2022 14:41:50] /reload globalevents
[24/3/2022 14:46:50] /reload globalevents
[24/3/2022 14:46:52] /reload globalevents
[24/3/2022 14:47:25] /reload globalevents
[24/3/2022 14:48:14] /reload globalevents
[24/3/2022 14:48:49] /reload globalevents
[24/3/2022 14:48:51] /reload globalevents
[24/3/2022 14:49:33] /reload globalevents
[24/3/2022 14:49:36] /reload globalevents
[24/3/2022 14:50:6] /reload globalevents
[24/3/2022 14:50:8] /reload globalevents
[24/3/2022 14:50:48] /reload globalevents
[24/3/2022 14:51:18] /reload globalevents
[24/3/2022 14:53:24] /reload globalevents
[24/3/2022 14:53:43] /reload globalevents
[24/3/2022 14:54:1] /reload globalevents
[24/3/2022 14:54:16] /reload globalevents
[24/3/2022 14:56:15] /reload globalevents
[24/3/2022 14:56:17] /reload globalevents
[24/3/2022 14:59:4] /closeserver
[26/3/2022 1:2:32] /t
[26/3/2022 1:13:20] /shutdown
[26/3/2022 21:42:14] /t
[26/3/2022 21:42:19] /t
[26/3/2022 21:42:27] /t
[26/3/2022 21:49:39] /reload talk
[26/3/2022 21:49:50] /i 9693
[26/3/2022 21:49:53] !addon citizen
[26/3/2022 21:49:56] !addon citizen
[26/3/2022 22:41:9] /i diamond coin
[26/3/2022 22:41:16] /i crystal coin
[26/3/2022 22:41:16] /i crystal coin
[26/3/2022 22:47:14] /reload talk
[26/3/2022 22:53:5] /reload talk
[26/3/2022 22:53:11] /i 9693
[26/3/2022 22:53:13] /i 9693
[26/3/2022 22:55:3] /i 9693
[26/3/2022 22:55:6] /i 9693
[26/3/2022 22:55:7] /i 9693
[26/3/2022 22:55:27] /reload talk
[26/3/2022 23:0:42] /reload talk
[26/3/2022 23:3:53] /openserver
[26/3/2022 23:4:10] /i 9693
[26/3/2022 23:4:10] /i 9693
[26/3/2022 23:4:10] /i 9693
[26/3/2022 23:4:11] /i 9693
[26/3/2022 23:5:53] /reload talk
[26/3/2022 23:13:14] /reload talk
[26/3/2022 23:13:44] /reload talk
[26/3/2022 23:40:59] /reload talk
[26/3/2022 23:41:2] /i 9693
[26/3/2022 23:41:4] /i bag
[26/3/2022 23:42:21] /reload talk
[26/3/2022 23:43:55] /reload talk
[26/3/2022 23:43:57] /reload talk
[26/3/2022 23:44:0] /reload talk
[26/3/2022 23:44:3] !addon golden
[26/3/2022 23:45:58] /t
[26/3/2022 23:46:10] /c aleluia deus
[26/3/2022 23:48:11] /kick aleluia deus
[26/3/2022 23:48:17] /c aleluia deus
[26/3/2022 23:48:18] /c aleluia deus
[26/3/2022 23:48:29] /c aleluia deus
[26/3/2022 23:50:39] /c aleluia deus
[26/3/2022 23:50:53] /a 50
[26/3/2022 23:50:58] /c aleluia deus
[27/3/2022 0:2:26] /reload talk
[27/3/2022 0:2:33] /i 9396
[27/3/2022 0:2:36] /r
[27/3/2022 0:2:44] /i 9693
[27/3/2022 0:2:52] !addon pharaoh
[27/3/2022 0:3:21] /reload talk
[27/3/2022 0:3:24] /i 9693
[27/3/2022 0:3:26] !addon pharaoh
[27/3/2022 0:3:48] /light
[27/3/2022 0:28:42] /reload talk
[27/3/2022 0:28:50] !addon retro citizen
[27/3/2022 0:29:3] /i 9693
[27/3/2022 0:29:9] !addon mummy pumpkin
[27/3/2022 0:29:25] !addon pumpkin mumm
[27/3/2022 0:29:27] !addon pumpkin mummy
[27/3/2022 0:30:36] /i 9693
[27/3/2022 0:30:46] !addon poltergeist
[27/3/2022 0:42:56] /reload talk
[27/3/2022 0:59:12] /t
[27/3/2022 1:4:54] /reload talk
[27/3/2022 1:5:2] /i 9693
[27/3/2022 1:5:24] /c aleluia deus
[27/3/2022 2:15:4] /reload globalevents
[27/3/2022 2:15:14] /reload globalevents
[27/3/2022 20:32:11] /openserver
[27/3/2022 20:32:31] /ads aleluia deus, level, 500
[27/3/2022 21:20:0] /i 9693
[27/3/2022 21:20:12] !addon dream warden
[27/3/2022 21:20:55] /i 9693
[27/3/2022 21:20:59] !addon insectoid
[27/3/2022 21:21:6] !addon inscectoid
[27/3/2022 21:21:16] !addon insectoid
[27/3/2022 21:27:39] /reload talk
[27/3/2022 21:27:42] !addon insectoid
[27/3/2022 21:34:4] !addon insectoid
[27/3/2022 21:34:5] /reload talk
[27/3/2022 21:34:7] !addon insectoid
[27/3/2022 21:34:9] !addon insectoid
[27/3/2022 21:35:12] !addon soil guardian
[27/3/2022 21:40:1] /light
[27/3/2022 21:40:14] /i 9693
[27/3/2022 21:40:18] !addon dragon slayer
[27/3/2022 21:42:33] /i 9693
[27/3/2022 21:42:36] !addon elementalist
[27/3/2022 21:43:20] /i 9693
[27/3/2022 21:43:26] !addon glooth engineer
[27/3/2022 21:44:7] /i 9693
[27/3/2022 21:44:9] !addon champion
[28/3/2022 1:20:51] /i 9693
[28/3/2022 1:20:54] !addon beastmaster
[28/3/2022 1:21:15] /i 9693
[28/3/2022 1:21:20] !addon death herald
[28/3/2022 2:46:6] /i 9693
[28/3/2022 2:46:11] !addon cave explorer
[28/3/2022 2:46:40] /i 9693
[28/3/2022 2:46:42] !addon ranger
[28/3/2022 2:47:6] /r
[28/3/2022 2:47:8] /r
[28/3/2022 2:47:13] /up
[28/3/2022 3:21:57] /i 9693
[28/3/2022 3:22:1] !addon puppiteer
[28/3/2022 3:22:10] !addon puppeteer
[28/3/2022 3:22:48] !addon puppeteer
[28/3/2022 3:22:50] !addon puppeteer
[28/3/2022 3:22:50] !addon puppeteer
[28/3/2022 3:22:58] !addon spirit caller
[28/3/2022 3:27:46] /i 9693
[28/3/2022 3:27:46] /i 9693
[28/3/2022 3:27:47] /i 9693
[28/3/2022 3:27:47] /i 9693
[28/3/2022 3:27:48] /i 9693
[28/3/2022 3:27:48] /i 9693
[28/3/2022 3:27:49] /i 9693
[28/3/2022 3:27:49] /i 9693
[28/3/2022 3:27:49] /i 9693
[28/3/2022 3:27:50] /i 9693
[28/3/2022 3:27:50] /i 9693
[28/3/2022 3:27:55] !addon seaweaver
[28/3/2022 3:28:30] !addon recruiter
[28/3/2022 3:28:53] !addon sea dog
[28/3/2022 3:32:0] !addon royal pumpkin
[28/3/2022 4:0:39] !addon rift warrior
[28/3/2022 4:1:1] !addon winter warden
[28/3/2022 4:1:18] /i 9693
[28/3/2022 4:1:19] /i 9693
[28/3/2022 4:1:20] /i 9693
[28/3/2022 4:1:20] /i 9693
[28/3/2022 4:1:21] /i 9693
[28/3/2022 4:1:22] /i 9693
[28/3/2022 4:1:30] /i backpack
[28/3/2022 4:1:31] /i backpack
[28/3/2022 4:1:32] /i backpack
[28/3/2022 4:1:33] /i 9693
[28/3/2022 4:1:34] /i 9693
[28/3/2022 4:1:34] /i 9693
[28/3/2022 4:1:34] /i 9693
[28/3/2022 4:1:35] /i 9693
[28/3/2022 4:1:35] /i 9693
[28/3/2022 4:1:35] /i 9693
[28/3/2022 4:1:36] /i 9693
[28/3/2022 4:1:36] /i 9693
[28/3/2022 4:1:36] /i 9693
[28/3/2022 4:1:37] /i 9693
[28/3/2022 4:1:37] /i 9693
[28/3/2022 4:1:37] /i 9693
[28/3/2022 4:1:38] /i 9693
[28/3/2022 4:1:38] /i 9693
[28/3/2022 4:1:39] /i 9693
[28/3/2022 4:1:39] /i 9693
[28/3/2022 4:1:39] /i 9693
[28/3/2022 4:1:52] !addon arena champion
[28/3/2022 4:2:34] !addon lupine warden
[28/3/2022 4:2:44] !addon lupine warden
[28/3/2022 4:2:59] !addon lupine warden
[28/3/2022 4:3:33] /reload talk
[28/3/2022 4:3:36] !addon lupine warden
[28/3/2022 4:3:51] !addon groove keeper
[28/3/2022 4:4:1] !addon grove keeper
[28/3/2022 4:4:24] !addon festive
[28/3/2022 4:4:37] !addon trophy hunter
[28/3/2022 4:4:57] !addon herbalist
[28/3/2022 4:5:58] !addon sun priest
[28/3/2022 4:6:24] !addon sun priestess
[28/3/2022 4:6:51] !addon makeshift
[28/3/2022 4:7:5] !addon siege master
[28/3/2022 4:7:22] !addon discoverer
[28/3/2022 4:7:46] !addon sinister archer
[28/3/2022 4:8:14] !addon dream warrior
[28/3/2022 4:8:36] !addon percht raider
[28/3/2022 4:8:53] !addon owl keeper
[28/3/2022 4:9:17] !addon guidon bearer
[28/3/2022 4:9:33] !addon inquisition
[28/3/2022 4:9:52] !addon breezy garb
[28/3/2022 4:10:12] !addon orcsoberfest
[28/3/2022 4:10:41] !addon herder
[28/3/2022 4:10:53] !addon falconer
[28/3/2022 4:11:14] !addon jouster
[28/3/2022 4:11:31] !addon moth cape
[28/3/2022 4:11:53] !addon rascoohan
[28/3/2022 4:12:14] !addon marry garb
[28/3/2022 4:12:30] !addon issavi citizen
[28/3/2022 4:12:41] /i 9693
[28/3/2022 4:12:42] /i 9693
[28/3/2022 4:12:42] /i 9693
[28/3/2022 4:12:42] /i 9693
[28/3/2022 4:12:42] /i 9693
[28/3/2022 4:12:43] /i 9693
[28/3/2022 4:12:43] /i 9693
[28/3/2022 4:12:43] /i 9693
[28/3/2022 4:12:43] /i 9693
[28/3/2022 4:12:43] /i 9693
[28/3/2022 4:12:43] /i 9693
[28/3/2022 4:12:43] /i 9693
[28/3/2022 4:12:43] /i 9693
[28/3/2022 4:12:43] /i 9693
[28/3/2022 4:12:43] /i 9693
[28/3/2022 4:12:43] /i 9693
[28/3/2022 4:12:43] /i 9693
[28/3/2022 4:12:43] /i 9693
[28/3/2022 4:12:43] /i 9693
[28/3/2022 4:12:43] /i 9693
[28/3/2022 4:12:43] /i 9693
[28/3/2022 4:12:43] /i 9693
[28/3/2022 4:12:43] /i 9693
[28/3/2022 4:12:43] /i 9693
[28/3/2022 4:12:43] /i 9693
[28/3/2022 4:12:43] /i 9693
[28/3/2022 4:12:43] /i 9693
[28/3/2022 4:12:43] /i 9693
[28/3/2022 4:12:43] /i 9693
[28/3/2022 4:12:43] /i 9693
[28/3/2022 4:12:43] /i 9693
[28/3/2022 4:12:43] /i 9693
[28/3/2022 4:12:43] /i 9693
[28/3/2022 4:12:46] !addon issavi citizen
[28/3/2022 4:13:0] !addon forest warden
[28/3/2022 4:13:19] !addon royal bounacean
[28/3/2022 4:14:19] !addon dragon knight
[28/3/2022 4:15:29] !addon chaos acolyte
[28/3/2022 4:15:46] !addon evoker
[28/3/2022 4:16:9] !addon battle mage
[28/3/2022 4:16:29] !addon void master
[28/3/2022 4:16:46] !addon veteran paladin
[28/3/2022 4:17:4] !addon lion of war
[28/3/2022 4:17:42] !addon revenant
[28/3/2022 4:18:1] !addon trailblazer
[28/3/2022 4:18:14] !addon rune master
[28/3/2022 4:18:30] !addon mercenary
[28/3/2022 4:18:50] !addon retro warrior
[28/3/2022 4:19:9] !addon jersey
[28/3/2022 4:20:14] /reload talk
[28/3/2022 4:20:18] !addon jersey
[28/3/2022 4:20:37] !addon conjurer
[28/3/2022 4:21:23] !addon enterpreneur
[28/3/2022 4:21:38] !addon entrepreneur
[28/3/2022 4:21:53] !addon crystal warlord
[28/3/2022 4:22:4] !addon deepling
[28/3/2022 4:22:22] !addon insectoid
[28/3/2022 4:23:9] /reload talk
[28/3/2022 4:23:15] !addon insectoid
[28/3/2022 4:23:39] !addon philosopher
[28/3/2022 4:24:16] !addon puppeteer
[28/3/2022 4:24:45] /reload talk
[28/3/2022 4:24:48] !addon puppeteer
[28/3/2022 4:24:59] !addon puppeteer
[28/3/2022 4:25:10] !addon puppeeter
[28/3/2022 4:25:55] !addon retro warrior
[28/3/2022 4:26:13] /ads adm~, level, -500
[28/3/2022 4:36:39] /i 11710
[28/3/2022 4:36:47] /i 11709
[28/3/2022 4:37:10] /i 11051
[28/3/2022 20:25:31] /light
[28/3/2022 21:2:17] /m jaul
[28/3/2022 21:2:23] /i 9693
[28/3/2022 21:2:46] /ads adm~, level, 400
[28/3/2022 21:2:55] /i vip prophetic axe
[28/3/2022 21:17:13] /openserver
[28/3/2022 21:26:18] /globalsave
[28/3/2022 21:26:20] /shutdown
[28/3/2022 21:53:40] /openserver
[29/3/2022 18:15:12] /reload globalevents
[29/3/2022 19:34:33] /t
[29/3/2022 19:34:52] /t
[29/3/2022 19:35:8] /t
[29/3/2022 20:0:34] /t
[29/3/2022 20:53:7] /openserver
[29/3/2022 20:54:48] /reload xml
[29/3/2022 20:54:57] /shutdown
[29/3/2022 20:57:50] /openserver
[29/3/2022 21:0:52] /shutdown
[29/3/2022 21:3:33] /openserver
[29/3/2022 21:4:12] /storage Glutiscuti
[29/3/2022 21:4:22] /storage Glutiscuti, 5457
[29/3/2022 21:4:31] /storage Glutiscuti, 5457
[29/3/2022 21:4:38] /storage Glutiscuti, 5457, 1
[29/3/2022 21:4:41] /storage Glutiscuti, 5457
[29/3/2022 21:7:29] /goto isis
[29/3/2022 21:7:32] /t
[29/3/2022 21:7:54] /t
[29/3/2022 21:8:31] /storage Glutiscuti, 5457
[29/3/2022 21:8:56] /shutdown
[29/3/2022 21:11:37] /openserver
[29/3/2022 21:19:56] /reload talk
[29/3/2022 21:21:19] /reload talkactions
[29/3/2022 21:21:46] /reload talkactions
[29/3/2022 21:40:25] /reload globalevents
[29/3/2022 21:44:36] /reload globalevents
[29/3/2022 22:17:13] /reload talk
[29/3/2022 22:21:53] /reload globalevents
[29/3/2022 22:24:35] /reload globalevents
[31/3/2022 3:35:17] /shutdown
[31/3/2022 3:45:39] /reload globalevents
[31/3/2022 3:47:12] /openserver
[31/3/2022 3:56:36] /reload globalevents
[31/3/2022 4:40:50] /shutdown
[31/3/2022 4:53:8] /openserver
[31/3/2022 4:55:51] /reload globalevents
[31/3/2022 4:57:17] /openserver
[31/3/2022 5:3:2] /openserver
[31/3/2022 5:45:27] /reload globalevents
[31/3/2022 6:5:28] /reload globalevents
[31/3/2022 6:7:56] /reload globalevents
[31/3/2022 6:33:4] /shutdown
[31/3/2022 6:35:51] /openserver
[31/3/2022 6:59:8] /reload globalevents
[31/3/2022 7:3:57] /openserver
[31/3/2022 7:21:54] /reload globalevents
[31/3/2022 7:27:40] /openserver
[31/3/2022 7:33:30] /reload globalevents
[31/3/2022 8:34:2] /reload globalevents
[31/3/2022 9:23:30] /i 13021
[31/3/2022 9:23:46] /i 13023
[31/3/2022 9:23:49] /i 13024
[31/3/2022 9:23:54] /i 13020
[31/3/2022 9:24:3] /shutdown
[31/3/2022 10:20:51] /shutdown
[6/11/2023 22:23:15] !online
[6/11/2023 22:42:7] /t
[6/11/2023 22:44:41] /t
[7/11/2023 14:21:4] /addskill level, Administrador, 200
[7/11/2023 14:21:9] /addskill level, Administrador, 200
[7/11/2023 14:21:16] /addskill level, Administrador,200
[7/11/2023 14:21:24] /addskill level,Administrador,200
[7/11/2023 15:25:23] /shutdown
[7/11/2023 15:48:53] /i backpack
[7/11/2023 16:4:14] /i mightring
[7/11/2023 16:22:30] /i might ring
[7/11/2023 16:22:31] /i might ring
[7/11/2023 16:22:31] /i might ring
[7/11/2023 16:22:32] /i might ring
[7/11/2023 16:22:32] /i might ring
[7/11/2023 16:22:33] /i might ring
[7/11/2023 16:22:34] /i might ring
