[23/2/2022 22:59:12] !rank sword
[24/2/2022 1:9:28] !rank sword
[24/2/2022 12:42:36] !emotespells on
[24/2/2022 12:57:41] !online
[24/2/2022 16:55:28] !frags
[24/2/2022 21:28:48] !rank sword
[24/2/2022 23:5:5] !rank sword
[24/2/2022 23:30:2] !rank sword
[26/2/2022 5:9:47] !addon wayfarer
[26/2/2022 5:11:12] !addon oriental
[26/2/2022 8:0:36] !frags
[26/2/2022 15:12:8] !rank sword
[26/2/2022 21:0:45] !buyhouse
[2/3/2022 22:38:11] !online
[4/3/2022 13:55:9] !online
[5/3/2022 8:5:30] !online
[5/3/2022 9:51:25] !online
[5/3/2022 12:36:44] !online
[5/3/2022 23:40:18] aleta som
[5/3/2022 23:40:21] aleta sio
[6/3/2022 0:2:3] !rank sword
[6/3/2022 2:2:2] !online
[6/3/2022 2:4:29] !rank shield
[6/3/2022 2:4:44] !rank sword
[6/3/2022 19:3:31] !eject
[6/3/2022 19:3:36] !buyhouse
[6/3/2022 19:20:38] aleta som
[6/3/2022 20:30:24] !protecthouse
[6/3/2022 20:30:28] !protecthouse off
[6/3/2022 20:30:31] aleta som
[11/3/2022 0:33:11] !eject
[11/3/2022 0:33:15] !eject
[11/3/2022 0:33:19] !buyhouse
[11/3/2022 0:33:27] !buyhouse
[11/3/2022 0:33:30] !eject
[11/3/2022 0:33:32] !eject
[11/3/2022 0:33:39] !eject
[11/3/2022 0:33:41] !eject
[11/3/2022 0:33:46] !eject
[11/3/2022 0:39:13] !eject
[11/3/2022 0:39:17] !eject
[11/3/2022 0:39:20] !eject
[11/3/2022 0:39:47] !eject
[11/3/2022 14:33:1] aleta sio
[11/3/2022 14:33:7] aleta sio
[13/3/2022 19:43:59] !online
