[27/5/2022 22:36:24] !emotespells on
[28/5/2022 7:38:17] !rank axe
[29/5/2022 23:42:43] !rank maigc
[29/5/2022 23:42:50] !rank magic
[31/5/2022 21:14:30] !rank sword
[2/6/2022 2:43:58] !online
[2/6/2022 7:32:14] !online
[2/6/2022 15:47:37] !rank magic
[2/6/2022 15:47:55] !rank magic
[2/6/2022 15:48:9] !rank sword
[2/6/2022 15:48:16] !rank axe
[2/6/2022 15:48:23] !rank club
[2/6/2022 15:54:3] !emotespells on
[2/6/2022 22:26:32] !online
[3/6/2022 7:28:24] !rank sword
[4/6/2022 22:27:30] !buyhouse
[5/6/2022 21:58:19] !rank magic
[5/6/2022 21:58:57] !rank sword
[7/6/2022 19:40:40] !buyhouse
[7/6/2022 19:41:40] aleta som
[7/6/2022 19:41:57] aleta som
[7/6/2022 20:30:6] !rank magic
[7/6/2022 20:31:14] !rank magic
[7/6/2022 22:34:4] !protecthouse
[7/6/2022 22:34:11] !protecthouse off
