[13/2/2022 7:16:36] !online
[13/2/2022 7:34:40] !online
[13/2/2022 7:34:48] !rank
[13/2/2022 7:34:53] !rank distance
[13/2/2022 7:35:18] !rank distance
[13/2/2022 7:37:47] !serverinfo
[14/2/2022 0:6:31] !online
[14/2/2022 10:0:1] !online
[14/2/2022 10:28:35] !aol
[14/2/2022 11:44:52] !aol
[14/2/2022 17:18:33] !aol
[14/2/2022 17:19:37] !aol
[14/2/2022 17:49:43] !online
[14/2/2022 22:18:51] !aol
[15/2/2022 12:20:8] !buyhouse
[15/2/2022 14:54:26] !aol
[15/2/2022 14:54:28] !aol
[15/2/2022 14:54:30] !aol
[15/2/2022 14:54:33] !aol
[15/2/2022 14:54:35] !aol
[15/2/2022 14:54:38] !aol
[15/2/2022 14:54:40] !aol
[15/2/2022 14:54:42] !aol
[15/2/2022 14:54:45] !aol
[15/2/2022 14:54:47] !aol
[15/2/2022 14:54:50] !aol
[15/2/2022 14:54:52] !aol
[15/2/2022 14:54:54] !aol
[15/2/2022 15:21:27] !rank distance
[15/2/2022 15:41:34] !aol
[16/2/2022 0:48:26] !aol
[16/2/2022 0:50:8] !aol
[16/2/2022 7:25:52] !aol
[16/2/2022 8:40:46] !serverinfo
[16/2/2022 8:46:42] !online
