[1/4/2022 5:59:3] /c fabio leandro
[1/4/2022 5:59:26] /c fabio leandro
[1/4/2022 6:0:37] /i 13111
[1/4/2022 6:1:1] /i 12937
[1/4/2022 6:1:9] /i 13260
[1/4/2022 6:1:29] /i 13200
[1/4/2022 6:1:50] /i 12998
[1/4/2022 6:2:7] /i 13225
[1/4/2022 6:3:43] /c fabio leandro
[1/4/2022 6:3:50] /r
[1/4/2022 6:3:52] /i backpack
[1/4/2022 6:4:0] /i 7443
[1/4/2022 6:4:21] /i 13205
[1/4/2022 6:11:48] /ads ajudante, level, 400
[1/4/2022 6:14:41] /shutdown
[1/4/2022 6:19:34] /goto 476,38,13
[1/4/2022 6:20:36] /c fabio leandro
[1/4/2022 6:21:20] /c fabio leandro
[1/4/2022 6:21:35] /i 13255
[1/4/2022 6:21:49] /i 13255
[1/4/2022 6:22:4] /i 13224
[1/4/2022 6:35:21] /c fabio leandro
[1/4/2022 6:35:44] /goto 476,38,13
[1/4/2022 6:49:10] /i 12888
[1/4/2022 6:49:15] /i backpack
[1/4/2022 6:49:17] /i backpack
[1/4/2022 6:49:22] /i backpack
[1/4/2022 6:49:24] /i 12888
[1/4/2022 6:50:25] /i 12988
[1/4/2022 6:50:35] /i 12875
[1/4/2022 6:50:45] /i 13012
[1/4/2022 6:53:37] /shutdown
[1/4/2022 6:58:3] /goto 476,38,13
[1/4/2022 7:0:6] /c fabio leandro
[1/4/2022 7:0:17] /c fabio leandro
[1/4/2022 7:0:26] /i 12975
[1/4/2022 7:0:31] /r
[1/4/2022 7:0:32] /i 12975
[1/4/2022 7:0:42] /i 12982
[1/4/2022 7:0:51] /i 13204
[1/4/2022 7:9:39] /c fabio leandr
[1/4/2022 7:9:42] /c fabio leandro
[1/4/2022 7:9:44] /t
[1/4/2022 7:10:4] /goto 476,38,13
[1/4/2022 7:10:19] /i backpack
[1/4/2022 7:10:22] /i 12879
[1/4/2022 9:18:34] /c fabio leandro
[1/4/2022 10:31:21] /c fabio leandro
[1/4/2022 10:31:35] /i 1536
[1/4/2022 10:33:4] /goto 223,51,7
[1/4/2022 10:33:7] /light
[1/4/2022 10:36:22] /c fabio leandro
[1/4/2022 10:36:26] /a 50
[1/4/2022 10:36:27] /a 50
[1/4/2022 10:37:16] /i 6984
[1/4/2022 10:37:26] /i 9468
[1/4/2022 10:37:29] /i 9469
[1/4/2022 10:37:37] /i 9466
[1/4/2022 10:38:16] /goto 223,60,7
[1/4/2022 10:42:33] /c fabio leandro
[1/4/2022 10:42:50] /i 6221
[1/4/2022 10:43:5] /i 6488
[1/4/2022 10:43:20] /i 2061
[1/4/2022 10:44:23] /i 5263
[4/4/2022 20:6:12] /c knightr
[4/4/2022 20:6:14] /c knight
[4/4/2022 20:12:30] /globalsave
[4/4/2022 20:12:32] /shutdown
[4/4/2022 20:21:45] /openserver
[4/4/2022 22:29:21] /openserver
[4/4/2022 22:34:30] /globalsave
[4/4/2022 22:34:36] /shutdown
[4/4/2022 22:41:19] /a 100
[4/4/2022 22:41:53] /t
[4/4/2022 22:44:4] /t
[4/4/2022 22:50:5] /r
[4/4/2022 22:50:12] /openserver
[4/4/2022 22:50:28] /r
[4/4/2022 22:50:39] /attr group 6
[4/4/2022 22:50:49] /r
[4/4/2022 22:51:6] /attr group 1
[4/4/2022 22:51:25] /ads knight, level, 190
[4/4/2022 22:53:10] /ads knight, sword, 100
[4/4/2022 22:53:20] /ads knight, sword, -100
[4/4/2022 22:56:6] /shutdown
[4/4/2022 23:4:25] /goto 476,38,13
[4/4/2022 23:4:30] /a 5
[4/4/2022 23:4:31] /a 5
[4/4/2022 23:4:31] /a 5
[4/4/2022 23:4:32] /a 5
[4/4/2022 23:4:34] /a 5
[4/4/2022 23:4:36] /a 5
[4/4/2022 23:4:55] /t
[4/4/2022 23:5:16] /openserver
[4/4/2022 23:5:45] /ads knight, axe, 50
[4/4/2022 23:7:3] /i 13093
[4/4/2022 23:8:2] /m trainer
[4/4/2022 23:9:2] /i solar axe
[4/4/2022 23:9:6] /i sollar axe
[4/4/2022 23:9:9] /i horus axe
[4/4/2022 23:9:15] /i prophetic axe
[4/4/2022 23:9:43] /m hydra
[4/4/2022 23:12:20] /m jauk
[4/4/2022 23:12:22] /m jaul
[4/4/2022 23:12:42] /ads knight, level, 10
[4/4/2022 23:14:58] /m jaukl
[4/4/2022 23:15:1] /m jaul
[4/4/2022 23:15:5] /m jaul
[4/4/2022 23:15:39] /r
[4/4/2022 23:15:41] /r
[4/4/2022 23:15:43] /r
[4/4/2022 23:15:44] /r
[4/4/2022 23:15:45] /r
[4/4/2022 23:15:47] /r
[4/4/2022 23:18:7] /ads knight, shielding, 40
[4/4/2022 23:18:13] /ads knight, shielding, 40
[4/4/2022 23:18:35] /ads knight, magic, 5
[4/4/2022 23:18:39] /ads knight, magic, 3
[4/4/2022 23:21:19] /reload config
[4/4/2022 23:24:16] /globalsave
[4/4/2022 23:24:18] /shutdown
[9/4/2022 1:3:37] /c fabio leandro
[9/4/2022 1:8:11] /goto fabio leandro
[9/4/2022 1:8:22] /c fabio leandro
[9/4/2022 1:30:21] /t
[9/4/2022 1:30:24] /m jaul
[9/4/2022 2:7:41] /reload monsters
[9/4/2022 2:7:44] /m Abyssador
[9/4/2022 2:7:51] /s trainer
[9/4/2022 2:9:16] /reload monsters
[9/4/2022 2:9:18] /m Alptramun
[9/4/2022 2:13:8] /reload monsters
[9/4/2022 2:13:9] /m Alptramun
[9/4/2022 2:13:28] /reload monsters
[9/4/2022 2:13:29] /m Alptramun
[9/4/2022 2:15:5] /reload monsters
[9/4/2022 2:15:8] /m Alptramun
[9/4/2022 2:15:13] /s trainer
[9/4/2022 2:15:43] /reload monsters
[9/4/2022 2:18:16] /s infernatil
[9/4/2022 2:19:47] /s bazir
[9/4/2022 2:19:53] /s ghazbaran
[9/4/2022 2:19:56] /s apocalypse
[9/4/2022 2:20:40] /s orshabaal
[12/4/2022 19:16:47] /openserver
[12/4/2022 19:18:3] /openserver
[12/4/2022 22:27:34] /shutdown
[12/4/2022 22:34:7] !buyhouse
[12/4/2022 22:38:15] /openserver
[13/4/2022 0:15:21] /m Gaz'Haragoth
[13/4/2022 0:15:32] /s trainer
[13/4/2022 0:18:31] /reload monster
[13/4/2022 0:18:34] /s trainer
[13/4/2022 0:19:14] /openserver
[13/4/2022 0:20:40] /s apocalypse
[13/4/2022 0:21:2] /s apocalypse
[13/4/2022 0:21:2] /s apocalypse
[13/4/2022 0:21:3] /s apocalypse
[13/4/2022 0:21:44] /s apocalypse
[13/4/2022 0:21:44] /s apocalypse
[13/4/2022 0:21:45] /s apocalypse
[13/4/2022 0:21:45] /s apocalypse
[13/4/2022 0:30:25] /m gaz'Haragoth
[13/4/2022 0:30:57] /ads knight, level, 100
[13/4/2022 0:34:27] /s alptramun
[17/4/2022 21:58:13] /c fabio leandro
[17/4/2022 21:59:26] /c fabio leandro
[17/4/2022 21:59:31] /i 5949
[17/4/2022 21:59:37] /i 5494
[17/4/2022 21:59:41] /i 5494
[17/4/2022 21:59:45] /i 5495
[17/4/2022 21:59:46] /i 5493
[17/4/2022 21:59:47] /i 5492
[17/4/2022 22:0:16] /i 2770
[17/4/2022 22:2:20] /c fabio leandro
[17/4/2022 22:3:5] /i 1533
[17/4/2022 22:6:13] /attr action 61507
[17/4/2022 22:8:41] /t
[17/4/2022 22:18:17] /m ghaz'haragoth
[17/4/2022 22:18:37] /m Gaz'Haragoth
[17/4/2022 22:19:21] /s apocalypse
[17/4/2022 22:19:22] /s apocalypse
[17/4/2022 22:19:23] /s apocalypse
[17/4/2022 22:19:23] /s apocalypse
[17/4/2022 22:19:23] /s apocalypse
[17/4/2022 22:19:24] /s apocalypse
[17/4/2022 22:19:24] /s apocalypse
[17/4/2022 22:19:25] /s apocalypse
[17/4/2022 22:19:25] /s apocalypse
[17/4/2022 22:19:25] /s apocalypse
[17/4/2022 22:19:26] /s apocalypse
[17/4/2022 22:19:26] /s apocalypse
[17/4/2022 22:29:14] /m Gaz'Haragoth
[17/4/2022 22:29:18] /s Gaz'Haragoth
[17/4/2022 22:29:21] /s Gaz'Haragoth
[17/4/2022 22:29:21] /s Gaz'Haragoth
[17/4/2022 22:29:23] /s Gaz'Haragoth
[17/4/2022 22:29:24] /s Gaz'Haragoth
[17/4/2022 22:29:24] /s Gaz'Haragoth
[17/4/2022 22:29:25] /s Gaz'Haragoth
[17/4/2022 22:29:25] /s Gaz'Haragoth
[17/4/2022 22:29:26] /s Gaz'Haragoth
[17/4/2022 22:29:26] /s Gaz'Haragoth
[17/4/2022 22:30:38] /s Gaz'Haragoth
[17/4/2022 22:30:38] /s Gaz'Haragoth
[17/4/2022 22:30:39] /s Gaz'Haragoth
[17/4/2022 22:30:41] /m Gaz'Haragoth
[17/4/2022 22:34:13] /m Gaz'Haragoth
[17/4/2022 22:38:48] /m Gaz'Haragoth
[17/4/2022 22:38:52] /s bazir
[17/4/2022 22:38:53] /s bazir
[17/4/2022 22:38:53] /s bazir
[17/4/2022 22:39:5] /s bazir
[17/4/2022 22:42:12] /m Gaz'Haragoth
[17/4/2022 22:46:51] /s trainer
[17/4/2022 22:49:58] /s trainer
[17/4/2022 22:49:58] /s trainer
[17/4/2022 22:49:59] /s trainer
[17/4/2022 22:49:59] /s trainer
[17/4/2022 22:50:0] /s trainer
[7/5/2022 23:55:47] /reload config
[7/5/2022 23:55:51] /reload actions
[7/5/2022 23:56:8] /i diamond coin
[8/5/2022 0:0:17] /t
[8/5/2022 0:8:18] /ads fabio, level, 40
[8/5/2022 0:8:49] /ads fabio, magic, 15
[8/5/2022 0:10:31] /i bag
[8/5/2022 0:10:34] /i diamond coin
[8/5/2022 0:10:52] /reload config
[8/5/2022 0:11:3] /reload action
[8/5/2022 0:16:40] /up
[8/5/2022 0:16:41] /up
[8/5/2022 0:16:46] /reload actions
[8/5/2022 0:17:0] /i 13122
[8/5/2022 0:17:16] /i 13212
[8/5/2022 0:17:18] /i 13212
[8/5/2022 0:17:31] /attr unique 43578
[8/5/2022 0:18:31] /reload actions
[8/5/2022 0:18:38] /reload actions
[8/5/2022 0:19:12] /reload actions
[8/5/2022 0:21:12] /reload actions
[8/5/2022 0:23:1] /reload actions
[8/5/2022 0:23:6] /reload actions
[8/5/2022 0:31:25] /reload actions
[8/5/2022 0:31:36] /i 13212
[8/5/2022 0:31:36] /i 13212
[8/5/2022 0:31:37] /i 13212
[8/5/2022 0:31:37] /i 13212
[8/5/2022 0:31:38] /i 13212
[8/5/2022 0:38:7] /reload actions
[8/5/2022 0:41:43] /reload actions
[8/5/2022 0:45:1] /reload actions
[8/5/2022 0:45:50] /reload actions
[8/5/2022 0:45:58] /i 13212
[8/5/2022 0:46:49] /i 5903
[8/5/2022 0:50:13] /reload actions
[8/5/2022 0:50:22] /i 13212
[8/5/2022 0:51:7] /reload actions
[8/5/2022 1:0:40] /i 13212
[8/5/2022 1:2:20] /i 13212
[8/5/2022 1:2:21] /reload actions
[8/5/2022 1:3:46] /reload actions
[8/5/2022 1:3:55] /i 13212
[8/5/2022 1:4:57] /reload actions
[8/5/2022 1:6:6] /reload actions
[8/5/2022 1:6:16] /i 13212
[8/5/2022 1:7:42] /i 13212
[8/5/2022 1:7:43] /i 13212
[8/5/2022 1:9:55] /reload actions
[8/5/2022 1:10:9] /i backpack
[8/5/2022 1:11:4] /i 13212
[8/5/2022 1:11:5] /i 13212
[8/5/2022 1:11:5] /i 13212
[8/5/2022 1:11:6] /i 13212
[8/5/2022 1:11:6] /i 13212
[8/5/2022 1:11:6] /i 13212
[8/5/2022 1:11:7] /i 13212
[8/5/2022 1:11:7] /i 13212
[8/5/2022 1:11:7] /i 13212
[8/5/2022 1:11:9] /reload actions
[8/5/2022 1:13:45] /i 13212
[8/5/2022 1:13:46] /i 13212
[8/5/2022 1:13:47] /i 13212
[8/5/2022 1:13:47] /i 13212
[8/5/2022 1:13:48] /i 13212
[8/5/2022 1:13:48] /i 13212
[8/5/2022 1:13:49] /i 13212
[8/5/2022 1:13:49] /i 13212
[8/5/2022 1:13:50] /i 13212
[8/5/2022 1:13:50] /i 13212
[8/5/2022 1:34:22] /reload action
[8/5/2022 1:35:33] /reload action
[8/5/2022 1:35:40] /reload action
[8/5/2022 1:37:38] /reload action
[8/5/2022 1:38:21] /reload action
[8/5/2022 1:39:11] /reload action
[8/5/2022 1:39:17] /i 13212
[8/5/2022 1:39:17] /i 13212
[8/5/2022 1:39:17] /i 13212
[8/5/2022 1:39:18] /i 13212
[8/5/2022 1:39:18] /i 13212
[8/5/2022 1:39:29] /reload action
[8/5/2022 1:40:52] /reload action
[8/5/2022 1:41:58] /reload action
[8/5/2022 1:42:30] /reload action
[8/5/2022 2:22:59] /reload action
[8/5/2022 2:23:4] /i 13212
[8/5/2022 2:23:4] /i 13212
[8/5/2022 2:23:4] /i 13212
[8/5/2022 2:23:4] /i 13212
[8/5/2022 2:23:5] /i 13212
[8/5/2022 2:23:5] /i 13212
[8/5/2022 2:24:58] /i mana potion
[8/5/2022 2:25:39] /reload action
[8/5/2022 2:26:24] /i ultimate health potion
[8/5/2022 2:26:47] /reload action
[8/5/2022 2:35:10] /i pharaot rod
[8/5/2022 2:35:36] /i 7958
[8/5/2022 2:39:21] /i falcon rod
[8/5/2022 2:39:35] /i 13080
[8/5/2022 2:40:32] /t
[8/5/2022 2:51:55] /i prophetic axe
[8/5/2022 2:53:32] /reload weapons
[8/5/2022 2:53:35] /t
[8/5/2022 2:53:42] /shutdown
[8/5/2022 2:59:29] /i pharaot wand
[14/5/2022 8:25:2] /i 8981
[14/5/2022 8:28:6] /i event coin
[14/5/2022 8:28:25] /i event coin
[14/5/2022 8:28:35] /i event coin
[14/5/2022 8:28:37] /i event coin
[14/5/2022 8:28:38] /i event coin
[14/5/2022 8:28:51] /i backpack
[14/5/2022 8:28:52] /i backpack
[14/5/2022 8:28:54] /i event coin
[14/5/2022 8:28:54] /i event coin
[14/5/2022 8:28:55] /i event coin
[14/5/2022 8:28:55] /i event coin
[14/5/2022 8:28:56] /i event coin
[14/5/2022 8:28:56] /i event coin
[14/5/2022 8:28:57] /i event coin
[14/5/2022 8:28:57] /i event coin
[14/5/2022 8:28:58] /i event coin
[14/5/2022 8:28:58] /i event coin
[14/5/2022 8:29:0] /i event coin
[14/5/2022 8:29:1] /i event coin
[14/5/2022 8:29:1] /i event coin
[14/5/2022 8:29:2] /i event coin
[14/5/2022 8:31:19] /i 12825
[14/5/2022 8:41:22] /up
[14/5/2022 8:41:23] /up
[14/5/2022 8:41:26] /reload action
[15/5/2022 3:59:50] /t
[15/5/2022 4:2:3] /t
[15/5/2022 4:6:27] /reload movements
[15/5/2022 4:6:45] /c fabio leandro
[15/5/2022 4:7:8] /t
[15/5/2022 4:7:37] /t
[15/5/2022 4:9:37] /reload movements
[15/5/2022 22:27:40] /m ferumbras
[15/5/2022 22:27:50] /ads ajud~, magic, 100
[15/5/2022 22:28:38] /i 13112
[15/5/2022 23:40:28] /reload monster
[15/5/2022 23:40:36] /m alptramun
[15/5/2022 23:41:5] /s trainer
[15/5/2022 23:42:20] /r
[15/5/2022 23:42:23] /m alptramun
[15/5/2022 23:42:30] /r
[15/5/2022 23:42:35] /reload monster
[15/5/2022 23:42:38] /m alptramun
[15/5/2022 23:46:26] /reload monster
[15/5/2022 23:46:32] /m alptramun
[15/5/2022 23:46:47] /ads ajudante, sword, 200
[15/5/2022 23:46:55] /i pharaot sword
[15/5/2022 23:46:58] /i pharaot blade
[16/5/2022 2:7:50] /m gaz'haragoth
[16/5/2022 2:7:59] /c fabio leandro
[16/5/2022 21:48:45] /goto juniorscripts
[18/5/2022 12:33:2] /attr group 2
[18/5/2022 12:33:51] /attr group 1
[18/5/2022 12:39:0] /attr group 2
[18/5/2022 12:49:57] /goto 2390,449,10
[18/5/2022 13:1:17] /t
[18/5/2022 13:1:33] /attr group 1
[18/5/2022 13:9:8] /globalsave
[18/5/2022 13:13:12] /ads Fabio, level, 100
[18/5/2022 13:13:18] /globalsave
[18/5/2022 13:55:1] /ads ajudante, level, 111
[18/5/2022 13:55:9] /ads porra viado, level, 112
[18/5/2022 13:55:13] /globalsave
[20/5/2022 13:8:14] /globalsave
[20/5/2022 13:17:19] /reload globalevents
[20/5/2022 13:40:34] /reload talk
[20/5/2022 13:40:56] /reload talk
[20/5/2022 13:45:9] /reload talk
[20/5/2022 13:45:37] /reload talk
[20/5/2022 13:45:45] /reload talk
[20/5/2022 13:56:50] /reload talk
[20/5/2022 13:56:59] /reload talk
[21/5/2022 12:23:1] /goto 6218,433,4
[21/5/2022 12:23:5] /r
[21/5/2022 12:28:13] /i backpack
[21/5/2022 12:28:17] /c fabio leandro
[21/5/2022 12:32:3] /t
[21/5/2022 12:47:0] /reload action
[21/5/2022 12:48:52] /reload action
[21/5/2022 12:49:3] /t otorri~
[21/5/2022 14:21:40] /t
[21/5/2022 14:21:45] /reload npc
[21/5/2022 14:21:48] /light
[21/5/2022 14:21:51] /npc Eruaran
[21/5/2022 17:28:54] /goto test~
[21/5/2022 17:29:12] /globalsave
[21/5/2022 17:29:14] /shutdown
[22/5/2022 18:29:56] /t
[22/5/2022 18:39:47] /t
[23/5/2022 21:18:26] /t
[23/5/2022 21:18:34] /ads bogs~, level, 100
[23/5/2022 21:18:42] /ads bogs~, sword, 70
[23/5/2022 21:18:51] /i soulcutter
[23/5/2022 21:19:13] /ads bogs~, magic, 8
[23/5/2022 21:22:19] /i 13401
[23/5/2022 21:22:40] /ads bogs~, level, 200
[23/5/2022 21:24:2] /i anubis axe
[23/5/2022 21:25:34] /shutdown
[23/5/2022 21:44:48] /i soulcutter
[23/5/2022 21:51:28] /reload spells
[23/5/2022 21:51:33] /reload spells
[23/5/2022 21:51:40] /reload spells
[23/5/2022 21:56:57] /shutdown
[23/5/2022 22:3:41] /reload spell
[23/5/2022 22:3:53] /m demon
[23/5/2022 22:4:8] /r
[23/5/2022 22:11:28] /reload spells
[23/5/2022 22:14:55] /reload spells
[23/5/2022 22:19:57] /s training monk
[23/5/2022 22:19:59] /s training monk
[23/5/2022 22:20:3] /s training monk
[23/5/2022 22:20:5] /s training monk
[23/5/2022 22:20:15] /s training monk
[23/5/2022 22:20:25] /reload spells
[23/5/2022 22:21:22] /reload spells
[23/5/2022 22:21:46] /reload spells
[23/5/2022 22:21:48] /s training monk
[23/5/2022 22:21:49] /s training monk
[23/5/2022 22:21:50] /s training monk
[23/5/2022 22:21:51] /s training monk
[23/5/2022 22:21:52] /s training monk
[23/5/2022 22:21:53] /s training monk
[23/5/2022 22:21:54] /s training monk
[23/5/2022 22:21:55] /s training monk
[23/5/2022 22:26:35] /i 13409
[23/5/2022 22:26:42] /reload movements
[23/5/2022 22:27:1] /reload movements
[26/5/2022 20:51:15] /i soulcutter
[26/5/2022 20:51:26] /i 13092
[26/5/2022 20:51:30] /i 13093
[26/5/2022 20:51:31] /i 13094
[26/5/2022 20:51:33] /i 13095
[26/5/2022 20:51:35] /i 13096
[26/5/2022 20:51:36] /i 13097
[26/5/2022 20:51:38] /i 13098
[26/5/2022 20:51:40] /i 13099
[26/5/2022 20:51:43] /i 130100
[26/5/2022 20:51:46] /i 13100
[26/5/2022 20:51:48] /i 13101
[26/5/2022 20:51:51] /i 13101
[26/5/2022 20:51:53] /i 13102
[26/5/2022 20:51:54] /i 13103
[26/5/2022 20:51:56] /i 13104
[26/5/2022 20:51:58] /i 13105
[26/5/2022 20:51:59] /i 13105
[26/5/2022 20:52:0] /i 13106
[26/5/2022 20:52:3] /i 13107
[26/5/2022 20:52:6] /i 13108
[26/5/2022 20:52:8] /i 13109
[26/5/2022 20:54:6] /shutdown
[26/5/2022 20:56:12] /openserver
[26/5/2022 20:56:36] /i 13091
[26/5/2022 20:56:46] /i 13092
[26/5/2022 20:56:47] /i 13093
[26/5/2022 20:56:49] /i 13094
[26/5/2022 20:56:51] /i 13095
[26/5/2022 20:56:53] /i 13096
[26/5/2022 20:56:55] /i 13097
[26/5/2022 20:56:57] /i 13098
[26/5/2022 20:57:0] /i 13099
[26/5/2022 20:57:2] /i 13100
[26/5/2022 20:57:4] /i 13101
[26/5/2022 20:57:6] /i 13102
[26/5/2022 20:57:8] /i 13103
[26/5/2022 20:57:10] /i 13104
[26/5/2022 20:57:11] /i 13105
[26/5/2022 20:57:13] /i 13106
[26/5/2022 20:57:14] /i 13107
[26/5/2022 20:57:26] /i soulskull backpack
[26/5/2022 20:57:40] /i soulpotter backpack
[26/5/2022 20:58:7] /ads otorrino~, level, 200
[26/5/2022 20:58:13] /ads fabio, level, 200
[26/5/2022 21:2:3] /i diamond coin
[26/5/2022 21:2:13] /i ultimate potion
[26/5/2022 21:4:35] /reload actions
[26/5/2022 21:6:15] /i diamond arrw
[26/5/2022 21:6:16] /i diamond arrw
[26/5/2022 21:6:17] /i diamond arrw
[26/5/2022 21:6:22] /i diamond arrow
[26/5/2022 21:6:24] /i diamond arrow
[26/5/2022 21:6:25] /i diamond arrow
[26/5/2022 21:6:26] /i diamond arrow
[26/5/2022 21:6:27] /i diamond arrow
[26/5/2022 21:6:28] /i diamond arrow
[26/5/2022 21:6:32] /i diamond arrow
[26/5/2022 21:6:34] /i diamond arrow
[26/5/2022 21:6:39] /i diamond arrow
[26/5/2022 21:6:41] /i diamond arrow
[26/5/2022 21:7:13] /goto otorrino~
[26/5/2022 21:7:29] /c otorino~
[26/5/2022 21:7:33] /c otorrino
[26/5/2022 21:7:34] /c otorrino~
[26/5/2022 21:7:36] /t
[26/5/2022 21:7:37] /t
[26/5/2022 21:7:38] /c otorrino~
[26/5/2022 21:7:44] /m training monk
[26/5/2022 21:7:45] /m training monk
[26/5/2022 21:8:27] /i diamond arrow
[26/5/2022 21:12:0] /t
[26/5/2022 21:13:36] /goto otorrino~
[26/5/2022 21:13:52] /c otorrino~
[26/5/2022 21:13:59] /goto otorrino~
[26/5/2022 21:14:1] /goto otorrino~
[26/5/2022 21:14:2] /goto otorrino~
[26/5/2022 21:14:3] /goto otorrino~
[26/5/2022 21:14:12] /goto otorrino~
[26/5/2022 21:14:20] /goto burning book
[26/5/2022 21:14:24] /t
[26/5/2022 21:14:26] /goto cursed ook
[26/5/2022 21:14:29] /goto cursed book
[26/5/2022 21:14:34] /goto otorrino~
[26/5/2022 21:15:0] /c otorrino~
[26/5/2022 21:15:7] /ads level, ajudante, 200
[26/5/2022 21:15:18] /ads ajudante, level, 300
[26/5/2022 21:15:20] /t
[26/5/2022 21:16:26] /reload movements
[26/5/2022 21:17:2] /i pharaot boots
[26/5/2022 21:17:9] /i bag
[26/5/2022 21:17:33] /i silver token
[26/5/2022 21:17:38] /i gold coin
[26/5/2022 21:18:24] /t
[26/5/2022 21:18:28] /i spectral bolt
[26/5/2022 21:18:55] /i pharaot hat
[26/5/2022 21:19:4] /i pally helmet
[26/5/2022 21:19:24] /i master spellbook
[26/5/2022 21:20:36] /i dreamwalker boots
[26/5/2022 21:21:17] /i pair of dreamwalkers
[26/5/2022 21:22:32] /ads otorrino~, distance, 100
[26/5/2022 21:22:54] /ads otorrino~, distance, -110
[26/5/2022 21:23:21] /ads otorrinolaringolo, distance, -100
[26/5/2022 21:23:24] /ads otorrinolaringolo, distance, -100
[26/5/2022 21:23:25] /ads otorrinolaringolo, distance, -100
[26/5/2022 21:23:38] /ads otorrino~, distance, -100
[26/5/2022 21:23:39] /ads otorrino~, distance, -100
[26/5/2022 21:23:44] /r
[26/5/2022 21:23:52] /r
[26/5/2022 21:24:28] /i spectral bolt
[26/5/2022 21:25:0] /goto otorrino~
[26/5/2022 21:25:44] /i spectral bolt
[26/5/2022 21:25:50] /i spectral bolt
[26/5/2022 21:26:34] /reload movements
[26/5/2022 21:28:7] /ads otorrino~, magic, 10
[26/5/2022 21:28:14] /ads otorrino~, magic, 5
[26/5/2022 21:28:21] /ads otorrino~, magic, 3
[26/5/2022 21:29:18] /ads invertebrado, level, 200
[26/5/2022 21:29:40] /ads invertebrado, distanc~, 50
[26/5/2022 21:29:46] /ads invertebrado, distance, 5
[26/5/2022 21:31:7] /ads fabio, magic, 100
[26/5/2022 21:35:57] /i great mana potion
[26/5/2022 21:36:6] /i great mana potion
[26/5/2022 21:36:7] /i great mana potion
[26/5/2022 21:38:17] /t fabio~
[26/5/2022 21:38:25] /r
[26/5/2022 21:38:52] /n isis
[26/5/2022 21:38:55] /npc isis
[26/5/2022 21:38:59] /npc Isis
[26/5/2022 21:39:2] /goto isis
[26/5/2022 21:39:14] /c otorrino~
[26/5/2022 21:39:24] /c invert~
[26/5/2022 21:39:28] /c fabio
[26/5/2022 21:40:2] /i food
[26/5/2022 21:40:5] /i ham
[26/5/2022 21:40:31] /goto otorrino~
[26/5/2022 21:40:42] /goto otorrino~
[26/5/2022 21:40:47] /c Isis
[26/5/2022 21:40:52] /c fab~
[26/5/2022 21:41:48] /goto otorrino~
[26/5/2022 21:42:22] /c fab~
[26/5/2022 21:42:51] /goto otorrino~
[26/5/2022 21:43:1] /c inverteb~
[26/5/2022 21:43:6] /goto fab~
[26/5/2022 21:43:8] /c inverteb~
[26/5/2022 21:43:31] /c invert~
[26/5/2022 21:47:16] /goto fabio
[26/5/2022 21:47:18] /c otorrin~
[26/5/2022 21:47:21] /c invert~
[26/5/2022 21:47:56] /ads invert~, magic, 15
[26/5/2022 21:48:5] /ads invert~, magic, 7
[26/5/2022 21:48:7] /ads invert~, magic, 3
[26/5/2022 21:48:30] /goto invet~
[26/5/2022 21:48:33] /goto invet~
[26/5/2022 21:48:42] /goto invert~
[26/5/2022 21:48:55] /i soulpiercer
[26/5/2022 21:49:10] /i spectral bolt
[26/5/2022 21:49:11] /i spectral bolt
[26/5/2022 21:49:20] /c invert~
[26/5/2022 21:49:28] /c fab~
[26/5/2022 22:1:46] /t
[26/5/2022 22:2:15] /ads invert~, distance, 50
[26/5/2022 22:2:25] /ads invert~, distance, 10
[26/5/2022 22:4:31] /reload npc
[26/5/2022 22:6:41] /reload npc
[26/5/2022 22:7:19] /reload npc
[26/5/2022 22:7:20] /reload npc
[26/5/2022 22:16:14] /goto 2131,5717,7
[26/5/2022 22:16:17] /goto 2131,5717,8
[26/5/2022 22:16:19] /goto 2131,5717,7
[26/5/2022 22:16:20] /goto 2131,5717,6
[26/5/2022 22:16:41] /goto 449,3199,6
[26/5/2022 22:16:46] /goto 2131,5717,6
[26/5/2022 22:16:47] /goto 2131,5717,6
[26/5/2022 22:16:49] /goto 449,3199,6
[26/5/2022 22:27:28] /t
[26/5/2022 22:27:33] /up
[26/5/2022 22:27:34] /up
[26/5/2022 22:27:49] /i diamond coin
[26/5/2022 22:28:57] /reload ncp
[26/5/2022 22:28:59] /reload npc
[26/5/2022 22:29:27] /i diamond arrow
[26/5/2022 22:30:18] /reload npc
[26/5/2022 22:31:7] /i backpack
[26/5/2022 22:32:48] /goto 449,3199,6
[26/5/2022 22:32:51] /goto 449,3199,6
[26/5/2022 22:32:53] /goto 449,3199,6
[26/5/2022 22:33:8] /goto 196,2987,6
[26/5/2022 22:34:37] /reload monster
[26/5/2022 22:35:24] /goto 196,2987,6
[26/5/2022 22:36:22] /reload npc
[26/5/2022 22:38:19] /goto invert~
[26/5/2022 22:39:12] /reload monster
[26/5/2022 22:39:32] /r
[26/5/2022 22:39:35] /c disoss~
[26/5/2022 22:39:40] /c invert~
[26/5/2022 22:41:6] /reload monster
[26/5/2022 22:41:51] /reload monster
[26/5/2022 22:43:0] /goto osiris
[26/5/2022 22:43:5] /reload npc
[26/5/2022 22:45:5] /reload npc
[26/5/2022 22:45:22] /goto invert~
[26/5/2022 22:45:36] /goto invert~
[26/5/2022 22:45:38] /goto invert~
[26/5/2022 22:46:39] /i falcon coif
[26/5/2022 22:47:8] /i falcon breeches
[26/5/2022 22:47:11] /i falcon breches
[26/5/2022 22:47:14] /i falcon greaves
[26/5/2022 22:47:18] /i falcon bow
[26/5/2022 22:47:25] /i falcon shield
[26/5/2022 22:47:33] /i falcon plate
[26/5/2022 22:47:49] /i pharaot bow
[26/5/2022 22:48:6] /i golden bow
[26/5/2022 22:54:41] /reload npc
[26/5/2022 22:58:50] /goto isis
[26/5/2022 22:58:59] /reload npc
[26/5/2022 23:2:34] /reload npc
[26/5/2022 23:5:39] /goto otorri~
[26/5/2022 23:5:47] /goto porrç 
[26/5/2022 23:5:50] /goto porrç~
[26/5/2022 23:5:53] /goto porr~
[26/5/2022 23:6:4] /t
[26/5/2022 23:6:12] /goto porr~
[26/5/2022 23:6:14] /goto porr~
[26/5/2022 23:6:15] /goto porr~
[26/5/2022 23:6:16] /goto porr~
[26/5/2022 23:6:17] /goto porr~
[26/5/2022 23:6:18] /goto porr~
[26/5/2022 23:6:19] /goto porr~
[26/5/2022 23:6:20] /goto porr~
[26/5/2022 23:6:21] /goto porr~
[26/5/2022 23:7:6] /goto porr~
[26/5/2022 23:7:8] /goto porr~
[26/5/2022 23:7:9] /goto porr~
[26/5/2022 23:7:51] /goto porr~
[26/5/2022 23:8:39] /t
[26/5/2022 23:9:22] /goto porr~
[26/5/2022 23:10:46] /goto porr~
[26/5/2022 23:11:38] /goto porr~
[26/5/2022 23:16:28] /goto porr~
[26/5/2022 23:18:57] /t
[26/5/2022 23:19:11] /goto porr~
[26/5/2022 23:19:26] /t
[26/5/2022 23:20:27] /goto porr~
[26/5/2022 23:20:34] /goto porr~
[26/5/2022 23:20:46] /goto invert~
[26/5/2022 23:21:13] /goto invert~
[26/5/2022 23:21:14] /goto invert~
[26/5/2022 23:21:15] /goto invert~
[26/5/2022 23:21:16] /goto invert~
[26/5/2022 23:21:17] /goto invert~
[26/5/2022 23:21:17] /goto invert~
[26/5/2022 23:21:24] /goto invert~
[26/5/2022 23:21:27] /goto porr~
[26/5/2022 23:23:28] /goto porr~
[26/5/2022 23:23:49] /goto porr~
[26/5/2022 23:24:27] /goto porr~
[26/5/2022 23:46:11] /i quiver
[26/5/2022 23:46:20] /i arrow
[26/5/2022 23:46:25] /i infernal bolt
[26/5/2022 23:46:30] /m monk
[26/5/2022 23:46:44] /i bow
[26/5/2022 23:51:59] /shutdown
[26/5/2022 23:59:14] /m monk
[27/5/2022 11:19:3] /t
[27/5/2022 11:19:58] /i crystal coin
[27/5/2022 11:21:7] /m goblin
[27/5/2022 11:21:37] /m goblin
[27/5/2022 11:21:38] /m goblin
[27/5/2022 11:23:33] /m crocodile
[27/5/2022 11:23:41] /m crocodile
[27/5/2022 11:23:45] /m crocodile
[27/5/2022 11:24:14] /m goblin leader
[27/5/2022 11:24:15] /m goblin leader
[27/5/2022 11:24:16] /m goblin leader
[27/5/2022 11:24:26] /m goblin leader
[27/5/2022 11:24:31] /m goblin assassin
[27/5/2022 11:25:28] /m dwarf
[27/5/2022 11:25:29] /m dwarf
[27/5/2022 11:25:41] /m dwarf
[27/5/2022 11:25:42] /m dwarf
[27/5/2022 11:26:9] /m dwarf
[27/5/2022 11:26:14] /m dwarf guard
[27/5/2022 11:26:20] /m dwarf soldier
[27/5/2022 11:26:28] /m dwarf geomancer
[27/5/2022 11:26:45] /m crocodile
[27/5/2022 11:26:50] /m crocodile
[27/5/2022 11:27:35] /m dwarf
[27/5/2022 11:27:41] /shutdown
[27/5/2022 11:30:38] /m elf
[27/5/2022 11:30:49] /m goblin
[27/5/2022 11:31:37] /m goblin
[27/5/2022 11:31:42] /m goblin
[27/5/2022 11:31:47] /m goblin assassin
[27/5/2022 11:31:55] /m goblin guard
[27/5/2022 11:36:21] /openserver
[27/5/2022 11:38:56] /m goblin
[27/5/2022 11:38:56] /m goblin
[27/5/2022 11:38:56] /m goblin
[27/5/2022 11:38:56] /m goblin
[27/5/2022 11:38:57] /m goblin
[27/5/2022 11:40:15] /i 13091
[27/5/2022 11:40:59] /i 13092
[27/5/2022 11:41:0] /i 13092
[27/5/2022 11:41:11] /i sword
[27/5/2022 11:44:29] /i 13093
[27/5/2022 11:44:30] /i 13093
[27/5/2022 11:44:32] /i 13094
[27/5/2022 11:44:34] /i 13095
[27/5/2022 11:44:36] /i 13096
[27/5/2022 11:44:38] /i 13097
[27/5/2022 11:44:42] /i 13097
[27/5/2022 11:44:46] /i 13097
[27/5/2022 11:44:50] /i 13098
[27/5/2022 11:44:56] /m training monk
[27/5/2022 11:47:47] /openserver
[27/5/2022 11:48:44] /m goblin
[27/5/2022 20:5:6] /ghost
[27/5/2022 20:5:26] /light
[27/5/2022 20:5:36] /t yago mata preto
[27/5/2022 20:6:0] /t yago mata preto/t
[27/5/2022 20:6:1] /t
[27/5/2022 20:6:11] /r
[27/5/2022 20:6:12] /r
[27/5/2022 20:6:15] /r
[27/5/2022 20:6:18] /r
[27/5/2022 20:6:19] /r
[27/5/2022 20:6:20] /r
[27/5/2022 20:6:24] /r
[27/5/2022 20:6:25] /r
[27/5/2022 20:6:44] /t
[27/5/2022 20:6:57] /i 966
[27/5/2022 20:6:58] /i 966
[27/5/2022 20:7:2] /r
[27/5/2022 20:7:3] /r
[27/5/2022 20:7:4] /r
[27/5/2022 20:7:9] /i 966
[27/5/2022 20:7:11] /i 966
[27/5/2022 20:7:36] /i 8490
[27/5/2022 20:7:37] /t
[27/5/2022 20:7:44] /i 8490
[27/5/2022 20:7:48] /i 8490
[27/5/2022 20:7:49] /i 8490
[27/5/2022 20:7:52] /r
[27/5/2022 20:7:55] /r
[27/5/2022 20:8:9] /i 8494
[27/5/2022 20:8:21] /i 8494
[27/5/2022 20:8:24] /i 8494
[27/5/2022 20:8:34] /i 8489
[27/5/2022 20:8:42] /i 8477
[27/5/2022 20:8:56] /i 9146
[27/5/2022 20:9:3] /i 8490
[27/5/2022 20:9:9] /i 8490
[27/5/2022 20:9:16] /i 8494
[27/5/2022 20:9:18] /i 8494
[27/5/2022 20:9:25] /i 8490
[27/5/2022 20:9:34] /i 8489
[27/5/2022 20:9:39] /down
[27/5/2022 20:10:10] /goto ping~
[27/5/2022 20:10:41] /t
[27/5/2022 20:10:51] /ads ajud~, level, 400
[27/5/2022 20:11:36] /r
[27/5/2022 20:11:37] /r
[27/5/2022 20:11:43] /i 966
[27/5/2022 20:11:45] /i 966
[27/5/2022 20:11:46] /i 966
[27/5/2022 20:11:48] /i 966
[27/5/2022 20:11:50] /i 966
[27/5/2022 20:11:51] /i 966
[27/5/2022 20:12:1] /i 5772
[27/5/2022 20:12:8] /i 5772
[27/5/2022 20:12:9] /i 5772
[27/5/2022 20:12:10] /i 5772
[27/5/2022 20:12:11] /i 5772
[27/5/2022 20:12:11] /i 5772
[27/5/2022 20:12:12] /i 5772
[27/5/2022 20:12:13] /i 5772
[27/5/2022 20:12:24] /down
[27/5/2022 20:14:59] /goto Alahhu Akbar
[27/5/2022 20:15:3] /t
[27/5/2022 20:18:22] /a 400
[27/5/2022 20:18:26] /a 100
[27/5/2022 20:18:28] /up
[27/5/2022 20:18:38] /i 8557
[27/5/2022 20:18:44] /attr action 1008
[27/5/2022 20:19:14] /t
[27/5/2022 20:21:51] /i 12731
[27/5/2022 20:22:4] /i 13359
[27/5/2022 20:22:11] /i 12730
[27/5/2022 20:22:16] /i 13358
[27/5/2022 20:26:1] /goto sangue na~
[27/5/2022 20:26:51] /reload config
[27/5/2022 20:30:27] /goto sangue na~
[27/5/2022 20:30:35] /t sangue na~
[27/5/2022 20:30:40] /up
[27/5/2022 20:30:45] /up
[27/5/2022 20:30:46] /up
[27/5/2022 20:30:50] /up
[27/5/2022 20:30:52] /r
[27/5/2022 20:31:40] /i 2768
[27/5/2022 20:31:41] /i 2768
[27/5/2022 20:31:42] /i 2768
[27/5/2022 20:31:43] /i 2768
[27/5/2022 20:32:34] /i 12730
[27/5/2022 20:32:40] /i 8557
[27/5/2022 20:32:48] /attr 1008
[27/5/2022 20:32:51] /t
[27/5/2022 20:32:59] /goto cobra scout
[27/5/2022 20:33:32] /i 8557
[27/5/2022 20:33:37] /attr action 1008
[27/5/2022 20:33:59] /i 8557
[27/5/2022 20:34:4] /attr action 1300
[27/5/2022 20:34:16] /t
[27/5/2022 20:34:25] /goto cobra scout
[27/5/2022 20:34:44] /goto cobra scout
[27/5/2022 20:35:28] /i 1227
[27/5/2022 20:35:34] /attr action 1300
[27/5/2022 20:36:11] /i 8557
[27/5/2022 20:45:13] /goto Roxxz
[27/5/2022 20:57:8] /ads toaq prajudar, level, 70
[27/5/2022 22:16:24] /goto Estou Chegando
[27/5/2022 22:16:45] /goto Estou Chegando
[27/5/2022 22:19:28] /goto Estou Chegando
[27/5/2022 22:19:39] /t
[27/5/2022 22:20:15] /goto Estou Chegando
[27/5/2022 22:23:50] /goto Iago Faria
[27/5/2022 22:24:17] /goto Estou Chegando
[27/5/2022 22:24:24] /goto Iago Faria
[27/5/2022 22:40:28] /t
[27/5/2022 22:40:32] /up
[27/5/2022 22:42:29] /goto red skull
[27/5/2022 22:44:1] /goto red skull
[27/5/2022 22:44:17] /goto xodet
[27/5/2022 22:44:23] /goto red skull
[27/5/2022 22:45:12] /reload npc
[27/5/2022 22:48:5] /i mary point
[27/5/2022 22:53:43] /reload npc
[27/5/2022 22:56:41] /i guardian amulet
[27/5/2022 22:56:45] /i necro amulet
[27/5/2022 22:56:49] /i divine amulet
[27/5/2022 22:56:52] /r
[27/5/2022 23:7:52] /reload config
[27/5/2022 23:8:12] /reload config
[27/5/2022 23:12:10] /goto Lelinho Lava Jato 
[27/5/2022 23:12:30] /r
[27/5/2022 23:12:36] /npc Osiris
[27/5/2022 23:12:39] /npc Osiris
[27/5/2022 23:12:46] /npc Captain Bluebear
[27/5/2022 23:13:31] /npc Gust
[27/5/2022 23:13:41] /r
[27/5/2022 23:15:12] /goto eddin~
[27/5/2022 23:15:37] /goto lelinho lav~
[27/5/2022 23:16:36] /t
[27/5/2022 23:17:47] /goto goblin
[27/5/2022 23:17:56] /goto setting r~
[27/5/2022 23:17:59] /goto goblin
[27/5/2022 23:18:4] /c setting rull~
[27/5/2022 23:18:29] /goto goblin
[27/5/2022 23:18:36] /goto goblin
[27/5/2022 23:18:38] /goto goblin
[27/5/2022 23:18:51] /goto goblin
[27/5/2022 23:18:56] /goto goblin
[27/5/2022 23:18:58] /goto goblin
[27/5/2022 23:19:7] /c setting rull~
[27/5/2022 23:20:16] /goto setting rull~
[27/5/2022 23:20:31] /goto goblin
[27/5/2022 23:20:34] /goto goblin
[27/5/2022 23:20:37] /goto goblin
[27/5/2022 23:20:39] /goto goblin
[27/5/2022 23:20:42] /goto goblin
[27/5/2022 23:20:44] /goto goblin
[27/5/2022 23:20:47] /goto goblin
[27/5/2022 23:20:50] /goto goblin
[27/5/2022 23:20:54] /goto goblin
[27/5/2022 23:20:56] /goto goblin
[27/5/2022 23:20:59] /goto goblin
[27/5/2022 23:21:0] /goto goblin
[27/5/2022 23:21:2] /goto goblin
[27/5/2022 23:21:4] /goto goblin
[27/5/2022 23:21:6] /goto goblin
[27/5/2022 23:21:53] /goto setting r~
[28/5/2022 1:12:16] /i eldritch cowl
[28/5/2022 1:20:56] /i wand of cosmic energy
[28/5/2022 1:21:56] /i wand of starstorm
[28/5/2022 1:22:20] /i wand of dragonbreach
[28/5/2022 1:22:33] /i wand of dragonbreath
[28/5/2022 1:26:17] /goto Jackinho
[28/5/2022 1:39:31] /goto alptramun
[28/5/2022 1:51:29] /m king zelos
[28/5/2022 1:53:49] /i soulshredder
[28/5/2022 1:54:39] /i soulbastion
[28/5/2022 1:58:38] /goto cobra scout
[28/5/2022 1:59:25] /m ferumbras
[28/5/2022 1:59:29] /m elf
[28/5/2022 1:59:29] /m elf
[28/5/2022 1:59:29] /m elf
[28/5/2022 1:59:29] /m elf
[28/5/2022 1:59:29] /m elf
[28/5/2022 1:59:29] /m elf
[28/5/2022 1:59:30] /m elf
[28/5/2022 1:59:30] /m elf
[28/5/2022 1:59:30] /m elf
[28/5/2022 1:59:30] /m elf
[28/5/2022 1:59:30] /m elf
[28/5/2022 1:59:30] /m elf
[28/5/2022 1:59:46] /i soulcutter
[28/5/2022 2:1:49] /helpmute toaq prajudar, 10
[28/5/2022 2:1:55] /helpmute toaq p~, 10
[28/5/2022 2:2:7] /helpmute toq prajudar, 20
[28/5/2022 2:3:39] !emotespells on
[28/5/2022 2:9:19] /t
[28/5/2022 2:26:55] /goto Thor Asgard
[28/5/2022 2:26:57] /goto Thor Asgard
[28/5/2022 2:28:20] /goto Thor de asgard
[28/5/2022 2:32:43] /goto thor de asgard
[28/5/2022 2:33:39] /goto thor de asgard
[28/5/2022 2:34:22] /goto Thor de asgard
[28/5/2022 2:34:34] /t thor~
[28/5/2022 2:38:53] /t fabio leandro
[28/5/2022 2:39:9] /t fabio leandro
[28/5/2022 2:39:26] /goto 65,266,9
[28/5/2022 2:41:23] /goto 42,262,8
[28/5/2022 2:41:26] /up
[28/5/2022 2:41:37] /goto 42,262,10
[28/5/2022 2:50:16] /c fabio leandro
[28/5/2022 3:40:9] /reload config
[28/5/2022 3:43:45] /reload config
[28/5/2022 16:18:20] /goto Hollywood
[28/5/2022 16:20:44] /goto toq pra~
[28/5/2022 16:20:49] /i 13212
[28/5/2022 16:26:55] /t
[28/5/2022 16:27:16] /goto Hollywood
[28/5/2022 16:30:56] /t
[28/5/2022 16:31:7] /goto isis
[28/5/2022 17:32:26] /t
[28/5/2022 17:32:31] /up
[28/5/2022 17:32:46] /r
[28/5/2022 17:33:57] /r
[28/5/2022 17:34:0] /r
[28/5/2022 17:34:3] /r
[28/5/2022 17:34:9] /r
[28/5/2022 17:34:13] /r
[28/5/2022 17:34:15] /r
[28/5/2022 17:34:28] /kick aleh um
[28/5/2022 17:51:5] /i sudden death rune
[28/5/2022 17:51:43] /i sudden death rune
[28/5/2022 17:51:55] /i paralyze rune
[28/5/2022 17:52:5] /i magic wall rune
[28/5/2022 22:49:50] /goto gortiinho a~
[28/5/2022 22:49:57] /goto gortiinho a~
[28/5/2022 22:50:1] /goto gortiinho analista
[28/5/2022 22:50:8] /goto gordiinho an~
[28/5/2022 22:50:29] /mute gordiinho ana~, 3600
[28/5/2022 23:7:37] /goto crocodile
[28/5/2022 23:8:41] /goto crocodile
[28/5/2022 23:12:7] /goto crocodile
[28/5/2022 23:12:12] /goto crocodile
[29/5/2022 3:50:3] /goto crocodile/t
[29/5/2022 3:50:7] /t
[29/5/2022 16:38:57] /goto kanguroo~
[29/5/2022 16:39:1] /goto kanguro~
[29/5/2022 16:39:41] /t kanguro~
[29/5/2022 16:39:55] /goto kanguro~
[29/5/2022 16:40:0] /goto kanguro k~
[29/5/2022 16:40:11] /i backpack
[29/5/2022 16:40:26] /i divine amulet
[29/5/2022 17:7:48] /i 10914
[29/5/2022 17:50:22] /goto Golden State
[29/5/2022 17:51:56] /npc Osiris
[29/5/2022 17:51:58] /npc Osiris
[29/5/2022 17:52:4] /npc Captain Bluebear
[29/5/2022 17:52:6] /t
[29/5/2022 17:52:37] /goto number one
[29/5/2022 18:19:55] /goto not icons
[29/5/2022 18:40:2] /c gordinho anallista
[29/5/2022 19:20:43] /i crystal coin
[29/5/2022 19:21:17] /i skull
[29/5/2022 19:24:17] /i black skull
[29/5/2022 19:41:22] /goto hero
[29/5/2022 19:52:35] /t
[29/5/2022 19:58:21] /goto passarin pk
[29/5/2022 19:58:27] /i diamond coin
[29/5/2022 20:44:22] /t
[29/5/2022 21:44:28] /goto warning stop
[29/5/2022 23:2:15] /goto guild castle
[29/5/2022 23:2:19] /goto castle guild
[30/5/2022 0:52:7] /t
[30/5/2022 13:53:14] /r
[30/5/2022 13:53:17] /r
[30/5/2022 13:53:23] /r
[30/5/2022 14:7:36] /i 7443
[30/5/2022 14:7:49] /reload monster
[30/5/2022 14:8:12] /goto yakchal
[30/5/2022 14:8:25] /t
[30/5/2022 14:21:18] /goto sunblade
[30/5/2022 14:22:36] /goto sunblade
[30/5/2022 14:26:56] /goto sunblade
[30/5/2022 14:28:6] /goto sunblade
[30/5/2022 14:28:13] /goto sunblade
[30/5/2022 14:54:35] /goto sunblade
[30/5/2022 14:54:54] /t
[30/5/2022 16:22:41] /goto sunblade
[30/5/2022 16:22:44] /t
[30/5/2022 17:10:50] /attr action 0
[30/5/2022 17:11:5] /attr action 0
[30/5/2022 17:19:46] /goto 674,2301,10
[30/5/2022 17:39:22] /t
[30/5/2022 17:48:5] /goto void
[30/5/2022 17:48:10] /goto void
[30/5/2022 17:48:13] /t
[30/5/2022 17:48:58] /reload monster
[30/5/2022 17:51:39] /goto void
[30/5/2022 18:19:50] /info guizera on t~
[30/5/2022 18:21:6] /goto Nightcrawlerll
[30/5/2022 18:26:27] /goto sundable
[30/5/2022 18:26:31] /goto sunblade
[30/5/2022 18:26:32] /t
[30/5/2022 18:26:35] /t sunblade
[30/5/2022 18:26:42] /goto sunblade
[30/5/2022 18:26:44] /goto sunblade
[30/5/2022 18:26:45] /goto sunblade
[30/5/2022 18:26:49] /goto sunblade
[30/5/2022 18:26:51] /goto sunblade
[30/5/2022 18:26:54] /goto sunblade
[30/5/2022 18:26:55] /goto sunblade
[30/5/2022 18:26:58] /goto sunblade
[30/5/2022 18:27:2] /goto sunblade
[30/5/2022 18:27:4] /goto sunblade
[30/5/2022 18:27:6] /goto sunblade
[30/5/2022 18:27:8] /goto sunblade
[30/5/2022 18:27:10] /goto sunblade
[30/5/2022 18:27:12] /goto sunblade
[30/5/2022 18:27:13] /goto sunblade
[30/5/2022 18:27:18] /goto sunblade
[30/5/2022 18:27:38] /goto sunblade
[30/5/2022 18:27:55] /goto sunblade
[30/5/2022 18:28:9] /goto sunblade
[30/5/2022 18:28:10] /goto sunblade
[30/5/2022 18:28:12] /goto sunblade
[30/5/2022 18:28:14] /goto sunblade
[30/5/2022 18:28:16] /goto sunblade
[30/5/2022 18:28:17] /goto sunblade
[30/5/2022 18:28:19] /goto sunblade
[30/5/2022 18:28:24] /goto sunblade
[30/5/2022 18:28:26] /goto sunblade
[30/5/2022 18:28:31] /goto sunblade
[30/5/2022 18:28:33] /goto sunblade
[30/5/2022 18:29:41] /t sundable
[30/5/2022 18:29:46] /t sunblade
[30/5/2022 18:30:36] /reload monster
[30/5/2022 18:30:55] /t
[30/5/2022 18:31:0] /goto elder wyrm
[30/5/2022 18:32:37] /t
[30/5/2022 18:33:42] /goto elder wyrm
[30/5/2022 18:34:3] /t
[30/5/2022 18:42:15] /t
[30/5/2022 19:12:3] /goto xupaqui
[30/5/2022 19:12:8] /i sudden death rune
[30/5/2022 19:12:17] /i sudden death rune
[30/5/2022 19:12:18] /i sudden death rune
[30/5/2022 19:12:22] /i sudden death rune
[30/5/2022 19:12:36] /i sudden death rune
[30/5/2022 19:12:37] /i sudden death rune
[30/5/2022 19:12:38] /i sudden death rune
[30/5/2022 19:12:43] /i sudden death rune
[30/5/2022 19:12:44] /i sudden death rune
[30/5/2022 19:12:44] /i sudden death rune
[30/5/2022 19:32:43] /i 6249
[30/5/2022 19:32:47] /r
[30/5/2022 19:33:1] /goto 2037,6189,7
[30/5/2022 19:38:5] /goto Ddex Megastar
[30/5/2022 19:38:49] /t ddex mega~
[30/5/2022 19:53:58] /t
[30/5/2022 20:22:5] /r
[30/5/2022 20:22:7] /r
[30/5/2022 20:22:13] /i soulskull backpack
[30/5/2022 20:22:28] /i 13402
[30/5/2022 20:23:10] /i 13401
[30/5/2022 20:23:15] /i 13405
[30/5/2022 20:23:27] /i 13400
[30/5/2022 20:23:33] /i 13409
[30/5/2022 20:23:57] /i 13407
[30/5/2022 20:25:28] /i 13403
[30/5/2022 20:25:37] /i 13410
[30/5/2022 20:25:54] /i 13405
[30/5/2022 20:26:5] /i 13425
[30/5/2022 20:26:28] /i 13408
[30/5/2022 20:26:41] /i 13406
[30/5/2022 20:26:48] /i 13404
[30/5/2022 20:27:7] /i 13426
[30/5/2022 20:27:33] /i 13427
[30/5/2022 20:27:50] /i 13402
[30/5/2022 20:28:4] /i 13401
[30/5/2022 20:31:56] /light
[30/5/2022 20:53:8] /t
[30/5/2022 21:45:19] /c vinicius hr
[30/5/2022 21:45:32] /c vinicius hr
[30/5/2022 21:45:34] /c vinicius jr
[30/5/2022 21:45:43] /c vinicius jr
[30/5/2022 21:46:9] /goto Lelinho Love
[30/5/2022 21:46:32] /up
[30/5/2022 21:46:33] /up
[30/5/2022 21:46:50] /t
[30/5/2022 23:42:52] /goto lelinho love
[30/5/2022 23:45:4] /clean
[30/5/2022 23:47:39] /i backpack
[30/5/2022 23:58:21] /ads toq praj~, level, 5
[30/5/2022 23:59:42] /mute Cryzydark, 3600
[31/5/2022 0:1:43] /mute Darllan Boyzao, 3600
[31/5/2022 0:2:47] /goto Warning Stop
[31/5/2022 0:10:43] /t
[31/5/2022 0:11:33] /mute loll, 360000
