[18/11/2023 10:29:40] !aol
[19/11/2023 15:41:9] !aol
[19/11/2023 22:29:51] !aol
[19/11/2023 23:25:14] !aol
[20/11/2023 7:51:23] !aol
[20/11/2023 11:48:41] !aol
[20/11/2023 13:30:6] !buyhouse
[20/11/2023 13:30:17] !leavehouse
[20/11/2023 13:30:42] !buyhouse
[20/11/2023 13:30:48] !eject
[20/11/2023 13:31:46] !buyhouse
[20/11/2023 13:32:2] !eject
[20/11/2023 13:32:9] !buyhouse
[20/11/2023 15:33:22] !aol
[20/11/2023 16:36:18] !aol
[20/11/2023 20:2:40] !aol
[20/11/2023 21:26:30] !aol
[21/11/2023 0:36:18] !aol
[23/11/2023 17:45:12] !buyhouse
[23/11/2023 22:7:54] !aol
[1/12/2023 22:0:12] !online
