[1/6/2022 11:51:14] !aol
[1/6/2022 12:26:53] !aol
[1/6/2022 12:30:51] !aol
[1/6/2022 14:47:8] !emotespells
[1/6/2022 20:37:3] !online
[2/6/2022 0:49:47] 
[2/6/2022 0:53:44] 
[2/6/2022 2:35:43] 
[2/6/2022 5:8:3] !emotespells on
[2/6/2022 9:29:15] 
[2/6/2022 17:56:20] 
[3/6/2022 9:35:5] !frags
[3/6/2022 10:5:17] 
[3/6/2022 10:7:40] 
[3/6/2022 20:30:39] !frags
[3/6/2022 20:31:49] 
[3/6/2022 20:32:5] 
[4/6/2022 0:23:23] 
[4/6/2022 0:26:23] 
[4/6/2022 0:28:23] 
[4/6/2022 11:21:53] 
[4/6/2022 11:23:3] 
[4/6/2022 13:26:46] 
[4/6/2022 13:27:54] 
[4/6/2022 17:11:5] 
[6/6/2022 18:10:2] 
[7/6/2022 0:1:30] 
[7/6/2022 9:26:39] 
[7/6/2022 9:27:16] 
[7/6/2022 15:14:40] 
[7/6/2022 15:17:17] 
[7/6/2022 16:44:17] 
[7/6/2022 16:44:40] 
