[11/12/2021 20:36:46] !aol
[11/12/2021 20:39:9] !emotespells on
[12/12/2021 10:33:25] !aol
[12/12/2021 20:11:59] !buyhouse
[12/12/2021 20:12:4] aleta sio
[12/12/2021 20:12:41] aleta som
[12/12/2021 20:12:45] aleta grav
[12/12/2021 23:55:50] !aol
[14/12/2021 13:41:33] !protecthouse
[14/12/2021 13:41:36] !protecthouse off
[14/12/2021 15:32:38] 
[14/12/2021 17:8:22] !aol
[14/12/2021 17:14:4] !aol
[14/12/2021 17:19:11] !doubleexp
[14/12/2021 17:19:15] !doubleexp
[14/12/2021 18:7:1] 
[14/12/2021 18:7:13] 
[14/12/2021 19:28:32] !aol
[14/12/2021 19:41:27] !aol
[14/12/2021 21:22:31] !aol
[15/12/2021 0:32:26] !aol
[15/12/2021 11:11:24] 
[15/12/2021 17:20:5] !aol
[15/12/2021 17:23:39] !aol
[15/12/2021 17:25:52] !aol
[15/12/2021 17:25:57] !aol
[16/12/2021 11:46:6] !aol
[16/12/2021 23:6:34] !aol
[16/12/2021 23:23:7] !aol
[16/12/2021 23:30:26] !aol
[16/12/2021 23:33:19] !aol
[17/12/2021 6:43:43] !aol
[17/12/2021 20:18:48] !aol
[17/12/2021 20:30:42] !aol
[17/12/2021 20:50:20] !aol
[17/12/2021 21:46:19] !aol
[17/12/2021 22:44:53] !aol
[18/12/2021 8:36:38] !aol
[18/12/2021 8:41:50] !addon oriental
[18/12/2021 8:42:7] !wand death
[18/12/2021 9:5:45] !aol
[18/12/2021 11:38:38] !aol
[18/12/2021 13:53:43] !aol
[18/12/2021 21:16:48] !aol
[18/12/2021 21:16:52] 
[19/12/2021 1:30:39] !aol
[19/12/2021 1:30:51] 
[19/12/2021 11:20:14] !aol
[19/12/2021 14:6:22] !aol
[19/12/2021 15:11:15] 
[19/12/2021 15:11:17] !aol
[19/12/2021 15:14:33] !aol
[19/12/2021 15:58:29] !aol
[19/12/2021 17:27:38] 
[19/12/2021 17:50:13] !aol
[19/12/2021 19:15:32] !aol
[19/12/2021 19:15:49] !aol
[19/12/2021 21:1:31] !aol
[19/12/2021 21:10:3] !aol
[19/12/2021 21:10:15] !aol
[20/12/2021 6:37:28] !aol
