[20/2/2022 13:52:25] !aol
[20/2/2022 14:30:28] !aol
[20/2/2022 14:32:15] !aol
[20/2/2022 14:39:22] !aol
[20/2/2022 15:58:13] !aol
[20/2/2022 21:28:7] !aol
[20/2/2022 22:12:41] !addon mage
[20/2/2022 22:15:46] !addon Brotherhood
[21/2/2022 7:17:27] !aol
[21/2/2022 18:31:15] !aol
[21/2/2022 19:35:0] !aol
[21/2/2022 21:41:39] !aol
[23/2/2022 20:3:26] !aol
[23/2/2022 20:51:14] !aol
[23/2/2022 21:36:38] !aol
[23/2/2022 21:46:7] !aol
[23/2/2022 22:18:53] !aol
[24/2/2022 1:23:4] !emotespells on
[24/2/2022 21:25:15] !buyhouse
[24/2/2022 22:6:27] aleta sio
[24/2/2022 22:6:57] alana sio
[24/2/2022 22:8:38] aleta som
[25/2/2022 18:25:41] !frags
[27/2/2022 14:40:4] aleta sio
[27/2/2022 14:40:16] aleta sio
[27/2/2022 14:40:41] !protecthouse off
[27/2/2022 14:40:45] !protecthouse off.
[27/2/2022 14:41:7] aleta sio
[2/3/2022 10:19:40] !tradeoff add, 10000000
[2/3/2022 10:20:17] !tradeoff add, 10000000
[5/3/2022 13:8:7] !tradeoff remove, 5
[6/3/2022 21:35:58] !tradeoff remove, 4
[7/3/2022 18:49:49] !addon assassin
[8/3/2022 19:29:5] !serverinfo
[8/3/2022 20:59:58] !online
[9/3/2022 20:39:27] !online
[10/3/2022 16:15:53] !serverinfo
[11/3/2022 20:56:7] !online
