[1/6/2022 1:18:15] !aol
[1/6/2022 2:26:25] !aol
[1/6/2022 2:27:39] !aol
[1/6/2022 2:34:5] !aol
[1/6/2022 2:42:31] !aol
[1/6/2022 2:43:53] !aol
[1/6/2022 2:44:43] !aol
[1/6/2022 2:45:47] !aol
[1/6/2022 2:46:32] !aol
[1/6/2022 2:47:54] !aol
[1/6/2022 2:48:31] !aol
[1/6/2022 2:49:13] !aol
[1/6/2022 2:50:3] !aol
[1/6/2022 2:51:6] !aol
[1/6/2022 2:51:31] !aol
[1/6/2022 3:2:51] !aol
[1/6/2022 3:5:36] !aol
[1/6/2022 3:28:9] !buyhouse
[1/6/2022 3:28:12] !buyhouse
[1/6/2022 4:23:2] !aol
[1/6/2022 5:41:46] 
[1/6/2022 5:41:48] 
[1/6/2022 5:41:50] 
[1/6/2022 5:41:52] 
[1/6/2022 5:41:54] 
[1/6/2022 6:21:20] !aol
[1/6/2022 6:39:28] 
[1/6/2022 6:39:30] 
[1/6/2022 6:39:52] 
[1/6/2022 6:40:16] 
[1/6/2022 6:40:18] 
[1/6/2022 6:40:20] 
[1/6/2022 6:40:22] 
[1/6/2022 6:40:24] 
[1/6/2022 6:40:26] 
[1/6/2022 6:40:51] 
[1/6/2022 6:40:53] 
[1/6/2022 6:40:55] 
[1/6/2022 6:40:57] 
[1/6/2022 6:41:5] 
[1/6/2022 6:41:7] 
[1/6/2022 6:41:9] 
[1/6/2022 6:41:11] 
[1/6/2022 6:41:14] 
[1/6/2022 6:41:23] 
[1/6/2022 6:41:25] 
[1/6/2022 6:41:27] 
[1/6/2022 6:41:40] 
[1/6/2022 6:41:42] 
[1/6/2022 6:41:45] 
[1/6/2022 6:42:57] 
[1/6/2022 6:42:59] 
[1/6/2022 6:43:1] 
[1/6/2022 6:44:7] 
[1/6/2022 6:44:35] 
[1/6/2022 7:12:0] 
[1/6/2022 7:52:52] !aol
[1/6/2022 20:38:56] !aol
[2/6/2022 4:24:23] !aol
[2/6/2022 11:11:43] !aol
[2/6/2022 11:42:46] !aol
[2/6/2022 14:13:10] !aol
[2/6/2022 15:25:25] 
[2/6/2022 15:26:50] 
[2/6/2022 15:30:20] 
[2/6/2022 15:31:20] 
[2/6/2022 15:32:44] 
[2/6/2022 15:34:59] !aol
[3/6/2022 15:7:0] 
[3/6/2022 20:12:17] !aol
[3/6/2022 21:15:49] !aol
[3/6/2022 21:30:44] !aol
[4/6/2022 2:55:47] !aol
[4/6/2022 12:9:45] !aol
[4/6/2022 12:52:8] !aol
[4/6/2022 13:7:10] !aol
[4/6/2022 13:22:3] !aol
[4/6/2022 13:46:13] !aol
[4/6/2022 16:6:18] !aol
[4/6/2022 16:7:42] !aol
[4/6/2022 17:17:39] !aol
[4/6/2022 18:38:19] !aol
[5/6/2022 4:20:10] !rank
[5/6/2022 4:20:13] !rank level
[5/6/2022 4:20:24] !rank magic
[6/6/2022 1:9:53] !aol
[6/6/2022 1:10:2] !online
[6/6/2022 2:30:23] !aol
