[10/12/2021 20:18:17] !serverinfo
[10/12/2021 20:53:44] !doubleexp
[10/12/2021 20:53:46] !doubleexp
[10/12/2021 22:3:51] !serverinfo
[10/12/2021 22:10:6] !guildpoints
[10/12/2021 22:54:35] !aol
[11/12/2021 0:6:2] !wand
[11/12/2021 0:20:17] !aol
[11/12/2021 0:21:0] !aol
[11/12/2021 0:25:8] !aol
[11/12/2021 0:28:5] !aol
[11/12/2021 0:30:16] !aol
[11/12/2021 1:57:58] !frags
[11/12/2021 2:15:18] !frags
[11/12/2021 2:24:38] !frags
[11/12/2021 20:55:0] !frags
[13/12/2021 10:33:12] !aol
[13/12/2021 11:20:0] !aol
[13/12/2021 11:28:55] !frags
[13/12/2021 11:30:17] !frags
[13/12/2021 11:55:58] !frags
[13/12/2021 17:32:53] !frags
[14/12/2021 23:52:47] !frags
[15/12/2021 10:25:44] !frags
[17/12/2021 2:55:36] !rank
[17/12/2021 2:55:40] !rank level
[18/12/2021 10:14:39] !rank distance
[18/12/2021 12:11:56] !frags
[18/12/2021 13:23:3] !rank distance
[19/12/2021 0:17:15] !emotespells
[19/12/2021 0:17:18] !emotespells on
[19/12/2021 1:5:3] !frags
[19/12/2021 1:42:47] !frags
[19/12/2021 11:52:38] !emotespells
[19/12/2021 12:13:36] !serverinfo
[19/12/2021 14:12:25] !go
[19/12/2021 14:13:12] !frags
[19/12/2021 14:18:19] !frags
[21/12/2021 8:34:48] !rank distance
[25/12/2021 22:27:15] !online
