[17/2/2022 17:20:43] !emotespells on
[17/2/2022 18:26:58] !aol
[17/2/2022 19:34:33] !guildpoints
[17/2/2022 19:45:50] !guildpoints
[17/2/2022 19:46:18] !guildpoints
[17/2/2022 20:46:53] !aol
[18/2/2022 5:47:56] !guildpoints
[18/2/2022 6:30:39] !guildpoints
[18/2/2022 10:41:49] !guildpoints
[18/2/2022 11:1:55] !buyhouse
[20/2/2022 20:48:33] !eject
[20/2/2022 20:48:58] !eject
[20/2/2022 20:49:43] !eject
[20/2/2022 20:49:49] !eject
[20/2/2022 20:49:53] !eject
[20/2/2022 20:50:1] !eject
[20/2/2022 20:50:5] !eject
[20/2/2022 20:50:25] !eject
[20/2/2022 20:50:35] !eject
[20/2/2022 20:50:49] !eject
[20/2/2022 20:50:54] !eject
[20/2/2022 20:51:42] !eject
[20/2/2022 20:52:47] !eject
[20/2/2022 20:52:56] !eject
[20/2/2022 21:2:55] !buyhouse
[20/2/2022 21:3:7] !buyhouse
[20/2/2022 21:4:18] !buyhouse
[20/2/2022 21:4:22] !buyhouse
[20/2/2022 21:4:29] !buyhouse
[20/2/2022 21:4:49] !buyhouse
[20/2/2022 21:5:35] !buyhouse
[20/2/2022 21:5:58] !buyhouse
[20/2/2022 21:6:38] !buyhouse
[20/2/2022 21:8:40] aleta sio
[20/2/2022 21:9:0] aleta som
[20/2/2022 21:10:23] aleta sio
[20/2/2022 21:10:31] aleta som
