[23/2/2022 20:36:3] !aol
[23/2/2022 21:12:6] !aol
[23/2/2022 21:13:45] !aol
[23/2/2022 22:49:48] 
[23/2/2022 22:50:52] 
[24/2/2022 17:41:26] 
[24/2/2022 17:43:26] 
[24/2/2022 18:16:46] 
[24/2/2022 18:18:49] 
[24/2/2022 18:19:46] 
[24/2/2022 18:49:50] 
[24/2/2022 18:53:44] 
[24/2/2022 18:56:44] 
[24/2/2022 19:8:51] 
[24/2/2022 19:10:51] 
[24/2/2022 19:15:44] 
[24/2/2022 19:16:52] 
[24/2/2022 19:43:54] 
[24/2/2022 19:44:44] 
[24/2/2022 19:47:44] 
[24/2/2022 19:48:54] 
[24/2/2022 23:3:58] 
[24/2/2022 23:5:35] 
[25/2/2022 10:0:16] 
[25/2/2022 10:0:26] 
[25/2/2022 10:20:24] 
[25/2/2022 10:21:16] 
[25/2/2022 10:24:16] 
[25/2/2022 10:27:16] 
[25/2/2022 10:29:16] 
[25/2/2022 17:51:35] 
[25/2/2022 17:53:35] 
[25/2/2022 18:0:36] 
[25/2/2022 18:11:36] 
[25/2/2022 18:16:36] 
[25/2/2022 18:34:35] 
[25/2/2022 18:37:36] 
[25/2/2022 22:23:36] !addon mage
[25/2/2022 22:27:9] !addon warrior
[26/2/2022 16:49:44] !frags
[26/2/2022 17:8:57] 
[26/2/2022 17:9:19] 
[26/2/2022 17:36:22] 
[26/2/2022 17:36:57] 
[27/2/2022 1:11:5] 
[27/2/2022 1:14:14] 
[27/2/2022 2:10:6] 
[27/2/2022 2:11:14] 
[27/2/2022 17:26:8] 
[27/2/2022 17:28:8] 
[27/2/2022 20:0:38] 
[27/2/2022 20:4:33] 
[27/2/2022 20:5:11] 
[28/2/2022 7:18:12] 
[28/2/2022 7:21:12] 
[28/2/2022 23:17:14] 
[28/2/2022 23:18:21] 
[2/3/2022 23:2:13] 
[2/3/2022 23:7:13] 
[2/3/2022 23:18:13] 
[2/3/2022 23:20:13] 
[7/3/2022 21:9:57] !online
[8/3/2022 19:43:39] !online
[12/3/2022 10:23:22] !online
[19/3/2022 15:50:41] !online
[20/3/2022 13:7:54] !online
[20/3/2022 13:37:27] !online
