[27/12/2025 18:53:2] /goto bk Treinador
[27/12/2025 18:53:13] /goto Bk Treinador
[27/12/2025 18:53:50] /goto Bk Trainer
[27/12/2025 18:53:52] /goto Bk Trainer
[27/12/2025 18:53:53] /goto Bk Trainer
[27/12/2025 18:53:54] /goto Bk Trainer
[27/12/2025 18:53:55] /goto Bk Trainer
[27/12/2025 18:53:56] /goto Bk Trainer
[27/12/2025 18:53:57] /goto Bk Trainer
[27/12/2025 18:54:2] /r
[27/12/2025 18:54:4] /goto Bk Trainer
[27/12/2025 18:54:6] /r
[27/12/2025 18:54:12] /t
[27/12/2025 18:55:21] /t
[27/12/2025 18:58:46] /t
[27/12/2025 19:1:25] /t
[27/12/2025 19:11:53] /t
[27/12/2025 19:12:39] /i 12391
[28/12/2025 13:25:59] /reload talkactions
[28/12/2025 13:26:34] /reload talkactions
[28/12/2025 13:29:9] /reload talkactions
[28/12/2025 13:33:57] /reload talkaction
[28/12/2025 18:44:10] /t
[28/12/2025 21:26:58] /a
