[10/2/2022 20:42:31] !online
[11/2/2022 2:31:50] !rank distance
[12/2/2022 1:25:0] !rank magic
[12/2/2022 1:25:10] !rank axe
[12/2/2022 1:26:47] !rank disrance
[12/2/2022 1:28:4] !rank disranxce
[12/2/2022 7:14:55] !rank distance
[12/2/2022 11:2:3] !rank distance
[12/2/2022 11:2:21] !rank club
[12/2/2022 11:2:39] !rank club
[12/2/2022 11:2:47] !rank shield
[12/2/2022 13:39:49] !rank distance
[12/2/2022 13:40:8] !rank club
[12/2/2022 13:54:10] !rank distance
[12/2/2022 14:5:1] !rank club
[12/2/2022 15:58:11] !rank distance
[12/2/2022 18:14:53] !rank distance
[12/2/2022 19:20:28] !rank distance
[12/2/2022 20:31:49] !rank axe
[12/2/2022 20:31:54] !rank club
[12/2/2022 23:7:29] !rank distance
[12/2/2022 23:7:37] !rank distance
[12/2/2022 23:7:51] !rank club
[13/2/2022 0:54:37] !rank distance
[13/2/2022 1:3:24] !rank distance
[13/2/2022 1:11:46] !online
[13/2/2022 1:12:58] !rank distance
[13/2/2022 6:28:57] !rank distance
[13/2/2022 11:36:19] !rank distance
[13/2/2022 12:30:31] !online
[13/2/2022 15:2:27] !serverinfo
[13/2/2022 16:31:12] !rank distance
[13/2/2022 17:50:40] !rank distance
[13/2/2022 18:49:9] !rank distance
[13/2/2022 18:51:34] !rank club
[13/2/2022 20:11:19] !rank distance
[13/2/2022 20:18:51] !rank axe
[13/2/2022 21:44:48] !rank distance
[13/2/2022 22:18:5] !rank level
[13/2/2022 22:28:56] !emotespells
[13/2/2022 22:29:4] !emotespells on
[13/2/2022 22:40:47] !rank club
[13/2/2022 22:54:15] !guildpoints
[13/2/2022 23:6:5] !guildpoints
[14/2/2022 0:17:11] !rank distance
[14/2/2022 4:53:21] !rank distance
[14/2/2022 11:48:15] !rank distance
[14/2/2022 11:49:56] !rank club
[14/2/2022 14:50:15] !serverinfo
[14/2/2022 16:14:10] !rank level
[14/2/2022 17:30:2] !rank distance
[14/2/2022 18:31:8] !rank distance
[14/2/2022 19:17:15] !rank club
[14/2/2022 19:50:49] !rank distance
[14/2/2022 20:50:4] !rank distance
[14/2/2022 21:27:4] !rank distance
[14/2/2022 21:59:11] !rank distance
[15/2/2022 8:7:34] !rank distance
[15/2/2022 9:41:19] !rank distance
[15/2/2022 9:41:28] !rank distance
[15/2/2022 11:34:5] !rank distance
[15/2/2022 12:51:2] !rank club
[15/2/2022 12:51:8] !rank distance
[15/2/2022 12:55:53] !rank distance
[15/2/2022 13:55:31] !rank distance
[15/2/2022 15:9:18] !rank distance
[15/2/2022 15:26:45] !rank distance
[15/2/2022 16:31:14] !rank distance
[15/2/2022 17:2:4] !rank distance
[15/2/2022 18:46:54] !rank distance
[15/2/2022 21:9:37] !rank distance
[16/2/2022 9:50:53] !rank distance
[16/2/2022 12:16:14] !rank distance
[16/2/2022 12:17:20] !rank shield
[16/2/2022 12:21:58] !rank shield
[16/2/2022 12:22:8] !rank distance
[16/2/2022 14:33:1] !rank distance
[16/2/2022 19:1:32] !rank distance
[16/2/2022 23:14:19] !rank distance
[17/2/2022 0:42:55] !rank distance
[17/2/2022 5:13:35] !rank distance
[17/2/2022 12:39:39] !rank distance
[17/2/2022 16:50:56] !rank distance
[17/2/2022 22:27:51] !rank distance
[18/2/2022 1:9:6] !rank distance
[18/2/2022 1:29:3] !rank magic
[18/2/2022 3:48:23] !rank distance
[18/2/2022 10:56:27] !rank distance
[18/2/2022 14:45:35] !rank distance
[18/2/2022 18:37:9] !rank distance
[18/2/2022 21:40:45] !rank distance
[18/2/2022 23:40:51] !rank distance
[19/2/2022 1:46:4] !rank shield
[19/2/2022 9:24:55] !rank distance
[19/2/2022 9:25:23] !online
[19/2/2022 17:3:10] !rank distance
[20/2/2022 21:17:45] !rank distance
[20/2/2022 21:22:25] !online
[21/2/2022 9:3:11] !rank distance
[21/2/2022 9:3:29] !online
[21/2/2022 12:49:30] !rank distance
[21/2/2022 12:55:30] !rank shield
[21/2/2022 19:25:33] !online
[21/2/2022 19:27:2] !rank distance
[21/2/2022 22:19:13] !online
[22/2/2022 1:13:16] !online
[22/2/2022 1:36:27] !rank distance
[22/2/2022 1:46:17] !rank club
[22/2/2022 1:49:14] !rank distance
