[11/2/2022 7:58:54] !aol
[11/2/2022 7:59:2] !aol
[11/2/2022 8:1:8] !aol
[11/2/2022 8:18:51] !aol
[11/2/2022 15:2:38] !aol
[11/2/2022 15:2:41] !aol
[11/2/2022 15:2:44] !aol
[11/2/2022 15:2:48] !aol
[11/2/2022 15:2:51] !aol
[11/2/2022 21:15:9] !aol
[11/2/2022 21:15:12] !aol
[12/2/2022 15:17:0] !emotespells on
[17/2/2022 6:2:10] !aol
[18/2/2022 0:10:36] !rank magic
[19/2/2022 3:2:9] !addon oriental
[19/2/2022 3:5:45] !addon warmaster
[23/2/2022 22:1:47] !rank axe
[23/2/2022 23:25:47] !rank axe
[24/2/2022 3:5:22] !emotespells on
[24/2/2022 3:15:49] 
[24/2/2022 9:16:9] 
[24/2/2022 10:14:43] 
[24/2/2022 12:14:52] 
[24/2/2022 12:21:25] 
[24/2/2022 13:21:58] 
[24/2/2022 13:22:26] 
[24/2/2022 13:33:13] 
[24/2/2022 14:9:19] 
[24/2/2022 14:47:54] 
[24/2/2022 15:25:30] 
[24/2/2022 16:56:32] 
[24/2/2022 17:42:3] 
[24/2/2022 18:26:50] 
[24/2/2022 19:11:2] 
[24/2/2022 20:28:56] 
[24/2/2022 22:44:9] 
[24/2/2022 22:50:9] 
[25/2/2022 1:28:39] 
[25/2/2022 3:20:15] 
[25/2/2022 19:19:35] 
[26/2/2022 4:31:3] 
[26/2/2022 6:11:3] 
[26/2/2022 6:11:21] 
[26/2/2022 16:16:57] 
[26/2/2022 16:19:19] 
[26/2/2022 16:42:33] 
[26/2/2022 17:19:48] 
[26/2/2022 21:5:52] 
[26/2/2022 22:12:20] 
[26/2/2022 22:19:47] !online
[27/2/2022 3:55:33] 
[27/2/2022 9:37:34] 
[27/2/2022 11:8:56] 
[27/2/2022 12:24:4] 
[27/2/2022 13:38:52] 
[27/2/2022 13:41:14] 
[27/2/2022 14:57:10] 
[27/2/2022 16:12:2] 
[27/2/2022 17:27:3] 
[27/2/2022 18:42:3] 
[27/2/2022 21:14:8] 
[27/2/2022 22:31:49] 
[1/3/2022 18:56:11] 
[1/3/2022 20:13:25] 
[1/3/2022 21:30:37] 
[1/3/2022 22:47:31] 
[2/3/2022 0:4:4] 
[2/3/2022 1:21:7] 
[2/3/2022 2:38:54] 
[2/3/2022 4:0:5] 
[5/3/2022 10:43:10] !online
[5/3/2022 10:43:24] !rank
[5/3/2022 10:43:29] !rank level
[7/3/2022 15:14:56] 
[8/3/2022 2:7:35] 
[8/3/2022 5:51:19] 
[8/3/2022 10:47:35] 
[8/3/2022 14:0:31] 
[8/3/2022 17:14:50] 
[8/3/2022 20:10:31] 
[8/3/2022 23:7:30] 
