[15/12/2021 17:16:50] !wand ice
[15/12/2021 17:16:58] !wand energy
[15/12/2021 17:17:5] !wand holy
[15/12/2021 17:17:14] !wand holy
[15/12/2021 17:17:17] !wand holy
[15/12/2021 17:44:36] !wand energy
[15/12/2021 17:55:10] !wand energy
[15/12/2021 22:28:58] !guildpoints
[15/12/2021 23:18:37] !online
[16/12/2021 9:49:46] !aol
[16/12/2021 18:42:37] !guildpoints
[16/12/2021 18:42:41] !guildpoints
[18/12/2021 10:11:36] !wand ice
[18/12/2021 20:25:12] !aol
[18/12/2021 20:36:43] !aol
[20/12/2021 16:23:15] !aol
[20/12/2021 17:27:21] !wand ice
[21/12/2021 23:18:21] !wand ice
[21/12/2021 23:36:16] !aol
[21/12/2021 23:45:10] !wand ice
[22/12/2021 11:47:36] !aol
[22/12/2021 13:15:47] !emotespells off
[22/12/2021 13:15:53] !emotespells on
