[12/2/2022 1:35:36] !emotespells on
[12/2/2022 2:12:53] !guildpoints
[12/2/2022 13:4:18] !guildpoints
[12/2/2022 13:7:35] !guildpoints
[13/2/2022 17:55:24] !aol
[15/2/2022 12:59:11] !frags
[15/2/2022 14:5:37] !frags
[15/2/2022 14:24:37] !frags
[16/2/2022 1:26:3] !frags
[16/2/2022 1:31:39] !frags
[16/2/2022 1:33:27] !frags
[16/2/2022 1:35:14] !frags
[16/2/2022 1:36:29] !frags
[16/2/2022 1:38:7] !frags
[16/2/2022 1:39:21] !frags
[16/2/2022 1:41:50] !frags
[16/2/2022 1:45:35] !rank level
[16/2/2022 1:45:48] !rank level
[16/2/2022 14:37:51] !frags
[16/2/2022 14:41:56] !rank distance
