[27/5/2022 21:50:55] !online
[27/5/2022 22:17:10] !buyhouse
[27/5/2022 22:18:2] !emotespells
[27/5/2022 22:18:8] !emotespells
[27/5/2022 22:43:43] !buyhouse
[28/5/2022 0:24:13] 
[28/5/2022 0:24:16] 
[28/5/2022 0:24:18] 
[28/5/2022 0:24:22] 
[28/5/2022 0:24:24] 
[28/5/2022 0:27:48] 
[28/5/2022 0:27:50] 
[28/5/2022 0:27:52] 
[28/5/2022 0:27:54] 
[28/5/2022 0:27:56] 
[28/5/2022 0:27:58] 
[28/5/2022 0:28:0] 
[28/5/2022 0:28:2] 
[28/5/2022 0:28:5] 
[28/5/2022 0:28:7] 
[28/5/2022 0:28:9] 
[28/5/2022 0:28:11] 
[28/5/2022 0:28:13] 
[28/5/2022 0:28:15] 
[28/5/2022 0:28:17] 
[28/5/2022 0:28:19] 
[28/5/2022 0:28:21] 
[28/5/2022 0:28:24] 
[28/5/2022 0:28:26] 
[28/5/2022 0:28:28] 
[28/5/2022 0:28:30] 
[28/5/2022 0:28:32] 
[28/5/2022 0:28:34] 
[28/5/2022 0:28:36] 
[28/5/2022 0:28:38] 
[28/5/2022 0:28:43] 
[28/5/2022 0:37:9] !emotespells on
[28/5/2022 1:16:53] !aol
[28/5/2022 1:58:32] !guildpoints
[28/5/2022 14:39:22] !aol
[28/5/2022 16:25:50] !aol
[28/5/2022 21:30:57] !buyhouse
[28/5/2022 21:31:2] !buyhouse
[28/5/2022 21:41:55] !tradeoff buy, 8
[31/5/2022 23:30:47] !online
[4/6/2022 20:31:50] !online
