[11/12/2021 12:59:13] !wand ice
[11/12/2021 13:3:24] !wand energy
[11/12/2021 13:4:0] !wand holy
[11/12/2021 13:11:26] !aol
[11/12/2021 13:20:11] !aol
[11/12/2021 16:10:0] !buyhouse
[11/12/2021 16:10:5] aleta sio
[11/12/2021 16:10:12] aleta sio
[11/12/2021 16:10:16] aleta sio
[11/12/2021 16:10:21] aleta som
[11/12/2021 16:10:27] aleta grav
[11/12/2021 19:57:12] !aol
[11/12/2021 23:45:24] !guildpoints
[12/12/2021 8:46:56] !wand death
[12/12/2021 8:48:7] !wand ice
[12/12/2021 19:9:19] !wand ice
[12/12/2021 19:31:15] !wand ice
[12/12/2021 19:45:0] !wand ice
[12/12/2021 23:22:6] !wand ice
[13/12/2021 7:25:0] !wand ice
[13/12/2021 13:36:15] aleta sio
[13/12/2021 13:55:2] !wand icew
[13/12/2021 13:55:7] !wand ice
[13/12/2021 23:21:32] aleta sio
[13/12/2021 23:23:11] alana sio
[14/12/2021 19:33:48] !wand ice
[14/12/2021 19:40:15] !wand fire
[14/12/2021 19:40:26] !wand ice
[14/12/2021 19:40:39] !wand ice
[14/12/2021 19:40:41] !wand ice
[14/12/2021 19:40:46] !wand ice
[14/12/2021 19:48:51] !wand ice
[14/12/2021 20:38:13] !wand ice
[14/12/2021 20:55:32] !frags
[14/12/2021 22:4:29] aleta sio
[14/12/2021 23:6:39] !wand ice
[15/12/2021 7:31:18] !wand ice
[7/1/2022 23:56:35] !online
[7/1/2022 23:56:41] !rank
[7/1/2022 23:56:44] !rank level
