[15/12/2021 23:2:14] !serverinfo
[16/12/2021 18:34:57] !aol
[16/12/2021 18:36:53] !aol
[16/12/2021 18:59:11] !aol
[16/12/2021 19:45:43] !aol
[16/12/2021 23:7:8] !aol
[17/12/2021 19:23:25] !buyhouse
[17/12/2021 20:9:29] !aol
[17/12/2021 21:49:49] !buyhouse
[18/12/2021 13:26:12] !buyhouse
[19/12/2021 13:41:31] !buyhouse
[19/12/2021 13:42:3] !buyhouse
[19/12/2021 13:42:18] aleta sio
[19/12/2021 13:42:23] aleta som
[19/12/2021 13:42:30] aleta grav
[19/12/2021 13:42:34] aleta grav
[24/12/2021 13:8:28] aleta grav
[24/12/2021 13:8:35] aleta grav
[24/12/2021 13:8:38] aleta som
[24/12/2021 13:8:42] alana sio
[24/12/2021 13:8:46] aleta grav
[24/12/2021 13:9:10] aleta grav
[24/12/2021 13:9:16] aleta grav
[24/12/2021 13:9:19] alana sio
[24/12/2021 13:9:23] alana sio alicia
[24/12/2021 13:9:27] aleta som
[24/12/2021 13:23:10] !serverinfo
[26/12/2021 2:35:50] !serverinfo
[26/12/2021 23:29:51] !buyhouse
[26/12/2021 23:29:53] !buyhouse
[28/12/2021 22:30:30] !serverinfo
