[12/2/2022 23:25:19] !emotespells on
[15/2/2022 14:4:54] 
[15/2/2022 14:7:4] 
[15/2/2022 14:7:20] 
[15/2/2022 14:7:45] 
[15/2/2022 14:8:45] 
[15/2/2022 14:8:55] 
[15/2/2022 14:19:19] !frags
[16/2/2022 1:25:39] !frags
[16/2/2022 1:26:1] !frags
[16/2/2022 1:26:59] !frags
[16/2/2022 1:27:22] !frags
[16/2/2022 1:31:20] !frags
[16/2/2022 1:35:20] !frags
[16/2/2022 1:40:21] !frags
[16/2/2022 1:41:16] !frags
[16/2/2022 1:42:12] !frags
[16/2/2022 1:45:37] !rank level
[16/2/2022 1:45:43] !rank level
[16/2/2022 1:47:52] !frags
[16/2/2022 13:39:12] !frags
[19/2/2022 12:21:24] !buyhouse
[19/2/2022 12:21:42] !buyhouse
[19/2/2022 12:21:46] !buyhouse
[21/2/2022 14:13:48] !online
