[11/12/2021 23:16:4] !emotespells on
[12/12/2021 11:1:1] !serverinfo
[12/12/2021 16:28:54] !frags
[12/12/2021 16:33:17] !online
[12/12/2021 16:59:39] !online
[12/12/2021 17:20:16] !buyhouse
[12/12/2021 17:20:26] aleta som
[12/12/2021 17:20:53] !protecthouse
[12/12/2021 17:20:56] !protecthouse off
[12/12/2021 17:39:36] !frags
[12/12/2021 17:51:26] !frags
[12/12/2021 18:6:57] !frags
[12/12/2021 18:12:52] !frags
[13/12/2021 20:39:28] !frags
[14/12/2021 10:18:23] !online
[14/12/2021 23:52:50] !aol
[15/12/2021 0:19:9] !aol
[15/12/2021 14:5:38] !aol
[15/12/2021 17:55:34] !frags
[15/12/2021 19:47:22] !aol
[11/2/2022 19:7:23] !frags
[11/2/2022 19:7:45] !online
[11/2/2022 19:56:16] !emotespells on
[12/2/2022 10:54:4] !buyhouse
[12/2/2022 10:54:15] aleta som
[12/2/2022 10:55:26] !protecthouse off
[12/2/2022 14:43:46] !guildpoints
[12/2/2022 16:39:2] !addon norseman
[12/2/2022 16:39:13] !addon norseman
[12/2/2022 20:35:37] !addon norseman
[12/2/2022 20:54:19] !uptime
[12/2/2022 23:16:49] !addon brotherhood
[13/2/2022 12:7:28] !frags
[28/5/2022 22:0:4] !emotespells on
[29/5/2022 22:55:17] !frags
[29/5/2022 23:5:5] !online
[29/5/2022 23:26:56] !frags
[29/5/2022 23:45:59] !online
[30/5/2022 20:20:23] !frags
[31/5/2022 14:42:6] !online
