[10/12/2021 20:3:41] !online
[10/12/2021 20:10:20] !buyhouse
[10/12/2021 20:13:20] !serverinfo
[10/12/2021 20:20:40] !emotespells off
[10/12/2021 20:20:44] !emotespells on
[11/12/2021 0:55:47] !online
[11/12/2021 1:15:29] !aol
[11/12/2021 1:16:59] !aol
[11/12/2021 1:20:3] !aol
[11/12/2021 1:41:13] !frags
[11/12/2021 1:44:29] !wand ice
[11/12/2021 2:36:24] !frags
[11/12/2021 2:39:26] !aol
[11/12/2021 2:39:49] !aol
[11/12/2021 2:41:50] !aol
[11/12/2021 2:44:7] !aol
[11/12/2021 3:41:9] !buyhouse
[11/12/2021 8:52:8] !online
[12/12/2021 16:10:17] !wand fire
[12/12/2021 16:10:24] !wand death
[12/12/2021 16:10:33] !wand death
[12/12/2021 16:10:40] !wand
[12/12/2021 16:10:49] !wand death
[12/12/2021 16:18:21] !wand fire
[13/12/2021 12:0:42] !wand fire
[14/12/2021 15:14:21] !wand fire
[14/12/2021 15:14:46] !wand fire
[14/12/2021 15:14:50] !wand fire
[14/12/2021 15:14:55] !wand fire
[14/12/2021 15:27:25] !wand fire
[14/12/2021 15:50:8] !online
[14/12/2021 17:31:38] !online
[15/12/2021 1:5:38] !wand ice
[15/12/2021 1:5:44] !wand ice
[15/12/2021 1:15:9] !online
[15/12/2021 10:59:55] !wand fire
[15/12/2021 11:16:23] !online
[16/12/2021 13:32:39] !rank magic
[16/12/2021 15:51:1] !rank magic
[16/12/2021 15:51:4] !rank distance
