[13/12/2021 0:50:39] !emotespells
[13/12/2021 0:50:42] !emotespells on
[13/12/2021 0:50:49] !addon
[13/12/2021 0:51:12] !addon
[13/12/2021 0:51:15] !addon
[13/12/2021 0:51:18] !addon
[13/12/2021 0:51:25] !addon druid
[13/12/2021 0:51:28] !addon
[13/12/2021 0:51:31] !addon
[13/12/2021 0:51:33] !addon druid
[13/12/2021 0:52:23] !doubleexp
[13/12/2021 0:52:28] !doubleexp
[13/12/2021 0:52:34] !offer
[13/12/2021 0:52:40] !wand
[13/12/2021 0:54:11] !addon
[13/12/2021 0:54:17] !addon
[13/12/2021 0:54:21] !addon mage
[13/12/2021 12:3:41] !tradeoff
[13/12/2021 12:4:19] !tradeoff add, Royalhelmet
[13/12/2021 12:5:34] !tradeoff add, Golden Leg
[14/12/2021 21:44:27] !rank axe
[27/12/2021 9:52:28] !online
[7/1/2022 21:8:8] !online
