[10/12/2021 20:17:41] !wand ice
[10/12/2021 20:18:38] !emotespells on
[10/12/2021 20:28:39] !wand ice
[10/12/2021 20:29:43] !online
[10/12/2021 20:30:9] !wand ice
[10/12/2021 21:12:23] !wand ice
[10/12/2021 21:25:19] !online
[12/12/2021 9:18:46] !wand ice
[12/12/2021 10:22:54] !rank level
[14/12/2021 18:32:43] !wand ice
[15/12/2021 21:21:56] !frags
[15/12/2021 22:8:13] !wand ice
[17/12/2021 18:19:3] !wand ice
[17/12/2021 20:2:4] !online
[22/12/2021 20:21:5] !rank level
[22/12/2021 20:21:13] !rank magic
[22/12/2021 20:21:31] !rank distance
[11/2/2022 6:59:26] !online
[11/2/2022 12:26:27] !aol
[11/2/2022 12:32:8] !aol
[11/2/2022 12:33:53] !aol
[11/2/2022 12:47:30] !emotespells on
[12/2/2022 7:39:21] !buyhouse
[12/2/2022 7:39:36] aleta sio
[13/2/2022 9:0:32] !online
[15/2/2022 17:46:24] !rank distance
[15/2/2022 17:46:55] !rank magic
[17/2/2022 19:2:48] !rank
[17/2/2022 19:2:55] !rank level
[18/2/2022 22:50:1] !rank level
[18/2/2022 22:50:21] !rank magic
[18/2/2022 23:0:16] !online
[19/2/2022 16:40:31] !rank level
[20/2/2022 12:45:29] !online
[24/2/2022 12:36:13] !aol
[24/2/2022 12:38:56] !emotespells off
[24/2/2022 12:39:10] !emotespells off
[24/2/2022 12:39:18] !emotespells off
[24/2/2022 12:39:24] !emotespells on
[29/5/2022 13:36:53] !emotespells off
[29/5/2022 13:37:3] !emotespells on
[30/5/2022 8:21:36] !aol
[30/5/2022 8:21:42] !aol
[30/5/2022 8:37:5] !emotespells on
[30/5/2022 8:51:31] !emotespells on
[30/5/2022 9:8:33] !emotespells on
[30/5/2022 9:23:44] !emotespells on
[30/5/2022 9:34:43] !emotespells on
[30/5/2022 9:45:22] !emotespells on
[30/5/2022 9:57:58] !emotespells on
[30/5/2022 10:11:55] !emotespells on
[30/5/2022 10:28:59] !emotespells on
[30/5/2022 10:37:13] !emotespells on
[30/5/2022 10:44:58] !emotespells on
[30/5/2022 10:54:14] !emotespells on
[30/5/2022 11:6:54] !emotespells on
[30/5/2022 11:13:50] !emotespells on
[30/5/2022 11:21:38] !emotespells on
[30/5/2022 11:27:54] !emotespells on
[30/5/2022 11:32:15] !emotespells on
[30/5/2022 11:39:18] !emotespells on
[30/5/2022 11:50:48] !emotespells on
[30/5/2022 12:0:7] !emotespells on
[30/5/2022 12:8:35] !emotespells on
[30/5/2022 12:15:18] !emotespells on
[30/5/2022 12:21:38] !emotespells on
[30/5/2022 12:28:26] !emotespells on
[30/5/2022 12:37:21] !emotespells on
[30/5/2022 12:48:25] !emotespells on
[30/5/2022 12:56:41] !emotespells on
[30/5/2022 13:2:15] !emotespells on
[30/5/2022 13:11:11] !emotespells on
[30/5/2022 13:31:7] !emotespells on
[30/5/2022 13:49:10] !emotespells on
[30/5/2022 14:0:14] !emotespells on
[30/5/2022 14:9:2] !emotespells on
[30/5/2022 14:13:59] !emotespells on
[30/5/2022 14:24:37] !emotespells on
[30/5/2022 14:29:51] !emotespells on
[30/5/2022 14:35:56] !emotespells on
[30/5/2022 14:40:41] !emotespells on
[30/5/2022 14:45:16] !emotespells on
[30/5/2022 14:49:55] !emotespells on
[30/5/2022 14:54:48] !emotespells on
[30/5/2022 15:3:8] !emotespells on
[30/5/2022 15:8:32] !emotespells on
[30/5/2022 15:14:45] !emotespells on
[30/5/2022 15:19:41] !emotespells on
[30/5/2022 15:23:25] !emotespells on
[30/5/2022 15:24:17] !emotespells on
[30/5/2022 15:25:36] !emotespells on
[30/5/2022 15:32:21] !emotespells on
[30/5/2022 15:37:27] !emotespells on
[30/5/2022 15:42:49] !emotespells on
[30/5/2022 15:51:20] !emotespells on
[30/5/2022 15:57:59] !emotespells on
[30/5/2022 16:5:26] !emotespells on
[30/5/2022 16:13:48] !emotespells on
[1/6/2022 16:30:4] !emotespells on
[2/6/2022 16:51:40] !aol
[2/6/2022 16:55:5] !aol
[2/6/2022 16:55:19] !aol
[2/6/2022 16:58:11] !aol
[2/6/2022 16:58:17] !aol
[2/6/2022 17:1:5] !aol
[2/6/2022 17:3:12] !aol
[2/6/2022 17:7:36] !aol
[2/6/2022 17:8:53] !aol
[3/6/2022 15:1:59] !aol
[3/6/2022 15:51:23] !online
[3/6/2022 15:51:35] !rank magic
[3/6/2022 15:51:44] !rank distance
[3/6/2022 16:34:10] !emotespells on
[3/6/2022 16:43:6] !emotespells on
[3/6/2022 16:47:35] !emotespells on
[3/6/2022 16:53:14] !emotespells on
[8/6/2022 10:4:1] !emotespells on
[8/6/2022 10:13:24] !emotespells on
[8/6/2022 10:19:23] !emotespells on
[8/6/2022 10:25:15] !emotespells on
[8/6/2022 10:38:5] !emotespells on
[8/6/2022 11:11:15] !emotespells on
[8/6/2022 11:22:35] !emotespells on
[8/6/2022 11:28:38] !emotespells on
[8/6/2022 11:34:41] !emotespells on
[8/6/2022 11:40:39] !emotespells on
[8/6/2022 11:46:43] !emotespells on
[8/6/2022 11:52:59] !emotespells on
[8/6/2022 11:59:20] !emotespells on
[8/6/2022 12:16:3] !emotespells on
[8/6/2022 12:17:44] !emotespells on
[8/6/2022 12:24:3] !emotespells on
[8/6/2022 12:30:7] !emotespells on
