[10/2/2022 20:2:46] !rank axe
[10/2/2022 20:12:52] !online
[10/2/2022 20:14:4] !rank axe
[10/2/2022 20:14:11] !rank sword
[10/2/2022 20:14:13] !rank club
[10/2/2022 20:57:13] !rank axe
[10/2/2022 21:4:49] !rank axe
[10/2/2022 21:12:57] !rank level
[10/2/2022 21:13:11] !rank axe
[10/2/2022 23:11:12] !emotespells on
[10/2/2022 23:11:14] !online
[11/2/2022 0:8:59] !guildpoints
[11/2/2022 0:23:29] !guildpoints
[11/2/2022 2:33:49] !rank axe
[11/2/2022 4:37:34] !rank axe
[11/2/2022 22:45:30] !frags
[12/2/2022 1:8:0] !online
[12/2/2022 5:17:14] !rank level
[12/2/2022 5:17:53] !frags
[12/2/2022 6:12:56] !aol
[12/2/2022 6:37:25] !guildpoints
[12/2/2022 6:46:0] !rank level
[12/2/2022 7:48:43] !aol
[12/2/2022 21:0:45] !go
[12/2/2022 22:5:13] !rank level
[13/2/2022 2:28:0] !rank level
[13/2/2022 2:59:23] !go
[13/2/2022 4:50:8] !rank level
[13/2/2022 7:6:6] !frags
[13/2/2022 20:47:24] !rank level
[13/2/2022 20:49:47] !rank level
[14/2/2022 4:5:13] !rank level
[14/2/2022 4:29:53] !rank level
[14/2/2022 6:56:20] !rank level
[15/2/2022 4:18:9] !go
[15/2/2022 14:32:35] !rank level
[15/2/2022 21:7:41] !online
[15/2/2022 21:8:1] !rank level
[15/2/2022 21:21:14] !go
[16/2/2022 0:45:24] !rank level
[16/2/2022 1:47:5] !rank level
[16/2/2022 3:49:54] !online
[16/2/2022 21:2:37] !rank level
[16/2/2022 21:3:30] !rank level
[16/2/2022 21:4:50] !rank level
[16/2/2022 21:6:4] !rank level
[16/2/2022 22:45:24] !rank level
[16/2/2022 23:14:22] !go
[16/2/2022 23:39:14] !rank axe
[16/2/2022 23:46:36] !rank level
[16/2/2022 23:46:39] !rank level
[17/2/2022 0:18:56] !go
[17/2/2022 0:49:30] !go
[17/2/2022 21:46:20] !go
[17/2/2022 22:43:30] !go
[17/2/2022 23:27:26] !go
[18/2/2022 5:32:34] !rank level
[18/2/2022 6:13:45] !guildpoints
[18/2/2022 6:47:17] !rank level
[18/2/2022 14:19:26] !rank level
[18/2/2022 19:45:18] !rank level
[18/2/2022 23:5:3] !rank level
[18/2/2022 23:5:10] !rank level
[19/2/2022 2:50:21] !rank level
[19/2/2022 4:49:24] !addon barbarian
[19/2/2022 14:12:3] !rank level
[19/2/2022 18:42:8] !frags
[19/2/2022 20:37:43] !rank level
[19/2/2022 20:42:2] !rank level
[19/2/2022 21:4:19] !rank level
[19/2/2022 22:52:50] !frags
[19/2/2022 23:12:31] !rank level
[19/2/2022 23:26:43] !guildpoints
[19/2/2022 23:38:34] !rank level
[19/2/2022 23:42:41] !rank level
[19/2/2022 23:42:54] !rank level
[19/2/2022 23:43:1] !rank level
[19/2/2022 23:43:35] !rank level
[19/2/2022 23:53:34] !go
[20/2/2022 0:57:15] !rank levrel
[20/2/2022 0:57:18] !rank level
[20/2/2022 1:24:9] 
[20/2/2022 1:24:12] !rank level
[20/2/2022 3:42:49] !rank shield
[20/2/2022 3:42:59] !rank level
[20/2/2022 4:40:18] !frags
[20/2/2022 4:57:33] !rank level
[20/2/2022 5:6:29] !rank level
[20/2/2022 5:8:46] !addon wayfarer
[20/2/2022 5:8:53] !addon warrior
[20/2/2022 5:57:19] !rank level
[20/2/2022 18:6:14] !rank level
[20/2/2022 18:17:3] !rank level
[20/2/2022 22:18:44] !guildpoints
[20/2/2022 22:19:43] !go
[20/2/2022 22:39:53] !go
[20/2/2022 23:19:36] !go
[21/2/2022 14:39:0] !rank level
[22/2/2022 3:29:54] !online
[22/2/2022 3:32:24] !rank level
[23/2/2022 3:2:22] !online
[23/2/2022 3:4:20] !rank level
[23/2/2022 3:4:31] !rank axe
[23/2/2022 3:6:56] !rank sword
[23/2/2022 3:7:1] !rank shield
[23/2/2022 3:11:8] !rank magic
[23/2/2022 3:15:45] !emotespells on
[23/2/2022 3:18:49] !online
[23/2/2022 20:7:57] !rank level
[23/2/2022 20:17:2] !rank level
[23/2/2022 20:24:31] !rank  level
[23/2/2022 20:31:41] !aol
[23/2/2022 20:33:9] !rank magic
[23/2/2022 20:33:19] !rank level
[23/2/2022 20:58:24] !rank level
[23/2/2022 21:11:20] !aol
[23/2/2022 21:12:19] !aol
[23/2/2022 21:22:9] !aol
[23/2/2022 21:22:30] !rank level
[23/2/2022 21:24:41] !aol
[23/2/2022 21:26:20] !rank magic
[23/2/2022 21:36:45] !aol
[23/2/2022 21:39:4] !aol
[23/2/2022 21:41:36] !rank level
[23/2/2022 21:44:19] !rank level
[23/2/2022 21:51:31] !rank level
[23/2/2022 21:55:31] !rank levelr
[23/2/2022 21:55:33] !rank level
[23/2/2022 22:12:7] !aol
[23/2/2022 22:38:16] !guildpoints
[23/2/2022 22:40:33] !rank level
[24/2/2022 0:43:52] !guildpoints
[24/2/2022 0:44:30] !rank level
[24/2/2022 1:31:19] !guildpoints
[24/2/2022 1:44:0] !aol
[24/2/2022 2:9:1] !aol
[24/2/2022 2:30:50] !aol
[24/2/2022 2:31:15] !rank level
[24/2/2022 4:33:48] !rank level
[24/2/2022 4:34:1] !rank level
[24/2/2022 4:47:34] !rank level
[24/2/2022 5:17:43] !rank level
[24/2/2022 5:21:47] !rank level
[24/2/2022 5:34:0] !rank sword
[24/2/2022 5:34:10] !rank club
[24/2/2022 5:34:14] !rank axe
[24/2/2022 5:35:32] !rank club
[24/2/2022 5:35:37] !rank axe
[24/2/2022 6:1:3] !rank distance
[24/2/2022 6:1:11] !rank level
[24/2/2022 6:19:38] !aol
[24/2/2022 7:12:38] !go
[24/2/2022 7:55:7] !rank level
[24/2/2022 8:58:44] !aol
[24/2/2022 13:39:41] !rank level
[24/2/2022 13:57:11] !online
[24/2/2022 14:6:26] !guildpoints
[24/2/2022 15:18:17] !aol
[24/2/2022 15:55:24] !aol
[24/2/2022 19:54:45] !rank level
[24/2/2022 20:58:22] !guildpoints
[24/2/2022 22:10:42] !guildpoints
[24/2/2022 23:35:10] !rank level
[24/2/2022 23:51:55] !rank level
[25/2/2022 0:7:15] !guildpoints
[25/2/2022 0:12:58] !rank level
[25/2/2022 1:9:21] !rank level
[25/2/2022 1:33:39] !go
[25/2/2022 1:51:18] !rank level
[25/2/2022 2:27:27] !addon barbarian
[25/2/2022 2:57:58] !rank level
[25/2/2022 2:58:56] !guildpoints
[25/2/2022 5:15:39] !guildpoints
[25/2/2022 5:46:12] !rank level
[25/2/2022 18:37:27] !rank level
[25/2/2022 21:33:38] !rank level
[25/2/2022 21:48:59] !rank distance
[25/2/2022 22:43:19] !go
[26/2/2022 1:27:24] !guildpoints
[26/2/2022 1:39:16] !rank level
[26/2/2022 1:41:6] !rank level
[26/2/2022 1:48:31] !rank level
[26/2/2022 2:11:56] !rank level
[26/2/2022 2:21:49] !rank level
[26/2/2022 2:22:0] !rank level
[26/2/2022 2:27:44] !rank level
[26/2/2022 2:27:52] !rank level
[26/2/2022 2:28:37] !rank level
[26/2/2022 2:28:47] !rank level
[26/2/2022 5:13:59] !rank level
[26/2/2022 7:54:56] 
[26/2/2022 12:24:12] !rank levewl
[26/2/2022 12:24:14] !rank level
[26/2/2022 15:43:32] !rank level
[26/2/2022 16:6:21] !rank level
[26/2/2022 16:9:14] !rank level
[26/2/2022 18:19:22] !rank level
[26/2/2022 20:18:20] !rank level
[26/2/2022 22:23:25] !online
[26/2/2022 23:10:52] !online
[26/2/2022 23:11:31] !rank level
[26/2/2022 23:43:23] !rank level
[26/2/2022 23:43:26] !rank level
[27/2/2022 0:10:10] !rank level
[27/2/2022 0:37:0] !guildpoints
[27/2/2022 3:36:41] !online
[27/2/2022 5:4:15] 
[27/2/2022 5:28:48] !rank level
[27/2/2022 14:37:7] !rank level
[27/2/2022 14:39:47] !rank level
[27/2/2022 14:39:51] !rank axe
[27/2/2022 16:21:58] !guildpoints
[27/2/2022 16:54:57] !rank level
[27/2/2022 18:19:29] !online
[27/2/2022 18:53:24] !rank level
[27/2/2022 20:47:10] !rank magic
[27/2/2022 21:5:21] !rank level
[27/2/2022 21:5:46] !online
[1/3/2022 20:25:9] !online
[1/3/2022 20:31:55] !rank level
[1/3/2022 22:51:19] !rank level
[2/3/2022 20:4:53] !online
[2/3/2022 20:5:14] !rank level
[4/3/2022 23:57:52] !online
[4/3/2022 23:58:29] !rank level
