[14/2/2022 1:14:23] !serverinfo
[14/2/2022 1:30:57] !buyhouse
[14/2/2022 14:41:17] !aol
[14/2/2022 14:44:17] !aol 
[14/2/2022 14:51:29] !aol
[14/2/2022 17:51:6] !rank magic
[14/2/2022 17:51:28] !rank distance
[14/2/2022 18:15:20] !aol
[14/2/2022 19:0:49] !aol
[14/2/2022 21:2:24] !aol
[14/2/2022 21:8:38] !aol
[14/2/2022 21:15:52] !aol
[14/2/2022 21:22:22] !aol
[14/2/2022 22:20:43] !aol
[14/2/2022 23:2:38] !aol
[14/2/2022 23:57:42] !aol
[15/2/2022 0:14:8] !aol
[15/2/2022 5:1:27] !aol
[15/2/2022 5:7:1] !aol
[15/2/2022 5:10:30] !aol
[15/2/2022 5:15:39] !aol
[15/2/2022 5:24:52] !aol
[15/2/2022 7:2:42] !aol
[15/2/2022 7:5:35] !aol
[15/2/2022 7:13:44] !aol
[15/2/2022 7:51:48] !aol
[15/2/2022 7:59:44] !aol
[15/2/2022 8:4:20] !aol
[15/2/2022 8:8:11] !aol
[15/2/2022 8:16:13] !aol
[15/2/2022 8:26:0] !aol
[15/2/2022 8:35:27] !aol
[15/2/2022 14:48:6] !aol
[25/2/2022 20:0:54] !rank axe
[25/2/2022 20:0:59] !rank club
[25/2/2022 20:1:4] !rank sword
[25/2/2022 20:1:17] !rank club
[25/2/2022 20:1:20] !rank axe
[26/2/2022 20:15:1] !emotespells on
[1/3/2022 11:0:4] !aol
[1/3/2022 13:37:15] !aol
[1/3/2022 22:36:40] !aol
