[11/12/2021 23:27:18] !rank club
[12/12/2021 3:21:45] !online
[12/12/2021 3:49:32] !serverinfo
[12/12/2021 4:31:53] !frags
[12/12/2021 20:5:54] !serverinfo
[13/12/2021 20:38:43] !serverinfo
[13/12/2021 21:48:6] !online
[13/12/2021 21:48:19] !serverinfo
[14/12/2021 12:37:58] !serverinfo
[14/12/2021 16:41:48] !serverinfo
[14/12/2021 17:46:20] !serverinfo
[14/12/2021 21:48:3] !rank club
[15/12/2021 9:41:52] !rank club
[17/12/2021 12:59:6] !online
[24/2/2022 17:13:43] !rank sword
[24/2/2022 17:14:5] !online
[24/2/2022 19:30:12] !rank sword
[24/2/2022 21:33:26] !aol
[24/2/2022 21:47:51] !aol
[24/2/2022 22:12:37] !aol
[25/2/2022 12:51:43] !online
[25/2/2022 22:14:58] !frags
[26/2/2022 21:58:29] !online
[26/2/2022 23:9:41] !rank level
[27/2/2022 13:33:39] !online
[28/2/2022 10:32:49] !online
[28/2/2022 20:48:20] !online
[1/3/2022 10:39:38] !online
[1/3/2022 16:31:21] !frags
[1/3/2022 19:26:19] !online
[1/3/2022 21:49:3] !frags
[1/3/2022 22:13:59] !online
[2/3/2022 12:28:8] !online
[2/3/2022 23:21:55] !online
