[1/6/2022 11:55:17] !emotespells
[1/6/2022 11:55:21] !emotespells on
[1/6/2022 12:45:45] !aol
[1/6/2022 12:48:26] !serverinfo
[1/6/2022 12:49:24] !frags
[1/6/2022 13:45:5] !aol
[1/6/2022 13:48:43] !aol
[1/6/2022 14:3:44] !guildpoints
[1/6/2022 14:43:14] !aol
[1/6/2022 14:50:31] !aol
[2/6/2022 12:40:23] !aol
[2/6/2022 12:54:39] !aol
[2/6/2022 12:58:0] !aol
[2/6/2022 13:11:54] !frags
[2/6/2022 15:19:7] !aol
[2/6/2022 16:47:44] !aol
[2/6/2022 17:30:44] !aol
[2/6/2022 20:43:7] !aol
[3/6/2022 10:51:28] !aol
[3/6/2022 11:41:4] !aol
[3/6/2022 18:47:44] !aol
[4/6/2022 12:30:26] !aol
[4/6/2022 12:34:10] !aol
[4/6/2022 16:38:34] !aol
[4/6/2022 16:42:45] !aol
[4/6/2022 23:48:42] !aol
[6/6/2022 17:10:5] !aol
[6/6/2022 18:22:27] !aol
[6/6/2022 18:33:20] !aol
[6/6/2022 18:37:41] !aol
[7/6/2022 12:53:13] !aol
[7/6/2022 13:43:50] !aol
[8/6/2022 11:39:43] !aol
[8/6/2022 11:54:23] !frags
[8/6/2022 14:21:37] !aol
