[24/2/2022 1:40:34] !aol
[24/2/2022 1:45:31] !aol
[24/2/2022 1:49:30] !aol
[24/2/2022 2:4:51] !aol
[24/2/2022 2:6:34] !aol
[24/2/2022 2:13:26] !aol
[24/2/2022 4:10:57] !aol
[24/2/2022 5:1:52] !aol
[24/2/2022 5:34:30] !rank sword
[24/2/2022 5:34:56] !rank sword
[24/2/2022 5:35:23] !rank druid
[24/2/2022 6:51:41] !emotespells on
[24/2/2022 7:48:22] !aol
[24/2/2022 7:58:9] !aol
[24/2/2022 8:36:43] !aol
[24/2/2022 18:57:39] !buyhouse
[24/2/2022 19:4:27] !rank distance
[24/2/2022 19:4:40] !rank magic
[24/2/2022 19:5:0] !rank magic
[24/2/2022 19:26:46] !aol
[24/2/2022 20:20:29] !aol
