[29/5/2022 16:23:21] !serverinfo
[29/5/2022 16:33:24] !emotespells on
[29/5/2022 16:52:1] !aol
[29/5/2022 17:0:21] !serverinfo
[29/5/2022 17:18:16] !online
[30/5/2022 7:37:42] !online
[30/5/2022 9:16:2] !aol
[30/5/2022 10:38:25] !online
[30/5/2022 14:44:25] !emotespells on
[30/5/2022 14:51:1] !emotespells on
[30/5/2022 14:55:50] !emotespells on
[30/5/2022 15:3:11] !emotespells on
[30/5/2022 15:11:28] !emotespells on
[30/5/2022 15:20:26] !emotespells on
[30/5/2022 16:47:42] !serverinfo
[30/5/2022 17:11:8] !emotespells on
[30/5/2022 17:40:46] !aol
[30/5/2022 17:52:21] !emotespells on
[30/5/2022 17:56:25] !aol
[30/5/2022 19:59:33] !online
[30/5/2022 20:3:17] !emotespells on
[30/5/2022 20:4:0] !emotespells on
[30/5/2022 20:5:15] !emotespells on
[30/5/2022 20:6:51] !emotespells on
[30/5/2022 21:22:12] !emotespells on
[30/5/2022 22:7:56] !emotespells on
[30/5/2022 22:8:34] !emotespells on
[30/5/2022 22:9:11] !emotespells on
[30/5/2022 22:9:48] !emotespells on
[30/5/2022 22:10:26] !emotespells on
[30/5/2022 22:11:3] !emotespells on
[30/5/2022 22:11:40] !emotespells on
[30/5/2022 22:12:17] !emotespells on
[30/5/2022 22:12:54] !emotespells on
[30/5/2022 22:13:31] !emotespells on
[30/5/2022 22:14:9] !emotespells on
[30/5/2022 22:14:46] !emotespells on
[30/5/2022 22:15:23] !emotespells on
[30/5/2022 22:16:0] !emotespells on
[30/5/2022 22:16:37] !emotespells on
[30/5/2022 22:17:14] !emotespells on
[30/5/2022 22:17:51] !emotespells on
[30/5/2022 22:18:29] !emotespells on
[30/5/2022 22:19:6] !emotespells on
[30/5/2022 22:19:43] !emotespells on
[30/5/2022 22:21:0] !emotespells on
[30/5/2022 22:23:6] !emotespells on
[30/5/2022 23:10:21] !emotespells on
[30/5/2022 23:55:59] !emotespells on
[31/5/2022 0:42:24] !emotespells on
[31/5/2022 1:23:54] !emotespells on
[31/5/2022 1:54:4] !emotespells on
[31/5/2022 2:29:20] !emotespells on
[31/5/2022 2:58:58] !emotespells on
[31/5/2022 3:31:26] !emotespells on
[31/5/2022 4:4:31] !emotespells on
[31/5/2022 4:11:47] !aol
[31/5/2022 4:12:3] !emotespells on
[31/5/2022 4:42:34] !emotespells on
[31/5/2022 5:22:29] !aol
[31/5/2022 5:22:48] !emotespells on
[31/5/2022 5:50:1] !emotespells on
[31/5/2022 6:23:7] !emotespells on
[31/5/2022 6:57:49] !emotespells on
[31/5/2022 7:30:4] !emotespells on
[31/5/2022 7:52:28] !serverinfo
[31/5/2022 8:20:8] !emotespells on
[31/5/2022 8:30:25] !online
[31/5/2022 8:52:49] !emotespells on
[31/5/2022 9:31:36] !online
[31/5/2022 9:34:37] !emotespells on
[31/5/2022 10:5:41] !emotespells on
[31/5/2022 11:4:55] !online
[31/5/2022 11:6:43] !emotespells on
[31/5/2022 11:10:41] !emotespells on
[31/5/2022 11:36:10] !online
[31/5/2022 11:46:4] !serverinfo
[31/5/2022 11:47:45] !emotespells on
[31/5/2022 12:9:28] !aol
[31/5/2022 12:9:47] !emotespells on
[31/5/2022 12:42:47] !emotespells on
[31/5/2022 12:45:21] !emotespells on
[1/6/2022 9:18:15] !aol
[1/6/2022 9:37:52] !aol
[1/6/2022 9:38:54] !aol
[1/6/2022 11:19:37] !online
[1/6/2022 13:37:36] !emotespells on
[1/6/2022 14:42:6] !online
[1/6/2022 16:40:36] !emotespells on
[1/6/2022 16:45:59] !emotespells on
[1/6/2022 17:5:55] !aol
[1/6/2022 17:7:52] !emotespells on
[1/6/2022 17:39:52] !emotespells on
[1/6/2022 18:19:45] !emotespells on
[1/6/2022 18:58:17] !emotespells on
[1/6/2022 19:36:32] !emotespells on
[1/6/2022 20:27:42] !emotespells on
[1/6/2022 20:41:44] !aol
[1/6/2022 20:41:55] !emotespells on
[2/6/2022 7:54:8] !emotespells on
[2/6/2022 8:18:39] !online
[2/6/2022 8:26:11] !emotespells on
[2/6/2022 9:4:36] !emotespells on
[2/6/2022 11:24:32] !emotespells on
[2/6/2022 11:40:0] !emotespells on
[2/6/2022 11:42:31] !emotespells on
[2/6/2022 11:44:57] !emotespells on
[2/6/2022 11:47:14] !emotespells on
[2/6/2022 11:49:38] !emotespells on
[2/6/2022 11:52:12] !emotespells on
[2/6/2022 11:54:14] !emotespells on
[2/6/2022 11:56:3] !emotespells on
[2/6/2022 11:57:55] !emotespells on
[2/6/2022 11:59:48] !emotespells on
[2/6/2022 12:1:34] !emotespells on
[2/6/2022 12:4:1] !emotespells on
[2/6/2022 12:6:12] !emotespells on
[2/6/2022 12:8:33] !emotespells on
[2/6/2022 12:11:27] !emotespells on
[2/6/2022 12:13:2] !emotespells on
[2/6/2022 12:15:39] !emotespells on
[2/6/2022 12:17:59] !emotespells on
[2/6/2022 12:19:28] !emotespells on
[2/6/2022 12:21:27] !emotespells on
[2/6/2022 12:22:52] !emotespells on
[2/6/2022 12:24:43] !emotespells on
[2/6/2022 12:26:26] !emotespells on
[2/6/2022 12:28:21] !emotespells on
[2/6/2022 12:30:50] !emotespells on
[2/6/2022 12:33:42] !emotespells on
[2/6/2022 12:36:2] !emotespells on
[2/6/2022 12:36:10] !online
[2/6/2022 12:38:36] !emotespells on
[2/6/2022 12:40:8] !emotespells on
[2/6/2022 12:42:39] !emotespells on
[2/6/2022 12:44:57] !emotespells on
[2/6/2022 12:47:13] !emotespells on
[2/6/2022 12:48:51] !emotespells on
[2/6/2022 12:54:33] !emotespells on
[2/6/2022 12:56:50] !emotespells on
[2/6/2022 12:58:54] !emotespells on
[2/6/2022 13:1:18] !emotespells on
[2/6/2022 13:3:27] !emotespells on
[2/6/2022 13:6:10] !emotespells on
[2/6/2022 13:8:21] !emotespells on
[2/6/2022 13:10:42] !emotespells on
[2/6/2022 13:12:24] !emotespells on
[2/6/2022 13:14:26] !emotespells on
[2/6/2022 13:16:40] !emotespells on
[2/6/2022 13:19:9] !emotespells on
[2/6/2022 13:21:25] !emotespells on
[2/6/2022 13:23:37] !emotespells on
[2/6/2022 13:25:28] !emotespells on
[2/6/2022 13:27:24] !emotespells on
[2/6/2022 13:29:3] !emotespells on
[2/6/2022 13:31:56] !emotespells on
[2/6/2022 13:34:50] !emotespells on
[2/6/2022 13:36:35] !emotespells on
[2/6/2022 13:40:15] !emotespells on
[2/6/2022 13:41:53] !emotespells on
[2/6/2022 14:11:36] !emotespells on
[2/6/2022 14:14:13] !emotespells on
[2/6/2022 14:16:39] !emotespells on
[2/6/2022 14:23:38] !aol
[2/6/2022 14:30:1] !emotespells on
[2/6/2022 14:33:34] !emotespells on
[2/6/2022 14:36:10] !emotespells on
[2/6/2022 14:38:43] !emotespells on
[2/6/2022 14:40:58] !emotespells on
[2/6/2022 14:43:22] !emotespells on
[2/6/2022 14:45:48] !emotespells on
[2/6/2022 14:48:9] !emotespells on
[2/6/2022 14:50:15] !emotespells on
[2/6/2022 14:52:16] !emotespells on
[2/6/2022 14:53:56] !emotespells on
[2/6/2022 14:55:56] !emotespells on
[2/6/2022 14:57:41] !emotespells on
[2/6/2022 14:59:37] !emotespells on
[2/6/2022 15:1:18] !emotespells on
[2/6/2022 15:3:49] !emotespells on
[2/6/2022 15:6:21] !emotespells on
[2/6/2022 15:8:43] !emotespells on
[2/6/2022 15:11:30] !emotespells on
[2/6/2022 15:13:14] !emotespells on
[2/6/2022 15:14:48] !emotespells on
[2/6/2022 15:17:43] !emotespells on
[2/6/2022 15:21:7] !emotespells on
[2/6/2022 15:22:43] !emotespells on
[2/6/2022 15:25:5] !emotespells on
[2/6/2022 15:27:18] !emotespells on
[2/6/2022 15:30:14] !emotespells on
[2/6/2022 15:31:46] !emotespells on
[2/6/2022 15:33:34] !emotespells on
[2/6/2022 15:35:33] !emotespells on
[2/6/2022 15:41:9] !emotespells on
[2/6/2022 15:43:16] !emotespells on
[2/6/2022 15:48:3] !emotespells on
[2/6/2022 15:50:23] !emotespells on
[2/6/2022 15:53:7] !emotespells on
[2/6/2022 15:55:33] !emotespells on
[2/6/2022 15:57:25] !emotespells on
[2/6/2022 15:59:40] !emotespells on
[2/6/2022 16:3:7] !emotespells on
[2/6/2022 16:6:36] !emotespells on
[2/6/2022 16:10:35] !emotespells on
[2/6/2022 16:15:29] !emotespells on
[2/6/2022 16:18:6] !serverinfo
[2/6/2022 16:19:5] !emotespells on
[2/6/2022 16:22:37] !emotespells on
[2/6/2022 16:26:0] !emotespells on
[2/6/2022 16:29:39] !emotespells on
[2/6/2022 16:32:56] !emotespells on
[2/6/2022 16:36:30] !emotespells on
[2/6/2022 16:40:8] !emotespells on
[2/6/2022 16:44:14] !emotespells on
[2/6/2022 16:49:10] !emotespells on
[2/6/2022 16:52:52] !emotespells on
[2/6/2022 16:56:22] !emotespells on
[2/6/2022 16:59:49] !emotespells on
[2/6/2022 17:3:23] !emotespells on
[2/6/2022 17:7:3] !emotespells on
[2/6/2022 17:9:55] !emotespells on
[2/6/2022 17:12:26] !emotespells on
[2/6/2022 17:15:56] !emotespells on
[2/6/2022 17:17:28] !emotespells on
[2/6/2022 17:19:32] !emotespells on
[2/6/2022 17:21:21] !emotespells on
[2/6/2022 17:23:36] !emotespells on
[2/6/2022 17:27:47] !emotespells on
[2/6/2022 17:29:50] !emotespells on
[2/6/2022 17:31:13] !emotespells on
[2/6/2022 17:33:38] !emotespells on
[2/6/2022 17:36:9] !emotespells on
[2/6/2022 17:37:43] !emotespells on
[2/6/2022 17:39:42] !emotespells on
[2/6/2022 17:41:41] !emotespells on
[2/6/2022 17:43:29] !emotespells on
[2/6/2022 17:45:17] !emotespells on
[2/6/2022 17:47:2] !emotespells on
[2/6/2022 17:49:44] !emotespells on
[2/6/2022 17:52:45] !emotespells on
[2/6/2022 17:53:55] !emotespells on
[2/6/2022 17:56:2] !emotespells on
[2/6/2022 17:59:2] !emotespells on
[2/6/2022 18:1:40] !emotespells on
[2/6/2022 18:3:58] !emotespells on
[2/6/2022 18:5:58] !emotespells on
[2/6/2022 18:7:43] !emotespells on
[2/6/2022 18:10:9] !emotespells on
[2/6/2022 18:11:11] !emotespells on
[2/6/2022 18:13:26] !emotespells on
[2/6/2022 18:15:56] !emotespells on
[2/6/2022 18:18:11] !emotespells on
[2/6/2022 18:20:17] !emotespells on
[2/6/2022 18:21:55] !emotespells on
[2/6/2022 18:23:50] !emotespells on
[2/6/2022 18:25:56] !emotespells on
[2/6/2022 18:27:33] !emotespells on
[2/6/2022 18:29:36] !emotespells on
[2/6/2022 18:33:48] !emotespells on
[2/6/2022 18:35:10] !emotespells on
[2/6/2022 18:36:34] !emotespells on
[2/6/2022 18:38:28] !emotespells on
[2/6/2022 18:40:14] !emotespells on
[2/6/2022 18:42:3] !emotespells on
[2/6/2022 18:43:42] !emotespells on
[2/6/2022 18:47:17] !emotespells on
[2/6/2022 18:49:0] !emotespells on
[2/6/2022 18:50:33] !emotespells on
[2/6/2022 18:52:28] !emotespells on
[2/6/2022 18:54:38] !emotespells on
[2/6/2022 18:56:37] !emotespells on
[2/6/2022 18:58:36] !emotespells on
[2/6/2022 19:0:35] !emotespells on
[2/6/2022 19:2:41] !emotespells on
[2/6/2022 19:4:20] !emotespells on
[2/6/2022 19:8:4] !emotespells on
[2/6/2022 19:9:13] !emotespells on
[2/6/2022 19:11:3] !emotespells on
[2/6/2022 19:12:51] !emotespells on
[2/6/2022 19:15:1] !emotespells on
[2/6/2022 19:17:8] !emotespells on
[2/6/2022 19:19:44] !emotespells on
[2/6/2022 19:21:33] !emotespells on
[2/6/2022 19:25:20] !emotespells on
[2/6/2022 19:27:33] !emotespells on
[2/6/2022 19:30:1] !emotespells on
[2/6/2022 19:31:58] !emotespells on
[2/6/2022 19:34:21] !emotespells on
[2/6/2022 19:36:59] !emotespells on
[2/6/2022 19:39:32] !emotespells on
[2/6/2022 19:41:56] !emotespells on
[2/6/2022 19:44:16] !emotespells on
[2/6/2022 19:46:33] !emotespells on
[2/6/2022 19:48:57] !emotespells on
[2/6/2022 19:51:25] !emotespells on
[2/6/2022 19:53:3] !emotespells on
[2/6/2022 19:55:0] !emotespells on
[2/6/2022 19:56:49] !emotespells on
[2/6/2022 19:58:34] !emotespells on
[2/6/2022 20:5:1] !aol
[2/6/2022 20:6:12] !emotespells on
[2/6/2022 20:12:37] !aol
[2/6/2022 21:6:15] !aol
[3/6/2022 5:13:57] !emotespells on
[3/6/2022 5:16:18] !emotespells on
[3/6/2022 5:17:36] !emotespells on
[3/6/2022 5:19:3] !emotespells on
[3/6/2022 5:20:46] !emotespells on
[3/6/2022 5:22:16] !emotespells on
[3/6/2022 5:24:46] !emotespells on
[3/6/2022 5:26:55] !emotespells on
[3/6/2022 5:28:14] !emotespells on
[3/6/2022 5:30:17] !emotespells on
[3/6/2022 5:31:36] !emotespells on
[3/6/2022 5:33:12] !emotespells on
[3/6/2022 5:34:24] !emotespells on
[3/6/2022 5:36:6] !emotespells on
[3/6/2022 5:37:30] !emotespells on
[3/6/2022 5:38:54] !emotespells on
[3/6/2022 5:40:19] !emotespells on
[3/6/2022 5:41:46] !emotespells on
[3/6/2022 5:43:28] !emotespells on
[3/6/2022 5:44:52] !emotespells on
[3/6/2022 5:46:8] !emotespells on
[3/6/2022 5:47:19] !emotespells on
[3/6/2022 5:48:57] !emotespells on
[3/6/2022 5:50:21] !emotespells on
[3/6/2022 5:51:41] !emotespells on
[3/6/2022 5:53:12] !emotespells on
[3/6/2022 5:54:42] !emotespells on
[3/6/2022 5:56:12] !emotespells on
[3/6/2022 5:57:15] !emotespells on
[3/6/2022 5:58:57] !emotespells on
[3/6/2022 6:0:5] !emotespells on
[3/6/2022 6:1:47] !emotespells on
[3/6/2022 6:3:17] !emotespells on
[3/6/2022 6:4:53] !emotespells on
[3/6/2022 6:5:59] !emotespells on
[3/6/2022 6:7:8] !emotespells on
[3/6/2022 6:9:18] !emotespells on
[3/6/2022 6:10:49] !emotespells on
[3/6/2022 6:12:27] !emotespells on
[3/6/2022 6:13:45] !emotespells on
[3/6/2022 6:14:10] !emotespells on
[3/6/2022 6:17:20] !emotespells on
[3/6/2022 6:19:12] !emotespells on
[3/6/2022 6:20:45] !emotespells on
[3/6/2022 6:22:12] !emotespells on
[3/6/2022 6:23:46] !emotespells on
[3/6/2022 6:25:58] !emotespells on
[3/6/2022 6:27:58] !emotespells on
[3/6/2022 6:29:16] !emotespells on
[3/6/2022 6:30:59] !emotespells on
[3/6/2022 6:32:14] !emotespells on
[3/6/2022 6:33:55] !emotespells on
[3/6/2022 6:35:13] !emotespells on
[3/6/2022 6:36:55] !emotespells on
[3/6/2022 6:38:16] !emotespells on
[3/6/2022 6:39:25] !emotespells on
[3/6/2022 6:41:49] !emotespells on
[3/6/2022 6:43:0] !emotespells on
[3/6/2022 6:44:23] !emotespells on
[3/6/2022 6:45:42] !emotespells on
[3/6/2022 6:47:15] !emotespells on
[3/6/2022 6:48:48] !emotespells on
[3/6/2022 6:50:4] !emotespells on
[3/6/2022 6:51:34] !emotespells on
[3/6/2022 6:53:35] !emotespells on
[3/6/2022 6:55:4] !emotespells on
[3/6/2022 6:56:56] !emotespells on
[3/6/2022 6:58:9] !emotespells on
[3/6/2022 6:59:26] !emotespells on
[3/6/2022 7:1:1] !emotespells on
[3/6/2022 7:3:35] !emotespells on
[3/6/2022 7:5:17] !emotespells on
[3/6/2022 7:6:37] !emotespells on
[3/6/2022 7:9:6] !emotespells on
[3/6/2022 7:10:22] !emotespells on
[3/6/2022 7:11:35] !emotespells on
[3/6/2022 7:13:19] !emotespells on
[3/6/2022 7:14:44] !emotespells on
[3/6/2022 7:16:22] !emotespells on
[3/6/2022 7:18:34] !emotespells on
[3/6/2022 7:21:6] !emotespells on
[3/6/2022 7:21:32] !emotespells on
[3/6/2022 7:24:28] !emotespells on
[3/6/2022 7:26:11] !emotespells on
[3/6/2022 7:27:43] !emotespells on
[3/6/2022 7:28:50] !emotespells on
[3/6/2022 7:30:18] !emotespells on
[3/6/2022 7:31:29] !emotespells on
[3/6/2022 7:33:9] !emotespells on
[3/6/2022 7:34:27] !emotespells on
[3/6/2022 7:36:20] !emotespells on
[3/6/2022 7:37:39] !emotespells on
[3/6/2022 7:39:47] !emotespells on
[3/6/2022 7:40:53] !emotespells on
[3/6/2022 7:43:4] !emotespells on
[3/6/2022 7:44:30] !emotespells on
[3/6/2022 7:46:18] !emotespells on
[3/6/2022 7:47:51] !emotespells on
[3/6/2022 7:49:4] !emotespells on
[3/6/2022 7:50:12] !emotespells on
[3/6/2022 7:51:45] !emotespells on
[3/6/2022 7:53:16] !emotespells on
[3/6/2022 7:55:7] !emotespells on
[3/6/2022 7:56:36] !emotespells on
[3/6/2022 7:58:26] !emotespells on
[3/6/2022 7:59:36] !emotespells on
[3/6/2022 8:0:57] !emotespells on
[3/6/2022 8:2:9] !emotespells on
[3/6/2022 8:3:54] !emotespells on
[3/6/2022 8:5:21] !emotespells on
[3/6/2022 8:7:28] !emotespells on
[3/6/2022 8:9:7] !emotespells on
[3/6/2022 8:10:56] !emotespells on
[3/6/2022 8:12:53] !emotespells on
[3/6/2022 8:14:50] !emotespells on
[3/6/2022 8:16:23] !emotespells on
[3/6/2022 8:17:47] !emotespells on
[3/6/2022 8:19:38] !emotespells on
[3/6/2022 8:20:55] !emotespells on
[3/6/2022 8:22:17] !emotespells on
[3/6/2022 8:24:30] !emotespells on
[3/6/2022 8:26:36] !emotespells on
[3/6/2022 8:27:58] !emotespells on
[3/6/2022 8:29:37] !emotespells on
[3/6/2022 8:31:0] !emotespells on
[3/6/2022 8:32:8] !emotespells on
[3/6/2022 8:33:29] !emotespells on
[3/6/2022 8:34:58] !emotespells on
[3/6/2022 8:36:22] !emotespells on
[3/6/2022 8:37:46] !emotespells on
[3/6/2022 8:39:3] !emotespells on
[3/6/2022 8:40:51] !emotespells on
[3/6/2022 8:42:35] !emotespells on
[3/6/2022 8:44:10] !emotespells on
[3/6/2022 8:45:36] !emotespells on
[3/6/2022 8:47:10] !emotespells on
[3/6/2022 8:48:28] !emotespells on
[3/6/2022 8:49:48] !emotespells on
[3/6/2022 8:51:30] !emotespells on
[3/6/2022 8:52:35] !emotespells on
[3/6/2022 9:16:29] !aol
[3/6/2022 9:28:38] !aol
[3/6/2022 9:35:58] !emotespells on
[3/6/2022 9:38:34] !emotespells on
[3/6/2022 9:40:44] !emotespells on
[3/6/2022 9:42:20] !emotespells on
[3/6/2022 9:44:12] !emotespells on
[3/6/2022 9:46:4] !emotespells on
[3/6/2022 9:47:39] !emotespells on
[3/6/2022 9:49:7] !emotespells on
[3/6/2022 9:50:8] !emotespells on
[3/6/2022 9:53:59] !emotespells on
[3/6/2022 9:56:14] !emotespells on
[3/6/2022 9:58:14] !emotespells on
[3/6/2022 9:59:43] !emotespells on
[3/6/2022 10:1:1] !emotespells on
[3/6/2022 10:3:50] !emotespells on
[3/6/2022 10:5:8] !emotespells on
[3/6/2022 10:6:38] !emotespells on
[3/6/2022 10:9:0] !emotespells on
[3/6/2022 10:10:25] !emotespells on
[3/6/2022 10:11:43] !emotespells on
[3/6/2022 10:13:19] !emotespells on
[3/6/2022 10:14:35] !emotespells on
[3/6/2022 10:16:6] !emotespells on
[3/6/2022 10:17:34] !emotespells on
[3/6/2022 10:18:42] !emotespells on
[3/6/2022 10:20:16] !emotespells on
[3/6/2022 10:21:37] !emotespells on
[3/6/2022 10:23:1] !emotespells on
[3/6/2022 10:24:40] !emotespells on
[3/6/2022 10:26:18] !emotespells on
[3/6/2022 10:27:28] !emotespells on
[3/6/2022 10:28:59] !emotespells on
[3/6/2022 10:30:32] !emotespells on
[3/6/2022 10:31:49] !emotespells on
[3/6/2022 10:33:7] !emotespells on
[3/6/2022 10:34:37] !emotespells on
[3/6/2022 10:36:21] !emotespells on
[3/6/2022 10:37:38] !emotespells on
[3/6/2022 10:38:40] !emotespells on
[3/6/2022 10:40:14] !emotespells on
[3/6/2022 10:41:30] !emotespells on
[3/6/2022 10:43:5] !emotespells on
[3/6/2022 10:44:20] !emotespells on
[3/6/2022 10:45:51] !emotespells on
[3/6/2022 10:47:13] !emotespells on
[3/6/2022 10:48:43] !emotespells on
[3/6/2022 10:50:8] !emotespells on
[3/6/2022 10:51:44] !emotespells on
[3/6/2022 10:55:1] !emotespells on
[3/6/2022 10:56:40] !emotespells on
[3/6/2022 10:58:58] !emotespells on
[3/6/2022 11:1:17] !emotespells on
[3/6/2022 11:2:40] !emotespells on
[3/6/2022 11:4:19] !emotespells on
[3/6/2022 11:6:0] !emotespells on
[3/6/2022 11:7:55] !emotespells on
[3/6/2022 11:10:12] !emotespells on
[3/6/2022 11:12:2] !emotespells on
[3/6/2022 11:13:45] !emotespells on
[3/6/2022 11:15:25] !emotespells on
[3/6/2022 11:16:38] !emotespells on
[3/6/2022 11:18:6] !emotespells on
[3/6/2022 11:20:6] !emotespells on
[3/6/2022 11:21:21] !emotespells on
[3/6/2022 11:23:35] !emotespells on
[3/6/2022 11:24:56] !emotespells on
[3/6/2022 11:26:49] !emotespells on
[3/6/2022 11:28:23] !emotespells on
[3/6/2022 11:29:54] !emotespells on
[3/6/2022 11:31:16] !emotespells on
[3/6/2022 11:32:43] !emotespells on
[3/6/2022 11:34:8] !emotespells on
[3/6/2022 11:35:28] !emotespells on
[3/6/2022 11:37:9] !emotespells on
[3/6/2022 11:38:41] !emotespells on
[3/6/2022 11:40:6] !emotespells on
[3/6/2022 11:41:30] !emotespells on
[3/6/2022 11:42:49] !emotespells on
[3/6/2022 11:44:26] !emotespells on
[3/6/2022 11:46:12] !emotespells on
[3/6/2022 11:48:5] !emotespells on
[3/6/2022 11:49:57] !emotespells on
[3/6/2022 11:51:49] !emotespells on
[3/6/2022 11:53:2] !emotespells on
[3/6/2022 11:54:29] !emotespells on
[3/6/2022 11:55:40] !emotespells on
[3/6/2022 11:57:14] !emotespells on
[3/6/2022 11:58:48] !emotespells on
[3/6/2022 12:1:8] !emotespells on
[3/6/2022 12:2:41] !emotespells on
[3/6/2022 12:5:36] !emotespells on
[3/6/2022 12:7:7] !emotespells on
[3/6/2022 12:9:50] !emotespells on
[3/6/2022 12:11:53] !emotespells on
[3/6/2022 12:13:20] !emotespells on
[3/6/2022 12:14:40] !emotespells on
[3/6/2022 12:16:18] !emotespells on
[3/6/2022 12:17:46] !emotespells on
[3/6/2022 12:19:3] !emotespells on
[3/6/2022 12:20:30] !emotespells on
[3/6/2022 12:21:42] !emotespells on
[3/6/2022 12:23:15] !emotespells on
[3/6/2022 12:24:28] !emotespells on
[3/6/2022 12:25:52] !emotespells on
[3/6/2022 12:27:1] !emotespells on
[3/6/2022 12:28:46] !emotespells on
[3/6/2022 12:30:19] !emotespells on
[3/6/2022 12:31:30] !emotespells on
[3/6/2022 12:33:16] !emotespells on
[3/6/2022 12:34:28] !emotespells on
[3/6/2022 12:36:15] !emotespells on
[3/6/2022 12:37:36] !emotespells on
[3/6/2022 12:38:42] !emotespells on
[3/6/2022 12:40:26] !emotespells on
[3/6/2022 12:41:32] !emotespells on
[3/6/2022 12:43:52] !emotespells on
[3/6/2022 12:45:45] !emotespells on
[3/6/2022 12:47:18] !emotespells on
[3/6/2022 12:48:56] !emotespells on
[3/6/2022 12:50:1] !emotespells on
[3/6/2022 12:51:43] !emotespells on
[3/6/2022 12:53:36] !emotespells on
[3/6/2022 12:55:9] !emotespells on
[3/6/2022 12:56:21] !emotespells on
[3/6/2022 12:57:31] !emotespells on
[3/6/2022 12:59:15] !emotespells on
[3/6/2022 13:1:10] !emotespells on
[3/6/2022 13:3:32] !emotespells on
[3/6/2022 13:5:27] !emotespells on
[3/6/2022 13:7:31] !emotespells on
[3/6/2022 13:10:5] !emotespells on
[3/6/2022 13:11:25] !emotespells on
[3/6/2022 13:12:41] !emotespells on
[3/6/2022 13:14:7] !emotespells on
[3/6/2022 13:15:25] !emotespells on
[3/6/2022 13:16:56] !emotespells on
[3/6/2022 13:18:15] !emotespells on
[3/6/2022 13:19:24] !emotespells on
[3/6/2022 13:20:52] !emotespells on
[3/6/2022 13:22:9] !emotespells on
[3/6/2022 13:23:49] !emotespells on
[3/6/2022 13:25:46] !emotespells on
[3/6/2022 13:27:4] !emotespells on
[3/6/2022 13:28:31] !emotespells on
[3/6/2022 13:30:37] !emotespells on
[3/6/2022 13:32:25] !emotespells on
[3/6/2022 13:34:1] !emotespells on
[3/6/2022 13:35:31] !emotespells on
[3/6/2022 13:37:1] !emotespells on
[3/6/2022 13:38:14] !emotespells on
[3/6/2022 13:42:5] !emotespells on
[3/6/2022 13:44:5] !emotespells on
[3/6/2022 13:46:15] !emotespells on
[3/6/2022 13:48:39] !emotespells on
[3/6/2022 13:51:53] !emotespells on
[3/6/2022 13:54:16] !emotespells on
[3/6/2022 13:56:52] !emotespells on
[3/6/2022 13:59:5] !emotespells on
[3/6/2022 14:2:45] !emotespells on
[3/6/2022 14:5:22] !emotespells on
[3/6/2022 14:7:59] !emotespells on
[3/6/2022 14:9:48] !emotespells on
[3/6/2022 14:11:45] !emotespells on
[3/6/2022 14:13:21] !emotespells on
[3/6/2022 14:14:42] !emotespells on
[3/6/2022 14:16:31] !emotespells on
[3/6/2022 14:17:50] !emotespells on
[3/6/2022 14:20:58] !emotespells on
[3/6/2022 14:23:19] !emotespells on
[3/6/2022 14:25:56] !emotespells on
[3/6/2022 14:27:23] !emotespells on
[3/6/2022 14:28:45] !emotespells on
[3/6/2022 14:31:30] !emotespells on
[3/6/2022 14:33:34] !emotespells on
[3/6/2022 14:35:49] !emotespells on
[3/6/2022 14:38:58] !emotespells on
[3/6/2022 14:40:49] !emotespells on
[3/6/2022 14:42:18] !emotespells on
[3/6/2022 14:44:46] !emotespells on
[3/6/2022 14:48:16] !emotespells on
[3/6/2022 14:52:34] !emotespells on
[3/6/2022 14:54:27] !emotespells on
[3/6/2022 14:55:53] !emotespells on
[3/6/2022 14:57:43] !emotespells on
[3/6/2022 15:0:32] !emotespells on
[3/6/2022 15:2:28] !emotespells on
[3/6/2022 15:4:7] !emotespells on
[3/6/2022 15:6:4] !emotespells on
[3/6/2022 15:7:47] !emotespells on
[3/6/2022 15:10:5] !emotespells on
[3/6/2022 15:12:39] !emotespells on
[3/6/2022 15:14:30] !emotespells on
[3/6/2022 15:15:47] !emotespells on
[3/6/2022 15:17:54] !emotespells on
[3/6/2022 15:22:6] !emotespells on
[3/6/2022 15:30:46] !emotespells on
[3/6/2022 15:33:21] !aol
[3/6/2022 21:33:7] !emotespells on
[3/6/2022 21:34:8] !emotespells on
[3/6/2022 22:8:50] !emotespells on
[3/6/2022 22:51:44] !emotespells on
[3/6/2022 23:31:9] !emotespells on
[3/6/2022 23:54:25] !aol
[3/6/2022 23:54:32] !emotespells on
[4/6/2022 0:30:43] !emotespells on
[4/6/2022 1:4:39] !emotespells on
[4/6/2022 1:39:20] !emotespells on
[4/6/2022 2:12:8] !emotespells on
[4/6/2022 2:47:29] !emotespells on
[4/6/2022 3:24:36] !emotespells on
[4/6/2022 3:58:5] !emotespells on
[4/6/2022 4:37:12] !emotespells on
[4/6/2022 5:21:14] !emotespells on
[4/6/2022 5:58:14] !emotespells on
[4/6/2022 6:32:8] !emotespells on
[4/6/2022 7:8:44] !emotespells on
[4/6/2022 7:44:47] !emotespells on
[4/6/2022 8:20:56] !emotespells on
[4/6/2022 9:3:20] !emotespells on
[4/6/2022 9:42:0] !emotespells on
[4/6/2022 12:45:21] !online
[5/6/2022 9:46:37] !emotespells on
[5/6/2022 10:25:57] !emotespells on
[5/6/2022 11:3:36] !emotespells on
[5/6/2022 11:38:11] !emotespells on
[5/6/2022 12:17:24] !emotespells on
[5/6/2022 12:51:46] !emotespells on
[5/6/2022 13:25:27] !aol
[5/6/2022 14:1:44] !emotespells on
[5/6/2022 14:34:1] !emotespells on
[5/6/2022 14:57:40] !emotespells on
[5/6/2022 15:27:30] !emotespells on
[5/6/2022 15:57:8] !emotespells on
[5/6/2022 16:26:44] !emotespells on
[5/6/2022 16:51:21] !emotespells on
[5/6/2022 17:16:24] !emotespells on
[5/6/2022 17:44:24] !emotespells on
[5/6/2022 18:8:26] !emotespells on
[6/6/2022 10:53:47] !frags
[6/6/2022 15:39:15] !aol
[6/6/2022 16:3:25] !aol
[6/6/2022 16:28:54] !frags
[6/6/2022 17:29:24] !emotespells on
[6/6/2022 18:12:47] !emotespells on
[6/6/2022 18:40:27] !emotespells on
[6/6/2022 18:57:29] !aol
[6/6/2022 18:57:35] !emotespells on
[6/6/2022 19:21:58] !emotespells on
[6/6/2022 19:41:14] !aol
[6/6/2022 19:41:20] !emotespells on
[6/6/2022 20:11:0] !emotespells on
[6/6/2022 20:50:24] !emotespells on
[6/6/2022 21:16:15] !aol
[6/6/2022 21:16:24] !emotespells on
[6/6/2022 21:37:17] !emotespells on
[7/6/2022 10:28:17] !online
[7/6/2022 14:12:53] !frags
