[14/2/2022 23:27:21] !aol
[15/2/2022 0:29:32] !aol
[15/2/2022 14:31:28] !rank ditance
[15/2/2022 14:31:33] !rank distance
[15/2/2022 21:4:48] !aol
[15/2/2022 22:8:7] !aol
[16/2/2022 11:35:37] !frags
[16/2/2022 14:7:42] !rank distance
[16/2/2022 14:7:49] !rank magic
[18/2/2022 13:24:47] !frags
[18/2/2022 13:36:29] !frags
[18/2/2022 17:57:45] !aol
[18/2/2022 21:46:29] !aol
[19/2/2022 4:32:58] !aol
[19/2/2022 7:4:9] !aol
[19/2/2022 12:53:38] !aol
[19/2/2022 16:38:30] !frags
[19/2/2022 19:35:36] !aol
[19/2/2022 23:43:28] !aol
[20/2/2022 10:7:7] !frags
[20/2/2022 11:5:16] !frags
[20/2/2022 12:36:35] !aol
[20/2/2022 18:17:34] !emotespells
[20/2/2022 18:17:47] !emotespells on
[24/2/2022 9:0:54] !emotespells on
[24/2/2022 9:33:32] !rank distance
[24/2/2022 10:25:31] !rank distance
[24/2/2022 10:25:37] !rank distance
[24/2/2022 12:1:33] !rank distance
[24/2/2022 18:2:43] !aol
[24/2/2022 18:39:53] !aol
[25/2/2022 17:3:10] !aol
[26/2/2022 5:14:47] !rank distance
[5/3/2022 14:2:43] !online
[5/3/2022 23:6:17] !online
[6/3/2022 12:3:44] !online
[6/3/2022 12:3:50] !rank
[6/3/2022 12:3:52] !rank level
