[11/12/2021 5:17:28] !online
[13/12/2021 19:49:6] !wand ice
[14/12/2021 17:28:34] !wand ice
[14/12/2021 17:28:49] !wand death
[14/12/2021 17:29:6] !wand death
[14/12/2021 19:3:35] !wand ice
[15/12/2021 0:25:15] !wand ice
[15/12/2021 1:1:58] !wand ice
[15/12/2021 5:5:58] !wand ice
[15/12/2021 5:6:3] !wand death
[15/12/2021 5:6:10] !wand death
[15/12/2021 18:21:9] !wand ice
[15/12/2021 21:18:36] !wand fire
[15/12/2021 21:18:48] !wand death
[15/12/2021 21:18:53] !wand death
[15/12/2021 21:19:3] !wand death
[15/12/2021 21:19:12] !wand holy
[16/12/2021 13:4:38] !online
[16/12/2021 13:12:58] !wand ice
[16/12/2021 19:6:8] !wand ice
[16/12/2021 22:4:30] !online
[17/12/2021 14:21:32] !wand fire
[17/12/2021 14:21:39] !wand death
[17/12/2021 14:21:48] !wand death
[17/12/2021 14:21:58] !wand death
[17/12/2021 14:22:13] !wand death
[17/12/2021 14:23:14] !wand ice
[18/12/2021 5:3:50] !wand ice
[20/12/2021 17:8:2] !online
[20/12/2021 17:14:57] !wand ice
[21/12/2021 3:1:32] !wand fire
[21/12/2021 3:1:45] !wand holy
[21/12/2021 3:2:14] !wand holy
[21/12/2021 3:7:8] !wand ice
[21/12/2021 3:7:16] !wand fire
[21/12/2021 3:7:26] !wand fire
[21/12/2021 3:7:52] !wand fire
[21/12/2021 3:10:56] !wand ice
[21/12/2021 3:27:8] !wand holy
[21/12/2021 3:27:23] !wand ice
[21/12/2021 3:29:25] !wand ice
[21/12/2021 18:11:28] !wand ice
[21/12/2021 22:22:34] !wand ice
[23/12/2021 0:51:46] !wand ice
[23/12/2021 0:52:37] !wand ice
[23/12/2021 0:58:45] !online
[10/2/2022 20:50:13] !online
[10/2/2022 21:28:31] !online
[10/2/2022 21:33:14] !online
[10/2/2022 21:36:30] !online
[10/2/2022 22:42:53] !online
[10/2/2022 23:17:7] !online
[12/2/2022 19:49:58] 
[18/2/2022 19:3:8] 
[19/2/2022 14:33:12] !online
