[13/2/2022 23:34:20] !online
[14/2/2022 0:30:27] !emotespells on
[14/2/2022 2:49:48] !online
[14/2/2022 12:47:16] !aol
[14/2/2022 14:31:5] !online
[14/2/2022 16:47:1] !online
[14/2/2022 20:51:56] !rank
[14/2/2022 20:52:1] !rank level
[15/2/2022 3:12:26] !buyhouse
[15/2/2022 3:14:7] !leavehouse
[15/2/2022 3:14:30] !buyhouse
[15/2/2022 3:14:34] !buyhouse
[15/2/2022 3:14:36] !buyhouse
[15/2/2022 3:15:6] !buyhouse
[15/2/2022 3:15:12] !buyhouse
[15/2/2022 20:43:27] !online
[15/2/2022 21:25:31] !rank level
[15/2/2022 22:25:26] !frags
[15/2/2022 22:53:26] !online
[15/2/2022 23:0:41] !online
[16/2/2022 2:40:28] !rank magic
[16/2/2022 20:1:52] !frags
[18/2/2022 4:31:56] !online
[18/2/2022 4:32:0] !online
[18/2/2022 4:32:6] !online
[19/2/2022 3:24:13] !online
[19/2/2022 3:24:16] !online
[19/2/2022 3:24:18] !online
[19/2/2022 5:16:27] !rank level
[19/2/2022 23:58:41] !addon mage
[19/2/2022 23:58:55] !addon oriental
[21/2/2022 6:4:31] !online
[21/2/2022 18:33:16] !online
[23/2/2022 22:25:14] !rank level
