[10/12/2021 23:50:14] !emotespells on
[11/12/2021 0:7:28] !wand ice
[11/12/2021 0:55:55] !aol
[11/12/2021 1:46:53] !aol
[11/12/2021 2:26:36] !aol
[11/12/2021 7:16:22] !aol
[11/12/2021 7:21:41] !wand ice
[11/12/2021 10:35:22] !wand ice
[11/12/2021 10:40:10] !frags
[11/12/2021 11:28:19] !wand ice
[11/12/2021 17:8:55] !frags
[11/12/2021 17:12:26] !rank level
[11/12/2021 17:30:3] !rank level
[11/12/2021 18:52:18] !rank level
[11/12/2021 19:3:14] !aol
[11/12/2021 19:4:46] !wand ice
[11/12/2021 19:16:26] !wand earth
[11/12/2021 19:24:16] !wand ice
[11/12/2021 19:27:22] !wand ice
[11/12/2021 20:6:24] !rank level
[11/12/2021 22:48:12] !aol
[11/12/2021 22:51:8] !wand ice
[12/12/2021 8:15:33] !rank level
[12/12/2021 8:22:38] !wand ice
[12/12/2021 8:28:32] !rank level
[12/12/2021 8:30:23] !rank level
[12/12/2021 8:44:54] !wand earth
[12/12/2021 9:4:52] !wand energy
[12/12/2021 9:10:39] !wand energy
[12/12/2021 9:16:21] !aol
[12/12/2021 9:16:25] !wand ice
[12/12/2021 9:18:22] !rank level
[12/12/2021 9:21:48] !rank magic
[12/12/2021 11:29:22] !rank level
[12/12/2021 15:33:22] !rank level
[12/12/2021 19:38:11] !aol
[12/12/2021 20:20:28] !rank level
[12/12/2021 20:54:52] !rank level
[12/12/2021 21:1:26] !frags
[12/12/2021 21:6:10] !frags
[12/12/2021 21:14:39] !frags
[12/12/2021 21:41:22] !frags
[12/12/2021 21:49:2] !frags
[12/12/2021 21:54:22] !frags
[12/12/2021 21:56:26] !frags
[12/12/2021 21:58:20] !frags
[12/12/2021 22:4:5] !frags
[12/12/2021 22:36:59] !frags
[12/12/2021 23:54:55] !online
[13/12/2021 7:12:53] !frags
[13/12/2021 7:13:12] !aol
[13/12/2021 7:35:0] !rank level
[13/12/2021 7:37:26] !wand earth
[13/12/2021 7:37:29] !wand earth
[13/12/2021 8:53:18] !aol
[13/12/2021 10:56:15] !wand ice
[13/12/2021 19:29:46] !frags
[13/12/2021 19:41:11] !wand ice
[13/12/2021 21:54:14] !frags
[13/12/2021 21:59:11] !aol
[13/12/2021 22:1:25] !frags
[13/12/2021 23:34:10] !wand ice
[13/12/2021 23:34:41] !frags
[13/12/2021 23:36:37] !rank level
[14/12/2021 7:12:22] !wand ice
[14/12/2021 21:0:33] !frags
[14/12/2021 21:3:32] !frags
[14/12/2021 21:24:22] !wand death
[14/12/2021 22:2:0] !rank level
[14/12/2021 22:50:54] !wand ice
[14/12/2021 23:30:0] !rank level
[14/12/2021 23:36:0] !rank level
[14/12/2021 23:37:28] !wand earth
[14/12/2021 23:43:53] !wand earth
[14/12/2021 23:46:56] !wand ice
[14/12/2021 23:55:42] !frags
[15/12/2021 0:1:40] !frags
[15/12/2021 0:3:12] !frags
[15/12/2021 0:4:14] !online
[15/12/2021 7:19:31] !wand energy
[15/12/2021 7:30:36] !wand energy
[15/12/2021 7:39:57] !wand energy
[15/12/2021 7:40:17] !wand energy
[15/12/2021 7:40:53] !rank level
[15/12/2021 7:48:39] !frags
[15/12/2021 8:2:56] !wand energy
[15/12/2021 9:13:53] !wand energy
[15/12/2021 9:25:57] !wand energy
[15/12/2021 9:50:53] !wand energy
[15/12/2021 10:16:36] !wand energy
[15/12/2021 10:40:23] !wand energy
[15/12/2021 11:17:35] !wand energy
[15/12/2021 11:17:43] !frags
[15/12/2021 11:42:13] !wand energy
[15/12/2021 12:5:59] !wand energy
[15/12/2021 12:31:20] !wand energy
[15/12/2021 12:46:14] !frags
[15/12/2021 12:56:20] !wand energy
[15/12/2021 13:21:53] !wand energy
[15/12/2021 13:43:29] !wand energy
[15/12/2021 13:58:52] !wand energy
[15/12/2021 14:26:45] !wand energy
[15/12/2021 14:49:55] !wand energy
[15/12/2021 15:16:32] !wand energy
[15/12/2021 15:30:2] !frags
[15/12/2021 15:41:59] !wand energy
[15/12/2021 16:6:50] !wand energy
[15/12/2021 16:13:21] !wand energy
[15/12/2021 16:13:27] !wand energy
[15/12/2021 16:18:5] !frags
[15/12/2021 16:35:39] !wand energy
[15/12/2021 17:1:50] !wand energy
[15/12/2021 17:23:45] !wand energy
[15/12/2021 18:25:33] !wand energy
[15/12/2021 18:51:7] !wand energy
[15/12/2021 18:51:48] !wand energy
[15/12/2021 19:29:57] !wand ice
[16/12/2021 0:6:18] !frags
[16/12/2021 7:17:8] !wand energy
[16/12/2021 7:40:50] !wand energy
[16/12/2021 8:1:40] !rank level
[16/12/2021 8:5:44] !wand energy
[16/12/2021 8:30:51] !wand energy
[16/12/2021 8:59:14] !wand energy
[16/12/2021 9:11:9] !wand energy
[16/12/2021 9:21:30] !wand ice
[16/12/2021 10:31:55] !rank level
[16/12/2021 11:25:48] !wand holy
[16/12/2021 14:24:24] !online
[16/12/2021 17:1:32] !online
[17/12/2021 23:3:58] !wand ice
[17/12/2021 23:5:5] !rank level
[18/12/2021 8:19:59] !wand ice
[18/12/2021 8:26:6] !online
[18/12/2021 8:26:19] !wand ice
[18/12/2021 21:53:51] !online
[18/12/2021 22:46:48] !wand holy
[19/12/2021 0:59:26] !wand energy
[19/12/2021 10:35:28] !wand energy
[19/12/2021 10:38:40] !wand energy
[19/12/2021 10:59:17] !wand energy
[19/12/2021 11:21:57] !wand energy
[19/12/2021 22:4:50] !wand death
[19/12/2021 22:34:40] !wand holy
[19/12/2021 22:35:26] !online
[19/12/2021 22:53:3] !wand earth
[19/12/2021 22:57:56] !wand ice
[19/12/2021 22:59:1] !frags
[20/12/2021 21:16:19] !wand ddeath
[20/12/2021 21:16:22] !wand death
[20/12/2021 22:4:21] !wand death
[20/12/2021 22:54:29] !wand ice
[21/12/2021 11:4:32] !wand ice
[26/12/2021 21:10:32] !rank level
