[13/2/2022 6:1:54] !frags
[13/2/2022 13:12:18] 
[15/2/2022 19:53:36] !addon barbarian
[18/2/2022 16:51:18] !emotespells on
[18/2/2022 16:52:14] !emotespells on
[18/2/2022 16:53:10] !emotespells on
[18/2/2022 16:54:6] !emotespells on
[18/2/2022 16:55:2] !emotespells on
[18/2/2022 16:55:58] !emotespells on
[18/2/2022 16:56:54] !emotespells on
[18/2/2022 16:57:50] !emotespells on
[18/2/2022 16:58:46] !emotespells on
[18/2/2022 16:59:42] !emotespells on
[18/2/2022 17:0:38] !emotespells on
[18/2/2022 17:1:34] !emotespells on
[18/2/2022 17:2:30] !emotespells on
[18/2/2022 17:3:26] !emotespells on
[18/2/2022 17:4:22] !emotespells on
[18/2/2022 17:5:18] !emotespells on
[18/2/2022 17:6:14] !emotespells on
[18/2/2022 17:7:10] !emotespells on
[18/2/2022 17:8:6] !emotespells on
[18/2/2022 17:9:2] !emotespells on
[18/2/2022 17:9:58] !emotespells on
[18/2/2022 17:10:54] !emotespells on
[18/2/2022 17:11:50] !emotespells on
[18/2/2022 17:12:46] !emotespells on
[18/2/2022 17:13:42] !emotespells on
[18/2/2022 17:14:38] !emotespells on
[18/2/2022 17:15:34] !emotespells on
[18/2/2022 17:16:30] !emotespells on
[18/2/2022 17:17:26] !emotespells on
[18/2/2022 17:18:22] !emotespells on
[18/2/2022 17:19:18] !emotespells on
[18/2/2022 17:20:14] !emotespells on
[18/2/2022 17:21:10] !emotespells on
[18/2/2022 17:22:6] !emotespells on
[18/2/2022 17:23:2] !emotespells on
[18/2/2022 17:23:58] !emotespells on
[18/2/2022 17:24:54] !emotespells on
[18/2/2022 17:25:50] !emotespells on
[18/2/2022 17:26:46] !emotespells on
[18/2/2022 17:27:42] !emotespells on
[18/2/2022 17:28:38] !emotespells on
[18/2/2022 17:29:34] !emotespells on
[18/2/2022 17:30:30] !emotespells on
[18/2/2022 17:31:26] !emotespells on
[18/2/2022 17:32:22] !emotespells on
[18/2/2022 17:33:18] !emotespells on
[18/2/2022 17:34:14] !emotespells on
[18/2/2022 17:35:10] !emotespells on
[18/2/2022 17:36:6] !emotespells on
[18/2/2022 17:37:2] !emotespells on
[18/2/2022 17:37:58] !emotespells on
[18/2/2022 17:38:54] !emotespells on
[18/2/2022 17:39:50] !emotespells on
[18/2/2022 17:40:46] !emotespells on
[18/2/2022 17:41:42] !emotespells on
[18/2/2022 17:42:38] !emotespells on
[18/2/2022 17:43:34] !emotespells on
[18/2/2022 17:44:30] !emotespells on
[18/2/2022 17:45:26] !emotespells on
[18/2/2022 17:46:22] !emotespells on
[18/2/2022 17:47:18] !emotespells on
[18/2/2022 17:48:14] !emotespells on
[18/2/2022 17:49:10] !emotespells on
[18/2/2022 17:50:6] !emotespells on
[18/2/2022 17:51:2] !emotespells on
[18/2/2022 17:51:58] !emotespells on
[18/2/2022 17:52:54] !emotespells on
[18/2/2022 17:53:50] !emotespells on
[18/2/2022 17:54:46] !emotespells on
[18/2/2022 17:55:42] !emotespells on
[18/2/2022 17:56:38] !emotespells on
[18/2/2022 17:57:34] !emotespells on
[18/2/2022 17:58:30] !emotespells on
[18/2/2022 17:59:26] !emotespells on
[18/2/2022 18:0:22] !emotespells on
[18/2/2022 18:1:18] !emotespells on
[18/2/2022 18:2:14] !emotespells on
[18/2/2022 18:3:10] !emotespells on
[18/2/2022 18:4:6] !emotespells on
[18/2/2022 18:5:2] !emotespells on
[18/2/2022 18:5:58] !emotespells on
[18/2/2022 18:6:54] !emotespells on
[18/2/2022 18:7:50] !emotespells on
[18/2/2022 18:8:46] !emotespells on
[18/2/2022 18:9:42] !emotespells on
[18/2/2022 18:10:38] !emotespells on
[18/2/2022 18:11:34] !emotespells on
[18/2/2022 18:12:30] !emotespells on
[18/2/2022 18:13:26] !emotespells on
[18/2/2022 18:14:22] !emotespells on
[18/2/2022 18:15:18] !emotespells on
[18/2/2022 18:16:14] !emotespells on
[18/2/2022 18:17:10] !emotespells on
[18/2/2022 18:18:6] !emotespells on
[18/2/2022 18:19:2] !emotespells on
[18/2/2022 18:19:58] !emotespells on
[18/2/2022 18:20:54] !emotespells on
[18/2/2022 18:21:50] !emotespells on
[18/2/2022 18:22:46] !emotespells on
[18/2/2022 18:23:42] !emotespells on
[18/2/2022 18:24:38] !emotespells on
[18/2/2022 18:25:34] !emotespells on
[18/2/2022 18:26:30] !emotespells on
[18/2/2022 18:27:26] !emotespells on
[18/2/2022 18:28:22] !emotespells on
[18/2/2022 18:29:18] !emotespells on
[18/2/2022 18:30:14] !emotespells on
[18/2/2022 18:31:10] !emotespells on
[18/2/2022 18:32:6] !emotespells on
[18/2/2022 18:33:2] !emotespells on
[18/2/2022 18:33:58] !emotespells on
[18/2/2022 18:34:54] !emotespells on
[18/2/2022 18:35:50] !emotespells on
[18/2/2022 18:36:46] !emotespells on
[18/2/2022 18:37:42] !emotespells on
[18/2/2022 18:38:38] !emotespells on
[18/2/2022 18:39:34] !emotespells on
[18/2/2022 18:40:30] !emotespells on
[18/2/2022 18:41:26] !emotespells on
[18/2/2022 18:42:22] !emotespells on
[18/2/2022 18:43:18] !emotespells on
[18/2/2022 18:44:14] !emotespells on
[18/2/2022 18:45:10] !emotespells on
[18/2/2022 18:46:6] !emotespells on
[18/2/2022 18:47:2] !emotespells on
[18/2/2022 18:47:58] !emotespells on
[18/2/2022 18:48:54] !emotespells on
[18/2/2022 18:49:50] !emotespells on
[18/2/2022 18:50:46] !emotespells on
[18/2/2022 18:51:42] !emotespells on
[18/2/2022 18:52:38] !emotespells on
[18/2/2022 18:53:34] !emotespells on
[18/2/2022 18:54:30] !emotespells on
[18/2/2022 18:55:26] !emotespells on
[18/2/2022 18:56:22] !emotespells on
[18/2/2022 18:57:18] !emotespells on
[18/2/2022 18:58:14] !emotespells on
[18/2/2022 18:59:10] !emotespells on
[18/2/2022 19:0:6] !emotespells on
[18/2/2022 19:1:2] !emotespells on
[18/2/2022 19:1:58] !emotespells on
[18/2/2022 19:2:54] !emotespells on
[18/2/2022 19:3:50] !emotespells on
[18/2/2022 19:4:46] !emotespells on
[18/2/2022 19:5:42] !emotespells on
[18/2/2022 19:6:38] !emotespells on
[18/2/2022 19:7:34] !emotespells on
[18/2/2022 19:8:30] !emotespells on
[18/2/2022 19:9:26] !emotespells on
[18/2/2022 19:10:22] !emotespells on
[18/2/2022 19:11:18] !emotespells on
[18/2/2022 19:12:14] !emotespells on
[18/2/2022 19:13:10] !emotespells on
[18/2/2022 19:14:6] !emotespells on
[18/2/2022 19:15:2] !emotespells on
[18/2/2022 19:15:58] !emotespells on
[18/2/2022 19:16:54] !emotespells on
[18/2/2022 19:17:50] !emotespells on
[18/2/2022 19:18:46] !emotespells on
[18/2/2022 19:19:42] !emotespells on
[18/2/2022 19:20:38] !emotespells on
[18/2/2022 19:21:34] !emotespells on
[18/2/2022 19:22:30] !emotespells on
[18/2/2022 19:23:26] !emotespells on
[18/2/2022 19:24:22] !emotespells on
[18/2/2022 19:25:18] !emotespells on
[18/2/2022 19:26:14] !emotespells on
[18/2/2022 19:27:10] !emotespells on
[18/2/2022 19:28:6] !emotespells on
[18/2/2022 19:29:2] !emotespells on
[18/2/2022 19:29:58] !emotespells on
[18/2/2022 19:30:54] !emotespells on
[18/2/2022 19:31:50] !emotespells on
[18/2/2022 19:32:46] !emotespells on
[18/2/2022 19:33:42] !emotespells on
[18/2/2022 19:34:38] !emotespells on
[18/2/2022 19:35:34] !emotespells on
[18/2/2022 19:36:30] !emotespells on
[18/2/2022 19:37:26] !emotespells on
[18/2/2022 19:38:22] !emotespells on
[18/2/2022 19:39:18] !emotespells on
[18/2/2022 19:57:7] !emotespells on
[18/2/2022 19:58:3] !emotespells on
[18/2/2022 19:58:59] !emotespells on
[18/2/2022 19:59:55] !emotespells on
[18/2/2022 20:0:51] !emotespells on
[18/2/2022 20:1:47] !emotespells on
[18/2/2022 20:2:43] !emotespells on
[18/2/2022 20:3:39] !emotespells on
[18/2/2022 20:4:35] !emotespells on
[18/2/2022 20:5:31] !emotespells on
[18/2/2022 20:6:27] !emotespells on
[18/2/2022 20:7:23] !emotespells on
[18/2/2022 20:8:19] !emotespells on
[18/2/2022 20:9:15] !emotespells on
[18/2/2022 20:10:11] !emotespells on
[18/2/2022 20:11:7] !emotespells on
[18/2/2022 20:12:3] !emotespells on
[18/2/2022 20:12:59] !emotespells on
[18/2/2022 20:13:55] !emotespells on
[18/2/2022 20:14:51] !emotespells on
[18/2/2022 20:15:47] !emotespells on
[18/2/2022 20:16:43] !emotespells on
[18/2/2022 20:17:39] !emotespells on
[18/2/2022 20:18:35] !emotespells on
[18/2/2022 20:19:31] !emotespells on
[18/2/2022 20:20:27] !emotespells on
[18/2/2022 20:21:23] !emotespells on
[18/2/2022 20:22:19] !emotespells on
[18/2/2022 20:23:15] !emotespells on
[18/2/2022 20:24:11] !emotespells on
[18/2/2022 20:25:7] !emotespells on
[18/2/2022 20:26:3] !emotespells on
[18/2/2022 20:26:59] !emotespells on
[18/2/2022 20:27:55] !emotespells on
[18/2/2022 20:28:51] !emotespells on
[18/2/2022 20:29:47] !emotespells on
[18/2/2022 20:30:43] !emotespells on
[18/2/2022 20:31:39] !emotespells on
[18/2/2022 20:32:35] !emotespells on
[18/2/2022 20:33:31] !emotespells on
[18/2/2022 20:34:27] !emotespells on
[18/2/2022 20:35:23] !emotespells on
[18/2/2022 20:36:19] !emotespells on
[18/2/2022 20:37:15] !emotespells on
[18/2/2022 20:38:11] !emotespells on
[18/2/2022 20:39:7] !emotespells on
[18/2/2022 20:40:3] !emotespells on
[18/2/2022 20:40:59] !emotespells on
[18/2/2022 20:41:55] !emotespells on
[18/2/2022 20:42:51] !emotespells on
[18/2/2022 20:43:47] !emotespells on
[18/2/2022 20:44:43] !emotespells on
[18/2/2022 20:45:39] !emotespells on
[18/2/2022 20:46:35] !emotespells on
[18/2/2022 20:47:31] !emotespells on
[18/2/2022 20:48:27] !emotespells on
[18/2/2022 20:49:23] !emotespells on
[18/2/2022 20:50:19] !emotespells on
[18/2/2022 20:51:15] !emotespells on
[18/2/2022 20:52:11] !emotespells on
[18/2/2022 20:53:7] !emotespells on
[18/2/2022 20:54:3] !emotespells on
[18/2/2022 20:54:59] !emotespells on
[18/2/2022 20:55:55] !emotespells on
[18/2/2022 20:56:51] !emotespells on
[18/2/2022 20:57:47] !emotespells on
[18/2/2022 20:58:43] !emotespells on
[18/2/2022 20:59:39] !emotespells on
[18/2/2022 21:0:35] !emotespells on
[18/2/2022 21:1:31] !emotespells on
[18/2/2022 21:2:27] !emotespells on
[18/2/2022 21:3:23] !emotespells on
[18/2/2022 21:4:19] !emotespells on
[18/2/2022 21:5:15] !emotespells on
[18/2/2022 21:6:11] !emotespells on
[18/2/2022 21:7:7] !emotespells on
[18/2/2022 21:8:3] !emotespells on
[18/2/2022 21:8:59] !emotespells on
[18/2/2022 21:9:55] !emotespells on
[18/2/2022 21:10:51] !emotespells on
[18/2/2022 21:11:47] !emotespells on
[18/2/2022 21:12:43] !emotespells on
[18/2/2022 21:13:39] !emotespells on
[18/2/2022 21:14:35] !emotespells on
[18/2/2022 21:15:31] !emotespells on
[18/2/2022 21:16:27] !emotespells on
[18/2/2022 21:17:23] !emotespells on
[18/2/2022 21:18:19] !emotespells on
[18/2/2022 21:19:15] !emotespells on
[18/2/2022 21:20:11] !emotespells on
[18/2/2022 21:21:7] !emotespells on
[18/2/2022 21:22:3] !emotespells on
[18/2/2022 21:22:59] !emotespells on
[18/2/2022 21:23:55] !emotespells on
[18/2/2022 21:24:51] !emotespells on
[18/2/2022 21:25:47] !emotespells on
[18/2/2022 21:26:43] !emotespells on
[18/2/2022 21:27:39] !emotespells on
[18/2/2022 21:28:35] !emotespells on
[18/2/2022 21:29:31] !emotespells on
[18/2/2022 21:30:27] !emotespells on
[18/2/2022 21:31:23] !emotespells on
[18/2/2022 21:32:19] !emotespells on
[18/2/2022 21:33:15] !emotespells on
[18/2/2022 21:34:11] !emotespells on
[18/2/2022 21:35:7] !emotespells on
[18/2/2022 21:36:3] !emotespells on
[18/2/2022 21:36:59] !emotespells on
[18/2/2022 21:37:55] !emotespells on
[18/2/2022 21:38:51] !emotespells on
[18/2/2022 21:39:47] !emotespells on
[18/2/2022 21:40:43] !emotespells on
[18/2/2022 21:41:39] !emotespells on
[18/2/2022 21:42:35] !emotespells on
[18/2/2022 21:43:31] !emotespells on
[18/2/2022 21:44:27] !emotespells on
[18/2/2022 21:45:23] !emotespells on
[18/2/2022 21:46:19] !emotespells on
[18/2/2022 21:47:15] !emotespells on
[18/2/2022 21:48:11] !emotespells on
[18/2/2022 21:49:7] !emotespells on
[18/2/2022 21:50:3] !emotespells on
[18/2/2022 21:50:59] !emotespells on
[18/2/2022 21:51:55] !emotespells on
[18/2/2022 21:52:51] !emotespells on
[18/2/2022 21:53:47] !emotespells on
[18/2/2022 21:54:43] !emotespells on
[18/2/2022 21:55:39] !emotespells on
[18/2/2022 21:56:35] !emotespells on
[18/2/2022 21:57:31] !emotespells on
[18/2/2022 21:58:27] !emotespells on
[18/2/2022 21:59:23] !emotespells on
[18/2/2022 22:0:19] !emotespells on
[18/2/2022 22:1:15] !emotespells on
[18/2/2022 22:2:11] !emotespells on
[18/2/2022 22:3:7] !emotespells on
[18/2/2022 22:4:3] !emotespells on
[18/2/2022 22:4:59] !emotespells on
[18/2/2022 22:5:55] !emotespells on
[18/2/2022 22:6:51] !emotespells on
[18/2/2022 22:7:47] !emotespells on
[18/2/2022 22:8:43] !emotespells on
[18/2/2022 22:9:39] !emotespells on
[18/2/2022 22:10:35] !emotespells on
[18/2/2022 22:11:31] !emotespells on
[18/2/2022 22:12:27] !emotespells on
[18/2/2022 22:13:23] !emotespells on
[18/2/2022 22:14:19] !emotespells on
[18/2/2022 22:15:15] !emotespells on
[18/2/2022 22:16:11] !emotespells on
[18/2/2022 22:17:7] !emotespells on
[18/2/2022 22:18:3] !emotespells on
[18/2/2022 22:18:59] !emotespells on
[18/2/2022 22:19:55] !emotespells on
[18/2/2022 22:20:51] !emotespells on
[18/2/2022 22:21:47] !emotespells on
[18/2/2022 22:22:43] !emotespells on
[18/2/2022 22:23:39] !emotespells on
[18/2/2022 22:24:35] !emotespells on
[18/2/2022 22:25:31] !emotespells on
[18/2/2022 22:26:27] !emotespells on
[18/2/2022 22:27:23] !emotespells on
[18/2/2022 22:28:19] !emotespells on
[18/2/2022 22:29:15] !emotespells on
[18/2/2022 22:29:45] !emotespells on
[18/2/2022 22:32:29] !emotespells on
[18/2/2022 22:33:25] !emotespells on
[18/2/2022 22:34:21] !emotespells on
[18/2/2022 22:35:17] !emotespells on
[18/2/2022 22:36:13] !emotespells on
[18/2/2022 22:37:9] !emotespells on
[18/2/2022 22:38:5] !emotespells on
[18/2/2022 22:39:1] !emotespells on
[18/2/2022 22:39:57] !emotespells on
[18/2/2022 22:40:53] !emotespells on
[18/2/2022 22:41:49] !emotespells on
[18/2/2022 22:42:45] !emotespells on
[18/2/2022 22:43:41] !emotespells on
[18/2/2022 22:44:37] !emotespells on
[18/2/2022 22:45:33] !emotespells on
[18/2/2022 22:46:29] !emotespells on
[18/2/2022 22:47:25] !emotespells on
[18/2/2022 22:48:21] !emotespells on
[18/2/2022 22:49:17] !emotespells on
[18/2/2022 22:50:13] !emotespells on
[18/2/2022 22:51:9] !emotespells on
[18/2/2022 22:52:5] !emotespells on
[18/2/2022 22:53:1] !emotespells on
[18/2/2022 22:53:57] !emotespells on
[18/2/2022 22:54:53] !emotespells on
[18/2/2022 22:55:49] !emotespells on
[18/2/2022 22:56:45] !emotespells on
[18/2/2022 22:57:41] !emotespells on
[18/2/2022 22:58:37] !emotespells on
[18/2/2022 22:59:33] !emotespells on
[18/2/2022 23:0:29] !emotespells on
[18/2/2022 23:1:25] !emotespells on
[18/2/2022 23:2:21] !emotespells on
[18/2/2022 23:3:17] !emotespells on
[18/2/2022 23:4:13] !emotespells on
[18/2/2022 23:5:9] !emotespells on
[18/2/2022 23:6:5] !emotespells on
[18/2/2022 23:7:1] !emotespells on
[18/2/2022 23:7:57] !emotespells on
[18/2/2022 23:8:53] !emotespells on
[18/2/2022 23:9:49] !emotespells on
[18/2/2022 23:10:45] !emotespells on
[18/2/2022 23:11:41] !emotespells on
[18/2/2022 23:12:37] !emotespells on
[18/2/2022 23:13:33] !emotespells on
[18/2/2022 23:14:29] !emotespells on
[18/2/2022 23:15:25] !emotespells on
[18/2/2022 23:16:21] !emotespells on
[18/2/2022 23:17:17] !emotespells on
[18/2/2022 23:18:13] !emotespells on
[18/2/2022 23:19:9] !emotespells on
[18/2/2022 23:20:5] !emotespells on
[18/2/2022 23:21:1] !emotespells on
[18/2/2022 23:21:57] !emotespells on
[18/2/2022 23:22:53] !emotespells on
[18/2/2022 23:23:50] !emotespells on
[18/2/2022 23:24:45] !emotespells on
[18/2/2022 23:25:41] !emotespells on
[18/2/2022 23:26:37] !emotespells on
[18/2/2022 23:27:33] !emotespells on
[18/2/2022 23:28:29] !emotespells on
[18/2/2022 23:29:25] !emotespells on
[18/2/2022 23:30:21] !emotespells on
[18/2/2022 23:31:17] !emotespells on
[18/2/2022 23:32:13] !emotespells on
[18/2/2022 23:33:9] !emotespells on
[18/2/2022 23:34:5] !emotespells on
[18/2/2022 23:35:1] !emotespells on
[18/2/2022 23:35:57] !emotespells on
[18/2/2022 23:36:53] !emotespells on
[18/2/2022 23:37:49] !emotespells on
[18/2/2022 23:38:45] !emotespells on
[18/2/2022 23:39:41] !emotespells on
[18/2/2022 23:40:37] !emotespells on
[18/2/2022 23:41:33] !emotespells on
[18/2/2022 23:42:29] !emotespells on
[18/2/2022 23:43:25] !emotespells on
[18/2/2022 23:44:21] !emotespells on
[18/2/2022 23:45:17] !emotespells on
[18/2/2022 23:46:13] !emotespells on
[18/2/2022 23:47:9] !emotespells on
[18/2/2022 23:48:5] !emotespells on
[18/2/2022 23:49:1] !emotespells on
[18/2/2022 23:49:57] !emotespells on
[18/2/2022 23:50:53] !emotespells on
[18/2/2022 23:51:49] !emotespells on
[18/2/2022 23:52:45] !emotespells on
[18/2/2022 23:53:41] !emotespells on
[18/2/2022 23:54:37] !emotespells on
[18/2/2022 23:55:33] !emotespells on
[18/2/2022 23:56:29] !emotespells on
[18/2/2022 23:57:25] !emotespells on
[18/2/2022 23:58:22] !emotespells on
[18/2/2022 23:59:17] !emotespells on
[19/2/2022 0:0:13] !emotespells on
[19/2/2022 0:1:9] !emotespells on
[19/2/2022 0:2:5] !emotespells on
[19/2/2022 0:3:1] !emotespells on
[19/2/2022 0:3:57] !emotespells on
[19/2/2022 0:4:53] !emotespells on
[19/2/2022 0:5:49] !emotespells on
[19/2/2022 0:6:45] !emotespells on
[19/2/2022 0:7:41] !emotespells on
[19/2/2022 0:8:37] !emotespells on
[19/2/2022 0:9:33] !emotespells on
[19/2/2022 0:10:29] !emotespells on
[19/2/2022 0:11:25] !emotespells on
[19/2/2022 0:12:21] !emotespells on
[19/2/2022 0:13:17] !emotespells on
[19/2/2022 0:14:14] !emotespells on
[19/2/2022 0:15:9] !emotespells on
[19/2/2022 0:16:5] !emotespells on
[19/2/2022 0:17:1] !emotespells on
[19/2/2022 0:17:57] !emotespells on
[19/2/2022 0:18:53] !emotespells on
[19/2/2022 0:19:49] !emotespells on
[19/2/2022 0:20:45] !emotespells on
[19/2/2022 0:21:41] !emotespells on
[19/2/2022 0:22:37] !emotespells on
[19/2/2022 0:23:33] !emotespells on
[19/2/2022 0:24:29] !emotespells on
[19/2/2022 0:25:25] !emotespells on
[19/2/2022 0:26:21] !emotespells on
[19/2/2022 0:27:18] !emotespells on
[19/2/2022 0:28:13] !emotespells on
[19/2/2022 0:29:9] !emotespells on
[19/2/2022 0:30:5] !emotespells on
[19/2/2022 0:31:1] !emotespells on
[19/2/2022 0:31:57] !emotespells on
[19/2/2022 0:32:53] !emotespells on
[19/2/2022 0:33:49] !emotespells on
[19/2/2022 0:34:45] !emotespells on
[19/2/2022 0:35:41] !emotespells on
[19/2/2022 0:36:37] !emotespells on
[19/2/2022 0:37:33] !emotespells on
[19/2/2022 0:38:29] !emotespells on
[19/2/2022 0:39:25] !emotespells on
[19/2/2022 0:40:21] !emotespells on
[19/2/2022 0:41:18] !emotespells on
[19/2/2022 0:42:13] !emotespells on
[19/2/2022 0:43:9] !emotespells on
[19/2/2022 0:44:5] !emotespells on
[19/2/2022 0:45:1] !emotespells on
[19/2/2022 0:45:57] !emotespells on
[19/2/2022 0:46:53] !emotespells on
[19/2/2022 0:47:49] !emotespells on
[19/2/2022 0:48:46] !emotespells on
[19/2/2022 0:49:42] !emotespells on
[19/2/2022 0:50:38] !emotespells on
[19/2/2022 0:51:34] !emotespells on
[19/2/2022 0:52:30] !emotespells on
[19/2/2022 0:53:26] !emotespells on
[19/2/2022 0:54:22] !emotespells on
[19/2/2022 0:55:18] !emotespells on
[19/2/2022 0:56:14] !emotespells on
[19/2/2022 0:57:10] !emotespells on
[19/2/2022 0:58:6] !emotespells on
[19/2/2022 0:59:2] !emotespells on
[19/2/2022 0:59:58] !emotespells on
[19/2/2022 1:0:54] !emotespells on
[19/2/2022 1:1:50] !emotespells on
[19/2/2022 1:2:46] !emotespells on
[19/2/2022 1:3:42] !emotespells on
[19/2/2022 1:4:38] !emotespells on
[19/2/2022 1:5:34] !emotespells on
[19/2/2022 1:6:30] !emotespells on
[19/2/2022 1:7:26] !emotespells on
[19/2/2022 1:8:22] !emotespells on
[19/2/2022 1:9:18] !emotespells on
[19/2/2022 1:10:14] !emotespells on
[19/2/2022 1:11:10] !emotespells on
[19/2/2022 1:12:6] !emotespells on
[19/2/2022 1:13:2] !emotespells on
[19/2/2022 1:14:0] !emotespells on
[19/2/2022 1:14:54] !emotespells on
[19/2/2022 1:15:50] !emotespells on
[19/2/2022 1:16:46] !emotespells on
[19/2/2022 1:17:42] !emotespells on
[19/2/2022 1:18:38] !emotespells on
[19/2/2022 1:19:34] !emotespells on
[19/2/2022 1:20:30] !emotespells on
[19/2/2022 1:21:26] !emotespells on
[19/2/2022 1:22:22] !emotespells on
[19/2/2022 1:23:18] !emotespells on
[19/2/2022 1:24:14] !emotespells on
[19/2/2022 1:25:10] !emotespells on
[19/2/2022 1:26:6] !emotespells on
[19/2/2022 1:27:2] !emotespells on
[19/2/2022 1:27:58] !emotespells on
[19/2/2022 1:28:54] !emotespells on
[19/2/2022 1:29:50] !emotespells on
[19/2/2022 1:30:46] !emotespells on
[19/2/2022 1:31:42] !emotespells on
[19/2/2022 1:32:38] !emotespells on
[19/2/2022 1:33:34] !emotespells on
[19/2/2022 1:34:30] !emotespells on
[19/2/2022 1:35:26] !emotespells on
[19/2/2022 1:36:22] !emotespells on
[19/2/2022 1:37:18] !emotespells on
[19/2/2022 1:38:14] !emotespells on
[19/2/2022 1:39:10] !emotespells on
[19/2/2022 1:40:6] !emotespells on
[19/2/2022 1:41:2] !emotespells on
[19/2/2022 1:41:58] !emotespells on
[19/2/2022 1:42:54] !emotespells on
[19/2/2022 1:43:50] !emotespells on
[19/2/2022 1:44:46] !emotespells on
[19/2/2022 1:45:42] !emotespells on
[19/2/2022 1:46:38] !emotespells on
[19/2/2022 1:47:34] !emotespells on
[19/2/2022 1:48:30] !emotespells on
[19/2/2022 1:49:26] !emotespells on
[19/2/2022 1:50:22] !emotespells on
[19/2/2022 1:51:18] !emotespells on
[19/2/2022 1:52:14] !emotespells on
[19/2/2022 1:53:10] !emotespells on
[19/2/2022 1:54:6] !emotespells on
[19/2/2022 1:55:2] !emotespells on
[19/2/2022 1:55:58] !emotespells on
[19/2/2022 1:56:54] !emotespells on
[19/2/2022 1:57:50] !emotespells on
[19/2/2022 1:58:46] !emotespells on
[19/2/2022 1:59:42] !emotespells on
[19/2/2022 2:0:38] !emotespells on
[19/2/2022 2:1:34] !emotespells on
[19/2/2022 2:2:30] !emotespells on
[19/2/2022 2:3:26] !emotespells on
[19/2/2022 2:4:22] !emotespells on
[19/2/2022 2:5:18] !emotespells on
[19/2/2022 2:6:14] !emotespells on
[19/2/2022 2:7:10] !emotespells on
[19/2/2022 2:8:6] !emotespells on
[19/2/2022 2:9:2] !emotespells on
[19/2/2022 2:9:58] !emotespells on
[19/2/2022 2:10:54] !emotespells on
[19/2/2022 2:11:50] !emotespells on
[19/2/2022 2:12:46] !emotespells on
[19/2/2022 2:13:42] !emotespells on
[19/2/2022 2:14:38] !emotespells on
[19/2/2022 2:15:34] !emotespells on
[19/2/2022 2:16:30] !emotespells on
[19/2/2022 2:17:26] !emotespells on
[19/2/2022 2:18:22] !emotespells on
[19/2/2022 2:19:18] !emotespells on
[19/2/2022 2:20:14] !emotespells on
[19/2/2022 2:21:10] !emotespells on
[19/2/2022 2:22:6] !emotespells on
[19/2/2022 2:23:2] !emotespells on
[19/2/2022 2:23:58] !emotespells on
[19/2/2022 2:24:54] !emotespells on
[19/2/2022 2:25:50] !emotespells on
[19/2/2022 2:26:46] !emotespells on
[19/2/2022 2:27:42] !emotespells on
[19/2/2022 2:28:38] !emotespells on
[19/2/2022 2:29:34] !emotespells on
[19/2/2022 2:30:30] !emotespells on
[19/2/2022 2:31:26] !emotespells on
[19/2/2022 2:32:22] !emotespells on
[19/2/2022 2:33:18] !emotespells on
[19/2/2022 2:34:14] !emotespells on
[19/2/2022 2:35:10] !emotespells on
[19/2/2022 2:36:6] !emotespells on
[19/2/2022 2:37:2] !emotespells on
[19/2/2022 2:37:58] !emotespells on
[19/2/2022 2:38:54] !emotespells on
[19/2/2022 2:39:50] !emotespells on
[19/2/2022 2:40:46] !emotespells on
[19/2/2022 2:41:42] !emotespells on
[19/2/2022 2:42:38] !emotespells on
[19/2/2022 2:43:34] !emotespells on
[19/2/2022 2:44:30] !emotespells on
[19/2/2022 2:45:26] !emotespells on
[19/2/2022 2:46:22] !emotespells on
[19/2/2022 2:47:18] !emotespells on
[19/2/2022 2:48:14] !emotespells on
[19/2/2022 2:49:10] !emotespells on
[19/2/2022 2:50:6] !emotespells on
[19/2/2022 2:51:2] !emotespells on
[19/2/2022 2:51:58] !emotespells on
[19/2/2022 2:52:54] !emotespells on
[19/2/2022 2:53:50] !emotespells on
[19/2/2022 2:54:46] !emotespells on
[19/2/2022 2:55:42] !emotespells on
[19/2/2022 2:56:38] !emotespells on
[19/2/2022 2:57:34] !emotespells on
[19/2/2022 2:58:30] !emotespells on
[19/2/2022 2:59:26] !emotespells on
[19/2/2022 3:0:22] !emotespells on
[19/2/2022 3:1:18] !emotespells on
[19/2/2022 3:2:14] !emotespells on
[19/2/2022 3:3:10] !emotespells on
[19/2/2022 3:4:6] !emotespells on
[19/2/2022 3:5:2] !emotespells on
[19/2/2022 3:5:58] !emotespells on
[19/2/2022 3:6:54] !emotespells on
[19/2/2022 3:7:50] !emotespells on
[19/2/2022 3:8:46] !emotespells on
[19/2/2022 3:9:42] !emotespells on
[19/2/2022 3:10:38] !emotespells on
[19/2/2022 3:11:34] !emotespells on
[19/2/2022 3:12:30] !emotespells on
[19/2/2022 3:13:26] !emotespells on
[19/2/2022 3:14:22] !emotespells on
[19/2/2022 3:15:18] !emotespells on
[19/2/2022 3:16:14] !emotespells on
[19/2/2022 3:17:10] !emotespells on
[19/2/2022 3:18:6] !emotespells on
[19/2/2022 3:19:2] !emotespells on
[19/2/2022 3:19:58] !emotespells on
[19/2/2022 3:20:54] !emotespells on
[19/2/2022 3:21:50] !emotespells on
[19/2/2022 3:22:46] !emotespells on
[19/2/2022 3:23:42] !emotespells on
[19/2/2022 3:24:38] !emotespells on
[19/2/2022 3:25:34] !emotespells on
[19/2/2022 3:26:30] !emotespells on
[19/2/2022 3:27:26] !emotespells on
[19/2/2022 3:28:22] !emotespells on
[19/2/2022 3:29:18] !emotespells on
[19/2/2022 3:30:14] !emotespells on
[19/2/2022 3:31:10] !emotespells on
[19/2/2022 3:32:6] !emotespells on
[19/2/2022 3:33:2] !emotespells on
[19/2/2022 3:33:58] !emotespells on
[19/2/2022 3:34:54] !emotespells on
[19/2/2022 3:35:50] !emotespells on
[19/2/2022 3:36:46] !emotespells on
[19/2/2022 3:37:42] !emotespells on
[19/2/2022 3:38:38] !emotespells on
[19/2/2022 3:39:34] !emotespells on
[19/2/2022 3:40:30] !emotespells on
[19/2/2022 3:41:26] !emotespells on
[19/2/2022 3:42:22] !emotespells on
[19/2/2022 3:43:18] !emotespells on
[19/2/2022 3:44:14] !emotespells on
[19/2/2022 3:45:10] !emotespells on
[19/2/2022 3:46:6] !emotespells on
[19/2/2022 3:47:2] !emotespells on
[19/2/2022 3:47:58] !emotespells on
[19/2/2022 3:48:54] !emotespells on
[19/2/2022 3:49:50] !emotespells on
[19/2/2022 3:50:46] !emotespells on
[19/2/2022 3:51:42] !emotespells on
[19/2/2022 3:52:38] !emotespells on
[19/2/2022 3:53:34] !emotespells on
[19/2/2022 3:54:30] !emotespells on
[19/2/2022 3:55:26] !emotespells on
[19/2/2022 3:56:22] !emotespells on
[19/2/2022 3:57:18] !emotespells on
[19/2/2022 3:58:14] !emotespells on
[19/2/2022 3:59:10] !emotespells on
[19/2/2022 4:0:6] !emotespells on
[19/2/2022 4:1:2] !emotespells on
[19/2/2022 4:1:58] !emotespells on
[19/2/2022 4:2:54] !emotespells on
[19/2/2022 4:3:50] !emotespells on
[19/2/2022 4:4:46] !emotespells on
[19/2/2022 4:5:42] !emotespells on
[19/2/2022 4:6:38] !emotespells on
[19/2/2022 4:7:34] !emotespells on
[19/2/2022 4:8:30] !emotespells on
[19/2/2022 4:9:26] !emotespells on
[19/2/2022 4:10:22] !emotespells on
[19/2/2022 4:11:18] !emotespells on
[19/2/2022 4:12:14] !emotespells on
[19/2/2022 4:13:10] !emotespells on
[19/2/2022 4:14:6] !emotespells on
[19/2/2022 4:15:2] !emotespells on
[19/2/2022 4:15:58] !emotespells on
[19/2/2022 4:16:54] !emotespells on
[19/2/2022 4:17:50] !emotespells on
[19/2/2022 4:18:46] !emotespells on
[19/2/2022 4:19:42] !emotespells on
[19/2/2022 4:20:38] !emotespells on
[19/2/2022 4:21:34] !emotespells on
[19/2/2022 4:22:30] !emotespells on
[19/2/2022 4:23:26] !emotespells on
[19/2/2022 4:24:22] !emotespells on
[19/2/2022 4:25:18] !emotespells on
[19/2/2022 4:26:14] !emotespells on
[19/2/2022 4:27:10] !emotespells on
[19/2/2022 4:28:6] !emotespells on
[19/2/2022 4:29:2] !emotespells on
[19/2/2022 4:29:58] !emotespells on
[19/2/2022 4:30:54] !emotespells on
[19/2/2022 4:31:50] !emotespells on
[19/2/2022 4:32:46] !emotespells on
[19/2/2022 4:33:42] !emotespells on
[19/2/2022 4:34:38] !emotespells on
[19/2/2022 4:35:34] !emotespells on
[19/2/2022 4:36:30] !emotespells on
[19/2/2022 4:37:26] !emotespells on
[19/2/2022 4:38:22] !emotespells on
[19/2/2022 4:39:18] !emotespells on
[19/2/2022 4:40:14] !emotespells on
[19/2/2022 4:41:10] !emotespells on
[19/2/2022 4:42:6] !emotespells on
[19/2/2022 4:43:2] !emotespells on
[19/2/2022 4:43:58] !emotespells on
[19/2/2022 4:44:54] !emotespells on
[19/2/2022 4:45:50] !emotespells on
[19/2/2022 4:46:46] !emotespells on
[19/2/2022 4:47:42] !emotespells on
[19/2/2022 4:48:38] !emotespells on
[19/2/2022 4:49:34] !emotespells on
[19/2/2022 4:50:30] !emotespells on
[19/2/2022 4:51:26] !emotespells on
[19/2/2022 4:52:22] !emotespells on
[19/2/2022 4:53:18] !emotespells on
[19/2/2022 4:54:14] !emotespells on
[19/2/2022 4:55:10] !emotespells on
[19/2/2022 4:56:6] !emotespells on
[19/2/2022 4:57:2] !emotespells on
[19/2/2022 4:57:58] !emotespells on
[19/2/2022 4:58:54] !emotespells on
[19/2/2022 4:59:50] !emotespells on
[19/2/2022 5:1:29] !emotespells on
[19/2/2022 5:2:25] !emotespells on
[19/2/2022 5:3:21] !emotespells on
[19/2/2022 5:4:17] !emotespells on
[19/2/2022 5:5:13] !emotespells on
[19/2/2022 5:6:9] !emotespells on
[19/2/2022 5:7:5] !emotespells on
[19/2/2022 5:8:1] !emotespells on
[19/2/2022 5:8:57] !emotespells on
[19/2/2022 5:9:53] !emotespells on
[19/2/2022 5:10:49] !emotespells on
[19/2/2022 5:11:45] !emotespells on
[19/2/2022 5:12:41] !emotespells on
[19/2/2022 5:13:37] !emotespells on
[19/2/2022 5:14:33] !emotespells on
[19/2/2022 5:15:29] !emotespells on
[19/2/2022 5:16:25] !emotespells on
[19/2/2022 5:17:21] !emotespells on
[19/2/2022 5:18:17] !emotespells on
[19/2/2022 5:19:13] !emotespells on
[19/2/2022 5:20:9] !emotespells on
[19/2/2022 5:21:5] !emotespells on
[19/2/2022 5:22:1] !emotespells on
[19/2/2022 5:22:57] !emotespells on
[19/2/2022 5:23:53] !emotespells on
[19/2/2022 5:24:49] !emotespells on
[19/2/2022 5:25:45] !emotespells on
[19/2/2022 5:26:41] !emotespells on
[19/2/2022 5:27:37] !emotespells on
[19/2/2022 5:28:33] !emotespells on
[19/2/2022 5:29:29] !emotespells on
[19/2/2022 5:30:25] !emotespells on
[19/2/2022 5:31:21] !emotespells on
[19/2/2022 5:32:17] !emotespells on
[19/2/2022 5:33:13] !emotespells on
[19/2/2022 5:34:9] !emotespells on
[19/2/2022 5:35:5] !emotespells on
[19/2/2022 5:36:1] !emotespells on
[19/2/2022 5:36:57] !emotespells on
[19/2/2022 5:37:53] !emotespells on
[19/2/2022 5:38:49] !emotespells on
[19/2/2022 5:39:45] !emotespells on
[19/2/2022 5:40:41] !emotespells on
[19/2/2022 5:41:37] !emotespells on
[19/2/2022 5:42:33] !emotespells on
[19/2/2022 5:43:29] !emotespells on
[19/2/2022 5:44:25] !emotespells on
[19/2/2022 5:45:21] !emotespells on
[19/2/2022 5:46:17] !emotespells on
[19/2/2022 5:47:13] !emotespells on
[19/2/2022 5:48:9] !emotespells on
[19/2/2022 5:49:5] !emotespells on
[19/2/2022 5:50:1] !emotespells on
[19/2/2022 5:50:57] !emotespells on
[19/2/2022 5:51:53] !emotespells on
[19/2/2022 5:52:49] !emotespells on
[19/2/2022 5:53:45] !emotespells on
[19/2/2022 5:54:41] !emotespells on
[19/2/2022 5:55:37] !emotespells on
[19/2/2022 5:56:33] !emotespells on
[19/2/2022 5:57:29] !emotespells on
[19/2/2022 5:58:25] !emotespells on
[19/2/2022 5:59:21] !emotespells on
[19/2/2022 6:0:17] !emotespells on
[19/2/2022 6:1:13] !emotespells on
[19/2/2022 6:2:9] !emotespells on
[19/2/2022 6:3:5] !emotespells on
[19/2/2022 6:4:1] !emotespells on
[19/2/2022 6:4:57] !emotespells on
[19/2/2022 6:5:53] !emotespells on
[19/2/2022 6:6:49] !emotespells on
[19/2/2022 6:7:45] !emotespells on
[19/2/2022 6:8:41] !emotespells on
[19/2/2022 6:9:37] !emotespells on
[19/2/2022 6:10:33] !emotespells on
[19/2/2022 6:11:29] !emotespells on
[19/2/2022 6:12:25] !emotespells on
[19/2/2022 6:13:21] !emotespells on
[19/2/2022 6:14:17] !emotespells on
[19/2/2022 6:15:13] !emotespells on
[19/2/2022 6:16:9] !emotespells on
[19/2/2022 6:17:5] !emotespells on
[19/2/2022 6:18:1] !emotespells on
[19/2/2022 6:18:57] !emotespells on
[19/2/2022 6:19:53] !emotespells on
[19/2/2022 6:20:49] !emotespells on
[19/2/2022 6:21:45] !emotespells on
[19/2/2022 6:22:41] !emotespells on
[19/2/2022 6:23:37] !emotespells on
[19/2/2022 6:24:33] !emotespells on
[19/2/2022 6:25:29] !emotespells on
[19/2/2022 6:26:25] !emotespells on
[19/2/2022 6:27:21] !emotespells on
[19/2/2022 6:28:17] !emotespells on
[19/2/2022 6:29:13] !emotespells on
[19/2/2022 6:30:9] !emotespells on
[19/2/2022 6:31:5] !emotespells on
[19/2/2022 6:32:1] !emotespells on
[19/2/2022 6:32:57] !emotespells on
[19/2/2022 6:33:53] !emotespells on
[19/2/2022 6:34:49] !emotespells on
[19/2/2022 6:35:45] !emotespells on
[19/2/2022 6:36:41] !emotespells on
[19/2/2022 6:37:37] !emotespells on
[19/2/2022 6:38:33] !emotespells on
[19/2/2022 6:39:29] !emotespells on
[19/2/2022 6:40:25] !emotespells on
[19/2/2022 6:41:21] !emotespells on
[19/2/2022 6:42:17] !emotespells on
[19/2/2022 6:43:13] !emotespells on
[19/2/2022 6:44:9] !emotespells on
[19/2/2022 6:45:5] !emotespells on
[19/2/2022 6:46:1] !emotespells on
[19/2/2022 6:46:57] !emotespells on
[19/2/2022 6:47:53] !emotespells on
[19/2/2022 6:48:49] !emotespells on
[19/2/2022 6:49:45] !emotespells on
[19/2/2022 6:50:41] !emotespells on
[19/2/2022 6:51:37] !emotespells on
[19/2/2022 6:52:33] !emotespells on
[19/2/2022 6:53:29] !emotespells on
[19/2/2022 6:54:25] !emotespells on
[19/2/2022 6:55:21] !emotespells on
[19/2/2022 6:56:17] !emotespells on
[19/2/2022 6:57:13] !emotespells on
[19/2/2022 6:58:9] !emotespells on
[19/2/2022 6:59:5] !emotespells on
[19/2/2022 7:0:1] !emotespells on
[19/2/2022 7:0:57] !emotespells on
[19/2/2022 7:1:53] !emotespells on
[19/2/2022 7:2:49] !emotespells on
[19/2/2022 7:3:45] !emotespells on
[19/2/2022 7:4:41] !emotespells on
[19/2/2022 7:5:37] !emotespells on
[19/2/2022 7:6:33] !emotespells on
[19/2/2022 7:7:29] !emotespells on
[19/2/2022 7:8:25] !emotespells on
[19/2/2022 7:9:21] !emotespells on
[19/2/2022 7:10:17] !emotespells on
[19/2/2022 7:11:13] !emotespells on
[19/2/2022 7:12:9] !emotespells on
[19/2/2022 7:13:5] !emotespells on
[19/2/2022 7:14:1] !emotespells on
[19/2/2022 7:14:57] !emotespells on
[19/2/2022 7:15:53] !emotespells on
[19/2/2022 7:16:49] !emotespells on
[19/2/2022 7:17:45] !emotespells on
[19/2/2022 7:18:41] !emotespells on
[19/2/2022 7:19:37] !emotespells on
[19/2/2022 7:20:33] !emotespells on
[19/2/2022 7:21:29] !emotespells on
[19/2/2022 7:22:25] !emotespells on
[19/2/2022 7:23:21] !emotespells on
[19/2/2022 7:24:17] !emotespells on
[19/2/2022 7:25:13] !emotespells on
[19/2/2022 7:26:9] !emotespells on
[19/2/2022 7:27:5] !emotespells on
[19/2/2022 7:28:1] !emotespells on
[19/2/2022 7:28:57] !emotespells on
[19/2/2022 7:29:53] !emotespells on
[19/2/2022 7:30:49] !emotespells on
[19/2/2022 7:31:45] !emotespells on
[19/2/2022 7:32:41] !emotespells on
[19/2/2022 7:33:37] !emotespells on
[19/2/2022 7:34:33] !emotespells on
[19/2/2022 7:35:29] !emotespells on
[19/2/2022 7:36:25] !emotespells on
[19/2/2022 7:37:21] !emotespells on
[19/2/2022 7:38:17] !emotespells on
[19/2/2022 7:39:13] !emotespells on
[19/2/2022 7:40:9] !emotespells on
[19/2/2022 7:41:5] !emotespells on
[19/2/2022 7:42:1] !emotespells on
[19/2/2022 7:42:57] !emotespells on
[19/2/2022 7:43:53] !emotespells on
[19/2/2022 7:44:49] !emotespells on
[19/2/2022 7:45:45] !emotespells on
[19/2/2022 7:46:41] !emotespells on
[19/2/2022 7:47:37] !emotespells on
[19/2/2022 7:48:33] !emotespells on
[19/2/2022 7:49:29] !emotespells on
[19/2/2022 7:50:25] !emotespells on
[19/2/2022 7:51:21] !emotespells on
[19/2/2022 7:52:17] !emotespells on
[19/2/2022 7:53:13] !emotespells on
[19/2/2022 7:54:9] !emotespells on
[19/2/2022 7:55:5] !emotespells on
[19/2/2022 7:56:1] !emotespells on
[19/2/2022 7:56:57] !emotespells on
[19/2/2022 7:57:53] !emotespells on
[19/2/2022 7:58:49] !emotespells on
[19/2/2022 7:59:45] !emotespells on
[19/2/2022 8:0:41] !emotespells on
[19/2/2022 8:1:37] !emotespells on
[19/2/2022 8:2:33] !emotespells on
[19/2/2022 8:3:29] !emotespells on
[19/2/2022 8:4:25] !emotespells on
[19/2/2022 8:5:21] !emotespells on
[19/2/2022 8:6:17] !emotespells on
[19/2/2022 8:7:13] !emotespells on
[19/2/2022 8:8:9] !emotespells on
[19/2/2022 8:9:5] !emotespells on
[19/2/2022 8:10:1] !emotespells on
[19/2/2022 8:10:57] !emotespells on
[19/2/2022 8:11:53] !emotespells on
[19/2/2022 8:12:49] !emotespells on
[19/2/2022 8:13:45] !emotespells on
[19/2/2022 8:14:41] !emotespells on
[19/2/2022 8:15:37] !emotespells on
[19/2/2022 8:16:33] !emotespells on
[19/2/2022 8:17:29] !emotespells on
[19/2/2022 8:18:25] !emotespells on
[19/2/2022 8:19:21] !emotespells on
[19/2/2022 8:20:17] !emotespells on
[19/2/2022 8:21:13] !emotespells on
[19/2/2022 8:22:9] !emotespells on
[19/2/2022 8:23:5] !emotespells on
[19/2/2022 8:24:1] !emotespells on
[19/2/2022 8:24:57] !emotespells on
[19/2/2022 8:25:53] !emotespells on
[19/2/2022 8:26:49] !emotespells on
[19/2/2022 8:27:45] !emotespells on
[19/2/2022 8:28:41] !emotespells on
[19/2/2022 8:29:37] !emotespells on
[19/2/2022 8:30:33] !emotespells on
[19/2/2022 8:31:29] !emotespells on
[19/2/2022 8:32:25] !emotespells on
[19/2/2022 8:33:21] !emotespells on
[19/2/2022 8:34:17] !emotespells on
[19/2/2022 8:35:13] !emotespells on
[19/2/2022 8:36:9] !emotespells on
[19/2/2022 8:37:5] !emotespells on
[19/2/2022 8:38:1] !emotespells on
[19/2/2022 8:38:57] !emotespells on
[19/2/2022 8:39:53] !emotespells on
[19/2/2022 8:40:49] !emotespells on
[19/2/2022 8:41:45] !emotespells on
[19/2/2022 8:42:41] !emotespells on
[19/2/2022 8:43:37] !emotespells on
[19/2/2022 8:44:33] !emotespells on
[19/2/2022 8:45:29] !emotespells on
[19/2/2022 8:46:25] !emotespells on
[19/2/2022 8:47:21] !emotespells on
[19/2/2022 8:48:17] !emotespells on
[19/2/2022 8:49:13] !emotespells on
[19/2/2022 8:50:9] !emotespells on
[19/2/2022 8:51:5] !emotespells on
[19/2/2022 8:52:1] !emotespells on
[19/2/2022 8:52:57] !emotespells on
[19/2/2022 8:53:53] !emotespells on
[19/2/2022 8:54:49] !emotespells on
[19/2/2022 8:55:45] !emotespells on
[19/2/2022 8:56:41] !emotespells on
[19/2/2022 8:57:37] !emotespells on
[19/2/2022 8:58:33] !emotespells on
[19/2/2022 8:59:29] !emotespells on
[19/2/2022 9:0:25] !emotespells on
[19/2/2022 9:1:21] !emotespells on
[19/2/2022 9:2:17] !emotespells on
[19/2/2022 9:3:13] !emotespells on
[19/2/2022 9:4:9] !emotespells on
[19/2/2022 9:5:5] !emotespells on
[19/2/2022 9:6:1] !emotespells on
[19/2/2022 9:6:57] !emotespells on
[19/2/2022 9:7:53] !emotespells on
[19/2/2022 9:8:49] !emotespells on
[19/2/2022 9:9:45] !emotespells on
[19/2/2022 9:10:41] !emotespells on
[19/2/2022 9:11:37] !emotespells on
[19/2/2022 9:12:33] !emotespells on
[19/2/2022 9:13:29] !emotespells on
[19/2/2022 9:14:25] !emotespells on
[19/2/2022 9:15:21] !emotespells on
[19/2/2022 9:16:17] !emotespells on
[19/2/2022 9:17:13] !emotespells on
[19/2/2022 9:18:9] !emotespells on
[19/2/2022 9:19:5] !emotespells on
[19/2/2022 9:20:1] !emotespells on
[19/2/2022 9:20:57] !emotespells on
[19/2/2022 9:21:53] !emotespells on
[19/2/2022 9:22:49] !emotespells on
[19/2/2022 9:23:45] !emotespells on
[19/2/2022 9:24:41] !emotespells on
[19/2/2022 9:25:37] !emotespells on
[19/2/2022 9:26:33] !emotespells on
[19/2/2022 9:27:29] !emotespells on
[19/2/2022 9:28:25] !emotespells on
[19/2/2022 9:29:21] !emotespells on
[19/2/2022 9:30:17] !emotespells on
[19/2/2022 9:31:13] !emotespells on
[19/2/2022 9:32:9] !emotespells on
[19/2/2022 9:33:5] !emotespells on
[19/2/2022 9:34:1] !emotespells on
[19/2/2022 9:34:57] !emotespells on
[19/2/2022 9:35:53] !emotespells on
[19/2/2022 9:36:50] !emotespells on
[19/2/2022 9:37:45] !emotespells on
[19/2/2022 9:38:41] !emotespells on
[19/2/2022 9:39:37] !emotespells on
[19/2/2022 9:40:33] !emotespells on
[19/2/2022 9:41:29] !emotespells on
[19/2/2022 9:42:25] !emotespells on
[19/2/2022 9:43:21] !emotespells on
[19/2/2022 9:44:17] !emotespells on
[19/2/2022 9:45:13] !emotespells on
[19/2/2022 9:46:9] !emotespells on
[19/2/2022 9:47:5] !emotespells on
[19/2/2022 9:48:1] !emotespells on
[19/2/2022 9:48:57] !emotespells on
[19/2/2022 9:49:53] !emotespells on
[19/2/2022 9:50:49] !emotespells on
[19/2/2022 9:51:45] !emotespells on
[19/2/2022 9:52:41] !emotespells on
[19/2/2022 9:53:37] !emotespells on
[19/2/2022 9:54:33] !emotespells on
[19/2/2022 9:55:29] !emotespells on
[19/2/2022 9:56:25] !emotespells on
[19/2/2022 9:57:21] !emotespells on
[19/2/2022 9:58:17] !emotespells on
[19/2/2022 9:59:13] !emotespells on
[19/2/2022 10:0:9] !emotespells on
[19/2/2022 10:1:5] !emotespells on
[19/2/2022 10:2:1] !emotespells on
[19/2/2022 10:2:57] !emotespells on
[19/2/2022 10:3:54] !emotespells on
[19/2/2022 10:4:49] !emotespells on
[19/2/2022 10:5:45] !emotespells on
[19/2/2022 10:6:41] !emotespells on
[19/2/2022 10:7:37] !emotespells on
[19/2/2022 10:8:33] !emotespells on
[19/2/2022 10:9:29] !emotespells on
[19/2/2022 10:10:25] !emotespells on
[19/2/2022 10:11:21] !emotespells on
[19/2/2022 10:12:17] !emotespells on
[19/2/2022 10:13:13] !emotespells on
[19/2/2022 10:14:9] !emotespells on
[19/2/2022 10:15:5] !emotespells on
[19/2/2022 10:16:1] !emotespells on
[19/2/2022 10:16:57] !emotespells on
[19/2/2022 10:17:53] !emotespells on
[19/2/2022 10:18:49] !emotespells on
[19/2/2022 10:19:45] !emotespells on
[19/2/2022 10:20:41] !emotespells on
[19/2/2022 10:21:37] !emotespells on
[19/2/2022 10:22:33] !emotespells on
[19/2/2022 10:23:29] !emotespells on
[19/2/2022 10:24:25] !emotespells on
[19/2/2022 10:25:21] !emotespells on
[19/2/2022 10:26:17] !emotespells on
[19/2/2022 10:27:13] !emotespells on
[19/2/2022 10:28:9] !emotespells on
[19/2/2022 10:29:5] !emotespells on
[19/2/2022 10:30:1] !emotespells on
[19/2/2022 10:30:58] !emotespells on
[19/2/2022 10:31:53] !emotespells on
[19/2/2022 10:32:50] !emotespells on
[19/2/2022 10:33:46] !emotespells on
[19/2/2022 10:34:42] !emotespells on
[19/2/2022 10:35:38] !emotespells on
[19/2/2022 10:36:34] !emotespells on
[19/2/2022 10:37:29] !emotespells on
[19/2/2022 10:38:26] !emotespells on
[19/2/2022 10:39:22] !emotespells on
[19/2/2022 10:40:18] !emotespells on
[19/2/2022 10:41:14] !emotespells on
[19/2/2022 10:42:10] !emotespells on
[19/2/2022 10:43:6] !emotespells on
[19/2/2022 10:44:2] !emotespells on
[19/2/2022 10:44:58] !emotespells on
[19/2/2022 10:45:54] !emotespells on
[19/2/2022 10:46:50] !emotespells on
[19/2/2022 10:47:46] !emotespells on
[19/2/2022 10:48:42] !emotespells on
[19/2/2022 10:49:38] !emotespells on
[19/2/2022 10:50:34] !emotespells on
[19/2/2022 10:51:30] !emotespells on
[19/2/2022 10:52:26] !emotespells on
[19/2/2022 10:53:22] !emotespells on
[19/2/2022 10:54:18] !emotespells on
[19/2/2022 10:55:14] !emotespells on
[19/2/2022 10:56:10] !emotespells on
[19/2/2022 10:57:6] !emotespells on
[19/2/2022 10:58:2] !emotespells on
[19/2/2022 10:58:58] !emotespells on
[19/2/2022 10:59:54] !emotespells on
[19/2/2022 11:0:50] !emotespells on
[19/2/2022 11:1:46] !emotespells on
[19/2/2022 11:2:42] !emotespells on
[19/2/2022 11:3:38] !emotespells on
[19/2/2022 11:4:34] !emotespells on
[19/2/2022 11:5:30] !emotespells on
[19/2/2022 11:6:26] !emotespells on
[19/2/2022 11:7:22] !emotespells on
[19/2/2022 11:8:18] !emotespells on
[19/2/2022 11:9:14] !emotespells on
[19/2/2022 11:10:10] !emotespells on
[19/2/2022 11:11:6] !emotespells on
[19/2/2022 11:12:2] !emotespells on
[19/2/2022 11:12:58] !emotespells on
[19/2/2022 11:13:54] !emotespells on
[19/2/2022 11:14:50] !emotespells on
[19/2/2022 11:15:46] !emotespells on
[19/2/2022 11:16:42] !emotespells on
[19/2/2022 11:17:38] !emotespells on
[19/2/2022 11:18:34] !emotespells on
[19/2/2022 11:19:30] !emotespells on
[19/2/2022 11:20:26] !emotespells on
[19/2/2022 11:21:22] !emotespells on
[19/2/2022 11:22:18] !emotespells on
[19/2/2022 11:23:14] !emotespells on
[19/2/2022 11:24:10] !emotespells on
[19/2/2022 11:25:6] !emotespells on
[19/2/2022 11:26:2] !emotespells on
[19/2/2022 11:26:58] !emotespells on
[19/2/2022 11:27:54] !emotespells on
[19/2/2022 11:28:50] !emotespells on
[19/2/2022 11:29:46] !emotespells on
[19/2/2022 11:30:42] !emotespells on
[19/2/2022 11:31:38] !emotespells on
[19/2/2022 11:32:34] !emotespells on
[19/2/2022 11:33:30] !emotespells on
[19/2/2022 11:34:26] !emotespells on
[19/2/2022 11:35:22] !emotespells on
[19/2/2022 11:36:18] !emotespells on
[19/2/2022 11:37:14] !emotespells on
[19/2/2022 11:38:10] !emotespells on
[19/2/2022 11:39:6] !emotespells on
[19/2/2022 11:40:2] !emotespells on
[19/2/2022 11:40:58] !emotespells on
[19/2/2022 11:41:54] !emotespells on
[19/2/2022 11:42:50] !emotespells on
[19/2/2022 11:43:46] !emotespells on
[19/2/2022 11:44:42] !emotespells on
[19/2/2022 11:45:38] !emotespells on
[19/2/2022 11:46:34] !emotespells on
[19/2/2022 11:47:30] !emotespells on
[19/2/2022 11:48:26] !emotespells on
[19/2/2022 11:49:22] !emotespells on
[19/2/2022 11:50:18] !emotespells on
[19/2/2022 11:51:14] !emotespells on
[19/2/2022 11:52:10] !emotespells on
[19/2/2022 11:53:6] !emotespells on
[19/2/2022 11:54:2] !emotespells on
[19/2/2022 11:54:58] !emotespells on
[19/2/2022 11:55:54] !emotespells on
[19/2/2022 11:56:50] !emotespells on
[19/2/2022 11:57:46] !emotespells on
[19/2/2022 11:58:42] !emotespells on
[19/2/2022 11:59:38] !emotespells on
[19/2/2022 12:0:34] !emotespells on
[19/2/2022 12:1:30] !emotespells on
[19/2/2022 12:2:26] !emotespells on
[19/2/2022 12:3:22] !emotespells on
[19/2/2022 12:4:18] !emotespells on
[19/2/2022 12:5:14] !emotespells on
[19/2/2022 12:6:10] !emotespells on
[19/2/2022 12:7:6] !emotespells on
[19/2/2022 12:8:2] !emotespells on
[19/2/2022 12:8:58] !emotespells on
[19/2/2022 12:9:54] !emotespells on
[19/2/2022 12:10:50] !emotespells on
[19/2/2022 12:11:46] !emotespells on
[19/2/2022 12:12:42] !emotespells on
[19/2/2022 12:13:38] !emotespells on
[19/2/2022 12:14:34] !emotespells on
[19/2/2022 12:15:30] !emotespells on
[19/2/2022 12:16:26] !emotespells on
[19/2/2022 12:17:22] !emotespells on
[19/2/2022 12:18:18] !emotespells on
[19/2/2022 12:19:14] !emotespells on
[19/2/2022 12:20:10] !emotespells on
[19/2/2022 12:21:6] !emotespells on
[19/2/2022 12:22:2] !emotespells on
[19/2/2022 12:22:58] !emotespells on
[19/2/2022 12:23:54] !emotespells on
[19/2/2022 12:24:50] !emotespells on
[19/2/2022 12:25:46] !emotespells on
[19/2/2022 12:26:42] !emotespells on
[19/2/2022 12:27:38] !emotespells on
[19/2/2022 12:28:34] !emotespells on
[19/2/2022 12:29:30] !emotespells on
[19/2/2022 12:30:26] !emotespells on
[19/2/2022 12:31:22] !emotespells on
[19/2/2022 12:32:18] !emotespells on
[19/2/2022 12:33:14] !emotespells on
[19/2/2022 12:34:10] !emotespells on
[19/2/2022 12:35:6] !emotespells on
[19/2/2022 12:36:2] !emotespells on
[19/2/2022 12:36:58] !emotespells on
[19/2/2022 12:37:54] !emotespells on
[19/2/2022 12:38:50] !emotespells on
[19/2/2022 12:39:46] !emotespells on
[19/2/2022 12:40:42] !emotespells on
[19/2/2022 12:41:38] !emotespells on
[19/2/2022 12:42:34] !emotespells on
[19/2/2022 12:43:30] !emotespells on
[19/2/2022 12:44:26] !emotespells on
[19/2/2022 12:45:22] !emotespells on
[19/2/2022 12:46:18] !emotespells on
[19/2/2022 12:47:14] !emotespells on
[19/2/2022 12:48:10] !emotespells on
[19/2/2022 12:49:6] !emotespells on
[19/2/2022 12:50:2] !emotespells on
[19/2/2022 12:50:58] !emotespells on
[19/2/2022 12:51:54] !emotespells on
[19/2/2022 12:52:50] !emotespells on
[19/2/2022 12:53:46] !emotespells on
[19/2/2022 12:54:42] !emotespells on
[19/2/2022 12:55:38] !emotespells on
[19/2/2022 12:56:34] !emotespells on
[19/2/2022 12:57:30] !emotespells on
[19/2/2022 12:58:26] !emotespells on
[19/2/2022 12:59:22] !emotespells on
[19/2/2022 13:0:18] !emotespells on
[19/2/2022 13:1:14] !emotespells on
[19/2/2022 13:2:10] !emotespells on
[19/2/2022 13:3:6] !emotespells on
[19/2/2022 13:4:2] !emotespells on
[19/2/2022 13:4:58] !emotespells on
[19/2/2022 13:5:54] !emotespells on
[19/2/2022 13:6:50] !emotespells on
[19/2/2022 13:7:46] !emotespells on
[19/2/2022 13:8:42] !emotespells on
[19/2/2022 13:9:38] !emotespells on
[19/2/2022 13:10:34] !emotespells on
[19/2/2022 13:11:30] !emotespells on
[19/2/2022 13:12:26] !emotespells on
[19/2/2022 13:13:22] !emotespells on
[19/2/2022 13:14:18] !emotespells on
[19/2/2022 13:15:14] !emotespells on
[19/2/2022 13:16:10] !emotespells on
[19/2/2022 13:17:6] !emotespells on
[19/2/2022 13:18:2] !emotespells on
[19/2/2022 13:18:58] !emotespells on
[19/2/2022 13:19:54] !emotespells on
[19/2/2022 13:20:50] !emotespells on
[19/2/2022 13:21:46] !emotespells on
[19/2/2022 13:22:42] !emotespells on
[19/2/2022 13:23:38] !emotespells on
[19/2/2022 13:24:34] !emotespells on
[19/2/2022 13:25:30] !emotespells on
[19/2/2022 13:26:26] !emotespells on
[19/2/2022 13:27:22] !emotespells on
[19/2/2022 13:28:18] !emotespells on
[19/2/2022 13:29:14] !emotespells on
[19/2/2022 13:30:10] !emotespells on
[19/2/2022 13:31:6] !emotespells on
[19/2/2022 13:32:2] !emotespells on
[19/2/2022 13:32:58] !emotespells on
[19/2/2022 13:33:54] !emotespells on
[19/2/2022 13:34:50] !emotespells on
[19/2/2022 13:35:46] !emotespells on
[19/2/2022 13:36:42] !emotespells on
[19/2/2022 13:37:38] !emotespells on
[19/2/2022 13:38:34] !emotespells on
[19/2/2022 13:39:30] !emotespells on
[19/2/2022 13:41:22] !emotespells on
[19/2/2022 13:42:18] !emotespells on
[19/2/2022 13:43:14] !emotespells on
[19/2/2022 13:44:10] !emotespells on
[19/2/2022 13:45:6] !emotespells on
[19/2/2022 13:46:2] !emotespells on
[19/2/2022 13:46:58] !emotespells on
[19/2/2022 13:47:54] !emotespells on
[19/2/2022 13:48:50] !emotespells on
[19/2/2022 13:49:46] !emotespells on
[19/2/2022 13:50:42] !emotespells on
[19/2/2022 13:51:38] !emotespells on
[19/2/2022 13:52:34] !emotespells on
[19/2/2022 13:53:30] !emotespells on
[19/2/2022 13:54:26] !emotespells on
[19/2/2022 13:55:22] !emotespells on
[19/2/2022 13:56:18] !emotespells on
[19/2/2022 13:57:14] !emotespells on
[19/2/2022 13:58:10] !emotespells on
[19/2/2022 13:59:6] !emotespells on
[19/2/2022 14:0:2] !emotespells on
[19/2/2022 14:0:58] !emotespells on
[19/2/2022 14:1:54] !emotespells on
[19/2/2022 14:2:50] !emotespells on
[19/2/2022 14:3:46] !emotespells on
[19/2/2022 14:4:42] !emotespells on
[19/2/2022 14:5:38] !emotespells on
[19/2/2022 14:6:34] !emotespells on
[19/2/2022 14:7:30] !emotespells on
[19/2/2022 14:8:26] !emotespells on
[19/2/2022 14:9:22] !emotespells on
[19/2/2022 14:10:18] !emotespells on
[19/2/2022 14:11:14] !emotespells on
[19/2/2022 14:12:10] !emotespells on
[19/2/2022 14:13:6] !emotespells on
[19/2/2022 14:14:2] !emotespells on
[19/2/2022 14:14:58] !emotespells on
[19/2/2022 14:15:54] !emotespells on
[19/2/2022 14:16:50] !emotespells on
[19/2/2022 14:17:46] !emotespells on
[19/2/2022 14:18:42] !emotespells on
[19/2/2022 14:19:38] !emotespells on
[19/2/2022 14:20:34] !emotespells on
[19/2/2022 14:21:30] !emotespells on
[19/2/2022 14:22:26] !emotespells on
[19/2/2022 14:23:22] !emotespells on
[19/2/2022 14:24:18] !emotespells on
[19/2/2022 14:25:14] !emotespells on
[19/2/2022 14:26:10] !emotespells on
[19/2/2022 14:27:6] !emotespells on
[19/2/2022 14:28:2] !emotespells on
[19/2/2022 14:28:58] !emotespells on
[19/2/2022 14:29:54] !emotespells on
[19/2/2022 14:30:50] !emotespells on
[19/2/2022 14:31:46] !emotespells on
[19/2/2022 14:32:42] !emotespells on
[19/2/2022 14:33:38] !emotespells on
[19/2/2022 14:34:34] !emotespells on
[19/2/2022 14:35:30] !emotespells on
[19/2/2022 14:36:26] !emotespells on
[19/2/2022 14:37:22] !emotespells on
[19/2/2022 14:38:18] !emotespells on
[19/2/2022 14:39:14] !emotespells on
[19/2/2022 14:40:10] !emotespells on
[19/2/2022 14:41:6] !emotespells on
[19/2/2022 14:42:2] !emotespells on
[19/2/2022 14:42:58] !emotespells on
[19/2/2022 14:43:54] !emotespells on
[19/2/2022 14:44:50] !emotespells on
[19/2/2022 14:45:46] !emotespells on
[19/2/2022 14:46:42] !emotespells on
[19/2/2022 14:47:38] !emotespells on
[19/2/2022 14:48:34] !emotespells on
[19/2/2022 14:49:30] !emotespells on
[19/2/2022 14:50:26] !emotespells on
[19/2/2022 14:51:22] !emotespells on
[19/2/2022 14:52:18] !emotespells on
[19/2/2022 14:53:14] !emotespells on
[19/2/2022 14:54:10] !emotespells on
[19/2/2022 14:55:6] !emotespells on
[19/2/2022 14:56:2] !emotespells on
[19/2/2022 14:56:58] !emotespells on
[19/2/2022 14:57:54] !emotespells on
[19/2/2022 14:58:50] !emotespells on
[19/2/2022 14:59:46] !emotespells on
[19/2/2022 15:0:42] !emotespells on
[19/2/2022 15:1:38] !emotespells on
[19/2/2022 15:2:34] !emotespells on
[19/2/2022 15:3:30] !emotespells on
[19/2/2022 15:4:26] !emotespells on
[19/2/2022 15:5:22] !emotespells on
[19/2/2022 15:6:18] !emotespells on
[19/2/2022 15:7:14] !emotespells on
[19/2/2022 15:8:10] !emotespells on
[19/2/2022 15:9:6] !emotespells on
[19/2/2022 15:10:2] !emotespells on
[19/2/2022 15:10:58] !emotespells on
[19/2/2022 15:11:54] !emotespells on
[19/2/2022 15:12:50] !emotespells on
[19/2/2022 15:13:46] !emotespells on
[19/2/2022 15:14:42] !emotespells on
[19/2/2022 15:15:38] !emotespells on
[19/2/2022 15:16:34] !emotespells on
[19/2/2022 15:17:30] !emotespells on
[19/2/2022 15:18:26] !emotespells on
[19/2/2022 15:19:22] !emotespells on
[19/2/2022 15:20:18] !emotespells on
[19/2/2022 15:21:14] !emotespells on
[19/2/2022 15:22:10] !emotespells on
[19/2/2022 15:23:6] !emotespells on
[19/2/2022 15:24:2] !emotespells on
[19/2/2022 15:24:58] !emotespells on
[19/2/2022 15:25:54] !emotespells on
[19/2/2022 15:26:50] !emotespells on
[19/2/2022 15:27:46] !emotespells on
[19/2/2022 15:28:42] !emotespells on
[19/2/2022 15:29:38] !emotespells on
[19/2/2022 15:30:34] !emotespells on
[19/2/2022 15:31:30] !emotespells on
[19/2/2022 15:32:26] !emotespells on
[19/2/2022 15:33:22] !emotespells on
[19/2/2022 15:34:18] !emotespells on
[19/2/2022 15:35:14] !emotespells on
[19/2/2022 15:36:10] !emotespells on
[19/2/2022 15:37:6] !emotespells on
[19/2/2022 15:38:2] !emotespells on
[19/2/2022 15:38:58] !emotespells on
[19/2/2022 15:39:54] !emotespells on
[19/2/2022 23:26:28] !rank
[19/2/2022 23:26:32] !rank level
