[12/2/2022 19:5:1] !emotespells on
[13/2/2022 15:17:50] !guildpoints
[13/2/2022 18:25:38] !guildpoints
[13/2/2022 18:43:21] !guildpoints
[13/2/2022 20:22:54] !guildpoints
[13/2/2022 20:27:5] !go
[13/2/2022 21:20:29] !go
[14/2/2022 22:13:10] !go
[14/2/2022 22:43:24] !guildpoints
[14/2/2022 23:52:17] !guildpoints
[15/2/2022 13:29:55] !serverinfo
[15/2/2022 14:15:45] !go
[15/2/2022 15:55:3] !guildpoints
[15/2/2022 20:25:26] !addon oriental
[15/2/2022 22:3:42] !go
[15/2/2022 22:43:49] !go
[16/2/2022 1:26:6] !go
[16/2/2022 1:33:5] !go
[16/2/2022 1:34:6] !guildpoints
[16/2/2022 12:18:48] !serverinfo
[16/2/2022 12:19:10] !serverinfo
[16/2/2022 13:38:29] !serverinfo
[16/2/2022 21:40:57] !rank level
[16/2/2022 22:3:11] !go
[16/2/2022 22:36:58] !go
[16/2/2022 22:56:56] !go
[17/2/2022 16:48:1] !rank leve
[17/2/2022 16:48:6] !rank level
[17/2/2022 20:8:5] !rank level
[18/2/2022 10:40:34] !rank level
[18/2/2022 11:18:36] !serverinfo
[18/2/2022 14:37:58] !guildpoints
[18/2/2022 23:19:14] !go
[19/2/2022 12:49:32] !guildpoints
[19/2/2022 18:31:9] !go
[19/2/2022 18:31:44] !guildpoints
[19/2/2022 21:45:19]  21:44 ERROR! Contact the Administrator.
[19/2/2022 21:47:49]  ADM FIZ O ITEM MAS BUGOU E PEDIU PRA FALAR COM ADM  21:44 ERROR! Contact the Administrator.
[20/2/2022 12:37:31] !rank level
[20/2/2022 12:38:21] !rank level
[20/2/2022 14:12:13] !rank level
[20/2/2022 14:12:30] !rank level
[20/2/2022 16:50:46] !rank level
[20/2/2022 16:51:19] !rank level
[20/2/2022 20:20:16] !rank level
[20/2/2022 20:27:20] !rank distance
