[10/12/2021 21:27:18] !rank axe
[10/12/2021 21:32:28] !aol
[10/12/2021 22:48:40] !rank axe
[10/12/2021 22:48:52] !rank sword
[10/12/2021 22:49:11] !rank club
[10/12/2021 23:50:31] !rank sword
[10/12/2021 23:50:36] !rank axe
[11/12/2021 9:4:24] !rank <ax<e
[11/12/2021 9:4:50] !rank axe
[11/12/2021 14:46:31] !rank axe
[11/12/2021 14:48:14] !rank magic
[11/12/2021 14:48:43] !rank level
[11/12/2021 21:31:13] !rank axe
[12/12/2021 6:46:47] !rank axxxe
[12/12/2021 6:46:56] !rank axe
[12/12/2021 6:47:18] !rank axe
[12/12/2021 14:29:47] !rank axe
[13/12/2021 14:47:33] !rank axe
[13/12/2021 23:11:13] !rank axe
[14/12/2021 6:1:59] !rank axe
[14/12/2021 22:44:1] !rank axe
[15/12/2021 6:46:55] !rank axe
[15/12/2021 13:51:1] !rank axe
[15/12/2021 20:26:23] !rank axe
[15/12/2021 21:40:57] !emotespells on
[15/12/2021 21:51:30] !online
[15/12/2021 22:43:12] !rank axe
[16/12/2021 0:1:49] !rank axe
[16/12/2021 10:10:37] !rank axe
[16/12/2021 20:37:38] !rank axe
[16/12/2021 20:57:49] !rank axe
[17/12/2021 7:4:2] !rank axe
[18/12/2021 6:50:36] !rank axe
[18/12/2021 15:30:13] !rank ae
[18/12/2021 15:30:19] !rank axe
[19/12/2021 19:36:43] !rank axe
[19/12/2021 19:36:57] !rank axe
[20/12/2021 19:50:28] !rank axe
[22/12/2021 23:13:28] !rank axe
[22/12/2021 23:13:38] !rank level
[24/12/2021 15:55:58] !rank axe
[29/12/2021 14:39:5] !rank axe
[29/12/2021 14:39:45] !rank shield
[29/12/2021 14:40:5] !rank distance
[29/12/2021 15:32:24] !online
[2/1/2022 16:26:29] !rank axe
[3/1/2022 19:44:53] !rank axe
[4/1/2022 18:40:31] !rank axe
[4/1/2022 18:40:56] !rank shielding
[4/1/2022 18:41:1] !rank shield
[13/2/2022 21:18:52] !rank distance
[13/2/2022 22:48:32] !emotespells on
[14/2/2022 20:51:49] !rank axe
[14/2/2022 20:52:8] !rank distancce
[14/2/2022 20:52:13] !rank distance
[14/2/2022 20:52:47] !rank magic
[15/2/2022 22:48:23] !aol
[17/2/2022 18:9:16] !aol
[17/2/2022 20:52:10] !aol
[18/2/2022 7:28:32] !aol
[18/2/2022 8:19:12] !aol
[19/2/2022 1:44:24] !aol
[19/2/2022 1:59:59] !aol
[23/2/2022 23:17:14] !aol
[23/2/2022 23:48:57] !aol
[23/2/2022 23:53:51] !emotespells off
[23/2/2022 23:54:19] !emotespells on
[24/2/2022 0:16:9] !aol
[24/2/2022 2:11:29] !aol
[24/2/2022 12:11:2] !aol
[24/2/2022 20:49:31] !buyhouse
[25/2/2022 23:28:29] !aol
[26/2/2022 21:40:42] !rank magic
[26/2/2022 21:41:33] !rank magic
[3/3/2022 11:52:12] aleta sio
[3/3/2022 11:52:19] aleta som
[3/3/2022 11:52:22] aleta som
