[31/5/2022 20:38:45] !aol
[31/5/2022 20:46:26] !aol
[31/5/2022 20:53:30] !aol
[31/5/2022 21:25:44] !aol
[31/5/2022 21:27:9] !aol
[31/5/2022 21:31:38] !emotespells
[31/5/2022 21:31:40] !emotespells on
[31/5/2022 21:31:43] !emotespells on.
[31/5/2022 22:9:51] !aol
[31/5/2022 22:10:10] !aol
[31/5/2022 22:23:4] !aol
[31/5/2022 22:24:33] !aol
[31/5/2022 23:9:45] !aol
[31/5/2022 23:16:22] !emotespells on
[31/5/2022 23:19:59] !aol
[31/5/2022 23:28:58] !aol
[31/5/2022 23:29:49] !aol
[31/5/2022 23:30:18] !aol
[1/6/2022 0:1:8] !rank lvl
[1/6/2022 0:1:14] !rank level
[1/6/2022 0:15:45] !aol
[1/6/2022 0:16:56] !aol
[1/6/2022 0:24:18] !aol
[1/6/2022 0:47:24] !aol
[1/6/2022 1:3:24] !aol
[1/6/2022 1:11:24] !emotespells on
[1/6/2022 1:21:23] !emotespells on
[1/6/2022 1:34:44] !emotespells on
[1/6/2022 1:42:1] !emotespells on
[1/6/2022 1:48:11] !emotespells on
[1/6/2022 1:53:39] !emotespells on
[1/6/2022 1:58:55] !emotespells on
[1/6/2022 2:4:25] !emotespells on
[1/6/2022 2:9:54] !emotespells on
[1/6/2022 2:15:36] !emotespells on
[1/6/2022 2:21:22] !emotespells on
[1/6/2022 2:43:58] !aol
[1/6/2022 2:44:6] !emotespells on
[1/6/2022 2:50:35] !emotespells on
[1/6/2022 2:56:35] !emotespells on
[1/6/2022 3:2:0] !emotespells on
[1/6/2022 3:7:23] !emotespells on
[1/6/2022 3:13:15] !emotespells on
[1/6/2022 3:18:58] !emotespells on
[1/6/2022 3:24:6] !emotespells on
[1/6/2022 3:31:4] !emotespells on
[1/6/2022 3:38:5] !emotespells on
[1/6/2022 3:45:32] !emotespells on
[1/6/2022 3:50:22] !emotespells on
[1/6/2022 3:56:34] !emotespells on
[1/6/2022 4:3:21] !emotespells on
[1/6/2022 4:10:20] !emotespells on
[1/6/2022 4:21:45] !emotespells on
[1/6/2022 4:26:47] !emotespells on
[1/6/2022 4:32:3] !emotespells on
[1/6/2022 4:37:2] !emotespells on
[1/6/2022 4:42:47] !emotespells on
[1/6/2022 4:50:17] !emotespells on
[1/6/2022 4:56:47] !emotespells on
[1/6/2022 5:2:20] !aol
[1/6/2022 5:2:31] !emotespells on
[1/6/2022 5:10:43] !emotespells on
[1/6/2022 5:15:42] !emotespells on
[1/6/2022 5:21:43] !emotespells on
[1/6/2022 5:27:20] !emotespells on
[1/6/2022 5:33:24] !emotespells on
[1/6/2022 5:39:6] !emotespells on
[1/6/2022 5:46:35] !emotespells on
[1/6/2022 5:53:27] !emotespells on
[1/6/2022 5:58:9] !emotespells on
[1/6/2022 6:4:53] !emotespells on
[1/6/2022 6:11:59] !emotespells on
[1/6/2022 7:9:57] !emotespells on
[1/6/2022 7:10:1] !aol
[1/6/2022 7:17:17] !emotespells on
[1/6/2022 7:22:10] !emotespells on
[1/6/2022 7:28:8] !aol
[1/6/2022 7:28:14] !emotespells on
[1/6/2022 8:0:9] !emotespells on
[1/6/2022 8:5:46] !emotespells on
[1/6/2022 8:11:34] !emotespells on
[1/6/2022 8:16:7] !emotespells on
[1/6/2022 8:22:9] !emotespells on
[1/6/2022 8:26:45] !emotespells on
[1/6/2022 8:32:53] !emotespells on
[1/6/2022 8:37:19] !emotespells on
[1/6/2022 8:43:49] !emotespells on
[1/6/2022 8:49:39] !emotespells on
[1/6/2022 8:55:16] !emotespells on
[1/6/2022 8:59:37] !emotespells on
[1/6/2022 9:4:59] !emotespells on
[1/6/2022 9:10:31] !emotespells on
[1/6/2022 9:15:29] !emotespells on
[1/6/2022 9:21:0] !emotespells on
[1/6/2022 9:25:51] !emotespells on
[1/6/2022 9:31:45] !emotespells on
[1/6/2022 9:36:21] !emotespells on
[1/6/2022 9:42:41] !emotespells on
[1/6/2022 9:47:43] !emotespells on
[1/6/2022 9:53:28] !emotespells on
[1/6/2022 10:2:59] !emotespells on
[1/6/2022 10:10:14] !emotespells on
[1/6/2022 10:15:2] !emotespells on
[1/6/2022 10:20:36] !emotespells on
[1/6/2022 10:25:20] !emotespells on
[1/6/2022 10:31:33] !emotespells on
[1/6/2022 10:37:50] !emotespells on
[1/6/2022 10:43:51] !emotespells on
[1/6/2022 10:50:41] !emotespells on
[1/6/2022 11:0:43] !aol
[1/6/2022 11:13:42] !emotespells on
[1/6/2022 11:14:30] !emotespells on
[1/6/2022 11:20:50] !emotespells on
[1/6/2022 11:28:8] !emotespells on
[1/6/2022 11:33:22] !emotespells on
[1/6/2022 11:38:47] !emotespells on
[1/6/2022 11:44:48] !emotespells on
[1/6/2022 11:50:10] !emotespells on
[1/6/2022 11:54:50] !emotespells on
[1/6/2022 12:0:7] !emotespells on
[1/6/2022 12:5:24] !emotespells on
[1/6/2022 12:11:52] !emotespells on
[1/6/2022 12:19:57] !emotespells on
[1/6/2022 12:26:5] !emotespells on
[1/6/2022 12:31:39] !emotespells on
[1/6/2022 12:37:1] !emotespells on
[1/6/2022 12:42:16] !emotespells on
[1/6/2022 12:46:56] !emotespells on
[1/6/2022 12:51:35] !emotespells on
[1/6/2022 12:53:48] !emotespells on
[1/6/2022 13:21:41] !emotespells on
[1/6/2022 13:27:18] !emotespells on
[1/6/2022 13:32:14] !emotespells on
[1/6/2022 13:36:23] !emotespells on
[1/6/2022 13:41:53] !emotespells on
[1/6/2022 13:46:2] !emotespells on
[1/6/2022 13:50:21] !emotespells on
[1/6/2022 13:54:25] !emotespells on
[1/6/2022 13:58:56] !emotespells on
[1/6/2022 14:2:58] !emotespells on
[1/6/2022 14:8:50] !emotespells on
[1/6/2022 14:13:33] !emotespells on
[1/6/2022 14:19:23] !emotespells on
[1/6/2022 14:24:38] !emotespells on
[1/6/2022 14:30:9] !emotespells on
[1/6/2022 14:33:30] !emotespells on
[1/6/2022 14:37:35] !emotespells on
[1/6/2022 14:42:10] !emotespells on
[1/6/2022 14:45:57] !emotespells on
[1/6/2022 14:50:30] !emotespells on
[1/6/2022 14:55:12] !emotespells on
[1/6/2022 14:59:58] !emotespells on
[1/6/2022 15:3:52] !emotespells on
[1/6/2022 15:10:2] !emotespells on
[1/6/2022 15:18:59] !emotespells on
[1/6/2022 15:22:48] !emotespells on
[1/6/2022 15:27:11] !emotespells on
[1/6/2022 15:31:25] !emotespells on
[1/6/2022 15:34:53] !emotespells on
[1/6/2022 15:39:48] !emotespells on
[1/6/2022 15:43:13] !emotespells on
[1/6/2022 15:48:25] !emotespells on
[1/6/2022 15:52:42] !emotespells on
[1/6/2022 15:57:38] !emotespells on
[1/6/2022 16:3:27] !emotespells on
[1/6/2022 16:7:54] !emotespells on
[1/6/2022 16:12:37] !emotespells on
[1/6/2022 16:16:33] !emotespells on
[1/6/2022 16:21:20] !emotespells on
[1/6/2022 16:25:33] !emotespells on
[1/6/2022 16:30:19] !emotespells on
[1/6/2022 16:34:59] !emotespells on
[1/6/2022 16:38:34] !emotespells on
[1/6/2022 16:44:7] !emotespells on
[1/6/2022 16:47:51] !emotespells on
[1/6/2022 16:52:24] !emotespells on
[1/6/2022 16:56:54] !emotespells on
[1/6/2022 17:2:46] !emotespells on
[1/6/2022 17:7:8] !emotespells on
[1/6/2022 17:11:36] !emotespells on
[1/6/2022 17:17:16] !emotespells on
[1/6/2022 17:20:26] !emotespells on
[1/6/2022 17:25:57] !emotespells on
[1/6/2022 17:30:4] !emotespells on
[1/6/2022 17:36:25] !emotespells on
[1/6/2022 18:5:48] !emotespells on
[1/6/2022 18:12:5] !emotespells on
[1/6/2022 18:15:45] !emotespells on
[1/6/2022 19:0:1] !emotespells on
[1/6/2022 19:4:22] !emotespells on
[1/6/2022 19:9:14] !emotespells on
[1/6/2022 19:13:49] !emotespells on
[1/6/2022 19:19:8] !emotespells on
[1/6/2022 19:25:29] !emotespells on
[1/6/2022 19:29:5] !emotespells on
[1/6/2022 19:34:19] !emotespells on
[1/6/2022 19:37:58] !emotespells on
[1/6/2022 19:44:26] !emotespells on
[1/6/2022 19:51:41] !emotespells on
[1/6/2022 19:56:14] !emotespells on
[1/6/2022 20:0:27] !emotespells on
[1/6/2022 20:4:47] !emotespells on
[1/6/2022 20:9:23] !emotespells on
[1/6/2022 20:13:45] !emotespells on
[1/6/2022 20:18:23] !emotespells on
[1/6/2022 20:24:57] !emotespells on
[1/6/2022 20:29:40] !emotespells on
[1/6/2022 20:37:14] !emotespells on
[1/6/2022 20:45:42] !aol
[1/6/2022 20:52:38] !aol
[2/6/2022 1:41:0] !emotespells on
[2/6/2022 1:45:29] !emotespells on
[2/6/2022 1:49:38] !emotespells on
[2/6/2022 1:54:36] !emotespells on
[2/6/2022 1:56:20] !emotespells on
[2/6/2022 2:5:6] !emotespells on
[2/6/2022 2:5:39] !emotespells on
[2/6/2022 2:10:5] !emotespells on
[2/6/2022 2:17:12] !emotespells on
[2/6/2022 2:22:17] !emotespells on
[2/6/2022 2:29:18] !emotespells on
[2/6/2022 2:34:46] !emotespells on
[2/6/2022 2:40:26] !emotespells on
[2/6/2022 2:44:36] !emotespells on
[2/6/2022 2:49:42] !emotespells on
[2/6/2022 2:53:18] !emotespells on
[2/6/2022 2:58:53] !emotespells on
[2/6/2022 3:5:23] !emotespells on
[2/6/2022 3:9:23] !emotespells on
[2/6/2022 3:14:20] !emotespells on
[2/6/2022 3:18:35] !emotespells on
[2/6/2022 3:24:14] !emotespells on
[2/6/2022 3:28:42] !emotespells on
[2/6/2022 3:35:25] !emotespells on
[2/6/2022 3:42:29] !emotespells on
[2/6/2022 4:35:1] !aol
[2/6/2022 4:36:3] !aol
[2/6/2022 4:41:47] !aol
[2/6/2022 4:43:17] !aol
[2/6/2022 4:45:22] !aol
[2/6/2022 4:56:41] !emotespells on
[2/6/2022 4:59:33] !frags
[2/6/2022 5:6:4] !emotespells on
[2/6/2022 5:13:57] !emotespells on
[2/6/2022 5:20:33] !emotespells on
[2/6/2022 5:29:7] !emotespells on
[2/6/2022 5:33:3] !emotespells on
[2/6/2022 5:37:22] !emotespells on
[2/6/2022 5:42:3] !emotespells on
[2/6/2022 5:46:2] !emotespells on
[2/6/2022 5:49:48] !emotespells on
[2/6/2022 5:53:47] !emotespells on
[2/6/2022 5:57:33] !emotespells on
[2/6/2022 6:1:38] !emotespells on
[2/6/2022 6:5:2] !emotespells on
[2/6/2022 6:8:39] !emotespells on
[2/6/2022 6:12:14] !emotespells on
[2/6/2022 6:16:6] !emotespells on
[2/6/2022 6:20:25] !emotespells on
[2/6/2022 6:23:58] !emotespells on
[2/6/2022 6:28:57] !emotespells on
[2/6/2022 6:32:20] !emotespells on
[2/6/2022 6:36:41] !emotespells on
[2/6/2022 6:41:25] !emotespells on
[2/6/2022 6:44:37] !emotespells on
[2/6/2022 6:48:6] !emotespells on
[2/6/2022 6:52:14] !emotespells on
[2/6/2022 6:56:13] !emotespells on
[2/6/2022 6:59:57] !emotespells on
[2/6/2022 7:3:39] !emotespells on
[2/6/2022 7:7:42] !emotespells on
[2/6/2022 7:11:29] !emotespells on
[2/6/2022 7:15:59] !emotespells on
[2/6/2022 7:21:9] !emotespells on
[2/6/2022 7:24:53] !emotespells on
[2/6/2022 7:28:39] !emotespells on
[2/6/2022 7:32:50] !emotespells on
[2/6/2022 7:36:12] !emotespells on
[2/6/2022 7:40:28] !emotespells on
[2/6/2022 7:43:56] !emotespells on
[2/6/2022 7:48:11] !emotespells on
[2/6/2022 7:51:18] !emotespells on
[2/6/2022 7:55:27] !emotespells on
[2/6/2022 7:58:54] !emotespells on
[2/6/2022 8:2:9] !emotespells on
[2/6/2022 5:8:38] !emotespells on
[2/6/2022 5:13:25] !emotespells on
[2/6/2022 5:17:10] !emotespells on
[2/6/2022 5:21:1] !emotespells on
[2/6/2022 5:24:9] !emotespells on
[2/6/2022 5:27:51] !emotespells on
[2/6/2022 5:31:39] !emotespells on
[2/6/2022 5:35:22] !emotespells on
[2/6/2022 5:38:47] !emotespells on
[2/6/2022 5:42:55] !emotespells on
[2/6/2022 5:46:26] !emotespells on
[2/6/2022 5:50:37] !emotespells on
[2/6/2022 5:54:27] !emotespells on
[2/6/2022 5:58:23] !emotespells on
[2/6/2022 6:2:23] !emotespells on
[2/6/2022 6:6:15] !emotespells on
[2/6/2022 6:11:13] !emotespells on
[2/6/2022 6:15:21] !emotespells on
[2/6/2022 6:19:19] !emotespells on
[2/6/2022 6:23:9] !emotespells on
[2/6/2022 6:27:7] !emotespells on
[2/6/2022 6:30:54] !emotespells on
[2/6/2022 6:34:26] !emotespells on
[2/6/2022 6:38:13] !emotespells on
[2/6/2022 6:42:36] !emotespells on
[2/6/2022 6:46:4] !emotespells on
[2/6/2022 6:50:4] !emotespells on
[2/6/2022 6:54:13] !emotespells on
[2/6/2022 6:57:42] !emotespells on
[2/6/2022 7:0:54] !emotespells on
[2/6/2022 7:4:44] !emotespells on
[2/6/2022 7:8:58] !emotespells on
[2/6/2022 7:12:35] !emotespells on
[2/6/2022 7:16:40] !emotespells on
[2/6/2022 7:20:34] !emotespells on
[2/6/2022 7:24:27] !emotespells on
[2/6/2022 7:28:2] !emotespells on
[2/6/2022 7:31:10] !emotespells on
[2/6/2022 7:34:42] !emotespells on
[2/6/2022 7:38:52] !emotespells on
[2/6/2022 7:42:30] !emotespells on
[2/6/2022 7:47:20] !emotespells on
[2/6/2022 7:50:30] !emotespells on
[2/6/2022 7:54:17] !emotespells on
[2/6/2022 7:57:59] !emotespells on
[2/6/2022 8:1:40] !emotespells on
[2/6/2022 8:5:39] !emotespells on
[2/6/2022 8:8:38] !emotespells on
[2/6/2022 8:12:12] !emotespells on
[2/6/2022 8:15:46] !emotespells on
[2/6/2022 8:19:18] !emotespells on
[2/6/2022 8:22:27] !emotespells on
[2/6/2022 8:25:58] !emotespells on
[2/6/2022 8:29:53] !emotespells on
[2/6/2022 8:33:40] !emotespells on
[2/6/2022 8:38:2] !emotespells on
[2/6/2022 8:42:43] !emotespells on
[2/6/2022 8:45:32] !emotespells on
[2/6/2022 8:49:43] !emotespells on
[2/6/2022 8:53:16] !emotespells on
[2/6/2022 8:56:45] !emotespells on
[2/6/2022 9:0:5] !emotespells on
[2/6/2022 9:0:34] !emotespells on
[2/6/2022 9:3:45] !emotespells on
[2/6/2022 9:7:48] !emotespells on
[2/6/2022 9:10:49] !emotespells on
[2/6/2022 9:14:33] !emotespells on
[2/6/2022 9:17:45] !emotespells on
[2/6/2022 9:21:49] !emotespells on
[2/6/2022 9:25:36] !emotespells on
[2/6/2022 9:30:33] !emotespells on
[2/6/2022 9:34:10] !emotespells on
[2/6/2022 9:38:9] !emotespells on
[2/6/2022 9:41:33] !emotespells on
[2/6/2022 9:45:31] !emotespells on
[2/6/2022 9:49:5] !emotespells on
[2/6/2022 9:52:40] !emotespells on
[2/6/2022 9:56:27] !emotespells on
[2/6/2022 10:0:26] !emotespells on
[2/6/2022 10:4:24] !emotespells on
[2/6/2022 10:8:6] !emotespells on
[2/6/2022 10:12:20] !emotespells on
[2/6/2022 10:15:46] !emotespells on
[2/6/2022 10:19:5] !emotespells on
[2/6/2022 10:22:49] !emotespells on
[2/6/2022 10:26:26] !emotespells on
[2/6/2022 10:31:0] !emotespells on
[2/6/2022 10:32:44] !emotespells on
[2/6/2022 10:34:54] !emotespells on
[2/6/2022 10:38:37] !emotespells on
[2/6/2022 10:41:59] !emotespells on
[2/6/2022 10:45:29] !emotespells on
[2/6/2022 10:48:53] !emotespells on
[2/6/2022 10:52:22] !emotespells on
[2/6/2022 10:56:22] !emotespells on
[2/6/2022 10:59:43] !emotespells on
[2/6/2022 11:3:14] !emotespells on
[2/6/2022 11:6:47] !emotespells on
[2/6/2022 11:10:28] !emotespells on
[2/6/2022 11:14:41] !emotespells on
[2/6/2022 11:18:31] !emotespells on
[2/6/2022 11:22:18] !emotespells on
[2/6/2022 11:26:36] !emotespells on
[2/6/2022 11:30:33] !emotespells on
[2/6/2022 11:35:6] !emotespells on
[2/6/2022 11:38:13] !emotespells on
[2/6/2022 11:41:19] !emotespells on
[2/6/2022 11:45:17] !emotespells on
[2/6/2022 11:48:59] !emotespells on
[2/6/2022 11:51:56] !emotespells on
[2/6/2022 11:55:43] !emotespells on
[2/6/2022 11:59:50] !emotespells on
[2/6/2022 12:3:16] !emotespells on
[2/6/2022 12:7:4] !emotespells on
[2/6/2022 12:10:51] !emotespells on
[2/6/2022 12:14:25] !emotespells on
[2/6/2022 12:18:46] !emotespells on
[2/6/2022 12:23:18] !emotespells on
[2/6/2022 12:27:5] !emotespells on
[2/6/2022 12:30:23] !emotespells on
[2/6/2022 12:33:22] !emotespells on
[2/6/2022 12:36:56] !emotespells on
[2/6/2022 12:40:26] !emotespells on
[2/6/2022 12:44:7] !emotespells on
[2/6/2022 12:47:44] !emotespells on
[2/6/2022 12:51:27] !emotespells on
[2/6/2022 12:54:46] !emotespells on
[2/6/2022 12:58:16] !emotespells on
[2/6/2022 13:1:25] !emotespells on
[2/6/2022 13:4:51] !emotespells on
[2/6/2022 13:8:1] !emotespells on
[2/6/2022 13:11:37] !emotespells on
[2/6/2022 13:14:56] !emotespells on
[2/6/2022 13:19:33] !emotespells on
[2/6/2022 13:23:44] !emotespells on
[2/6/2022 13:27:21] !emotespells on
[2/6/2022 13:30:16] !emotespells on
[2/6/2022 13:33:50] !emotespells on
[2/6/2022 13:37:52] !emotespells on
[2/6/2022 13:41:30] !emotespells on
[2/6/2022 13:45:19] !emotespells on
[2/6/2022 13:48:36] !emotespells on
[2/6/2022 13:55:30] !emotespells on
[2/6/2022 13:58:29] !emotespells on
[2/6/2022 14:2:46] !emotespells on
[2/6/2022 14:6:44] !emotespells on
[2/6/2022 14:10:49] !emotespells on
[2/6/2022 14:17:48] !emotespells on
[2/6/2022 14:20:48] !emotespells on
[2/6/2022 14:24:48] !emotespells on
[2/6/2022 14:27:19] !emotespells on
[2/6/2022 14:28:51] !emotespells on
[2/6/2022 14:32:6] !emotespells on
[2/6/2022 14:35:49] !emotespells on
[2/6/2022 14:40:1] !emotespells on
[2/6/2022 14:44:3] !emotespells on
[2/6/2022 19:35:47] !buyhouse
[2/6/2022 19:36:6] !buyhouse
[2/6/2022 19:36:9] !buyhouse
[2/6/2022 19:37:34] !buyhouse
[2/6/2022 19:37:38] !buyhouse
[2/6/2022 19:38:33] !buyhouse
[2/6/2022 19:38:42] !buyhouse
[2/6/2022 19:38:52] !buyhouse
[2/6/2022 19:40:16] !buyhouse
[2/6/2022 19:40:50] !buyhouse
[2/6/2022 19:41:17] aleta som
[2/6/2022 19:41:39] aleta sio
[2/6/2022 20:35:4] !aol
[2/6/2022 21:12:18] !aol
[2/6/2022 21:12:51] !aol
[2/6/2022 21:15:10] !aol
[2/6/2022 21:16:56] !aol
[2/6/2022 21:18:16] !aol
[2/6/2022 21:20:32] !aol
[2/6/2022 22:4:36] !aol
[2/6/2022 22:13:41] !frags
[2/6/2022 22:33:50] !aol
[2/6/2022 22:36:57] !aol
[2/6/2022 22:48:7] !aol
[2/6/2022 22:48:36] !aol
[2/6/2022 22:52:50] !aol
[2/6/2022 22:57:16] !aol
[2/6/2022 22:59:36] !frags
[2/6/2022 23:2:27] !aol
[2/6/2022 23:7:33] !aol
[2/6/2022 23:12:39] !emotespells on
[2/6/2022 23:16:52] !emotespells on
[2/6/2022 23:20:22] !emotespells on
[2/6/2022 23:24:12] !emotespells on
[2/6/2022 23:29:4] !emotespells on
[2/6/2022 23:32:34] !emotespells on
[2/6/2022 23:36:18] !emotespells on
[2/6/2022 23:37:17] !aol
[2/6/2022 23:37:33] !emotespells on
[2/6/2022 23:38:54] !emotespells on
[2/6/2022 23:44:19] !emotespells on
[2/6/2022 23:48:56] !emotespells on
[2/6/2022 23:52:46] !emotespells on
[2/6/2022 23:56:32] !emotespells on
[3/6/2022 0:1:5] !emotespells on
[3/6/2022 0:4:24] !emotespells on
[3/6/2022 0:8:42] !emotespells on
[3/6/2022 0:12:10] !emotespells on
[3/6/2022 0:15:15] !emotespells on
[3/6/2022 0:18:41] !emotespells on
[3/6/2022 0:23:26] !emotespells on
[3/6/2022 0:27:16] !emotespells on
[3/6/2022 0:30:18] !emotespells on
[3/6/2022 0:34:23] !emotespells on
[3/6/2022 0:40:41] !emotespells on
[3/6/2022 0:50:33] !emotespells on
[3/6/2022 0:54:10] !emotespells on
[3/6/2022 1:1:42] !emotespells on
[3/6/2022 1:5:9] !emotespells on
[3/6/2022 1:9:1] !emotespells on
[3/6/2022 1:12:17] !emotespells on
[3/6/2022 1:15:45] !emotespells on
[3/6/2022 1:19:18] !emotespells on
[3/6/2022 1:21:5] !emotespells on
[3/6/2022 1:23:30] !emotespells on
[3/6/2022 1:27:15] !emotespells on
[3/6/2022 1:31:23] !emotespells on
[3/6/2022 1:33:23] !emotespells on
[3/6/2022 1:34:49] !emotespells on
[3/6/2022 1:42:16] !emotespells on
[3/6/2022 1:45:45] !emotespells on
[3/6/2022 1:48:48] !emotespells on
[3/6/2022 1:52:55] !emotespells on
[3/6/2022 2:0:54] !emotespells on
[3/6/2022 2:4:21] !emotespells on
[3/6/2022 2:9:18] !emotespells on
[3/6/2022 2:13:7] !emotespells on
[3/6/2022 2:16:44] !emotespells on
[3/6/2022 2:21:3] !emotespells on
[3/6/2022 2:24:42] !emotespells on
[3/6/2022 12:31:58] aleta sio
[3/6/2022 12:32:2] aleta sio
[3/6/2022 12:34:7] aleta som
[3/6/2022 12:42:42] aleta sio
[3/6/2022 14:0:1] aleta sio
[3/6/2022 14:33:57] !frags
[3/6/2022 14:39:19] !rank magic level
[3/6/2022 14:39:25] !rank magic 
[3/6/2022 14:39:44] !rank magic 
[3/6/2022 14:39:55] !rank magic 
[3/6/2022 14:44:53] !frags
[3/6/2022 14:46:2] !frags
[3/6/2022 14:50:11] !frags
[3/6/2022 15:15:58] !aol
[3/6/2022 15:34:31] !aol
[3/6/2022 15:44:25] !aol
[3/6/2022 16:9:24] !aol
[3/6/2022 16:22:5] !aol
[3/6/2022 17:24:34] aleta sio
[3/6/2022 17:24:38] aleta sio
[3/6/2022 17:49:35] !rank magic
[3/6/2022 17:51:9] !rank magic
[3/6/2022 18:11:15] !emotespells on
[3/6/2022 18:13:48] !emotespells on
[3/6/2022 18:16:27] !emotespells on
[3/6/2022 18:19:9] !emotespells on
[3/6/2022 18:21:48] !emotespells on
[3/6/2022 18:24:21] !emotespells on
[3/6/2022 18:31:12] !aol
[3/6/2022 18:36:20] !aol
[3/6/2022 18:37:58] !aol
[3/6/2022 18:39:3] !aol
[3/6/2022 18:50:6] !aol
[3/6/2022 18:55:45] !aol
[3/6/2022 19:0:8] !aol
[3/6/2022 19:0:39] !aol
[4/6/2022 0:25:5] !aol
[4/6/2022 0:26:56] !emotespells on
[4/6/2022 0:35:3] !emotespells on
[4/6/2022 0:39:19] !emotespells on
[4/6/2022 0:42:34] !emotespells on
[4/6/2022 0:48:45] !emotespells on
[4/6/2022 0:52:22] !emotespells on
[4/6/2022 0:58:45] !emotespells on
[4/6/2022 1:2:13] !emotespells on
[4/6/2022 1:6:56] !emotespells on
[4/6/2022 1:12:45] !emotespells on
[4/6/2022 1:19:52] !emotespells on
[4/6/2022 1:24:25] !emotespells on
[4/6/2022 1:31:11] !emotespells on
[4/6/2022 1:36:32] !emotespells on
[4/6/2022 1:40:27] !emotespells on
[4/6/2022 1:45:46] !emotespells on
[4/6/2022 1:50:21] !emotespells on
[4/6/2022 1:54:10] !emotespells on
[4/6/2022 1:59:5] !emotespells on
[4/6/2022 2:3:38] !emotespells on
[4/6/2022 2:8:17] !emotespells on
[4/6/2022 2:15:10] !emotespells on
[4/6/2022 2:20:22] !emotespells on
[4/6/2022 2:23:29] !emotespells on
[4/6/2022 2:27:18] !emotespells on
[4/6/2022 2:31:7] !emotespells on
[4/6/2022 2:35:0] !emotespells on
[4/6/2022 2:39:11] !emotespells on
[4/6/2022 2:44:26] !emotespells on
[4/6/2022 2:49:16] !emotespells on
[4/6/2022 2:52:42] !emotespells on
[4/6/2022 2:57:22] !emotespells on
[4/6/2022 3:0:59] !emotespells on
[4/6/2022 3:2:13] !emotespells on
[4/6/2022 3:5:13] !emotespells on
[4/6/2022 3:9:3] !emotespells on
[4/6/2022 3:13:30] !emotespells on
[4/6/2022 3:17:36] !emotespells on
[4/6/2022 3:20:9] !emotespells on
[4/6/2022 3:24:13] !emotespells on
[4/6/2022 3:28:36] !emotespells on
[4/6/2022 3:33:7] !emotespells on
[4/6/2022 3:36:5] !emotespells on
[4/6/2022 3:39:36] !emotespells on
[4/6/2022 3:43:3] !emotespells on
[4/6/2022 3:46:55] !emotespells on
[4/6/2022 3:51:30] !emotespells on
[4/6/2022 3:55:15] !emotespells on
[4/6/2022 3:59:16] !emotespells on
[4/6/2022 4:2:12] !emotespells on
[4/6/2022 4:6:59] !emotespells on
[4/6/2022 4:10:47] !emotespells on
[4/6/2022 4:15:5] !emotespells on
[4/6/2022 4:19:13] !emotespells on
[4/6/2022 4:22:44] !emotespells on
[4/6/2022 4:26:30] !emotespells on
[4/6/2022 4:33:51] !emotespells on
[4/6/2022 4:39:16] !emotespells on
[4/6/2022 4:46:56] !emotespells on
[4/6/2022 4:52:54] !emotespells on
[4/6/2022 4:57:57] !emotespells on
[4/6/2022 5:10:30] !emotespells on
[4/6/2022 5:13:58] !emotespells on
[4/6/2022 5:19:35] !emotespells on
[4/6/2022 5:24:28] !emotespells on
[4/6/2022 5:31:16] !emotespells on
[4/6/2022 5:36:39] !emotespells on
[4/6/2022 5:41:3] !emotespells on
[4/6/2022 5:46:28] !emotespells on
[4/6/2022 5:52:45] !emotespells on
[4/6/2022 5:58:45] !emotespells on
[4/6/2022 6:5:42] !emotespells on
[4/6/2022 6:8:50] !emotespells on
[4/6/2022 6:17:22] !emotespells on
[4/6/2022 6:24:0] !emotespells on
[4/6/2022 6:30:45] !emotespells on
[4/6/2022 6:36:32] !emotespells on
[4/6/2022 6:42:31] !emotespells on
[4/6/2022 6:46:13] !emotespells on
[4/6/2022 6:51:13] !emotespells on
[4/6/2022 6:57:24] !emotespells on
[4/6/2022 7:4:45] !emotespells on
[4/6/2022 7:12:58] !emotespells on
[4/6/2022 7:16:42] !emotespells on
[4/6/2022 7:22:28] !emotespells on
[4/6/2022 7:28:8] !emotespells on
[4/6/2022 7:31:27] !emotespells on
[4/6/2022 7:45:17] !emotespells on
[4/6/2022 7:52:45] !emotespells on
[4/6/2022 7:58:51] !emotespells on
[4/6/2022 8:2:3] !emotespells on
[4/6/2022 8:8:4] !emotespells on
[4/6/2022 8:14:25] !emotespells on
[4/6/2022 8:18:13] !emotespells on
[4/6/2022 8:26:31] !emotespells on
[4/6/2022 8:30:59] !emotespells on
[4/6/2022 8:36:40] !emotespells on
[4/6/2022 8:40:43] !emotespells on
[4/6/2022 8:45:33] !emotespells on
[4/6/2022 8:50:52] !emotespells on
[4/6/2022 8:55:48] !emotespells on
[4/6/2022 8:59:59] !emotespells on
[4/6/2022 9:3:16] !emotespells on
[4/6/2022 9:9:12] !emotespells on
[4/6/2022 9:14:55] !emotespells on
[4/6/2022 9:21:40] !emotespells on
[4/6/2022 9:27:32] !emotespells on
[4/6/2022 9:32:58] !emotespells on
[4/6/2022 9:35:47] !emotespells on
[4/6/2022 9:38:58] !emotespells on
[4/6/2022 9:43:29] !emotespells on
[4/6/2022 9:47:42] !emotespells on
[4/6/2022 9:52:20] !emotespells on
[4/6/2022 9:56:11] !emotespells on
[4/6/2022 9:59:40] !emotespells on
[4/6/2022 10:5:30] !emotespells on
[4/6/2022 10:11:14] !emotespells on
[4/6/2022 10:15:7] !emotespells on
[4/6/2022 10:20:44] !emotespells on
[4/6/2022 10:24:24] !emotespells on
[4/6/2022 10:29:43] !emotespells on
[4/6/2022 10:33:10] !emotespells on
[4/6/2022 10:35:15] !emotespells on
[4/6/2022 10:40:37] !emotespells on
[4/6/2022 10:45:48] !emotespells on
[4/6/2022 10:49:42] !emotespells on
[4/6/2022 10:57:11] !emotespells on
[4/6/2022 11:2:57] !emotespells on
[4/6/2022 11:7:33] !emotespells on
[4/6/2022 11:11:19] !emotespells on
[4/6/2022 11:13:53] !emotespells on
[4/6/2022 11:17:58] !emotespells on
[4/6/2022 11:21:51] !emotespells on
[4/6/2022 11:28:15] !emotespells on
[4/6/2022 11:31:20] !emotespells on
[4/6/2022 11:36:13] !emotespells on
[4/6/2022 11:41:21] !emotespells on
[4/6/2022 11:45:35] !emotespells on
[4/6/2022 11:52:24] !emotespells on
[4/6/2022 11:59:25] !emotespells on
[4/6/2022 12:3:22] !emotespells on
[4/6/2022 12:9:22] !emotespells on
[4/6/2022 12:14:4] !emotespells on
[4/6/2022 12:18:6] !emotespells on
[4/6/2022 12:21:7] !emotespells on
[4/6/2022 12:23:26] !emotespells on
[4/6/2022 12:29:5] !emotespells on
[4/6/2022 12:31:54] !emotespells on
[4/6/2022 12:37:12] !emotespells on
[4/6/2022 12:43:8] !emotespells on
[4/6/2022 12:48:32] !emotespells on
[4/6/2022 12:55:5] !emotespells on
[4/6/2022 13:1:5] !emotespells on
[4/6/2022 13:6:20] !emotespells on
[4/6/2022 13:11:59] !emotespells on
[4/6/2022 13:18:35] !emotespells on
[4/6/2022 13:25:29] !emotespells on
[4/6/2022 13:31:41] !emotespells on
[4/6/2022 13:39:4] !emotespells on
[4/6/2022 13:45:36] !emotespells on
[4/6/2022 13:52:46] !emotespells on
[4/6/2022 14:0:44] !emotespells on
[4/6/2022 14:7:24] !emotespells on
[4/6/2022 14:13:0] !emotespells on
[4/6/2022 14:20:13] !emotespells on
[4/6/2022 14:25:28] !emotespells on
[4/6/2022 14:32:12] !emotespells on
[4/6/2022 14:37:46] !emotespells on
[4/6/2022 14:44:17] !emotespells on
[4/6/2022 14:52:19] !emotespells on
[4/6/2022 14:58:6] !emotespells on
[4/6/2022 15:4:20] !emotespells on
[4/6/2022 15:10:29] !emotespells on
[4/6/2022 15:17:45] !emotespells on
[4/6/2022 15:23:47] !emotespells on
[4/6/2022 15:30:27] !emotespells on
[4/6/2022 15:37:39] !emotespells on
[4/6/2022 15:42:48] !emotespells on
[4/6/2022 15:48:30] !emotespells on
[4/6/2022 15:56:33] !emotespells on
[4/6/2022 16:6:31] !emotespells on
[4/6/2022 16:17:8] !emotespells on
[4/6/2022 16:27:19] !emotespells on
[4/6/2022 16:37:17] !emotespells on
[4/6/2022 16:48:39] !emotespells on
[4/6/2022 16:59:13] !emotespells on
[4/6/2022 17:10:12] !emotespells on
[4/6/2022 17:20:47] !emotespells on
[4/6/2022 17:30:10] !emotespells on
[4/6/2022 17:36:29] !emotespells on
[4/6/2022 17:43:11] !emotespells on
[4/6/2022 17:58:3] !rank magic
[4/6/2022 21:3:34] !rank magic
[4/6/2022 21:3:44] !rank magic
[4/6/2022 21:37:50] !aol
[4/6/2022 21:47:28] !frags
[4/6/2022 22:0:19] !frags
[4/6/2022 22:14:25] !aol
[4/6/2022 23:17:11] !rank magic
[4/6/2022 23:17:18] !rank magic
[4/6/2022 23:23:40] !aol
[4/6/2022 23:27:25] !aol
[4/6/2022 23:34:27] !aol
[4/6/2022 23:39:23] !emotespells on
[4/6/2022 23:48:35] !emotespells on
[4/6/2022 23:56:41] !emotespells on
[5/6/2022 0:5:29] !emotespells on
[5/6/2022 0:12:20] !emotespells on
[5/6/2022 0:18:58] !emotespells on
[5/6/2022 0:25:37] !emotespells on
[5/6/2022 0:32:23] !emotespells on
[5/6/2022 0:38:52] !emotespells on
[5/6/2022 0:44:42] !emotespells on
[5/6/2022 0:51:57] !emotespells on
[5/6/2022 0:57:43] !emotespells on
[5/6/2022 1:4:32] !emotespells on
[5/6/2022 1:9:43] !emotespells on
[5/6/2022 1:13:58] !emotespells on
[5/6/2022 1:20:53] !emotespells on
[5/6/2022 1:27:11] !emotespells on
[5/6/2022 1:31:31] !emotespells on
[5/6/2022 1:37:22] !emotespells on
[5/6/2022 1:45:43] !emotespells on
[5/6/2022 1:45:47] !aol
[5/6/2022 1:55:5] !emotespells on
[5/6/2022 2:4:6] !emotespells on
[5/6/2022 2:11:50] !emotespells on
[5/6/2022 2:17:44] !emotespells on
[5/6/2022 2:26:18] !emotespells on
[5/6/2022 2:36:23] !emotespells on
[5/6/2022 2:46:29] !emotespells on
[5/6/2022 2:53:42] !emotespells on
[5/6/2022 3:1:32] !emotespells on
[5/6/2022 3:8:14] !emotespells on
[5/6/2022 3:15:4] !emotespells on
[5/6/2022 3:21:49] !emotespells on
[5/6/2022 3:30:7] !emotespells on
[5/6/2022 3:37:34] !emotespells on
[5/6/2022 3:45:53] !emotespells on
[5/6/2022 3:55:19] !emotespells on
[5/6/2022 4:5:9] !emotespells on
[5/6/2022 4:13:55] !emotespells on
[5/6/2022 4:24:3] !emotespells on
[5/6/2022 4:32:37] !emotespells on
[5/6/2022 4:40:17] !emotespells on
[5/6/2022 4:49:45] !emotespells on
[5/6/2022 4:59:8] !emotespells on
[5/6/2022 5:10:45] !emotespells on
[5/6/2022 5:21:17] !emotespells on
[5/6/2022 5:32:32] !emotespells on
[5/6/2022 5:41:19] !emotespells on
[5/6/2022 5:48:53] !emotespells on
[5/6/2022 5:55:38] !emotespells on
[5/6/2022 6:8:20] !emotespells on
[5/6/2022 6:17:36] !emotespells on
[5/6/2022 6:24:43] !emotespells on
[5/6/2022 6:32:27] !emotespells on
[5/6/2022 6:40:15] !emotespells on
[5/6/2022 6:50:18] !emotespells on
[5/6/2022 6:59:15] !emotespells on
[5/6/2022 7:7:51] !emotespells on
[5/6/2022 7:14:14] !emotespells on
[5/6/2022 7:22:21] !emotespells on
[5/6/2022 7:30:14] !emotespells on
[5/6/2022 7:39:50] !emotespells on
[5/6/2022 7:50:9] !emotespells on
[5/6/2022 7:59:0] !emotespells on
[5/6/2022 8:5:26] !emotespells on
[5/6/2022 8:13:50] !emotespells on
[5/6/2022 8:22:59] !emotespells on
[5/6/2022 9:14:31] !emotespells on
[5/6/2022 9:20:50] !emotespells on
[5/6/2022 9:29:37] !emotespells on
[5/6/2022 9:36:31] !emotespells on
[5/6/2022 9:44:22] !emotespells on
[5/6/2022 10:2:0] !emotespells on
[5/6/2022 10:8:49] !emotespells on
[5/6/2022 10:17:30] !emotespells on
[5/6/2022 10:22:53] !emotespells on
[5/6/2022 10:30:58] !emotespells on
[5/6/2022 10:38:20] !emotespells on
[5/6/2022 10:53:54] !emotespells on
[5/6/2022 11:1:7] !emotespells on
[5/6/2022 11:6:53] !emotespells on
[5/6/2022 11:14:3] !emotespells on
[5/6/2022 11:21:11] !emotespells on
[5/6/2022 11:29:36] !emotespells on
[5/6/2022 11:37:6] !emotespells on
[5/6/2022 11:44:4] !emotespells on
[5/6/2022 11:49:40] !emotespells on
[5/6/2022 11:56:50] !emotespells on
[5/6/2022 12:2:8] !emotespells on
[5/6/2022 12:9:17] !emotespells on
[5/6/2022 12:11:8] !emotespells on
[5/6/2022 12:17:7] !emotespells on
[5/6/2022 12:23:11] !emotespells on
[5/6/2022 12:29:0] !emotespells on
[5/6/2022 12:35:31] !emotespells on
[5/6/2022 12:40:52] !emotespells on
[5/6/2022 12:47:49] !emotespells on
[5/6/2022 12:52:54] !emotespells on
[5/6/2022 12:59:5] !emotespells on
[5/6/2022 13:5:34] !emotespells on
[5/6/2022 13:13:46] !emotespells on
[5/6/2022 13:19:7] !emotespells on
[5/6/2022 13:24:54] !emotespells on
[5/6/2022 13:31:13] !emotespells on
[5/6/2022 13:37:25] !emotespells on
[5/6/2022 13:49:58] !emotespells on
[5/6/2022 13:55:36] !emotespells on
[5/6/2022 14:2:38] !emotespells on
[5/6/2022 14:9:46] !emotespells on
[5/6/2022 14:15:0] !emotespells on
[5/6/2022 14:19:42] !emotespells on
[5/6/2022 14:27:11] !emotespells on
[5/6/2022 14:32:33] !emotespells on
[5/6/2022 14:47:1] !emotespells on
[5/6/2022 14:54:26] !emotespells on
[5/6/2022 14:59:21] !emotespells on
[5/6/2022 15:3:58] !emotespells on
[5/6/2022 15:8:57] !emotespells on
[5/6/2022 15:15:9] !emotespells on
[5/6/2022 15:21:3] !emotespells on
[5/6/2022 15:25:31] !emotespells on
[5/6/2022 15:27:0] !rank magic
[5/6/2022 15:31:7] !emotespells on
[5/6/2022 15:37:9] !emotespells on
[5/6/2022 15:41:55] !emotespells on
[5/6/2022 15:48:55] !emotespells on
[5/6/2022 15:55:18] !emotespells on
[5/6/2022 16:2:0] !emotespells on
[5/6/2022 16:8:54] !emotespells on
[5/6/2022 16:22:39] !emotespells on
[5/6/2022 16:27:57] !emotespells on
[5/6/2022 16:33:16] !emotespells on
[5/6/2022 16:42:58] !emotespells on
[5/6/2022 16:48:8] !emotespells on
[5/6/2022 21:7:46] !rank magic
[6/6/2022 8:17:42] !emotespells on
[6/6/2022 8:28:4] !emotespells on
[6/6/2022 8:35:59] !emotespells on
[6/6/2022 8:42:34] !emotespells on
[6/6/2022 8:50:16] !emotespells on
[6/6/2022 8:57:42] !emotespells on
[6/6/2022 9:5:39] !emotespells on
[6/6/2022 9:11:45] !emotespells on
[6/6/2022 9:18:5] !emotespells on
[6/6/2022 9:25:42] !emotespells on
[6/6/2022 9:32:5] !emotespells on
[6/6/2022 9:37:15] !emotespells on
[6/6/2022 9:43:38] !emotespells on
[6/6/2022 9:50:57] !emotespells on
[6/6/2022 9:58:36] !emotespells on
[6/6/2022 10:6:52] !emotespells on
[6/6/2022 10:12:21] !emotespells on
[6/6/2022 10:18:45] !emotespells on
[6/6/2022 10:25:7] !emotespells on
[6/6/2022 10:31:42] !emotespells on
[6/6/2022 10:39:3] !emotespells on
[6/6/2022 10:45:59] !emotespells on
[6/6/2022 10:52:4] !emotespells on
[6/6/2022 10:56:29] !emotespells on
[6/6/2022 11:2:0] !emotespells on
[6/6/2022 11:7:47] !emotespells on
[6/6/2022 11:13:10] !emotespells on
[6/6/2022 11:19:55] !emotespells on
[6/6/2022 11:25:49] !emotespells on
[6/6/2022 11:33:39] !emotespells on
[6/6/2022 11:39:55] !emotespells on
[6/6/2022 11:45:37] !emotespells on
[6/6/2022 11:52:14] !emotespells on
[6/6/2022 11:57:59] !emotespells on
[6/6/2022 12:6:37] !emotespells on
[6/6/2022 12:11:18] !emotespells on
[6/6/2022 12:16:34] !emotespells on
[6/6/2022 12:20:56] !emotespells on
[6/6/2022 12:25:59] !emotespells on
[6/6/2022 12:32:50] !emotespells on
[6/6/2022 12:34:20] !emotespells on
[6/6/2022 12:39:11] !emotespells on
[6/6/2022 12:43:57] !emotespells on
[6/6/2022 12:48:22] !emotespells on
[6/6/2022 12:53:3] !emotespells on
[6/6/2022 12:59:11] !emotespells on
[6/6/2022 13:7:14] !emotespells on
[6/6/2022 13:13:18] !emotespells on
[6/6/2022 13:18:26] !emotespells on
[6/6/2022 13:25:13] !emotespells on
[6/6/2022 13:31:51] !emotespells on
[6/6/2022 13:37:27] !emotespells on
[6/6/2022 13:46:47] !emotespells on
[6/6/2022 13:54:8] !emotespells on
[6/6/2022 13:59:12] !emotespells on
[6/6/2022 14:4:1] !emotespells on
[6/6/2022 14:8:54] !emotespells on
[6/6/2022 14:13:25] !emotespells on
[6/6/2022 14:19:31] !emotespells on
[6/6/2022 14:26:13] !emotespells on
[6/6/2022 14:33:3] !emotespells on
[6/6/2022 14:38:7] !emotespells on
[6/6/2022 14:44:52] !emotespells on
[6/6/2022 14:49:56] !emotespells on
[6/6/2022 14:55:45] !emotespells on
[6/6/2022 15:0:25] !emotespells on
[6/6/2022 15:4:52] !emotespells on
[6/6/2022 15:9:47] !emotespells on
[6/6/2022 15:14:42] !emotespells on
[6/6/2022 15:21:48] !emotespells on
[6/6/2022 15:27:31] !emotespells on
[6/6/2022 15:36:14] !emotespells on
[6/6/2022 15:41:13] !emotespells on
[6/6/2022 15:45:56] !emotespells on
[6/6/2022 15:52:35] !emotespells on
[6/6/2022 15:58:20] !emotespells on
[6/6/2022 16:3:44] !emotespells on
[6/6/2022 16:9:15] !emotespells on
[6/6/2022 16:14:20] !emotespells on
[6/6/2022 16:21:27] !emotespells on
[6/6/2022 16:28:44] !emotespells on
[6/6/2022 16:32:57] !emotespells on
[6/6/2022 16:38:42] !emotespells on
[6/6/2022 16:44:59] !emotespells on
[6/6/2022 16:50:9] !emotespells on
[6/6/2022 16:56:58] !emotespells on
[6/6/2022 17:4:11] !emotespells on
[6/6/2022 17:10:8] !emotespells on
[6/6/2022 17:17:28] !emotespells on
[6/6/2022 17:23:12] !emotespells on
[6/6/2022 17:28:5] !emotespells on
[6/6/2022 17:34:10] !emotespells on
[6/6/2022 17:39:56] !emotespells on
[6/6/2022 17:45:25] !emotespells on
[6/6/2022 17:51:16] !emotespells on
[6/6/2022 17:54:53] !emotespells on
[6/6/2022 18:3:41] !emotespells on
[6/6/2022 18:8:51] !emotespells on
[6/6/2022 18:14:8] !emotespells on
[6/6/2022 18:20:0] !emotespells on
[6/6/2022 18:24:19] !emotespells on
[6/6/2022 18:29:9] !emotespells on
[6/6/2022 18:34:35] !emotespells on
[6/6/2022 18:41:46] !emotespells on
[6/6/2022 18:47:24] !emotespells on
[6/6/2022 18:52:28] !emotespells on
[6/6/2022 18:59:19] !emotespells on
[6/6/2022 19:3:8] !emotespells on
[6/6/2022 19:9:28] !emotespells on
[6/6/2022 19:14:51] !emotespells on
[6/6/2022 19:17:24] !emotespells on
[6/6/2022 19:23:49] !emotespells on
[6/6/2022 19:38:19] !emotespells on
[6/6/2022 19:44:54] !emotespells on
[6/6/2022 20:16:1] !aol
[6/6/2022 20:17:42] !aol
[6/6/2022 20:18:12] !aol
[8/6/2022 2:34:37] !emotespells on
[8/6/2022 2:42:28] !emotespells on
[8/6/2022 2:49:34] !emotespells on
[8/6/2022 2:56:53] !emotespells on
[8/6/2022 3:5:1] !emotespells on
[8/6/2022 3:14:9] !emotespells on
[8/6/2022 3:22:55] !emotespells on
[8/6/2022 3:29:1] !emotespells on
[8/6/2022 3:36:15] !emotespells on
[8/6/2022 3:43:10] !emotespells on
[8/6/2022 3:50:37] !emotespells on
[8/6/2022 3:57:30] !emotespells on
[8/6/2022 4:6:1] !emotespells on
[8/6/2022 4:13:9] !emotespells on
[8/6/2022 4:20:37] !emotespells on
[8/6/2022 4:27:3] !emotespells on
[8/6/2022 4:33:33] !emotespells on
[8/6/2022 4:42:2] !emotespells on
[8/6/2022 4:50:47] !emotespells on
[8/6/2022 4:59:23] !emotespells on
[8/6/2022 5:9:30] !emotespells on
[8/6/2022 5:16:48] !emotespells on
[8/6/2022 5:24:35] !emotespells on
[8/6/2022 5:32:36] !emotespells on
[8/6/2022 5:40:24] !emotespells on
[8/6/2022 5:47:8] !emotespells on
[8/6/2022 5:54:46] !emotespells on
[8/6/2022 6:2:16] !emotespells on
[8/6/2022 6:11:2] !emotespells on
[8/6/2022 6:20:11] !emotespells on
[8/6/2022 6:27:37] !emotespells on
[8/6/2022 6:34:2] !emotespells on
[8/6/2022 6:41:13] !emotespells on
[8/6/2022 6:49:55] !emotespells on
[8/6/2022 6:58:39] !emotespells on
[8/6/2022 7:5:57] !emotespells on
[8/6/2022 7:11:34] !emotespells on
[8/6/2022 7:18:55] !emotespells on
[8/6/2022 7:25:46] !emotespells on
[8/6/2022 7:32:55] !emotespells on
[8/6/2022 7:41:8] !emotespells on
[8/6/2022 7:48:35] !emotespells on
[8/6/2022 7:54:25] !emotespells on
[8/6/2022 8:1:14] !emotespells on
[8/6/2022 8:7:29] !emotespells on
[8/6/2022 8:10:28] !rank sword
[8/6/2022 8:15:20] !emotespells on
[8/6/2022 8:21:29] !emotespells on
[8/6/2022 8:28:23] !emotespells on
[8/6/2022 8:35:35] !emotespells on
[8/6/2022 8:42:22] !emotespells on
[8/6/2022 8:47:34] !emotespells on
[8/6/2022 8:56:28] !emotespells on
[8/6/2022 9:4:14] !emotespells on
[8/6/2022 9:10:0] !emotespells on
[8/6/2022 9:14:35] !emotespells on
[8/6/2022 9:20:24] !emotespells on
[8/6/2022 9:28:26] !emotespells on
[8/6/2022 9:35:6] !emotespells on
[8/6/2022 9:41:5] !emotespells on
[8/6/2022 9:46:14] !emotespells on
[8/6/2022 9:52:21] !emotespells on
[8/6/2022 9:57:50] !emotespells on
[8/6/2022 10:4:44] !emotespells on
[8/6/2022 10:11:49] !emotespells on
[8/6/2022 10:18:31] !emotespells on
[8/6/2022 10:23:53] !emotespells on
[8/6/2022 10:29:32] !emotespells on
[8/6/2022 10:35:43] !emotespells on
[8/6/2022 10:42:52] !emotespells on
[8/6/2022 10:45:52] !emotespells on
[8/6/2022 10:51:4] !emotespells on
[8/6/2022 10:58:22] !emotespells on
[8/6/2022 11:6:37] !emotespells on
[8/6/2022 11:12:52] !emotespells on
[8/6/2022 11:20:50] !emotespells on
[8/6/2022 11:27:18] !emotespells on
[8/6/2022 11:33:47] !emotespells on
[8/6/2022 11:41:58] !emotespells on
[8/6/2022 11:50:39] !emotespells on
[8/6/2022 11:57:48] !emotespells on
[8/6/2022 12:5:56] !emotespells on
[8/6/2022 12:13:58] !emotespells on
[8/6/2022 12:20:50] !emotespells on
[8/6/2022 12:28:31] !emotespells on
[8/6/2022 12:37:45] !emotespells on
[8/6/2022 12:45:49] !emotespells on
[8/6/2022 12:53:37] !emotespells on
[8/6/2022 13:2:12] !emotespells on
[8/6/2022 13:10:30] !emotespells on
[8/6/2022 13:17:26] !emotespells on
[8/6/2022 13:25:6] !emotespells on
[8/6/2022 13:35:4] !emotespells on
[8/6/2022 13:44:30] !emotespells on
[8/6/2022 13:52:37] !emotespells on
[8/6/2022 13:59:42] !emotespells on
[8/6/2022 14:7:23] !emotespells on
[8/6/2022 14:15:52] !emotespells on
[8/6/2022 14:22:51] !emotespells on
[8/6/2022 14:30:44] !emotespells on
[8/6/2022 14:38:59] !emotespells on
[8/6/2022 14:47:16] !emotespells on
[8/6/2022 15:0:30] !emotespells on
[8/6/2022 15:8:11] !emotespells on
[8/6/2022 15:16:49] !emotespells on
[8/6/2022 15:22:36] !emotespells on
[8/6/2022 15:29:49] !emotespells on
[8/6/2022 15:38:43] !emotespells on
[8/6/2022 15:42:33] !emotespells on
[8/6/2022 15:48:2] !emotespells on
[8/6/2022 15:56:9] !emotespells on
[8/6/2022 16:1:7] !emotespells on
[8/6/2022 16:9:41] !emotespells on
[8/6/2022 16:19:14] !emotespells on
[8/6/2022 16:24:36] !emotespells on
[8/6/2022 16:31:45] !emotespells on
[8/6/2022 16:39:58] !emotespells on
[8/6/2022 16:48:5] !emotespells on
[8/6/2022 16:56:24] !emotespells on
[8/6/2022 17:2:42] !emotespells on
[8/6/2022 17:10:59] !emotespells on
[8/6/2022 17:17:54] !emotespells on
[8/6/2022 17:25:55] !emotespells on
[8/6/2022 17:34:11] !emotespells on
[8/6/2022 17:43:29] !emotespells on
[8/6/2022 17:49:27] !emotespells on
[8/6/2022 17:56:52] !emotespells on
[8/6/2022 18:4:36] !emotespells on
[8/6/2022 18:12:43] !emotespells on
[8/6/2022 18:20:40] !emotespells on
[8/6/2022 18:23:7] !rank magic
[8/6/2022 18:49:16] !frags
[8/6/2022 19:32:52] !aol
[8/6/2022 19:46:38] !aol
[8/6/2022 19:49:0] !protecthouse
[8/6/2022 19:49:7] !protecthouse on
[8/6/2022 19:49:11] !protecthouse off
[8/6/2022 20:17:56] !frags
[8/6/2022 20:34:16] !aol
[8/6/2022 20:36:55] !aol
[8/6/2022 20:37:22] !emotespells on
[8/6/2022 21:27:34] !aol
[8/6/2022 21:31:33] !aol
[8/6/2022 21:36:19] !aol
[8/6/2022 21:37:17] !aol
[8/6/2022 21:38:41] !aol
[8/6/2022 22:15:27] !frags
[8/6/2022 22:20:18] !aol
[8/6/2022 22:29:54] !emotespells on
[8/6/2022 22:40:54] !emotespells on
[8/6/2022 22:48:8] !emotespells on
[8/6/2022 22:54:42] !emotespells on
[8/6/2022 23:5:29] !emotespells on
[8/6/2022 23:11:46] !emotespells on
[8/6/2022 23:18:28] !emotespells on
[8/6/2022 23:33:11] !emotespells on
[8/6/2022 23:39:15] !emotespells on
[8/6/2022 23:43:53] !emotespells on
[9/6/2022 0:0:12] !emotespells on
[9/6/2022 0:5:27] !emotespells on
[9/6/2022 0:13:1] !emotespells on
[9/6/2022 0:19:57] !emotespells on
[9/6/2022 0:27:11] !emotespells on
[9/6/2022 0:35:47] !emotespells on
[9/6/2022 0:40:30] !emotespells on
[9/6/2022 0:47:1] !emotespells on
[9/6/2022 0:54:55] !emotespells on
[9/6/2022 0:58:44] !emotespells on
[9/6/2022 1:8:17] !emotespells on
[9/6/2022 1:17:7] !emotespells on
[9/6/2022 1:23:24] !emotespells on
[9/6/2022 1:28:35] !emotespells on
[9/6/2022 1:48:53] !emotespells on
[9/6/2022 2:6:51] !emotespells on
[9/6/2022 2:14:46] !emotespells on
[9/6/2022 2:25:50] !emotespells on
[9/6/2022 2:28:30] !emotespells on
[9/6/2022 2:35:44] !emotespells on
[9/6/2022 3:1:19] !emotespells on
[9/6/2022 3:11:42] !emotespells on
[9/6/2022 3:16:46] !emotespells on
[9/6/2022 3:22:17] !emotespells on
[9/6/2022 3:30:25] !emotespells on
[9/6/2022 3:37:44] !emotespells on
[9/6/2022 3:46:2] !emotespells on
[9/6/2022 3:58:1] !emotespells on
[9/6/2022 4:6:52] !emotespells on
[9/6/2022 4:20:23] !emotespells on
[9/6/2022 4:31:29] !emotespells on
[9/6/2022 4:38:1] !emotespells on
[9/6/2022 4:45:9] !emotespells on
[9/6/2022 4:59:6] !emotespells on
[9/6/2022 5:10:23] !emotespells on
[9/6/2022 5:18:58] !emotespells on
[9/6/2022 5:33:5] !emotespells on
[9/6/2022 5:38:24] !emotespells on
[9/6/2022 5:48:37] !emotespells on
[9/6/2022 5:53:51] !emotespells on
[9/6/2022 6:1:2] !emotespells on
[9/6/2022 6:6:26] !emotespells on
[9/6/2022 6:12:54] !emotespells on
[9/6/2022 6:21:9] !emotespells on
[9/6/2022 6:28:32] !emotespells on
[9/6/2022 6:36:20] !emotespells on
[9/6/2022 6:44:34] !emotespells on
[9/6/2022 6:51:35] !emotespells on
[9/6/2022 7:0:37] !emotespells on
[9/6/2022 7:6:6] !emotespells on
[9/6/2022 7:16:56] !emotespells on
[9/6/2022 7:24:12] !emotespells on
[9/6/2022 7:32:1] !emotespells on
[9/6/2022 7:39:12] !emotespells on
[9/6/2022 7:50:25] !emotespells on
[9/6/2022 7:54:16] !emotespells on
[9/6/2022 7:59:19] !emotespells on
[9/6/2022 8:6:0] !emotespells on
[9/6/2022 8:13:17] !emotespells on
[9/6/2022 8:31:33] !emotespells on
[9/6/2022 8:38:39] !emotespells on
[9/6/2022 8:45:6] !emotespells on
[9/6/2022 8:59:24] !emotespells on
[9/6/2022 9:7:14] !emotespells on
[9/6/2022 9:13:57] !emotespells on
[9/6/2022 9:21:5] !emotespells on
[9/6/2022 9:31:58] !emotespells on
[9/6/2022 9:58:29] !aol
[9/6/2022 10:6:34] !emotespells on
[9/6/2022 10:11:43] !emotespells on
[9/6/2022 10:18:13] !emotespells on
[9/6/2022 10:28:5] !emotespells on
[9/6/2022 10:33:54] !emotespells on
[9/6/2022 10:40:7] !emotespells on
[9/6/2022 10:46:30] !emotespells on
[9/6/2022 10:51:58] !emotespells on
[9/6/2022 11:3:38] !emotespells on
[9/6/2022 11:8:43] !emotespells on
[9/6/2022 11:24:10] !emotespells on
[9/6/2022 11:31:0] !emotespells on
[9/6/2022 11:43:47] !emotespells on
[9/6/2022 11:50:18] !emotespells on
[9/6/2022 11:56:43] !emotespells on
[9/6/2022 12:14:36] !emotespells on
[9/6/2022 12:22:52] !emotespells on
[9/6/2022 12:43:36] !emotespells on
[9/6/2022 12:52:25] !emotespells on
[9/6/2022 13:5:3] !emotespells on
[9/6/2022 13:13:55] !emotespells on
[9/6/2022 13:29:36] !emotespells on
[9/6/2022 13:36:41] !emotespells on
[9/6/2022 13:46:0] !emotespells on
[9/6/2022 13:58:16] !emotespells on
[9/6/2022 14:7:43] !emotespells on
[9/6/2022 14:16:42] !emotespells on
[9/6/2022 14:25:55] !emotespells on
[9/6/2022 14:37:53] !emotespells on
[9/6/2022 14:44:25] !emotespells on
[9/6/2022 15:7:51] !emotespells on
[9/6/2022 15:21:21] !emotespells on
[9/6/2022 15:29:29] !emotespells on
[9/6/2022 15:38:29] !emotespells on
[9/6/2022 15:46:27] !emotespells on
[9/6/2022 15:58:3] !emotespells on
[9/6/2022 16:7:23] !emotespells on
[9/6/2022 16:22:57] !emotespells on
[9/6/2022 16:27:40] !emotespells on
[9/6/2022 16:32:19] !emotespells on
[9/6/2022 16:41:34] !emotespells on
[9/6/2022 17:18:42] !aol
[9/6/2022 17:22:43] !emotespells on
[9/6/2022 17:42:22] !emotespells on
[9/6/2022 18:6:41] !emotespells on
[9/6/2022 18:19:39] !emotespells on
[9/6/2022 18:34:12] !emotespells on
[9/6/2022 18:42:5] !emotespells on
[9/6/2022 19:12:26] !emotespells on
[9/6/2022 19:24:43] !emotespells on
[9/6/2022 19:31:46] !emotespells on
[9/6/2022 19:38:59] !emotespells on
[9/6/2022 19:47:55] !emotespells on
[9/6/2022 19:56:7] !emotespells on
[9/6/2022 20:4:57] !emotespells on
[10/6/2022 1:59:14] !aol
[10/6/2022 2:6:34] !emotespells on
[10/6/2022 2:13:57] !emotespells on
[10/6/2022 2:21:35] !emotespells on
[10/6/2022 2:28:30] !emotespells on
[10/6/2022 2:35:41] !emotespells on
[10/6/2022 2:42:4] !emotespells on
[10/6/2022 2:48:48] !emotespells on
[10/6/2022 2:54:33] !emotespells on
[10/6/2022 5:1:55] !aol
[10/6/2022 5:2:1] !emotespells on
[10/6/2022 5:10:2] !emotespells on
[10/6/2022 5:16:40] !emotespells on
[10/6/2022 5:23:47] !emotespells on
[10/6/2022 5:29:56] !emotespells on
[10/6/2022 12:52:6] !aol
