[10/2/2022 20:12:44] !online
[10/2/2022 22:42:6] !serverinfo
[10/2/2022 22:54:20] !online
[10/2/2022 23:55:4] !online
[11/2/2022 0:49:38] !frags
[11/2/2022 7:29:59] !online
[11/2/2022 7:32:46] !buyhouse
[11/2/2022 15:41:8] !rank magic
[13/2/2022 10:3:43] !online
[13/2/2022 16:53:6] !buyhouse
[13/2/2022 17:2:26] aleta sio
[13/2/2022 17:2:33] aleta som
[17/2/2022 23:24:31] !online
[19/2/2022 20:14:32] !rank level
[20/2/2022 1:13:12] aleta som
[20/2/2022 1:13:20] aleta sio
[20/2/2022 10:50:34] aleta grav
[20/2/2022 10:51:14] aleta som
[20/2/2022 10:51:18] aleta sio
[20/2/2022 10:51:25] aleta grav
[20/2/2022 10:52:4] aleta sio
