[13/12/2021 12:26:20] !rank
[13/12/2021 12:26:24] !rank level
[15/12/2021 12:8:40] !aol
[15/12/2021 12:8:47] !aol
[15/12/2021 12:8:54] !aol
[15/12/2021 12:22:37] !aol
[15/12/2021 14:35:29] !aol
[15/12/2021 19:41:32] !addon wizard
[15/12/2021 19:50:45] !aol
[15/12/2021 19:52:54] !rank magic
[15/12/2021 19:53:4] !rank magic
[15/12/2021 22:30:48] !aol
[15/12/2021 23:44:2] !aol
[16/12/2021 15:1:55] !rank magic
[17/12/2021 8:45:54] !rank magic
[17/12/2021 8:46:10] !rank magic
[19/12/2021 22:52:22] !aol
[19/12/2021 22:52:34] !online
[19/12/2021 22:53:41] !addon summoner
[21/12/2021 13:13:6] !aol
[21/12/2021 13:13:18] !online
[21/12/2021 23:57:5] !online
[22/12/2021 9:51:15] !rank magic
[25/12/2021 14:23:4] !aol
[26/12/2021 15:18:58] !rank magic
