[23/2/2022 20:3:34] !online
[23/2/2022 21:58:24] !guildpoints
[23/2/2022 21:59:42] !aol
[23/2/2022 22:22:16] !aol
[23/2/2022 22:28:43] !aol
[24/2/2022 7:52:28] !guildpoints
[24/2/2022 11:36:6] !guildpoints
[24/2/2022 12:39:21] !guildpoints
[24/2/2022 12:41:34] !online
[24/2/2022 12:52:44] !guildpoints
[24/2/2022 13:0:53] !guildpoints
[24/2/2022 18:35:7] !guildpoints
[24/2/2022 18:35:55] !aol
[24/2/2022 18:48:51] !guildpoints
[24/2/2022 19:50:42] !aol
[24/2/2022 19:52:15] !aol
[24/2/2022 20:39:56] !guildpoints
[24/2/2022 23:23:53] !guildpoints
[24/2/2022 23:24:47] !guildpoints
[25/2/2022 9:17:13] !guildpoints
[25/2/2022 9:18:36] !guildpoints
[25/2/2022 9:56:41] !guildpoints
[25/2/2022 13:47:30] !guildpoints
[25/2/2022 21:3:58] !guildpoints
[25/2/2022 21:37:34] !guildpoints
[25/2/2022 21:43:26] !guildpoints
[25/2/2022 22:42:51] !guildpoints
[25/2/2022 22:50:27] !online
[25/2/2022 23:19:1] !guildpoints
[26/2/2022 11:39:42] !guildpoints
[26/2/2022 18:59:47] !guildpoints
[26/2/2022 22:25:16] !rank sword
[26/2/2022 22:25:54] !online
[27/2/2022 9:37:1] !guildpoints
[28/2/2022 13:18:53] !guildpoints
[1/3/2022 9:10:53] !rank sword
[2/3/2022 9:34:42] !rank sword
[2/3/2022 18:51:31] !rank sword
[3/3/2022 13:36:55] !rank sword
[3/3/2022 15:58:36] !guildpoints
[3/3/2022 21:20:3] !online
[3/3/2022 21:23:26] !rank sword
[3/3/2022 23:44:18] !rank sword
[4/3/2022 9:35:41] !online
[4/3/2022 9:40:54] !rank sword
[4/3/2022 16:2:10] !frags
[4/3/2022 22:7:56] !online
[4/3/2022 22:11:56] !rank sword
[5/3/2022 0:1:46] !rank sword
[6/3/2022 19:1:52] !online
[6/3/2022 19:2:3] !rank sword
[6/3/2022 19:37:39] !online
