[18/2/2022 8:50:38] !aol
[18/2/2022 11:9:58] !aol
[18/2/2022 11:17:47] !aol
[18/2/2022 11:21:13] !aol
[18/2/2022 11:26:54] !aol
[18/2/2022 11:30:46] !aol
[18/2/2022 11:33:21] !aol
[18/2/2022 11:38:12] !aol
[18/2/2022 12:4:46] !aol
[18/2/2022 12:20:37] !aol
[18/2/2022 12:25:43] !aol
[18/2/2022 12:50:2] !aol
[18/2/2022 12:53:49] !aol
[18/2/2022 13:10:42] !aol
[19/2/2022 8:56:48] !aol
[19/2/2022 12:11:55] !aol
[19/2/2022 12:14:1] !aol
[19/2/2022 13:24:20] !aol
[19/2/2022 14:6:11] !aol
[20/2/2022 13:11:24] !aol
[20/2/2022 16:29:19] !aol
[20/2/2022 16:36:56] !aol
[20/2/2022 18:37:58] !aol
[20/2/2022 18:43:58] !aol
[20/2/2022 19:10:51] !aol
[20/2/2022 19:21:57] !aol
[20/2/2022 19:24:30] !aol
[20/2/2022 19:26:10] !aol
[20/2/2022 19:26:30] !aol
[20/2/2022 19:35:14] !aol
[20/2/2022 19:38:15] !aol
[23/2/2022 20:49:53] !online
[23/2/2022 20:56:1] !aol
[23/2/2022 22:42:55] !rank level
[23/2/2022 22:59:27] !rank level
[23/2/2022 23:37:30] !rank level
[23/2/2022 23:38:40] !rank level
[24/2/2022 0:11:39] !emotespells
[24/2/2022 0:11:46] !emotespells on
[24/2/2022 2:20:6] !rank magic
[24/2/2022 15:4:16] !rank level
[24/2/2022 19:4:48] !rank magic
[24/2/2022 19:5:30] !rank level
[24/2/2022 21:18:0] !rank level
[24/2/2022 21:19:56] !rank level
[25/2/2022 12:23:11] !rank level
[25/2/2022 19:48:47] !rank level
[25/2/2022 20:56:53] !rank level
[25/2/2022 20:57:38] !rank level
[25/2/2022 21:17:25] !aol
[25/2/2022 22:6:5] !rank level
[25/2/2022 22:54:15] !aol
[25/2/2022 23:10:25] !aol
[26/2/2022 18:41:48] !aol
[26/2/2022 18:42:19] !rank level
[26/2/2022 18:51:7] !aol
[26/2/2022 20:1:37] !rank level
[26/2/2022 21:18:10] !aol
[26/2/2022 21:46:20] !aol
[27/2/2022 9:59:41] !rank magic
[27/2/2022 9:59:49] !rank level
[27/2/2022 11:35:5] !online
[27/2/2022 11:49:51] !aol
[2/3/2022 17:14:15] !online
[2/3/2022 17:14:21] !rank level
[2/3/2022 21:47:5] !rank level
[2/3/2022 21:47:10] !online
