[14/2/2022 1:50:52] !aol
[14/2/2022 1:55:15] !aol
[14/2/2022 2:55:39] !aol
[14/2/2022 12:30:12] !aol
[14/2/2022 21:30:3] !aol
[14/2/2022 23:25:34] !aol
[15/2/2022 11:13:43] !online
[17/2/2022 2:34:19] !aol
[20/2/2022 19:48:43] !aol
[20/2/2022 21:42:45] !aol
[20/2/2022 21:54:45] !aol
[20/2/2022 22:2:4] !aol
[20/2/2022 22:43:58] !aol
[20/2/2022 22:47:5] !aol
[21/2/2022 2:49:11] !aol
[21/2/2022 2:49:32] !aol
[23/2/2022 21:48:43] !aol
[25/2/2022 18:15:59] !aol
[25/2/2022 21:13:19] !aol
[25/2/2022 21:54:8] !aol
[25/2/2022 23:0:16] !buyhouse
[25/2/2022 23:18:17] !addon assassin
[26/2/2022 2:21:15] !aol
[26/2/2022 2:21:54] !rank level
[26/2/2022 14:5:41] !aol
[26/2/2022 22:21:47] !aol
[27/2/2022 21:8:50] !online
[28/2/2022 2:35:55] !aol
[28/2/2022 22:21:37] !aol
[28/2/2022 22:30:35] !aol
[28/2/2022 22:36:6] !aol
[1/3/2022 0:17:34] !online
