[13/2/2022 14:24:24] !aol
[13/2/2022 14:35:38] !aol
[13/2/2022 15:37:48] !aol
[13/2/2022 16:10:45] !aol
[13/2/2022 16:30:50] !aol
[13/2/2022 17:34:21] !aol
[13/2/2022 18:12:35] !aol
[13/2/2022 20:16:32] !aol
[13/2/2022 21:47:51] !aol
[14/2/2022 6:29:13] !aol
[14/2/2022 7:47:15] 
[14/2/2022 18:3:34] 
[14/2/2022 19:36:43] !aol
[15/2/2022 12:51:55] 
[15/2/2022 21:39:46] !aol
[15/2/2022 22:3:4] !leavehouse
[15/2/2022 22:5:37] !leavehouse
[16/2/2022 4:43:50] !aol
[17/2/2022 13:39:56] !aol
[17/2/2022 17:7:0] !aol
[17/2/2022 19:39:11] !buyhouse
[17/2/2022 19:39:20] !buyhouse
[17/2/2022 19:39:32] !buyhouse
[17/2/2022 19:40:26] !buyhouse
[17/2/2022 19:41:12] aleta som
[17/2/2022 19:42:39] aleta som
[17/2/2022 19:47:52] aleta som
[17/2/2022 22:34:15] !aol
[17/2/2022 23:37:25] !aol
[17/2/2022 23:40:32] 
[18/2/2022 13:4:11] !aol
[19/2/2022 13:46:50] 
[19/2/2022 14:25:9] 
[19/2/2022 14:28:50] aleta som
[19/2/2022 14:28:56] aleta sio
[19/2/2022 15:0:7] !addon warmaster
[19/2/2022 15:0:22] !addon warmaster
[19/2/2022 17:57:2] !aol
[20/2/2022 4:16:47] !aol
[20/2/2022 4:54:29] !aol
[20/2/2022 10:39:28] !aol
[20/2/2022 12:27:15] !aol
[20/2/2022 12:27:22] !aol
[20/2/2022 12:27:25] !aol
[20/2/2022 12:27:28] !aol
[20/2/2022 13:21:53] 
[23/2/2022 21:54:30] !aol
[23/2/2022 22:1:25] !aol
[24/2/2022 14:19:26] 
[24/2/2022 15:21:26] 
[24/2/2022 18:47:44] 
[24/2/2022 19:13:44] 
[24/2/2022 19:14:52] 
[24/2/2022 23:58:39] 
[25/2/2022 5:7:15] 
[25/2/2022 5:24:25] !buyhouse
[25/2/2022 5:24:32] !buyhouse
[25/2/2022 5:35:37] !buyhouse
[25/2/2022 5:45:16] 
[25/2/2022 10:12:16] 
[25/2/2022 10:14:22] 
[25/2/2022 11:25:28] 
[25/2/2022 12:42:32] 
[1/3/2022 19:13:56] !aol
[1/3/2022 19:31:10] aleta sio
[1/3/2022 20:7:15] 
[2/3/2022 12:19:20] 
[3/3/2022 9:46:26] 
[3/3/2022 19:27:27] 
[5/3/2022 5:40:22] !aol
[5/3/2022 9:41:16] !aol
[5/3/2022 14:59:27] !aol
[5/3/2022 23:7:9] 
[6/3/2022 6:15:55] !aol
[4/6/2022 13:6:54] 
[5/6/2022 18:3:59] 
[5/6/2022 22:51:45] 
[7/6/2022 19:7:0] !buyhouse
