[10/2/2022 22:47:55] !aol
[10/2/2022 22:57:48] !aol
[10/2/2022 23:28:51] !aol
[10/2/2022 23:42:22] !aol
[10/2/2022 23:46:33] !aol
[10/2/2022 23:51:58] !aol
[11/2/2022 0:6:37] !aol
[11/2/2022 1:9:51] !aol
[11/2/2022 12:36:47] !aol
[11/2/2022 12:44:36] !aol
[11/2/2022 12:55:43] !tradeoff add, Guild Devilcross One Hand
[11/2/2022 12:56:38] !tradeoff remove, 31
[11/2/2022 12:57:39] !tradeoff add, Guild Devilcross One Hand
[11/2/2022 15:38:17] !aol
[11/2/2022 15:49:54] !aol
[11/2/2022 20:33:20] !aol
[11/2/2022 20:40:37] !buyhouse
[11/2/2022 20:40:51] !buyhouse
[11/2/2022 22:37:31] !aol
[11/2/2022 22:42:56] !aol
[11/2/2022 22:45:33] !aol
[11/2/2022 22:46:56] !aol
[13/2/2022 21:38:25] !addon assassin
[13/2/2022 21:44:52] !addon assassin
[14/2/2022 22:4:29] !addon assassin
[15/2/2022 21:19:17] !addon assassin
