[23/2/2022 21:36:45] !aol
[23/2/2022 21:42:52] !aol
[23/2/2022 21:51:54] !aol
[23/2/2022 21:55:46] !aol
[23/2/2022 22:8:47] !aol
[23/2/2022 22:14:12] !aol
[23/2/2022 22:15:40] !aol
[23/2/2022 22:28:27] !aol
[23/2/2022 22:35:26] !aol
[23/2/2022 22:37:40] !aol
[23/2/2022 22:55:32] !aol
[23/2/2022 23:14:14] !aol
[24/2/2022 11:52:47] !aol
[24/2/2022 11:54:48] !aol
[24/2/2022 17:3:9] !frags
[24/2/2022 17:33:25] !aol
[25/2/2022 6:30:13] !aol
[25/2/2022 14:0:45] !aol
[26/2/2022 4:31:22] !frags
[26/2/2022 20:13:33] !addon assassin
[1/3/2022 11:15:37] !frags
[31/5/2022 23:45:57] !aol
[31/5/2022 23:48:9] !aol
[1/6/2022 0:47:33] !guildpoints
[1/6/2022 1:5:45] !aol
[1/6/2022 1:11:50] !aol
[1/6/2022 1:17:15] !aol
[1/6/2022 2:19:2] !aol
[1/6/2022 2:38:17] 
[1/6/2022 3:29:14] 
[1/6/2022 5:22:10] 
[1/6/2022 5:31:21] !aol
[1/6/2022 6:23:26] 
[1/6/2022 7:5:9] 
[1/6/2022 7:50:34] 
[1/6/2022 8:25:27] 
[1/6/2022 9:2:16] 
[1/6/2022 9:3:0] 
[1/6/2022 9:38:1] 
[1/6/2022 10:14:29] 
[1/6/2022 10:49:43] 
[1/6/2022 11:26:1] 
[1/6/2022 20:22:59] !aol
[2/6/2022 0:56:19] !aol
[2/6/2022 1:38:13] !aol
[2/6/2022 3:11:5] !guildpoints
[2/6/2022 5:8:14] !aol
[2/6/2022 20:21:5] !aol
[3/6/2022 2:38:8] !aol
[3/6/2022 3:7:38] !guildpoints
[3/6/2022 4:49:17] !aol
[3/6/2022 4:51:16] !aol
[3/6/2022 14:27:23] !aol
[3/6/2022 21:38:44] !guildpoints
[4/6/2022 2:40:59] !guildpoints
[4/6/2022 19:53:10] !doubleexp
[6/6/2022 1:29:3] !buyhouse
[6/6/2022 1:29:9] !buyhouse
[6/6/2022 1:29:12] !buyhouse
[6/6/2022 1:29:16] !buyhouse
[6/6/2022 1:29:19] !buyhouse
[6/6/2022 2:29:43] !guildpoints
[7/6/2022 2:7:33] 
[7/6/2022 2:7:43] 
[7/6/2022 2:7:53] 
[7/6/2022 2:8:3] 
[7/6/2022 2:8:13] 
[7/6/2022 2:8:23] 
[7/6/2022 2:8:33] 
[7/6/2022 2:8:43] 
[7/6/2022 2:8:53] 
[7/6/2022 2:9:3] 
[7/6/2022 2:9:22] 
[7/6/2022 2:9:32] 
[7/6/2022 2:9:42] 
[7/6/2022 2:9:52] 
[7/6/2022 2:10:2] 
[7/6/2022 2:10:12] 
[7/6/2022 2:10:22] 
[7/6/2022 2:10:32] 
[7/6/2022 2:10:42] 
[7/6/2022 2:10:52] 
[7/6/2022 2:11:2] 
[7/6/2022 2:11:12] 
[7/6/2022 2:11:22] 
[7/6/2022 2:11:32] 
[7/6/2022 2:11:47] 
[7/6/2022 2:11:57] 
[7/6/2022 2:12:7] 
[7/6/2022 2:12:17] 
[7/6/2022 2:12:27] 
[7/6/2022 2:12:37] 
[8/6/2022 19:53:19] !tradeoff buy, 128
