[1/6/2022 18:5:53] !emotespells
[1/6/2022 18:5:58] !emotespells on
[1/6/2022 18:12:10] !serverinfo
[1/6/2022 18:22:11] !online
[1/6/2022 19:22:24] !aol
[1/6/2022 19:53:58] !serverinfo
[1/6/2022 20:6:7] !serverinfo
[1/6/2022 20:6:26] !serverinfo
[2/6/2022 2:56:33] !aol
[2/6/2022 3:4:35] !aol
[2/6/2022 9:52:20] !aol
[2/6/2022 10:30:6] !aol
[2/6/2022 10:36:21] !aol
[2/6/2022 11:36:24] !aol
[2/6/2022 11:48:42] !serverinfo
[2/6/2022 16:26:10] !online
[2/6/2022 21:37:51] !online
[3/6/2022 0:34:22] !online
[3/6/2022 7:37:44] !serverinfo
[3/6/2022 8:47:18] !tradeoff remove, AuctionID
[3/6/2022 12:16:50] !online
[3/6/2022 18:29:23] !online
[3/6/2022 23:3:46] !online
