[10/12/2021 20:39:21] !buyhouse
[10/12/2021 20:47:9] !wand energy
[10/12/2021 20:54:34] !wand ice
[11/12/2021 1:30:12] !wand ice
[11/12/2021 1:32:5] !wand ice
[11/12/2021 1:36:33] !wand ice
[11/12/2021 2:35:49] !wand ice
[11/12/2021 6:1:51] !wand ice
[11/12/2021 17:58:31] !wand ice
[12/12/2021 9:41:12] !wand ice
[13/12/2021 1:35:48] !wand holy
[13/12/2021 1:57:7] !wand ice
[13/12/2021 2:30:24] !wand holy
[13/12/2021 13:24:34] !wand energy
[13/12/2021 20:42:9] !wand holy
[13/12/2021 21:59:52] !wand energy
[13/12/2021 22:15:19] !wand holy
[14/12/2021 1:3:28] !wand energy
[14/12/2021 8:13:32] !wand energy
[14/12/2021 21:24:29] !wand ice
[14/12/2021 22:38:49] !wand energy
[15/12/2021 9:7:56] !wand energy
[16/12/2021 16:37:26] !wand ice
[16/12/2021 19:34:56] !serverinfo
[16/12/2021 23:22:37] !serverinfo
[17/12/2021 7:40:38] !wand energy
[20/12/2021 15:36:57] !wand energy
[21/12/2021 8:15:48] !wand energy
[10/2/2022 20:52:7] !emotespells off
[10/2/2022 20:52:15] !emotespells off
[10/2/2022 20:52:22] !emotespells
[10/2/2022 20:52:37] !emotespells off
[10/2/2022 21:51:48] !aol
[11/2/2022 15:54:15] !aol
[11/2/2022 16:41:52] !aol
[11/2/2022 17:26:4] !aol
[15/2/2022 14:6:33] !serverinfo
[15/2/2022 14:25:39] !emotespells off
[18/2/2022 11:15:56] aleta sio
[18/2/2022 11:15:58] aleta som
[20/2/2022 0:57:7] !addon warmaster
[20/2/2022 1:28:23] !frags
[20/2/2022 1:55:46] !frags
[20/2/2022 2:8:20] !frags
[21/2/2022 18:25:55] !online
[21/2/2022 18:57:14] !online
[21/2/2022 20:38:12] !online
[24/2/2022 10:11:43] !buyhouse
[24/2/2022 10:11:51] !buyhouse
[24/2/2022 10:51:44] !emotespells on
[1/3/2022 9:22:2] !online
[2/3/2022 21:38:41] !serverinfo
[4/3/2022 16:37:38] !online
[6/3/2022 14:16:19] !online
[7/3/2022 9:1:46] !online
[7/3/2022 14:23:12] !online
[8/3/2022 14:31:57] !online
[8/3/2022 15:25:50] !online
[8/3/2022 18:20:17] !online
[9/3/2022 9:7:31] !online
[9/3/2022 10:41:14] !online
[9/3/2022 13:53:23] !online
[9/3/2022 15:24:2] !online
[10/3/2022 8:36:13] !online
[10/3/2022 10:27:6] !online
[10/3/2022 16:15:7] !online
[10/3/2022 16:53:17] !online
[10/3/2022 17:29:15] !online
[11/3/2022 15:47:53] !online
[11/3/2022 15:48:48] !rank
[11/3/2022 15:48:53] !rank magic
[14/3/2022 9:16:1] !online
[14/3/2022 9:16:47] !rank magic
[14/3/2022 14:35:8] !online
[14/3/2022 16:37:29] !online
[14/3/2022 18:1:14] !online
[14/3/2022 18:1:19] !rank magic
[14/3/2022 18:2:7] !rank
[14/3/2022 18:2:10] !rank level
[14/3/2022 20:41:44] !online
[14/3/2022 20:42:19] !rank magic
[15/3/2022 10:47:42] !online
[15/3/2022 10:48:27] !rank magic 
[15/3/2022 10:48:41] !rank axe
[15/3/2022 10:48:52] !rank distance
[15/3/2022 10:49:3] !rank level
[15/3/2022 17:58:48] !online
