[12/2/2022 13:30:40] !aol
[12/2/2022 13:45:47] !aol
[12/2/2022 14:2:15] !aol
[12/2/2022 14:7:54] !aol
[12/2/2022 14:8:48] !aol
[12/2/2022 14:11:31] !aol
[12/2/2022 14:14:3] !aol
[12/2/2022 16:24:20] !aol
[13/2/2022 21:6:33] !rank axe
[14/2/2022 1:26:57] !emotespells off
[14/2/2022 1:27:15] !emotespells on
[27/5/2022 21:47:57] !aol
[27/5/2022 22:13:14] !aol
[27/5/2022 22:16:20] !aol
[27/5/2022 22:19:3] !aol
[27/5/2022 22:22:50] !aol
[28/5/2022 1:17:25] !emotespells on
[28/5/2022 12:22:52] !aol
[28/5/2022 13:34:4] !aol
[30/5/2022 8:36:56] !rank magic
