[10/12/2021 21:54:54] !buyhouse
[10/12/2021 21:54:57] !buyhouse
[10/12/2021 21:55:6] !buyhouse
[10/12/2021 21:56:56] !buyhouse
[10/12/2021 22:58:28] !rank
[10/12/2021 22:58:32] !rank
[10/12/2021 22:58:35] !rank level
[11/12/2021 0:42:35] !rank sword
[11/12/2021 0:43:39] !rank magic
[11/12/2021 1:50:14] !rank distance
[11/12/2021 1:50:21] !rank axe
[11/12/2021 1:50:25] !rank sword
[11/12/2021 1:52:35] !online
[11/12/2021 1:57:20] !rank magic
[11/12/2021 2:42:29] !rank level
[11/12/2021 2:44:2] !rank axe
[11/12/2021 2:44:15] !rank sword
[11/12/2021 2:44:22] !rank club
[11/12/2021 8:22:57] !rank evel
[11/12/2021 8:23:1] !rank level
[11/12/2021 8:35:47] !rank magic
[11/12/2021 8:43:34] !emotespells
[11/12/2021 19:42:33] !rank magic
[12/12/2021 12:58:8] aleta som
[12/12/2021 12:59:32] aleta sio
[12/12/2021 13:2:6] aleta som
[12/12/2021 13:2:42] alana sio e aleta grav
[12/12/2021 13:2:51] alana sio
[12/12/2021 13:2:56] alana grav
[12/12/2021 13:2:58] aleta grav
[12/12/2021 13:3:4] aleta grav
[12/12/2021 13:3:12] aleta grav
[12/12/2021 13:3:14] alana grav
[12/12/2021 13:3:23] alana res
[12/12/2021 13:3:31] alana sio
[12/12/2021 13:3:52] !protecthouse
[12/12/2021 13:4:16] !protecthouse on
[12/12/2021 13:4:24] !protecthouse off
[14/12/2021 9:57:42] !emotespells
[14/12/2021 9:57:51] !emotespells off
[14/12/2021 9:58:8] !emotespells on
[14/12/2021 21:8:9] !online
[15/12/2021 10:41:34] !serverinfo
[15/12/2021 15:31:46] !serverinfo
[15/12/2021 23:17:6] !rank magic
[17/12/2021 0:16:57] !rank magic
[20/12/2021 2:20:47] !rank magic
[4/1/2022 17:16:51] !rank magic
