[30/5/2022 10:39:14] !rank distance
[31/5/2022 2:17:10] !rank distance
[1/6/2022 17:45:49] !rank sword
[2/6/2022 4:22:56] !emotespells off
[2/6/2022 4:23:3] !emotespells on
[2/6/2022 4:32:8] !rank sword
[2/6/2022 12:29:5] 
[2/6/2022 12:29:18] 
[2/6/2022 14:30:49] 
[2/6/2022 18:21:29] 
[2/6/2022 21:32:18] 
[3/6/2022 0:1:21] 
[3/6/2022 0:2:4] 
[3/6/2022 2:34:19] 
[3/6/2022 5:28:2] 
[3/6/2022 20:35:15] 
[3/6/2022 20:37:50] 
[3/6/2022 22:55:57] 
[6/6/2022 5:8:49] 
[6/6/2022 8:26:46] 
[6/6/2022 8:34:4] 
[6/6/2022 8:36:33] 
[6/6/2022 8:38:58] 
[6/6/2022 8:51:1] 
[6/6/2022 8:54:7] 
[6/6/2022 19:44:3] 
[7/6/2022 8:45:36] 
[7/6/2022 11:26:39] 
[7/6/2022 13:52:18] !rank sword
[7/6/2022 13:52:30] !rank distance
[7/6/2022 14:15:37] !serverinfo
[8/6/2022 0:36:50] !online
[8/6/2022 20:22:0] !online
[10/6/2022 1:8:25] !online
