[27/5/2022 20:26:51] !aol
[27/5/2022 20:42:54] !aol
[27/5/2022 21:47:44] !aol
[27/5/2022 21:51:7] !aol
[27/5/2022 21:58:40] !guildpoints
[27/5/2022 22:59:6] !aol
[27/5/2022 23:5:34] !aol
[27/5/2022 23:23:48] !doubleexp
[27/5/2022 23:23:51] !doubleexp
[28/5/2022 0:52:39] !aol
[28/5/2022 0:53:27] !online
[28/5/2022 7:22:17] !aol
[28/5/2022 7:24:15] !rank
[28/5/2022 7:24:17] !rank level
[28/5/2022 8:2:58] !aol
[28/5/2022 8:10:22] !aol
[28/5/2022 8:14:9] !aol
[28/5/2022 9:10:18] !rank level
[28/5/2022 9:26:51] !aol
[28/5/2022 9:45:55] !rank level
[28/5/2022 9:49:47] !aol
[28/5/2022 9:49:55] !rank magic
[28/5/2022 12:16:41] !aol
