[14/12/2021 20:40:34] !aol
[14/12/2021 21:40:47] !aol
[23/2/2022 20:30:59] !rank
[23/2/2022 20:31:5] !rank level
[23/2/2022 20:32:33] !rank level
[23/2/2022 20:36:39] !rank level
[23/2/2022 20:37:1] !rank level
[23/2/2022 20:37:39] !rank level
[23/2/2022 20:40:16] !rank level
[24/2/2022 19:49:59] !rank level
[24/2/2022 19:52:15] !aol
[24/2/2022 20:11:0] !rank distance
[28/5/2022 10:33:42] !rank
[28/5/2022 10:33:52] !rank level
[28/5/2022 10:49:11] !aol
[28/5/2022 10:59:16] !aol
[28/5/2022 11:9:15] !rank distance
[31/5/2022 20:47:46] !aol
[31/5/2022 20:53:38] !aol
[31/5/2022 20:57:54] !aol
[31/5/2022 21:30:51] !rank level
[31/5/2022 21:32:4] !aol
[31/5/2022 21:54:56] !aol
[31/5/2022 21:58:24] !aol
[1/6/2022 18:33:34] !aol
[1/6/2022 18:58:7] !aol
[5/6/2022 7:59:36] !rank level
[5/6/2022 8:0:16] !rank magic
[5/6/2022 8:0:38] !rank distance
[5/6/2022 19:43:7] !frags
