[15/12/2021 21:8:44] 
[15/12/2021 21:44:18] !aol
[15/12/2021 21:44:21] !aol
[15/12/2021 21:45:51] !wand ice
[15/12/2021 23:1:51] !wand death
[19/12/2021 21:44:11] !wand deah
[19/12/2021 21:44:16] !wand death
[20/12/2021 17:47:42] !aol
[20/12/2021 19:50:7] !aol
[20/12/2021 21:17:56] !wand death
[20/12/2021 22:42:35] !frags
[22/12/2021 19:42:14] 
[22/12/2021 21:14:38] !aol
[22/12/2021 21:14:42] !aol
[22/12/2021 21:14:45] !aol
[22/12/2021 21:14:48] !aol
[22/12/2021 21:14:51] !aol
[22/12/2021 21:14:54] !aol
[22/12/2021 21:14:58] !aol
[22/12/2021 21:15:1] !aol
[22/12/2021 21:15:4] !aol
[22/12/2021 21:15:7] !aol
[22/12/2021 21:15:10] !aol
[22/12/2021 21:15:14] !aol
[22/12/2021 21:15:17] !aol
[22/12/2021 21:15:20] !aol
[22/12/2021 21:15:23] !aol
[22/12/2021 21:15:27] !aol
[22/12/2021 21:15:30] !aol
[22/12/2021 21:15:33] !aol
[22/12/2021 21:15:36] !aol
[22/12/2021 21:15:39] !aol
[22/12/2021 21:15:43] !aol
[22/12/2021 21:15:46] !aol
[22/12/2021 21:15:49] !aol
[22/12/2021 21:15:52] !aol
[22/12/2021 21:15:55] !aol
[22/12/2021 21:15:59] !aol
[22/12/2021 21:16:2] !aol
[22/12/2021 21:16:5] !aol
[22/12/2021 21:16:8] !aol
[22/12/2021 21:16:11] !aol
[22/12/2021 21:16:15] !aol
[22/12/2021 21:16:18] !aol
[22/12/2021 21:16:21] !aol
[22/12/2021 21:16:24] !aol
[22/12/2021 21:16:27] !aol
[22/12/2021 21:16:31] !aol
[22/12/2021 21:16:34] !aol
[22/12/2021 21:16:37] !aol
[22/12/2021 21:16:40] !aol
[22/12/2021 21:16:43] !aol
[22/12/2021 21:16:47] !aol
[22/12/2021 21:16:50] !aol
[22/12/2021 21:16:53] !aol
[22/12/2021 21:16:56] !aol
[22/12/2021 21:16:59] !aol
[22/12/2021 21:17:3] !aol
[22/12/2021 21:17:6] !aol
[22/12/2021 21:17:9] !aol
[22/12/2021 21:17:12] !aol
[22/12/2021 21:17:15] !aol
[22/12/2021 21:17:19] !aol
[22/12/2021 21:17:22] !aol
[22/12/2021 21:17:25] !aol
[22/12/2021 21:17:28] !aol
[22/12/2021 21:17:31] !aol
[22/12/2021 21:17:35] !aol
[22/12/2021 21:17:38] !aol
[22/12/2021 21:17:41] !aol
[22/12/2021 21:17:44] !aol
[22/12/2021 21:17:48] !aol
[22/12/2021 21:32:57] !aol
[22/12/2021 21:33:0] !aol
[22/12/2021 21:33:4] !aol
[22/12/2021 21:33:7] !aol
[22/12/2021 21:33:10] !aol
[22/12/2021 21:33:13] !aol
[22/12/2021 21:33:17] !aol
[22/12/2021 21:33:20] !aol
[22/12/2021 21:33:23] !aol
[22/12/2021 21:33:26] !aol
[22/12/2021 21:33:29] !aol
[22/12/2021 21:33:33] !aol
[22/12/2021 21:33:36] !aol
[22/12/2021 21:33:39] !aol
[22/12/2021 21:33:42] !aol
[22/12/2021 21:33:45] !aol
[22/12/2021 21:33:49] !aol
[22/12/2021 21:33:52] !aol
[22/12/2021 21:33:55] !aol
[22/12/2021 21:33:58] !aol
[22/12/2021 21:34:1] !aol
[22/12/2021 21:34:5] !aol
[22/12/2021 21:34:8] !aol
[22/12/2021 21:34:11] !aol
[22/12/2021 21:34:14] !aol
[22/12/2021 21:34:17] !aol
[22/12/2021 21:34:21] !aol
[22/12/2021 21:34:24] !aol
[22/12/2021 21:34:27] !aol
[22/12/2021 21:34:30] !aol
[22/12/2021 21:34:33] !aol
[22/12/2021 21:34:37] !aol
[22/12/2021 21:34:40] !aol
[22/12/2021 21:34:43] !aol
[22/12/2021 21:34:46] !aol
[22/12/2021 21:34:49] !aol
[22/12/2021 21:34:53] !aol
[22/12/2021 21:34:56] !aol
[22/12/2021 21:34:59] !aol
[22/12/2021 21:35:2] !aol
[22/12/2021 21:35:6] !aol
[22/12/2021 21:35:9] !aol
[22/12/2021 21:35:12] !aol
[22/12/2021 21:35:15] !aol
[22/12/2021 21:35:18] !aol
[22/12/2021 21:35:21] !aol
[22/12/2021 21:35:25] !aol
[22/12/2021 21:35:28] !aol
[22/12/2021 21:35:31] !aol
[22/12/2021 21:35:34] !aol
[22/12/2021 21:35:37] !aol
[22/12/2021 21:35:41] !aol
[22/12/2021 21:35:44] !aol
[22/12/2021 21:35:47] !aol
[22/12/2021 21:47:54] !aol
[22/12/2021 21:47:58] !aol
[22/12/2021 21:48:1] !aol
[22/12/2021 21:48:4] !aol
[22/12/2021 21:48:7] !aol
[22/12/2021 21:48:10] !aol
[22/12/2021 21:48:14] !aol
[22/12/2021 21:48:17] !aol
[22/12/2021 21:48:20] !aol
[22/12/2021 21:48:23] !aol
[22/12/2021 21:48:26] !aol
[22/12/2021 21:48:30] !aol
[22/12/2021 21:48:33] !aol
[22/12/2021 21:48:36] !aol
[22/12/2021 21:48:39] !aol
[22/12/2021 21:48:43] !aol
[22/12/2021 21:48:46] !aol
[22/12/2021 21:48:49] !aol
[22/12/2021 21:48:52] !aol
[22/12/2021 21:48:55] !aol
[22/12/2021 21:48:58] !aol
[22/12/2021 21:49:2] !aol
[22/12/2021 21:49:5] !aol
[22/12/2021 21:49:8] !aol
[22/12/2021 21:49:11] !aol
[22/12/2021 21:49:15] !aol
[22/12/2021 21:49:18] !aol
[22/12/2021 21:49:21] !aol
[22/12/2021 21:49:24] !aol
[22/12/2021 21:49:27] !aol
[22/12/2021 21:49:31] !aol
[22/12/2021 21:49:34] !aol
[22/12/2021 21:49:37] !aol
[22/12/2021 21:49:40] !aol
[22/12/2021 21:49:43] !aol
[22/12/2021 21:49:47] !aol
[22/12/2021 21:49:50] !aol
[22/12/2021 21:49:53] !aol
[22/12/2021 21:49:56] !aol
[22/12/2021 21:49:59] !aol
[22/12/2021 21:50:3] !aol
[22/12/2021 21:50:6] !aol
[22/12/2021 21:50:9] !aol
[22/12/2021 21:50:12] !aol
[22/12/2021 21:50:15] !aol
[22/12/2021 21:50:19] !aol
[22/12/2021 21:50:22] !aol
[22/12/2021 21:50:25] !aol
[22/12/2021 21:50:28] !aol
[22/12/2021 21:50:31] !aol
[22/12/2021 21:50:35] !aol
[22/12/2021 21:50:38] !aol
[22/12/2021 21:50:41] !aol
[22/12/2021 21:50:44] !aol
[22/12/2021 21:50:47] !aol
[22/12/2021 21:50:51] !aol
[22/12/2021 21:50:54] !aol
[22/12/2021 21:50:57] !aol
[22/12/2021 21:51:0] !aol
[22/12/2021 21:51:3] !aol
[22/12/2021 21:51:7] !aol
[22/12/2021 21:51:10] !aol
[22/12/2021 21:51:13] !aol
[22/12/2021 21:51:16] !aol
[22/12/2021 21:51:19] !aol
[22/12/2021 21:51:23] !aol
[22/12/2021 21:51:26] !aol
[22/12/2021 21:51:29] !aol
[22/12/2021 21:51:32] !aol
[22/12/2021 21:51:35] !aol
[22/12/2021 21:51:39] !aol
[22/12/2021 21:51:42] !aol
[22/12/2021 21:51:45] !aol
[22/12/2021 21:51:48] !aol
[22/12/2021 21:51:51] !aol
[22/12/2021 21:51:55] !aol
[22/12/2021 21:51:58] !aol
[22/12/2021 21:52:1] !aol
[22/12/2021 21:52:4] !aol
[22/12/2021 21:52:8] !aol
[22/12/2021 21:52:11] !aol
[22/12/2021 21:52:14] !aol
[22/12/2021 21:52:17] !aol
[22/12/2021 21:52:20] !aol
[22/12/2021 21:52:24] !aol
[22/12/2021 21:52:27] !aol
[22/12/2021 21:52:30] !aol
[22/12/2021 21:52:33] !aol
[22/12/2021 21:52:36] !aol
[22/12/2021 21:52:40] !aol
[22/12/2021 21:52:43] !aol
[22/12/2021 21:52:46] !aol
[22/12/2021 21:52:49] !aol
[22/12/2021 21:52:52] !aol
[22/12/2021 21:52:56] !aol
[22/12/2021 21:52:59] !aol
[22/12/2021 21:53:2] !aol
[22/12/2021 21:53:5] !aol
[22/12/2021 21:53:8] !aol
[22/12/2021 21:53:12] !aol
[22/12/2021 21:53:15] !aol
[22/12/2021 21:53:18] !aol
[22/12/2021 21:53:21] !aol
[22/12/2021 21:53:24] !aol
[22/12/2021 21:53:28] !aol
[22/12/2021 21:53:31] !aol
[22/12/2021 21:53:34] !aol
[22/12/2021 21:53:37] !aol
[22/12/2021 21:53:40] !aol
