[10/12/2021 20:9:5] !wand ice
[10/12/2021 20:32:51] !wand ice
[10/12/2021 20:44:18] !wand earth
[10/12/2021 20:45:32] !wand fire
[10/12/2021 20:50:29] !wand holy
[10/12/2021 20:52:35] !aol
[10/12/2021 20:56:16] !online
[10/12/2021 20:56:43] !rank level
[10/12/2021 21:6:51] !rank level
[10/12/2021 21:31:32] !rank level
[10/12/2021 21:34:1] !wand ice
[10/12/2021 21:35:47] !rank level
[10/12/2021 21:36:13] !rank level
[10/12/2021 21:36:30] !rank level
[10/12/2021 21:50:13] !rank level
[10/12/2021 21:56:20] !wand holy
[10/12/2021 22:6:7] !rank level
[10/12/2021 22:10:30] !wand ice
[11/12/2021 6:32:26] !rank level
[11/12/2021 7:0:48] !wand ice
[11/12/2021 7:50:24] !rank level
[11/12/2021 7:50:42] !online
[11/12/2021 17:2:57] !wand holy
[11/12/2021 20:51:55] !wand ice
[12/12/2021 11:34:11] !wand eath
[12/12/2021 11:34:30] !wand earth
[12/12/2021 11:51:16] !wand energy
[12/12/2021 12:11:23] !wand energy
[12/12/2021 12:41:48] !aol
[12/12/2021 12:41:55] !wand energy
[12/12/2021 13:1:55] !aol
[12/12/2021 13:21:16] !aol
[12/12/2021 13:37:21] !aol
[12/12/2021 13:37:26] !wand energy
[12/12/2021 14:7:58] !aol
[12/12/2021 14:8:1] !wand energy
[12/12/2021 14:25:16] !aol
[12/12/2021 14:25:20] !wand energy
[12/12/2021 14:42:16] !aol
[12/12/2021 14:42:20] !wand energy
[12/12/2021 14:59:45] !wand energy
[12/12/2021 15:19:3] !wand energy
[12/12/2021 15:34:21] !aol
[14/12/2021 18:21:2] !online
[14/12/2021 20:26:30] !frags
[14/12/2021 20:56:37] !frags
[14/12/2021 21:0:26] !frags
[14/12/2021 21:3:41] !frags
[14/12/2021 22:1:10] !frags
[14/12/2021 23:52:1] !wand ice
[14/12/2021 23:52:7] !wand ice
[14/12/2021 23:52:35] !frags
[15/12/2021 12:20:16] !wand ice
[15/12/2021 19:36:26] !guildpoints
[15/12/2021 19:37:21] !guildpoints
[16/12/2021 7:48:34] !emotespells on
[16/12/2021 21:57:28] !online
[17/12/2021 22:30:49] !wand holy
[17/12/2021 22:30:57] !wand ice
[17/12/2021 22:31:1] !wand ice
[17/12/2021 22:31:5] !wand ice
[17/12/2021 22:31:7] !wand ice
