[10/12/2021 22:12:44] !emotespells on
[10/12/2021 23:17:24] !guildpoints
[10/12/2021 23:18:19] !guildpoints 
[11/12/2021 8:5:35] !guildpoints
[11/12/2021 12:34:3] !guildpoints
[12/12/2021 22:6:22] !rank level
[12/12/2021 22:13:4] !rank level
[12/12/2021 22:34:37] !frags
[12/12/2021 22:35:30] !frags
[12/12/2021 22:35:47] !frags
[12/12/2021 22:36:5] !frags
[12/12/2021 22:37:18] !frags
[12/12/2021 22:38:37] !frags
[13/12/2021 11:14:55] !frags
[13/12/2021 11:15:21] !rank level
[13/12/2021 11:16:47] !frags
[13/12/2021 11:16:56] !frags
[13/12/2021 11:21:9] !frags
[13/12/2021 22:41:47] !wand death
[13/12/2021 22:41:49] !wand death
[14/12/2021 11:38:29] !wand death
[14/12/2021 12:1:5] !wand death
[15/12/2021 17:34:24] !wand fire
[15/12/2021 17:40:43] !wand death
[16/12/2021 0:13:33] !rank level
[16/12/2021 3:12:17] !rank level
[16/12/2021 11:8:14] !rank level
[16/12/2021 21:21:13] !rank level
[16/12/2021 22:42:31] !rank level
[16/12/2021 23:3:37] !frags
[17/12/2021 6:26:24] !rank level
[17/12/2021 6:26:41] !rank
[17/12/2021 6:26:45] !rank level
[17/12/2021 11:45:42] !frags
[17/12/2021 11:46:50] !rank level
[17/12/2021 17:42:44] !rank level
[17/12/2021 17:42:56] !rank level
[17/12/2021 17:43:6] !rank level
[17/12/2021 17:48:22] !rank level
[17/12/2021 21:17:36] !rank level
[17/12/2021 22:9:30] !rank level
[17/12/2021 22:9:33] !rank level
[17/12/2021 22:9:57] !rank level
[17/12/2021 22:10:16] !rank level
[17/12/2021 23:13:33] !rank level
[17/12/2021 23:13:42] !rank level
[17/12/2021 23:13:58] !rank level
[17/12/2021 23:14:8] !rank level
[17/12/2021 23:14:14] !rank level
[17/12/2021 23:14:23] !rank level
[17/12/2021 23:14:35] !rank level
[17/12/2021 23:14:45] !rank level
[18/12/2021 22:30:58] !wand death
[19/12/2021 21:26:51] !rank level
