[11/12/2021 11:4:19] !wand ice
[11/12/2021 12:37:55] !wand ice
[12/12/2021 1:51:15] !frags
[12/12/2021 19:55:33] !frags
[12/12/2021 22:14:37] !wand ice
[13/12/2021 8:12:41] !wand death
[13/12/2021 8:14:12] !wand ice
[13/12/2021 22:33:14] !wand holy
[13/12/2021 23:29:13] !wand ice
[14/12/2021 22:1:20] !frags
[14/12/2021 23:49:9] !frags
[15/12/2021 16:40:47] !wand earth
[15/12/2021 16:56:19] !emotespells off
[15/12/2021 17:25:41] !wand earth
[15/12/2021 17:26:40] !wand earth
[15/12/2021 17:31:8] !wand earth
[15/12/2021 17:31:55] !wand earth
[16/12/2021 22:45:43] !frags
[17/12/2021 22:57:4] !frags
[17/12/2021 23:0:0] !rank level
[20/12/2021 0:2:51] !wand ice
