[10/12/2021 21:26:17] !emotespells off
[10/12/2021 21:26:20] !emotespells on
[10/12/2021 21:31:6] !aol
[10/12/2021 22:29:59] !wand ice
[10/12/2021 23:21:35] !wand ice
[11/12/2021 0:0:39] !frags
[11/12/2021 2:2:36] !aol
[11/12/2021 11:37:29] !aol
[11/12/2021 17:14:17] !wand ice
[11/12/2021 17:22:53] !frags
[11/12/2021 19:3:54] !wand holy
[11/12/2021 19:5:11] !wand fire
[11/12/2021 19:5:37] !wand death
[11/12/2021 19:5:41] !wand death
[11/12/2021 19:9:2] !wand holy
[11/12/2021 19:16:37] !aol
[11/12/2021 20:51:16] !wand ice
[12/12/2021 9:48:54] !wand ice
[12/12/2021 11:4:33] !frags
[12/12/2021 16:6:42] !frags
[12/12/2021 16:22:11] !frags
[12/12/2021 19:38:30] !frags
[12/12/2021 19:50:6] !wand ice
[12/12/2021 21:18:27] !wand death
[12/12/2021 21:41:37] !frags
[12/12/2021 21:57:31] !frags
[12/12/2021 22:13:53] !frags
[12/12/2021 22:38:9] !frags
[12/12/2021 22:42:52] !frags
[12/12/2021 22:47:20] !wand ice
[12/12/2021 22:52:25] !frags
[13/12/2021 13:21:0] !frags
[13/12/2021 13:22:4] !wand ice
[13/12/2021 19:29:20] !frags
[13/12/2021 19:40:9] !frags
[13/12/2021 19:50:52] !frags
[13/12/2021 21:48:42] !frags
[13/12/2021 21:55:10] !frags
[13/12/2021 22:1:37] !frags
[13/12/2021 23:32:27] !frags
[13/12/2021 23:41:26] !frags
[14/12/2021 14:9:36] !frags
[14/12/2021 17:13:52] !frags
[14/12/2021 17:47:25] !wand ice
[14/12/2021 19:42:7] !wand death
[14/12/2021 19:42:13] !wand holy
[14/12/2021 19:42:40] !wand holy
[14/12/2021 20:5:16] !frags
[14/12/2021 21:9:46] !frags
[14/12/2021 21:24:47] !wand death
[14/12/2021 21:57:16] !frags
[14/12/2021 22:1:13] !frags
[14/12/2021 23:18:2] !frags
[14/12/2021 23:44:58] !frags
[14/12/2021 23:48:38] !frags
[15/12/2021 10:47:18] !online
[15/12/2021 10:52:15] !frags
[15/12/2021 11:11:18] !aol
[15/12/2021 21:46:50] !frags
[15/12/2021 21:52:0] !frags
[16/12/2021 11:15:34] !frags
[16/12/2021 12:2:30] !wand ice
[16/12/2021 21:52:49] !wand death
[16/12/2021 22:33:19] !frags
[17/12/2021 10:35:5] !frags
[17/12/2021 12:44:58] !wand ice
[17/12/2021 19:34:16] !wand ice
[17/12/2021 20:42:3] !addon oriental
[17/12/2021 21:4:10] !wand ice
[17/12/2021 21:57:33] !wand death
[17/12/2021 22:1:21] !wand ice
[17/12/2021 23:4:55] !frags
[18/12/2021 22:1:44] !wand  ice
[18/12/2021 23:38:31] !wand ice
[18/12/2021 23:42:29] !wand death
[18/12/2021 23:52:43] !wand holy
[19/12/2021 0:21:25] !wand ice
