[10/2/2022 22:42:27] !online
[10/2/2022 23:40:19] !serverinfo
[10/2/2022 23:48:11] !rank magic
[11/2/2022 0:32:29] !rank level
[11/2/2022 1:11:4] !aol
[11/2/2022 1:16:6] !aol
[11/2/2022 1:34:40] !aol
[11/2/2022 1:40:16] !rank club
[11/2/2022 2:0:22] !aol
[12/2/2022 0:58:38] !rank magic[
[12/2/2022 20:42:4] !aol
[13/2/2022 19:4:44] !aol
[13/2/2022 19:10:51] !online
[16/2/2022 20:21:0] !aol
[16/2/2022 21:12:32] !rank club
[16/2/2022 21:12:36] !rank distance
[18/2/2022 16:3:46] !aol
[18/2/2022 17:34:30] !online
[18/2/2022 21:40:9] !aol
[19/2/2022 9:30:21] !rank magic
[19/2/2022 13:7:42] !online
[20/2/2022 22:7:45] !online
[20/2/2022 23:48:28] !online
[20/2/2022 23:48:44] !online
[21/2/2022 0:4:25] !online
[21/2/2022 0:18:31] !online
