[11/2/2022 22:57:32] !aol
[11/2/2022 22:57:39] !aol
[11/2/2022 23:25:12] !aol
[12/2/2022 8:3:49] !emotespells on
[12/2/2022 13:7:9] 
[12/2/2022 13:19:9] 
[12/2/2022 13:25:9] 
[12/2/2022 13:27:9] 
[12/2/2022 22:31:19] !frags
[13/2/2022 15:9:48] !frags
[13/2/2022 18:40:46] !serverinfo
[14/2/2022 18:3:34] 
[15/2/2022 22:1:15] 
[15/2/2022 22:29:31] 
[16/2/2022 23:46:43] !rank lvl
[16/2/2022 23:46:49] !rank level
[17/2/2022 0:34:54] 
[17/2/2022 5:44:32] 
[17/2/2022 6:56:8] 
[17/2/2022 22:45:59] !emotespells on
