[31/5/2022 20:23:56] !aol
[31/5/2022 20:33:51] !aol
[31/5/2022 20:36:36] !aol
[31/5/2022 20:54:59] !aol
[31/5/2022 22:21:7] !aol
[31/5/2022 22:30:22] 
[31/5/2022 22:55:9] !online
[31/5/2022 23:11:7] !aol
[31/5/2022 23:16:36] !online
[31/5/2022 23:26:3] !rank level
[1/6/2022 0:0:10] 
[1/6/2022 1:11:49] !frags
[1/6/2022 1:15:11] !frags
[1/6/2022 1:18:1] !frags
[1/6/2022 1:19:33] 
[1/6/2022 1:37:50] !aol
[1/6/2022 1:48:53] 
[1/6/2022 1:49:23] 
[1/6/2022 1:49:53] 
[1/6/2022 1:53:23] 
[1/6/2022 1:59:53] 
[1/6/2022 3:52:17] !frags
[1/6/2022 3:52:20] !frags
[1/6/2022 6:39:20] !aol
[1/6/2022 9:52:32] !aol
[1/6/2022 10:12:14] 
[1/6/2022 10:18:45] 
[2/6/2022 3:1:4] !aol
[2/6/2022 3:19:59] !aol
[2/6/2022 3:27:23] !aol
[2/6/2022 3:36:8] !aol
[2/6/2022 3:43:27] 
[2/6/2022 4:7:52] 
[2/6/2022 11:1:17] 
[2/6/2022 12:7:36] !rank level
[2/6/2022 12:59:30] !rank level
[2/6/2022 12:59:49] !rank level
[2/6/2022 13:9:20] 
[2/6/2022 22:2:19] !frags
[2/6/2022 22:2:22] !frags
[2/6/2022 22:20:22] !aol
[2/6/2022 22:22:44] 
[3/6/2022 8:40:18] !aol
[3/6/2022 13:0:44] !aol
[4/6/2022 5:31:28] !aol
