[12/12/2021 6:24:49] !rank sword
[12/12/2021 13:51:2] !rank sword
[13/12/2021 2:13:7] !rank sword
[13/12/2021 10:36:5] !rank sword
[13/12/2021 12:20:44] !buyhouse
[13/12/2021 12:20:52] aleta sio
[13/12/2021 12:21:0] aleta som
[13/12/2021 12:23:56] !rank sword
[14/12/2021 10:25:17] !rank sword
[14/12/2021 15:47:45] !rank sword
[15/12/2021 13:42:59] !frags
[15/12/2021 16:34:57] !online
[16/12/2021 20:35:40] !frags
[16/12/2021 22:58:31] !rank sword
[20/12/2021 12:45:43] !rank sworrd
[20/12/2021 12:45:46] !rank sword
[1/6/2022 14:1:37] !rank club
[1/6/2022 20:59:14] !online
[2/6/2022 3:22:23] !rank club
[2/6/2022 6:42:29] !aol
[2/6/2022 19:3:32] !rank club
[2/6/2022 20:57:9] !online
[3/6/2022 6:36:32] !rank club
[3/6/2022 13:0:51] !rank club
[4/6/2022 8:55:25] !rank club
[5/6/2022 5:21:21] !rank club
[5/6/2022 20:31:43] !frags
[5/6/2022 20:31:45] !online
[6/6/2022 10:11:44] !emotespells on
[6/6/2022 10:17:17] !emotespells on
[6/6/2022 11:49:18] !rank level
[7/6/2022 6:5:18] !rank club
[7/6/2022 9:51:13] !online
[8/6/2022 9:40:57] !online
