[24/2/2022 18:43:56] !emotespells on
[27/5/2022 21:32:57] !aol
[27/5/2022 22:15:58] !emotespells on
[27/5/2022 22:19:48] !online
[27/5/2022 23:50:44] !online
[28/5/2022 0:51:16] !aol
[28/5/2022 0:53:10] !online
[28/5/2022 2:28:30] !online
[28/5/2022 11:20:13] !online
[28/5/2022 14:36:58] !rank level
[28/5/2022 15:33:39] !rank level
[28/5/2022 15:34:6] !rank level
[28/5/2022 15:38:53] !online
[28/5/2022 16:20:40] !online
[28/5/2022 17:13:2] !aol
[28/5/2022 17:18:2] !online
[28/5/2022 17:41:47] !online
[28/5/2022 17:41:53] !rank levl
[28/5/2022 17:41:59] !rank level
[28/5/2022 19:22:23] !rank level
[28/5/2022 21:36:28] !online
[28/5/2022 21:36:56] !rank level
[28/5/2022 21:37:19] !rank level
[28/5/2022 21:37:32] !rank level
[28/5/2022 21:37:40] !rank level
[28/5/2022 21:38:18] !rank level
[28/5/2022 22:15:52] !aol
[28/5/2022 22:59:42] !aol
[28/5/2022 23:6:1] !aol
[28/5/2022 23:8:51] !online
[29/5/2022 0:11:50] !rank level
[29/5/2022 11:45:10] !online
[29/5/2022 11:47:51] !rank level
[29/5/2022 12:41:55] !online
[29/5/2022 13:21:34] !rank level
[30/5/2022 11:26:14] !online
[30/5/2022 11:35:35] !aol
[30/5/2022 12:24:17] !aol
[30/5/2022 12:36:10] !rank level
[30/5/2022 12:43:27] !aol
[30/5/2022 12:47:41] !online
[30/5/2022 13:16:31] !online
[30/5/2022 13:21:25] !online
[30/5/2022 13:41:44] !online
[30/5/2022 13:59:6] !online
[30/5/2022 14:14:43] !online
[30/5/2022 16:52:20] !rank level
[30/5/2022 17:41:45] !online
[30/5/2022 17:55:18] !online
[30/5/2022 20:44:52] !online
[30/5/2022 22:5:24] !online
[30/5/2022 22:36:33] !online
