[27/5/2022 20:35:36] !online
[28/5/2022 0:40:21] !rank distance
[28/5/2022 0:41:28] !rank distance
[28/5/2022 0:41:38] !rank distance
[28/5/2022 0:42:3] !rank axe
[28/5/2022 8:44:14] !rank distance
[28/5/2022 8:44:18] !rank level
[28/5/2022 8:44:28] !online
[28/5/2022 10:25:51] !rank magic
[28/5/2022 10:25:58] !rank axe
[28/5/2022 10:32:37] !online
[28/5/2022 11:54:51] !online
[28/5/2022 12:0:13] !aol
[28/5/2022 13:4:1] !online
[28/5/2022 14:46:38] !rank distance
[28/5/2022 16:43:55] !online
[28/5/2022 17:31:18] !online
[28/5/2022 17:43:46] !online
[28/5/2022 18:51:3] !online
[28/5/2022 20:40:46] !rank distance
[28/5/2022 21:28:44] !online
[28/5/2022 21:32:16] !online
[29/5/2022 0:6:36] !online
[29/5/2022 10:25:36] !rank distance
[29/5/2022 10:44:1] !online
[29/5/2022 11:50:54] !online
[29/5/2022 12:24:15] !rank axe
[29/5/2022 12:24:18] !rank sword
[29/5/2022 12:27:41] !rank club
[29/5/2022 12:43:47] !online
[29/5/2022 17:21:59] !online
[29/5/2022 17:32:11] !buyhouse
[29/5/2022 17:32:14] !buyhouse
[29/5/2022 17:32:16] !buyhouse
[29/5/2022 22:7:16] !online
[29/5/2022 22:28:5] !online
[30/5/2022 8:25:16] !rank distance
[30/5/2022 12:34:23] !online
[30/5/2022 15:23:31] !buyhouse
[30/5/2022 15:23:34] !buyhouse
[30/5/2022 20:56:43] !rank magic
[30/5/2022 23:4:50] !rank magic
[31/5/2022 1:12:18] !online
[31/5/2022 8:5:55] !online
[31/5/2022 8:7:35] !rank level
[31/5/2022 9:16:46] !online
[31/5/2022 12:45:52] !online
[31/5/2022 20:5:29] !online
[31/5/2022 20:11:1] !rank magic
[31/5/2022 20:11:4] !rank distance
[1/6/2022 0:42:58] !online
[1/6/2022 7:30:0] !rank distance
[1/6/2022 10:11:26] !rank distance
[1/6/2022 13:16:48] !rank distance
[1/6/2022 17:59:59] !rank magic
[1/6/2022 18:0:3] !rank distance
[2/6/2022 1:5:26] !online
[2/6/2022 1:11:16] !online
[2/6/2022 1:50:20] !aol
[2/6/2022 1:51:31] !rank distance
[2/6/2022 1:54:40] !online
[2/6/2022 1:56:56] !online
[2/6/2022 7:43:17] !online
[2/6/2022 7:43:39] !rank distance
[2/6/2022 12:56:41] !online
[2/6/2022 13:49:21] !online
[2/6/2022 14:17:21] !online
[2/6/2022 14:17:33] !aol
[2/6/2022 15:34:28] !rank axe
[2/6/2022 20:12:43] !online
[2/6/2022 21:36:33] !rank distance
[2/6/2022 21:43:2] !rank level
[2/6/2022 21:43:9] !rank distance
[2/6/2022 21:45:28] !rank level
[2/6/2022 23:15:23] !online
[3/6/2022 8:7:42] !online
[3/6/2022 12:22:17] !online
[3/6/2022 12:38:32] !rank distance
[3/6/2022 12:56:29] !online
[3/6/2022 13:53:8] !online
[3/6/2022 20:33:3] !online
[4/6/2022 0:29:15] !online
[4/6/2022 17:22:47] !rank magic
[4/6/2022 20:55:8] !frags
[4/6/2022 21:51:4] !frags
[4/6/2022 21:56:6] !online
[4/6/2022 22:21:43] !frags
[4/6/2022 22:24:22] !frags
[4/6/2022 22:24:29] !frags
[4/6/2022 22:24:33] !frags
[4/6/2022 22:40:55] !frags
[5/6/2022 11:12:27] !online
[5/6/2022 12:31:56] !frags
[5/6/2022 20:20:7] !online
[5/6/2022 20:27:17] !online
[5/6/2022 21:53:59] !rank distance
[5/6/2022 23:13:6] !online
[6/6/2022 22:39:8] !online
[7/6/2022 16:5:18] !rank magic
[7/6/2022 16:5:23] !rank distance
[7/6/2022 18:26:49] !rank magic
[8/6/2022 23:18:40] !rank level
[9/6/2022 8:54:19] !online
[9/6/2022 17:42:34] !online
