[29/5/2022 16:21:0] !buyhouse
[29/5/2022 16:21:20] aleta sio
[29/5/2022 16:21:28] aleta som
[29/5/2022 19:13:20] 
[29/5/2022 19:13:22] 
[29/5/2022 19:13:25] 
[29/5/2022 19:13:40] 
[29/5/2022 19:13:42] 
[29/5/2022 19:13:44] 
[29/5/2022 19:13:46] 
[29/5/2022 19:13:48] 
[29/5/2022 19:13:51] 
[29/5/2022 19:13:53] 
[29/5/2022 19:13:55] 
[29/5/2022 19:13:57] 
[29/5/2022 19:13:59] 
[29/5/2022 19:14:2] 
[29/5/2022 19:14:4] 
[29/5/2022 19:14:6] 
[29/5/2022 19:14:8] 
[29/5/2022 19:14:10] 
[29/5/2022 19:14:12] 
[29/5/2022 19:14:15] 
[29/5/2022 19:14:17] 
[29/5/2022 19:14:19] 
[29/5/2022 19:14:21] 
[29/5/2022 19:14:23] 
[29/5/2022 19:14:25] 
[29/5/2022 19:14:31] 
[29/5/2022 19:14:33] 
[29/5/2022 19:14:36] 
[29/5/2022 19:14:38] 
[29/5/2022 19:14:40] 
[29/5/2022 19:14:42] 
[29/5/2022 19:14:44] 
[29/5/2022 19:14:51] 
[29/5/2022 19:14:54] 
[29/5/2022 19:15:10] 
[29/5/2022 19:15:12] 
[29/5/2022 19:15:50] 
[29/5/2022 19:15:52] 
[29/5/2022 19:15:55] 
[29/5/2022 19:15:57] 
[29/5/2022 19:15:59] 
[29/5/2022 19:16:1] 
[29/5/2022 19:16:3] 
[29/5/2022 19:16:7] 
[29/5/2022 19:16:9] 
[29/5/2022 19:16:11] 
[31/5/2022 20:33:24] !aol
[31/5/2022 21:15:3] !aol
[31/5/2022 21:38:2] !aol
[31/5/2022 22:33:31] !aol
[3/6/2022 1:19:42] !frags
[3/6/2022 17:14:2] !serverinfo
[3/6/2022 17:14:12] !serverinfo
[3/6/2022 17:14:17] !serverinfo
