[10/2/2022 23:59:9] !aol
[14/2/2022 21:57:26] !frags
[15/2/2022 0:40:56] !frags
[16/2/2022 0:22:28] !buyhouse
[16/2/2022 0:23:24] aleta sio
[16/2/2022 0:23:32] aleta sio
[16/2/2022 0:23:37] aleta som
[16/2/2022 0:25:40] aleta grav
[16/2/2022 0:25:42] aleta grav
[17/2/2022 2:24:33] !buyhouse
[17/2/2022 2:24:37] !buyhouse
[18/2/2022 2:20:23] !frags
[20/2/2022 2:37:31] !frags
[20/2/2022 3:48:14] !frags
[21/2/2022 1:53:46] !frags
[21/2/2022 7:6:14] !frags
[24/2/2022 4:34:10] !aol
[24/2/2022 15:7:40] !aol
[24/2/2022 15:42:18] !aol
[24/2/2022 19:40:25] !aol
[26/2/2022 2:1:42] !aol
[27/2/2022 4:21:6] !aol
[28/2/2022 2:43:52] !aol
[28/2/2022 2:46:19] !aol
[28/2/2022 5:19:5] !aol
[28/2/2022 7:40:52] !aol
[1/3/2022 3:7:37] !aol
[1/3/2022 3:7:59] !aol
[1/3/2022 3:8:4] !aol
