[10/2/2022 22:8:27] !aol
[10/2/2022 22:27:47] !aol
[10/2/2022 22:48:41] !aol
[10/2/2022 23:1:12] !aol
[10/2/2022 23:23:42] !aol
[10/2/2022 23:39:25] !aol
[11/2/2022 1:6:53] !aol
[11/2/2022 1:6:57] !aol
[11/2/2022 1:8:59] !aol
[11/2/2022 1:30:18] !frags
[11/2/2022 15:26:59] !frags
[11/2/2022 15:27:5] !frags
[11/2/2022 20:13:25] !buyhouse
[11/2/2022 20:20:28] aleta sio
[11/2/2022 20:24:47] aleta sio
[11/2/2022 21:59:6] !frags
[11/2/2022 22:21:5] !frags
[11/2/2022 23:49:25] !frags
[12/2/2022 7:21:30] !frags
[12/2/2022 21:25:51] !frags
[12/2/2022 21:25:53] !frags
[12/2/2022 21:42:47] !frags
[12/2/2022 22:6:3] !frags
[13/2/2022 22:58:53] !frags
[13/2/2022 23:4:40] !frags
[14/2/2022 16:1:32] !tradeoff black skull 5kk
[14/2/2022 16:1:49] !tradeoff add black skull 5kk
[14/2/2022 16:2:21] !tradeoff
[14/2/2022 16:5:18] !tradeoff add black skull 5000000
[14/2/2022 16:5:24] !tradeoff add black skull 5000000
[14/2/2022 16:6:22] !tradeoff add black skull 5000000 add
[14/2/2022 16:6:50] !tradeoff add black skull 5000000 active
[14/2/2022 16:8:24] !tradeoff add black skull 5000000 active
[14/2/2022 17:18:31] !tradeoff add 1 black skull 5000000 active
[14/2/2022 20:36:23] !frags
[17/2/2022 15:1:47] !tradeoff black skull, 5kk
[17/2/2022 15:2:25] !tradeoff add black skull, 5kk
[17/2/2022 15:2:38] !tradeoff add black skull, 5000000
[17/2/2022 15:2:42] !tradeoff add black skull, 5000000
[17/2/2022 23:45:55] !frags
[19/2/2022 19:25:44] !frags
[20/2/2022 18:25:30] !addon mage
[20/2/2022 18:27:53] !addon mage
[20/2/2022 18:29:2] !addon Warmaster
[21/2/2022 0:58:54] !frags
[21/2/2022 1:39:7] !frags
[21/2/2022 3:32:19] !frags
[21/2/2022 3:45:28] !frags
[21/2/2022 5:22:0] !frags
[21/2/2022 5:25:5] !frags
[21/2/2022 5:37:19] !frags
[21/2/2022 6:27:47] !frags
[21/2/2022 6:32:19] !frags
[21/2/2022 7:36:34] !frags
[21/2/2022 15:24:6] !frags
[22/2/2022 0:9:35] !frags
[22/2/2022 0:24:46] !addon brotherhood
[22/2/2022 0:25:12] !addon brotherhood
[23/2/2022 21:52:22] !aol
[23/2/2022 22:25:43] !aol
[25/2/2022 2:28:36] !addon brotherhood
[25/2/2022 4:11:46] !buyhouse
[25/2/2022 4:12:22] aleta sio
[25/2/2022 4:15:6] !emotespells
[25/2/2022 4:15:16] !emotespells off
[25/2/2022 4:15:53] !protecthouse
[25/2/2022 4:16:7] !protecthouse off
[25/2/2022 5:50:2] !frags
[25/2/2022 21:14:20] !online
[25/2/2022 21:14:22] !online
[25/2/2022 23:17:50] !online
[28/2/2022 13:46:42] !online
