[27/5/2022 20:3:4] !online
[27/5/2022 20:20:8] !online
[27/5/2022 20:26:16] !online
[27/5/2022 20:36:44] !online
[27/5/2022 21:13:40] !online
[27/5/2022 21:18:32] !online
[27/5/2022 21:27:16] !online
[27/5/2022 22:56:14] !online
[28/5/2022 0:1:47] !emotespells on
[28/5/2022 0:45:33] !emotespells on
[28/5/2022 1:38:46] !emotespells on
[28/5/2022 2:17:28] !emotespells on
[28/5/2022 2:42:36] !emotespells on
[28/5/2022 3:11:9] !emotespells on
[28/5/2022 3:43:55] !emotespells on
[28/5/2022 4:15:53] !emotespells on
[28/5/2022 4:43:28] !emotespells on
[28/5/2022 6:50:5] !emotespells on
[28/5/2022 7:21:34] !emotespells on
[28/5/2022 7:55:40] !emotespells on
[28/5/2022 8:53:14] !emotespells on
[28/5/2022 9:23:32] !emotespells on
[28/5/2022 9:53:49] !emotespells on
[28/5/2022 10:24:44] !emotespells on
[28/5/2022 13:17:47] !emotespells on
[28/5/2022 13:45:53] !emotespells on
[28/5/2022 14:23:50] !emotespells on
[28/5/2022 14:57:52] !emotespells on
[28/5/2022 15:35:11] !emotespells on
[28/5/2022 16:53:36] !emotespells on
[28/5/2022 17:30:1] !emotespells on
[28/5/2022 18:11:26] !emotespells on
[28/5/2022 18:47:53] !emotespells on
[28/5/2022 18:50:56] !emotespells on
[28/5/2022 19:19:33] !emotespells on
[28/5/2022 19:53:43] !emotespells on
[28/5/2022 21:9:50] !frags
[28/5/2022 22:39:26] !online
[28/5/2022 23:30:0] !emotespells on
[29/5/2022 0:3:49] !emotespells on
[29/5/2022 0:36:31] !emotespells on
[29/5/2022 1:8:23] !emotespells on
[29/5/2022 1:39:55] !emotespells on
[29/5/2022 2:10:5] !emotespells on
[29/5/2022 21:43:9] !online
[30/5/2022 17:25:24] !emotespells on
[30/5/2022 17:36:3] !emotespells on
[30/5/2022 17:42:59] !emotespells on
[30/5/2022 17:49:33] !emotespells on
[30/5/2022 17:55:14] !emotespells on
[30/5/2022 18:0:42] !emotespells on
[30/5/2022 18:7:44] !emotespells on
[30/5/2022 18:13:47] !emotespells on
[30/5/2022 18:19:36] !emotespells on
[30/5/2022 18:26:28] !emotespells on
[30/5/2022 18:33:38] !emotespells on
[30/5/2022 18:40:57] !emotespells on
[30/5/2022 18:49:24] !emotespells on
[30/5/2022 18:56:44] !emotespells on
[30/5/2022 19:3:55] !emotespells on
[30/5/2022 19:11:16] !emotespells on
[30/5/2022 19:19:22] !emotespells on
[30/5/2022 19:23:29] !emotespells on
[30/5/2022 19:29:30] !emotespells on
[30/5/2022 19:36:34] !emotespells on
[30/5/2022 19:44:1] !emotespells on
[30/5/2022 21:23:19] !online
[31/5/2022 19:32:15] !online
[31/5/2022 20:29:31] !guildpoints
[31/5/2022 20:30:16] !guildpoints
[31/5/2022 20:30:18] !guildpoints
[31/5/2022 21:10:42] !emotespells on
[31/5/2022 21:32:20] !emotespells on
[31/5/2022 21:55:56] !emotespells on
[31/5/2022 22:6:7] !emotespells on
[31/5/2022 22:16:53] !emotespells on
[31/5/2022 22:25:55] !emotespells on
[31/5/2022 22:27:45] !aol
[31/5/2022 22:35:28] !emotespells on
[31/5/2022 22:46:31] !aol
[31/5/2022 22:56:50] !emotespells on
[31/5/2022 23:14:21] !emotespells on
[31/5/2022 23:16:39] !emotespells on
[1/6/2022 0:16:38] !emotespells on
[1/6/2022 0:24:28] !emotespells on
[1/6/2022 0:30:21] !emotespells on
[1/6/2022 0:34:47] !emotespells on
[1/6/2022 0:39:42] !emotespells on
[1/6/2022 0:44:24] !emotespells on
[1/6/2022 0:49:50] !emotespells on
[1/6/2022 0:56:10] !emotespells on
[1/6/2022 1:0:52] !emotespells on
[1/6/2022 1:6:11] !emotespells on
[1/6/2022 1:11:36] !emotespells on
[1/6/2022 1:16:25] !emotespells on
[1/6/2022 1:21:58] !emotespells on
[1/6/2022 1:28:41] !emotespells on
[1/6/2022 1:33:25] !emotespells on
[1/6/2022 1:38:20] !emotespells on
[1/6/2022 1:43:6] !emotespells on
[1/6/2022 1:46:55] !emotespells on
[1/6/2022 1:51:58] !emotespells on
[1/6/2022 1:58:46] !emotespells on
[1/6/2022 1:59:19] !emotespells on
[1/6/2022 2:5:31] !emotespells on
[1/6/2022 2:9:58] !emotespells on
[1/6/2022 2:15:43] !emotespells on
[1/6/2022 2:21:1] !emotespells on
[1/6/2022 2:27:24] !emotespells on
[1/6/2022 2:34:9] !emotespells on
[1/6/2022 2:39:44] !emotespells on
[1/6/2022 2:44:47] !emotespells on
[1/6/2022 2:50:19] !emotespells on
[1/6/2022 2:56:25] !emotespells on
[1/6/2022 3:3:4] !emotespells on
[1/6/2022 3:10:58] !emotespells on
[1/6/2022 3:16:13] !emotespells on
[1/6/2022 3:21:26] !emotespells on
[1/6/2022 3:27:5] !emotespells on
[1/6/2022 3:33:2] !emotespells on
[1/6/2022 3:43:57] !emotespells on
[1/6/2022 3:49:57] !emotespells on
[1/6/2022 3:56:14] !emotespells on
[1/6/2022 4:2:29] !emotespells on
[1/6/2022 4:7:31] !emotespells on
[1/6/2022 4:12:50] !emotespells on
[1/6/2022 4:17:24] !emotespells on
[1/6/2022 4:21:30] !emotespells on
[1/6/2022 4:26:24] !emotespells on
[1/6/2022 4:32:9] !emotespells on
[1/6/2022 4:38:25] !emotespells on
[1/6/2022 4:43:9] !emotespells on
[1/6/2022 4:48:3] !emotespells on
[1/6/2022 4:53:8] !emotespells on
[1/6/2022 4:58:16] !emotespells on
[1/6/2022 5:7:47] !emotespells on
[1/6/2022 5:13:7] !emotespells on
[1/6/2022 5:17:38] !emotespells on
[1/6/2022 5:22:6] !emotespells on
[1/6/2022 5:25:35] !emotespells on
[1/6/2022 5:30:18] !emotespells on
[1/6/2022 5:34:7] !emotespells on
[1/6/2022 5:37:56] !emotespells on
[1/6/2022 5:42:56] !emotespells on
[1/6/2022 5:48:6] !emotespells on
[1/6/2022 5:54:31] !emotespells on
[1/6/2022 5:59:19] !emotespells on
[1/6/2022 6:4:48] !emotespells on
[1/6/2022 6:9:22] !emotespells on
[1/6/2022 6:14:16] !emotespells on
[1/6/2022 6:19:35] !emotespells on
[1/6/2022 6:24:36] !emotespells on
[1/6/2022 6:30:44] !emotespells on
[1/6/2022 6:35:27] !emotespells on
[1/6/2022 6:40:41] !emotespells on
[1/6/2022 6:45:7] !emotespells on
[1/6/2022 6:52:40] !emotespells on
[1/6/2022 6:57:10] !emotespells on
[1/6/2022 7:1:34] !emotespells on
[1/6/2022 7:6:10] !emotespells on
[1/6/2022 7:10:53] !emotespells on
[1/6/2022 7:15:37] !emotespells on
[1/6/2022 7:20:13] !emotespells on
[1/6/2022 7:25:51] !emotespells on
[1/6/2022 7:30:34] !emotespells on
[1/6/2022 7:32:49] !emotespells on
[1/6/2022 7:37:28] !emotespells on
[1/6/2022 7:40:23] !emotespells on
[1/6/2022 7:44:38] !emotespells on
[1/6/2022 7:49:7] !emotespells on
[1/6/2022 7:53:22] !emotespells on
[1/6/2022 7:57:16] !emotespells on
[1/6/2022 8:1:36] !emotespells on
[1/6/2022 8:5:40] !emotespells on
[1/6/2022 8:10:10] !emotespells on
[1/6/2022 8:13:53] !emotespells on
[1/6/2022 8:18:6] !emotespells on
[1/6/2022 8:22:8] !emotespells on
[1/6/2022 8:25:37] !emotespells on
[1/6/2022 8:29:16] !emotespells on
[1/6/2022 8:33:23] !emotespells on
[1/6/2022 8:38:13] !emotespells on
[1/6/2022 8:38:45] !emotespells on
[1/6/2022 8:43:45] !emotespells on
[1/6/2022 8:47:52] !emotespells on
[1/6/2022 8:51:28] !emotespells on
[1/6/2022 8:54:47] !emotespells on
[1/6/2022 8:58:51] !emotespells on
[1/6/2022 9:2:59] !emotespells on
[1/6/2022 9:7:14] !emotespells on
[1/6/2022 9:11:52] !emotespells on
[1/6/2022 9:15:11] !emotespells on
[1/6/2022 9:19:41] !emotespells on
[1/6/2022 9:25:35] !emotespells on
[1/6/2022 9:30:20] !emotespells on
[1/6/2022 9:35:20] !emotespells on
[1/6/2022 9:39:39] !emotespells on
[1/6/2022 9:44:19] !emotespells on
[1/6/2022 9:48:51] !emotespells on
[1/6/2022 9:54:50] !emotespells on
[1/6/2022 9:58:31] !emotespells on
[1/6/2022 9:59:3] !emotespells on
[1/6/2022 10:5:45] !emotespells on
[1/6/2022 10:9:55] !emotespells on
[1/6/2022 10:15:17] !emotespells on
[1/6/2022 10:21:20] !emotespells on
[1/6/2022 10:26:4] !emotespells on
[1/6/2022 10:27:46] !emotespells on
[1/6/2022 10:29:7] !emotespells on
[1/6/2022 10:34:34] !emotespells on
[1/6/2022 10:39:20] !emotespells on
[1/6/2022 10:44:6] !emotespells on
[1/6/2022 10:47:59] !emotespells on
[1/6/2022 10:52:20] !emotespells on
[1/6/2022 10:58:0] !emotespells on
[1/6/2022 11:3:49] !emotespells on
[1/6/2022 11:8:37] !emotespells on
[1/6/2022 11:14:13] !emotespells on
[1/6/2022 11:18:47] !emotespells on
[1/6/2022 11:22:51] !emotespells on
[1/6/2022 11:27:47] !emotespells on
[1/6/2022 11:33:4] !emotespells on
[1/6/2022 11:36:52] !emotespells on
[1/6/2022 11:41:48] !emotespells on
[1/6/2022 11:46:26] !emotespells on
[1/6/2022 11:50:12] !emotespells on
[1/6/2022 11:55:8] !emotespells on
[1/6/2022 11:59:7] !emotespells on
[1/6/2022 12:4:13] !emotespells on
[1/6/2022 12:9:38] !emotespells on
[1/6/2022 12:14:58] !emotespells on
[1/6/2022 12:19:16] !emotespells on
[1/6/2022 12:23:48] !emotespells on
[1/6/2022 12:29:1] !emotespells on
[1/6/2022 12:34:17] !emotespells on
[1/6/2022 12:39:40] !emotespells on
[1/6/2022 12:45:53] !emotespells on
[1/6/2022 12:49:29] !emotespells on
[1/6/2022 12:54:30] !emotespells on
[1/6/2022 12:59:53] !emotespells on
[1/6/2022 13:4:31] !emotespells on
[1/6/2022 13:14:59] !emotespells on
[1/6/2022 13:19:29] !emotespells on
[1/6/2022 13:24:35] !emotespells on
[1/6/2022 13:28:31] !emotespells on
[1/6/2022 13:29:4] !emotespells on
[1/6/2022 13:34:54] !emotespells on
[1/6/2022 13:39:21] !emotespells on
[1/6/2022 13:43:26] !emotespells on
[1/6/2022 13:43:58] !emotespells on
[1/6/2022 13:49:16] !emotespells on
[1/6/2022 13:53:53] !emotespells on
[1/6/2022 13:58:31] !emotespells on
[1/6/2022 14:4:5] !emotespells on
[1/6/2022 14:9:50] !emotespells on
[1/6/2022 14:14:15] !emotespells on
[1/6/2022 14:18:55] !emotespells on
[1/6/2022 14:23:9] !emotespells on
[1/6/2022 14:28:11] !emotespells on
[1/6/2022 14:33:25] !emotespells on
[1/6/2022 14:38:13] !emotespells on
[1/6/2022 14:43:39] !emotespells on
[1/6/2022 14:48:27] !emotespells on
[1/6/2022 14:53:21] !emotespells on
[1/6/2022 14:57:48] !emotespells on
[1/6/2022 15:2:40] !emotespells on
[1/6/2022 15:11:22] !emotespells on
[1/6/2022 15:17:8] !emotespells on
[1/6/2022 15:21:49] !emotespells on
[1/6/2022 15:26:27] !emotespells on
[1/6/2022 15:30:52] !emotespells on
[1/6/2022 15:35:27] !emotespells on
[1/6/2022 15:40:57] !emotespells on
[1/6/2022 15:46:31] !emotespells on
[1/6/2022 15:52:20] !emotespells on
[1/6/2022 15:57:21] !emotespells on
[1/6/2022 16:2:1] !emotespells on
[1/6/2022 16:6:56] !emotespells on
[1/6/2022 16:11:46] !emotespells on
[1/6/2022 16:17:11] !emotespells on
[1/6/2022 16:23:10] !emotespells on
[1/6/2022 16:28:29] !emotespells on
[1/6/2022 16:33:36] !emotespells on
[1/6/2022 16:37:57] !emotespells on
[1/6/2022 20:55:40] !emotespells on
[2/6/2022 5:35:44] !emotespells on
[2/6/2022 5:42:39] !emotespells on
[2/6/2022 5:47:38] !emotespells on
[2/6/2022 5:52:58] !emotespells on
[2/6/2022 5:57:45] !emotespells on
[2/6/2022 6:3:2] !emotespells on
[2/6/2022 6:10:56] !emotespells on
[2/6/2022 6:13:35] !emotespells on
[2/6/2022 6:25:36] !emotespells on
[2/6/2022 6:33:7] !emotespells on
[2/6/2022 6:49:44] !emotespells on
[2/6/2022 6:56:52] !emotespells on
[2/6/2022 7:1:53] !emotespells on
[2/6/2022 7:7:57] !emotespells on
[2/6/2022 7:14:9] !emotespells on
[2/6/2022 7:19:29] !emotespells on
[2/6/2022 7:25:8] !emotespells on
[2/6/2022 7:31:20] !emotespells on
[2/6/2022 7:37:35] !emotespells on
[2/6/2022 7:44:12] !emotespells on
[2/6/2022 7:51:39] !emotespells on
[2/6/2022 7:58:50] !emotespells on
[2/6/2022 5:5:58] !emotespells on
[2/6/2022 5:11:18] !emotespells on
[2/6/2022 5:17:44] !emotespells on
[2/6/2022 5:22:20] !emotespells on
[2/6/2022 5:27:35] !emotespells on
[2/6/2022 5:31:57] !emotespells on
[2/6/2022 5:36:21] !emotespells on
[2/6/2022 5:41:45] !emotespells on
[2/6/2022 5:47:39] !emotespells on
[2/6/2022 5:52:53] !emotespells on
[2/6/2022 5:58:16] !emotespells on
[2/6/2022 6:3:56] !emotespells on
[2/6/2022 6:9:35] !emotespells on
[2/6/2022 6:14:6] !emotespells on
[2/6/2022 6:20:10] !emotespells on
[2/6/2022 6:24:49] !emotespells on
[2/6/2022 6:28:16] !emotespells on
[2/6/2022 6:33:7] !emotespells on
[2/6/2022 6:42:21] !emotespells on
[2/6/2022 6:48:13] !emotespells on
[2/6/2022 6:53:46] !emotespells on
[2/6/2022 7:2:44] !emotespells on
[2/6/2022 7:7:23] !emotespells on
[2/6/2022 7:11:23] !emotespells on
[2/6/2022 7:15:19] !emotespells on
[2/6/2022 7:20:48] !emotespells on
[2/6/2022 7:26:17] !emotespells on
[2/6/2022 7:30:55] !emotespells on
[2/6/2022 7:35:26] !emotespells on
[2/6/2022 7:40:33] !emotespells on
[2/6/2022 7:44:37] !emotespells on
[2/6/2022 7:49:7] !emotespells on
[2/6/2022 7:53:2] !emotespells on
[2/6/2022 7:58:58] !emotespells on
[2/6/2022 8:6:26] !emotespells on
[2/6/2022 8:11:43] !emotespells on
[2/6/2022 8:17:0] !emotespells on
[2/6/2022 8:21:48] !emotespells on
[2/6/2022 8:26:6] !emotespells on
[2/6/2022 8:31:35] !emotespells on
[2/6/2022 8:37:13] !emotespells on
[2/6/2022 8:41:47] !emotespells on
[2/6/2022 8:47:6] !emotespells on
[2/6/2022 8:51:40] !emotespells on
[2/6/2022 8:56:10] !emotespells on
[2/6/2022 9:1:3] !emotespells on
[2/6/2022 9:16:19] !emotespells on
[2/6/2022 9:21:36] !emotespells on
[2/6/2022 9:26:18] !emotespells on
[2/6/2022 9:31:3] !emotespells on
[2/6/2022 9:35:14] !emotespells on
[2/6/2022 9:40:27] !emotespells on
[2/6/2022 9:46:5] !emotespells on
[2/6/2022 9:50:0] !emotespells on
[2/6/2022 9:54:40] !emotespells on
[2/6/2022 9:59:25] !emotespells on
[2/6/2022 10:3:53] !emotespells on
[2/6/2022 10:8:45] !emotespells on
[2/6/2022 10:14:14] !emotespells on
[2/6/2022 10:20:18] !emotespells on
[2/6/2022 10:24:43] !emotespells on
[2/6/2022 19:14:8] !emotespells on
[2/6/2022 19:19:39] !emotespells on
[2/6/2022 19:23:21] !emotespells on
[2/6/2022 19:27:12] !emotespells on
[2/6/2022 19:30:36] !emotespells on
[2/6/2022 19:34:35] !emotespells on
[2/6/2022 19:39:18] !emotespells on
[2/6/2022 19:42:29] !emotespells on
[2/6/2022 19:46:16] !emotespells on
[2/6/2022 19:49:50] !emotespells on
[2/6/2022 19:53:6] !emotespells on
[2/6/2022 19:57:55] !emotespells on
[2/6/2022 20:3:15] !emotespells on
[2/6/2022 20:6:39] !emotespells on
[2/6/2022 20:11:8] !emotespells on
[2/6/2022 20:15:16] !emotespells on
[2/6/2022 20:18:50] !emotespells on
[2/6/2022 20:22:9] !emotespells on
[2/6/2022 20:26:39] !emotespells on
[2/6/2022 20:30:58] !emotespells on
[2/6/2022 20:34:49] !emotespells on
[2/6/2022 20:38:16] !emotespells on
[2/6/2022 20:42:34] !emotespells on
[2/6/2022 20:48:18] !emotespells on
[2/6/2022 20:53:17] !emotespells on
[2/6/2022 20:57:59] !emotespells on
[2/6/2022 21:1:16] !emotespells on
[2/6/2022 21:5:49] !emotespells on
[2/6/2022 22:48:47] !emotespells on
[2/6/2022 22:56:21] !emotespells on
[2/6/2022 23:0:14] !emotespells on
[2/6/2022 23:3:48] !emotespells on
[2/6/2022 23:8:4] !emotespells on
[2/6/2022 23:12:8] !emotespells on
[2/6/2022 23:16:1] !emotespells on
[2/6/2022 23:20:15] !emotespells on
[3/6/2022 2:0:14] !emotespells on
[3/6/2022 2:3:55] !emotespells on
[3/6/2022 2:7:54] !emotespells on
[3/6/2022 2:14:28] !emotespells on
[3/6/2022 2:18:18] !emotespells on
[3/6/2022 2:25:29] !emotespells on
[3/6/2022 2:28:50] !emotespells on
[3/6/2022 2:32:38] !emotespells on
[3/6/2022 2:35:35] !emotespells on
[3/6/2022 2:40:5] !emotespells on
[3/6/2022 2:48:24] !emotespells on
[3/6/2022 2:51:51] !emotespells on
[3/6/2022 2:55:21] !emotespells on
[3/6/2022 2:58:57] !emotespells on
[3/6/2022 3:3:3] !emotespells on
[3/6/2022 3:6:57] !emotespells on
[3/6/2022 3:10:44] !emotespells on
[3/6/2022 3:14:41] !emotespells on
[3/6/2022 3:18:42] !emotespells on
[3/6/2022 3:22:52] !emotespells on
[3/6/2022 3:26:13] !emotespells on
[3/6/2022 3:34:0] !emotespells on
[3/6/2022 3:37:44] !emotespells on
[3/6/2022 3:41:20] !emotespells on
[3/6/2022 3:44:43] !emotespells on
[3/6/2022 3:48:7] !emotespells on
[3/6/2022 3:52:22] !emotespells on
[3/6/2022 3:55:19] !emotespells on
[3/6/2022 3:58:35] !emotespells on
[3/6/2022 4:8:33] !emotespells on
[3/6/2022 4:18:0] !emotespells on
[3/6/2022 4:22:57] !emotespells on
[3/6/2022 4:27:49] !emotespells on
[3/6/2022 4:32:43] !emotespells on
[3/6/2022 4:38:32] !emotespells on
[3/6/2022 4:43:58] !emotespells on
[3/6/2022 4:48:41] !emotespells on
[3/6/2022 4:53:17] !emotespells on
[3/6/2022 4:57:39] !emotespells on
[3/6/2022 5:13:36] !emotespells on
[3/6/2022 5:22:4] !emotespells on
[3/6/2022 5:26:43] !emotespells on
[3/6/2022 5:31:35] !emotespells on
[3/6/2022 5:36:35] !emotespells on
[3/6/2022 5:41:50] !emotespells on
[3/6/2022 5:47:11] !emotespells on
[3/6/2022 5:51:38] !emotespells on
[3/6/2022 5:56:19] !emotespells on
[3/6/2022 6:1:0] !emotespells on
[3/6/2022 6:6:2] !emotespells on
[3/6/2022 6:10:39] !emotespells on
[3/6/2022 6:15:55] !emotespells on
[3/6/2022 6:21:25] !emotespells on
[3/6/2022 6:26:14] !emotespells on
[3/6/2022 6:31:10] !emotespells on
[3/6/2022 6:35:38] !emotespells on
[3/6/2022 6:40:17] !emotespells on
[3/6/2022 6:45:56] !emotespells on
[3/6/2022 6:51:23] !emotespells on
[3/6/2022 6:55:57] !emotespells on
[3/6/2022 7:0:45] !emotespells on
[3/6/2022 7:5:5] !emotespells on
[3/6/2022 7:9:43] !emotespells on
[3/6/2022 7:14:44] !emotespells on
[3/6/2022 7:19:27] !emotespells on
[3/6/2022 7:24:41] !emotespells on
[3/6/2022 7:29:39] !emotespells on
[3/6/2022 7:40:8] !emotespells on
[3/6/2022 7:45:1] !emotespells on
[3/6/2022 7:48:42] !emotespells on
[3/6/2022 8:4:6] !emotespells on
[3/6/2022 8:8:59] !emotespells on
[3/6/2022 8:12:48] !emotespells on
[3/6/2022 8:16:50] !emotespells on
[3/6/2022 8:24:8] !emotespells on
[3/6/2022 8:27:24] !emotespells on
[3/6/2022 8:32:36] !emotespells on
[3/6/2022 8:38:42] !emotespells on
[3/6/2022 8:42:59] !emotespells on
[3/6/2022 8:47:42] !emotespells on
[3/6/2022 8:52:9] !emotespells on
[3/6/2022 8:56:46] !emotespells on
[3/6/2022 9:1:30] !emotespells on
[3/6/2022 9:6:47] !emotespells on
[3/6/2022 9:12:33] !emotespells on
[3/6/2022 9:17:26] !emotespells on
[3/6/2022 9:22:14] !emotespells on
[3/6/2022 9:27:10] !emotespells on
[3/6/2022 9:32:18] !emotespells on
[3/6/2022 9:45:46] !emotespells on
[3/6/2022 9:55:21] !emotespells on
[3/6/2022 10:4:6] !emotespells on
[3/6/2022 10:12:30] !emotespells on
[3/6/2022 10:17:50] !emotespells on
[3/6/2022 10:21:41] !emotespells on
[3/6/2022 10:25:49] !emotespells on
[3/6/2022 10:30:23] !emotespells on
[3/6/2022 10:34:49] !emotespells on
[3/6/2022 10:38:56] !emotespells on
[3/6/2022 10:43:14] !emotespells on
[3/6/2022 10:47:10] !emotespells on
[3/6/2022 10:50:10] !emotespells on
[3/6/2022 10:53:50] !emotespells on
[3/6/2022 10:56:59] !emotespells on
[3/6/2022 11:0:40] !emotespells on
[3/6/2022 11:5:18] !emotespells on
[3/6/2022 11:10:17] !emotespells on
[3/6/2022 11:14:55] !emotespells on
[3/6/2022 11:26:13] !emotespells on
[3/6/2022 11:32:27] !emotespells on
[3/6/2022 11:36:21] !emotespells on
[3/6/2022 11:40:10] !emotespells on
[3/6/2022 11:43:53] !emotespells on
[3/6/2022 11:48:27] !emotespells on
[3/6/2022 11:57:48] !emotespells on
[3/6/2022 12:1:55] !emotespells on
[3/6/2022 12:5:21] !emotespells on
[3/6/2022 12:9:28] !emotespells on
[3/6/2022 12:14:18] !emotespells on
[3/6/2022 12:17:55] !emotespells on
[3/6/2022 12:25:55] !emotespells on
[3/6/2022 12:29:23] !emotespells on
[3/6/2022 12:32:23] !emotespells on
[3/6/2022 12:35:45] !emotespells on
[3/6/2022 22:27:51] !emotespells on
[3/6/2022 22:35:12] !emotespells on
[3/6/2022 22:41:10] !emotespells on
[3/6/2022 22:46:54] !emotespells on
[3/6/2022 22:52:58] !emotespells on
[3/6/2022 22:58:59] !emotespells on
[3/6/2022 23:6:23] !emotespells on
[3/6/2022 23:11:22] !emotespells on
[3/6/2022 23:15:6] !emotespells on
[3/6/2022 23:20:26] !emotespells on
[3/6/2022 23:24:57] !emotespells on
[3/6/2022 23:28:53] !emotespells on
[3/6/2022 23:33:49] !emotespells on
[3/6/2022 23:39:22] !emotespells on
[3/6/2022 23:44:13] !emotespells on
[3/6/2022 23:48:42] !emotespells on
[3/6/2022 23:53:32] !emotespells on
[3/6/2022 23:58:53] !emotespells on
[4/6/2022 0:4:29] !emotespells on
[4/6/2022 0:9:7] !emotespells on
[4/6/2022 0:13:55] !emotespells on
[4/6/2022 0:18:52] !emotespells on
[4/6/2022 0:23:24] !emotespells on
[4/6/2022 0:28:2] !emotespells on
[4/6/2022 0:33:41] !emotespells on
[4/6/2022 0:40:12] !emotespells on
[4/6/2022 0:44:15] !emotespells on
[4/6/2022 0:48:59] !emotespells on
[4/6/2022 0:53:56] !emotespells on
[4/6/2022 0:58:23] !emotespells on
[4/6/2022 1:3:7] !emotespells on
[4/6/2022 1:8:27] !emotespells on
[4/6/2022 1:14:18] !emotespells on
[4/6/2022 1:19:26] !emotespells on
[4/6/2022 1:25:20] !emotespells on
[4/6/2022 1:29:12] !emotespells on
[4/6/2022 1:33:53] !emotespells on
[4/6/2022 1:38:48] !emotespells on
[4/6/2022 1:44:11] !emotespells on
[4/6/2022 1:49:48] !emotespells on
[4/6/2022 1:55:10] !emotespells on
[4/6/2022 1:59:29] !emotespells on
[4/6/2022 2:9:28] !emotespells on
[4/6/2022 2:14:19] !emotespells on
[4/6/2022 2:20:31] !emotespells on
[4/6/2022 2:27:40] !emotespells on
[4/6/2022 2:32:19] !emotespells on
[4/6/2022 2:36:55] !emotespells on
[4/6/2022 2:45:50] !emotespells on
[4/6/2022 2:49:30] !emotespells on
[4/6/2022 2:54:27] !emotespells on
[4/6/2022 3:0:10] !emotespells on
[4/6/2022 3:4:28] !emotespells on
[4/6/2022 3:9:1] !emotespells on
[4/6/2022 3:13:29] !emotespells on
[4/6/2022 3:18:30] !emotespells on
[4/6/2022 3:23:21] !emotespells on
[4/6/2022 3:33:21] !emotespells on
[4/6/2022 3:39:38] !emotespells on
[4/6/2022 3:44:51] !emotespells on
[4/6/2022 3:49:30] !emotespells on
[4/6/2022 3:54:10] !emotespells on
[4/6/2022 3:59:1] !emotespells on
[4/6/2022 4:4:37] !emotespells on
[4/6/2022 4:9:5] !emotespells on
[4/6/2022 4:14:12] !emotespells on
[4/6/2022 4:19:48] !emotespells on
[4/6/2022 4:24:4] !emotespells on
[4/6/2022 4:29:8] !emotespells on
[4/6/2022 4:39:40] !emotespells on
[4/6/2022 4:44:30] !emotespells on
[4/6/2022 4:49:13] !emotespells on
[4/6/2022 4:54:11] !emotespells on
[4/6/2022 5:15:45] !emotespells on
[4/6/2022 5:24:29] !emotespells on
[4/6/2022 5:28:30] !emotespells on
[4/6/2022 5:33:34] !emotespells on
[4/6/2022 5:38:34] !emotespells on
[4/6/2022 5:43:14] !emotespells on
[4/6/2022 5:48:34] !emotespells on
[4/6/2022 5:53:2] !emotespells on
[4/6/2022 5:57:59] !emotespells on
[4/6/2022 6:2:40] !emotespells on
[4/6/2022 6:7:32] !emotespells on
[4/6/2022 6:12:35] !emotespells on
[4/6/2022 6:17:47] !emotespells on
[4/6/2022 6:20:39] !emotespells on
[4/6/2022 6:25:47] !emotespells on
[4/6/2022 6:30:7] !emotespells on
[4/6/2022 6:34:19] !emotespells on
[4/6/2022 6:39:12] !emotespells on
[4/6/2022 6:43:45] !emotespells on
[4/6/2022 6:48:37] !emotespells on
[4/6/2022 6:54:30] !emotespells on
[4/6/2022 6:59:20] !emotespells on
[4/6/2022 7:3:50] !emotespells on
[4/6/2022 7:8:42] !emotespells on
[4/6/2022 7:13:23] !emotespells on
[4/6/2022 7:18:24] !emotespells on
[4/6/2022 7:23:43] !emotespells on
[4/6/2022 7:28:12] !emotespells on
[4/6/2022 7:37:37] !emotespells on
[4/6/2022 7:42:25] !emotespells on
[4/6/2022 7:47:21] !emotespells on
[4/6/2022 7:52:43] !emotespells on
[4/6/2022 7:57:46] !emotespells on
[4/6/2022 8:2:40] !emotespells on
[4/6/2022 8:7:42] !emotespells on
[4/6/2022 8:12:21] !emotespells on
[4/6/2022 8:16:58] !emotespells on
[4/6/2022 8:20:48] !emotespells on
[4/6/2022 8:25:56] !emotespells on
[4/6/2022 8:31:19] !emotespells on
[4/6/2022 8:35:57] !emotespells on
[4/6/2022 8:40:31] !emotespells on
[4/6/2022 8:45:14] !emotespells on
[4/6/2022 8:50:7] !emotespells on
[4/6/2022 8:55:26] !emotespells on
[4/6/2022 9:0:50] !emotespells on
[4/6/2022 9:5:42] !emotespells on
[4/6/2022 9:10:22] !emotespells on
[4/6/2022 9:15:11] !emotespells on
[4/6/2022 9:19:58] !emotespells on
[4/6/2022 9:24:24] !emotespells on
[4/6/2022 9:29:17] !emotespells on
[4/6/2022 9:35:26] !emotespells on
[4/6/2022 9:39:59] !emotespells on
[4/6/2022 9:44:19] !emotespells on
[4/6/2022 9:48:43] !emotespells on
[4/6/2022 9:53:14] !emotespells on
[4/6/2022 9:57:48] !emotespells on
[4/6/2022 10:2:55] !emotespells on
[4/6/2022 10:8:8] !emotespells on
[4/6/2022 10:12:56] !emotespells on
[4/6/2022 10:17:38] !emotespells on
[4/6/2022 10:22:15] !emotespells on
[4/6/2022 10:26:4] !emotespells on
[4/6/2022 10:29:52] !emotespells on
[4/6/2022 10:34:50] !emotespells on
[4/6/2022 10:39:57] !emotespells on
[4/6/2022 10:44:58] !emotespells on
[4/6/2022 10:49:40] !emotespells on
[4/6/2022 10:54:27] !emotespells on
[4/6/2022 11:3:23] !emotespells on
[4/6/2022 11:8:39] !emotespells on
[4/6/2022 11:14:11] !emotespells on
[4/6/2022 11:18:52] !emotespells on
[4/6/2022 11:23:19] !emotespells on
[4/6/2022 11:28:13] !emotespells on
[4/6/2022 11:33:6] !emotespells on
[4/6/2022 11:38:9] !emotespells on
[4/6/2022 11:43:36] !emotespells on
[4/6/2022 11:47:52] !emotespells on
[4/6/2022 11:51:31] !emotespells on
[4/6/2022 11:56:0] !emotespells on
[4/6/2022 12:0:38] !emotespells on
[4/6/2022 12:5:7] !emotespells on
[4/6/2022 12:10:28] !emotespells on
[4/6/2022 12:15:45] !emotespells on
[4/6/2022 12:20:14] !emotespells on
[4/6/2022 12:24:44] !emotespells on
[4/6/2022 12:28:51] !emotespells on
[4/6/2022 12:32:40] !emotespells on
[4/6/2022 12:36:31] !emotespells on
[4/6/2022 12:41:56] !emotespells on
[4/6/2022 12:47:11] !emotespells on
[4/6/2022 12:52:12] !emotespells on
[4/6/2022 12:57:47] !emotespells on
[4/6/2022 13:3:12] !emotespells on
[4/6/2022 13:7:53] !emotespells on
[4/6/2022 13:12:7] !emotespells on
[4/6/2022 13:17:45] !emotespells on
[4/6/2022 13:22:5] !emotespells on
[4/6/2022 13:26:51] !emotespells on
[4/6/2022 13:31:32] !emotespells on
[4/6/2022 13:36:13] !emotespells on
[4/6/2022 13:39:46] !emotespells on
[4/6/2022 13:45:11] !emotespells on
[4/6/2022 13:50:21] !emotespells on
[4/6/2022 13:54:44] !emotespells on
[4/6/2022 13:59:28] !emotespells on
[4/6/2022 14:4:20] !emotespells on
[4/6/2022 14:9:16] !emotespells on
[4/6/2022 14:14:18] !emotespells on
[4/6/2022 14:26:52] !emotespells on
[4/6/2022 14:31:2] !emotespells on
[4/6/2022 14:37:43] !emotespells on
[4/6/2022 14:41:22] !emotespells on
[4/6/2022 14:45:4] !emotespells on
[4/6/2022 14:49:26] !emotespells on
[4/6/2022 14:53:8] !emotespells on
[4/6/2022 15:0:52] !emotespells on
[4/6/2022 15:4:57] !emotespells on
[4/6/2022 15:53:15] !emotespells on
[4/6/2022 15:56:38] !emotespells on
[4/6/2022 16:0:31] !emotespells on
[4/6/2022 16:4:23] !emotespells on
[4/6/2022 16:8:4] !emotespells on
[4/6/2022 16:12:17] !emotespells on
[4/6/2022 16:15:37] !emotespells on
[4/6/2022 16:20:33] !emotespells on
[4/6/2022 16:25:7] !emotespells on
[4/6/2022 16:29:53] !emotespells on
[4/6/2022 16:33:36] !emotespells on
[4/6/2022 16:37:17] !emotespells on
[4/6/2022 16:41:1] !emotespells on
[4/6/2022 16:45:51] !emotespells on
[4/6/2022 16:51:29] !emotespells on
[4/6/2022 16:56:43] !emotespells on
[4/6/2022 17:0:47] !emotespells on
[4/6/2022 17:4:0] !emotespells on
[4/6/2022 17:7:54] !emotespells on
[4/6/2022 17:11:29] !emotespells on
[4/6/2022 17:15:13] !emotespells on
[4/6/2022 17:19:46] !emotespells on
[4/6/2022 17:23:27] !emotespells on
[4/6/2022 17:27:41] !emotespells on
[4/6/2022 17:31:21] !emotespells on
[4/6/2022 17:41:20] !emotespells on
[4/6/2022 17:45:29] !emotespells on
[4/6/2022 17:49:52] !emotespells on
[4/6/2022 17:53:14] !emotespells on
[4/6/2022 17:57:26] !emotespells on
[4/6/2022 18:2:51] !emotespells on
[4/6/2022 18:7:51] !emotespells on
[4/6/2022 18:13:4] !emotespells on
[4/6/2022 18:19:20] !emotespells on
[4/6/2022 18:27:25] !emotespells on
[4/6/2022 18:33:30] !emotespells on
[4/6/2022 18:39:50] !emotespells on
[4/6/2022 18:45:47] !emotespells on
[4/6/2022 18:53:5] !emotespells on
[4/6/2022 19:1:11] !emotespells on
[4/6/2022 19:6:31] !emotespells on
[4/6/2022 19:11:40] !emotespells on
[4/6/2022 19:17:13] !emotespells on
[4/6/2022 19:21:43] !emotespells on
[4/6/2022 19:26:34] !emotespells on
[4/6/2022 19:32:22] !emotespells on
[4/6/2022 19:36:38] !emotespells on
[4/6/2022 19:40:53] !emotespells on
[4/6/2022 19:45:12] !emotespells on
[4/6/2022 19:49:34] !emotespells on
[4/6/2022 19:54:17] !emotespells on
[4/6/2022 19:59:34] !emotespells on
[4/6/2022 20:4:19] !emotespells on
[4/6/2022 20:9:2] !emotespells on
[4/6/2022 20:14:49] !emotespells on
[4/6/2022 20:20:38] !emotespells on
[4/6/2022 20:29:31] !emotespells on
[4/6/2022 20:34:1] !emotespells on
[4/6/2022 20:39:19] !emotespells on
[4/6/2022 20:43:37] !emotespells on
[4/6/2022 20:47:54] !emotespells on
[4/6/2022 20:52:43] !emotespells on
[4/6/2022 20:59:47] !emotespells on
[5/6/2022 7:11:21] !emotespells on
[5/6/2022 7:13:6] !emotespells on
[5/6/2022 7:22:45] !emotespells on
[5/6/2022 7:29:52] !emotespells on
[5/6/2022 7:36:30] !emotespells on
[5/6/2022 7:43:29] !emotespells on
[5/6/2022 7:55:11] !emotespells on
[5/6/2022 8:2:0] !emotespells on
[5/6/2022 8:8:44] !emotespells on
[5/6/2022 8:15:3] !emotespells on
[5/6/2022 8:21:34] !emotespells on
[5/6/2022 8:27:59] !emotespells on
[5/6/2022 8:35:21] !emotespells on
[5/6/2022 8:45:43] !emotespells on
[5/6/2022 8:51:36] !emotespells on
[5/6/2022 8:56:54] !emotespells on
[5/6/2022 9:2:43] !emotespells on
[5/6/2022 9:8:30] !emotespells on
[5/6/2022 9:15:9] !emotespells on
[5/6/2022 9:22:49] !emotespells on
[5/6/2022 9:28:43] !emotespells on
[5/6/2022 9:34:9] !emotespells on
[5/6/2022 9:40:3] !emotespells on
[5/6/2022 9:47:43] !emotespells on
[5/6/2022 9:53:40] !emotespells on
[5/6/2022 9:59:25] !emotespells on
[5/6/2022 10:5:9] !emotespells on
[5/6/2022 10:12:20] !emotespells on
[5/6/2022 10:17:31] !emotespells on
[5/6/2022 10:22:50] !emotespells on
[5/6/2022 10:28:36] !emotespells on
[5/6/2022 10:35:31] !emotespells on
[5/6/2022 10:40:53] !emotespells on
[5/6/2022 10:46:41] !emotespells on
[5/6/2022 10:53:45] !emotespells on
[5/6/2022 10:58:56] !emotespells on
[5/6/2022 11:4:25] !emotespells on
[5/6/2022 11:10:10] !emotespells on
[5/6/2022 11:23:25] !emotespells on
[5/6/2022 11:28:44] !emotespells on
[5/6/2022 11:34:42] !emotespells on
[5/6/2022 11:42:18] !emotespells on
[5/6/2022 11:47:29] !emotespells on
[5/6/2022 11:53:4] !emotespells on
[5/6/2022 11:58:59] !emotespells on
[5/6/2022 12:6:1] !emotespells on
[5/6/2022 12:11:2] !emotespells on
[5/6/2022 12:21:45] !emotespells on
[5/6/2022 12:28:37] !emotespells on
[5/6/2022 12:34:25] !emotespells on
[5/6/2022 12:40:16] !emotespells on
[5/6/2022 12:46:16] !emotespells on
[5/6/2022 12:53:17] !emotespells on
[5/6/2022 12:58:52] !emotespells on
[5/6/2022 13:4:11] !emotespells on
[5/6/2022 13:10:2] !emotespells on
[5/6/2022 13:17:15] !emotespells on
[5/6/2022 13:22:26] !emotespells on
[5/6/2022 13:27:35] !emotespells on
[5/6/2022 13:33:2] !emotespells on
[5/6/2022 13:39:2] !emotespells on
[5/6/2022 13:45:57] !emotespells on
[5/6/2022 13:50:51] !emotespells on
[5/6/2022 13:56:50] !emotespells on
[5/6/2022 14:4:30] !emotespells on
[5/6/2022 14:10:21] !emotespells on
[5/6/2022 14:15:57] !emotespells on
[5/6/2022 14:22:22] !emotespells on
[5/6/2022 14:29:31] !emotespells on
[5/6/2022 14:34:51] !emotespells on
[5/6/2022 14:40:17] !emotespells on
[5/6/2022 14:46:23] !emotespells on
[5/6/2022 14:53:38] !emotespells on
[5/6/2022 14:59:2] !emotespells on
[5/6/2022 15:4:19] !emotespells on
[5/6/2022 15:10:29] !emotespells on
[5/6/2022 15:17:40] !emotespells on
[5/6/2022 15:22:23] !emotespells on
[5/6/2022 15:26:32] !emotespells on
[5/6/2022 15:30:16] !emotespells on
[5/6/2022 15:34:38] !emotespells on
[5/6/2022 15:44:11] !emotespells on
[5/6/2022 15:48:16] !emotespells on
[5/6/2022 15:52:11] !emotespells on
[5/6/2022 15:56:28] !emotespells on
[5/6/2022 16:0:25] !emotespells on
[5/6/2022 16:5:11] !emotespells on
[5/6/2022 16:11:11] !emotespells on
[5/6/2022 16:15:41] !emotespells on
[5/6/2022 16:19:5] !emotespells on
[5/6/2022 16:23:16] !emotespells on
[5/6/2022 16:28:12] !emotespells on
[5/6/2022 16:34:23] !emotespells on
[5/6/2022 16:59:38] !emotespells on
[5/6/2022 17:4:49] !emotespells on
[5/6/2022 17:9:46] !emotespells on
[5/6/2022 17:15:32] !emotespells on
[5/6/2022 17:22:37] !emotespells on
[5/6/2022 17:27:33] !emotespells on
[5/6/2022 17:32:45] !emotespells on
[5/6/2022 17:38:46] !emotespells on
[5/6/2022 17:51:21] !emotespells on
[5/6/2022 17:56:52] !emotespells on
[5/6/2022 18:2:45] !emotespells on
[5/6/2022 18:9:57] !emotespells on
[5/6/2022 18:15:19] !emotespells on
[5/6/2022 18:20:44] !emotespells on
[5/6/2022 18:26:34] !emotespells on
[5/6/2022 18:33:34] !emotespells on
[5/6/2022 18:38:49] !emotespells on
[5/6/2022 18:44:15] !emotespells on
[5/6/2022 18:49:32] !emotespells on
[5/6/2022 18:55:26] !emotespells on
[5/6/2022 19:0:24] !emotespells on
[5/6/2022 19:5:48] !emotespells on
[5/6/2022 19:10:20] !emotespells on
[5/6/2022 19:14:31] !emotespells on
[5/6/2022 19:19:47] !emotespells on
[5/6/2022 19:24:9] !emotespells on
[5/6/2022 19:28:49] !emotespells on
[5/6/2022 19:32:32] !emotespells on
[5/6/2022 19:36:50] !emotespells on
[5/6/2022 19:41:40] !emotespells on
[5/6/2022 19:47:18] !emotespells on
[5/6/2022 19:52:5] !emotespells on
[5/6/2022 19:56:9] !emotespells on
[6/6/2022 4:41:33] !emotespells on
[6/6/2022 4:44:57] !emotespells on
[6/6/2022 4:48:27] !emotespells on
[6/6/2022 4:51:47] !emotespells on
[6/6/2022 4:55:6] !emotespells on
[6/6/2022 4:58:59] !emotespells on
[6/6/2022 5:14:7] !emotespells on
[6/6/2022 5:20:59] !emotespells on
[6/6/2022 5:26:17] !emotespells on
[6/6/2022 5:31:39] !emotespells on
[6/6/2022 5:37:33] !emotespells on
[6/6/2022 5:44:44] !emotespells on
[6/6/2022 5:49:57] !emotespells on
[6/6/2022 5:55:55] !emotespells on
[6/6/2022 6:2:41] !emotespells on
[6/6/2022 6:6:29] !emotespells on
[6/6/2022 6:7:29] !emotespells on
[6/6/2022 6:13:5] !emotespells on
[6/6/2022 6:19:3] !emotespells on
[6/6/2022 6:25:59] !emotespells on
[6/6/2022 6:30:51] !emotespells on
[6/6/2022 6:36:12] !emotespells on
[6/6/2022 6:41:46] !emotespells on
[6/6/2022 6:48:40] !emotespells on
[6/6/2022 6:54:1] !emotespells on
[6/6/2022 6:59:13] !emotespells on
[6/6/2022 7:4:28] !emotespells on
[6/6/2022 7:10:1] !emotespells on
[6/6/2022 7:16:54] !emotespells on
[6/6/2022 7:22:47] !emotespells on
[6/6/2022 7:27:48] !emotespells on
[6/6/2022 7:33:30] !emotespells on
[6/6/2022 7:40:29] !emotespells on
[6/6/2022 7:45:41] !emotespells on
[6/6/2022 7:50:56] !emotespells on
[6/6/2022 7:56:35] !emotespells on
[6/6/2022 8:3:30] !emotespells on
[6/6/2022 8:8:59] !emotespells on
[6/6/2022 8:14:17] !emotespells on
[6/6/2022 8:20:16] !emotespells on
[6/6/2022 8:26:44] !emotespells on
[6/6/2022 8:32:15] !emotespells on
[6/6/2022 8:37:49] !emotespells on
[6/6/2022 8:43:34] !emotespells on
[6/6/2022 8:50:13] !emotespells on
[6/6/2022 8:55:19] !emotespells on
[6/6/2022 9:0:37] !emotespells on
[6/6/2022 9:6:22] !emotespells on
[6/6/2022 9:13:16] !emotespells on
[6/6/2022 9:18:39] !emotespells on
[6/6/2022 9:23:50] !emotespells on
[6/6/2022 9:29:26] !emotespells on
[6/6/2022 9:43:33] !emotespells on
[6/6/2022 9:48:44] !emotespells on
[6/6/2022 9:51:28] !aol
[6/6/2022 9:51:44] !emotespells on
[6/6/2022 9:59:2] !emotespells on
[6/6/2022 10:3:57] !emotespells on
[6/6/2022 10:10:0] !emotespells on
[6/6/2022 10:15:44] !emotespells on
[6/6/2022 10:23:3] !emotespells on
[6/6/2022 10:28:35] !emotespells on
[6/6/2022 10:33:59] !emotespells on
[6/6/2022 10:39:49] !emotespells on
[6/6/2022 10:46:48] !emotespells on
[6/6/2022 10:52:19] !emotespells on
[6/6/2022 10:57:30] !emotespells on
[6/6/2022 11:3:30] !emotespells on
[6/6/2022 11:10:49] !emotespells on
[6/6/2022 11:16:13] !emotespells on
[6/6/2022 11:21:31] !emotespells on
[6/6/2022 11:27:18] !emotespells on
[6/6/2022 11:34:31] !emotespells on
[6/6/2022 11:39:43] !emotespells on
[6/6/2022 11:44:46] !emotespells on
[6/6/2022 11:50:41] !emotespells on
[6/6/2022 11:57:38] !emotespells on
[6/6/2022 12:2:54] !emotespells on
[6/6/2022 12:8:34] !emotespells on
[6/6/2022 12:14:9] !emotespells on
[6/6/2022 12:19:8] !emotespells on
[6/6/2022 12:23:4] !emotespells on
[6/6/2022 12:27:26] !emotespells on
[6/6/2022 12:31:42] !emotespells on
[6/6/2022 12:34:55] !emotespells on
[6/6/2022 12:38:37] !emotespells on
[6/6/2022 12:41:55] !emotespells on
[6/6/2022 12:46:9] !emotespells on
[6/6/2022 12:49:26] !emotespells on
[6/6/2022 12:53:19] !emotespells on
[6/6/2022 12:57:28] !emotespells on
[6/6/2022 13:0:46] !emotespells on
[6/6/2022 13:4:5] !emotespells on
[6/6/2022 13:7:25] !emotespells on
[6/6/2022 13:10:49] !emotespells on
[6/6/2022 13:15:0] !emotespells on
[6/6/2022 13:20:46] !emotespells on
[6/6/2022 13:24:13] !emotespells on
[6/6/2022 13:27:55] !emotespells on
[6/6/2022 13:31:8] !emotespells on
[6/6/2022 13:34:33] !emotespells on
[6/6/2022 13:37:54] !emotespells on
[6/6/2022 13:40:56] !emotespells on
[6/6/2022 13:45:7] !emotespells on
[6/6/2022 13:54:30] !emotespells on
[6/6/2022 14:2:6] !emotespells on
[6/6/2022 14:6:5] !emotespells on
[6/6/2022 14:9:54] !emotespells on
[6/6/2022 14:13:17] !emotespells on
[6/6/2022 14:16:43] !emotespells on
[6/6/2022 14:20:34] !emotespells on
[6/6/2022 14:25:32] !emotespells on
[6/6/2022 14:34:28] !emotespells on
[6/6/2022 14:39:15] !emotespells on
[6/6/2022 14:43:21] !emotespells on
[6/6/2022 14:47:5] !emotespells on
[6/6/2022 14:50:57] !emotespells on
[6/6/2022 14:54:18] !emotespells on
[6/6/2022 14:57:38] !emotespells on
[6/6/2022 15:1:54] !emotespells on
[6/6/2022 15:5:57] !emotespells on
[6/6/2022 15:8:55] !emotespells on
[6/6/2022 15:12:12] !emotespells on
[6/6/2022 15:15:52] !emotespells on
[6/6/2022 15:19:10] !emotespells on
[6/6/2022 15:22:37] !emotespells on
[6/6/2022 15:25:24] !emotespells on
[6/6/2022 15:28:56] !emotespells on
[6/6/2022 15:33:6] !emotespells on
[6/6/2022 15:37:5] !emotespells on
[6/6/2022 15:39:52] !emotespells on
[6/6/2022 15:42:49] !emotespells on
[6/6/2022 15:46:31] !emotespells on
[6/6/2022 15:50:32] !emotespells on
[6/6/2022 15:53:57] !emotespells on
[6/6/2022 15:58:6] !emotespells on
[6/6/2022 16:1:51] !emotespells on
[6/6/2022 16:5:42] !emotespells on
[6/6/2022 16:9:16] !emotespells on
[6/6/2022 16:14:46] !emotespells on
[6/6/2022 16:18:14] !emotespells on
[6/6/2022 16:21:8] !emotespells on
[6/6/2022 16:24:32] !emotespells on
[6/6/2022 16:27:37] !emotespells on
[6/6/2022 16:31:8] !emotespells on
[6/6/2022 16:34:28] !emotespells on
[6/6/2022 16:37:52] !emotespells on
[6/6/2022 16:41:38] !emotespells on
[6/6/2022 16:45:37] !emotespells on
[6/6/2022 16:48:54] !emotespells on
[6/6/2022 16:52:21] !emotespells on
[6/6/2022 16:55:37] !emotespells on
[6/6/2022 16:58:51] !emotespells on
[6/6/2022 17:2:29] !emotespells on
[6/6/2022 17:9:57] !emotespells on
[6/6/2022 17:14:44] !emotespells on
[6/6/2022 17:18:49] !emotespells on
[6/6/2022 17:22:52] !emotespells on
[6/6/2022 17:26:53] !emotespells on
[6/6/2022 17:30:56] !emotespells on
[6/6/2022 17:41:1] !emotespells on
[6/6/2022 17:49:43] !emotespells on
[6/6/2022 17:53:11] !emotespells on
[6/6/2022 17:56:30] !emotespells on
[6/6/2022 18:0:30] !emotespells on
[6/6/2022 19:40:46] !addon mage
[6/6/2022 19:40:54] !addon gold
[6/6/2022 19:41:12] !addon golden
[6/6/2022 19:41:15] !addon golden outfit
[6/6/2022 19:41:28] !addon golden
[6/6/2022 19:41:42] !addon golden outfit
[6/6/2022 22:6:42] !buyhouse
[6/6/2022 22:7:17] aleta som
[6/6/2022 22:8:48] !protecthouse
[6/6/2022 22:8:51] !protecthouse off
[6/6/2022 22:12:56] !addon summoner
[6/6/2022 22:43:51] !emotespells on
[6/6/2022 22:49:3] !emotespells on
[6/6/2022 22:53:29] !emotespells on
[6/6/2022 22:57:17] !emotespells on
[6/6/2022 23:1:42] !emotespells on
[6/6/2022 23:6:30] !emotespells on
[6/6/2022 23:10:47] !emotespells on
[6/6/2022 23:15:45] !emotespells on
[6/6/2022 23:21:55] !emotespells on
[6/6/2022 23:25:43] !emotespells on
[6/6/2022 23:30:20] !emotespells on
[6/6/2022 23:35:17] !emotespells on
[6/6/2022 23:40:0] !emotespells on
[6/6/2022 23:44:13] !emotespells on
[6/6/2022 23:48:30] !emotespells on
[6/6/2022 23:53:50] !emotespells on
[6/6/2022 23:59:15] !emotespells on
[7/6/2022 0:3:46] !emotespells on
[7/6/2022 0:8:25] !emotespells on
[7/6/2022 0:13:13] !emotespells on
[7/6/2022 0:17:38] !emotespells on
[7/6/2022 0:33:19] !emotespells on
[7/6/2022 0:37:50] !emotespells on
[7/6/2022 0:42:22] !emotespells on
[7/6/2022 0:46:44] !emotespells on
[7/6/2022 0:51:19] !emotespells on
[7/6/2022 0:56:2] !emotespells on
[7/6/2022 1:1:1] !emotespells on
[7/6/2022 1:6:9] !emotespells on
[7/6/2022 1:10:21] !emotespells on
[7/6/2022 1:14:12] !emotespells on
[7/6/2022 1:18:45] !emotespells on
[7/6/2022 1:23:33] !emotespells on
[7/6/2022 1:27:52] !emotespells on
[7/6/2022 1:32:23] !emotespells on
[7/6/2022 1:37:49] !emotespells on
[7/6/2022 1:43:1] !emotespells on
[7/6/2022 1:47:31] !emotespells on
[7/6/2022 1:52:12] !emotespells on
[7/6/2022 1:56:55] !emotespells on
[7/6/2022 2:5:59] !emotespells on
[7/6/2022 2:9:35] !emotespells on
[7/6/2022 2:14:43] !emotespells on
[7/6/2022 2:20:41] !emotespells on
[7/6/2022 2:25:20] !emotespells on
[7/6/2022 2:30:0] !emotespells on
[7/6/2022 2:33:48] !emotespells on
[7/6/2022 2:38:19] !emotespells on
[7/6/2022 2:43:2] !emotespells on
[7/6/2022 2:47:29] !emotespells on
[7/6/2022 2:52:50] !emotespells on
[7/6/2022 2:59:22] !emotespells on
[7/6/2022 3:3:51] !emotespells on
[7/6/2022 3:8:2] !emotespells on
[7/6/2022 3:12:28] !emotespells on
[7/6/2022 3:17:13] !emotespells on
[7/6/2022 3:21:52] !emotespells on
[7/6/2022 3:27:16] !emotespells on
[7/6/2022 3:32:28] !emotespells on
[7/6/2022 3:36:53] !emotespells on
[7/6/2022 3:40:42] !emotespells on
[7/6/2022 3:45:36] !emotespells on
[7/6/2022 3:50:17] !emotespells on
[7/6/2022 3:55:17] !emotespells on
[7/6/2022 4:0:3] !emotespells on
[7/6/2022 4:5:21] !emotespells on
[7/6/2022 4:9:53] !emotespells on
[7/6/2022 4:14:34] !emotespells on
[7/6/2022 4:19:25] !emotespells on
[7/6/2022 4:23:39] !emotespells on
[7/6/2022 4:28:11] !emotespells on
[7/6/2022 4:32:41] !emotespells on
[7/6/2022 4:37:56] !emotespells on
[7/6/2022 4:43:30] !emotespells on
[7/6/2022 4:47:42] !emotespells on
[7/6/2022 4:51:29] !emotespells on
[7/6/2022 4:55:27] !emotespells on
[7/6/2022 4:59:14] !emotespells on
[7/6/2022 5:17:31] !emotespells on
[7/6/2022 5:22:21] !emotespells on
[7/6/2022 5:26:38] !emotespells on
[7/6/2022 5:51:4] !aol
[7/6/2022 6:17:10] !emotespells on
[7/6/2022 6:23:53] !emotespells on
[7/6/2022 6:32:27] !emotespells on
[7/6/2022 6:36:43] !emotespells on
[7/6/2022 6:41:15] !emotespells on
[7/6/2022 6:45:34] !emotespells on
[7/6/2022 6:53:36] !emotespells on
[7/6/2022 6:59:26] !emotespells on
[7/6/2022 7:3:20] !emotespells on
[7/6/2022 7:7:50] !emotespells on
[7/6/2022 7:15:0] !emotespells on
[7/6/2022 7:18:42] !emotespells on
[7/6/2022 7:23:18] !emotespells on
[7/6/2022 7:28:22] !emotespells on
[7/6/2022 7:33:43] !emotespells on
[7/6/2022 7:38:12] !emotespells on
[7/6/2022 7:42:36] !emotespells on
[7/6/2022 7:46:41] !emotespells on
[7/6/2022 7:51:26] !emotespells on
[7/6/2022 7:55:34] !emotespells on
[7/6/2022 8:0:15] !emotespells on
[7/6/2022 8:5:16] !emotespells on
[7/6/2022 8:11:18] !emotespells on
[7/6/2022 8:15:0] !emotespells on
[7/6/2022 8:19:1] !emotespells on
[7/6/2022 8:23:56] !emotespells on
[7/6/2022 8:27:38] !emotespells on
[7/6/2022 8:31:55] !emotespells on
[7/6/2022 8:36:23] !emotespells on
[7/6/2022 8:41:10] !emotespells on
[7/6/2022 8:47:15] !emotespells on
[7/6/2022 8:50:54] !emotespells on
[7/6/2022 8:55:27] !emotespells on
[7/6/2022 9:37:31] !emotespells on
[7/6/2022 9:41:27] !emotespells on
[7/6/2022 9:46:2] !emotespells on
[7/6/2022 9:50:42] !emotespells on
[7/6/2022 9:54:31] !emotespells on
[7/6/2022 9:59:19] !emotespells on
[7/6/2022 10:5:35] !emotespells on
[7/6/2022 10:9:27] !emotespells on
[7/6/2022 10:13:55] !emotespells on
[7/6/2022 10:18:35] !emotespells on
[7/6/2022 10:22:58] !emotespells on
[7/6/2022 10:27:32] !emotespells on
[7/6/2022 10:32:14] !emotespells on
[7/6/2022 10:37:30] !emotespells on
[7/6/2022 10:42:11] !emotespells on
[7/6/2022 10:46:13] !emotespells on
[7/6/2022 10:51:8] !emotespells on
[7/6/2022 10:55:25] !emotespells on
[7/6/2022 10:59:59] !emotespells on
[7/6/2022 11:4:39] !emotespells on
[7/6/2022 11:9:30] !emotespells on
[7/6/2022 11:14:32] !emotespells on
[7/6/2022 11:18:54] !emotespells on
[7/6/2022 11:23:40] !emotespells on
[7/6/2022 11:28:5] !emotespells on
[7/6/2022 11:32:31] !emotespells on
[7/6/2022 11:36:8] !emotespells on
