[10/2/2022 21:11:20] !rank 
[10/2/2022 21:11:24] !rank levl
[10/2/2022 21:11:34] !rank level
[10/2/2022 21:34:0] !rank distance
[11/2/2022 0:22:41] !rank axe
[11/2/2022 0:23:19] !rank axe
[11/2/2022 4:56:31] !buyhouse
[11/2/2022 4:56:38] aleta sio
[11/2/2022 4:56:52] aleta sio
[11/2/2022 4:57:1] aleta sio
[11/2/2022 4:57:12] aleta som
[11/2/2022 4:57:44] aleta grav
[11/2/2022 4:57:48] alana grav
[11/2/2022 6:26:25] !rank magic
[11/2/2022 10:31:30] !protecthouse
[11/2/2022 10:31:45] !protecthouse off
[11/2/2022 18:8:28] !online
[12/2/2022 15:16:46] !emotespells off
[12/2/2022 15:16:50] !emotespells on
[13/2/2022 23:47:0] !rank magic
[14/2/2022 1:8:26] aleta sio
[14/2/2022 1:8:31] aleta som
[14/2/2022 4:57:9] !rank magic
[14/2/2022 13:43:38] !rank magic
[14/2/2022 15:33:4] !rank magic
[14/2/2022 16:7:48] !rank magic
[14/2/2022 18:17:33] !rank magic
[14/2/2022 21:14:16] !rank magic
[15/2/2022 4:0:53] 
[15/2/2022 5:21:38] 
[15/2/2022 6:43:43] 
[15/2/2022 12:49:55] 
[15/2/2022 13:18:42] 
[15/2/2022 18:12:34] 
[15/2/2022 19:22:19] !rank amgic
[15/2/2022 19:22:23] !rank magic
[15/2/2022 19:27:31] !online
[15/2/2022 19:58:53] 
[15/2/2022 23:54:49] 
[16/2/2022 0:19:41] 
[16/2/2022 0:41:28] !rank magic
[16/2/2022 7:21:34] !serverinfo
[16/2/2022 7:49:39] 
[16/2/2022 12:54:50] 
[17/2/2022 1:56:25] !serverinfo
[17/2/2022 2:40:39] 
[17/2/2022 3:31:1] !frags
[17/2/2022 3:43:41] !online
[18/2/2022 10:52:44] aleta sio
[18/2/2022 10:52:55] aleta sio
[19/2/2022 16:56:14] !addon warmaster
[19/2/2022 16:57:6] !addon summoner
[20/2/2022 3:20:18] 
[23/2/2022 21:12:12] !emotespells
[23/2/2022 21:51:28] !emotespells on
[23/2/2022 23:33:43] !online
[24/2/2022 0:23:30] !rank magic
[24/2/2022 1:34:38] !rank distance
[24/2/2022 1:35:10] !rank distance
[24/2/2022 2:15:47] 
[24/2/2022 2:19:31] !rank magic
[24/2/2022 2:57:16] 
[24/2/2022 3:22:18] !rank magic
[24/2/2022 8:0:22] !online
[26/2/2022 4:49:3] 
[26/2/2022 5:5:14] 
[26/2/2022 5:25:21] 
[26/2/2022 5:40:15] 
[26/2/2022 7:42:17] 
[26/2/2022 8:11:17] 
[26/2/2022 8:17:17] 
[26/2/2022 16:19:19] 
[26/2/2022 16:56:19] 
[26/2/2022 22:4:49] 
[26/2/2022 22:9:49] 
[27/2/2022 5:24:6] 
[2/3/2022 21:1:37] !online
[2/3/2022 21:1:55] !rank magic
[7/3/2022 18:46:59] 
[7/3/2022 19:51:34] !online
[7/3/2022 23:0:16] !online
[8/3/2022 11:29:7] 
[8/3/2022 13:10:3] !online
[9/3/2022 9:30:50] !rank level
[9/3/2022 9:31:56] !online
[9/3/2022 16:37:1] 
[9/3/2022 23:57:51] 
[10/3/2022 0:47:24] !addon warmaster
[10/3/2022 19:39:11] !rank level
[10/3/2022 19:41:42] !online
[10/3/2022 23:44:5] 
