[10/12/2021 20:38:32] !online
[10/12/2021 21:37:47] !aol
[10/12/2021 21:50:31] !online
[10/12/2021 22:19:53] !aol
[10/12/2021 22:19:56] !aol
[10/12/2021 22:19:59] !aol
[10/12/2021 22:20:2] !aol
[10/12/2021 22:20:6] !aol
[10/12/2021 22:20:9] !aol
[10/12/2021 22:20:12] !aol
[10/12/2021 22:20:15] !aol
[10/12/2021 22:20:19] !aol
[10/12/2021 22:20:22] !aol
[10/12/2021 22:20:25] !aol
[10/12/2021 22:20:28] !aol
[10/12/2021 22:20:31] !aol
[10/12/2021 22:20:34] !aol
[10/12/2021 22:20:38] !aol
[10/12/2021 22:20:41] !aol
[10/12/2021 22:20:44] !aol
[10/12/2021 22:20:47] !aol
[10/12/2021 22:20:50] !aol
[10/12/2021 22:20:54] !aol
[10/12/2021 22:20:57] !aol
[10/12/2021 22:21:0] !aol
[10/12/2021 22:21:3] !aol
[10/12/2021 22:21:7] !aol
[10/12/2021 22:21:10] !aol
[10/12/2021 22:21:13] !aol
[10/12/2021 22:21:16] !aol
[10/12/2021 22:21:19] !aol
[10/12/2021 22:21:23] !aol
[10/12/2021 22:21:26] !aol
[10/12/2021 22:21:29] !aol
[10/12/2021 22:21:32] !aol
[10/12/2021 22:21:35] !aol
[10/12/2021 22:21:39] !aol
[10/12/2021 22:21:42] !aol
[10/12/2021 22:21:45] !aol
[10/12/2021 22:21:48] !aol
[10/12/2021 22:21:51] !aol
[10/12/2021 22:21:55] !aol
[10/12/2021 22:21:58] !aol
[10/12/2021 22:22:1] !aol
[10/12/2021 22:22:4] !aol
[10/12/2021 22:22:7] !aol
[10/12/2021 22:22:11] !aol
[10/12/2021 22:22:14] !aol
[10/12/2021 22:22:17] !aol
[10/12/2021 22:22:20] !aol
[10/12/2021 22:22:23] !aol
[10/12/2021 22:22:27] !aol
[10/12/2021 22:22:30] !aol
[10/12/2021 22:22:33] !aol
[10/12/2021 22:22:36] !aol
[10/12/2021 22:22:39] !aol
[10/12/2021 22:22:43] !aol
[10/12/2021 22:22:46] !aol
[10/12/2021 22:22:49] !aol
[10/12/2021 22:22:52] !aol
[10/12/2021 22:22:55] !aol
[10/12/2021 22:22:59] !aol
[10/12/2021 22:23:2] !aol
[10/12/2021 22:23:5] !aol
[10/12/2021 22:23:8] !aol
[10/12/2021 22:23:11] !aol
[10/12/2021 22:23:15] !aol
[10/12/2021 22:23:18] !aol
[10/12/2021 22:23:21] !aol
[10/12/2021 22:23:24] !aol
[10/12/2021 22:23:27] !aol
[10/12/2021 22:23:31] !aol
[10/12/2021 22:23:34] !aol
[10/12/2021 22:23:37] !aol
[10/12/2021 22:23:40] !aol
[10/12/2021 22:23:43] !aol
[10/12/2021 22:23:47] !aol
[10/12/2021 22:23:50] !aol
[10/12/2021 22:23:53] !aol
[10/12/2021 22:23:56] !aol
[10/12/2021 22:24:0] !aol
[10/12/2021 22:24:3] !aol
[10/12/2021 22:24:6] !aol
[10/12/2021 22:24:9] !aol
[10/12/2021 22:24:12] !aol
[10/12/2021 22:24:16] !aol
[10/12/2021 22:24:19] !aol
[10/12/2021 22:24:22] !aol
[10/12/2021 22:24:25] !aol
[10/12/2021 22:24:28] !aol
[10/12/2021 22:24:32] !aol
[10/12/2021 22:24:35] !aol
[10/12/2021 22:24:38] !aol
[10/12/2021 22:24:41] !aol
[10/12/2021 22:24:44] !aol
[10/12/2021 22:24:48] !aol
[10/12/2021 22:24:51] !aol
[10/12/2021 22:24:54] !aol
[10/12/2021 22:24:57] !aol
[10/12/2021 22:25:0] !aol
[10/12/2021 22:25:4] !aol
[10/12/2021 22:25:7] !aol
[10/12/2021 22:25:10] !aol
[10/12/2021 22:25:13] !aol
[10/12/2021 22:25:16] !aol
[10/12/2021 22:25:20] !aol
[10/12/2021 22:25:23] !aol
[10/12/2021 22:25:26] !aol
[10/12/2021 22:25:29] !aol
[10/12/2021 22:25:32] !aol
[10/12/2021 22:25:36] !aol
[10/12/2021 22:25:39] !aol
[10/12/2021 22:25:42] !aol
[10/12/2021 22:25:45] !aol
[10/12/2021 22:25:48] !aol
[10/12/2021 22:25:52] !aol
[10/12/2021 22:25:55] !aol
[10/12/2021 22:25:58] !aol
[10/12/2021 22:26:1] !aol
[10/12/2021 22:26:5] !aol
[10/12/2021 22:26:8] !aol
[10/12/2021 22:26:11] !aol
[10/12/2021 22:26:14] !aol
[10/12/2021 22:26:17] !aol
[10/12/2021 22:26:20] !aol
[10/12/2021 22:26:24] !aol
[10/12/2021 22:26:27] !aol
[10/12/2021 22:26:30] !aol
[10/12/2021 22:26:33] !aol
[10/12/2021 22:26:36] !aol
[10/12/2021 22:26:40] !aol
[10/12/2021 22:26:43] !aol
[10/12/2021 22:26:46] !aol
[10/12/2021 22:26:49] !aol
[10/12/2021 22:26:53] !aol
[10/12/2021 22:26:56] !aol
[10/12/2021 22:26:59] !aol
[10/12/2021 22:27:2] !aol
[10/12/2021 22:27:5] !aol
[10/12/2021 22:27:9] !aol
[10/12/2021 22:27:12] !aol
[10/12/2021 22:27:15] !aol
[10/12/2021 22:27:18] !aol
[10/12/2021 22:27:21] !aol
[10/12/2021 22:27:25] !aol
[10/12/2021 22:27:28] !aol
[10/12/2021 22:27:31] !aol
[10/12/2021 22:27:34] !aol
[10/12/2021 22:27:37] !aol
[10/12/2021 22:27:41] !aol
[10/12/2021 22:27:44] !aol
[10/12/2021 22:27:47] !aol
[10/12/2021 22:27:50] !aol
[10/12/2021 22:27:53] !aol
[10/12/2021 22:27:57] !aol
[10/12/2021 22:28:0] !aol
[10/12/2021 22:28:3] !aol
[10/12/2021 22:28:6] !aol
[10/12/2021 22:28:9] !aol
[10/12/2021 22:28:13] !aol
[10/12/2021 22:28:16] !aol
[10/12/2021 22:28:19] !aol
[10/12/2021 22:28:22] !aol
[10/12/2021 22:28:25] !aol
[10/12/2021 22:28:29] !aol
[10/12/2021 22:28:32] !aol
[10/12/2021 22:28:35] !aol
[10/12/2021 22:28:38] !aol
[10/12/2021 22:28:41] !aol
[10/12/2021 22:28:45] !aol
[10/12/2021 22:28:48] !aol
[10/12/2021 22:28:51] !aol
[10/12/2021 22:28:54] !aol
[10/12/2021 22:28:57] !aol
[10/12/2021 22:29:1] !aol
[10/12/2021 22:29:4] !aol
[10/12/2021 22:29:7] !aol
[10/12/2021 22:29:10] !aol
[10/12/2021 22:29:13] !aol
[10/12/2021 22:29:17] !aol
[10/12/2021 22:29:20] !aol
[10/12/2021 22:29:23] !aol
[10/12/2021 22:29:26] !aol
[10/12/2021 22:29:29] !aol
[10/12/2021 22:29:33] !aol
[10/12/2021 22:29:36] !aol
[10/12/2021 22:29:39] !aol
[10/12/2021 22:29:42] !aol
[10/12/2021 22:29:45] !aol
[10/12/2021 22:29:49] !aol
[10/12/2021 22:29:52] !aol
[10/12/2021 22:29:55] !aol
[10/12/2021 22:29:58] !aol
[10/12/2021 22:30:2] !aol
[10/12/2021 22:30:5] !aol
[10/12/2021 22:30:8] !aol
[10/12/2021 22:30:11] !aol
[10/12/2021 22:30:14] !aol
[10/12/2021 22:30:18] !aol
[10/12/2021 22:30:21] !aol
[10/12/2021 22:30:24] !aol
[10/12/2021 22:30:27] !aol
[10/12/2021 22:30:30] !aol
[10/12/2021 22:30:34] !aol
[10/12/2021 22:30:37] !aol
[10/12/2021 22:30:40] !aol
[10/12/2021 22:30:43] !aol
[10/12/2021 22:30:46] !aol
[10/12/2021 22:30:50] !aol
[10/12/2021 22:30:53] !aol
[10/12/2021 22:30:56] !aol
[10/12/2021 22:30:59] !aol
[10/12/2021 22:31:2] !aol
[10/12/2021 22:31:6] !aol
[10/12/2021 22:31:9] !aol
[10/12/2021 22:31:12] !aol
[10/12/2021 22:31:15] !aol
[10/12/2021 22:31:18] !aol
[10/12/2021 22:31:22] !aol
[10/12/2021 22:31:25] !aol
[10/12/2021 22:31:28] !aol
[10/12/2021 22:31:31] !aol
[10/12/2021 22:31:34] !aol
[10/12/2021 22:31:38] !aol
[10/12/2021 22:31:41] !aol
[10/12/2021 22:31:44] !aol
[10/12/2021 22:31:47] !aol
[10/12/2021 22:31:51] !aol
[10/12/2021 22:31:54] !aol
[10/12/2021 22:31:57] !aol
[10/12/2021 22:32:0] !aol
[10/12/2021 22:32:3] !aol
[10/12/2021 22:32:7] !aol
[10/12/2021 22:32:10] !aol
[10/12/2021 22:32:13] !aol
[10/12/2021 22:32:16] !aol
[10/12/2021 22:32:19] !aol
[10/12/2021 22:32:23] !aol
[10/12/2021 22:32:26] !aol
[10/12/2021 22:32:29] !aol
[10/12/2021 22:32:32] !aol
[10/12/2021 22:32:35] !aol
[10/12/2021 22:32:38] !aol
[10/12/2021 22:32:42] !aol
[10/12/2021 22:32:45] !aol
[10/12/2021 22:32:48] !aol
[10/12/2021 22:32:51] !aol
[10/12/2021 22:32:55] !aol
[10/12/2021 22:32:58] !aol
[10/12/2021 22:33:1] !aol
[10/12/2021 22:33:4] !aol
[10/12/2021 22:33:7] !aol
[10/12/2021 22:33:11] !aol
[10/12/2021 22:33:14] !aol
[10/12/2021 22:33:17] !aol
[10/12/2021 22:33:20] !aol
[10/12/2021 22:33:23] !aol
[10/12/2021 22:33:27] !aol
[10/12/2021 22:33:30] !aol
[10/12/2021 22:33:33] !aol
[10/12/2021 22:33:36] !aol
[10/12/2021 22:33:39] !aol
[10/12/2021 22:33:43] !aol
[10/12/2021 22:33:46] !aol
[10/12/2021 22:33:49] !aol
[10/12/2021 22:33:52] !aol
[10/12/2021 22:33:55] !aol
[10/12/2021 22:33:59] !aol
[10/12/2021 22:34:2] !aol
[10/12/2021 22:34:5] !aol
[10/12/2021 22:34:8] !aol
[10/12/2021 22:34:12] !aol
[10/12/2021 22:34:15] !aol
[10/12/2021 22:34:18] !aol
[10/12/2021 22:34:21] !aol
[10/12/2021 22:34:24] !aol
[10/12/2021 22:34:27] !aol
[10/12/2021 22:34:31] !aol
[10/12/2021 22:34:34] !aol
[10/12/2021 22:34:37] !aol
[10/12/2021 22:34:40] !aol
[10/12/2021 22:34:44] !aol
[10/12/2021 22:34:47] !aol
[10/12/2021 22:34:50] !aol
[10/12/2021 22:34:53] !aol
[10/12/2021 22:34:56] !aol
[10/12/2021 22:35:0] !aol
[10/12/2021 22:35:3] !aol
[10/12/2021 22:35:7] !aol
[10/12/2021 22:35:9] !aol
[10/12/2021 22:35:12] !aol
[10/12/2021 22:35:16] !aol
[10/12/2021 22:35:19] !aol
[10/12/2021 22:35:22] !aol
[10/12/2021 22:35:25] !aol
[10/12/2021 22:35:28] !aol
[10/12/2021 22:35:32] !aol
[10/12/2021 22:35:35] !aol
[10/12/2021 22:35:38] !aol
[10/12/2021 22:35:41] !aol
[10/12/2021 22:35:44] !aol
[10/12/2021 22:35:48] !aol
[10/12/2021 22:35:51] !aol
[10/12/2021 22:35:54] !aol
[10/12/2021 22:35:57] !aol
[10/12/2021 22:36:0] !aol
[10/12/2021 22:36:4] !aol
[10/12/2021 22:36:7] !aol
[10/12/2021 22:36:10] !aol
[10/12/2021 22:36:13] !aol
[10/12/2021 22:36:16] !aol
[10/12/2021 22:36:20] !aol
[10/12/2021 22:36:23] !aol
[10/12/2021 22:36:26] !aol
[10/12/2021 22:36:29] !aol
[10/12/2021 22:36:32] !aol
[10/12/2021 22:36:36] !aol
[10/12/2021 22:36:39] !aol
[10/12/2021 22:36:42] !aol
[10/12/2021 22:36:45] !aol
[10/12/2021 22:36:48] !aol
[10/12/2021 22:36:52] !aol
[10/12/2021 22:36:55] !aol
[10/12/2021 22:36:58] !aol
[10/12/2021 22:37:1] !aol
[10/12/2021 22:37:4] !aol
[10/12/2021 22:37:8] !aol
[10/12/2021 22:37:11] !aol
[10/12/2021 22:37:14] !aol
[10/12/2021 22:37:17] !aol
[10/12/2021 22:37:20] !aol
[10/12/2021 22:37:24] !aol
[10/12/2021 22:37:27] !aol
[10/12/2021 22:37:30] !aol
[10/12/2021 22:37:33] !aol
[10/12/2021 22:37:36] !aol
[10/12/2021 22:37:40] !aol
[10/12/2021 22:37:43] !aol
[10/12/2021 22:37:46] !aol
[10/12/2021 22:37:49] !aol
[10/12/2021 22:37:53] !aol
[10/12/2021 22:37:56] !aol
[10/12/2021 22:37:59] !aol
[10/12/2021 22:38:2] !aol
[10/12/2021 22:38:5] !aol
[10/12/2021 22:38:9] !aol
[10/12/2021 22:38:12] !aol
[10/12/2021 22:38:15] !aol
[10/12/2021 22:38:18] !aol
[10/12/2021 22:38:21] !aol
[10/12/2021 22:38:25] !aol
[10/12/2021 22:38:28] !aol
[10/12/2021 22:38:31] !aol
[10/12/2021 22:38:34] !aol
[10/12/2021 22:38:37] !aol
[10/12/2021 22:38:41] !aol
[10/12/2021 22:38:44] !aol
[10/12/2021 22:38:47] !aol
[10/12/2021 22:38:50] !aol
[10/12/2021 22:38:53] !aol
[10/12/2021 22:38:57] !aol
[10/12/2021 22:39:0] !aol
[10/12/2021 22:39:3] !aol
[10/12/2021 22:39:6] !aol
[10/12/2021 22:39:9] !aol
[10/12/2021 22:39:13] !aol
[11/12/2021 2:29:37] !online
[23/12/2021 5:6:53] !emotespells
[23/12/2021 5:6:57] !emotespells on
[23/2/2022 20:1:53] !emotespells on
[24/2/2022 9:34:11] !online
[24/2/2022 9:36:9] !rank sword
[24/2/2022 9:36:17] !rank magic
[24/2/2022 13:1:38] !buyhouse
[25/2/2022 10:37:23] !frags
[25/2/2022 11:2:26] !frags
[25/2/2022 13:13:15] !rank magic
[25/2/2022 17:47:35] !rank sword
[26/2/2022 12:50:33] !rank magic
[26/2/2022 12:50:40] !rank sword
[26/2/2022 12:50:51] !online
[27/2/2022 10:15:9] !frags
[27/2/2022 10:36:36] !frags
[27/2/2022 10:58:22] !frags
[27/2/2022 11:17:37] !frags
[27/2/2022 11:23:42] !frags
[27/2/2022 11:32:27] !frags
[27/2/2022 11:34:56] !frags
[27/2/2022 15:24:22] !rank magic
[28/2/2022 1:14:20] !rank magic
[28/2/2022 1:14:36] !rank sword
[28/2/2022 1:15:0] !online
[28/2/2022 12:40:43] !rank magic
[28/2/2022 13:26:16] !frags
[28/2/2022 13:42:4] !rank sword
[28/2/2022 14:0:52] !frags
[28/2/2022 18:18:43] !rank magic
[1/3/2022 8:17:49] !rank magic
[1/3/2022 16:39:57] !rank magic
[1/3/2022 23:37:9] !rank magic
[2/3/2022 8:45:50] !frags
[2/3/2022 9:0:32] !frags
[2/3/2022 9:7:42] !frags
[2/3/2022 9:31:50] !frags
[2/3/2022 9:50:1] !frags
[2/3/2022 9:50:55] !frags
[2/3/2022 10:0:9] !frags
[2/3/2022 10:9:32] !frags
[3/3/2022 17:31:43] !rank magic
[3/3/2022 22:7:8] !rank magic
[3/3/2022 22:7:48] !rank magic
[4/3/2022 9:5:32] !online
[4/3/2022 9:35:59] !frags
[4/3/2022 9:42:59] !frags
[4/3/2022 9:58:8] !frags
[4/3/2022 10:8:19] !online
[4/3/2022 10:17:7] !frags
[4/3/2022 13:18:29] !rank magic
[4/3/2022 13:57:56] !online
[4/3/2022 17:51:15] !frags
[4/3/2022 17:51:18] !online
[5/3/2022 0:23:54] !rank magic
[5/3/2022 0:24:2] !rank sword
[5/3/2022 0:28:9] !online
[5/3/2022 11:36:36] !rank level
