[12/2/2022 11:57:46] !serverinfo
[12/2/2022 11:58:21] !serverinfo
[12/2/2022 12:24:52] !emotespells on
[12/2/2022 12:29:16] !rank club
[12/2/2022 12:37:28] !rank club
[12/2/2022 13:11:57] !rank club
[12/2/2022 13:20:43] !rank club
[12/2/2022 13:45:47] !emotespells off
[12/2/2022 14:3:30] !emotespells on
[12/2/2022 15:17:33] !serverinfo
[12/2/2022 16:7:43] !rank club
[12/2/2022 16:7:56] !rank club
[12/2/2022 17:28:7] !rank club
[12/2/2022 17:28:19] !rank sword
[12/2/2022 19:18:58] !rank club
[12/2/2022 23:52:0] !rank club
[13/2/2022 9:18:44] !rank club
[13/2/2022 14:3:2] !rank
[13/2/2022 14:3:7] !rank shield
[13/2/2022 14:3:37] !rank level
[13/2/2022 22:43:36] !rank club
[14/2/2022 7:45:6] !rank club
[14/2/2022 7:45:13] !rank club
[14/2/2022 7:53:53] !serverinfo
[14/2/2022 17:5:12] !rank club
[15/2/2022 7:41:4] !rank club
[15/2/2022 10:6:55] !rank level
[15/2/2022 10:7:3] !rank club
[15/2/2022 14:26:9] !online
[16/2/2022 7:43:16] !rank club
[16/2/2022 7:43:24] !rank club
[18/2/2022 20:11:49] !rank club
[18/2/2022 22:32:37] !rank club
[24/2/2022 14:9:39] !buyhouse
[24/2/2022 14:35:47] !aol
[24/2/2022 15:12:7] !aol
[24/2/2022 15:12:19] 
[24/2/2022 15:12:46] !aol
[24/2/2022 15:38:53] !aol
[24/2/2022 23:42:44] !frags
[25/2/2022 10:36:24] 
[25/2/2022 10:38:24] 
[25/2/2022 20:51:48] !serverinfo
[26/2/2022 17:10:30] !buyhouse
[26/2/2022 17:37:32] !online
