[31/5/2022 21:13:22] 
[1/6/2022 8:40:7] !tradeoff add, pharaot rod
[1/6/2022 8:40:35] !tradeoff add, pharaot golden bow
[1/6/2022 8:40:39] !tradeoff add, pharaot golden bow
[1/6/2022 8:40:53] !tradeoff add, Pharaot Golden Bow
[1/6/2022 8:40:57] !tradeoff add, Pharaot Golden Bow
[1/6/2022 8:41:14] !tradeoff add, Pharaot Bow
[1/6/2022 15:41:30] 
[1/6/2022 16:52:53] !tradeoff remove,53
[1/6/2022 16:52:57] !tradeoff remove, 54
[1/6/2022 16:53:53] !tradeoff add, Pharaot Golden Bow
[1/6/2022 16:53:57] !tradeoff add, Pharaot Gold Bow
[1/6/2022 16:54:7] !tradeoff add, Pharaot ice Bow
[1/6/2022 16:55:26] !tradeoff add, Pharaot Bow
[1/6/2022 16:56:18] !emotespells on
[1/6/2022 17:4:23] 
[1/6/2022 18:16:48] !tradeoff remove,60
[1/6/2022 18:17:41] !tradeoff add, golden bow
[2/6/2022 8:14:36] !tradeoff remove, 64
[2/6/2022 8:15:28] !tradeoff add, golden bow
