[31/5/2022 19:37:17] !online
[31/5/2022 20:32:51] !aol
[31/5/2022 21:45:22] !aol
[31/5/2022 21:55:16] !aol
[31/5/2022 22:0:23] !frags
[31/5/2022 22:18:16] !emotespells on
[1/6/2022 12:28:31] !online
[1/6/2022 13:55:14] !online
[1/6/2022 20:38:24] !online
[2/6/2022 18:38:12] !frags
[2/6/2022 19:22:26] !online
[2/6/2022 19:49:10] !tradeoff buy, 77
[2/6/2022 21:50:54] !frags
[2/6/2022 22:5:44] !frags
[2/6/2022 22:7:58] !frags
[2/6/2022 22:10:11] !frags
[2/6/2022 22:13:8] !frags
[2/6/2022 22:18:34] !frags
[2/6/2022 22:22:20] !frags
[3/6/2022 8:40:59] !tradeoff add, ItemTradeexana flam
[3/6/2022 10:4:46] !rank distance
[3/6/2022 10:16:37] !frags
[3/6/2022 21:15:8] !frags
[3/6/2022 22:12:50] !emotespells on
[3/6/2022 22:16:9] !emotespells on
[3/6/2022 22:23:27] !emotespells on
[3/6/2022 22:26:39] !emotespells on
[4/6/2022 11:52:41] !emotespells on
[4/6/2022 12:3:10] !emotespells on
[4/6/2022 12:4:29] !emotespells on
[4/6/2022 12:14:6] !emotespells on
[4/6/2022 12:19:59] !emotespells on
[4/6/2022 12:25:56] !emotespells on
[4/6/2022 12:31:55] !emotespells on
[4/6/2022 12:38:14] !emotespells on
[4/6/2022 12:44:51] !emotespells on
[4/6/2022 12:51:27] !emotespells on
[4/6/2022 12:57:57] !emotespells on
[4/6/2022 13:4:5] !emotespells on
[4/6/2022 13:9:52] !emotespells on
[4/6/2022 13:16:38] !emotespells on
[4/6/2022 13:23:50] !emotespells on
[4/6/2022 13:28:18] !emotespells on
[4/6/2022 13:35:33] !emotespells on
[4/6/2022 13:42:52] !emotespells on
[4/6/2022 13:50:43] !emotespells on
[4/6/2022 13:57:6] !emotespells on
[4/6/2022 13:57:31] !emotespells on
[4/6/2022 13:57:55] !emotespells on
[4/6/2022 13:58:45] !emotespells on
[4/6/2022 13:59:9] !emotespells on
[4/6/2022 13:59:34] !emotespells on
[4/6/2022 13:59:59] !emotespells on
[4/6/2022 14:0:24] !emotespells on
[4/6/2022 14:0:48] !emotespells on
[4/6/2022 14:5:2] !emotespells on
[4/6/2022 14:11:55] !emotespells on
[4/6/2022 14:19:3] !emotespells on
[4/6/2022 14:23:46] !emotespells on
[4/6/2022 14:33:1] !emotespells on
[4/6/2022 14:39:0] !emotespells on
[4/6/2022 14:44:35] !emotespells on
[4/6/2022 14:51:42] !emotespells on
[4/6/2022 14:58:27] !emotespells on
[4/6/2022 15:3:49] !emotespells on
[4/6/2022 15:8:19] !emotespells on
[4/6/2022 15:8:44] !emotespells on
[4/6/2022 15:9:9] !emotespells on
[4/6/2022 15:9:34] !emotespells on
[4/6/2022 15:9:59] !emotespells on
[4/6/2022 15:10:24] !emotespells on
[4/6/2022 15:10:49] !emotespells on
[4/6/2022 15:11:14] !emotespells on
[4/6/2022 15:11:39] !emotespells on
[4/6/2022 15:12:4] !emotespells on
[4/6/2022 15:12:29] !emotespells on
[4/6/2022 15:12:54] !emotespells on
[4/6/2022 15:13:19] !emotespells on
[4/6/2022 15:13:44] !emotespells on
[4/6/2022 15:14:9] !emotespells on
[4/6/2022 15:14:34] !emotespells on
[4/6/2022 15:14:59] !emotespells on
[4/6/2022 15:15:24] !emotespells on
[4/6/2022 15:15:49] !emotespells on
[4/6/2022 15:16:14] !emotespells on
[4/6/2022 15:16:39] !emotespells on
[4/6/2022 15:17:4] !emotespells on
[4/6/2022 15:17:29] !emotespells on
[4/6/2022 15:17:54] !emotespells on
[4/6/2022 15:18:18] !emotespells on
[4/6/2022 15:25:30] !emotespells on
[4/6/2022 15:30:44] !emotespells on
[4/6/2022 15:35:50] !emotespells on
[4/6/2022 15:42:9] !emotespells on
[4/6/2022 15:48:10] !emotespells on
[4/6/2022 15:54:56] !emotespells on
[4/6/2022 16:2:21] !emotespells on
[4/6/2022 16:8:41] !emotespells on
[4/6/2022 16:19:2] !emotespells on
[4/6/2022 16:25:57] !emotespells on
[4/6/2022 16:31:48] !emotespells on
[4/6/2022 16:38:3] !emotespells on
[4/6/2022 16:43:17] !emotespells on
[4/6/2022 16:49:20] !emotespells on
[4/6/2022 16:55:25] !emotespells on
[4/6/2022 17:2:22] !emotespells on
[4/6/2022 17:7:44] !emotespells on
[4/6/2022 17:8:21] !emotespells on
[4/6/2022 17:15:37] !emotespells on
[4/6/2022 17:18:31] !online
[4/6/2022 17:22:32] !emotespells on
[4/6/2022 17:28:24] !emotespells on
[4/6/2022 17:34:34] !emotespells on
[4/6/2022 17:40:48] !emotespells on
[4/6/2022 17:42:33] !emotespells on
[4/6/2022 17:50:16] !emotespells on
[4/6/2022 17:56:14] !emotespells on
[4/6/2022 18:3:10] !emotespells on
[4/6/2022 19:12:55] !emotespells on
[4/6/2022 23:1:43] !online
[5/6/2022 10:3:31] !frags
[5/6/2022 11:21:6] !rank magic
[5/6/2022 12:13:25] !frags
[5/6/2022 14:47:48] !online
[5/6/2022 15:35:46] !frags
[5/6/2022 16:7:33] !frags
[5/6/2022 20:33:54] !frags
[5/6/2022 20:43:31] !online
[6/6/2022 1:35:7] !frags
[6/6/2022 21:38:39] !frags
[6/6/2022 22:57:10] !online
[8/6/2022 21:5:59] !rank magic
[9/6/2022 9:24:0] !online
