[14/12/2021 17:11:20] !online
[14/12/2021 17:14:29] !serverinfo
[14/12/2021 17:16:7] !serverinfo
[14/12/2021 20:10:5] !serverinfo
[15/12/2021 13:27:42] !online
[15/12/2021 14:9:18] !serverinfo
[15/12/2021 17:26:1] !online
[15/12/2021 19:38:47] !online
[15/12/2021 19:48:0] !frags
[15/12/2021 19:50:53] !online
[15/12/2021 20:30:32] !frags
[15/12/2021 21:12:45] !frags
[15/12/2021 21:12:50] !online
[16/12/2021 10:57:8] !online
[16/12/2021 11:5:46] !frags
[16/12/2021 11:6:3] !frags
[16/12/2021 11:7:49] !frags
[16/12/2021 11:20:57] !frags
[16/12/2021 11:21:7] !frags
[16/12/2021 11:25:47] !frags
[16/12/2021 11:43:54] !online
[16/12/2021 12:31:16] !rank level
[16/12/2021 12:31:37] !serverinfo
[16/12/2021 13:34:0] !frags
[16/12/2021 14:38:13] !online
[16/12/2021 15:48:39] !frags
[16/12/2021 15:49:58] !guildpoints
[16/12/2021 17:11:41] !frags
[16/12/2021 17:37:1] !frags
[16/12/2021 21:52:52] !serverinfo
[16/12/2021 22:12:1] !serverinfo
[17/12/2021 9:46:0] !online
[17/12/2021 13:24:59] !serverinfo
[17/12/2021 15:54:29] !frags
[20/12/2021 20:39:44] !online
[20/12/2021 20:45:33] !online
[20/12/2021 20:52:38] !frags
[20/12/2021 22:1:31] !online
[20/12/2021 22:48:28] !online
[20/12/2021 23:1:17] !online
[20/12/2021 23:5:5] !serverinfo
[20/12/2021 23:5:29] !online
[22/12/2021 13:23:21] !online
[22/12/2021 13:26:48] !online
[22/12/2021 14:6:58] !frags
[22/12/2021 14:27:31] !frags
[22/12/2021 14:37:42] !frags
[22/12/2021 15:29:41] !online
[22/12/2021 15:47:5] !frags
[22/12/2021 15:48:8] !frags
[22/12/2021 15:48:11] !online
[22/12/2021 15:48:58] !frags
[22/12/2021 15:51:16] !frags
[22/12/2021 16:7:19] !online
[22/12/2021 16:15:51] !frags
[22/12/2021 16:15:56] !online
[23/12/2021 20:11:45] !online
[23/12/2021 23:47:10] !online
[23/12/2021 23:57:20] !online
[24/12/2021 0:14:59] !online
