[10/2/2022 20:15:48] !aol
[10/2/2022 20:32:51] !aol
[10/2/2022 21:11:4] !online
[10/2/2022 21:30:16] !aol
[10/2/2022 21:48:53] !aol
[10/2/2022 21:50:52] !online
[10/2/2022 21:54:18] !online
[10/2/2022 22:2:19] !aol
[10/2/2022 22:4:4] !online
[10/2/2022 22:8:21] !online
[11/2/2022 9:51:36] !online
[11/2/2022 9:53:46] !emotespells on
[11/2/2022 10:26:37] !online
[11/2/2022 13:5:18] !online
[11/2/2022 15:2:14] !online
[11/2/2022 19:18:46] !online
[12/2/2022 21:54:55] !frags
[13/2/2022 11:34:12] !frags
[14/2/2022 10:10:8] !online
[14/2/2022 13:39:43] !online
[14/2/2022 15:10:26] !addon summoner
[14/2/2022 19:2:5] !online
[14/2/2022 21:27:44] !online
[15/2/2022 11:12:28] !online
[15/2/2022 23:9:47] !addon warrior
[16/2/2022 10:9:59] !online
[16/2/2022 13:4:59] !online
[16/2/2022 13:59:33] !online
[16/2/2022 20:50:52] !online
[16/2/2022 23:22:47] !addon barbarian
[17/2/2022 10:30:26] !online
[17/2/2022 14:9:42] !addon hunter
[17/2/2022 15:1:52] !online
[17/2/2022 18:38:11] !frags
[17/2/2022 18:59:53] !frags
[18/2/2022 10:52:55] !online
[18/2/2022 17:31:33] !online
[19/2/2022 14:10:56] !online
[19/2/2022 17:12:37] !online
[19/2/2022 18:21:26] !online
[19/2/2022 21:28:33] !eject
[19/2/2022 21:28:35] !eject
[19/2/2022 21:28:41] !eject
[19/2/2022 21:28:48] !eject
[19/2/2022 21:28:50] !eject
[19/2/2022 21:28:53] !eject
[19/2/2022 21:29:4] !eject
[19/2/2022 21:29:7] !buyhouse
[19/2/2022 21:29:32] !eject
[19/2/2022 21:29:44] !eject
[19/2/2022 21:29:48] !eject
[20/2/2022 10:14:2] !online
[20/2/2022 20:50:24] !online
[20/2/2022 22:12:11] !online
[20/2/2022 22:18:18] !online
[20/2/2022 22:23:20] !online
[20/2/2022 23:25:35] !online
[21/2/2022 13:55:50] !online
