[11/2/2022 20:29:19] !aol
[12/2/2022 1:33:32] !aol
[12/2/2022 1:40:4] !aol
[13/2/2022 20:50:34] !guildpoints
[13/2/2022 21:34:38] !guildpoints
[19/2/2022 1:45:35] !addon assassin
[23/2/2022 22:38:23] !guildpoints
[23/2/2022 22:38:29] !guildpoints
[24/2/2022 0:57:47] !guildpoints
[24/2/2022 18:23:21] !guildpoints
[24/2/2022 22:42:24] !guildpoints
[25/2/2022 22:28:43] !addon barbarian
[27/2/2022 13:21:50] !online
[1/6/2022 1:52:0] !aol
[1/6/2022 1:59:7] !aol
[1/6/2022 2:19:43] !aol
[1/6/2022 14:52:18] !aol
[1/6/2022 14:52:24] !aol
[1/6/2022 15:15:37] !aol
[1/6/2022 15:31:40] !aol
[2/6/2022 12:27:34] !aol
[2/6/2022 12:27:59] !emotespells on
[2/6/2022 12:33:53] !emotespells on
[2/6/2022 12:40:59] !emotespells on
[2/6/2022 12:48:17] !emotespells on
[2/6/2022 12:55:17] !emotespells on
[2/6/2022 13:2:3] !emotespells on
[2/6/2022 13:8:32] !emotespells on
[2/6/2022 13:15:15] !emotespells on
[2/6/2022 13:20:51] !emotespells on
[2/6/2022 13:27:49] !emotespells on
[2/6/2022 13:34:23] !emotespells on
[2/6/2022 13:39:41] !emotespells on
[2/6/2022 13:46:4] !emotespells on
[2/6/2022 13:52:50] !emotespells on
[2/6/2022 13:59:23] !emotespells on
[2/6/2022 14:7:14] !emotespells on
[2/6/2022 14:15:58] !emotespells on
[2/6/2022 14:22:19] !emotespells on
[2/6/2022 14:29:32] !emotespells on
[2/6/2022 14:48:51] !guildpoints
[3/6/2022 12:58:8] !aol
[3/6/2022 21:33:27] !aol
[3/6/2022 21:35:2] !emotespells on
[3/6/2022 21:45:33] !emotespells on
[3/6/2022 21:52:59] !emotespells on
[3/6/2022 21:59:31] !emotespells on
[3/6/2022 22:7:22] !emotespells on
[3/6/2022 22:15:10] !emotespells on
[3/6/2022 22:21:50] !emotespells on
[3/6/2022 22:28:7] !emotespells on
[5/6/2022 19:52:43] !aol
[5/6/2022 20:20:36] !emotespells on
[5/6/2022 20:26:11] !aol
[5/6/2022 20:26:14] !aol
[5/6/2022 20:26:18] !aol
[5/6/2022 20:26:24] !aol
[5/6/2022 20:26:27] !aol
[5/6/2022 20:26:30] !aol
[5/6/2022 20:26:34] !aol
[5/6/2022 20:26:37] !aol
[5/6/2022 20:26:40] !aol
[5/6/2022 20:26:43] !aol
[5/6/2022 20:26:47] !aol
[5/6/2022 20:26:50] !aol
[5/6/2022 20:26:53] !aol
[5/6/2022 20:26:56] !aol
[5/6/2022 20:26:59] !aol
[5/6/2022 20:27:3] !aol
[5/6/2022 20:27:6] !aol
[5/6/2022 20:27:9] !aol
[5/6/2022 20:27:12] !aol
[5/6/2022 20:27:15] !aol
[5/6/2022 20:27:18] !aol
[5/6/2022 20:27:22] !aol
[5/6/2022 20:27:25] !aol
[5/6/2022 20:27:28] !aol
[5/6/2022 20:27:31] !aol
[5/6/2022 20:27:34] !aol
[5/6/2022 20:27:38] !aol
[5/6/2022 20:27:41] !aol
[5/6/2022 20:27:44] !aol
[5/6/2022 20:27:47] !aol
[5/6/2022 20:27:51] !aol
[5/6/2022 20:27:54] !aol
[5/6/2022 20:27:57] !aol
[5/6/2022 20:28:0] !aol
[5/6/2022 20:28:3] !aol
[5/6/2022 20:28:7] !aol
[5/6/2022 20:28:10] !aol
[5/6/2022 20:28:13] !aol
[5/6/2022 20:28:16] !aol
[5/6/2022 20:28:19] !aol
[5/6/2022 20:28:23] !aol
[5/6/2022 20:28:26] !aol
[5/6/2022 20:28:29] !aol
[5/6/2022 20:28:32] !aol
[5/6/2022 20:28:35] !aol
[5/6/2022 20:28:39] !aol
[5/6/2022 20:28:42] !aol
[5/6/2022 20:28:45] !aol
[5/6/2022 20:28:48] !aol
[5/6/2022 20:28:51] !aol
[5/6/2022 20:28:55] !aol
[5/6/2022 20:28:58] !aol
[5/6/2022 20:29:1] !aol
[5/6/2022 20:29:4] !aol
[5/6/2022 20:29:7] !aol
[5/6/2022 20:29:11] !aol
[5/6/2022 20:29:14] !aol
[5/6/2022 20:29:17] !aol
[5/6/2022 20:29:20] !aol
[5/6/2022 20:29:23] !aol
[5/6/2022 20:29:27] !aol
[5/6/2022 20:29:30] !aol
[5/6/2022 20:29:33] !aol
[5/6/2022 20:29:36] !aol
[5/6/2022 20:29:39] !aol
[5/6/2022 20:29:43] !aol
[5/6/2022 20:29:46] !aol
[5/6/2022 20:29:49] !aol
[5/6/2022 20:29:52] !aol
[5/6/2022 20:29:55] !aol
[5/6/2022 20:29:59] !aol
[5/6/2022 20:30:2] !aol
[5/6/2022 20:30:5] !aol
[5/6/2022 20:30:8] !aol
[5/6/2022 20:30:11] !aol
[5/6/2022 20:30:15] !aol
[5/6/2022 20:30:18] !aol
[5/6/2022 20:30:21] !aol
[5/6/2022 20:30:24] !aol
[5/6/2022 20:30:28] !aol
[5/6/2022 20:30:31] !aol
[5/6/2022 20:30:34] !aol
[5/6/2022 20:30:37] !aol
[5/6/2022 20:30:44] !aol
[5/6/2022 20:30:47] !aol
[5/6/2022 20:30:50] !aol
[5/6/2022 20:30:53] !aol
[5/6/2022 20:30:56] !aol
[5/6/2022 20:31:0] !aol
[5/6/2022 20:31:3] !aol
[5/6/2022 20:31:6] !aol
[5/6/2022 20:31:9] !aol
[5/6/2022 20:31:12] !aol
[5/6/2022 20:31:16] !aol
[5/6/2022 20:31:19] !aol
[5/6/2022 20:31:22] !aol
[5/6/2022 20:31:25] !aol
[5/6/2022 20:31:28] !aol
[5/6/2022 20:31:32] !aol
[5/6/2022 20:31:35] !aol
[5/6/2022 20:31:38] !aol
[5/6/2022 20:31:41] !aol
[5/6/2022 20:31:44] !aol
[5/6/2022 20:31:48] !aol
[5/6/2022 20:31:51] !aol
[5/6/2022 20:31:54] !aol
[5/6/2022 20:31:57] !aol
[5/6/2022 20:32:0] !aol
[5/6/2022 20:32:4] !aol
[5/6/2022 20:32:7] !aol
[5/6/2022 20:32:10] !aol
[5/6/2022 20:32:13] !aol
[5/6/2022 20:32:16] !aol
[5/6/2022 20:32:20] !aol
[5/6/2022 20:32:23] !aol
[5/6/2022 20:32:26] !aol
[5/6/2022 20:32:29] !aol
[5/6/2022 20:32:32] !aol
[5/6/2022 20:32:36] !aol
[5/6/2022 20:32:39] !aol
[5/6/2022 20:32:42] !aol
[5/6/2022 20:32:45] !aol
[5/6/2022 20:32:48] !aol
[5/6/2022 20:32:52] !aol
[5/6/2022 20:32:55] !aol
[5/6/2022 20:32:58] !aol
[5/6/2022 20:33:1] !aol
[5/6/2022 20:33:4] !aol
[5/6/2022 20:33:8] !aol
[5/6/2022 20:33:11] !aol
[5/6/2022 20:33:16] !emotespells on
[5/6/2022 20:33:20] !aol
[5/6/2022 20:33:24] !aol
[5/6/2022 20:33:27] !aol
[5/6/2022 20:33:30] !aol
[5/6/2022 20:33:33] !aol
[5/6/2022 20:33:37] !aol
[5/6/2022 20:33:40] !aol
[5/6/2022 20:33:43] !aol
[5/6/2022 20:33:46] !aol
[5/6/2022 20:33:49] !aol
[5/6/2022 20:33:53] !aol
[5/6/2022 20:33:56] !aol
[5/6/2022 20:33:59] !aol
[5/6/2022 20:34:2] !aol
[5/6/2022 20:34:5] !aol
[5/6/2022 20:34:9] !aol
[5/6/2022 20:34:12] !aol
[5/6/2022 20:34:15] !aol
[5/6/2022 20:34:18] !aol
[5/6/2022 20:34:21] !aol
[5/6/2022 20:34:25] !aol
[5/6/2022 20:34:28] !aol
[5/6/2022 20:34:31] !aol
[5/6/2022 20:34:34] !aol
[5/6/2022 20:34:37] !aol
[5/6/2022 20:34:41] !aol
[5/6/2022 20:34:44] !aol
[5/6/2022 20:34:47] !aol
[5/6/2022 20:34:50] !aol
[5/6/2022 20:34:53] !aol
[5/6/2022 20:34:57] !aol
[5/6/2022 20:35:0] !aol
[5/6/2022 20:35:3] !aol
[5/6/2022 20:35:6] !aol
[5/6/2022 20:35:9] !aol
[5/6/2022 20:35:13] !aol
[5/6/2022 20:35:16] !aol
[5/6/2022 20:35:19] !aol
[5/6/2022 20:35:22] !aol
[5/6/2022 20:35:25] !aol
[5/6/2022 20:35:29] !aol
[5/6/2022 20:35:32] !aol
[5/6/2022 20:35:35] !aol
[5/6/2022 20:35:38] !aol
[5/6/2022 20:35:41] !aol
[5/6/2022 20:35:45] !aol
[5/6/2022 20:35:48] !aol
[5/6/2022 20:35:51] !aol
[5/6/2022 20:35:54] !aol
[5/6/2022 20:35:57] !aol
[5/6/2022 20:36:1] !aol
[5/6/2022 20:36:4] !aol
[5/6/2022 20:36:7] !aol
[5/6/2022 20:36:10] !aol
[5/6/2022 20:36:13] !aol
[5/6/2022 20:36:17] !aol
[5/6/2022 20:36:20] !aol
[5/6/2022 20:36:23] !aol
[5/6/2022 20:36:26] !aol
[5/6/2022 20:36:29] !aol
[5/6/2022 20:36:33] !aol
[5/6/2022 20:36:36] !aol
[5/6/2022 20:36:39] !aol
[5/6/2022 20:36:42] !aol
[5/6/2022 20:36:45] !aol
[5/6/2022 20:36:49] !aol
[5/6/2022 20:36:52] !aol
[5/6/2022 20:36:55] !aol
[5/6/2022 20:36:58] !aol
[5/6/2022 20:37:2] !aol
[5/6/2022 20:37:5] !aol
[5/6/2022 20:37:8] !aol
[5/6/2022 20:37:11] !aol
[5/6/2022 20:37:14] !aol
[5/6/2022 20:37:18] !aol
[5/6/2022 20:37:21] !aol
[5/6/2022 20:37:24] !aol
[5/6/2022 20:37:27] !aol
[5/6/2022 20:37:30] !aol
[5/6/2022 20:37:34] !aol
[5/6/2022 20:37:37] !aol
[5/6/2022 20:37:40] !aol
[5/6/2022 20:37:43] !aol
[5/6/2022 20:37:46] !aol
[5/6/2022 20:37:50] !aol
[5/6/2022 20:37:53] !aol
[5/6/2022 20:37:56] !aol
[5/6/2022 20:37:59] !aol
[5/6/2022 20:38:2] !aol
[5/6/2022 20:38:6] !aol
[5/6/2022 20:38:9] !aol
[5/6/2022 20:38:12] !aol
[5/6/2022 20:38:15] !aol
[5/6/2022 20:38:18] !aol
[5/6/2022 20:38:22] !aol
[5/6/2022 20:38:25] !aol
[5/6/2022 20:38:28] !aol
[5/6/2022 20:38:31] !aol
[5/6/2022 20:38:34] !aol
[5/6/2022 20:38:38] !aol
[5/6/2022 20:38:41] !aol
[5/6/2022 20:38:44] !aol
[5/6/2022 20:38:47] !aol
[5/6/2022 20:38:50] !aol
[5/6/2022 20:38:54] !aol
[5/6/2022 20:38:57] !aol
[5/6/2022 20:39:0] !aol
[5/6/2022 20:39:3] !aol
[5/6/2022 20:39:6] !aol
[5/6/2022 20:39:10] !aol
[5/6/2022 20:39:13] !aol
[5/6/2022 20:39:16] !aol
[5/6/2022 20:39:19] !aol
[5/6/2022 20:39:22] !aol
[5/6/2022 20:39:26] !aol
[5/6/2022 20:39:29] !aol
[5/6/2022 20:39:32] !aol
[5/6/2022 20:39:35] !aol
[5/6/2022 20:39:38] !aol
[5/6/2022 20:39:42] !aol
[5/6/2022 20:39:45] !aol
[5/6/2022 20:39:48] !aol
[5/6/2022 20:39:51] !aol
[5/6/2022 20:39:55] !aol
[5/6/2022 20:39:58] !aol
[5/6/2022 20:40:1] !aol
[5/6/2022 20:40:4] !aol
[5/6/2022 20:40:7] !aol
[5/6/2022 20:40:11] !aol
[5/6/2022 20:40:14] !aol
[5/6/2022 20:40:17] !aol
[5/6/2022 20:40:20] !aol
[5/6/2022 20:40:23] !aol
[5/6/2022 20:40:27] !aol
[5/6/2022 20:40:30] !aol
[5/6/2022 20:40:33] !aol
[5/6/2022 20:40:36] !aol
[5/6/2022 20:40:39] !aol
[5/6/2022 20:40:43] !aol
[5/6/2022 20:40:46] !aol
[5/6/2022 20:40:49] !aol
[5/6/2022 20:40:52] !aol
[5/6/2022 20:40:55] !aol
[5/6/2022 20:40:59] !aol
[5/6/2022 20:41:2] !aol
[5/6/2022 20:41:5] !aol
[5/6/2022 20:41:8] !aol
[5/6/2022 20:41:11] !aol
[5/6/2022 20:41:15] !aol
[5/6/2022 20:41:18] !aol
[5/6/2022 20:41:21] !aol
[5/6/2022 20:41:24] !aol
[5/6/2022 20:41:27] !aol
[5/6/2022 20:41:31] !aol
[5/6/2022 20:41:34] !aol
[5/6/2022 20:41:37] !aol
[5/6/2022 20:41:40] !aol
[5/6/2022 20:41:43] !aol
[5/6/2022 20:41:47] !aol
[5/6/2022 20:41:50] !aol
[5/6/2022 20:41:53] !aol
[5/6/2022 20:41:56] !aol
[5/6/2022 20:41:59] !aol
[5/6/2022 20:42:3] !aol
[5/6/2022 20:42:6] !aol
[5/6/2022 20:42:9] !aol
[5/6/2022 20:42:12] !aol
[5/6/2022 20:42:15] !aol
[5/6/2022 20:42:19] !aol
[5/6/2022 20:42:22] !aol
[5/6/2022 20:42:25] !aol
[5/6/2022 20:42:28] !aol
[5/6/2022 20:42:31] !aol
[5/6/2022 20:42:35] !aol
[5/6/2022 20:42:38] !aol
[5/6/2022 20:42:41] !aol
[5/6/2022 20:49:0] !emotespells on
[5/6/2022 20:57:8] !emotespells on
[5/6/2022 21:5:22] !emotespells on
[5/6/2022 21:15:18] !emotespells on
[5/6/2022 21:20:57] !emotespells on
[6/6/2022 15:6:20] !online
[8/6/2022 23:12:31] !online
