[10/2/2022 20:31:50] !emotespells off
[10/2/2022 20:31:58] !emotespells off
[10/2/2022 20:32:6] !emotespells off
[10/2/2022 20:32:17] !emotespells on
[10/2/2022 20:40:49] !aol
[10/2/2022 20:43:55] !aol
[10/2/2022 20:49:53] !aol
[10/2/2022 20:55:17] !aol
[10/2/2022 20:58:43] !aol
[10/2/2022 21:10:33] !guildpoints
[12/2/2022 2:2:3] !aol
[12/2/2022 2:8:42] !aol
[12/2/2022 2:9:51] !aol
[12/2/2022 2:9:55] !aol
[12/2/2022 2:10:34] !aol
[12/2/2022 2:14:43] !aol
[12/2/2022 2:30:49] !aol
[12/2/2022 20:7:51] !guildpoints
[12/2/2022 22:57:56] !frags
[13/2/2022 1:44:2] !frags
[13/2/2022 1:50:24] !frags
[13/2/2022 2:50:32] !frags
[15/2/2022 20:27:26] !addon oriental
[16/2/2022 21:26:49] !addon mage
[16/2/2022 21:39:41] !addon summoner
[17/2/2022 14:31:56] !frags
[20/2/2022 0:39:7] !rank magic
[21/2/2022 2:12:20] !online
[21/2/2022 21:7:53] !online
