[27/5/2022 21:38:11] !emotespells off
[27/5/2022 21:38:21] !emotespells on
[28/5/2022 0:11:9] !aol
[28/5/2022 22:10:52] !guildpoints
[28/5/2022 22:26:35] !guildpoints
[28/5/2022 23:9:36] !aol
[28/5/2022 23:51:4] !tradeoff add, diamond coins, 15
[28/5/2022 23:51:24] !tradeoff add, diamond coin, 15
[28/5/2022 23:52:11] !tradeoff add, diamond coin, 15
[28/5/2022 23:53:49] !tradeoff add, 15000000
[29/5/2022 1:8:58] !aol
[29/5/2022 1:51:20] !aol
[29/5/2022 8:34:37] !aol
[29/5/2022 9:31:46] !aol
[29/5/2022 10:36:9] !aol
[29/5/2022 18:14:27] !aol
[29/5/2022 18:17:42] !aol
[30/5/2022 12:51:0] !online
[30/5/2022 18:54:25] !online
[30/5/2022 20:44:25] !aol
