[23/2/2022 8:14:20] /ghost
[23/2/2022 8:14:38] /ads deus es~, level, 500
[23/2/2022 8:25:56] /m trainer
[23/2/2022 8:32:21] /i ferumbras hat
[23/2/2022 8:32:25] /i ferumbras'hat
[23/2/2022 9:49:4] /i rainbow shield
[23/2/2022 10:51:12] /shutdown
[23/2/2022 11:32:37] /t
[23/2/2022 11:33:5] /i backpack of holding
[23/2/2022 11:33:7] /i backpack of holding
[23/2/2022 11:33:8] /i backpack of holding
[23/2/2022 11:33:9] /i backpack of holding
[23/2/2022 11:33:9] /i backpack of holding
[23/2/2022 11:33:9] /i backpack of holding
[23/2/2022 11:33:10] /i backpack of holding
[23/2/2022 11:33:10] /i backpack of holding
[23/2/2022 11:33:11] /i backpack of holding
[23/2/2022 11:33:12] /t
[23/2/2022 11:33:12] /t
[23/2/2022 11:33:14] /i backpack of holding
[23/2/2022 11:33:18] /i chaos essence
[23/2/2022 11:33:18] /i chaos essence
[23/2/2022 11:33:18] /i chaos essence
[23/2/2022 11:33:18] /i chaos essence
[23/2/2022 11:33:18] /i chaos essence
[23/2/2022 11:33:18] /i chaos essence
[23/2/2022 11:33:19] /i chaos essence
[23/2/2022 11:33:19] /i chaos essence
[23/2/2022 11:33:19] /i chaos essence
[23/2/2022 11:33:19] /i chaos essence
[23/2/2022 11:33:19] /i chaos essence
[23/2/2022 11:33:19] /i chaos essence
[23/2/2022 11:33:19] /i chaos essence
[23/2/2022 11:33:19] /i chaos essence
[23/2/2022 11:33:19] /i chaos essence
[23/2/2022 11:33:19] /i chaos essence
[23/2/2022 11:33:19] /i diamond coin
[23/2/2022 11:33:19] /i diamond coin
[23/2/2022 11:33:20] /i diamond coin
[23/2/2022 11:33:20] /i diamond coin
[23/2/2022 11:33:20] /i diamond coin
[23/2/2022 11:33:20] /i diamond coin
[23/2/2022 11:33:20] /i diamond coin
[23/2/2022 11:33:20] /i diamond coin
[23/2/2022 11:33:20] /i diamond coin
[23/2/2022 11:33:20] /i diamond coin
[23/2/2022 11:33:20] /i boss point
[23/2/2022 11:33:21] /i boss point
[23/2/2022 11:33:21] /i boss point
[23/2/2022 11:33:21] /i boss point
[23/2/2022 11:33:21] /i boss point
[23/2/2022 11:33:21] /i boss point
[23/2/2022 11:33:21] /i boss point
[23/2/2022 11:33:21] /i boss point
[23/2/2022 11:33:21] /i boss point
[23/2/2022 11:33:21] /i boss point
[23/2/2022 11:33:21] /i boss point
[23/2/2022 11:33:21] /i boss point
[23/2/2022 11:33:21] /i chaos essence
[23/2/2022 11:33:22] /i chaos essence
[23/2/2022 11:33:22] /i chaos essence
[23/2/2022 11:33:22] /i chaos essence
[23/2/2022 11:33:22] /i chaos essence
[23/2/2022 11:33:22] /i chaos essence
[23/2/2022 11:33:22] /i chaos essence
[23/2/2022 11:33:22] /i chaos essence
[23/2/2022 11:33:22] /i chaos essence
[23/2/2022 11:33:22] /i chaos essence
[23/2/2022 11:33:22] /i chaos essence
[23/2/2022 11:33:22] /i chaos essence
[23/2/2022 11:33:22] /i boss point
[23/2/2022 11:33:23] /i boss point
[23/2/2022 11:33:23] /i boss point
[23/2/2022 11:33:23] /i boss point
[23/2/2022 11:33:23] /i boss point
[23/2/2022 11:33:23] /i boss point
[23/2/2022 11:33:23] /i boss point
[23/2/2022 11:33:23] /i boss point
[23/2/2022 11:33:23] /i boss point
[23/2/2022 11:33:23] /i boss point
[23/2/2022 11:33:23] /i boss point
[23/2/2022 11:33:23] /i chaos essence
[23/2/2022 11:33:23] /i chaos essence
[23/2/2022 11:33:24] /i chaos essence
[23/2/2022 11:33:24] /i chaos essence
[23/2/2022 11:33:24] /i chaos essence
[23/2/2022 11:33:24] /i chaos essence
[23/2/2022 11:33:24] /i chaos essence
[23/2/2022 11:33:24] /i chaos essence
[23/2/2022 11:33:24] /i chaos essence
[23/2/2022 11:33:24] /i chaos essence
[23/2/2022 11:33:24] /i chaos essence
[23/2/2022 11:33:24] /i chaos essence
[23/2/2022 11:33:24] /i boss point
[23/2/2022 11:33:24] /i boss point
[23/2/2022 11:33:25] /i boss point
[23/2/2022 11:33:25] /i boss point
[23/2/2022 11:33:25] /i boss point
[23/2/2022 11:33:25] /i boss point
[23/2/2022 11:33:25] /i boss point
[23/2/2022 11:33:25] /i boss point
[23/2/2022 11:33:25] /i boss point
[23/2/2022 11:33:25] /i boss point
[23/2/2022 11:33:25] /i chaos essence
[23/2/2022 11:33:25] /i chaos essence
[23/2/2022 11:33:25] /i chaos essence
[23/2/2022 11:33:25] /i chaos essence
[23/2/2022 11:33:25] /i chaos essence
[23/2/2022 11:33:25] /i chaos essence
[23/2/2022 11:33:26] /i chaos essence
[23/2/2022 11:33:26] /i chaos essence
[23/2/2022 11:33:26] /i chaos essence
[23/2/2022 11:33:26] /i chaos essence
[23/2/2022 11:33:26] /i chaos essence
[23/2/2022 11:33:26] /i chaos essence
[23/2/2022 11:33:26] /i chaos essence
[23/2/2022 11:33:26] /i chaos essence
[23/2/2022 11:33:26] /i chaos essence
[23/2/2022 11:33:26] /i boss point
[23/2/2022 11:33:26] /i boss point
[23/2/2022 11:33:27] /i boss point
[23/2/2022 11:33:27] /i boss point
[23/2/2022 11:33:27] /i boss point
[23/2/2022 11:33:27] /i boss point
[23/2/2022 11:33:27] /i boss point
[23/2/2022 11:33:27] /i boss point
[23/2/2022 11:33:31] /i chaos essence
[23/2/2022 11:33:31] /i chaos essence
[23/2/2022 11:33:31] /i chaos essence
[23/2/2022 11:33:32] /i chaos essence
[23/2/2022 11:33:32] /i chaos essence
[23/2/2022 11:33:32] /i chaos essence
[23/2/2022 11:33:32] /i chaos essence
[23/2/2022 11:33:32] /i chaos essence
[23/2/2022 11:33:44] /i anubis flask
[23/2/2022 11:33:45] /i anubis flask
[23/2/2022 11:33:45] /i chaos essence
[23/2/2022 11:34:11] /i chaos essence
[23/2/2022 11:34:11] /i diamond coin
[23/2/2022 11:34:12] /i boss point
[23/2/2022 11:34:12] /i chaos essence
[23/2/2022 11:34:12] /i diamond coin
[23/2/2022 11:34:12] /i boss point
[23/2/2022 11:34:13] /i chaos essence
[23/2/2022 11:34:13] /i diamond coin
[23/2/2022 11:34:13] /i boss point
[23/2/2022 11:34:13] /i chaos essence
[23/2/2022 11:34:13] /i diamond coin
[23/2/2022 11:34:13] /i boss point
[23/2/2022 11:34:14] /i chaos essence
[23/2/2022 11:34:14] /i diamond coin
[23/2/2022 11:34:14] /i boss point
[23/2/2022 11:34:14] /i chaos essence
[23/2/2022 11:34:14] /i diamond coin
[23/2/2022 11:34:14] /i boss point
[23/2/2022 11:34:14] /i chaos essence
[23/2/2022 11:34:14] /i diamond coin
[23/2/2022 11:34:14] /i boss point
[23/2/2022 11:34:14] /i chaos essence
[23/2/2022 11:34:14] /i diamond coin
[23/2/2022 11:34:14] /i boss point
[23/2/2022 11:34:14] /i chaos essence
[23/2/2022 11:34:15] /i diamond coin
[23/2/2022 11:34:15] /i boss point
[23/2/2022 11:34:15] /i chaos essence
[23/2/2022 11:34:15] /i diamond coin
[23/2/2022 11:34:15] /i boss point
[23/2/2022 11:34:15] /i chaos essence
[23/2/2022 11:34:15] /i diamond coin
[23/2/2022 11:34:15] /i boss point
[23/2/2022 11:34:15] /i chaos essence
[23/2/2022 11:34:15] /i diamond coin
[23/2/2022 11:34:15] /i boss point
[23/2/2022 11:34:18] /i chaos essence
[23/2/2022 11:34:19] /i chaos essence
[23/2/2022 11:34:37] /i backpack of holding
[23/2/2022 11:34:37] /i backpack of holding
[23/2/2022 11:34:38] /i backpack of holding
[23/2/2022 11:34:38] /i backpack of holding
[23/2/2022 11:34:39] /i backpack of holding
[23/2/2022 11:34:39] /i backpack of holding
[23/2/2022 11:34:40] /i backpack of holding
[23/2/2022 11:34:40] /i backpack of holding
[23/2/2022 11:34:40] /i backpack of holding
[23/2/2022 11:34:41] /i backpack of holding
[23/2/2022 11:34:41] /i backpack of holding
[23/2/2022 11:34:41] /i backpack of holding
[23/2/2022 11:34:42] /i backpack of holding
[23/2/2022 11:35:2] /i ritual point
[23/2/2022 11:35:2] /i ritual point
[23/2/2022 11:35:2] /i ritual point
[23/2/2022 11:35:2] /i ritual point
[23/2/2022 11:35:2] /i ritual point
[23/2/2022 11:35:3] /i ritual point
[23/2/2022 11:35:3] /i ritual point
[23/2/2022 11:35:3] /i ritual point
[23/2/2022 11:35:3] /i ritual point
[23/2/2022 11:35:3] /i ritual point
[23/2/2022 11:35:3] /i ritual point
[23/2/2022 11:35:3] /i ritual point
[23/2/2022 11:35:3] /i ritual point
[23/2/2022 11:35:3] /i ritual point
[23/2/2022 11:35:3] /i ritual point
[23/2/2022 11:35:4] /i ritual point
[23/2/2022 11:35:4] /i ritual point
[23/2/2022 11:35:4] /i ritual point
[23/2/2022 11:35:4] /i ritual point
[23/2/2022 11:35:4] /i ritual point
[23/2/2022 11:35:4] /i ritual point
[23/2/2022 11:35:4] /i ritual point
[23/2/2022 11:35:4] /i ritual point
[23/2/2022 11:35:5] /i ritual point
[23/2/2022 11:35:5] /i ritual point
[23/2/2022 11:35:7] /i chaos essence
[23/2/2022 11:35:8] /i diamond coin
[23/2/2022 11:35:8] /i chaos essence
[23/2/2022 11:35:8] /i diamond coin
[23/2/2022 11:35:9] /i chaos essence
[23/2/2022 11:35:9] /i boss point
[23/2/2022 11:35:9] /i diamond coin
[23/2/2022 11:35:9] /i chaos essence
[23/2/2022 11:35:9] /i boss point
[23/2/2022 11:35:9] /i ritual point
[23/2/2022 11:35:10] /i chaos essence
[23/2/2022 11:35:10] /i diamond coin
[23/2/2022 11:35:10] /i boss point
[23/2/2022 11:35:10] /i chaos essence
[23/2/2022 11:35:10] /i diamond coin
[23/2/2022 11:35:11] /i ritual point
[23/2/2022 11:35:52] /i ritual point
[23/2/2022 11:35:52] /i ritual point
[23/2/2022 11:35:53] /i ritual point
[23/2/2022 11:35:53] /i ritual point
[23/2/2022 11:35:53] /i ritual point
[23/2/2022 11:35:53] /i ritual point
[23/2/2022 11:35:53] /i ritual point
[23/2/2022 11:35:53] /i ritual point
[23/2/2022 11:35:54] /i ritual point
[23/2/2022 11:35:54] /i ritual point
[23/2/2022 11:35:54] /i ritual point
[23/2/2022 11:35:54] /i ritual point
[23/2/2022 11:35:54] /i ritual point
[23/2/2022 11:35:54] /i ritual point
[23/2/2022 11:35:54] /i ritual point
[23/2/2022 11:35:54] /i ritual point
[23/2/2022 11:35:54] /i ritual point
[23/2/2022 11:35:54] /i ritual point
[23/2/2022 11:35:55] /i ritual point
[23/2/2022 11:35:55] /i ritual point
[23/2/2022 11:35:55] /i ritual point
[23/2/2022 11:35:55] /i ritual point
[23/2/2022 11:35:55] /i ritual point
[23/2/2022 11:35:55] /i ritual point
[23/2/2022 11:35:55] /i ritual point
[23/2/2022 11:35:55] /i ritual point
[23/2/2022 11:35:55] /i ritual point
[23/2/2022 11:35:55] /i ritual point
[23/2/2022 11:35:55] /i ritual point
[23/2/2022 11:35:55] /i ritual point
[23/2/2022 11:35:55] /i ritual point
[23/2/2022 11:35:55] /i ritual point
[23/2/2022 11:35:55] /i ritual point
[23/2/2022 11:35:55] /i ritual point
[23/2/2022 11:35:55] /i ritual point
[23/2/2022 11:35:55] /i ritual point
[23/2/2022 11:35:56] /i ritual point
[23/2/2022 11:35:56] /i ritual point
[23/2/2022 11:35:56] /i ritual point
[23/2/2022 11:35:56] /i ritual point
[23/2/2022 11:35:56] /i ritual point
[23/2/2022 11:35:56] /i ritual point
[23/2/2022 11:35:57] /i ritual point
[23/2/2022 11:35:58] /i ritual point
[23/2/2022 11:35:58] /i ritual point
[23/2/2022 11:35:58] /i ritual point
[23/2/2022 11:36:26] /i ritual point
[23/2/2022 11:36:26] /i ritual point
[23/2/2022 11:36:26] /i ritual point
[23/2/2022 11:36:26] /i ritual point
[23/2/2022 11:36:26] /i ritual point
[23/2/2022 12:54:35] /t
[23/2/2022 12:59:0] /i 6300
[23/2/2022 12:59:23] /i 6301
[23/2/2022 13:1:43] /i hallowed axe
[23/2/2022 13:3:50] /reload npc
[23/2/2022 13:3:57] /ghost
[23/2/2022 13:4:33] /reload npc
[23/2/2022 13:4:50] /npc dark rodo
[23/2/2022 13:5:17] /npc dark rodo
[23/2/2022 13:5:24] /r
[23/2/2022 13:5:28] /reload npc
[23/2/2022 13:6:3] /reload npc
[23/2/2022 13:7:27] /reload npc
[23/2/2022 13:7:43] /reload npc
[23/2/2022 13:8:7] /reload npc
[23/2/2022 13:8:14] /reload npc
[23/2/2022 13:9:45] /reload npc
[23/2/2022 13:10:5] /reload npc
[23/2/2022 13:10:16] /reload npc
[23/2/2022 13:10:37] /reload np
[23/2/2022 13:10:38] /reload npc
[23/2/2022 13:10:50] /reload npc
[23/2/2022 13:11:4] /reload npc
[23/2/2022 13:13:35] /reload npc
[23/2/2022 13:13:44] /reload npc
[23/2/2022 13:14:6] /npc odrak
[23/2/2022 13:14:16] /reload npc
[23/2/2022 13:14:28] /t
[24/2/2022 13:39:29] /ghost
