[12/2/2022 13:54:22] !emotespells on
[13/2/2022 18:25:39] !guildpoints
[13/2/2022 20:39:51] !frags
[14/2/2022 1:50:17] !guildpoints
[14/2/2022 13:14:33] !frags
[14/2/2022 13:59:16] !guildpoints
[14/2/2022 14:11:59] !frags
[14/2/2022 14:20:8] !frags
[14/2/2022 16:23:57] !frags
[14/2/2022 17:51:49] !guildpoints
[14/2/2022 19:2:1] !frags
[14/2/2022 19:45:21] !frags
[14/2/2022 22:46:57] !frags
[14/2/2022 23:6:14] !guildpoints
[14/2/2022 23:15:44] !guildpoints
[15/2/2022 1:18:41] !guildpoints
[15/2/2022 2:29:3] !frags
[15/2/2022 14:5:36] !frags
[15/2/2022 15:29:22] !guildpoints
[15/2/2022 20:25:28] !addon oriental
[16/2/2022 3:22:25] !guildpoints
[16/2/2022 14:29:22] !frags
[17/2/2022 1:4:23] !guildpoints
[17/2/2022 21:15:0] !go
[17/2/2022 22:14:49] !go
[20/2/2022 14:32:57] !guildpoints
[20/2/2022 16:50:58] !rank level
[20/2/2022 16:51:17] !rank level
[20/2/2022 16:51:50] !rank level
