[13/12/2021 14:21:4] !aol
[13/12/2021 18:33:8] !aol
[13/12/2021 20:50:45] !emotespells on
[16/12/2021 11:46:32] !rank magic
[21/12/2021 10:38:27] !aol
[22/12/2021 0:17:33] !aol
[22/12/2021 10:43:25] !aol
[22/12/2021 12:17:3] !aol
[27/12/2021 2:36:31] !online
[27/12/2021 13:18:55] !rank level
[27/12/2021 13:18:59] !rank distance
[27/12/2021 20:51:39] !online
[28/12/2021 19:2:32] !rank sword
[28/12/2021 19:2:41] !rank distance
[28/12/2021 19:2:52] !rank magic
[28/12/2021 19:3:1] !rank magic
[28/12/2021 19:3:7] !rank level
[28/12/2021 19:3:34] !rank level sorcerer
[29/12/2021 1:54:45] !rank level
[29/12/2021 1:54:49] !online
[29/12/2021 20:0:3] !rank level
[31/12/2021 11:53:35] !online
[31/12/2021 19:38:29] !online
[1/1/2022 17:27:8] !online
[2/1/2022 2:59:35] !rank level
[3/1/2022 11:43:24] !rank magic
[3/1/2022 14:48:37] !online
[3/1/2022 22:38:42] !online
