[14/12/2021 9:23:51] !aol
[14/12/2021 9:27:18] !aol
[14/12/2021 9:46:45] !aol
[20/12/2021 10:16:32] !aol
[24/12/2021 13:11:33] !aol
[24/12/2021 22:11:5] !aol
[24/12/2021 23:41:35] !aol
[24/12/2021 23:55:26] !aol
[25/12/2021 2:41:22] !aol
[25/12/2021 11:41:24] !aol
[25/12/2021 13:37:10] !aol
[25/12/2021 15:5:25] !aol
[26/12/2021 0:30:59] !aol
[27/12/2021 11:23:56] !aol
[27/12/2021 19:26:44] !rank
[27/12/2021 19:26:48] !rank level
[28/12/2021 16:49:13] !aol
[29/12/2021 8:19:58] !aol
[29/12/2021 8:50:34] !aol
[30/12/2021 9:49:45] !aol
[31/12/2021 14:47:45] !aol
[1/1/2022 8:32:2] !aol
[1/1/2022 14:48:27] !aol
[2/1/2022 2:47:48] !aol
[2/1/2022 23:55:42] !frags
[7/1/2022 23:21:51] !addon summoner
[7/1/2022 23:24:5] !addon Summoner
