[10/12/2021 20:46:38] !emotespells on
[10/12/2021 20:46:40] !online
[10/12/2021 23:32:16] !online
[11/12/2021 2:17:34] !aol
[11/12/2021 2:42:59] !aol
[11/12/2021 2:57:33] !aol
[11/12/2021 14:8:14] !aol
[12/12/2021 1:26:56] !online
[13/12/2021 0:42:39] !online
[13/12/2021 1:3:15] !online
[13/12/2021 12:32:46] !online
[13/12/2021 17:27:0] !frags
[13/12/2021 18:37:17] !frags
[13/12/2021 23:54:53] !online
[14/12/2021 10:6:21] !online
[14/12/2021 10:18:2] !online
[14/12/2021 10:28:14] !online
[14/12/2021 11:28:6] !online
[14/12/2021 11:44:8] !online
[14/12/2021 11:53:15] !online
[14/12/2021 12:19:30] !frags
[14/12/2021 12:45:36] !online
[14/12/2021 13:23:23] !online
[14/12/2021 18:15:59] !online
[16/12/2021 9:17:43] !rank distance
[16/12/2021 9:23:19] !rank magic
[16/12/2021 9:52:21] !online
[16/12/2021 11:8:47] !online
[16/12/2021 11:39:58] !online
[16/12/2021 12:15:2] !online
[16/12/2021 13:1:25] !online
[16/12/2021 13:19:47] !online
[16/12/2021 15:16:56] !online
[16/12/2021 16:4:43] !online
[16/12/2021 18:22:8] !frags
[16/12/2021 23:36:52] !online
[15/2/2022 12:55:10] !emotespells on
