[30/5/2022 12:42:44] !emotespells on
[30/5/2022 18:11:5] !emotespells on
[30/5/2022 18:32:51] !emotespells on
[30/5/2022 18:54:10] !emotespells on
[30/5/2022 19:0:22] !emotespells on
[30/5/2022 19:13:18] !emotespells on
[31/5/2022 20:16:57] !emotespells on
[1/6/2022 10:39:36] !aol
[1/6/2022 10:46:53] !aol
[1/6/2022 11:23:24] !aol
[1/6/2022 11:39:0] !guildpoints
[1/6/2022 13:7:34] !aol
[1/6/2022 13:24:33] !aol
[1/6/2022 15:50:25] !aol
[2/6/2022 19:0:54] !aol
[2/6/2022 19:50:27] !aol
[2/6/2022 20:8:55] !aol
[2/6/2022 20:16:10] !aol
[2/6/2022 20:25:15] !buyhouse
[2/6/2022 21:24:53] !aol
[2/6/2022 21:51:52] !aol
[2/6/2022 21:57:8] !aol
[2/6/2022 22:29:50] !aol
[2/6/2022 22:30:52] !aol
[2/6/2022 22:34:32] !aol
[2/6/2022 22:36:44] !aol
[2/6/2022 22:41:19] !aol
[2/6/2022 23:24:26] !emotespells on
[2/6/2022 23:33:12] !emotespells on
[2/6/2022 23:52:39] !aol
[2/6/2022 23:52:48] !emotespells on
[3/6/2022 0:3:51] !emotespells on
[3/6/2022 0:14:57] !emotespells on
[3/6/2022 0:25:3] !emotespells on
[3/6/2022 0:37:2] !emotespells on
[3/6/2022 1:7:45] !aol
[3/6/2022 1:7:49] !emotespells on
[3/6/2022 2:16:46] !aol
[3/6/2022 2:17:2] !emotespells on
[3/6/2022 2:28:58] !emotespells on
[3/6/2022 2:42:59] !emotespells on
[3/6/2022 2:57:49] !emotespells on
[3/6/2022 3:1:22] !emotespells on
[3/6/2022 3:8:45] !emotespells on
[3/6/2022 3:21:26] !emotespells on
[3/6/2022 3:34:41] !emotespells on
[3/6/2022 3:48:53] !emotespells on
[3/6/2022 4:2:33] !emotespells on
[3/6/2022 4:16:18] !emotespells on
[3/6/2022 4:30:56] !emotespells on
[3/6/2022 4:42:27] !emotespells on
[3/6/2022 4:56:3] !emotespells on
[3/6/2022 8:4:3] !aol
[3/6/2022 8:4:15] !emotespells on
[3/6/2022 9:16:38] !aol
[3/6/2022 9:47:43] !emotespells on
[3/6/2022 10:1:31] !emotespells on
[3/6/2022 10:12:36] !emotespells on
[3/6/2022 10:24:28] !emotespells on
[3/6/2022 10:34:44] !emotespells on
[3/6/2022 10:44:54] !emotespells on
[3/6/2022 10:58:11] !emotespells on
[3/6/2022 11:10:8] !emotespells on
[3/6/2022 11:20:37] !emotespells on
[3/6/2022 11:33:43] !emotespells on
[3/6/2022 11:43:43] !emotespells on
[3/6/2022 11:56:54] !emotespells on
[3/6/2022 12:6:10] !emotespells on
[3/6/2022 12:17:15] !emotespells on
[3/6/2022 12:29:44] !emotespells on
[3/6/2022 12:44:26] !emotespells on
[3/6/2022 12:56:1] !emotespells on
[3/6/2022 13:8:53] !emotespells on
[3/6/2022 13:20:20] !emotespells on
[3/6/2022 13:30:17] !emotespells on
[3/6/2022 13:51:11] !emotespells on
[3/6/2022 14:3:35] !emotespells on
[3/6/2022 14:12:26] !emotespells on
[3/6/2022 14:16:52] !emotespells on
[3/6/2022 14:30:0] !emotespells on
[3/6/2022 14:41:52] !emotespells on
[3/6/2022 14:55:21] !emotespells on
[3/6/2022 15:5:13] !emotespells on
[3/6/2022 15:16:29] !emotespells on
[3/6/2022 15:25:58] !emotespells on
[3/6/2022 15:49:22] !emotespells on
[3/6/2022 15:58:34] !emotespells on
[3/6/2022 16:5:18] !emotespells on
[3/6/2022 16:12:38] !emotespells on
[3/6/2022 16:19:36] !emotespells on
[3/6/2022 16:27:37] !emotespells on
[3/6/2022 16:33:13] !emotespells on
[3/6/2022 16:40:21] !emotespells on
[3/6/2022 16:49:53] !emotespells on
[3/6/2022 16:58:30] !emotespells on
[3/6/2022 19:0:57] !aol
[3/6/2022 19:8:14] !aol
[3/6/2022 19:19:6] !aol
[3/6/2022 21:52:5] !aol
[4/6/2022 2:44:12] !aol
[4/6/2022 4:4:21] !tradeoff buy, 107
[4/6/2022 15:8:35] !aol
[4/6/2022 16:55:7] !aol
[4/6/2022 17:9:26] !aol
[4/6/2022 17:10:5] !aol
[4/6/2022 19:17:30] !aol
[4/6/2022 20:32:17] !aol
[4/6/2022 21:59:6] !aol
[4/6/2022 23:30:5] !aol
[5/6/2022 13:0:39] !aol
[6/6/2022 9:46:19] !emotespells on
[6/6/2022 9:51:26] !emotespells on
[6/6/2022 9:55:14] !emotespells on
[6/6/2022 9:58:52] !emotespells on
[6/6/2022 10:2:30] !emotespells on
[6/6/2022 10:6:7] !emotespells on
[6/6/2022 10:9:46] !emotespells on
[6/6/2022 10:11:19] !emotespells on
[6/6/2022 10:15:1] !emotespells on
[6/6/2022 10:16:56] !emotespells on
[6/6/2022 10:20:48] !emotespells on
[6/6/2022 10:24:27] !emotespells on
[6/6/2022 10:28:4] !emotespells on
[6/6/2022 10:31:49] !emotespells on
[6/6/2022 10:32:51] !emotespells on
[6/6/2022 10:36:59] !emotespells on
[6/6/2022 10:40:44] !emotespells on
[6/6/2022 10:44:35] !emotespells on
[6/6/2022 10:48:20] !emotespells on
[6/6/2022 10:49:34] !emotespells on
[6/6/2022 10:50:5] !emotespells on
[6/6/2022 10:50:41] !emotespells on
[6/6/2022 10:54:45] !emotespells on
[6/6/2022 10:58:37] !emotespells on
[6/6/2022 11:0:13] !emotespells on
[6/6/2022 11:3:53] !emotespells on
[6/6/2022 11:5:22] !emotespells on
[6/6/2022 11:7:45] !emotespells on
[6/6/2022 11:8:16] !emotespells on
[6/6/2022 11:8:47] !emotespells on
[6/6/2022 11:9:18] !emotespells on
[6/6/2022 11:14:59] !emotespells on
[6/6/2022 11:18:44] !emotespells on
[6/6/2022 11:22:33] !emotespells on
[6/6/2022 11:26:19] !emotespells on
[6/6/2022 11:30:4] !emotespells on
[6/6/2022 11:31:31] !emotespells on
[6/6/2022 11:35:15] !emotespells on
[6/6/2022 11:39:11] !emotespells on
[6/6/2022 11:42:51] !emotespells on
[6/6/2022 11:43:22] !emotespells on
[6/6/2022 11:43:53] !emotespells on
[6/6/2022 11:44:24] !emotespells on
[6/6/2022 11:48:16] !emotespells on
[6/6/2022 11:51:58] !emotespells on
[6/6/2022 11:55:49] !emotespells on
[6/6/2022 11:59:10] !emotespells on
[6/6/2022 11:59:42] !emotespells on
[6/6/2022 12:0:13] !emotespells on
[6/6/2022 12:1:25] !emotespells on
[6/6/2022 12:4:37] !emotespells on
[6/6/2022 12:7:35] !emotespells on
[6/6/2022 12:8:6] !emotespells on
[6/6/2022 12:8:37] !emotespells on
[6/6/2022 12:9:9] !emotespells on
[6/6/2022 12:9:40] !emotespells on
[6/6/2022 12:10:11] !emotespells on
[6/6/2022 12:10:42] !emotespells on
[6/6/2022 12:14:37] !emotespells on
[6/6/2022 12:18:23] !emotespells on
[6/6/2022 12:18:56] !emotespells on
[6/6/2022 12:20:32] !emotespells on
[6/6/2022 12:24:11] !emotespells on
[6/6/2022 12:28:29] !emotespells on
[6/6/2022 12:32:7] !emotespells on
[6/6/2022 12:35:51] !emotespells on
[6/6/2022 12:36:48] !emotespells on
[6/6/2022 12:37:19] !emotespells on
[6/6/2022 12:39:16] !emotespells on
[6/6/2022 12:41:26] !emotespells on
[6/6/2022 12:45:14] !emotespells on
[6/6/2022 12:46:31] !emotespells on
[6/6/2022 12:49:41] !emotespells on
[6/6/2022 12:53:23] !emotespells on
[6/6/2022 12:57:8] !emotespells on
[6/6/2022 13:0:48] !emotespells on
[6/6/2022 13:4:27] !emotespells on
[6/6/2022 13:8:9] !emotespells on
[6/6/2022 13:11:48] !emotespells on
[6/6/2022 13:15:28] !emotespells on
[6/6/2022 13:19:10] !emotespells on
[6/6/2022 13:22:50] !emotespells on
[6/6/2022 13:26:40] !emotespells on
[6/6/2022 13:30:31] !emotespells on
[6/6/2022 13:34:19] !emotespells on
[6/6/2022 13:36:5] !emotespells on
[6/6/2022 13:40:6] !emotespells on
[6/6/2022 13:42:27] !emotespells on
[6/6/2022 13:42:58] !emotespells on
[6/6/2022 13:43:29] !emotespells on
[6/6/2022 13:46:21] !emotespells on
[6/6/2022 13:50:3] !emotespells on
[6/6/2022 13:53:40] !emotespells on
[6/6/2022 13:57:23] !emotespells on
[6/6/2022 14:1:11] !emotespells on
[6/6/2022 14:1:45] !emotespells on
[6/6/2022 14:3:15] !emotespells on
[6/6/2022 14:6:59] !emotespells on
[6/6/2022 14:10:43] !emotespells on
[6/6/2022 14:14:17] !emotespells on
[6/6/2022 14:17:54] !emotespells on
[6/6/2022 14:21:38] !emotespells on
[6/6/2022 14:23:12] !emotespells on
[6/6/2022 14:27:5] !emotespells on
[6/6/2022 14:28:58] !emotespells on
[6/6/2022 14:29:29] !emotespells on
[6/6/2022 14:32:16] !emotespells on
[6/6/2022 14:36:3] !emotespells on
[6/6/2022 14:36:36] !emotespells on
[6/6/2022 14:38:7] !emotespells on
[6/6/2022 14:41:48] !emotespells on
[6/6/2022 14:45:30] !emotespells on
[6/6/2022 14:49:11] !emotespells on
[6/6/2022 14:52:46] !emotespells on
[6/6/2022 14:56:26] !emotespells on
[6/6/2022 14:59:33] !emotespells on
[6/6/2022 15:3:14] !emotespells on
[6/6/2022 15:3:49] !emotespells on
[6/6/2022 15:8:8] !emotespells on
[6/6/2022 15:8:40] !emotespells on
[6/6/2022 15:9:38] !emotespells on
[6/6/2022 15:13:20] !emotespells on
[6/6/2022 15:16:53] !emotespells on
[6/6/2022 15:18:0] !emotespells on
[6/6/2022 15:21:54] !emotespells on
[6/6/2022 15:25:41] !emotespells on
[6/6/2022 15:29:5] !emotespells on
[6/6/2022 15:29:36] !emotespells on
[6/6/2022 15:32:11] !emotespells on
[6/6/2022 15:35:50] !emotespells on
[6/6/2022 15:39:39] !emotespells on
[6/6/2022 15:43:18] !emotespells on
[6/6/2022 15:43:49] !emotespells on
[6/6/2022 15:44:20] !emotespells on
[6/6/2022 15:44:51] !emotespells on
[6/6/2022 15:48:44] !emotespells on
[6/6/2022 15:50:18] !emotespells on
[6/6/2022 15:53:59] !emotespells on
[6/6/2022 15:57:38] !emotespells on
[6/6/2022 16:1:6] !emotespells on
[6/6/2022 16:1:37] !emotespells on
[6/6/2022 16:2:8] !emotespells on
[6/6/2022 16:2:39] !emotespells on
[6/6/2022 16:3:24] !emotespells on
[6/6/2022 16:7:1] !emotespells on
[6/6/2022 16:10:41] !emotespells on
[6/6/2022 16:14:26] !emotespells on
[6/6/2022 16:18:0] !emotespells on
[6/6/2022 16:25:20] !emotespells on
[6/6/2022 16:28:59] !emotespells on
[6/6/2022 16:32:40] !emotespells on
[6/6/2022 16:36:26] !emotespells on
[6/6/2022 16:40:7] !emotespells on
[6/6/2022 16:43:48] !emotespells on
[6/6/2022 16:47:38] !emotespells on
[6/6/2022 16:51:44] !emotespells on
[6/6/2022 16:55:32] !emotespells on
[6/6/2022 16:58:49] !emotespells on
[6/6/2022 16:59:20] !emotespells on
[6/6/2022 17:3:19] !emotespells on
[6/6/2022 17:7:6] !emotespells on
[6/6/2022 17:10:42] !emotespells on
[6/6/2022 17:14:22] !emotespells on
[6/6/2022 17:17:54] !emotespells on
[6/6/2022 17:22:12] !emotespells on
[6/6/2022 17:25:54] !emotespells on
[6/6/2022 17:29:37] !emotespells on
[6/6/2022 17:32:39] !emotespells on
[6/6/2022 17:35:56] !emotespells on
[6/6/2022 17:39:36] !emotespells on
[6/6/2022 17:42:8] !emotespells on
[6/6/2022 17:44:2] !emotespells on
[6/6/2022 17:47:52] !emotespells on
[6/6/2022 17:51:36] !emotespells on
[6/6/2022 17:57:55] !emotespells on
[6/6/2022 18:3:49] !emotespells on
[6/6/2022 18:8:53] !emotespells on
[6/6/2022 18:20:1] !emotespells on
[6/6/2022 18:24:25] !emotespells on
[6/6/2022 18:32:35] !emotespells on
[6/6/2022 18:42:28] !emotespells on
[6/6/2022 18:54:24] !emotespells on
[6/6/2022 19:3:12] !emotespells on
[6/6/2022 19:9:30] !emotespells on
[6/6/2022 19:14:55] !emotespells on
[6/6/2022 19:21:16] !emotespells on
[6/6/2022 19:27:14] !emotespells on
[6/6/2022 19:34:11] !emotespells on
[6/6/2022 19:41:38] !emotespells on
[6/6/2022 20:14:40] !aol
[6/6/2022 20:15:55] !aol
[6/6/2022 20:17:32] !aol
[6/6/2022 20:18:56] !aol
[8/6/2022 9:37:40] !emotespells on
[8/6/2022 9:41:3] !emotespells on
[8/6/2022 9:58:14] !emotespells on
[8/6/2022 10:9:12] !emotespells on
[8/6/2022 10:14:51] !emotespells on
[8/6/2022 10:24:18] !emotespells on
[8/6/2022 10:31:8] !emotespells on
[8/6/2022 10:38:17] !emotespells on
[8/6/2022 10:44:18] !emotespells on
[8/6/2022 10:53:39] !emotespells on
[8/6/2022 11:1:21] !emotespells on
[8/6/2022 11:6:46] !emotespells on
[8/6/2022 11:11:51] !emotespells on
[8/6/2022 11:17:34] !emotespells on
[8/6/2022 11:23:44] !emotespells on
[8/6/2022 11:29:49] !emotespells on
[8/6/2022 11:35:40] !emotespells on
[8/6/2022 11:40:53] !emotespells on
[8/6/2022 11:46:30] !emotespells on
[8/6/2022 11:55:45] !emotespells on
[8/6/2022 12:1:56] !emotespells on
[8/6/2022 12:6:24] !emotespells on
[8/6/2022 12:13:31] !emotespells on
[8/6/2022 12:19:31] !emotespells on
[8/6/2022 12:25:17] !emotespells on
[8/6/2022 12:30:49] !emotespells on
[8/6/2022 12:39:14] !emotespells on
[8/6/2022 12:44:54] !emotespells on
[8/6/2022 12:48:45] !emotespells on
[8/6/2022 12:56:45] !emotespells on
[8/6/2022 13:1:28] !emotespells on
[8/6/2022 13:5:21] !emotespells on
[8/6/2022 13:10:7] !emotespells on
[8/6/2022 13:13:56] !emotespells on
[8/6/2022 13:18:52] !emotespells on
[8/6/2022 13:25:50] !emotespells on
[8/6/2022 13:32:8] !emotespells on
[8/6/2022 13:37:28] !emotespells on
[8/6/2022 13:43:4] !emotespells on
[8/6/2022 13:47:27] !emotespells on
[8/6/2022 13:54:58] !emotespells on
[8/6/2022 14:0:41] !emotespells on
[8/6/2022 14:9:6] !emotespells on
[8/6/2022 14:16:58] !emotespells on
[8/6/2022 14:21:37] !emotespells on
[8/6/2022 14:29:20] !emotespells on
[8/6/2022 14:35:1] !emotespells on
[8/6/2022 14:43:15] !emotespells on
[8/6/2022 14:47:56] !emotespells on
[8/6/2022 14:52:41] !emotespells on
