[11/2/2022 1:48:38] !emotespells on
[11/2/2022 2:9:25] !aol
[11/2/2022 2:44:36] !aol
[11/2/2022 7:35:46] !buyhouse
[12/2/2022 15:28:40] !online
[12/2/2022 18:49:18] !aol
[13/2/2022 1:3:0] !aol
[13/2/2022 1:10:33] aleta sio
[13/2/2022 1:11:8] aleta som
[13/2/2022 1:34:14] !frags
[13/2/2022 1:43:12] !frags
[13/2/2022 1:46:21] !frags
[13/2/2022 1:47:51] !frags
[13/2/2022 1:48:42] !frags
[13/2/2022 1:49:15] !frags
[13/2/2022 1:50:21] !frags
[13/2/2022 1:51:19] !frags
[13/2/2022 2:57:30] 
[14/2/2022 21:39:13] 
[14/2/2022 23:52:22] !aol
[15/2/2022 21:22:46] !online
[16/2/2022 0:15:25] !aol
[16/2/2022 0:16:13] 
[16/2/2022 1:44:51] !aol
[16/2/2022 1:59:36] !rank level
[16/2/2022 2:0:16] !rank level
[16/2/2022 2:29:55] !frags
[16/2/2022 15:1:45] !aol
[16/2/2022 19:0:21] !aol
[16/2/2022 23:57:9] 
[17/2/2022 17:15:21] 
