[23/2/2022 21:5:35] !rank axe
[23/2/2022 21:5:44] !rank axe\
[23/2/2022 21:5:47] !rank axe\
[23/2/2022 21:5:50] !rank axe
[24/2/2022 12:29:9] !rank axe
[24/2/2022 14:32:8] !emotespells off
[24/2/2022 14:32:20] !emotespells on
[24/2/2022 16:25:42] !rank leve;
[24/2/2022 16:25:49] !rank level
[24/2/2022 21:14:11] !buyhouse
[24/2/2022 21:14:32] aleta sio
[24/2/2022 21:15:15] !protecthouse off
[24/2/2022 21:15:26] aleta som
[26/2/2022 14:22:3] !rank axe
[26/2/2022 21:42:42] !rank axe
[26/2/2022 22:21:30] !online
[28/2/2022 0:6:55] !rank axe
[28/2/2022 14:18:58] !rank level
[28/2/2022 14:34:39] !rank axe
[28/2/2022 14:35:4] !rank distance
[1/3/2022 21:3:58] !rank axe
[2/3/2022 15:24:19] !rank axe
[2/3/2022 15:24:32] !rank distance
[2/3/2022 15:25:6] !rank magic
[2/3/2022 23:55:8] !online
[3/3/2022 13:13:16] !rank axe
