[11/2/2022 7:55:45] !emotespells on
[21/2/2022 18:22:52] !online
[23/2/2022 20:3:31] !emotespells on
[27/5/2022 22:32:48] 
[28/5/2022 0:58:56] !aol
[28/5/2022 1:1:45] !aol
[28/5/2022 1:2:54] !serverinfo
[28/5/2022 1:5:48] !aol
[28/5/2022 1:26:46] !aol
[28/5/2022 7:43:0] !aol
[28/5/2022 8:47:8] !online
[30/5/2022 8:12:35] !online
[30/5/2022 16:59:0] !emotespells
[30/5/2022 16:59:3] !emotespells off
[30/5/2022 16:59:10] !emotespells on
[31/5/2022 20:49:7] !aol
[1/6/2022 8:14:57] !emotespells on
[1/6/2022 13:58:21] !aol
[1/6/2022 13:59:12] !online
[2/6/2022 23:2:48] !aol
[4/6/2022 14:44:23] !frags
[6/6/2022 22:59:23] !buyhouse
[9/6/2022 17:28:58] !online
