[1/6/2022 1:26:46] !aol
[1/6/2022 9:49:9] !buyhouse
[1/6/2022 9:49:16] !buyhouse
[1/6/2022 10:11:35] !emotespells on
[2/6/2022 7:37:5] !serverinfo
[2/6/2022 12:57:13] !serverinfo
[2/6/2022 21:48:44] !frags
[4/6/2022 21:21:18] !frags
[4/6/2022 21:47:29] !frags
[4/6/2022 22:14:53] !frags
[6/6/2022 22:3:50] !frags
[7/6/2022 0:40:54] !online
[7/6/2022 0:41:49] !online
[8/6/2022 13:9:24] aleta sio
[8/6/2022 18:46:15] !frags
[8/6/2022 20:15:38] !frags
[8/6/2022 20:20:45] !frags
[8/6/2022 22:6:7] !frags
[8/6/2022 22:25:46] !frags
[9/6/2022 0:52:19] !online
[9/6/2022 1:21:58] !frags
