[31/5/2022 20:53:7] !rank
[31/5/2022 20:53:10] !rank level
[31/5/2022 20:53:17] !rank distance
[1/6/2022 6:48:50] !rank level
[1/6/2022 6:48:57] !rank distance
[2/6/2022 2:41:20] !aol
[2/6/2022 2:43:26] !aol
[2/6/2022 2:51:55] !aol
[2/6/2022 21:12:8] !rank distance
[5/6/2022 3:10:53] !aol
[5/6/2022 3:10:56] !aol
[5/6/2022 3:10:59] !aol
[5/6/2022 3:11:2] !aol
[5/6/2022 3:11:6] !aol
[5/6/2022 3:11:9] !aol
[7/6/2022 7:37:34] !tradeoff add, elethriel's elemental bow, 3000000
[7/6/2022 7:37:46] !tradeoff add, elethriel's elemental bow, 3000000
[7/6/2022 7:37:48] !tradeoff add, elethriel's elemental bow, 300000
[7/6/2022 7:37:54] !tradeoff add, elethriel's elemental bow
[7/6/2022 7:38:11] !tradeoff active
[7/6/2022 7:38:15] !tradeoff add, elethriel's elemental bow, 300000
[7/6/2022 7:38:19] !tradeoff add, elethriel's elemental bow
[7/6/2022 7:38:40] !tradeoff add, elethriel's elemental bow
