[13/2/2022 11:28:22] 
[13/2/2022 11:28:24] 
[13/2/2022 11:28:26] 
[13/2/2022 11:28:28] 
[13/2/2022 11:28:30] 
[13/2/2022 11:28:32] 
[13/2/2022 11:28:34] 
[13/2/2022 11:28:36] 
[13/2/2022 11:28:38] 
[13/2/2022 11:28:40] 
[13/2/2022 11:28:43] 
[13/2/2022 11:28:45] 
[13/2/2022 11:28:47] 
[13/2/2022 11:28:49] 
[13/2/2022 11:28:51] 
[13/2/2022 11:28:53] 
[13/2/2022 11:28:55] 
[13/2/2022 11:28:57] 
[13/2/2022 11:28:59] 
[13/2/2022 11:29:2] 
[13/2/2022 11:29:4] 
[13/2/2022 11:29:6] 
[13/2/2022 11:29:8] 
[13/2/2022 11:29:10] 
[13/2/2022 11:29:12] 
[13/2/2022 11:29:14] 
[13/2/2022 11:29:16] 
[13/2/2022 11:29:18] 
[13/2/2022 11:29:20] 
[13/2/2022 11:29:22] 
[13/2/2022 11:29:24] 
[13/2/2022 11:29:26] 
[13/2/2022 11:29:28] 
[13/2/2022 11:29:30] 
[13/2/2022 11:29:33] 
[13/2/2022 11:29:35] 
[13/2/2022 11:29:37] 
[13/2/2022 11:29:39] 
[13/2/2022 11:29:41] 
[13/2/2022 11:29:43] 
[13/2/2022 11:29:45] 
[13/2/2022 11:29:47] 
[13/2/2022 11:29:49] 
[13/2/2022 11:29:52] 
[13/2/2022 11:29:54] 
[13/2/2022 11:29:56] 
[13/2/2022 11:29:58] 
[13/2/2022 11:30:0] 
[13/2/2022 11:30:2] 
[13/2/2022 11:30:4] 
[13/2/2022 11:30:6] 
[13/2/2022 11:30:8] 
[13/2/2022 11:30:10] 
[13/2/2022 11:30:13] 
[13/2/2022 11:30:15] 
[13/2/2022 11:30:17] 
[13/2/2022 11:30:19] 
[13/2/2022 11:30:21] 
[13/2/2022 11:30:23] 
[13/2/2022 11:30:25] 
[13/2/2022 11:30:28] 
[13/2/2022 11:30:30] 
[13/2/2022 11:30:32] 
[13/2/2022 11:30:34] 
[13/2/2022 11:30:36] 
[13/2/2022 11:30:38] 
[13/2/2022 11:30:40] 
[13/2/2022 11:30:42] 
[13/2/2022 11:30:44] 
[13/2/2022 11:30:46] 
[13/2/2022 11:30:48] 
[13/2/2022 11:30:50] 
[13/2/2022 11:30:52] 
[13/2/2022 11:30:54] 
[13/2/2022 11:30:57] 
[13/2/2022 11:30:59] 
[13/2/2022 11:31:1] 
[13/2/2022 11:31:3] 
[13/2/2022 11:33:53] !emotespells on
[13/2/2022 12:18:15] !aol
[13/2/2022 12:19:54] !aol
[13/2/2022 12:51:8] !rank axe
[13/2/2022 22:45:40] !aol
[13/2/2022 22:46:18] !aol
[15/2/2022 9:8:0] 
[15/2/2022 12:44:11] !rank level
[24/2/2022 14:27:15] !rank axe
[24/2/2022 17:55:18] !emotespells on
[25/2/2022 4:52:15] 
[26/2/2022 11:59:22] 
[26/2/2022 13:48:49] !aol
[26/2/2022 15:38:54] !aol
[26/2/2022 16:36:17] !aol
[26/2/2022 16:48:44] !aol
[26/2/2022 21:50:13] !aol
[28/2/2022 15:56:53] !rank axe
[28/2/2022 23:33:30] !aol
[28/2/2022 23:37:14] 
[1/3/2022 22:13:5] !aol
