[13/9/2025 23:8:33] /reload globalevents
[13/9/2025 23:11:54] /reload globalevents
[13/9/2025 23:13:9] /reload globalevents
[15/9/2025 19:31:22] /i 9737
[15/9/2025 19:38:40] /t
[15/9/2025 19:41:11] /t
[15/9/2025 20:0:0] /i 12665
[15/9/2025 20:0:10] /i 12666
[26/9/2025 19:15:28] /t
[26/9/2025 20:8:10] /reload globalevents
[26/9/2025 20:9:6] /reload globalevents
[26/9/2025 20:9:35] /reload globalevents
[26/9/2025 20:11:41] /reload globalevents
[26/9/2025 20:11:52] /z 22
[26/9/2025 20:11:55] /z 12
[26/9/2025 20:11:57] /z 13
[26/9/2025 20:11:58] /z 14
[26/9/2025 20:12:0] /z 15
[26/9/2025 20:12:4] /z 10
[26/9/2025 20:12:6] /z 11
[26/9/2025 20:12:7] /z 12
[26/9/2025 20:12:9] /z 13
[26/9/2025 20:12:11] /z 13
[26/9/2025 20:12:13] /z 13
[26/9/2025 20:12:31] /reload globalevents
[26/9/2025 20:13:26] /reload globalevents
[26/9/2025 20:14:22] /reload globalevents
[26/9/2025 20:14:48] /reload globalevents
[26/9/2025 20:16:27] /t
[26/9/2025 20:22:19] /attr unique 61470
[26/9/2025 20:22:29] /attr action 61470
[26/9/2025 20:23:38] /attr action 26593
[26/9/2025 20:27:28] /a 33
[26/9/2025 20:28:21] /t
[26/9/2025 20:28:34] /attr action 13500
[26/9/2025 20:29:35] /attr action 28586
[26/9/2025 20:30:0] /attr action 1985
[26/9/2025 20:37:25] /i backpack
[26/9/2025 20:37:31] /i 2160
[26/9/2025 20:37:45] /i 2160
[26/9/2025 20:37:45] /i 2160
[26/9/2025 20:49:33] /attr unique 13539
[26/9/2025 20:50:15] /attr action 33268
[26/9/2025 20:50:41] /i 2156
[26/9/2025 20:50:51] /i 2153
[26/9/2025 20:50:58] /i 2154
[26/9/2025 20:51:8] /i 2155
[26/9/2025 20:54:26] /i 2110
[26/9/2025 20:54:54] /i 2110
[26/9/2025 20:55:8] /i 1954
[26/9/2025 20:55:14] /i 1954
[26/9/2025 20:55:34] /i 10503
[26/9/2025 20:55:49] /i 11253
[26/9/2025 20:57:10] /z 53
[26/9/2025 20:57:15] /x 53
[26/9/2025 20:57:22] /z 53
[26/9/2025 20:57:37] /z 59
[26/9/2025 20:57:40] /z 1
[26/9/2025 20:57:42] /z 2
[26/9/2025 20:57:44] /z 3
[26/9/2025 20:57:46] /z 4
[26/9/2025 20:57:48] /z 5
[26/9/2025 20:57:50] /z 6
[26/9/2025 20:57:52] /z 7
[26/9/2025 20:57:55] /z 8
[26/9/2025 20:57:56] /z 9
[26/9/2025 20:57:59] /z 10
[26/9/2025 20:58:1] /z 11
[26/9/2025 20:58:4] /z 12
[26/9/2025 20:58:6] /z 13
[26/9/2025 20:58:9] /z 14
[26/9/2025 20:58:10] /z 14
[26/9/2025 20:58:13] /z 14
[26/9/2025 20:58:27] /reload actions
[26/9/2025 21:0:5] /reload actions
[26/9/2025 21:1:10] /reload actions
[26/9/2025 21:1:39] /z 0
[26/9/2025 21:1:42] /z -1
[26/9/2025 21:2:4] /i 8306
[26/9/2025 21:2:14] /i 8305
[26/9/2025 21:2:36] /i 8303
[26/9/2025 21:2:48] /i 8302
[26/9/2025 21:3:26] /i 10309
[26/9/2025 21:4:25] /attr unique 58789
[26/9/2025 21:4:35] /t
[26/9/2025 21:4:53] /t
[26/9/2025 21:5:56] /i 11128
[26/9/2025 21:6:19] /attr action 3123
[26/9/2025 21:6:38] /addskill Disney, level, 500
[26/9/2025 21:8:6] /attr action 8005
[26/9/2025 21:8:35] /i 11250
[26/9/2025 21:8:42] /i 11250
[26/9/2025 21:8:51] /i 11249
[26/9/2025 21:9:2] /i 11249
[26/9/2025 21:9:17] /i 5468
[26/9/2025 21:9:45] /i 7443
[26/9/2025 21:9:54] /i backpack
[26/9/2025 21:10:17] /attr action 1432
[26/9/2025 21:11:40] /attr action 33335
[26/9/2025 21:11:48] /a 33
[26/9/2025 21:12:24] /a 33
[26/9/2025 21:12:51] /i 2349
[26/9/2025 21:14:29] /attr action 4874
[26/9/2025 21:14:43] /i 7440
[26/9/2025 21:15:9] /i 12289
[26/9/2025 21:15:36] /attr unique 38937
[26/9/2025 21:16:6] /a 33
[26/9/2025 21:16:12] /attr unique 38937
[26/9/2025 21:16:49] /i 6572
[26/9/2025 21:17:10] /i 12346
[26/9/2025 21:17:49] /attr unique 5990
[26/9/2025 21:17:57] /attr unique 5990
[26/9/2025 21:18:21] /attr unique 10004
[26/9/2025 21:18:47] /attr action 4212
[26/9/2025 21:20:33] /attr action 10021
[26/9/2025 21:20:55] /attr unique 10021
[26/9/2025 21:22:1] /attr unique 1805
[26/9/2025 21:22:14] /a 33
[26/9/2025 21:29:15] /t
[26/9/2025 21:48:41] /t
[27/9/2025 20:44:15] /save
[27/9/2025 20:47:2] /attr unique 13400
[27/9/2025 20:47:20] /attr unique 13540
[27/9/2025 20:56:56] /save
[27/9/2025 20:59:0] /reload movements
[27/9/2025 21:1:49] /i 12279
[27/9/2025 21:9:22] /i 12279
[27/9/2025 21:11:24] /t
[27/9/2025 21:21:20] /i 12279
[27/9/2025 21:21:26] /save
[27/9/2025 22:1:43] /t
[27/9/2025 22:2:51] /t
[28/9/2025 11:9:54] /i 2182
[28/9/2025 11:25:31] /m konga
[28/9/2025 11:26:1] /m Gonka
[28/9/2025 11:27:42] /reload actions
[28/9/2025 11:28:21] /i 1750
[28/9/2025 11:28:36] /attr action 33269
[28/9/2025 11:31:11] /reload actions
[28/9/2025 11:31:32] /attr action 33269
[28/9/2025 11:36:30] /reload actions
[28/9/2025 11:48:38] /reload movements
[28/9/2025 11:49:52] /reload movements
[28/9/2025 11:50:16] /reload actions
[28/9/2025 11:52:14] /reload movements
[28/9/2025 11:53:37] /reload movements
[28/9/2025 11:56:52] /reload actions
[28/9/2025 11:57:38] /clean
[28/9/2025 12:2:31] /t
[28/9/2025 12:50:57] /attr unique 13400
[28/9/2025 12:57:45] /reload talkaction
[28/9/2025 12:58:12] /reload talkaction
[28/9/2025 13:3:37] /r
[28/9/2025 13:10:7] /attr unique 13540
[28/9/2025 13:10:34] /attr unique 13539
[28/9/2025 13:12:59] /i 2322
[28/9/2025 13:16:24] /reload movements
[28/9/2025 13:17:8] /reload movements
[28/9/2025 13:17:23] /attr unique 13401
[28/9/2025 13:18:22] /attr unique 13539
[28/9/2025 13:26:26] /reload actions
[5/10/2025 12:32:24] /t
[5/10/2025 12:46:49] /t
[5/10/2025 13:8:3] /save
[5/10/2025 13:12:22] /m Brutus Bloodbeard
[5/10/2025 13:12:25] /m Brutus Bloodbeard
[5/10/2025 13:12:57] /goto Brutus Bloodbeard
[5/10/2025 13:13:45] /goto Brutus Bloodbeard
[5/10/2025 13:15:5] /goto Brutus Bloodbeard
[5/10/2025 13:18:33] /t
[5/10/2025 13:23:41] /t
[5/10/2025 13:27:55] /t
[5/10/2025 13:28:5] /t
[6/10/2025 19:37:55] /i 8305
[6/10/2025 19:39:33] /i 8303
[6/10/2025 19:40:15] /i 2346
[6/10/2025 19:41:25] /i 9971
[6/10/2025 19:41:57] /i 8981
[6/10/2025 19:42:16] /i 7443
[6/10/2025 19:42:53] /i 2421
[6/10/2025 19:43:9] /i 9693
[6/10/2025 19:43:33] /i 12575
[6/10/2025 19:44:38] /i 2156
[6/10/2025 19:44:46] /i 2158
[6/10/2025 19:44:55] /i 9971
[6/10/2025 19:45:2] /i 2347
[6/10/2025 19:45:15] /i 23542
[6/10/2025 19:45:33] /i 23529
[6/10/2025 19:45:44] /i 12644
[6/10/2025 19:46:2] /i 8850
[6/10/2025 19:46:53] /i 7456
[6/10/2025 19:52:22] /clean
[6/10/2025 19:54:28] /t
[6/10/2025 20:0:5] /x 12
[6/10/2025 20:0:9] /z 12
[6/10/2025 20:0:10] /z 14
[6/10/2025 20:0:13] /z 55
[6/10/2025 20:0:14] /z 53
[6/10/2025 20:0:16] /z 56
[6/10/2025 20:0:18] /z 57
[6/10/2025 20:0:20] /z 59
[6/10/2025 20:0:22] /z 50
[6/10/2025 20:0:25] /z 40
[6/10/2025 20:0:26] /z 41
[6/10/2025 20:0:28] /z 42
[6/10/2025 20:0:29] /z 43
[6/10/2025 20:0:30] /z 44
[6/10/2025 20:0:31] /z 45
[6/10/2025 20:0:32] /z 46
[6/10/2025 20:0:33] /z 47
[6/10/2025 20:0:34] /z 48
[6/10/2025 20:0:35] /z 49
[6/10/2025 20:0:39] /z 50
[6/10/2025 20:0:40] /z 51
[6/10/2025 20:0:42] /z 52
[6/10/2025 20:0:44] /z 52
[6/10/2025 20:0:59] /z 53
[6/10/2025 20:1:1] /z 53
[6/10/2025 20:1:10] /z 54
[6/10/2025 20:1:12] /z 54
[6/10/2025 20:1:21] /z 55
[6/10/2025 20:2:1] /t
[6/10/2025 20:2:5] /z 56
[6/10/2025 20:2:8] /z 57
[6/10/2025 20:2:10] /z 58
[6/10/2025 20:2:11] /z 59
[6/10/2025 20:2:13] /z 60
[6/10/2025 20:2:15] /z 61
[6/10/2025 20:2:17] /z 62
[6/10/2025 20:2:18] /z 63
[6/10/2025 20:2:19] /z 64
[6/10/2025 20:2:22] /z 65
[6/10/2025 20:2:26] /z 66
[6/10/2025 20:2:28] /z 67
[6/10/2025 20:2:30] /z 68
[6/10/2025 20:2:32] /z 69
[6/10/2025 20:2:36] /z 70
[6/10/2025 20:2:40] /z 31
[6/10/2025 20:2:42] /z 32
[6/10/2025 20:2:43] /z 33
[6/10/2025 20:2:45] /z 34
[6/10/2025 20:2:46] /z 35
[6/10/2025 20:2:47] /z 36
[6/10/2025 20:2:48] /z 37
[6/10/2025 20:2:49] /z 38
[6/10/2025 20:2:50] /z 39
[6/10/2025 20:2:52] /z 40
[6/10/2025 20:2:54] /z 40
[6/10/2025 20:3:8] /reload globalevents
[6/10/2025 20:7:31] /reload globalevents
[6/10/2025 20:36:15] /reload globalevents
[23/11/2025 10:18:38] /save
[23/11/2025 10:18:55] /t
[23/11/2025 10:19:28] /attr unique 33269
[23/11/2025 10:19:33] /attr unique 33269
[23/11/2025 10:23:20] /attr action 26593
[23/11/2025 10:49:41] /t
[23/11/2025 13:4:28] /c Teste
[23/11/2025 13:5:40] /addskill Test, 100, Level
[23/11/2025 13:6:42] /addskill Teste, level
[23/11/2025 13:6:46] /addskill Teste, level
[23/11/2025 13:6:50] /addskill Teste, 10000
[23/11/2025 13:7:10] /addskill Teste, level, 400
[23/11/2025 13:7:32] /i 9971
[23/11/2025 13:7:59] /c Teste
[23/11/2025 13:8:54] /c Teste
[23/11/2025 13:9:58] /goto Teste
[23/11/2025 13:11:57] /goto Teste
[23/11/2025 13:14:7] /goto Teste
[23/11/2025 13:14:48] /c Teste
[23/11/2025 13:15:20] /c Teste
[23/11/2025 13:17:43] /c Teste
[23/11/2025 13:19:18] /c Teste
[23/11/2025 13:20:36] /c Teste
[23/11/2025 13:23:11] /i 10310
[23/11/2025 13:23:17] /c Teste
[23/11/2025 13:23:22] /i 10310
[23/11/2025 13:24:3] /c Teste
[23/11/2025 13:29:22] /t
[23/11/2025 13:30:11] /r
