[29/12/2021 22:47:5] !online
[29/12/2021 22:55:25] !serverinfo
[29/12/2021 23:33:27] !rank axe
[29/12/2021 23:33:51] !rank club
[29/12/2021 23:36:32] !aol
[30/12/2021 0:26:46] !rank
[30/12/2021 0:26:49] !rank level
[30/12/2021 1:15:29] !aol
[31/12/2021 17:53:54] !online
[1/1/2022 16:4:22] !aol
[1/1/2022 16:7:51] !aol
[1/1/2022 16:8:52] !aol
[1/1/2022 16:26:12] !rank axe
[1/1/2022 16:27:37] !rank distance
[1/1/2022 16:46:2] !aol
[1/1/2022 16:53:5] !rank magic
[1/1/2022 16:53:9] !rank magic
[1/1/2022 16:54:9] !aol
[1/1/2022 16:55:19] !wand
[1/1/2022 16:55:45] !tradeoff
[1/1/2022 17:11:13] !aol
