[28/5/2022 20:47:30] !aol
[28/5/2022 21:11:26] !emotespells on
[28/5/2022 21:36:42] !aol
[28/5/2022 21:53:10] !aol
[28/5/2022 22:2:2] !guildpoints
[28/5/2022 23:0:29] !aol
[29/5/2022 0:38:32] !aol
[29/5/2022 0:42:55] !aol
[29/5/2022 0:54:20] !aol
[29/5/2022 0:55:31] !aol
[29/5/2022 0:58:31] !aol
[29/5/2022 1:0:34] !aol
[29/5/2022 1:22:13] !aol
[29/5/2022 1:23:59] !aol
[29/5/2022 1:30:57] !aol
[29/5/2022 1:32:25] !aol
[29/5/2022 1:35:8] !aol
[29/5/2022 15:42:4] !aol
[29/5/2022 23:38:49] !aol
[30/5/2022 1:55:31] !aol
[30/5/2022 2:4:36] 
[30/5/2022 2:6:36] 
[30/5/2022 2:8:36] 
[30/5/2022 2:9:32] !aol
[30/5/2022 2:11:11] !tradeoff add,2000000
[30/5/2022 3:37:38] !aol
[30/5/2022 4:1:27] !aol
[30/5/2022 4:23:6] !aol
[30/5/2022 4:37:31] !aol
[30/5/2022 4:39:40] !aol
[30/5/2022 4:44:51] !aol
