[10/2/2022 20:21:40] !aol
[10/2/2022 23:42:29] !aol
[10/2/2022 23:57:56] !aol
[11/2/2022 0:5:22] !aol
[11/2/2022 0:47:16] !aol
[11/2/2022 0:47:44] !online
[11/2/2022 1:8:54] !aol
[11/2/2022 7:56:4] !aol
[11/2/2022 22:5:13] !aol
[11/2/2022 22:14:45] !aol
[12/2/2022 0:51:28] !frags
[12/2/2022 21:25:34] !frags
[13/2/2022 10:36:52] !frags
[16/2/2022 22:21:51] !frags
[23/2/2022 20:37:22] !aol
[23/2/2022 21:3:7] !aol
[23/2/2022 21:4:17] !aol
[23/2/2022 21:25:53] !aol
[23/2/2022 21:26:37] !aol
[23/2/2022 21:39:37] !aol
[23/2/2022 21:40:58] !aol
[25/2/2022 1:42:21] !emotespells on
[25/2/2022 2:29:20] !addon Brotherhood
[27/2/2022 18:50:49] !aol
