[2/6/2022 4:55:16] !aol
[2/6/2022 5:22:44] !aol
[2/6/2022 5:49:47] !aol
[2/6/2022 6:9:56] !aol
[2/6/2022 6:59:11] !guildpoints
[2/6/2022 7:33:3] !aol
[2/6/2022 7:49:22] !aol
[2/6/2022 5:5:35] !aol
[2/6/2022 11:45:38] !aol
[2/6/2022 13:6:29] !aol
[2/6/2022 16:45:13] !aol
[2/6/2022 22:18:24] !aol
[2/6/2022 23:4:37] !tradeoff buy, 73
[2/6/2022 23:6:41] !aol
[2/6/2022 23:10:14] !tradeoff buy, 73hi
[2/6/2022 23:12:13] !tradeoff buy, 73
[2/6/2022 23:59:47] !aol
[3/6/2022 0:29:37] !aol
[3/6/2022 1:35:47] !aol
[3/6/2022 1:39:28] !aol
[3/6/2022 2:14:40] !aol
[3/6/2022 2:47:32] !aol
[3/6/2022 3:10:34] !aol
[3/6/2022 3:13:48] !aol
[4/6/2022 3:2:27] !frags
[4/6/2022 6:14:1] !aol
[5/6/2022 7:3:27] !aol
[5/6/2022 23:36:11] !aol
[6/6/2022 2:28:26] !frags
[9/6/2022 0:51:58] !frags
[9/6/2022 2:47:42] !frags
[9/6/2022 3:6:37] !frags
[9/6/2022 3:34:4] !frags
[9/6/2022 4:9:21] !frags
[9/6/2022 19:14:41] !frags
[9/6/2022 21:2:13] !frags
[9/6/2022 21:15:19] !online
