[10/12/2021 20:52:46] !emotespells off
[10/12/2021 20:53:31] !emotespells on
[10/12/2021 21:33:9] !aol
[10/12/2021 21:40:10] !aol
[10/12/2021 22:39:40] !buyhouse
[11/12/2021 0:20:44] !buyhouse
[11/12/2021 1:47:3] !buyhouse
[11/12/2021 1:47:14] aleta sio
[11/12/2021 1:47:21] aleta som
[11/12/2021 2:41:50] !aol
[11/12/2021 2:43:55] !aol
[11/12/2021 2:45:37] !aol
[11/12/2021 2:46:23] !aol
[11/12/2021 12:32:57] !wand ice
[11/12/2021 15:42:57] !wand ice
[11/12/2021 16:13:38] !wand holy
[11/12/2021 16:38:39] !wand ice
[11/12/2021 16:46:11] !wand ice
[11/12/2021 16:46:24] !frags
[11/12/2021 21:30:49] !wand ice
[11/12/2021 22:15:5] !wand ice
[11/12/2021 22:59:49] !wand ice
[11/12/2021 23:24:48] aleta som
[11/12/2021 23:25:1] aleta sio
[11/12/2021 23:29:48] !frags
[11/12/2021 23:37:19] !frags
[12/12/2021 2:5:56] !protecthouse off
[12/12/2021 2:11:1] !protecthouse off
[12/12/2021 2:11:54] !wand ice
[12/12/2021 9:15:32] !wand ice
[12/12/2021 23:17:43] !protecthouse on
[13/12/2021 12:2:45] !frags
[13/12/2021 12:38:37] !protecthouse off
[13/12/2021 14:15:12] !frags
[13/12/2021 14:22:35] !frags
[13/12/2021 15:0:47] aleta sio
[13/12/2021 15:1:9] aleta sio
[13/12/2021 15:1:15] aleta som
[13/12/2021 15:27:38] !frags
[13/12/2021 20:26:38] aleta sio
[13/12/2021 20:26:46] aleta som
[13/12/2021 20:27:19] !frags
[13/12/2021 22:1:56] !frags
[14/12/2021 19:1:43] !frags
[15/12/2021 6:38:19] !wand ice
[15/12/2021 16:21:22] !wand ice
[15/12/2021 18:52:22] !addon warmaster
[15/12/2021 20:3:12] !wand ice
[16/12/2021 0:23:25] !wand ice
[16/12/2021 15:45:17] !wand ice
[16/12/2021 17:28:35] !frags
[16/12/2021 17:56:32] !frags
[16/12/2021 18:0:1] !frags
[16/12/2021 20:27:21] !wand ice
[16/12/2021 20:40:42] !wand ice
[16/12/2021 20:41:27] !frags
[17/12/2021 6:37:37] !wand ice
[17/12/2021 7:41:28] !wand ice
[17/12/2021 18:11:26] !online
