[31/5/2022 19:46:24] !emotespells on
[31/5/2022 20:1:41] !aol
[31/5/2022 21:4:53] !aol
[31/5/2022 21:30:49] !aol
[31/5/2022 22:0:6] !aol
[31/5/2022 22:10:47] !online
[1/6/2022 19:13:17] !rank level
[2/6/2022 0:52:18] !online
[2/6/2022 2:15:13] !online
[2/6/2022 11:27:16] !rank level
[2/6/2022 11:47:35] !online
[2/6/2022 12:52:35] !rank level
[2/6/2022 14:5:50] !online
[2/6/2022 14:25:8] !online
[2/6/2022 14:30:10] !rank magic
[2/6/2022 15:6:3] !rank level
[2/6/2022 15:45:0] !rank level
[2/6/2022 15:50:45] !rank level
[2/6/2022 17:30:28] !rank magic
[2/6/2022 17:32:55] !rank level
[2/6/2022 17:34:0] !online
[2/6/2022 17:49:34] !rank level
[2/6/2022 17:51:40] !rank level
[2/6/2022 17:59:52] !rank level
[2/6/2022 23:15:52] !online
[3/6/2022 3:13:23] !frags
[3/6/2022 3:31:32] !frags
[3/6/2022 4:13:28] !frags
[3/6/2022 12:8:35] !rank level
[3/6/2022 14:48:40] !rank level
[3/6/2022 15:32:11] !rank level
[3/6/2022 21:49:16] !rank level
[3/6/2022 22:53:25] !online
[4/6/2022 0:9:39] !rank level
[4/6/2022 14:28:37] !online
[4/6/2022 15:51:33] !online
[4/6/2022 17:47:21] !online
[4/6/2022 18:43:21] !online
[4/6/2022 19:7:47] !online
[4/6/2022 19:43:10] !online
[4/6/2022 19:53:6] !online
[4/6/2022 19:59:38] !rank level
[4/6/2022 20:48:33] !online
[4/6/2022 21:9:30] !online
[4/6/2022 22:9:28] !online
[4/6/2022 22:20:33] !online
[4/6/2022 22:36:27] !frags
[4/6/2022 22:37:21] !frags
[4/6/2022 22:48:36] !rank level
[4/6/2022 23:27:29] !rank level
[5/6/2022 5:5:18] !frags
[5/6/2022 12:16:4] !online
[5/6/2022 13:15:41] !rank level
[5/6/2022 15:31:2] !online
[5/6/2022 18:13:42] !online
[6/6/2022 17:4:17] !online
[6/6/2022 17:7:31] !rank level
[6/6/2022 18:38:7] !rank magic
[6/6/2022 19:44:29] !frags
[6/6/2022 20:13:24] !frags
[6/6/2022 20:25:51] !online
[6/6/2022 20:37:38] !frags
[6/6/2022 20:41:51] !rank magic
[6/6/2022 21:23:25] !online
[6/6/2022 23:35:42] !online
[6/6/2022 23:48:31] !frags
[7/6/2022 1:10:41] !online
[7/6/2022 13:55:7] !frags
[7/6/2022 14:4:39] !online
[7/6/2022 14:36:27] !frags
[7/6/2022 14:50:25] !frags
[7/6/2022 16:0:37] !online
[7/6/2022 20:26:39] !online
[7/6/2022 21:15:52] !online
[7/6/2022 21:31:55] !online
[8/6/2022 1:33:51] !frags
[8/6/2022 2:11:26] !frags
[8/6/2022 12:14:3] !frags
[8/6/2022 12:21:1] !frags
[8/6/2022 13:11:39] !online
[8/6/2022 13:24:3] !rank magic
[8/6/2022 13:29:53] !online
[8/6/2022 13:30:14] !eject
[8/6/2022 13:30:17] !eject
[8/6/2022 13:30:23] !eject
[8/6/2022 13:32:28] !rank level
[8/6/2022 14:5:50] !online
[8/6/2022 14:24:34] !frags
[8/6/2022 14:38:51] !online
[8/6/2022 15:31:12] !online
[8/6/2022 17:13:57] !online
[8/6/2022 18:31:28] !online
[8/6/2022 22:24:47] !online
