[11/12/2021 6:56:6] !aol
[11/12/2021 13:37:45] !emotespells
[11/12/2021 13:37:52] !emotespells off
[11/12/2021 13:38:31] !emotespells on
[11/12/2021 13:40:18] !online
[12/12/2021 17:45:48] !frags
[13/12/2021 0:9:11] !aol
[13/12/2021 0:25:37] !online
[13/12/2021 0:34:8] !aol
[13/12/2021 0:35:38] !wand earth
[13/12/2021 14:20:43] !online
[13/12/2021 16:26:3] !frags
[13/12/2021 16:26:7] !online
[13/12/2021 23:30:7] !online
[13/12/2021 23:32:44] !wand earth
[13/12/2021 23:50:43] !wand earth
[14/12/2021 0:10:22] !wand earth
[14/12/2021 9:12:55] !aol
[14/12/2021 9:13:6] !wand earth
[14/12/2021 11:31:22] !wand earth
[14/12/2021 12:3:43] !wand earth
[14/12/2021 20:9:7] !online
[14/12/2021 20:26:32] !frags
[14/12/2021 20:56:38] !frags
[14/12/2021 21:1:27] !online
[14/12/2021 21:1:59] !online
[14/12/2021 21:3:31] !frags
[14/12/2021 23:43:36] !wand earth
[15/12/2021 1:23:28] !frags
[15/12/2021 18:49:38] !wand earth
[15/12/2021 19:17:29] !wand earth
[15/12/2021 19:17:37] !online
[15/12/2021 21:16:13] !wand earth
[17/12/2021 15:4:38] !wand earth
[17/12/2021 22:9:17] !wand earth
[17/12/2021 22:10:18] !rank level
[17/12/2021 22:29:22] !wand earth
[17/12/2021 22:33:30] !wand earth
[17/12/2021 22:33:57] !frags
[18/12/2021 19:2:15] !wand earth
[19/12/2021 1:3:28] !wand earth
[19/12/2021 1:4:43] !wand earth
[19/12/2021 13:39:34] !online
[19/12/2021 16:36:4] !wand earth
[3/6/2022 14:22:30] !emotespells on
[3/6/2022 14:55:25] !aol
[3/6/2022 14:59:17] !aol
[3/6/2022 17:52:2] !guildpoints
[3/6/2022 18:4:45] !guildpoints
[3/6/2022 18:49:43] !guildpoints
[6/6/2022 14:10:24] !frags
