[10/12/2021 20:3:6] !online
[10/12/2021 20:10:9] !online
[10/12/2021 23:14:58] !aol
[10/12/2021 23:33:38] !aol
[11/12/2021 9:51:39] !aol
[11/12/2021 13:21:47] !aol
[11/12/2021 16:41:24] !aol
[13/12/2021 12:3:22] !online
[13/12/2021 12:3:32] !rank level
[13/12/2021 14:27:2] !aol
[13/12/2021 14:29:18] !aol
[14/12/2021 15:18:13] 
[14/12/2021 15:27:19] 
[14/12/2021 15:53:19] 
[14/12/2021 16:54:23] 
[14/12/2021 18:6:16] 
[14/12/2021 18:10:49] 
[14/12/2021 18:24:24] 
[14/12/2021 18:48:24] 
[14/12/2021 23:7:5] !emotespells on
[16/12/2021 12:50:34] 
