[31/5/2022 20:10:14] !rank axe
[31/5/2022 21:16:42] !rank axe
[1/6/2022 10:25:7] !rank axe
[1/6/2022 16:1:37] !rank axe
[1/6/2022 16:1:56] !rank axe
[1/6/2022 16:58:35] !rank axe
[1/6/2022 18:47:40] !rank axe
[1/6/2022 21:0:28] !rank online
[1/6/2022 21:0:37] !rank axe
[2/6/2022 7:45:0] !rank axe
[2/6/2022 8:25:12] !aol
[2/6/2022 15:56:34] !rank axe
[2/6/2022 18:55:49] !rank axe
[2/6/2022 22:17:20] !emotespells on
[2/6/2022 22:22:47] !aol
[2/6/2022 22:22:59] !emotespells on
[2/6/2022 22:29:12] !emotespells on
[2/6/2022 22:35:37] !emotespells on
[2/6/2022 22:53:56] !emotespells on
[2/6/2022 22:59:18] !emotespells on
[2/6/2022 23:10:44] !aol
[2/6/2022 23:11:3] !emotespells on
[2/6/2022 23:16:5] !aol
[2/6/2022 23:16:24] !emotespells on
[2/6/2022 23:21:23] !aol
[2/6/2022 23:21:26] !aol
[2/6/2022 23:21:30] !aol
[2/6/2022 23:21:33] !aol
[2/6/2022 23:21:36] !aol
[2/6/2022 23:21:39] !aol
[2/6/2022 23:21:46] !aol
[2/6/2022 23:21:49] !aol
[2/6/2022 23:21:52] !aol
[2/6/2022 23:21:55] !aol
[2/6/2022 23:21:59] !aol
[2/6/2022 23:22:2] !aol
[2/6/2022 23:22:5] !aol
[2/6/2022 23:22:8] !aol
[2/6/2022 23:22:12] !aol
[2/6/2022 23:22:15] !aol
[2/6/2022 23:22:18] !aol
[2/6/2022 23:22:21] !aol
[2/6/2022 23:22:24] !aol
[2/6/2022 23:22:27] !aol
[2/6/2022 23:22:31] !aol
[2/6/2022 23:22:34] !aol
[2/6/2022 23:22:37] !aol
[2/6/2022 23:22:40] !aol
[2/6/2022 23:22:44] !aol
[2/6/2022 23:22:47] !aol
[2/6/2022 23:22:50] !aol
[2/6/2022 23:22:53] !aol
[2/6/2022 23:22:56] !aol
[2/6/2022 23:23:0] !aol
[2/6/2022 23:23:3] !aol
[2/6/2022 23:23:6] !aol
[2/6/2022 23:23:9] !aol
[2/6/2022 23:23:12] !aol
[2/6/2022 23:23:16] !aol
[2/6/2022 23:23:19] !aol
[2/6/2022 23:23:22] !aol
[2/6/2022 23:23:25] !aol
[2/6/2022 23:23:28] !aol
[2/6/2022 23:23:32] !aol
[2/6/2022 23:23:35] !aol
[2/6/2022 23:23:38] !aol
[2/6/2022 23:23:41] !aol
[2/6/2022 23:23:44] !aol
[2/6/2022 23:23:48] !aol
[2/6/2022 23:23:51] !aol
[2/6/2022 23:23:54] !aol
[2/6/2022 23:23:57] !aol
[2/6/2022 23:24:0] !aol
[2/6/2022 23:24:4] !aol
[2/6/2022 23:24:7] !aol
[2/6/2022 23:24:10] !aol
[2/6/2022 23:24:13] !aol
[2/6/2022 23:24:17] !aol
[2/6/2022 23:24:20] !aol
[2/6/2022 23:24:23] !aol
[2/6/2022 23:24:26] !aol
[2/6/2022 23:24:29] !aol
[2/6/2022 23:24:33] !aol
[2/6/2022 23:24:36] !aol
[2/6/2022 23:24:39] !aol
[2/6/2022 23:24:42] !aol
[2/6/2022 23:24:45] !aol
[2/6/2022 23:24:49] !aol
[2/6/2022 23:24:52] !aol
[2/6/2022 23:24:55] !aol
[2/6/2022 23:24:58] !aol
[2/6/2022 23:25:4] !aol
[2/6/2022 23:25:6] !emotespells on
[2/6/2022 23:25:10] !aol
[2/6/2022 23:25:14] !aol
[2/6/2022 23:25:17] !aol
[2/6/2022 23:25:20] !aol
[2/6/2022 23:25:23] !aol
[2/6/2022 23:25:26] !aol
[2/6/2022 23:25:30] !aol
[2/6/2022 23:25:33] !aol
[2/6/2022 23:25:36] !aol
[2/6/2022 23:25:39] !aol
[2/6/2022 23:25:42] !aol
[2/6/2022 23:25:46] !aol
[2/6/2022 23:25:52] !aol
[2/6/2022 23:25:56] !aol
[2/6/2022 23:25:59] !aol
[2/6/2022 23:26:2] !aol
[2/6/2022 23:26:5] !aol
[2/6/2022 23:26:9] !aol
[2/6/2022 23:26:12] !aol
[2/6/2022 23:26:15] !aol
[2/6/2022 23:26:18] !aol
[2/6/2022 23:26:21] !aol
[2/6/2022 23:26:24] !aol
[2/6/2022 23:26:28] !aol
[2/6/2022 23:26:31] !aol
[2/6/2022 23:26:34] !aol
[2/6/2022 23:26:37] !aol
[2/6/2022 23:26:41] !aol
[2/6/2022 23:26:44] !aol
[2/6/2022 23:26:47] !aol
[2/6/2022 23:26:50] !aol
[2/6/2022 23:26:53] !aol
[2/6/2022 23:26:57] !aol
[2/6/2022 23:27:0] !aol
[2/6/2022 23:27:3] !aol
[2/6/2022 23:27:6] !aol
[2/6/2022 23:27:9] !aol
[2/6/2022 23:27:13] !aol
[2/6/2022 23:27:16] !aol
[2/6/2022 23:27:19] !aol
[2/6/2022 23:27:22] !aol
[2/6/2022 23:27:25] !aol
[2/6/2022 23:27:29] !aol
[2/6/2022 23:27:32] !aol
[2/6/2022 23:27:35] !aol
[2/6/2022 23:27:38] !aol
[2/6/2022 23:27:41] !aol
[2/6/2022 23:27:45] !aol
[2/6/2022 23:27:48] !aol
[2/6/2022 23:27:51] !aol
[2/6/2022 23:27:54] !aol
[2/6/2022 23:27:58] !aol
[2/6/2022 23:28:1] !aol
[2/6/2022 23:28:4] !aol
[2/6/2022 23:28:7] !aol
[2/6/2022 23:28:17] !aol
[2/6/2022 23:28:20] !aol
[2/6/2022 23:28:23] !aol
[2/6/2022 23:28:26] !aol
[2/6/2022 23:28:30] !aol
[2/6/2022 23:28:33] !aol
[2/6/2022 23:28:36] !aol
[2/6/2022 23:28:39] !aol
[2/6/2022 23:28:42] !aol
[2/6/2022 23:29:5] !aol
[2/6/2022 23:29:8] !aol
[2/6/2022 23:29:12] !aol
[2/6/2022 23:29:15] !aol
[2/6/2022 23:29:18] !aol
[2/6/2022 23:29:21] !aol
[2/6/2022 23:29:24] !aol
[2/6/2022 23:29:28] !aol
[2/6/2022 23:29:31] !aol
[2/6/2022 23:29:34] !aol
[2/6/2022 23:29:37] !aol
[2/6/2022 23:29:40] !aol
[2/6/2022 23:29:44] !aol
[2/6/2022 23:29:47] !aol
[2/6/2022 23:29:50] !aol
[2/6/2022 23:29:53] !aol
[2/6/2022 23:29:57] !aol
[2/6/2022 23:30:0] !aol
[2/6/2022 23:30:3] !aol
[2/6/2022 23:30:6] !aol
[2/6/2022 23:30:9] !aol
[2/6/2022 23:30:13] !aol
[2/6/2022 23:30:16] !aol
[2/6/2022 23:30:19] !aol
[2/6/2022 23:30:22] !aol
[2/6/2022 23:30:25] !aol
[2/6/2022 23:30:29] !aol
[2/6/2022 23:30:32] !aol
[2/6/2022 23:30:35] !aol
[2/6/2022 23:30:38] !aol
[2/6/2022 23:30:41] !aol
[2/6/2022 23:30:45] !aol
[2/6/2022 23:30:48] !aol
[2/6/2022 23:30:51] !aol
[2/6/2022 23:30:54] !aol
[2/6/2022 23:30:57] !aol
[2/6/2022 23:31:1] !aol
[2/6/2022 23:31:4] !aol
[2/6/2022 23:31:7] !aol
[2/6/2022 23:31:10] !aol
[2/6/2022 23:31:14] !aol
[2/6/2022 23:31:17] !aol
[2/6/2022 23:31:20] !aol
[2/6/2022 23:31:23] !aol
[2/6/2022 23:31:26] !aol
[2/6/2022 23:31:30] !aol
[2/6/2022 23:31:33] !aol
[2/6/2022 23:31:36] !aol
[2/6/2022 23:31:39] !aol
[2/6/2022 23:31:42] !aol
[2/6/2022 23:31:46] !aol
[2/6/2022 23:31:49] !aol
[2/6/2022 23:31:52] !aol
[2/6/2022 23:31:55] !aol
[2/6/2022 23:31:58] !aol
[2/6/2022 23:32:1] !aol
[2/6/2022 23:32:5] !aol
[2/6/2022 23:32:8] !aol
[2/6/2022 23:32:11] !aol
[2/6/2022 23:32:14] !aol
[2/6/2022 23:32:18] !aol
[2/6/2022 23:32:21] !aol
[2/6/2022 23:32:24] !aol
[2/6/2022 23:32:27] !aol
[2/6/2022 23:32:30] !aol
[2/6/2022 23:32:34] !aol
[2/6/2022 23:32:37] !aol
[2/6/2022 23:32:40] !aol
[2/6/2022 23:32:45] !aol
[2/6/2022 23:32:48] !aol
[2/6/2022 23:32:51] !aol
[2/6/2022 23:32:54] !aol
[2/6/2022 23:32:58] !aol
[2/6/2022 23:33:1] !aol
[2/6/2022 23:33:4] !aol
[2/6/2022 23:33:7] !aol
[2/6/2022 23:33:11] !aol
[2/6/2022 23:33:14] !aol
[2/6/2022 23:33:17] !aol
[2/6/2022 23:39:55] !emotespells on
[2/6/2022 23:43:51] !emotespells on
[2/6/2022 23:46:35] !emotespells on
[2/6/2022 23:49:26] !emotespells on
[2/6/2022 23:52:15] !emotespells on
[3/6/2022 0:19:24] !aol
[3/6/2022 0:19:27] !aol
[3/6/2022 0:19:30] !aol
[3/6/2022 0:19:37] !aol
[3/6/2022 0:19:40] !aol
[3/6/2022 0:19:43] !aol
[3/6/2022 0:19:46] !aol
[3/6/2022 0:19:50] !aol
[3/6/2022 0:19:53] !aol
[3/6/2022 0:19:56] !aol
[3/6/2022 0:19:59] !aol
[3/6/2022 0:20:2] !aol
[3/6/2022 0:20:6] !aol
[3/6/2022 0:20:12] !aol
[3/6/2022 0:20:15] !aol
[3/6/2022 0:21:28] !rank axe
[3/6/2022 1:19:21] !aol
[3/6/2022 1:19:24] !aol
[3/6/2022 1:19:27] !aol
[3/6/2022 1:19:30] !aol
[3/6/2022 1:19:37] !aol
[3/6/2022 1:19:40] !aol
[3/6/2022 1:19:43] !aol
[3/6/2022 1:19:47] !aol
[3/6/2022 1:19:50] !aol
[3/6/2022 1:19:53] !aol
[3/6/2022 1:19:56] !aol
[3/6/2022 1:19:59] !aol
[3/6/2022 1:20:3] !aol
[3/6/2022 1:20:6] !aol
[3/6/2022 6:30:3] !emotespells on
[3/6/2022 6:36:29] !emotespells on
[3/6/2022 6:42:9] !emotespells on
[3/6/2022 6:48:22] !emotespells on
[3/6/2022 6:53:17] !emotespells on
[3/6/2022 6:59:2] !emotespells on
[3/6/2022 7:6:23] !emotespells on
[3/6/2022 7:11:13] !aol
[3/6/2022 7:11:22] !emotespells on
[3/6/2022 7:15:46] !aol
[3/6/2022 7:15:57] !emotespells on
[3/6/2022 7:23:57] !emotespells on
[3/6/2022 7:33:8] !emotespells on
[3/6/2022 7:40:32] !emotespells on
[3/6/2022 7:49:18] !emotespells on
[3/6/2022 9:21:22] !emotespells on
[3/6/2022 12:7:57] !emotespells on
[3/6/2022 12:14:12] !emotespells on
[3/6/2022 12:15:8] !rank axe
[3/6/2022 19:4:39] !emotespells on
[3/6/2022 19:19:36] !emotespells on
[3/6/2022 19:26:56] !emotespells on
[3/6/2022 19:33:55] !emotespells on
[3/6/2022 19:42:23] !emotespells on
[3/6/2022 19:48:33] !emotespells on
[3/6/2022 19:54:49] !emotespells on
[3/6/2022 20:3:46] !emotespells on
[3/6/2022 20:10:44] !emotespells on
[4/6/2022 9:36:19] !rank axe
[4/6/2022 12:36:9] !aol
[4/6/2022 13:3:27] !aol
[4/6/2022 16:36:46] !aol
[4/6/2022 16:38:38] !aol
[4/6/2022 16:39:14] !aol
[4/6/2022 16:40:3] !aol
[4/6/2022 16:40:39] !aol
[4/6/2022 16:43:25] !aol
[4/6/2022 16:44:1] !aol
[4/6/2022 16:44:37] !aol
[4/6/2022 16:45:54] !aol
[4/6/2022 16:50:38] !aol
[4/6/2022 16:50:41] !aol
[4/6/2022 16:50:44] !aol
[4/6/2022 16:50:47] !aol
[4/6/2022 16:50:50] !aol
[4/6/2022 16:50:54] !aol
[4/6/2022 16:50:57] !aol
[4/6/2022 16:51:0] !aol
[4/6/2022 16:51:3] !aol
[4/6/2022 16:51:6] !aol
[4/6/2022 16:51:10] !aol
[4/6/2022 16:51:13] !aol
[4/6/2022 16:51:16] !aol
[4/6/2022 16:51:19] !aol
[4/6/2022 16:51:23] !aol
[4/6/2022 16:51:26] !aol
[4/6/2022 16:51:29] !aol
[4/6/2022 16:51:32] !aol
[4/6/2022 16:51:35] !aol
[4/6/2022 16:51:39] !aol
[4/6/2022 16:51:42] !aol
[4/6/2022 16:51:45] !aol
[4/6/2022 16:51:48] !aol
[4/6/2022 16:51:51] !aol
[4/6/2022 16:51:55] !aol
[4/6/2022 16:51:58] !aol
[4/6/2022 16:52:1] !aol
[4/6/2022 16:52:4] !aol
[4/6/2022 16:52:7] !aol
[4/6/2022 16:52:11] !aol
[4/6/2022 16:52:14] !aol
[4/6/2022 16:52:17] !aol
[4/6/2022 16:52:52] !aol
[4/6/2022 17:22:9] !aol
[4/6/2022 18:8:21] !aol
[4/6/2022 21:48:54] !aol
[5/6/2022 6:5:55] !aol
[5/6/2022 12:17:9] !rank axe
[5/6/2022 19:38:53] !rank axe
[5/6/2022 20:9:40] !aol
[7/6/2022 9:51:21] !rank axe
[7/6/2022 12:3:4] !rank axe
[7/6/2022 15:9:36] !rank axe
[7/6/2022 17:34:22] !rank axe
[7/6/2022 18:8:14] !rank axe
[7/6/2022 18:12:54] !rank axe
[7/6/2022 18:34:17] !rank axe
[7/6/2022 18:37:12] !rank axe
[7/6/2022 18:37:18] !rank distance
[7/6/2022 18:37:29] !rank magic
[7/6/2022 18:46:45] !rank axe
[7/6/2022 20:46:38] !rank axe
[8/6/2022 11:21:11] !aol
[8/6/2022 11:33:10] !online
[8/6/2022 13:5:9] !online
[8/6/2022 13:44:35] !aol
[8/6/2022 14:12:42] !aol
[8/6/2022 15:39:47] !rank axe
[8/6/2022 19:18:46] !rank axe
[9/6/2022 9:58:4] !aol
[9/6/2022 15:55:9] !rank axe
