[19/2/2022 17:26:21] !aol
[20/2/2022 1:45:47] !aol
[20/2/2022 11:17:13] !aol
[20/2/2022 17:55:36] !rank level
[20/2/2022 21:26:39] !aol
[20/2/2022 22:51:51] !aol
[21/2/2022 12:24:48] !aol
[23/2/2022 20:51:20] !rank level
[23/2/2022 20:53:21] !online
[23/2/2022 22:45:16] !rank sword
[23/2/2022 22:45:42] !rank club
[23/2/2022 23:9:3] !rank axe
[23/2/2022 23:9:9] !rank sword
[23/2/2022 23:9:28] !online
[23/2/2022 23:9:50] !rank level
[24/2/2022 19:39:15] !rank sword
[24/2/2022 19:39:31] !rank distance
[24/2/2022 19:39:58] !rank club
[24/2/2022 21:22:8] !aol
[24/2/2022 22:40:17] !aol
[25/2/2022 18:22:5] !aol
