[10/12/2021 20:47:45] !rank level
[10/12/2021 21:4:1] !rank level
[10/12/2021 21:4:28] !rank sword
[10/12/2021 21:28:10] !rank 
[10/12/2021 21:28:14] !rank level
[10/12/2021 21:51:16] !online
[10/12/2021 23:29:9] !rank sword
[10/12/2021 23:50:46] !rank level
[11/12/2021 9:9:33] !aol
[11/12/2021 9:12:22] !aol
[11/12/2021 9:13:45] !aol
[11/12/2021 9:16:10] !aol
[11/12/2021 13:49:35] !online
[13/12/2021 10:39:43] !online
[15/12/2021 16:37:38] !rank sword--
[15/12/2021 16:37:44] !rank swor
[15/12/2021 16:37:47] !rank sword
[15/12/2021 18:41:29] !online
[16/12/2021 17:16:59] !guildpoints
[17/12/2021 9:13:47] !rank magic
[17/12/2021 21:41:55] !rank sword
[17/12/2021 21:42:2] !rank sword
[19/12/2021 19:43:11] !guildpoints
[19/12/2021 20:15:55] !buyhouse
[19/12/2021 20:18:52] aleta sio
[19/12/2021 20:20:2] aleta sio
[19/12/2021 20:20:7] aleta som
[19/12/2021 20:20:11] aleta grav
[19/12/2021 20:20:15] aleta grav
[20/12/2021 12:0:41] !rank sword
[20/12/2021 20:2:30] !online
[20/12/2021 22:20:41] !rank sword
[21/12/2021 20:16:12] !online
[22/12/2021 13:27:5] !rank sword
[23/12/2021 15:55:32] !online
[23/12/2021 21:33:28] !rank sword
[24/12/2021 13:24:59] !online
[25/12/2021 10:42:6] !rank sword
[25/12/2021 10:42:27] !rank level
[26/12/2021 17:11:15] !online
[26/12/2021 19:19:23] !rank sword
[26/12/2021 19:26:44] !rank sword
[26/12/2021 19:26:51] !rank axe
[1/1/2022 23:16:56] !online
