[28/2/2022 21:40:38] !aol
[28/2/2022 21:51:53] !aol
[28/2/2022 22:0:59] !aol
[28/2/2022 22:9:55] !aol
[28/2/2022 22:12:29] !aol
[28/2/2022 22:13:29] !aol
[28/2/2022 22:17:59] !aol
[28/2/2022 22:49:49] !aol
[28/2/2022 22:56:4] !aol
[1/3/2022 14:22:0] !aol
[1/3/2022 14:36:8] !aol
[1/3/2022 15:4:55] !aol
[2/3/2022 8:23:30] !aol
[2/3/2022 8:51:6] !aol
[2/3/2022 21:5:23] !online
[8/3/2022 14:41:32] !online
[8/3/2022 17:43:13] !rank
[8/3/2022 17:43:18] !rank lel
[8/3/2022 17:43:24] !rank level
[8/3/2022 17:44:10] !rank magic
[8/3/2022 17:45:2] !rank distance
[8/3/2022 17:45:29] !rank sword
[8/3/2022 17:45:37] !rank mace
[8/3/2022 17:45:46] !rank club
[8/3/2022 17:46:0] !rank axe
[8/3/2022 17:46:13] !rank mace
[8/3/2022 17:46:23] !rank fist
[8/3/2022 17:46:32] !rank fist
[8/3/2022 20:0:38] !online
[9/3/2022 16:31:1] !online
[10/3/2022 21:20:52] !online
[10/3/2022 21:21:6] !online
[11/3/2022 15:19:27] !online
[11/3/2022 21:14:40] !online
[12/3/2022 20:22:44] !online
[13/3/2022 1:45:0] !online
