[20/12/2021 22:13:22] !aol
[1/6/2022 18:48:1] !rank sword
[1/6/2022 19:22:26] !rank sword
[2/6/2022 1:54:9] !rank sword
[2/6/2022 1:54:14] !rank sword
[2/6/2022 1:54:17] !rank sword
[2/6/2022 1:54:24] !rank
[2/6/2022 1:54:37] !rank sword 
[2/6/2022 1:54:41] !rank sword
[2/6/2022 1:55:6] !rank sword
[2/6/2022 1:55:10] !rank sword
[2/6/2022 6:32:10] !rank sword
[2/6/2022 7:12:29] !rank sword
[2/6/2022 7:12:56] !rank sword
[2/6/2022 7:13:27] !rank sword
[2/6/2022 15:38:38] !emotespells on
[2/6/2022 19:26:56] !emotespells on
[2/6/2022 19:58:16] !emotespells on
[2/6/2022 20:34:55] !emotespells on
[2/6/2022 21:0:24] !emotespells on
[2/6/2022 21:45:55] !emotespells on
[2/6/2022 22:21:15] !emotespells on
[2/6/2022 23:5:32] !emotespells on
[2/6/2022 23:50:13] !emotespells on
[3/6/2022 0:27:41] !emotespells on
[3/6/2022 1:6:40] !emotespells on
[3/6/2022 1:46:42] !emotespells on
[3/6/2022 2:30:20] !emotespells on
[3/6/2022 3:11:43] !emotespells on
[3/6/2022 3:56:22] !emotespells on
[3/6/2022 4:20:43] !emotespells on
[3/6/2022 5:18:31] !emotespells on
[3/6/2022 5:44:6] !emotespells on
[3/6/2022 6:28:23] !emotespells on
[3/6/2022 7:4:26] !emotespells on
[3/6/2022 7:15:49] !emotespells on
[3/6/2022 7:56:42] !emotespells on
[3/6/2022 8:29:22] !emotespells on
[3/6/2022 8:32:5] !online
[3/6/2022 23:28:7] !emotespells on
[3/6/2022 23:36:42] !emotespells on
[3/6/2022 23:47:20] !emotespells on
[3/6/2022 23:55:32] !emotespells on
[4/6/2022 0:5:51] !emotespells on
[4/6/2022 0:15:30] !emotespells on
[4/6/2022 0:23:17] !emotespells on
[4/6/2022 0:32:28] !emotespells on
[4/6/2022 0:42:20] !emotespells on
[4/6/2022 0:53:17] !emotespells on
[4/6/2022 1:5:45] !emotespells on
[4/6/2022 1:15:42] !emotespells on
[4/6/2022 1:29:57] !emotespells on
[4/6/2022 1:45:0] !emotespells on
[4/6/2022 1:56:6] !emotespells on
[4/6/2022 2:4:57] !emotespells on
[4/6/2022 2:15:23] !emotespells on
[4/6/2022 2:24:22] !emotespells on
[4/6/2022 2:25:55] !emotespells on
[4/6/2022 2:26:33] !emotespells on
[4/6/2022 2:27:11] !emotespells on
[4/6/2022 2:27:49] !emotespells on
[4/6/2022 2:28:27] !emotespells on
[4/6/2022 2:29:5] !emotespells on
[4/6/2022 2:30:21] !emotespells on
[4/6/2022 2:30:58] !emotespells on
[4/6/2022 2:31:35] !emotespells on
[4/6/2022 2:32:12] !emotespells on
[4/6/2022 2:32:50] !emotespells on
[4/6/2022 2:33:27] !emotespells on
[4/6/2022 2:34:4] !emotespells on
[4/6/2022 2:34:42] !emotespells on
[4/6/2022 2:35:20] !emotespells on
[4/6/2022 2:35:58] !emotespells on
[4/6/2022 2:36:39] !emotespells on
[4/6/2022 2:37:16] !emotespells on
[4/6/2022 2:37:54] !emotespells on
[4/6/2022 2:38:31] !emotespells on
[4/6/2022 2:39:8] !emotespells on
[4/6/2022 2:39:45] !emotespells on
[4/6/2022 2:40:22] !emotespells on
[4/6/2022 2:41:37] !emotespells on
[4/6/2022 2:42:15] !emotespells on
[4/6/2022 2:42:52] !emotespells on
[4/6/2022 2:43:29] !emotespells on
[4/6/2022 2:44:6] !emotespells on
[4/6/2022 2:44:43] !emotespells on
[4/6/2022 2:45:20] !emotespells on
[4/6/2022 2:45:58] !emotespells on
[4/6/2022 2:46:36] !emotespells on
[4/6/2022 2:47:51] !emotespells on
[4/6/2022 2:48:29] !emotespells on
[4/6/2022 2:49:6] !emotespells on
[4/6/2022 2:49:44] !emotespells on
[4/6/2022 2:50:20] !emotespells on
[4/6/2022 2:50:57] !emotespells on
[4/6/2022 2:51:34] !emotespells on
[4/6/2022 2:52:11] !emotespells on
[4/6/2022 2:52:48] !emotespells on
[4/6/2022 2:53:26] !emotespells on
[4/6/2022 2:54:4] !emotespells on
[4/6/2022 2:54:41] !emotespells on
[4/6/2022 2:55:19] !emotespells on
[4/6/2022 2:55:57] !emotespells on
[4/6/2022 2:56:35] !emotespells on
[4/6/2022 2:57:12] !emotespells on
[4/6/2022 2:57:48] !emotespells on
[4/6/2022 2:58:25] !emotespells on
[4/6/2022 2:59:2] !emotespells on
[4/6/2022 2:59:39] !emotespells on
[4/6/2022 3:0:16] !emotespells on
[4/6/2022 3:0:54] !emotespells on
[4/6/2022 3:1:32] !emotespells on
[4/6/2022 3:2:12] !emotespells on
[4/6/2022 3:2:49] !emotespells on
[4/6/2022 3:3:26] !emotespells on
[4/6/2022 3:4:3] !emotespells on
[4/6/2022 3:8:42] !emotespells on
[4/6/2022 3:17:8] !emotespells on
[4/6/2022 3:29:22] !emotespells on
[4/6/2022 3:38:19] !emotespells on
[4/6/2022 3:47:8] !emotespells on
[4/6/2022 4:22:13] !emotespells on
[4/6/2022 4:39:8] !emotespells on
[4/6/2022 4:48:56] !emotespells on
[4/6/2022 4:56:59] !emotespells on
[4/6/2022 5:15:53] !emotespells on
[4/6/2022 5:28:24] !emotespells on
[4/6/2022 5:31:55] !emotespells on
[4/6/2022 5:32:32] !emotespells on
[4/6/2022 5:33:9] !emotespells on
[4/6/2022 5:33:46] !emotespells on
[4/6/2022 5:34:23] !emotespells on
[4/6/2022 5:35:0] !emotespells on
[4/6/2022 5:35:37] !emotespells on
[4/6/2022 5:36:14] !emotespells on
[4/6/2022 5:36:51] !emotespells on
[4/6/2022 5:37:28] !emotespells on
[4/6/2022 5:38:5] !emotespells on
[4/6/2022 5:38:43] !emotespells on
[4/6/2022 5:39:25] !emotespells on
[4/6/2022 5:40:7] !emotespells on
[4/6/2022 5:40:48] !emotespells on
[4/6/2022 5:41:30] !emotespells on
[4/6/2022 5:42:12] !emotespells on
[4/6/2022 5:42:54] !emotespells on
[4/6/2022 5:43:36] !emotespells on
[4/6/2022 5:44:18] !emotespells on
[4/6/2022 5:45:0] !emotespells on
[4/6/2022 5:45:42] !emotespells on
[4/6/2022 5:46:23] !emotespells on
[4/6/2022 5:47:5] !emotespells on
[4/6/2022 5:47:47] !emotespells on
[4/6/2022 5:48:29] !emotespells on
[4/6/2022 5:49:11] !emotespells on
[4/6/2022 5:49:53] !emotespells on
[4/6/2022 5:50:35] !emotespells on
[4/6/2022 5:51:17] !emotespells on
[4/6/2022 5:51:59] !emotespells on
[4/6/2022 5:52:41] !emotespells on
[4/6/2022 5:53:23] !emotespells on
[4/6/2022 5:54:5] !emotespells on
[4/6/2022 5:54:47] !emotespells on
[4/6/2022 5:55:29] !emotespells on
[4/6/2022 5:56:11] !emotespells on
[4/6/2022 5:56:53] !emotespells on
[4/6/2022 5:57:35] !emotespells on
[4/6/2022 5:58:17] !emotespells on
[4/6/2022 5:58:59] !emotespells on
[4/6/2022 5:59:41] !emotespells on
[4/6/2022 6:0:22] !emotespells on
[4/6/2022 6:1:4] !emotespells on
[4/6/2022 6:1:46] !emotespells on
[4/6/2022 6:2:28] !emotespells on
[4/6/2022 6:3:10] !emotespells on
[4/6/2022 6:24:8] !emotespells on
[4/6/2022 6:24:50] !emotespells on
[4/6/2022 6:25:32] !emotespells on
[4/6/2022 6:26:13] !emotespells on
[4/6/2022 6:26:55] !emotespells on
[4/6/2022 6:27:37] !emotespells on
[4/6/2022 6:28:19] !emotespells on
[4/6/2022 6:29:1] !emotespells on
[4/6/2022 6:30:24] !emotespells on
[4/6/2022 6:31:6] !emotespells on
[4/6/2022 6:31:48] !emotespells on
[4/6/2022 6:32:29] !emotespells on
[4/6/2022 6:33:11] !emotespells on
[4/6/2022 6:33:53] !emotespells on
[4/6/2022 6:34:35] !emotespells on
[4/6/2022 6:35:17] !emotespells on
[4/6/2022 6:35:58] !emotespells on
[4/6/2022 6:36:40] !emotespells on
[4/6/2022 6:37:22] !emotespells on
[4/6/2022 6:38:3] !emotespells on
[4/6/2022 6:38:45] !emotespells on
[4/6/2022 6:39:26] !emotespells on
[4/6/2022 6:40:8] !emotespells on
[4/6/2022 6:40:50] !emotespells on
[4/6/2022 6:41:31] !emotespells on
[4/6/2022 6:42:13] !emotespells on
[4/6/2022 6:42:55] !emotespells on
[4/6/2022 6:43:37] !emotespells on
[4/6/2022 6:44:18] !emotespells on
[4/6/2022 6:45:0] !emotespells on
[4/6/2022 6:45:42] !emotespells on
[4/6/2022 6:46:23] !emotespells on
[4/6/2022 6:47:5] !emotespells on
[4/6/2022 6:48:29] !emotespells on
[4/6/2022 6:49:10] !emotespells on
[4/6/2022 6:49:52] !emotespells on
[4/6/2022 6:50:34] !emotespells on
[4/6/2022 6:51:16] !emotespells on
[4/6/2022 6:52:40] !emotespells on
[4/6/2022 6:53:22] !emotespells on
[4/6/2022 6:54:3] !emotespells on
[4/6/2022 6:54:45] !emotespells on
[4/6/2022 6:55:27] !emotespells on
[4/6/2022 6:56:9] !emotespells on
[4/6/2022 6:56:50] !emotespells on
[4/6/2022 6:57:32] !emotespells on
[4/6/2022 6:58:14] !emotespells on
[4/6/2022 6:58:56] !emotespells on
[4/6/2022 6:59:37] !emotespells on
[4/6/2022 7:0:19] !emotespells on
[4/6/2022 7:1:1] !emotespells on
[4/6/2022 7:1:43] !emotespells on
[4/6/2022 7:2:25] !emotespells on
[4/6/2022 7:3:7] !emotespells on
[4/6/2022 7:3:49] !emotespells on
[4/6/2022 7:4:31] !emotespells on
[4/6/2022 7:5:12] !emotespells on
[4/6/2022 7:5:54] !emotespells on
[4/6/2022 7:6:36] !emotespells on
[4/6/2022 7:7:18] !emotespells on
[4/6/2022 7:8:0] !emotespells on
[4/6/2022 7:9:23] !emotespells on
[4/6/2022 7:10:5] !emotespells on
[4/6/2022 7:10:47] !emotespells on
[4/6/2022 7:11:28] !emotespells on
[4/6/2022 7:12:10] !emotespells on
[4/6/2022 7:12:52] !emotespells on
[4/6/2022 7:13:33] !emotespells on
[4/6/2022 7:14:15] !emotespells on
[4/6/2022 7:14:57] !emotespells on
[4/6/2022 7:15:38] !emotespells on
[4/6/2022 7:16:20] !emotespells on
[4/6/2022 7:17:2] !emotespells on
[4/6/2022 7:17:44] !emotespells on
[4/6/2022 7:18:25] !emotespells on
[4/6/2022 7:19:7] !emotespells on
[4/6/2022 7:19:49] !emotespells on
[4/6/2022 7:20:30] !emotespells on
[4/6/2022 7:21:12] !emotespells on
[4/6/2022 7:21:54] !emotespells on
[4/6/2022 7:22:36] !emotespells on
[4/6/2022 7:23:17] !emotespells on
[4/6/2022 7:23:59] !emotespells on
[4/6/2022 7:24:41] !emotespells on
[4/6/2022 7:25:22] !emotespells on
[4/6/2022 7:26:4] !emotespells on
[4/6/2022 7:26:46] !emotespells on
[4/6/2022 7:27:28] !emotespells on
[4/6/2022 7:28:10] !emotespells on
[4/6/2022 7:28:51] !emotespells on
[4/6/2022 7:29:33] !emotespells on
[4/6/2022 7:30:14] !emotespells on
[4/6/2022 7:30:56] !emotespells on
[4/6/2022 7:31:38] !emotespells on
[4/6/2022 7:32:20] !emotespells on
[4/6/2022 7:33:1] !emotespells on
[4/6/2022 7:33:43] !emotespells on
[4/6/2022 7:34:25] !emotespells on
[4/6/2022 7:35:7] !emotespells on
[4/6/2022 7:35:49] !emotespells on
[4/6/2022 7:36:30] !emotespells on
[4/6/2022 7:37:12] !emotespells on
[4/6/2022 7:37:54] !emotespells on
[4/6/2022 7:38:36] !emotespells on
[4/6/2022 7:39:17] !emotespells on
[4/6/2022 7:39:59] !emotespells on
[4/6/2022 7:40:41] !emotespells on
[4/6/2022 7:41:23] !emotespells on
[4/6/2022 7:42:4] !emotespells on
[4/6/2022 7:42:46] !emotespells on
[4/6/2022 7:43:28] !emotespells on
[4/6/2022 7:44:10] !emotespells on
[4/6/2022 7:44:51] !emotespells on
[4/6/2022 7:45:33] !emotespells on
[4/6/2022 7:46:15] !emotespells on
[4/6/2022 7:46:56] !emotespells on
[4/6/2022 7:47:38] !emotespells on
[4/6/2022 7:48:20] !emotespells on
[4/6/2022 7:49:1] !emotespells on
[4/6/2022 7:49:43] !emotespells on
[4/6/2022 7:50:25] !emotespells on
[4/6/2022 7:51:7] !emotespells on
[4/6/2022 7:51:49] !emotespells on
[4/6/2022 7:52:30] !emotespells on
[4/6/2022 7:53:12] !emotespells on
[4/6/2022 7:53:54] !emotespells on
[4/6/2022 7:54:36] !emotespells on
[4/6/2022 7:55:18] !emotespells on
[4/6/2022 7:56:0] !emotespells on
[4/6/2022 7:56:42] !emotespells on
[4/6/2022 7:57:23] !emotespells on
[4/6/2022 7:58:5] !emotespells on
[4/6/2022 7:58:47] !emotespells on
[4/6/2022 7:59:29] !emotespells on
[4/6/2022 8:0:11] !emotespells on
[4/6/2022 8:0:52] !emotespells on
[4/6/2022 8:1:34] !emotespells on
[4/6/2022 8:2:16] !emotespells on
[4/6/2022 8:2:58] !emotespells on
[4/6/2022 8:3:39] !emotespells on
[4/6/2022 8:4:21] !emotespells on
[4/6/2022 8:5:3] !emotespells on
[4/6/2022 8:5:46] !emotespells on
[4/6/2022 8:6:28] !emotespells on
[4/6/2022 8:7:11] !emotespells on
[4/6/2022 8:7:53] !emotespells on
[4/6/2022 8:8:36] !emotespells on
[4/6/2022 8:9:18] !emotespells on
[4/6/2022 8:10:0] !emotespells on
[4/6/2022 8:10:43] !emotespells on
[4/6/2022 8:11:25] !emotespells on
[4/6/2022 8:12:8] !emotespells on
[4/6/2022 8:12:50] !emotespells on
[4/6/2022 8:13:32] !emotespells on
[4/6/2022 8:14:57] !emotespells on
[4/6/2022 8:15:39] !emotespells on
[4/6/2022 8:16:22] !emotespells on
[4/6/2022 8:17:4] !emotespells on
[4/6/2022 8:17:46] !emotespells on
[4/6/2022 8:29:10] !emotespells on
[4/6/2022 8:39:23] !emotespells on
[4/6/2022 8:51:13] !emotespells on
[4/6/2022 9:1:31] !emotespells on
[4/6/2022 9:13:1] !emotespells on
[4/6/2022 9:15:2] !emotespells on
[4/6/2022 9:15:45] !emotespells on
[4/6/2022 9:23:17] !emotespells on
[4/6/2022 9:33:41] !emotespells on
[4/6/2022 9:42:9] !emotespells on
[4/6/2022 9:52:22] !emotespells on
[4/6/2022 10:3:12] !emotespells on
[4/6/2022 10:11:53] !emotespells on
[4/6/2022 10:22:20] !emotespells on
[4/6/2022 10:33:13] !emotespells on
[4/6/2022 10:35:22] !emotespells on
[4/6/2022 10:35:58] !emotespells on
[4/6/2022 10:36:35] !emotespells on
[4/6/2022 10:37:12] !emotespells on
[4/6/2022 10:37:49] !emotespells on
[4/6/2022 10:38:25] !emotespells on
[4/6/2022 10:39:2] !emotespells on
[4/6/2022 10:39:39] !emotespells on
[4/6/2022 10:40:16] !emotespells on
[4/6/2022 10:40:53] !emotespells on
[4/6/2022 10:41:34] !emotespells on
[4/6/2022 10:42:15] !emotespells on
[4/6/2022 10:42:57] !emotespells on
[4/6/2022 10:43:38] !emotespells on
[4/6/2022 10:44:20] !emotespells on
[4/6/2022 10:45:1] !emotespells on
[4/6/2022 10:45:43] !emotespells on
[4/6/2022 10:46:24] !emotespells on
[4/6/2022 10:53:10] !emotespells on
[4/6/2022 11:4:50] !emotespells on
[4/6/2022 11:13:48] !emotespells on
[4/6/2022 11:22:43] !emotespells on
[4/6/2022 11:32:25] !emotespells on
[4/6/2022 11:38:43] !emotespells on
[4/6/2022 11:52:59] !emotespells on
[4/6/2022 11:54:35] !emotespells on
[4/6/2022 11:58:10] !emotespells on
[4/6/2022 11:58:52] !emotespells on
[4/6/2022 11:59:34] !emotespells on
[4/6/2022 12:0:16] !emotespells on
[4/6/2022 12:21:39] !emotespells on
[4/6/2022 12:26:10] !emotespells on
[4/6/2022 12:26:52] !emotespells on
[4/6/2022 12:27:33] !emotespells on
[4/6/2022 12:28:15] !emotespells on
[4/6/2022 12:28:57] !emotespells on
[4/6/2022 12:29:39] !emotespells on
[4/6/2022 12:30:20] !emotespells on
[4/6/2022 12:31:2] !emotespells on
[4/6/2022 12:31:44] !emotespells on
[4/6/2022 12:32:26] !emotespells on
[4/6/2022 12:33:7] !emotespells on
[4/6/2022 12:33:54] !emotespells on
[4/6/2022 12:35:36] !emotespells on
[4/6/2022 12:36:18] !emotespells on
[4/6/2022 12:37:1] !emotespells on
[4/6/2022 12:37:44] !emotespells on
[4/6/2022 12:38:26] !emotespells on
[4/6/2022 12:40:32] !emotespells on
[4/6/2022 12:43:45] !emotespells on
[4/6/2022 12:44:26] !emotespells on
[4/6/2022 12:45:8] !emotespells on
[4/6/2022 18:21:5] !online
[4/6/2022 20:52:59] !emotespells on
[4/6/2022 21:4:48] !emotespells on
[4/6/2022 23:35:56] !emotespells on
[4/6/2022 23:37:4] !emotespells on
[4/6/2022 23:38:12] !emotespells on
[4/6/2022 23:40:42] !emotespells on
[4/6/2022 23:43:2] !emotespells on
[8/6/2022 10:36:10] !emotespells on
[8/6/2022 10:47:49] !emotespells on
[8/6/2022 10:49:46] !emotespells on
[8/6/2022 16:38:49] !rank sword
