[9/12/2021 21:21:22] !rank sword
[9/12/2021 21:21:28] !rank club
[11/12/2021 8:21:50] !aol
[11/12/2021 8:22:25] !aol
[11/12/2021 8:55:7] !buyhouse
[11/12/2021 9:33:34] !aol
[11/12/2021 11:16:2] !rank club
[12/12/2021 9:21:18] !rank club
[12/12/2021 9:22:33] !aol
[12/12/2021 9:32:13] !aol
[12/12/2021 9:46:24] !aol
[12/12/2021 16:10:16] !aol
[12/12/2021 16:13:0] !buyhouse
[13/12/2021 6:31:17] !rank club
[14/12/2021 6:35:6] !rank club
[15/12/2021 6:9:10] !rank club
[15/12/2021 20:45:49] !aol
[16/12/2021 20:26:32] !eject
[16/12/2021 20:26:38] !eject
[16/12/2021 20:29:1] !buyhouse
[16/12/2021 20:31:28] !rank club
[16/12/2021 22:3:35] !aol
[17/12/2021 5:55:4] !rank club
[17/12/2021 20:6:56] !eject
[18/12/2021 8:39:51] !eject
[18/12/2021 8:40:4] !eject
[18/12/2021 8:40:14] !eject
[18/12/2021 8:40:17] !eject
[18/12/2021 15:48:13] !rank club
[19/12/2021 13:17:2] !buyhouse
[19/12/2021 13:17:24] !protecthouse
[19/12/2021 13:17:34] !protecthouse on
[20/12/2021 4:1:7] !rank club
[21/12/2021 20:57:48] !rank club
[23/12/2021 6:27:28] !rank club
[24/12/2021 19:9:57] !rank club
[24/12/2021 19:13:58] !rank level
