[10/2/2022 20:52:5] !rank sword
[10/2/2022 20:52:18] !rank level
[10/2/2022 21:12:18] !rank sword
[10/2/2022 22:54:33] !rank sword
[10/2/2022 23:39:1] !rank sword
[11/2/2022 0:16:59] !rank sword
[11/2/2022 0:17:8] !rank sword
[11/2/2022 1:3:24] !rank sword
[11/2/2022 1:51:6] !rank sword
[11/2/2022 6:48:36] !rank sword
[11/2/2022 6:48:41] !rank level
[11/2/2022 6:48:47] !online
[11/2/2022 21:15:7] !rank sword
[11/2/2022 21:16:13] !rank axe
[11/2/2022 21:18:27] !rank sword
[12/2/2022 2:30:47] !online
[12/2/2022 2:30:59] !rank sword
[12/2/2022 4:8:54] !online
[12/2/2022 18:5:30] !buyhouse
[12/2/2022 18:5:38] !buyhouse
[12/2/2022 18:5:56] !online
[12/2/2022 19:16:6] !online
[12/2/2022 19:51:18] !online
[13/2/2022 1:44:13] !online
[13/2/2022 17:1:2] !rank sword
[14/2/2022 19:7:30] !online
[15/2/2022 0:56:52] aleta som
[15/2/2022 1:43:39] !online
[15/2/2022 22:31:33] !online
[16/2/2022 13:54:33] !rank sword
[16/2/2022 14:35:24] aleta som
[18/2/2022 3:15:20] !online
[18/2/2022 3:23:26] !rank level
[18/2/2022 6:30:8] !online
[19/2/2022 17:54:2] !online
[19/2/2022 17:54:16] !rank level
[19/2/2022 18:41:57] !online
[19/2/2022 18:48:34] !online
