[30/5/2022 1:17:35] 
[30/5/2022 1:17:37] 
[30/5/2022 1:17:39] 
[30/5/2022 1:17:41] 
[30/5/2022 1:17:43] 
[30/5/2022 1:17:46] 
[30/5/2022 1:17:48] 
[30/5/2022 1:17:50] 
[30/5/2022 1:17:52] 
[30/5/2022 1:17:54] 
[30/5/2022 1:19:55] 
[30/5/2022 1:19:57] 
[30/5/2022 1:19:59] 
[30/5/2022 1:20:4] 
[30/5/2022 1:20:6] 
[30/5/2022 1:20:8] 
[30/5/2022 1:20:11] 
[30/5/2022 1:46:42] 
[30/5/2022 1:46:44] 
[30/5/2022 1:46:48] 
[30/5/2022 1:46:51] 
[30/5/2022 1:46:53] 
[30/5/2022 1:46:55] 
[30/5/2022 1:47:20] 
[30/5/2022 1:47:22] 
[30/5/2022 1:47:24] 
[30/5/2022 1:47:31] 
[30/5/2022 1:47:33] 
[30/5/2022 1:47:35] 
[30/5/2022 1:47:37] 
[30/5/2022 1:47:39] 
[30/5/2022 1:47:42] 
[30/5/2022 1:47:49] 
[30/5/2022 1:47:51] 
[30/5/2022 1:47:53] 
[30/5/2022 1:47:55] 
[30/5/2022 1:47:57] 
[30/5/2022 1:48:0] 
[30/5/2022 1:48:2] 
[30/5/2022 1:48:13] 
[30/5/2022 1:48:17] 
[30/5/2022 1:48:19] 
[30/5/2022 1:48:21] 
[30/5/2022 1:48:23] 
[30/5/2022 1:48:26] 
[30/5/2022 1:48:28] 
[30/5/2022 1:48:33] 
[30/5/2022 2:0:31] 
[30/5/2022 2:0:33] 
[30/5/2022 2:0:36] 
[30/5/2022 2:0:38] 
[30/5/2022 2:0:40] 
[30/5/2022 2:0:42] 
[30/5/2022 2:0:44] 
[30/5/2022 2:0:46] 
[30/5/2022 2:0:48] 
[30/5/2022 2:0:50] 
[30/5/2022 2:0:52] 
[30/5/2022 2:0:54] 
[30/5/2022 2:0:56] 
[30/5/2022 2:0:58] 
[30/5/2022 2:1:0] 
[30/5/2022 2:1:2] 
[30/5/2022 2:1:4] 
[30/5/2022 2:1:6] 
[30/5/2022 2:1:9] 
[30/5/2022 2:1:11] 
[30/5/2022 2:1:13] 
[30/5/2022 2:1:15] 
[30/5/2022 2:1:17] 
[30/5/2022 2:1:19] 
[30/5/2022 2:1:21] 
[30/5/2022 2:1:23] 
[30/5/2022 2:1:25] 
[30/5/2022 2:1:27] 
[30/5/2022 2:1:29] 
[30/5/2022 2:1:31] 
[30/5/2022 2:1:33] 
[30/5/2022 2:1:35] 
[30/5/2022 2:1:38] 
[30/5/2022 2:1:40] 
[30/5/2022 2:1:42] 
[30/5/2022 2:1:44] 
[30/5/2022 2:1:46] 
[30/5/2022 2:1:48] 
[30/5/2022 2:1:50] 
[30/5/2022 2:1:52] 
[30/5/2022 2:1:54] 
[30/5/2022 2:1:56] 
[30/5/2022 2:1:58] 
[30/5/2022 2:2:0] 
[30/5/2022 2:2:2] 
[30/5/2022 2:2:4] 
[30/5/2022 2:2:7] 
[30/5/2022 2:2:9] 
[30/5/2022 2:2:11] 
[30/5/2022 2:2:13] 
[30/5/2022 2:2:15] 
[30/5/2022 2:2:17] 
[30/5/2022 2:7:54] 
[30/5/2022 2:7:57] 
[30/5/2022 2:7:59] 
[30/5/2022 2:8:1] 
[30/5/2022 2:8:37] 
[30/5/2022 2:8:39] 
[30/5/2022 2:8:43] 
[30/5/2022 2:8:45] 
[30/5/2022 2:8:57] 
[30/5/2022 2:8:59] 
[30/5/2022 2:9:11] 
[30/5/2022 2:9:13] 
[30/5/2022 2:9:15] 
[30/5/2022 2:9:17] 
[30/5/2022 2:9:19] 
[30/5/2022 2:9:22] 
[30/5/2022 2:9:24] 
[30/5/2022 2:9:26] 
[30/5/2022 2:9:28] 
[30/5/2022 2:9:30] 
[30/5/2022 2:9:33] !emotespells on
[30/5/2022 2:9:42] 
[30/5/2022 2:9:45] 
[30/5/2022 2:9:47] 
[30/5/2022 2:9:50] 
[30/5/2022 2:9:52] 
[30/5/2022 2:9:54] 
[30/5/2022 2:9:56] 
[30/5/2022 2:9:58] 
[30/5/2022 2:10:0] 
[30/5/2022 2:10:2] 
[30/5/2022 2:10:4] 
[30/5/2022 2:10:19] 
[30/5/2022 2:10:21] 
[30/5/2022 2:10:23] 
[30/5/2022 2:10:31] 
[30/5/2022 2:10:33] 
[30/5/2022 2:10:35] 
[30/5/2022 2:10:37] 
[30/5/2022 2:10:47] 
[30/5/2022 2:10:49] 
[30/5/2022 2:10:52] 
[30/5/2022 2:11:39] 
[30/5/2022 2:11:41] 
[30/5/2022 2:11:43] 
[30/5/2022 2:11:55] 
[30/5/2022 2:11:57] 
[30/5/2022 2:11:59] 
[30/5/2022 2:12:1] 
[30/5/2022 2:13:42] 
[30/5/2022 2:13:44] 
[30/5/2022 2:13:54] 
[30/5/2022 2:13:56] 
[30/5/2022 19:20:14] !aol
[30/5/2022 19:43:28] !rank level
[30/5/2022 19:43:36] !online
[30/5/2022 20:5:58] !aol
[30/5/2022 21:35:7] !tradeoff buy, 17'
[30/5/2022 21:35:9] !tradeoff buy, 17
[30/5/2022 21:52:27] !aol
[30/5/2022 23:2:41] !aol
