[12/2/2022 13:56:1] !aol
[12/2/2022 13:57:2] !aol
[12/2/2022 13:57:30] !aol
[12/2/2022 14:5:31] !aol
[12/2/2022 16:32:13] !frags
[12/2/2022 20:52:7] !frags
[13/2/2022 9:24:9] !rank
[13/2/2022 9:24:16] !rank magic 
[13/2/2022 9:24:40] !rank sword
[13/2/2022 15:36:18] !frags
[13/2/2022 21:7:19] !frags
[15/2/2022 22:37:4] !frags
[15/2/2022 22:40:14] !frags
[15/2/2022 22:42:8] !frags
[15/2/2022 22:43:51] !frags
[15/2/2022 22:48:53] !frags
[15/2/2022 22:50:10] !frags
[16/2/2022 0:2:49] !frags
[16/2/2022 19:32:7] !frags
[26/2/2022 14:18:40] !rank
[26/2/2022 14:18:44] !rank level
