[11/2/2022 8:28:56] !aol
[11/2/2022 8:34:17] !aol
[11/2/2022 11:15:53] !buyhouse
[11/2/2022 13:56:50] !addon summoner
[12/2/2022 4:17:21] !addon summoner
[12/2/2022 4:17:44] !addon summoner
[12/2/2022 4:17:56] !addon summoner
[12/2/2022 22:13:36] !aol
[12/2/2022 22:34:48] !aol
[12/2/2022 22:53:22] !aol
[12/2/2022 22:56:21] !aol
[12/2/2022 23:0:24] !aol
[12/2/2022 23:16:18] !aol
[12/2/2022 23:47:17] !aol
[13/2/2022 0:6:17] !aol
[13/2/2022 19:36:41] !emotespells on
[24/2/2022 12:17:43] !emotespells
[24/2/2022 12:17:45] !emotespells on
[31/5/2022 20:37:36] !aol
[31/5/2022 20:47:36] !aol
[31/5/2022 21:2:43] !aol
[31/5/2022 21:22:36] !aol
[31/5/2022 21:25:32] !aol
[31/5/2022 21:28:2] !aol
[31/5/2022 23:13:43] !buyhouse
[31/5/2022 23:40:21] !buyhouse
[31/5/2022 23:40:27] !buyhouse
[31/5/2022 23:40:31] !buyhouse
[2/6/2022 4:3:59] !emotespells
[2/6/2022 4:9:26] !emotespells on
[2/6/2022 18:9:37] !buyhouse
[2/6/2022 18:9:42] !buyhouse
[2/6/2022 18:9:49] !buyhouse
[2/6/2022 18:9:52] !buyhouse
[2/6/2022 18:9:57] !buyhouse
[2/6/2022 18:10:3] !buyhouse
[2/6/2022 18:10:10] !buyhouse
[2/6/2022 18:10:14] !buyhouse
[2/6/2022 18:10:23] !buyhouse
[2/6/2022 18:10:34] !buyhouse
[2/6/2022 18:10:59] !buyhouse
[2/6/2022 18:11:15] !buyhouse
[2/6/2022 18:12:58] !buyhouse
[2/6/2022 22:26:22] !aol
[2/6/2022 22:36:34] !aol
[2/6/2022 23:4:32] !aol
[4/6/2022 14:44:28] !frags
