[31/5/2022 20:7:20] !aol
[31/5/2022 20:37:43] !aol
[31/5/2022 20:42:29] !aol
[31/5/2022 20:45:26] !aol
[31/5/2022 20:48:1] !aol
[31/5/2022 21:50:30] !aol
[31/5/2022 22:3:57] !aol
[31/5/2022 22:10:6] !aol
[31/5/2022 22:24:23] !aol
[31/5/2022 23:28:14] !aol
[31/5/2022 23:31:46] !aol
[31/5/2022 23:50:14] !buyhouse
[1/6/2022 2:19:2] !rank magic
[1/6/2022 16:38:16] !aol
[1/6/2022 17:58:8] !aol
[2/6/2022 4:32:47] !aol
[2/6/2022 4:33:41] !aol
[2/6/2022 4:39:25] !aol
[2/6/2022 4:42:49] !aol
[2/6/2022 4:44:29] !aol
[2/6/2022 4:45:52] !aol
[2/6/2022 4:49:29] !emotespells on
[2/6/2022 4:54:26] !emotespells on
[2/6/2022 5:2:18] !aol
[2/6/2022 5:2:21] !aol
[2/6/2022 5:2:24] !aol
[2/6/2022 5:2:28] !aol
[2/6/2022 5:2:31] !aol
[2/6/2022 5:2:34] !aol
[2/6/2022 5:2:37] !aol
[2/6/2022 5:3:10] !aol
[2/6/2022 5:3:42] !emotespells on
[2/6/2022 5:13:59] !emotespells on
[2/6/2022 5:18:0] !aol
[2/6/2022 5:18:21] !emotespells on
[2/6/2022 5:24:19] !emotespells on
[2/6/2022 5:33:13] !emotespells on
[2/6/2022 5:42:4] !emotespells on
[2/6/2022 5:46:3] !emotespells on
[2/6/2022 5:49:49] !emotespells on
[2/6/2022 5:54:2] !emotespells on
[2/6/2022 5:58:13] !emotespells on
[2/6/2022 6:1:40] !emotespells on
[2/6/2022 6:5:7] !emotespells on
[2/6/2022 6:8:48] !emotespells on
[2/6/2022 6:12:25] !emotespells on
[2/6/2022 6:16:11] !emotespells on
[2/6/2022 6:20:28] !emotespells on
[2/6/2022 6:23:55] !emotespells on
[2/6/2022 6:29:1] !emotespells on
[2/6/2022 6:32:43] !emotespells on
[2/6/2022 6:38:18] !emotespells on
[2/6/2022 6:41:36] !emotespells on
[2/6/2022 6:44:44] !emotespells on
[2/6/2022 6:48:11] !emotespells on
[2/6/2022 6:52:21] !emotespells on
[2/6/2022 6:56:21] !emotespells on
[2/6/2022 7:0:4] !emotespells on
[2/6/2022 7:3:44] !emotespells on
[2/6/2022 7:7:57] !emotespells on
[2/6/2022 7:11:35] !emotespells on
[2/6/2022 7:15:54] !emotespells on
[2/6/2022 7:21:17] !emotespells on
[2/6/2022 7:25:0] !emotespells on
[2/6/2022 7:28:42] !emotespells on
[2/6/2022 7:32:54] !emotespells on
[2/6/2022 7:36:16] !emotespells on
[2/6/2022 7:40:27] !emotespells on
[2/6/2022 7:44:2] !emotespells on
[2/6/2022 7:48:13] !emotespells on
[2/6/2022 7:51:23] !emotespells on
[2/6/2022 7:55:47] !emotespells on
[2/6/2022 8:2:14] !emotespells on
[2/6/2022 5:8:32] !emotespells on
[2/6/2022 5:9:1] !emotespells on
[2/6/2022 5:13:33] !emotespells on
[2/6/2022 5:17:15] !emotespells on
[2/6/2022 5:21:8] !emotespells on
[2/6/2022 5:24:14] !emotespells on
[2/6/2022 5:27:56] !emotespells on
[2/6/2022 5:31:47] !emotespells on
[2/6/2022 5:35:33] !emotespells on
[2/6/2022 5:38:49] !emotespells on
[2/6/2022 5:42:57] !emotespells on
[2/6/2022 5:46:28] !emotespells on
[2/6/2022 5:50:46] !emotespells on
[2/6/2022 5:54:31] !emotespells on
[2/6/2022 5:58:11] !emotespells on
[2/6/2022 6:2:28] !emotespells on
[2/6/2022 6:6:37] !emotespells on
[2/6/2022 6:11:17] !emotespells on
[2/6/2022 6:15:26] !emotespells on
[2/6/2022 6:19:23] !emotespells on
[2/6/2022 6:23:16] !emotespells on
[2/6/2022 6:27:11] !emotespells on
[2/6/2022 6:30:53] !emotespells on
[2/6/2022 6:34:29] !emotespells on
[2/6/2022 6:38:16] !emotespells on
[2/6/2022 6:42:40] !emotespells on
[2/6/2022 6:46:6] !emotespells on
[2/6/2022 6:50:6] !emotespells on
[2/6/2022 6:54:14] !emotespells on
[2/6/2022 6:57:48] !emotespells on
[2/6/2022 7:1:1] !emotespells on
[2/6/2022 7:4:49] !emotespells on
[2/6/2022 7:9:6] !emotespells on
[2/6/2022 7:12:58] !emotespells on
[2/6/2022 7:16:49] !emotespells on
[2/6/2022 7:20:37] !emotespells on
[2/6/2022 7:24:56] !emotespells on
[2/6/2022 7:31:12] !emotespells on
[2/6/2022 7:35:10] !emotespells on
[2/6/2022 7:38:53] !emotespells on
[2/6/2022 7:42:22] !emotespells on
[2/6/2022 7:47:30] !emotespells on
[2/6/2022 7:50:36] !emotespells on
[2/6/2022 7:54:20] !emotespells on
[2/6/2022 7:58:9] !emotespells on
[2/6/2022 8:1:43] !emotespells on
[2/6/2022 8:5:46] !emotespells on
[2/6/2022 8:8:40] !emotespells on
[2/6/2022 8:12:17] !emotespells on
[2/6/2022 8:15:50] !emotespells on
[2/6/2022 8:19:26] !emotespells on
[2/6/2022 8:22:29] !emotespells on
[2/6/2022 8:25:59] !emotespells on
[2/6/2022 8:29:54] !emotespells on
[2/6/2022 8:33:41] !emotespells on
[2/6/2022 8:37:47] !emotespells on
[2/6/2022 8:41:38] !emotespells on
[2/6/2022 8:45:50] !emotespells on
[2/6/2022 8:53:16] !emotespells on
[2/6/2022 8:56:48] !emotespells on
[2/6/2022 9:0:9] !emotespells on
[2/6/2022 9:3:47] !emotespells on
[2/6/2022 9:7:49] !emotespells on
[2/6/2022 9:10:51] !emotespells on
[2/6/2022 9:14:40] !emotespells on
[2/6/2022 9:17:47] !emotespells on
[2/6/2022 9:22:2] !emotespells on
[2/6/2022 9:25:41] !emotespells on
[2/6/2022 9:30:24] !emotespells on
[2/6/2022 9:34:13] !emotespells on
[2/6/2022 9:38:13] !emotespells on
[2/6/2022 9:41:49] !emotespells on
[2/6/2022 9:45:40] !emotespells on
[2/6/2022 9:49:7] !emotespells on
[2/6/2022 9:52:45] !emotespells on
[2/6/2022 9:56:29] !emotespells on
[2/6/2022 10:0:31] !emotespells on
[2/6/2022 10:9:50] !emotespells on
[2/6/2022 10:13:24] !emotespells on
[2/6/2022 10:19:8] !emotespells on
[2/6/2022 10:22:56] !emotespells on
[2/6/2022 10:26:13] !emotespells on
[2/6/2022 10:31:6] !emotespells on
[2/6/2022 10:35:4] !emotespells on
[2/6/2022 10:38:44] !emotespells on
[2/6/2022 10:42:6] !emotespells on
[2/6/2022 10:45:33] !emotespells on
[2/6/2022 10:49:5] !emotespells on
[2/6/2022 10:52:29] !emotespells on
[2/6/2022 10:56:20] !emotespells on
[2/6/2022 10:59:44] !emotespells on
[2/6/2022 11:3:17] !emotespells on
[2/6/2022 11:4:25] !emotespells on
[2/6/2022 11:18:24] !emotespells on
[2/6/2022 11:23:38] !emotespells on
[2/6/2022 11:26:50] !emotespells on
[2/6/2022 11:30:40] !emotespells on
[2/6/2022 11:35:6] !emotespells on
[2/6/2022 11:38:16] !emotespells on
[2/6/2022 11:41:30] !emotespells on
[2/6/2022 11:45:22] !emotespells on
[2/6/2022 11:49:10] !emotespells on
[2/6/2022 11:52:5] !emotespells on
[2/6/2022 11:55:46] !emotespells on
[2/6/2022 12:0:0] !emotespells on
[2/6/2022 12:3:23] !emotespells on
[2/6/2022 12:7:3] !emotespells on
[2/6/2022 12:10:57] !emotespells on
[2/6/2022 12:14:29] !emotespells on
[2/6/2022 12:18:39] !emotespells on
[2/6/2022 12:23:21] !emotespells on
[2/6/2022 12:27:9] !emotespells on
[2/6/2022 12:30:34] !emotespells on
[2/6/2022 12:33:41] !emotespells on
[2/6/2022 12:37:1] !emotespells on
[2/6/2022 12:40:30] !emotespells on
[2/6/2022 12:44:13] !emotespells on
[2/6/2022 12:48:12] !aol
[2/6/2022 12:48:15] !aol
[2/6/2022 12:48:19] !aol
[2/6/2022 12:48:22] !aol
[2/6/2022 12:48:25] !aol
[2/6/2022 12:48:52] !aol
[2/6/2022 12:54:50] !emotespells on
[2/6/2022 12:58:20] !emotespells on
[2/6/2022 13:1:30] !emotespells on
[2/6/2022 13:5:39] !emotespells on
[2/6/2022 13:10:39] !emotespells on
[2/6/2022 13:14:50] !emotespells on
[2/6/2022 13:20:9] !emotespells on
[2/6/2022 13:30:17] !emotespells on
[2/6/2022 13:33:54] !emotespells on
[2/6/2022 13:38:1] !emotespells on
[2/6/2022 13:41:36] !emotespells on
[2/6/2022 13:43:25] !emotespells on
[2/6/2022 13:45:32] !emotespells on
[2/6/2022 13:48:38] !emotespells on
[2/6/2022 13:52:21] !emotespells on
[2/6/2022 13:58:53] !emotespells on
[2/6/2022 14:2:59] !emotespells on
[2/6/2022 14:6:46] !emotespells on
[2/6/2022 14:10:44] !emotespells on
[2/6/2022 14:15:25] !emotespells on
[2/6/2022 14:20:39] !emotespells on
[2/6/2022 14:24:53] !emotespells on
[2/6/2022 14:27:20] !emotespells on
[2/6/2022 14:29:2] !emotespells on
[2/6/2022 14:32:17] !emotespells on
[2/6/2022 14:35:59] !emotespells on
[2/6/2022 14:40:4] !emotespells on
[2/6/2022 14:44:15] !emotespells on
[2/6/2022 14:49:11] !emotespells on
[2/6/2022 14:53:12] !emotespells on
[2/6/2022 14:57:25] !emotespells on
[2/6/2022 15:2:41] !emotespells on
[2/6/2022 15:8:20] !emotespells on
[2/6/2022 15:13:15] !emotespells on
[2/6/2022 15:18:16] !emotespells on
[2/6/2022 15:22:20] !emotespells on
[2/6/2022 15:27:46] !emotespells on
[2/6/2022 15:33:11] !emotespells on
[2/6/2022 15:37:52] !emotespells on
[2/6/2022 15:45:36] !emotespells on
[2/6/2022 15:50:17] !emotespells on
[2/6/2022 15:54:44] !emotespells on
[2/6/2022 16:1:13] !emotespells on
[2/6/2022 16:7:1] !emotespells on
[2/6/2022 16:12:47] !emotespells on
[2/6/2022 16:20:6] !emotespells on
[2/6/2022 16:25:48] !emotespells on
[2/6/2022 16:30:52] !emotespells on
[2/6/2022 16:36:48] !emotespells on
[2/6/2022 16:43:6] !emotespells on
[2/6/2022 16:53:43] !emotespells on
[2/6/2022 16:58:0] !emotespells on
[2/6/2022 17:2:48] !emotespells on
[2/6/2022 17:8:27] !emotespells on
[2/6/2022 17:14:28] !emotespells on
[2/6/2022 17:21:5] !emotespells on
[2/6/2022 17:28:37] !emotespells on
[2/6/2022 17:35:50] !emotespells on
[2/6/2022 17:43:33] !emotespells on
[2/6/2022 17:52:32] !emotespells on
[2/6/2022 17:59:50] !emotespells on
[2/6/2022 18:7:49] !emotespells on
[2/6/2022 18:15:21] !emotespells on
[2/6/2022 18:21:10] !emotespells on
[2/6/2022 18:26:38] !emotespells on
[2/6/2022 18:31:35] !emotespells on
[2/6/2022 18:38:50] !emotespells on
[2/6/2022 18:45:12] !emotespells on
[2/6/2022 18:55:6] !emotespells on
[2/6/2022 18:55:36] !emotespells on
[2/6/2022 19:5:49] !emotespells on
[2/6/2022 19:12:55] !emotespells on
[2/6/2022 19:18:13] !emotespells on
[2/6/2022 19:24:3] !emotespells on
[2/6/2022 19:29:12] !emotespells on
[2/6/2022 19:30:49] !emotespells on
[2/6/2022 19:33:35] !emotespells on
[2/6/2022 19:38:52] !emotespells on
[2/6/2022 19:44:45] !emotespells on
[2/6/2022 19:49:17] !emotespells on
[2/6/2022 19:54:6] !emotespells on
[2/6/2022 19:58:38] !emotespells on
[2/6/2022 20:4:29] !emotespells on
[2/6/2022 20:11:57] !emotespells on
[2/6/2022 20:16:28] !emotespells on
[2/6/2022 20:37:15] !aol
[2/6/2022 20:37:28] !emotespells on
[2/6/2022 20:44:37] !emotespells on
[2/6/2022 21:0:43] !aol
[2/6/2022 21:4:26] !aol
[2/6/2022 21:10:10] !aol
[2/6/2022 21:10:54] !aol
[2/6/2022 21:15:24] !aol
[2/6/2022 21:18:24] !aol
[2/6/2022 21:21:7] !aol
[2/6/2022 21:21:52] !aol
[2/6/2022 21:23:3] !aol
[2/6/2022 21:24:27] !aol
[2/6/2022 21:25:1] !aol
[2/6/2022 21:27:46] !aol
[2/6/2022 21:30:45] !aol
[2/6/2022 23:12:7] !aol
[3/6/2022 15:29:22] !online
[3/6/2022 15:55:57] !emotespells on
[3/6/2022 15:59:56] !emotespells on
[3/6/2022 16:5:17] !emotespells on
