[31/5/2022 19:45:8] !frags
[31/5/2022 19:52:11] !aol
[31/5/2022 19:53:37] !aol
[31/5/2022 22:5:3] !emotespells on
[1/6/2022 12:19:5] !buyhouse
[1/6/2022 13:32:33] !aol
[1/6/2022 18:51:52] !serverinfo
[2/6/2022 1:25:1] aleta som
[2/6/2022 3:5:51] aleta som
[2/6/2022 3:5:56] aleta som
[2/6/2022 3:6:1] aleta som
[2/6/2022 3:6:17] !protecthouse
[2/6/2022 3:6:21] !protecthouse pff
[2/6/2022 3:6:33] !protecthouse off
[2/6/2022 3:26:37] 
[2/6/2022 12:38:45] !addon mage
[2/6/2022 14:46:10] !serverinfo
[2/6/2022 20:10:47] aleta som
[2/6/2022 21:27:47] !frags
[2/6/2022 22:3:22] !frags
[2/6/2022 22:19:28] !frags
[2/6/2022 22:25:20] !frags
[2/6/2022 22:26:22] !frags
[2/6/2022 22:33:46] !frags
[2/6/2022 22:37:3] !frags
[2/6/2022 22:37:47] !frags
[2/6/2022 22:42:1] !frags
[2/6/2022 22:47:34] !frags
[2/6/2022 22:48:6] !frags
[2/6/2022 22:49:55] !frags
[2/6/2022 22:54:25] !frags
[2/6/2022 23:2:14] !frags
[2/6/2022 23:10:53] !frags
[2/6/2022 23:11:10] !frags
[2/6/2022 23:12:21] !frags
[2/6/2022 23:17:28] !frags
[2/6/2022 23:23:57] !frags
[2/6/2022 23:49:56] !frags
[3/6/2022 0:30:48] !frags
[3/6/2022 0:51:27] !frags
[3/6/2022 1:8:3] !frags
[3/6/2022 1:11:24] !serverinfo
[3/6/2022 1:46:15] !frags
[3/6/2022 1:51:11] !frags
[3/6/2022 1:53:22] !frags
[3/6/2022 1:56:2] !frags
[3/6/2022 1:56:36] !frags
[3/6/2022 1:59:49] !frags
[3/6/2022 12:8:11] !frags
[3/6/2022 12:29:3] !frags
[3/6/2022 12:50:57] !frags
[3/6/2022 12:51:58] !frags
[3/6/2022 21:6:53] !frags
[3/6/2022 22:22:35] !frags
[4/6/2022 0:25:43] !frags
[4/6/2022 0:37:40] !frags
[4/6/2022 0:54:51] !frags
[4/6/2022 1:4:23] !frags
