[10/12/2021 21:35:43] !emotespells
[10/12/2021 21:35:56] !emotespells
[10/12/2021 21:36:1] !emotespells on
[11/12/2021 8:33:17] !rank level
[11/12/2021 8:37:11] !rank distance
[11/12/2021 8:37:46] !aol
[11/12/2021 8:54:53] !rank distance
[11/12/2021 8:55:3] !rank magic
[11/12/2021 8:55:7] !rank sword
[11/12/2021 8:55:11] !rank axe
[11/12/2021 8:55:14] !rank club
[11/12/2021 8:55:19] !rank level
[11/12/2021 8:55:26] !rank distance
[11/12/2021 11:55:41] !rank level
[12/12/2021 8:25:23] !rank distance
[12/12/2021 8:25:36] !rank distance
[12/12/2021 8:25:56] !rank distance
[12/12/2021 14:43:58] !rank level
[12/12/2021 14:51:59] !rank distance
[12/12/2021 19:28:49] !serverinfo
[13/12/2021 8:20:50] !rank distance
[13/12/2021 8:31:9] !rank level
[14/12/2021 0:34:29] !rank level
[14/12/2021 0:34:41] !rank distance
[14/12/2021 9:10:41] !rank level
[14/12/2021 9:10:53] !rank level
[14/12/2021 9:10:56] !rank distance
[14/12/2021 9:48:17] !serverinfo
