[27/2/2019 22:46:6] /a 256
[27/2/2019 22:46:8] /a 25
[27/2/2019 22:46:11] /ghost
[27/2/2019 22:46:12] /ghost
[27/2/2019 22:46:17] /ghost
[27/2/2019 22:46:24] /goto Adm puto
[27/2/2019 22:49:28] /ghost
[27/2/2019 22:51:37] /ghost
[27/2/2019 22:56:5] /ghost
[27/2/2019 22:57:0] /ghost
[27/2/2019 22:57:12] /newtype 12
[27/2/2019 23:5:20] /ghost
[27/2/2019 23:5:22] /goto Adm puto
[27/2/2019 23:25:38] /goto Adm puto
[27/2/2019 23:28:27] /a 5
[27/2/2019 23:35:40] /a 5
[27/2/2019 23:36:3] /a 25
[27/2/2019 23:39:37] /ghost
[27/2/2019 23:41:24] /a
[27/2/2019 23:41:43] /ghost
[27/2/2019 23:42:49] /t
[27/2/2019 23:44:47] /up
[27/2/2019 23:44:50] /a 2
[27/2/2019 23:44:52] /a 2
[27/2/2019 23:45:4] /up
[27/2/2019 23:45:31] /t 9
[27/2/2019 23:45:52] /a 25
[27/2/2019 23:46:3] /goto Adm puto
[27/2/2019 23:46:8] /goto Adm puto
[27/2/2019 23:46:12] /goto Adm puto
[27/2/2019 23:46:18] /goto Adm puto
[27/2/2019 23:46:19] /goto Adm puto
[27/2/2019 23:46:21] /goto Adm puto
[27/2/2019 23:46:28] /a 25
[27/2/2019 23:46:34] /goto Adm puto
[27/2/2019 23:46:35] /goto Adm puto
[27/2/2019 23:46:37] /goto Adm puto
[27/2/2019 23:46:39] /goto Adm puto
[27/2/2019 23:46:41] /goto Adm puto
[27/2/2019 23:46:47] /goto Adm puto
[27/2/2019 23:46:49] /goto Adm puto
[27/2/2019 23:46:52] /goto Adm puto
[27/2/2019 23:46:55] /goto Adm puto
[27/2/2019 23:46:57] /goto Adm puto
[27/2/2019 23:47:39] /goto town
[27/2/2019 23:49:42] /a 5
[27/2/2019 23:49:56] /ghost
[27/2/2019 23:50:0] /i blood herb
[27/2/2019 23:53:4] /a
[27/2/2019 23:53:20] /i tusk table
[27/2/2019 23:53:23] /i tusk table
[27/2/2019 23:53:29] /i tusk table
[27/2/2019 23:53:31] /i tusk table
[27/2/2019 23:53:33] /i tusk table
[27/2/2019 23:53:37] /i tusk table
[27/2/2019 23:53:38] /i tusk table
[27/2/2019 23:55:46] /i 9999
[27/2/2019 23:55:48] /i 9998
[27/2/2019 23:55:53] /i 9997
[27/2/2019 23:55:53] /i 9996
[27/2/2019 23:55:54] /i 9995
[27/2/2019 23:55:57] /i 9994
[27/2/2019 23:55:58] /i 9993
[27/2/2019 23:56:2] /i 9992
[27/2/2019 23:56:3] /i 9991
[27/2/2019 23:56:6] /i 9990
[27/2/2019 23:56:9] /i 9989
[27/2/2019 23:56:13] /i 9988
[27/2/2019 23:56:15] /i 9987
[27/2/2019 23:56:17] /i 9986
[27/2/2019 23:56:20] /i 9985
[27/2/2019 23:58:32] /i Firewalker boots
[27/2/2019 23:58:37] /i pan
[27/2/2019 23:58:42] /i Fish
[28/2/2019 0:17:53] /ghost
[28/2/2019 0:18:26] /i Wine cask
[28/2/2019 0:18:31] /i Wine cask
[28/2/2019 0:18:37] /i Wine cask
[28/2/2019 0:18:51] /i tusk table
[28/2/2019 0:19:30] /i tusk table
[28/2/2019 0:19:33] /i Vial
[28/2/2019 0:19:39] /ghost
[28/2/2019 0:19:41] /ghost
[28/2/2019 0:19:53] /a 2
[28/2/2019 0:19:55] /i vip 30 dias
[28/2/2019 0:24:25] /i Label
[28/2/2019 0:30:3] /i tusk table
[28/2/2019 0:30:4] /i tusk table
[28/2/2019 0:30:39] /i Bat decoration
[28/2/2019 0:30:44] /i doll
[28/2/2019 0:31:5] /t
[28/2/2019 0:32:54] /a 5
[28/2/2019 0:32:55] /a 5
[28/2/2019 0:32:56] /a 5
[28/2/2019 0:32:57] /a 5
[28/2/2019 0:32:58] /a 5
[28/2/2019 0:33:1] /goto Adm puto
[28/2/2019 0:33:3] /a 5
[28/2/2019 0:33:17] /a 25
[28/2/2019 0:33:18] /a 25
[28/2/2019 0:33:21] /a 5
[28/2/2019 0:33:27] /a 5
[28/2/2019 0:33:30] /a 5
[28/2/2019 0:33:32] /a 5
[28/2/2019 0:33:33] /a 5
[28/2/2019 0:33:35] /a 5
[28/2/2019 0:33:35] /a 5
[28/2/2019 0:33:37] /a 5
[28/2/2019 0:33:39] /a 5
[28/2/2019 0:33:40] /a 5
[28/2/2019 0:33:40] /a 5
[28/2/2019 0:33:42] /a 5
[28/2/2019 0:33:42] /a 5
[28/2/2019 0:33:43] /a 5
[28/2/2019 0:33:46] /a 5
[28/2/2019 0:33:46] /a 5
[28/2/2019 0:33:48] /a 5
[28/2/2019 0:33:49] /a 5
[28/2/2019 0:33:51] /a 5
[28/2/2019 0:33:52] /a 5
[28/2/2019 0:33:53] /a 5
[28/2/2019 0:33:53] /a 5
[28/2/2019 0:40:48] /a 25
[28/2/2019 0:42:9] /a 2
[28/2/2019 0:42:10] /a 2
[28/2/2019 0:42:11] /a 2
[28/2/2019 0:42:38] /a 5
[28/2/2019 0:42:42] /a 5
[28/2/2019 0:42:43] /a 5
[28/2/2019 0:42:44] /a 5
[28/2/2019 0:42:49] /a 5
[28/2/2019 0:42:50] /a 5
[28/2/2019 0:42:51] /a 5
[28/2/2019 0:43:6] /a 5
[28/2/2019 0:43:8] /a 5
[28/2/2019 0:43:9] /a 5
[28/2/2019 0:43:11] /a 5
[28/2/2019 0:43:12] /a 5
[28/2/2019 0:43:32] /a 5
[28/2/2019 0:43:33] /a 5
[28/2/2019 0:43:34] /a 5
[28/2/2019 0:43:35] /a 5
[28/2/2019 0:43:41] /a 5
[28/2/2019 0:43:43] /a 5
[28/2/2019 0:43:44] /a 5
[28/2/2019 0:43:45] /a 5
[28/2/2019 0:43:46] /a 5
[28/2/2019 0:43:47] /a 5
[28/2/2019 0:43:48] /a 5
[28/2/2019 0:43:49] /a 5
[28/2/2019 0:43:50] /a 5
[28/2/2019 0:43:53] /a 5
[28/2/2019 0:43:54] /a 5
[28/2/2019 0:43:56] /a 5
[28/2/2019 0:43:57] /a 5
[28/2/2019 0:43:58] /a 5
[28/2/2019 0:44:0] /a 5
[28/2/2019 0:44:1] /a 5
[28/2/2019 0:44:5] /a 5
[28/2/2019 0:44:14] /a 3
[28/2/2019 0:45:55] /t
[28/2/2019 0:47:49] /a 5
[28/2/2019 0:47:57] /a 5
[28/2/2019 0:53:57] /i label
[28/2/2019 0:57:36] /goto pik
[28/2/2019 0:57:56] /t 1
[28/2/2019 0:58:0] /t
[28/2/2019 0:59:13] /goto pik
[28/2/2019 0:59:15] /ghost
[28/2/2019 0:59:32] /ghost
[28/2/2019 0:59:37] /goto Adm flash
[28/2/2019 1:5:43] /goto Adm puto
[28/2/2019 1:6:4] /goto Adm flash
[28/2/2019 1:6:6] /a 5
[28/2/2019 1:6:9] /a 5
[28/2/2019 1:6:19] /goto Adm flash
[28/2/2019 1:6:36] /a 25
[28/2/2019 1:6:55] /goto Biro biro
[28/2/2019 1:7:8] /t
[28/2/2019 1:8:19] /ghost
[28/2/2019 1:10:5] /goto Adm puto
[28/2/2019 1:10:9] /goto Adm Flash
[28/2/2019 1:10:14] /goto Adm Flash
[28/2/2019 1:10:31] /ghost
[28/2/2019 1:11:0] /goto Adm flash
[28/2/2019 1:11:32] /i 1625
[28/2/2019 1:11:36] /r
[28/2/2019 1:11:38] /r
[28/2/2019 1:11:40] /i 1625
[28/2/2019 1:11:44] /i 1624
[28/2/2019 1:11:45] /r
[28/2/2019 1:11:59] /i 1631
[28/2/2019 1:12:3] /r
[28/2/2019 1:12:8] /r
[28/2/2019 1:12:9] /r
[28/2/2019 1:12:12] /i 1631
[28/2/2019 1:12:15] /r
[28/2/2019 1:12:18] /i 1632
[28/2/2019 1:12:20] /i 1633
[28/2/2019 1:12:22] /i 1634
[28/2/2019 1:12:24] /i 1635
[28/2/2019 1:12:26] /r
[28/2/2019 1:12:30] /r
[28/2/2019 1:12:33] /r
[28/2/2019 1:12:34] /r
[28/2/2019 1:12:35] /r
[28/2/2019 1:13:9] /i Golden helmet
[28/2/2019 1:13:18] /i stone
[28/2/2019 1:13:37] /i stone
[28/2/2019 1:14:0] /a 2
[28/2/2019 1:14:3] /i Noodle
[28/2/2019 1:14:9] /m Poodle
[28/2/2019 1:14:10] /m Dog
[28/2/2019 1:14:15] /a
[28/2/2019 1:14:20] /m Dog
[28/2/2019 1:14:22] /a
[28/2/2019 1:16:24] /a 3
[28/2/2019 1:16:26] /m Bear
[28/2/2019 1:16:30] /r
[28/2/2019 1:16:40] /m Winter wolf
[28/2/2019 1:16:52] /m Winter wolf
[28/2/2019 1:16:54] /r
[28/2/2019 1:16:56] /a 2
[28/2/2019 1:17:50] /i Large throne
[28/2/2019 1:17:56] /r
[28/2/2019 1:17:58] /a 2
[28/2/2019 1:18:2] /i Large throne
[28/2/2019 1:18:4] /a 2
[28/2/2019 1:18:58] /up
[28/2/2019 1:19:0] /up
[28/2/2019 1:19:1] /up
[28/2/2019 1:19:12] /i Large Throne
[28/2/2019 1:19:16] /i 10968
[28/2/2019 1:19:19] /r
[28/2/2019 1:19:20] /r
[28/2/2019 1:19:31] /i Vial of wine
[28/2/2019 1:19:34] /i Vial 
[28/2/2019 1:19:38] /i Vial 
[28/2/2019 1:19:45] /i 10968
[28/2/2019 1:19:47] /i 10968
[28/2/2019 1:19:55] /c Adm flash
[28/2/2019 1:20:2] /i Wine cask
[28/2/2019 1:20:6] /r
[28/2/2019 1:20:9] /i Wine cask
[28/2/2019 1:20:11] /i Wine cask
[28/2/2019 1:20:21] /i Crystal stone
[28/2/2019 1:20:27] /n obi
[28/2/2019 1:20:44] /r
[28/2/2019 1:21:36] /i draycole statue
[28/2/2019 1:21:43] /n obi
[28/2/2019 9:12:42] /r
[28/2/2019 9:12:46] /t
[28/2/2019 9:12:53] /ghost
[28/2/2019 9:12:55] /ghost
[28/2/2019 9:13:28] /goto Perfectz
[28/2/2019 9:13:33] /goto Lady archer
[28/2/2019 9:13:41] /goto Pik
[28/2/2019 9:13:43] /goto Pyk
[28/2/2019 9:13:50] /goto  Mr bradoki
[28/2/2019 9:14:5] /b Duvidas Help.
[28/2/2019 9:14:8] /t
[28/2/2019 9:14:23] /ghost
[28/2/2019 9:16:19] /newtype 12
[28/2/2019 9:17:44] /b Bom dia caso tenha duvidas utilize o chat Ajuda ou Pm "Fly".
[28/2/2019 9:19:25] /i 30 premium points
[28/2/2019 9:19:34] /i 1 premium points
[28/2/2019 9:19:39] /i 1 premium points
[28/2/2019 9:20:35] /ghost
[28/2/2019 9:20:43] /goto Perfect
[28/2/2019 9:20:46] /goto Luh warrior
[28/2/2019 9:20:49] /goto Bob sponja
[28/2/2019 9:21:0] /goto Mibr Lukaz
[28/2/2019 9:21:1] /goto Mibr Luka
[28/2/2019 9:21:12] /goto Jhonny wallker
[28/2/2019 9:21:19] /goto Expressao ativa
[28/2/2019 9:21:22] /goto Adm flash
[28/2/2019 9:21:27] /goto Verrati
[28/2/2019 9:21:30] /goto Perfect
[28/2/2019 9:21:33] /goto Deep we
[28/2/2019 9:21:34] /goto Deep web
[28/2/2019 9:21:38] /t
[28/2/2019 9:21:59] /goto Alibabah
[28/2/2019 9:22:4] /goto Lady archer
[28/2/2019 9:22:7] /goto Bubble
[28/2/2019 9:24:15] /b Duvidas?Utilize o chat Ajuda Sempre que um Adm estiver ON Respondera-los.
[28/2/2019 9:24:23] /mc
[28/2/2019 9:25:6] /goto Lukaz overpowered
[28/2/2019 9:25:12] /t
[28/2/2019 9:25:45] /a 5
[28/2/2019 9:25:47] /m hero
[28/2/2019 9:25:55] /m hero
[28/2/2019 9:25:56] /m hero
[28/2/2019 9:26:6] /r
[28/2/2019 9:26:7] /r
[28/2/2019 9:26:11] /r
[28/2/2019 9:26:26] /ghost
[28/2/2019 9:28:19] /a 5
[28/2/2019 9:28:21] /a 5
[28/2/2019 9:28:23] /a 4
[28/2/2019 9:28:29] /ghost
[28/2/2019 9:28:33] /t
[28/2/2019 9:28:43] /t
[28/2/2019 9:29:15] /ghost
[28/2/2019 9:33:31] /a 5
[28/2/2019 9:34:49] /a
[28/2/2019 9:35:8] /a 5
[28/2/2019 9:35:10] /up
[28/2/2019 9:35:11] /a 5
[28/2/2019 9:35:14] /a 5
[28/2/2019 9:35:15] /a 5
[28/2/2019 9:35:16] /a 5
[28/2/2019 9:35:18] /down
[28/2/2019 9:35:19] /a 5
[28/2/2019 9:36:25] /a 5
[28/2/2019 9:36:26] /a 5
[28/2/2019 9:36:27] /a 5
[28/2/2019 9:36:30] /a 5
[28/2/2019 9:36:53] /a 5
[28/2/2019 9:36:55] /a 5
[28/2/2019 9:36:59] /a 5
[28/2/2019 9:37:0] /a 5
[28/2/2019 9:37:2] /a 5
[28/2/2019 9:37:3] /a 5
[28/2/2019 9:37:4] /a 5
[28/2/2019 9:37:5] /a 5
[28/2/2019 9:37:5] /a 5
[28/2/2019 9:37:6] /a 5
[28/2/2019 9:37:7] /a 5
[28/2/2019 9:37:8] /a 5
[28/2/2019 9:37:9] /a 5
[28/2/2019 9:37:9] /a 5
[28/2/2019 9:37:18] /a 5
[28/2/2019 9:37:19] /a 5
[28/2/2019 9:37:21] /a 5
[28/2/2019 9:37:22] /a 5
[28/2/2019 9:37:36] /b Duvidas?Chat ajuda ou Pm para Mim FLY
[28/2/2019 9:37:47] /a 5
[28/2/2019 9:37:48] /a 5
[28/2/2019 9:37:50] /a 5
[28/2/2019 9:37:55] /a 5
[28/2/2019 9:37:58] /a 5
[28/2/2019 9:38:1] /a 5
[28/2/2019 9:38:16] /t
[28/2/2019 9:40:45] /goto Saphira
[28/2/2019 9:40:56] /t
[28/2/2019 9:43:42] /goto Saphira
[28/2/2019 9:44:13] /goto Saphira
[28/2/2019 9:44:15] /goto Saphira
[28/2/2019 9:45:11] /t
[28/2/2019 9:52:6] /a 5
[28/2/2019 9:52:19] /a 5
[28/2/2019 9:53:59] /b Duvidas utilize o chat Ajuda
[28/2/2019 9:56:30] /goto  Jhonny wallker
[28/2/2019 9:57:18] /i Firewalker boots
[28/2/2019 9:59:19] /i tusk table
[28/2/2019 9:59:20] /i tusk table
[28/2/2019 9:59:21] /i tusk table
[28/2/2019 9:59:26] /i tusk table
[28/2/2019 9:59:37] /i tusk table
[28/2/2019 10:3:53] /i Jester staff
[28/2/2019 10:4:7] /i ice mamooth
[28/2/2019 10:4:9] /i seal
[28/2/2019 10:4:14] /r
[28/2/2019 10:4:16] /r
[28/2/2019 10:4:21] /goto Saphira
[28/2/2019 10:4:23] /a 2
[28/2/2019 10:5:54] /i Spellbook of dark mysteries
[28/2/2019 10:6:7] /i Fireborn giant armor
[28/2/2019 10:6:49] /i wooden key
[28/2/2019 10:6:57] /i blood herb
[28/2/2019 10:7:43] /a 5
[28/2/2019 10:7:44] /i chest
[28/2/2019 10:7:50] /n obi
[28/2/2019 10:8:10] /t
[28/2/2019 10:8:37] /up
[28/2/2019 10:8:40] /goto Saphira
[28/2/2019 10:8:45] /goto Saphira
[28/2/2019 10:9:39] /t
[28/2/2019 10:9:43] /ghost
[28/2/2019 10:9:59] /n obi
[28/2/2019 10:10:57] /r
[28/2/2019 10:11:6] /a 25
[28/2/2019 10:11:7] /a 25
[28/2/2019 10:11:14] /i 1750
[28/2/2019 10:11:21] /i 1750
[28/2/2019 10:11:29] /a 25
[28/2/2019 10:11:31] /a 25
[28/2/2019 10:11:59] /a 25
[28/2/2019 10:12:0] /a 25
[28/2/2019 10:12:9] /a 25
[28/2/2019 10:12:10] /a 25
[28/2/2019 10:12:35] /a 5
[28/2/2019 10:12:36] /up
[28/2/2019 10:13:15] /i 1725
[28/2/2019 10:14:12] /i gold key
[28/2/2019 10:14:16] /i golden key
[28/2/2019 10:14:27] /i Grey tome
[28/2/2019 10:14:44] /i telescope
[28/2/2019 10:15:4] /i bird cage
[28/2/2019 10:15:7] /r
[28/2/2019 10:15:12] /i 2095
[28/2/2019 10:15:16] /i goldfish bowl
[28/2/2019 10:16:10] /i Sooft boots
[28/2/2019 10:16:13] /i soft boots
[28/2/2019 10:16:19] /i Pair of soft boots
[28/2/2019 10:16:40] /i Dragon scale boots
[28/2/2019 10:17:32] /i Ancient staff
[28/2/2019 10:17:41] /i Ancient helmet
[28/2/2019 10:18:7] /i Dragon Scale Boots
[28/2/2019 10:18:15] /i Dragon Scale legs
[28/2/2019 10:19:11] /i Dwarven Legs
[28/2/2019 10:19:14] /i Dwarven legs
[28/2/2019 10:19:16] /i Crown legs
[28/2/2019 10:19:33] /i Icy cullotes
[28/2/2019 10:19:39] /i Icy culottes
[28/2/2019 10:19:48] /i gill legs
[28/2/2019 10:19:56] /i demon legs
[28/2/2019 10:20:10] /i Leaf legs
[28/2/2019 10:21:26] /i pair of bunnyslippers
[28/2/2019 10:21:29] /i bunnyslippers
[28/2/2019 10:21:44] /i Bunnyslippers
[28/2/2019 10:21:47] /i pair of Bunnyslippers
[28/2/2019 10:23:21] /i draycole statue
[28/2/2019 10:23:23] /n obi
[28/2/2019 10:23:30] /i dacoyle statue
[28/2/2019 10:23:32] /r
[28/2/2019 10:23:38] /i dracoyle statue
[28/2/2019 10:24:3] /i tusk table
[28/2/2019 10:24:14] /b Duvidas no Chat Ajuda
[28/2/2019 10:24:17] /b Duvidas no Chat Ajuda
[28/2/2019 10:24:19] /i tusk table
[28/2/2019 10:24:20] /i tusk table
[28/2/2019 10:24:39] /i tusk table
[28/2/2019 10:24:40] /i tusk table
[28/2/2019 10:24:42] /i tusk table
[28/2/2019 10:25:23] /goto Mata rindo
[28/2/2019 10:25:25] /t
[28/2/2019 10:25:53] /i Frozen light
[28/2/2019 10:26:22] /i Frozen Starlight
[28/2/2019 10:26:29] /i Frozen Starlight
[28/2/2019 10:26:34] /i Frozen Starlight
[28/2/2019 10:26:49] /i Frozen Starlight
[28/2/2019 10:26:57] /i Frozen Starlight
[28/2/2019 10:27:5] /i Frozen Starlight
[28/2/2019 10:27:11] /i Frozen Starlight
[28/2/2019 10:27:21] /i Frozen Starlight
[28/2/2019 10:27:25] /i Frozen Starlight
[28/2/2019 10:29:25] /up
[28/2/2019 10:29:27] /up
[28/2/2019 10:29:40] /i tusk table
[28/2/2019 10:29:45] /i frozen lightstar
[28/2/2019 10:29:49] /i Frozen Starlight
[28/2/2019 10:30:3] /i premium point 1
[28/2/2019 10:30:6] /i 1 premium point
[28/2/2019 10:30:9] /t
[28/2/2019 10:30:26] /i cave exclusiva 2h
[28/2/2019 10:30:35] /i cave exclusiva 2h
[28/2/2019 10:30:37] /i cave exclusiva 2hr
[28/2/2019 10:49:32] /ghost
[28/2/2019 10:49:32] /ghost
[28/2/2019 10:49:33] /t
[28/2/2019 10:49:49] /goto Verrati
[28/2/2019 10:49:52] /goto Bubble
[28/2/2019 10:50:3] /a
[28/2/2019 10:50:5] /t
[28/2/2019 10:52:7] /t
[28/2/2019 10:52:12] /mc
[28/2/2019 10:59:33] /ghost
[28/2/2019 10:59:34] /ghost
[28/2/2019 10:59:35] /t
[28/2/2019 11:0:2] /i rox staff
[28/2/2019 11:0:37] /i 	Blessing Amulet
[28/2/2019 11:1:2] /i 	Super Bk Cursed
[28/2/2019 11:1:25] /i Wayfarer Outfit Full
[28/2/2019 11:1:39] /i baiakinho doll
[28/2/2019 11:1:58] /i Bk Mage Ring
[28/2/2019 11:2:2] /i Bk mage ring
[28/2/2019 11:2:12] /i Promote TP
[28/2/2019 11:2:42] /i Bk Aura
[28/2/2019 11:3:2] /i Double Exp
[28/2/2019 11:3:3] /i green gem
[28/2/2019 11:3:20] /i 	Cave Exclusiva
[28/2/2019 11:3:34] /i Bk Magician Legs
[28/2/2019 11:3:43] /i bk magician armor
[28/2/2019 11:3:51] /i Bk Magician Boots
[28/2/2019 11:4:2] /i Bk Elements Book
[28/2/2019 11:4:25] /i 20x Wand Energy
[28/2/2019 11:4:29] /i Wand energy
[28/2/2019 11:4:47] /i 	Bk Magician Spellbook
[28/2/2019 11:4:50] /i bk staff
[28/2/2019 11:5:2] /i Bk Magician Helmet 
[28/2/2019 11:34:14] /t
[28/2/2019 11:34:19] /ghost
[28/2/2019 11:34:25] /newtype 12
[28/2/2019 11:34:36] /ghost
[28/2/2019 11:34:37] /ghost
[28/2/2019 11:36:10] /r
[28/2/2019 11:36:16] /a 3
[28/2/2019 11:36:23] /m Morgaroth
[28/2/2019 11:36:26] /m Morgaroth
[28/2/2019 11:36:27] /a
[28/2/2019 11:36:39] /a 3
[28/2/2019 11:37:16] /a 5
[28/2/2019 11:37:20] /r
[28/2/2019 11:37:21] /a 5
[28/2/2019 11:39:10] /goto Jhonny wallker
[28/2/2019 11:39:17] /goto Jhonny wallker
[28/2/2019 11:39:23] /goto Jhonny wallker
[28/2/2019 11:59:33] /t
[28/2/2019 11:59:45] /c Jhonny wallker
[28/2/2019 12:1:11] /goto Jhonny wallker
[28/2/2019 12:2:15] /a 5
[28/2/2019 12:2:26] /goto jhonny wallker
[28/2/2019 12:8:46] /a 25
[28/2/2019 12:8:47] /a 25
[28/2/2019 12:8:48] /a 25
[28/2/2019 12:8:50] /a 25
[28/2/2019 12:8:52] /a 25
[28/2/2019 12:8:53] /a 25
[28/2/2019 12:8:54] /a 25
[28/2/2019 12:8:55] /a 25
[28/2/2019 12:8:56] /a 25
[28/2/2019 12:8:57] /a 25
[28/2/2019 12:8:58] /a 25
[28/2/2019 12:8:59] /a 25
[28/2/2019 12:9:0] /a 25
[28/2/2019 12:9:1] /a 25
[28/2/2019 12:9:2] /a 25
[28/2/2019 12:9:3] /a 25
[28/2/2019 12:9:5] /a 25
[28/2/2019 12:9:7] /a 50
[28/2/2019 12:9:8] /a 50
[28/2/2019 12:9:9] /a 50
[28/2/2019 12:9:10] /a 50
[28/2/2019 12:9:11] /a 50
[28/2/2019 12:9:13] /a 50
[28/2/2019 12:9:19] /goto Jhonny Wallker
[28/2/2019 12:9:27] /a 535
[28/2/2019 12:18:32] /i baiakinho doll
[28/2/2019 12:19:34] /goto Zina ice
[28/2/2019 12:19:42] /newtype 1
[28/2/2019 12:19:54] /newtype 3
[28/2/2019 12:19:57] /newtype 2
[28/2/2019 12:19:58] /newtype 4
[28/2/2019 12:20:2] /newtype 5
[28/2/2019 12:20:3] /newtype 6
[28/2/2019 12:20:5] /newtype 7
[28/2/2019 12:20:7] /newtype 8
[28/2/2019 12:20:14] /newtype 9
[28/2/2019 12:20:16] /newtype 10
[28/2/2019 12:20:18] /newtype 12
[28/2/2019 12:20:20] /newtype 11
[28/2/2019 12:20:21] /newtype 13
[28/2/2019 12:20:23] /newtype 14
[28/2/2019 12:20:24] /newtype 15
[28/2/2019 12:20:25] /newtype 16
[28/2/2019 12:20:26] /newtype 17
[28/2/2019 12:20:27] /newtype 18
[28/2/2019 12:20:28] /newtype 19
[28/2/2019 12:20:30] /newtype 20
[28/2/2019 12:20:31] /newtype 21
[28/2/2019 12:20:32] /newtype 22
[28/2/2019 12:20:34] /newtype 23
[28/2/2019 12:20:35] /newtype 24
[28/2/2019 12:20:36] /newtype 25
[28/2/2019 12:20:37] /newtype 28
[28/2/2019 12:20:38] /newtype 30
[28/2/2019 12:20:41] /newtype 35
[28/2/2019 12:20:43] /newtype 38
[28/2/2019 12:20:44] /newtype 39
[28/2/2019 12:20:46] /newtype 40
[28/2/2019 12:20:47] /newtype 45
[28/2/2019 12:20:49] /newtype 50
[28/2/2019 12:20:50] /newtype 50
[28/2/2019 12:20:52] /newtype 60
[28/2/2019 12:21:6] /newtype 70
[28/2/2019 12:21:10] /newtype 75
[28/2/2019 12:21:12] /newtype 76
[28/2/2019 12:21:13] /newtype 74
[28/2/2019 12:21:15] /newtype 75
[28/2/2019 12:21:25] /newtype 78
[28/2/2019 12:21:27] /newtype 79
[28/2/2019 12:21:29] /newtype 80
[28/2/2019 12:21:40] /newtype 85
[28/2/2019 12:21:42] /newtype 90
[28/2/2019 12:21:48] /newtype 85
[28/2/2019 12:21:53] /newtype 95
[28/2/2019 12:21:54] /newtype 93
[28/2/2019 12:21:55] /newtype 92
[28/2/2019 12:21:58] /newtype 98
[28/2/2019 12:22:1] /newtype 99
[28/2/2019 12:22:28] /newtype 100
[28/2/2019 12:22:30] /newtype 101
[28/2/2019 12:22:40] /newtype 102
[28/2/2019 12:23:30] /newtype 103
[28/2/2019 12:23:47] /newtype 104
[28/2/2019 12:23:58] /newtype 105
[28/2/2019 12:24:0] /newtype 107
[28/2/2019 12:24:2] /newtype 110
[28/2/2019 12:24:5] /newtype 115
[28/2/2019 12:24:8] /newtype 119
[28/2/2019 12:24:11] /newtype 120
[28/2/2019 12:24:12] /newtype 125
[28/2/2019 12:24:14] /newtype 130
[28/2/2019 12:24:18] /newtype 131
[28/2/2019 12:24:19] /newtype 131
[28/2/2019 12:24:21] /newtype 133
[28/2/2019 12:24:22] /newtype 136
[28/2/2019 12:24:23] /newtype 138
[28/2/2019 12:24:24] /newtype 139
[28/2/2019 12:24:25] /newtype 140
[28/2/2019 12:24:26] /newtype 145
[28/2/2019 12:24:28] /newtype 148
[28/2/2019 12:24:29] /newtype 150
[28/2/2019 12:24:31] /newtype 151
[28/2/2019 12:24:32] /newtype 155
[28/2/2019 12:24:34] /newtype 160
[28/2/2019 12:24:37] /newtype 163
[28/2/2019 12:24:40] /newtype 164
[28/2/2019 12:24:42] /newtype 162
[28/2/2019 12:24:43] /newtype 161
[28/2/2019 12:24:47] /newtype 155
[28/2/2019 12:24:49] /newtype 160
[28/2/2019 12:24:51] /newtype 161
[28/2/2019 12:24:54] /newtype 159
[28/2/2019 12:24:56] /newtype 158
[28/2/2019 12:25:10] /newtype 158
[28/2/2019 12:25:15] /newtype 159
[28/2/2019 12:25:29] /newtype 159
[28/2/2019 12:31:7] /m boss baiakinho
[28/2/2019 12:32:3] /goto Zina ice
[28/2/2019 12:33:3] /goto Always
[28/2/2019 12:33:33] /a 3
[28/2/2019 12:33:41] /a 25
[28/2/2019 12:33:43] /a 5
[28/2/2019 12:33:53] /t
[28/2/2019 12:44:53] /ghost
[28/2/2019 12:45:10] /goto Always
[28/2/2019 12:45:13] /goto Lawman
[28/2/2019 12:45:16] /t
[28/2/2019 12:46:31] /ghost
[28/2/2019 12:46:59] /ghost
[28/2/2019 12:49:40] /ghost
[28/2/2019 12:53:26] /i bk aura
[28/2/2019 12:54:9] /m rat
[28/2/2019 12:55:2] /m Orshaball
[28/2/2019 13:1:57] /b Campo minado aberto no templo >>>>
[28/2/2019 13:2:13] /a 5
[28/2/2019 13:2:25] /a 5
[28/2/2019 13:2:58] /a 2
[28/2/2019 13:3:0] /a 2
[28/2/2019 13:3:2] /a 2
[28/2/2019 13:3:3] /a 2
[28/2/2019 13:3:4] /a 2
[28/2/2019 13:7:4] /a 5
[28/2/2019 13:7:5] /a 5
[28/2/2019 13:7:6] /a 5
[28/2/2019 13:7:8] /a 5
[28/2/2019 13:9:25] /b Vou sair dps venho
[28/2/2019 13:9:33] /b FUiii
[1/3/2019 0:23:23] /ghost
[1/3/2019 0:30:19] /t
[1/3/2019 0:35:59] /a 5
[1/3/2019 0:37:56] /a 5
[1/3/2019 0:38:40] /t
