[10/12/2021 20:57:23] !rank distance
[10/12/2021 20:58:58] !rank distance
[10/12/2021 21:31:4] !rank level
[10/12/2021 21:46:28] !rank distance
[10/12/2021 22:9:53] !rank distance
[10/12/2021 22:48:59] !aol
[10/12/2021 22:49:2] !aol
[10/12/2021 22:49:5] !aol
[10/12/2021 22:49:9] !aol
[10/12/2021 22:49:12] !aol
[10/12/2021 22:49:15] !aol
[10/12/2021 22:49:18] !aol
[10/12/2021 22:49:21] !aol
[10/12/2021 22:49:25] !aol
[10/12/2021 22:49:28] !aol
[10/12/2021 22:49:31] !aol
[10/12/2021 22:49:37] !aol
[10/12/2021 22:49:41] !aol
[10/12/2021 22:49:44] !aol
[10/12/2021 22:49:47] !aol
[10/12/2021 22:49:51] !aol
[10/12/2021 22:49:54] !aol
[10/12/2021 22:49:57] !aol
[10/12/2021 22:50:0] !aol
[10/12/2021 22:50:3] !aol
[10/12/2021 22:50:7] !aol
[10/12/2021 22:50:10] !aol
[10/12/2021 22:50:13] !aol
[10/12/2021 22:50:17] !aol
[10/12/2021 22:50:20] !aol
[10/12/2021 22:50:23] !aol
[10/12/2021 22:50:26] !aol
[10/12/2021 22:50:30] !aol
[10/12/2021 22:50:33] !aol
[10/12/2021 22:50:36] !aol
[10/12/2021 22:50:39] !aol
[10/12/2021 22:50:43] !aol
[10/12/2021 22:50:46] !aol
[10/12/2021 22:50:49] !aol
[10/12/2021 22:50:52] !aol
[10/12/2021 22:50:56] !aol
[10/12/2021 22:50:59] !aol
[10/12/2021 22:51:2] !aol
[10/12/2021 22:51:5] !aol
[10/12/2021 22:51:9] !aol
[10/12/2021 22:51:12] !aol
[10/12/2021 22:51:15] !aol
[10/12/2021 22:51:18] !aol
[10/12/2021 22:51:22] !aol
[10/12/2021 22:51:25] !aol
[10/12/2021 22:51:28] !rank level
[10/12/2021 22:51:31] !aol
[10/12/2021 22:51:34] !aol
[10/12/2021 22:51:38] !aol
[10/12/2021 22:51:41] !aol
[10/12/2021 22:51:44] !aol
[10/12/2021 22:51:48] !aol
[10/12/2021 22:51:51] !aol
[10/12/2021 22:51:54] !aol
[10/12/2021 22:51:57] !aol
[10/12/2021 22:52:1] !aol
[10/12/2021 22:52:4] !aol
[10/12/2021 22:52:7] !aol
[10/12/2021 22:52:10] !aol
[10/12/2021 22:52:14] !aol
[10/12/2021 22:52:17] !aol
[10/12/2021 22:52:20] !aol
[10/12/2021 22:52:23] !aol
[10/12/2021 22:52:26] !aol
[10/12/2021 22:52:30] !aol
[10/12/2021 22:52:33] !aol
[10/12/2021 22:52:36] !aol
[10/12/2021 22:52:40] !aol
[10/12/2021 22:52:43] !aol
[10/12/2021 22:52:46] !aol
[10/12/2021 22:52:50] !aol
[10/12/2021 23:0:0] !aol
[10/12/2021 23:2:59] !aol
[10/12/2021 23:6:36] !aol
[10/12/2021 23:8:51] !rank level
[10/12/2021 23:20:12] !aol
[10/12/2021 23:22:24] !rank distance
[11/12/2021 0:48:32] !aol
[11/12/2021 0:52:32] !rank distance
[11/12/2021 0:55:53] !rank level
[11/12/2021 0:56:53] !rank distance
[11/12/2021 22:6:22] !rank distance
[12/12/2021 15:40:40] 
[12/12/2021 15:56:1] !rank level
[12/12/2021 15:57:7] !rank distance
[12/12/2021 18:51:10] !online
[12/12/2021 20:17:56] !online
[12/12/2021 23:47:42] !rank distane
[13/12/2021 11:40:54] !rank distance
[13/12/2021 20:29:2] 
[13/12/2021 21:1:27] !online
[14/12/2021 12:0:57] !rank distance
[14/12/2021 19:12:24] 
[14/12/2021 22:57:28] 
[15/12/2021 19:43:16] 
[16/12/2021 19:24:58] 
[18/12/2021 13:25:13] 
[19/12/2021 10:14:35] !online
[21/12/2021 20:42:45] !rank distance
[21/12/2021 21:29:48] !online
[21/12/2021 21:40:51] !online
[26/12/2021 9:55:15] !online
[1/1/2022 21:16:50] !online
[1/1/2022 21:31:2] !rank distance
[1/1/2022 21:33:57] !rank level
[1/1/2022 21:47:49] !online
[2/1/2022 9:40:52] !online
[2/1/2022 12:2:32] !emotespells on.
[2/1/2022 12:2:37] !emotespells on
[2/1/2022 12:3:23] !emotespells off
[2/1/2022 12:3:36] !emotespells on
[2/1/2022 20:26:4] 
[2/1/2022 22:46:20] !online
[2/1/2022 23:6:12] !online
[8/1/2022 19:9:25] !online
[9/1/2022 18:31:53] !online
[9/1/2022 18:32:57] !rank level
[10/1/2022 20:17:4] !online
[10/1/2022 20:17:22] !rank level
[10/1/2022 20:19:27] !rank level
[10/1/2022 20:46:1] !online
[10/1/2022 20:55:53] !online
[11/1/2022 18:47:56] !online
[12/2/2022 20:7:6] !online
[12/2/2022 20:37:29] !rank distance
[13/2/2022 7:41:17] !rank distance
[13/2/2022 8:46:43] !aol
[17/2/2022 20:26:32] !rank distance
