[10/2/2022 20:1:6] !rank level
[10/2/2022 20:2:26] !rank level
[10/2/2022 20:3:14] !online
[10/2/2022 20:3:49] !rank levle
[10/2/2022 20:3:51] !rank level
[10/2/2022 20:5:26] !rank level
[10/2/2022 20:6:3] !rank level
[10/2/2022 20:7:22] !rank level
[10/2/2022 20:8:0] !rank level
[10/2/2022 20:8:53] !aol
[10/2/2022 20:9:55] !rank level
[10/2/2022 20:14:24] !aol
[10/2/2022 20:14:27] !rank level
[10/2/2022 20:21:45] !rank level
[10/2/2022 20:21:59] !aol
[10/2/2022 20:22:38] !rank level
[10/2/2022 20:24:8] !rank level
[10/2/2022 20:25:24] !rank level
[10/2/2022 20:28:19] !rank level
[10/2/2022 20:45:0] !rank level
[10/2/2022 20:45:5] !rank level
[10/2/2022 20:45:10] !rank level
[10/2/2022 20:48:23] !rank level
[10/2/2022 21:11:54] !rank level
[10/2/2022 21:29:34] !rank level
[10/2/2022 21:48:42] !online
[10/2/2022 21:51:23] !online
[10/2/2022 22:54:45] !rank magic
[10/2/2022 22:56:4] !rank level
[10/2/2022 23:2:46] !rank frag
[10/2/2022 23:2:50] !rank frags
[10/2/2022 23:14:21] !frags
[10/2/2022 23:14:37] !online
[10/2/2022 23:59:7] !rank sword
[11/2/2022 0:7:35] !online
[11/2/2022 0:20:37] !frags
[11/2/2022 0:32:43] !rank magic
[11/2/2022 0:33:5] !rank magic
[11/2/2022 0:33:10] !rank sword
[11/2/2022 1:8:32] !aol
[11/2/2022 1:31:27] !buyhouse
[11/2/2022 21:5:5] !rank sword
[11/2/2022 21:19:31] !frags
[11/2/2022 21:21:48] !frags
[11/2/2022 21:26:16] !frags
[11/2/2022 21:30:45] !frags
[11/2/2022 21:31:34] !frags
[11/2/2022 21:32:5] !frags
[11/2/2022 21:32:58] !frags
[11/2/2022 21:34:29] !frags
[11/2/2022 21:36:58] !frags
[11/2/2022 21:38:32] !frags
[11/2/2022 21:43:0] !frags
[11/2/2022 22:7:5] !online
[12/2/2022 2:52:20] !rank sword
[12/2/2022 2:52:27] !rank level
[12/2/2022 2:52:38] !rank magic
[12/2/2022 3:11:4] !online
[12/2/2022 23:58:2] !online
[14/2/2022 0:3:20] !online
[16/2/2022 0:14:19] !frags
[16/2/2022 12:23:19] !frags
[17/2/2022 0:25:43] !rank magic
[19/2/2022 8:26:3] !online
