[13/12/2021 21:30:23] !rank axe
[13/12/2021 21:30:28] !rank club
[13/12/2021 21:36:31] !rank club
[13/12/2021 21:42:40] !rank club
[13/12/2021 21:53:33] !rank cllub
[13/12/2021 21:53:41] !rank club
[13/12/2021 22:9:22] !rank club
[13/12/2021 22:29:2] !rank sword
[13/12/2021 22:48:53] !rank club
[13/12/2021 23:28:0] !rank club
[14/12/2021 6:5:1] !rank club
[14/12/2021 18:51:25] !rank club
[15/12/2021 6:13:11] !rank club
[15/12/2021 19:4:1] !rank xlub
[15/12/2021 19:4:8] !rank club
[17/12/2021 18:59:25] !rank club
[18/12/2021 12:11:31] !rank club
[18/12/2021 17:50:10] !rank club
[18/12/2021 22:45:54] !rank shield
[18/12/2021 22:46:8] !rank sword
[18/12/2021 22:46:13] !rank axe
[18/12/2021 22:46:22] !rank club
