[13/2/2022 6:15:24] !emotespells off
[13/2/2022 6:15:27] !emotespells on
[13/2/2022 11:46:9] !rank sword
[13/2/2022 13:40:50] !rank sword
[13/2/2022 17:2:19] !rank sword
[14/2/2022 15:19:48] !rank sword
[14/2/2022 15:53:22] !aol
[14/2/2022 18:38:34] !aol
[15/2/2022 10:15:51] !aol
[15/2/2022 10:24:23] !aol
[15/2/2022 22:30:59] !aol
[20/2/2022 14:11:32] !rank sword
[23/2/2022 20:8:53] !emotespells on
[23/2/2022 20:8:59] !rank magic
[23/2/2022 20:9:4] !rank club
[23/2/2022 22:17:21] !rank magic
[23/2/2022 23:18:8] !aol
[23/2/2022 23:22:38] !aol
[23/2/2022 23:24:40] !aol
[23/2/2022 23:49:15] !guildpoints
[23/2/2022 23:49:29] !guildpoints
[23/2/2022 23:49:55] !guildpoints
[23/2/2022 23:50:19] !guildpoints
[23/2/2022 23:50:21] !guildpoints
[23/2/2022 23:51:17] !guildpoints
[23/2/2022 23:51:21] !guildpoints
[23/2/2022 23:52:9] !guildpoints
[23/2/2022 23:52:26] !guildpoints
[23/2/2022 23:52:49] !guildpoints
[23/2/2022 23:52:57] !guildpoints
[23/2/2022 23:53:0] !guildpoints
[23/2/2022 23:53:13] !guildpoints
[23/2/2022 23:53:20] !guildpoints
[23/2/2022 23:53:32] !guildpoints
[24/2/2022 0:7:55] !aol
[24/2/2022 10:6:28] !rank magic
[24/2/2022 10:6:33] !rank distance
[24/2/2022 10:6:39] !rank club
[27/5/2022 20:58:21] !aol
[27/5/2022 21:1:26] !aol
[27/5/2022 21:14:55] !aol
[27/5/2022 21:34:9] !aol
[27/5/2022 22:15:58] !emotespells on
[27/5/2022 23:1:38] !aol
[27/5/2022 23:18:24] !aol
[27/5/2022 23:47:31] !aol
[28/5/2022 0:2:16] !aol
[28/5/2022 0:43:57] !aol
[28/5/2022 0:52:20] !aol
[28/5/2022 6:26:22] !aol
[28/5/2022 10:24:45] !aol
[28/5/2022 12:28:16] !aol
[29/5/2022 18:4:50] !aol
[30/5/2022 14:59:1] !aol
[30/5/2022 18:31:7] !aol
[31/5/2022 22:41:36] !emotespells
[31/5/2022 22:41:40] !emotespells on
[31/5/2022 23:7:35] !aol
[1/6/2022 15:5:53] !aol
[1/6/2022 15:35:43] !aol
[1/6/2022 15:41:31] !aol
[1/6/2022 18:29:30] !aol
[3/6/2022 13:17:52] !aol
[3/6/2022 14:28:17] !aol
[3/6/2022 17:31:31] !aol
[3/6/2022 17:57:28] !aol
[3/6/2022 18:50:35] !rank
[3/6/2022 18:50:41] !rank level
[3/6/2022 19:42:32] !aol
[3/6/2022 20:46:16] !aol
[3/6/2022 22:22:4] !aol
[3/6/2022 22:28:30] !aol
[3/6/2022 23:32:32] !aol
[4/6/2022 12:47:58] !aol
[4/6/2022 13:22:3] !aol
[4/6/2022 15:35:54] !aol
[4/6/2022 21:35:35] !aol
[4/6/2022 23:47:16] !aol
[5/6/2022 12:25:20] !aol
[5/6/2022 12:37:43] !rank level
[5/6/2022 12:37:50] !rank level
[5/6/2022 15:29:21] !aol
[5/6/2022 23:46:59] !aol
