[14/12/2021 14:38:34] !emotespells off
[14/12/2021 14:39:1] !emotespells on
[16/12/2021 0:46:53] !rank distance
[16/12/2021 0:47:8] !rank sword
[16/12/2021 0:47:16] !rank magic
[16/12/2021 6:40:28] !rank level
[18/12/2021 1:7:29] !rank distance
[20/12/2021 22:8:9] !online
[20/12/2021 22:32:29] !rank distance
[21/12/2021 14:42:30] !online
[22/12/2021 6:48:44] !aol
[28/12/2021 11:21:23] !online
[29/12/2021 14:47:24] !online
[30/12/2021 12:55:3] !online
[4/1/2022 14:21:42] !online
[7/1/2022 15:52:35] !online
[10/1/2022 6:48:4] !online
[12/1/2022 14:57:3] !online
[18/1/2022 6:49:35] !online
[18/1/2022 14:39:23] !online
[11/2/2022 16:6:47] !emotespells on
[11/2/2022 22:50:47] !online
[12/2/2022 18:34:35] !online
[12/2/2022 18:35:25] !rank distance
[13/2/2022 9:57:7] !online
[13/2/2022 15:7:22] !guildpoints
[14/2/2022 14:18:40] !guildpoints
[14/2/2022 16:1:46] !serverinfo
[14/2/2022 16:2:41] !doubleexp
[17/2/2022 15:21:38] !rank distance
[17/2/2022 15:23:7] !online
[21/2/2022 0:45:2] !rank level
[21/2/2022 0:45:13] !rank sword
[21/2/2022 0:45:22] !rank axe
[21/2/2022 0:45:30] !rank club
[21/2/2022 0:45:38] !rank magic
[21/2/2022 0:45:53] !rank distance
[21/2/2022 20:5:31] !online
