[23/2/2022 22:2:20] !emotespells off
[24/2/2022 0:29:34] !aol
[24/2/2022 12:19:19] !rank distance
[24/2/2022 12:28:13] !rank level
[24/2/2022 12:28:37] !rank axe
[24/2/2022 15:46:21] !emotespells on
[25/2/2022 21:49:37] !rank distance
[26/2/2022 21:42:5] !rank distance
[27/2/2022 15:10:18] !rank level
[27/2/2022 15:11:39] !rank distance
[1/3/2022 14:20:52] !rank distance
[3/3/2022 21:52:40] !rank distance
[3/3/2022 21:55:11] !online
[4/3/2022 14:33:22] !online
[4/3/2022 15:38:12] !rank axe
[4/3/2022 15:38:23] !rank distance
[5/3/2022 7:33:58] !rank distance
[15/3/2022 22:57:24] !online
[15/3/2022 22:58:18] !rank level
[16/3/2022 23:29:33] !online
[16/3/2022 23:29:48] !rank axe
[16/3/2022 23:30:7] !rank distance
