[1/6/2022 0:44:24] !aol
[1/6/2022 0:45:29] !aol
[1/6/2022 0:50:44] !aol
[1/6/2022 1:2:42] !aol
[1/6/2022 1:5:23] 
[1/6/2022 1:7:23] 
[1/6/2022 5:17:11] !aol
[1/6/2022 8:29:12] !aol
[1/6/2022 8:29:15] !aol
[1/6/2022 8:29:18] !aol
[1/6/2022 8:29:21] !aol
[1/6/2022 8:32:0] 
[1/6/2022 8:34:0] 
[1/6/2022 11:5:30] !rank
[1/6/2022 11:5:36] !rank level
[1/6/2022 11:17:34] !aol
[1/6/2022 13:38:32] !frags
[1/6/2022 13:57:14] !aol
[1/6/2022 14:33:28] !aol
[1/6/2022 16:56:19] !aol
[1/6/2022 19:10:40] !serverinfo
[1/6/2022 20:11:51] 
[1/6/2022 20:14:23] 
[1/6/2022 20:16:23] 
[1/6/2022 20:21:51] 
[1/6/2022 20:23:23] 
[1/6/2022 20:23:51] 
[1/6/2022 20:38:17] !aol
[2/6/2022 3:3:36] !aol
[2/6/2022 3:25:47] !aol
[2/6/2022 4:16:46] !aol
[2/6/2022 5:6:7] !aol
[2/6/2022 7:34:0] !aol
[2/6/2022 7:49:40] !aol
