[10/12/2021 21:2:39] !wand ice
[10/12/2021 21:15:21] !wand ice
[10/12/2021 21:18:5] !wand ice
[10/12/2021 21:19:0] !wand ice
[10/12/2021 21:23:48] !wand ice
[10/12/2021 22:40:48] !wand ice
[10/12/2021 22:46:31] !emotespells on
[10/12/2021 23:14:59] !wand icce
[10/12/2021 23:15:2] !wand ice
[11/12/2021 20:22:5] !rank magic
[11/12/2021 20:22:19] !rank magic
[11/12/2021 20:22:50] !rank leveel
[11/12/2021 20:22:56] !rank level
[11/12/2021 20:58:4] !buyhouse
[11/12/2021 20:58:10] aleta som
[11/12/2021 20:59:58] aleta som
[11/12/2021 21:0:39] aleta som
[11/12/2021 21:0:53] aleta sio
[12/12/2021 0:11:5] !wand ice
[12/12/2021 14:30:18] !rank level
[12/12/2021 15:38:0] !rank magic
[12/12/2021 15:56:44] !protecthouse
[12/12/2021 15:56:52] !protecthouse off
[13/12/2021 21:40:44] !wand ice
[13/12/2021 21:53:28] !wand holy
[13/12/2021 22:23:7] !rank axe
[13/12/2021 22:25:40] !rank magic
[17/12/2021 22:6:25] aleta som
[17/12/2021 22:6:34] aleta sio
[20/12/2021 22:23:20] aleta som
[20/12/2021 22:23:30] aleta sio
[21/12/2021 14:39:11] aleta sio
[21/12/2021 14:40:43] aleta sio
[21/12/2021 14:40:55] aleta som
[9/1/2022 16:9:51] !buyhouse
[9/1/2022 16:9:54] !buyhouse
[9/1/2022 22:2:53] aleta som
[9/1/2022 22:7:14] !protecthouse
[9/1/2022 22:7:19] !protecthouse off
[28/5/2022 23:5:31] !rank axe
[28/5/2022 23:5:59] !rank shield
[28/5/2022 23:6:11] !rank axe
[28/5/2022 23:6:26] !rank sword
[28/5/2022 23:6:39] !rank club
[29/5/2022 21:10:46] !rank distance
[29/5/2022 21:10:57] !rank axe
[29/5/2022 21:33:46] !emotespells on
[29/5/2022 23:6:47] !rank axe
[30/5/2022 20:22:6] !rank axe
[31/5/2022 0:43:23] !rank axe
[31/5/2022 0:43:50] !rank shield
[31/5/2022 0:44:10] !online
[31/5/2022 9:59:16] !rank axe
[31/5/2022 10:43:8] !online
