[11/12/2021 0:46:1] !rank distance
[11/12/2021 15:2:0] !rank distance
[11/12/2021 18:1:59] !rank distance
[16/12/2021 18:9:7] !emotespells
[16/12/2021 18:9:14] !emotespells off
[16/12/2021 21:3:17] !rank distance
[16/12/2021 21:3:29] !rank distance
[16/12/2021 21:9:17] !rank distance
[17/12/2021 5:43:49] !rank distance
[17/12/2021 13:20:32] !rank distance
[17/12/2021 22:39:38] !rank distance
[17/12/2021 22:42:45] !rank distance
[18/12/2021 6:33:55] !rank distance
[18/12/2021 7:45:40] !emotespells on
[18/12/2021 9:8:24] !rank distance
[18/12/2021 22:13:49] !rank distance
[19/12/2021 6:44:51] !rank distance
[19/12/2021 7:42:19] !rank distance
[19/12/2021 8:12:42] !rank distance
[19/12/2021 8:17:17] !rank distance
[19/12/2021 8:50:44] !rank distance
[19/12/2021 9:15:18] !rank distance
[21/12/2021 18:40:44] !online
[21/12/2021 18:41:26] !online
[21/12/2021 18:48:5] !rank distance
[22/12/2021 14:38:58] !online
[22/12/2021 14:40:50] !rank distance
[24/12/2021 0:29:44] !online
[24/12/2021 0:38:26] !rank distance
[26/12/2021 20:56:6] !online
[27/12/2021 18:24:0] !rank distance
[28/12/2021 15:53:1] !online
[28/12/2021 21:0:31] !online
[28/12/2021 21:42:17] !online
[28/12/2021 23:28:9] !rank distance
[29/12/2021 15:32:51] !online
[30/12/2021 15:22:56] !rank distance
[30/12/2021 17:10:50] !online
[3/1/2022 9:57:22] !online
[3/1/2022 10:8:52] !online
