[27/5/2022 20:13:9] !emotespells on
[27/5/2022 22:0:33] !addon mage
[27/5/2022 22:0:46] !addon
[27/5/2022 22:0:57] !addon mage
[27/5/2022 22:1:0] !addon mage, 1
[27/5/2022 22:1:2] !addon warrior
[28/5/2022 17:13:12] !emotespells on
[28/5/2022 17:17:41] !emotespells on
[28/5/2022 17:21:36] !emotespells on
[28/5/2022 17:28:45] !emotespells on
[28/5/2022 17:30:32] !emotespells on
[28/5/2022 17:34:26] !emotespells on
[28/5/2022 17:38:7] !emotespells on
[28/5/2022 17:41:27] !emotespells on
[28/5/2022 17:44:28] !emotespells on
[28/5/2022 17:48:2] !emotespells on
[28/5/2022 17:50:42] !emotespells on
[28/5/2022 17:53:30] !emotespells on
[28/5/2022 17:58:2] !emotespells on
[28/5/2022 18:0:37] !emotespells on
[28/5/2022 18:4:1] !emotespells on
[28/5/2022 18:6:18] !emotespells on
[28/5/2022 18:9:3] !emotespells on
[28/5/2022 18:11:47] !emotespells on
[28/5/2022 18:14:1] !emotespells on
[28/5/2022 18:16:14] !emotespells on
[28/5/2022 18:19:35] !emotespells on
[28/5/2022 18:22:57] !emotespells on
[28/5/2022 18:24:26] !emotespells on
[28/5/2022 18:26:46] !emotespells on
[28/5/2022 18:29:6] !emotespells on
[28/5/2022 18:31:33] !emotespells on
[28/5/2022 18:34:9] !emotespells on
[28/5/2022 18:35:59] !emotespells on
[28/5/2022 18:38:9] !emotespells on
[28/5/2022 18:40:11] !emotespells on
[28/5/2022 18:41:49] !emotespells on
[28/5/2022 18:44:16] !emotespells on
[28/5/2022 18:46:38] !emotespells on
[28/5/2022 18:48:22] !emotespells on
[28/5/2022 18:50:17] !emotespells on
[28/5/2022 18:51:58] !emotespells on
[28/5/2022 18:53:52] !emotespells on
[28/5/2022 18:55:26] !emotespells on
[28/5/2022 18:57:22] !emotespells on
[28/5/2022 18:58:33] !emotespells on
[28/5/2022 19:0:21] !emotespells on
[28/5/2022 19:2:30] !emotespells on
[28/5/2022 19:4:47] !emotespells on
[28/5/2022 19:6:59] !emotespells on
[28/5/2022 19:9:1] !emotespells on
[28/5/2022 19:11:12] !emotespells on
[28/5/2022 19:12:54] !emotespells on
[28/5/2022 19:15:10] !emotespells on
[28/5/2022 19:17:41] !emotespells on
[28/5/2022 19:20:18] !emotespells on
[28/5/2022 19:35:51] !emotespells on
[28/5/2022 19:38:11] !emotespells on
[28/5/2022 19:40:6] !emotespells on
[28/5/2022 19:41:27] !emotespells on
[28/5/2022 19:42:54] !emotespells on
[28/5/2022 19:43:10] !frags
[28/5/2022 19:44:25] !emotespells on
[28/5/2022 19:46:4] !emotespells on
[28/5/2022 19:47:13] !emotespells on
[28/5/2022 19:48:49] !emotespells on
[28/5/2022 19:50:30] !emotespells on
[28/5/2022 20:4:4] !aol
[28/5/2022 20:28:38] !tradeoff buy, pharaot boots
[28/5/2022 20:28:49] !tradeoff active
[28/5/2022 20:30:20] !buyhouse
[28/5/2022 20:32:15] !tradeoff buy, pharaot boots
[28/5/2022 20:32:19] !tradeoff buy, pharaot boot
[28/5/2022 20:32:24] !tradeoff buy, pharaot boots, 1
[28/5/2022 20:35:23] !tradeoff add, pharaot boots
[28/5/2022 21:5:32] !protecthouse on
[28/5/2022 21:5:49] aleta som
[28/5/2022 21:25:34] !frags
[28/5/2022 21:50:23] 
[28/5/2022 22:57:41] !aol
[28/5/2022 23:55:27] !tradeoff buy, 25
[28/5/2022 23:55:42] !tradeoff buy, 25
[29/5/2022 8:49:25] !frags
[29/5/2022 9:28:33] !frags
[29/5/2022 17:17:48] !frags
[29/5/2022 22:58:4] !aol
