[1/6/2022 14:25:31] !emotespells on
[1/6/2022 14:46:36] !serverinfo
[1/6/2022 15:2:32] !serverinfo
[1/6/2022 15:2:40] !aol
[1/6/2022 15:51:18] !aol
[1/6/2022 15:57:4] !guildpoints
[1/6/2022 16:1:6] !buyhouse
[1/6/2022 17:44:11] !buyhouse
[2/6/2022 12:45:32] !tradeoff add, 70000000
[2/6/2022 12:46:4] !tradeoff remove, 74
[2/6/2022 12:46:11] !tradeoff add, 7000000
[2/6/2022 12:46:50] !tradeoff add, 7000000
[2/6/2022 14:4:31] !tradeoff remove, 75
[2/6/2022 16:13:2] !tradeoff add, 7000000
[2/6/2022 16:16:43] !tradeoff add, Deluxe Backpack
[2/6/2022 22:53:28] !tradeoff add, 7000000
[2/6/2022 22:53:43] !tradeoff add, 7000000
[3/6/2022 8:45:45] !tradeoff withdraw 
[3/6/2022 8:45:56] !tradeoff info
[3/6/2022 20:45:15] !tradeoff add, 10000000
[3/6/2022 23:9:54] !frags
[3/6/2022 23:40:6] !frags
[5/6/2022 18:59:20] !tradeoff add, 10000000
[5/6/2022 21:18:7] !rank magic
[6/6/2022 12:45:28] !online
[10/6/2022 11:43:54] !eject
[10/6/2022 11:43:56] !eject
[10/6/2022 11:43:58] !eject
