[12/2/2022 18:51:54] !aol
[12/2/2022 19:52:20] !aol
[12/2/2022 20:9:59] !aol
[12/2/2022 20:23:39] !aol
[12/2/2022 20:23:57] 
[13/2/2022 3:29:54] !aol
[13/2/2022 3:46:14] 
[13/2/2022 5:52:17] !frags
[14/2/2022 14:24:28] !aol
[14/2/2022 15:50:46] !aol
[14/2/2022 16:50:54] !aol
[14/2/2022 18:10:4] !aol
[14/2/2022 20:10:29] !aol
[14/2/2022 20:17:14] !aol
[14/2/2022 21:14:43] !aol
[14/2/2022 23:14:5] !frags
[15/2/2022 2:31:44] !frags
[15/2/2022 3:55:50] !frags
[15/2/2022 4:6:34] !frags
[15/2/2022 17:58:52] !aol
[15/2/2022 19:13:35] !aol
[16/2/2022 1:41:16] !aol
[16/2/2022 2:21:11] !emotespells off
[16/2/2022 2:21:27] !emotespells on
[16/2/2022 2:29:57] 
