[10/12/2021 20:9:41] !wand ice
[10/12/2021 20:17:42] !aol
[10/12/2021 20:19:12] !online
[10/12/2021 20:22:54] !online
[10/12/2021 20:24:22] !rank magic
[10/12/2021 20:40:16] !online
[10/12/2021 20:49:5] !rank magic
[10/12/2021 20:49:13] !rank magic
[10/12/2021 21:2:17] !online
[10/12/2021 21:2:47] !rank magic
[10/12/2021 21:56:38] !online
[10/12/2021 21:57:1] !rank level
[10/12/2021 21:57:8] !rank magic
[13/12/2021 12:52:59] !online
[13/12/2021 15:13:39] !wand ice
[13/12/2021 15:38:31] !rank level
[13/12/2021 15:38:44] !rank magic
[13/12/2021 16:6:49] !wand ice
[14/12/2021 7:55:38] !online
[14/12/2021 7:56:42] !wand ice
[14/12/2021 8:54:50] !emotespells on 
[14/12/2021 8:55:20] !rank magic
[14/12/2021 9:24:12] !serverinfo
[14/12/2021 10:16:59] !online
[14/12/2021 11:11:7] !online
[14/12/2021 12:56:33] !wand hoy
[14/12/2021 12:56:38] !wand holy
[14/12/2021 13:37:12] !wand ice
[14/12/2021 18:51:13] !wand ice
[14/12/2021 20:22:0] !online
[15/12/2021 8:32:39] !wand ice
[15/12/2021 9:42:52] !online
[16/12/2021 8:20:19] !online
[16/12/2021 10:29:51] !online
[16/12/2021 10:33:15] !online
[16/12/2021 11:58:18] !rank magic
[17/12/2021 8:24:9] !wand ice
[17/12/2021 8:25:1] !online
[17/12/2021 13:40:20] !online
[17/12/2021 22:37:22] !wand ice
[17/12/2021 22:38:58] !online
[17/12/2021 22:41:6] !serverinfo
[18/12/2021 8:33:9] !wand ice
[18/12/2021 10:55:34] !wand ice
[18/12/2021 13:37:48] !wand ice
[18/12/2021 19:0:34] !wand ice
[18/12/2021 22:44:24] !wand ice
[19/12/2021 1:19:31] !wand ice
[19/12/2021 7:4:23] !wand ice
[19/12/2021 9:15:12] !addon mage
[19/12/2021 12:42:45] !online
[19/12/2021 14:56:26] !wand ice
[19/12/2021 15:56:51] !addon warmaster
[19/12/2021 16:7:47] !frags
[19/12/2021 21:40:32] !online
[19/12/2021 22:20:3] !wand ice
[20/12/2021 8:21:41] !wand ice
[20/12/2021 13:35:21] !online
[21/12/2021 10:5:50] !online
[21/12/2021 12:9:49] !online
[21/12/2021 13:39:40] !online
[22/12/2021 14:0:59] !online
[23/12/2021 19:32:51] !online
[23/12/2021 20:21:58] !online
[23/12/2021 21:18:18] !online
