[15/12/2021 21:11:6] !aol
[15/12/2021 21:24:13] !aol
[15/12/2021 21:24:44] !aol
[16/12/2021 17:37:10] !frags
[16/12/2021 17:41:15] !rank magic
[16/12/2021 17:51:11] !wand ice
[16/12/2021 17:51:38] !wand death
[16/12/2021 17:52:3] !wand holy
[16/12/2021 19:40:37] !aol
[16/12/2021 20:53:22] !aol
[17/12/2021 1:34:47] !aol
[17/12/2021 20:34:35] !aol
[17/12/2021 20:35:27] !aol
[17/12/2021 23:55:42] !aol
[18/12/2021 3:21:21] !aol
[18/12/2021 8:5:45] 
[18/12/2021 16:28:20] !aol
[18/12/2021 16:45:12] 
[18/12/2021 20:15:58] !aol
[18/12/2021 20:16:1] !aol
[18/12/2021 20:16:4] !aol
[18/12/2021 20:16:7] !aol
[18/12/2021 20:16:11] !aol
[18/12/2021 20:16:14] !aol
[18/12/2021 20:16:17] !aol
[18/12/2021 20:16:20] !aol
[18/12/2021 20:16:24] !aol
[18/12/2021 20:16:27] !aol
[18/12/2021 21:2:34] !aol
[19/12/2021 1:0:20] !aol
[19/12/2021 1:17:16] !aol
[19/12/2021 3:32:34] !aol
[19/12/2021 18:0:58] 
[20/12/2021 5:7:59] !rank magic
[20/12/2021 5:9:19] !addon
[20/12/2021 5:9:31] !addon mae
[20/12/2021 5:9:38] !addon mage
[20/12/2021 20:45:41] !frags
[20/12/2021 20:59:2] !aol
[22/12/2021 19:23:29] !aol
[22/12/2021 19:23:43] !rank
[22/12/2021 19:23:48] !rank lvl
[22/12/2021 19:23:53] !rank level
[22/12/2021 19:24:21] !online
