[30/5/2022 13:59:49] !rank distance
[30/5/2022 14:45:18] !serverinfo
[30/5/2022 16:48:9] !serverinfo
[30/5/2022 18:15:20] !emotespells on
[30/5/2022 18:28:9] !emotespells on
[30/5/2022 18:59:40] !emotespells on
[30/5/2022 19:10:14] !emotespells on
[30/5/2022 19:17:1] !emotespells on
[30/5/2022 19:29:30] !emotespells on
[30/5/2022 19:38:23] !emotespells on
[30/5/2022 19:47:43] !emotespells on
[30/5/2022 19:56:35] !emotespells on
[30/5/2022 20:5:35] !emotespells on
[30/5/2022 20:15:32] !emotespells on
[30/5/2022 22:6:59] !aol
[30/5/2022 22:15:11] !emotespells on
[30/5/2022 22:29:27] !emotespells on
[31/5/2022 20:52:15] !emotespells
[31/5/2022 21:45:57] !rank
[31/5/2022 21:46:1] !rank level
[31/5/2022 23:20:3] !frags
[31/5/2022 23:28:12] !aol
[31/5/2022 23:57:1] !aol
[1/6/2022 0:58:24] !rank distance
[2/6/2022 3:29:56] !aol
[2/6/2022 4:59:40] !frags
[2/6/2022 5:20:50] !aol
[2/6/2022 6:44:28] !emotespells on
[2/6/2022 7:1:6] !emotespells on
[2/6/2022 7:9:28] !emotespells on
[2/6/2022 7:16:35] !emotespells on
[2/6/2022 7:22:48] !emotespells on
[2/6/2022 7:38:51] !emotespells on
[2/6/2022 7:48:16] !emotespells on
[2/6/2022 7:59:52] !emotespells on
[2/6/2022 5:12:36] !emotespells on
[2/6/2022 5:23:48] !emotespells on
[2/6/2022 5:25:20] !emotespells on
[2/6/2022 5:37:13] !emotespells on
[2/6/2022 5:39:28] !emotespells on
[2/6/2022 5:52:38] !emotespells on
[2/6/2022 6:6:54] !emotespells on
[2/6/2022 6:8:26] !emotespells on
[2/6/2022 6:20:41] !emotespells on
[2/6/2022 6:34:4] !emotespells on
[2/6/2022 6:41:45] !emotespells on
[2/6/2022 6:54:27] !emotespells on
[2/6/2022 7:3:19] !emotespells on
[2/6/2022 7:11:30] !emotespells on
[2/6/2022 7:23:51] !emotespells on
[2/6/2022 7:31:46] !emotespells on
[2/6/2022 7:33:19] !emotespells on
[2/6/2022 7:44:32] !emotespells on
[2/6/2022 7:52:31] !emotespells on
[2/6/2022 7:54:3] !emotespells on
[2/6/2022 8:4:16] !emotespells on
[2/6/2022 8:5:49] !emotespells on
[2/6/2022 8:7:22] !emotespells on
[2/6/2022 8:9:1] !emotespells on
[2/6/2022 8:10:34] !emotespells on
[2/6/2022 8:19:35] !emotespells on
[2/6/2022 8:28:42] !emotespells on
[2/6/2022 8:37:33] !emotespells on
[2/6/2022 8:48:15] !emotespells on
[2/6/2022 8:55:34] !emotespells on
[2/6/2022 9:7:31] !emotespells on
[2/6/2022 9:14:34] !emotespells on
[2/6/2022 9:21:7] !emotespells on
[2/6/2022 9:28:47] !emotespells on
[2/6/2022 9:41:38] !emotespells on
[2/6/2022 9:54:10] !emotespells on
[2/6/2022 10:3:16] !emotespells on
[2/6/2022 10:4:56] !emotespells on
[2/6/2022 10:15:23] !emotespells on
[2/6/2022 10:27:48] !emotespells on
[2/6/2022 10:34:50] !emotespells on
[2/6/2022 10:44:10] !emotespells on
[2/6/2022 10:45:1] !emotespells on
[2/6/2022 10:54:4] !emotespells on
[2/6/2022 11:2:38] !emotespells on
[2/6/2022 11:13:11] !emotespells on
[2/6/2022 11:22:49] !emotespells on
[2/6/2022 11:29:43] !emotespells on
[2/6/2022 11:40:52] !emotespells on
[2/6/2022 11:48:37] !emotespells on
[2/6/2022 12:0:1] !emotespells on
[2/6/2022 12:9:23] !emotespells on
[2/6/2022 12:17:50] !emotespells on
[2/6/2022 12:29:10] !emotespells on
[2/6/2022 12:46:17] !buyhouse
[2/6/2022 12:49:30] aleta som
[2/6/2022 12:49:32] aleta sio
[2/6/2022 12:49:34] aleta som
[2/6/2022 12:56:36] !aol
[2/6/2022 13:4:33] !emotespells on
[2/6/2022 13:8:50] !emotespells on
[2/6/2022 13:48:12] !rank distance
[2/6/2022 14:22:49] !aol
[2/6/2022 19:18:50] !frags
[2/6/2022 19:38:28] !buyhouse
[2/6/2022 19:39:37] aleta sio
[2/6/2022 23:31:12] !emotespells on
[2/6/2022 23:42:46] !emotespells on
[2/6/2022 23:53:43] !emotespells on
[3/6/2022 0:3:45] !emotespells on
[3/6/2022 0:14:31] !emotespells on
[3/6/2022 0:25:37] !emotespells on
[3/6/2022 0:34:56] !emotespells on
[3/6/2022 0:40:55] !emotespells on
[3/6/2022 0:44:21] !emotespells on
[3/6/2022 0:51:18] !emotespells on
[3/6/2022 0:57:54] !emotespells on
[3/6/2022 1:1:4] !emotespells on
[3/6/2022 1:7:51] !emotespells on
[3/6/2022 1:14:20] !emotespells on
[3/6/2022 1:17:41] !emotespells on
[3/6/2022 1:24:2] !emotespells on
[3/6/2022 1:28:45] !emotespells on
[3/6/2022 1:34:16] !emotespells on
[3/6/2022 1:39:8] !emotespells on
[3/6/2022 1:48:16] !emotespells on
[3/6/2022 1:54:34] !emotespells on
[3/6/2022 1:58:5] !emotespells on
[3/6/2022 2:5:54] !emotespells on
[3/6/2022 2:13:58] !emotespells on
[3/6/2022 2:19:55] !emotespells on
[3/6/2022 2:24:30] !emotespells on
[3/6/2022 2:29:19] !emotespells on
[3/6/2022 2:37:55] !emotespells on
[3/6/2022 2:45:57] !emotespells on
[3/6/2022 2:55:52] !emotespells on
[3/6/2022 3:6:10] !emotespells on
[3/6/2022 3:15:16] !emotespells on
[3/6/2022 3:23:40] !emotespells on
[3/6/2022 3:32:28] !emotespells on
[3/6/2022 3:37:53] !emotespells on
[3/6/2022 3:42:38] !emotespells on
[3/6/2022 3:48:17] !emotespells on
[3/6/2022 3:56:25] !emotespells on
[3/6/2022 4:5:27] !emotespells on
[3/6/2022 4:11:39] !emotespells on
[3/6/2022 4:16:14] !emotespells on
[3/6/2022 4:19:37] !emotespells on
[3/6/2022 4:24:40] !emotespells on
[3/6/2022 4:31:36] !emotespells on
[3/6/2022 4:41:19] !emotespells on
[3/6/2022 4:48:36] !emotespells on
[3/6/2022 4:52:35] !emotespells on
[3/6/2022 4:58:34] !emotespells on
[3/6/2022 5:16:16] !emotespells on
[3/6/2022 5:37:54] !emotespells on
[3/6/2022 5:45:6] !emotespells on
[3/6/2022 5:52:40] !emotespells on
[3/6/2022 5:56:26] !emotespells on
[3/6/2022 6:2:12] !emotespells on
[3/6/2022 6:6:58] !emotespells on
[3/6/2022 6:16:47] !emotespells on
[3/6/2022 6:22:27] !emotespells on
[3/6/2022 6:27:18] !emotespells on
[3/6/2022 6:30:36] !emotespells on
[3/6/2022 6:33:42] !emotespells on
[3/6/2022 6:39:50] !emotespells on
[3/6/2022 6:44:14] !emotespells on
[3/6/2022 6:50:8] !emotespells on
[3/6/2022 6:58:37] !emotespells on
[3/6/2022 7:8:1] !emotespells on
[3/6/2022 7:30:23] !emotespells on
[3/6/2022 7:36:27] !emotespells on
[3/6/2022 7:43:1] !emotespells on
[3/6/2022 7:52:57] !emotespells on
[3/6/2022 8:1:24] !emotespells on
[3/6/2022 8:6:28] !emotespells on
[3/6/2022 8:17:2] !emotespells on
[3/6/2022 8:21:18] !emotespells on
[3/6/2022 8:36:19] !emotespells on
[3/6/2022 8:42:8] !emotespells on
[3/6/2022 8:49:9] !emotespells on
[3/6/2022 8:55:28] !emotespells on
[3/6/2022 9:0:40] !emotespells on
[3/6/2022 9:4:2] !emotespells on
[3/6/2022 9:7:10] !emotespells on
[3/6/2022 9:13:28] !emotespells on
[3/6/2022 9:17:12] !emotespells on
[3/6/2022 9:26:50] !emotespells on
[3/6/2022 9:35:1] !emotespells on
[3/6/2022 9:40:55] !emotespells on
[3/6/2022 9:45:38] !emotespells on
[3/6/2022 9:53:22] !emotespells on
[3/6/2022 10:11:23] !emotespells on
[3/6/2022 10:17:16] !emotespells on
[3/6/2022 10:21:27] !emotespells on
[3/6/2022 10:24:51] !emotespells on
[3/6/2022 10:30:45] !emotespells on
[3/6/2022 10:33:55] !emotespells on
[3/6/2022 10:40:50] !emotespells on
[3/6/2022 10:47:5] !emotespells on
[3/6/2022 10:52:40] !emotespells on
[3/6/2022 10:58:37] !emotespells on
[3/6/2022 11:3:38] !emotespells on
[3/6/2022 11:11:22] !emotespells on
[3/6/2022 11:18:5] !emotespells on
[3/6/2022 11:23:42] !emotespells on
[3/6/2022 11:36:3] !emotespells on
[3/6/2022 11:43:15] !emotespells on
[3/6/2022 11:44:34] aleta sio
[3/6/2022 11:45:42] !emotespells on
[3/6/2022 11:52:21] !emotespells on
[3/6/2022 12:38:47] !emotespells on
[3/6/2022 13:42:36] !aol
[3/6/2022 13:43:51] !emotespells on
[3/6/2022 13:50:52] !emotespells on
[3/6/2022 13:58:27] !emotespells on
[3/6/2022 14:9:22] !emotespells on
[3/6/2022 14:13:29] !emotespells on
[3/6/2022 14:20:22] !emotespells on
[3/6/2022 14:25:28] !emotespells on
[3/6/2022 14:31:50] !emotespells on
[3/6/2022 14:38:1] !emotespells on
[3/6/2022 14:44:0] !emotespells on
[3/6/2022 14:49:0] !emotespells on
[3/6/2022 14:54:34] !emotespells on
[3/6/2022 14:59:46] !emotespells on
[3/6/2022 15:3:44] !emotespells on
[3/6/2022 15:9:27] !emotespells on
[3/6/2022 15:14:43] !emotespells on
[3/6/2022 15:20:18] !emotespells on
[3/6/2022 15:25:57] !emotespells on
[3/6/2022 15:31:2] !emotespells on
[3/6/2022 15:37:1] !emotespells on
[3/6/2022 15:42:21] !emotespells on
[3/6/2022 15:48:18] !emotespells on
[3/6/2022 15:53:44] !emotespells on
[3/6/2022 15:58:8] !emotespells on
[3/6/2022 16:3:33] !emotespells on
[3/6/2022 16:9:12] !emotespells on
[3/6/2022 16:16:19] !emotespells on
[3/6/2022 16:22:28] !emotespells on
[3/6/2022 16:29:10] !emotespells on
[3/6/2022 16:35:45] !emotespells on
[3/6/2022 16:42:26] !emotespells on
[3/6/2022 16:48:56] !emotespells on
[3/6/2022 16:54:7] !emotespells on
[3/6/2022 17:1:46] !emotespells on
[4/6/2022 19:54:54] !emotespells on
[4/6/2022 20:3:16] !emotespells on
[4/6/2022 20:10:56] !emotespells on
[4/6/2022 20:19:48] !emotespells on
[4/6/2022 20:24:57] !emotespells on
[4/6/2022 20:32:6] !emotespells on
[4/6/2022 20:40:32] !emotespells on
[4/6/2022 20:49:24] !emotespells on
[4/6/2022 20:58:20] !emotespells on
[4/6/2022 21:5:20] !emotespells on
[4/6/2022 21:11:40] !emotespells on
[4/6/2022 21:16:56] !emotespells on
[4/6/2022 21:23:51] !emotespells on
[4/6/2022 21:30:2] !emotespells on
[4/6/2022 21:37:10] !emotespells on
[4/6/2022 21:44:2] !emotespells on
[4/6/2022 21:50:42] !emotespells on
[4/6/2022 21:57:20] !emotespells on
[4/6/2022 22:3:36] !emotespells on
[4/6/2022 22:10:8] !emotespells on
[4/6/2022 22:18:1] !emotespells on
[4/6/2022 22:25:11] !emotespells on
[4/6/2022 22:30:4] !emotespells on
[4/6/2022 22:35:35] !emotespells on
[4/6/2022 22:41:9] !emotespells on
[4/6/2022 22:46:51] !emotespells on
[4/6/2022 22:52:31] !emotespells on
[4/6/2022 23:0:35] !emotespells on
[4/6/2022 23:7:42] !emotespells on
[4/6/2022 23:15:32] !emotespells on
[4/6/2022 23:23:19] !emotespells on
[4/6/2022 23:31:21] !emotespells on
[4/6/2022 23:38:58] !emotespells on
[4/6/2022 23:46:13] !emotespells on
[4/6/2022 23:53:7] !emotespells on
[5/6/2022 0:0:5] !emotespells on
[5/6/2022 0:7:26] !emotespells on
[5/6/2022 0:14:50] !emotespells on
[5/6/2022 0:20:38] !emotespells on
[5/6/2022 0:26:36] !emotespells on
[5/6/2022 0:32:40] !emotespells on
[5/6/2022 0:37:40] !emotespells on
[5/6/2022 0:43:0] !emotespells on
[5/6/2022 0:48:44] !emotespells on
[5/6/2022 0:55:29] !emotespells on
[5/6/2022 1:2:2] !emotespells on
[5/6/2022 1:8:46] !emotespells on
[5/6/2022 1:15:38] !emotespells on
[5/6/2022 1:22:1] !emotespells on
[5/6/2022 1:28:52] !emotespells on
[5/6/2022 1:35:14] !emotespells on
[5/6/2022 1:42:21] !emotespells on
[5/6/2022 1:43:0] !emotespells on
[5/6/2022 1:44:27] !emotespells on
[6/6/2022 18:21:13] !rank level
[6/6/2022 18:50:14] !aol
[6/6/2022 18:52:29] !emotespells on
[6/6/2022 19:4:9] !emotespells on
[6/6/2022 19:11:27] !emotespells on
[6/6/2022 19:18:51] !emotespells on
[6/6/2022 19:26:20] !emotespells on
[6/6/2022 19:33:59] !emotespells on
[6/6/2022 19:41:1] !emotespells on
[6/6/2022 19:49:3] !emotespells on
[6/6/2022 19:55:16] !emotespells on
[6/6/2022 19:59:31] !emotespells on
[6/6/2022 20:7:23] !emotespells on
[6/6/2022 20:14:38] !emotespells on
[6/6/2022 20:22:38] !emotespells on
[6/6/2022 20:30:13] !emotespells on
[6/6/2022 20:31:17] !emotespells on
[6/6/2022 20:40:45] !emotespells on
[6/6/2022 20:48:38] !emotespells on
[6/6/2022 20:55:12] !emotespells on
[6/6/2022 21:1:59] !emotespells on
[6/6/2022 21:11:19] !emotespells on
[6/6/2022 21:18:55] !emotespells on
[6/6/2022 21:26:16] !emotespells on
[6/6/2022 21:34:23] !emotespells on
[6/6/2022 21:42:4] !emotespells on
[6/6/2022 21:46:13] !emotespells on
[6/6/2022 21:55:13] !emotespells on
[6/6/2022 22:1:45] !emotespells on
[6/6/2022 22:8:30] !emotespells on
[6/6/2022 22:16:15] !emotespells on
[6/6/2022 22:23:23] !emotespells on
[6/6/2022 22:31:18] !emotespells on
[6/6/2022 22:40:14] !emotespells on
[6/6/2022 22:48:13] !emotespells on
[6/6/2022 22:55:50] !emotespells on
[6/6/2022 23:3:47] !emotespells on
[6/6/2022 23:11:20] !emotespells on
[6/6/2022 23:18:57] !emotespells on
[6/6/2022 23:28:10] !emotespells on
[6/6/2022 23:36:3] !emotespells on
[6/6/2022 23:44:5] !emotespells on
[6/6/2022 23:46:54] !emotespells on
[6/6/2022 23:47:29] !emotespells on
[6/6/2022 23:48:1] !emotespells on
[6/6/2022 23:48:33] !emotespells on
[6/6/2022 23:49:5] !emotespells on
[6/6/2022 23:49:37] !emotespells on
[6/6/2022 23:50:12] !emotespells on
[6/6/2022 23:50:47] !emotespells on
[6/6/2022 23:51:58] !emotespells on
[6/6/2022 23:52:33] !emotespells on
[6/6/2022 23:56:58] !emotespells on
[7/6/2022 0:5:30] !emotespells on
[7/6/2022 0:12:42] !emotespells on
[7/6/2022 0:20:38] !emotespells on
[7/6/2022 0:28:18] !emotespells on
[7/6/2022 0:35:28] !emotespells on
[7/6/2022 0:43:29] !emotespells on
[7/6/2022 0:51:17] !emotespells on
[7/6/2022 0:59:30] !emotespells on
[7/6/2022 1:6:48] !emotespells on
[7/6/2022 1:14:34] !emotespells on
[7/6/2022 1:22:8] !emotespells on
[7/6/2022 1:28:43] !emotespells on
[7/6/2022 1:37:23] !emotespells on
[7/6/2022 1:46:21] !emotespells on
[7/6/2022 1:54:4] !emotespells on
[7/6/2022 2:1:47] !emotespells on
[7/6/2022 2:7:55] !emotespells on
[7/6/2022 2:15:14] !emotespells on
[7/6/2022 2:23:24] !emotespells on
[7/6/2022 2:32:39] !emotespells on
[7/6/2022 2:40:16] !emotespells on
[7/6/2022 2:47:45] !emotespells on
[7/6/2022 2:55:23] !emotespells on
[7/6/2022 3:3:0] !emotespells on
[7/6/2022 3:9:45] !emotespells on
[7/6/2022 3:17:36] !emotespells on
[7/6/2022 3:25:57] !emotespells on
[7/6/2022 3:33:5] !emotespells on
[7/6/2022 3:40:15] !emotespells on
[7/6/2022 3:46:57] !emotespells on
[7/6/2022 3:54:59] !emotespells on
[7/6/2022 4:3:56] !emotespells on
[7/6/2022 4:11:37] !emotespells on
[7/6/2022 4:18:15] !emotespells on
[7/6/2022 4:25:34] !emotespells on
[7/6/2022 4:31:38] !emotespells on
[7/6/2022 4:38:57] !emotespells on
[7/6/2022 4:46:14] !emotespells on
[7/6/2022 4:53:24] !emotespells on
[7/6/2022 5:15:4] !emotespells on
[7/6/2022 5:22:24] !emotespells on
[7/6/2022 5:29:58] !emotespells on
[7/6/2022 5:37:56] !emotespells on
[7/6/2022 5:46:2] !emotespells on
[7/6/2022 5:53:15] !emotespells on
[7/6/2022 6:7:38] !emotespells on
[7/6/2022 6:14:57] !emotespells on
[7/6/2022 6:22:13] !emotespells on
[7/6/2022 6:29:19] !emotespells on
[7/6/2022 6:33:47] !emotespells on
[7/6/2022 6:41:41] !emotespells on
[7/6/2022 6:48:49] !emotespells on
[7/6/2022 6:56:20] !emotespells on
[7/6/2022 7:3:48] !emotespells on
[7/6/2022 7:12:11] !emotespells on
[7/6/2022 7:20:16] !emotespells on
[7/6/2022 7:27:46] !emotespells on
[7/6/2022 7:34:51] !emotespells on
[7/6/2022 7:42:50] !emotespells on
[7/6/2022 8:0:0] !emotespells on
[7/6/2022 8:7:6] !emotespells on
[7/6/2022 8:14:22] !emotespells on
[7/6/2022 8:22:4] !emotespells on
[7/6/2022 8:29:48] !emotespells on
[7/6/2022 8:37:41] !emotespells on
[7/6/2022 8:54:30] !emotespells on
[7/6/2022 9:2:14] !emotespells on
[7/6/2022 9:9:16] !emotespells on
[7/6/2022 9:15:12] !emotespells on
[7/6/2022 9:22:43] !emotespells on
[7/6/2022 9:31:42] !emotespells on
[7/6/2022 9:39:10] !emotespells on
[7/6/2022 9:46:52] !emotespells on
[7/6/2022 9:53:47] !emotespells on
[7/6/2022 10:1:11] !emotespells on
[7/6/2022 10:9:21] !emotespells on
[7/6/2022 10:18:1] !emotespells on
[7/6/2022 10:25:25] !emotespells on
[7/6/2022 10:32:37] !emotespells on
[7/6/2022 10:43:8] !rank distance
[7/6/2022 11:8:52] !tradeoff add, 5000
[7/6/2022 11:9:44] !tradeoff add, 20000000
[7/6/2022 11:9:58] !tradeoff buy, 131
[7/6/2022 11:10:9] !tradeoff active
[7/6/2022 13:48:24] !rank distance
[7/6/2022 14:0:29] !tradeoff remove, 132
[7/6/2022 14:1:27] !tradeoff add, 100000000
[7/6/2022 14:1:43] !tradeoff remove, 134
[7/6/2022 14:2:7] !tradeoff add, 10000000
[7/6/2022 14:4:9] !rank axe
[7/6/2022 14:4:46] !rank sword
[7/6/2022 14:4:51] !rank distance
[7/6/2022 14:7:35] !rank distance
[7/6/2022 15:40:15] !rank distance
[7/6/2022 16:40:20] !rank distance
[7/6/2022 16:59:14] !rank distance
[7/6/2022 17:10:48] !rank distance
[7/6/2022 18:19:23] !rank distance
[7/6/2022 18:47:29] !rank distance
[7/6/2022 22:32:46] !rank distance
[8/6/2022 1:31:37] !rank distance
[8/6/2022 3:52:56] !rank distance
[8/6/2022 16:37:24] !rank distance
[8/6/2022 19:52:10] !rank distance
[8/6/2022 21:4:3] !emotespells on
[8/6/2022 21:11:49] !emotespells on
[8/6/2022 21:17:59] !emotespells on
[8/6/2022 21:24:26] !emotespells on
[8/6/2022 21:30:53] !emotespells on
[8/6/2022 21:37:27] !emotespells on
[8/6/2022 21:44:5] !emotespells on
[8/6/2022 21:52:36] !emotespells on
[8/6/2022 21:59:53] !emotespells on
[8/6/2022 22:7:29] !emotespells on
[8/6/2022 22:15:56] !emotespells on
[8/6/2022 22:23:11] !emotespells on
[8/6/2022 22:30:37] !emotespells on
[8/6/2022 22:38:56] !emotespells on
[8/6/2022 22:46:40] !emotespells on
[8/6/2022 22:53:31] !emotespells on
[8/6/2022 23:0:35] !emotespells on
[8/6/2022 23:8:8] !emotespells on
[8/6/2022 23:15:34] !emotespells on
[8/6/2022 23:23:45] !emotespells on
[8/6/2022 23:30:14] !emotespells on
[8/6/2022 23:37:4] !emotespells on
[8/6/2022 23:44:51] !emotespells on
[8/6/2022 23:51:23] !emotespells on
[8/6/2022 23:58:22] !emotespells on
[9/6/2022 0:6:21] !emotespells on
[9/6/2022 0:12:55] !emotespells on
[9/6/2022 0:20:11] !emotespells on
[9/6/2022 0:27:51] !emotespells on
[9/6/2022 0:34:20] !emotespells on
[9/6/2022 0:41:20] !emotespells on
[9/6/2022 0:49:26] !emotespells on
[9/6/2022 0:55:59] !emotespells on
[9/6/2022 1:3:1] !emotespells on
[9/6/2022 1:9:41] !emotespells on
[9/6/2022 1:15:44] !emotespells on
[9/6/2022 1:22:38] !emotespells on
[9/6/2022 1:29:52] !emotespells on
[9/6/2022 1:36:58] !emotespells on
[9/6/2022 1:44:23] !emotespells on
[9/6/2022 1:52:15] !emotespells on
[9/6/2022 1:58:58] !emotespells on
[9/6/2022 2:14:21] !emotespells on
[9/6/2022 2:21:29] !emotespells on
[9/6/2022 2:28:54] !emotespells on
[9/6/2022 2:37:21] !emotespells on
[9/6/2022 2:44:21] !emotespells on
[9/6/2022 2:52:7] !emotespells on
[9/6/2022 3:1:20] !emotespells on
[9/6/2022 3:9:43] !emotespells on
[9/6/2022 3:16:35] !emotespells on
[9/6/2022 3:23:39] !emotespells on
[9/6/2022 3:30:49] !emotespells on
[9/6/2022 3:39:16] !emotespells on
[9/6/2022 3:45:49] !emotespells on
[9/6/2022 3:53:12] !emotespells on
[9/6/2022 4:1:33] !emotespells on
[9/6/2022 4:8:14] !emotespells on
[9/6/2022 4:15:56] !emotespells on
[9/6/2022 4:23:54] !emotespells on
[9/6/2022 4:31:11] !emotespells on
[9/6/2022 4:39:3] !emotespells on
[9/6/2022 4:46:52] !emotespells on
[9/6/2022 4:53:55] !emotespells on
[9/6/2022 5:4:42] !emotespells on
[9/6/2022 5:13:4] !emotespells on
[9/6/2022 5:20:13] !emotespells on
[9/6/2022 5:28:17] !emotespells on
[9/6/2022 5:36:55] !emotespells on
[9/6/2022 5:44:12] !emotespells on
[9/6/2022 5:52:9] !emotespells on
[9/6/2022 6:0:21] !emotespells on
[9/6/2022 6:7:24] !emotespells on
[9/6/2022 6:15:10] !emotespells on
[9/6/2022 6:23:40] !emotespells on
[9/6/2022 6:30:30] !emotespells on
[9/6/2022 6:37:49] !emotespells on
[9/6/2022 6:44:42] !emotespells on
[9/6/2022 6:51:12] !emotespells on
[9/6/2022 6:57:29] !emotespells on
[9/6/2022 7:4:39] !emotespells on
[9/6/2022 7:12:12] !emotespells on
[9/6/2022 7:18:59] !emotespells on
[9/6/2022 7:26:25] !emotespells on
[9/6/2022 7:34:11] !emotespells on
[9/6/2022 7:40:52] !emotespells on
[9/6/2022 7:47:24] !emotespells on
[9/6/2022 7:54:59] !emotespells on
[9/6/2022 8:2:42] !emotespells on
[9/6/2022 8:9:27] !emotespells on
[9/6/2022 8:15:59] !emotespells on
[9/6/2022 8:23:23] !emotespells on
[9/6/2022 8:31:7] !emotespells on
[9/6/2022 8:37:50] !emotespells on
[9/6/2022 8:45:7] !emotespells on
[9/6/2022 8:53:8] !emotespells on
[9/6/2022 8:59:56] !emotespells on
[9/6/2022 9:7:3] !emotespells on
[9/6/2022 9:14:52] !emotespells on
[9/6/2022 9:22:47] !emotespells on
[9/6/2022 9:29:59] !emotespells on
[9/6/2022 9:36:28] !emotespells on
[9/6/2022 9:42:58] !emotespells on
[9/6/2022 9:51:41] !emotespells on
[9/6/2022 9:59:28] !emotespells on
[9/6/2022 10:6:22] !emotespells on
[9/6/2022 10:13:28] !emotespells on
[9/6/2022 10:21:28] !emotespells on
[9/6/2022 10:27:52] !emotespells on
[9/6/2022 10:34:8] !emotespells on
[9/6/2022 10:41:22] !emotespells on
[9/6/2022 10:49:21] !emotespells on
[9/6/2022 10:56:4] !emotespells on
[9/6/2022 11:10:33] !emotespells on
[9/6/2022 11:18:34] !emotespells on
[9/6/2022 11:25:12] !emotespells on
[9/6/2022 11:32:6] !emotespells on
[9/6/2022 11:40:20] !emotespells on
[9/6/2022 11:47:25] !emotespells on
[9/6/2022 11:54:25] !emotespells on
[9/6/2022 12:1:13] !emotespells on
[9/6/2022 12:7:58] !emotespells on
[9/6/2022 12:15:6] !emotespells on
[9/6/2022 12:23:6] !emotespells on
[9/6/2022 12:30:5] !emotespells on
[9/6/2022 12:37:28] !emotespells on
[9/6/2022 12:45:49] !emotespells on
[9/6/2022 12:52:32] !emotespells on
[9/6/2022 13:0:16] !emotespells on
[9/6/2022 13:8:30] !emotespells on
[9/6/2022 13:15:12] !emotespells on
[9/6/2022 13:22:0] !emotespells on
[9/6/2022 13:29:44] !emotespells on
[9/6/2022 13:37:10] !emotespells on
[9/6/2022 13:43:51] !emotespells on
[9/6/2022 13:51:5] !emotespells on
[9/6/2022 13:59:26] !emotespells on
[9/6/2022 14:42:3] !rank distance
[9/6/2022 17:13:35] !rank distance
