[10/12/2021 20:27:39] !emotespells on
[10/12/2021 21:26:9] !rank distance
[10/12/2021 21:26:19] !rank level
[10/12/2021 22:2:12] !aol
[12/12/2021 10:19:23] !rank distance
[12/12/2021 10:25:41] !rank magic
[13/12/2021 21:38:30] !rank distance
[17/12/2021 19:18:15] !rank magic
[17/12/2021 19:18:30] !rank distance
[22/12/2021 19:39:40] !online
[11/2/2022 12:47:21] !emotespells on
[16/2/2022 21:51:54] !rank distance
[24/2/2022 12:38:49] !emotespells off
[24/2/2022 12:39:31] !emotespells on
[30/5/2022 10:5:45] !emotespells
[30/5/2022 10:5:48] !emotespells on
[1/6/2022 16:22:52] !emotespells on]
[1/6/2022 16:23:1] !emotespells on
[3/6/2022 17:3:45] !aol
[5/6/2022 8:41:46] !emotespells on
[5/6/2022 9:25:8] !aol
[5/6/2022 11:9:31] !aol
[7/6/2022 12:52:16] !online
