[28/5/2022 16:4:28] !aol
[28/5/2022 16:6:35] !aol
[28/5/2022 19:30:47] !aol
[28/5/2022 19:36:11] !online
[28/5/2022 19:48:2] !aol
[28/5/2022 19:58:0] !aol
[28/5/2022 20:35:56] !aol
[28/5/2022 20:56:49] !online
[28/5/2022 22:59:53] !aol
[29/5/2022 19:22:41] !aol
[29/5/2022 19:40:23] !aol
[29/5/2022 19:47:33] !emotespells on
[29/5/2022 19:54:49] !online
[29/5/2022 19:59:41] !emotespells on
[29/5/2022 20:3:59] !emotespells on
[29/5/2022 20:9:12] !emotespells on
[29/5/2022 20:16:3] !emotespells on
[29/5/2022 20:19:18] !emotespells on
[29/5/2022 20:23:2] !emotespells on
[29/5/2022 20:33:48] !emotespells on
[29/5/2022 20:37:43] !emotespells on
[29/5/2022 20:41:37] !emotespells on
[29/5/2022 20:46:48] !emotespells on
[29/5/2022 20:50:6] !emotespells on
[29/5/2022 20:54:10] !emotespells on
[29/5/2022 20:58:41] !emotespells on
[29/5/2022 21:4:34] !emotespells on
[29/5/2022 21:9:20] !emotespells on
[29/5/2022 21:12:32] !emotespells on
[29/5/2022 21:17:5] !emotespells on
[29/5/2022 21:22:58] !emotespells on
[29/5/2022 21:27:25] !emotespells on
[29/5/2022 21:30:56] !emotespells on
[29/5/2022 21:35:15] !emotespells on
[29/5/2022 21:37:8] !emotespells on
[29/5/2022 21:39:50] !emotespells on
[29/5/2022 21:46:21] !emotespells on
[29/5/2022 21:50:48] !emotespells on
[29/5/2022 21:54:23] !emotespells on
[29/5/2022 21:58:1] !emotespells on
[29/5/2022 22:2:26] !emotespells on
[29/5/2022 22:8:59] !emotespells on
[29/5/2022 22:12:11] !emotespells on
[29/5/2022 22:15:56] !emotespells on
[29/5/2022 22:16:26] !emotespells on
[29/5/2022 22:20:4] !emotespells on
[29/5/2022 22:24:37] !emotespells on
[29/5/2022 22:28:17] !emotespells on
[29/5/2022 22:32:32] !emotespells on
[29/5/2022 22:36:11] !emotespells on
[29/5/2022 22:39:41] !emotespells on
[29/5/2022 22:42:49] !emotespells on
[29/5/2022 22:46:29] !emotespells on
[29/5/2022 22:50:22] !emotespells on
[29/5/2022 22:54:13] !emotespells on
[29/5/2022 22:57:54] !emotespells on
[29/5/2022 23:3:42] !emotespells on
[29/5/2022 23:8:26] !emotespells on
[29/5/2022 23:14:37] !emotespells on
[29/5/2022 23:18:52] !emotespells on
[29/5/2022 23:23:16] !emotespells on
[29/5/2022 23:27:16] !emotespells on
[29/5/2022 23:30:54] !emotespells on
[29/5/2022 23:37:19] !emotespells on
[29/5/2022 23:41:53] !emotespells on
[29/5/2022 23:46:51] !emotespells on
[29/5/2022 23:50:32] !emotespells on
[29/5/2022 23:54:24] !emotespells on
[29/5/2022 23:57:38] !emotespells on
[30/5/2022 0:1:27] !emotespells on
[30/5/2022 0:4:49] !emotespells on
[30/5/2022 0:7:38] !emotespells on
[30/5/2022 0:11:37] !emotespells on
[30/5/2022 0:15:18] !emotespells on
[30/5/2022 0:18:34] !emotespells on
[30/5/2022 0:22:30] !emotespells on
[30/5/2022 0:26:17] !emotespells on
[30/5/2022 0:29:29] !emotespells on
[30/5/2022 0:33:52] !emotespells on
[30/5/2022 0:38:23] !emotespells on
[30/5/2022 0:42:45] !emotespells on
[30/5/2022 0:46:35] !emotespells on
[30/5/2022 0:51:21] !emotespells on
[30/5/2022 0:55:32] !emotespells on
[30/5/2022 0:59:13] !emotespells on
[30/5/2022 1:3:26] !emotespells on
[30/5/2022 1:7:10] !emotespells on
[30/5/2022 1:11:9] !emotespells on
[30/5/2022 1:15:22] !emotespells on
[30/5/2022 1:22:13] !emotespells on
[30/5/2022 1:27:15] !emotespells on
[30/5/2022 1:32:48] !emotespells on
[30/5/2022 1:37:31] !emotespells on
[30/5/2022 1:43:26] !emotespells on
[30/5/2022 1:47:8] !emotespells on
[30/5/2022 1:53:30] !emotespells on
[30/5/2022 1:58:0] !emotespells on
[30/5/2022 2:2:16] !emotespells on
[30/5/2022 2:6:5] !emotespells on
[30/5/2022 2:10:36] !emotespells on
[30/5/2022 2:14:38] !emotespells on
[30/5/2022 2:19:1] !emotespells on
[30/5/2022 2:23:45] !emotespells on
[30/5/2022 2:30:18] !emotespells on
[30/5/2022 2:35:55] !emotespells on
[30/5/2022 2:43:7] !emotespells on
[30/5/2022 2:50:55] !emotespells on
[30/5/2022 2:56:9] !emotespells on
[30/5/2022 3:0:5] !emotespells on
[30/5/2022 3:4:6] !emotespells on
[30/5/2022 3:8:45] !emotespells on
[30/5/2022 3:12:51] !emotespells on
[30/5/2022 3:17:6] !emotespells on
[30/5/2022 3:20:25] !emotespells on
[30/5/2022 3:25:14] !emotespells on
[30/5/2022 3:32:4] !emotespells on
[30/5/2022 3:35:58] !emotespells on
[30/5/2022 3:40:8] !emotespells on
[30/5/2022 3:44:15] !emotespells on
[30/5/2022 3:49:19] !emotespells on
[30/5/2022 3:53:36] !emotespells on
[30/5/2022 4:1:9] !emotespells on
[30/5/2022 4:6:6] !emotespells on
[30/5/2022 4:10:41] !emotespells on
[30/5/2022 4:14:58] !emotespells on
[30/5/2022 4:19:20] !emotespells on
[30/5/2022 4:26:1] !emotespells on
[30/5/2022 4:26:29] !emotespells on
[30/5/2022 4:29:24] !emotespells on
[30/5/2022 4:32:21] !emotespells on
[30/5/2022 4:38:27] !emotespells on
[30/5/2022 4:40:36] !emotespells on
[30/5/2022 4:43:27] !emotespells on
[30/5/2022 4:46:27] !emotespells on
[30/5/2022 4:46:55] !emotespells on
[30/5/2022 4:47:26] !emotespells on
[30/5/2022 6:39:49] !aol
[30/5/2022 6:40:22] !emotespells on
[30/5/2022 6:45:48] !emotespells on
[30/5/2022 6:57:54] !emotespells on
[30/5/2022 7:6:57] !emotespells on
[30/5/2022 7:16:2] !emotespells on
[30/5/2022 7:24:10] !emotespells on
[30/5/2022 7:32:46] !emotespells on
[30/5/2022 7:38:0] !emotespells on
[30/5/2022 7:46:42] !emotespells on
[30/5/2022 7:54:58] !emotespells on
[30/5/2022 8:3:42] !emotespells on
[30/5/2022 8:12:1] !emotespells on
[30/5/2022 8:20:27] !emotespells on
[30/5/2022 8:25:40] !emotespells on
[30/5/2022 8:32:22] !emotespells on
[30/5/2022 8:40:53] !emotespells on
[30/5/2022 8:46:4] !emotespells on
[30/5/2022 8:56:7] !emotespells on
[30/5/2022 9:0:15] !emotespells on
[30/5/2022 9:8:35] !emotespells on
[30/5/2022 9:14:52] !emotespells on
[30/5/2022 9:20:8] !emotespells on
[30/5/2022 9:25:43] !emotespells on
[30/5/2022 9:32:15] !emotespells on
[30/5/2022 9:37:0] !emotespells on
[30/5/2022 9:41:52] !emotespells on
[30/5/2022 9:45:37] !emotespells on
[30/5/2022 9:49:55] !emotespells on
[30/5/2022 9:55:3] !emotespells on
[30/5/2022 9:59:8] !emotespells on
[30/5/2022 10:4:38] !emotespells on
[30/5/2022 10:8:30] !emotespells on
[30/5/2022 10:12:39] !emotespells on
[30/5/2022 10:17:24] !emotespells on
[30/5/2022 10:21:31] !emotespells on
[30/5/2022 10:25:34] !emotespells on
[30/5/2022 10:30:0] !emotespells on
[30/5/2022 10:34:31] !emotespells on
[30/5/2022 10:39:32] !emotespells on
[30/5/2022 10:44:52] !emotespells on
[30/5/2022 10:49:31] !emotespells on
[30/5/2022 10:53:59] !emotespells on
[30/5/2022 10:58:30] !emotespells on
[30/5/2022 11:3:46] !emotespells on
[30/5/2022 11:7:57] !emotespells on
[30/5/2022 11:13:13] !emotespells on
[30/5/2022 11:19:8] !emotespells on
[30/5/2022 11:25:9] !emotespells on
[30/5/2022 11:29:40] !emotespells on
[30/5/2022 11:34:12] !emotespells on
[30/5/2022 11:41:3] !online
[30/5/2022 11:49:10] !tradeoff buy, 29
[30/5/2022 11:50:41] !tradeoff add, 600000
[30/5/2022 11:51:15] !tradeoff add, 600000
[30/5/2022 12:14:37] !emotespells on
[30/5/2022 17:47:48] !aol
[30/5/2022 17:58:47] !emotespells on
[30/5/2022 18:0:15] !emotespells on
[30/5/2022 18:3:8] !emotespells on
[30/5/2022 18:7:15] !emotespells on
[30/5/2022 18:12:33] !emotespells on
[30/5/2022 18:16:47] !emotespells on
[30/5/2022 18:21:33] !emotespells on
[30/5/2022 18:26:0] !emotespells on
[30/5/2022 18:30:42] !emotespells on
[30/5/2022 18:35:20] !emotespells on
[30/5/2022 18:40:3] !emotespells on
[30/5/2022 18:43:41] !emotespells on
[30/5/2022 18:48:38] !emotespells on
[30/5/2022 18:54:11] !emotespells on
[30/5/2022 19:0:23] !emotespells on
[30/5/2022 19:4:50] !emotespells on
[30/5/2022 19:7:54] !emotespells on
[30/5/2022 19:12:35] !emotespells on
[30/5/2022 19:16:28] !emotespells on
[30/5/2022 19:16:37] !online
[30/5/2022 19:17:43] !tradeoff balance
[30/5/2022 19:17:46] !tradeoff balance
[30/5/2022 19:17:49] !tradeoff balance
[30/5/2022 19:17:52] !tradeoff balance
[30/5/2022 19:20:45] !emotespells on
[30/5/2022 19:42:44] !aol
[30/5/2022 19:50:16] !emotespells on
[30/5/2022 19:54:22] !emotespells on
[30/5/2022 19:58:42] !emotespells on
[30/5/2022 20:2:35] !emotespells on
[30/5/2022 20:8:18] !emotespells on
[30/5/2022 20:12:57] !emotespells on
[30/5/2022 20:16:20] !emotespells on
[30/5/2022 20:21:11] !emotespells on
[30/5/2022 20:29:10] !emotespells on
[30/5/2022 20:33:5] !emotespells on
[30/5/2022 20:37:0] !emotespells on
[30/5/2022 20:41:22] !emotespells on
[30/5/2022 20:53:24] !emotespells on
[30/5/2022 20:58:4] !emotespells on
[30/5/2022 21:2:32] !emotespells on
[30/5/2022 21:9:51] !emotespells on
[30/5/2022 21:14:24] !emotespells on
[30/5/2022 21:18:44] !emotespells on
[30/5/2022 21:23:5] !emotespells on
[30/5/2022 21:26:41] !emotespells on
[30/5/2022 21:30:22] !emotespells on
[30/5/2022 21:34:25] !emotespells on
[31/5/2022 12:24:12] !aol
[31/5/2022 12:25:5] !online
