[12/2/2022 23:54:16] !serverinfo
[13/2/2022 3:30:48] !aol
[13/2/2022 3:47:57] !rank level
[13/2/2022 6:44:6] !aol
[13/2/2022 6:57:39] !aol
[14/2/2022 3:35:5] !aol
[14/2/2022 6:10:19] !rank sword
[14/2/2022 16:12:34] !rank distance
[14/2/2022 16:12:52] !rank sword
[14/2/2022 23:18:47] !guildpoints
[14/2/2022 23:22:33] !guildpoints
[14/2/2022 23:39:4] !guildpoints
[14/2/2022 23:41:46] !buyhouse
[14/2/2022 23:41:56] aleta som
[14/2/2022 23:43:18] aleta som
[14/2/2022 23:43:24] aleta sio
[14/2/2022 23:43:30] aleta som
[14/2/2022 23:43:39] aleta sio
[14/2/2022 23:43:43] aleta grav
[14/2/2022 23:44:6] alana sio
[14/2/2022 23:44:12] alana som
[14/2/2022 23:44:40] !buyhouse
[14/2/2022 23:44:45] aleta sio
[14/2/2022 23:44:52] aleta som
[14/2/2022 23:44:55] aleta grav
[14/2/2022 23:45:2] aleta grav
[14/2/2022 23:56:25] aleta grav
[14/2/2022 23:56:29] aleta som
[14/2/2022 23:56:34] aleta grav
[14/2/2022 23:56:37] aleta sio
[15/2/2022 0:10:52] aleta som
[15/2/2022 8:20:22] !rank sword
[16/2/2022 9:28:58] aleta sio
[16/2/2022 9:38:0] !protecthouse off
[16/2/2022 10:25:28] !frags
[16/2/2022 12:43:9] !serverinfo
[16/2/2022 13:41:23] !frags
[17/2/2022 4:37:28] !rank sword
[17/2/2022 7:9:50] !guildpoints
[17/2/2022 10:46:4] !rank sword
[17/2/2022 11:0:11] !rank sword
[17/2/2022 11:29:3] !serverinfo
[17/2/2022 20:22:45] !rank sword
[17/2/2022 20:22:56] !rank sword
[17/2/2022 22:0:56] !frags
[18/2/2022 2:55:30] !rank sword
[18/2/2022 4:0:35] !serverinfo
[18/2/2022 7:27:0] !serverinfo
[18/2/2022 9:9:0] !addon knight
[18/2/2022 9:9:10] !addon warrior
[18/2/2022 9:30:46] !addon knight
[19/2/2022 12:36:58] !rank sword
[19/2/2022 19:7:25] !emotespells
[19/2/2022 19:7:30] !emotespells on
[20/2/2022 0:48:27] !rank sword
[20/2/2022 5:40:21] !rank sword
[20/2/2022 6:51:17] !rank sword
[20/2/2022 16:26:21] !rank sword
[21/2/2022 7:17:37] !rank sword
[21/2/2022 9:49:21] !rank sword
[21/2/2022 17:21:3] !rank sword
[21/2/2022 17:52:25] !online
[21/2/2022 18:44:55] !rank distance
[21/2/2022 18:45:10] !rank sword
[22/2/2022 2:26:31] !rank sword
[24/2/2022 1:22:16] !aol
[24/2/2022 1:23:2] !rank axe
[24/2/2022 2:12:35] !emotespells on
[24/2/2022 2:25:55] !aol
[24/2/2022 2:34:32] !aol
[24/2/2022 5:19:22] !rank axe
[24/2/2022 6:57:15] !rank axe
[24/2/2022 9:3:12] !aol
[24/2/2022 9:36:59] !aol
[24/2/2022 9:46:21] !aol
[24/2/2022 9:49:13] !aol
[24/2/2022 15:43:17] !rank axe
[24/2/2022 17:36:32] !rank axe
[24/2/2022 18:53:38] !guildpoints
[24/2/2022 20:47:6] !serverinfo
[24/2/2022 21:52:56] !rank axe
[25/2/2022 1:12:3] !rank axe
[25/2/2022 1:55:15] !rank axe
[25/2/2022 6:8:19] !rank axe
[25/2/2022 18:15:8] !rank
[25/2/2022 18:15:13] !rank level
[25/2/2022 18:15:24] !rank axe
[25/2/2022 20:25:6] !rank axe
[25/2/2022 21:8:51] !rank axe
[26/2/2022 11:11:28] !rank axe
[27/2/2022 5:13:18] !rank distance
[28/2/2022 17:7:41] !online
[28/2/2022 18:17:35] !rank axe
[28/2/2022 18:17:43] !rank distance
[28/2/2022 19:50:34] !guildpoints
[28/2/2022 20:12:57] !guildpoints
[1/3/2022 23:36:31] !rank axe
[2/3/2022 5:12:18] !serverinfo
[2/3/2022 7:56:4] !rank axe
[2/3/2022 21:31:22] !online
[3/3/2022 6:26:59] !rank axe
[3/3/2022 10:53:56] !serverinfo
[3/3/2022 18:30:37] !online
[4/3/2022 12:29:8] !online
[4/3/2022 13:25:59] !online
[4/3/2022 20:7:52] !online
[4/3/2022 22:6:49] !online
[5/3/2022 0:9:58] !online
[5/3/2022 5:29:17] !rank level
[5/3/2022 5:29:28] !rank axe
[5/3/2022 5:51:15] !serverinfo
[5/3/2022 6:43:43] !online
[5/3/2022 10:48:45] !online
[6/3/2022 16:58:51] !online
[6/3/2022 17:0:4] !rank level
[6/3/2022 19:42:20] !online
[6/3/2022 22:28:8] !serverinfo
[6/3/2022 22:58:20] !online
[6/3/2022 23:20:0] !rank level
[7/3/2022 3:45:11] !rank level
[7/3/2022 5:4:37] !online
[7/3/2022 5:4:43] !rank level
[7/3/2022 5:29:30] !rank level
[7/3/2022 5:29:47] !serverinfo
[7/3/2022 5:40:32] !rank level
[7/3/2022 9:55:33] !rank level
[7/3/2022 16:39:15] !online
[7/3/2022 16:55:24] !online
[7/3/2022 17:13:14] !online
[7/3/2022 18:1:48] !rank level
[7/3/2022 22:39:41] !rank level
[7/3/2022 23:1:8] !online
[8/3/2022 0:21:59] !rank level
[8/3/2022 2:21:17] !rank
[8/3/2022 2:21:20] !rank level
[8/3/2022 2:25:13] !rank axe
[8/3/2022 2:25:20] !rank axe
[8/3/2022 3:3:47] !rank level
[8/3/2022 5:9:57] !rank level
[8/3/2022 5:15:47] !online
[8/3/2022 6:20:53] !online
[8/3/2022 15:33:30] !rank level
[8/3/2022 18:27:43] !online
[8/3/2022 18:27:54] !rank level
[8/3/2022 19:54:7] !online
[8/3/2022 20:26:40] !online
[8/3/2022 20:27:3] !rank level
[8/3/2022 21:41:56] !online
[8/3/2022 23:0:40] !online
[8/3/2022 23:15:8] !rank level
[9/3/2022 1:5:22] !rank level
[9/3/2022 5:25:8] !rank level
[9/3/2022 5:25:35] !online
[9/3/2022 9:17:20] !rank level
[9/3/2022 9:17:24] !rank level
[9/3/2022 11:47:8] !rank
[9/3/2022 11:47:10] !rank level
[9/3/2022 12:4:4] !serverinfo
[9/3/2022 12:22:56] !rank level
[9/3/2022 12:54:20] !online
[9/3/2022 13:6:56] !online
[9/3/2022 13:27:1] !online
[9/3/2022 13:53:18] !online
[9/3/2022 13:58:39] !online
[9/3/2022 14:2:54] !online
[9/3/2022 14:42:41] !online
[9/3/2022 14:49:0] !online
[9/3/2022 15:30:6] !online
[9/3/2022 17:21:52] !online
[9/3/2022 17:23:24] !rank level
[9/3/2022 18:10:42] !rank axe
[9/3/2022 18:11:9] !online
[9/3/2022 18:14:44] !rank level
[9/3/2022 19:16:12] !rank level
[9/3/2022 22:57:56] !rank level
[9/3/2022 23:1:41] !online
[10/3/2022 1:53:36] !rank
[10/3/2022 1:53:39] !rank level
[10/3/2022 1:55:12] !online
[10/3/2022 4:31:14] !rank level
[10/3/2022 12:0:28] !rank level
[10/3/2022 19:47:4] !serverinfo
[10/3/2022 21:10:18] !online
[10/3/2022 23:41:47] !rank level
[10/3/2022 23:41:56] !rank level
[11/3/2022 0:18:36] !online
[11/3/2022 0:34:43] !online
[11/3/2022 0:56:12] !online
[11/3/2022 9:41:53] !online
[11/3/2022 11:54:49] !online
[11/3/2022 13:47:25] !online
[11/3/2022 14:24:59] !rank level
[11/3/2022 15:27:5] !rank distance
[11/3/2022 15:27:8] !online
[11/3/2022 16:1:8] !online
[11/3/2022 16:39:7] !online
[11/3/2022 17:40:46] !rank level
[11/3/2022 18:14:23] !rank level
[11/3/2022 18:19:56] !online
[11/3/2022 23:39:59] !online
[12/3/2022 5:22:39] !rank level
[12/3/2022 5:22:45] !online
[12/3/2022 5:38:25] !online
[12/3/2022 9:40:25] !rank level
[12/3/2022 10:27:3] !rank level
[12/3/2022 11:10:25] !online
[12/3/2022 13:5:4] !online
[12/3/2022 14:51:14] !online
[12/3/2022 14:55:30] !online
[13/3/2022 21:54:2] !online
[13/3/2022 23:0:54] !rank level
[14/3/2022 0:21:52] !online
[14/3/2022 9:54:9] !online
[14/3/2022 10:25:7] !rank level
[15/3/2022 4:30:41] !online
[15/3/2022 4:30:47] !rank level
[15/3/2022 4:41:50] !serverinfo
[15/3/2022 4:42:10] !serverinfo
[15/3/2022 5:1:49] !online
[15/3/2022 12:40:7] !rank level
[15/3/2022 13:41:28] !serverinfo
[15/3/2022 13:42:45] !online
[15/3/2022 14:0:47] !online
[15/3/2022 14:0:50] !rank level
[15/3/2022 14:0:54] !rank axe
[15/3/2022 14:1:5] !rank distance
[15/3/2022 14:1:33] !rank magic
[15/3/2022 15:23:46] !online
