[13/2/2022 1:56:34] !rank
[13/2/2022 1:56:38] !rank level
[13/2/2022 1:56:46] !rank magic
[13/2/2022 1:56:54] !rank distance
[13/2/2022 1:57:1] !rank sword
[13/2/2022 1:58:17] !online
[13/2/2022 1:58:31] !online
[13/2/2022 2:8:30] !aol
[13/2/2022 2:20:49] !aol
[13/2/2022 2:29:33] !aol
[13/2/2022 2:34:53] !aol
[13/2/2022 9:24:41] !aol
[14/2/2022 3:33:48] !aol
[14/2/2022 16:4:26] !aol
[14/2/2022 19:45:37] !aol
[16/2/2022 10:33:6] !aol
[17/2/2022 14:57:58] !aol
[17/2/2022 21:23:4] !aol
[18/2/2022 3:55:5] !aol
[18/2/2022 4:0:27] !serverinfo
[18/2/2022 12:40:0] !aol
[18/2/2022 12:50:40] !frags
[18/2/2022 13:26:18] !aol
[19/2/2022 10:47:22] !aol
[19/2/2022 15:24:33] !aol
[19/2/2022 15:54:44] !aol
[20/2/2022 16:23:8] !aol
[20/2/2022 16:47:11] !aol
[20/2/2022 23:8:52] !aol
[20/2/2022 23:28:16] !emotespells on
[21/2/2022 18:26:23] !aol
[21/2/2022 18:44:5] !aol
[24/2/2022 10:22:12] !aol
[24/2/2022 10:59:20] !online
[24/2/2022 11:8:55] !aol
[24/2/2022 11:36:49] !emotespells on
[24/2/2022 11:52:23] !aol
[24/2/2022 17:3:9] !aol
[24/2/2022 20:29:16] !aol
[24/2/2022 21:52:36] !rank magic
[25/2/2022 0:56:10] !aol
[25/2/2022 5:49:51] !aol
[25/2/2022 12:2:38] !aol
[25/2/2022 12:6:45] !frags
[25/2/2022 12:24:10] !frags
[25/2/2022 12:25:5] !frags
[25/2/2022 14:7:37] !aol
[25/2/2022 14:43:30] !rank magic
[25/2/2022 14:44:1] !rank axe
[25/2/2022 21:43:16] !rank distance
[25/2/2022 21:43:38] !rank axe
[25/2/2022 23:43:42] !frags
[26/2/2022 0:46:41] !frags
[26/2/2022 0:54:3] !frags
[26/2/2022 1:33:25] !aol
[26/2/2022 13:43:45] !frags
[26/2/2022 14:52:17] !aol
[26/2/2022 19:47:38] !aol
[26/2/2022 21:8:39] !aol
[26/2/2022 21:9:20] !online
[27/2/2022 5:13:4] !rank magic
[27/2/2022 7:19:44] !aol
[27/2/2022 11:19:50] !frags
[27/2/2022 12:21:28] !frags
[27/2/2022 12:49:36] !aol
[27/2/2022 12:51:46] !rank axe
[27/2/2022 13:11:19] !aol
[27/2/2022 13:12:24] !frags
[27/2/2022 21:14:4] !aol
[28/2/2022 4:54:31] !aol
[28/2/2022 7:19:38] !aol
[28/2/2022 13:42:3] !rank sword
[28/2/2022 13:42:9] !rank axe
[28/2/2022 14:0:55] !frags
[28/2/2022 17:15:27] !serverinfo
[28/2/2022 18:13:54] !aol
[28/2/2022 19:42:15] !addon shaman
[28/2/2022 21:47:34] !aol
[1/3/2022 2:49:36] !aol
[1/3/2022 23:37:25] !online
[2/3/2022 2:47:54] !aol
[2/3/2022 4:46:49] !aol
[2/3/2022 5:16:56] !serverinfo
[2/3/2022 8:35:45] !aol
[2/3/2022 8:59:7] !frags
[2/3/2022 9:19:19] !frags
[2/3/2022 9:49:47] !frags
[2/3/2022 9:54:8] !online
[2/3/2022 9:55:54] !online
[2/3/2022 10:2:19] !rank axe
[2/3/2022 13:46:38] !aol
[2/3/2022 14:59:52] !aol
[2/3/2022 15:49:59] !aol
[2/3/2022 18:0:11] !frags
[3/3/2022 20:33:18] 
[3/3/2022 20:33:21] 
[3/3/2022 20:33:27] 
[3/3/2022 20:33:29] 
[3/3/2022 20:33:31] 
[3/3/2022 23:21:41] !addon summoner
[4/3/2022 9:32:48] !online
[4/3/2022 20:26:13] !online
[5/3/2022 5:52:36] !serverinfo
[7/3/2022 16:32:12] !rank level
[10/3/2022 4:55:44] !online
[10/3/2022 4:56:25] !rank magic
[10/3/2022 23:55:31] !online
[11/3/2022 16:4:56] !aol
[12/3/2022 14:47:7] !online
[15/3/2022 7:22:41] !online
