[10/2/2022 22:4:13] !online
[10/2/2022 22:4:19] !online
[10/2/2022 22:14:38] !online
[10/2/2022 22:47:25] !serverinfo
[11/2/2022 0:4:48] !aol
[11/2/2022 0:17:30] !online
[11/2/2022 0:41:55] !serverinfo
[11/2/2022 1:0:37] !buyhouse
[11/2/2022 1:1:37] !buyhouse
[11/2/2022 2:9:39] !frags
[11/2/2022 2:32:11] !frags
[11/2/2022 2:32:41] !frags
[11/2/2022 2:56:35] !frags
[11/2/2022 12:2:54] aleta som
[11/2/2022 12:2:58] aleta som
[11/2/2022 17:2:10] !frags
[11/2/2022 17:3:39] aleta som
[11/2/2022 17:3:45] alana sio "turiel
[11/2/2022 17:3:52] alana sio
[11/2/2022 19:12:12] 
[12/2/2022 0:41:26] aleta som
[12/2/2022 0:41:29] aleta som
[12/2/2022 0:41:32] aleta som
[12/2/2022 0:42:10] aleta som
[12/2/2022 0:42:12] aleta som
[12/2/2022 0:50:31] !frags
[12/2/2022 11:27:55] 
[12/2/2022 12:12:13] !frags
[12/2/2022 13:30:2] 
[12/2/2022 14:25:13] 
[12/2/2022 21:37:25] !online
[12/2/2022 21:39:0] !frags
[13/2/2022 14:46:17] aleta sio
[14/2/2022 16:12:48] !serverinfo
[14/2/2022 18:3:34] 
[14/2/2022 20:37:17] !serverinfo
[14/2/2022 20:59:48] !serverinfo
[15/2/2022 3:24:22] 
[15/2/2022 12:6:48] 
[15/2/2022 19:8:58] 
[15/2/2022 22:35:8] 
[16/2/2022 14:1:32] aleta som
[17/2/2022 15:24:31] 
[17/2/2022 20:29:16] !serverinfo
[17/2/2022 21:56:9] 
[17/2/2022 23:27:4] !go
[18/2/2022 22:53:28] aleta sio
[18/2/2022 22:53:31] aleta sio
[18/2/2022 22:55:28] !addon barbarian
[19/2/2022 1:5:54] !serverinfo
[19/2/2022 19:12:22] !frags
[19/2/2022 22:57:58] !frags
[19/2/2022 23:43:5] !rank level
[20/2/2022 18:47:58] 
[20/2/2022 18:57:58] 
[21/2/2022 21:53:0] 
[21/2/2022 21:55:3] 
[21/2/2022 23:20:32] !online
[24/2/2022 0:53:23] !aol
[24/2/2022 1:18:34] !serverinfo
[24/2/2022 12:53:26] 
[24/2/2022 12:56:26] 
[24/2/2022 13:40:14] 
[24/2/2022 13:40:26] 
[24/2/2022 15:12:19] 
[24/2/2022 15:14:57] 
[25/2/2022 0:6:39] 
[25/2/2022 0:8:39] 
[25/2/2022 0:24:27] !serverinfo
[25/2/2022 0:36:39] 
[25/2/2022 0:44:39] 
[25/2/2022 1:14:20] !buyhouse
[25/2/2022 2:27:49] !addon barbarian
[25/2/2022 2:32:15] 
[25/2/2022 2:34:15] 
[25/2/2022 10:51:24] 
[25/2/2022 15:31:39] 
[25/2/2022 15:37:35] 
[25/2/2022 20:55:44] !serverinfo
[26/2/2022 11:55:56] 
[27/2/2022 12:22:43] 
[27/2/2022 12:24:44] 
[27/2/2022 14:48:7] 
[27/2/2022 15:0:37] 
[27/2/2022 15:1:7] 
[27/2/2022 16:43:38] 
[27/2/2022 16:52:38] 
[27/2/2022 17:29:38] 
[27/2/2022 17:31:38] 
[27/2/2022 18:12:8] 
[27/2/2022 18:12:38] 
[28/2/2022 1:11:4] !online
[28/2/2022 14:43:13] 
[28/2/2022 14:46:13] 
[28/2/2022 23:57:15] 
[1/3/2022 0:1:14] 
[1/3/2022 0:20:14] 
[1/3/2022 0:22:14] 
[1/3/2022 21:26:15] !online
[1/6/2022 1:25:23] 
[1/6/2022 1:28:33] 
[1/6/2022 1:37:23] 
[1/6/2022 1:37:53] 
[1/6/2022 11:24:16] 
[1/6/2022 11:27:19] 
[1/6/2022 11:40:51] 
[1/6/2022 13:21:36] !buyhouse
[1/6/2022 13:21:42] !buyhouse
[1/6/2022 13:39:34] 
[1/6/2022 13:41:33] 
[1/6/2022 13:45:59] !serverinfo
[1/6/2022 17:37:46] !buyhouse
[1/6/2022 17:37:58] !buyhouse
[1/6/2022 17:38:16] !buyhouse
[1/6/2022 17:38:20] !buyhouse
[1/6/2022 17:39:6] !buyhouse
[1/6/2022 17:41:32] 
[1/6/2022 17:43:23] 
[2/6/2022 22:32:21] 
[2/6/2022 22:34:21] 
[3/6/2022 0:43:21] 
[3/6/2022 0:44:21] 
[3/6/2022 1:6:21] 
[3/6/2022 1:9:58] 
[3/6/2022 22:10:54] 
[3/6/2022 22:11:5] 
[3/6/2022 22:46:43] !frags
[3/6/2022 23:12:23] 
[3/6/2022 23:12:33] 
[3/6/2022 23:17:51] 
[3/6/2022 23:18:23] 
[3/6/2022 23:20:39] 
[3/6/2022 23:20:51] 
[4/6/2022 0:2:49] 
[4/6/2022 0:4:22] 
[4/6/2022 0:6:55] 
[4/6/2022 0:7:54] 
[4/6/2022 0:20:23] 
[4/6/2022 0:23:23] 
[4/6/2022 1:56:44] 
[4/6/2022 2:8:44] 
[4/6/2022 22:11:57] 
[4/6/2022 22:14:32] 
[4/6/2022 22:50:58] 
[4/6/2022 22:51:57] 
[4/6/2022 23:4:33] 
[4/6/2022 23:5:57] 
[5/6/2022 0:32:57] 
[5/6/2022 1:14:55] !frags
[5/6/2022 1:17:5] !frags
[5/6/2022 1:39:48] !frags
[5/6/2022 1:39:51] !frags
[5/6/2022 13:35:58] 
[5/6/2022 13:37:34] 
[5/6/2022 15:26:14] 
[6/6/2022 1:55:13] 
[6/6/2022 1:56:32] 
[6/6/2022 14:33:38] 
[6/6/2022 14:33:59] 
[6/6/2022 17:48:2] 
[6/6/2022 17:50:2] 
[7/6/2022 0:3:14] 
[7/6/2022 0:5:23] 
[7/6/2022 13:8:39] 
[7/6/2022 13:9:17] 
[7/6/2022 14:44:17] 
[7/6/2022 14:44:40] 
[7/6/2022 15:15:17] 
[7/6/2022 15:17:40] 
[8/6/2022 2:5:11] 
[8/6/2022 2:5:21] 
[8/6/2022 2:5:31] 
[8/6/2022 2:5:41] 
[8/6/2022 2:5:51] 
[8/6/2022 2:6:1] 
[8/6/2022 2:6:11] 
[8/6/2022 2:6:21] 
[8/6/2022 2:6:31] 
[8/6/2022 2:6:41] 
[8/6/2022 2:6:51] 
[8/6/2022 2:7:6] 
[8/6/2022 2:7:16] 
[8/6/2022 2:7:28] 
[8/6/2022 2:7:38] 
[8/6/2022 2:7:48] 
[8/6/2022 2:7:58] 
[8/6/2022 2:8:8] 
[8/6/2022 2:8:18] 
[8/6/2022 2:8:28] 
[8/6/2022 2:8:38] 
[8/6/2022 2:8:48] 
[8/6/2022 2:8:58] 
[8/6/2022 2:9:8] 
[8/6/2022 2:9:18] 
[8/6/2022 2:9:28] 
[8/6/2022 2:9:38] 
[8/6/2022 2:9:48] 
[8/6/2022 2:9:58] 
[8/6/2022 2:10:8] 
[8/6/2022 2:10:18] 
[8/6/2022 2:10:28] 
[8/6/2022 2:10:38] 
[8/6/2022 2:10:48] 
[8/6/2022 2:10:58] 
[8/6/2022 2:11:8] 
[8/6/2022 2:11:18] 
[8/6/2022 2:11:28] 
[8/6/2022 2:11:38] 
[8/6/2022 2:11:48] 
[8/6/2022 2:11:58] 
[8/6/2022 2:12:18] 
[8/6/2022 2:12:28] 
[8/6/2022 2:12:38] 
[8/6/2022 2:12:48] 
[8/6/2022 2:12:58] 
[8/6/2022 2:13:8] 
[8/6/2022 2:13:18] 
[8/6/2022 2:13:36] 
[8/6/2022 2:13:46] 
[8/6/2022 2:13:56] 
[8/6/2022 2:14:6] 
[8/6/2022 2:14:16] 
[8/6/2022 2:14:26] 
[8/6/2022 2:14:36] 
[8/6/2022 2:14:46] 
[8/6/2022 2:14:56] 
[8/6/2022 2:15:6] 
[8/6/2022 2:15:16] 
[8/6/2022 2:15:26] 
[8/6/2022 2:15:36] 
[8/6/2022 2:15:46] 
[8/6/2022 2:15:56] 
[8/6/2022 2:16:6] 
[8/6/2022 2:16:16] 
[8/6/2022 2:16:26] 
[8/6/2022 2:16:36] 
[8/6/2022 2:16:46] 
[8/6/2022 2:16:56] 
[8/6/2022 2:17:6] 
[8/6/2022 2:17:16] 
[8/6/2022 2:17:26] 
[8/6/2022 2:17:36] 
[8/6/2022 2:17:46] 
[8/6/2022 2:17:56] 
[8/6/2022 2:18:6] 
[8/6/2022 2:18:16] 
[8/6/2022 2:18:26] 
[8/6/2022 2:18:36] 
[8/6/2022 2:18:46] 
[8/6/2022 2:18:56] 
[8/6/2022 2:19:6] 
[8/6/2022 2:19:16] 
[8/6/2022 2:19:26] 
[8/6/2022 2:19:36] 
[8/6/2022 2:19:46] 
[8/6/2022 2:19:56] 
[8/6/2022 2:20:6] 
[8/6/2022 2:20:16] 
[8/6/2022 2:20:26] 
[8/6/2022 2:20:36] 
[8/6/2022 2:20:46] 
[8/6/2022 2:20:56] 
[8/6/2022 2:21:6] 
[8/6/2022 2:21:16] 
[8/6/2022 2:21:26] 
[8/6/2022 2:21:36] 
[8/6/2022 2:21:46] 
[8/6/2022 2:21:56] 
[8/6/2022 2:22:6] 
[8/6/2022 2:22:16] 
[8/6/2022 2:22:26] 
[8/6/2022 2:22:36] 
[8/6/2022 2:22:46] 
[8/6/2022 2:22:56] 
[8/6/2022 2:23:6] 
[8/6/2022 2:23:16] 
[8/6/2022 2:23:26] 
[8/6/2022 2:23:36] 
[8/6/2022 2:23:46] 
[8/6/2022 2:23:56] 
[8/6/2022 2:24:6] 
[8/6/2022 2:24:16] 
[8/6/2022 2:24:26] 
[8/6/2022 2:24:36] 
[8/6/2022 2:24:46] 
[8/6/2022 2:24:56] 
[8/6/2022 2:25:6] 
[8/6/2022 2:25:16] 
[8/6/2022 2:25:26] 
[8/6/2022 2:25:36] 
[8/6/2022 2:25:46] 
[8/6/2022 2:25:56] 
[8/6/2022 2:26:6] 
[8/6/2022 2:26:16] 
[8/6/2022 2:26:26] 
[8/6/2022 2:26:36] 
[8/6/2022 2:26:46] 
[8/6/2022 2:26:56] 
[8/6/2022 2:27:6] 
[8/6/2022 2:27:16] 
[8/6/2022 2:27:26] 
[8/6/2022 2:27:36] 
[8/6/2022 2:27:46] 
[8/6/2022 2:27:56] 
[8/6/2022 2:28:6] 
[8/6/2022 2:28:16] 
[8/6/2022 2:28:26] 
[8/6/2022 2:28:36] 
[8/6/2022 2:28:46] 
[8/6/2022 2:28:56] 
[8/6/2022 2:29:6] 
[8/6/2022 2:29:16] 
[8/6/2022 2:29:26] 
[8/6/2022 2:29:36] 
[8/6/2022 2:29:46] 
[8/6/2022 2:29:56] 
[8/6/2022 2:30:6] 
[8/6/2022 2:30:16] 
[8/6/2022 2:30:26] 
[8/6/2022 2:30:36] 
[8/6/2022 2:30:46] 
[8/6/2022 2:30:56] 
[8/6/2022 2:31:6] 
[8/6/2022 2:31:16] 
[8/6/2022 2:31:26] 
[8/6/2022 2:31:36] 
[8/6/2022 2:31:46] 
[8/6/2022 2:31:56] 
[8/6/2022 2:32:6] 
[8/6/2022 2:32:16] 
[8/6/2022 2:32:26] 
[8/6/2022 2:32:36] 
[8/6/2022 2:32:46] 
[8/6/2022 2:32:56] 
[8/6/2022 2:33:6] 
[8/6/2022 2:33:16] 
[8/6/2022 2:33:26] 
[8/6/2022 2:33:36] 
[8/6/2022 2:33:46] 
[8/6/2022 2:33:56] 
[8/6/2022 2:34:6] 
[8/6/2022 2:34:16] 
[8/6/2022 2:34:26] 
[8/6/2022 2:34:36] 
[8/6/2022 2:34:46] 
[8/6/2022 2:34:56] 
[8/6/2022 2:35:6] 
[8/6/2022 2:35:16] 
[8/6/2022 2:35:26] 
[8/6/2022 2:35:36] 
[8/6/2022 2:35:46] 
[8/6/2022 2:35:56] 
[8/6/2022 2:36:6] 
[8/6/2022 2:36:16] 
[8/6/2022 2:36:26] 
[8/6/2022 2:36:36] 
[8/6/2022 2:36:46] 
[8/6/2022 2:36:56] 
[8/6/2022 2:37:6] 
[8/6/2022 2:37:16] 
[8/6/2022 2:37:26] 
[8/6/2022 2:37:36] 
[8/6/2022 2:37:46] 
[8/6/2022 2:37:56] 
[8/6/2022 2:38:6] 
[8/6/2022 2:38:16] 
[8/6/2022 2:38:26] 
[8/6/2022 2:38:36] 
[8/6/2022 2:38:46] 
[8/6/2022 2:38:56] 
[8/6/2022 2:39:6] 
[8/6/2022 2:39:16] 
[8/6/2022 2:39:26] 
[8/6/2022 2:39:36] 
[8/6/2022 2:39:46] 
[8/6/2022 2:39:56] 
[8/6/2022 2:40:6] 
[8/6/2022 2:40:16] 
[8/6/2022 2:40:26] 
[8/6/2022 2:40:36] 
[8/6/2022 2:40:46] 
[8/6/2022 2:40:56] 
[8/6/2022 2:59:36] 
[8/6/2022 2:59:46] 
[8/6/2022 2:59:56] 
[8/6/2022 3:0:6] 
[8/6/2022 3:0:16] 
[8/6/2022 3:0:26] 
[8/6/2022 3:0:36] 
[8/6/2022 3:0:51] 
[8/6/2022 3:1:1] 
[8/6/2022 3:1:11] 
[8/6/2022 3:1:21] 
[8/6/2022 3:1:31] 
[8/6/2022 3:1:41] 
[8/6/2022 3:1:51] 
[8/6/2022 3:2:1] 
[8/6/2022 3:2:11] 
[8/6/2022 3:2:21] 
[8/6/2022 3:2:31] 
[8/6/2022 3:2:41] 
[8/6/2022 3:2:51] 
[8/6/2022 3:3:1] 
[8/6/2022 3:3:11] 
[8/6/2022 3:3:21] 
[8/6/2022 3:3:31] 
[8/6/2022 3:3:41] 
[8/6/2022 3:3:51] 
[8/6/2022 3:4:1] 
[8/6/2022 3:4:11] 
[8/6/2022 3:4:21] 
[8/6/2022 3:4:31] 
[8/6/2022 3:4:41] 
[8/6/2022 3:4:51] 
[8/6/2022 3:5:1] 
[8/6/2022 3:5:11] 
[8/6/2022 3:5:21] 
[8/6/2022 3:5:31] 
[8/6/2022 3:5:41] 
[8/6/2022 3:5:51] 
[8/6/2022 3:6:1] 
[8/6/2022 3:6:11] 
[8/6/2022 3:6:21] 
[8/6/2022 3:6:31] 
[8/6/2022 3:6:41] 
[8/6/2022 3:6:51] 
[8/6/2022 3:7:1] 
[8/6/2022 3:7:11] 
[8/6/2022 3:7:21] 
[8/6/2022 3:7:31] 
[8/6/2022 3:7:41] 
[8/6/2022 3:7:51] 
[8/6/2022 3:8:1] 
[8/6/2022 3:8:11] 
[8/6/2022 3:8:21] 
[8/6/2022 3:8:31] 
[8/6/2022 3:8:41] 
[8/6/2022 3:8:51] 
[8/6/2022 3:9:1] 
[8/6/2022 3:9:11] 
[8/6/2022 3:9:21] 
[8/6/2022 3:9:31] 
[8/6/2022 3:9:41] 
[8/6/2022 3:9:51] 
[8/6/2022 3:10:1] 
[8/6/2022 3:10:11] 
[8/6/2022 3:10:21] 
[8/6/2022 3:10:31] 
[8/6/2022 3:10:41] 
[8/6/2022 3:10:51] 
[8/6/2022 3:11:1] 
[8/6/2022 3:11:11] 
[8/6/2022 3:11:21] 
[8/6/2022 3:11:31] 
[8/6/2022 3:11:41] 
[8/6/2022 3:11:51] 
[8/6/2022 3:12:1] 
[8/6/2022 3:12:11] 
[8/6/2022 3:12:21] 
[8/6/2022 3:12:31] 
[8/6/2022 3:12:41] 
[8/6/2022 3:12:51] 
[8/6/2022 3:13:1] 
[8/6/2022 3:13:11] 
[8/6/2022 3:13:21] 
[8/6/2022 3:13:31] 
[8/6/2022 3:13:41] 
[8/6/2022 3:13:51] 
[8/6/2022 3:14:1] 
[8/6/2022 3:14:11] 
[8/6/2022 3:14:21] 
[8/6/2022 3:14:31] 
[8/6/2022 3:14:41] 
[8/6/2022 3:14:51] 
[8/6/2022 3:15:1] 
[8/6/2022 3:15:11] 
[8/6/2022 3:15:21] 
[8/6/2022 3:15:31] 
[8/6/2022 3:15:41] 
[8/6/2022 3:15:51] 
[8/6/2022 3:16:1] 
[8/6/2022 3:16:11] 
[8/6/2022 3:16:21] 
[8/6/2022 3:16:31] 
[8/6/2022 3:16:41] 
[8/6/2022 3:23:21] 
[8/6/2022 3:23:31] 
[8/6/2022 3:23:41] 
[8/6/2022 3:23:51] 
[8/6/2022 3:24:1] 
[8/6/2022 3:24:11] 
[8/6/2022 3:24:21] 
[8/6/2022 3:24:31] 
[8/6/2022 3:24:41] 
[8/6/2022 3:24:51] 
[8/6/2022 3:25:1] 
[8/6/2022 3:25:11] 
[8/6/2022 3:25:21] 
[8/6/2022 3:25:31] 
[8/6/2022 3:25:41] 
[8/6/2022 3:25:51] 
[8/6/2022 3:26:1] 
[8/6/2022 3:26:11] 
[8/6/2022 3:26:21] 
[8/6/2022 3:26:31] 
[8/6/2022 3:26:41] 
[8/6/2022 3:26:51] 
[8/6/2022 3:27:1] 
[8/6/2022 3:27:11] 
[8/6/2022 3:27:21] 
[8/6/2022 3:27:31] 
[8/6/2022 3:27:41] 
[8/6/2022 3:27:51] 
[8/6/2022 3:28:1] 
[8/6/2022 3:28:11] 
[8/6/2022 3:28:21] 
[8/6/2022 3:28:31] 
[8/6/2022 3:28:41] 
[8/6/2022 3:28:51] 
[8/6/2022 3:29:1] 
[8/6/2022 3:29:11] 
[8/6/2022 3:29:21] 
[8/6/2022 3:29:31] 
[8/6/2022 3:29:41] 
[8/6/2022 3:29:51] 
[8/6/2022 3:30:1] 
[8/6/2022 3:30:11] 
[8/6/2022 3:30:21] 
[8/6/2022 3:30:31] 
[8/6/2022 3:30:41] 
[8/6/2022 3:30:51] 
[8/6/2022 3:31:1] 
[8/6/2022 3:31:11] 
[8/6/2022 3:31:21] 
[8/6/2022 3:31:31] 
[8/6/2022 3:31:41] 
[8/6/2022 3:31:51] 
[8/6/2022 3:32:1] 
[8/6/2022 3:32:11] 
[8/6/2022 3:32:21] 
[8/6/2022 3:32:31] 
[8/6/2022 3:32:41] 
[8/6/2022 3:32:51] 
[8/6/2022 3:33:1] 
[8/6/2022 3:33:11] 
[8/6/2022 3:33:21] 
[8/6/2022 3:33:31] 
[8/6/2022 3:33:41] 
[8/6/2022 3:33:51] 
[8/6/2022 3:34:11] 
[8/6/2022 3:34:21] 
[8/6/2022 3:34:31] 
[8/6/2022 3:34:41] 
[8/6/2022 3:34:51] 
[8/6/2022 3:35:1] 
[8/6/2022 3:35:11] 
[8/6/2022 3:35:21] 
[8/6/2022 3:35:31] 
[8/6/2022 3:35:41] 
[8/6/2022 3:35:51] 
[8/6/2022 3:36:1] 
[8/6/2022 3:36:11] 
[8/6/2022 3:36:21] 
[8/6/2022 3:36:31] 
[8/6/2022 3:36:41] 
[8/6/2022 3:36:51] 
[8/6/2022 3:37:1] 
[8/6/2022 3:37:11] 
[8/6/2022 3:37:21] 
[8/6/2022 3:37:31] 
[8/6/2022 3:37:41] 
[8/6/2022 3:37:51] 
[8/6/2022 3:38:1] 
[8/6/2022 3:38:11] 
[8/6/2022 3:38:21] 
[8/6/2022 3:38:31] 
[8/6/2022 3:38:41] 
[8/6/2022 3:38:51] 
[8/6/2022 3:39:1] 
[8/6/2022 3:39:11] 
[8/6/2022 3:39:21] 
[8/6/2022 3:39:31] 
[8/6/2022 3:39:41] 
[8/6/2022 3:39:51] 
[8/6/2022 3:40:1] 
[8/6/2022 3:40:11] 
[8/6/2022 3:40:21] 
[8/6/2022 3:40:31] 
[8/6/2022 3:40:41] 
[8/6/2022 3:40:51] 
[8/6/2022 3:41:1] 
[8/6/2022 3:41:11] 
[8/6/2022 3:41:21] 
[8/6/2022 3:41:31] 
[8/6/2022 3:41:41] 
[8/6/2022 3:41:51] 
[8/6/2022 3:42:1] 
[8/6/2022 3:42:11] 
[8/6/2022 3:42:21] 
[8/6/2022 3:42:31] 
[8/6/2022 3:42:41] 
[8/6/2022 3:42:51] 
[8/6/2022 3:43:1] 
[8/6/2022 3:43:11] 
[8/6/2022 3:43:21] 
[8/6/2022 3:43:31] 
[8/6/2022 3:43:41] 
[8/6/2022 3:43:51] 
[8/6/2022 3:44:1] 
[8/6/2022 3:44:11] 
[8/6/2022 3:44:21] 
[8/6/2022 3:44:31] 
[8/6/2022 3:44:41] 
[8/6/2022 3:44:51] 
[8/6/2022 3:45:1] 
[8/6/2022 3:45:11] 
[8/6/2022 3:45:21] 
[8/6/2022 3:45:31] 
[8/6/2022 3:45:41] 
[8/6/2022 3:45:51] 
[8/6/2022 3:46:1] 
[8/6/2022 3:46:11] 
[8/6/2022 3:46:21] 
[8/6/2022 3:46:31] 
[8/6/2022 3:46:41] 
[8/6/2022 3:46:51] 
[8/6/2022 3:47:1] 
[8/6/2022 3:47:11] 
[8/6/2022 3:47:21] 
[8/6/2022 3:47:31] 
[8/6/2022 3:47:41] 
[8/6/2022 3:47:51] 
[8/6/2022 3:48:1] 
[8/6/2022 3:48:11] 
[8/6/2022 3:48:21] 
[8/6/2022 3:48:31] 
[8/6/2022 3:48:41] 
[8/6/2022 3:48:51] 
[8/6/2022 3:49:1] 
[8/6/2022 3:49:11] 
[8/6/2022 3:49:21] 
[8/6/2022 3:49:31] 
[8/6/2022 3:49:41] 
[8/6/2022 3:49:51] 
[8/6/2022 3:50:1] 
[8/6/2022 3:50:11] 
[8/6/2022 3:50:21] 
[8/6/2022 3:50:31] 
[8/6/2022 3:50:41] 
[8/6/2022 3:50:51] 
[8/6/2022 3:51:1] 
[8/6/2022 3:51:11] 
[8/6/2022 3:51:21] 
[8/6/2022 3:51:31] 
[8/6/2022 3:51:41] 
[8/6/2022 3:51:51] 
[8/6/2022 3:52:1] 
[8/6/2022 3:52:11] 
[8/6/2022 3:52:21] 
[8/6/2022 3:52:31] 
[8/6/2022 3:52:41] 
[8/6/2022 3:52:51] 
[8/6/2022 3:53:1] 
[8/6/2022 3:53:11] 
[8/6/2022 3:53:21] 
[8/6/2022 3:53:31] 
[8/6/2022 3:53:41] 
[8/6/2022 3:53:51] 
[8/6/2022 3:54:1] 
[8/6/2022 3:54:11] 
[8/6/2022 3:54:21] 
[8/6/2022 3:54:31] 
[8/6/2022 3:54:41] 
[8/6/2022 3:54:51] 
[8/6/2022 3:55:1] 
[8/6/2022 3:55:11] 
[8/6/2022 3:55:21] 
[8/6/2022 3:55:31] 
[8/6/2022 3:55:41] 
[8/6/2022 3:55:51] 
[8/6/2022 3:56:1] 
[8/6/2022 3:56:11] 
[8/6/2022 3:56:21] 
[8/6/2022 3:56:31] 
[8/6/2022 3:56:41] 
[8/6/2022 3:56:51] 
[8/6/2022 3:57:1] 
[8/6/2022 3:57:11] 
[8/6/2022 3:57:21] 
[8/6/2022 3:57:31] 
[8/6/2022 3:57:41] 
[8/6/2022 3:57:51] 
[8/6/2022 3:58:1] 
[8/6/2022 3:58:11] 
[8/6/2022 3:58:21] 
[8/6/2022 3:58:31] 
[8/6/2022 3:58:41] 
[8/6/2022 3:58:51] 
[8/6/2022 3:59:1] 
[8/6/2022 3:59:11] 
[8/6/2022 3:59:21] 
[8/6/2022 3:59:31] 
[8/6/2022 3:59:41] 
[8/6/2022 3:59:51] 
[8/6/2022 4:0:1] 
[8/6/2022 4:0:11] 
[8/6/2022 4:0:21] 
[8/6/2022 4:0:31] 
[8/6/2022 4:0:41] 
[8/6/2022 4:0:51] 
[8/6/2022 4:1:1] 
[8/6/2022 4:1:11] 
[8/6/2022 4:1:21] 
[8/6/2022 4:1:31] 
[8/6/2022 4:1:41] 
[8/6/2022 4:1:51] 
[8/6/2022 4:2:1] 
[8/6/2022 4:2:11] 
[8/6/2022 4:2:21] 
[8/6/2022 4:2:31] 
[8/6/2022 4:2:41] 
[8/6/2022 4:2:51] 
[8/6/2022 4:3:1] 
[8/6/2022 4:3:11] 
[8/6/2022 4:3:21] 
[8/6/2022 4:3:31] 
[8/6/2022 4:3:41] 
[8/6/2022 4:3:51] 
[8/6/2022 4:4:1] 
[8/6/2022 4:4:11] 
[8/6/2022 4:4:21] 
[8/6/2022 4:4:31] 
[8/6/2022 4:4:41] 
[8/6/2022 4:4:51] 
[8/6/2022 4:5:1] 
[8/6/2022 4:5:11] 
[8/6/2022 4:5:21] 
[8/6/2022 4:5:31] 
[8/6/2022 4:5:41] 
[8/6/2022 4:5:51] 
[8/6/2022 4:6:1] 
[8/6/2022 4:6:11] 
[8/6/2022 4:6:21] 
[8/6/2022 4:6:31] 
[8/6/2022 4:6:41] 
[8/6/2022 4:6:51] 
[8/6/2022 4:7:1] 
[8/6/2022 4:7:11] 
[8/6/2022 4:7:31] 
[8/6/2022 4:7:41] 
[8/6/2022 4:7:51] 
[8/6/2022 4:8:1] 
[8/6/2022 4:8:11] 
[8/6/2022 4:8:21] 
[8/6/2022 4:8:31] 
[8/6/2022 4:8:41] 
[8/6/2022 4:8:51] 
[8/6/2022 4:9:1] 
[8/6/2022 4:9:11] 
[8/6/2022 4:9:21] 
[8/6/2022 4:9:31] 
[8/6/2022 4:9:41] 
[8/6/2022 4:9:51] 
[8/6/2022 4:10:1] 
[8/6/2022 4:10:11] 
[8/6/2022 4:10:21] 
[8/6/2022 4:10:31] 
[8/6/2022 4:10:41] 
[8/6/2022 4:10:51] 
[8/6/2022 4:11:1] 
[8/6/2022 4:11:11] 
[8/6/2022 4:11:21] 
[8/6/2022 4:11:31] 
[8/6/2022 4:11:41] 
[8/6/2022 4:11:51] 
[8/6/2022 4:12:1] 
[8/6/2022 4:12:11] 
[8/6/2022 4:12:21] 
[8/6/2022 4:12:31] 
[8/6/2022 4:12:41] 
[8/6/2022 4:12:51] 
[8/6/2022 4:13:1] 
[8/6/2022 4:13:11] 
[8/6/2022 4:13:21] 
[8/6/2022 4:13:31] 
[8/6/2022 4:13:41] 
[8/6/2022 4:13:51] 
[8/6/2022 4:14:1] 
[8/6/2022 4:14:11] 
[8/6/2022 4:14:21] 
[8/6/2022 4:14:31] 
[8/6/2022 4:14:41] 
[8/6/2022 4:14:51] 
[8/6/2022 4:15:1] 
[8/6/2022 4:15:11] 
[8/6/2022 4:15:21] 
[8/6/2022 4:15:31] 
[8/6/2022 4:15:41] 
[8/6/2022 4:15:51] 
[8/6/2022 4:16:1] 
[8/6/2022 4:16:11] 
[8/6/2022 4:16:21] 
[8/6/2022 4:16:31] 
[8/6/2022 4:16:41] 
[8/6/2022 4:16:51] 
[8/6/2022 4:17:1] 
[8/6/2022 4:17:11] 
[8/6/2022 4:17:21] 
[8/6/2022 4:17:31] 
[8/6/2022 4:17:41] 
[8/6/2022 4:17:51] 
[8/6/2022 4:18:1] 
[8/6/2022 4:18:11] 
[8/6/2022 4:18:21] 
[8/6/2022 4:18:31] 
[8/6/2022 4:18:41] 
[8/6/2022 4:18:51] 
[8/6/2022 4:19:1] 
[8/6/2022 4:19:11] 
[8/6/2022 4:19:21] 
[8/6/2022 4:19:31] 
[8/6/2022 4:19:41] 
[8/6/2022 4:19:51] 
[8/6/2022 4:20:1] 
[8/6/2022 4:20:11] 
[8/6/2022 4:20:21] 
[8/6/2022 4:20:31] 
[8/6/2022 4:20:41] 
[8/6/2022 4:20:51] 
[8/6/2022 4:21:1] 
[8/6/2022 4:21:11] 
[8/6/2022 4:21:21] 
[8/6/2022 4:21:31] 
[8/6/2022 4:21:41] 
[8/6/2022 4:21:51] 
[8/6/2022 4:22:1] 
[8/6/2022 4:22:11] 
[8/6/2022 4:22:21] 
[8/6/2022 4:22:31] 
[8/6/2022 4:22:41] 
[8/6/2022 4:22:51] 
[8/6/2022 4:23:1] 
[8/6/2022 4:23:11] 
[8/6/2022 4:23:21] 
[8/6/2022 4:23:31] 
[8/6/2022 4:23:41] 
[8/6/2022 4:23:51] 
[8/6/2022 4:24:1] 
[8/6/2022 4:24:11] 
[8/6/2022 4:24:21] 
[8/6/2022 4:24:31] 
[8/6/2022 4:24:41] 
[8/6/2022 4:24:51] 
[8/6/2022 4:25:1] 
[8/6/2022 4:25:11] 
[8/6/2022 4:25:21] 
[8/6/2022 4:25:31] 
[8/6/2022 4:25:41] 
[8/6/2022 4:25:51] 
[8/6/2022 4:26:1] 
[8/6/2022 4:26:19] 
[8/6/2022 4:26:29] 
[8/6/2022 4:26:39] 
[8/6/2022 4:26:49] 
[8/6/2022 4:26:59] 
[8/6/2022 4:27:9] 
[8/6/2022 4:27:19] 
[8/6/2022 4:27:29] 
[8/6/2022 4:27:39] 
[8/6/2022 4:27:49] 
[8/6/2022 4:27:59] 
[8/6/2022 4:28:9] 
[8/6/2022 4:28:19] 
[8/6/2022 4:28:29] 
[8/6/2022 4:28:39] 
[8/6/2022 4:28:49] 
[8/6/2022 4:28:59] 
[8/6/2022 4:29:9] 
[8/6/2022 4:29:22] 
[8/6/2022 4:29:32] 
[8/6/2022 4:29:42] 
[8/6/2022 4:29:52] 
[8/6/2022 4:30:2] 
[8/6/2022 4:30:12] 
[8/6/2022 4:30:22] 
[8/6/2022 4:30:32] 
[8/6/2022 4:30:42] 
[8/6/2022 4:52:43] 
[8/6/2022 4:52:53] 
[8/6/2022 4:53:13] 
[8/6/2022 4:53:23] 
[8/6/2022 4:53:33] 
[8/6/2022 4:53:43] 
[8/6/2022 4:53:53] 
[8/6/2022 4:54:3] 
[8/6/2022 4:54:21] 
[8/6/2022 4:54:31] 
[8/6/2022 4:54:41] 
[8/6/2022 4:54:54] 
[8/6/2022 4:55:4] 
[8/6/2022 4:55:14] 
[8/6/2022 4:55:24] 
[8/6/2022 4:55:36] 
[8/6/2022 4:55:50] 
[8/6/2022 4:56:0] 
[8/6/2022 4:56:10] 
[8/6/2022 4:56:20] 
[8/6/2022 4:56:30] 
[8/6/2022 4:56:48] 
[8/6/2022 4:56:58] 
[8/6/2022 4:57:8] 
[8/6/2022 4:57:18] 
[8/6/2022 4:57:28] 
[8/6/2022 4:57:38] 
[8/6/2022 4:57:48] 
[8/6/2022 4:57:58] 
[8/6/2022 4:58:8] 
[8/6/2022 4:58:18] 
[8/6/2022 4:58:28] 
[8/6/2022 4:58:38] 
[8/6/2022 4:58:48] 
[8/6/2022 4:58:58] 
[8/6/2022 4:59:8] 
[8/6/2022 4:59:18] 
[8/6/2022 4:59:28] 
[8/6/2022 4:59:38] 
[8/6/2022 4:59:49] 
[8/6/2022 4:59:59] 
[8/6/2022 5:4:19] 
[8/6/2022 5:4:29] 
[8/6/2022 5:4:39] 
[8/6/2022 5:4:49] 
[8/6/2022 5:4:59] 
[8/6/2022 5:5:9] 
[8/6/2022 5:5:19] 
[8/6/2022 5:5:39] 
[8/6/2022 5:5:49] 
[8/6/2022 5:5:59] 
[8/6/2022 5:6:9] 
[8/6/2022 5:6:19] 
[8/6/2022 5:6:29] 
[8/6/2022 5:6:39] 
[8/6/2022 5:6:49] 
[8/6/2022 5:6:59] 
[8/6/2022 5:7:9] 
[8/6/2022 5:7:19] 
[8/6/2022 5:7:29] 
[8/6/2022 5:7:39] 
[8/6/2022 5:7:49] 
[8/6/2022 5:7:59] 
[8/6/2022 5:8:9] 
[8/6/2022 5:8:19] 
[8/6/2022 5:8:29] 
[8/6/2022 5:8:39] 
[8/6/2022 5:8:49] 
[8/6/2022 5:8:59] 
[8/6/2022 5:9:9] 
[8/6/2022 5:9:19] 
[8/6/2022 5:9:29] 
[8/6/2022 5:9:39] 
[8/6/2022 5:9:49] 
[8/6/2022 5:9:59] 
[8/6/2022 5:10:9] 
[8/6/2022 5:10:19] 
[8/6/2022 5:10:29] 
[8/6/2022 5:10:39] 
[8/6/2022 5:10:49] 
[8/6/2022 5:10:59] 
[8/6/2022 5:11:9] 
[8/6/2022 5:11:19] 
[8/6/2022 5:11:29] 
[8/6/2022 5:11:39] 
[8/6/2022 5:11:49] 
[8/6/2022 5:11:59] 
[8/6/2022 5:12:9] 
[8/6/2022 5:12:19] 
[8/6/2022 5:12:29] 
[8/6/2022 5:12:39] 
[8/6/2022 5:12:49] 
[8/6/2022 5:12:59] 
[8/6/2022 5:13:9] 
[8/6/2022 5:13:19] 
[8/6/2022 5:13:29] 
[8/6/2022 5:13:39] 
[8/6/2022 5:13:49] 
[8/6/2022 5:13:59] 
[8/6/2022 5:14:9] 
[8/6/2022 5:14:19] 
[8/6/2022 5:14:29] 
[8/6/2022 5:14:39] 
[8/6/2022 5:14:49] 
[8/6/2022 5:14:59] 
[8/6/2022 5:15:9] 
[8/6/2022 5:15:19] 
[8/6/2022 5:15:29] 
[8/6/2022 5:15:39] 
[8/6/2022 5:15:49] 
[8/6/2022 5:15:59] 
[8/6/2022 5:16:9] 
[8/6/2022 5:16:19] 
[8/6/2022 5:16:29] 
[8/6/2022 5:16:39] 
[8/6/2022 5:16:49] 
[8/6/2022 5:16:59] 
[8/6/2022 5:17:9] 
[8/6/2022 5:17:19] 
[8/6/2022 5:17:29] 
[8/6/2022 5:17:39] 
[8/6/2022 5:17:49] 
[8/6/2022 5:17:59] 
[8/6/2022 5:18:9] 
[8/6/2022 5:18:19] 
[8/6/2022 5:18:29] 
[8/6/2022 5:18:39] 
[8/6/2022 5:18:49] 
[8/6/2022 5:18:59] 
[8/6/2022 5:19:9] 
[8/6/2022 5:19:19] 
[8/6/2022 5:19:29] 
[8/6/2022 5:19:39] 
[8/6/2022 5:19:49] 
[8/6/2022 5:19:59] 
[8/6/2022 5:20:9] 
[8/6/2022 5:20:19] 
[8/6/2022 5:20:29] 
[8/6/2022 5:20:39] 
[8/6/2022 5:20:49] 
[8/6/2022 5:20:59] 
[8/6/2022 5:21:9] 
[8/6/2022 5:21:19] 
[8/6/2022 5:21:29] 
[8/6/2022 5:21:39] 
[8/6/2022 5:21:49] 
[8/6/2022 5:21:59] 
[8/6/2022 5:22:9] 
[8/6/2022 5:22:19] 
[8/6/2022 5:22:29] 
[8/6/2022 5:22:39] 
[8/6/2022 5:22:49] 
[8/6/2022 5:22:59] 
[8/6/2022 5:23:9] 
[8/6/2022 5:23:19] 
[8/6/2022 5:23:29] 
[8/6/2022 5:23:39] 
[8/6/2022 5:23:49] 
[8/6/2022 5:23:59] 
[8/6/2022 5:24:9] 
[8/6/2022 5:24:19] 
[8/6/2022 5:24:29] 
[8/6/2022 5:24:39] 
[8/6/2022 5:24:49] 
[8/6/2022 5:24:59] 
[8/6/2022 5:25:9] 
[8/6/2022 5:25:19] 
[8/6/2022 5:25:29] 
[8/6/2022 5:25:39] 
[8/6/2022 5:25:49] 
[8/6/2022 5:25:59] 
[8/6/2022 5:26:9] 
[8/6/2022 5:26:19] 
[8/6/2022 5:26:29] 
[8/6/2022 5:26:39] 
[8/6/2022 5:26:49] 
[8/6/2022 5:26:59] 
[8/6/2022 5:27:9] 
[8/6/2022 5:27:19] 
[8/6/2022 5:27:29] 
[8/6/2022 5:27:39] 
[8/6/2022 5:27:49] 
[8/6/2022 5:27:59] 
[8/6/2022 5:28:9] 
[8/6/2022 5:28:19] 
[8/6/2022 5:28:29] 
[8/6/2022 5:28:39] 
[8/6/2022 5:28:49] 
[8/6/2022 5:28:59] 
[8/6/2022 5:29:9] 
[8/6/2022 5:29:19] 
[8/6/2022 5:29:29] 
[8/6/2022 5:29:39] 
[8/6/2022 5:29:49] 
[8/6/2022 5:30:9] 
[8/6/2022 5:30:19] 
[8/6/2022 5:30:29] 
[8/6/2022 5:30:39] 
[8/6/2022 5:30:49] 
[8/6/2022 5:30:59] 
[8/6/2022 5:31:9] 
[8/6/2022 5:31:19] 
[8/6/2022 5:31:29] 
[8/6/2022 5:31:39] 
[8/6/2022 5:31:49] 
[8/6/2022 5:31:59] 
[8/6/2022 5:32:9] 
[8/6/2022 5:32:19] 
[8/6/2022 5:32:29] 
[8/6/2022 5:32:39] 
[8/6/2022 5:32:49] 
[8/6/2022 5:32:59] 
[8/6/2022 5:33:9] 
[8/6/2022 5:33:19] 
[8/6/2022 5:33:29] 
[8/6/2022 5:33:39] 
[8/6/2022 5:33:49] 
[8/6/2022 5:33:59] 
[8/6/2022 5:34:9] 
[8/6/2022 5:34:19] 
[8/6/2022 5:34:29] 
[8/6/2022 5:34:39] 
[8/6/2022 5:34:49] 
[8/6/2022 5:34:59] 
[8/6/2022 5:35:9] 
[8/6/2022 5:35:19] 
[8/6/2022 5:35:29] 
[8/6/2022 5:35:39] 
[8/6/2022 5:35:49] 
[8/6/2022 5:35:59] 
[8/6/2022 5:36:9] 
[8/6/2022 5:36:19] 
[8/6/2022 5:36:29] 
[8/6/2022 5:36:39] 
[8/6/2022 5:36:49] 
[8/6/2022 5:36:59] 
[8/6/2022 5:37:9] 
[8/6/2022 5:37:19] 
[8/6/2022 5:37:29] 
[8/6/2022 5:37:39] 
[8/6/2022 5:37:49] 
[8/6/2022 5:37:59] 
[8/6/2022 5:38:9] 
[8/6/2022 5:38:19] 
[8/6/2022 5:38:29] 
[8/6/2022 5:38:39] 
[8/6/2022 5:38:49] 
[8/6/2022 5:38:59] 
[8/6/2022 5:39:9] 
[8/6/2022 5:39:19] 
[8/6/2022 5:39:29] 
[8/6/2022 5:39:39] 
[8/6/2022 5:39:49] 
[8/6/2022 5:39:59] 
[8/6/2022 5:40:9] 
[8/6/2022 5:40:19] 
[8/6/2022 5:40:29] 
[8/6/2022 5:40:39] 
[8/6/2022 5:40:49] 
[8/6/2022 5:40:59] 
[8/6/2022 5:41:9] 
[8/6/2022 5:41:19] 
[8/6/2022 5:41:29] 
[8/6/2022 5:41:39] 
[8/6/2022 5:41:49] 
[8/6/2022 5:41:59] 
[8/6/2022 5:42:9] 
[8/6/2022 5:42:19] 
[8/6/2022 5:42:29] 
[8/6/2022 5:42:39] 
[8/6/2022 5:42:49] 
[8/6/2022 5:42:59] 
[8/6/2022 5:43:9] 
[8/6/2022 5:43:19] 
[8/6/2022 5:43:29] 
[8/6/2022 5:43:39] 
[8/6/2022 5:43:49] 
[8/6/2022 5:43:59] 
[8/6/2022 5:44:9] 
[8/6/2022 5:44:19] 
[8/6/2022 5:44:29] 
[8/6/2022 5:44:39] 
[8/6/2022 5:44:49] 
[8/6/2022 5:44:59] 
[8/6/2022 5:45:9] 
[8/6/2022 5:45:19] 
[8/6/2022 5:45:29] 
[8/6/2022 5:45:39] 
[8/6/2022 5:45:49] 
[8/6/2022 5:45:59] 
[8/6/2022 5:46:9] 
[8/6/2022 5:46:19] 
[8/6/2022 5:46:29] 
[8/6/2022 5:46:39] 
[8/6/2022 5:46:49] 
[8/6/2022 5:46:59] 
[8/6/2022 5:47:9] 
[8/6/2022 5:47:19] 
[8/6/2022 5:47:29] 
[8/6/2022 5:47:39] 
[8/6/2022 5:47:49] 
[8/6/2022 5:47:59] 
[8/6/2022 5:48:9] 
[8/6/2022 5:48:19] 
[8/6/2022 5:48:29] 
[8/6/2022 5:48:39] 
[8/6/2022 5:48:49] 
[8/6/2022 5:48:59] 
[8/6/2022 5:49:9] 
[8/6/2022 5:49:19] 
[8/6/2022 5:49:29] 
[8/6/2022 5:49:39] 
[8/6/2022 5:49:49] 
[8/6/2022 5:49:59] 
[8/6/2022 5:50:9] 
[8/6/2022 5:50:19] 
[8/6/2022 5:50:29] 
[8/6/2022 5:50:39] 
[8/6/2022 5:50:49] 
[8/6/2022 5:50:59] 
[8/6/2022 5:51:9] 
[8/6/2022 5:51:19] 
[8/6/2022 5:51:29] 
[8/6/2022 5:51:39] 
[8/6/2022 5:51:49] 
[8/6/2022 5:51:59] 
[8/6/2022 5:52:9] 
[8/6/2022 5:52:19] 
[8/6/2022 5:52:29] 
[8/6/2022 5:52:39] 
[8/6/2022 5:52:49] 
[8/6/2022 5:52:59] 
[8/6/2022 5:53:9] 
[8/6/2022 5:53:19] 
[8/6/2022 5:53:29] 
[8/6/2022 5:53:39] 
[8/6/2022 5:53:49] 
[8/6/2022 5:53:59] 
[8/6/2022 5:54:9] 
[8/6/2022 5:54:19] 
[8/6/2022 5:54:29] 
[8/6/2022 5:54:39] 
[8/6/2022 5:54:49] 
[8/6/2022 5:54:59] 
[8/6/2022 5:55:9] 
[8/6/2022 5:55:19] 
[8/6/2022 5:55:29] 
[8/6/2022 5:55:39] 
[8/6/2022 5:55:49] 
[8/6/2022 5:55:59] 
[8/6/2022 5:56:9] 
[8/6/2022 5:56:19] 
[8/6/2022 5:56:29] 
[8/6/2022 5:56:39] 
[8/6/2022 5:56:59] 
[8/6/2022 5:57:9] 
[8/6/2022 10:30:17] 
[8/6/2022 10:30:27] 
[8/6/2022 10:30:37] 
[8/6/2022 10:30:47] 
[8/6/2022 10:31:0] 
[8/6/2022 10:31:10] 
[8/6/2022 10:31:20] 
[8/6/2022 10:31:30] 
[8/6/2022 10:31:40] 
[8/6/2022 10:31:50] 
[8/6/2022 10:32:0] 
[8/6/2022 10:32:12] 
[8/6/2022 10:32:26] 
[8/6/2022 10:32:39] 
[8/6/2022 10:32:49] 
[8/6/2022 10:32:59] 
[8/6/2022 10:33:9] 
[8/6/2022 10:33:19] 
[8/6/2022 10:33:29] 
[8/6/2022 10:33:39] 
[8/6/2022 10:33:49] 
[8/6/2022 10:33:59] 
[8/6/2022 10:34:9] 
[8/6/2022 10:34:19] 
[8/6/2022 10:34:29] 
[8/6/2022 10:34:39] 
[8/6/2022 10:34:49] 
[8/6/2022 10:34:59] 
[8/6/2022 10:35:9] 
[8/6/2022 10:35:19] 
[8/6/2022 10:35:29] 
[8/6/2022 10:35:39] 
[8/6/2022 10:35:49] 
[8/6/2022 10:35:59] 
[8/6/2022 10:36:9] 
[8/6/2022 10:36:19] 
[8/6/2022 10:36:29] 
[8/6/2022 10:36:39] 
[8/6/2022 10:36:49] 
[8/6/2022 10:36:59] 
[8/6/2022 10:37:9] 
[8/6/2022 10:37:19] 
[8/6/2022 10:38:49] 
[8/6/2022 11:3:49] 
[8/6/2022 11:3:59] 
[8/6/2022 11:4:9] 
[8/6/2022 12:57:55] 
[8/6/2022 12:59:55] 
[8/6/2022 16:34:48] 
[8/6/2022 16:35:55] 
