[10/2/2022 20:29:52] !rank
[10/2/2022 20:29:56] !rank level
[11/2/2022 7:52:1] !rank distance
[11/2/2022 8:34:16] !rank distance
[11/2/2022 9:33:22] !rank level
[11/2/2022 10:11:58] !emotespells
[11/2/2022 10:12:22] !emotespells on
[11/2/2022 15:5:35] !rank distance
[12/2/2022 9:5:20] !rank distance
[12/2/2022 12:59:27] !go
[13/2/2022 9:7:35] !rank distance
[13/2/2022 14:18:20] !rank distance
[13/2/2022 14:18:35] !rank club
[13/2/2022 14:50:3] !rank level
[13/2/2022 20:13:35] !rank distance
[14/2/2022 8:31:45] !rank distance
[17/2/2022 0:24:29] !rank distance
[17/2/2022 0:25:46] !rank distance
[18/2/2022 13:41:31] !addon
[18/2/2022 13:43:11] !addon hunter
[24/2/2022 15:38:37] !emotespells on
[27/2/2022 13:9:16] !rank distance
[28/2/2022 18:52:22] !rank distance
[28/2/2022 18:52:50] !rank level
[1/3/2022 15:15:17] !rank distance
[2/3/2022 8:3:24] !rank distance
[2/3/2022 15:26:9] !rank distance
