[2/6/2022 0:54:40] !aol
[4/6/2022 8:1:48] !online
[4/6/2022 8:11:33] !aol
[4/6/2022 8:37:10] !emotespells on
[4/6/2022 8:40:18] !aol
[4/6/2022 13:10:50] !aol
[4/6/2022 13:32:48] !emotespells on
[4/6/2022 13:51:52] !emotespells on
[4/6/2022 13:55:58] !emotespells on
[4/6/2022 14:0:35] !emotespells on
[4/6/2022 14:4:53] !emotespells on
[4/6/2022 14:8:15] !emotespells on
[4/6/2022 14:12:15] !emotespells on
[4/6/2022 14:17:40] !emotespells on
[4/6/2022 14:21:36] !emotespells on
[4/6/2022 14:24:48] !emotespells on
[4/6/2022 14:33:27] !emotespells on
[4/6/2022 14:41:57] !emotespells on
[4/6/2022 14:48:44] !emotespells on
[4/6/2022 14:53:28] !emotespells on
[4/6/2022 14:59:13] !emotespells on
[4/6/2022 15:5:11] !emotespells on
[4/6/2022 15:14:8] !emotespells on
[4/6/2022 15:19:45] !emotespells on
[4/6/2022 15:22:12] !emotespells on
[4/6/2022 15:27:25] !emotespells on
[4/6/2022 15:29:41] !emotespells on
[4/6/2022 15:33:6] !emotespells on
[4/6/2022 15:38:58] !emotespells on
[4/6/2022 15:49:23] !aol
[4/6/2022 16:11:27] !emotespells on
[4/6/2022 16:20:53] !emotespells on
[4/6/2022 16:23:47] !aol
[4/6/2022 16:23:50] !aol
[4/6/2022 16:23:54] !aol
[4/6/2022 16:23:57] !aol
[4/6/2022 16:24:0] !aol
[4/6/2022 16:24:3] !aol
[4/6/2022 16:24:9] !emotespells on
[4/6/2022 16:24:13] !aol
[4/6/2022 16:24:16] !aol
[4/6/2022 16:24:19] !aol
[4/6/2022 16:24:44] !aol
[4/6/2022 18:44:43] !emotespells on
[4/6/2022 18:50:13] !emotespells on
[4/6/2022 18:58:49] !emotespells on
[4/6/2022 19:5:41] !emotespells on
[4/6/2022 19:11:31] !emotespells on
[4/6/2022 19:19:46] !emotespells on
[4/6/2022 19:29:51] !emotespells on
[4/6/2022 19:36:19] !emotespells on
[4/6/2022 19:42:21] !emotespells on
[4/6/2022 19:47:49] !emotespells on
[4/6/2022 19:53:11] !emotespells on
[4/6/2022 19:58:8] !emotespells on
[4/6/2022 20:2:46] !emotespells on
[4/6/2022 20:12:2] !emotespells on
[4/6/2022 20:18:10] !emotespells on
[4/6/2022 20:24:19] !emotespells on
[4/6/2022 20:30:17] !emotespells on
[4/6/2022 20:32:57] !emotespells on
[5/6/2022 9:18:54] !aol
[5/6/2022 9:19:18] !online
[5/6/2022 10:36:50] !emotespells on
[5/6/2022 10:47:25] !emotespells on
[5/6/2022 10:53:42] !emotespells on
[5/6/2022 11:0:34] !emotespells on
[5/6/2022 11:6:49] !emotespells on
[5/6/2022 11:17:18] !emotespells on
[5/6/2022 11:24:45] !emotespells on
[5/6/2022 11:29:30] !emotespells on
[5/6/2022 11:36:41] !emotespells on
[5/6/2022 11:43:32] !emotespells on
[5/6/2022 11:51:1] !emotespells on
[5/6/2022 11:57:47] !emotespells on
[5/6/2022 12:2:31] !emotespells on
[5/6/2022 12:8:43] !emotespells on
[5/6/2022 12:16:27] !emotespells on
[5/6/2022 12:22:3] !emotespells on
[5/6/2022 12:29:7] !emotespells on
[5/6/2022 12:36:4] !emotespells on
[5/6/2022 12:42:31] !emotespells on
[5/6/2022 12:47:40] !emotespells on
[5/6/2022 12:52:40] !emotespells on
[5/6/2022 12:58:43] !emotespells on
[5/6/2022 13:5:22] !emotespells on
[5/6/2022 13:13:41] !emotespells on
[5/6/2022 13:19:57] !emotespells on
[5/6/2022 13:26:20] !emotespells on
[5/6/2022 13:30:49] !emotespells on
[5/6/2022 13:37:28] !emotespells on
[5/6/2022 13:43:38] !emotespells on
[5/6/2022 13:47:58] !emotespells on
[5/6/2022 13:51:19] !emotespells on
[5/6/2022 13:56:22] !emotespells on
[5/6/2022 14:1:29] !emotespells on
[5/6/2022 14:5:37] !emotespells on
[5/6/2022 14:10:58] !emotespells on
[5/6/2022 14:17:12] !emotespells on
[5/6/2022 14:23:59] !emotespells on
[5/6/2022 14:27:32] !tradeoff buy, 121
[5/6/2022 14:27:35] !tradeoff buy, 121
[5/6/2022 14:27:38] !tradeoff buy, 121
[5/6/2022 14:28:4] !emotespells on
[5/6/2022 14:31:38] !emotespells on
[5/6/2022 14:36:20] !emotespells on
[5/6/2022 14:40:25] !emotespells on
[5/6/2022 14:43:41] !emotespells on
[5/6/2022 14:49:35] !emotespells on
[5/6/2022 14:54:15] !emotespells on
[5/6/2022 14:59:12] !emotespells on
[5/6/2022 15:3:56] !emotespells on
[5/6/2022 15:7:33] !emotespells on
[5/6/2022 15:10:51] !emotespells on
[5/6/2022 15:14:45] !emotespells on
[5/6/2022 15:20:40] !emotespells on
[5/6/2022 15:25:22] !emotespells on
[5/6/2022 15:34:0] !emotespells on
[5/6/2022 15:41:39] !emotespells on
[5/6/2022 15:46:14] !emotespells on
[5/6/2022 15:55:11] !emotespells on
[5/6/2022 15:59:19] !emotespells on
[5/6/2022 16:4:2] !emotespells on
[5/6/2022 16:9:6] !emotespells on
[5/6/2022 16:12:37] !emotespells on
[5/6/2022 16:19:8] !emotespells on
[5/6/2022 16:32:20] !aol
[5/6/2022 16:34:56] !online
[5/6/2022 16:39:59] !online
[5/6/2022 16:46:32] !aol
[5/6/2022 16:51:19] !emotespells on
[5/6/2022 17:34:5] !aol
[5/6/2022 17:34:42] !emotespells on
[5/6/2022 17:38:41] !emotespells on
[5/6/2022 17:44:24] !emotespells on
[5/6/2022 17:48:33] !emotespells on
[5/6/2022 17:51:35] !aol
[5/6/2022 17:51:37] !aol
[5/6/2022 17:52:16] !emotespells on
[5/6/2022 18:3:52] !emotespells on
[5/6/2022 18:7:11] !emotespells on
[5/6/2022 18:10:55] !emotespells on
[5/6/2022 18:15:17] !emotespells on
[5/6/2022 18:20:21] !emotespells on
[5/6/2022 18:24:44] !emotespells on
[5/6/2022 22:23:20] !emotespells on
[5/6/2022 22:23:23] !aol
[5/6/2022 22:30:51] !emotespells on
[5/6/2022 22:35:46] !emotespells on
[5/6/2022 22:39:59] !emotespells on
[5/6/2022 22:45:40] !emotespells on
[5/6/2022 22:50:44] !emotespells on
[5/6/2022 22:54:53] !emotespells on
[5/6/2022 22:58:24] !emotespells on
[5/6/2022 23:5:54] !emotespells on
[5/6/2022 23:13:43] !emotespells on
[5/6/2022 23:18:24] !emotespells on
[5/6/2022 23:23:16] !emotespells on
[5/6/2022 23:28:26] !emotespells on
[5/6/2022 23:33:56] !emotespells on
[5/6/2022 23:38:58] !emotespells on
[5/6/2022 23:43:9] !emotespells on
[5/6/2022 23:51:9] !emotespells on
[5/6/2022 23:59:13] !emotespells on
[6/6/2022 0:5:50] !emotespells on
[6/6/2022 0:8:30] !emotespells on
[6/6/2022 0:13:4] !emotespells on
[6/6/2022 0:18:49] !emotespells on
[6/6/2022 0:25:8] !emotespells on
[6/6/2022 0:30:28] !emotespells on
[6/6/2022 9:39:12] !aol
[6/6/2022 9:45:27] !emotespells on
[6/6/2022 9:50:37] !emotespells on
[6/6/2022 9:53:56] !emotespells on
[6/6/2022 9:59:6] !emotespells on
[6/6/2022 10:2:45] !emotespells on
[6/6/2022 10:8:36] !emotespells on
[6/6/2022 10:12:12] !emotespells on
[6/6/2022 10:21:48] !aol
[6/6/2022 10:28:0] !emotespells on
[6/6/2022 10:33:57] !emotespells on
[6/6/2022 10:39:2] !emotespells on
[6/6/2022 10:43:15] !emotespells on
[6/6/2022 10:46:56] !emotespells on
[6/6/2022 10:52:39] !emotespells on
[6/6/2022 10:56:22] !emotespells on
[6/6/2022 11:1:16] !emotespells on
[6/6/2022 11:5:0] !emotespells on
[6/6/2022 11:9:6] !emotespells on
[6/6/2022 11:17:10] !emotespells on
[6/6/2022 11:19:13] !emotespells on
[6/6/2022 11:20:15] !online
[6/6/2022 11:24:31] !emotespells on
[6/6/2022 11:30:40] !emotespells on
[6/6/2022 11:31:16] !emotespells on
[6/6/2022 11:36:16] !emotespells on
[6/6/2022 11:41:3] !emotespells on
[6/6/2022 11:46:0] !emotespells on
[6/6/2022 11:49:11] !emotespells on
[6/6/2022 11:54:4] !emotespells on
[6/6/2022 11:57:6] !emotespells on
[6/6/2022 12:1:47] !emotespells on
[6/6/2022 12:6:24] !emotespells on
[6/6/2022 12:20:47] !emotespells on
[6/6/2022 12:26:0] !emotespells on
[6/6/2022 12:29:0] !emotespells on
[6/6/2022 12:34:4] !emotespells on
[6/6/2022 12:39:22] !emotespells on
[6/6/2022 12:43:37] !emotespells on
[6/6/2022 12:49:17] !emotespells on
[6/6/2022 12:52:52] !emotespells on
[6/6/2022 12:58:31] !emotespells on
[6/6/2022 13:6:24] !emotespells on
[6/6/2022 13:12:52] !emotespells on
[6/6/2022 13:17:46] !emotespells on
[6/6/2022 13:22:32] !emotespells on
[6/6/2022 13:28:15] !emotespells on
[6/6/2022 13:31:9] !emotespells on
[6/6/2022 13:36:43] !emotespells on
[6/6/2022 13:46:55] !emotespells on
[6/6/2022 13:50:44] !emotespells on
[6/6/2022 13:54:13] !emotespells on
[6/6/2022 14:0:39] !emotespells on
[6/6/2022 14:7:28] !emotespells on
[6/6/2022 14:10:30] !emotespells on
[6/6/2022 14:16:12] !emotespells on
[6/6/2022 14:21:21] !emotespells on
[6/6/2022 14:26:58] !emotespells on
[6/6/2022 14:30:19] !emotespells on
[6/6/2022 14:33:18] !emotespells on
[6/6/2022 14:38:3] !emotespells on
[6/6/2022 14:43:2] !emotespells on
[6/6/2022 14:46:27] !emotespells on
[6/6/2022 14:50:2] !emotespells on
[6/6/2022 14:55:7] !emotespells on
[6/6/2022 15:0:7] !emotespells on
[6/6/2022 15:4:59] !emotespells on
[6/6/2022 15:9:46] !emotespells on
[6/6/2022 15:11:11] !emotespells on
[6/6/2022 15:16:20] !emotespells on
[6/6/2022 15:18:47] !emotespells on
[6/6/2022 15:23:37] !emotespells on
[6/6/2022 15:27:32] !emotespells on
[6/6/2022 15:32:58] !emotespells on
[6/6/2022 15:36:37] !emotespells on
[6/6/2022 15:41:33] !emotespells on
[6/6/2022 15:45:41] !emotespells on
[6/6/2022 15:49:15] !emotespells on
[6/6/2022 15:53:39] !emotespells on
[6/6/2022 16:0:51] !emotespells on
[6/6/2022 16:8:29] !emotespells on
[6/6/2022 16:13:22] !emotespells on
[6/6/2022 16:17:13] !emotespells on
[6/6/2022 16:19:47] !emotespells on
[6/6/2022 16:24:27] !emotespells on
[6/6/2022 16:27:49] !emotespells on
[6/6/2022 16:32:54] !emotespells on
[6/6/2022 16:37:9] !emotespells on
[6/6/2022 16:40:52] !emotespells on
[6/6/2022 16:44:55] !emotespells on
[6/6/2022 16:50:3] !emotespells on
[6/6/2022 16:57:0] !emotespells on
[6/6/2022 17:3:18] !emotespells on
[6/6/2022 17:9:58] !emotespells on
[6/6/2022 17:14:13] !emotespells on
[6/6/2022 17:19:24] !emotespells on
[6/6/2022 17:23:12] !emotespells on
[6/6/2022 17:27:49] !emotespells on
[6/6/2022 17:30:54] !emotespells on
[6/6/2022 17:35:18] !emotespells on
[6/6/2022 17:38:6] !emotespells on
[6/6/2022 17:42:2] !emotespells on
[6/6/2022 17:46:20] !emotespells on
[6/6/2022 17:51:11] !emotespells on
[6/6/2022 17:54:26] !emotespells on
[6/6/2022 18:0:51] !emotespells on
[6/6/2022 18:7:27] !emotespells on
[6/6/2022 18:12:47] !emotespells on
[6/6/2022 18:17:22] !emotespells on
[6/6/2022 18:23:12] !emotespells on
[6/6/2022 18:28:52] !emotespells on
[6/6/2022 18:31:57] !emotespells on
[6/6/2022 18:37:5] !emotespells on
[6/6/2022 18:41:27] !emotespells on
[6/6/2022 18:46:44] !emotespells on
[6/6/2022 18:50:16] !emotespells on
[6/6/2022 18:58:12] !emotespells on
[6/6/2022 19:4:13] !emotespells on
[6/6/2022 19:9:2] !emotespells on
[6/6/2022 19:14:14] !emotespells on
[6/6/2022 19:19:48] !emotespells on
[6/6/2022 19:24:44] !emotespells on
[6/6/2022 19:28:24] !emotespells on
[6/6/2022 19:33:42] !emotespells on
[6/6/2022 19:37:28] !emotespells on
[6/6/2022 19:44:37] !emotespells on
[6/6/2022 19:50:58] !emotespells on
[6/6/2022 19:57:27] !emotespells on
[6/6/2022 20:2:51] !emotespells on
[6/6/2022 20:8:54] !emotespells on
[6/6/2022 20:14:23] !emotespells on
[6/6/2022 20:19:0] !emotespells on
[6/6/2022 20:25:33] !emotespells on
[6/6/2022 20:33:45] !emotespells on
[6/6/2022 20:40:57] !emotespells on
[6/6/2022 20:45:39] !emotespells on
[6/6/2022 20:49:28] !emotespells on
[6/6/2022 20:54:7] !emotespells on
[6/6/2022 20:57:29] !emotespells on
[6/6/2022 21:1:24] !emotespells on
[6/6/2022 21:5:51] !emotespells on
[6/6/2022 21:8:51] !emotespells on
[6/6/2022 21:11:25] !emotespells on
[6/6/2022 21:17:58] !emotespells on
[6/6/2022 21:23:46] !buyhouse
[6/6/2022 21:56:15] !aol
[7/6/2022 17:25:32] !online
[7/6/2022 17:35:54] !emotespells on
[7/6/2022 17:59:11] !aol
[7/6/2022 17:59:23] !emotespells on
[7/6/2022 18:7:12] !emotespells on
[7/6/2022 18:13:41] !emotespells on
[7/6/2022 18:20:13] !emotespells on
[7/6/2022 18:27:38] !emotespells on
[7/6/2022 18:36:45] !emotespells on
[7/6/2022 18:45:43] !emotespells on
[7/6/2022 18:55:18] !emotespells on
[7/6/2022 19:5:7] !emotespells on
[7/6/2022 19:13:55] !emotespells on
[7/6/2022 19:22:50] !emotespells on
[7/6/2022 19:32:21] !emotespells on
[7/6/2022 19:34:37] !rank level
[7/6/2022 19:35:47] !rank magic
[7/6/2022 19:36:34] !emotespells on
[7/6/2022 19:44:48] !emotespells on
[7/6/2022 19:53:57] !emotespells on
[7/6/2022 20:2:52] !emotespells on
[7/6/2022 20:10:29] !emotespells on
[7/6/2022 20:19:45] !emotespells on
[7/6/2022 20:44:22] !aol
[7/6/2022 20:45:21] !emotespells on
[7/6/2022 20:52:0] !emotespells on
[7/6/2022 20:59:28] !emotespells on
[7/6/2022 21:6:9] !emotespells on
[7/6/2022 21:30:32] !aol
[7/6/2022 21:30:39] !emotespells on
[7/6/2022 21:40:35] !emotespells on
[7/6/2022 21:45:37] !emotespells on
[7/6/2022 22:57:31] !aol
[8/6/2022 11:2:6] !online
[8/6/2022 17:6:32] !online
[9/6/2022 18:48:50] !online
