[4/6/2022 16:15:12] !aol
[4/6/2022 16:37:26] !tradeoff add, 100000
[4/6/2022 16:37:33] !tradeoff add, 100000
[4/6/2022 16:37:37] !tradeoff add, 100000
[4/6/2022 16:54:37] !aol
[4/6/2022 16:57:22] !tradeoff buy, 98
[4/6/2022 20:28:43] !aol
[5/6/2022 10:45:54] !tradeoff balance
[5/6/2022 10:46:5] !tradeoff info
[5/6/2022 10:49:28] !tradeoff add
[5/6/2022 10:49:38] !tradeoff add 100000
[5/6/2022 10:49:41] !tradeoff add 100000
[5/6/2022 10:49:54] !tradeoff add active
[5/6/2022 10:50:0] !tradeoff add 100000
[5/6/2022 16:32:36] !aol
[5/6/2022 16:37:23] !online
[5/6/2022 16:49:30] !online
[5/6/2022 17:34:20] !aol
[5/6/2022 20:11:48] !aol
[6/6/2022 14:39:44] !aol
[6/6/2022 21:34:34] !tradeoff buy, 127
