[10/12/2021 20:4:42] !emotespells on
[10/12/2021 20:26:42] !wand ice
[10/12/2021 20:32:49] !wand ice
[10/12/2021 20:44:42] !wand earth
[10/12/2021 20:47:3] !wand firew
[10/12/2021 20:47:7] !wand fire
[10/12/2021 20:50:18] !aol
[10/12/2021 20:51:10] !wand ice
[10/12/2021 21:5:18] !online
[10/12/2021 21:12:4] !online
[10/12/2021 21:38:2] !aol
[10/12/2021 21:40:5] !wand ice
[10/12/2021 21:53:20] !wand holy
[10/12/2021 21:56:0] !aol
[10/12/2021 22:9:19] !wand ice
[10/12/2021 22:19:42] !online
[10/12/2021 22:31:30] !wand holy
[10/12/2021 22:34:38] !wand ice
[10/12/2021 23:3:56] !online
[11/12/2021 10:26:5] !online
[11/12/2021 10:27:17] !wand ice
[11/12/2021 17:3:10] !wand holy
[11/12/2021 17:11:44] !wand ice
[11/12/2021 22:13:32] !wand ice
[12/12/2021 0:1:43] !frags
[12/12/2021 10:33:11] !wand ice
[12/12/2021 11:48:38] !online
[12/12/2021 15:38:52] !wand ice
[12/12/2021 16:7:29] !frags
[12/12/2021 19:37:36] !frags
[12/12/2021 20:41:16] !online
[12/12/2021 21:58:31] !addon summoner
[12/12/2021 22:8:19] !online
[12/12/2021 22:37:36] !frags
[12/12/2021 22:37:47] !frags
[12/12/2021 22:37:59] !frags
[12/12/2021 22:39:38] !frags
[12/12/2021 22:40:25] !frags
[12/12/2021 22:41:20] !frags
[12/12/2021 23:59:10] !frags
[13/12/2021 9:46:51] !frags
[13/12/2021 9:48:7] !rank magic
[13/12/2021 11:9:54] !frags
[13/12/2021 11:46:37] !wand ice
[13/12/2021 13:50:11] !frags
[13/12/2021 14:4:50] !frags
[13/12/2021 15:50:50] !rank magic
[13/12/2021 18:6:19] !online
[13/12/2021 18:25:29] !frags
[13/12/2021 19:4:50] !rank level
[13/12/2021 19:29:7] !frags
[13/12/2021 19:33:47] !online
[13/12/2021 19:39:46] !frags
[13/12/2021 19:42:48] !wand ice
[13/12/2021 19:51:54] !frags
[13/12/2021 19:54:14] !rank magic
[13/12/2021 20:29:35] !frags
[13/12/2021 21:33:1] !frags
[13/12/2021 21:45:30] !frags
[13/12/2021 22:1:48] !frags
[13/12/2021 22:11:23] !frags
[13/12/2021 22:21:19] !wand holy
[14/12/2021 0:23:30] !rank magic
[14/12/2021 1:58:58] !rank magic
[14/12/2021 2:0:28] !frags
[14/12/2021 11:51:1] !rank magic
[14/12/2021 13:37:31] !wand ice
[14/12/2021 16:58:9] !rank magic
[14/12/2021 16:58:28] !rank level
[14/12/2021 17:21:24] !wand holy
[14/12/2021 17:22:31] !wand energy
[14/12/2021 17:36:34] !wand ice
[14/12/2021 17:39:30] !wand energy
[14/12/2021 17:46:52] !wand ice
[14/12/2021 17:51:13] !wand energy
[14/12/2021 20:52:48] !frags
[14/12/2021 20:59:11] !frags
[14/12/2021 21:0:17] !frags
[14/12/2021 21:3:30] !frags
[14/12/2021 21:25:5] !wand death
[14/12/2021 21:30:33] !online
[14/12/2021 21:57:14] !frags
[14/12/2021 22:1:7] !frags
[14/12/2021 22:46:12] !frags
[14/12/2021 22:59:13] !frags
[14/12/2021 23:18:14] !frags
[14/12/2021 23:37:18] !wand ice
[14/12/2021 23:38:53] !frags
[14/12/2021 23:42:38] !rank magic
[14/12/2021 23:53:10] !frags
[15/12/2021 2:3:19] !frags
[15/12/2021 2:56:53] !rank magic
[15/12/2021 2:58:30] !rank level
[15/12/2021 3:4:38] !wand holy
[15/12/2021 3:4:52] !wand ice
[15/12/2021 3:5:0] !wand ice
[15/12/2021 3:5:5] !wand ice
[15/12/2021 3:5:20] !wand ice
[15/12/2021 10:57:0] !wand ice
[15/12/2021 13:15:6] !frags
[15/12/2021 18:25:33] !frags
[15/12/2021 19:18:9] !rank magic
[15/12/2021 19:18:41] !frags
[15/12/2021 20:38:41] !wand energy
[15/12/2021 23:3:45] !rank level
[15/12/2021 23:6:51] !rank magic
[15/12/2021 23:8:12] !wand ice
[15/12/2021 23:40:18] !frags
[15/12/2021 23:47:36] !wand energy
[16/12/2021 0:9:50] !wand ice
[16/12/2021 0:12:0] !wand energy
[16/12/2021 0:16:32] !aol
[16/12/2021 0:18:19] !wand ice
[16/12/2021 12:20:2] !online
[16/12/2021 13:11:40] !rank magic
[16/12/2021 13:29:31] !wand ice
[16/12/2021 14:56:50] !online
[16/12/2021 17:43:34] !rank magic
[16/12/2021 21:47:38] !online
[16/12/2021 21:56:30] !wand holy
[16/12/2021 22:6:9] !wand ice
[16/12/2021 22:29:27] !online
[16/12/2021 23:45:2] !aol
[17/12/2021 0:22:45] !rank level
[17/12/2021 0:23:32] !rank magic
[17/12/2021 11:46:2] !wand ice
[17/12/2021 11:49:3] !wand ice
[17/12/2021 11:57:53] !wand energy
[17/12/2021 12:29:34] !rank level
[17/12/2021 13:9:44] !wand death
[17/12/2021 15:10:41] !wand holy
[17/12/2021 15:12:24] !wand death
[17/12/2021 15:12:36] !wand energy
[17/12/2021 15:12:45] !wand energy
[17/12/2021 15:12:55] !wand energy
[17/12/2021 18:28:58] !wand energy
[17/12/2021 18:52:59] !wand ice
[18/12/2021 0:39:31] !rank level
[18/12/2021 12:2:51] !wand ice
[18/12/2021 12:12:23] !wand ice
[18/12/2021 13:51:6] !wand energ y
[18/12/2021 13:51:9] !wand energy
[18/12/2021 14:5:29] !wand ice
[18/12/2021 15:27:19] !rank magic
[18/12/2021 19:56:20] !rank magic
[18/12/2021 22:30:56] !wand holy
[19/12/2021 0:52:13] !wand ice
[19/12/2021 12:23:15] !online
[19/12/2021 12:25:12] !wand ice
[19/12/2021 16:26:37] !online
[19/12/2021 17:9:7] !rank magic
[19/12/2021 17:11:25] !wand energy 
[19/12/2021 17:14:33] !wand earth
[19/12/2021 17:14:49] !wand energy 
[19/12/2021 17:15:3] !wand energy 
[19/12/2021 18:46:44] !online
[19/12/2021 19:19:52] !online
[19/12/2021 21:46:40] !wand iholy
[19/12/2021 21:46:44] !wand holy
[19/12/2021 21:47:31] !aol
[19/12/2021 22:53:53] !wand ice
[20/12/2021 14:52:20] !online
[20/12/2021 21:26:1] !online
[20/12/2021 21:29:52] !online
[20/12/2021 22:14:10] !online
[20/12/2021 23:2:47] !online
[21/12/2021 14:55:10] !online
[22/12/2021 13:36:31] !online
[22/12/2021 13:37:15] !rank level
[22/12/2021 13:37:48] !rank magic
[22/12/2021 13:48:14] !eject
[22/12/2021 13:48:16] !eject
[22/12/2021 13:48:26] !eject
[22/12/2021 13:48:29] !eject
[22/12/2021 13:48:35] !eject
[28/12/2021 16:38:44] !online
[28/12/2021 21:40:35] !online
[28/12/2021 21:44:32] !eject
[28/12/2021 21:44:35] !eject
[28/12/2021 21:44:40] !eject
[28/12/2021 21:44:44] !eject
[28/12/2021 21:45:29] !eject
[28/12/2021 21:45:34] !eject
[28/12/2021 21:46:6] !eject
[28/12/2021 21:46:11] !buyhouse
[28/12/2021 21:46:14] !eject
[28/12/2021 21:46:17] !eject
[28/12/2021 21:46:50] !eject
[28/12/2021 21:47:4] !eject
[28/12/2021 21:47:26] !eject
[28/12/2021 21:47:32] !eject
[28/12/2021 21:48:33] !rank level
[1/1/2022 21:5:27] !online
[1/1/2022 21:7:3] !eject
[1/1/2022 21:7:6] !eject
[1/1/2022 21:7:9] !buyhouse
[1/1/2022 21:11:57] !rank level
[3/1/2022 15:33:4] !online
[4/1/2022 15:36:11] !online
[5/1/2022 13:5:51] !online
