[10/12/2021 23:7:20] !wand ice
[11/12/2021 0:59:31] !buyhouse
[11/12/2021 0:59:54] !buyhouse
[11/12/2021 1:0:13] !wand ice
[12/12/2021 11:29:31] !wand holy
[21/12/2021 12:13:59] !rank magic
[21/12/2021 12:15:35] !rank magic
[21/12/2021 12:15:52] !rank magic
[21/12/2021 15:11:26] !rank magic
[21/12/2021 16:34:13] !rank magic
[21/12/2021 17:45:37] !rank magic
[21/12/2021 20:56:12] !rank magic
[22/12/2021 7:33:30] !rank magic
[22/12/2021 7:36:31] !rank magic
[22/12/2021 9:42:54] !online
[22/12/2021 12:0:55] !rank magic
[22/12/2021 14:41:47] !rank magic
[22/12/2021 15:12:14] !online
[22/12/2021 15:35:57] !rank magic
[22/12/2021 16:56:52] !rank distance
[22/12/2021 17:23:50] !rank magic
[23/12/2021 1:1:4] !rank magic
[23/12/2021 1:2:50] !rank magic
[23/12/2021 10:3:3] !rank magic
[23/12/2021 10:54:14] !rank magic
[23/12/2021 10:56:43] !rank magic
[23/12/2021 16:59:10] !rank magic
[23/12/2021 17:1:55] !rank magic
[23/12/2021 18:7:6] !rank magic
[23/12/2021 18:48:7] !rank magic
[23/12/2021 20:25:2] !rank magic
[23/12/2021 23:22:46] !rank magic
[25/12/2021 1:39:5] !rank magic
[25/12/2021 17:13:26] !rank magic
[26/12/2021 7:47:19] !rank magic
[1/1/2022 19:54:18] !rank magic
[3/1/2022 11:37:44] !online
[3/1/2022 11:43:17] !rank magic
[4/1/2022 0:13:20] !wand flam
[4/1/2022 0:13:24] !wand ice
[4/1/2022 0:13:27] !wand frigo
[4/1/2022 0:13:49] !wand frigo
[4/1/2022 0:13:52] !wand ice
[5/1/2022 22:53:21] !online
[9/1/2022 21:16:28] !rank level
[10/1/2022 0:29:27] !online
