[10/2/2022 20:30:53] !serverinfo
[10/2/2022 20:35:34] !aol
[10/2/2022 20:36:4] !emotespells
[10/2/2022 20:37:36] !online
[10/2/2022 20:56:26] !aol
[10/2/2022 21:16:19] 
[10/2/2022 21:16:21] 
[10/2/2022 21:16:23] 
[10/2/2022 21:16:25] 
[10/2/2022 21:16:27] 
[10/2/2022 21:16:35] 
[10/2/2022 21:16:39] 
[10/2/2022 21:16:41] 
[10/2/2022 21:16:43] 
[10/2/2022 21:16:45] 
[10/2/2022 21:28:25] !aol
[10/2/2022 21:50:21] !aol
[10/2/2022 22:24:56] !aol
[11/2/2022 1:20:40] !aol
[11/2/2022 1:48:37] !emotespells on
[11/2/2022 20:11:22] !aol
[11/2/2022 20:56:0] !frags
[11/2/2022 21:12:32] !frags
[11/2/2022 21:23:23] !aol
[11/2/2022 22:5:17] !frags
[11/2/2022 22:13:41] !aol
[11/2/2022 23:9:19] !frags
[12/2/2022 13:16:26] !frags
[12/2/2022 13:17:33] !frags
[12/2/2022 13:59:42] !aol
[12/2/2022 20:25:35] !frags
[12/2/2022 21:53:12] !frags
[13/2/2022 1:34:53] !frags
[13/2/2022 1:43:7] !frags
[13/2/2022 1:46:35] !frags
[13/2/2022 1:48:35] !frags
[13/2/2022 1:50:55] !frags
[13/2/2022 1:51:20] !frags
[15/2/2022 21:30:38] !addon warmaster
