[11/2/2022 1:48:52] !emotespells on
[11/2/2022 6:35:56] 
[11/2/2022 7:51:20] 
[11/2/2022 9:23:45] !guildpoints
[11/2/2022 13:14:22] !guildpoints
[11/2/2022 16:29:16] !guildpoints
[11/2/2022 19:12:12] 
[11/2/2022 19:17:17] 
[11/2/2022 19:51:44] 
[11/2/2022 19:55:44] 
[11/2/2022 20:55:57] !frags
[11/2/2022 21:12:29] !frags
[11/2/2022 21:32:7] !frags
[11/2/2022 21:46:16] !frags
[11/2/2022 21:56:21] !frags
[11/2/2022 21:56:37] !frags
[11/2/2022 22:0:18] !frags
[11/2/2022 22:0:46] !frags
[11/2/2022 22:6:7] !frags
[11/2/2022 22:7:31] !frags
[11/2/2022 22:7:44] !frags
[11/2/2022 22:15:39] !frags
[12/2/2022 3:52:13] !frags
[12/2/2022 8:48:16] !frags
[12/2/2022 12:57:48] !frags
[12/2/2022 21:34:47] !go
[12/2/2022 21:42:25] !go
[12/2/2022 21:42:39] !go
[12/2/2022 23:2:13] !frags
[13/2/2022 1:56:15] 
[13/2/2022 11:29:31] 
[13/2/2022 14:5:50] 
[13/2/2022 14:35:58] 
[14/2/2022 20:25:6] !go
[14/2/2022 20:29:31] !go
[14/2/2022 21:53:23] !go
[14/2/2022 22:22:23] !frags
[15/2/2022 0:12:30] 
[15/2/2022 13:40:57] 
[16/2/2022 0:18:3] 
[16/2/2022 1:24:47] 
[16/2/2022 1:24:57] 
[16/2/2022 7:12:4] 
[16/2/2022 7:18:38] 
[21/2/2022 9:49:33] aleta sio
