[11/2/2022 0:29:18] !emotespells
[11/2/2022 0:29:37] !emotespells off
[11/2/2022 0:31:32] !emotespells on
[11/2/2022 11:6:3] !serverinfo
[11/2/2022 15:30:56] !frags
[11/2/2022 19:23:16] !guildpoints
[11/2/2022 21:12:44] !frags
[11/2/2022 21:32:12] !frags
[11/2/2022 21:57:21] !frags
[11/2/2022 22:3:34] !frags
[11/2/2022 22:7:28] !frags
[11/2/2022 23:44:12] !frags
[11/2/2022 23:52:56] !go
[12/2/2022 17:11:4] !frags
[13/2/2022 12:27:43] !serverinfo
[13/2/2022 14:25:50] !guildpoints
[15/2/2022 9:32:10] !guildpoints
[16/2/2022 0:46:13] !guildpoints
[16/2/2022 2:0:13] !guildpoints
[16/2/2022 9:53:8] !serverinfo
[16/2/2022 12:24:51] !serverinfo
