[10/2/2022 22:28:58] !guildpoints
[10/2/2022 23:22:4] !guildpoints
[10/2/2022 23:24:40] !guildpoints
[10/2/2022 23:31:37] !guildpoints
[11/2/2022 0:29:24] !emotespells
[11/2/2022 0:29:44] !emotespells off
[11/2/2022 0:31:12] !emotespells
[11/2/2022 0:31:16] !emotespells on
[11/2/2022 3:24:57] !guildpoints
[11/2/2022 12:37:11] !guildpoints
[11/2/2022 14:30:8] !guildpoints
[11/2/2022 20:55:49] !frags
[11/2/2022 21:12:27] !frags
[11/2/2022 21:32:5] !frags
[11/2/2022 21:57:9] !frags
[12/2/2022 12:0:14] !guildpoints
[12/2/2022 12:57:50] !frags
[12/2/2022 17:10:24] !frags
[12/2/2022 17:11:9] !frags
[12/2/2022 20:9:29] !frags
[12/2/2022 21:14:46] !go
[12/2/2022 23:10:25] !frags
[13/2/2022 21:42:34] !guildpoints
[14/2/2022 4:43:16] !addon oriental
[14/2/2022 13:33:56] !guildpoints
[14/2/2022 20:34:9] !eject
[15/2/2022 21:49:35] !go
[15/2/2022 21:55:37] !go
[17/2/2022 14:55:31] !serverinfo
[17/2/2022 23:47:20] !go
[21/2/2022 19:2:48] !buyhouse
[21/2/2022 19:2:54] !buyhouse
[21/2/2022 19:3:12] !buyhouse
[21/2/2022 19:4:2] !buyhouse
[21/2/2022 19:4:32] !buyhouse
[21/2/2022 19:4:43] !buyhouse
[21/2/2022 19:4:51] !buyhouse
[21/2/2022 19:4:57] !buyhouse
[21/2/2022 19:5:6] !buyhouse
[21/2/2022 19:5:45] !buyhouse
[21/2/2022 19:7:5] !buyhouse
[21/2/2022 19:8:10] aleta sio
[21/2/2022 19:8:30] alana sio
[21/2/2022 19:8:33] aleta som
[21/2/2022 19:8:56] aleta sio
[21/2/2022 19:8:59] aleta som
