[10/2/2022 22:43:22] !aol
[10/2/2022 22:56:56] !aol
[11/2/2022 13:43:58] 
[11/2/2022 16:20:19] !tradeoff add, 2000000
[11/2/2022 16:20:30] !tradeoff add, 2000000
[12/2/2022 8:13:8] 
[12/2/2022 11:35:9] 
[12/2/2022 11:51:11] 
[12/2/2022 12:3:9] 
[12/2/2022 13:25:9] 
[12/2/2022 13:27:9] 
[12/2/2022 13:31:9] 
[12/2/2022 13:33:9] 
[12/2/2022 14:27:9] 
[12/2/2022 16:43:20] 
[12/2/2022 17:57:20] 
[13/2/2022 7:32:26] 
[13/2/2022 7:36:26] 
[13/2/2022 7:44:27] 
[13/2/2022 21:12:2] !tradeoff add, 2000000
[13/2/2022 21:12:6] !tradeoff add, 2000000
[13/2/2022 21:12:8] !tradeoff add, 2000000
[13/2/2022 21:12:14] !tradeoff add, 2000000
[13/2/2022 21:13:9] !tradeoff withdraw
[13/2/2022 21:13:59] !tradeoff remove,33
[13/2/2022 21:14:8] !tradeoff add, 2000000
[14/2/2022 8:4:28] 
[14/2/2022 8:5:42] !tradeoff add, 3000000
[14/2/2022 8:6:5] !tradeoff remove, 35
[14/2/2022 8:6:8] !tradeoff remove, 36
[14/2/2022 8:6:11] !tradeoff remove, 37
[14/2/2022 8:6:14] !tradeoff add, 3000000
[14/2/2022 8:6:31] !tradeoff add, 1500000
[14/2/2022 8:6:45] !tradeoff add, 1500000
[16/2/2022 10:2:43] 
[16/2/2022 10:9:26] !serverinfo
[16/2/2022 10:53:45] !addon Warmaster
[16/2/2022 12:44:30] !frags
[17/2/2022 9:9:48] 
[18/2/2022 19:12:59] 
[19/2/2022 13:46:50] 
[19/2/2022 20:10:11] 
[20/2/2022 2:7:17] 
[20/2/2022 6:10:21] 
[20/2/2022 6:28:21] 
[20/2/2022 6:55:21] 
[20/2/2022 7:1:21] 
[20/2/2022 10:58:51] 
