[10/2/2022 20:51:41] !aol
[10/2/2022 21:18:31] !aol
[10/2/2022 21:18:55] !aol
[10/2/2022 21:23:31] !aol
[10/2/2022 21:28:21] !aol
[10/2/2022 21:51:16] !aol
[10/2/2022 22:2:28] !aol
[11/2/2022 0:29:18] !emotespells
[11/2/2022 0:29:29] !emotespells
[11/2/2022 0:29:37] !emotespells
[11/2/2022 0:29:59] !emotespells
[11/2/2022 0:30:57] !emotespells on
[11/2/2022 1:15:31] !frags
[11/2/2022 14:22:19] !frags
[11/2/2022 15:38:52] !frags
[11/2/2022 18:49:47] !online
[11/2/2022 19:14:11] !frags
[11/2/2022 19:21:31] !frags
[11/2/2022 19:21:36] !frags
[11/2/2022 20:41:49] !frags
[11/2/2022 20:55:52] !frags
[11/2/2022 21:1:10] !frags
[11/2/2022 21:12:21] !frags
[11/2/2022 21:32:19] !frags
[11/2/2022 22:14:53] !frags
[11/2/2022 22:46:7] !frags
[12/2/2022 7:37:40] !rank
[12/2/2022 7:37:48] !rank level
[12/2/2022 8:22:36] !frags
[12/2/2022 12:2:7] !rank
[12/2/2022 12:2:13] !rank level
[12/2/2022 15:59:34] !rank level
[12/2/2022 16:31:33] !rank level
[12/2/2022 21:56:25] !frags
[12/2/2022 22:0:46] !frags
[12/2/2022 22:47:3] !frags
[12/2/2022 23:10:12] !frags
[13/2/2022 0:22:19] !rank level
[14/2/2022 14:50:45] !frags
