[27/5/2022 21:42:39] !aol
[27/5/2022 23:8:58] !buyhouse
[27/5/2022 23:9:1] !buyhouse
[28/5/2022 8:15:21] !aol
[28/5/2022 8:37:42] !aol
[28/5/2022 10:27:13] !aol
[28/5/2022 10:56:16] !buyhouse
[28/5/2022 10:56:19] !buyhouse
[28/5/2022 12:36:29] !emotespells on
[28/5/2022 14:11:31] !emotespells on
[28/5/2022 14:37:44] !aol
[28/5/2022 14:55:7] !aol
[28/5/2022 14:55:9] !aol
[28/5/2022 14:55:13] !aol
[28/5/2022 14:55:16] !aol
[28/5/2022 14:55:19] !aol
[28/5/2022 16:2:55] !emotespells on
[28/5/2022 16:40:54] !aol
[28/5/2022 16:47:49] !aol
[28/5/2022 16:48:34] !aol
[28/5/2022 16:55:28] !aol
[29/5/2022 9:34:15] !buyhouse
[29/5/2022 9:34:18] !buyhouse
[29/5/2022 9:35:24] !buyhouse
[29/5/2022 9:35:29] !buyhouse
[29/5/2022 12:6:13] alana sio "Hollywood
[29/5/2022 12:6:32] alana sio "Hollywood
[30/5/2022 12:26:50] !buyhouse
[30/5/2022 12:27:5] aleta som
[2/6/2022 1:36:42] !aol
[2/6/2022 6:44:9] !emotespells on
[2/6/2022 12:12:39] !emotespells on
[2/6/2022 12:16:48] !emotespells on
[2/6/2022 12:21:25] !emotespells on
[2/6/2022 12:25:3] !emotespells on
[2/6/2022 12:28:40] !emotespells on
[2/6/2022 12:32:31] !emotespells on
[2/6/2022 12:38:3] !emotespells on
[2/6/2022 12:41:52] !emotespells on
[2/6/2022 12:48:58] !emotespells on
[2/6/2022 12:52:41] !emotespells on
[2/6/2022 12:55:30] !emotespells on
[2/6/2022 12:59:29] !emotespells on
[2/6/2022 13:3:24] !emotespells on
[2/6/2022 13:6:3] !emotespells on
[2/6/2022 13:10:4] !emotespells on
[2/6/2022 13:13:3] !emotespells on
[2/6/2022 13:16:9] !emotespells on
[2/6/2022 13:19:55] !emotespells on
[2/6/2022 13:23:18] !emotespells on
[2/6/2022 13:27:2] !emotespells on
[2/6/2022 13:31:33] !emotespells on
[2/6/2022 13:48:52] !emotespells on
[2/6/2022 13:52:6] !emotespells on
[2/6/2022 13:55:23] !emotespells on
[2/6/2022 13:57:1] !emotespells on
[2/6/2022 13:57:53] !emotespells on
[2/6/2022 14:1:40] !emotespells on
[2/6/2022 14:5:32] !emotespells on
[2/6/2022 14:9:45] !emotespells on
[2/6/2022 14:14:30] !emotespells on
[2/6/2022 14:18:10] !emotespells on
[2/6/2022 14:23:4] !emotespells on
[2/6/2022 14:26:43] !emotespells on
[2/6/2022 14:29:46] !emotespells on
[2/6/2022 14:33:35] !emotespells on
[2/6/2022 14:39:0] !emotespells on
[2/6/2022 14:42:38] !emotespells on
[2/6/2022 14:46:23] !emotespells on
[2/6/2022 14:50:19] !emotespells on
[2/6/2022 14:53:53] !emotespells on
[2/6/2022 14:57:3] !emotespells on
[2/6/2022 15:0:19] !emotespells on
[2/6/2022 15:3:41] !emotespells on
[2/6/2022 15:7:5] !emotespells on
[2/6/2022 15:11:3] !emotespells on
[2/6/2022 15:15:31] !emotespells on
[2/6/2022 15:19:3] !emotespells on
[2/6/2022 15:22:27] !emotespells on
[2/6/2022 15:26:5] !emotespells on
[2/6/2022 15:30:15] !emotespells on
[2/6/2022 15:34:21] !emotespells on
[2/6/2022 15:38:2] !emotespells on
[2/6/2022 15:44:13] !emotespells on
[2/6/2022 15:55:19] !emotespells on
[2/6/2022 15:59:38] !emotespells on
[2/6/2022 16:2:55] !emotespells on
[2/6/2022 16:8:13] !emotespells on
[2/6/2022 16:11:19] !emotespells on
[2/6/2022 16:16:23] !emotespells on
[2/6/2022 16:25:52] !emotespells on
[2/6/2022 16:28:28] !emotespells on
[2/6/2022 16:31:55] !emotespells on
[2/6/2022 16:34:33] !emotespells on
[2/6/2022 16:38:11] !emotespells on
[2/6/2022 16:41:17] !emotespells on
[2/6/2022 16:44:43] !emotespells on
[2/6/2022 16:47:35] !emotespells on
[2/6/2022 16:50:33] !emotespells on
[2/6/2022 16:58:7] !emotespells on
[2/6/2022 17:2:23] !emotespells on
[2/6/2022 18:21:4] !emotespells on
[2/6/2022 18:23:51] !emotespells on
[2/6/2022 18:33:18] !emotespells on
[2/6/2022 18:40:15] !emotespells on
[2/6/2022 18:48:13] !emotespells on
[2/6/2022 18:57:25] !emotespells on
[2/6/2022 19:8:29] !emotespells on
[2/6/2022 19:19:35] !emotespells on
[2/6/2022 19:29:32] !emotespells on
[2/6/2022 19:39:7] !emotespells on
[2/6/2022 19:49:12] !emotespells on
[2/6/2022 19:59:18] !emotespells on
[2/6/2022 20:11:52] !emotespells on
[2/6/2022 20:25:19] !emotespells on
[2/6/2022 20:33:26] !emotespells on
[2/6/2022 20:39:30] !emotespells on
[2/6/2022 20:49:2] !emotespells on
[2/6/2022 20:59:38] !emotespells on
[2/6/2022 21:11:46] !emotespells on
[2/6/2022 21:19:51] !emotespells on
[2/6/2022 21:27:58] !emotespells on
[2/6/2022 21:34:36] !emotespells on
[2/6/2022 22:11:5] !emotespells on
[2/6/2022 22:25:32] !emotespells on
[2/6/2022 22:43:40] !emotespells on
[2/6/2022 23:9:56] !emotespells on
[2/6/2022 23:18:36] !emotespells on
[2/6/2022 23:23:2] !emotespells on
[2/6/2022 23:30:27] !emotespells on
[2/6/2022 23:37:27] !emotespells on
[2/6/2022 23:44:30] !emotespells on
[2/6/2022 23:50:56] !emotespells on
[2/6/2022 23:55:35] !emotespells on
[2/6/2022 23:59:48] !emotespells on
[3/6/2022 0:5:46] !emotespells on
[3/6/2022 0:11:13] !emotespells on
[3/6/2022 0:19:19] !emotespells on
[3/6/2022 0:26:2] !emotespells on
[3/6/2022 0:31:16] !emotespells on
[3/6/2022 0:36:58] !emotespells on
[3/6/2022 0:43:6] !emotespells on
[3/6/2022 0:52:53] !emotespells on
[3/6/2022 1:3:1] !emotespells on
[3/6/2022 1:15:3] !emotespells on
[3/6/2022 1:25:26] !emotespells on
[3/6/2022 1:32:55] !emotespells on
[3/6/2022 1:45:40] !emotespells on
[3/6/2022 1:53:2] !emotespells on
[3/6/2022 1:59:29] !emotespells on
[3/6/2022 2:7:35] !emotespells on
[3/6/2022 2:14:53] !emotespells on
[3/6/2022 2:21:36] !emotespells on
[3/6/2022 2:28:41] !emotespells on
[3/6/2022 2:35:20] !emotespells on
[3/6/2022 2:41:55] !emotespells on
[3/6/2022 2:51:29] !emotespells on
[3/6/2022 3:0:43] !emotespells on
[3/6/2022 3:17:41] !emotespells on
[3/6/2022 3:32:41] !emotespells on
[3/6/2022 3:56:32] !emotespells on
[3/6/2022 4:1:37] !emotespells on
[3/6/2022 4:9:11] !emotespells on
[3/6/2022 4:12:48] !emotespells on
[3/6/2022 4:19:11] !emotespells on
[3/6/2022 4:23:37] !emotespells on
[3/6/2022 4:32:22] !emotespells on
[3/6/2022 4:39:7] !emotespells on
[3/6/2022 4:46:5] !emotespells on
[3/6/2022 4:49:4] !emotespells on
[3/6/2022 5:11:15] !emotespells on
[3/6/2022 5:20:4] !emotespells on
[3/6/2022 5:25:58] !emotespells on
[3/6/2022 5:34:20] !emotespells on
[3/6/2022 5:42:4] !emotespells on
[3/6/2022 5:54:29] !emotespells on
[3/6/2022 6:2:18] !emotespells on
[3/6/2022 6:9:35] !emotespells on
[3/6/2022 6:13:37] !emotespells on
[3/6/2022 6:21:58] !emotespells on
[3/6/2022 6:45:47] !emotespells on
[3/6/2022 6:50:30] !emotespells on
[3/6/2022 7:1:20] !emotespells on
[3/6/2022 7:6:4] !emotespells on
[3/6/2022 7:11:6] !emotespells on
[3/6/2022 7:22:24] !emotespells on
[3/6/2022 7:29:33] !emotespells on
[3/6/2022 7:34:52] !emotespells on
[3/6/2022 7:42:24] !emotespells on
[3/6/2022 7:48:10] !emotespells on
[3/6/2022 7:54:35] !emotespells on
[3/6/2022 8:1:42] !emotespells on
[3/6/2022 8:7:21] !emotespells on
[3/6/2022 8:13:20] !emotespells on
[3/6/2022 8:21:53] !emotespells on
[3/6/2022 8:30:16] !emotespells on
[3/6/2022 8:38:58] !emotespells on
[3/6/2022 8:44:46] !emotespells on
[3/6/2022 8:53:46] !emotespells on
[3/6/2022 9:2:59] !emotespells on
[3/6/2022 9:8:12] !emotespells on
[3/6/2022 9:16:55] !emotespells on
[3/6/2022 9:26:49] !emotespells on
[3/6/2022 9:36:12] !emotespells on
[3/6/2022 9:43:2] !emotespells on
[3/6/2022 9:47:23] !emotespells on
[3/6/2022 9:56:55] !emotespells on
[3/6/2022 10:2:18] !emotespells on
[3/6/2022 10:9:25] !emotespells on
[3/6/2022 10:12:49] !emotespells on
[3/6/2022 10:17:53] !emotespells on
[3/6/2022 10:22:46] !emotespells on
[3/6/2022 10:30:45] !emotespells on
[3/6/2022 10:38:29] !emotespells on
[3/6/2022 10:46:28] !emotespells on
[3/6/2022 10:52:39] !emotespells on
[3/6/2022 10:57:7] !emotespells on
[3/6/2022 11:5:12] !emotespells on
[3/6/2022 11:15:8] !emotespells on
[3/6/2022 11:21:42] !emotespells on
[3/6/2022 11:25:13] !emotespells on
[3/6/2022 11:30:0] !emotespells on
[3/6/2022 11:35:42] !emotespells on
[3/6/2022 11:43:11] !emotespells on
[3/6/2022 11:50:36] !emotespells on
[3/6/2022 11:57:9] !emotespells on
[3/6/2022 12:3:33] !emotespells on
[3/6/2022 12:9:16] !emotespells on
[3/6/2022 12:17:36] !emotespells on
[3/6/2022 12:22:2] !emotespells on
[3/6/2022 12:31:26] !emotespells on
[3/6/2022 12:36:38] !emotespells on
[3/6/2022 12:45:26] !emotespells on
[3/6/2022 12:53:42] !emotespells on
[3/6/2022 13:3:21] !emotespells on
[3/6/2022 13:12:49] !emotespells on
[3/6/2022 13:22:26] !emotespells on
[3/6/2022 13:32:37] !emotespells on
[3/6/2022 13:39:46] !emotespells on
[3/6/2022 13:48:59] !emotespells on
[3/6/2022 13:59:32] !emotespells on
[3/6/2022 14:7:49] !emotespells on
[3/6/2022 14:10:34] !emotespells on
[3/6/2022 14:11:2] !emotespells on
[3/6/2022 14:11:29] !emotespells on
[3/6/2022 14:11:56] !emotespells on
[3/6/2022 14:12:25] !emotespells on
[3/6/2022 14:37:31] !emotespells on
[3/6/2022 14:47:58] !emotespells on
[3/6/2022 14:55:49] !emotespells on
[3/6/2022 15:4:49] !emotespells on
[3/6/2022 15:14:58] !emotespells on
[3/6/2022 15:21:29] !emotespells on
[3/6/2022 15:30:56] !emotespells on
[3/6/2022 15:36:11] !emotespells on
[3/6/2022 15:45:6] !emotespells on
[3/6/2022 15:54:21] !emotespells on
[3/6/2022 16:4:46] !emotespells on
[3/6/2022 16:12:58] !emotespells on
[3/6/2022 16:22:48] !emotespells on
[3/6/2022 16:29:16] !emotespells on
[3/6/2022 16:39:49] !emotespells on
[3/6/2022 16:49:15] !emotespells on
[3/6/2022 16:51:31] !emotespells on
[3/6/2022 17:25:25] !emotespells on
[3/6/2022 17:41:22] !emotespells on
[3/6/2022 17:49:2] !emotespells on
[3/6/2022 18:0:51] !emotespells on
[3/6/2022 18:14:34] !emotespells on
[3/6/2022 18:26:35] !emotespells on
[3/6/2022 18:53:15] !emotespells on
[3/6/2022 19:8:39] !emotespells on
[3/6/2022 19:20:27] !emotespells on
[3/6/2022 19:32:32] !emotespells on
[3/6/2022 19:44:43] !emotespells on
[3/6/2022 19:52:3] !emotespells on
[3/6/2022 20:1:47] !emotespells on
[3/6/2022 20:11:16] !emotespells on
[3/6/2022 20:19:17] !emotespells on
[3/6/2022 20:30:22] !emotespells on
[3/6/2022 20:40:0] !emotespells on
[3/6/2022 20:53:57] !emotespells on
[3/6/2022 21:4:26] !emotespells on
[3/6/2022 21:14:10] !emotespells on
[3/6/2022 21:24:8] !emotespells on
[3/6/2022 21:36:41] !emotespells on
[3/6/2022 21:44:18] !emotespells on
[3/6/2022 21:55:50] !emotespells on
[3/6/2022 22:4:45] !emotespells on
[3/6/2022 22:12:30] !emotespells on
[3/6/2022 22:19:58] !emotespells on
[3/6/2022 22:30:3] !emotespells on
[4/6/2022 7:53:37] !aol
[4/6/2022 7:54:33] !aol
[4/6/2022 9:38:59] !aol
[4/6/2022 9:39:5] !aol
[4/6/2022 9:39:9] !aol
[4/6/2022 9:39:12] !aol
[4/6/2022 9:39:15] !aol
[4/6/2022 9:39:18] !aol
[4/6/2022 9:39:21] !aol
[4/6/2022 9:39:25] !aol
[4/6/2022 9:39:31] !aol
[4/6/2022 9:39:34] !aol
[4/6/2022 9:39:37] !aol
[4/6/2022 9:39:41] !aol
[4/6/2022 9:39:44] !aol
[4/6/2022 9:39:47] !aol
[4/6/2022 9:39:53] !aol
[4/6/2022 9:39:57] !aol
[4/6/2022 9:40:0] !aol
[4/6/2022 9:40:3] !aol
[4/6/2022 9:40:6] !aol
[4/6/2022 9:40:9] !aol
[4/6/2022 9:40:16] !aol
[4/6/2022 9:40:19] !aol
[4/6/2022 9:40:22] !aol
[4/6/2022 9:40:26] !aol
[4/6/2022 9:40:29] !aol
[4/6/2022 9:40:32] !aol
[4/6/2022 9:40:38] !aol
[4/6/2022 9:40:42] !aol
[4/6/2022 9:40:45] !aol
[4/6/2022 9:40:48] !aol
[4/6/2022 9:40:51] !aol
[4/6/2022 9:40:54] !aol
[4/6/2022 9:40:58] !aol
[4/6/2022 9:41:4] !aol
[4/6/2022 9:41:7] !aol
[4/6/2022 9:41:10] !aol
[4/6/2022 9:41:14] !aol
[4/6/2022 9:41:17] !aol
[4/6/2022 9:41:20] !aol
[4/6/2022 9:41:26] !aol
[4/6/2022 9:41:30] !aol
[4/6/2022 9:41:33] !aol
[4/6/2022 9:41:36] !aol
[4/6/2022 9:41:39] !aol
[4/6/2022 9:41:42] !aol
[4/6/2022 9:41:46] !aol
[4/6/2022 9:41:49] !aol
[4/6/2022 9:41:52] !aol
[4/6/2022 9:41:55] !aol
[4/6/2022 9:41:58] !aol
[4/6/2022 9:42:2] !aol
[4/6/2022 9:42:5] !aol
[4/6/2022 9:42:11] !aol
[4/6/2022 9:42:14] !aol
[4/6/2022 9:42:18] !aol
[4/6/2022 9:42:21] !aol
[4/6/2022 9:42:24] !aol
[4/6/2022 9:42:27] !aol
[4/6/2022 9:42:30] !aol
[4/6/2022 9:42:34] !aol
[4/6/2022 9:42:37] !aol
[4/6/2022 9:42:40] !aol
[4/6/2022 9:42:43] !aol
[4/6/2022 9:42:46] !aol
[4/6/2022 9:42:50] !aol
[4/6/2022 9:42:53] !aol
[4/6/2022 9:42:59] !aol
[4/6/2022 9:43:3] !aol
[4/6/2022 9:43:6] !aol
[4/6/2022 9:43:9] !aol
[4/6/2022 9:43:12] !aol
[4/6/2022 9:43:15] !aol
[4/6/2022 9:43:18] !aol
[4/6/2022 9:43:22] !aol
[4/6/2022 9:43:25] !aol
[4/6/2022 9:43:28] !aol
[4/6/2022 9:43:31] !aol
[4/6/2022 9:43:35] !aol
[4/6/2022 9:43:38] !aol
[4/6/2022 9:43:44] !aol
[4/6/2022 9:43:47] !aol
[4/6/2022 9:43:51] !aol
[4/6/2022 9:43:54] !aol
[4/6/2022 9:43:57] !aol
[4/6/2022 9:44:0] !aol
[4/6/2022 9:44:7] !aol
[4/6/2022 9:44:10] !aol
[4/6/2022 9:44:13] !aol
[4/6/2022 9:44:16] !aol
[4/6/2022 9:44:19] !aol
[4/6/2022 9:44:23] !aol
[4/6/2022 9:44:26] !aol
[4/6/2022 9:44:32] !aol
[4/6/2022 9:44:35] !aol
[4/6/2022 9:44:39] !aol
[4/6/2022 9:44:42] !aol
[4/6/2022 9:44:45] !aol
[4/6/2022 9:44:48] !aol
[4/6/2022 9:44:55] !aol
[4/6/2022 9:44:58] !aol
[4/6/2022 9:45:1] !aol
[4/6/2022 9:45:4] !aol
[4/6/2022 9:45:7] !aol
[4/6/2022 9:45:11] !aol
[4/6/2022 9:45:17] !aol
[4/6/2022 9:45:20] !aol
[4/6/2022 9:45:23] !aol
[4/6/2022 9:45:27] !aol
[4/6/2022 9:45:30] !aol
[4/6/2022 9:45:33] !aol
[4/6/2022 9:45:39] !aol
[4/6/2022 9:45:43] !aol
[4/6/2022 9:45:46] !aol
[4/6/2022 9:45:49] !aol
[4/6/2022 9:45:52] !aol
[4/6/2022 9:45:55] !aol
[4/6/2022 9:45:59] !aol
[4/6/2022 9:46:5] !aol
[4/6/2022 9:46:8] !aol
[4/6/2022 9:46:11] !aol
[4/6/2022 9:46:15] !aol
[4/6/2022 9:46:18] !aol
[4/6/2022 9:46:21] !aol
[4/6/2022 9:46:28] !aol
[4/6/2022 9:46:31] !aol
[4/6/2022 9:46:34] !aol
[4/6/2022 9:46:37] !aol
[4/6/2022 9:46:40] !aol
[4/6/2022 9:46:44] !aol
[4/6/2022 9:46:50] !aol
[4/6/2022 9:46:53] !aol
[4/6/2022 9:46:56] !aol
[4/6/2022 9:47:0] !aol
[4/6/2022 9:47:3] !aol
[4/6/2022 9:47:6] !aol
[4/6/2022 9:47:12] !aol
[4/6/2022 9:47:16] !aol
[4/6/2022 9:47:19] !aol
[4/6/2022 9:47:22] !aol
[4/6/2022 9:47:25] !aol
[4/6/2022 9:47:28] !aol
[4/6/2022 9:47:32] !aol
[4/6/2022 9:47:38] !aol
[4/6/2022 9:47:41] !aol
[4/6/2022 9:47:44] !aol
[4/6/2022 9:47:48] !aol
[4/6/2022 9:47:51] !aol
[4/6/2022 9:47:54] !aol
[4/6/2022 9:48:0] !aol
[4/6/2022 9:48:4] !aol
[4/6/2022 9:48:7] !aol
[4/6/2022 9:48:10] !aol
[4/6/2022 9:48:13] !aol
[4/6/2022 9:48:16] !aol
[4/6/2022 9:48:20] !aol
[4/6/2022 9:48:23] !aol
[4/6/2022 9:48:26] !aol
[4/6/2022 9:48:29] !aol
[4/6/2022 9:48:32] !aol
[4/6/2022 9:48:36] !aol
[4/6/2022 9:48:39] !aol
[4/6/2022 9:48:45] !aol
[4/6/2022 9:48:48] !aol
[4/6/2022 9:48:52] !aol
[4/6/2022 9:48:55] !aol
[4/6/2022 9:48:58] !aol
[4/6/2022 9:49:1] !aol
[4/6/2022 9:49:5] !aol
[4/6/2022 9:49:8] !aol
[4/6/2022 9:49:11] !aol
[4/6/2022 9:49:14] !aol
[4/6/2022 9:49:17] !aol
[4/6/2022 9:49:21] !aol
[4/6/2022 9:49:24] !aol
[4/6/2022 9:49:27] !aol
[4/6/2022 9:49:33] !aol
[4/6/2022 9:49:37] !aol
[4/6/2022 9:49:40] !aol
[4/6/2022 9:49:43] !aol
[4/6/2022 9:49:46] !aol
[4/6/2022 9:49:49] !aol
[4/6/2022 9:49:53] !aol
[4/6/2022 9:49:56] !aol
[4/6/2022 9:49:59] !aol
[4/6/2022 9:50:2] !aol
[4/6/2022 9:50:5] !aol
[4/6/2022 9:50:9] !aol
[4/6/2022 9:50:12] !aol
[4/6/2022 9:50:18] !aol
[4/6/2022 9:50:21] !aol
[4/6/2022 9:50:25] !aol
[4/6/2022 9:50:28] !aol
[4/6/2022 9:50:31] !aol
[4/6/2022 9:50:34] !aol
[4/6/2022 9:50:37] !aol
[4/6/2022 9:50:41] !aol
[4/6/2022 9:50:44] !aol
[4/6/2022 9:50:47] !aol
[4/6/2022 9:50:50] !aol
[4/6/2022 9:50:53] !aol
[4/6/2022 9:50:57] !aol
[4/6/2022 9:51:0] !aol
[4/6/2022 9:51:6] !aol
[4/6/2022 9:51:9] !aol
[4/6/2022 9:51:13] !aol
[4/6/2022 9:51:16] !aol
[4/6/2022 9:51:19] !aol
[4/6/2022 9:51:22] !aol
[4/6/2022 9:51:25] !aol
[4/6/2022 9:51:29] !aol
[4/6/2022 9:51:32] !aol
[4/6/2022 9:51:35] !aol
[4/6/2022 9:51:38] !aol
[4/6/2022 9:51:41] !aol
[4/6/2022 9:51:45] !aol
[4/6/2022 9:51:51] !aol
[4/6/2022 9:51:54] !aol
[4/6/2022 9:51:57] !aol
[4/6/2022 9:52:1] !aol
[4/6/2022 9:52:4] !aol
[4/6/2022 9:52:7] !aol
[4/6/2022 9:52:14] !aol
[4/6/2022 9:52:17] !aol
[4/6/2022 9:52:20] !aol
[4/6/2022 9:52:23] !aol
[4/6/2022 9:52:26] !aol
[4/6/2022 9:52:29] !aol
[4/6/2022 9:52:33] !aol
[4/6/2022 9:52:39] !aol
[4/6/2022 9:52:42] !aol
[4/6/2022 9:52:46] !aol
[4/6/2022 9:52:49] !aol
[4/6/2022 9:52:52] !aol
[4/6/2022 9:53:2] !aol
[4/6/2022 9:53:5] !aol
[4/6/2022 9:53:8] !aol
[4/6/2022 9:53:11] !aol
[4/6/2022 9:53:14] !aol
[4/6/2022 9:53:18] !aol
[4/6/2022 9:53:24] !aol
[4/6/2022 9:53:27] !aol
[4/6/2022 9:53:30] !aol
[4/6/2022 9:53:34] !aol
[4/6/2022 9:53:37] !aol
[4/6/2022 9:53:40] !aol
[4/6/2022 9:53:46] !aol
[4/6/2022 9:53:50] !aol
[4/6/2022 9:53:53] !aol
[4/6/2022 9:53:56] !aol
[4/6/2022 9:53:59] !aol
[4/6/2022 9:54:2] !aol
[4/6/2022 9:54:6] !aol
[4/6/2022 9:54:12] !aol
[4/6/2022 9:54:15] !aol
[4/6/2022 9:54:18] !aol
[4/6/2022 9:54:22] !aol
[4/6/2022 9:54:25] !aol
[4/6/2022 9:54:28] !aol
[4/6/2022 9:54:34] !aol
[4/6/2022 9:54:38] !aol
[4/6/2022 9:54:41] !aol
[4/6/2022 9:54:44] !aol
[4/6/2022 9:54:47] !aol
[4/6/2022 9:54:50] !aol
[4/6/2022 9:54:54] !aol
[4/6/2022 9:54:57] !aol
[4/6/2022 9:55:0] !aol
[4/6/2022 9:55:3] !aol
[4/6/2022 9:55:6] !aol
[4/6/2022 9:55:10] !aol
[4/6/2022 9:55:13] !aol
[4/6/2022 9:55:19] !aol
[4/6/2022 9:55:23] !aol
[4/6/2022 9:55:26] !aol
[4/6/2022 9:55:29] !aol
[4/6/2022 9:55:32] !aol
[4/6/2022 9:55:35] !aol
[4/6/2022 9:55:39] !aol
[4/6/2022 9:55:42] !aol
[4/6/2022 9:55:45] !aol
[4/6/2022 9:55:48] !aol
[4/6/2022 9:55:51] !aol
[4/6/2022 9:55:55] !aol
[4/6/2022 9:55:58] !aol
[4/6/2022 9:56:1] !aol
[4/6/2022 9:56:7] !aol
[4/6/2022 9:56:11] !aol
[4/6/2022 9:56:14] !aol
[4/6/2022 9:56:17] !aol
[4/6/2022 9:56:20] !aol
[4/6/2022 9:56:23] !aol
[4/6/2022 9:56:27] !aol
[4/6/2022 9:56:30] !aol
[4/6/2022 9:56:33] !aol
[4/6/2022 9:56:36] !aol
[4/6/2022 9:56:39] !aol
[4/6/2022 9:56:43] !aol
[4/6/2022 9:56:46] !aol
[4/6/2022 9:56:52] !aol
[4/6/2022 9:56:55] !aol
[4/6/2022 9:56:59] !aol
[4/6/2022 9:57:2] !aol
[4/6/2022 9:57:5] !aol
[4/6/2022 9:57:8] !aol
[4/6/2022 9:57:15] !aol
[4/6/2022 9:57:18] !aol
[4/6/2022 9:57:21] !aol
[4/6/2022 9:57:24] !aol
[4/6/2022 9:57:27] !aol
[4/6/2022 9:57:31] !aol
[4/6/2022 9:57:34] !aol
[4/6/2022 9:57:40] !aol
[4/6/2022 9:57:43] !aol
[4/6/2022 9:57:47] !aol
[4/6/2022 9:57:50] !aol
[4/6/2022 9:57:53] !aol
[4/6/2022 9:57:56] !aol
[4/6/2022 9:58:3] !aol
[4/6/2022 9:58:6] !aol
[4/6/2022 9:58:9] !aol
[4/6/2022 9:58:12] !aol
[4/6/2022 9:58:15] !aol
[4/6/2022 9:58:19] !aol
[4/6/2022 9:58:25] !aol
[4/6/2022 9:58:28] !aol
[4/6/2022 9:58:31] !aol
[4/6/2022 9:58:35] !aol
[4/6/2022 9:58:38] !aol
[4/6/2022 9:58:41] !aol
[4/6/2022 9:58:48] !aol
[4/6/2022 9:58:51] !aol
[4/6/2022 9:58:54] !aol
[4/6/2022 9:58:57] !aol
[4/6/2022 9:59:0] !aol
[4/6/2022 9:59:4] !aol
[4/6/2022 9:59:7] !aol
[4/6/2022 9:59:13] !aol
[4/6/2022 9:59:16] !aol
[4/6/2022 9:59:20] !aol
[4/6/2022 9:59:23] !aol
[4/6/2022 9:59:26] !aol
[4/6/2022 9:59:29] !aol
[4/6/2022 9:59:36] !aol
[4/6/2022 9:59:39] !aol
[4/6/2022 9:59:42] !aol
[4/6/2022 9:59:45] !aol
[4/6/2022 9:59:48] !aol
[4/6/2022 9:59:52] !aol
[4/6/2022 9:59:55] !aol
[4/6/2022 9:59:58] !aol
[4/6/2022 10:0:1] !aol
[4/6/2022 10:0:4] !aol
[4/6/2022 10:0:8] !aol
[4/6/2022 10:0:11] !aol
[4/6/2022 10:0:14] !aol
[4/6/2022 10:0:20] !aol
[4/6/2022 10:0:24] !aol
[4/6/2022 10:0:27] !aol
[4/6/2022 10:0:30] !aol
[4/6/2022 10:0:33] !aol
[4/6/2022 10:0:36] !aol
[4/6/2022 10:0:40] !aol
[4/6/2022 10:0:43] !aol
[4/6/2022 10:0:46] !aol
[4/6/2022 10:0:49] !aol
[4/6/2022 10:0:52] !aol
[4/6/2022 10:0:56] !aol
[4/6/2022 10:0:59] !aol
[4/6/2022 10:1:2] !aol
[4/6/2022 10:1:8] !aol
[4/6/2022 10:1:12] !aol
[4/6/2022 10:1:15] !aol
[4/6/2022 10:1:18] !aol
[4/6/2022 10:1:21] !aol
[4/6/2022 10:1:25] !aol
[4/6/2022 10:1:28] !aol
[4/6/2022 10:1:31] !aol
[4/6/2022 10:1:34] !aol
[4/6/2022 10:1:37] !aol
[4/6/2022 10:1:41] !aol
[4/6/2022 10:1:44] !aol
[4/6/2022 10:1:47] !aol
[4/6/2022 10:1:53] !aol
[4/6/2022 10:1:57] !aol
[4/6/2022 10:2:0] !aol
[4/6/2022 10:2:3] !aol
[4/6/2022 10:2:6] !aol
[4/6/2022 10:2:9] !aol
[4/6/2022 10:2:13] !aol
[4/6/2022 10:2:16] !aol
[4/6/2022 10:2:19] !aol
[4/6/2022 10:2:22] !aol
[4/6/2022 10:2:25] !aol
[4/6/2022 10:2:29] !aol
[4/6/2022 10:2:32] !aol
[4/6/2022 10:2:35] !aol
[4/6/2022 10:2:41] !aol
[4/6/2022 10:2:45] !aol
[4/6/2022 10:2:48] !aol
[4/6/2022 10:2:51] !aol
[4/6/2022 10:2:54] !aol
[4/6/2022 10:2:57] !aol
[4/6/2022 10:3:1] !aol
[4/6/2022 10:3:4] !aol
[4/6/2022 10:3:7] !aol
[4/6/2022 10:3:10] !aol
[4/6/2022 10:3:13] !aol
[4/6/2022 10:3:17] !aol
[4/6/2022 10:3:20] !aol
[4/6/2022 10:3:26] !aol
[4/6/2022 10:3:29] !aol
[4/6/2022 10:3:33] !aol
[4/6/2022 10:3:36] !aol
[4/6/2022 10:3:39] !aol
[4/6/2022 10:3:42] !aol
[4/6/2022 10:3:49] !aol
[4/6/2022 10:3:52] !aol
[4/6/2022 10:3:55] !aol
[4/6/2022 10:3:58] !aol
[4/6/2022 10:4:1] !aol
[4/6/2022 10:4:5] !aol
[4/6/2022 10:4:8] !aol
[4/6/2022 10:4:14] !aol
[4/6/2022 10:4:18] !aol
[4/6/2022 10:4:21] !aol
[4/6/2022 10:4:24] !aol
[4/6/2022 10:4:27] !aol
[4/6/2022 10:4:30] !aol
[4/6/2022 10:4:34] !aol
[4/6/2022 10:4:37] !aol
[4/6/2022 10:4:40] !aol
[4/6/2022 10:4:43] !aol
[4/6/2022 10:4:46] !aol
[4/6/2022 10:4:50] !aol
[4/6/2022 10:4:53] !aol
[4/6/2022 10:4:59] !aol
[4/6/2022 10:5:2] !aol
[4/6/2022 10:5:6] !aol
[4/6/2022 10:5:9] !aol
[4/6/2022 10:5:12] !aol
[4/6/2022 10:5:15] !aol
[4/6/2022 10:5:22] !aol
[4/6/2022 10:5:25] !aol
[4/6/2022 10:5:28] !aol
[4/6/2022 10:5:31] !aol
[4/6/2022 10:5:34] !aol
[4/6/2022 10:5:38] !aol
[4/6/2022 10:5:41] !aol
[4/6/2022 10:5:47] !aol
[4/6/2022 10:5:50] !aol
[4/6/2022 10:5:54] !aol
[4/6/2022 10:5:57] !aol
[4/6/2022 10:6:0] !aol
[4/6/2022 10:6:3] !aol
[4/6/2022 10:6:10] !aol
[4/6/2022 10:6:13] !aol
[4/6/2022 10:6:16] !aol
[4/6/2022 10:6:19] !aol
[4/6/2022 10:6:22] !aol
[4/6/2022 10:6:26] !aol
[4/6/2022 10:6:32] !aol
[4/6/2022 10:6:35] !aol
[4/6/2022 10:6:38] !aol
[4/6/2022 10:6:42] !aol
[4/6/2022 10:6:45] !aol
[4/6/2022 10:6:48] !aol
[4/6/2022 10:6:55] !aol
[4/6/2022 10:6:58] !aol
[4/6/2022 10:7:1] !aol
[4/6/2022 10:7:4] !aol
[4/6/2022 10:7:7] !aol
[4/6/2022 10:7:11] !aol
[4/6/2022 10:7:14] !aol
[4/6/2022 10:7:20] !aol
[4/6/2022 10:7:23] !aol
[4/6/2022 10:7:27] !aol
[4/6/2022 10:7:30] !aol
[4/6/2022 10:7:33] !aol
[4/6/2022 10:7:36] !aol
[4/6/2022 10:7:43] !aol
[4/6/2022 10:7:46] !aol
[4/6/2022 10:7:49] !aol
[4/6/2022 10:7:52] !aol
[4/6/2022 10:7:55] !aol
[4/6/2022 10:7:59] !aol
[4/6/2022 10:8:2] !aol
[4/6/2022 10:8:5] !aol
[4/6/2022 10:8:8] !aol
[4/6/2022 10:8:11] !aol
[4/6/2022 10:8:15] !aol
[4/6/2022 10:8:18] !aol
[4/6/2022 10:8:21] !aol
[4/6/2022 10:8:28] !aol
[4/6/2022 10:8:31] !aol
[4/6/2022 10:8:34] !aol
[4/6/2022 10:8:37] !aol
[4/6/2022 10:8:40] !aol
[4/6/2022 10:8:43] !aol
[4/6/2022 10:8:47] !aol
[4/6/2022 10:8:53] !aol
[4/6/2022 10:8:56] !aol
[4/6/2022 10:8:59] !aol
[4/6/2022 10:9:3] !aol
[4/6/2022 10:9:6] !aol
[4/6/2022 10:9:9] !aol
[4/6/2022 10:9:15] !aol
[4/6/2022 10:9:19] !aol
[4/6/2022 10:9:22] !aol
[4/6/2022 10:9:25] !aol
[4/6/2022 10:9:28] !aol
[4/6/2022 10:9:31] !aol
[4/6/2022 10:9:35] !aol
[4/6/2022 10:9:38] !aol
[4/6/2022 10:9:41] !aol
[4/6/2022 10:9:44] !aol
[4/6/2022 10:9:48] !aol
[4/6/2022 10:9:51] !aol
[4/6/2022 10:9:54] !aol
[4/6/2022 10:10:0] !aol
[4/6/2022 10:10:4] !aol
[4/6/2022 10:10:7] !aol
[4/6/2022 10:10:10] !aol
[4/6/2022 10:10:13] !aol
[4/6/2022 10:10:16] !aol
[4/6/2022 10:10:20] !aol
[4/6/2022 10:10:23] !aol
[4/6/2022 10:10:26] !aol
[4/6/2022 10:10:29] !aol
[4/6/2022 10:10:32] !aol
[4/6/2022 10:10:36] !aol
[4/6/2022 10:10:39] !aol
[4/6/2022 10:10:42] !aol
[4/6/2022 10:10:48] !aol
[4/6/2022 10:10:52] !aol
[4/6/2022 10:10:55] !aol
[4/6/2022 10:10:58] !aol
[4/6/2022 10:11:1] !aol
[4/6/2022 10:11:4] !aol
[4/6/2022 10:11:8] !aol
[4/6/2022 10:11:11] !aol
[4/6/2022 10:11:14] !aol
[4/6/2022 10:11:17] !aol
[4/6/2022 10:11:20] !aol
[4/6/2022 10:11:24] !aol
[4/6/2022 10:11:33] !aol
[4/6/2022 10:11:36] !aol
[4/6/2022 10:11:40] !aol
[4/6/2022 10:11:43] !aol
[4/6/2022 10:11:46] !aol
[4/6/2022 10:11:49] !aol
[4/6/2022 10:11:56] !aol
[4/6/2022 10:11:59] !aol
[4/6/2022 10:12:2] !aol
[4/6/2022 10:12:5] !aol
[4/6/2022 10:12:8] !aol
[4/6/2022 10:12:12] !aol
[4/6/2022 10:12:15] !aol
[4/6/2022 10:12:21] !aol
[4/6/2022 10:12:24] !aol
[4/6/2022 10:12:28] !aol
[4/6/2022 10:12:31] !aol
[4/6/2022 10:12:34] !aol
[4/6/2022 10:12:37] !aol
[4/6/2022 10:12:40] !aol
[4/6/2022 10:12:44] !aol
[4/6/2022 10:12:47] !aol
[4/6/2022 10:12:50] !aol
[4/6/2022 10:12:53] !aol
[4/6/2022 10:12:56] !aol
[4/6/2022 10:13:0] !aol
[4/6/2022 10:13:6] !aol
[4/6/2022 10:13:9] !aol
[4/6/2022 10:13:13] !aol
[4/6/2022 10:13:16] !aol
[4/6/2022 10:13:19] !aol
[4/6/2022 10:13:22] !aol
[4/6/2022 10:13:29] !aol
[4/6/2022 10:13:32] !aol
[4/6/2022 10:13:35] !aol
[4/6/2022 10:13:38] !aol
[4/6/2022 10:13:41] !aol
[4/6/2022 10:13:45] !aol
[4/6/2022 10:13:48] !aol
[4/6/2022 10:13:54] !aol
[4/6/2022 10:13:57] !aol
[4/6/2022 10:14:1] !aol
[4/6/2022 10:14:4] !aol
[4/6/2022 10:14:7] !aol
[4/6/2022 10:14:10] !aol
[4/6/2022 10:14:17] !aol
[4/6/2022 10:14:20] !aol
[4/6/2022 10:14:23] !aol
[4/6/2022 10:14:26] !aol
[4/6/2022 10:14:29] !aol
[4/6/2022 10:14:33] !aol
[4/6/2022 10:14:39] !aol
[4/6/2022 10:14:42] !aol
[4/6/2022 10:14:45] !aol
[4/6/2022 10:14:49] !aol
[4/6/2022 10:14:52] !aol
[4/6/2022 10:14:55] !aol
[4/6/2022 10:15:1] !aol
[4/6/2022 10:15:5] !aol
[4/6/2022 10:15:8] !aol
[4/6/2022 10:15:11] !aol
[4/6/2022 10:15:14] !aol
[4/6/2022 10:15:17] !aol
[4/6/2022 10:15:21] !aol
[4/6/2022 10:15:27] !aol
[4/6/2022 10:15:30] !aol
[4/6/2022 10:15:33] !aol
[4/6/2022 10:15:37] !aol
[4/6/2022 10:15:40] !aol
[4/6/2022 10:15:43] !aol
[4/6/2022 10:15:49] !aol
[4/6/2022 10:15:53] !aol
[4/6/2022 10:15:56] !aol
[4/6/2022 10:15:59] !aol
[4/6/2022 10:16:2] !aol
[4/6/2022 10:16:5] !aol
[4/6/2022 10:16:12] !aol
[4/6/2022 10:16:15] !aol
[4/6/2022 10:16:18] !aol
[4/6/2022 10:16:21] !aol
[4/6/2022 10:16:25] !aol
[4/6/2022 10:16:28] !aol
[4/6/2022 10:16:34] !aol
[4/6/2022 10:16:38] !aol
[4/6/2022 10:16:41] !aol
[4/6/2022 10:16:44] !aol
[4/6/2022 10:16:47] !aol
[4/6/2022 10:16:50] !aol
[4/6/2022 10:16:54] !aol
[4/6/2022 10:17:0] !aol
[4/6/2022 10:17:3] !aol
[4/6/2022 10:17:6] !aol
[4/6/2022 10:17:10] !aol
[4/6/2022 10:17:13] !aol
[4/6/2022 10:17:16] !aol
[4/6/2022 10:17:22] !aol
[4/6/2022 10:17:26] !aol
[4/6/2022 10:17:29] !aol
[4/6/2022 10:17:32] !aol
[4/6/2022 10:17:35] !aol
[4/6/2022 10:17:38] !aol
[4/6/2022 10:17:42] !aol
[4/6/2022 10:17:45] !aol
[4/6/2022 10:17:48] !aol
[4/6/2022 10:17:51] !aol
[4/6/2022 10:17:54] !aol
[4/6/2022 10:17:58] !aol
[4/6/2022 10:18:1] !aol
[4/6/2022 10:18:7] !aol
[4/6/2022 10:18:10] !aol
[4/6/2022 10:18:14] !aol
[4/6/2022 10:18:17] !aol
[4/6/2022 10:18:20] !aol
[4/6/2022 10:18:23] !aol
[4/6/2022 10:18:26] !aol
[4/6/2022 10:18:33] !aol
[4/6/2022 10:18:36] !aol
[4/6/2022 10:18:39] !aol
[4/6/2022 10:18:42] !aol
[4/6/2022 10:18:46] !aol
[4/6/2022 10:18:49] !aol
[4/6/2022 10:18:55] !aol
[4/6/2022 10:18:58] !aol
[4/6/2022 10:19:2] !aol
[4/6/2022 10:19:5] !aol
[4/6/2022 10:19:8] !aol
[4/6/2022 10:19:11] !aol
[4/6/2022 10:19:15] !aol
[4/6/2022 10:19:18] !aol
[4/6/2022 10:19:21] !aol
[4/6/2022 10:19:24] !aol
[4/6/2022 10:19:27] !aol
[4/6/2022 10:19:31] !aol
[4/6/2022 10:19:34] !aol
[4/6/2022 10:19:40] !aol
[4/6/2022 10:19:43] !aol
[4/6/2022 10:19:47] !aol
[4/6/2022 10:19:50] !aol
[4/6/2022 10:19:53] !aol
[4/6/2022 10:19:56] !aol
[4/6/2022 10:19:59] !aol
[4/6/2022 10:20:3] !aol
[4/6/2022 10:20:6] !aol
[4/6/2022 10:20:9] !aol
[4/6/2022 10:20:12] !aol
[4/6/2022 10:20:15] !aol
[4/6/2022 10:20:19] !aol
[4/6/2022 10:20:22] !aol
[4/6/2022 10:20:28] !aol
[4/6/2022 10:20:31] !aol
[4/6/2022 10:20:35] !aol
[4/6/2022 10:20:38] !aol
[4/6/2022 10:20:41] !aol
[4/6/2022 10:20:44] !aol
[4/6/2022 10:20:47] !aol
[4/6/2022 10:20:51] !aol
[4/6/2022 10:20:54] !aol
[4/6/2022 10:20:57] !aol
[4/6/2022 10:21:0] !aol
[4/6/2022 10:21:3] !aol
[4/6/2022 10:21:7] !aol
[4/6/2022 10:21:13] !aol
[4/6/2022 10:21:16] !aol
[4/6/2022 10:21:19] !aol
[4/6/2022 10:21:23] !aol
[4/6/2022 10:21:26] !aol
[4/6/2022 10:21:29] !aol
[4/6/2022 10:21:32] !aol
[4/6/2022 10:21:35] !aol
[4/6/2022 10:21:39] !aol
[4/6/2022 10:21:42] !aol
[4/6/2022 10:21:45] !aol
[4/6/2022 10:21:48] !aol
[4/6/2022 10:21:51] !aol
[4/6/2022 10:21:55] !aol
[4/6/2022 10:22:1] !aol
[4/6/2022 10:22:4] !aol
[4/6/2022 10:22:7] !aol
[4/6/2022 10:22:11] !aol
[4/6/2022 10:22:14] !aol
[4/6/2022 10:22:17] !aol
[4/6/2022 10:22:23] !aol
[4/6/2022 10:22:27] !aol
[4/6/2022 10:22:30] !aol
[4/6/2022 10:22:33] !aol
[4/6/2022 10:22:36] !aol
[4/6/2022 10:22:40] !aol
[4/6/2022 10:22:46] !aol
[4/6/2022 10:22:49] !aol
[4/6/2022 10:22:52] !aol
[4/6/2022 10:22:56] !aol
[4/6/2022 10:22:59] !aol
[4/6/2022 10:23:2] !aol
[4/6/2022 10:23:8] !aol
[4/6/2022 10:23:12] !aol
[4/6/2022 10:23:15] !aol
[4/6/2022 10:23:18] !aol
[4/6/2022 10:23:21] !aol
[4/6/2022 10:23:24] !aol
[4/6/2022 10:23:28] !aol
[4/6/2022 10:23:34] !aol
[4/6/2022 10:23:37] !aol
[4/6/2022 10:23:40] !aol
[4/6/2022 10:23:44] !aol
[4/6/2022 10:23:50] !aol
[4/6/2022 10:23:56] !aol
[4/6/2022 10:24:0] !aol
[4/6/2022 10:24:3] !aol
[4/6/2022 10:24:6] !aol
[4/6/2022 10:24:9] !aol
[4/6/2022 10:24:12] !aol
[4/6/2022 10:24:19] !aol
[4/6/2022 10:24:22] !aol
[4/6/2022 10:24:25] !aol
[4/6/2022 10:24:28] !aol
[4/6/2022 10:24:32] !aol
[4/6/2022 10:24:35] !aol
[4/6/2022 10:24:41] !aol
[4/6/2022 10:24:44] !aol
[4/6/2022 10:24:48] !aol
[4/6/2022 10:24:51] !aol
[4/6/2022 10:24:54] !aol
[4/6/2022 10:24:57] !aol
[4/6/2022 10:25:0] !aol
[4/6/2022 10:25:7] !aol
[4/6/2022 10:25:10] !aol
[4/6/2022 10:25:13] !aol
[4/6/2022 10:25:16] !aol
[4/6/2022 10:25:20] !aol
[4/6/2022 10:25:23] !aol
[4/6/2022 10:25:29] !aol
[4/6/2022 10:25:32] !aol
[4/6/2022 10:25:36] !aol
[4/6/2022 10:25:39] !aol
[4/6/2022 10:25:42] !aol
[4/6/2022 10:25:45] !aol
[4/6/2022 10:25:48] !aol
[4/6/2022 10:25:52] !aol
[4/6/2022 10:25:55] !aol
[4/6/2022 10:25:58] !aol
[4/6/2022 10:26:1] !aol
[4/6/2022 10:26:5] !aol
[4/6/2022 10:26:8] !aol
[4/6/2022 10:26:14] !aol
[4/6/2022 10:26:17] !aol
[4/6/2022 10:26:21] !aol
[4/6/2022 10:26:24] !aol
[4/6/2022 10:26:27] !aol
[4/6/2022 10:26:30] !aol
[4/6/2022 10:26:33] !aol
[4/6/2022 10:26:40] !aol
[4/6/2022 10:26:43] !aol
[4/6/2022 10:26:46] !aol
[4/6/2022 10:26:49] !aol
[4/6/2022 10:26:53] !aol
[4/6/2022 10:26:56] !aol
[4/6/2022 10:27:2] !aol
[4/6/2022 10:27:5] !aol
[4/6/2022 10:27:9] !aol
[4/6/2022 10:27:12] !aol
[4/6/2022 10:27:15] !aol
[4/6/2022 10:27:18] !aol
[4/6/2022 10:27:21] !aol
[4/6/2022 10:27:25] !aol
[4/6/2022 10:27:28] !aol
[4/6/2022 10:27:31] !aol
[4/6/2022 10:27:34] !aol
[4/6/2022 10:27:37] !aol
[4/6/2022 10:27:41] !aol
[4/6/2022 10:27:47] !aol
[4/6/2022 10:27:50] !aol
[4/6/2022 10:27:53] !aol
[4/6/2022 10:27:57] !aol
[4/6/2022 10:28:0] !aol
[4/6/2022 10:28:3] !aol
[4/6/2022 10:28:6] !aol
[4/6/2022 10:28:9] !aol
[4/6/2022 10:28:13] !aol
[4/6/2022 10:28:16] !aol
[4/6/2022 10:28:19] !aol
[4/6/2022 10:28:22] !aol
[4/6/2022 10:28:25] !aol
[4/6/2022 10:28:29] !aol
[4/6/2022 10:28:35] !aol
[4/6/2022 10:28:38] !aol
[4/6/2022 10:28:41] !aol
[4/6/2022 10:28:45] !aol
[4/6/2022 10:28:48] !aol
[4/6/2022 10:28:51] !aol
[4/6/2022 10:28:54] !aol
[4/6/2022 10:28:57] !aol
[4/6/2022 10:29:1] !aol
[4/6/2022 10:29:4] !aol
[4/6/2022 10:29:7] !aol
[4/6/2022 10:29:10] !aol
[4/6/2022 10:29:13] !aol
[4/6/2022 10:29:20] !aol
[4/6/2022 10:29:23] !aol
[4/6/2022 10:29:26] !aol
[4/6/2022 10:29:30] !aol
[4/6/2022 10:29:33] !aol
[4/6/2022 10:29:36] !aol
[4/6/2022 10:29:42] !aol
[4/6/2022 10:29:46] !aol
[4/6/2022 10:29:49] !aol
[4/6/2022 10:29:52] !aol
[4/6/2022 10:29:55] !aol
[4/6/2022 10:29:58] !aol
[4/6/2022 10:30:2] !aol
[4/6/2022 10:30:8] !aol
[4/6/2022 10:30:11] !aol
[4/6/2022 10:30:14] !aol
[4/6/2022 10:30:18] !aol
[4/6/2022 10:30:21] !aol
[4/6/2022 10:30:24] !aol
[4/6/2022 10:30:27] !aol
[4/6/2022 10:30:30] !aol
[4/6/2022 10:30:34] !aol
[4/6/2022 10:30:37] !aol
[4/6/2022 10:30:40] !aol
[4/6/2022 10:30:43] !aol
[4/6/2022 10:30:47] !aol
[4/6/2022 10:30:53] !aol
[4/6/2022 10:30:56] !aol
[4/6/2022 10:30:59] !aol
[4/6/2022 10:31:2] !aol
[4/6/2022 10:31:6] !aol
[4/6/2022 10:31:9] !aol
[4/6/2022 10:31:15] !aol
[4/6/2022 10:31:18] !aol
[4/6/2022 10:31:22] !aol
[4/6/2022 10:31:25] !aol
[4/6/2022 10:31:28] !aol
[4/6/2022 10:31:31] !aol
[4/6/2022 10:31:34] !aol
[4/6/2022 10:31:41] !aol
[4/6/2022 10:31:44] !aol
[4/6/2022 10:31:47] !aol
[4/6/2022 10:31:50] !aol
[4/6/2022 10:31:54] !aol
[4/6/2022 10:31:57] !aol
[4/6/2022 10:32:3] !aol
[4/6/2022 10:32:6] !aol
[4/6/2022 10:32:10] !aol
[4/6/2022 10:32:13] !aol
[4/6/2022 10:32:16] !aol
[4/6/2022 10:32:19] !aol
[4/6/2022 10:32:23] !aol
[4/6/2022 10:32:26] !aol
[4/6/2022 10:32:29] !aol
[4/6/2022 10:32:32] !aol
[4/6/2022 10:32:35] !aol
[4/6/2022 10:32:39] !aol
[4/6/2022 10:32:42] !aol
[4/6/2022 10:32:48] !aol
[4/6/2022 10:32:51] !aol
[4/6/2022 10:32:55] !aol
[4/6/2022 10:32:58] !aol
[4/6/2022 10:33:1] !aol
[4/6/2022 10:33:4] !aol
[4/6/2022 10:33:7] !aol
[4/6/2022 10:33:11] !aol
[4/6/2022 10:33:14] !aol
[4/6/2022 10:33:17] !aol
[4/6/2022 10:33:20] !aol
[4/6/2022 10:33:23] !aol
[4/6/2022 10:33:27] !aol
[4/6/2022 10:33:30] !aol
[4/6/2022 10:33:36] !aol
[4/6/2022 10:33:39] !aol
[4/6/2022 10:33:43] !aol
[4/6/2022 10:33:46] !aol
[4/6/2022 10:33:49] !aol
[4/6/2022 10:33:52] !aol
[4/6/2022 10:33:55] !aol
[4/6/2022 10:33:59] !aol
[4/6/2022 10:34:2] !aol
[4/6/2022 10:34:5] !aol
[4/6/2022 10:34:8] !aol
[4/6/2022 10:34:11] !aol
[4/6/2022 10:34:15] !aol
[4/6/2022 10:34:21] !aol
[4/6/2022 10:34:24] !aol
[4/6/2022 10:34:27] !aol
[4/6/2022 10:34:31] !aol
[4/6/2022 10:34:34] !aol
[4/6/2022 10:34:37] !aol
[4/6/2022 10:34:40] !aol
[4/6/2022 10:34:43] !aol
[4/6/2022 10:34:47] !aol
[4/6/2022 10:34:50] !aol
[4/6/2022 10:34:53] !aol
[4/6/2022 10:34:56] !aol
[4/6/2022 10:35:0] !aol
[4/6/2022 10:35:3] !aol
[4/6/2022 10:35:9] !aol
[4/6/2022 10:35:12] !aol
[4/6/2022 10:35:16] !aol
[4/6/2022 10:35:19] !aol
[4/6/2022 10:35:22] !aol
[4/6/2022 10:35:25] !aol
[4/6/2022 10:35:28] !aol
[4/6/2022 10:35:32] !aol
[4/6/2022 10:35:35] !aol
[4/6/2022 10:35:38] !aol
[4/6/2022 10:35:41] !aol
[4/6/2022 10:35:44] !aol
[4/6/2022 10:35:48] !aol
[4/6/2022 10:35:54] !aol
[4/6/2022 10:35:57] !aol
[4/6/2022 10:36:0] !aol
[4/6/2022 10:36:4] !aol
[4/6/2022 10:36:10] !aol
[4/6/2022 10:36:16] !aol
[4/6/2022 10:36:20] !aol
[4/6/2022 10:36:23] !aol
[4/6/2022 10:36:26] !aol
[4/6/2022 10:36:29] !aol
[4/6/2022 10:36:32] !aol
[4/6/2022 10:36:36] !aol
[4/6/2022 10:36:42] !aol
[4/6/2022 10:36:45] !aol
[4/6/2022 10:36:48] !aol
[4/6/2022 10:36:52] !aol
[4/6/2022 10:36:55] !aol
[4/6/2022 10:36:58] !aol
[4/6/2022 10:37:4] !aol
[4/6/2022 10:37:8] !aol
[4/6/2022 10:37:11] !aol
[4/6/2022 10:37:14] !aol
[4/6/2022 10:37:17] !aol
[4/6/2022 10:37:20] !aol
[4/6/2022 10:37:27] !aol
[4/6/2022 10:37:30] !aol
[4/6/2022 10:37:33] !aol
[4/6/2022 10:37:36] !aol
[4/6/2022 10:37:40] !aol
[4/6/2022 10:37:43] !aol
[4/6/2022 10:37:49] !aol
[4/6/2022 10:37:52] !aol
[4/6/2022 10:37:56] !aol
[4/6/2022 10:37:59] !aol
[4/6/2022 10:38:2] !aol
[4/6/2022 10:38:5] !aol
[4/6/2022 10:38:8] !aol
[4/6/2022 10:38:12] !aol
[4/6/2022 10:38:15] !aol
[4/6/2022 10:38:18] !aol
[4/6/2022 10:38:21] !aol
[4/6/2022 10:38:25] !aol
[4/6/2022 10:38:28] !aol
[4/6/2022 10:38:31] !aol
[4/6/2022 10:38:37] !aol
[4/6/2022 10:38:41] !aol
[4/6/2022 10:38:44] !aol
[4/6/2022 10:38:47] !aol
[4/6/2022 10:38:50] !aol
[4/6/2022 10:38:53] !aol
[4/6/2022 10:38:57] !aol
[4/6/2022 10:39:0] !aol
[4/6/2022 10:39:3] !aol
[4/6/2022 10:39:6] !aol
[4/6/2022 10:39:9] !aol
[4/6/2022 10:39:13] !aol
[4/6/2022 10:39:16] !aol
[4/6/2022 10:39:22] !aol
[4/6/2022 10:39:25] !aol
[4/6/2022 10:39:29] !aol
[4/6/2022 10:39:32] !aol
[4/6/2022 10:39:35] !aol
[4/6/2022 10:39:38] !aol
[4/6/2022 10:39:41] !aol
[4/6/2022 10:39:45] !aol
[4/6/2022 10:39:48] !aol
[4/6/2022 10:39:51] !aol
[4/6/2022 10:39:54] !aol
[4/6/2022 10:39:57] !aol
[4/6/2022 10:40:1] !aol
[4/6/2022 10:40:4] !aol
[4/6/2022 10:40:10] !aol
[4/6/2022 10:40:13] !aol
[4/6/2022 10:40:17] !aol
[4/6/2022 10:40:20] !aol
[4/6/2022 10:40:23] !aol
[4/6/2022 10:40:26] !aol
[4/6/2022 10:40:29] !aol
[4/6/2022 10:40:33] !aol
[4/6/2022 10:40:36] !aol
[4/6/2022 10:40:39] !aol
[4/6/2022 10:40:42] !aol
[4/6/2022 10:40:45] !aol
[4/6/2022 10:40:49] !aol
[4/6/2022 10:40:55] !aol
[4/6/2022 10:40:58] !aol
[4/6/2022 10:41:1] !aol
[4/6/2022 10:41:5] !aol
[4/6/2022 10:41:8] !aol
[4/6/2022 10:41:11] !aol
[4/6/2022 10:41:17] !aol
[4/6/2022 10:41:21] !aol
[4/6/2022 10:41:24] !aol
[4/6/2022 10:41:27] !aol
[4/6/2022 10:41:30] !aol
[4/6/2022 10:41:34] !aol
[4/6/2022 10:41:37] !aol
[4/6/2022 10:41:43] !aol
[4/6/2022 10:41:46] !aol
[4/6/2022 10:41:50] !aol
[4/6/2022 10:41:53] !aol
[4/6/2022 10:41:56] !aol
[4/6/2022 10:41:59] !aol
[4/6/2022 10:44:25] !aol
[4/6/2022 10:57:23] !emotespells on
[4/6/2022 11:8:48] !emotespells on
[4/6/2022 11:21:54] !emotespells on
[4/6/2022 11:34:28] !emotespells on
[4/6/2022 11:47:11] !emotespells on
[4/6/2022 11:55:8] !emotespells on
[4/6/2022 12:0:56] !emotespells on
[4/6/2022 12:7:43] !emotespells on
[4/6/2022 12:15:58] !emotespells on
[4/6/2022 12:22:38] !emotespells on
[4/6/2022 12:29:26] !emotespells on
[4/6/2022 12:35:54] !emotespells on
[4/6/2022 12:43:8] !emotespells on
[4/6/2022 12:51:51] !emotespells on
[4/6/2022 12:59:28] !emotespells on
[4/6/2022 13:7:20] !emotespells on
[4/6/2022 13:7:52] !emotespells on
[4/6/2022 13:15:40] !emotespells on
[4/6/2022 13:25:28] !emotespells on
[4/6/2022 13:32:9] !emotespells on
[4/6/2022 13:39:21] !emotespells on
[4/6/2022 13:47:2] !emotespells on
[4/6/2022 14:20:0] !aol
[4/6/2022 15:14:14] !emotespells on
[4/6/2022 15:23:16] !emotespells on
[4/6/2022 15:27:21] !emotespells on
[4/6/2022 15:29:41] !emotespells on
[4/6/2022 15:33:6] !emotespells on
[4/6/2022 15:37:28] !emotespells on
[4/6/2022 15:42:47] !emotespells on
[4/6/2022 15:48:17] !emotespells on
[4/6/2022 15:56:30] !emotespells on
[4/6/2022 15:57:20] !emotespells on
[4/6/2022 15:57:47] !emotespells on
[4/6/2022 15:58:13] !emotespells on
[4/6/2022 15:58:41] !emotespells on
[4/6/2022 15:59:7] !emotespells on
[4/6/2022 15:59:33] !emotespells on
[4/6/2022 16:0:1] !emotespells on
[4/6/2022 16:0:31] !emotespells on
[4/6/2022 16:1:0] !emotespells on
[4/6/2022 16:1:30] !emotespells on
[4/6/2022 16:2:2] !emotespells on
[4/6/2022 16:2:33] !emotespells on
[4/6/2022 16:3:5] !emotespells on
[4/6/2022 16:3:35] !emotespells on
[4/6/2022 16:4:6] !emotespells on
[4/6/2022 16:4:36] !emotespells on
[4/6/2022 16:5:7] !emotespells on
[4/6/2022 16:5:37] !emotespells on
[4/6/2022 16:6:7] !emotespells on
[4/6/2022 16:6:40] !emotespells on
[4/6/2022 16:7:10] !emotespells on
[4/6/2022 16:7:41] !emotespells on
[4/6/2022 16:50:23] !frags
[4/6/2022 17:17:33] !aol
[4/6/2022 17:31:16] !aol
[4/6/2022 17:44:19] !emotespells on
[4/6/2022 17:50:46] !emotespells on
[4/6/2022 17:54:49] !emotespells on
[4/6/2022 18:0:35] !emotespells on
[4/6/2022 18:5:17] !emotespells on
[4/6/2022 18:12:25] !emotespells on
[4/6/2022 18:17:55] !emotespells on
[4/6/2022 18:25:41] !emotespells on
[4/6/2022 18:30:1] !emotespells on
[4/6/2022 18:38:43] !emotespells on
[4/6/2022 18:47:13] !emotespells on
[4/6/2022 18:52:58] !emotespells on
[4/6/2022 18:58:40] !emotespells on
[4/6/2022 19:5:5] !emotespells on
[4/6/2022 19:11:31] !emotespells on
[4/6/2022 19:17:43] !emotespells on
[4/6/2022 19:24:19] !emotespells on
[4/6/2022 19:29:51] !emotespells on
[4/6/2022 19:36:20] !emotespells on
[4/6/2022 19:42:10] !emotespells on
[4/6/2022 19:47:17] !emotespells on
[4/6/2022 19:53:8] !emotespells on
[4/6/2022 19:58:7] !emotespells on
[4/6/2022 20:3:40] !emotespells on
[4/6/2022 20:10:4] !emotespells on
[4/6/2022 20:18:20] !emotespells on
[4/6/2022 20:24:6] !emotespells on
[4/6/2022 20:32:37] !emotespells on
[4/6/2022 20:35:41] !emotespells on
[4/6/2022 20:41:42] !emotespells on
[4/6/2022 20:48:36] !emotespells on
[4/6/2022 20:53:28] !emotespells on
[4/6/2022 21:0:41] !emotespells on
[4/6/2022 21:7:39] !emotespells on
[4/6/2022 21:14:34] !emotespells on
[4/6/2022 21:24:9] !emotespells on
[4/6/2022 21:34:3] !emotespells on
[4/6/2022 21:40:43] !emotespells on
[4/6/2022 21:44:40] !emotespells on
[4/6/2022 21:53:30] !emotespells on
[4/6/2022 21:59:30] !emotespells on
[4/6/2022 22:4:43] !emotespells on
[4/6/2022 22:12:19] !emotespells on
[4/6/2022 22:25:56] !emotespells on
[4/6/2022 22:37:36] !emotespells on
[4/6/2022 22:54:5] !emotespells on
[5/6/2022 1:0:54] !emotespells on
[5/6/2022 8:45:53] !emotespells on
[5/6/2022 9:23:16] !emotespells on
[5/6/2022 9:35:49] !emotespells on
[5/6/2022 9:48:12] !emotespells on
[5/6/2022 10:1:5] !emotespells on
[5/6/2022 10:14:36] !emotespells on
[5/6/2022 10:28:25] !emotespells on
[5/6/2022 10:42:53] !emotespells on
[5/6/2022 10:55:52] !emotespells on
[5/6/2022 11:8:42] !emotespells on
[5/6/2022 11:21:4] !emotespells on
[5/6/2022 11:33:5] !emotespells on
[5/6/2022 11:45:13] !emotespells on
[5/6/2022 11:58:48] !emotespells on
[5/6/2022 12:14:12] !emotespells on
[5/6/2022 12:27:8] !emotespells on
[5/6/2022 12:38:57] !emotespells on
[5/6/2022 12:46:12] !emotespells on
[5/6/2022 12:53:52] !emotespells on
[5/6/2022 13:1:24] !emotespells on
[5/6/2022 13:9:6] !emotespells on
[5/6/2022 13:17:5] !emotespells on
[5/6/2022 13:18:1] !emotespells on
[5/6/2022 13:26:37] !emotespells on
[5/6/2022 13:37:24] !emotespells on
[5/6/2022 13:45:16] !emotespells on
[5/6/2022 13:53:29] !emotespells on
[5/6/2022 14:1:29] !emotespells on
[5/6/2022 14:9:37] !emotespells on
[5/6/2022 14:18:8] !emotespells on
[5/6/2022 14:27:53] !emotespells on
[5/6/2022 14:41:36] !emotespells on
[5/6/2022 14:53:36] !emotespells on
[5/6/2022 15:2:2] !emotespells on
[5/6/2022 15:12:5] !emotespells on
[5/6/2022 15:20:6] !emotespells on
[5/6/2022 15:27:59] !emotespells on
[5/6/2022 15:36:0] !emotespells on
[5/6/2022 15:44:8] !emotespells on
[5/6/2022 15:52:31] !emotespells on
[5/6/2022 16:3:21] !emotespells on
[5/6/2022 16:12:20] !emotespells on
[5/6/2022 16:20:55] !emotespells on
[5/6/2022 16:32:28] !aol
[5/6/2022 16:32:56] !emotespells on
[5/6/2022 16:58:45] !emotespells on
[5/6/2022 17:7:24] !emotespells on
[5/6/2022 17:15:8] !emotespells on
[5/6/2022 17:16:2] !emotespells on
[5/6/2022 17:23:29] !emotespells on
[5/6/2022 17:31:7] !emotespells on
[5/6/2022 17:40:39] !emotespells on
[5/6/2022 17:48:27] !emotespells on
[5/6/2022 17:56:29] !emotespells on
[5/6/2022 18:4:0] !emotespells on
[5/6/2022 18:11:27] !emotespells on
[5/6/2022 18:19:20] !emotespells on
[5/6/2022 18:28:40] !emotespells on
[5/6/2022 18:36:41] !emotespells on
[5/6/2022 18:44:33] !emotespells on
[5/6/2022 18:51:49] !emotespells on
[5/6/2022 18:52:28] !emotespells on
[5/6/2022 18:58:56] !emotespells on
[5/6/2022 19:6:9] !emotespells on
[5/6/2022 19:47:15] !aol
[6/6/2022 5:52:50] !aol
[6/6/2022 6:9:50] !emotespells on
[6/6/2022 6:24:18] !emotespells on
[6/6/2022 6:38:49] !emotespells on
[6/6/2022 6:51:38] !aol
[6/6/2022 6:52:7] !emotespells on
[6/6/2022 7:11:6] !emotespells on
[6/6/2022 7:26:8] !emotespells on
[6/6/2022 7:33:31] !emotespells on
[6/6/2022 7:49:44] !emotespells on
[6/6/2022 8:16:25] !emotespells on
[6/6/2022 8:28:46] !emotespells on
[6/6/2022 8:50:0] !emotespells on
[6/6/2022 9:2:12] !emotespells on
[6/6/2022 9:13:17] !emotespells on
[6/6/2022 9:26:17] !emotespells on
[6/6/2022 9:37:40] !emotespells on
[6/6/2022 9:49:15] !emotespells on
[6/6/2022 10:2:17] !emotespells on
[6/6/2022 10:14:57] !emotespells on
[6/6/2022 10:26:27] !emotespells on
[6/6/2022 10:38:45] !emotespells on
[6/6/2022 10:53:31] !emotespells on
[6/6/2022 11:2:28] !emotespells on
[6/6/2022 11:12:7] !emotespells on
[6/6/2022 11:19:29] !emotespells on
[6/6/2022 11:27:53] !emotespells on
[6/6/2022 11:37:42] !emotespells on
[6/6/2022 11:47:1] !emotespells on
[6/6/2022 12:0:21] !emotespells on
[6/6/2022 12:11:15] !emotespells on
[6/6/2022 12:20:1] !emotespells on
[6/6/2022 12:29:53] !emotespells on
[6/6/2022 12:38:39] !emotespells on
[6/6/2022 12:50:4] !emotespells on
[6/6/2022 13:0:39] !emotespells on
[6/6/2022 13:10:31] !emotespells on
[6/6/2022 13:21:30] !emotespells on
[6/6/2022 13:31:27] !emotespells on
[6/6/2022 13:44:54] !emotespells on
[6/6/2022 13:56:14] !emotespells on
[6/6/2022 14:9:54] !emotespells on
[6/6/2022 14:17:56] !emotespells on
[6/6/2022 14:26:15] !emotespells on
[6/6/2022 14:36:15] !emotespells on
[6/6/2022 14:47:1] !emotespells on
[6/6/2022 14:58:28] !emotespells on
[6/6/2022 15:8:27] !emotespells on
[6/6/2022 15:17:11] !emotespells on
[6/6/2022 15:25:46] !emotespells on
[6/6/2022 15:35:54] !emotespells on
[6/6/2022 15:46:14] !emotespells on
[6/6/2022 15:56:4] !emotespells on
[6/6/2022 16:7:11] !emotespells on
[6/6/2022 16:16:11] !emotespells on
[6/6/2022 16:25:41] !emotespells on
[6/6/2022 16:32:8] !emotespells on
[6/6/2022 16:41:8] !emotespells on
[6/6/2022 16:50:6] !emotespells on
[6/6/2022 16:51:0] !emotespells on
[6/6/2022 17:4:12] !emotespells on
[6/6/2022 17:18:19] !emotespells on
[6/6/2022 17:28:13] !emotespells on
[6/6/2022 17:39:4] !emotespells on
[6/6/2022 17:42:34] !emotespells on
[6/6/2022 17:47:53] !emotespells on
[6/6/2022 17:56:39] !emotespells on
[6/6/2022 18:6:33] !emotespells on
[6/6/2022 18:16:51] !emotespells on
[6/6/2022 18:28:30] !emotespells on
[6/6/2022 18:39:11] !emotespells on
[6/6/2022 18:48:58] !emotespells on
[6/6/2022 18:57:27] !emotespells on
[6/6/2022 19:4:24] !emotespells on
[6/6/2022 19:11:15] !emotespells on
[6/6/2022 19:18:21] !emotespells on
[6/6/2022 19:24:49] !emotespells on
[6/6/2022 19:32:13] !emotespells on
[6/6/2022 19:39:16] !emotespells on
[6/6/2022 19:44:43] !emotespells on
[6/6/2022 19:50:31] !emotespells on
[6/6/2022 19:57:7] !emotespells on
[6/6/2022 20:5:11] !emotespells on
[6/6/2022 20:12:1] !emotespells on
[6/6/2022 20:17:45] !aol
[6/6/2022 20:18:1] !emotespells on
[6/6/2022 20:27:5] !emotespells on
[6/6/2022 20:33:40] !emotespells on
[6/6/2022 20:39:44] !emotespells on
[6/6/2022 20:46:45] !emotespells on
[6/6/2022 20:47:38] !emotespells on
[6/6/2022 20:54:42] !emotespells on
[6/6/2022 21:3:38] !emotespells on
[6/6/2022 21:8:44] !emotespells on
[6/6/2022 21:16:47] !emotespells on
[6/6/2022 21:27:44] !emotespells on
[6/6/2022 21:34:35] !emotespells on
[6/6/2022 21:42:52] !emotespells on
[6/6/2022 21:51:34] !emotespells on
[6/6/2022 21:57:41] !emotespells on
[6/6/2022 22:4:25] !emotespells on
[6/6/2022 22:10:35] !emotespells on
[6/6/2022 22:16:46] !emotespells on
[6/6/2022 22:23:25] !emotespells on
[6/6/2022 22:31:2] !emotespells on
[6/6/2022 22:38:56] !emotespells on
[6/6/2022 22:46:54] !emotespells on
[6/6/2022 22:54:49] !emotespells on
[6/6/2022 22:57:47] !emotespells on
[6/6/2022 23:3:57] !emotespells on
[6/6/2022 23:10:39] !emotespells on
[6/6/2022 23:17:50] !emotespells on
[6/6/2022 23:24:30] !emotespells on
[6/6/2022 23:31:49] !emotespells on
[6/6/2022 23:38:44] !emotespells on
[6/6/2022 23:45:15] !emotespells on
[6/6/2022 23:51:51] !emotespells on
[6/6/2022 23:58:6] !emotespells on
[7/6/2022 0:4:23] !emotespells on
[7/6/2022 0:11:19] !emotespells on
[7/6/2022 0:17:46] !emotespells on
[7/6/2022 0:24:43] !emotespells on
[7/6/2022 0:31:26] !emotespells on
[7/6/2022 0:39:0] !emotespells on
[7/6/2022 0:45:37] !emotespells on
[7/6/2022 0:52:10] !emotespells on
[7/6/2022 0:58:32] !emotespells on
[7/6/2022 1:5:36] !emotespells on
[7/6/2022 1:12:34] !emotespells on
[7/6/2022 1:19:6] !emotespells on
[7/6/2022 1:25:54] !emotespells on
[7/6/2022 1:32:49] !emotespells on
[7/6/2022 1:39:47] !emotespells on
[7/6/2022 1:46:45] !emotespells on
[7/6/2022 1:54:52] !emotespells on
[7/6/2022 2:6:42] !emotespells on
[7/6/2022 2:14:44] !emotespells on
[7/6/2022 2:22:3] !emotespells on
[7/6/2022 2:27:58] !emotespells on
[7/6/2022 2:33:16] !emotespells on
[7/6/2022 2:39:40] !emotespells on
[7/6/2022 2:46:26] !emotespells on
[7/6/2022 2:53:53] !emotespells on
[7/6/2022 3:1:57] !emotespells on
[7/6/2022 3:9:47] !emotespells on
[7/6/2022 3:17:9] !emotespells on
[7/6/2022 3:24:40] !emotespells on
[7/6/2022 3:27:49] !emotespells on
[7/6/2022 3:33:10] !emotespells on
[7/6/2022 3:39:44] !emotespells on
[7/6/2022 3:45:53] !emotespells on
[7/6/2022 3:52:15] !emotespells on
[7/6/2022 3:55:1] !emotespells on
[7/6/2022 4:0:20] !emotespells on
[7/6/2022 4:7:5] !emotespells on
[7/6/2022 4:13:55] !emotespells on
[7/6/2022 4:19:52] !emotespells on
[7/6/2022 4:20:43] !emotespells on
[7/6/2022 4:31:47] !emotespells on
[7/6/2022 4:39:35] !emotespells on
[7/6/2022 4:46:13] !emotespells on
[7/6/2022 4:52:56] !emotespells on
[7/6/2022 4:59:38] !emotespells on
[7/6/2022 5:21:25] !emotespells on
[7/6/2022 5:22:4] !emotespells on
[7/6/2022 5:29:4] !emotespells on
[7/6/2022 5:37:6] !emotespells on
[7/6/2022 5:45:59] !emotespells on
[7/6/2022 5:53:19] !emotespells on
[7/6/2022 6:0:21] !emotespells on
[7/6/2022 6:7:37] !emotespells on
[7/6/2022 6:13:39] !emotespells on
[7/6/2022 6:21:50] !emotespells on
[7/6/2022 6:34:43] !emotespells on
[7/6/2022 6:42:46] !emotespells on
[7/6/2022 6:49:26] !emotespells on
[7/6/2022 6:59:59] !emotespells on
[7/6/2022 7:9:8] !emotespells on
[7/6/2022 7:16:45] !emotespells on
[7/6/2022 7:23:47] !emotespells on
[7/6/2022 7:30:55] !emotespells on
[7/6/2022 7:38:52] !emotespells on
[7/6/2022 7:46:8] !emotespells on
[7/6/2022 7:53:17] !emotespells on
[7/6/2022 8:0:7] !emotespells on
[7/6/2022 8:6:58] !emotespells on
[7/6/2022 8:13:42] !emotespells on
[7/6/2022 8:20:14] !emotespells on
[7/6/2022 8:27:38] !emotespells on
[7/6/2022 8:34:51] !emotespells on
[7/6/2022 8:42:41] !emotespells on
[7/6/2022 8:49:51] !emotespells on
[7/6/2022 8:57:6] !emotespells on
[7/6/2022 9:2:43] !emotespells on
[7/6/2022 9:8:47] !emotespells on
[7/6/2022 9:14:48] !emotespells on
[7/6/2022 9:21:41] !emotespells on
[7/6/2022 9:29:15] !emotespells on
[7/6/2022 9:43:1] !emotespells on
[7/6/2022 9:52:26] !emotespells on
[7/6/2022 10:1:13] !emotespells on
[7/6/2022 10:9:52] !emotespells on
[7/6/2022 10:18:13] !emotespells on
[7/6/2022 10:25:27] !emotespells on
[7/6/2022 10:32:34] !emotespells on
[7/6/2022 10:39:37] !emotespells on
[7/6/2022 10:50:36] !emotespells on
[7/6/2022 10:57:52] !emotespells on
[7/6/2022 11:7:32] !emotespells on
[7/6/2022 11:15:46] !emotespells on
[7/6/2022 11:26:38] !emotespells on
[7/6/2022 11:34:2] !emotespells on
[7/6/2022 11:41:18] !emotespells on
[7/6/2022 11:50:7] !emotespells on
[7/6/2022 11:58:32] !emotespells on
[7/6/2022 12:11:0] !emotespells on
[7/6/2022 12:18:59] !emotespells on
[7/6/2022 12:27:45] !emotespells on
[7/6/2022 12:34:58] !emotespells on
[7/6/2022 12:49:38] !emotespells on
[7/6/2022 12:57:14] !emotespells on
[7/6/2022 21:3:44] !frags
[8/6/2022 6:32:19] !aol
[8/6/2022 6:42:49] !emotespells on
[8/6/2022 6:50:9] !emotespells on
[8/6/2022 6:53:44] !emotespells on
[8/6/2022 6:59:10] !emotespells on
[8/6/2022 7:8:52] !emotespells on
[8/6/2022 7:13:16] !emotespells on
[8/6/2022 7:18:26] !emotespells on
[8/6/2022 7:22:42] !emotespells on
[8/6/2022 7:32:11] !emotespells on
[8/6/2022 7:41:8] !emotespells on
[8/6/2022 7:44:37] !emotespells on
[8/6/2022 7:49:35] !emotespells on
[8/6/2022 7:57:59] !emotespells on
[8/6/2022 8:5:58] !emotespells on
[8/6/2022 8:9:42] !emotespells on
[8/6/2022 8:17:48] !emotespells on
[8/6/2022 8:22:58] !emotespells on
[8/6/2022 8:27:58] !emotespells on
[8/6/2022 8:35:8] !emotespells on
[8/6/2022 8:41:9] !emotespells on
[8/6/2022 8:49:13] !emotespells on
[8/6/2022 8:57:29] !emotespells on
[8/6/2022 9:4:20] !emotespells on
[8/6/2022 9:11:9] !emotespells on
[8/6/2022 9:16:10] !emotespells on
[8/6/2022 9:20:19] !emotespells on
[8/6/2022 9:26:15] !emotespells on
[8/6/2022 9:35:2] !emotespells on
[8/6/2022 9:40:25] !emotespells on
[8/6/2022 9:46:10] !emotespells on
[8/6/2022 9:54:50] !emotespells on
[8/6/2022 10:1:23] !emotespells on
[8/6/2022 10:6:0] !emotespells on
[8/6/2022 10:10:48] !emotespells on
[8/6/2022 10:15:40] !emotespells on
[8/6/2022 10:21:18] !emotespells on
[8/6/2022 10:27:37] !emotespells on
[8/6/2022 10:34:0] !emotespells on
[8/6/2022 10:38:43] !emotespells on
[8/6/2022 10:43:55] !emotespells on
[8/6/2022 10:48:21] !emotespells on
[8/6/2022 10:52:56] !emotespells on
[8/6/2022 10:59:5] !emotespells on
[8/6/2022 11:2:57] !emotespells on
[8/6/2022 11:16:19] !emotespells on
[8/6/2022 11:21:10] !emotespells on
[8/6/2022 11:29:8] !emotespells on
[8/6/2022 11:34:33] !emotespells on
[8/6/2022 11:41:19] !emotespells on
[8/6/2022 11:46:30] !emotespells on
[8/6/2022 11:53:4] !emotespells on
[8/6/2022 11:57:56] !emotespells on
[8/6/2022 12:2:58] !emotespells on
[8/6/2022 12:7:59] !emotespells on
[8/6/2022 12:12:32] !emotespells on
[8/6/2022 12:17:49] !emotespells on
[8/6/2022 12:23:3] !emotespells on
[8/6/2022 12:28:5] !emotespells on
[8/6/2022 12:35:9] !emotespells on
[8/6/2022 12:41:56] !emotespells on
[8/6/2022 12:46:31] !emotespells on
[8/6/2022 13:10:1] !aol
[8/6/2022 13:10:7] !emotespells on
[8/6/2022 13:20:11] !emotespells on
[8/6/2022 13:26:2] !emotespells on
[8/6/2022 13:30:25] !emotespells on
[8/6/2022 13:35:51] !emotespells on
[8/6/2022 13:42:45] !emotespells on
[8/6/2022 13:47:35] !emotespells on
[8/6/2022 13:53:21] !emotespells on
[8/6/2022 13:59:1] !emotespells on
[8/6/2022 14:13:31] !emotespells on
[8/6/2022 14:21:58] !emotespells on
[8/6/2022 14:25:51] !emotespells on
[8/6/2022 14:31:41] !emotespells on
[8/6/2022 14:37:42] !emotespells on
[8/6/2022 14:43:42] !emotespells on
[8/6/2022 14:48:4] !emotespells on
[8/6/2022 14:53:12] !emotespells on
[8/6/2022 14:58:12] !emotespells on
[8/6/2022 15:3:55] !emotespells on
[8/6/2022 15:8:27] !emotespells on
[8/6/2022 15:13:1] !emotespells on
[8/6/2022 15:17:47] !emotespells on
[8/6/2022 15:22:25] !emotespells on
[8/6/2022 15:30:6] !emotespells on
[8/6/2022 15:33:50] !emotespells on
[8/6/2022 15:43:19] !emotespells on
[8/6/2022 15:47:54] !emotespells on
[8/6/2022 15:52:32] !emotespells on
[8/6/2022 15:57:40] !emotespells on
[8/6/2022 16:3:29] !emotespells on
[8/6/2022 16:7:53] !emotespells on
[8/6/2022 16:13:59] !emotespells on
[8/6/2022 16:19:1] !emotespells on
[8/6/2022 16:32:2] !emotespells on
[8/6/2022 16:42:55] !emotespells on
[8/6/2022 16:55:0] !emotespells on
[8/6/2022 17:8:34] !emotespells on
[8/6/2022 17:19:29] !emotespells on
[8/6/2022 17:28:42] !emotespells on
[8/6/2022 17:43:57] !emotespells on
[8/6/2022 17:57:34] !emotespells on
[8/6/2022 18:6:50] !emotespells on
[8/6/2022 18:24:1] !emotespells on
[8/6/2022 18:38:6] !emotespells on
[8/6/2022 18:46:58] !emotespells on
[8/6/2022 18:55:31] !emotespells on
[8/6/2022 19:11:5] !emotespells on
[8/6/2022 19:18:10] !emotespells on
[8/6/2022 19:26:20] !emotespells on
[8/6/2022 19:42:52] !emotespells on
[8/6/2022 19:47:25] !emotespells on
[8/6/2022 20:2:56] !aol
[8/6/2022 20:7:30] !emotespells on
[9/6/2022 5:41:26] !emotespells on
[9/6/2022 5:57:21] !emotespells on
[9/6/2022 6:9:37] !emotespells on
[9/6/2022 6:13:6] !emotespells on
[9/6/2022 6:13:59] !emotespells on
[9/6/2022 6:28:10] !emotespells on
