[10/2/2022 20:23:30] !emotespells
[10/2/2022 20:23:35] !emotespells on
[10/2/2022 21:10:2] !aol
[10/2/2022 21:15:28] !aol
[11/2/2022 13:38:42] !aol
[11/2/2022 13:50:14] !aol
[11/2/2022 14:8:11] !aol
[11/2/2022 14:46:18] !aol
[11/2/2022 15:11:24] !aol
[11/2/2022 16:16:39] !aol
[13/2/2022 5:14:37] !aol
[19/2/2022 23:34:5] !addon Mage
[19/2/2022 23:35:8] !addon mage
[19/2/2022 23:35:49] !addon Assasin
[19/2/2022 23:36:8] !addon Warrior
[23/2/2022 23:0:0] !aol
[23/2/2022 23:28:42] !aol
[23/2/2022 23:48:30] !aol
[27/2/2022 20:59:23] !aol
[27/2/2022 21:2:11] 
[27/2/2022 21:42:41] !aol
[31/5/2022 23:53:49] !aol
[1/6/2022 0:17:54] !aol
[1/6/2022 0:26:11] !aol
[1/6/2022 0:44:0] !aol
[1/6/2022 11:41:5] !emotespells on
[1/6/2022 15:2:11] !aol
[1/6/2022 15:48:31] !aol
[2/6/2022 20:22:17] !aol
[3/6/2022 0:7:37] !aol
[3/6/2022 0:15:39] !aol
[3/6/2022 11:56:13] !aol
[3/6/2022 13:17:4] !aol
[3/6/2022 18:4:59] !aol
[4/6/2022 0:28:26] !aol
[4/6/2022 0:32:8] !aol
[4/6/2022 9:54:45] !aol
[5/6/2022 22:2:59] !aol
[5/6/2022 23:36:32] !aol
[5/6/2022 23:48:17] !aol
[5/6/2022 23:49:49] !aol
[5/6/2022 23:58:45] !aol
[6/6/2022 0:8:44] !aol
[6/6/2022 0:22:38] !aol
[6/6/2022 0:28:31] !aol
[6/6/2022 0:52:34] !aol
[6/6/2022 1:27:33] !aol
[6/6/2022 11:39:11] !aol
[8/6/2022 15:27:3] !aol
