[31/5/2022 20:7:4] !online
[31/5/2022 20:31:46] !aol
[31/5/2022 20:33:11] !emotespells on
[31/5/2022 20:43:25] !rank level
[31/5/2022 21:13:27] !aol
[31/5/2022 21:21:7] !aol
[31/5/2022 21:22:31] !aol
[31/5/2022 23:43:5] !aol
[1/6/2022 0:14:30] !aol
[1/6/2022 0:33:42] !rank level
[1/6/2022 1:41:36] !aol
[1/6/2022 2:7:46] !aol
[1/6/2022 2:16:38] !aol
[1/6/2022 4:16:14] !rank axe
[1/6/2022 13:31:35] !online
[1/6/2022 14:24:5] !rank axe
[1/6/2022 15:6:23] !rank level
[1/6/2022 17:13:56] !emotespells on
[1/6/2022 17:44:36] !rank level
[1/6/2022 18:50:59] !rank level
[1/6/2022 19:0:22] !rank level
[1/6/2022 19:4:18] !rank level
[1/6/2022 19:10:11] !rank level
[1/6/2022 19:16:10] !rank level
[1/6/2022 19:22:8] !rank level
[1/6/2022 19:26:18] !rank level
[2/6/2022 3:40:4] !rank level
[2/6/2022 4:3:13] !serverinfo
[2/6/2022 6:23:13] !aol
[2/6/2022 22:58:10] !frags
[3/6/2022 1:23:45] !online
[3/6/2022 2:20:8] !frags
[3/6/2022 3:26:17] !aol
[3/6/2022 4:40:27] !frags
[3/6/2022 19:17:14] !rank level
[3/6/2022 19:27:25] !rank level
[3/6/2022 19:28:49] !rank level
[4/6/2022 0:56:15] !frags
[5/6/2022 4:34:22] !frags
[5/6/2022 20:51:21] !frags
[6/6/2022 16:9:31] !rank level
[6/6/2022 17:1:33] !rank level
[6/6/2022 17:2:33] !rank level
[6/6/2022 18:20:35] !rank level
[6/6/2022 19:44:50] !frags
[6/6/2022 19:48:1] !rank level
[7/6/2022 0:18:39] !frags
[7/6/2022 12:31:55] !rank level
[7/6/2022 15:28:57] !rank level
[7/6/2022 18:19:43] !rank level
[7/6/2022 18:43:51] !rank level
[7/6/2022 19:31:57] !rank level
[7/6/2022 21:14:50] !online
[8/6/2022 12:9:48] !rank axe
[8/6/2022 12:26:21] !rank axe
[8/6/2022 12:26:33] !rank magic
[8/6/2022 14:25:51] !frags
[8/6/2022 14:44:13] !rank level
[8/6/2022 20:32:24] !aol
[9/6/2022 0:29:31] !rank level
