[11/12/2021 8:23:5] !online
[14/12/2021 8:24:57] !online
[14/12/2021 8:47:10] !emotespells off
[15/12/2021 10:5:53] !online
[1/6/2022 8:37:18] !serverinfo
[1/6/2022 9:2:22] !aol
[1/6/2022 13:7:24] !aol
[1/6/2022 13:9:17] !aol
[1/6/2022 13:56:42] !aol
[1/6/2022 14:29:15] !aol
[1/6/2022 14:44:48] !aol
[1/6/2022 16:15:56] !aol
[2/6/2022 8:37:39] !aol
[2/6/2022 8:53:8] !online
[2/6/2022 9:51:7] !aol
[2/6/2022 9:52:22] !aol
[2/6/2022 11:25:31] !aol
[2/6/2022 13:55:53] !buyhouse
[3/6/2022 8:19:30]  exevo gran mas flam
[3/6/2022 8:19:32]  exevo gran mas flam
[3/6/2022 8:19:35]  exevo gran mas flam
[3/6/2022 8:19:37]  exevo gran mas flam
[3/6/2022 8:19:39]  exevo gran mas flam
[3/6/2022 8:19:41]  exevo gran mas flam
[3/6/2022 8:19:43]  exevo gran mas flam
[3/6/2022 8:19:45]  exevo gran mas flam
[3/6/2022 8:19:48]  exevo gran mas flam
[3/6/2022 8:19:50]  exevo gran mas flam
[3/6/2022 8:19:52]  exevo gran mas flam
[3/6/2022 8:19:54]  exevo gran mas flam
[3/6/2022 8:19:56]  exevo gran mas flam
[3/6/2022 8:19:59]  exevo gran mas flam
[3/6/2022 8:20:1]  exevo gran mas flam
[3/6/2022 8:20:3]  exevo gran mas flam
[3/6/2022 8:20:5]  exevo gran mas flam
[3/6/2022 8:20:7]  exevo gran mas flam
[3/6/2022 8:20:9]  exevo gran mas flam
[3/6/2022 8:20:13]  exevo gran mas flam
[3/6/2022 8:20:15]  exevo gran mas flam
[3/6/2022 8:21:3]  exevo gran mas flam
[3/6/2022 8:21:5]  exevo gran mas flam
[3/6/2022 13:14:49] !rank magic
[3/6/2022 14:22:48] !aol
[3/6/2022 14:25:57] !aol
[3/6/2022 15:14:50] !aol
[3/6/2022 15:21:3] !frags
[6/6/2022 13:36:32] !online
