[11/2/2022 0:50:19] !rank distance
[11/2/2022 8:11:25] !rank distance
[11/2/2022 9:35:22] !rank distance
[11/2/2022 10:56:44] !rank distance
[11/2/2022 11:51:49] !rank distance
[11/2/2022 19:8:10] !aol
[11/2/2022 19:26:1] !rank distance
[11/2/2022 23:14:14] !rank distance
[11/2/2022 23:36:49] !rank distance
[12/2/2022 6:0:3] !rank distance
[12/2/2022 10:34:32] !rank distance
[12/2/2022 11:50:48] !rank distance
[12/2/2022 12:11:59] !rank distance
[12/2/2022 13:45:53] !rank distance
[12/2/2022 15:22:5] !rank distance
[12/2/2022 17:57:42] !rank distance
[12/2/2022 19:24:24] !rank distance
[12/2/2022 22:32:26] !rank distance
[13/2/2022 0:25:48] !addon warmaster
[13/2/2022 0:25:57] !addon warmaster
[13/2/2022 0:28:2] !addon warmaster
[13/2/2022 0:29:18] !addon warmaster
[13/2/2022 0:53:33] !rank distance
[13/2/2022 7:35:29] !rank distance
[13/2/2022 7:57:21] !rank distance
[13/2/2022 8:17:56] !rank distance
[13/2/2022 10:10:47] !rank distance
[13/2/2022 11:21:32] !emotespells
[13/2/2022 11:21:48] !emotespells 
[13/2/2022 11:22:2] !emotespells on
[13/2/2022 12:13:19] !rank distance
[13/2/2022 12:15:38] !rank distance
[13/2/2022 12:58:59] !rank distance
[13/2/2022 13:15:6] !rank distance
[13/2/2022 14:20:51] !rank distance
[13/2/2022 15:8:42] !rank distance
[13/2/2022 16:9:15] !rank distance
[13/2/2022 19:6:9] !rank distance
[13/2/2022 21:57:7] !rank distance
[13/2/2022 21:58:24] !aol
[22/2/2022 1:48:30] !online
