[31/5/2022 20:36:8] !emotespells
[31/5/2022 20:36:13] !emotespells on
[31/5/2022 20:36:46] !serverinfo
[31/5/2022 20:38:23] !aol
[31/5/2022 20:56:15] !rank level
[31/5/2022 21:13:11] !aol
[31/5/2022 21:24:1] !aol
[31/5/2022 21:46:54] !rank lavel
[31/5/2022 22:5:14] !aol
[31/5/2022 22:18:5] !aol
[31/5/2022 22:33:28] !guildpoints
[31/5/2022 23:10:50] !serverinfo
[1/6/2022 0:18:23] !rank level
[1/6/2022 0:51:54] !aol
[1/6/2022 1:26:14] !aol
[1/6/2022 2:35:10] !aol
[1/6/2022 3:44:10] !aol
[1/6/2022 3:52:49] !aol
[1/6/2022 11:21:1] !guildpoints
[1/6/2022 11:21:4] !guildpoints
[1/6/2022 11:23:51] !rank level
[1/6/2022 11:39:12] !aol
[1/6/2022 11:51:27] !aol
[1/6/2022 16:5:10] !guildpoints
[1/6/2022 17:21:27] !rank level
[1/6/2022 18:50:33] !aol
[2/6/2022 6:40:17] !guildpoints
[2/6/2022 15:1:5] !rank magic
[2/6/2022 15:1:31] !rank level
[2/6/2022 16:24:25] !guildpoints
[2/6/2022 19:58:25] !guildpoints
[2/6/2022 22:6:34] !aol
[3/6/2022 17:37:55] !rank magic
[3/6/2022 23:0:6] !rank level
[4/6/2022 2:51:54] !rank level
[4/6/2022 12:57:36] !rank level
