[10/12/2021 23:28:6] !rank magic
[10/12/2021 23:40:16] !wand death
[10/12/2021 23:45:48] !wand ice
[10/12/2021 23:51:14] !wand energy
[10/12/2021 23:59:58] !wand death
[11/12/2021 0:26:56] !wand ice
[11/12/2021 2:47:16] !wand ice
[11/12/2021 2:48:3] !rank magix
[11/12/2021 2:48:7] !rank magic
[11/12/2021 9:58:15] !online
[11/12/2021 9:59:5] !buyhouse
[11/12/2021 10:5:14] !wand ice
[11/12/2021 12:4:8] !online
[11/12/2021 12:4:59] !rank magic
[11/12/2021 12:47:52] !rank level
[11/12/2021 13:26:27] !online
[11/12/2021 14:0:45] !wand energy
[11/12/2021 14:6:47] !wand ice
[11/12/2021 14:41:23] !wand death
[11/12/2021 15:1:51] !wand holy
[11/12/2021 15:50:16] !wand energy
[11/12/2021 16:8:9] !wand death
[11/12/2021 17:16:42] !rank magic
[11/12/2021 18:42:22] !rank level
[11/12/2021 18:44:25] !wand ice
[11/12/2021 19:23:40] !wand ice
[12/12/2021 22:5:59] !wand death
[12/12/2021 23:39:21] !wand ice
[13/12/2021 15:37:5] !wand ice
[15/12/2021 19:54:9] !online
[15/12/2021 19:58:5] !wand ice
[15/12/2021 20:49:47] !aol
[16/12/2021 6:35:8] !rank magix
[16/12/2021 6:35:12] !rank magic
[16/12/2021 11:13:36] !wand ice
[16/12/2021 11:14:10] !wand ice
[16/12/2021 11:25:20] !wand energy
[16/12/2021 11:25:30] !wand ice
[16/12/2021 11:25:36] !wand ice
[16/12/2021 11:25:38] !wand ice
[16/12/2021 11:25:55] !wand ice
[16/12/2021 14:18:47] !rank magic
[16/12/2021 17:30:27] !emotespells
[16/12/2021 17:30:35] !emotespells on
[16/12/2021 17:31:39] !emotespells off
[16/12/2021 17:38:38] !emotespells off
[16/12/2021 17:48:11] !emotespells
[16/12/2021 20:21:38] !aol
[16/12/2021 20:22:50] !wand death
[16/12/2021 20:49:45] !rank magic
[18/12/2021 14:31:40] !wand death
[18/12/2021 15:15:30] !wand ice
[21/12/2021 22:45:20] !addon oriental
[22/12/2021 15:33:6] !online
[22/12/2021 15:41:25] !aol
[22/12/2021 15:41:32] !wand ice
[22/12/2021 15:42:15] !rank level
[22/12/2021 15:42:22] !rank magic
[22/12/2021 17:12:54] !wand tera
[22/12/2021 17:42:9] !wand death
[22/12/2021 18:3:58] !wand ice
[23/12/2021 20:24:8] !rank level
[23/12/2021 20:53:54] !online
[27/12/2021 16:35:11] !online
[9/1/2022 18:47:39] !aol
[9/1/2022 18:48:1] !rank magic
