[10/2/2022 20:14:14] !rank level
[10/2/2022 20:19:0] !rank level
[10/2/2022 20:21:13] !aol
[10/2/2022 20:26:5] !rank level
[10/2/2022 20:38:6] !rank level
[10/2/2022 20:53:1] !rank level
[10/2/2022 21:8:9] !online
[10/2/2022 21:33:34] !frags
[10/2/2022 21:33:44] !frags
[10/2/2022 21:52:7] !online
[10/2/2022 22:3:53] !rank level
[10/2/2022 22:22:26] !online
[10/2/2022 22:50:1] !online
[10/2/2022 22:54:33] !rank magic
[10/2/2022 22:54:48] !rank level
[10/2/2022 23:2:30] !frags
[10/2/2022 23:10:49] !rank
[10/2/2022 23:10:54] !rank level
[10/2/2022 23:14:17] !frags
[10/2/2022 23:39:2] !rank sworrd
[10/2/2022 23:39:7] !rank sword
[11/2/2022 0:8:46] !rank level
[11/2/2022 0:9:20] !rank level
[11/2/2022 0:31:57] !rank level
[11/2/2022 0:32:19] !rank magic
[11/2/2022 0:33:15] !rank sword
[11/2/2022 0:48:44] !aol
[11/2/2022 1:4:58] !aol
[11/2/2022 1:54:53] !online
[11/2/2022 1:56:57] !frags
[11/2/2022 1:57:32] !rank swotd
[11/2/2022 1:57:35] !rank sword
[11/2/2022 1:57:40] !rank magic
[11/2/2022 1:57:44] !rank level
[11/2/2022 4:8:0] !frags
[11/2/2022 4:8:36] !frags
[11/2/2022 4:8:41] !online
[11/2/2022 4:8:54] !rank level
[11/2/2022 10:13:0] !rank magic
[11/2/2022 10:13:13] !rank level
[11/2/2022 10:58:21] !rank axe
[11/2/2022 10:58:25] !rank sword
[11/2/2022 10:58:27] !rank club
[11/2/2022 10:59:2] !rank sword
[11/2/2022 20:53:24] !online
[11/2/2022 21:38:34] !frags
[11/2/2022 21:39:16] !frags
[11/2/2022 22:9:7] !frags
[11/2/2022 22:15:20] !online
[12/2/2022 11:13:33] !online
[12/2/2022 11:13:43] !rank
[12/2/2022 11:13:46] !rank level
[12/2/2022 14:29:8] !rank magic
[12/2/2022 16:18:19] !rank magic
[12/2/2022 20:1:1] !online
[12/2/2022 20:12:2] !rank
[12/2/2022 20:12:4] !rank level
[12/2/2022 23:42:53] !online
[13/2/2022 0:23:54] !rank 
[13/2/2022 0:23:56] !rank level
[13/2/2022 0:24:16] !rank level
[13/2/2022 3:24:4] !frags
[13/2/2022 3:24:7] !online
[13/2/2022 5:2:41] !online
[13/2/2022 5:3:6] !rank level
[14/2/2022 6:8:43] !online
[14/2/2022 14:25:1] !frags
[14/2/2022 14:25:5] !rank level
[14/2/2022 23:44:22] !online
[15/2/2022 0:20:33] !online
[15/2/2022 1:45:2] !rank levle
[15/2/2022 1:45:5] !rank level
[15/2/2022 11:47:33] !rank elvel
[15/2/2022 11:47:36] !rank levle
[15/2/2022 11:47:38] !rank level
[16/2/2022 1:9:17] !rank magic
[16/2/2022 11:58:58] !online
[16/2/2022 12:3:26] !rank elvle
[16/2/2022 12:3:29] !rank level
[16/2/2022 14:12:49] !aol
[16/2/2022 14:17:49] !rank level
[16/2/2022 22:11:15] !online
[18/2/2022 19:35:2] !online
[21/2/2022 13:39:50] !online
[21/2/2022 21:20:35] !rank level
[21/2/2022 21:30:42] !online
