[15/2/2022 23:45:2] 
[16/2/2022 0:53:3] !aol
[16/2/2022 0:53:6] !aol
[16/2/2022 0:56:3] !aol
[16/2/2022 1:54:41] 
[16/2/2022 1:54:47] !guildpoints
[16/2/2022 1:56:59] !guildpoints
[16/2/2022 2:3:29] !guildpoints 
[16/2/2022 2:7:25] !guildpoints 
[16/2/2022 2:9:35] !guildpoints 
[16/2/2022 2:23:39] !guildpoints 
[16/2/2022 2:24:7] !guildpoints 
[16/2/2022 2:24:11] !guildpoints 
[16/2/2022 2:25:1] !guildpoints 
[16/2/2022 2:26:13] !guildpoints 
[16/2/2022 2:26:16] !guildpoints 
[16/2/2022 2:31:16] !guildpoints 
[16/2/2022 7:14:57] !aol
[16/2/2022 11:34:39] 
[16/2/2022 16:35:12] !aol
[16/2/2022 16:36:10] 
[16/2/2022 17:56:57] !online
[16/2/2022 21:6:20] 
[16/2/2022 22:4:18] !aol
[16/2/2022 22:4:27] 
[16/2/2022 22:5:49] 
[16/2/2022 22:6:13] 
[16/2/2022 22:6:24] 
[17/2/2022 2:39:53] !aol
[17/2/2022 2:40:41] 
[17/2/2022 14:43:59] !aol
[17/2/2022 14:45:49] 
[17/2/2022 15:32:45] 
[17/2/2022 21:39:54] !aol
[17/2/2022 21:40:14] 
[17/2/2022 22:46:23] 
[17/2/2022 23:54:43] !aol
[18/2/2022 12:51:14] 
[18/2/2022 15:56:58] !aol
[18/2/2022 16:0:49] 
[18/2/2022 19:37:46] !aol
[18/2/2022 23:56:43] !online
[18/2/2022 23:59:27] 
[19/2/2022 12:48:22] 
[20/2/2022 0:54:59] !buyhouse
[20/2/2022 0:55:2] !buyhouse
[20/2/2022 11:30:22] 
[20/2/2022 12:54:44] 
[20/2/2022 15:50:0] !online
[20/2/2022 15:51:32] 
[21/2/2022 23:1:58] !online
[23/2/2022 22:2:31] !aol
[23/2/2022 22:13:8] !aol
[23/2/2022 22:22:22] !aol
[23/2/2022 22:25:29] !aol
[23/2/2022 22:25:32] !aol
[23/2/2022 22:25:35] !aol
[23/2/2022 22:25:38] !aol
[23/2/2022 22:25:41] !aol
[23/2/2022 22:25:45] !aol
[23/2/2022 22:25:48] !aol
[23/2/2022 22:25:51] !aol
[23/2/2022 22:25:54] !aol
[23/2/2022 22:25:58] !aol
[23/2/2022 22:26:1] !aol
[23/2/2022 22:26:4] !aol
[23/2/2022 22:26:8] !aol
[23/2/2022 22:26:11] !aol
[23/2/2022 22:26:14] !aol
[23/2/2022 22:26:17] !aol
[23/2/2022 22:26:20] !aol
[23/2/2022 22:26:24] !aol
[23/2/2022 22:26:27] !aol
[23/2/2022 22:26:30] !aol
[23/2/2022 22:26:33] !aol
[23/2/2022 22:26:36] !aol
[23/2/2022 22:26:40] !aol
[23/2/2022 22:26:43] !aol
[23/2/2022 22:26:46] !aol
[23/2/2022 22:26:49] !aol
[23/2/2022 22:26:52] !aol
[23/2/2022 22:26:56] !aol
[23/2/2022 22:26:59] !aol
[23/2/2022 22:27:2] !aol
[23/2/2022 22:27:5] !aol
[23/2/2022 22:27:9] !aol
[23/2/2022 22:27:12] !aol
[23/2/2022 22:27:15] !aol
[23/2/2022 22:27:18] !aol
[23/2/2022 22:27:21] !aol
[23/2/2022 22:27:25] !aol
[23/2/2022 22:27:28] !aol
[23/2/2022 22:27:31] !aol
[23/2/2022 22:27:34] !aol
[23/2/2022 22:27:37] !aol
[23/2/2022 22:27:41] !aol
[23/2/2022 22:27:44] !aol
[23/2/2022 22:27:47] !aol
[23/2/2022 22:27:50] !aol
[23/2/2022 22:27:54] !aol
[23/2/2022 22:27:57] !aol
[23/2/2022 22:28:0] !aol
[23/2/2022 22:28:3] !aol
[23/2/2022 22:28:7] !aol
[23/2/2022 22:28:12] 
[23/2/2022 22:28:16] !aol
[23/2/2022 22:28:19] !aol
[23/2/2022 22:28:22] !aol
[23/2/2022 22:28:25] !aol
[23/2/2022 22:28:28] !aol
[23/2/2022 22:28:32] !aol
[23/2/2022 22:28:35] !aol
[23/2/2022 22:28:38] !aol
[23/2/2022 22:28:41] !aol
[23/2/2022 22:28:45] !aol
[23/2/2022 22:28:48] !aol
[23/2/2022 22:28:51] !aol
[23/2/2022 22:28:54] !aol
[23/2/2022 22:28:57] !aol
[23/2/2022 22:29:1] !aol
[23/2/2022 22:29:4] !aol
[23/2/2022 22:29:7] !aol
[23/2/2022 22:29:10] !aol
[23/2/2022 22:29:13] !aol
[23/2/2022 22:29:17] !aol
[23/2/2022 22:29:20] !aol
[23/2/2022 22:29:23] !aol
[23/2/2022 22:29:26] !aol
[23/2/2022 22:29:30] !aol
[23/2/2022 22:29:33] !aol
[23/2/2022 22:29:36] !aol
[23/2/2022 22:29:39] !aol
[23/2/2022 22:29:42] !aol
[23/2/2022 22:29:46] !aol
[23/2/2022 22:31:35] !aol
[23/2/2022 22:38:11] !buyhouse
[23/2/2022 23:2:36] !aol
[23/2/2022 23:4:31] !aol
[23/2/2022 23:42:36] 
[23/2/2022 23:54:15] !aol
[23/2/2022 23:59:19] !aol
[24/2/2022 0:34:12] !aol
[24/2/2022 0:42:12] 
[24/2/2022 1:19:9] !aol
[24/2/2022 1:22:43] 
[24/2/2022 6:30:23] !aol
[24/2/2022 10:47:41] 
[24/2/2022 11:0:46] 
[24/2/2022 12:57:57] 
[24/2/2022 13:13:56] 
[24/2/2022 13:51:32] 
[24/2/2022 13:51:38] !aol
[24/2/2022 21:5:42] 
[24/2/2022 22:4:14] 
[25/2/2022 1:31:2] 
[25/2/2022 1:41:7] !aol
[25/2/2022 2:1:45] 
[25/2/2022 5:3:22] !aol
[25/2/2022 13:29:40] 
[25/2/2022 13:51:7] 
[25/2/2022 21:15:10] !aol
[25/2/2022 21:30:46] !aol
[25/2/2022 21:34:29] 
[26/2/2022 0:59:8] !aol
[26/2/2022 9:40:19] 
[26/2/2022 13:1:59] 
[26/2/2022 13:23:34] !aol
[26/2/2022 13:23:37] 
[26/2/2022 22:33:18] !online
[26/2/2022 22:34:22] !online
