[31/5/2022 21:29:55] !aol
[31/5/2022 21:39:29] !emotespells on
[31/5/2022 21:59:12] !aol
[31/5/2022 22:2:44] !aol
[31/5/2022 22:9:34] !aol
[31/5/2022 22:16:58] !aol
[31/5/2022 23:2:1] !aol
[31/5/2022 23:15:47] !aol
[31/5/2022 23:21:46] !aol
[31/5/2022 23:27:23] !aol
[31/5/2022 23:30:32] !aol
[31/5/2022 23:38:11] !buyhouse
[31/5/2022 23:52:29] !aol
[1/6/2022 0:49:58] !aol
[1/6/2022 1:5:54] !aol
[1/6/2022 19:16:23] !aol
[1/6/2022 19:21:40] !aol
[1/6/2022 19:40:38] !online
[1/6/2022 20:23:56] !frags
[1/6/2022 20:32:22] !aol
[1/6/2022 20:48:17] !online
[2/6/2022 18:53:45] !emotespells on
[2/6/2022 18:58:9] !aol
[2/6/2022 18:58:30] !emotespells on
[2/6/2022 19:4:21] 
[2/6/2022 20:5:43] !aol
[2/6/2022 20:21:43] !aol
[2/6/2022 20:22:5] !aol
[2/6/2022 20:32:59] !aol
[2/6/2022 21:56:45] !aol
[2/6/2022 21:58:28] !aol
[2/6/2022 22:34:41] !aol
[2/6/2022 22:39:24] !aol
[2/6/2022 22:44:6] !aol
[2/6/2022 22:47:14] !aol
[2/6/2022 22:52:25] !aol
[2/6/2022 22:56:25] !aol
[2/6/2022 22:57:4] !aol
[2/6/2022 23:19:33] !emotespells on
[2/6/2022 23:29:16] !emotespells on
[2/6/2022 23:33:57] !aol
[2/6/2022 23:36:27] !emotespells on
[2/6/2022 23:40:55] !emotespells on
[2/6/2022 23:43:40] !emotespells on
[2/6/2022 23:46:25] !emotespells on
[2/6/2022 23:49:15] !emotespells on
[2/6/2022 23:52:0] !emotespells on
[2/6/2022 23:55:6] !emotespells on
[2/6/2022 23:59:41] !emotespells on
[3/6/2022 0:3:25] !emotespells on
[3/6/2022 0:7:29] !emotespells on
[3/6/2022 0:10:41] !emotespells on
[3/6/2022 0:11:21] !emotespells on
[3/6/2022 0:14:22] !emotespells on
[3/6/2022 0:27:18] !emotespells on
[3/6/2022 1:5:18] !emotespells on
[3/6/2022 1:9:25] !emotespells on
[3/6/2022 1:27:53] !emotespells on
[3/6/2022 2:1:35] !aol
[3/6/2022 2:6:28] !emotespells on
[3/6/2022 2:10:0] !emotespells on
[3/6/2022 2:15:37] !emotespells on
[3/6/2022 2:17:34] !emotespells on
[3/6/2022 2:19:32] !emotespells on
[3/6/2022 2:21:0] !emotespells on
[3/6/2022 2:26:1] !emotespells on
[3/6/2022 2:27:37] !emotespells on
[3/6/2022 2:29:11] !emotespells on
[3/6/2022 2:30:52] !emotespells on
[3/6/2022 2:36:29] !emotespells on
[3/6/2022 2:37:56] !emotespells on
[3/6/2022 2:39:5] !emotespells on
[3/6/2022 2:40:43] !emotespells on
[3/6/2022 2:42:2] !emotespells on
[3/6/2022 2:46:39] !emotespells on
[3/6/2022 2:48:7] !emotespells on
[3/6/2022 2:49:38] !emotespells on
[3/6/2022 2:51:30] !emotespells on
[3/6/2022 2:53:16] !emotespells on
[3/6/2022 2:59:15] !emotespells on
[3/6/2022 3:0:36] !emotespells on
[3/6/2022 3:2:22] !emotespells on
[3/6/2022 3:3:40] !emotespells on
[3/6/2022 3:5:27] !emotespells on
[3/6/2022 3:10:51] !emotespells on
[3/6/2022 3:12:14] !emotespells on
[3/6/2022 3:14:49] !emotespells on
[3/6/2022 3:16:26] !emotespells on
[3/6/2022 3:20:58] !emotespells on
[3/6/2022 3:22:11] !emotespells on
[3/6/2022 3:23:15] !emotespells on
[3/6/2022 3:24:36] !emotespells on
[3/6/2022 3:26:10] !emotespells on
[3/6/2022 3:27:34] !emotespells on
[3/6/2022 3:29:21] !emotespells on
[3/6/2022 3:33:59] !emotespells on
[3/6/2022 3:35:28] !emotespells on
[3/6/2022 3:36:49] !emotespells on
[3/6/2022 3:37:54] !emotespells on
[3/6/2022 3:39:56] !emotespells on
[3/6/2022 3:41:24] !emotespells on
[3/6/2022 3:43:16] !emotespells on
[3/6/2022 3:44:27] !emotespells on
[3/6/2022 3:45:46] !emotespells on
[3/6/2022 3:47:10] !emotespells on
[3/6/2022 3:48:46] !emotespells on
[3/6/2022 3:49:51] !emotespells on
[3/6/2022 3:51:9] !emotespells on
[3/6/2022 3:52:28] !emotespells on
[3/6/2022 3:53:41] !emotespells on
[3/6/2022 3:55:4] !emotespells on
[3/6/2022 3:56:47] !emotespells on
[3/6/2022 4:1:0] !emotespells on
[3/6/2022 4:2:25] !emotespells on
[3/6/2022 4:3:35] !emotespells on
[3/6/2022 4:4:52] !emotespells on
[3/6/2022 4:6:9] !emotespells on
[3/6/2022 4:7:27] !emotespells on
[3/6/2022 4:8:53] !emotespells on
[3/6/2022 4:10:10] !emotespells on
[3/6/2022 4:11:25] !emotespells on
[3/6/2022 4:15:49] !emotespells on
[3/6/2022 4:17:45] !emotespells on
[3/6/2022 4:18:48] !emotespells on
[3/6/2022 4:19:50] !emotespells on
[3/6/2022 4:21:10] !emotespells on
[3/6/2022 4:22:36] !emotespells on
[3/6/2022 4:23:38] !emotespells on
[3/6/2022 4:25:8] !emotespells on
[3/6/2022 4:26:26] !emotespells on
[3/6/2022 4:27:32] !emotespells on
[3/6/2022 4:32:25] !emotespells on
[3/6/2022 4:34:11] !emotespells on
[3/6/2022 4:35:22] !emotespells on
[3/6/2022 4:36:40] !emotespells on
[3/6/2022 4:37:53] !emotespells on
[3/6/2022 4:39:11] !emotespells on
[3/6/2022 4:40:37] !emotespells on
[3/6/2022 4:44:39] !emotespells on
[3/6/2022 4:45:48] !emotespells on
[3/6/2022 4:47:19] !emotespells on
[3/6/2022 4:48:24] !emotespells on
[3/6/2022 4:49:27] !emotespells on
[3/6/2022 4:50:30] !emotespells on
[3/6/2022 4:51:57] !emotespells on
[3/6/2022 4:53:28] !emotespells on
[3/6/2022 4:58:10] !emotespells on
[3/6/2022 4:59:20] !emotespells on
[3/6/2022 5:11:9] !aol
[3/6/2022 5:16:8] !emotespells on
[3/6/2022 5:17:22] !emotespells on
[3/6/2022 5:18:43] !emotespells on
[3/6/2022 5:20:34] !emotespells on
[3/6/2022 5:25:12] !emotespells on
[3/6/2022 5:26:45] !emotespells on
[3/6/2022 5:28:8] !emotespells on
[3/6/2022 5:30:8] !emotespells on
[3/6/2022 5:31:22] !emotespells on
[3/6/2022 5:35:55] !emotespells on
[3/6/2022 5:39:55] !emotespells on
[3/6/2022 5:41:10] !emotespells on
[3/6/2022 5:42:12] !emotespells on
[3/6/2022 5:43:18] !emotespells on
[3/6/2022 5:44:48] !emotespells on
[3/6/2022 5:45:52] !emotespells on
[3/6/2022 5:47:11] !emotespells on
[3/6/2022 5:48:51] !emotespells on
[3/6/2022 5:50:3] !emotespells on
[3/6/2022 5:51:34] !emotespells on
[3/6/2022 5:55:58] !emotespells on
[3/6/2022 5:57:5] !emotespells on
[3/6/2022 5:58:45] !emotespells on
[3/6/2022 5:59:55] !emotespells on
[3/6/2022 6:1:9] !emotespells on
[3/6/2022 6:2:10] !emotespells on
[3/6/2022 6:3:18] !emotespells on
[3/6/2022 6:4:47] !emotespells on
[3/6/2022 6:5:48] !emotespells on
[3/6/2022 6:9:51] !emotespells on
[3/6/2022 6:10:52] !emotespells on
[3/6/2022 6:12:25] !emotespells on
[3/6/2022 6:13:27] !emotespells on
[3/6/2022 6:15:16] !emotespells on
[3/6/2022 6:16:34] !emotespells on
[3/6/2022 6:18:2] !emotespells on
[3/6/2022 6:19:5] !emotespells on
[3/6/2022 6:20:37] !emotespells on
[3/6/2022 6:21:44] !emotespells on
[3/6/2022 6:25:33] !emotespells on
[3/6/2022 6:26:58] !emotespells on
[3/6/2022 6:28:4] !emotespells on
[3/6/2022 6:29:13] !emotespells on
[3/6/2022 6:30:49] !emotespells on
[3/6/2022 6:32:7] !emotespells on
[3/6/2022 6:33:52] !emotespells on
[3/6/2022 6:35:10] !emotespells on
[3/6/2022 6:36:53] !emotespells on
[3/6/2022 6:38:3] !emotespells on
[3/6/2022 6:41:51] !emotespells on
[3/6/2022 6:42:53] !emotespells on
[3/6/2022 6:44:19] !emotespells on
[3/6/2022 6:45:31] !emotespells on
[3/6/2022 6:47:8] !emotespells on
[3/6/2022 6:48:40] !emotespells on
[3/6/2022 6:49:54] !emotespells on
[3/6/2022 6:54:13] !emotespells on
[3/6/2022 6:55:18] !emotespells on
[3/6/2022 6:56:48] !emotespells on
[3/6/2022 6:58:5] !emotespells on
[3/6/2022 6:59:19] !emotespells on
[3/6/2022 7:0:47] !emotespells on
[3/6/2022 7:2:14] !emotespells on
[3/6/2022 7:3:37] !emotespells on
[3/6/2022 7:4:44] !emotespells on
[3/6/2022 7:5:50] !emotespells on
[3/6/2022 7:10:16] !emotespells on
[3/6/2022 7:11:29] !emotespells on
[3/6/2022 7:13:6] !emotespells on
[3/6/2022 7:14:14] !emotespells on
[3/6/2022 7:15:24] !emotespells on
[3/6/2022 7:16:47] !emotespells on
[3/6/2022 7:17:59] !emotespells on
[3/6/2022 7:19:33] !emotespells on
[3/6/2022 7:21:1] !emotespells on
[3/6/2022 7:26:10] !emotespells on
[3/6/2022 7:27:32] !emotespells on
[3/6/2022 7:28:33] !emotespells on
[3/6/2022 7:30:3] !emotespells on
[3/6/2022 7:31:25] !emotespells on
[3/6/2022 7:33:8] !emotespells on
[3/6/2022 7:39:38] !emotespells on
[3/6/2022 7:40:42] !emotespells on
[3/6/2022 7:41:6] !emotespells on
[3/6/2022 7:43:53] !emotespells on
[3/6/2022 7:44:59] !emotespells on
[3/6/2022 7:46:14] !emotespells on
[3/6/2022 7:47:43] !emotespells on
[3/6/2022 7:48:55] !emotespells on
[3/6/2022 7:50:3] !emotespells on
[3/6/2022 7:51:20] !emotespells on
[3/6/2022 7:52:51] !emotespells on
[3/6/2022 7:53:54] !emotespells on
[3/6/2022 7:55:0] !emotespells on
[3/6/2022 7:59:24] !emotespells on
[3/6/2022 8:0:50] !emotespells on
[3/6/2022 8:1:54] !emotespells on
[3/6/2022 8:3:23] !emotespells on
[3/6/2022 8:4:50] !emotespells on
[3/6/2022 8:6:2] !emotespells on
[3/6/2022 8:7:17] !emotespells on
[3/6/2022 8:8:23] !emotespells on
[3/6/2022 8:9:25] !emotespells on
[3/6/2022 8:13:45] !emotespells on
[3/6/2022 8:14:47] !emotespells on
[3/6/2022 8:16:20] !emotespells on
[3/6/2022 8:17:34] !emotespells on
[3/6/2022 8:17:57] !emotespells on
[3/6/2022 8:20:47] !emotespells on
[3/6/2022 8:22:7] !emotespells on
[3/6/2022 8:23:51] !emotespells on
[3/6/2022 8:25:7] !emotespells on
[3/6/2022 8:26:32] !emotespells on
[3/6/2022 8:27:42] !emotespells on
[3/6/2022 8:29:28] !emotespells on
[3/6/2022 8:30:48] !emotespells on
[3/6/2022 8:31:53] !emotespells on
[3/6/2022 8:33:21] !emotespells on
[3/6/2022 8:34:55] !emotespells on
[3/6/2022 8:36:15] !emotespells on
[3/6/2022 8:37:38] !emotespells on
[3/6/2022 8:41:28] !emotespells on
[3/6/2022 8:42:30] !emotespells on
[3/6/2022 8:43:57] !emotespells on
[3/6/2022 8:45:24] !emotespells on
[3/6/2022 8:46:59] !emotespells on
[3/6/2022 8:48:19] !emotespells on
[3/6/2022 8:49:40] !emotespells on
[3/6/2022 8:50:43] !emotespells on
[3/6/2022 8:56:19] !emotespells on
[3/6/2022 8:57:50] !emotespells on
[3/6/2022 8:59:25] !emotespells on
[3/6/2022 9:0:57] !emotespells on
[3/6/2022 9:2:43] !emotespells on
[3/6/2022 9:4:10] !emotespells on
[3/6/2022 9:9:40] !emotespells on
[3/6/2022 9:11:30] !emotespells on
[3/6/2022 9:12:40] !emotespells on
[3/6/2022 9:14:13] !emotespells on
[3/6/2022 9:18:57] !emotespells on
[3/6/2022 9:20:48] !emotespells on
[3/6/2022 9:23:22] !emotespells on
[3/6/2022 9:28:50] !emotespells on
[3/6/2022 9:30:14] !emotespells on
[3/6/2022 9:31:53] !emotespells on
[3/6/2022 9:33:3] !emotespells on
[3/6/2022 9:34:41] !emotespells on
[3/6/2022 9:36:31] !emotespells on
[3/6/2022 9:40:45] !emotespells on
[3/6/2022 9:42:8] !emotespells on
[3/6/2022 9:43:16] !emotespells on
[3/6/2022 9:44:36] !emotespells on
[3/6/2022 9:45:50] !emotespells on
[3/6/2022 9:47:23] !emotespells on
[3/6/2022 9:48:38] !emotespells on
[3/6/2022 9:49:45] !emotespells on
[3/6/2022 9:54:30] !emotespells on
[3/6/2022 9:55:44] !emotespells on
[3/6/2022 9:57:8] !emotespells on
[3/6/2022 9:58:12] !emotespells on
[3/6/2022 9:59:23] !emotespells on
[3/6/2022 10:0:36] !emotespells on
[3/6/2022 10:2:24] !emotespells on
[3/6/2022 10:3:37] !emotespells on
[3/6/2022 10:5:3] !emotespells on
[3/6/2022 10:9:10] !emotespells on
[3/6/2022 10:10:19] !emotespells on
[3/6/2022 10:11:38] !emotespells on
[3/6/2022 10:13:19] !emotespells on
[3/6/2022 10:14:33] !emotespells on
[3/6/2022 10:15:59] !emotespells on
[3/6/2022 10:17:21] !emotespells on
[3/6/2022 10:18:33] !emotespells on
[3/6/2022 10:20:13] !emotespells on
[3/6/2022 10:24:33] !emotespells on
[3/6/2022 10:25:58] !emotespells on
[3/6/2022 10:27:19] !emotespells on
[3/6/2022 10:28:53] !emotespells on
[3/6/2022 10:30:16] !emotespells on
[3/6/2022 10:31:40] !emotespells on
[3/6/2022 10:32:59] !emotespells on
[3/6/2022 10:37:9] !emotespells on
[3/6/2022 10:38:15] !emotespells on
[3/6/2022 10:39:53] !emotespells on
[3/6/2022 10:41:10] !emotespells on
[3/6/2022 10:42:59] !emotespells on
[3/6/2022 10:44:6] !emotespells on
[3/6/2022 10:45:47] !emotespells on
[3/6/2022 10:47:7] !emotespells on
[3/6/2022 10:48:37] !emotespells on
[3/6/2022 10:52:26] !emotespells on
[3/6/2022 10:53:30] !emotespells on
[3/6/2022 10:54:56] !emotespells on
[3/6/2022 10:56:24] !emotespells on
[3/6/2022 10:57:28] !emotespells on
[3/6/2022 10:58:33] !emotespells on
[3/6/2022 10:59:46] !emotespells on
[3/6/2022 11:1:15] !emotespells on
[3/6/2022 11:2:31] !emotespells on
[3/6/2022 11:6:23] !emotespells on
[3/6/2022 11:7:43] !emotespells on
[3/6/2022 11:8:58] !emotespells on
[3/6/2022 11:10:10] !emotespells on
[3/6/2022 11:11:54] !emotespells on
[3/6/2022 11:13:35] !emotespells on
[3/6/2022 11:15:15] !emotespells on
[3/6/2022 11:16:31] !emotespells on
[3/6/2022 11:20:49] !emotespells on
[3/6/2022 11:21:56] !emotespells on
[3/6/2022 11:23:23] !emotespells on
[3/6/2022 11:27:20] !emotespells on
[3/6/2022 11:28:24] !emotespells on
[3/6/2022 11:29:44] !emotespells on
[3/6/2022 11:31:3] !emotespells on
[3/6/2022 11:32:22] !emotespells on
[3/6/2022 11:33:31] !emotespells on
[3/6/2022 11:34:53] !emotespells on
[3/6/2022 11:35:56] !emotespells on
[3/6/2022 11:37:1] !emotespells on
[3/6/2022 11:38:37] !emotespells on
[3/6/2022 11:39:43] !emotespells on
[3/6/2022 11:41:29] !emotespells on
[3/6/2022 11:42:36] !emotespells on
[3/6/2022 11:43:58] !emotespells on
[3/6/2022 11:47:45] !emotespells on
[3/6/2022 11:49:1] !emotespells on
[3/6/2022 11:50:1] !emotespells on
[3/6/2022 11:51:47] !emotespells on
[3/6/2022 11:53:1] !emotespells on
[3/6/2022 11:54:15] !emotespells on
[3/6/2022 11:55:21] !emotespells on
[3/6/2022 11:57:9] !emotespells on
[3/6/2022 11:58:17] !emotespells on
[3/6/2022 11:59:45] !emotespells on
[3/6/2022 12:5:33] !emotespells on
[3/6/2022 12:7:0] !emotespells on
[3/6/2022 12:8:20] !emotespells on
[3/6/2022 12:9:22] !emotespells on
[3/6/2022 12:10:26] !emotespells on
[3/6/2022 12:11:48] !emotespells on
[3/6/2022 12:13:13] !emotespells on
[3/6/2022 12:17:33] !emotespells on
[3/6/2022 12:18:59] !emotespells on
[3/6/2022 12:20:17] !emotespells on
[3/6/2022 12:21:39] !emotespells on
[3/6/2022 12:23:14] !emotespells on
[3/6/2022 12:24:20] !emotespells on
[3/6/2022 12:25:40] !emotespells on
[3/6/2022 12:29:54] !emotespells on
[3/6/2022 12:31:33] !emotespells on
[3/6/2022 12:33:5] !emotespells on
[3/6/2022 12:34:15] !emotespells on
[3/6/2022 12:36:5] !emotespells on
[3/6/2022 12:37:22] !emotespells on
[3/6/2022 12:38:35] !emotespells on
[3/6/2022 12:40:21] !emotespells on
[3/6/2022 12:44:34] !emotespells on
[3/6/2022 12:45:41] !emotespells on
[3/6/2022 12:46:53] !emotespells on
[3/6/2022 12:48:45] !emotespells on
[3/6/2022 12:49:50] !emotespells on
[3/6/2022 12:51:6] !emotespells on
[3/6/2022 12:52:18] !emotespells on
[3/6/2022 12:53:33] !emotespells on
[3/6/2022 12:55:1] !emotespells on
[3/6/2022 12:56:8] !emotespells on
[3/6/2022 13:0:4] !emotespells on
[3/6/2022 13:1:6] !emotespells on
[3/6/2022 13:2:59] !emotespells on
[3/6/2022 13:4:13] !emotespells on
[3/6/2022 13:5:28] !emotespells on
[3/6/2022 13:6:56] !emotespells on
[3/6/2022 13:8:18] !emotespells on
[3/6/2022 13:9:54] !emotespells on
[3/6/2022 13:11:13] !emotespells on
[3/6/2022 13:12:34] !emotespells on
[3/6/2022 13:13:59] !emotespells on
[3/6/2022 13:15:19] !emotespells on
[3/6/2022 13:16:37] !emotespells on
[3/6/2022 13:18:2] !emotespells on
[3/6/2022 13:19:22] !emotespells on
[3/6/2022 13:20:45] !emotespells on
[3/6/2022 13:22:3] !emotespells on
[3/6/2022 13:26:47] !emotespells on
[3/6/2022 13:31:1] !emotespells on
[3/6/2022 13:32:58] !emotespells on
[3/6/2022 13:34:1] !emotespells on
[3/6/2022 13:35:18] !emotespells on
[3/6/2022 13:36:41] !emotespells on
[3/6/2022 13:38:9] !emotespells on
[3/6/2022 13:39:27] !emotespells on
[3/6/2022 13:40:39] !emotespells on
[3/6/2022 13:41:50] !emotespells on
[3/6/2022 13:43:20] !emotespells on
[3/6/2022 13:44:20] !emotespells on
[3/6/2022 13:46:13] !emotespells on
[3/6/2022 13:51:49] !emotespells on
[3/6/2022 13:54:14] !emotespells on
[3/6/2022 13:56:42] !emotespells on
[3/6/2022 14:2:9] !emotespells on
[3/6/2022 14:5:3] !emotespells on
[3/6/2022 14:7:46] !emotespells on
[3/6/2022 14:13:11] !emotespells on
[3/6/2022 14:14:33] !emotespells on
[3/6/2022 14:16:19] !emotespells on
[3/6/2022 14:21:5] !emotespells on
[3/6/2022 14:23:3] !emotespells on
[3/6/2022 14:24:18] !emotespells on
[3/6/2022 14:25:45] !emotespells on
[3/6/2022 14:26:58] !emotespells on
[3/6/2022 14:32:8] !emotespells on
[3/6/2022 14:33:23] !emotespells on
[3/6/2022 14:38:44] !emotespells on
[3/6/2022 14:40:42] !emotespells on
[3/6/2022 14:42:15] !emotespells on
[3/6/2022 14:44:8] !emotespells on
[3/6/2022 14:46:5] !emotespells on
[3/6/2022 14:52:21] !emotespells on
[3/6/2022 14:54:1] !emotespells on
[3/6/2022 14:55:30] !emotespells on
[3/6/2022 15:0:18] !emotespells on
[3/6/2022 15:1:42] !emotespells on
[3/6/2022 15:2:42] !emotespells on
[3/6/2022 15:3:59] !emotespells on
[3/6/2022 15:6:1] !emotespells on
[3/6/2022 15:7:36] !emotespells on
[3/6/2022 15:12:31] !emotespells on
[3/6/2022 15:14:23] !emotespells on
[3/6/2022 15:15:41] !emotespells on
[3/6/2022 15:17:40] !emotespells on
[3/6/2022 15:19:19] !emotespells on
[3/6/2022 15:27:30] !emotespells on
[3/6/2022 15:54:19] !aol
[3/6/2022 15:56:18] !emotespells on
[3/6/2022 15:57:25] !emotespells on
[3/6/2022 15:58:46] !emotespells on
[3/6/2022 16:0:0] !emotespells on
[3/6/2022 16:1:18] !emotespells on
[3/6/2022 16:43:8] !aol
[3/6/2022 17:14:55] !online
[3/6/2022 17:34:31] !aol
[4/6/2022 13:56:13] !rank magic
[4/6/2022 14:2:30] !aol
[4/6/2022 14:6:3] !emotespells on
[4/6/2022 14:7:3] !emotespells on
[4/6/2022 14:8:15] !emotespells on
[4/6/2022 14:10:1] !emotespells on
[4/6/2022 14:11:14] !emotespells on
[4/6/2022 14:12:47] !emotespells on
[4/6/2022 14:14:12] !emotespells on
[4/6/2022 14:15:38] !emotespells on
[4/6/2022 14:17:6] !emotespells on
[4/6/2022 14:18:44] !emotespells on
[4/6/2022 14:20:18] !emotespells on
[4/6/2022 14:21:29] !emotespells on
[4/6/2022 14:23:16] !emotespells on
[4/6/2022 14:24:24] !emotespells on
[4/6/2022 14:26:5] !emotespells on
[4/6/2022 14:27:35] !emotespells on
[4/6/2022 14:28:51] !emotespells on
[4/6/2022 14:30:30] !emotespells on
[4/6/2022 14:31:48] !emotespells on
[4/6/2022 14:33:17] !emotespells on
[4/6/2022 14:36:6] !emotespells on
[4/6/2022 14:40:34] !emotespells on
[4/6/2022 14:41:53] !emotespells on
[4/6/2022 14:43:30] !emotespells on
[4/6/2022 14:44:52] !emotespells on
[4/6/2022 14:46:18] !emotespells on
[4/6/2022 14:47:45] !emotespells on
[4/6/2022 14:49:18] !emotespells on
[4/6/2022 14:50:41] !emotespells on
[4/6/2022 14:53:5] !emotespells on
[4/6/2022 14:54:6] !emotespells on
[4/6/2022 14:55:53] !emotespells on
[4/6/2022 14:56:56] !emotespells on
[4/6/2022 14:59:6] !emotespells on
[4/6/2022 15:0:24] !emotespells on
[4/6/2022 15:1:25] !emotespells on
[4/6/2022 15:2:52] !emotespells on
[4/6/2022 15:4:23] !emotespells on
[4/6/2022 15:10:38] !emotespells on
[4/6/2022 15:11:40] !emotespells on
[4/6/2022 15:13:22] !emotespells on
[4/6/2022 15:14:36] !emotespells on
[4/6/2022 15:16:4] !emotespells on
[4/6/2022 15:17:38] !emotespells on
[4/6/2022 15:18:54] !emotespells on
[4/6/2022 15:20:27] !emotespells on
[4/6/2022 15:21:52] !emotespells on
[4/6/2022 15:23:9] !emotespells on
[4/6/2022 15:24:53] !emotespells on
[4/6/2022 15:26:12] !emotespells on
[4/6/2022 15:27:33] !emotespells on
[4/6/2022 15:29:4] !emotespells on
[4/6/2022 15:31:58] !emotespells on
[4/6/2022 15:33:31] !emotespells on
[4/6/2022 15:34:54] !emotespells on
[4/6/2022 15:35:58] !emotespells on
[4/6/2022 15:37:51] !emotespells on
[4/6/2022 15:38:54] !emotespells on
[4/6/2022 15:43:41] !emotespells on
[4/6/2022 15:44:48] !emotespells on
[4/6/2022 15:46:34] !emotespells on
[4/6/2022 15:47:48] !emotespells on
[4/6/2022 15:49:32] !emotespells on
[4/6/2022 15:50:40] !emotespells on
[4/6/2022 15:52:33] !emotespells on
[4/6/2022 15:53:33] !emotespells on
[4/6/2022 19:20:27] !emotespells on
[4/6/2022 19:22:32] !emotespells on
[4/6/2022 19:24:17] !emotespells on
[4/6/2022 19:26:26] !emotespells on
[4/6/2022 19:29:7] !emotespells on
[4/6/2022 19:31:20] !emotespells on
[4/6/2022 19:33:25] !emotespells on
[4/6/2022 19:35:16] !emotespells on
[4/6/2022 19:37:19] !emotespells on
[4/6/2022 19:39:25] !emotespells on
[4/6/2022 19:41:57] !emotespells on
[4/6/2022 19:44:3] !emotespells on
[4/6/2022 19:46:10] !emotespells on
[4/6/2022 19:48:46] !emotespells on
[4/6/2022 19:50:50] !emotespells on
[4/6/2022 19:54:45] !emotespells on
[4/6/2022 19:57:13] !emotespells on
[4/6/2022 20:4:10] !emotespells on
[4/6/2022 20:6:15] !emotespells on
[4/6/2022 20:8:7] !emotespells on
[4/6/2022 20:10:3] !emotespells on
[4/6/2022 20:11:51] !emotespells on
[4/6/2022 20:14:1] !emotespells on
[4/6/2022 20:16:32] !emotespells on
[4/6/2022 20:18:46] !emotespells on
[4/6/2022 20:20:45] !emotespells on
[4/6/2022 20:22:48] !emotespells on
[4/6/2022 20:24:43] !emotespells on
[4/6/2022 20:26:47] !emotespells on
[4/6/2022 20:28:40] !emotespells on
[4/6/2022 20:30:44] !emotespells on
[4/6/2022 20:32:52] !emotespells on
[4/6/2022 20:35:8] !emotespells on
[4/6/2022 20:37:17] !emotespells on
[4/6/2022 20:39:18] !emotespells on
[4/6/2022 20:41:25] !emotespells on
[4/6/2022 20:43:32] !emotespells on
[4/6/2022 20:49:43] !emotespells on
[4/6/2022 20:52:17] !emotespells on
[4/6/2022 20:54:24] !emotespells on
[4/6/2022 20:57:1] !emotespells on
[4/6/2022 20:59:29] !emotespells on
[4/6/2022 21:1:40] !emotespells on
[4/6/2022 21:3:38] !emotespells on
[4/6/2022 21:5:39] !emotespells on
[4/6/2022 21:7:34] !emotespells on
[4/6/2022 21:9:27] !emotespells on
[4/6/2022 21:11:23] !emotespells on
[4/6/2022 21:13:10] !emotespells on
[4/6/2022 21:15:20] !emotespells on
[4/6/2022 21:17:7] !emotespells on
[4/6/2022 21:18:54] !emotespells on
[4/6/2022 21:21:25] !emotespells on
[4/6/2022 21:23:48] !emotespells on
[4/6/2022 21:26:17] !emotespells on
[4/6/2022 21:28:20] !emotespells on
[4/6/2022 21:30:13] !emotespells on
[4/6/2022 21:32:0] !emotespells on
[4/6/2022 21:38:13] !emotespells on
[4/6/2022 21:40:4] !emotespells on
[4/6/2022 21:42:9] !emotespells on
[4/6/2022 21:44:17] !emotespells on
[4/6/2022 21:46:2] !emotespells on
[4/6/2022 21:48:10] !emotespells on
[4/6/2022 21:50:9] !emotespells on
[4/6/2022 21:51:54] !emotespells on
[4/6/2022 21:53:51] !emotespells on
[4/6/2022 21:55:34] !emotespells on
[4/6/2022 21:57:42] !emotespells on
[4/6/2022 22:0:2] !emotespells on
[4/6/2022 22:2:3] !emotespells on
[4/6/2022 22:4:3] !emotespells on
[4/6/2022 22:6:27] !emotespells on
[4/6/2022 22:8:35] !emotespells on
[4/6/2022 22:10:39] !emotespells on
[4/6/2022 22:13:16] !emotespells on
[4/6/2022 22:15:25] !emotespells on
[4/6/2022 22:17:21] !emotespells on
[4/6/2022 22:19:15] !emotespells on
[4/6/2022 22:24:59] !emotespells on
[4/6/2022 22:26:55] !emotespells on
[4/6/2022 22:28:54] !emotespells on
[4/6/2022 22:31:9] !emotespells on
[4/6/2022 22:32:59] !emotespells on
[4/6/2022 22:35:3] !emotespells on
[4/6/2022 22:37:14] !emotespells on
[4/6/2022 22:39:9] !emotespells on
[4/6/2022 22:41:0] !emotespells on
[4/6/2022 22:42:58] !emotespells on
[4/6/2022 22:44:52] !emotespells on
[4/6/2022 22:46:37] !emotespells on
[4/6/2022 22:49:11] !emotespells on
[4/6/2022 22:51:26] !emotespells on
[4/6/2022 22:53:48] !emotespells on
[4/6/2022 22:55:57] !emotespells on
[4/6/2022 22:58:24] !emotespells on
[4/6/2022 23:0:47] !emotespells on
[4/6/2022 23:3:9] !emotespells on
[4/6/2022 23:10:49] !emotespells on
[4/6/2022 23:13:14] !emotespells on
[4/6/2022 23:15:40] !emotespells on
[4/6/2022 23:17:47] !emotespells on
[4/6/2022 23:19:32] !emotespells on
[4/6/2022 23:21:36] !emotespells on
[4/6/2022 23:23:39] !emotespells on
[4/6/2022 23:25:48] !emotespells on
[4/6/2022 23:28:0] !emotespells on
[4/6/2022 23:29:59] !emotespells on
[4/6/2022 23:31:58] !emotespells on
[4/6/2022 23:34:10] !emotespells on
[4/6/2022 23:36:40] !emotespells on
[4/6/2022 23:38:48] !emotespells on
[4/6/2022 23:41:4] !emotespells on
[4/6/2022 23:43:1] !emotespells on
[4/6/2022 23:49:8] !emotespells on
[4/6/2022 23:51:1] !emotespells on
[4/6/2022 23:53:22] !emotespells on
[4/6/2022 23:55:12] !emotespells on
[4/6/2022 23:57:17] !emotespells on
[4/6/2022 23:58:36] !emotespells on
[5/6/2022 0:2:16] !emotespells on
[5/6/2022 0:4:19] !emotespells on
[5/6/2022 0:6:8] !emotespells on
[5/6/2022 0:10:41] !emotespells on
[5/6/2022 0:12:35] !emotespells on
[5/6/2022 0:14:22] !emotespells on
[5/6/2022 0:16:17] !emotespells on
[5/6/2022 0:18:13] !emotespells on
[5/6/2022 0:20:15] !emotespells on
[5/6/2022 0:22:18] !emotespells on
[5/6/2022 0:24:12] !emotespells on
[5/6/2022 0:26:20] !emotespells on
[5/6/2022 0:28:55] !emotespells on
[5/6/2022 0:31:5] !emotespells on
[5/6/2022 0:33:6] !emotespells on
[5/6/2022 0:35:22] !emotespells on
[5/6/2022 0:37:41] !emotespells on
[5/6/2022 0:39:43] !emotespells on
[5/6/2022 0:41:52] !emotespells on
[5/6/2022 0:48:17] !emotespells on
[5/6/2022 0:50:48] !emotespells on
[5/6/2022 0:53:6] !emotespells on
[5/6/2022 0:55:29] !emotespells on
[5/6/2022 0:57:46] !emotespells on
[5/6/2022 0:59:59] !emotespells on
[5/6/2022 1:2:1] !emotespells on
[5/6/2022 1:4:32] !emotespells on
[5/6/2022 1:6:45] !emotespells on
[5/6/2022 1:8:31] !emotespells on
[5/6/2022 1:10:29] !emotespells on
[5/6/2022 1:12:57] !emotespells on
[5/6/2022 1:15:13] !emotespells on
[5/6/2022 1:17:28] !emotespells on
[5/6/2022 1:19:36] !emotespells on
[5/6/2022 1:22:5] !emotespells on
[5/6/2022 1:28:3] !emotespells on
[5/6/2022 1:30:6] !emotespells on
[5/6/2022 1:31:59] !emotespells on
[5/6/2022 1:34:27] !emotespells on
[5/6/2022 1:36:54] !emotespells on
[5/6/2022 1:39:2] !emotespells on
[5/6/2022 1:41:28] !emotespells on
[5/6/2022 1:44:5] !emotespells on
[5/6/2022 1:46:21] !emotespells on
[5/6/2022 1:48:41] !emotespells on
[5/6/2022 1:50:53] !emotespells on
[5/6/2022 1:53:9] !emotespells on
[5/6/2022 1:55:14] !emotespells on
[5/6/2022 1:57:6] !emotespells on
[5/6/2022 1:59:6] !emotespells on
[5/6/2022 2:1:26] !emotespells on
[5/6/2022 2:3:44] !emotespells on
[5/6/2022 2:9:34] !emotespells on
[5/6/2022 2:11:33] !emotespells on
[5/6/2022 2:13:24] !emotespells on
[5/6/2022 2:15:22] !emotespells on
[5/6/2022 2:17:45] !emotespells on
[5/6/2022 2:20:0] !emotespells on
[5/6/2022 2:22:1] !emotespells on
[5/6/2022 2:23:49] !emotespells on
[5/6/2022 2:25:56] !emotespells on
[5/6/2022 2:27:59] !emotespells on
[5/6/2022 2:29:59] !emotespells on
[5/6/2022 2:32:11] !emotespells on
[5/6/2022 2:34:28] !emotespells on
[5/6/2022 2:37:13] !emotespells on
[5/6/2022 2:39:12] !emotespells on
[5/6/2022 2:41:1] !emotespells on
[5/6/2022 2:42:57] !emotespells on
[5/6/2022 2:45:14] !emotespells on
[5/6/2022 2:47:30] !emotespells on
[5/6/2022 2:49:30] !emotespells on
[5/6/2022 2:51:27] !emotespells on
[5/6/2022 2:53:17] !emotespells on
[5/6/2022 2:55:11] !emotespells on
[5/6/2022 3:1:8] !emotespells on
[5/6/2022 3:3:29] !emotespells on
[5/6/2022 3:5:34] !emotespells on
[5/6/2022 3:7:21] !emotespells on
[5/6/2022 3:9:51] !emotespells on
[5/6/2022 3:11:48] !emotespells on
[5/6/2022 3:13:32] !emotespells on
[5/6/2022 3:15:34] !emotespells on
[5/6/2022 3:17:23] !emotespells on
[5/6/2022 3:19:22] !emotespells on
[5/6/2022 3:21:17] !emotespells on
[5/6/2022 3:23:8] !emotespells on
[5/6/2022 3:25:7] !emotespells on
[5/6/2022 3:27:20] !emotespells on
[5/6/2022 3:29:37] !emotespells on
[5/6/2022 3:32:18] !emotespells on
[5/6/2022 3:34:15] !emotespells on
[5/6/2022 3:35:59] !emotespells on
[5/6/2022 3:37:52] !emotespells on
[5/6/2022 3:40:25] !emotespells on
[5/6/2022 3:46:31] !emotespells on
[5/6/2022 3:48:54] !emotespells on
[5/6/2022 3:50:43] !emotespells on
[5/6/2022 3:53:3] !emotespells on
[5/6/2022 3:55:22] !emotespells on
[5/6/2022 3:57:14] !emotespells on
[5/6/2022 3:59:18] !emotespells on
[5/6/2022 4:1:18] !emotespells on
[5/6/2022 4:3:56] !emotespells on
[5/6/2022 4:5:51] !emotespells on
[5/6/2022 4:7:44] !emotespells on
[5/6/2022 4:9:40] !emotespells on
[5/6/2022 4:11:32] !emotespells on
[5/6/2022 4:13:43] !emotespells on
[5/6/2022 4:15:56] !emotespells on
[5/6/2022 4:18:3] !emotespells on
[5/6/2022 4:20:15] !emotespells on
[5/6/2022 4:22:9] !emotespells on
[5/6/2022 4:24:9] !emotespells on
[5/6/2022 4:26:18] !emotespells on
[5/6/2022 4:28:7] !emotespells on
[5/6/2022 4:34:5] !emotespells on
[5/6/2022 4:36:15] !emotespells on
[5/6/2022 4:38:7] !emotespells on
[5/6/2022 4:39:56] !emotespells on
[5/6/2022 4:41:44] !emotespells on
[5/6/2022 4:44:1] !emotespells on
[5/6/2022 4:46:28] !emotespells on
[5/6/2022 4:48:49] !emotespells on
[5/6/2022 4:50:56] !emotespells on
[5/6/2022 4:52:47] !emotespells on
[5/6/2022 4:54:40] !emotespells on
[5/6/2022 4:56:35] !emotespells on
[5/6/2022 4:58:27] !emotespells on
[5/6/2022 6:5:53] !aol
[5/6/2022 6:11:26] !emotespells on
[5/6/2022 6:13:48] !emotespells on
[5/6/2022 6:16:42] !emotespells on
[5/6/2022 6:19:27] !emotespells on
[5/6/2022 6:22:24] !emotespells on
[5/6/2022 6:25:13] !emotespells on
[5/6/2022 6:28:4] !emotespells on
[5/6/2022 6:36:8] !emotespells on
[5/6/2022 6:39:18] !emotespells on
[5/6/2022 6:42:10] !emotespells on
[5/6/2022 6:44:56] !emotespells on
[5/6/2022 6:47:46] !emotespells on
[5/6/2022 6:51:5] !emotespells on
[5/6/2022 6:57:47] !emotespells on
[5/6/2022 7:0:21] !emotespells on
[5/6/2022 7:3:9] !emotespells on
[5/6/2022 7:6:10] !emotespells on
[5/6/2022 7:8:29] !emotespells on
[5/6/2022 7:10:52] !emotespells on
[5/6/2022 7:13:7] !emotespells on
[5/6/2022 7:15:10] !emotespells on
[5/6/2022 7:16:59] !emotespells on
[5/6/2022 7:19:2] !emotespells on
[5/6/2022 7:20:45] !emotespells on
[5/6/2022 7:22:50] !emotespells on
[5/6/2022 7:24:41] !emotespells on
[5/6/2022 7:26:32] !emotespells on
[5/6/2022 7:28:15] !emotespells on
[5/6/2022 7:30:17] !emotespells on
[5/6/2022 7:32:33] !emotespells on
[5/6/2022 7:34:58] !emotespells on
[5/6/2022 7:37:24] !emotespells on
[5/6/2022 7:43:28] !emotespells on
[5/6/2022 7:45:24] !emotespells on
[5/6/2022 7:47:20] !emotespells on
[5/6/2022 7:49:12] !emotespells on
[5/6/2022 7:51:1] !emotespells on
[5/6/2022 7:52:51] !emotespells on
[5/6/2022 7:54:42] !emotespells on
[5/6/2022 7:56:47] !emotespells on
[5/6/2022 7:58:32] !emotespells on
[5/6/2022 8:0:37] !emotespells on
[5/6/2022 8:2:55] !emotespells on
[5/6/2022 8:4:59] !emotespells on
[5/6/2022 8:7:15] !emotespells on
[5/6/2022 8:9:8] !emotespells on
[5/6/2022 8:11:2] !emotespells on
[5/6/2022 8:12:55] !emotespells on
[5/6/2022 8:14:35] !emotespells on
[5/6/2022 8:16:29] !emotespells on
[5/6/2022 8:18:51] !emotespells on
[5/6/2022 8:21:22] !emotespells on
[5/6/2022 8:24:46] !emotespells on
[5/6/2022 8:34:54] !emotespells on
[5/6/2022 8:38:32] !emotespells on
[5/6/2022 8:42:17] !emotespells on
[5/6/2022 8:46:28] !emotespells on
[5/6/2022 8:55:48] !emotespells on
[5/6/2022 8:59:25] !emotespells on
[5/6/2022 9:2:35] !emotespells on
[5/6/2022 9:6:45] !emotespells on
[5/6/2022 9:10:19] !emotespells on
[5/6/2022 9:20:9] !emotespells on
[5/6/2022 9:23:42] !emotespells on
[5/6/2022 9:27:11] !emotespells on
[5/6/2022 9:30:38] !emotespells on
[5/6/2022 9:40:25] !emotespells on
[5/6/2022 9:43:50] !emotespells on
[5/6/2022 9:47:30] !emotespells on
[5/6/2022 9:50:58] !emotespells on
[5/6/2022 9:54:32] !emotespells on
[5/6/2022 10:3:37] !emotespells on
[5/6/2022 10:7:43] !emotespells on
[5/6/2022 10:11:7] !emotespells on
[5/6/2022 10:15:5] !emotespells on
[5/6/2022 10:24:22] !emotespells on
[5/6/2022 10:28:24] !emotespells on
[5/6/2022 10:31:32] !emotespells on
[5/6/2022 10:34:53] !emotespells on
[5/6/2022 10:38:51] !emotespells on
[5/6/2022 10:47:55] !emotespells on
[5/6/2022 10:51:47] !emotespells on
[5/6/2022 10:55:12] !emotespells on
[5/6/2022 10:58:53] !emotespells on
[5/6/2022 11:2:25] !emotespells on
[5/6/2022 11:14:1] !emotespells on
[5/6/2022 11:17:23] !emotespells on
[5/6/2022 11:21:4] !emotespells on
[5/6/2022 11:24:42] !emotespells on
[5/6/2022 11:34:31] !emotespells on
[5/6/2022 11:38:15] !emotespells on
[5/6/2022 11:41:47] !emotespells on
[5/6/2022 11:45:22] !emotespells on
[5/6/2022 11:48:46] !emotespells on
[5/6/2022 11:58:6] !emotespells on
[5/6/2022 12:1:16] !emotespells on
[5/6/2022 12:5:47] !emotespells on
[5/6/2022 12:9:21] !emotespells on
[5/6/2022 12:19:13] !emotespells on
[5/6/2022 12:23:10] !emotespells on
[5/6/2022 12:26:49] !emotespells on
[5/6/2022 12:29:8] !emotespells on
[5/6/2022 12:34:45] !emotespells on
[5/6/2022 12:38:32] !emotespells on
[5/6/2022 12:42:6] !emotespells on
[5/6/2022 12:46:46] !emotespells on
[5/6/2022 12:50:22] !emotespells on
[5/6/2022 13:0:37] !emotespells on
[5/6/2022 13:6:14] !emotespells on
[5/6/2022 13:9:29] !emotespells on
[5/6/2022 13:12:57] !emotespells on
[5/6/2022 13:16:32] !emotespells on
[5/6/2022 13:19:48] !emotespells on
[5/6/2022 13:28:0] !emotespells on
[5/6/2022 13:31:56] !emotespells on
[5/6/2022 13:35:19] !emotespells on
[5/6/2022 13:38:50] !emotespells on
[5/6/2022 13:42:22] !emotespells on
[5/6/2022 13:52:8] !emotespells on
[5/6/2022 13:55:59] !emotespells on
[5/6/2022 14:0:18] !emotespells on
[5/6/2022 14:3:42] !emotespells on
[5/6/2022 14:7:43] !emotespells on
[5/6/2022 14:17:35] !emotespells on
[5/6/2022 14:20:37] !emotespells on
[5/6/2022 14:24:8] !emotespells on
[5/6/2022 14:27:50] !emotespells on
[5/6/2022 14:32:9] !emotespells on
[5/6/2022 14:40:43] !emotespells on
[5/6/2022 14:44:21] !emotespells on
[5/6/2022 14:47:51] !emotespells on
[5/6/2022 14:50:35] !emotespells on
[5/6/2022 14:53:34] !emotespells on
[5/6/2022 14:57:19] !emotespells on
[5/6/2022 15:0:4] !emotespells on
[5/6/2022 15:7:43] !emotespells on
[5/6/2022 15:8:19] !online
[5/6/2022 15:10:25] !emotespells on
[5/6/2022 15:13:39] !emotespells on
[5/6/2022 15:15:44] !emotespells on
[5/6/2022 15:17:41] !emotespells on
[5/6/2022 15:23:11] !aol
[5/6/2022 15:28:46] !emotespells on
[5/6/2022 21:53:52] !online
[6/6/2022 9:32:19] !aol
