[14/12/2021 17:5:5] !serverinfo
[15/12/2021 11:7:34] !emotespells
[15/12/2021 11:7:39] !emotespells on
[15/12/2021 14:52:51] !wand ice
[15/12/2021 14:52:59] !wand ice
[15/12/2021 14:53:12] !wand holy
[15/12/2021 14:53:22] !wand ice
[15/12/2021 14:53:26] !wand holy
[15/12/2021 14:53:28] !wand holy
[15/12/2021 14:53:31] !wand holy
[15/12/2021 14:53:33] !wand holy
[15/12/2021 14:53:44] !wand holy
[15/12/2021 14:53:50] !wand holy
[15/12/2021 14:54:6] !wand holy
[15/12/2021 14:54:14] !wand ice
[15/12/2021 14:54:26] !wand ice
[15/12/2021 14:54:52] !wand ice
[15/12/2021 15:6:35] !wand holy
[15/12/2021 15:11:15] !wand ice
[15/12/2021 17:27:32] !rank magic
[15/12/2021 18:40:22] !frags
[15/12/2021 20:55:3] !frags
[15/12/2021 21:1:49] !frags
[16/12/2021 0:46:28] !wand ice
[16/12/2021 1:50:21] !wand ice
[16/12/2021 10:1:25] !wand ice
[16/12/2021 15:22:24] !frags
[16/12/2021 15:55:6] !serverinfo
[16/12/2021 17:33:3] !wand ice
[20/12/2021 12:47:53] !serverinfo
[20/12/2021 13:9:51] !wand ice
[20/12/2021 13:14:0] !wand holy
[20/12/2021 13:28:36] !rank magic
[20/12/2021 13:28:39] !rank magic
[20/12/2021 16:15:13] !online
[20/12/2021 16:36:27] !wand ice
[20/12/2021 17:0:34] !wand ice
[20/12/2021 17:0:37] !wand ice
[20/12/2021 18:50:31] !wand ice
[20/12/2021 22:1:6] !frags
[21/12/2021 9:21:44] !online
[21/12/2021 10:29:59] !online
[21/12/2021 11:43:52] !online
[21/12/2021 12:34:39] !online
[21/12/2021 14:15:16] !online
[21/12/2021 18:45:33] !online
[21/12/2021 20:8:16] !online
[21/12/2021 20:14:29] !wand ice
[21/12/2021 20:31:36] !wand holy
[21/12/2021 20:35:17] !wand terra
[21/12/2021 20:35:21] !wand terra
[21/12/2021 20:35:55] !wand tera
[21/12/2021 20:36:2] !wand tera
[21/12/2021 20:53:44] !online
[21/12/2021 21:16:8] !online
[21/12/2021 22:28:41] !wand ice
[21/12/2021 23:15:51] !wand death
[22/12/2021 1:32:11] !online
[22/12/2021 6:42:42] !online
[22/12/2021 9:48:40] !online
[22/12/2021 10:43:31] !wand ice
[22/12/2021 13:4:48] !online
[22/12/2021 14:29:18] !online
[22/12/2021 18:2:52] !online
[22/12/2021 20:41:58] !online
[22/12/2021 21:10:30] !online
[22/12/2021 21:14:45] !online
[28/5/2022 15:21:36] !online
[28/5/2022 21:0:31] !rank
[28/5/2022 21:0:36] !rank level
