[10/2/2022 22:3:59] !online
[10/2/2022 23:12:17] !rank
[10/2/2022 23:12:22] !rank level
[10/2/2022 23:40:51] !rank magic level
[10/2/2022 23:40:56] !rank magic
[10/2/2022 23:45:13] !rank level
[11/2/2022 0:8:45] !buyhouse
[11/2/2022 0:8:55] !buyhouse
[11/2/2022 0:9:2] !buyhouse
[11/2/2022 0:9:14] !buyhouse
[11/2/2022 0:19:10] !online
[11/2/2022 5:45:14] 
[11/2/2022 7:31:4] !rank level
[11/2/2022 12:39:22] !rank level
[11/2/2022 14:21:55] !frags
[12/2/2022 9:22:17] !rank magic
[12/2/2022 17:10:37] !frags
[12/2/2022 17:41:48] !frags
[12/2/2022 17:53:20] 
[12/2/2022 19:59:13] !rank magic
[12/2/2022 21:52:32] !frags
[12/2/2022 22:51:58] !frags
[12/2/2022 23:4:12] !frags
[12/2/2022 23:46:42] !frags
[13/2/2022 0:9:33] !emotespells
[13/2/2022 0:9:42] !emotespells off
[13/2/2022 3:7:41] !frags
[13/2/2022 20:54:30] !rank level
[13/2/2022 20:54:38] 
[13/2/2022 20:54:49] !rank level
[13/2/2022 22:37:29] !addon oriental
[13/2/2022 22:49:33] !frags
[14/2/2022 1:59:14] !frags
[14/2/2022 2:20:42] !emotespells
[14/2/2022 2:20:46] !emotespells off
[14/2/2022 2:22:21] !aol
[14/2/2022 5:48:36] 
[14/2/2022 12:50:9] !rank magic
[15/2/2022 21:33:30] !addon warmaster
[15/2/2022 21:35:25] !frags
[15/2/2022 23:11:45] !frags
[15/2/2022 23:49:42] 
[16/2/2022 1:44:45] 
[16/2/2022 15:27:47] !online
[17/2/2022 9:5:25] 
[17/2/2022 19:45:38] !rank magic
[18/2/2022 20:10:43] 
[19/2/2022 16:39:3] !rank axe
[19/2/2022 21:17:56] !rank axe
[19/2/2022 21:18:14] !rank magic
[20/2/2022 0:50:35] !rank magic
[20/2/2022 14:17:12] !rank magic
[21/2/2022 20:17:28] !rank magic 
[22/2/2022 2:26:44] !rank magic
