[11/12/2021 21:55:21] !doubleexp
[12/12/2021 16:44:9] !aol
[13/12/2021 15:0:39] !buyhouse
[14/12/2021 22:1:32] !frags
[23/12/2021 0:34:5] !tradeoff buy, 15
[23/12/2021 0:41:49] !tradeoff add, 50
[23/12/2021 0:44:19] !tradeoff buy, 17
[23/12/2021 0:46:51] !tradeoff buy, 18
[24/12/2021 10:13:52] !eject
[24/12/2021 10:14:9] !eject
[24/12/2021 10:29:27] !eject
[24/12/2021 10:29:35] !eject
[24/12/2021 10:29:38] !eject
[24/12/2021 10:29:46] !eject
[24/12/2021 10:29:48] !eject
[24/12/2021 10:29:52] !eject
[24/12/2021 10:29:56] !eject
[25/12/2021 1:48:11] !tradeoff buy, 16
[25/12/2021 2:31:48] !rank magic
[26/12/2021 0:22:35] !serverinfo
[28/12/2021 7:19:28] !serverinfo
[30/12/2021 10:15:0] !eject
[30/12/2021 10:15:3] !eject
[30/12/2021 10:15:10] !buyhouse
[30/12/2021 10:15:26] !leavehouse
[30/12/2021 10:15:36] !buyhouse
[31/12/2021 11:33:20] aleta sio
[31/12/2021 15:40:32] !eject
[6/1/2022 9:56:47] !eject
[6/1/2022 20:52:48] !protecthouse
[6/1/2022 20:52:53] !protecthouse off
[6/1/2022 20:53:52] aleta sio
[6/1/2022 21:47:15] !eject
[8/1/2022 0:47:24] !eject
[14/1/2022 22:6:8] !eject
[10/2/2022 20:24:44] !aol
[11/2/2022 21:56:56] !frags
[11/2/2022 22:3:48] !frags
[11/2/2022 23:26:18] aleta sio
[11/2/2022 23:26:38] !protecthouse off
[11/2/2022 23:27:1] aleta sio
[13/2/2022 20:24:54] aleta sio
[13/2/2022 20:25:3] aleta grav
[13/2/2022 20:25:6] aleta grav
[13/2/2022 20:25:9] aleta som
[13/2/2022 20:34:48] aleta som
[15/2/2022 23:14:9]  oi seu merdinha
[20/2/2022 22:31:5] !rank level
[23/2/2022 22:15:28] !emotespells on
[27/2/2022 12:5:37] aleta som
[2/3/2022 23:14:23] !protecthouse off
[2/3/2022 23:14:26] !protecthouse off
[27/5/2022 20:54:5]  e ai porra?
[27/5/2022 23:3:57] !aol
[28/5/2022 8:46:19] !emotespells on
[28/5/2022 12:40:52] !serverinfo
[28/5/2022 12:42:53] !serverinfo
[31/5/2022 20:21:54] !addon mage
[31/5/2022 20:35:20] !addon golden
[31/5/2022 22:18:17] !aol
[1/6/2022 0:43:5] !serverinfo
[1/6/2022 13:47:57] !serverinfo
[1/6/2022 14:4:48] !emotespells on
[1/6/2022 16:34:19] !serverinfo
[1/6/2022 16:34:39] !serverinfo
[2/6/2022 1:2:2] !serverinfo
[4/6/2022 0:37:51] !addon lion of war
[4/6/2022 0:41:8] !addon dragon slayer
[4/6/2022 0:41:30] !addon ranger
[4/6/2022 1:15:59] !addon elementalist
[5/6/2022 16:1:13] !tradeoff buy, 122
