[10/2/2022 20:11:56] !online
[10/2/2022 20:13:19] !buyhouse
[10/2/2022 20:13:21] !buyhouse
[12/2/2022 9:48:3] !serverinfo
[13/2/2022 16:23:47] !buyhouse
[13/2/2022 16:23:51] aleta sio
[13/2/2022 22:59:49] !online
[14/2/2022 14:41:36] !aol
[16/2/2022 14:8:23] !serverinfo
[24/2/2022 11:13:18] !aol
[24/2/2022 11:16:41] !aol
[24/2/2022 12:17:4] !buyhouse
[24/2/2022 14:30:3] !frags
[24/2/2022 14:48:31] !buyhouse
[24/2/2022 14:48:37] !buyhouse
[24/2/2022 14:48:49] !buyhouse
[24/2/2022 14:49:18] !buyhouse
[24/2/2022 14:49:23] !buyhouse
[24/2/2022 14:49:33] !buyhouse
[24/2/2022 14:50:52] !buyhouse
[24/2/2022 14:52:1] !buyhouse
[24/2/2022 15:36:40] !buyhouse
[24/2/2022 22:13:1] !frags
[25/2/2022 12:19:51] !buyhouse
[25/2/2022 12:19:59] !buyhouse
[25/2/2022 12:20:27] !buyhouse
[25/2/2022 12:24:30] aleta sio
[25/2/2022 13:5:38] !protecthouse off
[26/2/2022 13:44:42] !frags
[26/2/2022 14:5:12] !frags
[26/2/2022 14:55:13] !emotespells on
[26/2/2022 15:8:16] aleta som
[26/2/2022 15:8:21] aleta sio
[26/2/2022 15:8:25] aleta sio
[26/2/2022 15:8:29] aleta grav
[28/2/2022 0:45:6] !frags
[28/2/2022 5:8:0] !serverinfo
[1/3/2022 0:12:42] !aol
[1/3/2022 10:11:46] aleta sio
[2/3/2022 14:4:49] aleta sio
[2/3/2022 22:32:17] !online
