[31/5/2022 19:32:22] !rank level
[31/5/2022 19:48:29] !rank level
[31/5/2022 19:52:37] !serverinfo
[31/5/2022 19:52:40] !aol
[31/5/2022 19:52:45] !rank level
[31/5/2022 19:53:24] !rank magic
[31/5/2022 19:54:55] !rank level
[31/5/2022 19:55:13] !rank level
[31/5/2022 19:56:7] !rank level
[31/5/2022 19:59:23] !rank level
[31/5/2022 20:0:2] !aol
[31/5/2022 20:3:40] !rank level
[31/5/2022 20:6:20] !rank level
[31/5/2022 20:9:4] !rank level
[31/5/2022 20:10:12] !rank amgic
[31/5/2022 20:10:14] !rank magic
[31/5/2022 20:17:6] !rank level
[31/5/2022 20:19:49] !aol
[31/5/2022 20:20:2] !rank level
[31/5/2022 20:21:57] !rank level
[31/5/2022 20:26:22] !rank level
[31/5/2022 20:29:11] !rank level
[31/5/2022 20:30:13] !rank magic
[31/5/2022 20:32:56] !aol
[31/5/2022 20:33:49] !aol
[31/5/2022 20:42:30] !rank level
[31/5/2022 20:47:17] !rank level
[31/5/2022 20:48:0] !aol
[31/5/2022 20:59:3] !rank magic
[31/5/2022 21:13:46] !online
[31/5/2022 22:3:16] !aol
[31/5/2022 23:15:1] !rank level
[31/5/2022 23:48:35] !online
[1/6/2022 0:39:19] !rank magic
[1/6/2022 1:0:50] !frags
[1/6/2022 1:1:36] !frags
[1/6/2022 1:34:57] !rank level
[1/6/2022 7:38:11] !rank level
[1/6/2022 7:38:26] !rank magic
[1/6/2022 7:44:15] !rank level
[1/6/2022 9:17:22] !rank level
[1/6/2022 18:35:9] !rank level
[1/6/2022 18:36:3] !emotespells
[1/6/2022 18:36:7] !emotespells on
[2/6/2022 1:39:48] !online
[2/6/2022 3:37:38] !rank magic
[2/6/2022 4:3:14] !frags
[2/6/2022 8:37:29] !serverinfo
[2/6/2022 8:37:32] !serverinfo
[2/6/2022 18:12:35] !rank magic
[2/6/2022 18:12:50] !rank level
[2/6/2022 23:29:47] !go
[3/6/2022 1:58:38] !tradeoff buy, 84
[3/6/2022 2:12:58] !tradeoff add, pharaot rod
[3/6/2022 16:47:22] !frags
[3/6/2022 16:57:48] !frags
[3/6/2022 17:0:42] !frags
[3/6/2022 17:15:58] !frags
[3/6/2022 17:34:29] !frags
[3/6/2022 20:34:40] !rank level
[3/6/2022 20:49:13] !frags
[3/6/2022 21:1:59] !rank magic
[3/6/2022 21:49:53] !rank magic
[3/6/2022 22:12:24] !online
[3/6/2022 22:45:33] !frags
[4/6/2022 1:9:22] !tradeoff buy, 105
[4/6/2022 1:17:2] !tradeoff add, 5000000
[4/6/2022 16:46:14] !buyhouse
[4/6/2022 16:47:0] !frags
[5/6/2022 1:35:23] 
[5/6/2022 8:15:16] !rank  magic
[5/6/2022 14:10:38] !addon mage
[5/6/2022 14:10:59] !addon mage
[5/6/2022 14:12:8] !addon rascoohan
[5/6/2022 14:14:8] !tradeoff remove, 90
[5/6/2022 14:50:5] !frags
[5/6/2022 15:32:49] !rank magic
[5/6/2022 16:55:48] !rank magic
[5/6/2022 18:5:7] !online
[6/6/2022 8:41:14] !rank level
[6/6/2022 17:58:28] !rank magic
[6/6/2022 20:23:52] !frags
[6/6/2022 22:22:10] !frags
[7/6/2022 2:14:46] !aol
[7/6/2022 2:14:49] !aol
[7/6/2022 2:14:55] !aol
[8/6/2022 8:3:52] !frags
[8/6/2022 23:8:47] !online
