[11/12/2021 23:21:16] !aol
[11/12/2021 23:21:55] !aol
[11/12/2021 23:24:32] !aol
[11/12/2021 23:25:39] !aol
[12/12/2021 16:24:17] !aol
[12/12/2021 22:46:34] !aol
[12/12/2021 23:27:10] !aol
[13/12/2021 9:39:57] !aol
[13/12/2021 11:11:7] !aol
[13/12/2021 11:12:42] !aol
[13/12/2021 11:15:54] !aol
[13/12/2021 11:21:52] !aol
[13/12/2021 13:15:52] !aol
[13/12/2021 20:50:43] !emotespells on
[13/12/2021 20:56:9] !aol
[13/12/2021 23:48:33] !aol
[14/12/2021 11:51:18] !rank distance
[14/12/2021 19:17:7] !serverinfo
[14/12/2021 19:17:32] !serverinfo
[17/12/2021 12:0:47] !aol
[18/12/2021 8:56:21] !rank
[18/12/2021 8:56:24] !rank level
[18/12/2021 8:57:24] !rank magic
[18/12/2021 8:57:30] !rank distance
[18/12/2021 12:14:40] !rank level
[22/12/2021 11:21:35] !rank distance
[23/12/2021 7:58:4] !rank level
[24/12/2021 13:59:31] !rank level
[24/12/2021 14:0:5] !rank level
[25/12/2021 18:20:54] !rank level
[27/12/2021 4:53:58] !rank level
[2/1/2022 23:55:48] !frags
[3/1/2022 0:4:18] !online
[7/1/2022 23:17:32] !addon Assassin
[8/1/2022 21:47:18] !rank level
[9/1/2022 10:30:56] !rank level
