[11/12/2021 23:17:27] !aol
[11/12/2021 23:21:38] !aol
[11/12/2021 23:32:58] !rank level
[12/12/2021 0:18:54] !aol
[12/12/2021 8:20:7] !rank magic
[12/12/2021 16:21:9] !rank
[12/12/2021 16:21:12] !rank level
[12/12/2021 22:45:43] !rank level
[13/12/2021 11:21:56] !aol
[13/12/2021 20:50:41] !emotespells on
[13/12/2021 21:25:23] !guildpoints
[13/12/2021 21:46:6] !guildpoints
[14/12/2021 11:20:3] !rank magic
[14/12/2021 11:44:35] !rank magic
[14/12/2021 21:33:35] !rank magic
[16/12/2021 11:40:13] !rank magic
[17/12/2021 2:49:33] !rank magic
[17/12/2021 9:9:33] !rank magic
[17/12/2021 13:1:5] !rank magic
[17/12/2021 13:24:10] !rank magic
[17/12/2021 13:41:11] !rank sword
[17/12/2021 18:5:53] !rank magic
[18/12/2021 0:36:19] !rank magic
[18/12/2021 8:35:38] !rank magic
[18/12/2021 10:27:41] !online
[18/12/2021 11:52:27] !rank magic
[18/12/2021 18:49:15] !rank magic
[18/12/2021 19:7:5] !rank level
[18/12/2021 19:31:55] !rank magic
[18/12/2021 19:43:59] !frags
[18/12/2021 20:7:54] !frags
[19/12/2021 10:39:52] !rank magic
[19/12/2021 16:9:11] !rank magic
[19/12/2021 18:11:42] !rank
[19/12/2021 18:11:46] !rank level
[19/12/2021 18:28:20] !rank magic
[19/12/2021 18:36:52] !frags
[20/12/2021 0:34:43] !rank magic
[20/12/2021 8:32:32] !rank magic
[21/12/2021 8:44:30] !rank magic
[21/12/2021 10:19:23] !rank magic
[21/12/2021 23:19:34] !rank magic
[22/12/2021 10:58:0] !rank magic
[22/12/2021 17:57:50] !rank magic
[23/12/2021 7:55:55] !rank magic
[23/12/2021 8:44:50] !rank magic
[24/12/2021 12:33:56] !rank magic
[24/12/2021 13:56:3] !rank magic
[24/12/2021 18:27:11] !rank magic
[24/12/2021 22:14:16] !rank magic
[25/12/2021 2:11:21] !buyhouse
[25/12/2021 2:31:45] !rank magic
[25/12/2021 3:11:11] !rank magic
[25/12/2021 11:33:17] !rank magic
[26/12/2021 0:33:10] !rank magic
[26/12/2021 0:33:17] !rank magic
[26/12/2021 9:47:46] !rank magic
[26/12/2021 12:36:1] !frags
[26/12/2021 12:54:5] !frags
[27/12/2021 2:36:41] !rank magic
[27/12/2021 9:10:17] !rank magic
[30/12/2021 16:24:5] !rank magic
[1/1/2022 8:33:10] !rank magic
[1/1/2022 15:57:2] !online
[2/1/2022 2:23:0] !frags
[2/1/2022 2:43:44] !aol
[2/1/2022 9:7:22] !frags
[2/1/2022 13:40:6] !aol
[2/1/2022 23:55:51] !frags
[4/1/2022 3:1:50] !rank magic
[5/1/2022 10:20:19] !rank magic
[7/1/2022 11:25:17] !online
[7/1/2022 23:21:20] !addon Summoner
[9/1/2022 5:15:53] !rank magic
