[10/12/2021 20:44:44] !aol
[10/12/2021 20:44:53] !aol
[10/12/2021 20:48:10] !wand fire
[10/12/2021 20:50:11] !aol
[10/12/2021 21:0:49] !aol
[10/12/2021 21:40:44] !aol
[10/12/2021 23:49:23] !wand ice
[11/12/2021 7:30:17] !aol
[11/12/2021 19:58:15] !aol
[12/12/2021 3:41:21] !aol
[13/12/2021 0:38:19] !aol
[13/12/2021 14:26:53] !aol
[13/12/2021 15:21:25] !aol
[13/12/2021 19:45:56] !wand ice
[13/12/2021 21:47:53] !aol
[13/12/2021 21:55:8] !frags
[13/12/2021 21:55:11] !frags
[13/12/2021 21:55:15] !frags
[13/12/2021 22:0:18] !aol
[14/12/2021 18:44:58] !wand ice
[14/12/2021 19:41:58] !wand 
[14/12/2021 19:42:4] !wand death
[14/12/2021 19:42:11] !wand holy
[15/12/2021 9:58:10] !wand ice
[15/12/2021 19:15:34] !wand 
[15/12/2021 19:15:42] !wand death,
[15/12/2021 19:15:47] !wand death
[15/12/2021 20:5:14] !wand ice
[15/12/2021 21:53:23] !wand ice
[15/12/2021 21:58:1] !wand ice
[15/12/2021 22:2:20] !aol
[15/12/2021 22:2:35] !aol
[16/12/2021 11:50:27] !wand ice
[19/12/2021 22:54:1] !wand ice
[20/12/2021 20:49:31] !wand ice
[20/12/2021 21:2:8] !wand iced
[20/12/2021 21:2:11] !wand ice
[20/12/2021 21:31:39] !wand
[20/12/2021 21:31:45] !wand death,
[20/12/2021 21:31:48] !wand death
[20/12/2021 22:4:23] !wand
[20/12/2021 22:4:32] !wand death
[22/12/2021 17:22:31] !wand ice
[24/12/2021 20:9:25] !wand ice
[26/12/2021 8:34:23] !wand ice
[28/12/2021 18:11:33] !wand ice
