[3/6/2022 2:29:47] !guildpoints
[3/6/2022 2:38:23] !guildpoints
[3/6/2022 2:39:4] !guildpoints
[3/6/2022 2:40:22] !guildpoints
[3/6/2022 2:44:29] !guildpoints
[3/6/2022 2:44:33] !guildpoints
[3/6/2022 2:44:36] !guildpoints
[3/6/2022 2:44:40] !guildpoints
[3/6/2022 2:44:42] !guildpoints
[3/6/2022 2:44:45] !guildpoints
[3/6/2022 2:44:52] !guildpoints
[3/6/2022 2:45:9] !guildpoints
[3/6/2022 2:45:36] !guildpoints
[3/6/2022 2:45:51] !guildpoints
[3/6/2022 2:45:54] !guildpoints
[3/6/2022 11:26:12] !tradeoff add, 150000
[3/6/2022 11:26:22] !tradeoff add, 15000
[3/6/2022 11:49:0] !tradeoff remove, 93
[3/6/2022 13:14:55] !online
[4/6/2022 0:36:38] !tradeoff add, 500000
[4/6/2022 0:36:50] !tradeoff add, 200000
[4/6/2022 0:36:57] !tradeoff add, 500000
[4/6/2022 0:37:10] !tradeoff add, 500000
[4/6/2022 0:37:24] !tradeoff add, 500000
[4/6/2022 0:41:3] !online
[4/6/2022 0:50:44] !tradeoff add 650000
[4/6/2022 0:50:46] !tradeoff add 650000
[4/6/2022 0:50:51] !tradeoff add, 650000
[4/6/2022 0:51:5] !tradeoff add, 25000000
[4/6/2022 0:51:7] !tradeoff add, 25000000
[4/6/2022 0:51:14] !tradeoff add, 25000000
[4/6/2022 0:51:17] !tradeoff add, 25000000
[4/6/2022 0:51:20] !tradeoff add, 25000000
[4/6/2022 0:51:23] !tradeoff add, 25000000
[4/6/2022 0:51:28] !tradeoff add, 25000000
[4/6/2022 0:53:25] !tradeoff add, 25000000
[4/6/2022 0:53:28] !tradeoff add, 25000000
[4/6/2022 0:54:11] !tradeoff add, 25000000
[4/6/2022 0:55:43] !tradeoff remove, 102
[4/6/2022 0:55:54] !tradeoff remove, 101
[4/6/2022 0:56:45] !tradeoff add, 650000
[4/6/2022 1:9:56] !tradeoff add, 650000
[4/6/2022 1:10:2] !tradeoff add, 650000
[4/6/2022 1:10:4] !tradeoff add, 650000
[5/6/2022 12:39:24] !online
[5/6/2022 14:24:35] !tradeoff add, 666666
[7/6/2022 13:6:34] !buyhouse
[7/6/2022 13:48:34] !tradeoff add, 8122222
[7/6/2022 15:37:5] !tradeoff add, 4000000
[9/6/2022 0:2:53] !online
