[11/12/2021 13:24:51] !emotespells
[11/12/2021 13:24:57] !emotespells on
[11/12/2021 13:40:50] !aol
[11/12/2021 13:44:13] !aol
[11/12/2021 13:46:8] !aol
[11/12/2021 13:51:58] !aol
[11/12/2021 13:58:18] !aol
[11/12/2021 13:59:25] !aol
[11/12/2021 14:24:10] !guildpoints
[11/12/2021 14:24:34] !guildpoints
[12/12/2021 21:53:57] !aol
[12/12/2021 22:13:20] 
[12/12/2021 22:37:45] !guildpoints
[13/12/2021 8:57:55] !buyhouse
[13/12/2021 15:26:12] !aol
[23/12/2021 8:45:21] !aol
[23/12/2021 8:57:58] 
[23/12/2021 9:10:23] !aol
[23/12/2021 9:31:37] !aol
[3/1/2022 16:1:4] !aol
