[12/2/2022 22:51:26] !emotespells on
[12/2/2022 23:51:13] !serverinfo
[13/2/2022 0:40:45] !emotespells on
[13/2/2022 0:46:18] !emotespells on
[13/2/2022 1:8:50] !emotespells on
[13/2/2022 1:10:9] !aol
[13/2/2022 1:11:2] !emotespells on
[13/2/2022 1:12:56] !aol
[13/2/2022 1:15:23] !emotespells on
[13/2/2022 1:15:35] !aol
[13/2/2022 1:16:58] !emotespells on
[13/2/2022 1:19:35] !aol
[13/2/2022 3:54:22] !emotespells on
[13/2/2022 21:16:59] !emotespells on
[14/2/2022 2:43:30] !emotespells on
[14/2/2022 3:12:59] !emotespells on
[14/2/2022 19:42:59] !frags
[14/2/2022 20:18:35] !emotespells on
[14/2/2022 22:45:55] !emotespells on
[14/2/2022 22:49:12] !emotespells on
[15/2/2022 0:36:44] !emotespells on
[15/2/2022 2:48:48] !emotespells on
[15/2/2022 21:2:56] !emotespells on
[15/2/2022 21:5:55] !addon oriental
[16/2/2022 1:41:45] !frags
[16/2/2022 1:45:41] !rank level
[16/2/2022 2:48:7] !emotespells on
[16/2/2022 22:56:0] !emotespells on
[17/2/2022 2:42:4] !emotespells on
[17/2/2022 22:33:43] !emotespells on
[17/2/2022 22:43:14] !emotespells on
[18/2/2022 2:40:10] !tradeoff remove, event coin
[18/2/2022 2:40:13] !tradeoff remove, event coin
[18/2/2022 10:31:54] !emotespells on
[19/2/2022 0:2:26] !emotespells on
[19/2/2022 18:27:25] !emotespells on
[20/2/2022 2:22:50] !emotespells on
[20/2/2022 2:59:1] !emotespells on
