[11/2/2022 14:8:50] !aol
[11/2/2022 15:2:5] !emotespells on
[11/2/2022 17:9:15] 
[11/2/2022 17:43:24] 
[12/2/2022 11:13:2] !aol
[12/2/2022 11:16:38] !aol
[12/2/2022 11:19:56] !aol
[12/2/2022 13:44:23] !frags
[14/2/2022 12:57:21] !aol
[14/2/2022 13:3:41] !aol
[14/2/2022 13:11:14] !aol
[14/2/2022 14:7:55] !aol
[14/2/2022 14:15:12] !aol
[15/2/2022 13:31:14] !eject
[16/2/2022 9:12:43] !serverinfo
[16/2/2022 9:43:13] !serverinfo
[16/2/2022 12:52:33] !aol
[16/2/2022 13:59:41] !aol
[16/2/2022 19:54:50] !aol
[16/2/2022 19:56:42] !aol
[16/2/2022 20:2:1] !aol
[16/2/2022 20:36:19] !aol
[20/2/2022 0:31:32] !aol
[20/2/2022 15:35:29] !aol
