[11/12/2021 21:35:50] !rank
[11/12/2021 21:35:54] !rank sword
[12/12/2021 14:49:43] !serverinfo
[12/12/2021 15:1:46] !serverinfo
[12/12/2021 23:54:15] !rank sword
[13/12/2021 0:0:58] !rank axe
[13/12/2021 22:42:31] !rank level
[13/12/2021 22:42:36] !serverinfo
[19/12/2021 20:41:53] !rank
[19/12/2021 20:41:56] !rank level
[28/12/2021 21:8:55] !online
[29/12/2021 0:8:30] !serverinfo
[28/2/2022 0:16:57] !aol
[28/2/2022 0:18:1] !serverinfo
[28/2/2022 2:15:14] !aol
[28/2/2022 2:18:19] !rank distance
[28/2/2022 2:18:48] !serverinfo
[28/2/2022 2:22:45] !online
[5/3/2022 0:6:47] !online
[6/3/2022 15:31:30] !online
[6/3/2022 19:36:19] !online
[6/3/2022 19:43:30] !online
