[13/2/2022 1:33:27] !aol
[13/2/2022 14:16:31] !aol
[13/2/2022 15:36:40] !aol
[13/2/2022 16:10:25] !aol
[13/2/2022 16:33:34] !aol
[13/2/2022 16:54:40] !aol
[13/2/2022 17:51:13] !aol
[13/2/2022 19:18:23] !aol
[13/2/2022 22:11:50] !online
[16/2/2022 23:57:9] 
[17/2/2022 20:52:45] 
[17/2/2022 23:58:32] 
[18/2/2022 15:40:49] !aol
[18/2/2022 15:41:18] !aol
[18/2/2022 22:35:45] !online
[20/2/2022 14:34:48] !aol
[23/2/2022 21:35:54] !aol
[23/2/2022 21:37:30] !aol
[23/2/2022 21:43:14] !aol
[23/2/2022 21:48:57] !aol
[23/2/2022 21:55:47] !aol
[23/2/2022 21:58:59] !aol
[23/2/2022 22:35:24] !aol
[23/2/2022 22:37:7] !aol
[26/2/2022 22:17:56] !online
[26/2/2022 22:24:32] !aol
[26/2/2022 22:28:16] !aol
[26/2/2022 22:39:28] !aol
[27/2/2022 11:21:23] !rank magic
[27/2/2022 21:54:18] !aol
[27/2/2022 21:55:11] 
[28/2/2022 8:56:6] !aol
[28/2/2022 9:8:40] !aol
[28/2/2022 9:20:12] 
[28/2/2022 10:6:18] !aol
[28/2/2022 10:32:12] 
[28/2/2022 10:51:28] 
[28/2/2022 11:20:48] !aol
[28/2/2022 22:3:36] !rank magic
[28/2/2022 22:46:51] !aol
[1/3/2022 4:44:15] 
[1/3/2022 12:41:5] !online
[1/3/2022 13:4:17] !frags
[1/3/2022 13:8:39] !online
[1/3/2022 13:11:34] !online
[1/3/2022 18:33:31] !buyhouse
[1/3/2022 19:29:40] aleta sio
[3/3/2022 21:21:46] !online
[3/3/2022 21:53:11] !rank fistance
[3/3/2022 21:53:17] !rank distance
[4/3/2022 19:28:18] !online
[5/3/2022 10:15:32] !online
[5/3/2022 23:9:9] 
[6/3/2022 0:56:9] 
[6/3/2022 21:12:1] !online
