[27/5/2022 20:29:42] !emotespells
[27/5/2022 20:29:54] !emotespells
[27/5/2022 20:29:56] !emotespells
[27/5/2022 20:31:10] !emotespells on
[27/5/2022 20:31:42] !online
[27/5/2022 22:15:51] !aol
[27/5/2022 23:39:19] !online
[28/5/2022 21:11:57] !frags
[29/5/2022 6:11:12] !emotespells on
[29/5/2022 6:18:14] !emotespells on
[29/5/2022 6:23:36] !emotespells on
[29/5/2022 6:28:2] !emotespells on
[29/5/2022 6:32:23] !emotespells on
[29/5/2022 6:36:46] !emotespells on
[29/5/2022 6:40:56] !emotespells on
[29/5/2022 6:44:53] !emotespells on
[29/5/2022 6:49:43] !emotespells on
[29/5/2022 6:54:31] !emotespells on
[29/5/2022 6:58:58] !emotespells on
[29/5/2022 7:3:1] !emotespells on
[29/5/2022 7:6:56] !emotespells on
[29/5/2022 7:11:32] !emotespells on
[29/5/2022 7:15:53] !emotespells on
[29/5/2022 7:21:9] !emotespells on
[29/5/2022 7:27:5] !emotespells on
[29/5/2022 7:31:33] !emotespells on
[29/5/2022 7:34:40] !emotespells on
[29/5/2022 7:38:50] !emotespells on
[29/5/2022 7:43:5] !emotespells on
[29/5/2022 7:46:44] !emotespells on
[29/5/2022 7:51:11] !emotespells on
[29/5/2022 7:55:30] !emotespells on
[29/5/2022 7:59:23] !emotespells on
[29/5/2022 8:3:31] !emotespells on
[29/5/2022 8:7:45] !emotespells on
[29/5/2022 8:13:20] !emotespells on
[29/5/2022 8:18:33] !emotespells on
[29/5/2022 8:23:3] !emotespells on
[29/5/2022 8:27:6] !emotespells on
[29/5/2022 8:31:2] !emotespells on
[29/5/2022 8:35:4] !emotespells on
[29/5/2022 8:39:56] !emotespells on
[29/5/2022 8:45:23] !emotespells on
[29/5/2022 8:49:9] !emotespells on
[29/5/2022 8:54:19] !emotespells on
[29/5/2022 8:59:6] !emotespells on
[29/5/2022 9:2:37] !emotespells on
[29/5/2022 9:6:52] !emotespells on
[29/5/2022 9:11:43] !emotespells on
[29/5/2022 9:16:1] !emotespells on
[29/5/2022 9:20:30] !emotespells on
[29/5/2022 9:24:24] !emotespells on
[29/5/2022 9:27:48] !emotespells on
[29/5/2022 9:32:25] !emotespells on
[29/5/2022 9:36:52] !emotespells on
[29/5/2022 9:41:54] !emotespells on
[29/5/2022 9:45:51] !emotespells on
[29/5/2022 9:50:6] !emotespells on
[29/5/2022 10:14:40] !emotespells on
[29/5/2022 10:21:20] !emotespells on
[29/5/2022 10:25:47] !emotespells on
[29/5/2022 10:29:57] !emotespells on
[29/5/2022 10:34:57] !emotespells on
[29/5/2022 10:38:50] !emotespells on
[29/5/2022 10:43:23] !emotespells on
[29/5/2022 10:47:21] !emotespells on
[29/5/2022 10:52:34] !emotespells on
[29/5/2022 10:56:40] !emotespells on
[29/5/2022 11:1:16] !emotespells on
[29/5/2022 11:6:12] !emotespells on
[29/5/2022 11:10:31] !emotespells on
[29/5/2022 11:14:23] !emotespells on
[29/5/2022 11:19:1] !emotespells on
[29/5/2022 11:23:24] !emotespells on
[29/5/2022 11:29:39] !emotespells on
[29/5/2022 11:35:53] !emotespells on
[29/5/2022 11:40:36] !emotespells on
[29/5/2022 11:44:49] !emotespells on
[29/5/2022 11:49:27] !emotespells on
[29/5/2022 11:54:19] !emotespells on
[29/5/2022 11:58:8] !emotespells on
[29/5/2022 12:1:59] !emotespells on
[29/5/2022 12:6:18] !emotespells on
[29/5/2022 12:10:49] !emotespells on
[29/5/2022 12:15:39] !emotespells on
[29/5/2022 12:20:8] !emotespells on
[29/5/2022 12:24:48] !emotespells on
[29/5/2022 12:29:14] !emotespells on
[29/5/2022 12:34:28] !emotespells on
[29/5/2022 12:40:45] !emotespells on
[29/5/2022 12:45:39] !emotespells on
[29/5/2022 12:50:22] !emotespells on
[29/5/2022 12:53:48] !emotespells on
[29/5/2022 12:59:8] !emotespells on
[29/5/2022 13:3:45] !emotespells on
[29/5/2022 13:9:46] !emotespells on
[29/5/2022 13:15:13] !emotespells on
[29/5/2022 13:20:30] !emotespells on
[29/5/2022 13:25:42] !emotespells on
[29/5/2022 13:27:34] !emotespells on
[29/5/2022 13:34:43] !emotespells on
[29/5/2022 13:39:13] !emotespells on
[29/5/2022 13:43:46] !emotespells on
[29/5/2022 13:48:25] !emotespells on
[29/5/2022 13:52:57] !emotespells on
[29/5/2022 13:56:40] !emotespells on
[29/5/2022 14:0:25] !emotespells on
[29/5/2022 14:0:58] !emotespells on
[29/5/2022 14:7:4] !emotespells on
[29/5/2022 14:10:29] !emotespells on
[29/5/2022 14:15:3] !emotespells on
[29/5/2022 14:19:34] !emotespells on
[29/5/2022 14:24:46] !emotespells on
[29/5/2022 14:29:2] !emotespells on
[29/5/2022 14:33:15] !emotespells on
[29/5/2022 14:38:6] !emotespells on
[29/5/2022 14:41:28] !emotespells on
[29/5/2022 14:45:15] !emotespells on
[29/5/2022 14:48:55] !emotespells on
[29/5/2022 14:52:43] !emotespells on
[29/5/2022 14:54:15] !emotespells on
[29/5/2022 14:57:7] !emotespells on
[29/5/2022 15:1:12] !emotespells on
[29/5/2022 15:5:15] !emotespells on
[29/5/2022 15:9:18] !emotespells on
[29/5/2022 15:13:50] !emotespells on
[29/5/2022 15:19:49] !emotespells on
[29/5/2022 15:25:57] !emotespells on
[29/5/2022 15:30:22] !emotespells on
[29/5/2022 15:34:49] !emotespells on
[29/5/2022 15:39:44] !emotespells on
[29/5/2022 15:43:52] !emotespells on
[29/5/2022 15:48:27] !emotespells on
[29/5/2022 15:53:10] !emotespells on
[29/5/2022 15:57:24] !emotespells on
[29/5/2022 16:2:12] !emotespells on
[29/5/2022 16:7:18] !emotespells on
[29/5/2022 16:11:50] !emotespells on
[29/5/2022 16:15:49] !emotespells on
[29/5/2022 16:20:1] !emotespells on
[29/5/2022 16:24:57] !emotespells on
[29/5/2022 16:31:41] !emotespells on
[29/5/2022 16:36:2] !emotespells on
[29/5/2022 16:40:42] !emotespells on
[29/5/2022 16:46:14] !emotespells on
[29/5/2022 16:51:20] !emotespells on
[29/5/2022 16:55:41] !emotespells on
[29/5/2022 17:0:20] !emotespells on
[29/5/2022 17:4:38] !emotespells on
[29/5/2022 17:9:20] !emotespells on
[29/5/2022 17:13:54] !emotespells on
[29/5/2022 17:18:23] !emotespells on
[29/5/2022 17:22:22] !emotespells on
[29/5/2022 17:27:3] !emotespells on
[29/5/2022 17:31:56] !emotespells on
[29/5/2022 17:38:30] !emotespells on
[29/5/2022 17:44:7] !emotespells on
[29/5/2022 17:48:43] !emotespells on
[29/5/2022 17:53:33] !emotespells on
[29/5/2022 17:58:16] !emotespells on
[29/5/2022 18:3:11] !emotespells on
[29/5/2022 18:8:44] !emotespells on
[29/5/2022 18:13:23] !emotespells on
[29/5/2022 18:17:43] !emotespells on
[29/5/2022 18:27:26] !emotespells on
[29/5/2022 18:31:50] !emotespells on
[29/5/2022 18:36:26] !emotespells on
[29/5/2022 18:41:46] !emotespells on
[29/5/2022 18:49:13] !emotespells on
[29/5/2022 18:54:50] !emotespells on
[29/5/2022 19:0:44] !emotespells on
[29/5/2022 19:6:28] !emotespells on
[29/5/2022 19:12:13] !emotespells on
[29/5/2022 19:17:57] !emotespells on
[29/5/2022 19:23:44] !emotespells on
[29/5/2022 19:29:35] !emotespells on
[29/5/2022 19:34:50] !emotespells on
[29/5/2022 19:41:41] !emotespells on
[29/5/2022 19:49:29] !emotespells on
[29/5/2022 19:50:44] !emotespells on
[29/5/2022 19:57:12] !emotespells on
[29/5/2022 20:1:36] !emotespells on
[29/5/2022 20:6:25] !emotespells on
[29/5/2022 20:11:51] !emotespells on
[29/5/2022 20:17:50] !emotespells on
[29/5/2022 20:23:18] !emotespells on
[29/5/2022 20:28:45] !emotespells on
[29/5/2022 20:33:46] !emotespells on
[29/5/2022 20:39:8] !emotespells on
[29/5/2022 20:45:2] !emotespells on
[29/5/2022 20:52:39] !emotespells on
[29/5/2022 20:58:20] !emotespells on
[29/5/2022 21:3:56] !emotespells on
[29/5/2022 21:8:22] !emotespells on
[29/5/2022 21:12:15] !emotespells on
[29/5/2022 21:17:19] !emotespells on
[29/5/2022 21:22:13] !emotespells on
[29/5/2022 21:26:36] !emotespells on
[29/5/2022 21:31:53] !emotespells on
[29/5/2022 21:36:46] !emotespells on
[29/5/2022 21:41:38] !emotespells on
[29/5/2022 21:47:25] !emotespells on
[29/5/2022 21:52:10] !emotespells on
[29/5/2022 21:56:48] !emotespells on
[29/5/2022 22:2:25] !emotespells on
[29/5/2022 22:8:25] !emotespells on
[29/5/2022 22:11:38] !emotespells on
[29/5/2022 22:16:45] !emotespells on
[29/5/2022 22:20:4] !emotespells on
[29/5/2022 22:25:40] !emotespells on
[29/5/2022 22:29:43] !emotespells on
[30/5/2022 3:58:45] !emotespells on
[30/5/2022 4:3:35] !emotespells on
[30/5/2022 4:9:1] !emotespells on
[30/5/2022 4:14:17] !emotespells on
[30/5/2022 4:19:58] !emotespells on
[30/5/2022 4:24:47] !emotespells on
[30/5/2022 4:29:58] !emotespells on
[30/5/2022 4:34:55] !emotespells on
[30/5/2022 4:39:4] !emotespells on
[30/5/2022 4:43:36] !emotespells on
[30/5/2022 4:48:12] !emotespells on
[30/5/2022 4:52:38] !emotespells on
[30/5/2022 4:57:59] !emotespells on
[30/5/2022 5:8:1] !emotespells on
[30/5/2022 5:16:56] !emotespells on
[30/5/2022 5:24:52] !emotespells on
[30/5/2022 5:29:59] !emotespells on
[30/5/2022 5:35:10] !emotespells on
[30/5/2022 5:41:9] !emotespells on
[30/5/2022 5:47:10] !emotespells on
[30/5/2022 5:52:46] !emotespells on
[30/5/2022 5:58:15] !emotespells on
[30/5/2022 6:3:46] !emotespells on
[30/5/2022 6:9:2] !emotespells on
[30/5/2022 6:14:39] !emotespells on
[30/5/2022 6:20:20] !emotespells on
[30/5/2022 6:26:38] !emotespells on
[30/5/2022 6:34:12] !emotespells on
[30/5/2022 6:39:39] !emotespells on
[30/5/2022 6:45:4] !emotespells on
[30/5/2022 6:50:35] !emotespells on
[30/5/2022 6:56:22] !emotespells on
[30/5/2022 7:2:3] !emotespells on
[30/5/2022 7:8:6] !emotespells on
[30/5/2022 7:13:39] !emotespells on
[30/5/2022 7:19:9] !emotespells on
[30/5/2022 7:24:48] !emotespells on
[30/5/2022 7:31:5] !emotespells on
[30/5/2022 7:38:40] !emotespells on
[30/5/2022 7:44:11] !emotespells on
[30/5/2022 7:49:42] !emotespells on
[30/5/2022 7:55:28] !emotespells on
[30/5/2022 8:0:52] !emotespells on
[30/5/2022 8:6:21] !emotespells on
[30/5/2022 8:11:59] !emotespells on
[30/5/2022 8:17:38] !emotespells on
[30/5/2022 8:23:11] !emotespells on
[30/5/2022 8:28:22] !emotespells on
[30/5/2022 8:33:59] !emotespells on
[30/5/2022 22:44:38] !emotespells on
[30/5/2022 22:53:8] !emotespells on
[30/5/2022 23:5:4] !emotespells on
[30/5/2022 23:10:24] !emotespells on
[30/5/2022 23:15:7] !emotespells on
[30/5/2022 23:19:18] !emotespells on
[30/5/2022 23:23:51] !emotespells on
[30/5/2022 23:28:45] !emotespells on
[30/5/2022 23:33:29] !emotespells on
[30/5/2022 23:38:19] !emotespells on
[30/5/2022 23:42:53] !emotespells on
[30/5/2022 23:47:2] !emotespells on
[30/5/2022 23:51:44] !emotespells on
[30/5/2022 23:56:27] !emotespells on
[31/5/2022 0:1:9] !emotespells on
[31/5/2022 0:5:20] !emotespells on
[31/5/2022 0:10:7] !emotespells on
[31/5/2022 0:15:55] !emotespells on
[31/5/2022 0:21:49] !emotespells on
[31/5/2022 0:26:25] !emotespells on
[31/5/2022 0:31:2] !emotespells on
[31/5/2022 0:35:12] !emotespells on
[31/5/2022 0:39:45] !emotespells on
[31/5/2022 0:44:9] !emotespells on
[31/5/2022 0:49:4] !emotespells on
[31/5/2022 0:58:12] !emotespells on
[31/5/2022 1:2:50] !emotespells on
[31/5/2022 1:7:25] !emotespells on
[31/5/2022 1:11:52] !emotespells on
[31/5/2022 1:15:1] !emotespells on
[31/5/2022 1:20:17] !emotespells on
[31/5/2022 1:24:52] !emotespells on
[31/5/2022 1:29:14] !emotespells on
[31/5/2022 1:34:26] !emotespells on
[31/5/2022 1:39:4] !emotespells on
[31/5/2022 1:44:0] !emotespells on
[31/5/2022 1:49:55] !emotespells on
[31/5/2022 1:54:41] !emotespells on
[31/5/2022 1:59:17] !emotespells on
[31/5/2022 2:3:53] !emotespells on
[31/5/2022 2:9:7] !emotespells on
[31/5/2022 2:13:43] !emotespells on
[31/5/2022 2:18:28] !emotespells on
[31/5/2022 2:23:8] !emotespells on
[31/5/2022 2:28:1] !emotespells on
[31/5/2022 2:32:16] !emotespells on
[31/5/2022 2:36:35] !emotespells on
[31/5/2022 2:41:0] !emotespells on
[31/5/2022 2:45:30] !emotespells on
[31/5/2022 2:50:40] !emotespells on
[31/5/2022 2:55:11] !emotespells on
[31/5/2022 2:59:45] !emotespells on
[31/5/2022 3:0:16] !emotespells on
[31/5/2022 3:5:23] !emotespells on
[31/5/2022 3:11:25] !emotespells on
[31/5/2022 3:23:29] !emotespells on
[31/5/2022 7:23:13] !emotespells on
[31/5/2022 7:30:14] !emotespells on
[31/5/2022 7:35:22] !emotespells on
[31/5/2022 7:40:1] !emotespells on
[31/5/2022 7:44:22] !emotespells on
[31/5/2022 7:49:0] !emotespells on
[31/5/2022 7:53:16] !emotespells on
[31/5/2022 7:57:51] !emotespells on
[31/5/2022 8:2:41] !emotespells on
[31/5/2022 8:6:54] !emotespells on
[31/5/2022 8:11:24] !emotespells on
[31/5/2022 8:16:10] !emotespells on
[31/5/2022 8:20:43] !emotespells on
[31/5/2022 8:25:37] !emotespells on
[31/5/2022 8:30:20] !emotespells on
[31/5/2022 8:34:43] !emotespells on
[31/5/2022 8:38:36] !emotespells on
[31/5/2022 8:43:8] !emotespells on
[31/5/2022 8:47:35] !emotespells on
[31/5/2022 8:52:46] !emotespells on
