[16/2/2022 13:4:38] !online
[16/2/2022 13:13:33] !aol
[16/2/2022 13:30:36] !aol
[16/2/2022 13:31:58] !aol
[16/2/2022 13:39:13] !aol
[16/2/2022 13:43:16] !aol
[16/2/2022 13:45:12] !aol
[16/2/2022 13:49:1] !aol
[16/2/2022 13:50:13] !aol
[16/2/2022 14:23:36] !aol
[16/2/2022 14:24:27] !aol
[16/2/2022 15:39:59] !online
[16/2/2022 15:43:5] !aol
[17/2/2022 12:49:34] !aol
[17/2/2022 14:27:21] !aol
[17/2/2022 14:27:24] !online
[17/2/2022 17:35:22] !rank level
[17/2/2022 17:35:25] !rank level
[17/2/2022 23:15:30] !buyhouse
[17/2/2022 23:22:50] !aol
[18/2/2022 0:5:53] !online
[23/2/2022 20:5:3] !online
[24/2/2022 0:18:4] !aol
[24/2/2022 0:34:17] !aol
[24/2/2022 1:3:43] !aol
[24/2/2022 1:13:36] !aol
[24/2/2022 5:30:44] !aol
[24/2/2022 10:37:0] !online
[24/2/2022 10:41:57] !aol
[24/2/2022 12:21:8] !buyhouse
[24/2/2022 12:21:34] !buyhouse
[24/2/2022 12:21:40] aleta som
[24/2/2022 19:8:8] !online
[25/2/2022 0:43:22] !aol
[25/2/2022 21:51:55] !aol
