[10/12/2021 20:33:1] !aol
[10/12/2021 20:34:35] !aol
[10/12/2021 23:49:52] !online
[11/12/2021 0:8:44] !wand energy
[11/12/2021 0:25:51] !aol
[11/12/2021 1:12:18] !wand ice
[12/12/2021 0:25:52] !wand ice
[12/12/2021 1:7:57] !wand holy
[12/12/2021 1:9:11] !wand fire
[12/12/2021 1:9:15] !wand energy
[12/12/2021 1:9:27] !wand energi
[12/12/2021 1:9:32] !wand energy
[12/12/2021 1:9:36] !wand vis
[12/12/2021 1:9:58] !wand holy
[12/12/2021 1:27:9] !aol
[12/12/2021 1:27:43] !aol
[12/12/2021 1:27:56] !aol
[12/12/2021 1:30:7] !aol
[12/12/2021 1:30:31] !aol
[12/12/2021 1:32:16] !aol
[12/12/2021 1:32:37] !aol
[12/12/2021 1:33:34] !aol
[12/12/2021 1:37:23] !aol
[12/12/2021 1:38:6] !aol
