[31/5/2022 19:57:39] !emotespells on
[31/5/2022 20:59:4] !rank level
[31/5/2022 21:12:29] !guildpoints
[31/5/2022 21:21:11] !rank level
[31/5/2022 21:31:50] !rank level
[31/5/2022 21:32:4] !rank level
[31/5/2022 21:32:15] !rank level
[31/5/2022 22:5:45] !rank club
[31/5/2022 22:5:51] !rank level
[31/5/2022 22:5:56] !rank level
[31/5/2022 22:8:14] !guildpoints
[31/5/2022 22:14:2] !rank level
[31/5/2022 22:14:4] !rank level
[31/5/2022 22:14:11] !rank level
[31/5/2022 22:15:15] !rank level
[31/5/2022 22:18:40] !rank level
[31/5/2022 22:23:15] !rank level
[31/5/2022 22:23:38] !rank level
[31/5/2022 22:25:31] !rank club
[31/5/2022 22:25:33] !rank club
[31/5/2022 22:25:41] !rank level
[31/5/2022 22:33:14] !rank level
[31/5/2022 22:33:33] !rank level
[31/5/2022 22:34:10] !rank level
[31/5/2022 22:36:40] !rank level
[31/5/2022 22:42:26] !guildpoints
[31/5/2022 22:44:55] !rank club
[31/5/2022 22:44:59] !rank level
[31/5/2022 22:45:7] !rank level
[31/5/2022 22:47:33] !serverinfo
[31/5/2022 22:48:1] !rank level
[31/5/2022 22:53:19] !rank level
[31/5/2022 23:1:33] !rank level
[31/5/2022 23:3:50] !online
[31/5/2022 23:13:11] !rank level
[31/5/2022 23:19:37] !serverinfo
[31/5/2022 23:20:1] !rank level
[31/5/2022 23:22:35] !rank level
[31/5/2022 23:39:43] !rank level
[31/5/2022 23:43:31] !rank level
[1/6/2022 0:29:31] !guildpoints
[1/6/2022 12:18:55] !guildpoints
[1/6/2022 15:51:10] !guildpoints
[1/6/2022 16:15:9] !guildpoints
[1/6/2022 19:10:25] !guildpoints
[1/6/2022 20:12:26] !guildpoints
[2/6/2022 2:4:32] !online
[2/6/2022 2:33:28] !online
[2/6/2022 3:27:10] !guildpoints
[2/6/2022 22:48:6] !frags
[2/6/2022 22:57:59] !frags
[3/6/2022 1:46:14] !frags
[3/6/2022 13:21:33] !frags
[3/6/2022 15:13:3] !frags
[3/6/2022 15:51:9] !frags
[3/6/2022 17:26:40] !online
[4/6/2022 17:36:16] !guildpoints
[6/6/2022 11:27:17] !online
[6/6/2022 14:30:54] !online
[6/6/2022 16:23:56] !online
[6/6/2022 23:7:25] !go
[6/6/2022 23:7:50] !go
[6/6/2022 23:35:56] !go
