[11/2/2022 11:52:50] !emotespells on
[11/2/2022 12:12:38] !aol
[11/2/2022 12:17:44] !aol
[11/2/2022 12:35:34] !aol
[11/2/2022 14:30:9] !frags
[14/2/2022 0:30:16] !aol
[14/2/2022 0:33:31] !aol
[14/2/2022 22:25:39] alana sio
[14/2/2022 22:25:41] alana sio
[18/2/2022 17:29:32] !aol
[18/2/2022 21:26:17] !go
[18/2/2022 21:26:22] !go
[18/2/2022 21:55:59] !addon assassin
[25/2/2022 0:11:40] !emotespells on
[25/2/2022 8:8:35] !aol
[25/2/2022 8:39:6] !aol
[25/2/2022 8:40:19] !aol
[25/2/2022 8:42:50] !aol
[25/2/2022 13:29:52] !aol
[25/2/2022 15:0:28] !aol
[25/2/2022 22:14:8] !aol
[26/2/2022 0:21:42] !aol
