[10/2/2022 20:34:27] !rank club
[10/2/2022 22:8:59] !rank club
[10/2/2022 22:36:45] !rank distance
[10/2/2022 22:37:9] !rank axe
[10/2/2022 22:37:13] !rank club
[11/2/2022 1:8:11] !rank club
[11/2/2022 8:35:3] !rank club
[12/2/2022 7:13:30] !rank club
[12/2/2022 13:52:45] !online
[12/2/2022 19:20:47] !rank axe
[12/2/2022 19:20:54] !rank sword
[12/2/2022 19:21:4] !rank club
[12/2/2022 21:0:43] !aol
[13/2/2022 11:59:49] !rank club
[13/2/2022 14:37:26] !rank cluib
[13/2/2022 14:37:28] !rank club
[13/2/2022 17:18:32] !rank club
[13/2/2022 19:47:25] !rank club
[13/2/2022 20:21:15] !rank club
[13/2/2022 20:21:21] !rank club
[13/2/2022 22:30:18] !emotespells ON
[13/2/2022 22:30:25] !emotespells on
[13/2/2022 23:39:10] !rank club
[14/2/2022 0:18:26] !rank club
[14/2/2022 5:15:44] !rank club
[14/2/2022 5:15:48] !rank shield
[14/2/2022 11:51:14] !online
[14/2/2022 11:52:9] !rank level
[14/2/2022 11:55:36] !rank shield
[14/2/2022 11:55:54] !rank shield
[14/2/2022 13:17:44] !rank club
[14/2/2022 18:31:28] !rank club
[15/2/2022 0:37:2] !rank club
[15/2/2022 8:7:57] !rank club
[15/2/2022 9:41:45] !rank club
[15/2/2022 15:9:9] !rank club
[15/2/2022 15:27:47] !rank club
[15/2/2022 15:27:52] !rank axe
[15/2/2022 17:50:8] !rank club
[15/2/2022 19:18:1] !online
[15/2/2022 20:22:41] !online
[15/2/2022 21:9:20] !rank club
[16/2/2022 0:40:35] !rank club
[16/2/2022 0:40:57] !rank level
[16/2/2022 12:15:20] !rank club
[16/2/2022 12:22:22] !rank club
[16/2/2022 14:32:54] !rank club
[16/2/2022 15:2:54] !online
[16/2/2022 18:56:46] !rank club
[16/2/2022 19:41:41] !rank distance
[16/2/2022 20:10:40] !rank level
[16/2/2022 23:14:0] !rank distance
[16/2/2022 23:29:55] !addon pirate
[16/2/2022 23:30:3] !addon pirate
[16/2/2022 23:34:12] !addon pirate
[16/2/2022 23:55:46] !rank club
[17/2/2022 5:14:38] !rank club
[17/2/2022 5:14:45] !rank axe
[17/2/2022 5:14:53] !rank sword
[17/2/2022 12:39:32] !rank club
[17/2/2022 16:6:22] !rank level
[17/2/2022 16:6:39] !rank level
[17/2/2022 22:30:28] !rank club
[17/2/2022 22:30:39] !rank shield
[18/2/2022 10:56:41] !rank club
[18/2/2022 13:59:11] !rank club
[18/2/2022 14:3:59] !online
[18/2/2022 16:52:33] !rank level
[18/2/2022 21:40:30] !online
[19/2/2022 0:3:55] !online
[19/2/2022 1:14:1] !rank club
[19/2/2022 1:14:12] !rank sword
[19/2/2022 1:14:18] !rank axe
[19/2/2022 1:45:25] !rank level
[21/2/2022 9:4:1] !rank club
[21/2/2022 12:12:17] !online
[21/2/2022 12:56:5] !online
[21/2/2022 15:32:7] !online
[21/2/2022 15:36:24] !online
[21/2/2022 15:36:56] !rank distance
[21/2/2022 15:38:45] !rank club
[21/2/2022 15:40:35] !online
[21/2/2022 17:49:41] !online
[21/2/2022 17:50:2] !buyhouse
[21/2/2022 17:50:7] !buyhouse
[21/2/2022 17:50:18] !buyhouse
[21/2/2022 17:50:27] !buyhouse
[21/2/2022 17:50:37] !buyhouse
[21/2/2022 17:51:10] !buyhouse
[21/2/2022 17:52:23] !buyhouse
[21/2/2022 17:53:14] aleta som
[21/2/2022 18:7:0] !online
[21/2/2022 22:17:17] !serverinfo
[22/2/2022 0:39:4] !online
[22/2/2022 0:40:3] !rank distance
[23/2/2022 20:5:40] !rank sword
[23/2/2022 20:5:58] !rank distance
[23/2/2022 20:23:26] !rank sword
[23/2/2022 20:23:49] !rank sword
[23/2/2022 20:29:2] !rank sword
[23/2/2022 21:5:40] !rank sword
[23/2/2022 21:5:50] !rank club
[23/2/2022 21:28:38] !rank sword
[23/2/2022 21:57:14] !rank sword
[23/2/2022 22:7:33] !rank sword
[23/2/2022 22:32:19] !rank sword
[23/2/2022 22:32:23] !rank axe
[23/2/2022 22:32:28] !rank club
[23/2/2022 23:6:38] !rank sword
[23/2/2022 23:21:22] !rank sword
[23/2/2022 23:38:22] !rank level
[23/2/2022 23:38:27] !rank sword
[23/2/2022 23:59:33] !rank level
[24/2/2022 0:32:47] !rank distance
[24/2/2022 0:32:59] !rank sword
[24/2/2022 11:48:48] !rank sword
[24/2/2022 12:44:29] !rank level
[24/2/2022 12:46:28] !rank axe
[24/2/2022 12:46:35] !rank sword
[24/2/2022 13:26:20] !rank sword
[24/2/2022 13:54:39] !rank sword
[24/2/2022 15:17:6] !rank sword
[24/2/2022 19:16:1] !rank axe
[24/2/2022 19:16:24] !rank sword
[24/2/2022 20:9:45] !rank sword
[24/2/2022 22:7:0] !rank sword
[24/2/2022 23:56:38] !rank sword
[24/2/2022 23:56:44] !rank sword
[25/2/2022 1:29:55] !rank sword
[25/2/2022 5:7:25] !rank sword
[25/2/2022 10:7:52] !rank sword
[25/2/2022 11:43:14] !rank sword
[25/2/2022 11:43:22] !rank sword
[25/2/2022 14:15:0] !rank sword
[25/2/2022 14:57:56] !rank level
[25/2/2022 14:59:23] !online
[25/2/2022 21:40:0] !rank distance
[25/2/2022 23:11:14] !emotespells on
[25/2/2022 23:11:51] !rank sword
[25/2/2022 23:46:51] !rank distance
[26/2/2022 1:28:57] !serverinfo
[26/2/2022 3:7:50] !rank sword
[26/2/2022 11:53:27] !rank sword
[26/2/2022 12:12:8] !rank sword
[26/2/2022 12:47:23] !rank level
[26/2/2022 12:48:40] !online
[26/2/2022 16:1:53] !rank level
[27/2/2022 0:18:10] !online
[27/2/2022 2:18:43] !rank sword
[27/2/2022 13:58:20] !online
[27/2/2022 22:24:0] !rank level
[28/2/2022 3:54:56] !rank level
[28/2/2022 8:58:32] !rank level
[28/2/2022 9:9:27] !online
[2/3/2022 12:45:43] !online
[2/3/2022 16:0:27] !rank level
[2/3/2022 16:0:35] !rank sword
[2/3/2022 21:35:53] !online
[5/3/2022 0:42:6] !online
[5/3/2022 0:42:11] !rank level
[6/3/2022 21:59:21] !online
[7/3/2022 22:26:40] !online
[11/3/2022 21:50:19] !online
[11/3/2022 21:50:38] !rank level
[13/3/2022 17:4:24] !online
[15/3/2022 14:56:10] !online
[15/3/2022 15:4:50] !online
