[31/5/2022 20:59:13] !emotespells on
[31/5/2022 22:17:23] !rank axe
[31/5/2022 22:47:36] !rank axe
[31/5/2022 23:31:44] !aol
[1/6/2022 0:12:8] !rank axe
[1/6/2022 0:16:24] !rank level
[1/6/2022 2:33:43] !rank level
[1/6/2022 2:34:26] !rank axe
[1/6/2022 10:1:20] 
[2/6/2022 6:34:28] !buyhouse
[3/6/2022 7:6:26] !buyhouse
[3/6/2022 16:1:36] !rank axe
[5/6/2022 6:34:28] !buyhouse
[5/6/2022 6:34:47] !buyhouse
[6/6/2022 9:5:59] !rank level
[6/6/2022 9:7:8] !rank axe
[7/6/2022 20:20:1] !online
[7/6/2022 21:22:46] !buyhouse
[7/6/2022 22:38:30] !rank axe
[8/6/2022 18:54:4] !online
[9/6/2022 16:34:24] !online
