[16/2/2022 14:13:25] !rank axe
[17/2/2022 11:57:40] !rank axe
[18/2/2022 7:18:0] !rank magic
[18/2/2022 7:41:39] !rank magic
[18/2/2022 9:48:41] !rank magic
[18/2/2022 11:4:40] !rank magic
[18/2/2022 11:5:7] !rank magic
[18/2/2022 11:47:51] !rank magic
[18/2/2022 11:48:54] !rank axe
[18/2/2022 11:49:7] !rank sword
[18/2/2022 14:3:41] !rank magic
[18/2/2022 17:29:25] !rank magic
[18/2/2022 17:32:44] !emotespells on
[18/2/2022 17:58:3] !buyhouse
[18/2/2022 17:58:13] !buyhouse
[18/2/2022 17:58:33] !buyhouse
[19/2/2022 0:5:25] !rank axe
[19/2/2022 0:5:36] !rank sword
[19/2/2022 0:5:41] !rank magic
[20/2/2022 8:32:48] !rank magic
[21/2/2022 13:15:50] !online
[21/2/2022 20:43:7] !online
[21/2/2022 22:47:46] !rank magic
[23/2/2022 20:10:20] !emotespells on
[24/2/2022 18:16:53] !rank sword
[24/2/2022 18:16:59] !rank magic
[24/2/2022 23:16:30] !rank sword
[28/2/2022 12:41:2] !rank sword
[2/3/2022 11:24:40] !rank magic
[3/3/2022 9:9:26] !rank sword
