[10/2/2022 22:35:1] !emotespells on
[10/2/2022 22:58:9] !aol
[10/2/2022 23:26:27] !aol
[10/2/2022 23:50:15] !aol
[11/2/2022 0:5:28] !aol
[11/2/2022 0:11:46] !aol
[11/2/2022 0:23:19] !aol
[11/2/2022 0:30:19] !aol
[11/2/2022 0:45:38] !aol
[11/2/2022 1:3:8] !aol
[11/2/2022 1:13:10] !aol
[11/2/2022 1:31:50] !aol
[11/2/2022 1:37:35] !aol
[11/2/2022 2:8:30] !frags
[11/2/2022 2:20:18] !aol
[11/2/2022 2:37:54] !aol
[11/2/2022 2:57:31] !aol
[11/2/2022 10:49:15] !aol
[15/2/2022 10:46:34] !frags
[16/2/2022 18:29:58] !online
[16/2/2022 18:30:1] !online
[16/2/2022 18:30:5] !online
[16/2/2022 18:30:11] !online
[17/2/2022 22:27:4] !frags
[18/2/2022 13:42:52] !tradeoff buy, 44
[18/2/2022 13:42:56] !tradeoff buy, 44
[18/2/2022 18:17:9] !addon warrior
[19/2/2022 19:41:40] !frags
[24/2/2022 12:10:49] !emotespells on
[25/2/2022 8:26:59] !online
[25/2/2022 22:23:2] !addon warrior
[28/2/2022 16:16:31] !online
