[13/2/2022 23:35:39] !emotespells on
[13/2/2022 23:50:31] !aol
[14/2/2022 5:49:16] !tradeoff
[14/2/2022 5:49:21] !tradeoff add, dragon scale mail
[14/2/2022 5:49:27] !tradeoff info
[14/2/2022 5:49:33] !tradeoff info
[14/2/2022 5:50:1] !tradeoff add, royal helmet
[14/2/2022 5:50:9] !tradeoff add, dragon scale mail
[14/2/2022 5:50:16] !tradeoff
[14/2/2022 5:50:28] !tradeoff
[14/2/2022 14:9:9] !frags
[14/2/2022 22:4:9] 
[14/2/2022 22:4:55] 
[14/2/2022 22:5:17] 
[14/2/2022 22:5:40] 
[14/2/2022 22:6:3] 
[14/2/2022 22:6:25] 
[14/2/2022 22:6:47] 
[14/2/2022 22:7:10] 
[14/2/2022 22:7:33] 
[14/2/2022 22:7:56] 
[14/2/2022 22:8:18] 
[14/2/2022 22:8:41] 
[14/2/2022 22:9:4] 
[14/2/2022 22:9:26] 
[14/2/2022 22:9:50] 
[14/2/2022 22:10:12] 
[14/2/2022 22:10:35] 
[14/2/2022 22:10:58] 
[14/2/2022 22:11:21] 
[14/2/2022 22:11:43] 
[14/2/2022 22:12:6] 
[14/2/2022 22:12:29] 
[14/2/2022 22:12:51] 
[14/2/2022 22:13:14] 
[14/2/2022 22:13:36] 
[14/2/2022 22:13:59] 
[14/2/2022 22:14:22] 
[14/2/2022 22:14:44] 
[14/2/2022 22:15:7] 
[14/2/2022 22:15:30] 
[14/2/2022 22:15:53] 
[14/2/2022 22:16:16] 
[14/2/2022 22:16:38] 
[14/2/2022 22:17:1] 
[14/2/2022 22:17:24] 
[14/2/2022 22:17:46] 
[14/2/2022 22:18:9] 
[14/2/2022 22:18:31] 
[14/2/2022 22:18:54] 
[14/2/2022 22:19:17] 
[14/2/2022 22:19:39] 
[14/2/2022 22:20:2] 
[14/2/2022 22:20:30] 
[14/2/2022 22:20:53] 
[14/2/2022 22:20:56] 
[14/2/2022 22:20:58] 
[14/2/2022 22:21:8] 
[14/2/2022 22:21:31] 
[14/2/2022 22:21:54] 
[14/2/2022 22:22:16] 
[14/2/2022 22:22:39] 
[14/2/2022 22:23:2] 
[14/2/2022 22:23:24] 
[14/2/2022 22:23:47] 
[14/2/2022 22:24:9] 
[14/2/2022 22:24:32] 
[14/2/2022 22:24:54] 
[14/2/2022 22:25:16] 
[14/2/2022 22:25:39] 
[14/2/2022 22:26:2] 
[14/2/2022 22:26:24] 
[14/2/2022 22:26:47] 
[14/2/2022 22:27:10] 
[14/2/2022 22:27:33] 
[14/2/2022 22:27:57] 
[14/2/2022 22:28:21] 
[14/2/2022 22:28:44] 
[14/2/2022 22:29:6] 
[14/2/2022 22:29:29] 
[14/2/2022 22:29:52] 
[14/2/2022 22:30:15] 
[14/2/2022 22:30:38] 
[14/2/2022 22:31:0] 
[14/2/2022 22:31:23] 
[14/2/2022 22:31:46] 
[14/2/2022 22:32:8] 
[14/2/2022 22:32:31] 
[14/2/2022 22:32:54] 
[14/2/2022 22:33:17] 
[14/2/2022 22:33:39] 
[14/2/2022 22:34:2] 
[14/2/2022 22:34:24] 
[14/2/2022 22:34:47] 
[14/2/2022 22:35:9] 
[14/2/2022 22:35:32] 
[14/2/2022 22:35:55] 
[14/2/2022 22:36:18] 
[14/2/2022 22:36:40] 
[14/2/2022 22:37:4] 
[14/2/2022 22:37:27] 
[14/2/2022 22:37:49] 
[14/2/2022 22:38:12] 
[14/2/2022 22:38:35] 
[14/2/2022 22:38:58] 
[14/2/2022 22:39:20] 
[14/2/2022 22:39:43] 
[14/2/2022 22:40:6] 
[14/2/2022 22:40:28] 
[14/2/2022 22:40:51] 
[14/2/2022 22:41:14] 
[14/2/2022 22:41:37] 
[14/2/2022 22:42:0] 
[14/2/2022 22:42:22] 
[14/2/2022 22:42:45] 
[14/2/2022 22:43:8] 
[14/2/2022 22:43:31] 
[14/2/2022 22:43:55] 
[14/2/2022 22:44:18] 
[14/2/2022 22:44:41] 
[14/2/2022 22:45:3] 
[14/2/2022 22:45:26] 
[14/2/2022 22:45:49] 
[14/2/2022 22:46:12] 
[14/2/2022 22:46:34] 
[14/2/2022 22:46:57] 
[14/2/2022 22:47:20] 
[14/2/2022 22:47:42] 
[14/2/2022 22:48:5] 
[14/2/2022 22:48:28] 
[14/2/2022 22:48:50] 
[14/2/2022 22:49:13] 
[14/2/2022 22:49:36] 
[14/2/2022 22:49:58] 
[14/2/2022 22:50:21] 
[14/2/2022 22:50:43] 
[14/2/2022 22:51:6] 
[14/2/2022 22:51:29] 
[14/2/2022 22:51:51] 
[14/2/2022 22:52:14] 
[14/2/2022 22:52:37] 
[14/2/2022 22:52:59] 
[14/2/2022 22:53:22] 
[14/2/2022 22:53:44] 
[14/2/2022 22:54:7] 
[14/2/2022 22:54:31] 
[14/2/2022 22:54:54] 
[14/2/2022 22:55:18] 
[14/2/2022 22:55:41] 
[14/2/2022 22:56:3] 
[14/2/2022 22:56:26] 
[14/2/2022 22:56:49] 
[14/2/2022 22:57:11] 
[14/2/2022 22:57:53] 
[14/2/2022 22:58:15] 
[14/2/2022 22:58:38] 
[14/2/2022 22:59:0] 
[14/2/2022 22:59:23] 
[14/2/2022 22:59:46] 
[14/2/2022 23:0:12] 
[14/2/2022 23:0:35] 
[14/2/2022 23:0:58] 
[14/2/2022 23:1:20] 
[14/2/2022 23:1:43] 
[14/2/2022 23:2:5] 
[14/2/2022 23:2:28] 
[14/2/2022 23:2:51] 
[14/2/2022 23:3:14] 
[14/2/2022 23:3:37] 
[14/2/2022 23:3:59] 
[14/2/2022 23:4:22] 
[14/2/2022 23:4:45] 
[14/2/2022 23:5:8] 
[14/2/2022 23:5:31] 
[14/2/2022 23:5:54] 
[14/2/2022 23:6:17] 
[14/2/2022 23:6:41] 
[14/2/2022 23:7:4] 
[14/2/2022 23:7:27] 
[14/2/2022 23:7:50] 
[14/2/2022 23:8:13] 
[14/2/2022 23:8:35] 
[14/2/2022 23:8:58] 
[14/2/2022 23:9:20] 
[14/2/2022 23:9:43] 
[14/2/2022 23:10:5] 
[14/2/2022 23:10:28] 
[14/2/2022 23:10:51] 
[14/2/2022 23:11:13] 
[14/2/2022 23:11:36] 
[14/2/2022 23:11:59] 
[14/2/2022 23:12:22] 
[14/2/2022 23:12:44] 
[14/2/2022 23:13:7] 
[14/2/2022 23:13:29] 
[14/2/2022 23:13:53] 
[14/2/2022 23:14:16] 
[14/2/2022 23:14:39] 
[14/2/2022 23:15:1] 
[14/2/2022 23:15:24] 
[14/2/2022 23:15:46] 
[14/2/2022 23:16:9] 
[14/2/2022 23:16:31] 
[14/2/2022 23:16:55] 
[14/2/2022 23:17:18] 
[14/2/2022 23:17:41] 
[14/2/2022 23:18:4] 
[14/2/2022 23:18:27] 
[14/2/2022 23:18:50] 
[14/2/2022 23:19:12] 
[14/2/2022 23:19:35] 
[14/2/2022 23:19:57] 
[14/2/2022 23:20:20] 
[14/2/2022 23:20:43] 
[14/2/2022 23:21:5] 
[14/2/2022 23:21:28] 
[14/2/2022 23:21:51] 
[14/2/2022 23:22:13] 
[14/2/2022 23:22:36] 
[14/2/2022 23:22:58] 
[14/2/2022 23:23:21] 
[14/2/2022 23:23:45] 
[14/2/2022 23:24:7] 
[14/2/2022 23:24:30] 
[14/2/2022 23:24:52] 
[14/2/2022 23:25:15] 
[14/2/2022 23:25:39] 
[14/2/2022 23:26:2] 
[14/2/2022 23:26:25] 
[14/2/2022 23:26:47] 
[14/2/2022 23:27:10] 
[14/2/2022 23:27:33] 
[14/2/2022 23:27:55] 
[14/2/2022 23:28:18] 
[14/2/2022 23:28:42] 
[14/2/2022 23:29:4] 
[14/2/2022 23:29:26] 
[14/2/2022 23:29:49] 
[14/2/2022 23:30:12] 
[14/2/2022 23:30:34] 
[14/2/2022 23:30:57] 
[14/2/2022 23:31:20] 
[14/2/2022 23:31:42] 
[14/2/2022 23:32:5] 
[14/2/2022 23:32:29] 
[14/2/2022 23:32:51] 
[14/2/2022 23:33:14] 
[14/2/2022 23:33:36] 
[14/2/2022 23:33:59] 
[14/2/2022 23:34:22] 
[14/2/2022 23:34:44] 
[14/2/2022 23:35:7] 
[14/2/2022 23:35:29] 
[14/2/2022 23:35:52] 
[14/2/2022 23:36:15] 
[14/2/2022 23:36:37] 
[14/2/2022 23:37:0] 
[14/2/2022 23:37:23] 
[14/2/2022 23:37:46] 
[14/2/2022 23:38:9] 
[14/2/2022 23:38:32] 
[14/2/2022 23:38:55] 
[14/2/2022 23:39:19] 
[14/2/2022 23:39:42] 
[14/2/2022 23:40:5] 
[14/2/2022 23:40:28] 
[14/2/2022 23:40:50] 
[14/2/2022 23:41:13] 
[14/2/2022 23:41:36] 
[14/2/2022 23:42:0] 
[14/2/2022 23:42:22] 
[14/2/2022 23:42:45] 
[14/2/2022 23:43:8] 
[14/2/2022 23:43:30] 
[14/2/2022 23:43:53] 
[14/2/2022 23:44:16] 
[14/2/2022 23:44:38] 
[14/2/2022 23:45:0] 
[14/2/2022 23:45:23] 
[14/2/2022 23:45:46] 
[14/2/2022 23:46:9] 
[14/2/2022 23:46:32] 
[14/2/2022 23:46:55] 
[14/2/2022 23:47:18] 
[14/2/2022 23:47:40] 
[14/2/2022 23:48:3] 
[14/2/2022 23:48:25] 
[14/2/2022 23:48:48] 
[14/2/2022 23:49:11] 
[14/2/2022 23:49:33] 
[14/2/2022 23:49:56] 
[14/2/2022 23:50:18] 
[14/2/2022 23:50:41] 
[14/2/2022 23:51:4] 
[14/2/2022 23:51:27] 
[14/2/2022 23:51:51] 
[14/2/2022 23:52:13] 
[14/2/2022 23:52:36] 
[14/2/2022 23:52:58] 
[14/2/2022 23:53:22] 
[14/2/2022 23:53:44] 
[14/2/2022 23:54:7] 
[14/2/2022 23:54:30] 
[14/2/2022 23:54:53] 
[14/2/2022 23:55:16] 
[14/2/2022 23:55:38] 
[14/2/2022 23:56:2] 
[14/2/2022 23:56:25] 
[14/2/2022 23:56:48] 
[14/2/2022 23:57:11] 
[14/2/2022 23:57:33] 
[14/2/2022 23:57:56] 
[14/2/2022 23:58:18] 
[14/2/2022 23:58:41] 
[14/2/2022 23:59:4] 
[14/2/2022 23:59:27] 
[14/2/2022 23:59:50] 
[15/2/2022 0:0:13] 
[15/2/2022 0:0:35] 
[15/2/2022 0:0:59] 
[15/2/2022 0:1:22] 
[15/2/2022 0:1:45] 
[15/2/2022 0:2:7] 
[15/2/2022 0:2:31] 
[15/2/2022 0:2:53] 
[15/2/2022 0:3:16] 
[15/2/2022 0:3:39] 
[15/2/2022 0:4:1] 
[15/2/2022 0:4:25] 
[15/2/2022 0:4:47] 
[15/2/2022 0:5:10] 
[15/2/2022 0:5:33] 
[15/2/2022 0:5:56] 
[15/2/2022 0:6:18] 
[15/2/2022 0:6:41] 
[15/2/2022 0:7:3] 
[15/2/2022 0:7:27] 
[15/2/2022 0:7:50] 
[15/2/2022 0:8:13] 
[15/2/2022 0:8:36] 
[15/2/2022 0:8:59] 
[15/2/2022 0:9:23] 
[15/2/2022 0:9:45] 
[15/2/2022 0:10:8] 
[15/2/2022 0:10:30] 
[15/2/2022 0:10:53] 
[15/2/2022 0:11:16] 
[15/2/2022 0:11:38] 
[15/2/2022 0:12:1] 
[15/2/2022 0:12:23] 
[15/2/2022 0:12:46] 
[15/2/2022 0:13:9] 
[15/2/2022 0:13:32] 
[15/2/2022 20:27:3] !addon oriental
[15/2/2022 22:27:45] !frags
[16/2/2022 1:41:23] !frags
[16/2/2022 1:43:10] !frags
[16/2/2022 1:45:31] !rank level
[16/2/2022 1:45:35] !frags
[16/2/2022 20:46:48] !online
[16/2/2022 22:4:10] 
[16/2/2022 22:4:34] 
[16/2/2022 22:4:56] 
[16/2/2022 22:5:19] 
[16/2/2022 22:5:41] 
[16/2/2022 22:6:4] 
[16/2/2022 22:6:27] 
[16/2/2022 22:6:50] 
[16/2/2022 22:7:13] 
[16/2/2022 22:7:35] 
[16/2/2022 22:7:58] 
[16/2/2022 22:8:20] 
[16/2/2022 22:8:43] 
[16/2/2022 22:9:6] 
[16/2/2022 22:9:29] 
[16/2/2022 22:9:51] 
[16/2/2022 22:10:14] 
[16/2/2022 22:10:37] 
[16/2/2022 22:10:59] 
[16/2/2022 22:11:22] 
[16/2/2022 22:11:45] 
[16/2/2022 22:12:7] 
[16/2/2022 22:12:30] 
[16/2/2022 22:12:53] 
[16/2/2022 22:13:16] 
[16/2/2022 22:13:38] 
[16/2/2022 22:14:1] 
[16/2/2022 22:14:23] 
[16/2/2022 22:14:46] 
[16/2/2022 22:15:9] 
[16/2/2022 22:15:31] 
[16/2/2022 22:15:54] 
[16/2/2022 22:16:17] 
[16/2/2022 22:16:39] 
[16/2/2022 22:17:2] 
[16/2/2022 22:17:25] 
[16/2/2022 22:17:47] 
[16/2/2022 22:18:10] 
[16/2/2022 22:18:34] 
[16/2/2022 22:18:57] 
[16/2/2022 22:19:20] 
[16/2/2022 22:19:43] 
[16/2/2022 22:20:6] 
[16/2/2022 22:20:29] 
[16/2/2022 22:20:51] 
[16/2/2022 22:21:14] 
[16/2/2022 22:21:37] 
[16/2/2022 22:21:59] 
[16/2/2022 22:22:21] 
[16/2/2022 22:22:44] 
[16/2/2022 22:23:7] 
[16/2/2022 22:23:29] 
[16/2/2022 22:23:52] 
[16/2/2022 22:24:16] 
[16/2/2022 22:24:38] 
[16/2/2022 22:25:1] 
[16/2/2022 22:25:24] 
[16/2/2022 22:25:47] 
[16/2/2022 22:26:11] 
[16/2/2022 22:26:33] 
[16/2/2022 22:26:57] 
[16/2/2022 22:27:19] 
[16/2/2022 22:27:42] 
[16/2/2022 22:28:5] 
[16/2/2022 22:28:28] 
[16/2/2022 22:28:50] 
[16/2/2022 22:29:13] 
[16/2/2022 22:29:35] 
[16/2/2022 22:29:58] 
[16/2/2022 22:30:21] 
[16/2/2022 22:30:44] 
[16/2/2022 22:31:6] 
[16/2/2022 22:31:29] 
[16/2/2022 22:31:51] 
[16/2/2022 22:32:14] 
[16/2/2022 22:32:38] 
[16/2/2022 22:33:0] 
[16/2/2022 22:33:23] 
[16/2/2022 22:33:45] 
[16/2/2022 22:34:8] 
[16/2/2022 22:34:30] 
[16/2/2022 22:34:53] 
[16/2/2022 22:35:15] 
[16/2/2022 22:35:38] 
[16/2/2022 22:36:1] 
[16/2/2022 22:36:23] 
[16/2/2022 22:36:46] 
[16/2/2022 22:37:9] 
[16/2/2022 22:37:31] 
[16/2/2022 22:37:54] 
[16/2/2022 22:38:16] 
[16/2/2022 22:38:39] 
[16/2/2022 22:39:2] 
[16/2/2022 22:39:25] 
[16/2/2022 22:39:48] 
[16/2/2022 22:40:10] 
[16/2/2022 22:40:33] 
[16/2/2022 22:40:56] 
[16/2/2022 22:41:19] 
[16/2/2022 22:41:41] 
[16/2/2022 22:42:4] 
[16/2/2022 22:42:26] 
[16/2/2022 22:42:50] 
[16/2/2022 22:43:13] 
[16/2/2022 22:43:36] 
[16/2/2022 22:43:58] 
[16/2/2022 22:44:21] 
[16/2/2022 22:44:44] 
[16/2/2022 22:45:6] 
[16/2/2022 22:45:29] 
[16/2/2022 22:45:52] 
[16/2/2022 22:46:38] 
[16/2/2022 22:47:1] 
[16/2/2022 22:47:24] 
[16/2/2022 22:47:46] 
[16/2/2022 22:48:9] 
[16/2/2022 22:48:32] 
[16/2/2022 22:49:2] 
[16/2/2022 22:49:24] 
[16/2/2022 22:49:47] 
[16/2/2022 22:50:10] 
[16/2/2022 22:50:33] 
[16/2/2022 22:50:55] 
[16/2/2022 22:51:18] 
[16/2/2022 22:51:41] 
[16/2/2022 22:52:4] 
[16/2/2022 22:52:26] 
[16/2/2022 22:52:49] 
[16/2/2022 22:53:12] 
[16/2/2022 22:53:35] 
[16/2/2022 22:53:58] 
[16/2/2022 22:54:21] 
[16/2/2022 22:54:43] 
[16/2/2022 22:55:6] 
[16/2/2022 22:55:29] 
[16/2/2022 22:55:52] 
[16/2/2022 22:56:14] 
[16/2/2022 22:56:37] 
[16/2/2022 22:57:0] 
[16/2/2022 22:57:23] 
[16/2/2022 22:57:45] 
[16/2/2022 22:58:8] 
[16/2/2022 22:58:31] 
[16/2/2022 22:58:54] 
[16/2/2022 22:59:16] 
[16/2/2022 22:59:39] 
[16/2/2022 23:0:2] 
[16/2/2022 23:0:24] 
[16/2/2022 23:0:47] 
[16/2/2022 23:1:10] 
[16/2/2022 23:1:33] 
[16/2/2022 23:1:55] 
[16/2/2022 23:2:18] 
[16/2/2022 23:2:41] 
[16/2/2022 23:3:4] 
[16/2/2022 23:3:27] 
[16/2/2022 23:3:49] 
[16/2/2022 23:4:12] 
[16/2/2022 23:4:34] 
[16/2/2022 23:4:57] 
[16/2/2022 23:5:20] 
[16/2/2022 23:5:42] 
[16/2/2022 23:6:5] 
[16/2/2022 23:6:28] 
[16/2/2022 23:6:51] 
[16/2/2022 23:7:13] 
[16/2/2022 23:7:36] 
[16/2/2022 23:7:59] 
[16/2/2022 23:8:33] 
[16/2/2022 23:9:0] 
[16/2/2022 23:9:23] 
[16/2/2022 23:9:45] 
[16/2/2022 23:10:8] 
[16/2/2022 23:10:31] 
[16/2/2022 23:10:54] 
[16/2/2022 23:11:16] 
[16/2/2022 23:11:39] 
[16/2/2022 23:11:47] 
[16/2/2022 23:12:10] 
[16/2/2022 23:12:33] 
[16/2/2022 23:12:55] 
[16/2/2022 23:13:18] 
[16/2/2022 23:13:41] 
[16/2/2022 23:14:4] 
[16/2/2022 23:14:26] 
[16/2/2022 23:14:49] 
[16/2/2022 23:15:12] 
[16/2/2022 23:15:34] 
[16/2/2022 23:15:57] 
[16/2/2022 23:16:20] 
[16/2/2022 23:17:16] 
[16/2/2022 23:17:39] 
[16/2/2022 23:18:2] 
[16/2/2022 23:18:26] 
[16/2/2022 23:18:49] 
[16/2/2022 23:19:13] 
[16/2/2022 23:19:36] 
[16/2/2022 23:20:0] 
[16/2/2022 23:20:23] 
[16/2/2022 23:20:45] 
[16/2/2022 23:21:9] 
[16/2/2022 23:21:55] 
[16/2/2022 23:22:18] 
[16/2/2022 23:22:41] 
[16/2/2022 23:23:4] 
[16/2/2022 23:23:27] 
[16/2/2022 23:23:49] 
[16/2/2022 23:24:12] 
[16/2/2022 23:24:35] 
[16/2/2022 23:24:58] 
[16/2/2022 23:25:21] 
[16/2/2022 23:25:44] 
[16/2/2022 23:26:18] 
[16/2/2022 23:26:41] 
[16/2/2022 23:27:4] 
[16/2/2022 23:27:27] 
[16/2/2022 23:27:49] 
[16/2/2022 23:28:12] 
[16/2/2022 23:28:35] 
[16/2/2022 23:28:58] 
[16/2/2022 23:29:21] 
[16/2/2022 23:29:44] 
[16/2/2022 23:30:7] 
[16/2/2022 23:30:30] 
[16/2/2022 23:30:53] 
[16/2/2022 23:31:15] 
[16/2/2022 23:31:38] 
[16/2/2022 23:32:1] 
[16/2/2022 23:32:24] 
[16/2/2022 23:32:47] 
[16/2/2022 23:33:10] 
[16/2/2022 23:33:32] 
[16/2/2022 23:33:55] 
[16/2/2022 23:34:18] 
[16/2/2022 23:34:41] 
[16/2/2022 23:35:3] 
[16/2/2022 23:35:26] 
[16/2/2022 23:35:49] 
[16/2/2022 23:36:11] 
[16/2/2022 23:36:34] 
[16/2/2022 23:36:57] 
[16/2/2022 23:37:19] 
[16/2/2022 23:37:42] 
[16/2/2022 23:38:6] 
[16/2/2022 23:38:28] 
[16/2/2022 23:38:51] 
[16/2/2022 23:39:13] 
[16/2/2022 23:39:37] 
[16/2/2022 23:40:0] 
[16/2/2022 23:40:22] 
[16/2/2022 23:40:45] 
[16/2/2022 23:41:7] 
[16/2/2022 23:41:30] 
[16/2/2022 23:41:53] 
[16/2/2022 23:42:16] 
[16/2/2022 23:42:38] 
[16/2/2022 23:43:1] 
[16/2/2022 23:43:24] 
[16/2/2022 23:43:47] 
[16/2/2022 23:44:10] 
[16/2/2022 23:44:32] 
[16/2/2022 23:44:55] 
[16/2/2022 23:45:18] 
[16/2/2022 23:45:41] 
[16/2/2022 23:46:4] 
[16/2/2022 23:46:27] 
[16/2/2022 23:46:50] 
[16/2/2022 23:47:13] 
[16/2/2022 23:47:36] 
[16/2/2022 23:47:59] 
[16/2/2022 23:48:23] 
[16/2/2022 23:48:45] 
[16/2/2022 23:49:8] 
[16/2/2022 23:49:31] 
[16/2/2022 23:49:54] 
[16/2/2022 23:50:17] 
[16/2/2022 23:50:40] 
[16/2/2022 23:51:3] 
[16/2/2022 23:51:27] 
[16/2/2022 23:51:50] 
[16/2/2022 23:52:12] 
[16/2/2022 23:52:35] 
[16/2/2022 23:52:58] 
[16/2/2022 23:53:20] 
[17/2/2022 0:4:22] 
[17/2/2022 0:5:4] 
[17/2/2022 0:5:26] 
[17/2/2022 0:5:50] 
[17/2/2022 14:35:45] !frags
