[27/5/2022 21:4:34] !aol
[27/5/2022 22:12:41] !aol
[27/5/2022 22:39:25] !rank magic
[27/5/2022 22:39:29] !rank
[27/5/2022 22:39:33] !rank level
[27/5/2022 23:13:58] !rank magic
[27/5/2022 23:42:31] !rank magic
[27/5/2022 23:49:33] !rank magic
[27/5/2022 23:54:17] !rank level
[28/5/2022 0:11:58] !rank magic
[28/5/2022 0:20:7] !rank magic
[28/5/2022 0:25:37] !rank magic
[28/5/2022 0:34:37] !rank magic
[28/5/2022 0:49:29] !rank magic
[28/5/2022 1:24:34] !rank magic
[28/5/2022 1:43:2] !rank magic
[28/5/2022 1:55:35] !rank magic
[28/5/2022 2:31:35] !rank magic
[28/5/2022 2:31:44] !rank magic
[28/5/2022 2:42:14] !rank magic
[28/5/2022 3:3:11] !rank magic
[28/5/2022 3:10:16] !rank magic
[28/5/2022 3:43:3] !rank magic
[28/5/2022 3:53:44] !rank magic
[28/5/2022 3:58:46] !online
[28/5/2022 3:59:8] !rank magic
[28/5/2022 4:19:19] !rank magic
[28/5/2022 4:26:50] !emotespells
[28/5/2022 4:26:59] !emotespells off
[28/5/2022 4:27:3] !emotespells on
[28/5/2022 10:40:22] !rank magic
[28/5/2022 11:35:37] !emotespells on
[28/5/2022 11:55:57] !rank magic
[28/5/2022 14:29:27] !rank magic
[28/5/2022 14:36:47] !aol
[28/5/2022 14:43:4] !aol
[28/5/2022 14:46:56] !aol
[28/5/2022 14:53:26] !online
[28/5/2022 15:3:12] !serverinfo
[28/5/2022 15:5:45] !emotespells on
[28/5/2022 15:44:57] !emotespells on
[29/5/2022 18:8:15] !rank amgic
[29/5/2022 18:8:18] !rank magic
[29/5/2022 18:8:43] !aol
[29/5/2022 18:9:5] !emotespells on
[29/5/2022 20:38:7] !online
[29/5/2022 21:7:26] !aol
[29/5/2022 21:54:29] !serverinfo
[29/5/2022 21:59:9] !online
[29/5/2022 23:31:50] !online
[29/5/2022 23:42:38] !aol
[29/5/2022 23:50:19] !emotespells on
[30/5/2022 0:2:20] !serverinfo
[30/5/2022 0:4:31] !emotespells on
[30/5/2022 0:11:24] !emotespells on
[30/5/2022 0:15:19] !emotespells on
[30/5/2022 0:18:24] !emotespells on
[30/5/2022 0:22:13] !emotespells on
[30/5/2022 0:29:31] !emotespells on
[30/5/2022 0:33:44] !emotespells on
[30/5/2022 0:38:14] !emotespells on
[30/5/2022 0:46:38] !emotespells on
[30/5/2022 0:50:37] !emotespells on
[30/5/2022 0:53:53] !emotespells on
[30/5/2022 0:58:44] !emotespells on
[30/5/2022 1:3:4] !emotespells on
[30/5/2022 1:7:9] !emotespells on
[30/5/2022 1:10:44] !emotespells on
[30/5/2022 1:14:37] !emotespells on
[30/5/2022 1:18:28] !emotespells on
[30/5/2022 1:45:57] !aol
[30/5/2022 1:50:54] !aol
[30/5/2022 2:22:23] !rank magic
[30/5/2022 16:5:31] !online
[30/5/2022 16:12:35] !rank magic
[30/5/2022 18:55:39] !aol
[30/5/2022 19:5:38] 
[30/5/2022 20:7:10] !aol
[30/5/2022 20:31:12] !serverinfo
[30/5/2022 20:43:14] !aol
[30/5/2022 21:19:38] 
[30/5/2022 22:10:19] !aol
[30/5/2022 22:26:28] !aol
[30/5/2022 23:50:38] 
[31/5/2022 0:40:22] !serverinfo
[31/5/2022 0:57:32] !online
[31/5/2022 1:7:27] !online
[31/5/2022 1:16:36] !online
[31/5/2022 1:34:28] !online
[31/5/2022 1:54:29] !online
[31/5/2022 2:28:31] !aol
[31/5/2022 2:39:39] 
[31/5/2022 2:46:45] !online
[31/5/2022 3:46:39] 
[31/5/2022 5:28:33] !aol
[31/5/2022 13:46:11] !online
[31/5/2022 13:58:40] 
[31/5/2022 14:9:40] 
[31/5/2022 14:18:14] !online
[31/5/2022 14:25:33] !online
[31/5/2022 15:2:36] !rank magic
[31/5/2022 19:32:16] !online
[31/5/2022 19:59:55] !aol
[31/5/2022 20:1:54] !aol
[31/5/2022 20:2:19] !online
[31/5/2022 20:4:53] !aol
[31/5/2022 20:10:25] !online
[31/5/2022 20:17:7] !aol
[31/5/2022 20:17:36] !aol
[31/5/2022 20:19:22] 
[31/5/2022 20:29:51] !aol
[31/5/2022 20:29:54] !aol
[31/5/2022 20:29:58] !aol
[31/5/2022 20:30:1] !aol
[31/5/2022 20:30:4] !aol
[31/5/2022 20:30:7] !aol
[31/5/2022 20:30:10] !aol
[31/5/2022 20:30:14] !aol
[31/5/2022 20:30:17] !aol
[31/5/2022 20:30:20] !aol
[31/5/2022 20:30:23] !aol
[31/5/2022 20:30:26] !aol
[31/5/2022 20:30:30] !aol
[31/5/2022 20:30:33] !aol
[31/5/2022 20:30:36] !aol
[31/5/2022 20:30:39] !aol
[31/5/2022 20:30:42] !aol
[31/5/2022 20:30:46] !aol
[31/5/2022 20:30:49] !aol
[31/5/2022 20:30:52] !aol
[31/5/2022 20:30:55] !aol
[31/5/2022 20:30:59] !aol
[31/5/2022 20:31:2] !aol
[31/5/2022 20:31:5] !aol
[31/5/2022 20:31:8] !aol
[31/5/2022 20:31:11] !aol
[31/5/2022 20:31:14] !aol
[31/5/2022 20:31:18] !aol
[31/5/2022 20:31:21] !aol
[31/5/2022 20:31:24] !aol
[31/5/2022 20:31:27] !aol
[31/5/2022 20:31:30] !aol
[31/5/2022 20:31:34] !aol
[31/5/2022 20:31:37] !aol
[31/5/2022 20:31:40] !aol
[31/5/2022 20:31:43] !aol
[31/5/2022 20:31:46] !aol
[31/5/2022 20:31:50] !aol
[31/5/2022 20:31:53] !aol
[31/5/2022 20:31:56] !aol
[31/5/2022 20:31:59] !aol
[31/5/2022 20:32:3] !aol
[31/5/2022 20:32:6] !aol
[31/5/2022 20:32:9] !aol
[31/5/2022 20:32:12] !aol
[31/5/2022 20:32:15] !aol
[31/5/2022 20:32:19] !aol
[31/5/2022 20:32:22] !aol
[31/5/2022 20:32:25] !aol
[31/5/2022 20:32:28] !aol
[31/5/2022 20:32:31] !aol
[31/5/2022 20:32:35] !aol
[31/5/2022 20:32:38] !aol
[31/5/2022 20:32:41] !aol
[31/5/2022 20:32:44] !aol
[31/5/2022 20:32:57] !aol
[31/5/2022 20:33:0] !aol
[31/5/2022 20:33:3] !aol
[31/5/2022 20:33:7] !aol
[31/5/2022 20:33:10] !aol
[31/5/2022 20:33:13] !aol
[31/5/2022 20:33:16] !aol
[31/5/2022 20:33:19] !aol
[31/5/2022 20:33:23] !aol
[31/5/2022 20:33:26] !aol
[31/5/2022 20:33:29] !aol
[31/5/2022 20:33:32] !aol
[31/5/2022 20:33:35] !aol
[31/5/2022 20:33:39] !aol
[31/5/2022 20:33:42] !aol
[31/5/2022 20:33:45] !aol
[31/5/2022 20:33:48] !aol
[31/5/2022 20:33:51] !aol
[31/5/2022 20:33:55] !aol
[31/5/2022 20:33:58] !aol
[31/5/2022 20:34:1] !aol
[31/5/2022 20:34:4] !aol
[31/5/2022 20:34:8] !aol
[31/5/2022 20:34:11] !aol
[31/5/2022 20:34:14] !aol
[31/5/2022 20:34:17] !aol
[31/5/2022 20:34:20] !aol
[31/5/2022 20:34:23] !aol
[31/5/2022 20:34:27] !aol
[31/5/2022 20:34:30] !aol
[31/5/2022 20:34:33] !aol
[31/5/2022 20:34:36] !aol
[31/5/2022 20:34:39] !aol
[31/5/2022 20:34:43] !aol
[31/5/2022 20:34:46] !aol
[31/5/2022 20:34:49] !aol
[31/5/2022 20:34:52] !aol
[31/5/2022 20:55:5] !serverinfo
[31/5/2022 21:17:14] !aol
[31/5/2022 21:17:17] !aol
[31/5/2022 21:17:20] !aol
[31/5/2022 21:17:23] !aol
[31/5/2022 21:17:27] !aol
[31/5/2022 21:17:30] !aol
[31/5/2022 21:17:33] !aol
[31/5/2022 21:17:36] !aol
[31/5/2022 21:17:39] !aol
[31/5/2022 21:17:43] !aol
[31/5/2022 21:17:46] !aol
[31/5/2022 21:17:49] !aol
[31/5/2022 21:17:52] !aol
[31/5/2022 21:17:55] !aol
[31/5/2022 21:17:59] !aol
[31/5/2022 21:18:2] !aol
[31/5/2022 21:18:5] !aol
[31/5/2022 21:18:8] !aol
[31/5/2022 21:18:11] !aol
[31/5/2022 21:18:15] !aol
[31/5/2022 21:18:18] !aol
[31/5/2022 21:18:21] !aol
[31/5/2022 21:18:24] !aol
[31/5/2022 21:18:27] !aol
[31/5/2022 21:18:31] !aol
[31/5/2022 21:18:34] !aol
[31/5/2022 21:18:37] !aol
[31/5/2022 21:18:40] !aol
[31/5/2022 21:18:43] !aol
[31/5/2022 21:18:47] !aol
[31/5/2022 21:18:50] !aol
[31/5/2022 21:18:53] !aol
[31/5/2022 21:18:56] !aol
[31/5/2022 21:19:0] !aol
[31/5/2022 21:19:3] !aol
[31/5/2022 21:19:6] !aol
[31/5/2022 21:19:9] !aol
[31/5/2022 21:19:12] !aol
[31/5/2022 21:19:16] !aol
[31/5/2022 21:19:19] !aol
[31/5/2022 21:19:22] !aol
[31/5/2022 21:19:25] !aol
[31/5/2022 21:19:28] !aol
[31/5/2022 21:19:32] !aol
[31/5/2022 21:19:35] !aol
[31/5/2022 21:19:38] !aol
[31/5/2022 21:19:41] !aol
[31/5/2022 21:19:44] !aol
[31/5/2022 21:19:48] !aol
[31/5/2022 21:19:51] !aol
[31/5/2022 21:19:54] !aol
[31/5/2022 21:19:57] !aol
[31/5/2022 21:20:0] !aol
[31/5/2022 21:20:4] !aol
[31/5/2022 21:20:7] !aol
[31/5/2022 21:20:10] !aol
[31/5/2022 21:20:13] !aol
[31/5/2022 21:20:16] !aol
[31/5/2022 21:20:20] !aol
[31/5/2022 21:20:23] !aol
[31/5/2022 21:20:26] !aol
[31/5/2022 21:20:29] !aol
[31/5/2022 21:20:33] !aol
[31/5/2022 21:20:36] !aol
[31/5/2022 21:20:39] !aol
[31/5/2022 21:20:42] !aol
[31/5/2022 21:20:45] !aol
[31/5/2022 21:20:48] !aol
[31/5/2022 21:20:52] !aol
[31/5/2022 21:20:55] !aol
[31/5/2022 21:20:58] !aol
[31/5/2022 21:21:1] !aol
[31/5/2022 21:21:4] !aol
[31/5/2022 21:21:8] !aol
[31/5/2022 21:21:11] !aol
[31/5/2022 21:21:14] !aol
[31/5/2022 21:21:17] !aol
[31/5/2022 21:21:20] !aol
[31/5/2022 21:21:24] !aol
[31/5/2022 21:21:27] !aol
[31/5/2022 21:21:30] !aol
[31/5/2022 21:21:33] !aol
[31/5/2022 21:21:36] !aol
[31/5/2022 21:21:40] !aol
[31/5/2022 21:21:43] !aol
[31/5/2022 21:21:46] !aol
[31/5/2022 21:21:49] !aol
[31/5/2022 21:21:52] !aol
[31/5/2022 21:21:56] !aol
[31/5/2022 21:21:59] !aol
[31/5/2022 21:22:2] !aol
[31/5/2022 21:22:5] !aol
[31/5/2022 21:22:8] !aol
[31/5/2022 21:22:12] !aol
[31/5/2022 21:22:15] !aol
[31/5/2022 21:22:18] !aol
[31/5/2022 21:22:21] !aol
[31/5/2022 21:22:25] !aol
[31/5/2022 21:22:28] !aol
[31/5/2022 21:22:31] !aol
[31/5/2022 21:22:34] !aol
[31/5/2022 21:22:38] !aol
[31/5/2022 21:22:42] !aol
[31/5/2022 21:22:44] !aol
[31/5/2022 21:22:47] !aol
[31/5/2022 21:22:50] !aol
[31/5/2022 21:22:53] !aol
[31/5/2022 21:22:57] !aol
[31/5/2022 21:23:0] !aol
[31/5/2022 21:23:3] !aol
[31/5/2022 21:23:6] !aol
[31/5/2022 21:23:9] !aol
[31/5/2022 21:23:13] !aol
[31/5/2022 21:23:16] !aol
[31/5/2022 21:23:19] !aol
[31/5/2022 21:23:22] !aol
[31/5/2022 21:23:25] !aol
[31/5/2022 21:23:29] !aol
[31/5/2022 21:23:32] !aol
[31/5/2022 21:23:35] !aol
[31/5/2022 21:23:38] !aol
[31/5/2022 21:23:41] !aol
[31/5/2022 21:23:45] !aol
[31/5/2022 21:23:48] !aol
[31/5/2022 21:23:51] !aol
[31/5/2022 21:23:54] !aol
[31/5/2022 21:23:58] !aol
[31/5/2022 21:24:1] !aol
[31/5/2022 21:24:4] !aol
[31/5/2022 21:24:7] !aol
[31/5/2022 21:24:10] !aol
[31/5/2022 21:24:13] !aol
[31/5/2022 21:24:17] !aol
[31/5/2022 21:24:20] !aol
[31/5/2022 21:24:23] !aol
[31/5/2022 21:24:26] !aol
[31/5/2022 21:24:29] !aol
[31/5/2022 21:24:33] !aol
[31/5/2022 21:24:36] !aol
[31/5/2022 21:24:39] !aol
[31/5/2022 21:24:42] !aol
[31/5/2022 21:24:45] !aol
[31/5/2022 21:24:49] !aol
[31/5/2022 21:24:52] !aol
[31/5/2022 21:24:55] !aol
[31/5/2022 21:24:58] !aol
[31/5/2022 21:25:1] !aol
[31/5/2022 21:25:5] !aol
[31/5/2022 21:25:8] !aol
[31/5/2022 21:25:11] !aol
[31/5/2022 21:25:14] !aol
[31/5/2022 21:25:17] !aol
[31/5/2022 21:25:21] !aol
[31/5/2022 21:25:24] !aol
[31/5/2022 21:25:27] !aol
[31/5/2022 21:25:30] !aol
[31/5/2022 21:25:34] !aol
[31/5/2022 21:25:37] !aol
[31/5/2022 21:25:40] !aol
[31/5/2022 21:25:43] !aol
[31/5/2022 21:25:46] !aol
[31/5/2022 21:25:50] !aol
[31/5/2022 21:25:53] !aol
[31/5/2022 21:25:56] !aol
[31/5/2022 21:25:59] !aol
[31/5/2022 21:26:2] !aol
[31/5/2022 21:26:6] !aol
[31/5/2022 21:26:9] !aol
[31/5/2022 21:26:12] !aol
[31/5/2022 21:26:15] !aol
[31/5/2022 21:26:18] !aol
[31/5/2022 21:26:22] !aol
[31/5/2022 21:26:25] !aol
[31/5/2022 21:26:28] !aol
[31/5/2022 21:26:31] !aol
[31/5/2022 21:26:34] !aol
[31/5/2022 21:26:38] !aol
[31/5/2022 21:26:41] !aol
[31/5/2022 21:26:44] !aol
[31/5/2022 21:26:47] !aol
[31/5/2022 21:26:50] !aol
[31/5/2022 21:26:54] !aol
[31/5/2022 21:26:57] !aol
[31/5/2022 21:27:0] !aol
[31/5/2022 21:27:3] !aol
[31/5/2022 21:27:6] !aol
[31/5/2022 21:27:10] !aol
[31/5/2022 21:27:13] !aol
[31/5/2022 22:4:55] !online
[31/5/2022 22:19:22] 
[31/5/2022 22:27:1] 
[31/5/2022 22:41:22] 
[31/5/2022 22:48:5] !emotespells on
[31/5/2022 22:55:27] !aol
[31/5/2022 22:57:22] 
[31/5/2022 23:5:11] !serverinfo
[31/5/2022 23:19:22] 
[31/5/2022 23:23:38] !aol
[31/5/2022 23:26:22] 
[31/5/2022 23:41:34] !aol
[31/5/2022 23:48:23] 
[1/6/2022 0:1:23] 
[1/6/2022 0:23:18] !rank magic
[1/6/2022 0:27:45] !online
[1/6/2022 0:31:59] !aol
[1/6/2022 0:46:12] 
[1/6/2022 0:48:23] 
[1/6/2022 0:56:11] 
[1/6/2022 0:58:13] !frags
[1/6/2022 1:24:27] !rank level
[1/6/2022 1:59:53] 
[1/6/2022 2:31:14] !aol
[1/6/2022 2:31:17] !aol
[1/6/2022 2:31:21] !aol
[1/6/2022 2:31:24] !aol
[1/6/2022 2:31:27] !aol
[1/6/2022 2:31:30] !aol
[1/6/2022 2:31:33] !aol
[1/6/2022 2:31:37] !aol
[1/6/2022 2:31:40] !aol
[1/6/2022 2:31:43] !aol
[1/6/2022 2:31:46] !aol
[1/6/2022 2:31:49] !aol
[1/6/2022 2:31:53] !aol
[1/6/2022 2:31:56] !aol
[1/6/2022 2:31:59] !aol
[1/6/2022 2:32:2] !aol
[1/6/2022 2:32:5] !aol
[1/6/2022 2:32:9] !aol
[1/6/2022 2:32:12] !aol
[1/6/2022 2:32:15] !aol
[1/6/2022 2:32:18] !aol
[1/6/2022 2:32:21] !aol
[1/6/2022 2:32:25] !aol
[1/6/2022 2:32:28] !aol
[1/6/2022 2:32:31] !aol
[1/6/2022 2:32:34] !aol
[1/6/2022 2:32:37] !aol
[1/6/2022 2:32:41] !aol
[1/6/2022 2:32:44] !aol
[1/6/2022 2:32:47] !aol
[1/6/2022 2:32:50] !aol
[1/6/2022 2:32:54] !aol
[1/6/2022 2:32:57] !aol
[1/6/2022 2:33:0] !aol
[1/6/2022 2:33:3] !aol
[1/6/2022 2:33:6] !aol
[1/6/2022 2:33:10] !aol
[1/6/2022 2:33:13] !aol
[1/6/2022 2:33:16] !aol
[1/6/2022 2:33:19] !aol
[1/6/2022 2:33:22] !aol
[1/6/2022 2:33:26] !aol
[1/6/2022 2:33:29] !aol
[1/6/2022 2:33:32] !aol
[1/6/2022 2:33:35] !aol
[1/6/2022 2:33:39] !aol
[1/6/2022 2:33:42] !aol
[1/6/2022 2:33:45] !aol
[1/6/2022 2:33:48] !aol
[1/6/2022 2:33:51] !aol
[1/6/2022 2:33:54] !aol
[1/6/2022 2:33:58] !aol
[1/6/2022 2:34:1] !aol
[1/6/2022 2:34:4] !aol
[1/6/2022 2:34:7] !aol
[1/6/2022 2:34:10] !aol
[1/6/2022 2:34:14] !aol
[1/6/2022 2:34:17] !aol
[1/6/2022 2:34:20] !aol
[1/6/2022 2:34:23] !aol
[1/6/2022 2:34:26] !aol
[1/6/2022 2:34:30] !aol
[1/6/2022 2:34:33] !aol
[1/6/2022 2:34:36] !aol
[1/6/2022 2:34:39] !aol
[1/6/2022 2:34:42] !aol
[1/6/2022 2:34:46] !aol
[1/6/2022 2:34:49] !aol
[1/6/2022 2:34:52] !aol
[1/6/2022 2:34:55] !aol
[1/6/2022 2:34:59] !aol
[1/6/2022 2:35:2] !aol
[1/6/2022 2:35:5] !aol
[1/6/2022 2:35:8] !aol
[1/6/2022 2:35:11] !aol
[1/6/2022 2:35:15] !aol
[1/6/2022 2:35:18] !aol
[1/6/2022 2:35:21] !aol
[1/6/2022 2:35:24] !aol
[1/6/2022 2:35:27] !aol
[1/6/2022 2:35:30] !aol
[1/6/2022 2:35:34] !aol
[1/6/2022 2:35:37] !aol
[1/6/2022 2:35:40] !aol
[1/6/2022 2:35:43] !aol
[1/6/2022 2:35:47] !aol
[1/6/2022 2:35:50] !aol
[1/6/2022 2:35:53] !aol
[1/6/2022 2:35:56] !aol
[1/6/2022 2:35:59] !aol
[1/6/2022 2:36:3] !aol
[1/6/2022 2:36:6] !aol
[1/6/2022 2:36:9] !aol
[1/6/2022 2:36:12] !aol
[1/6/2022 2:36:15] !aol
[1/6/2022 2:36:19] !aol
[1/6/2022 2:36:22] !aol
[1/6/2022 2:36:25] !aol
[1/6/2022 2:36:28] !aol
[1/6/2022 2:36:31] !aol
[1/6/2022 2:36:35] !aol
[1/6/2022 2:36:38] !aol
[1/6/2022 2:36:41] !aol
[1/6/2022 2:36:44] !aol
[1/6/2022 2:36:47] !aol
[1/6/2022 2:36:51] !aol
[1/6/2022 2:36:54] !aol
[1/6/2022 2:36:57] !aol
[1/6/2022 2:37:0] !aol
[1/6/2022 2:37:3] !aol
[1/6/2022 2:37:7] !aol
[1/6/2022 2:37:10] !aol
[1/6/2022 2:37:13] !aol
[1/6/2022 2:37:16] !aol
[1/6/2022 2:37:19] !aol
[1/6/2022 2:37:23] !aol
[1/6/2022 2:37:26] !aol
[1/6/2022 2:37:29] !aol
[1/6/2022 2:37:32] !aol
[1/6/2022 2:37:35] !aol
[1/6/2022 2:37:39] !aol
[1/6/2022 2:37:42] !aol
[1/6/2022 2:37:45] !aol
[1/6/2022 2:37:48] !aol
[1/6/2022 2:37:51] !aol
[1/6/2022 2:37:55] !aol
[1/6/2022 2:37:58] !aol
[1/6/2022 2:38:1] !aol
[1/6/2022 2:38:4] !aol
[1/6/2022 2:38:7] !aol
[1/6/2022 2:38:11] !aol
[1/6/2022 2:38:14] !aol
[1/6/2022 2:38:17] !aol
[1/6/2022 2:38:20] !aol
[1/6/2022 2:38:23] !aol
[1/6/2022 2:38:27] !aol
[1/6/2022 2:38:30] !aol
[1/6/2022 2:38:33] !aol
[1/6/2022 2:38:36] !aol
[1/6/2022 2:38:39] !aol
[1/6/2022 2:38:43] !aol
[1/6/2022 2:38:46] !aol
[1/6/2022 2:38:49] !aol
[1/6/2022 2:38:52] !aol
[1/6/2022 2:38:56] !aol
[1/6/2022 2:38:59] !aol
[1/6/2022 2:39:2] !aol
[1/6/2022 2:39:5] !aol
[1/6/2022 2:39:8] !aol
[1/6/2022 2:39:12] !aol
[1/6/2022 2:39:15] !aol
[1/6/2022 2:39:18] !aol
[1/6/2022 2:39:21] !aol
[1/6/2022 2:39:24] !aol
[1/6/2022 2:39:28] !aol
[1/6/2022 2:56:40] !aol
[1/6/2022 2:58:12] !aol
[1/6/2022 3:8:41] !rank level
[1/6/2022 3:49:24] !aol
[1/6/2022 16:5:24] !aol
[1/6/2022 16:5:30] !emotespells on
[1/6/2022 16:6:23] 
[1/6/2022 16:10:9] 
[1/6/2022 16:32:18] !emotespells on
[1/6/2022 16:38:5] !emotespells on
[1/6/2022 16:45:46] !emotespells on
[1/6/2022 17:1:25] !emotespells on
[1/6/2022 17:7:34] !aol
[1/6/2022 17:9:10] !aol
[1/6/2022 17:49:5] !emotespells on
[1/6/2022 18:18:51] !aol
[1/6/2022 18:41:34] !aol
[1/6/2022 19:25:12] !aol
[1/6/2022 20:17:32] 
[1/6/2022 20:35:1] !frags
[1/6/2022 20:48:3] !online
[2/6/2022 1:4:6] !online
[2/6/2022 1:35:1] !online
[2/6/2022 1:53:9] !online
[6/6/2022 15:30:20] !online
[6/6/2022 16:19:24] !online
[6/6/2022 16:26:8] 
[6/6/2022 16:48:22] !aol
[6/6/2022 16:48:26] !aol
[6/6/2022 16:48:29] !aol
[6/6/2022 16:48:32] !aol
[6/6/2022 16:48:35] !aol
[6/6/2022 16:48:38] !aol
[6/6/2022 16:48:42] !aol
[6/6/2022 16:48:45] !aol
[6/6/2022 16:48:48] !aol
[6/6/2022 16:48:51] !aol
[6/6/2022 16:48:54] !aol
[6/6/2022 16:48:58] !aol
[6/6/2022 16:49:1] !aol
[6/6/2022 16:49:4] !aol
[6/6/2022 16:49:7] !aol
[6/6/2022 16:49:10] !aol
[6/6/2022 16:49:14] !aol
[6/6/2022 16:49:17] !aol
[6/6/2022 16:49:20] !aol
[6/6/2022 16:49:23] !aol
[6/6/2022 16:49:27] !aol
[6/6/2022 16:49:30] !aol
[6/6/2022 16:49:33] !aol
[6/6/2022 16:49:36] !aol
[6/6/2022 16:49:39] !aol
[6/6/2022 16:49:43] !aol
[6/6/2022 16:49:46] !aol
[6/6/2022 16:49:49] !aol
[6/6/2022 16:49:52] !aol
[6/6/2022 16:49:56] !aol
[6/6/2022 16:49:59] !aol
[6/6/2022 16:50:2] !aol
[6/6/2022 16:50:5] !aol
[6/6/2022 16:50:8] !aol
[6/6/2022 16:50:11] !aol
[6/6/2022 16:50:15] !aol
[6/6/2022 16:50:18] !aol
[6/6/2022 16:50:21] !aol
[6/6/2022 16:50:24] !aol
[6/6/2022 16:50:27] !aol
[6/6/2022 16:50:31] !aol
[6/6/2022 16:50:34] !aol
[6/6/2022 16:50:37] !aol
[6/6/2022 16:50:40] !aol
[6/6/2022 16:50:43] !aol
[6/6/2022 16:50:47] !aol
[6/6/2022 16:50:50] !aol
[6/6/2022 16:50:53] !aol
[6/6/2022 16:50:56] !aol
[6/6/2022 16:50:59] !aol
[6/6/2022 16:51:3] !aol
[6/6/2022 16:51:6] !aol
[6/6/2022 16:51:9] !aol
[6/6/2022 16:51:12] !aol
[6/6/2022 16:51:15] !aol
[6/6/2022 16:51:19] !aol
[6/6/2022 16:51:22] !aol
[6/6/2022 16:51:25] !aol
[6/6/2022 16:51:28] !aol
[6/6/2022 16:51:31] !aol
[6/6/2022 16:51:35] !aol
[6/6/2022 16:51:38] !aol
[6/6/2022 16:51:41] !aol
[6/6/2022 16:51:44] !aol
[6/6/2022 16:51:47] !aol
[6/6/2022 16:51:51] !aol
[6/6/2022 16:51:54] !aol
[6/6/2022 16:51:57] !aol
[6/6/2022 16:52:0] !aol
[6/6/2022 16:52:4] !aol
[6/6/2022 16:52:7] !aol
[6/6/2022 16:52:10] !aol
[6/6/2022 16:52:13] !aol
[6/6/2022 16:52:16] !aol
[6/6/2022 16:52:19] !aol
[6/6/2022 16:52:23] !aol
[6/6/2022 16:52:26] !aol
[6/6/2022 16:52:29] !aol
[6/6/2022 16:52:32] !aol
[6/6/2022 16:52:36] !aol
[6/6/2022 16:52:39] !aol
[6/6/2022 16:52:42] !aol
[6/6/2022 16:52:45] !aol
[6/6/2022 16:52:48] !aol
[6/6/2022 16:52:52] !aol
[6/6/2022 16:52:55] !aol
[6/6/2022 16:52:58] !aol
[6/6/2022 16:53:1] !aol
[6/6/2022 16:53:4] !aol
[6/6/2022 16:53:8] !aol
[6/6/2022 16:53:11] !aol
[6/6/2022 16:53:14] !aol
[6/6/2022 16:53:17] !aol
[6/6/2022 16:53:20] !aol
[6/6/2022 16:53:24] !aol
[6/6/2022 16:53:27] !aol
[6/6/2022 16:53:30] !aol
[6/6/2022 16:53:33] !aol
[6/6/2022 16:53:36] !aol
[6/6/2022 16:53:40] !aol
[6/6/2022 16:53:43] !aol
[6/6/2022 16:53:46] !aol
[6/6/2022 16:53:49] !aol
[6/6/2022 16:53:52] !aol
[6/6/2022 16:53:56] !aol
[6/6/2022 16:53:59] !aol
[6/6/2022 16:54:2] !aol
[6/6/2022 16:54:5] !aol
[6/6/2022 16:54:8] !aol
[6/6/2022 16:54:12] !aol
[6/6/2022 16:54:15] !aol
[6/6/2022 16:54:18] !aol
[6/6/2022 16:54:21] !aol
[6/6/2022 16:54:24] !aol
[6/6/2022 16:54:28] !aol
[6/6/2022 16:54:31] !aol
[6/6/2022 16:54:34] !aol
[6/6/2022 16:54:37] !aol
[6/6/2022 16:54:40] !aol
[6/6/2022 16:54:44] !aol
[6/6/2022 16:54:47] !aol
[6/6/2022 16:54:50] !aol
[6/6/2022 16:54:53] !aol
[6/6/2022 16:54:56] !aol
[6/6/2022 16:55:0] !aol
[6/6/2022 16:55:3] !aol
[6/6/2022 16:55:6] !aol
[6/6/2022 16:55:9] !aol
[6/6/2022 16:55:13] !aol
[6/6/2022 16:55:16] !aol
[6/6/2022 16:55:19] !aol
[6/6/2022 16:55:22] !aol
[6/6/2022 19:0:53] !online
