[27/5/2022 21:9:30] !emotespells
[27/5/2022 21:9:32] !emotespells on
[27/5/2022 21:25:28] !serverinfo
[28/5/2022 1:34:52] !aol
[28/5/2022 2:5:30] !aol
[28/5/2022 2:5:58] 
[28/5/2022 2:18:29] 
[28/5/2022 2:18:47] 
[28/5/2022 2:22:35] 
[28/5/2022 9:2:24] !aol
[28/5/2022 9:31:7] !guildpoints
[29/5/2022 13:4:52] 
[29/5/2022 13:24:42] !aol
[29/5/2022 13:25:36] 
[29/5/2022 13:28:29] !aol
[29/5/2022 15:40:3] !aol
[29/5/2022 17:5:14] 
[29/5/2022 17:5:19] 
[29/5/2022 20:37:41] !aol
[29/5/2022 21:47:35] !aol
[29/5/2022 22:1:4] 
[30/5/2022 4:36:13] 
[30/5/2022 4:36:23] 
[30/5/2022 4:36:30] 
[30/5/2022 4:36:37] 
[30/5/2022 4:36:39] 
[30/5/2022 4:36:45] 
[30/5/2022 4:36:51] 
[30/5/2022 4:37:53] 
[30/5/2022 4:37:56] 
[30/5/2022 4:38:2] 
[30/5/2022 4:38:23] 
[30/5/2022 4:38:30] 
[30/5/2022 4:38:37] 
[30/5/2022 4:39:35] 
[30/5/2022 4:39:52] 
[30/5/2022 4:40:10] 
[30/5/2022 4:40:52] 
[30/5/2022 6:19:30] !aol
[30/5/2022 6:34:23] !aol
[30/5/2022 14:10:34] !tradeoff buy, 40
[30/5/2022 17:18:44] !aol
[31/5/2022 20:7:30] 
[31/5/2022 20:7:45] 
[31/5/2022 20:7:59] 
[31/5/2022 20:8:14] 
[31/5/2022 20:14:42] 
[31/5/2022 20:29:16] !emotespells
[31/5/2022 20:30:4] 
[31/5/2022 20:30:7] 
[31/5/2022 20:56:58] 
[31/5/2022 20:57:12] 
[31/5/2022 20:59:37] !emotespells on
[31/5/2022 21:9:45] 
[1/6/2022 2:50:55] !serverinfo
[1/6/2022 11:37:25] !online
[1/6/2022 12:32:31] 
[1/6/2022 12:54:54] !serverinfo
[1/6/2022 14:26:14] !serverinfo
[1/6/2022 16:7:49] 
[2/6/2022 16:37:51] 
[2/6/2022 18:38:17] 
[2/6/2022 18:38:21] 
[6/6/2022 17:17:47] 
[6/6/2022 19:51:6] !serverinfo
[6/6/2022 22:31:32] 
[6/6/2022 22:31:45] 
