[27/5/2022 22:43:8] !aol
[27/5/2022 23:0:47] !guildpoints
[27/5/2022 23:1:7] !guildpoints
[27/5/2022 23:1:53] !guildpoints
[27/5/2022 23:4:5] !guildpoints
[27/5/2022 23:4:57] !guildpoints
[27/5/2022 23:5:58] !guildpoints
[27/5/2022 23:6:18] !guildpoints
[28/5/2022 14:29:15] !aol
[28/5/2022 14:33:28] !aol
[28/5/2022 14:34:52] !aol
[28/5/2022 15:10:40] !aol
[28/5/2022 15:14:7] !aol
[28/5/2022 15:38:26] !frags
[28/5/2022 15:38:43] !aol
[28/5/2022 15:46:38] !aol
[28/5/2022 15:53:47] !emotespells on
[28/5/2022 16:33:1] !aol
[28/5/2022 20:43:50] !aol
[29/5/2022 16:16:22] !online
[29/5/2022 16:30:53] !aol
[29/5/2022 16:40:46] !aol
[29/5/2022 17:24:1] !aol
[29/5/2022 18:17:48] !frags
[29/5/2022 20:7:41] !aol
[29/5/2022 20:45:36] !aol
[29/5/2022 20:48:20] !frags
[29/5/2022 21:10:5] !aol
[29/5/2022 21:17:6] !aol
[29/5/2022 21:32:31] !aol
[29/5/2022 21:39:31] !aol
[29/5/2022 21:46:11] !aol
[29/5/2022 21:53:6] !aol
[29/5/2022 22:2:46] !aol
