[29/5/2022 23:27:32] !guildpoints
[30/5/2022 0:28:56] !go
[30/5/2022 10:47:20] !guildpoints
[30/5/2022 11:21:18] !rank magic
[31/5/2022 20:57:47] !aol
[31/5/2022 21:42:27] !go
[31/5/2022 21:55:22] !aol
[31/5/2022 21:58:8] !aol
[31/5/2022 21:59:21] !aol
[1/6/2022 0:32:23] !guildpoints
[1/6/2022 1:4:7] !aol
[1/6/2022 1:4:10] !aol
[1/6/2022 1:4:13] !aol
[1/6/2022 1:4:16] !aol
[1/6/2022 1:4:19] !aol
[1/6/2022 1:4:23] !aol
[1/6/2022 1:4:26] !aol
[1/6/2022 1:4:29] !aol
[1/6/2022 1:4:32] !aol
[1/6/2022 1:4:35] !aol
[1/6/2022 1:4:39] !aol
[1/6/2022 1:4:42] !aol
[1/6/2022 1:4:45] !aol
[1/6/2022 1:4:48] !aol
[1/6/2022 1:4:52] !aol
[1/6/2022 1:4:55] !aol
[1/6/2022 1:4:58] !aol
[1/6/2022 1:5:1] !aol
[1/6/2022 1:5:4] !aol
[1/6/2022 1:5:8] !aol
[1/6/2022 1:5:11] !aol
[1/6/2022 1:5:14] !aol
[1/6/2022 1:5:17] !aol
[1/6/2022 1:5:20] !aol
[2/6/2022 1:33:29] !emotespells on
[2/6/2022 4:50:21] !guildpoints
[2/6/2022 4:53:59] !guildpoints
[2/6/2022 6:34:2] !guildpoints
[2/6/2022 11:58:56] !guildpoints
[6/6/2022 19:39:55] !addon golden
[6/6/2022 19:40:3] !addon golden outfit
[6/6/2022 21:44:5] !addon barbarian
[7/6/2022 0:8:49] !go
