[23/2/2022 20:11:10] !emotespells on
[23/2/2022 20:14:44] !aol
[23/2/2022 20:36:15] !aol
[23/2/2022 21:38:43] !aol
[23/2/2022 21:55:56] 
[23/2/2022 22:38:47] !buyhouse
[23/2/2022 22:38:59] aleta sio
[23/2/2022 22:39:12] aleta sio
[23/2/2022 22:39:23] aleta sio
[23/2/2022 22:40:29] !protecthouse
[23/2/2022 22:40:34] !protecthouse off
[23/2/2022 22:49:48] 
[23/2/2022 23:9:58] !aol
[23/2/2022 23:27:14] !aol
[23/2/2022 23:40:2] !aol
[23/2/2022 23:50:28] !aol
[24/2/2022 0:13:24] 
[24/2/2022 0:15:25] 
[24/2/2022 1:10:39] !aol
[24/2/2022 1:10:50] aleta sio
[24/2/2022 1:40:49] !aol
[24/2/2022 1:41:27] !aol
[24/2/2022 2:7:10] !aol
[24/2/2022 2:13:12] 
[24/2/2022 2:13:34] 
[24/2/2022 2:15:13] 
[24/2/2022 2:15:45] 
[24/2/2022 2:46:49] !aol
[24/2/2022 2:56:36] 
[24/2/2022 3:1:48] 
[24/2/2022 6:30:46] !aol
[24/2/2022 6:31:25] 
[24/2/2022 6:34:23] 
[24/2/2022 12:25:26] 
[24/2/2022 12:28:47] 
[24/2/2022 20:13:43] !aol
[24/2/2022 20:19:34] aleta sio
[24/2/2022 20:19:40] aleta som
[24/2/2022 20:19:43] aleta grav
[24/2/2022 20:32:52] !aol
[24/2/2022 20:34:16] !aol
[24/2/2022 20:44:44] !aol
[24/2/2022 20:49:56] !aol
[24/2/2022 21:9:37] !aol
[24/2/2022 21:11:36] !aol
[24/2/2022 21:14:18] !aol
[24/2/2022 21:41:8] 
[24/2/2022 21:43:8] 
[24/2/2022 22:48:2] !aol
[24/2/2022 22:50:9] 
[25/2/2022 4:21:17] 
[25/2/2022 4:24:16] 
[25/2/2022 12:36:55] !aol
[3/3/2022 23:33:50] !aol
[3/3/2022 23:34:58] !aol
[3/3/2022 23:46:43] !aol
