[23/2/2022 20:4:59] !aol
[23/2/2022 20:5:1] !aol
[23/2/2022 20:17:7] !online
[23/2/2022 20:30:9] !online
[23/2/2022 20:31:15] !rank levewl
[23/2/2022 20:31:19] !rank level
[23/2/2022 20:55:54] !rank level
[23/2/2022 21:2:57] !rank magic
[23/2/2022 21:19:9] !rank level
[23/2/2022 21:35:48] !rank level
[23/2/2022 22:22:17] !rank level
[23/2/2022 23:53:33] !aol
[23/2/2022 23:57:1] !aol
[24/2/2022 0:3:2] !frags
[24/2/2022 0:3:30] !rank level
[24/2/2022 5:23:32] !rank level
[24/2/2022 5:32:34] !rank magic
[24/2/2022 13:32:26] !rank level
[24/2/2022 13:33:5] !online
[24/2/2022 13:48:22] !serverinfo
[24/2/2022 21:36:35] !serverinfo
[24/2/2022 21:42:37] !rank level
[24/2/2022 21:54:56] !rank level
[24/2/2022 21:59:0] !online
[24/2/2022 22:27:22] !frags
[24/2/2022 22:30:10] !rank level
[24/2/2022 23:18:23] !rank level
[25/2/2022 5:26:36] !rank level
[25/2/2022 13:34:33] !rank level
[25/2/2022 13:34:41] !rank level
[26/2/2022 10:29:18] !rank sword
[26/2/2022 10:29:28] !rank shield
[26/2/2022 14:50:14] !rank level
[27/2/2022 10:26:59] !serverinfo
[28/2/2022 13:11:24] !rank level
[28/2/2022 18:27:3] !frags
[28/2/2022 21:43:30] !frags
[1/3/2022 7:19:26] !rank level
[1/3/2022 8:5:43] !online
[1/3/2022 8:44:40] !online
[2/3/2022 1:20:5] !frags
[2/3/2022 13:30:34] !frags
[2/3/2022 13:32:37] !rank level
[2/3/2022 16:27:45] !online
[3/3/2022 11:12:18] !online
[3/3/2022 11:14:36] !frags
