[24/2/2022 12:14:4] !aol
[24/2/2022 12:40:49] !online
[24/2/2022 12:48:14] !aol
[24/2/2022 16:53:19] !online
[24/2/2022 19:0:53] !rank sword
[25/2/2022 5:5:15] !online
[25/2/2022 8:39:22] !rank
[25/2/2022 8:39:27] !rank leverl
[25/2/2022 8:39:30] !rank level
[26/2/2022 4:58:40] !rank level
[26/2/2022 19:21:22] !rank magic
[26/2/2022 19:23:26] !rank level
[26/2/2022 22:2:59] !rank sword
[27/2/2022 2:15:58] !rank magic
[27/2/2022 9:18:0] !rank magic
[28/2/2022 8:44:22] !rank magic
[28/2/2022 9:3:26] !rank magic
[28/2/2022 9:11:33] !online
[1/3/2022 6:59:6] !frags
[2/3/2022 10:42:49] !online
[2/3/2022 14:14:44] !online
