[23/2/2022 21:41:54] !online
[23/2/2022 21:51:30] !emotespells on
[23/2/2022 22:7:6] !online
[23/2/2022 22:23:27] !guildpoints
[23/2/2022 22:25:8] !guildpoints
[23/2/2022 22:26:6] !guildpoints
[23/2/2022 22:28:22] !guildpoints
[23/2/2022 22:28:24] !guildpoints
[23/2/2022 22:29:45] !guildpoints
[23/2/2022 22:33:10] !guildpoints
[23/2/2022 22:34:38] !guildpoints
[23/2/2022 22:37:2] !guildpoints
[23/2/2022 22:37:47] !guildpoints
[23/2/2022 22:38:36] !guildpoints
[23/2/2022 22:39:33] !guildpoints
[23/2/2022 22:40:35] !guildpoints
[23/2/2022 22:42:20] !guildpoints
[24/2/2022 3:22:2] !online
[24/2/2022 13:9:36] !guildpoints
[24/2/2022 19:12:52] !guildpoints
[25/2/2022 0:35:21] !frags
[27/2/2022 10:7:17] !rank level
[28/2/2022 13:13:21] !online
[1/3/2022 7:17:17] !online
