[17/12/2021 22:17:47] !aol
[17/12/2021 22:18:24] !wand ice
[17/12/2021 22:58:53] !aol
[17/12/2021 23:41:2] !aol
[17/12/2021 23:47:20] !aol
[18/12/2021 0:5:43] !wand earth
[18/12/2021 0:18:30] !wand ice
[18/12/2021 0:21:38] !aol
[18/12/2021 0:39:30] !aol
[18/12/2021 12:6:21] !frags
[18/12/2021 12:19:16] !aol
[18/12/2021 15:20:17] !aol
[18/12/2021 16:49:30] !frags
[18/12/2021 20:40:9] !aol
[18/12/2021 21:9:27] !aol
[19/12/2021 0:2:38] !aol
[19/12/2021 0:28:32] !aol
[19/12/2021 17:37:22] !wand cie
[19/12/2021 17:38:48] !wand ice
[19/12/2021 18:42:32] !aol
[19/12/2021 18:44:44] !wand ice
[19/12/2021 22:17:14] !frags
