[10/2/2022 21:10:12] !rank axe
[10/2/2022 21:34:55] !rank  axe
[10/2/2022 22:4:27] !emotespells off
[10/2/2022 22:8:59] !emotespells off
[10/2/2022 22:9:19] !emotespells off
[10/2/2022 22:9:24] !emotespells on
[11/2/2022 3:33:6] !rank axe
[11/2/2022 4:48:13] !online
[11/2/2022 5:27:23] 
[11/2/2022 5:33:52] 
[11/2/2022 5:34:50] 
[11/2/2022 5:36:4] 
[11/2/2022 5:38:51] 
[11/2/2022 7:38:6] 
[11/2/2022 13:45:36] 
[11/2/2022 15:24:8] 
[11/2/2022 16:59:49] 
[11/2/2022 17:47:52] 
[11/2/2022 22:27:44] 
[12/2/2022 9:7:8] 
[12/2/2022 21:18:16] 
[13/2/2022 1:18:7] 
[13/2/2022 5:38:57] 
[13/2/2022 5:39:13] 
[13/2/2022 8:35:27] 
[13/2/2022 8:38:35] 
[13/2/2022 9:16:48] 
[13/2/2022 16:11:56] 
[13/2/2022 21:22:26] 
[13/2/2022 23:53:49] !online
[14/2/2022 0:41:46] !rank magic
[14/2/2022 3:37:24] 
[14/2/2022 9:24:1] 
[14/2/2022 23:42:58] 
[15/2/2022 1:51:39] !rank magic
[15/2/2022 2:4:35] 
[15/2/2022 2:25:47] !rank
[15/2/2022 2:25:51] !rank level
[15/2/2022 11:48:43] aleta sio
[15/2/2022 11:48:50] aleta som
[15/2/2022 12:36:55] 
[15/2/2022 13:18:56] 
[15/2/2022 14:7:42] 
[15/2/2022 14:37:7] 
[15/2/2022 15:2:51] 
[15/2/2022 15:44:45] 
[15/2/2022 18:4:56] 
[15/2/2022 20:27:4] 
[15/2/2022 20:51:22] 
[15/2/2022 21:37:0] 
[16/2/2022 3:5:20] !online
[16/2/2022 3:7:21] !rank club
[16/2/2022 7:38:58] !serverinfo
[16/2/2022 8:4:27] 
[16/2/2022 8:5:42] 
[16/2/2022 10:20:59] 
[16/2/2022 11:4:26] 
[16/2/2022 11:22:52] 
[16/2/2022 11:58:56] 
[16/2/2022 12:14:9] 
[16/2/2022 12:33:28] 
[16/2/2022 12:50:55] 
[16/2/2022 12:54:52] 
[16/2/2022 13:8:50] 
[16/2/2022 13:27:12] 
[16/2/2022 13:42:5] 
[16/2/2022 14:14:24] 
[16/2/2022 14:38:52] 
[16/2/2022 14:56:10] 
[17/2/2022 1:55:4] !rank magic
[17/2/2022 3:6:51] 
[17/2/2022 3:8:31] 
[17/2/2022 3:30:42] 
[17/2/2022 4:33:21] 
[17/2/2022 6:41:26] 
[17/2/2022 8:30:44] !rank level
[17/2/2022 10:31:31] 
[17/2/2022 12:49:59] 
[17/2/2022 13:13:31] 
[17/2/2022 17:26:31] 
[18/2/2022 1:0:33] 
[18/2/2022 2:18:57] !online
[18/2/2022 2:59:17] 
[18/2/2022 3:4:29] !rank distance
[18/2/2022 3:22:35] 
[18/2/2022 3:23:0] 
[18/2/2022 15:5:38] !serverinfo
[18/2/2022 15:56:39] 
[18/2/2022 19:18:24] 
[19/2/2022 3:25:0] 
[20/2/2022 0:51:20] !addon warmaster
[20/2/2022 3:31:49] !rank axe
[20/2/2022 5:44:20] 
[21/2/2022 1:57:46] !online
[21/2/2022 14:29:24] !rank axe
