[11/12/2021 10:49:32] !rank magic
[11/12/2021 11:26:15] !aol
[11/12/2021 11:26:57] !aol
[11/12/2021 11:40:16] !rank distance
[11/12/2021 11:40:47] !rank sword
[11/12/2021 11:52:46] !aol
[11/12/2021 11:53:50] !aol
[11/12/2021 12:44:30] !aol
[11/12/2021 12:59:0] !aol
[11/12/2021 13:6:24] !wand ice
[11/12/2021 13:6:40] !wand ice
[11/12/2021 13:6:44] !wand
[11/12/2021 13:6:54] !wand ice
[11/12/2021 13:7:54] !wand ice
[11/12/2021 17:56:26] !wand ice
[11/12/2021 19:21:42] !wand ice
[11/12/2021 19:22:14] !emotespells on
[11/12/2021 21:53:20] !wand death
[11/12/2021 21:55:5] !wand fire
[11/12/2021 21:55:12] !wand death
[11/12/2021 21:55:19] !wand death
[11/12/2021 21:55:33] !wand death
[11/12/2021 21:55:39] !wand death
[11/12/2021 21:58:50] !wand death
[11/12/2021 22:41:19] !rank magic
[11/12/2021 22:41:45] !rank distance
[12/12/2021 0:20:41] !aol
[12/12/2021 0:20:46] !aol
[12/12/2021 1:18:31] !aol
[12/12/2021 1:42:24] !aol
[12/12/2021 1:50:52] !aol
[12/12/2021 2:31:28] !wand death
[12/12/2021 5:16:25] !aol
[12/12/2021 6:0:45] 
[12/12/2021 6:42:42] 
[12/12/2021 10:51:46] !wand death
[12/12/2021 11:7:39] !aol
[12/12/2021 12:6:46] !aol
[12/12/2021 12:8:6] !wand death
[12/12/2021 12:8:11] !wand ice
[12/12/2021 12:8:16] !wand ice
[12/12/2021 12:8:18] !wand ice
[12/12/2021 12:8:22] !wand ice
[12/12/2021 12:8:24] !wand ice
[12/12/2021 12:8:31] !wand ice
[12/12/2021 12:8:34] !wand ice
[12/12/2021 12:8:37] !wand ice
[12/12/2021 13:44:23] !aol
[12/12/2021 16:43:14] !wand ice
[12/12/2021 18:22:36] !wand ice
[13/12/2021 6:3:9] !rank magic
[13/12/2021 19:55:21] !rank magic
[13/12/2021 21:25:17] !rank sword
[13/12/2021 21:25:24] !rank axe
[13/12/2021 21:25:28] !rank club
[13/12/2021 21:25:44] !rank axe
[14/12/2021 18:52:32] !rank magic
[14/12/2021 23:7:28] !rank fist
[14/12/2021 23:7:34] !rank fist
[14/12/2021 23:7:39] !rank fist
[31/12/2021 14:59:43] !online
