[10/12/2021 20:13:14] !wand ice
[10/12/2021 20:38:7] !buyhouse
[10/12/2021 20:38:9] !buyhouse
[10/12/2021 21:41:41] !buyhouse
[10/12/2021 21:50:26] !wand ice
[10/12/2021 21:50:34] !wand death
[10/12/2021 21:51:40] !wand holy
[10/12/2021 21:58:33] !online
[10/12/2021 21:59:38] !aol
[10/12/2021 22:1:19] aleta som
[10/12/2021 22:2:59] !wand ice
[10/12/2021 22:27:38] !wand ice
[11/12/2021 7:2:6] !rank level
[11/12/2021 7:2:35] !wand ice
[11/12/2021 9:41:39] !rank magic
[11/12/2021 11:43:28] !wand ice
[11/12/2021 19:42:0] !rank magic
[11/12/2021 21:48:53] aleta som
[11/12/2021 23:21:28] aleta sio
[11/12/2021 23:21:38] aleta som
[11/12/2021 23:21:41] aleta grav
[12/12/2021 11:13:10] !wand ice
[12/12/2021 11:13:20] !rank magic
[12/12/2021 18:22:34] !wand ice
[12/12/2021 18:34:41] !wand ice
[13/12/2021 12:11:50] !wand ice
[13/12/2021 16:35:21] !rank magic
[13/12/2021 16:36:12] aleta grav
[13/12/2021 16:36:14] aleta som
[13/12/2021 16:36:22] aleta sio
[13/12/2021 16:36:25] aleta grav
[13/12/2021 16:36:27] aleta grav
[13/12/2021 21:10:50] !wand ice
[14/12/2021 9:25:1] !wand ice
[14/12/2021 11:52:28] !wand ice
[14/12/2021 11:58:57] !protecthouse off
[14/12/2021 12:5:55] !rank magic
[14/12/2021 18:26:21] !wand ice
[17/12/2021 13:42:18] !wand ice
[18/12/2021 20:44:40] !wand ice
[18/12/2021 20:46:49] !wand fire
[18/12/2021 20:46:58] !wand energy
[18/12/2021 20:47:3] !wand energy
[18/12/2021 20:47:7] !wand energy
[18/12/2021 20:47:9] !wand energy
[18/12/2021 20:47:11] !wand energy
[18/12/2021 20:47:13] !wand energy
[18/12/2021 20:47:16] !wand energy
[18/12/2021 20:47:23] !wand vis
[18/12/2021 20:47:29] !wand energy
[18/12/2021 20:48:42] !wand ice
[18/12/2021 20:48:48] !wand ice
[18/12/2021 20:48:53] !wand ice
[18/12/2021 20:48:56] !wand ice
[18/12/2021 20:49:0] !wand ice
[18/12/2021 20:59:11] !wand ice
[18/12/2021 21:6:36] !wand ice
[18/12/2021 21:6:49] !wand ice
[18/12/2021 21:12:31] !online
[24/2/2022 20:8:11] !aol
[24/2/2022 20:55:34] !aol
[24/2/2022 21:31:35] !aol
[24/2/2022 21:32:18] !aol
[24/2/2022 21:32:58] !aol
