[15/12/2021 8:7:13] !aol
[15/12/2021 10:47:53] !serverinfo
[16/12/2021 14:10:59] !serverinfo
[21/12/2021 10:17:25] !serverinfo
[21/12/2021 11:45:54] !online
[21/12/2021 16:4:57] !serverinfo
[23/12/2021 8:52:46] !online
[23/12/2021 9:45:27] !online
[23/12/2021 10:14:39] !online
[23/12/2021 15:4:6] !serverinfo
[23/12/2021 16:38:19] !online
[24/12/2021 10:44:22] !addon citizen
[24/12/2021 10:48:14] !buyhouse
[24/12/2021 10:48:32] aleta som
[24/12/2021 10:48:42] aleta sio
[24/12/2021 10:48:47] aleta grav
[27/12/2021 10:4:54] !serverinfo
[27/12/2021 10:22:28] !serverinfo
[27/12/2021 10:25:10] !online
[27/12/2021 15:12:31] aleta grav
[27/12/2021 15:12:38] aleta sio
[27/12/2021 15:12:41] aleta som
[29/12/2021 8:54:2] !serverinfo
[29/12/2021 16:50:45] !serverinfo
[29/12/2021 17:26:30] !online
[3/1/2022 10:6:54] !serverinfo
[4/1/2022 11:1:48] !online
[6/1/2022 15:20:12] !serverinfo
[6/1/2022 16:32:47] !online
[7/1/2022 17:54:54] !serverinfo
