[31/5/2022 20:26:41] !online
[31/5/2022 20:33:12] !rank level
[31/5/2022 20:37:13] !aol
[31/5/2022 20:46:54] !aol
[31/5/2022 20:47:41] !rank level
[31/5/2022 20:57:43] !aol
[31/5/2022 21:9:38] !aol
[1/6/2022 13:22:36] !aol
[1/6/2022 13:23:5] !aol
[1/6/2022 14:8:23] !online
[1/6/2022 14:11:11] !aol
[1/6/2022 14:15:29] !aol
[1/6/2022 14:15:57] !online
[1/6/2022 14:16:5] !rank level
[1/6/2022 14:16:51] !aol
[2/6/2022 14:43:41] !rank level
[2/6/2022 14:44:1] !online
[2/6/2022 14:52:2]  mas frigo
[2/6/2022 18:24:18] !rank level
[2/6/2022 19:16:13] !aol
[2/6/2022 19:34:52] !aol
[2/6/2022 19:37:27] !aol
[2/6/2022 20:0:25] !online
[2/6/2022 21:9:31] !online
[2/6/2022 22:47:16] !online
[3/6/2022 13:49:37] !online
[3/6/2022 13:49:43] !rank level
[3/6/2022 17:31:29] !online
[3/6/2022 17:52:18] !rank magic
[3/6/2022 19:9:14] !online
[4/6/2022 16:42:20] !online
[4/6/2022 16:51:12] !online
[4/6/2022 16:51:33] !rank level
[5/6/2022 11:24:36] !online
[6/6/2022 20:28:22] !rank level
[6/6/2022 20:28:34] !online
[6/6/2022 21:28:35] !online
[6/6/2022 21:35:36] !buyhouse
[7/6/2022 17:27:11] !online
