[10/2/2022 23:13:12] !online
[10/2/2022 23:51:42] !aol
[11/2/2022 0:5:55] !aol
[11/2/2022 0:38:57] !aol
[11/2/2022 10:7:46] !online
[11/2/2022 12:19:5] !aol
[11/2/2022 14:39:54] !aol
[12/2/2022 17:37:50] !online
[12/2/2022 17:49:7] !guildpoints
[12/2/2022 21:10:12] !aol
[12/2/2022 21:34:58] !frags
[13/2/2022 6:38:37] !frags
[13/2/2022 12:27:32] !frags
[14/2/2022 1:9:24] !frags
[14/2/2022 14:57:55] !emotespells off
[14/2/2022 14:58:10] !emotespells on
[14/2/2022 15:21:55] !doubleexp
[14/2/2022 15:22:3] !doubleexp
[14/2/2022 15:22:15] !rank
[14/2/2022 15:22:20] !rank level
[14/2/2022 22:25:39] alana sio
[14/2/2022 22:25:42] alana sio
[14/2/2022 22:25:45] alana sio
[14/2/2022 22:25:48] alana sio
[15/2/2022 18:59:55] !online
[17/2/2022 19:27:58] !guildpoints
[17/2/2022 19:28:29] !guildpoints
[17/2/2022 22:0:24] !addon mage
[17/2/2022 22:0:42] !addon mage 1
[17/2/2022 22:0:56] !addon summoner
[17/2/2022 22:1:52] !addon summoner
[17/2/2022 22:2:11] !addon summoner
[17/2/2022 22:2:23] !addon summoner
[17/2/2022 22:2:25] !addon summoner
[17/2/2022 22:2:52] !addon mage
[17/2/2022 22:3:0] !addon mage
[18/2/2022 4:1:58] !addon mage
[18/2/2022 8:31:6] !addon mage
[18/2/2022 8:31:15] !addon mage
[18/2/2022 8:54:43] !addon mage
[18/2/2022 9:10:11] !addon mage
[18/2/2022 9:10:46] !addon summoner
[18/2/2022 11:21:57] !guildpoints
[18/2/2022 11:22:5] !guildpoints
[18/2/2022 22:19:18] !addon mage
[18/2/2022 22:19:24] !addon mage
[19/2/2022 3:46:18] !frags
[19/2/2022 18:6:27] !frags
[19/2/2022 20:43:18] !rank
[19/2/2022 21:20:4] !frags
[24/2/2022 2:5:25] !online
[24/2/2022 10:26:1] !aol
[24/2/2022 10:44:35] !aol
[24/2/2022 12:28:14] !aol
[24/2/2022 13:2:41] !aol
[24/2/2022 13:14:6] !aol
[25/2/2022 12:10:21] !emotespells on
[25/2/2022 22:24:32] !addon summoner
[26/2/2022 21:43:37] !rank level
[2/3/2022 13:5:1] !online
[2/3/2022 17:51:56] !rank level
[5/3/2022 14:20:49] !rank level
[5/3/2022 14:23:44] !online
[7/3/2022 22:14:27] !online
[9/3/2022 13:9:28] !rank level
[12/3/2022 19:11:43] !online
[16/3/2022 11:18:12] !online
