[11/12/2021 12:3:9] !online
[12/12/2021 23:18:48] !online
[12/12/2021 23:20:4] !rank level
[12/12/2021 23:35:47] !rank sword
[13/12/2021 21:32:53] !frags
[13/12/2021 21:47:53] !online
[14/12/2021 19:51:53] !rank level
[14/12/2021 20:7:0] !buyhouse
[14/12/2021 20:7:8] !buyhouse
[14/12/2021 20:7:30] !buyhouse
[14/12/2021 22:27:34] !rank sword
[14/12/2021 23:49:9] !online
[17/12/2021 15:0:37] !online
[17/12/2021 16:45:17] !aol
[18/12/2021 13:54:26] !frags
[18/12/2021 13:54:50] !frags
[18/12/2021 14:37:29] aleta som
[18/12/2021 15:3:3] !online
[19/12/2021 23:47:13] !online
[24/12/2021 1:40:5] !online
[29/12/2021 21:17:43] !online
[7/1/2022 0:52:9] !online
