[27/5/2022 20:12:34] !emotespells on
[27/5/2022 20:18:34] !online
[27/5/2022 23:9:59] !online
[28/5/2022 0:45:13] !guildpoints
[28/5/2022 1:29:59] !buyhouse
[28/5/2022 1:30:15] !buyhouse
[28/5/2022 1:30:18] !buyhouse
[28/5/2022 1:30:20] !buyhouse
[28/5/2022 1:30:41] !buyhouse
[28/5/2022 2:7:57] !guildpoints
[28/5/2022 2:8:10] !guildpoints
[28/5/2022 13:42:40] !buyhouse
[28/5/2022 13:43:14] aleta som
[28/5/2022 14:11:48] !guildpoints
[28/5/2022 20:57:37] aleta sio
[28/5/2022 20:57:40] aleta sio
[28/5/2022 20:58:42] aleta sio
[28/5/2022 21:41:55] alana som
[30/5/2022 15:55:17] !buyhouse
[30/5/2022 15:55:19] !buyhouse
[30/5/2022 15:55:40] !protecthouse off
[30/5/2022 15:55:43] aleta som
