[10/2/2022 20:1:7] !emotespells on
[10/2/2022 20:18:19] !online
[10/2/2022 20:19:24] !buyhouse
[10/2/2022 20:36:1] !online
[10/2/2022 22:52:14] !addon warrior
[11/2/2022 0:16:14] !online
[11/2/2022 11:20:30] !online
[11/2/2022 11:53:16] !buyhouse
[11/2/2022 11:53:28] !buyhouse
[11/2/2022 11:53:33] aleta som
[11/2/2022 14:46:50] !online
[11/2/2022 14:57:43] !online
[11/2/2022 15:8:41] !online
[11/2/2022 15:17:45] !frags
[11/2/2022 15:35:39] !serverinfo
[11/2/2022 17:36:24] !addon brotherhood
[11/2/2022 21:50:25] !online
[11/2/2022 23:13:43] aleta som
[12/2/2022 1:26:30] !online
[12/2/2022 6:41:32] !frags
[12/2/2022 11:40:24] !protecthouse off
[12/2/2022 18:4:13] !online
[12/2/2022 20:54:26] !uptime
[13/2/2022 14:59:57] !guildpoints
[14/2/2022 13:34:26] !uptime
[14/2/2022 17:20:45] !guildpoints
[14/2/2022 19:28:56] !frags
[14/2/2022 22:9:45] !frags
[15/2/2022 16:24:40] !online
[17/2/2022 14:1:6] !online
[21/2/2022 14:57:16] !online
[21/2/2022 15:7:46] !online
[21/2/2022 21:12:51] !protecthouse  on
[21/2/2022 21:12:59] aleta som
[21/2/2022 21:13:6] aleta som
[21/2/2022 21:14:17] aleta som
[21/2/2022 21:15:39] aleta som
[21/2/2022 21:16:16] aleta som
[21/2/2022 21:18:34] aleta som
[21/2/2022 21:28:47] aleta som
[23/2/2022 20:2:39] !emotespells off
[23/2/2022 20:2:41] !emotespells on
[23/2/2022 20:15:56] !buyhouse
[23/2/2022 20:53:52] !addon summoner
[23/2/2022 22:32:50] !buyhouse
[23/2/2022 22:40:31] aleta som
[23/2/2022 22:41:11] !frags
[24/2/2022 0:4:23] !guildpoints
[24/2/2022 10:43:56] !online
[24/2/2022 12:37:56] !emotespells on
[24/2/2022 14:37:41] !addon warrior
[24/2/2022 18:18:59] !protecthouse
[24/2/2022 18:19:5] aleta som
[24/2/2022 20:9:14] !online
[24/2/2022 20:24:51] !online
[24/2/2022 21:7:29] !protecthouse
[24/2/2022 21:7:32] !protecthouse off
[24/2/2022 21:7:36] aleta som
[24/2/2022 22:1:6] !guildpoints
[24/2/2022 22:26:34] !frags
[24/2/2022 22:31:30] !frags
[24/2/2022 22:39:56] !frags
[24/2/2022 23:17:38] !frags
[24/2/2022 23:29:12] !frags
[24/2/2022 23:29:39] !frags
[24/2/2022 23:32:29] !frags
[24/2/2022 23:42:12] !frags
[25/2/2022 18:45:34] 
[25/2/2022 18:45:37] 
[25/2/2022 18:45:39] 
[25/2/2022 18:45:41] 
[25/2/2022 18:45:44] 
[25/2/2022 18:45:46] 
[25/2/2022 18:45:49] 
[25/2/2022 18:45:51] 
[25/2/2022 18:45:53] 
[25/2/2022 18:45:56] 
[25/2/2022 18:45:58] 
[25/2/2022 18:46:1] 
[25/2/2022 18:46:3] 
[25/2/2022 18:46:6] 
[25/2/2022 18:46:8] 
[25/2/2022 18:46:11] 
[25/2/2022 18:46:13] 
[25/2/2022 18:46:15] 
[25/2/2022 18:46:18] 
[25/2/2022 18:46:20] 
[25/2/2022 18:46:23] 
[25/2/2022 18:46:25] 
[25/2/2022 18:46:28] 
[25/2/2022 18:46:30] 
[25/2/2022 18:46:33] 
[25/2/2022 18:46:35] 
[25/2/2022 18:46:37] 
[25/2/2022 18:46:40] 
[25/2/2022 18:46:42] 
[25/2/2022 18:46:45] 
[25/2/2022 18:46:47] 
[25/2/2022 18:46:50] 
[25/2/2022 18:46:52] 
[25/2/2022 18:46:54] 
[25/2/2022 18:46:57] 
[25/2/2022 18:46:59] 
[25/2/2022 18:47:2] 
[25/2/2022 18:47:4] 
[25/2/2022 18:47:7] 
[25/2/2022 18:47:9] 
[25/2/2022 18:47:11] 
[25/2/2022 18:47:14] 
[25/2/2022 18:47:16] 
[25/2/2022 18:47:19] 
[25/2/2022 18:47:21] 
[25/2/2022 18:47:24] 
[25/2/2022 18:47:26] 
[25/2/2022 18:47:29] 
[25/2/2022 18:47:31] 
[25/2/2022 18:47:33] 
[25/2/2022 18:48:6] 
[25/2/2022 18:48:8] 
[25/2/2022 18:48:11] 
[25/2/2022 18:48:13] 
[25/2/2022 18:48:16] 
[25/2/2022 18:48:18] 
[25/2/2022 18:48:21] 
[25/2/2022 18:48:23] 
[25/2/2022 18:48:25] 
[25/2/2022 18:48:28] 
[25/2/2022 18:48:30] 
[25/2/2022 18:48:33] 
[25/2/2022 18:48:35] 
[25/2/2022 18:48:38] 
[25/2/2022 18:48:40] 
[25/2/2022 18:48:42] 
[25/2/2022 18:48:45] 
[25/2/2022 18:48:47] 
[25/2/2022 18:48:50] 
[25/2/2022 18:48:52] 
[25/2/2022 18:48:55] 
[25/2/2022 18:48:57] 
[25/2/2022 18:49:0] 
[25/2/2022 18:49:7] 
[25/2/2022 18:49:10] 
[25/2/2022 18:49:12] 
[25/2/2022 18:49:15] 
[25/2/2022 18:49:17] 
[25/2/2022 18:49:20] 
[25/2/2022 18:49:22] 
[25/2/2022 18:49:24] 
[25/2/2022 18:49:27] 
[25/2/2022 18:49:29] 
[25/2/2022 18:49:32] 
[25/2/2022 18:49:37] 
[25/2/2022 18:49:39] 
[25/2/2022 18:49:42] 
[25/2/2022 18:49:45] 
[25/2/2022 18:49:47] 
[25/2/2022 18:49:50] 
[25/2/2022 18:50:4] 
[25/2/2022 18:50:7] 
[25/2/2022 18:50:9] 
[25/2/2022 18:50:11] 
[25/2/2022 18:50:14] 
[25/2/2022 18:50:19] 
[25/2/2022 18:50:22] 
[25/2/2022 18:50:24] 
[25/2/2022 18:50:27] 
[25/2/2022 18:50:29] 
[25/2/2022 18:50:31] 
[25/2/2022 18:50:34] 
[25/2/2022 18:50:36] 
[25/2/2022 18:51:13] 
[25/2/2022 18:51:16] 
[25/2/2022 18:51:18] 
[25/2/2022 18:51:21] 
[25/2/2022 18:51:25] 
[25/2/2022 18:51:28] 
[25/2/2022 18:51:30] 
[25/2/2022 18:51:33] 
[25/2/2022 18:51:35] 
[25/2/2022 18:51:38] 
[25/2/2022 18:51:40] 
[25/2/2022 18:51:43] 
[25/2/2022 18:51:45] 
[25/2/2022 18:51:47] 
[25/2/2022 18:51:50] 
[25/2/2022 18:51:52] 
[25/2/2022 18:51:55] 
[25/2/2022 18:51:57] 
[25/2/2022 18:52:0] 
[25/2/2022 18:52:2] 
[25/2/2022 18:52:5] 
[25/2/2022 18:52:7] 
[25/2/2022 18:52:9] 
[25/2/2022 18:52:12] 
[25/2/2022 18:52:14] 
[25/2/2022 18:52:17] 
[25/2/2022 18:52:19] 
[25/2/2022 18:52:22] 
[25/2/2022 18:52:24] 
[25/2/2022 18:52:26] 
[25/2/2022 18:52:29] 
[25/2/2022 18:52:31] 
[25/2/2022 18:52:34] 
[25/2/2022 18:52:36] 
[25/2/2022 18:52:39] 
[25/2/2022 18:52:41] 
[25/2/2022 18:52:44] 
[25/2/2022 18:52:46] 
[25/2/2022 18:52:48] 
[25/2/2022 18:52:51] 
[25/2/2022 18:52:53] 
[25/2/2022 18:52:56] 
[25/2/2022 18:52:58] 
[25/2/2022 18:53:1] 
[25/2/2022 18:53:3] 
[25/2/2022 18:53:5] 
[25/2/2022 18:53:8] 
[25/2/2022 18:53:10] 
[25/2/2022 18:53:13] 
[25/2/2022 18:54:1] 
[25/2/2022 18:54:3] 
[25/2/2022 18:54:6] 
[25/2/2022 18:54:8] 
[25/2/2022 18:54:11] 
[25/2/2022 18:54:13] 
[25/2/2022 18:54:15] 
[25/2/2022 18:54:18] 
[25/2/2022 18:54:20] 
[25/2/2022 18:54:23] 
[25/2/2022 18:54:29] 
[25/2/2022 18:54:32] 
[25/2/2022 18:54:34] 
[25/2/2022 18:54:37] 
[25/2/2022 18:54:39] 
[25/2/2022 18:54:42] 
[25/2/2022 18:54:44] 
[25/2/2022 18:54:46] 
[25/2/2022 18:54:49] 
[25/2/2022 18:54:51] 
[25/2/2022 18:54:54] 
[25/2/2022 18:54:56] 
[25/2/2022 18:54:59] 
[25/2/2022 18:55:1] 
[25/2/2022 18:55:3] 
[25/2/2022 18:55:6] 
[25/2/2022 18:55:8] 
[25/2/2022 18:55:11] 
[25/2/2022 18:55:13] 
[25/2/2022 18:55:16] 
[25/2/2022 18:55:18] 
[25/2/2022 18:55:21] 
[25/2/2022 18:55:23] 
[25/2/2022 18:55:26] !frags
[25/2/2022 18:55:28] 
[25/2/2022 18:55:35] 
[25/2/2022 18:55:37] 
[25/2/2022 18:55:40] 
[25/2/2022 18:55:42] 
[25/2/2022 18:55:45] 
[25/2/2022 18:55:47] 
[25/2/2022 18:55:50] 
[25/2/2022 18:55:52] 
[25/2/2022 18:55:55] 
[25/2/2022 18:55:57] 
[25/2/2022 18:56:0] 
[25/2/2022 18:56:2] 
[25/2/2022 18:56:5] 
[25/2/2022 18:56:7] 
[25/2/2022 18:56:10] 
[25/2/2022 18:56:12] 
[25/2/2022 18:56:18] 
[25/2/2022 18:56:20] 
[25/2/2022 18:56:23] 
[25/2/2022 18:56:25] 
[25/2/2022 18:56:27] 
[25/2/2022 18:56:30] 
[25/2/2022 18:56:32] 
[25/2/2022 18:56:35] 
[25/2/2022 18:56:37] 
[25/2/2022 18:56:40] 
[25/2/2022 18:56:44] 
[25/2/2022 18:56:47] 
[25/2/2022 18:56:49] 
[25/2/2022 18:56:52] 
[25/2/2022 18:56:54] 
[25/2/2022 18:56:57] 
[25/2/2022 18:56:59] 
[25/2/2022 18:57:2] 
[25/2/2022 18:57:4] 
[25/2/2022 18:57:6] 
[25/2/2022 18:57:9] 
[25/2/2022 18:57:11] 
[25/2/2022 18:57:14] 
[25/2/2022 18:57:16] 
[25/2/2022 18:57:19] 
[25/2/2022 18:57:21] 
[25/2/2022 18:57:23] 
[25/2/2022 18:57:26] 
[25/2/2022 18:57:28] 
[25/2/2022 18:57:31] 
[25/2/2022 18:57:33] 
[25/2/2022 19:28:42] !frags
[25/2/2022 19:30:35] !protecthouse on
[25/2/2022 19:37:34] aleta som
[25/2/2022 19:37:41] aleta som
[3/3/2022 12:23:58] !online
[19/3/2022 13:43:47] !online
[27/5/2022 21:6:30] !emotespells off
[27/5/2022 21:20:57] !emotespells on
[28/5/2022 3:6:32] 
[28/5/2022 3:6:34] 
[28/5/2022 3:6:36] 
[28/5/2022 13:20:47] !tradeoff buy, 9
[28/5/2022 17:29:24] !online
[28/5/2022 22:9:8] !addon warrior
[28/5/2022 22:11:13] !buyhouse
[30/5/2022 1:34:11] !online
[30/5/2022 12:43:47] !online
[30/5/2022 20:27:47] aleta sio
[30/5/2022 20:42:49] aleta sio
[30/5/2022 21:34:51] !rank
