[10/12/2021 20:26:56] !aol
[10/12/2021 20:29:34] !aol
[10/12/2021 21:34:43] !aol
[10/12/2021 21:44:35] !aol
[10/12/2021 21:53:11] !aol
[10/12/2021 21:55:44] !aol
[10/12/2021 21:58:31] !aol
[10/12/2021 21:59:38] !aol
[10/12/2021 22:47:27] !aol
[10/12/2021 23:44:18] !aol
[10/12/2021 23:46:7] !aol
[11/12/2021 8:44:41] !aol
[11/12/2021 16:47:11] !frags
[11/12/2021 22:24:56] !frags
[11/12/2021 22:31:21] !frags
[11/12/2021 22:44:18] !emotespells
[12/12/2021 16:53:32] !frags
[12/12/2021 18:19:4] !frags
[12/12/2021 18:51:42] !frags
[12/12/2021 18:56:44] !frags
[12/12/2021 22:21:0] !emotespells
[12/12/2021 22:21:3] !emotespells off
[12/12/2021 22:21:8] !emotespells 
[12/12/2021 22:21:10] !emotespells on
[13/12/2021 12:41:16] !frags
[13/12/2021 12:56:46] !frags
[13/12/2021 14:8:49] !frags
[13/12/2021 14:22:20] !frags
[13/12/2021 18:3:26] !frags
[13/12/2021 20:27:47] !frags
[14/12/2021 20:23:11] !frags
[14/12/2021 20:33:53] !frags
[16/12/2021 18:34:18] !frags
[16/12/2021 18:43:25] !frags
[16/12/2021 18:45:12] !online
[16/12/2021 18:51:23] !rank distance
[17/12/2021 19:38:56] !rank axe
[17/12/2021 19:39:15] !rank magic
