[16/2/2022 12:23:46] !aol
[16/2/2022 12:30:29] !aol
[16/2/2022 13:13:37] !aol
[16/2/2022 13:17:41] !aol
[16/2/2022 13:53:7] !serverinfo
[16/2/2022 13:53:13] !serverinfo
[17/2/2022 17:37:58] !aol
[17/2/2022 18:42:43] !serverinfo
[17/2/2022 22:37:9] !buyhouse
[17/2/2022 22:37:21] aleta sio
[17/2/2022 22:39:19] aleta som
[17/2/2022 23:2:59] !aol
[17/2/2022 23:15:2] aleta sio
[17/2/2022 23:22:29] !aol
[17/2/2022 23:41:6] !frags
[18/2/2022 19:33:49] !aol
[19/2/2022 22:31:21] !aol
[23/2/2022 20:26:18] !aol
[23/2/2022 20:46:56] !aol
[24/2/2022 3:24:54] !aol
[24/2/2022 12:20:7] !buyhouse
[24/2/2022 12:20:13] aleta som
[24/2/2022 12:20:16] aleta sio
[25/2/2022 10:28:0] !aol
