[14/2/2022 16:19:15] !emotespells off
[14/2/2022 16:19:25] !emotespells on
[14/2/2022 16:25:29] !frags
[15/2/2022 2:3:22] !rank balance
[15/2/2022 23:50:6] !addon mage
[15/2/2022 23:51:2] !addon assassin
[17/2/2022 18:43:50] !addon oriental
[18/2/2022 11:39:8] !frags
[18/2/2022 18:47:17] alana sio "Highlighted Qwptyx
[28/5/2022 21:49:57] !online
[1/6/2022 11:8:50] !aol
[1/6/2022 11:14:14] !emotespells on
[1/6/2022 11:21:54] !aol
[1/6/2022 14:22:25] !aol
[1/6/2022 14:36:4] !aol
[1/6/2022 14:41:6] !aol
[1/6/2022 15:12:9] !aol
[1/6/2022 17:34:14] !aol
[1/6/2022 17:37:22] !aol
[2/6/2022 5:20:5] !aol
[3/6/2022 15:1:38] !frags
