[7/11/2023 20:53:1] !online
[7/11/2023 21:0:33] !online
[7/11/2023 21:1:45] !emotespells
[7/11/2023 21:1:48] !emotespells on
[7/11/2023 21:1:56] !emotespells off
[7/11/2023 21:2:2] !emotespells on
[7/11/2023 21:7:58] !emotespells
[7/11/2023 21:8:1] !emotespells on
[7/11/2023 21:25:8] !aol
[8/11/2023 18:36:36] !online
[8/11/2023 18:38:29] !online
[8/11/2023 19:2:29] !aol
[8/11/2023 20:21:1] !online
[8/11/2023 20:51:21] !online
[9/11/2023 18:5:7] !online
[9/11/2023 18:10:31] !buyhouse
[9/11/2023 18:20:54] !aol
[9/11/2023 19:12:43] !online
[9/11/2023 20:12:41] !online
[9/11/2023 21:24:57] !buyhouse
[9/11/2023 21:34:51] !aol
[9/11/2023 21:57:23] !online
[11/11/2023 13:24:13] !online
[11/11/2023 13:30:19] !online
[11/11/2023 15:45:0] !online
[11/11/2023 18:46:17] !aol
[11/11/2023 18:46:26] !online
[11/11/2023 18:56:10] !aol
[11/11/2023 19:1:42] !aol
[11/11/2023 19:19:40] !aol
[18/11/2023 10:18:7] !aol
[18/11/2023 10:28:4] !aol
[18/11/2023 10:37:29] !aol
[18/11/2023 12:49:45] !aol
[19/11/2023 17:0:9] !online
[19/11/2023 18:1:32] !online
[19/11/2023 18:6:28] !online
