[14/12/2021 18:31:55] !rank magic
[15/12/2021 11:49:22] !online
[15/12/2021 13:14:15] !aol
[15/12/2021 13:17:58] !aol
[15/12/2021 14:2:39] !wand ice
[15/12/2021 14:22:55] !wand vis
[15/12/2021 14:25:56] !wand morth
[15/12/2021 14:26:1] !wand fire
[15/12/2021 14:26:10] !wand ice
[15/12/2021 14:27:40] !wand ice
[15/12/2021 15:50:13] !aol
[15/12/2021 15:55:9] !wand ice
[15/12/2021 18:35:6] !wand ice
[15/12/2021 18:35:8] !wand ice
[15/12/2021 20:9:6] !wand ice
[16/12/2021 5:35:49] !wand fire
[16/12/2021 5:35:53] !wand ice
[16/12/2021 5:35:57] !wand ice
[16/12/2021 5:35:59] !wand ice
[16/12/2021 5:36:4] !wand ice
[16/12/2021 5:36:11] !wand ice
[16/12/2021 5:36:18] !wand ice
[16/12/2021 5:36:33] !wand holy
[16/12/2021 6:38:48] !wand ice
[16/12/2021 11:8:28] !wand ice
[16/12/2021 17:8:38] !wand ice
[16/12/2021 17:22:56] !wand ice
[16/12/2021 18:40:51] !wand ice
[17/12/2021 11:9:32] !addon brotherhod
[17/12/2021 11:9:46] !addon brotherhood
[17/12/2021 11:14:6] !aol
[17/12/2021 11:15:6] !wand fire
[17/12/2021 11:15:11] !wand death
[17/12/2021 11:15:15] !wand ice
[17/12/2021 11:15:18] !wand ice
[17/12/2021 11:18:3] !wand ice
[17/12/2021 11:18:9] !wand ice
[17/12/2021 11:21:43] !online
[17/12/2021 11:22:1] !rank level
[18/12/2021 8:20:43] !wand ice
[18/12/2021 17:48:1] !online
[18/12/2021 17:52:24] !buyhouse
[18/12/2021 17:52:28] !buyhouse
[18/12/2021 17:52:30] !buyhouse
[18/12/2021 17:54:50] !buyhouse
[18/12/2021 17:59:11] !wand holy
[18/12/2021 18:0:55] !wand fire
[18/12/2021 18:0:58] !wand ice
[18/12/2021 18:3:51] !wand ice
[18/12/2021 18:4:21] !aol
[18/12/2021 19:24:38] !wand ice
[18/12/2021 20:11:56] !wand ice
[18/12/2021 20:12:0] !wand ice
[18/12/2021 20:12:13] !aol
[19/12/2021 13:13:40] !wand fire
[19/12/2021 13:14:16] !wand ice
[19/12/2021 14:34:30] !wand ice
[19/12/2021 14:48:20] !wand holy
[19/12/2021 15:0:41] !wand ice
[19/12/2021 15:8:50] !wand holy
[19/12/2021 15:22:1] !addon warmaster
[19/12/2021 16:7:32] !wand ice
[19/12/2021 16:29:55] !wand ice
[19/12/2021 18:18:58] !online
[19/12/2021 19:6:55] !wand holy
[20/12/2021 6:28:58] !wand ice
[20/12/2021 16:50:24] !wand ice
[20/12/2021 19:7:30] !online
[20/12/2021 20:40:24] !online
[20/12/2021 20:50:31] !wand ice
[24/12/2021 13:5:49] !online
[24/12/2021 13:5:56] !rank level
[24/12/2021 13:6:4] !rank level
