[11/12/2021 11:55:1] !online
[12/12/2021 13:49:28] !aol
[12/12/2021 14:46:8] !emotespells on
[12/12/2021 15:52:2] !online
[12/12/2021 16:49:26] !rank distance
[12/12/2021 16:49:53] !rank distance
[12/12/2021 17:18:9] !rank distance
[12/12/2021 20:57:56] !buyhouse
[12/12/2021 20:59:42] !buyhouse
[12/12/2021 21:0:39] !rank distance
[12/12/2021 21:46:12] !rank distance
[12/12/2021 21:46:27] !rank distance
[12/12/2021 23:56:10] !go
[12/12/2021 23:56:15] !go
[12/12/2021 23:56:18] !go
[13/12/2021 0:3:3] !rank distance
[13/12/2021 9:1:20] !rank distance
[13/12/2021 9:58:13] !rank magic
[13/12/2021 10:27:58] !rank distance
[13/12/2021 16:44:27] !rank distance
[13/12/2021 17:42:16] !rank distance
[15/12/2021 9:53:34] aleta som
[15/12/2021 9:53:50] aleta sio
[15/12/2021 9:54:26] !online
[15/12/2021 12:26:12] !rank distance
[15/12/2021 14:41:57] !rank distance
[15/12/2021 15:6:54] aleta som
[15/12/2021 15:7:11] aleta sio
[15/12/2021 17:58:4] !aol
[16/12/2021 8:18:26] !rank distance
[16/12/2021 14:38:8] !protecthouse off
[16/12/2021 18:0:7] !rank distance
[17/12/2021 8:20:19] !rank distance
[17/12/2021 10:38:8] !rank distance
[17/12/2021 12:56:58] !online
[17/12/2021 14:40:53] !rank distance
[18/12/2021 9:21:1] !rank distance
[18/12/2021 12:34:30] !rank distance
[18/12/2021 12:34:45] !rank distance
[18/12/2021 12:35:1] !rank shield
[18/12/2021 14:32:50] !aol
[18/12/2021 19:29:7] !aol
[20/12/2021 0:20:30] !aol
[20/12/2021 0:23:1] !aol
[20/12/2021 15:14:59] !rank distance
[20/12/2021 16:30:12] !online
[21/12/2021 2:47:22] !aol
[21/12/2021 9:3:13] !rank distance
[21/12/2021 10:0:38] !online
[21/12/2021 10:48:15] !rank distance
[21/12/2021 16:19:16] !rank distance
[22/12/2021 8:55:4] !online
[22/12/2021 9:26:42] !rank distance
[22/12/2021 10:15:1] !rank magic
[22/12/2021 17:26:20] aleta som
[22/12/2021 17:27:30] aleta sio
[22/12/2021 17:43:22] !addon assassin
[23/12/2021 8:36:29] !rank distance
[23/12/2021 10:43:56] !aol
[23/12/2021 12:9:51] !online
[27/12/2021 8:50:23] !online
[27/12/2021 10:10:1] !online
[27/12/2021 11:8:11] !online
[27/12/2021 13:27:9] !aol
[27/12/2021 17:14:6] !aol
[28/12/2021 10:5:45] !online
[28/12/2021 10:6:0] !rank distance
[28/12/2021 11:44:11] !online
[28/12/2021 13:5:29] !aol
[28/12/2021 13:14:1] !online
[28/12/2021 16:36:12] !online
[29/12/2021 10:27:57] !online
[29/12/2021 11:1:1] !aol
[30/12/2021 13:32:11] !rank distance
[3/1/2022 8:18:4] !rank distace
[3/1/2022 8:18:10] !rank distance
[4/1/2022 11:49:22] !online
[4/1/2022 17:52:22] !online
[4/1/2022 17:52:40] !rank distance
[5/1/2022 9:2:24] !online
[5/1/2022 9:4:18] !rank distance
[5/1/2022 9:9:16] !rank distance
[5/1/2022 9:28:38] !online
