[11/2/2022 12:1:43] !aol
[11/2/2022 19:22:39] !aol
[11/2/2022 21:45:8] !emotespells on
[11/2/2022 21:54:35] !aol
[12/2/2022 0:49:12] !rank level
[12/2/2022 2:18:25] !aol
[12/2/2022 3:13:29] !aol
[12/2/2022 12:42:31] !aol
[12/2/2022 14:30:31] !rank level
[12/2/2022 16:24:19] !rank magic
[12/2/2022 18:27:22] !aol
[12/2/2022 21:45:5] !aol
[12/2/2022 21:53:9] !aol
[13/2/2022 13:2:24] !rank level
[13/2/2022 22:16:19] !aol
[14/2/2022 1:7:59] !aol
[14/2/2022 1:57:40] !addon mage
[14/2/2022 13:42:6] !aol
[14/2/2022 13:42:36] !aol
[14/2/2022 16:57:43] !rank level
[15/2/2022 14:5:51] !rank magic
[15/2/2022 14:26:13] !rank distance
[15/2/2022 14:33:8] !aol
[16/2/2022 0:49:53] !aol
[16/2/2022 21:3:35] !rank level
[16/2/2022 22:15:53] !aol
[16/2/2022 23:17:21] !aol
[16/2/2022 23:20:35] !aol
[16/2/2022 23:23:16] !aol
[16/2/2022 23:24:2] !aol
[16/2/2022 23:26:36] !aol
[16/2/2022 23:39:12] !aol
[17/2/2022 0:18:6] !aol
[17/2/2022 0:18:37] !aol
[17/2/2022 0:21:22] !aol
[17/2/2022 0:23:41] !aol
[18/2/2022 10:38:40] !aol
[18/2/2022 13:43:23] !aol
[18/2/2022 18:48:32] !aol
[18/2/2022 21:39:42] !aol
[19/2/2022 12:57:14] !rank level
[19/2/2022 18:49:24] !frags
[19/2/2022 19:18:58] !frags
[19/2/2022 23:5:40] !frags
[19/2/2022 23:43:20] !rank level
[20/2/2022 1:24:8] !aol
[20/2/2022 20:20:21] !aol
[20/2/2022 22:1:37] !aol
[20/2/2022 22:37:48] !aol
[20/2/2022 22:41:28] !aol
[20/2/2022 23:11:55] !aol
[20/2/2022 23:22:46] !aol
[21/2/2022 6:35:37] !aol
[21/2/2022 6:48:3] !aol
[21/2/2022 9:17:41] !aol
[21/2/2022 9:48:28] !aol
[21/2/2022 9:49:53] !aol
[21/2/2022 9:54:19] 
[21/2/2022 9:54:21] 
[21/2/2022 9:54:23] 
[21/2/2022 9:54:25] 
[21/2/2022 9:54:27] 
[21/2/2022 9:54:31] 
[21/2/2022 9:54:33] 
[21/2/2022 9:54:35] 
[21/2/2022 9:54:37] 
[21/2/2022 9:54:54] 
[21/2/2022 9:54:56] 
[21/2/2022 9:54:58] 
[21/2/2022 9:55:1] 
[21/2/2022 9:55:3] 
[21/2/2022 9:55:5] 
[21/2/2022 9:55:7] 
[21/2/2022 9:55:9] 
[21/2/2022 9:55:14] 
[21/2/2022 9:55:16] 
[21/2/2022 9:55:51] 
[21/2/2022 9:56:3] 
[21/2/2022 9:56:5] 
[21/2/2022 9:56:8] 
[21/2/2022 9:56:24] 
[21/2/2022 9:56:26] 
[21/2/2022 9:56:28] 
[21/2/2022 9:56:30] 
[21/2/2022 9:56:32] 
[21/2/2022 9:56:34] 
[21/2/2022 9:56:36] 
[21/2/2022 9:56:38] 
[21/2/2022 9:56:41] 
[21/2/2022 9:56:43] 
[21/2/2022 9:56:49] 
[21/2/2022 9:57:25] 
[21/2/2022 9:57:27] 
[21/2/2022 9:57:29] 
[21/2/2022 9:57:50] 
[21/2/2022 9:57:52] 
[21/2/2022 9:57:54] 
[21/2/2022 9:57:56] 
[21/2/2022 9:57:58] 
[21/2/2022 9:58:0] 
[21/2/2022 9:58:2] 
[21/2/2022 9:58:4] 
[21/2/2022 9:58:7] 
[21/2/2022 9:58:11] 
[21/2/2022 9:58:21] 
[21/2/2022 9:58:36] 
[21/2/2022 9:58:44] 
[21/2/2022 9:58:46] 
[21/2/2022 9:58:48] 
[21/2/2022 9:58:50] 
[21/2/2022 9:58:52] 
[21/2/2022 9:58:55] 
[21/2/2022 9:58:59] 
[21/2/2022 9:59:1] 
[21/2/2022 9:59:3] 
[21/2/2022 9:59:5] 
[21/2/2022 9:59:7] 
[21/2/2022 9:59:9] 
[21/2/2022 9:59:11] 
[21/2/2022 9:59:13] 
[21/2/2022 9:59:15] 
[21/2/2022 9:59:17] 
[21/2/2022 9:59:19] 
[21/2/2022 9:59:21] 
[21/2/2022 9:59:24] 
[21/2/2022 9:59:26] 
[21/2/2022 9:59:28] 
[21/2/2022 9:59:30] 
[21/2/2022 9:59:32] 
[21/2/2022 9:59:34] 
[21/2/2022 9:59:36] 
[21/2/2022 9:59:38] 
[21/2/2022 9:59:40] 
[21/2/2022 9:59:42] 
[21/2/2022 9:59:45] 
[21/2/2022 9:59:49] 
[21/2/2022 9:59:51] 
[21/2/2022 10:0:3] 
[21/2/2022 10:0:9] 
[21/2/2022 10:0:59] 
[21/2/2022 10:1:1] 
[21/2/2022 10:1:3] 
[21/2/2022 10:1:24] 
[21/2/2022 10:1:39] 
[21/2/2022 10:1:41] 
[21/2/2022 10:1:46] 
[21/2/2022 10:1:48] 
[21/2/2022 10:1:50] 
[21/2/2022 10:1:54] 
[21/2/2022 10:1:56] 
[21/2/2022 10:1:59] 
[21/2/2022 10:2:2] 
[21/2/2022 10:2:12] 
[21/2/2022 10:2:46] 
[21/2/2022 10:2:51] 
[21/2/2022 10:2:53] 
[21/2/2022 10:3:0] 
[21/2/2022 10:3:9] 
[21/2/2022 10:3:58] 
[21/2/2022 10:4:0] 
[21/2/2022 10:4:2] 
[21/2/2022 10:5:9] 
[21/2/2022 10:9:0] 
[21/2/2022 10:16:21] 
[21/2/2022 10:16:23] 
[21/2/2022 10:16:25] 
[21/2/2022 10:17:6] 
[21/2/2022 10:17:11] 
[21/2/2022 10:17:13] 
[21/2/2022 10:17:15] 
[21/2/2022 10:19:42] 
[21/2/2022 10:19:44] 
[21/2/2022 10:27:32] 
[21/2/2022 10:34:19] 
[21/2/2022 10:34:21] 
[21/2/2022 10:34:23] 
[21/2/2022 10:41:3] 
[21/2/2022 10:41:5] 
[21/2/2022 10:41:7] 
[21/2/2022 10:49:24] 
[21/2/2022 10:49:26] 
[21/2/2022 10:49:28] 
[21/2/2022 10:49:33] 
[21/2/2022 10:53:0] 
[21/2/2022 10:53:2] 
[21/2/2022 10:53:4] 
[21/2/2022 10:53:45] 
[21/2/2022 10:59:27] 
[21/2/2022 11:2:36] 
[21/2/2022 11:2:38] 
[21/2/2022 11:2:40] 
[21/2/2022 11:6:21] 
[21/2/2022 11:12:19] 
[21/2/2022 11:14:29] 
[21/2/2022 11:14:31] 
[21/2/2022 11:15:7] 
[21/2/2022 11:17:55] 
[21/2/2022 11:17:57] 
[21/2/2022 11:17:59] 
[21/2/2022 11:19:4] 
[21/2/2022 11:21:4] 
[21/2/2022 11:21:6] 
[21/2/2022 11:21:9] 
[21/2/2022 11:24:11] 
[21/2/2022 11:24:13] 
[21/2/2022 11:24:15] 
[21/2/2022 11:24:17] 
[21/2/2022 11:38:4] 
[21/2/2022 11:38:6] 
[21/2/2022 11:38:16] 
[21/2/2022 11:44:17] 
[21/2/2022 11:44:19] 
[21/2/2022 11:44:21] 
[21/2/2022 11:44:47] 
[21/2/2022 11:44:56] 
[21/2/2022 11:44:58] 
[21/2/2022 11:46:37] 
[21/2/2022 11:48:38] 
[21/2/2022 11:48:46] 
[21/2/2022 11:48:48] 
[21/2/2022 11:48:50] 
[21/2/2022 11:48:52] 
[21/2/2022 11:48:54] 
[21/2/2022 11:48:57] 
[21/2/2022 11:51:49] 
[21/2/2022 11:51:51] 
[21/2/2022 11:51:53] 
[21/2/2022 11:51:55] 
[21/2/2022 11:52:1] 
[21/2/2022 11:52:44] 
[21/2/2022 18:8:16] !aol
[21/2/2022 18:9:29] 
[21/2/2022 18:9:35] 
[21/2/2022 18:9:37] 
[21/2/2022 18:9:39] 
[21/2/2022 18:9:41] 
[21/2/2022 18:9:43] 
[21/2/2022 18:9:45] 
[21/2/2022 18:9:47] 
[21/2/2022 18:9:49] 
[21/2/2022 18:9:51] 
[21/2/2022 18:9:57] 
[21/2/2022 18:9:59] 
[21/2/2022 18:10:2] 
[21/2/2022 18:10:4] 
[21/2/2022 18:10:24] 
[21/2/2022 18:10:26] 
[21/2/2022 18:10:28] 
[21/2/2022 18:10:30] 
[21/2/2022 18:10:34] 
[21/2/2022 18:10:37] 
[21/2/2022 18:10:40] 
[21/2/2022 18:10:42] 
[21/2/2022 18:10:53] 
[21/2/2022 18:10:55] 
[21/2/2022 18:10:57] 
[21/2/2022 18:10:59] 
[21/2/2022 18:11:1] 
[21/2/2022 18:11:3] 
[21/2/2022 18:11:13] 
[21/2/2022 18:11:15] 
[21/2/2022 18:11:17] 
[21/2/2022 18:11:21] 
[21/2/2022 18:11:23] 
[21/2/2022 18:11:31] 
[21/2/2022 18:11:33] 
[21/2/2022 18:11:35] 
[21/2/2022 18:11:44] 
[21/2/2022 18:11:46] 
[21/2/2022 18:11:48] 
[21/2/2022 18:11:50] 
[21/2/2022 18:11:52] 
[21/2/2022 18:11:54] 
[21/2/2022 18:11:56] 
[21/2/2022 18:11:58] 
[21/2/2022 18:12:0] 
[21/2/2022 18:12:3] 
[21/2/2022 18:12:5] 
[21/2/2022 18:12:7] 
[21/2/2022 18:12:9] 
[21/2/2022 18:12:11] 
[21/2/2022 18:12:13] 
[21/2/2022 18:12:18] 
[21/2/2022 18:12:20] 
[21/2/2022 18:12:22] 
[21/2/2022 18:12:24] 
[21/2/2022 18:12:26] 
[21/2/2022 18:12:33] 
[21/2/2022 18:12:35] 
[21/2/2022 18:12:37] 
[21/2/2022 18:12:48] 
[21/2/2022 18:12:50] 
[21/2/2022 18:12:52] 
[21/2/2022 18:12:54] 
[21/2/2022 18:12:56] 
[21/2/2022 18:13:3] 
[21/2/2022 18:13:5] 
[21/2/2022 18:13:7] 
[21/2/2022 18:13:18] 
[21/2/2022 18:13:20] 
[21/2/2022 18:13:28] 
[21/2/2022 18:13:30] 
[21/2/2022 18:13:32] 
[21/2/2022 18:13:34] 
[21/2/2022 18:13:36] 
[21/2/2022 18:13:39] 
[21/2/2022 18:13:43] 
[21/2/2022 18:13:45] 
[21/2/2022 18:13:47] 
[21/2/2022 18:13:49] 
[21/2/2022 18:13:51] 
[21/2/2022 18:14:0] 
[21/2/2022 18:14:11] 
[21/2/2022 18:14:13] 
[21/2/2022 18:15:54] 
[21/2/2022 18:15:59] 
[21/2/2022 18:16:3] 
[21/2/2022 18:17:19] 
[21/2/2022 18:17:23] 
[21/2/2022 18:18:19] 
[21/2/2022 18:18:23] 
[21/2/2022 18:18:26] 
[21/2/2022 18:18:28] 
[21/2/2022 18:18:45] 
[21/2/2022 18:18:47] 
[21/2/2022 18:18:49] 
[21/2/2022 18:18:51] 
[21/2/2022 18:18:53] 
[21/2/2022 18:18:55] 
[21/2/2022 18:18:57] 
[21/2/2022 18:19:0] 
[21/2/2022 18:19:2] 
[21/2/2022 18:19:4] 
[21/2/2022 18:19:23] 
[21/2/2022 18:19:26] 
[21/2/2022 18:19:28] 
[21/2/2022 18:19:30] 
[21/2/2022 18:19:32] 
[21/2/2022 18:19:34] 
[21/2/2022 18:19:36] 
[21/2/2022 18:19:38] 
[21/2/2022 18:19:40] 
[21/2/2022 18:19:42] 
[21/2/2022 18:19:44] 
[21/2/2022 18:19:46] 
[21/2/2022 18:19:48] 
[21/2/2022 18:19:50] 
[21/2/2022 18:19:52] 
[21/2/2022 18:19:59] 
[21/2/2022 18:20:23] 
[21/2/2022 18:20:25] 
[21/2/2022 18:20:27] 
[21/2/2022 18:20:29] 
[21/2/2022 18:20:31] 
[21/2/2022 18:20:33] 
[21/2/2022 18:20:35] 
[21/2/2022 18:20:37] 
[21/2/2022 18:20:40] 
[21/2/2022 18:20:42] 
[21/2/2022 18:20:44] 
[21/2/2022 18:20:46] 
[21/2/2022 18:20:48] 
[21/2/2022 18:20:50] 
[21/2/2022 18:20:52] 
[21/2/2022 18:20:54] 
[21/2/2022 18:21:3] 
[21/2/2022 18:21:5] 
[21/2/2022 18:21:7] 
[21/2/2022 18:21:9] 
[21/2/2022 18:21:11] 
[21/2/2022 18:21:14] 
[21/2/2022 18:21:16] 
[21/2/2022 18:21:18] 
[21/2/2022 18:21:20] 
[21/2/2022 18:21:22] 
[21/2/2022 18:22:6] 
[21/2/2022 18:22:8] 
[21/2/2022 18:22:10] 
[21/2/2022 18:22:12] 
[21/2/2022 18:22:14] 
[21/2/2022 18:22:16] 
[21/2/2022 18:22:18] 
[21/2/2022 18:22:20] 
[21/2/2022 18:22:23] 
[21/2/2022 18:22:29] 
[21/2/2022 18:22:31] 
[21/2/2022 18:22:36] 
[21/2/2022 18:22:38] 
[21/2/2022 18:22:40] 
[21/2/2022 18:23:16] 
[21/2/2022 18:23:49] 
[21/2/2022 18:23:51] 
[21/2/2022 18:24:51] 
[21/2/2022 18:24:54] 
[21/2/2022 18:26:32] 
[21/2/2022 18:26:34] 
[21/2/2022 18:26:36] 
[21/2/2022 18:27:19] 
[21/2/2022 18:27:22] 
[21/2/2022 18:27:25] 
[21/2/2022 18:27:49] 
[21/2/2022 18:31:7] 
[21/2/2022 18:31:9] 
[21/2/2022 18:31:11] 
[21/2/2022 18:31:13] 
[21/2/2022 18:31:55] 
[21/2/2022 18:31:57] 
[21/2/2022 18:31:59] 
[21/2/2022 18:32:1] 
[21/2/2022 18:32:3] 
[21/2/2022 18:32:5] 
[21/2/2022 18:32:7] 
[21/2/2022 18:32:9] 
[21/2/2022 18:32:11] 
[21/2/2022 18:32:13] 
[21/2/2022 18:32:15] 
[21/2/2022 18:32:18] 
[21/2/2022 18:32:20] 
[21/2/2022 18:32:27] 
[21/2/2022 18:33:29] 
[21/2/2022 18:33:31] 
[21/2/2022 18:35:12] 
[21/2/2022 18:35:14] 
[21/2/2022 18:38:31] 
[21/2/2022 18:38:35] 
[21/2/2022 18:39:11] 
[21/2/2022 18:40:26] 
[21/2/2022 18:40:28] 
[21/2/2022 18:40:30] 
[21/2/2022 18:42:17] 
[21/2/2022 18:42:19] 
[21/2/2022 18:42:21] 
[21/2/2022 18:42:23] 
[21/2/2022 18:42:29] 
[21/2/2022 18:42:32] 
[21/2/2022 18:43:2] 
[21/2/2022 18:43:4] 
[21/2/2022 18:43:6] 
[21/2/2022 18:43:8] 
[21/2/2022 18:43:11] 
[21/2/2022 18:43:20] 
[21/2/2022 18:43:22] 
[21/2/2022 18:43:25] 
[21/2/2022 18:43:27] 
[21/2/2022 18:43:47] 
[21/2/2022 18:43:52] 
[21/2/2022 18:43:55] 
[21/2/2022 18:43:57] 
[21/2/2022 18:44:24] 
[21/2/2022 18:44:26] 
[21/2/2022 18:48:42] 
[21/2/2022 18:48:47] 
[21/2/2022 18:48:49] 
[21/2/2022 18:48:51] 
[21/2/2022 18:49:39] 
[21/2/2022 18:49:42] 
[21/2/2022 18:50:22] 
[21/2/2022 18:50:24] 
[21/2/2022 18:59:8] 
[21/2/2022 18:59:10] 
[21/2/2022 18:59:12] 
[21/2/2022 18:59:14] 
[21/2/2022 18:59:18] 
[21/2/2022 18:59:20] 
[21/2/2022 18:59:22] 
[21/2/2022 18:59:24] 
[21/2/2022 18:59:28] 
[21/2/2022 18:59:30] 
[21/2/2022 18:59:32] 
[21/2/2022 18:59:34] 
[21/2/2022 18:59:39] 
[21/2/2022 18:59:41] 
[21/2/2022 18:59:43] 
[21/2/2022 18:59:45] 
[21/2/2022 18:59:47] 
[21/2/2022 18:59:49] 
[21/2/2022 18:59:51] 
[21/2/2022 18:59:53] 
[21/2/2022 18:59:55] 
[21/2/2022 19:0:14] 
[21/2/2022 19:0:20] 
[21/2/2022 19:0:22] 
[21/2/2022 19:0:38] 
[21/2/2022 19:0:40] 
[21/2/2022 19:0:42] 
[21/2/2022 19:0:45] 
[21/2/2022 19:1:33] 
[21/2/2022 19:1:35] 
[21/2/2022 19:1:37] 
[21/2/2022 19:1:43] 
[21/2/2022 19:1:45] 
[21/2/2022 19:4:8] 
[21/2/2022 19:4:10] 
[21/2/2022 19:7:5] 
[21/2/2022 19:7:8] 
[21/2/2022 19:7:10] 
[21/2/2022 19:7:34] 
[21/2/2022 19:7:44] 
[21/2/2022 19:10:43] 
[21/2/2022 19:10:45] 
[21/2/2022 19:10:47] 
[21/2/2022 19:11:17] 
[21/2/2022 19:11:19] 
[21/2/2022 19:11:22] 
[21/2/2022 19:23:52] 
[21/2/2022 19:23:56] 
[21/2/2022 19:27:13] 
[21/2/2022 19:27:15] 
[21/2/2022 19:27:17] 
[21/2/2022 19:29:59] 
[21/2/2022 19:30:1] 
[21/2/2022 19:30:3] 
[21/2/2022 19:30:5] 
[21/2/2022 19:30:7] 
[21/2/2022 19:30:10] 
[21/2/2022 19:30:12] 
[21/2/2022 19:30:14] 
[21/2/2022 19:30:16] 
[21/2/2022 19:30:18] 
[21/2/2022 19:30:22] 
[21/2/2022 19:30:24] 
[21/2/2022 19:30:27] 
[21/2/2022 19:30:29] 
[21/2/2022 19:30:31] 
[21/2/2022 19:30:33] 
[21/2/2022 19:30:35] 
[21/2/2022 19:30:37] 
[21/2/2022 19:30:39] 
[21/2/2022 19:30:42] 
[21/2/2022 19:30:44] 
[21/2/2022 19:30:46] 
[21/2/2022 19:30:48] 
[21/2/2022 19:30:50] 
[21/2/2022 19:31:24] 
[21/2/2022 19:31:26] 
[21/2/2022 19:31:28] 
[21/2/2022 19:31:30] 
[21/2/2022 19:32:4] 
[21/2/2022 19:32:6] 
[21/2/2022 19:39:54] 
[21/2/2022 19:39:56] 
[21/2/2022 19:39:58] 
[21/2/2022 19:40:0] 
[21/2/2022 19:40:2] 
[21/2/2022 19:50:12] 
[21/2/2022 19:50:15] 
[21/2/2022 19:51:25] 
[21/2/2022 19:52:32] 
[21/2/2022 19:52:34] 
[21/2/2022 19:53:57] 
[21/2/2022 19:54:30] 
[21/2/2022 19:54:32] 
[21/2/2022 19:54:34] 
[21/2/2022 19:54:38] 
[21/2/2022 19:54:40] 
[21/2/2022 19:54:42] 
[21/2/2022 19:56:31] 
[21/2/2022 19:56:33] 
[21/2/2022 19:56:36] 
[21/2/2022 19:56:41] 
[21/2/2022 19:56:43] 
[21/2/2022 19:56:45] 
[21/2/2022 19:58:41] 
[21/2/2022 19:58:43] 
[21/2/2022 19:58:45] 
[21/2/2022 19:58:47] 
[21/2/2022 19:58:49] 
[21/2/2022 19:58:53] 
[21/2/2022 19:58:57] 
[21/2/2022 19:59:42] 
[21/2/2022 19:59:44] 
[21/2/2022 20:0:22] 
[21/2/2022 20:0:24] 
[21/2/2022 20:1:36] 
[21/2/2022 20:1:38] 
[21/2/2022 20:1:40] 
[21/2/2022 20:2:11] 
[21/2/2022 20:2:14] 
[21/2/2022 20:3:50] 
[21/2/2022 20:7:54] 
[21/2/2022 20:12:23] 
[21/2/2022 20:12:25] 
[21/2/2022 20:12:27] 
[21/2/2022 20:18:25] 
[21/2/2022 20:18:27] 
[21/2/2022 20:18:29] 
[21/2/2022 20:18:31] 
[21/2/2022 20:19:48] 
[21/2/2022 20:19:50] 
[21/2/2022 20:24:18] 
[21/2/2022 20:24:21] 
[21/2/2022 20:32:25] 
[24/2/2022 1:45:5] !aol
[24/2/2022 2:26:3] !aol
[24/2/2022 9:48:30] !aol
[24/2/2022 9:48:33] !aol
[24/2/2022 9:48:36] !aol
[24/2/2022 9:48:46] !aol
[24/2/2022 9:48:49] !aol
[24/2/2022 9:48:52] !aol
[24/2/2022 9:48:55] !aol
[24/2/2022 9:48:59] !aol
[24/2/2022 9:49:5] !aol
[24/2/2022 9:49:8] !aol
[24/2/2022 9:49:15] !aol
[24/2/2022 9:49:23] !aol
[24/2/2022 9:49:26] !aol
[24/2/2022 9:49:29] !aol
[24/2/2022 9:49:33] !aol
[24/2/2022 9:49:36] !aol
[24/2/2022 9:49:39] !aol
[24/2/2022 9:55:4] !aol
[24/2/2022 9:55:7] !aol
[24/2/2022 9:55:10] !aol
[24/2/2022 9:55:17] !aol
[24/2/2022 9:55:21] !aol
[24/2/2022 9:55:27] !aol
[24/2/2022 9:57:7] !aol
[24/2/2022 9:58:41] !aol
[24/2/2022 10:7:24] !aol
[24/2/2022 10:16:34] !aol
[24/2/2022 10:16:37] !aol
[24/2/2022 10:16:41] !aol
[24/2/2022 10:16:44] !aol
[24/2/2022 10:16:47] !aol
[24/2/2022 10:16:50] !aol
[24/2/2022 10:16:54] !aol
[24/2/2022 10:16:57] !aol
[24/2/2022 10:17:0] !aol
[24/2/2022 10:17:3] !aol
[24/2/2022 10:17:6] !aol
[24/2/2022 10:17:10] !aol
[24/2/2022 10:17:13] !aol
[24/2/2022 10:17:16] !aol
[24/2/2022 10:17:19] !aol
[24/2/2022 10:17:22] !aol
[24/2/2022 10:17:26] !aol
[24/2/2022 10:17:29] !aol
[24/2/2022 10:17:32] !aol
[24/2/2022 10:17:35] !aol
[24/2/2022 10:17:38] !aol
[24/2/2022 10:17:42] !aol
[24/2/2022 10:17:45] !aol
[24/2/2022 10:17:48] !aol
[24/2/2022 10:17:51] !aol
[24/2/2022 10:17:54] !aol
[24/2/2022 10:17:58] !aol
[24/2/2022 10:18:1] !aol
[24/2/2022 10:18:4] !aol
[24/2/2022 10:18:7] !aol
[24/2/2022 10:18:11] !aol
[24/2/2022 10:18:14] !aol
[24/2/2022 10:18:17] !aol
[24/2/2022 10:18:20] !aol
[24/2/2022 10:18:23] !aol
[24/2/2022 10:18:27] !aol
[24/2/2022 10:18:30] !aol
[24/2/2022 10:18:33] !aol
[24/2/2022 10:18:36] !aol
[24/2/2022 10:18:39] !aol
[24/2/2022 10:18:43] !aol
[24/2/2022 10:18:46] !aol
[24/2/2022 10:18:49] !aol
[24/2/2022 10:18:52] !aol
[24/2/2022 10:18:56] !aol
[24/2/2022 10:18:59] !aol
[24/2/2022 10:19:2] !aol
[24/2/2022 10:19:5] !aol
[24/2/2022 10:19:9] !aol
[24/2/2022 10:19:12] !aol
[24/2/2022 10:19:15] !aol
[24/2/2022 10:19:18] !aol
[24/2/2022 10:19:21] !aol
[24/2/2022 10:19:25] !aol
[24/2/2022 10:19:28] !aol
[24/2/2022 10:19:31] !aol
[24/2/2022 10:19:34] !aol
[24/2/2022 10:19:37] !aol
[24/2/2022 10:19:41] !aol
[24/2/2022 10:19:44] !aol
[24/2/2022 10:19:47] !aol
[24/2/2022 10:19:50] !aol
[24/2/2022 10:19:54] !aol
[24/2/2022 10:19:57] !aol
[24/2/2022 10:20:0] !aol
[24/2/2022 10:20:3] !aol
[24/2/2022 10:20:6] !aol
[24/2/2022 10:20:10] !aol
[24/2/2022 10:20:13] !aol
[24/2/2022 10:20:16] !aol
[24/2/2022 10:20:19] !aol
[24/2/2022 10:20:22] !aol
[24/2/2022 10:20:26] !aol
[24/2/2022 10:20:29] !aol
[24/2/2022 10:20:32] !aol
[24/2/2022 10:20:35] !aol
[24/2/2022 10:20:39] !aol
[24/2/2022 10:20:42] !aol
[24/2/2022 10:20:45] !aol
[24/2/2022 10:20:48] !aol
[24/2/2022 10:20:51] !aol
[24/2/2022 10:20:55] !aol
[24/2/2022 10:20:58] !aol
[24/2/2022 10:21:1] !aol
[24/2/2022 10:21:4] !aol
[24/2/2022 10:21:8] !aol
[24/2/2022 10:21:11] !aol
[24/2/2022 10:21:14] !aol
[24/2/2022 10:21:17] !aol
[24/2/2022 10:21:21] !aol
[24/2/2022 10:21:24] !aol
[24/2/2022 10:21:27] !aol
[24/2/2022 10:21:30] !aol
[24/2/2022 10:21:33] !aol
[24/2/2022 10:21:37] !aol
[24/2/2022 10:21:40] !aol
[24/2/2022 10:21:43] !aol
[24/2/2022 10:21:46] !aol
[24/2/2022 10:21:49] !aol
[24/2/2022 10:21:53] !aol
[24/2/2022 10:21:56] !aol
[24/2/2022 10:21:59] !aol
[24/2/2022 10:22:2] !aol
[24/2/2022 10:22:5] !aol
[24/2/2022 10:22:9] !aol
[24/2/2022 10:22:12] !aol
[24/2/2022 10:22:15] !aol
[24/2/2022 10:22:19] !aol
[24/2/2022 10:22:22] !aol
[24/2/2022 10:22:25] !aol
[24/2/2022 10:22:28] !aol
[24/2/2022 10:22:32] !aol
[24/2/2022 10:22:35] !aol
[24/2/2022 10:22:38] !aol
[24/2/2022 10:22:42] !aol
[24/2/2022 10:22:45] !aol
[24/2/2022 10:22:48] !aol
[24/2/2022 10:22:52] !aol
[24/2/2022 10:22:55] !aol
[24/2/2022 10:22:58] !aol
[24/2/2022 10:23:1] !aol
[24/2/2022 10:23:4] !aol
[24/2/2022 10:23:8] !aol
[24/2/2022 10:23:11] !aol
[24/2/2022 10:23:14] !aol
[24/2/2022 13:36:2] !aol
[24/2/2022 13:41:7] !aol
[24/2/2022 14:15:31] !aol
[24/2/2022 14:41:37] !aol
[25/2/2022 1:25:43] !aol
[25/2/2022 14:23:45] !aol
[26/2/2022 0:9:1] !emotespells ob
[26/2/2022 0:9:5] !emotespells on
[26/2/2022 0:9:7] !emotespells on
[26/2/2022 1:54:59] !aol
[26/2/2022 2:21:0] !aol
[26/2/2022 8:38:50] !aol
[26/2/2022 10:33:9] !aol
[26/2/2022 12:21:10] !aol
[26/2/2022 17:7:19] !aol
[26/2/2022 21:39:28] !aol
[26/2/2022 21:59:28] !aol
[26/2/2022 22:9:13] !aol
[26/2/2022 22:41:49] !addon brotherhood
[26/2/2022 22:43:44] !rank level
[26/2/2022 23:53:32] !aol
[27/2/2022 0:49:36] !aol
[27/2/2022 20:51:53] !aol
