[11/12/2021 14:2:25] !aol
[11/12/2021 14:21:2] !rank
[11/12/2021 14:21:7] !rank level
[11/12/2021 14:39:8] !aol
[11/12/2021 16:43:16] !rank level
[11/12/2021 19:4:14] !rank level
[13/12/2021 21:0:14] !aol
[13/12/2021 22:0:58] !aol
[13/12/2021 22:1:41] !frags
[14/12/2021 16:0:34] !aol
[19/12/2021 1:34:22] !wand fire
[19/12/2021 1:40:57] !wand holy
[20/12/2021 23:4:40] 
[20/12/2021 23:4:47] 
[20/12/2021 23:4:49] 
[20/12/2021 23:4:55] 
[20/12/2021 23:4:58] 
[20/12/2021 23:5:20] !wand deaht
[20/12/2021 23:5:22] !wand death
[20/12/2021 23:5:29] !wand holy
[20/12/2021 23:5:31] !wand holy
[20/12/2021 23:5:34] !wand holy
[20/12/2021 23:5:38] !wand holy
[20/12/2021 23:5:48] !wand holy
[20/12/2021 23:5:55] 
[20/12/2021 23:6:6] !wand holy
[20/12/2021 23:6:9] 
[20/12/2021 23:6:32] 
[20/12/2021 23:6:39] 
[20/12/2021 23:6:42] 
[20/12/2021 23:6:45] 
[20/12/2021 23:6:48] 
[20/12/2021 23:6:52] 
[20/12/2021 23:7:22] 
[20/12/2021 23:8:4] 
[20/12/2021 23:8:19] 
[20/12/2021 23:8:49] 
[20/12/2021 23:9:25] 
[20/12/2021 23:10:4] 
[20/12/2021 23:10:9] 
[20/12/2021 23:10:54] 
[20/12/2021 23:10:58] 
[20/12/2021 23:11:1] 
[20/12/2021 23:11:3] 
[20/12/2021 23:12:13] 
[20/12/2021 23:12:21] 
[20/12/2021 23:12:28] 
[20/12/2021 23:12:32] 
[20/12/2021 23:13:15] 
[20/12/2021 23:13:55] 
[20/12/2021 23:14:5] 
[20/12/2021 23:14:8] 
[20/12/2021 23:14:31] 
