[10/12/2021 21:28:48] !wand ice
[10/12/2021 22:6:42] !wand ice
[10/12/2021 22:25:44] !buyhouse
[10/12/2021 22:35:9] !wand holy
[12/12/2021 11:29:25] !wand holy
[12/12/2021 12:18:59] !wand holy
[12/12/2021 20:0:51] aleta sio
[12/12/2021 20:2:9] aleta som
[12/12/2021 20:3:6] aleta som
[18/12/2021 16:55:37] !emotespells off
[18/12/2021 16:55:42] !emotespells on
[21/12/2021 2:15:7] !wand ice
[21/12/2021 12:15:4] aleta som
[21/12/2021 17:45:23] !frags
[21/12/2021 18:22:47] !wand ice
[23/12/2021 11:14:21] !wand ice
[24/12/2021 0:20:16] aleta som
[24/12/2021 0:20:25] !protecthouse
[24/12/2021 0:20:28] !protecthouse off
[24/12/2021 0:20:33] aleta som
[24/12/2021 0:22:1] aleta som
[25/12/2021 21:17:27] aleta sio
[7/1/2022 13:16:41] !online
[27/2/2022 23:42:41] !frags
[28/2/2022 0:55:31] !frags
[28/2/2022 0:56:9] !frags
[28/2/2022 19:54:9] !frags
[1/3/2022 18:7:57] !online
[1/6/2022 0:28:11] !aol
