[11/12/2021 22:21:12] !wand ice
[12/12/2021 0:12:21] !wand ice
[12/12/2021 0:32:55] !wand ice
[12/12/2021 0:33:2] !wand holy
[12/12/2021 0:33:8] !wand holly
[12/12/2021 0:33:12] !wand holy
[12/12/2021 0:33:18] !wand holy
[12/12/2021 0:33:24] !wand san
[12/12/2021 0:33:29] !wand holly
[12/12/2021 0:34:3] !wand flam
[12/12/2021 0:34:7] !wand fire
[12/12/2021 1:7:31] !wand ice
[12/12/2021 11:29:36] !wand holy
[16/12/2021 3:24:58] !wand ice
[18/12/2021 20:20:14] !wand ice
[18/12/2021 20:32:39] !wand death
[18/12/2021 20:59:48] !wand ice
[18/12/2021 21:4:19] !wand earth
[18/12/2021 21:4:22] !wand 
[18/12/2021 21:4:27] !wand fire
[18/12/2021 21:4:31] !wand fire
[18/12/2021 21:4:35] !wand death
[18/12/2021 21:6:16] !wand holy
[19/12/2021 14:58:38] !wand ice
[19/12/2021 15:8:50] !wand death
[19/12/2021 15:12:9] !wand earth
[19/12/2021 15:16:13] !wand earth
[21/12/2021 18:22:44] !wand ice
[25/12/2021 20:32:42] !online
[26/12/2021 18:6:24] !wand frigo
[26/12/2021 18:6:29] !wand ice
[26/12/2021 18:9:35] !wand holy
[26/12/2021 18:9:42] !wand death
[26/12/2021 18:9:49] !wand death
[26/12/2021 18:31:54] !wand death
[26/12/2021 20:5:52] !wand death
[26/12/2021 22:48:46] !wand death
[31/12/2021 11:52:32] !online
[31/12/2021 12:12:56] !online
[31/12/2021 14:55:38] !online
[31/12/2021 19:13:12] !online
[31/12/2021 19:21:2] !online
[1/1/2022 13:5:6] !rank level
[1/1/2022 13:5:55] !wand ice
[1/1/2022 13:6:0] !wand death
[4/1/2022 18:14:24] !wand death
[4/1/2022 23:55:17] !rank magic
[6/1/2022 22:31:10] !online
[6/1/2022 22:31:37] !online
