[11/2/2022 13:8:27] !rank magic
[11/2/2022 22:18:45] !online
[12/2/2022 8:54:16] !rank level
[12/2/2022 14:46:14] !rank magic
[12/2/2022 17:41:47] !frags
[12/2/2022 20:11:42] !frags
[12/2/2022 20:25:25] !frags
[12/2/2022 20:42:39] !rank magic
[12/2/2022 22:5:43] !frags
[13/2/2022 0:46:54] !online
[13/2/2022 1:34:49] !frags
[13/2/2022 15:57:44] !rank magic
[13/2/2022 19:47:30] !frags
[13/2/2022 19:50:58] !frags
[14/2/2022 9:3:8] !rank level
[14/2/2022 11:27:36] !rank magic
[14/2/2022 14:25:40] !online
[14/2/2022 14:27:47] !emotespells on
[14/2/2022 20:24:59] !rank magic
[14/2/2022 20:33:49] !rank magic
[14/2/2022 20:38:33] !rank level
[14/2/2022 23:31:19] !rank level
[14/2/2022 23:48:44] !online
[15/2/2022 0:4:46] !rank magic
[15/2/2022 2:27:26] !rank level
[16/2/2022 1:55:47] !rank magic
[16/2/2022 2:0:26] !rank lelvel
[16/2/2022 2:0:29] !rank level
