[10/12/2021 20:13:50] !aol
[10/12/2021 20:15:1] !wand frigo
[10/12/2021 20:15:3] !wand frigo
[10/12/2021 20:15:7] !wand ice
[10/12/2021 20:27:9] !rank level
[10/12/2021 20:31:4] !aol
[10/12/2021 20:33:13] !wand ice
[10/12/2021 20:43:21] !online
[10/12/2021 20:43:27] !rank level
[10/12/2021 20:58:59] !rank level
[10/12/2021 22:15:30] !wand ice
[10/12/2021 22:21:12] !wand ice
[10/12/2021 22:59:5] !aol
[13/12/2021 21:6:35] !online
[14/12/2021 6:5:0] !online
[15/12/2021 13:27:5] !wand death
[15/12/2021 18:49:59] !online
[16/12/2021 14:8:14] !wand ice
[16/12/2021 22:44:45] !wand ice
[17/12/2021 6:55:7] !wand ice
[19/12/2021 23:52:41] !wand ice
[19/12/2021 23:54:35] !wand energy
[20/12/2021 7:51:11] !wand energy
[20/12/2021 21:32:21] !wand ice
[24/12/2021 10:31:25] !online
