[31/5/2022 19:35:1] !online
[31/5/2022 20:3:5] !aol
[31/5/2022 20:11:30] !aol
[31/5/2022 23:14:39] !emotespells on
[31/5/2022 23:37:24] !aol
[31/5/2022 23:50:39] !aol
[1/6/2022 14:24:39] !emotespells on
[1/6/2022 14:30:15] !emotespells on
[1/6/2022 14:36:51] !emotespells on
[1/6/2022 14:51:44] !emotespells on
[1/6/2022 16:1:17] !emotespells on
[1/6/2022 16:37:30] !emotespells on
[1/6/2022 17:13:2] !emotespells on
[1/6/2022 17:18:20] !frags
[1/6/2022 17:18:47] !frags
[1/6/2022 18:24:3] !aol
[1/6/2022 18:39:32] !aol
[1/6/2022 18:46:40] !aol
[2/6/2022 0:54:33] !aol
[2/6/2022 1:29:0] !frags
[2/6/2022 1:44:43] !frags
[2/6/2022 2:1:28] !frags
[2/6/2022 2:58:25] !frags
[2/6/2022 10:10:56] !frags
[2/6/2022 10:26:12] !aol
[2/6/2022 14:17:28] !frags
[3/6/2022 3:54:44] !frags
[4/6/2022 6:18:16] !frags
[4/6/2022 17:20:25] !frags
[5/6/2022 6:9:10] !frags
[6/6/2022 14:18:16] !online
[7/6/2022 13:54:15] !frags
[7/6/2022 14:19:20] !addon mage
[7/6/2022 14:43:27] !frags
[7/6/2022 15:10:8] !frags
[7/6/2022 15:47:8] !frags
[7/6/2022 15:47:11] !frags
[7/6/2022 19:53:12] !rank magic
[7/6/2022 19:53:55] !rank magic
[7/6/2022 20:38:43] !frags
[7/6/2022 21:23:30] !frags
[7/6/2022 21:43:45] !frags
[7/6/2022 22:3:38] !frags
[8/6/2022 8:23:18] !frags
[8/6/2022 13:37:27] !frags
[8/6/2022 14:7:4] !frags
[8/6/2022 18:22:31] !online
