[27/12/2021 16:43:26] !aol
[27/12/2021 17:6:14] !wand ice
[27/12/2021 18:3:47] !wand ice
[27/12/2021 20:41:54] !aol
[27/12/2021 20:43:9] !wand ince
[27/12/2021 20:43:12] !wand ice
[27/12/2021 21:4:1] !wand ice
[28/12/2021 8:24:59] !aol
[28/12/2021 8:25:29] !wand ice
[28/12/2021 9:12:8] !aol
[28/12/2021 9:13:40] !aol
[28/12/2021 9:28:25] !aol
[28/12/2021 9:51:25] !wand
[28/12/2021 9:51:50] !wand none
[28/12/2021 9:52:5] !wand
[28/12/2021 9:52:14] !wand death
[28/12/2021 9:52:20] !wand death
[28/12/2021 10:4:43] !wand ice
[28/12/2021 10:52:14] !rank level
[28/12/2021 15:4:38] !wand ice
[28/12/2021 17:14:33] !emotespells on
[28/12/2021 17:16:25] !emotespells off
[28/12/2021 18:38:45] !buyhouse
[28/12/2021 18:39:38] !leavehouse
[28/12/2021 18:39:43] !leavehouse
[28/12/2021 18:40:33] !buyhouse
[28/12/2021 19:16:5] !aol
[28/12/2021 19:16:37] !aol
[28/12/2021 19:19:17] !wand ice
[29/12/2021 5:1:51] !wand ice
[29/12/2021 8:45:0] !wand ice
