[11/12/2021 22:13:52] !rank
[11/12/2021 22:13:57] !rank axe
[11/12/2021 22:29:21] !rank sword
[12/12/2021 15:30:43] !rank axe
[12/12/2021 21:35:35] !rank axe
[12/12/2021 23:18:40] !online
[12/12/2021 23:26:28] !rank axe
[13/12/2021 0:51:14] !addon
[13/12/2021 0:54:24] !doubleexp
[13/12/2021 0:54:27] !doubleexp
[13/12/2021 12:50:53] !rank axe
[13/12/2021 18:43:36] !emotespells on
[13/12/2021 23:45:38] !rank axe
[13/12/2021 23:45:58] !rank sword
[14/12/2021 21:44:21] !rank axe
[17/12/2021 23:8:48] !rank level
[17/12/2021 23:9:0] !rank axe
[17/12/2021 23:9:10] !rank level
[19/12/2021 10:15:24] !rank level
[19/12/2021 10:16:9] !rank level 1
[4/1/2022 22:1:1] !online
[6/1/2022 22:23:57] !online
[7/1/2022 22:18:25] !online
