[30/5/2022 11:58:44] !aol
[30/5/2022 15:0:58] !aol
[30/5/2022 18:58:51] !aol
[31/5/2022 19:59:20] !aol
[31/5/2022 20:53:11] !guildpoints
[31/5/2022 20:53:14] !guildpoints
[31/5/2022 20:53:17] !guildpoints
[31/5/2022 20:53:19] !guildpoints
[31/5/2022 20:53:27] !guildpoints
[31/5/2022 20:53:34] !guildpoints
[31/5/2022 20:53:37] !guildpoints
[31/5/2022 20:53:39] !guildpoints
[31/5/2022 20:53:46] !guildpoints
[31/5/2022 20:53:49] !guildpoints
[31/5/2022 20:53:53] !guildpoints
[31/5/2022 20:53:56] !guildpoints
[31/5/2022 20:54:5] !guildpoints
[31/5/2022 20:54:19] !guildpoints
[31/5/2022 20:54:21] !guildpoints
[31/5/2022 21:53:20] !aol
[31/5/2022 21:54:45] !aol
[31/5/2022 21:59:32] !aol
[1/6/2022 1:7:23] 
[1/6/2022 1:8:45] 
[1/6/2022 1:13:23] 
[1/6/2022 1:14:11] 
[1/6/2022 11:57:31] !guildpoints
[1/6/2022 12:2:13] !guildpoints
[1/6/2022 12:2:16] !guildpoints
[1/6/2022 12:35:6] !guildpoints
[1/6/2022 12:37:39] !guildpoints
[1/6/2022 12:37:53] !guildpoints
[1/6/2022 12:39:28] !guildpoints
[1/6/2022 20:5:59] !guildpoints
[2/6/2022 2:12:20] !frags
[2/6/2022 2:13:51] !frags
[2/6/2022 2:34:24] !emotespells on
[3/6/2022 11:47:55] !frags
[3/6/2022 20:43:55] !frags
[4/6/2022 12:47:45] 
[4/6/2022 12:48:25] 
[4/6/2022 12:53:5] 
[4/6/2022 13:21:26] !frags
[7/6/2022 15:17:23] !addon assasin
[7/6/2022 15:17:42] !addon assasin
[7/6/2022 15:17:59] !addon assasin
[7/6/2022 15:18:10] !addon assasin
[7/6/2022 15:18:41] !addon pirate
[7/6/2022 15:33:49] !online
[7/6/2022 15:41:47] 
[7/6/2022 15:44:40] 
[7/6/2022 15:48:17] 
[7/6/2022 16:11:17] 
[7/6/2022 21:53:26] !go
[7/6/2022 22:13:59] !go
[8/6/2022 0:37:47] !online
[8/6/2022 14:34:39] !online
