[19/12/2021 23:9:42] !rank shield
[19/12/2021 23:9:55] !rank sword
[5/1/2022 18:20:15] !rank
[5/1/2022 18:20:23] !rank level 
[5/1/2022 18:44:50] !aol
[5/1/2022 20:22:7] !aol
[6/1/2022 0:17:18] !aol
[6/1/2022 0:28:10] !online
[6/1/2022 13:47:40] !online
[6/1/2022 14:16:9] !rank level
[7/1/2022 10:31:58] !aol
[9/1/2022 14:16:58] !aol
[9/1/2022 14:43:34] !aol
[9/1/2022 14:51:56] !rank level
[9/1/2022 14:59:41] !rank shield
[27/2/2022 23:29:1] !rank
[1/3/2022 11:12:40] !rank sword
[3/3/2022 0:11:48] !rank sword
[6/6/2022 12:36:19] !serverinfo
[21/11/2023 23:26:45] !rank
[21/11/2023 23:26:49] !rank
[21/11/2023 23:26:54] !rank level 
