[31/5/2022 20:8:58] !aol
[31/5/2022 20:35:46] !rank magic
[31/5/2022 21:12:49] !aol
[31/5/2022 21:13:19] !aol
[1/6/2022 10:23:13] !aol
[1/6/2022 10:24:27] !rank level
[1/6/2022 14:50:44] !aol
[1/6/2022 14:55:35] !aol
[1/6/2022 14:59:36] !aol
[1/6/2022 14:59:39] !aol
[1/6/2022 14:59:43] !aol
[1/6/2022 14:59:46] !aol
[1/6/2022 14:59:49] !aol
[1/6/2022 14:59:52] !aol
[1/6/2022 14:59:55] !aol
[1/6/2022 14:59:59] !aol
[1/6/2022 15:0:2] !aol
[1/6/2022 15:0:5] !aol
[1/6/2022 15:0:8] !aol
[1/6/2022 15:0:11] !aol
[1/6/2022 15:0:15] !aol
[1/6/2022 15:0:18] !aol
[1/6/2022 15:0:21] !aol
[1/6/2022 15:0:24] !aol
[1/6/2022 15:0:27] !aol
[1/6/2022 15:0:31] !aol
[1/6/2022 15:0:34] !aol
[1/6/2022 17:12:8] !aol
[2/6/2022 7:53:39] !emotespells on
[2/6/2022 7:56:33] !emotespells on
[2/6/2022 7:57:28] !emotespells on
[2/6/2022 8:0:6] !emotespells on
[2/6/2022 15:28:30] !emotespells on
[4/6/2022 14:56:24] !frags
[4/6/2022 18:9:29] !frags
[6/6/2022 5:8:41] !emotespells on
[6/6/2022 5:11:39] !emotespells on
[6/6/2022 5:14:49] !emotespells on
[6/6/2022 5:18:6] !emotespells on
[6/6/2022 5:21:32] !emotespells on
[6/6/2022 5:24:57] !emotespells on
[6/6/2022 5:28:9] !emotespells on
[6/6/2022 5:32:25] !emotespells on
[6/6/2022 5:35:29] !emotespells on
[6/6/2022 5:38:35] !emotespells on
[6/6/2022 5:41:39] !emotespells on
[6/6/2022 5:45:33] !emotespells on
[6/6/2022 5:48:33] !emotespells on
[6/6/2022 5:51:39] !emotespells on
[6/6/2022 5:55:6] !emotespells on
[6/6/2022 5:58:9] !emotespells on
[6/6/2022 6:1:35] !emotespells on
[6/6/2022 6:4:53] !emotespells on
[6/6/2022 6:8:46] !emotespells on
[6/6/2022 6:13:25] !emotespells on
[6/6/2022 6:16:36] !emotespells on
[6/6/2022 6:19:27] !emotespells on
[6/6/2022 6:22:41] !emotespells on
[6/6/2022 6:25:40] !emotespells on
[6/6/2022 6:29:6] !emotespells on
[6/6/2022 6:32:49] !emotespells on
[6/6/2022 6:36:21] !emotespells on
[6/6/2022 6:39:57] !emotespells on
[6/6/2022 6:43:15] !emotespells on
[6/6/2022 6:46:51] !emotespells on
[6/6/2022 6:50:21] !emotespells on
[6/6/2022 6:53:25] !emotespells on
[6/6/2022 6:56:58] !emotespells on
[6/6/2022 7:1:11] !emotespells on
[6/6/2022 7:4:52] !emotespells on
[6/6/2022 7:9:44] !emotespells on
[6/6/2022 7:13:16] !emotespells on
[6/6/2022 7:17:19] !emotespells on
[6/6/2022 7:20:56] !emotespells on
[6/6/2022 7:24:27] !emotespells on
[6/6/2022 7:27:40] !emotespells on
[6/6/2022 7:30:58] !emotespells on
[6/6/2022 7:34:17] !emotespells on
[6/6/2022 7:38:1] !emotespells on
[6/6/2022 7:41:39] !emotespells on
[6/6/2022 7:44:7] !emotespells on
[6/6/2022 7:46:48] !emotespells on
[6/6/2022 7:49:54] !emotespells on
[6/6/2022 7:52:23] !emotespells on
[6/6/2022 7:54:54] !emotespells on
[6/6/2022 7:58:35] !emotespells on
[6/6/2022 8:1:36] !emotespells on
[6/6/2022 8:4:19] !emotespells on
[6/6/2022 8:8:16] !emotespells on
[6/6/2022 8:12:17] !emotespells on
[6/6/2022 8:15:9] !emotespells on
[6/6/2022 8:17:59] !emotespells on
[6/6/2022 8:20:41] !emotespells on
[6/6/2022 8:21:11] !emotespells on
[6/6/2022 8:23:52] !emotespells on
[6/6/2022 8:24:32] !emotespells on
[6/6/2022 8:27:20] !emotespells on
[6/6/2022 8:30:19] !emotespells on
[6/6/2022 8:33:13] !emotespells on
[6/6/2022 8:36:19] !emotespells on
[6/6/2022 8:38:57] !emotespells on
[6/6/2022 8:41:54] !emotespells on
[6/6/2022 8:45:14] !emotespells on
[6/6/2022 8:48:20] !emotespells on
[6/6/2022 8:51:57] !emotespells on
[6/6/2022 8:54:58] !emotespells on
[6/6/2022 8:57:47] !emotespells on
[6/6/2022 9:1:28] !emotespells on
[6/6/2022 9:4:41] !emotespells on
[6/6/2022 9:7:38] !emotespells on
[6/6/2022 9:10:42] !emotespells on
[6/6/2022 9:13:38] !emotespells on
[6/6/2022 9:17:36] !emotespells on
[6/6/2022 9:20:30] !emotespells on
[6/6/2022 9:23:54] !emotespells on
[6/6/2022 9:27:6] !emotespells on
[6/6/2022 9:30:38] !emotespells on
[6/6/2022 9:34:22] !emotespells on
[6/6/2022 9:38:11] !emotespells on
[6/6/2022 9:41:25] !emotespells on
[6/6/2022 9:45:6] !emotespells on
[6/6/2022 9:48:20] !emotespells on
[6/6/2022 9:50:41] !emotespells on
[6/6/2022 9:56:6] !emotespells on
[6/6/2022 9:58:58] !emotespells on
[6/6/2022 10:2:49] !emotespells on
[6/6/2022 10:6:9] !emotespells on
[6/6/2022 10:9:18] !emotespells on
[6/6/2022 10:12:21] !emotespells on
[6/6/2022 10:15:5] !emotespells on
[6/6/2022 10:15:35] !emotespells on
[6/6/2022 10:18:30] !emotespells on
[6/6/2022 10:21:20] !emotespells on
[6/6/2022 10:24:58] !emotespells on
[6/6/2022 10:28:17] !emotespells on
[6/6/2022 10:31:11] !emotespells on
[6/6/2022 10:34:43] !emotespells on
[6/6/2022 10:37:34] !emotespells on
[6/6/2022 10:40:26] !emotespells on
[6/6/2022 10:43:26] !emotespells on
[6/6/2022 10:46:47] !emotespells on
[6/6/2022 10:55:30] !emotespells on
[6/6/2022 10:59:26] !emotespells on
[6/6/2022 11:2:4] !emotespells on
[6/6/2022 11:4:53] !emotespells on
[6/6/2022 11:7:44] !emotespells on
[6/6/2022 11:11:37] !emotespells on
[6/6/2022 11:14:44] !frags
[6/6/2022 11:19:16] !emotespells on
[6/6/2022 11:22:23] !emotespells on
[6/6/2022 11:25:28] !emotespells on
[6/6/2022 11:28:55] !emotespells on
[6/6/2022 11:31:48] !emotespells on
[6/6/2022 11:38:0] !emotespells on
[6/6/2022 11:40:53] !emotespells on
[6/6/2022 11:43:23] !emotespells on
[6/6/2022 11:46:46] !emotespells on
[6/6/2022 11:49:55] !emotespells on
[6/6/2022 11:53:51] !emotespells on
[6/6/2022 11:57:6] !emotespells on
[6/6/2022 12:0:8] !emotespells on
[6/6/2022 12:3:29] !emotespells on
[6/6/2022 12:6:27] !emotespells on
[6/6/2022 12:9:15] !emotespells on
[6/6/2022 12:12:18] !emotespells on
[6/6/2022 12:14:56] !emotespells on
[6/6/2022 12:17:34] !emotespells on
[6/6/2022 12:20:22] !emotespells on
[6/6/2022 12:23:27] !emotespells on
[6/6/2022 12:26:59] !emotespells on
[6/6/2022 12:30:23] !emotespells on
[6/6/2022 12:34:16] !emotespells on
[6/6/2022 12:39:35] !emotespells on
[6/6/2022 12:43:14] !emotespells on
[6/6/2022 12:47:24] !emotespells on
[6/6/2022 12:51:35] !emotespells on
[6/6/2022 12:54:57] !emotespells on
[6/6/2022 12:57:56] !emotespells on
[6/6/2022 13:1:19] !emotespells on
[6/6/2022 13:4:15] !emotespells on
[6/6/2022 13:7:46] !emotespells on
[6/6/2022 13:11:10] !emotespells on
[6/6/2022 13:14:29] !emotespells on
[6/6/2022 13:18:5] !emotespells on
[6/6/2022 13:20:27] !emotespells on
[6/6/2022 13:23:26] !emotespells on
[6/6/2022 13:26:41] !emotespells on
[6/6/2022 13:30:17] !emotespells on
[6/6/2022 13:33:58] !emotespells on
[6/6/2022 13:38:3] !emotespells on
[6/6/2022 13:42:8] !emotespells on
[6/6/2022 13:46:22] !emotespells on
[6/6/2022 13:52:16] !emotespells on
[6/6/2022 13:55:32] !emotespells on
[6/6/2022 13:58:48] !emotespells on
[6/6/2022 14:1:49] !emotespells on
[6/6/2022 14:3:15] !emotespells on
[6/6/2022 14:5:9] !emotespells on
[6/6/2022 14:8:4] !emotespells on
[6/6/2022 14:12:15] !emotespells on
[6/6/2022 14:15:52] !emotespells on
[6/6/2022 14:18:47] !emotespells on
[6/6/2022 14:22:14] !emotespells on
[6/6/2022 14:26:8] !emotespells on
[6/6/2022 14:28:55] !emotespells on
[6/6/2022 14:32:7] !emotespells on
[6/6/2022 14:35:52] !emotespells on
[6/6/2022 14:37:33] !emotespells on
[6/6/2022 14:39:56] !emotespells on
[6/6/2022 14:43:1] !emotespells on
[6/6/2022 14:44:31] !emotespells on
[6/6/2022 14:46:32] !emotespells on
[6/6/2022 14:50:9] !emotespells on
[6/6/2022 14:52:48] !emotespells on
[6/6/2022 14:56:13] !emotespells on
[6/6/2022 14:59:20] !emotespells on
[6/6/2022 15:3:24] !emotespells on
[6/6/2022 15:7:39] !emotespells on
[6/6/2022 15:11:40] !emotespells on
[6/6/2022 15:15:17] !emotespells on
[6/6/2022 15:17:47] !emotespells on
[6/6/2022 15:20:25] !emotespells on
[6/6/2022 15:25:16] !emotespells on
[6/6/2022 15:31:21] !emotespells on
[6/6/2022 15:33:17] !emotespells on
[6/6/2022 15:38:1] !emotespells on
[6/6/2022 15:41:14] !emotespells on
[6/6/2022 15:42:37] !emotespells on
[6/6/2022 15:45:0] !emotespells on
[6/6/2022 15:48:27] !emotespells on
[6/6/2022 15:50:53] !emotespells on
[6/6/2022 15:55:26] !emotespells on
[6/6/2022 15:58:53] !emotespells on
[6/6/2022 16:2:9] !emotespells on
[6/6/2022 16:5:32] !emotespells on
[6/6/2022 16:8:44] !emotespells on
[6/6/2022 16:11:35] !emotespells on
[6/6/2022 16:14:23] !emotespells on
[6/6/2022 16:18:13] !emotespells on
[6/6/2022 16:18:42] !emotespells on
[6/6/2022 16:24:7] !emotespells on
[6/6/2022 16:29:34] !emotespells on
[6/6/2022 16:30:58] !emotespells on
[6/6/2022 16:33:8] !emotespells on
[6/6/2022 16:35:56] !emotespells on
[6/6/2022 16:39:27] !emotespells on
[6/6/2022 16:43:12] !emotespells on
[6/6/2022 16:46:50] !emotespells on
[6/6/2022 16:49:36] !emotespells on
[6/6/2022 16:54:21] !emotespells on
[6/6/2022 16:57:50] !emotespells on
[6/6/2022 17:2:0] !emotespells on
[6/6/2022 17:5:18] !emotespells on
[6/6/2022 17:9:19] !emotespells on
[6/6/2022 17:13:10] !emotespells on
[6/6/2022 17:17:13] !emotespells on
[6/6/2022 17:19:54] !emotespells on
[6/6/2022 17:23:2] !emotespells on
[6/6/2022 17:25:20] !emotespells on
[6/6/2022 17:27:59] !emotespells on
[6/6/2022 17:33:11] !emotespells on
[6/6/2022 17:36:33] !emotespells on
[6/6/2022 17:38:51] !emotespells on
[6/6/2022 17:42:4] !emotespells on
[6/6/2022 17:44:39] !emotespells on
[6/6/2022 17:47:34] !emotespells on
[6/6/2022 17:50:50] !emotespells on
[6/6/2022 17:53:52] !emotespells on
[6/6/2022 17:57:16] !emotespells on
[6/6/2022 18:0:1] !emotespells on
[6/6/2022 18:2:51] !emotespells on
[6/6/2022 18:7:39] !emotespells on
[6/6/2022 18:8:39] !emotespells on
[6/6/2022 18:10:16] !emotespells on
[6/6/2022 18:13:0] !emotespells on
[6/6/2022 18:15:44] !emotespells on
[6/6/2022 18:18:24] !emotespells on
[6/6/2022 18:20:41] !emotespells on
[6/6/2022 18:23:4] !emotespells on
[6/6/2022 18:25:43] !emotespells on
[6/6/2022 18:27:56] !emotespells on
[6/6/2022 18:30:30] !emotespells on
[6/6/2022 18:32:57] !emotespells on
[6/6/2022 18:35:48] !emotespells on
[6/6/2022 18:38:20] !emotespells on
[6/6/2022 18:41:54] !emotespells on
[6/6/2022 18:44:49] !emotespells on
[6/6/2022 18:47:52] !emotespells on
[6/6/2022 18:51:7] !emotespells on
[6/6/2022 18:54:3] !emotespells on
[6/6/2022 18:56:45] !emotespells on
[6/6/2022 19:1:37] !emotespells on
[6/6/2022 19:5:52] !emotespells on
[6/6/2022 19:8:46] !emotespells on
[6/6/2022 19:11:39] !emotespells on
[6/6/2022 19:14:13] !emotespells on
[6/6/2022 19:17:13] !emotespells on
[6/6/2022 19:19:19] !emotespells on
[6/6/2022 19:21:46] !emotespells on
[6/6/2022 19:24:25] !emotespells on
[6/6/2022 19:26:52] !emotespells on
[6/6/2022 19:30:27] !emotespells on
[6/6/2022 19:32:43] !emotespells on
[6/6/2022 19:34:45] !emotespells on
[6/6/2022 19:37:2] !emotespells on
[6/6/2022 19:39:57] !emotespells on
[6/6/2022 19:42:9] !emotespells on
[6/6/2022 19:45:42] !emotespells on
[6/6/2022 19:47:57] !emotespells on
[6/6/2022 19:50:39] !emotespells on
[6/6/2022 19:53:30] !emotespells on
[6/6/2022 19:57:2] !emotespells on
[6/6/2022 19:59:14] !emotespells on
[6/6/2022 20:1:44] !emotespells on
[6/6/2022 20:4:39] !emotespells on
[6/6/2022 20:7:12] !emotespells on
[6/6/2022 20:9:30] !emotespells on
[6/6/2022 20:11:54] !emotespells on
[6/6/2022 20:14:38] !emotespells on
[6/6/2022 20:16:59] !emotespells on
[6/6/2022 20:18:46] !emotespells on
[6/6/2022 20:21:34] !emotespells on
[6/6/2022 20:24:53] !emotespells on
[6/6/2022 20:28:34] !emotespells on
[6/6/2022 20:30:21] !emotespells on
[6/6/2022 20:35:4] !emotespells on
[6/6/2022 20:39:3] !emotespells on
[6/6/2022 20:40:42] !emotespells on
[6/6/2022 20:43:45] !emotespells on
[6/6/2022 20:46:14] !emotespells on
[6/6/2022 20:49:1] !emotespells on
[6/6/2022 20:51:36] !emotespells on
[6/6/2022 20:54:28] !emotespells on
[6/6/2022 20:57:54] !emotespells on
[6/6/2022 21:1:19] !emotespells on
[6/6/2022 21:4:25] !emotespells on
[6/6/2022 21:6:43] !emotespells on
[6/6/2022 21:11:31] !emotespells on
[6/6/2022 21:13:42] !emotespells on
[6/6/2022 21:16:7] !emotespells on
[6/6/2022 21:18:40] !emotespells on
[6/6/2022 21:21:20] !emotespells on
[6/6/2022 21:23:43] !emotespells on
[6/6/2022 21:25:45] !emotespells on
[6/6/2022 21:29:5] !emotespells on
[6/6/2022 21:31:20] !emotespells on
[6/6/2022 21:33:26] !emotespells on
[6/6/2022 21:36:57] !emotespells on
[6/6/2022 21:39:23] !emotespells on
[6/6/2022 21:42:30] !emotespells on
[6/6/2022 21:45:44] !emotespells on
[6/6/2022 21:49:27] !emotespells on
[6/6/2022 21:53:18] !emotespells on
[6/6/2022 21:55:56] !emotespells on
[6/6/2022 21:58:58] !emotespells on
[6/6/2022 22:1:26] !emotespells on
[6/6/2022 22:3:41] !emotespells on
[6/6/2022 22:7:6] !emotespells on
[6/6/2022 22:9:20] !emotespells on
[6/6/2022 22:12:21] !emotespells on
[6/6/2022 22:14:46] !emotespells on
[6/6/2022 22:17:9] !emotespells on
[6/6/2022 22:18:48] !emotespells on
[6/6/2022 22:19:13] !emotespells on
[6/6/2022 22:19:34] !emotespells on
[6/6/2022 22:19:56] !emotespells on
[6/6/2022 22:20:17] !emotespells on
[6/6/2022 22:20:39] !emotespells on
[6/6/2022 22:21:0] !emotespells on
[6/6/2022 22:23:27] !emotespells on
[6/6/2022 22:23:49] !emotespells on
[6/6/2022 22:24:13] !emotespells on
[6/6/2022 22:24:35] !emotespells on
[6/6/2022 22:24:56] !emotespells on
[6/6/2022 22:25:17] !emotespells on
[6/6/2022 22:25:39] !emotespells on
[6/6/2022 22:26:1] !emotespells on
[6/6/2022 22:26:22] !emotespells on
[6/6/2022 22:26:44] !emotespells on
[6/6/2022 22:27:5] !emotespells on
[6/6/2022 22:27:26] !emotespells on
[6/6/2022 22:27:48] !emotespells on
[6/6/2022 22:28:9] !emotespells on
[6/6/2022 22:28:31] !emotespells on
[6/6/2022 22:28:52] !emotespells on
[6/6/2022 22:29:14] !emotespells on
[6/6/2022 22:29:35] !emotespells on
[6/6/2022 22:29:57] !emotespells on
[6/6/2022 22:30:18] !emotespells on
[6/6/2022 22:30:39] !emotespells on
[6/6/2022 22:31:1] !emotespells on
[6/6/2022 22:31:22] !emotespells on
[6/6/2022 22:31:44] !emotespells on
[6/6/2022 22:32:5] !emotespells on
[6/6/2022 22:32:27] !emotespells on
[6/6/2022 22:32:49] !emotespells on
[6/6/2022 22:33:10] !emotespells on
[6/6/2022 22:33:32] !emotespells on
[6/6/2022 22:33:54] !emotespells on
[6/6/2022 22:34:16] !emotespells on
[6/6/2022 22:34:37] !emotespells on
[6/6/2022 22:34:58] !emotespells on
[6/6/2022 22:35:20] !emotespells on
[6/6/2022 22:35:41] !emotespells on
[6/6/2022 22:36:3] !emotespells on
[6/6/2022 22:36:24] !emotespells on
[6/6/2022 22:36:45] !emotespells on
[6/6/2022 22:37:7] !emotespells on
[6/6/2022 22:37:50] !emotespells on
[6/6/2022 22:38:11] !emotespells on
[6/6/2022 22:38:32] !emotespells on
[6/6/2022 22:38:54] !emotespells on
[6/6/2022 22:39:16] !emotespells on
[6/6/2022 22:39:37] !emotespells on
[6/6/2022 22:39:59] !emotespells on
[6/6/2022 22:40:20] !emotespells on
[6/6/2022 22:40:42] !emotespells on
[6/6/2022 22:41:4] !emotespells on
[6/6/2022 22:41:25] !emotespells on
[6/6/2022 22:41:46] !emotespells on
[6/6/2022 22:42:8] !emotespells on
[6/6/2022 22:42:29] !emotespells on
[6/6/2022 22:42:50] !emotespells on
[6/6/2022 22:43:12] !emotespells on
[6/6/2022 22:43:55] !emotespells on
[6/6/2022 22:44:16] !emotespells on
[6/6/2022 22:44:38] !emotespells on
[6/6/2022 22:44:59] !emotespells on
[6/6/2022 22:45:21] !emotespells on
[6/6/2022 22:45:42] !emotespells on
[6/6/2022 22:46:4] !emotespells on
[6/6/2022 22:46:25] !emotespells on
[6/6/2022 22:46:46] !emotespells on
[6/6/2022 22:47:8] !emotespells on
[6/6/2022 22:47:30] !emotespells on
[6/6/2022 22:47:51] !emotespells on
[6/6/2022 22:48:13] !emotespells on
[6/6/2022 22:48:34] !emotespells on
[6/6/2022 22:48:55] !emotespells on
[6/6/2022 22:49:17] !emotespells on
[6/6/2022 22:49:38] !emotespells on
[6/6/2022 22:50:0] !emotespells on
[6/6/2022 22:50:21] !emotespells on
[6/6/2022 22:50:43] !emotespells on
[6/6/2022 22:51:4] !emotespells on
[6/6/2022 22:51:25] !emotespells on
[6/6/2022 22:51:47] !emotespells on
[6/6/2022 22:52:8] !emotespells on
[6/6/2022 22:52:30] !emotespells on
[6/6/2022 22:52:51] !emotespells on
[6/6/2022 22:53:13] !emotespells on
[6/6/2022 22:53:35] !emotespells on
[6/6/2022 22:53:56] !emotespells on
[6/6/2022 22:54:19] !emotespells on
[6/6/2022 22:54:40] !emotespells on
[6/6/2022 22:55:1] !emotespells on
[6/6/2022 22:55:23] !emotespells on
[6/6/2022 22:55:44] !emotespells on
[6/6/2022 22:56:6] !emotespells on
[6/6/2022 22:56:27] !emotespells on
[6/6/2022 22:56:49] !emotespells on
[6/6/2022 22:57:10] !emotespells on
[6/6/2022 22:57:31] !emotespells on
[6/6/2022 22:57:53] !emotespells on
[6/6/2022 22:58:15] !emotespells on
[6/6/2022 22:58:36] !emotespells on
[6/6/2022 22:58:57] !emotespells on
[6/6/2022 22:59:19] !emotespells on
[6/6/2022 22:59:40] !emotespells on
[6/6/2022 23:0:1] !emotespells on
[6/6/2022 23:0:24] !emotespells on
[6/6/2022 23:0:45] !emotespells on
[6/6/2022 23:1:7] !emotespells on
[6/6/2022 23:1:29] !emotespells on
[6/6/2022 23:1:50] !emotespells on
[6/6/2022 23:2:12] !emotespells on
[6/6/2022 23:2:33] !emotespells on
[6/6/2022 23:2:54] !emotespells on
[6/6/2022 23:3:16] !emotespells on
[6/6/2022 23:3:37] !emotespells on
[6/6/2022 23:3:59] !emotespells on
[6/6/2022 23:4:21] !emotespells on
[6/6/2022 23:4:42] !emotespells on
[6/6/2022 23:5:4] !emotespells on
[6/6/2022 23:5:25] !emotespells on
[6/6/2022 23:5:47] !emotespells on
[6/6/2022 23:6:8] !emotespells on
[6/6/2022 23:6:51] !emotespells on
[6/6/2022 23:7:12] !emotespells on
[6/6/2022 23:7:34] !emotespells on
[6/6/2022 23:7:55] !emotespells on
[6/6/2022 23:8:17] !emotespells on
[6/6/2022 23:8:39] !emotespells on
[6/6/2022 23:9:0] !emotespells on
[6/6/2022 23:9:21] !emotespells on
[6/6/2022 23:9:43] !emotespells on
[6/6/2022 23:10:4] !emotespells on
[6/6/2022 23:10:26] !emotespells on
[6/6/2022 23:10:47] !emotespells on
[6/6/2022 23:11:8] !emotespells on
[6/6/2022 23:11:30] !emotespells on
[6/6/2022 23:11:51] !emotespells on
[6/6/2022 23:12:13] !emotespells on
[6/6/2022 23:12:34] !emotespells on
[6/6/2022 23:12:56] !emotespells on
[6/6/2022 23:13:17] !emotespells on
[6/6/2022 23:13:38] !emotespells on
[6/6/2022 23:14:0] !emotespells on
[6/6/2022 23:14:21] !emotespells on
[6/6/2022 23:14:43] !emotespells on
[6/6/2022 23:15:5] !emotespells on
[6/6/2022 23:15:27] !emotespells on
[6/6/2022 23:15:49] !emotespells on
[6/6/2022 23:16:10] !emotespells on
[6/6/2022 23:16:32] !emotespells on
[6/6/2022 23:16:53] !emotespells on
[6/6/2022 23:17:15] !emotespells on
[6/6/2022 23:17:36] !emotespells on
[6/6/2022 23:17:58] !emotespells on
[6/6/2022 23:18:19] !emotespells on
[6/6/2022 23:18:41] !emotespells on
[6/6/2022 23:19:2] !emotespells on
[6/6/2022 23:19:24] !emotespells on
[6/6/2022 23:19:45] !emotespells on
[6/6/2022 23:20:7] !emotespells on
[6/6/2022 23:20:28] !emotespells on
[6/6/2022 23:20:50] !emotespells on
[6/6/2022 23:21:11] !emotespells on
[6/6/2022 23:21:32] !emotespells on
[6/6/2022 23:21:54] !emotespells on
[6/6/2022 23:22:16] !emotespells on
[6/6/2022 23:22:37] !emotespells on
[6/6/2022 23:22:59] !emotespells on
[6/6/2022 23:23:20] !emotespells on
[6/6/2022 23:23:42] !emotespells on
[6/6/2022 23:24:3] !emotespells on
[6/6/2022 23:24:25] !emotespells on
[6/6/2022 23:24:46] !emotespells on
[6/6/2022 23:25:7] !emotespells on
[6/6/2022 23:25:29] !emotespells on
[6/6/2022 23:25:50] !emotespells on
[6/6/2022 23:26:12] !emotespells on
[6/6/2022 23:26:33] !emotespells on
[6/6/2022 23:26:54] !emotespells on
[6/6/2022 23:27:16] !emotespells on
[6/6/2022 23:27:37] !emotespells on
[6/6/2022 23:27:59] !emotespells on
[6/6/2022 23:28:21] !emotespells on
[6/6/2022 23:28:43] !emotespells on
[6/6/2022 23:29:4] !emotespells on
[6/6/2022 23:29:26] !emotespells on
[6/6/2022 23:29:47] !emotespells on
[6/6/2022 23:30:9] !emotespells on
[6/6/2022 23:30:30] !emotespells on
[6/6/2022 23:30:52] !emotespells on
[6/6/2022 23:31:14] !emotespells on
[6/6/2022 23:31:35] !emotespells on
[6/6/2022 23:31:56] !emotespells on
[6/6/2022 23:32:18] !emotespells on
[6/6/2022 23:32:39] !emotespells on
[6/6/2022 23:33:1] !emotespells on
[6/6/2022 23:33:23] !emotespells on
[6/6/2022 23:33:44] !emotespells on
[6/6/2022 23:34:6] !emotespells on
[6/6/2022 23:34:27] !emotespells on
[6/6/2022 23:34:48] !emotespells on
[6/6/2022 23:35:11] !emotespells on
[6/6/2022 23:35:32] !emotespells on
[6/6/2022 23:35:53] !emotespells on
[6/6/2022 23:36:15] !emotespells on
[6/6/2022 23:36:36] !emotespells on
[6/6/2022 23:36:58] !emotespells on
[6/6/2022 23:37:20] !emotespells on
[6/6/2022 23:37:41] !emotespells on
[6/6/2022 23:38:2] !emotespells on
[6/6/2022 23:38:24] !emotespells on
[6/6/2022 23:38:46] !emotespells on
[6/6/2022 23:39:7] !emotespells on
[6/6/2022 23:39:28] !emotespells on
[6/6/2022 23:39:50] !emotespells on
[6/6/2022 23:40:11] !emotespells on
[6/6/2022 23:40:33] !emotespells on
[6/6/2022 23:40:54] !emotespells on
[6/6/2022 23:41:16] !emotespells on
[6/6/2022 23:41:37] !emotespells on
[6/6/2022 23:41:59] !emotespells on
[6/6/2022 23:42:21] !emotespells on
[6/6/2022 23:42:42] !emotespells on
[6/6/2022 23:43:4] !emotespells on
[6/6/2022 23:43:25] !emotespells on
[6/6/2022 23:43:47] !emotespells on
[6/6/2022 23:44:8] !emotespells on
[6/6/2022 23:44:29] !emotespells on
[6/6/2022 23:44:51] !emotespells on
[6/6/2022 23:45:12] !emotespells on
[6/6/2022 23:45:34] !emotespells on
[6/6/2022 23:45:55] !emotespells on
[6/6/2022 23:46:16] !emotespells on
[6/6/2022 23:46:38] !emotespells on
[6/6/2022 23:46:59] !emotespells on
[6/6/2022 23:47:21] !emotespells on
[6/6/2022 23:47:42] !emotespells on
[6/6/2022 23:48:3] !emotespells on
[6/6/2022 23:48:25] !emotespells on
[6/6/2022 23:48:46] !emotespells on
[6/6/2022 23:49:8] !emotespells on
[6/6/2022 23:49:29] !emotespells on
[6/6/2022 23:49:51] !emotespells on
[6/6/2022 23:50:12] !emotespells on
[6/6/2022 23:50:33] !emotespells on
[6/6/2022 23:50:55] !emotespells on
[6/6/2022 23:51:16] !emotespells on
[6/6/2022 23:51:38] !emotespells on
[6/6/2022 23:51:59] !emotespells on
[6/6/2022 23:52:21] !emotespells on
[6/6/2022 23:52:42] !emotespells on
[6/6/2022 23:53:4] !emotespells on
[6/6/2022 23:53:25] !emotespells on
[6/6/2022 23:53:47] !emotespells on
[6/6/2022 23:54:8] !emotespells on
[6/6/2022 23:54:29] !emotespells on
[6/6/2022 23:54:51] !emotespells on
[6/6/2022 23:55:12] !emotespells on
[6/6/2022 23:55:34] !emotespells on
[6/6/2022 23:55:55] !emotespells on
[6/6/2022 23:56:17] !emotespells on
[6/6/2022 23:56:39] !emotespells on
[6/6/2022 23:57:1] !emotespells on
[6/6/2022 23:57:22] !emotespells on
[6/6/2022 23:57:44] !emotespells on
[6/6/2022 23:58:5] !emotespells on
[6/6/2022 23:58:27] !emotespells on
[6/6/2022 23:58:48] !emotespells on
[6/6/2022 23:59:9] !emotespells on
[6/6/2022 23:59:31] !emotespells on
[6/6/2022 23:59:52] !emotespells on
[7/6/2022 0:0:14] !emotespells on
[7/6/2022 0:0:35] !emotespells on
[7/6/2022 0:0:57] !emotespells on
[7/6/2022 0:1:18] !emotespells on
[7/6/2022 0:1:39] !emotespells on
[7/6/2022 0:2:1] !emotespells on
[7/6/2022 0:2:22] !emotespells on
[7/6/2022 0:2:44] !emotespells on
[7/6/2022 0:3:6] !emotespells on
[7/6/2022 0:3:27] !emotespells on
[7/6/2022 0:3:49] !emotespells on
[7/6/2022 0:4:11] !emotespells on
[7/6/2022 0:4:33] !emotespells on
[7/6/2022 0:4:54] !emotespells on
[7/6/2022 0:5:15] !emotespells on
[7/6/2022 0:5:37] !emotespells on
[7/6/2022 0:5:58] !emotespells on
[7/6/2022 0:6:19] !emotespells on
[7/6/2022 0:6:41] !emotespells on
[7/6/2022 0:7:2] !emotespells on
[7/6/2022 0:7:24] !emotespells on
[7/6/2022 0:7:45] !emotespells on
[7/6/2022 0:8:7] !emotespells on
[7/6/2022 0:8:28] !emotespells on
[7/6/2022 0:8:50] !emotespells on
[7/6/2022 0:9:11] !emotespells on
[7/6/2022 0:9:32] !emotespells on
[7/6/2022 0:9:54] !emotespells on
[7/6/2022 0:10:15] !emotespells on
[7/6/2022 0:10:37] !emotespells on
[7/6/2022 0:10:58] !emotespells on
[7/6/2022 0:11:20] !emotespells on
[7/6/2022 0:11:42] !emotespells on
[7/6/2022 0:12:3] !emotespells on
[7/6/2022 0:12:25] !emotespells on
[7/6/2022 0:12:46] !emotespells on
[7/6/2022 0:13:8] !emotespells on
[7/6/2022 0:13:29] !emotespells on
[7/6/2022 0:13:51] !emotespells on
[7/6/2022 0:14:12] !emotespells on
[7/6/2022 0:14:34] !emotespells on
[7/6/2022 0:14:55] !emotespells on
[7/6/2022 0:15:16] !emotespells on
[7/6/2022 0:15:38] !emotespells on
[7/6/2022 0:15:59] !emotespells on
[7/6/2022 0:16:21] !emotespells on
[7/6/2022 0:16:43] !emotespells on
[7/6/2022 0:17:4] !emotespells on
[7/6/2022 0:17:26] !emotespells on
[7/6/2022 0:17:48] !emotespells on
[7/6/2022 0:18:9] !emotespells on
[7/6/2022 0:18:30] !emotespells on
[7/6/2022 0:18:52] !emotespells on
[7/6/2022 0:19:13] !emotespells on
[7/6/2022 0:19:35] !emotespells on
[7/6/2022 0:19:56] !emotespells on
[7/6/2022 0:20:18] !emotespells on
[7/6/2022 0:20:39] !emotespells on
[7/6/2022 0:21:1] !emotespells on
[7/6/2022 0:21:22] !emotespells on
[7/6/2022 0:21:43] !emotespells on
[7/6/2022 0:22:5] !emotespells on
[7/6/2022 0:22:26] !emotespells on
[7/6/2022 0:22:48] !emotespells on
[7/6/2022 0:23:9] !emotespells on
[7/6/2022 0:23:31] !emotespells on
[7/6/2022 0:23:52] !emotespells on
[7/6/2022 0:24:14] !emotespells on
[7/6/2022 0:24:35] !emotespells on
[7/6/2022 0:24:57] !emotespells on
[7/6/2022 0:25:18] !emotespells on
[7/6/2022 0:25:40] !emotespells on
[7/6/2022 0:26:2] !emotespells on
[7/6/2022 0:26:23] !emotespells on
[7/6/2022 0:26:45] !emotespells on
[7/6/2022 0:27:6] !emotespells on
[7/6/2022 0:27:27] !emotespells on
[7/6/2022 0:27:49] !emotespells on
[7/6/2022 0:28:10] !emotespells on
[7/6/2022 0:28:53] !emotespells on
[7/6/2022 0:29:15] !emotespells on
[7/6/2022 0:29:36] !emotespells on
[7/6/2022 0:29:57] !emotespells on
[7/6/2022 0:30:19] !emotespells on
[7/6/2022 0:30:41] !emotespells on
[7/6/2022 0:31:3] !emotespells on
[7/6/2022 0:31:24] !emotespells on
[7/6/2022 0:31:46] !emotespells on
[7/6/2022 0:32:7] !emotespells on
[7/6/2022 0:32:28] !emotespells on
[7/6/2022 0:32:50] !emotespells on
[7/6/2022 0:33:11] !emotespells on
[7/6/2022 0:33:33] !emotespells on
[7/6/2022 0:33:54] !emotespells on
[7/6/2022 0:34:15] !emotespells on
[7/6/2022 0:34:37] !emotespells on
[7/6/2022 0:34:58] !emotespells on
[7/6/2022 0:35:20] !emotespells on
[7/6/2022 0:35:41] !emotespells on
[7/6/2022 0:36:2] !emotespells on
[7/6/2022 0:36:24] !emotespells on
[7/6/2022 0:36:45] !emotespells on
[7/6/2022 0:37:8] !emotespells on
[7/6/2022 0:37:29] !emotespells on
[7/6/2022 0:37:51] !emotespells on
[7/6/2022 0:38:13] !emotespells on
[7/6/2022 0:38:35] !emotespells on
[7/6/2022 0:38:56] !emotespells on
[7/6/2022 0:39:17] !emotespells on
[7/6/2022 0:39:39] !emotespells on
[7/6/2022 0:40:0] !emotespells on
[7/6/2022 0:40:22] !emotespells on
[7/6/2022 0:40:43] !emotespells on
[7/6/2022 0:41:4] !emotespells on
[7/6/2022 0:41:26] !emotespells on
[7/6/2022 0:41:48] !emotespells on
[7/6/2022 0:42:9] !emotespells on
[7/6/2022 0:42:31] !emotespells on
[7/6/2022 0:42:52] !emotespells on
[7/6/2022 0:43:13] !emotespells on
[7/6/2022 0:43:35] !emotespells on
[7/6/2022 0:43:57] !emotespells on
[7/6/2022 0:44:18] !emotespells on
[7/6/2022 0:44:40] !emotespells on
[7/6/2022 0:45:2] !emotespells on
[7/6/2022 0:45:23] !emotespells on
[7/6/2022 0:45:45] !emotespells on
[7/6/2022 0:46:6] !emotespells on
[7/6/2022 0:46:27] !emotespells on
[7/6/2022 0:46:49] !emotespells on
[7/6/2022 0:47:10] !emotespells on
[7/6/2022 0:47:32] !emotespells on
[7/6/2022 0:47:53] !emotespells on
[7/6/2022 0:48:15] !emotespells on
[7/6/2022 0:48:36] !emotespells on
[7/6/2022 0:48:58] !emotespells on
[7/6/2022 0:49:19] !emotespells on
[7/6/2022 0:49:41] !emotespells on
[7/6/2022 0:50:2] !emotespells on
[7/6/2022 0:50:23] !emotespells on
[7/6/2022 0:50:45] !emotespells on
[7/6/2022 0:51:7] !emotespells on
[7/6/2022 0:51:28] !emotespells on
[7/6/2022 0:51:50] !emotespells on
[7/6/2022 0:52:12] !emotespells on
[7/6/2022 0:52:33] !emotespells on
[7/6/2022 0:52:55] !emotespells on
[7/6/2022 0:53:16] !emotespells on
[7/6/2022 0:53:38] !emotespells on
[7/6/2022 0:53:59] !emotespells on
[7/6/2022 0:54:20] !emotespells on
[7/6/2022 0:54:42] !emotespells on
[7/6/2022 0:55:3] !emotespells on
[7/6/2022 0:55:25] !emotespells on
[7/6/2022 0:55:46] !emotespells on
[7/6/2022 0:56:7] !emotespells on
[7/6/2022 0:56:29] !emotespells on
[7/6/2022 0:56:50] !emotespells on
[7/6/2022 0:57:12] !emotespells on
[7/6/2022 0:57:34] !emotespells on
[7/6/2022 0:57:56] !emotespells on
[7/6/2022 0:58:17] !emotespells on
[7/6/2022 0:58:39] !emotespells on
[7/6/2022 0:59:1] !emotespells on
[7/6/2022 0:59:44] !emotespells on
[7/6/2022 1:0:5] !emotespells on
[7/6/2022 1:0:26] !emotespells on
[7/6/2022 1:0:48] !emotespells on
[7/6/2022 1:1:9] !emotespells on
[7/6/2022 1:1:31] !emotespells on
[7/6/2022 1:1:52] !emotespells on
[7/6/2022 1:2:14] !emotespells on
[7/6/2022 1:2:35] !emotespells on
[7/6/2022 1:2:57] !emotespells on
[7/6/2022 1:3:18] !emotespells on
[7/6/2022 1:3:39] !emotespells on
[7/6/2022 1:4:1] !emotespells on
[7/6/2022 1:4:23] !emotespells on
[7/6/2022 1:4:44] !emotespells on
[7/6/2022 1:5:6] !emotespells on
[7/6/2022 1:5:27] !emotespells on
[7/6/2022 1:5:49] !emotespells on
[7/6/2022 1:6:11] !emotespells on
[7/6/2022 1:6:32] !emotespells on
[7/6/2022 1:6:53] !emotespells on
[7/6/2022 1:7:15] !emotespells on
[7/6/2022 1:7:36] !emotespells on
[7/6/2022 1:7:58] !emotespells on
[7/6/2022 1:8:19] !emotespells on
[7/6/2022 1:8:41] !emotespells on
[7/6/2022 1:9:2] !emotespells on
[7/6/2022 1:9:23] !emotespells on
[7/6/2022 1:9:45] !emotespells on
[7/6/2022 1:10:6] !emotespells on
[7/6/2022 1:10:28] !emotespells on
[7/6/2022 1:10:49] !emotespells on
[7/6/2022 1:11:11] !emotespells on
[7/6/2022 1:11:33] !emotespells on
[7/6/2022 1:11:54] !emotespells on
[7/6/2022 1:12:15] !emotespells on
[7/6/2022 1:12:37] !emotespells on
[7/6/2022 1:12:58] !emotespells on
[7/6/2022 1:13:20] !emotespells on
[7/6/2022 1:13:42] !emotespells on
[7/6/2022 1:14:3] !emotespells on
[7/6/2022 1:14:25] !emotespells on
[7/6/2022 1:14:46] !emotespells on
[7/6/2022 1:15:7] !emotespells on
[7/6/2022 1:15:29] !emotespells on
[7/6/2022 1:15:50] !emotespells on
[7/6/2022 1:16:12] !emotespells on
[7/6/2022 1:16:33] !emotespells on
[7/6/2022 1:16:55] !emotespells on
[7/6/2022 1:17:16] !emotespells on
[7/6/2022 1:17:37] !emotespells on
[7/6/2022 1:18:0] !emotespells on
[7/6/2022 1:18:21] !emotespells on
[7/6/2022 1:18:43] !emotespells on
[7/6/2022 1:19:4] !emotespells on
[7/6/2022 1:19:26] !emotespells on
[7/6/2022 1:19:47] !emotespells on
[7/6/2022 1:20:9] !emotespells on
[7/6/2022 1:20:31] !emotespells on
[7/6/2022 1:20:52] !emotespells on
[7/6/2022 1:21:13] !emotespells on
[7/6/2022 1:21:35] !emotespells on
[7/6/2022 1:21:56] !emotespells on
[7/6/2022 1:22:18] !emotespells on
[7/6/2022 1:22:39] !emotespells on
[7/6/2022 1:23:1] !emotespells on
[7/6/2022 1:23:22] !emotespells on
[7/6/2022 1:23:43] !emotespells on
[7/6/2022 1:24:5] !emotespells on
[7/6/2022 1:24:26] !emotespells on
[7/6/2022 1:24:48] !emotespells on
[7/6/2022 1:25:10] !emotespells on
[7/6/2022 1:25:31] !emotespells on
[7/6/2022 1:25:53] !emotespells on
[7/6/2022 1:26:15] !emotespells on
[7/6/2022 1:26:36] !emotespells on
[7/6/2022 1:26:58] !emotespells on
[7/6/2022 1:27:19] !emotespells on
[7/6/2022 1:27:41] !emotespells on
[7/6/2022 1:28:2] !emotespells on
[7/6/2022 1:28:24] !emotespells on
[7/6/2022 1:28:45] !emotespells on
[7/6/2022 1:29:7] !emotespells on
[7/6/2022 1:29:28] !emotespells on
[7/6/2022 1:29:49] !emotespells on
[7/6/2022 1:30:11] !emotespells on
[7/6/2022 1:30:32] !emotespells on
[7/6/2022 1:30:54] !emotespells on
[7/6/2022 1:31:15] !emotespells on
[7/6/2022 1:31:37] !emotespells on
[7/6/2022 1:31:58] !emotespells on
[7/6/2022 1:32:20] !emotespells on
[7/6/2022 1:32:42] !emotespells on
[7/6/2022 1:33:3] !emotespells on
[7/6/2022 1:33:25] !emotespells on
[7/6/2022 1:33:47] !emotespells on
[7/6/2022 1:34:8] !emotespells on
[7/6/2022 1:34:30] !emotespells on
[7/6/2022 1:34:51] !emotespells on
[7/6/2022 1:35:13] !emotespells on
[7/6/2022 1:35:34] !emotespells on
[7/6/2022 1:35:55] !emotespells on
[7/6/2022 1:36:17] !emotespells on
[7/6/2022 1:36:38] !emotespells on
[7/6/2022 1:37:0] !emotespells on
[7/6/2022 1:37:21] !emotespells on
[7/6/2022 1:37:43] !emotespells on
[7/6/2022 1:38:4] !emotespells on
[7/6/2022 1:38:26] !emotespells on
[7/6/2022 1:38:47] !emotespells on
[7/6/2022 1:39:9] !emotespells on
[7/6/2022 1:39:30] !emotespells on
[7/6/2022 1:39:52] !emotespells on
[7/6/2022 1:40:14] !emotespells on
[7/6/2022 1:40:35] !emotespells on
[7/6/2022 1:40:56] !emotespells on
[7/6/2022 1:41:18] !emotespells on
[7/6/2022 1:41:39] !emotespells on
[7/6/2022 1:42:1] !emotespells on
[7/6/2022 1:42:22] !emotespells on
[7/6/2022 1:42:43] !emotespells on
[7/6/2022 1:43:5] !emotespells on
[7/6/2022 1:43:26] !emotespells on
[7/6/2022 1:43:48] !emotespells on
[7/6/2022 1:44:9] !emotespells on
[7/6/2022 1:44:31] !emotespells on
[7/6/2022 1:44:52] !emotespells on
[7/6/2022 1:45:14] !emotespells on
[7/6/2022 1:45:36] !emotespells on
[7/6/2022 1:45:57] !emotespells on
[7/6/2022 1:46:19] !emotespells on
[7/6/2022 1:46:41] !emotespells on
[7/6/2022 1:47:2] !emotespells on
[7/6/2022 1:47:24] !emotespells on
[7/6/2022 1:47:45] !emotespells on
[7/6/2022 1:48:6] !emotespells on
[7/6/2022 1:48:28] !emotespells on
[7/6/2022 1:48:49] !emotespells on
[7/6/2022 1:49:11] !emotespells on
[7/6/2022 1:49:32] !emotespells on
[7/6/2022 1:49:53] !emotespells on
[7/6/2022 1:50:15] !emotespells on
[7/6/2022 1:50:36] !emotespells on
[7/6/2022 1:50:58] !emotespells on
[7/6/2022 1:51:19] !emotespells on
[7/6/2022 1:51:41] !emotespells on
[7/6/2022 1:52:3] !emotespells on
[7/6/2022 1:52:25] !emotespells on
[7/6/2022 1:52:46] !emotespells on
[7/6/2022 1:53:8] !emotespells on
[7/6/2022 1:53:29] !emotespells on
[7/6/2022 1:53:50] !emotespells on
[7/6/2022 1:54:12] !emotespells on
[7/6/2022 1:54:34] !emotespells on
[7/6/2022 1:55:16] !emotespells on
[7/6/2022 1:55:38] !emotespells on
[7/6/2022 1:55:59] !emotespells on
[7/6/2022 1:56:21] !emotespells on
[7/6/2022 1:56:42] !emotespells on
[7/6/2022 1:57:4] !emotespells on
[7/6/2022 1:57:25] !emotespells on
[7/6/2022 1:57:46] !emotespells on
[7/6/2022 1:58:8] !emotespells on
[7/6/2022 1:58:29] !emotespells on
[7/6/2022 1:58:51] !emotespells on
[7/6/2022 1:59:13] !emotespells on
[7/6/2022 1:59:35] !emotespells on
[7/6/2022 1:59:57] !emotespells on
[7/6/2022 2:0:18] !emotespells on
[7/6/2022 2:0:40] !emotespells on
[7/6/2022 2:1:22] !emotespells on
[7/6/2022 2:1:44] !emotespells on
[7/6/2022 2:2:5] !emotespells on
[7/6/2022 2:2:27] !emotespells on
[7/6/2022 2:2:48] !emotespells on
[7/6/2022 2:3:10] !emotespells on
[7/6/2022 2:3:31] !emotespells on
[7/6/2022 2:3:52] !emotespells on
[7/6/2022 2:4:14] !emotespells on
[7/6/2022 2:4:35] !emotespells on
[7/6/2022 2:4:57] !emotespells on
[7/6/2022 2:5:18] !emotespells on
[7/6/2022 2:5:41] !emotespells on
[7/6/2022 2:6:2] !emotespells on
[7/6/2022 2:6:24] !emotespells on
[7/6/2022 2:6:45] !emotespells on
[7/6/2022 2:7:6] !emotespells on
[7/6/2022 2:7:28] !emotespells on
[7/6/2022 2:7:49] !emotespells on
[7/6/2022 2:8:11] !emotespells on
[7/6/2022 2:8:32] !emotespells on
[7/6/2022 2:8:54] !emotespells on
[7/6/2022 2:9:15] !emotespells on
[7/6/2022 2:9:36] !emotespells on
[7/6/2022 2:9:58] !emotespells on
[7/6/2022 2:10:19] !emotespells on
[7/6/2022 2:10:41] !emotespells on
[7/6/2022 2:11:2] !emotespells on
[7/6/2022 2:11:23] !emotespells on
[7/6/2022 2:11:45] !emotespells on
[7/6/2022 2:12:6] !emotespells on
[7/6/2022 2:12:28] !emotespells on
[7/6/2022 2:12:49] !emotespells on
[7/6/2022 2:13:11] !emotespells on
[7/6/2022 2:13:32] !emotespells on
[7/6/2022 2:13:54] !emotespells on
[7/6/2022 2:14:16] !emotespells on
[7/6/2022 2:14:38] !emotespells on
[7/6/2022 2:15:0] !emotespells on
[7/6/2022 2:15:21] !emotespells on
[7/6/2022 2:15:42] !emotespells on
[7/6/2022 2:16:4] !emotespells on
[7/6/2022 2:16:25] !emotespells on
[7/6/2022 2:16:46] !emotespells on
[7/6/2022 2:17:8] !emotespells on
[7/6/2022 2:17:29] !emotespells on
[7/6/2022 2:17:51] !emotespells on
[7/6/2022 2:18:12] !emotespells on
[7/6/2022 2:18:34] !emotespells on
[7/6/2022 2:18:55] !emotespells on
[7/6/2022 2:19:16] !emotespells on
[7/6/2022 2:19:38] !emotespells on
[7/6/2022 2:19:59] !emotespells on
[7/6/2022 2:20:21] !emotespells on
[7/6/2022 2:20:43] !emotespells on
[7/6/2022 2:21:5] !emotespells on
[7/6/2022 2:21:27] !emotespells on
[7/6/2022 2:21:48] !emotespells on
[7/6/2022 2:22:10] !emotespells on
[7/6/2022 2:22:31] !emotespells on
[7/6/2022 2:22:53] !emotespells on
[7/6/2022 2:23:14] !emotespells on
[7/6/2022 2:23:36] !emotespells on
[7/6/2022 2:23:57] !emotespells on
[7/6/2022 2:24:18] !emotespells on
[7/6/2022 2:24:40] !emotespells on
[7/6/2022 2:25:1] !emotespells on
[7/6/2022 2:25:23] !emotespells on
[7/6/2022 2:25:44] !emotespells on
[7/6/2022 2:26:6] !emotespells on
[7/6/2022 2:26:28] !emotespells on
[7/6/2022 2:26:49] !emotespells on
[7/6/2022 2:27:11] !emotespells on
[7/6/2022 2:27:33] !emotespells on
[7/6/2022 2:27:54] !emotespells on
[7/6/2022 2:28:16] !emotespells on
[7/6/2022 2:28:37] !emotespells on
[7/6/2022 2:28:59] !emotespells on
[7/6/2022 2:29:20] !emotespells on
[7/6/2022 2:29:41] !emotespells on
[7/6/2022 2:30:3] !emotespells on
[7/6/2022 2:30:24] !emotespells on
[7/6/2022 2:30:46] !emotespells on
[7/6/2022 2:31:7] !emotespells on
[7/6/2022 2:31:28] !emotespells on
[7/6/2022 2:31:50] !emotespells on
[7/6/2022 2:32:11] !emotespells on
[7/6/2022 2:32:33] !emotespells on
[7/6/2022 2:32:55] !emotespells on
[7/6/2022 2:33:17] !emotespells on
[7/6/2022 2:33:39] !emotespells on
[7/6/2022 2:34:0] !emotespells on
[7/6/2022 2:34:22] !emotespells on
[7/6/2022 2:34:43] !emotespells on
[7/6/2022 2:35:5] !emotespells on
[7/6/2022 2:35:26] !emotespells on
[7/6/2022 2:35:47] !emotespells on
[7/6/2022 2:36:9] !emotespells on
[7/6/2022 2:36:30] !emotespells on
[7/6/2022 2:36:52] !emotespells on
[7/6/2022 2:37:13] !emotespells on
[7/6/2022 2:37:34] !emotespells on
[7/6/2022 2:37:56] !emotespells on
[7/6/2022 2:38:17] !emotespells on
[7/6/2022 2:38:39] !emotespells on
[7/6/2022 2:39:0] !emotespells on
[7/6/2022 2:39:22] !emotespells on
[7/6/2022 2:39:44] !emotespells on
[7/6/2022 2:40:5] !emotespells on
[7/6/2022 2:40:27] !emotespells on
[7/6/2022 2:40:49] !emotespells on
[7/6/2022 2:41:10] !emotespells on
[7/6/2022 2:41:32] !emotespells on
[7/6/2022 2:41:53] !emotespells on
[7/6/2022 2:42:15] !emotespells on
[7/6/2022 2:42:36] !emotespells on
[7/6/2022 2:42:58] !emotespells on
[7/6/2022 2:43:19] !emotespells on
[7/6/2022 2:43:40] !emotespells on
[7/6/2022 2:44:2] !emotespells on
[7/6/2022 2:44:23] !emotespells on
[7/6/2022 2:44:45] !emotespells on
[7/6/2022 2:45:6] !emotespells on
[7/6/2022 2:45:27] !emotespells on
[7/6/2022 2:45:49] !emotespells on
[7/6/2022 2:46:10] !emotespells on
[7/6/2022 2:46:32] !emotespells on
[7/6/2022 2:46:54] !emotespells on
[7/6/2022 2:47:16] !emotespells on
[7/6/2022 2:47:37] !emotespells on
[7/6/2022 2:47:59] !emotespells on
[7/6/2022 2:48:20] !emotespells on
[7/6/2022 2:48:42] !emotespells on
[7/6/2022 2:49:3] !emotespells on
[7/6/2022 2:49:24] !emotespells on
[7/6/2022 2:49:46] !emotespells on
[7/6/2022 2:50:7] !emotespells on
[7/6/2022 2:50:29] !emotespells on
[7/6/2022 2:50:50] !emotespells on
[7/6/2022 2:51:12] !emotespells on
[7/6/2022 2:51:33] !emotespells on
[7/6/2022 2:51:55] !emotespells on
[7/6/2022 2:52:16] !emotespells on
[7/6/2022 2:52:38] !emotespells on
[7/6/2022 2:52:59] !emotespells on
[7/6/2022 2:53:21] !emotespells on
[7/6/2022 2:53:43] !emotespells on
[7/6/2022 2:54:4] !emotespells on
[7/6/2022 2:54:25] !emotespells on
[7/6/2022 2:54:47] !emotespells on
[7/6/2022 2:55:9] !emotespells on
[7/6/2022 2:55:30] !emotespells on
[7/6/2022 2:55:51] !emotespells on
[7/6/2022 2:56:13] !emotespells on
[7/6/2022 2:56:34] !emotespells on
[7/6/2022 2:56:56] !emotespells on
[7/6/2022 2:57:17] !emotespells on
[7/6/2022 2:57:39] !emotespells on
[7/6/2022 2:58:0] !emotespells on
[7/6/2022 2:58:22] !emotespells on
[7/6/2022 2:58:43] !emotespells on
[7/6/2022 2:59:4] !emotespells on
[7/6/2022 2:59:26] !emotespells on
[7/6/2022 2:59:47] !emotespells on
[7/6/2022 3:0:9] !emotespells on
[7/6/2022 3:0:31] !emotespells on
[7/6/2022 3:0:52] !emotespells on
[7/6/2022 3:1:14] !emotespells on
[7/6/2022 3:1:36] !emotespells on
[7/6/2022 3:1:57] !emotespells on
[7/6/2022 3:2:19] !emotespells on
[7/6/2022 3:2:40] !emotespells on
[7/6/2022 3:3:1] !emotespells on
[7/6/2022 3:3:23] !emotespells on
[7/6/2022 3:3:44] !emotespells on
[7/6/2022 3:4:6] !emotespells on
[7/6/2022 3:4:27] !emotespells on
[7/6/2022 3:4:49] !emotespells on
[7/6/2022 3:5:10] !emotespells on
[7/6/2022 3:5:31] !emotespells on
[7/6/2022 3:5:53] !emotespells on
[7/6/2022 3:6:15] !emotespells on
[7/6/2022 3:6:36] !emotespells on
[7/6/2022 3:6:58] !emotespells on
[7/6/2022 3:7:19] !emotespells on
[7/6/2022 3:7:41] !emotespells on
[7/6/2022 3:8:2] !emotespells on
[7/6/2022 3:8:25] !emotespells on
[7/6/2022 3:8:46] !emotespells on
[7/6/2022 3:9:7] !emotespells on
[7/6/2022 3:9:29] !emotespells on
[7/6/2022 3:9:50] !emotespells on
[7/6/2022 3:10:12] !emotespells on
[7/6/2022 3:10:33] !emotespells on
[7/6/2022 3:10:54] !emotespells on
[7/6/2022 3:11:16] !emotespells on
[7/6/2022 3:11:37] !emotespells on
[7/6/2022 3:11:59] !emotespells on
[7/6/2022 3:12:20] !emotespells on
[7/6/2022 3:12:42] !emotespells on
[7/6/2022 3:13:3] !emotespells on
[7/6/2022 3:13:25] !emotespells on
[7/6/2022 3:13:46] !emotespells on
[7/6/2022 3:14:7] !emotespells on
[7/6/2022 3:14:29] !emotespells on
[7/6/2022 3:14:50] !emotespells on
[7/6/2022 3:15:12] !emotespells on
[7/6/2022 3:15:33] !emotespells on
[7/6/2022 3:15:55] !emotespells on
[7/6/2022 3:16:17] !emotespells on
[7/6/2022 3:16:38] !emotespells on
[7/6/2022 3:17:0] !emotespells on
[7/6/2022 3:17:21] !emotespells on
[7/6/2022 3:17:43] !emotespells on
[7/6/2022 3:18:4] !emotespells on
[7/6/2022 3:18:25] !emotespells on
[7/6/2022 3:18:47] !emotespells on
[7/6/2022 3:19:8] !emotespells on
[7/6/2022 3:19:30] !emotespells on
[7/6/2022 3:19:51] !emotespells on
[7/6/2022 3:20:13] !emotespells on
[7/6/2022 3:20:35] !emotespells on
[7/6/2022 3:20:56] !emotespells on
[7/6/2022 3:21:39] !emotespells on
[7/6/2022 3:22:1] !emotespells on
[7/6/2022 3:22:22] !emotespells on
[7/6/2022 3:22:44] !emotespells on
[7/6/2022 3:23:5] !emotespells on
[7/6/2022 3:23:27] !emotespells on
[7/6/2022 3:23:48] !emotespells on
[7/6/2022 3:24:10] !emotespells on
[7/6/2022 3:24:31] !emotespells on
[7/6/2022 3:24:52] !emotespells on
[7/6/2022 3:25:14] !emotespells on
[7/6/2022 3:25:35] !emotespells on
[7/6/2022 3:25:57] !emotespells on
[7/6/2022 3:26:18] !emotespells on
[7/6/2022 3:26:39] !emotespells on
[7/6/2022 3:27:1] !emotespells on
[7/6/2022 3:27:22] !emotespells on
[7/6/2022 3:27:43] !emotespells on
[7/6/2022 3:28:5] !emotespells on
[7/6/2022 3:28:26] !emotespells on
[7/6/2022 3:28:49] !emotespells on
[7/6/2022 3:29:10] !emotespells on
[7/6/2022 3:29:31] !emotespells on
[7/6/2022 3:29:53] !emotespells on
[7/6/2022 3:30:14] !emotespells on
[7/6/2022 3:30:36] !emotespells on
[7/6/2022 3:30:57] !emotespells on
[7/6/2022 3:31:18] !emotespells on
[7/6/2022 3:31:40] !emotespells on
[7/6/2022 3:32:1] !emotespells on
[7/6/2022 3:32:23] !emotespells on
[7/6/2022 3:32:44] !emotespells on
[7/6/2022 3:33:6] !emotespells on
[7/6/2022 3:33:27] !emotespells on
[7/6/2022 3:33:49] !emotespells on
[7/6/2022 3:34:10] !emotespells on
[7/6/2022 3:34:31] !emotespells on
[7/6/2022 3:34:53] !emotespells on
[7/6/2022 3:35:15] !emotespells on
[7/6/2022 3:35:36] !emotespells on
[7/6/2022 3:35:58] !emotespells on
[7/6/2022 3:36:20] !emotespells on
[7/6/2022 3:36:41] !emotespells on
[7/6/2022 3:37:3] !emotespells on
[7/6/2022 3:37:24] !emotespells on
[7/6/2022 3:37:46] !emotespells on
[7/6/2022 3:38:7] !emotespells on
[7/6/2022 3:38:29] !emotespells on
[7/6/2022 3:38:50] !emotespells on
[7/6/2022 3:39:11] !emotespells on
[7/6/2022 3:39:33] !emotespells on
[7/6/2022 3:39:54] !emotespells on
[7/6/2022 3:40:15] !emotespells on
[7/6/2022 3:40:37] !emotespells on
[7/6/2022 3:40:58] !emotespells on
[7/6/2022 3:41:20] !emotespells on
[7/6/2022 3:41:41] !emotespells on
[7/6/2022 3:42:2] !emotespells on
[7/6/2022 3:42:24] !emotespells on
[7/6/2022 3:42:45] !emotespells on
[7/6/2022 3:43:7] !emotespells on
[7/6/2022 3:43:29] !emotespells on
[7/6/2022 3:43:50] !emotespells on
[7/6/2022 3:44:11] !emotespells on
[7/6/2022 3:44:33] !emotespells on
[7/6/2022 3:44:54] !emotespells on
[7/6/2022 3:45:16] !emotespells on
[7/6/2022 3:45:37] !emotespells on
[7/6/2022 3:46:20] !emotespells on
[7/6/2022 3:46:41] !emotespells on
[7/6/2022 3:47:3] !emotespells on
[7/6/2022 3:47:24] !emotespells on
[7/6/2022 3:47:46] !emotespells on
[7/6/2022 3:48:7] !emotespells on
[7/6/2022 3:48:28] !emotespells on
[7/6/2022 3:48:50] !emotespells on
[7/6/2022 3:49:12] !emotespells on
[7/6/2022 3:49:33] !emotespells on
[7/6/2022 3:49:55] !emotespells on
[7/6/2022 3:50:16] !emotespells on
[7/6/2022 3:50:38] !emotespells on
[7/6/2022 3:50:59] !emotespells on
[7/6/2022 3:51:21] !emotespells on
[7/6/2022 3:51:42] !emotespells on
[7/6/2022 3:52:4] !emotespells on
[7/6/2022 3:52:25] !emotespells on
[7/6/2022 3:52:47] !emotespells on
[7/6/2022 3:53:8] !emotespells on
[7/6/2022 3:53:29] !emotespells on
[7/6/2022 3:53:51] !emotespells on
[7/6/2022 3:54:12] !emotespells on
[7/6/2022 3:54:34] !emotespells on
[7/6/2022 3:54:55] !emotespells on
[7/6/2022 3:55:16] !emotespells on
[7/6/2022 3:55:38] !emotespells on
[7/6/2022 3:55:59] !emotespells on
[7/6/2022 3:56:21] !emotespells on
[7/6/2022 3:56:42] !emotespells on
[7/6/2022 3:57:3] !emotespells on
[7/6/2022 3:57:25] !emotespells on
[7/6/2022 3:57:47] !emotespells on
[7/6/2022 3:58:8] !emotespells on
[7/6/2022 3:58:30] !emotespells on
[7/6/2022 3:58:51] !emotespells on
[7/6/2022 3:59:13] !emotespells on
[7/6/2022 3:59:34] !emotespells on
[7/6/2022 3:59:56] !emotespells on
[7/6/2022 4:0:17] !emotespells on
[7/6/2022 4:0:39] !emotespells on
[7/6/2022 4:1:0] !emotespells on
[7/6/2022 4:1:22] !emotespells on
[7/6/2022 4:1:43] !emotespells on
[7/6/2022 4:2:4] !emotespells on
[7/6/2022 4:2:26] !emotespells on
[7/6/2022 4:2:47] !emotespells on
[7/6/2022 4:3:9] !emotespells on
[7/6/2022 4:3:30] !emotespells on
[7/6/2022 4:3:52] !emotespells on
[7/6/2022 4:4:14] !emotespells on
[7/6/2022 4:4:35] !emotespells on
[7/6/2022 4:4:57] !emotespells on
[7/6/2022 4:5:18] !emotespells on
[7/6/2022 4:5:40] !emotespells on
[7/6/2022 4:6:1] !emotespells on
[7/6/2022 4:6:22] !emotespells on
[7/6/2022 4:6:44] !emotespells on
[7/6/2022 4:7:5] !emotespells on
[7/6/2022 4:7:27] !emotespells on
[7/6/2022 4:7:48] !emotespells on
[7/6/2022 4:8:9] !emotespells on
[7/6/2022 4:8:31] !emotespells on
[7/6/2022 4:8:52] !emotespells on
[7/6/2022 4:9:14] !emotespells on
[7/6/2022 4:9:35] !emotespells on
[7/6/2022 4:9:56] !emotespells on
[7/6/2022 4:10:19] !emotespells on
[7/6/2022 4:10:40] !emotespells on
[7/6/2022 4:11:2] !emotespells on
[7/6/2022 4:11:23] !emotespells on
[7/6/2022 4:11:45] !emotespells on
[7/6/2022 4:12:6] !emotespells on
[7/6/2022 4:12:28] !emotespells on
[7/6/2022 4:12:49] !emotespells on
[7/6/2022 4:13:11] !emotespells on
[7/6/2022 4:13:32] !emotespells on
[7/6/2022 4:13:54] !emotespells on
[7/6/2022 4:14:15] !emotespells on
[7/6/2022 4:14:37] !emotespells on
[7/6/2022 4:14:58] !emotespells on
[7/6/2022 4:15:19] !emotespells on
[7/6/2022 4:15:41] !emotespells on
[7/6/2022 4:16:2] !emotespells on
[7/6/2022 4:16:24] !emotespells on
[7/6/2022 4:17:7] !emotespells on
[7/6/2022 4:17:29] !emotespells on
[7/6/2022 4:17:50] !emotespells on
[7/6/2022 4:18:12] !emotespells on
[7/6/2022 4:18:34] !emotespells on
[7/6/2022 4:18:55] !emotespells on
[7/6/2022 4:19:17] !emotespells on
[7/6/2022 4:19:38] !emotespells on
[7/6/2022 4:20:0] !emotespells on
[7/6/2022 4:20:21] !emotespells on
[7/6/2022 4:20:42] !emotespells on
[7/6/2022 4:21:4] !emotespells on
[7/6/2022 4:21:25] !emotespells on
[7/6/2022 4:21:47] !emotespells on
[7/6/2022 4:22:8] !emotespells on
[7/6/2022 4:22:30] !emotespells on
[7/6/2022 4:22:51] !emotespells on
[7/6/2022 4:23:12] !emotespells on
[7/6/2022 4:23:34] !emotespells on
[7/6/2022 4:23:56] !emotespells on
[7/6/2022 4:24:17] !emotespells on
[7/6/2022 4:24:39] !emotespells on
[7/6/2022 4:25:0] !emotespells on
[7/6/2022 4:25:22] !emotespells on
[7/6/2022 4:25:44] !emotespells on
[7/6/2022 4:26:5] !emotespells on
[7/6/2022 4:26:27] !emotespells on
[7/6/2022 4:26:48] !emotespells on
[7/6/2022 4:27:9] !emotespells on
[7/6/2022 4:27:31] !emotespells on
[7/6/2022 4:27:52] !emotespells on
[7/6/2022 4:28:14] !emotespells on
[7/6/2022 4:28:35] !emotespells on
[7/6/2022 4:28:57] !emotespells on
[7/6/2022 4:29:18] !emotespells on
[7/6/2022 4:29:39] !emotespells on
[7/6/2022 4:30:1] !emotespells on
[7/6/2022 4:30:22] !emotespells on
[7/6/2022 4:30:44] !emotespells on
[7/6/2022 4:31:6] !emotespells on
[7/6/2022 4:31:27] !emotespells on
[7/6/2022 4:31:49] !emotespells on
[7/6/2022 4:32:10] !emotespells on
[7/6/2022 4:32:32] !emotespells on
[7/6/2022 4:32:54] !emotespells on
[7/6/2022 4:33:15] !emotespells on
[7/6/2022 4:33:36] !emotespells on
[7/6/2022 4:33:58] !emotespells on
[7/6/2022 4:34:19] !emotespells on
[7/6/2022 4:34:41] !emotespells on
[7/6/2022 4:35:2] !emotespells on
[7/6/2022 4:35:23] !emotespells on
[7/6/2022 4:35:45] !emotespells on
[7/6/2022 4:36:6] !emotespells on
[7/6/2022 4:36:28] !emotespells on
[7/6/2022 4:36:49] !emotespells on
[7/6/2022 4:37:11] !emotespells on
[7/6/2022 4:37:33] !emotespells on
[7/6/2022 4:37:54] !emotespells on
[7/6/2022 4:38:16] !emotespells on
[7/6/2022 4:38:37] !emotespells on
[7/6/2022 4:38:59] !emotespells on
[7/6/2022 4:39:20] !emotespells on
[7/6/2022 4:39:42] !emotespells on
[7/6/2022 4:40:4] !emotespells on
[7/6/2022 4:40:25] !emotespells on
[7/6/2022 4:40:47] !emotespells on
[7/6/2022 4:41:8] !emotespells on
[7/6/2022 4:41:29] !emotespells on
[7/6/2022 4:41:51] !emotespells on
[7/6/2022 4:42:12] !emotespells on
[7/6/2022 4:42:34] !emotespells on
[7/6/2022 4:42:55] !emotespells on
[7/6/2022 4:43:16] !emotespells on
[7/6/2022 4:43:38] !emotespells on
[7/6/2022 4:44:0] !emotespells on
[7/6/2022 4:44:22] !emotespells on
[7/6/2022 4:44:43] !emotespells on
[7/6/2022 4:45:5] !emotespells on
[7/6/2022 4:45:26] !emotespells on
[7/6/2022 4:45:48] !emotespells on
[7/6/2022 4:46:10] !emotespells on
[7/6/2022 4:46:31] !emotespells on
[7/6/2022 4:46:53] !emotespells on
[7/6/2022 4:47:14] !emotespells on
[7/6/2022 4:47:36] !emotespells on
[7/6/2022 4:47:57] !emotespells on
[7/6/2022 4:48:19] !emotespells on
[7/6/2022 4:48:40] !emotespells on
[7/6/2022 4:49:2] !emotespells on
[7/6/2022 4:49:23] !emotespells on
[7/6/2022 4:49:44] !emotespells on
[7/6/2022 4:50:6] !emotespells on
[7/6/2022 4:50:27] !emotespells on
[7/6/2022 4:50:49] !emotespells on
[7/6/2022 4:51:11] !emotespells on
[7/6/2022 4:51:32] !emotespells on
[7/6/2022 4:51:54] !emotespells on
[7/6/2022 4:52:15] !emotespells on
[7/6/2022 4:52:37] !emotespells on
[7/6/2022 4:52:58] !emotespells on
[7/6/2022 4:53:20] !emotespells on
[7/6/2022 4:53:41] !emotespells on
[7/6/2022 4:54:3] !emotespells on
[7/6/2022 4:54:24] !emotespells on
[7/6/2022 4:54:46] !emotespells on
[7/6/2022 4:55:7] !emotespells on
[7/6/2022 4:55:29] !emotespells on
[7/6/2022 4:55:50] !emotespells on
[7/6/2022 4:56:12] !emotespells on
[7/6/2022 4:56:33] !emotespells on
[7/6/2022 4:56:56] !emotespells on
[7/6/2022 4:57:19] !emotespells on
[7/6/2022 4:57:42] !emotespells on
[7/6/2022 4:58:5] !emotespells on
[7/6/2022 4:58:28] !emotespells on
[7/6/2022 4:58:51] !emotespells on
[7/6/2022 4:59:14] !emotespells on
[7/6/2022 4:59:37] !emotespells on
[7/6/2022 5:14:20] !aol
[7/6/2022 5:14:32] !emotespells on
[7/6/2022 5:14:55] !emotespells on
[7/6/2022 5:15:18] !emotespells on
[7/6/2022 5:15:41] !emotespells on
[7/6/2022 5:16:4] !emotespells on
[7/6/2022 5:16:27] !emotespells on
[7/6/2022 5:16:50] !emotespells on
[7/6/2022 5:17:13] !emotespells on
[7/6/2022 5:17:36] !emotespells on
[7/6/2022 5:18:0] !emotespells on
[7/6/2022 5:18:22] !emotespells on
[7/6/2022 5:18:45] !emotespells on
[7/6/2022 5:19:8] !emotespells on
[7/6/2022 5:19:31] !emotespells on
[7/6/2022 5:19:54] !emotespells on
[7/6/2022 5:20:17] !emotespells on
[7/6/2022 5:20:40] !emotespells on
[7/6/2022 5:21:3] !emotespells on
[7/6/2022 5:21:26] !emotespells on
[7/6/2022 5:21:49] !emotespells on
[7/6/2022 5:22:12] !emotespells on
[7/6/2022 5:22:35] !emotespells on
[7/6/2022 5:22:57] !emotespells on
[7/6/2022 5:23:20] !emotespells on
[7/6/2022 5:23:43] !emotespells on
[7/6/2022 5:24:6] !emotespells on
[7/6/2022 5:24:29] !emotespells on
[7/6/2022 5:24:52] !emotespells on
[7/6/2022 5:25:15] !emotespells on
[7/6/2022 5:25:38] !emotespells on
[7/6/2022 5:26:1] !emotespells on
[7/6/2022 5:26:24] !emotespells on
[7/6/2022 5:26:47] !emotespells on
[7/6/2022 5:27:10] !emotespells on
[7/6/2022 5:27:33] !emotespells on
[7/6/2022 5:27:56] !emotespells on
[7/6/2022 5:28:19] !emotespells on
[7/6/2022 5:28:42] !emotespells on
[7/6/2022 5:29:5] !emotespells on
[7/6/2022 5:29:28] !emotespells on
[7/6/2022 5:29:50] !emotespells on
[7/6/2022 5:30:13] !emotespells on
[7/6/2022 5:30:36] !emotespells on
[7/6/2022 5:30:59] !emotespells on
[7/6/2022 5:31:22] !emotespells on
[7/6/2022 5:31:45] !emotespells on
[7/6/2022 5:32:9] !emotespells on
[7/6/2022 5:32:31] !emotespells on
[7/6/2022 5:32:55] !emotespells on
[7/6/2022 5:33:18] !emotespells on
[7/6/2022 5:33:40] !emotespells on
[7/6/2022 5:34:3] !emotespells on
[7/6/2022 5:34:26] !emotespells on
[7/6/2022 5:34:49] !emotespells on
[7/6/2022 5:35:12] !emotespells on
[7/6/2022 5:35:36] !emotespells on
[7/6/2022 5:35:58] !emotespells on
[7/6/2022 5:36:21] !emotespells on
[7/6/2022 5:36:44] !emotespells on
[7/6/2022 5:37:7] !emotespells on
[7/6/2022 5:37:30] !emotespells on
[7/6/2022 5:37:53] !emotespells on
[7/6/2022 5:38:16] !emotespells on
[7/6/2022 5:38:39] !emotespells on
[7/6/2022 5:39:3] !emotespells on
[7/6/2022 5:39:26] !emotespells on
[7/6/2022 5:39:49] !emotespells on
[7/6/2022 5:40:12] !emotespells on
[7/6/2022 5:40:35] !emotespells on
[7/6/2022 5:40:58] !emotespells on
[7/6/2022 5:41:21] !emotespells on
[7/6/2022 5:41:44] !emotespells on
[7/6/2022 5:42:7] !emotespells on
[7/6/2022 5:42:30] !emotespells on
[7/6/2022 5:42:53] !emotespells on
[7/6/2022 5:43:16] !emotespells on
[7/6/2022 5:43:39] !emotespells on
[7/6/2022 5:44:1] !emotespells on
[7/6/2022 5:44:24] !emotespells on
[7/6/2022 5:44:47] !emotespells on
[7/6/2022 5:45:10] !emotespells on
[7/6/2022 5:45:33] !emotespells on
[7/6/2022 5:45:56] !emotespells on
[7/6/2022 5:46:19] !emotespells on
[7/6/2022 5:46:42] !emotespells on
[7/6/2022 5:47:5] !emotespells on
[7/6/2022 5:47:28] !emotespells on
[7/6/2022 5:47:51] !emotespells on
[7/6/2022 5:48:14] !emotespells on
[7/6/2022 5:48:37] !emotespells on
[7/6/2022 5:49:0] !emotespells on
[7/6/2022 5:49:46] !emotespells on
[7/6/2022 5:50:9] !emotespells on
[7/6/2022 5:50:32] !emotespells on
[7/6/2022 5:50:55] !emotespells on
[7/6/2022 5:51:18] !emotespells on
[7/6/2022 5:51:41] !emotespells on
[7/6/2022 5:52:4] !emotespells on
[7/6/2022 5:52:27] !emotespells on
[7/6/2022 5:52:50] !emotespells on
[7/6/2022 5:53:13] !emotespells on
[7/6/2022 5:53:36] !emotespells on
[7/6/2022 5:53:59] !emotespells on
[7/6/2022 5:54:22] !emotespells on
[7/6/2022 5:54:45] !emotespells on
[7/6/2022 5:55:8] !emotespells on
[7/6/2022 5:55:31] !emotespells on
[7/6/2022 5:55:54] !emotespells on
[7/6/2022 5:56:17] !emotespells on
[7/6/2022 5:56:40] !emotespells on
[7/6/2022 5:57:3] !emotespells on
[7/6/2022 5:57:27] !emotespells on
[7/6/2022 5:57:50] !emotespells on
[7/6/2022 5:58:13] !emotespells on
[7/6/2022 5:58:36] !emotespells on
[7/6/2022 5:58:59] !emotespells on
[7/6/2022 5:59:22] !emotespells on
[7/6/2022 5:59:45] !emotespells on
[7/6/2022 6:0:8] !emotespells on
[7/6/2022 6:0:31] !emotespells on
[7/6/2022 6:0:54] !emotespells on
[7/6/2022 6:1:17] !emotespells on
[7/6/2022 6:2:3] !emotespells on
[7/6/2022 6:2:25] !emotespells on
[7/6/2022 6:2:49] !emotespells on
[7/6/2022 6:3:12] !emotespells on
[7/6/2022 6:3:35] !emotespells on
[7/6/2022 6:3:58] !emotespells on
[7/6/2022 6:4:21] !emotespells on
[7/6/2022 6:4:44] !emotespells on
[7/6/2022 6:5:7] !emotespells on
[7/6/2022 6:5:30] !emotespells on
[7/6/2022 6:5:53] !emotespells on
[7/6/2022 6:6:17] !emotespells on
[7/6/2022 6:6:40] !emotespells on
[7/6/2022 6:7:3] !emotespells on
[7/6/2022 6:7:26] !emotespells on
[7/6/2022 6:8:12] !emotespells on
[7/6/2022 6:8:35] !emotespells on
[7/6/2022 6:8:58] !emotespells on
[7/6/2022 6:9:21] !emotespells on
[7/6/2022 6:9:44] !emotespells on
[7/6/2022 6:10:7] !emotespells on
[7/6/2022 6:10:30] !emotespells on
[7/6/2022 6:10:53] !emotespells on
[7/6/2022 6:11:16] !emotespells on
[7/6/2022 6:11:39] !emotespells on
[7/6/2022 6:12:2] !emotespells on
[7/6/2022 6:12:26] !emotespells on
[7/6/2022 6:12:48] !emotespells on
[7/6/2022 6:13:12] !emotespells on
[7/6/2022 6:13:34] !emotespells on
[7/6/2022 6:13:57] !emotespells on
[7/6/2022 6:14:21] !emotespells on
[7/6/2022 6:14:44] !emotespells on
[7/6/2022 6:15:7] !emotespells on
[7/6/2022 6:15:30] !emotespells on
[7/6/2022 6:15:53] !emotespells on
[7/6/2022 6:16:16] !emotespells on
[7/6/2022 6:16:39] !emotespells on
[7/6/2022 6:17:2] !emotespells on
[7/6/2022 6:17:25] !emotespells on
[7/6/2022 6:17:48] !emotespells on
[7/6/2022 6:18:11] !emotespells on
[7/6/2022 6:18:34] !emotespells on
[7/6/2022 6:18:57] !emotespells on
[7/6/2022 6:19:20] !emotespells on
[7/6/2022 6:19:43] !emotespells on
[7/6/2022 6:20:6] !emotespells on
[7/6/2022 6:20:30] !emotespells on
[7/6/2022 6:20:52] !emotespells on
[7/6/2022 6:21:15] !emotespells on
[7/6/2022 6:21:38] !emotespells on
[7/6/2022 6:22:1] !emotespells on
[7/6/2022 6:22:24] !emotespells on
[7/6/2022 6:22:47] !emotespells on
[7/6/2022 6:23:10] !emotespells on
[7/6/2022 6:23:33] !emotespells on
[7/6/2022 6:23:56] !emotespells on
[7/6/2022 6:24:19] !emotespells on
[7/6/2022 6:24:42] !emotespells on
[7/6/2022 6:25:5] !emotespells on
[7/6/2022 6:25:28] !emotespells on
[7/6/2022 6:25:51] !emotespells on
[7/6/2022 6:26:14] !emotespells on
[7/6/2022 6:26:37] !emotespells on
[7/6/2022 6:27:0] !emotespells on
[7/6/2022 6:27:23] !emotespells on
[7/6/2022 6:27:46] !emotespells on
[7/6/2022 6:28:9] !emotespells on
[7/6/2022 6:28:32] !emotespells on
[7/6/2022 6:28:55] !emotespells on
[7/6/2022 6:29:18] !emotespells on
[7/6/2022 6:29:40] !emotespells on
[7/6/2022 6:30:4] !emotespells on
[7/6/2022 6:30:27] !emotespells on
[7/6/2022 6:30:50] !emotespells on
[7/6/2022 6:31:13] !emotespells on
[7/6/2022 6:31:35] !emotespells on
[7/6/2022 6:31:58] !emotespells on
[7/6/2022 6:32:21] !emotespells on
[7/6/2022 6:32:45] !emotespells on
[7/6/2022 6:33:8] !emotespells on
[7/6/2022 6:33:31] !emotespells on
[7/6/2022 6:33:54] !emotespells on
[7/6/2022 6:34:17] !emotespells on
[7/6/2022 6:34:40] !emotespells on
[7/6/2022 6:35:3] !emotespells on
[7/6/2022 6:35:26] !emotespells on
[7/6/2022 6:35:49] !emotespells on
[7/6/2022 6:36:12] !emotespells on
[7/6/2022 6:36:35] !emotespells on
[7/6/2022 6:36:58] !emotespells on
[7/6/2022 6:37:21] !emotespells on
[7/6/2022 6:37:44] !emotespells on
[7/6/2022 6:38:6] !emotespells on
[7/6/2022 6:38:29] !emotespells on
[7/6/2022 6:38:52] !emotespells on
[7/6/2022 6:39:15] !emotespells on
[7/6/2022 6:39:39] !emotespells on
[7/6/2022 6:40:2] !emotespells on
[7/6/2022 6:40:25] !emotespells on
[7/6/2022 6:40:48] !emotespells on
[7/6/2022 6:41:11] !emotespells on
[7/6/2022 6:41:34] !emotespells on
[7/6/2022 6:41:56] !emotespells on
[7/6/2022 6:42:19] !emotespells on
[7/6/2022 6:42:42] !emotespells on
[7/6/2022 6:43:5] !emotespells on
[7/6/2022 6:43:28] !emotespells on
[7/6/2022 6:43:51] !emotespells on
[7/6/2022 6:44:14] !emotespells on
[7/6/2022 6:44:37] !emotespells on
[7/6/2022 6:45:1] !emotespells on
[7/6/2022 6:45:23] !emotespells on
[7/6/2022 6:45:48] !emotespells on
[7/6/2022 6:46:11] !emotespells on
[7/6/2022 6:46:34] !emotespells on
[7/6/2022 6:46:56] !emotespells on
[7/6/2022 6:47:19] !emotespells on
[7/6/2022 6:47:42] !emotespells on
[7/6/2022 6:48:5] !emotespells on
[7/6/2022 6:48:28] !emotespells on
[7/6/2022 6:48:51] !emotespells on
[7/6/2022 6:49:15] !emotespells on
[7/6/2022 6:49:38] !emotespells on
[7/6/2022 6:50:0] !emotespells on
[7/6/2022 6:50:23] !emotespells on
[7/6/2022 6:50:46] !emotespells on
[7/6/2022 6:51:9] !emotespells on
[7/6/2022 6:51:32] !emotespells on
[7/6/2022 6:51:55] !emotespells on
[7/6/2022 6:52:18] !emotespells on
[7/6/2022 6:52:41] !emotespells on
[7/6/2022 6:53:4] !emotespells on
[7/6/2022 6:53:27] !emotespells on
[7/6/2022 6:53:50] !emotespells on
[7/6/2022 6:54:13] !emotespells on
[7/6/2022 6:54:36] !emotespells on
[7/6/2022 6:54:59] !emotespells on
[7/6/2022 6:55:22] !emotespells on
[7/6/2022 6:55:45] !emotespells on
[7/6/2022 6:56:8] !emotespells on
[7/6/2022 6:56:31] !emotespells on
[7/6/2022 6:56:54] !emotespells on
[7/6/2022 6:57:17] !emotespells on
[7/6/2022 6:57:40] !emotespells on
[7/6/2022 6:58:4] !emotespells on
[7/6/2022 6:58:27] !emotespells on
[7/6/2022 6:58:50] !emotespells on
[7/6/2022 6:59:13] !emotespells on
[7/6/2022 6:59:35] !emotespells on
[7/6/2022 6:59:59] !emotespells on
[7/6/2022 7:0:22] !emotespells on
[7/6/2022 7:0:46] !emotespells on
[7/6/2022 7:1:9] !emotespells on
[7/6/2022 7:1:32] !emotespells on
[7/6/2022 7:1:55] !emotespells on
[7/6/2022 7:2:18] !emotespells on
[7/6/2022 7:2:41] !emotespells on
[7/6/2022 7:3:4] !emotespells on
[7/6/2022 7:3:27] !emotespells on
[7/6/2022 7:3:49] !emotespells on
[7/6/2022 7:4:13] !emotespells on
[7/6/2022 7:4:36] !emotespells on
[7/6/2022 7:4:59] !emotespells on
[7/6/2022 7:5:22] !emotespells on
[7/6/2022 7:5:45] !emotespells on
[7/6/2022 7:6:8] !emotespells on
[7/6/2022 7:6:31] !emotespells on
[7/6/2022 7:6:55] !emotespells on
[7/6/2022 7:7:17] !emotespells on
[7/6/2022 7:7:40] !emotespells on
[7/6/2022 7:8:3] !emotespells on
[7/6/2022 7:8:26] !emotespells on
[7/6/2022 7:8:49] !emotespells on
[7/6/2022 7:9:12] !emotespells on
[7/6/2022 7:9:58] !emotespells on
[7/6/2022 7:10:21] !emotespells on
[7/6/2022 7:10:44] !emotespells on
[7/6/2022 7:11:7] !emotespells on
[7/6/2022 7:11:30] !emotespells on
[7/6/2022 7:11:53] !emotespells on
[7/6/2022 7:12:16] !emotespells on
[7/6/2022 7:12:39] !emotespells on
[7/6/2022 7:13:2] !emotespells on
[7/6/2022 7:13:25] !emotespells on
[7/6/2022 7:13:48] !emotespells on
[7/6/2022 7:14:11] !emotespells on
[7/6/2022 7:14:34] !emotespells on
[7/6/2022 7:14:56] !emotespells on
[7/6/2022 7:15:20] !emotespells on
[7/6/2022 7:16:5] !emotespells on
[7/6/2022 7:16:29] !emotespells on
[7/6/2022 7:16:52] !emotespells on
[7/6/2022 7:17:15] !emotespells on
[7/6/2022 7:17:38] !emotespells on
[7/6/2022 7:18:1] !emotespells on
[7/6/2022 7:18:24] !emotespells on
[7/6/2022 7:18:47] !emotespells on
[7/6/2022 7:19:10] !emotespells on
[7/6/2022 7:19:33] !emotespells on
[7/6/2022 7:19:56] !emotespells on
[7/6/2022 7:20:19] !emotespells on
[7/6/2022 7:20:42] !emotespells on
[7/6/2022 7:21:5] !emotespells on
[7/6/2022 7:21:28] !emotespells on
[7/6/2022 7:21:51] !emotespells on
[7/6/2022 7:22:14] !emotespells on
[7/6/2022 7:22:37] !emotespells on
[7/6/2022 7:23:0] !emotespells on
[7/6/2022 7:23:23] !emotespells on
[7/6/2022 7:23:46] !emotespells on
[7/6/2022 7:24:9] !emotespells on
[7/6/2022 7:24:32] !emotespells on
[7/6/2022 7:24:55] !emotespells on
[7/6/2022 7:25:17] !emotespells on
[7/6/2022 7:25:41] !emotespells on
[7/6/2022 7:26:3] !emotespells on
[7/6/2022 7:26:26] !emotespells on
[7/6/2022 7:26:49] !emotespells on
[7/6/2022 7:27:12] !emotespells on
[7/6/2022 7:27:35] !emotespells on
[7/6/2022 7:27:58] !emotespells on
[7/6/2022 7:28:21] !emotespells on
[7/6/2022 7:28:44] !emotespells on
[7/6/2022 7:29:7] !emotespells on
[7/6/2022 7:29:30] !emotespells on
[7/6/2022 7:29:53] !emotespells on
[7/6/2022 7:30:16] !emotespells on
[7/6/2022 7:30:38] !emotespells on
[7/6/2022 7:31:2] !emotespells on
[7/6/2022 7:31:25] !emotespells on
[7/6/2022 7:31:48] !emotespells on
[7/6/2022 7:32:11] !emotespells on
[7/6/2022 7:32:33] !emotespells on
[7/6/2022 7:32:56] !emotespells on
[7/6/2022 7:33:19] !emotespells on
[7/6/2022 7:33:42] !emotespells on
[7/6/2022 7:34:5] !emotespells on
[7/6/2022 7:34:28] !emotespells on
[7/6/2022 7:34:51] !emotespells on
[7/6/2022 7:35:14] !emotespells on
[7/6/2022 7:35:37] !emotespells on
[7/6/2022 7:36:0] !emotespells on
[7/6/2022 7:36:23] !emotespells on
[7/6/2022 7:36:46] !emotespells on
[7/6/2022 7:37:9] !emotespells on
[7/6/2022 7:37:32] !emotespells on
[7/6/2022 7:37:55] !emotespells on
[7/6/2022 7:38:18] !emotespells on
[7/6/2022 7:38:41] !emotespells on
[7/6/2022 7:39:4] !emotespells on
[7/6/2022 7:39:27] !emotespells on
[7/6/2022 7:39:50] !emotespells on
[7/6/2022 7:40:13] !emotespells on
[7/6/2022 7:40:36] !emotespells on
[7/6/2022 7:41:0] !emotespells on
[7/6/2022 7:41:23] !emotespells on
[7/6/2022 7:41:45] !emotespells on
[7/6/2022 7:42:8] !emotespells on
[7/6/2022 7:42:31] !emotespells on
[7/6/2022 7:42:54] !emotespells on
[7/6/2022 7:43:17] !emotespells on
[7/6/2022 7:43:41] !emotespells on
[7/6/2022 7:44:4] !emotespells on
[7/6/2022 7:44:27] !emotespells on
[7/6/2022 7:44:50] !emotespells on
[7/6/2022 7:45:12] !emotespells on
[7/6/2022 7:45:36] !emotespells on
[7/6/2022 7:45:59] !emotespells on
[7/6/2022 7:46:22] !emotespells on
[7/6/2022 7:46:45] !emotespells on
[7/6/2022 7:47:8] !emotespells on
[7/6/2022 7:47:31] !emotespells on
[7/6/2022 7:47:54] !emotespells on
[7/6/2022 7:48:17] !emotespells on
[7/6/2022 7:48:39] !emotespells on
[7/6/2022 7:49:3] !emotespells on
[7/6/2022 7:49:26] !emotespells on
[7/6/2022 7:49:49] !emotespells on
[7/6/2022 7:50:12] !emotespells on
[7/6/2022 7:50:35] !emotespells on
[7/6/2022 7:50:58] !emotespells on
[7/6/2022 7:51:21] !emotespells on
[7/6/2022 7:51:44] !emotespells on
[7/6/2022 7:52:7] !emotespells on
[7/6/2022 7:52:31] !emotespells on
[7/6/2022 7:52:54] !emotespells on
[7/6/2022 7:53:17] !emotespells on
[7/6/2022 7:53:40] !emotespells on
[7/6/2022 7:54:3] !emotespells on
[7/6/2022 7:54:26] !emotespells on
[7/6/2022 7:54:49] !emotespells on
[7/6/2022 7:55:11] !emotespells on
[7/6/2022 7:55:34] !emotespells on
[7/6/2022 7:55:58] !emotespells on
[7/6/2022 7:56:21] !emotespells on
[7/6/2022 7:56:44] !emotespells on
[7/6/2022 7:57:7] !emotespells on
[7/6/2022 7:57:30] !emotespells on
[7/6/2022 7:57:54] !emotespells on
[7/6/2022 7:58:16] !emotespells on
[7/6/2022 7:58:39] !emotespells on
[7/6/2022 7:59:2] !emotespells on
[7/6/2022 7:59:25] !emotespells on
[7/6/2022 7:59:48] !emotespells on
[7/6/2022 8:0:11] !emotespells on
[7/6/2022 8:0:35] !emotespells on
[7/6/2022 8:0:58] !emotespells on
[7/6/2022 8:1:21] !emotespells on
[7/6/2022 8:1:44] !emotespells on
[7/6/2022 8:2:7] !emotespells on
[7/6/2022 8:2:30] !emotespells on
[7/6/2022 8:2:53] !emotespells on
[7/6/2022 8:3:16] !emotespells on
[7/6/2022 8:3:38] !emotespells on
[7/6/2022 8:4:2] !emotespells on
[7/6/2022 8:4:25] !emotespells on
[7/6/2022 8:4:47] !emotespells on
[7/6/2022 8:5:10] !emotespells on
[7/6/2022 8:5:33] !emotespells on
[7/6/2022 8:5:56] !emotespells on
[7/6/2022 8:6:19] !emotespells on
[7/6/2022 8:6:42] !emotespells on
[7/6/2022 8:7:5] !emotespells on
[7/6/2022 8:7:28] !emotespells on
[7/6/2022 8:7:51] !emotespells on
[7/6/2022 8:8:14] !emotespells on
[7/6/2022 8:8:37] !emotespells on
[7/6/2022 8:9:0] !emotespells on
[7/6/2022 8:9:23] !emotespells on
[7/6/2022 8:9:46] !emotespells on
[7/6/2022 8:10:10] !emotespells on
[7/6/2022 8:10:32] !emotespells on
[7/6/2022 8:10:55] !emotespells on
[7/6/2022 8:11:41] !emotespells on
[7/6/2022 8:12:4] !emotespells on
[7/6/2022 8:12:27] !emotespells on
[7/6/2022 8:12:51] !emotespells on
[7/6/2022 8:13:14] !emotespells on
[7/6/2022 8:13:37] !emotespells on
[7/6/2022 8:14:0] !emotespells on
[7/6/2022 8:14:23] !emotespells on
[7/6/2022 8:14:46] !emotespells on
[7/6/2022 8:15:9] !emotespells on
[7/6/2022 8:15:32] !emotespells on
[7/6/2022 8:15:55] !emotespells on
[7/6/2022 8:16:18] !emotespells on
[7/6/2022 8:16:41] !emotespells on
[7/6/2022 8:17:4] !emotespells on
[7/6/2022 8:17:27] !emotespells on
[7/6/2022 8:17:49] !emotespells on
[7/6/2022 8:18:12] !emotespells on
[7/6/2022 8:18:35] !emotespells on
[7/6/2022 8:18:58] !emotespells on
[7/6/2022 8:19:21] !emotespells on
[7/6/2022 8:19:45] !emotespells on
[7/6/2022 8:20:8] !emotespells on
[7/6/2022 8:20:31] !emotespells on
[7/6/2022 8:20:54] !emotespells on
[7/6/2022 8:21:17] !emotespells on
[7/6/2022 8:21:40] !emotespells on
[7/6/2022 8:22:2] !emotespells on
[7/6/2022 8:22:25] !emotespells on
[7/6/2022 8:22:48] !emotespells on
[7/6/2022 8:23:12] !emotespells on
[7/6/2022 8:23:58] !emotespells on
[7/6/2022 8:24:21] !emotespells on
[7/6/2022 8:24:43] !emotespells on
[7/6/2022 8:25:6] !emotespells on
[7/6/2022 8:25:29] !emotespells on
[7/6/2022 8:25:52] !emotespells on
[7/6/2022 8:26:15] !emotespells on
[7/6/2022 8:26:38] !emotespells on
[7/6/2022 8:27:1] !emotespells on
[7/6/2022 8:27:24] !emotespells on
[7/6/2022 8:27:47] !emotespells on
[7/6/2022 8:28:10] !emotespells on
[7/6/2022 8:28:33] !emotespells on
[7/6/2022 8:28:56] !emotespells on
[7/6/2022 8:29:18] !emotespells on
[7/6/2022 8:29:41] !emotespells on
[7/6/2022 8:30:4] !emotespells on
[7/6/2022 8:30:27] !emotespells on
[7/6/2022 8:30:50] !emotespells on
[7/6/2022 8:31:13] !emotespells on
[7/6/2022 8:31:36] !emotespells on
[7/6/2022 8:32:0] !emotespells on
[7/6/2022 8:32:23] !emotespells on
[7/6/2022 8:32:46] !emotespells on
[7/6/2022 8:33:9] !emotespells on
[7/6/2022 8:33:32] !emotespells on
[7/6/2022 8:33:55] !emotespells on
[7/6/2022 8:34:18] !emotespells on
[7/6/2022 8:34:41] !emotespells on
[7/6/2022 8:35:4] !emotespells on
[7/6/2022 8:35:27] !emotespells on
[7/6/2022 8:35:50] !emotespells on
[7/6/2022 8:36:13] !emotespells on
[7/6/2022 8:36:36] !emotespells on
[7/6/2022 8:36:59] !emotespells on
[7/6/2022 8:37:23] !emotespells on
[7/6/2022 8:37:46] !emotespells on
[7/6/2022 8:38:9] !emotespells on
[7/6/2022 8:38:32] !emotespells on
[7/6/2022 8:38:55] !emotespells on
[7/6/2022 8:39:18] !emotespells on
[7/6/2022 8:39:41] !emotespells on
[7/6/2022 8:40:4] !emotespells on
[7/6/2022 8:40:27] !emotespells on
[7/6/2022 8:40:51] !emotespells on
[7/6/2022 8:41:14] !emotespells on
[7/6/2022 8:41:37] !emotespells on
[7/6/2022 8:42:0] !emotespells on
[7/6/2022 8:42:23] !emotespells on
[7/6/2022 8:42:46] !emotespells on
[7/6/2022 8:43:9] !emotespells on
[7/6/2022 8:43:32] !emotespells on
[7/6/2022 8:43:55] !emotespells on
[7/6/2022 8:44:18] !emotespells on
[7/6/2022 8:44:41] !emotespells on
[7/6/2022 8:45:3] !emotespells on
[7/6/2022 8:45:26] !emotespells on
[7/6/2022 8:45:49] !emotespells on
[7/6/2022 8:46:13] !emotespells on
[7/6/2022 8:46:36] !emotespells on
[7/6/2022 8:46:59] !emotespells on
[7/6/2022 8:47:22] !emotespells on
[7/6/2022 8:47:45] !emotespells on
[7/6/2022 8:48:8] !emotespells on
[7/6/2022 8:48:31] !emotespells on
[7/6/2022 8:48:54] !emotespells on
[7/6/2022 8:49:17] !emotespells on
[7/6/2022 8:49:40] !emotespells on
[7/6/2022 8:50:2] !emotespells on
[7/6/2022 8:50:25] !emotespells on
[7/6/2022 8:50:48] !emotespells on
[7/6/2022 8:51:11] !emotespells on
[7/6/2022 8:51:34] !emotespells on
[7/6/2022 8:51:57] !emotespells on
[7/6/2022 8:52:20] !emotespells on
[7/6/2022 8:52:43] !emotespells on
[7/6/2022 8:53:6] !emotespells on
[7/6/2022 8:53:29] !emotespells on
[7/6/2022 8:53:52] !emotespells on
[7/6/2022 8:54:15] !emotespells on
[7/6/2022 8:54:38] !emotespells on
[7/6/2022 8:55:1] !emotespells on
[7/6/2022 8:55:24] !emotespells on
[7/6/2022 8:55:47] !emotespells on
[7/6/2022 8:56:10] !emotespells on
[7/6/2022 8:56:33] !emotespells on
[7/6/2022 8:56:56] !emotespells on
[7/6/2022 8:57:18] !emotespells on
[7/6/2022 8:57:41] !emotespells on
[7/6/2022 8:58:4] !emotespells on
[7/6/2022 8:58:28] !emotespells on
[7/6/2022 8:58:51] !emotespells on
[7/6/2022 8:59:14] !emotespells on
[7/6/2022 8:59:37] !emotespells on
[7/6/2022 9:0:0] !emotespells on
[7/6/2022 9:0:23] !emotespells on
[7/6/2022 9:0:46] !emotespells on
[7/6/2022 9:1:9] !emotespells on
[7/6/2022 9:1:32] !emotespells on
[7/6/2022 9:1:55] !emotespells on
[7/6/2022 9:2:18] !emotespells on
[7/6/2022 9:2:41] !emotespells on
[7/6/2022 9:3:4] !emotespells on
[7/6/2022 9:3:27] !emotespells on
[7/6/2022 9:3:50] !emotespells on
[7/6/2022 9:4:13] !emotespells on
[7/6/2022 9:4:37] !emotespells on
[7/6/2022 9:5:0] !emotespells on
[7/6/2022 9:5:23] !emotespells on
[7/6/2022 9:5:46] !emotespells on
[7/6/2022 9:6:9] !emotespells on
[7/6/2022 9:6:32] !emotespells on
[7/6/2022 9:6:55] !emotespells on
[7/6/2022 9:7:18] !emotespells on
[7/6/2022 9:7:41] !emotespells on
[7/6/2022 9:8:5] !emotespells on
[7/6/2022 9:8:28] !emotespells on
[7/6/2022 9:8:51] !emotespells on
[7/6/2022 9:9:14] !emotespells on
[7/6/2022 9:9:37] !emotespells on
[7/6/2022 9:9:59] !emotespells on
[7/6/2022 9:10:23] !emotespells on
[7/6/2022 9:10:45] !emotespells on
[7/6/2022 9:11:8] !emotespells on
[7/6/2022 9:11:31] !emotespells on
[7/6/2022 9:11:54] !emotespells on
[7/6/2022 9:12:17] !emotespells on
[7/6/2022 9:12:40] !emotespells on
[7/6/2022 9:13:3] !emotespells on
[7/6/2022 9:13:26] !emotespells on
[7/6/2022 9:13:49] !emotespells on
[7/6/2022 9:14:12] !emotespells on
[7/6/2022 9:14:35] !emotespells on
[7/6/2022 9:14:58] !emotespells on
[7/6/2022 9:15:21] !emotespells on
[7/6/2022 9:15:44] !emotespells on
[7/6/2022 9:16:7] !emotespells on
[7/6/2022 9:16:30] !emotespells on
[7/6/2022 9:16:53] !emotespells on
[7/6/2022 9:17:16] !emotespells on
[7/6/2022 9:17:39] !emotespells on
[7/6/2022 9:18:2] !emotespells on
[7/6/2022 9:18:25] !emotespells on
[7/6/2022 9:18:48] !emotespells on
[7/6/2022 9:19:11] !emotespells on
[7/6/2022 9:19:34] !emotespells on
[7/6/2022 9:19:57] !emotespells on
[7/6/2022 9:20:20] !emotespells on
[7/6/2022 9:23:50] !emotespells on
[7/6/2022 9:27:23] !emotespells on
[7/6/2022 9:30:38] !emotespells on
[7/6/2022 9:51:37] !emotespells on
[7/6/2022 9:54:24] !emotespells on
[7/6/2022 9:56:52] !emotespells on
[7/6/2022 9:59:49] !emotespells on
[7/6/2022 10:4:8] !emotespells on
[7/6/2022 10:8:27] !emotespells on
[7/6/2022 10:14:25] !emotespells on
[7/6/2022 10:19:6] !emotespells on
[7/6/2022 10:19:47] !emotespells on
[7/6/2022 10:24:5] !emotespells on
[7/6/2022 10:27:21] !emotespells on
[7/6/2022 10:29:53] !emotespells on
[7/6/2022 10:32:48] !emotespells on
[7/6/2022 10:35:33] !emotespells on
[7/6/2022 10:39:38] !emotespells on
[7/6/2022 10:43:1] !emotespells on
[7/6/2022 10:46:41] !emotespells on
[7/6/2022 10:50:15] !emotespells on
[7/6/2022 10:53:23] !emotespells on
[7/6/2022 10:56:28] !emotespells on
[7/6/2022 11:0:9] !emotespells on
[7/6/2022 11:2:50] !emotespells on
[7/6/2022 11:5:43] !emotespells on
[7/6/2022 11:8:43] !emotespells on
[7/6/2022 11:12:28] !emotespells on
[7/6/2022 11:15:9] !emotespells on
[7/6/2022 11:16:41] !emotespells on
[7/6/2022 11:18:34] !emotespells on
[7/6/2022 11:23:38] !emotespells on
[7/6/2022 11:28:55] !emotespells on
[7/6/2022 11:33:11] !emotespells on
[7/6/2022 11:35:51] !emotespells on
[7/6/2022 11:38:44] !emotespells on
[7/6/2022 11:41:58] !emotespells on
[7/6/2022 11:44:48] !emotespells on
[7/6/2022 11:47:28] !emotespells on
[7/6/2022 12:10:18] !emotespells on
[7/6/2022 12:15:1] !emotespells on
[7/6/2022 12:15:22] !emotespells on
[7/6/2022 12:18:8] !emotespells on
[7/6/2022 12:23:14] !emotespells on
[7/6/2022 12:25:49] !emotespells on
[7/6/2022 12:28:56] !emotespells on
[7/6/2022 12:33:42] !emotespells on
[7/6/2022 12:37:16] !emotespells on
[7/6/2022 12:41:22] !emotespells on
[7/6/2022 12:44:33] !emotespells on
[7/6/2022 12:47:41] !emotespells on
[7/6/2022 12:50:56] !emotespells on
[7/6/2022 12:54:6] !emotespells on
[7/6/2022 12:58:0] !emotespells on
[7/6/2022 13:1:26] !emotespells on
[7/6/2022 13:5:27] !emotespells on
[7/6/2022 13:8:24] !emotespells on
[7/6/2022 13:11:55] !emotespells on
[7/6/2022 13:18:8] !emotespells on
[7/6/2022 13:25:50] !emotespells on
[7/6/2022 13:33:25] !emotespells on
[7/6/2022 13:38:30] !emotespells on
[7/6/2022 13:42:36] !emotespells on
[7/6/2022 13:46:41] !emotespells on
[7/6/2022 13:52:7] !emotespells on
[7/6/2022 13:56:51] !emotespells on
[7/6/2022 14:2:56] !emotespells on
[7/6/2022 14:8:1] !emotespells on
[7/6/2022 14:13:39] !emotespells on
[7/6/2022 14:19:18] !emotespells on
[7/6/2022 14:26:24] !emotespells on
[7/6/2022 14:29:33] !emotespells on
[7/6/2022 14:32:27] !emotespells on
[7/6/2022 14:38:20] !emotespells on
[7/6/2022 14:43:14] !emotespells on
[7/6/2022 14:47:41] !emotespells on
[7/6/2022 14:54:4] !emotespells on
[7/6/2022 14:57:34] !online
[7/6/2022 14:59:42] !emotespells on
[7/6/2022 15:6:33] !emotespells on
[7/6/2022 15:14:10] !emotespells on
[7/6/2022 15:19:2] !emotespells on
[7/6/2022 15:23:43] !emotespells on
[7/6/2022 15:28:11] !emotespells on
[7/6/2022 15:32:15] !emotespells on
[7/6/2022 15:36:50] !emotespells on
[7/6/2022 15:41:23] !emotespells on
[7/6/2022 15:43:30] !emotespells on
[7/6/2022 15:43:52] !emotespells on
[7/6/2022 15:45:40] !emotespells on
[7/6/2022 15:49:13] !emotespells on
[7/6/2022 15:52:30] !emotespells on
[7/6/2022 15:56:44] !emotespells on
[7/6/2022 16:1:21] !emotespells on
[7/6/2022 16:12:11] !emotespells on
[7/6/2022 16:18:5] !emotespells on
[7/6/2022 16:21:46] !emotespells on
[7/6/2022 16:26:3] !emotespells on
[7/6/2022 16:30:7] !emotespells on
[7/6/2022 16:34:0] !aol
[7/6/2022 16:34:18] !emotespells on
[7/6/2022 16:38:9] !emotespells on
[7/6/2022 16:42:24] !emotespells on
[7/6/2022 16:43:4] !emotespells on
[7/6/2022 16:48:20] !emotespells on
[7/6/2022 16:52:13] !emotespells on
[7/6/2022 16:56:7] !emotespells on
[7/6/2022 16:56:39] !emotespells on
[7/6/2022 17:1:24] !emotespells on
[7/6/2022 17:5:42] !emotespells on
[7/6/2022 17:10:32] !emotespells on
[7/6/2022 17:14:53] !emotespells on
[7/6/2022 17:19:47] !emotespells on
[7/6/2022 17:23:43] !emotespells on
[7/6/2022 17:26:36] !emotespells on
[7/6/2022 17:29:55] !emotespells on
[7/6/2022 17:33:32] !emotespells on
[7/6/2022 17:36:41] !emotespells on
[7/6/2022 17:42:42] !emotespells on
[7/6/2022 17:47:45] !emotespells on
[7/6/2022 17:52:46] !emotespells on
[7/6/2022 17:55:46] !emotespells on
[7/6/2022 17:58:37] !emotespells on
[7/6/2022 18:1:28] !emotespells on
[7/6/2022 18:5:17] !emotespells on
[7/6/2022 18:7:59] !emotespells on
[7/6/2022 18:10:38] !emotespells on
[7/6/2022 18:13:31] !emotespells on
[7/6/2022 18:16:13] !emotespells on
[7/6/2022 18:29:48] !emotespells on
[7/6/2022 18:32:42] !emotespells on
[7/6/2022 18:35:31] !emotespells on
[7/6/2022 18:35:59] !emotespells on
[7/6/2022 18:38:31] !emotespells on
[7/6/2022 18:44:48] !emotespells on
[7/6/2022 18:48:31] !emotespells on
[7/6/2022 19:21:49] !emotespells on
[7/6/2022 19:23:12] !emotespells on
[7/6/2022 19:27:16] !emotespells on
[7/6/2022 19:31:50] !emotespells on
[7/6/2022 19:35:47] !emotespells on
[7/6/2022 19:39:34] !emotespells on
[7/6/2022 19:58:22] !emotespells on
[7/6/2022 20:4:45] !emotespells on
[7/6/2022 20:10:17] !emotespells on
[7/6/2022 20:12:39] !emotespells on
[7/6/2022 20:16:40] !emotespells on
[7/6/2022 20:22:14] !emotespells on
[7/6/2022 20:25:17] !emotespells on
[7/6/2022 20:28:3] !emotespells on
[7/6/2022 20:31:2] !emotespells on
[7/6/2022 20:34:50] !emotespells on
[7/6/2022 20:39:50] !emotespells on
[7/6/2022 20:42:50] !emotespells on
[7/6/2022 20:47:39] !emotespells on
[7/6/2022 20:51:50] !emotespells on
[7/6/2022 20:54:38] !emotespells on
[7/6/2022 20:58:37] !emotespells on
[7/6/2022 21:2:49] !emotespells on
[7/6/2022 21:7:34] !emotespells on
[7/6/2022 21:12:46] !emotespells on
[7/6/2022 21:17:39] !emotespells on
[7/6/2022 21:20:16] !rank magic
[7/6/2022 21:25:44] !emotespells on
[7/6/2022 21:30:26] !emotespells on
[7/6/2022 21:34:38] !emotespells on
[7/6/2022 21:38:45] !emotespells on
[7/6/2022 21:41:57] !emotespells on
[7/6/2022 21:45:29] !emotespells on
[7/6/2022 21:55:22] !emotespells on
[7/6/2022 22:23:46] !emotespells on
[7/6/2022 22:28:13] !emotespells on
[7/6/2022 22:32:27] !emotespells on
[7/6/2022 22:35:55] !rank axe
[7/6/2022 22:36:15] !emotespells on
[7/6/2022 22:39:23] !emotespells on
[7/6/2022 22:42:15] !emotespells on
[7/6/2022 22:45:47] !emotespells on
[7/6/2022 22:52:44] !emotespells on
[7/6/2022 22:56:49] !emotespells on
[7/6/2022 23:1:41] !emotespells on
[7/6/2022 23:6:33] !emotespells on
[7/6/2022 23:11:22] !emotespells on
[7/6/2022 23:15:50] !emotespells on
[7/6/2022 23:19:24] !emotespells on
[7/6/2022 23:22:38] !emotespells on
[7/6/2022 23:25:48] !emotespells on
[7/6/2022 23:28:55] !emotespells on
[7/6/2022 23:32:46] !emotespells on
[7/6/2022 23:37:25] !emotespells on
[7/6/2022 23:41:58] !emotespells on
[7/6/2022 23:46:17] !emotespells on
[7/6/2022 23:50:27] !emotespells on
[7/6/2022 23:54:38] !emotespells on
[8/6/2022 0:0:59] !emotespells on
[8/6/2022 0:5:24] !emotespells on
[8/6/2022 0:9:21] !emotespells on
[8/6/2022 0:14:37] !emotespells on
[8/6/2022 0:18:35] !emotespells on
[8/6/2022 0:21:45] !emotespells on
[8/6/2022 0:25:18] !emotespells on
[8/6/2022 0:29:10] !emotespells on
[8/6/2022 0:32:1] !emotespells on
[8/6/2022 0:32:33] !emotespells on
[8/6/2022 0:33:5] !emotespells on
[8/6/2022 0:36:56] !frags
[8/6/2022 0:42:46] !emotespells on
[8/6/2022 0:49:48] !emotespells on
[8/6/2022 0:54:14] !emotespells on
[8/6/2022 0:56:12] !frags
[8/6/2022 1:7:21] !emotespells on
[8/6/2022 1:11:20] !emotespells on
[8/6/2022 1:16:8] !emotespells on
[8/6/2022 1:16:56] !emotespells on
[8/6/2022 1:22:16] !emotespells on
[8/6/2022 1:26:40] !emotespells on
[8/6/2022 1:37:20] !emotespells on
[8/6/2022 1:42:19] !emotespells on
[8/6/2022 1:46:9] !emotespells on
[8/6/2022 1:50:1] !emotespells on
[8/6/2022 1:53:21] !emotespells on
[8/6/2022 1:56:24] !emotespells on
[8/6/2022 1:59:57] !emotespells on
[8/6/2022 2:1:19] !emotespells on
[8/6/2022 2:4:37] !emotespells on
[8/6/2022 2:8:33] !emotespells on
[8/6/2022 2:11:59] !emotespells on
[8/6/2022 2:14:37] !emotespells on
[8/6/2022 2:17:51] !emotespells on
[8/6/2022 2:21:14] !emotespells on
[8/6/2022 2:24:35] !emotespells on
[8/6/2022 2:28:35] !emotespells on
[8/6/2022 2:32:35] !emotespells on
[8/6/2022 2:36:18] !emotespells on
[8/6/2022 2:40:14] !emotespells on
[8/6/2022 2:44:25] !emotespells on
[8/6/2022 2:49:57] !emotespells on
[8/6/2022 2:51:57] !emotespells on
[8/6/2022 2:54:33] !emotespells on
[8/6/2022 2:58:32] !emotespells on
[8/6/2022 3:2:54] !emotespells on
[8/6/2022 3:6:45] !emotespells on
[8/6/2022 3:8:24] !emotespells on
[8/6/2022 3:11:55] !emotespells on
[8/6/2022 3:15:44] !emotespells on
[8/6/2022 3:20:10] !emotespells on
[8/6/2022 3:25:43] !emotespells on
[8/6/2022 3:30:1] !emotespells on
[8/6/2022 3:34:12] !emotespells on
[8/6/2022 3:38:39] !emotespells on
[8/6/2022 3:42:42] !emotespells on
[8/6/2022 4:51:37] !emotespells on
[8/6/2022 4:55:45] !emotespells on
[8/6/2022 4:58:56] !emotespells on
[8/6/2022 5:2:34] !emotespells on
[8/6/2022 5:5:49] !emotespells on
[8/6/2022 5:8:21] !emotespells on
[8/6/2022 5:11:2] !emotespells on
[8/6/2022 5:14:9] !emotespells on
[8/6/2022 5:17:0] !emotespells on
[8/6/2022 5:19:57] !emotespells on
[8/6/2022 5:22:58] !emotespells on
[8/6/2022 5:25:43] !emotespells on
[8/6/2022 5:28:22] !emotespells on
[8/6/2022 5:31:35] !emotespells on
[8/6/2022 5:34:39] !emotespells on
[8/6/2022 5:38:12] !emotespells on
[8/6/2022 5:41:10] !emotespells on
[8/6/2022 5:44:43] !emotespells on
[8/6/2022 5:48:14] !emotespells on
[8/6/2022 5:50:56] !emotespells on
[8/6/2022 5:55:57] !emotespells on
[8/6/2022 6:0:12] !emotespells on
[8/6/2022 6:3:41] !emotespells on
[8/6/2022 6:7:24] !emotespells on
[8/6/2022 6:10:42] !emotespells on
[8/6/2022 6:13:45] !emotespells on
[8/6/2022 6:17:20] !emotespells on
[8/6/2022 6:20:18] !emotespells on
[8/6/2022 6:23:43] !emotespells on
[8/6/2022 6:26:54] !emotespells on
[8/6/2022 6:30:28] !emotespells on
[8/6/2022 6:33:55] !emotespells on
[8/6/2022 6:37:20] !emotespells on
[8/6/2022 6:40:40] !emotespells on
[8/6/2022 6:58:59] !emotespells on
[8/6/2022 7:1:50] !emotespells on
[8/6/2022 7:5:44] !emotespells on
[8/6/2022 7:8:7] !emotespells on
[8/6/2022 7:11:22] !emotespells on
[8/6/2022 7:14:17] !emotespells on
[8/6/2022 9:23:25] !emotespells on
[8/6/2022 9:28:48] !emotespells on
[8/6/2022 9:32:25] !emotespells on
[8/6/2022 9:36:37] !emotespells on
[8/6/2022 9:41:32] !emotespells on
[8/6/2022 9:46:39] !emotespells on
[8/6/2022 9:50:55] !emotespells on
[8/6/2022 9:55:41] !emotespells on
[8/6/2022 10:1:9] !emotespells on
[8/6/2022 10:6:34] !emotespells on
[8/6/2022 10:11:13] !emotespells on
[8/6/2022 10:16:3] !emotespells on
[8/6/2022 10:25:18] !emotespells on
[8/6/2022 10:30:5] !emotespells on
[8/6/2022 10:34:19] !emotespells on
[8/6/2022 10:38:4] !emotespells on
[8/6/2022 10:41:56] !emotespells on
[8/6/2022 10:47:49] !emotespells on
[8/6/2022 10:51:6] !emotespells on
[8/6/2022 10:54:48] !emotespells on
[8/6/2022 10:58:38] !emotespells on
[8/6/2022 11:0:5] !emotespells on
[8/6/2022 11:3:20] !emotespells on
[8/6/2022 11:8:11] !emotespells on
[8/6/2022 11:11:43] !emotespells on
[8/6/2022 11:15:32] !emotespells on
[8/6/2022 11:19:30] !emotespells on
[8/6/2022 11:22:56] !emotespells on
[8/6/2022 11:26:29] !emotespells on
[8/6/2022 11:32:50] !emotespells on
[8/6/2022 11:38:43] !emotespells on
[8/6/2022 11:43:4] !emotespells on
[8/6/2022 11:47:40] !emotespells on
[8/6/2022 11:52:8] !emotespells on
[8/6/2022 11:56:54] !emotespells on
[8/6/2022 12:1:29] !emotespells on
[8/6/2022 12:5:38] !emotespells on
[8/6/2022 12:10:43] !emotespells on
[8/6/2022 12:15:32] !emotespells on
[8/6/2022 12:21:19] !emotespells on
[8/6/2022 12:25:47] !emotespells on
[8/6/2022 12:30:49] !emotespells on
[8/6/2022 12:35:49] !emotespells on
[8/6/2022 12:40:34] !emotespells on
[8/6/2022 12:44:51] !emotespells on
[8/6/2022 12:49:44] !emotespells on
[8/6/2022 12:55:55] !emotespells on
[8/6/2022 13:2:32] !emotespells on
[8/6/2022 13:8:12] !emotespells on
[8/6/2022 13:12:30] !emotespells on
[8/6/2022 13:16:31] !emotespells on
[8/6/2022 13:20:1] !emotespells on
[8/6/2022 13:23:29] !emotespells on
[8/6/2022 13:27:19] !emotespells on
[8/6/2022 13:30:24] !emotespells on
[8/6/2022 13:35:37] !emotespells on
[8/6/2022 13:40:34] !emotespells on
[8/6/2022 14:14:31] !emotespells on
[8/6/2022 14:15:47] !emotespells on
[8/6/2022 14:17:36] !emotespells on
[8/6/2022 14:38:36] !emotespells on
[8/6/2022 14:40:9] !emotespells on
[8/6/2022 14:46:21] !emotespells on
[8/6/2022 14:50:30] !emotespells on
[8/6/2022 14:55:12] !emotespells on
[8/6/2022 14:59:44] !emotespells on
[8/6/2022 15:4:30] !emotespells on
[8/6/2022 15:8:52] !emotespells on
[8/6/2022 15:13:20] !emotespells on
[8/6/2022 15:26:4] !emotespells on
[8/6/2022 15:32:18] !emotespells on
[8/6/2022 15:36:39] !emotespells on
[8/6/2022 15:41:18] !emotespells on
[8/6/2022 15:45:21] !emotespells on
[8/6/2022 15:50:2] !emotespells on
[8/6/2022 15:54:11] !emotespells on
[8/6/2022 15:59:2] !emotespells on
[8/6/2022 16:4:6] !emotespells on
[8/6/2022 16:10:2] !emotespells on
[8/6/2022 16:15:3] !emotespells on
[8/6/2022 16:19:41] !emotespells on
[8/6/2022 16:24:15] !emotespells on
[8/6/2022 16:28:40] !emotespells on
[8/6/2022 16:32:55] !emotespells on
[8/6/2022 16:37:30] !emotespells on
[8/6/2022 16:41:46] !emotespells on
[8/6/2022 16:46:10] !emotespells on
[8/6/2022 16:52:18] !emotespells on
[8/6/2022 16:56:51] !emotespells on
[8/6/2022 17:1:9] !emotespells on
[8/6/2022 17:5:21] !emotespells on
[8/6/2022 17:10:1] !emotespells on
[8/6/2022 17:14:38] !emotespells on
[8/6/2022 17:19:28] !emotespells on
[8/6/2022 17:24:20] !emotespells on
[8/6/2022 17:30:25] !emotespells on
[8/6/2022 17:31:19] !emotespells on
[8/6/2022 17:38:41] !emotespells on
[8/6/2022 17:43:4] !emotespells on
[8/6/2022 17:47:25] !emotespells on
[8/6/2022 17:51:54] !emotespells on
[8/6/2022 17:56:50] !emotespells on
[8/6/2022 18:1:16] !emotespells on
[8/6/2022 18:5:16] !emotespells on
[8/6/2022 18:9:47] !emotespells on
[8/6/2022 18:15:54] !emotespells on
[8/6/2022 18:20:17] !emotespells on
[8/6/2022 18:23:28] !emotespells on
[8/6/2022 18:27:35] !emotespells on
[8/6/2022 18:32:19] !emotespells on
[8/6/2022 18:36:18] !emotespells on
[8/6/2022 18:40:49] !emotespells on
[8/6/2022 18:45:14] !emotespells on
[8/6/2022 18:49:41] !emotespells on
[8/6/2022 18:55:12] !emotespells on
[8/6/2022 19:1:3] !emotespells on
[8/6/2022 19:4:43] !emotespells on
[8/6/2022 19:8:45] !emotespells on
[8/6/2022 19:12:41] !emotespells on
[8/6/2022 19:18:17] !emotespells on
[8/6/2022 19:22:45] !emotespells on
[8/6/2022 19:27:23] !emotespells on
[8/6/2022 19:29:47] !rank magic
[8/6/2022 19:31:44] !emotespells on
[8/6/2022 19:37:57] !emotespells on
[8/6/2022 19:42:12] !emotespells on
[8/6/2022 19:46:41] !emotespells on
[8/6/2022 19:50:57] !emotespells on
[8/6/2022 19:58:58] !emotespells on
[8/6/2022 20:6:25] !emotespells on
[8/6/2022 20:11:24] !emotespells on
[8/6/2022 20:16:34] !emotespells on
[8/6/2022 20:21:34] !emotespells on
[8/6/2022 20:28:5] !emotespells on
[8/6/2022 20:35:36] !emotespells on
[8/6/2022 20:42:53] !emotespells on
[8/6/2022 20:44:30] !emotespells on
[8/6/2022 20:45:0] !emotespells on
[8/6/2022 20:54:38] !emotespells on
[8/6/2022 21:16:53] !emotespells on
[8/6/2022 21:22:38] !emotespells on
[8/6/2022 21:23:1] !emotespells on
[8/6/2022 21:27:57] !emotespells on
[8/6/2022 21:35:41] !emotespells on
[8/6/2022 21:37:11] !emotespells on
[8/6/2022 21:42:23] !emotespells on
[8/6/2022 21:47:32] !emotespells on
[8/6/2022 21:51:48] !emotespells on
[8/6/2022 21:56:34] !emotespells on
[8/6/2022 22:1:21] !emotespells on
[8/6/2022 22:5:49] !emotespells on
[8/6/2022 22:11:26] !emotespells on
[8/6/2022 22:12:51] !emotespells on
[8/6/2022 22:14:4] !emotespells on
[9/6/2022 9:55:6] !rank magic
[9/6/2022 10:1:29] !emotespells on
[9/6/2022 10:4:50] !emotespells on
[9/6/2022 10:7:56] !emotespells on
[9/6/2022 10:11:8] !emotespells on
[9/6/2022 10:14:18] !emotespells on
[9/6/2022 10:17:34] !emotespells on
[9/6/2022 10:20:33] !emotespells on
[9/6/2022 10:23:40] !emotespells on
[9/6/2022 10:27:10] !emotespells on
[9/6/2022 10:30:57] !emotespells on
[9/6/2022 10:34:5] !emotespells on
[9/6/2022 10:37:13] !emotespells on
[9/6/2022 10:40:41] !emotespells on
[9/6/2022 10:43:47] !emotespells on
[9/6/2022 10:46:56] !emotespells on
[9/6/2022 10:50:13] !emotespells on
[9/6/2022 10:54:49] !emotespells on
[9/6/2022 10:59:37] !emotespells on
[9/6/2022 11:5:6] !emotespells on
[9/6/2022 11:8:36] !emotespells on
[9/6/2022 11:12:27] !emotespells on
[9/6/2022 11:16:22] !emotespells on
[9/6/2022 11:20:15] !emotespells on
[9/6/2022 11:23:54] !emotespells on
[9/6/2022 11:27:28] !emotespells on
[9/6/2022 11:31:3] !emotespells on
[9/6/2022 11:34:47] !emotespells on
[9/6/2022 11:38:17] !emotespells on
[9/6/2022 11:41:41] !emotespells on
[9/6/2022 11:45:43] !emotespells on
[9/6/2022 11:48:44] !emotespells on
[9/6/2022 11:53:38] !emotespells on
[9/6/2022 11:57:7] !emotespells on
[9/6/2022 12:0:25] !emotespells on
[9/6/2022 12:3:53] !emotespells on
[9/6/2022 12:7:4] !emotespells on
[9/6/2022 12:10:34] !emotespells on
[9/6/2022 12:14:9] !emotespells on
[9/6/2022 12:17:34] !emotespells on
[9/6/2022 12:21:8] !emotespells on
[9/6/2022 12:24:56] !emotespells on
[9/6/2022 12:28:20] !emotespells on
[9/6/2022 12:32:25] !emotespells on
[9/6/2022 12:36:4] !emotespells on
[9/6/2022 12:39:41] !emotespells on
[9/6/2022 12:43:19] !emotespells on
[9/6/2022 12:47:46] !emotespells on
[9/6/2022 12:51:28] !emotespells on
[9/6/2022 12:56:22] !emotespells on
[9/6/2022 12:59:51] !emotespells on
[9/6/2022 13:3:27] !emotespells on
[9/6/2022 13:7:12] !emotespells on
[9/6/2022 13:10:30] !emotespells on
[9/6/2022 13:13:26] !emotespells on
[9/6/2022 13:17:9] !emotespells on
[9/6/2022 13:20:47] !emotespells on
[9/6/2022 13:24:12] !emotespells on
[9/6/2022 13:27:5] !emotespells on
[9/6/2022 13:30:26] !emotespells on
[9/6/2022 13:34:45] !emotespells on
[9/6/2022 13:38:32] !emotespells on
[9/6/2022 13:42:22] !emotespells on
[9/6/2022 13:45:45] !emotespells on
[9/6/2022 13:49:28] !emotespells on
[9/6/2022 13:54:26] !emotespells on
[9/6/2022 13:57:45] !emotespells on
[9/6/2022 14:1:0] !emotespells on
[9/6/2022 14:4:18] !emotespells on
[9/6/2022 14:7:46] !emotespells on
[9/6/2022 14:10:48] !emotespells on
[9/6/2022 14:14:16] !emotespells on
[9/6/2022 14:17:28] !emotespells on
[9/6/2022 14:21:8] !emotespells on
[9/6/2022 14:24:31] !emotespells on
[9/6/2022 14:28:32] !emotespells on
[9/6/2022 14:31:50] !emotespells on
[9/6/2022 14:35:37] !emotespells on
[9/6/2022 14:38:35] !emotespells on
[9/6/2022 14:42:13] !emotespells on
[9/6/2022 14:45:56] !emotespells on
[9/6/2022 14:49:42] !emotespells on
[9/6/2022 14:53:29] !emotespells on
[9/6/2022 14:58:34] !emotespells on
[9/6/2022 15:1:53] !emotespells on
[9/6/2022 15:5:57] !emotespells on
[9/6/2022 15:9:7] !emotespells on
[9/6/2022 15:12:23] !emotespells on
[9/6/2022 15:17:22] !emotespells on
[9/6/2022 15:21:45] !emotespells on
[9/6/2022 15:30:31] !online
[9/6/2022 15:48:26] !emotespells on
[9/6/2022 15:54:0] !emotespells on
[9/6/2022 15:57:44] !emotespells on
[9/6/2022 16:1:26] !emotespells on
[9/6/2022 16:4:42] !emotespells on
