[2/6/2022 21:37:56] !tradeoff add, 500000
[2/6/2022 21:57:58] !guildpoints
[2/6/2022 21:58:6] !guildpoints
[2/6/2022 21:58:39] !guildpoints
[2/6/2022 21:58:47] !guildpoints
[2/6/2022 21:58:52] !guildpoints
[2/6/2022 21:58:56] !guildpoints
[2/6/2022 21:59:9] !guildpoints
[2/6/2022 22:5:42] !tradeoff add, Guild Skull Coat
[2/6/2022 22:6:53] !tradeoff remove, 86
[2/6/2022 22:7:2] !tradeoff add, Guild Skull Coat
[3/6/2022 2:49:14] !tradeoff remove, 85
[3/6/2022 2:49:36] !tradeoff remove, 87
[5/6/2022 12:8:44] !online
[5/6/2022 17:16:32] !online
[6/6/2022 23:43:59] !online
[7/6/2022 11:19:23] !rank magic
[7/6/2022 12:38:1] !rank magic
[8/6/2022 13:27:11] !online
[8/6/2022 15:34:28] !online
[9/6/2022 12:14:34] !online
