[28/5/2022 4:55:51] !emotespells
[28/5/2022 4:55:56] !emotespells on
[28/5/2022 5:53:15] !frags
[28/5/2022 9:11:37] !buyhouse
[28/5/2022 9:11:40] !buyhouse
[28/5/2022 9:11:42] !buyhouse
[28/5/2022 9:12:27] !buyhouse
[28/5/2022 9:12:30] !buyhouse
[28/5/2022 10:23:43] !buyhouse
[28/5/2022 10:23:47] !buyhouse
[28/5/2022 10:23:50] !buyhouse
[28/5/2022 10:23:54] !buyhouse
[28/5/2022 10:23:56] !buyhouse
[28/5/2022 10:23:59] !buyhouse
[28/5/2022 18:25:37] !tradeoff add,elder spellbok
[28/5/2022 18:25:52] !tradeoff add, Elder Spellbook
[28/5/2022 18:27:13] !tradeoff add, Pharaot Hat
[28/5/2022 18:27:42] !tradeoff remove,13
[28/5/2022 18:28:31] !tradeoff add, Elder Spellbook
[28/5/2022 20:56:21] !tradeoff remove,14
[28/5/2022 20:56:27] !tradeoff remove,15
[28/5/2022 20:57:1] !tradeoff add,Elder Spellbook
[28/5/2022 20:57:15] !tradeoff add,Pharaot HAT
[29/5/2022 3:16:8] !tradeoff remove,22
[29/5/2022 3:16:13] !tradeoff remove,21
[29/5/2022 3:23:32] !tradeoff remove,dragon slayer
[29/5/2022 4:3:18] !buyhouse
[29/5/2022 17:49:35] 
[29/5/2022 17:57:35] 
[29/5/2022 18:12:35] 
[29/5/2022 18:16:35] 
[29/5/2022 23:26:35] 
[29/5/2022 23:28:36] 
[30/5/2022 1:1:3] !tradeoff remove,dragon slayer
