[31/5/2022 22:54:9] !emotespells
[31/5/2022 22:55:53] !emotespells on
[1/6/2022 0:33:24] !aol
[1/6/2022 1:18:11] 
[1/6/2022 1:18:23] 
[1/6/2022 1:34:23] 
[1/6/2022 1:37:23] 
[1/6/2022 1:59:52] 
[1/6/2022 2:1:53] 
[1/6/2022 2:28:40] 
[1/6/2022 2:29:10] 
[1/6/2022 2:31:46] !aol
[1/6/2022 5:47:35] !frags
[1/6/2022 7:47:12] !tradeoff add,necro amulet
[1/6/2022 12:59:11] 
[1/6/2022 13:11:11] 
[1/6/2022 13:53:33] 
[1/6/2022 13:57:34] 
[1/6/2022 14:4:20] !tradeoff remove,51
[1/6/2022 14:4:23] !tradeoff remove,51
[1/6/2022 14:4:25] !tradeoff remove,51
[1/6/2022 15:7:6] !tradeoff withdraw
[1/6/2022 15:9:39] !tradeoff balacne
[1/6/2022 15:11:42] !tradeoff balance
[1/6/2022 15:11:50] !tradeoff info
[1/6/2022 15:13:0] !tradeoff withdra
[1/6/2022 15:13:3] !tradeoff withdraw
[1/6/2022 15:13:5] !tradeoff withdra
[1/6/2022 15:17:36] !tradeoff balance
[1/6/2022 15:17:40] !tradeoff active
[1/6/2022 15:40:10] 
[1/6/2022 15:40:23] 
[1/6/2022 15:41:57] !tradeoff buy, 57
[1/6/2022 15:43:52] !tradeoff add,tower shield
[1/6/2022 16:19:9] 
[1/6/2022 16:19:23] 
[1/6/2022 20:16:26] !tradeoff add,100000
[1/6/2022 20:53:11] !tradeoff remove,68
[2/6/2022 9:23:15] 
[2/6/2022 9:27:15] 
[2/6/2022 11:36:13] !tradeoff add,2000000
[2/6/2022 12:7:18] 
[2/6/2022 12:10:19] 
[2/6/2022 20:47:20] 
[2/6/2022 20:49:20] 
[2/6/2022 23:58:28] 
[2/6/2022 23:58:39] 
[4/6/2022 1:1:8] !tradeoff add,pharaot hat
[4/6/2022 21:16:17] !online
