[23/2/2022 20:39:51] !rank sword
[23/2/2022 21:17:5] !emotespells on.
[23/2/2022 21:17:7] !emotespells on
[23/2/2022 22:33:56] !aol
[23/2/2022 22:54:11] !aol
[23/2/2022 23:10:45] !aol
[23/2/2022 23:20:36] !aol
[24/2/2022 22:52:9] !aol
[24/2/2022 23:43:46] !addon warrior
[25/2/2022 7:25:16] 
[25/2/2022 7:48:16] 
[25/2/2022 10:7:5] 
[25/2/2022 10:9:22] 
[25/2/2022 10:10:40] 
[25/2/2022 10:11:45] 
[25/2/2022 10:18:22] 
[25/2/2022 10:39:16] 
[25/2/2022 10:41:16] 
[25/2/2022 11:11:9] 
[25/2/2022 12:34:26] 
[25/2/2022 13:38:51] 
[25/2/2022 16:0:53] 
[25/2/2022 23:57:20] 
[26/2/2022 0:19:24] !online
[26/2/2022 1:13:59] 
[26/2/2022 1:46:34] 
[26/2/2022 2:15:51] 
[26/2/2022 2:47:53] 
[26/2/2022 2:48:57] 
[26/2/2022 3:49:48] 
[26/2/2022 3:52:8] 
[26/2/2022 4:22:47] 
[26/2/2022 7:58:56] 
[26/2/2022 8:4:8] 
[26/2/2022 8:7:17] 
[26/2/2022 16:26:33] 
[26/2/2022 17:17:53] 
[26/2/2022 17:36:0] 
[26/2/2022 17:36:20] 
[26/2/2022 17:51:14] 
[26/2/2022 18:11:53] 
[27/5/2022 21:59:3] !emotespells
[27/5/2022 21:59:6] !emotespells on
[31/5/2022 20:9:8] !rank distance
[31/5/2022 20:9:21] !rank distance
[31/5/2022 21:13:44] !emotespells on
[1/6/2022 20:27:9] !aol
[1/6/2022 20:27:11] !aol
[1/6/2022 20:27:13] !aol
[1/6/2022 20:27:15] !aol
[1/6/2022 20:27:18] !aol
[1/6/2022 20:27:20] !aol
[1/6/2022 20:27:22] !aol
[1/6/2022 20:27:24] !aol
[1/6/2022 20:27:26] !aol
[1/6/2022 20:27:29] !aol
[1/6/2022 20:27:31] !aol
[1/6/2022 20:27:33] !aol
[1/6/2022 20:27:35] !aol
[1/6/2022 20:27:37] !aol
[1/6/2022 20:27:40] !aol
[1/6/2022 20:27:42] !aol
[1/6/2022 20:27:44] !aol
[1/6/2022 20:27:46] !aol
[1/6/2022 20:27:49] !aol
[1/6/2022 20:27:51] !aol
[1/6/2022 20:27:53] !aol
[1/6/2022 20:27:55] !aol
[1/6/2022 20:27:57] !aol
[1/6/2022 20:28:0] !aol
[1/6/2022 20:28:2] !aol
[1/6/2022 20:28:4] !aol
[1/6/2022 20:28:6] !aol
[1/6/2022 20:28:8] !aol
[1/6/2022 20:28:11] !aol
[1/6/2022 20:28:13] !aol
[1/6/2022 20:28:17] !aol
[1/6/2022 20:28:20] !aol
[1/6/2022 20:28:22] !aol
[1/6/2022 20:28:24] !aol
[1/6/2022 20:28:26] !aol
[1/6/2022 20:28:28] !aol
[1/6/2022 20:28:31] !aol
[1/6/2022 20:28:33] !aol
[1/6/2022 20:28:37] !aol
[1/6/2022 20:28:40] !aol
[1/6/2022 20:28:42] !aol
[1/6/2022 20:28:44] !aol
[1/6/2022 20:28:46] !aol
[1/6/2022 20:28:48] !aol
[1/6/2022 20:28:51] !aol
[1/6/2022 20:28:53] !aol
[1/6/2022 20:28:57] !aol
[1/6/2022 20:29:0] !aol
[1/6/2022 20:29:2] !aol
[1/6/2022 20:29:4] !aol
[1/6/2022 20:29:6] !aol
[1/6/2022 20:29:8] !aol
[1/6/2022 20:29:11] !aol
[1/6/2022 20:29:13] !aol
[1/6/2022 20:29:15] !aol
[1/6/2022 20:29:17] !aol
[1/6/2022 20:29:19] !aol
[1/6/2022 20:29:22] !aol
[1/6/2022 20:29:24] !aol
[1/6/2022 20:29:26] !aol
[1/6/2022 20:29:28] !aol
[1/6/2022 20:29:30] !aol
[1/6/2022 20:29:33] !aol
[1/6/2022 20:29:35] !aol
[1/6/2022 20:29:37] !aol
[1/6/2022 20:29:39] !aol
[1/6/2022 20:29:42] !aol
[1/6/2022 20:29:44] !aol
[1/6/2022 20:29:46] !aol
[1/6/2022 20:29:48] !aol
[1/6/2022 20:29:50] !aol
[1/6/2022 20:29:53] !aol
[1/6/2022 20:29:55] !aol
[1/6/2022 20:29:57] !aol
[1/6/2022 20:29:59] !aol
[1/6/2022 20:30:1] !aol
[1/6/2022 20:30:4] !aol
[1/6/2022 20:30:6] !aol
[1/6/2022 20:30:8] !aol
[1/6/2022 20:30:10] !aol
[1/6/2022 20:30:13] !aol
[1/6/2022 20:30:15] !aol
[1/6/2022 20:30:17] !aol
[1/6/2022 20:30:19] !aol
[1/6/2022 20:30:21] !aol
[1/6/2022 20:30:24] !aol
[1/6/2022 20:30:26] !aol
[1/6/2022 20:30:28] !aol
[1/6/2022 20:30:30] !aol
[1/6/2022 20:30:32] !aol
[1/6/2022 20:30:35] !aol
[1/6/2022 20:30:37] !aol
[1/6/2022 20:30:39] !aol
[1/6/2022 20:30:41] !aol
[1/6/2022 20:30:44] !aol
[1/6/2022 20:30:46] !aol
[1/6/2022 20:30:48] !aol
[1/6/2022 20:30:50] !aol
[1/6/2022 20:30:52] !aol
[1/6/2022 20:30:55] !aol
[1/6/2022 20:30:57] !aol
[1/6/2022 20:30:59] !aol
[1/6/2022 20:31:1] !aol
[1/6/2022 20:31:4] !aol
[1/6/2022 20:31:8] !aol
[1/6/2022 20:31:10] !aol
[1/6/2022 20:31:12] !aol
[1/6/2022 20:31:15] !aol
[1/6/2022 20:31:17] !aol
[1/6/2022 20:31:19] !aol
[1/6/2022 20:31:21] !aol
[1/6/2022 20:31:24] !aol
[1/6/2022 20:31:28] !aol
[1/6/2022 20:31:30] !aol
[1/6/2022 20:31:32] !aol
[1/6/2022 20:31:35] !aol
[1/6/2022 20:31:37] !aol
[1/6/2022 20:31:39] !aol
[1/6/2022 20:31:41] !aol
[1/6/2022 20:31:44] !aol
[1/6/2022 20:31:48] !aol
[1/6/2022 20:31:50] !aol
[1/6/2022 20:31:52] !aol
[1/6/2022 20:31:54] !aol
[1/6/2022 20:31:57] !aol
[1/6/2022 20:31:59] !aol
[1/6/2022 20:32:1] !aol
[1/6/2022 20:32:3] !aol
[1/6/2022 20:32:6] !aol
[1/6/2022 20:32:8] !aol
[1/6/2022 20:32:10] !aol
[1/6/2022 20:32:12] !aol
[1/6/2022 20:32:14] !aol
[1/6/2022 20:32:17] !aol
[1/6/2022 20:32:19] !aol
[1/6/2022 20:32:21] !aol
[1/6/2022 20:32:23] !aol
[1/6/2022 20:32:25] !aol
[1/6/2022 20:32:28] !aol
[1/6/2022 20:32:30] !aol
[1/6/2022 20:32:32] !aol
[1/6/2022 20:32:34] !aol
[1/6/2022 20:32:37] !aol
[1/6/2022 20:32:39] !aol
[1/6/2022 20:32:41] !aol
[1/6/2022 20:32:43] !aol
[1/6/2022 20:32:45] !aol
[1/6/2022 20:32:48] !aol
[1/6/2022 20:32:50] !aol
[1/6/2022 20:32:52] !aol
[1/6/2022 20:32:54] !aol
[1/6/2022 20:32:57] !aol
[1/6/2022 20:32:59] !aol
[1/6/2022 20:33:1] !aol
[1/6/2022 20:33:3] !aol
[1/6/2022 20:33:5] !aol
[1/6/2022 20:33:8] !aol
[1/6/2022 20:33:10] !aol
[1/6/2022 20:33:12] !aol
[1/6/2022 20:33:14] !aol
[1/6/2022 20:33:16] !aol
[1/6/2022 20:33:19] !aol
[1/6/2022 20:33:21] !aol
[1/6/2022 20:33:23] !aol
[1/6/2022 20:33:25] !aol
[1/6/2022 20:33:27] !aol
[1/6/2022 20:33:30] !aol
[1/6/2022 20:34:2] !emotespells on
[1/6/2022 20:42:29] !aol
[4/6/2022 19:31:39] !aol
[5/6/2022 15:31:25] !rank distance
[6/6/2022 9:21:43] !emotespells on
[6/6/2022 9:29:7] !emotespells on
[6/6/2022 9:39:21] !aol
[6/6/2022 9:39:24] !aol
[6/6/2022 9:39:27] !aol
[6/6/2022 9:39:30] !aol
[6/6/2022 9:39:33] !aol
[6/6/2022 9:39:37] !aol
[6/6/2022 9:39:40] !aol
[6/6/2022 9:39:43] !aol
[6/6/2022 9:39:46] !aol
[6/6/2022 9:39:50] !aol
[6/6/2022 9:39:53] !aol
[6/6/2022 9:39:56] !aol
[6/6/2022 9:42:30] !aol
[6/6/2022 9:44:54] !aol
[6/6/2022 9:54:50] !aol
[6/6/2022 9:58:43] !aol
