[27/5/2022 20:30:43] !emotespells on
[27/5/2022 21:30:1] !aol
[27/5/2022 21:36:45] !aol
[27/5/2022 21:46:41] !aol
[27/5/2022 23:14:6] !aol
[28/5/2022 15:27:29] !aol
[28/5/2022 17:49:49] !aol
[28/5/2022 18:5:27] !tradeoff buy, 7
[28/5/2022 18:5:50] !tradeoff buy, 6
[29/5/2022 4:46:35] !aol
[30/5/2022 4:25:36] 
[31/5/2022 21:18:59] !emotespells on
[31/5/2022 21:41:38] !serverinfo
[31/5/2022 21:59:50] !aol
[31/5/2022 23:23:1] !aol
[31/5/2022 23:29:25] !guildpoints
[1/6/2022 0:12:47] !aol
[1/6/2022 1:2:7] !aol
[2/6/2022 7:15:11] 
[2/6/2022 7:24:11] 
[2/6/2022 8:11:14] 
[2/6/2022 22:48:12] !frags
[3/6/2022 16:46:27] 
[4/6/2022 1:4:28] !frags
[4/6/2022 1:9:46] !frags
[4/6/2022 1:34:29] !frags
