[3/2/2022 19:16:43] !emotespells off
[3/2/2022 19:16:45] !emotespells on
[6/2/2022 20:54:29] !online
[7/2/2022 0:18:18] !online
[10/2/2022 20:25:40] !emotespells off
[10/2/2022 20:25:42] !emotespells on
[10/2/2022 21:35:12] !aol
[10/2/2022 23:22:16] !aol
[11/2/2022 21:45:13] !aol
[11/2/2022 21:56:50] !aol
[12/2/2022 14:57:58] !aol
[12/2/2022 15:58:38] !aol
[12/2/2022 16:6:1] !emotespells on
[12/2/2022 17:45:41] !aol
[12/2/2022 20:24:21] !aol
[13/2/2022 5:1:36] !aol
[13/2/2022 9:6:29] !aol
[13/2/2022 9:6:35] !aol
[13/2/2022 9:6:39] !aol
[13/2/2022 9:6:42] !aol
[13/2/2022 9:9:25] !aol
[13/2/2022 9:10:48] !aol
[13/2/2022 9:10:51] !aol
[13/2/2022 9:10:55] !aol
[16/2/2022 0:34:53] !frags
