[19/12/2021 2:37:45] !wand
[19/12/2021 2:37:50] !wand ice
[19/12/2021 2:53:15] !wand holy
[19/12/2021 3:27:15] !wand ice
[19/12/2021 3:29:25] !aol
[19/12/2021 3:30:21] !wand ice
[19/12/2021 4:13:5] !wand holy
[19/12/2021 4:17:55] !wand fire
[19/12/2021 4:19:34] !wand fire
[19/12/2021 4:22:6] !wand ice
[19/12/2021 4:52:43] !wand ice
[19/12/2021 5:5:24] !wand ice
[19/12/2021 11:30:10] !wand ice
[11/2/2022 15:37:40] !emotespells
[11/2/2022 15:37:45] !emotespells on
[14/2/2022 15:50:49] !frags
[17/2/2022 15:23:10] !frags
[17/2/2022 18:25:29] !aol
[17/2/2022 18:32:56] !aol
[18/2/2022 4:34:10] !frags
[18/2/2022 5:32:48] !aol
[18/2/2022 5:42:52] !aol
[18/2/2022 13:26:21] !aol
[18/2/2022 15:31:5] !aol
[18/2/2022 21:44:44] !aol
[18/2/2022 23:41:53] !aol
[18/2/2022 23:51:33] !aol
[19/2/2022 0:13:32] !aol
[19/2/2022 1:55:33] !aol
[19/2/2022 3:56:21] !aol
[19/2/2022 5:11:8] !aol
[19/2/2022 12:57:28] !aol
[19/2/2022 13:6:31] !aol
[19/2/2022 16:38:41] !aol
[19/2/2022 23:54:42] !addon mage
[20/2/2022 0:1:32] !addon warrior
