[31/5/2022 20:2:22] !aol
[31/5/2022 21:9:45] !aol
[31/5/2022 21:23:57] !aol
[31/5/2022 22:15:4] !online
[31/5/2022 22:18:25] !emotespells on
[31/5/2022 23:3:37] !aol
[31/5/2022 23:3:43] !aol
[31/5/2022 23:3:50] !aol
[31/5/2022 23:3:56] !aol
[31/5/2022 23:4:3] !aol
[31/5/2022 23:4:10] !aol
[31/5/2022 23:24:22] !aol
[31/5/2022 23:43:52] !aol
[1/6/2022 13:29:51] !online
[1/6/2022 16:11:48] !aol
[1/6/2022 20:43:6] !aol
[2/6/2022 11:1:52] !rank magic
[3/6/2022 8:20:48] !tradeoff add, Guild Devilcross One Hand 500000
[3/6/2022 8:26:28] !tradeoff add, Guild Devilcross One Hand 500000
[3/6/2022 8:26:49] !tradeoff add, Guild Devilcross One Hand
[3/6/2022 8:29:21] !tradeoff remove, 8021
[3/6/2022 8:30:36] !tradeoff remove, Guild DevilCross One Hand
[3/6/2022 8:30:42] !tradeoff remove, Guild DevilCross One Hand
[3/6/2022 8:30:53] !tradeoff remove, Guild DevilCross One Hand 8021
[3/6/2022 8:32:40] !tradeoff remove, 8021
[3/6/2022 8:32:55] !tradeoff remove,8021
[3/6/2022 8:53:58] !tradeoff remove, 92
[4/6/2022 3:6:58] !aol
[4/6/2022 3:14:13] !aol
[4/6/2022 13:16:6] !aol
[4/6/2022 13:16:13] !aol
[4/6/2022 13:16:16] !aol
[4/6/2022 13:16:19] !aol
[4/6/2022 13:16:22] !aol
[4/6/2022 13:16:26] !aol
[4/6/2022 13:28:12] !aol
[4/6/2022 14:11:18] !aol
[4/6/2022 14:22:50] !aol
[4/6/2022 15:32:59] !aol
[4/6/2022 22:8:39] !aol
[5/6/2022 20:49:14] !aol
[5/6/2022 21:7:35] !online
[5/6/2022 23:33:37] !online
[6/6/2022 18:42:48] !rank magic
[7/6/2022 19:42:25] !aol
[7/6/2022 19:42:36] !frags
[7/6/2022 19:42:51] !frags
[7/6/2022 19:44:12] !frags
[8/6/2022 6:9:42] !aol
[8/6/2022 9:6:56] !aol
[8/6/2022 9:7:3] !aol
[8/6/2022 9:7:29] !aol
[8/6/2022 9:7:42] !aol
[8/6/2022 9:7:49] !aol
[8/6/2022 9:8:2] !aol
[8/6/2022 9:8:8] !aol
[8/6/2022 9:8:21] !aol
[8/6/2022 9:8:28] !aol
[8/6/2022 9:8:41] !aol
[8/6/2022 9:8:48] !aol
[8/6/2022 9:8:54] !aol
[8/6/2022 9:9:1] !aol
[8/6/2022 9:9:14] !aol
[8/6/2022 9:9:27] !aol
[8/6/2022 9:9:40] !aol
[8/6/2022 9:9:46] !aol
[8/6/2022 9:9:53] !aol
[8/6/2022 9:9:59] !aol
[8/6/2022 9:10:12] !aol
[8/6/2022 9:10:25] !aol
[8/6/2022 9:10:39] !aol
[8/6/2022 9:10:52] !aol
[8/6/2022 9:11:11] !aol
[8/6/2022 9:11:24] !aol
[8/6/2022 9:11:37] !aol
[8/6/2022 9:11:57] !aol
[8/6/2022 9:12:10] !aol
[8/6/2022 9:12:23] !aol
[8/6/2022 9:12:36] !aol
[8/6/2022 9:12:56] !aol
[8/6/2022 9:13:35] !aol
[8/6/2022 9:13:55] !aol
[8/6/2022 9:14:21] !aol
[8/6/2022 9:14:47] !aol
[8/6/2022 9:15:13] !aol
[8/6/2022 9:15:39] !aol
[8/6/2022 9:16:5] !aol
[8/6/2022 9:16:31] !aol
[8/6/2022 9:16:51] !aol
[8/6/2022 9:17:17] !aol
[8/6/2022 9:17:37] !aol
[8/6/2022 9:18:3] !aol
[8/6/2022 9:18:22] !aol
[8/6/2022 9:18:49] !aol
[8/6/2022 9:19:8] !aol
[8/6/2022 9:19:28] !aol
[8/6/2022 9:19:47] !aol
[8/6/2022 9:20:7] !aol
[8/6/2022 9:20:20] !aol
[8/6/2022 9:20:26] !aol
