[10/2/2022 20:29:48] !rank level
[10/2/2022 20:38:3] !rank level
[10/2/2022 20:51:12] !rank level
[10/2/2022 20:57:44] !rank level
[10/2/2022 21:2:56] !rank magic
[10/2/2022 21:3:17] !rank magic
[10/2/2022 21:5:40] !rank level
[10/2/2022 21:7:17] !rank magic
[10/2/2022 21:9:58] !rank level
[10/2/2022 21:17:10] !rank level
[10/2/2022 21:32:14] !rank level
[10/2/2022 21:34:38] !rank magic
[10/2/2022 21:35:52] !rank level
[10/2/2022 22:7:52] !rank level
[10/2/2022 22:12:41] !rank magic
[10/2/2022 22:21:9] !rank level
[10/2/2022 22:29:42] !rank level
[10/2/2022 23:48:9] !rank level
[10/2/2022 23:48:22] !aol
[11/2/2022 20:11:8] !aol
[11/2/2022 20:56:47] !aol
[12/2/2022 14:56:32] !aol
[12/2/2022 14:58:20] 
[13/2/2022 10:20:24] !aol
[13/2/2022 11:33:51] !emotespells on
[14/2/2022 21:19:16] !rank magic
[15/2/2022 7:3:25] !aol
[15/2/2022 7:4:40] !rank level
[15/2/2022 22:33:29] !aol
