[29/5/2022 20:4:24] !online
[30/5/2022 16:34:38] 
[30/5/2022 17:19:54] !emotespells on
[30/5/2022 18:45:43] !online
[30/5/2022 18:52:38] 
[30/5/2022 22:29:46] !aol
[30/5/2022 22:38:38] 
[31/5/2022 0:9:6] !rank magic
[31/5/2022 13:56:40] 
[31/5/2022 14:38:32] !aol
[31/5/2022 22:59:45] !emotespells on
[31/5/2022 23:0:37] 
[31/5/2022 23:17:23] 
[31/5/2022 23:19:51] !aol
[31/5/2022 23:26:59] !aol
[31/5/2022 23:40:13] !aol
[31/5/2022 23:48:23] 
[1/6/2022 0:2:32] 
[1/6/2022 0:2:36] !aol
[1/6/2022 0:20:11] 
[1/6/2022 1:31:4] !aol
[1/6/2022 17:0:10] !aol
[1/6/2022 17:4:52] !aol
[1/6/2022 17:10:21] !aol
[1/6/2022 17:10:24] !aol
[1/6/2022 17:10:27] !aol
[1/6/2022 17:10:30] !aol
[1/6/2022 17:10:33] !aol
[1/6/2022 17:10:39] !emotespells on
[1/6/2022 17:10:43] !aol
[1/6/2022 17:10:46] !aol
[1/6/2022 17:21:16] !aol
[1/6/2022 17:41:24] !emotespells on
[6/6/2022 16:48:10] !aol
[6/6/2022 16:48:13] !aol
[6/6/2022 16:48:16] !aol
[6/6/2022 16:48:19] !aol
[6/6/2022 16:48:22] !aol
[6/6/2022 16:48:26] !aol
[6/6/2022 16:48:29] !aol
[6/6/2022 16:48:32] !aol
[6/6/2022 16:48:35] !aol
[6/6/2022 16:48:39] !aol
[6/6/2022 16:48:42] !aol
[6/6/2022 16:48:45] !aol
[6/6/2022 16:48:48] !aol
[6/6/2022 16:48:51] !aol
[6/6/2022 16:48:55] !aol
[6/6/2022 16:48:58] !aol
[6/6/2022 16:49:1] !aol
[6/6/2022 16:49:4] !aol
[6/6/2022 16:49:7] !aol
[6/6/2022 16:49:11] !aol
[6/6/2022 16:49:14] !aol
[6/6/2022 16:49:17] !aol
[6/6/2022 16:49:20] !aol
[6/6/2022 16:49:23] !aol
[6/6/2022 16:49:27] !aol
[6/6/2022 16:49:30] !aol
[6/6/2022 16:49:33] !aol
[6/6/2022 16:49:36] !aol
[6/6/2022 16:49:39] !aol
[6/6/2022 16:49:43] !aol
[6/6/2022 16:49:46] !aol
[6/6/2022 16:49:49] !aol
[6/6/2022 16:49:52] !aol
[6/6/2022 16:49:56] !aol
[6/6/2022 16:49:59] !aol
[6/6/2022 16:50:1] 
[6/6/2022 16:50:5] !aol
[6/6/2022 16:50:8] !aol
[6/6/2022 16:50:11] !aol
[6/6/2022 16:50:15] !aol
[6/6/2022 16:50:18] !aol
[6/6/2022 16:50:21] !aol
[6/6/2022 16:50:24] !aol
[6/6/2022 16:50:27] !aol
[6/6/2022 16:50:31] !aol
[6/6/2022 16:50:34] !aol
[6/6/2022 16:50:37] !aol
[6/6/2022 16:50:40] !aol
[6/6/2022 16:50:44] !aol
[6/6/2022 16:50:47] !aol
[6/6/2022 16:50:50] !aol
[6/6/2022 16:50:53] !aol
[6/6/2022 16:50:56] !aol
[6/6/2022 16:50:59] !aol
[6/6/2022 16:51:3] !aol
[6/6/2022 16:51:6] !aol
[6/6/2022 16:51:9] !aol
[6/6/2022 16:51:12] !aol
[6/6/2022 16:51:15] !aol
[6/6/2022 16:51:19] !aol
[6/6/2022 16:51:22] !aol
[6/6/2022 16:51:25] !aol
[6/6/2022 16:51:28] !aol
[6/6/2022 16:51:32] !aol
[6/6/2022 16:51:35] !aol
[6/6/2022 16:51:38] !aol
[6/6/2022 16:51:41] !aol
[6/6/2022 16:51:44] !aol
[6/6/2022 16:51:48] !aol
[6/6/2022 16:51:51] !aol
[6/6/2022 16:51:54] !aol
[6/6/2022 16:51:57] !aol
[6/6/2022 16:52:0] !aol
[6/6/2022 16:52:4] !aol
[6/6/2022 16:52:7] !aol
[6/6/2022 16:52:10] !aol
[6/6/2022 16:52:13] !aol
[6/6/2022 16:52:16] !aol
[6/6/2022 16:52:20] !aol
[6/6/2022 16:52:23] !aol
[6/6/2022 16:52:26] !aol
[6/6/2022 16:52:29] !aol
[6/6/2022 16:52:32] !aol
[6/6/2022 16:52:36] !aol
[6/6/2022 16:52:39] !aol
[6/6/2022 16:52:42] !aol
[6/6/2022 16:52:45] !aol
[6/6/2022 16:52:48] !aol
[6/6/2022 16:52:52] !aol
[6/6/2022 16:52:55] !aol
[6/6/2022 16:52:58] !aol
[6/6/2022 16:53:1] !aol
[6/6/2022 16:53:4] !aol
[6/6/2022 16:53:8] !aol
[6/6/2022 16:53:11] !aol
[6/6/2022 16:53:14] !aol
[6/6/2022 16:53:17] !aol
[6/6/2022 16:53:20] !aol
[6/6/2022 16:53:24] !aol
[6/6/2022 16:53:27] !aol
[6/6/2022 16:53:30] !aol
[6/6/2022 16:53:33] !aol
[6/6/2022 16:53:37] !aol
[6/6/2022 16:53:40] !aol
[6/6/2022 16:53:43] !aol
[6/6/2022 16:53:46] !aol
[6/6/2022 16:53:49] !aol
[6/6/2022 16:53:52] !aol
[6/6/2022 16:53:56] !aol
[6/6/2022 16:53:59] !aol
[6/6/2022 16:54:2] !aol
[6/6/2022 16:54:5] !aol
[6/6/2022 16:54:8] !aol
[6/6/2022 16:54:12] !aol
[6/6/2022 16:54:15] !aol
[6/6/2022 16:54:18] !aol
[6/6/2022 16:54:21] !aol
[6/6/2022 16:54:24] !aol
[6/6/2022 16:54:28] !aol
[6/6/2022 16:54:31] !aol
[6/6/2022 16:54:34] !aol
[6/6/2022 16:54:37] !aol
[6/6/2022 16:54:40] !aol
[6/6/2022 16:54:44] !aol
[6/6/2022 16:54:47] !aol
[6/6/2022 16:54:50] !aol
[6/6/2022 16:54:53] !aol
[6/6/2022 16:54:56] !aol
[6/6/2022 16:55:0] !aol
[6/6/2022 16:55:3] !aol
[6/6/2022 16:55:6] !aol
[6/6/2022 16:55:9] !aol
[6/6/2022 16:55:12] !aol
[6/6/2022 16:55:16] !aol
[6/6/2022 16:55:19] !aol
[6/6/2022 16:55:22] !aol
[6/6/2022 16:55:25] !aol
[6/6/2022 16:55:29] !aol
[6/6/2022 16:55:32] !aol
[6/6/2022 16:55:35] !aol
[6/6/2022 16:55:38] !aol
[6/6/2022 16:55:41] !aol
[6/6/2022 16:55:45] !aol
[6/6/2022 16:55:48] !aol
[6/6/2022 16:55:51] !aol
[6/6/2022 16:55:54] !aol
[6/6/2022 16:55:57] !aol
[6/6/2022 16:56:1] !aol
[6/6/2022 16:56:4] !aol
[6/6/2022 16:56:7] !aol
[6/6/2022 16:56:10] !aol
[6/6/2022 16:56:13] !aol
[6/6/2022 16:56:17] !aol
[6/6/2022 16:56:20] !aol
[6/6/2022 16:56:23] !aol
[6/6/2022 16:56:26] !aol
[6/6/2022 16:56:29] !aol
[6/6/2022 16:56:33] !aol
[6/6/2022 16:56:36] !aol
[6/6/2022 16:56:39] !aol
[6/6/2022 16:56:42] !aol
[6/6/2022 16:56:45] !aol
[6/6/2022 16:56:49] !aol
[6/6/2022 16:56:52] !aol
[6/6/2022 16:56:55] !aol
[6/6/2022 16:56:58] !aol
[6/6/2022 16:57:1] !aol
[6/6/2022 16:57:5] !aol
[6/6/2022 16:57:8] !aol
[6/6/2022 16:57:11] !aol
[6/6/2022 16:57:14] !aol
[6/6/2022 16:57:17] !aol
[6/6/2022 16:57:21] !aol
[6/6/2022 16:57:24] !aol
[6/6/2022 16:57:27] !aol
[6/6/2022 16:57:30] !aol
[6/6/2022 16:57:33] !aol
[6/6/2022 16:57:37] !aol
[6/6/2022 16:57:40] !aol
[6/6/2022 16:57:43] !aol
[6/6/2022 16:57:46] !aol
[6/6/2022 16:57:49] !aol
[6/6/2022 16:57:53] !aol
[6/6/2022 16:57:56] !aol
[6/6/2022 16:57:59] !aol
[6/6/2022 16:58:2] !aol
[6/6/2022 16:58:5] !aol
[6/6/2022 16:58:9] !aol
[6/6/2022 16:58:12] !aol
[6/6/2022 16:58:15] !aol
[6/6/2022 16:58:18] !aol
[6/6/2022 16:58:21] !aol
[6/6/2022 16:58:25] !aol
[6/6/2022 16:58:28] !aol
[6/6/2022 16:58:31] !aol
[6/6/2022 16:58:34] !aol
[6/6/2022 16:58:38] !aol
[6/6/2022 16:58:41] !aol
[6/6/2022 16:58:44] !aol
[6/6/2022 16:58:47] !aol
[6/6/2022 16:58:50] !aol
[6/6/2022 16:58:54] !aol
[6/6/2022 16:58:57] !aol
[6/6/2022 16:59:0] !aol
[6/6/2022 16:59:3] !aol
[6/6/2022 16:59:6] !aol
[6/6/2022 16:59:10] !aol
[6/6/2022 16:59:13] !aol
[6/6/2022 16:59:16] !aol
[6/6/2022 16:59:19] !aol
[6/6/2022 16:59:22] !aol
[6/6/2022 16:59:26] !aol
[6/6/2022 16:59:29] !aol
[6/6/2022 16:59:32] !aol
[6/6/2022 16:59:35] !aol
[6/6/2022 16:59:38] !aol
[6/6/2022 16:59:42] !aol
[6/6/2022 16:59:45] !aol
[6/6/2022 16:59:48] !aol
[6/6/2022 16:59:51] !aol
[6/6/2022 16:59:54] !aol
[6/6/2022 16:59:58] !aol
[6/6/2022 17:0:1] !aol
[6/6/2022 17:0:4] !aol
[6/6/2022 17:0:7] !aol
[6/6/2022 17:0:10] !aol
[6/6/2022 17:0:14] !aol
[6/6/2022 17:0:17] !aol
[6/6/2022 17:0:20] !aol
[6/6/2022 17:0:23] !aol
[6/6/2022 17:0:27] !aol
[6/6/2022 17:0:30] !aol
[6/6/2022 17:0:33] !aol
[6/6/2022 17:0:36] !aol
[6/6/2022 17:0:39] !aol
[6/6/2022 17:0:43] !aol
[6/6/2022 17:0:46] !aol
[6/6/2022 17:0:49] !aol
[6/6/2022 17:0:52] !aol
[6/6/2022 17:0:55] !aol
[6/6/2022 17:0:58] !aol
[6/6/2022 17:1:2] !aol
[6/6/2022 17:1:5] !aol
[6/6/2022 17:1:8] !aol
[6/6/2022 17:1:11] !aol
[6/6/2022 17:1:15] !aol
[6/6/2022 17:1:18] !aol
[6/6/2022 17:1:21] !aol
[6/6/2022 17:1:24] !aol
[6/6/2022 17:1:27] !aol
[6/6/2022 17:1:30] !aol
[6/6/2022 17:1:34] !aol
[6/6/2022 17:1:37] !aol
[6/6/2022 17:1:40] !aol
[6/6/2022 17:1:43] !aol
[6/6/2022 17:1:47] !aol
[6/6/2022 17:1:50] !aol
[6/6/2022 17:1:53] !aol
[6/6/2022 17:1:56] !aol
[6/6/2022 17:1:59] !aol
[6/6/2022 17:2:3] !aol
[6/6/2022 17:2:6] !aol
[6/6/2022 17:2:9] !aol
[6/6/2022 17:2:12] !aol
[6/6/2022 17:2:15] !aol
[6/6/2022 17:2:19] !aol
[6/6/2022 17:2:22] !aol
[6/6/2022 17:2:25] !aol
[6/6/2022 17:2:28] !aol
[6/6/2022 17:2:31] !aol
[6/6/2022 17:2:35] !aol
[6/6/2022 17:2:38] !aol
[6/6/2022 17:2:41] !aol
[6/6/2022 17:2:44] !aol
[6/6/2022 17:2:47] !aol
[6/6/2022 17:2:51] !aol
[6/6/2022 17:2:54] !aol
[6/6/2022 17:2:57] !aol
[6/6/2022 17:3:0] !aol
[6/6/2022 17:3:3] !aol
[6/6/2022 17:3:7] !aol
[6/6/2022 17:3:10] !aol
[6/6/2022 17:3:13] !aol
[6/6/2022 17:3:16] !aol
[6/6/2022 17:3:19] !aol
[6/6/2022 17:3:23] !aol
[6/6/2022 17:3:26] !aol
[6/6/2022 17:3:29] !aol
[6/6/2022 17:3:32] !aol
[6/6/2022 17:3:35] !aol
[6/6/2022 17:3:39] !aol
[6/6/2022 17:3:42] !aol
[6/6/2022 17:3:45] !aol
[6/6/2022 17:3:48] !aol
[6/6/2022 17:3:51] !aol
[6/6/2022 17:3:55] !aol
[6/6/2022 17:3:58] !aol
[6/6/2022 17:4:1] !aol
[6/6/2022 17:4:4] !aol
[6/6/2022 17:4:7] !aol
[6/6/2022 17:4:11] !aol
[6/6/2022 17:4:14] !aol
[6/6/2022 17:4:17] !aol
[6/6/2022 17:4:20] !aol
[6/6/2022 17:4:23] !aol
[6/6/2022 17:4:27] !aol
[6/6/2022 17:4:30] !aol
[6/6/2022 17:4:33] !aol
[6/6/2022 17:4:36] !aol
[6/6/2022 17:4:39] !aol
[6/6/2022 17:4:43] !aol
[6/6/2022 17:4:46] !aol
[6/6/2022 17:4:49] !aol
[6/6/2022 17:4:52] !aol
[6/6/2022 17:4:55] !aol
[6/6/2022 17:4:59] !aol
[6/6/2022 17:5:2] !aol
[6/6/2022 17:5:5] !aol
[6/6/2022 17:5:8] !aol
[6/6/2022 17:5:12] !aol
[6/6/2022 17:5:15] !aol
[6/6/2022 17:5:18] !aol
[6/6/2022 17:5:21] !aol
[6/6/2022 17:5:24] !aol
[6/6/2022 17:5:28] !aol
[6/6/2022 17:5:31] !aol
[6/6/2022 17:5:34] !aol
[6/6/2022 17:5:37] !aol
[6/6/2022 17:5:40] !aol
[6/6/2022 17:5:44] !aol
[6/6/2022 17:5:47] !aol
[6/6/2022 17:5:50] !aol
[6/6/2022 17:5:53] !aol
[6/6/2022 17:5:56] !aol
[6/6/2022 17:6:0] !aol
[6/6/2022 17:6:3] !aol
[6/6/2022 17:6:6] !aol
[6/6/2022 17:6:9] !aol
[6/6/2022 17:6:12] !aol
[6/6/2022 17:6:16] !aol
[6/6/2022 17:6:19] !aol
[6/6/2022 17:6:22] !aol
[6/6/2022 17:6:25] !aol
[6/6/2022 17:6:28] !aol
[6/6/2022 17:6:32] !aol
[6/6/2022 17:6:35] !aol
[6/6/2022 17:6:38] !aol
[6/6/2022 17:6:41] !aol
[6/6/2022 17:6:44] !aol
[6/6/2022 17:6:48] !aol
[6/6/2022 17:6:51] !aol
[6/6/2022 17:6:54] !aol
[6/6/2022 17:6:57] !aol
[6/6/2022 17:7:0] !aol
[6/6/2022 17:7:4] !aol
[6/6/2022 17:7:7] !aol
[6/6/2022 17:7:10] !aol
[6/6/2022 17:7:13] !aol
[6/6/2022 17:7:16] !aol
[6/6/2022 17:7:20] !aol
[6/6/2022 17:7:23] !aol
[6/6/2022 17:7:26] !aol
[6/6/2022 17:7:29] !aol
[6/6/2022 17:7:33] !aol
[6/6/2022 17:7:36] !aol
[6/6/2022 17:7:39] !aol
[6/6/2022 17:7:42] !aol
[6/6/2022 17:7:45] !aol
[6/6/2022 17:7:48] !aol
[6/6/2022 17:7:52] !aol
[6/6/2022 17:7:55] !aol
[6/6/2022 17:7:58] !aol
[6/6/2022 17:8:1] !aol
[6/6/2022 17:8:5] !aol
[6/6/2022 17:8:8] !aol
[6/6/2022 17:8:11] !aol
[6/6/2022 17:8:14] !aol
[6/6/2022 17:8:17] !aol
[6/6/2022 17:8:20] !aol
[6/6/2022 17:8:24] !aol
[6/6/2022 17:8:27] !aol
[6/6/2022 17:8:30] !aol
[6/6/2022 17:8:33] !aol
[6/6/2022 17:8:37] !aol
[6/6/2022 17:8:40] !aol
[6/6/2022 17:8:43] !aol
[6/6/2022 17:8:46] !aol
[6/6/2022 17:8:49] !aol
[6/6/2022 17:8:53] !aol
[6/6/2022 17:8:56] !aol
[6/6/2022 17:8:59] !aol
[6/6/2022 17:9:2] !aol
[6/6/2022 17:9:5] !aol
[6/6/2022 17:9:9] !aol
[6/6/2022 17:9:12] !aol
[6/6/2022 17:9:15] !aol
[6/6/2022 17:9:18] !aol
[6/6/2022 17:9:21] !aol
[6/6/2022 17:9:25] !aol
[6/6/2022 17:9:28] !aol
[6/6/2022 17:9:31] !aol
[6/6/2022 17:9:34] !aol
[6/6/2022 17:9:37] !aol
[6/6/2022 17:9:41] !aol
[6/6/2022 17:9:44] !aol
[6/6/2022 17:9:47] !aol
[6/6/2022 17:9:50] !aol
[6/6/2022 17:9:54] !aol
[6/6/2022 17:9:57] !aol
[6/6/2022 17:10:0] !aol
[6/6/2022 17:10:3] !aol
[6/6/2022 17:10:6] !aol
[6/6/2022 17:10:9] !aol
[6/6/2022 17:10:13] !aol
[6/6/2022 17:10:16] !aol
[6/6/2022 17:10:19] !aol
[6/6/2022 17:10:22] !aol
[6/6/2022 17:10:26] !aol
[6/6/2022 17:10:29] !aol
[6/6/2022 17:10:32] !aol
[6/6/2022 17:10:35] !aol
[6/6/2022 17:10:38] !aol
[6/6/2022 17:10:41] !aol
[6/6/2022 17:10:45] !aol
[6/6/2022 17:10:48] !aol
[6/6/2022 17:10:51] !aol
[6/6/2022 17:10:54] !aol
[6/6/2022 17:10:57] !aol
[6/6/2022 17:11:1] !aol
[6/6/2022 17:11:4] !aol
[6/6/2022 17:11:7] !aol
[6/6/2022 17:11:10] !aol
[6/6/2022 17:11:14] !aol
[6/6/2022 17:11:17] !aol
[6/6/2022 17:11:20] !aol
[6/6/2022 17:11:23] !aol
[6/6/2022 17:11:26] !aol
[6/6/2022 17:11:29] !aol
[6/6/2022 17:11:33] !aol
[6/6/2022 17:11:36] !aol
[6/6/2022 17:11:39] !aol
[6/6/2022 17:11:42] !aol
[6/6/2022 17:11:46] !aol
[6/6/2022 17:11:49] !aol
[6/6/2022 17:11:52] !aol
[6/6/2022 17:11:55] !aol
[6/6/2022 17:11:58] !aol
[6/6/2022 17:12:2] !aol
[6/6/2022 17:12:5] !aol
[6/6/2022 17:12:8] !aol
[6/6/2022 17:12:11] !aol
[6/6/2022 17:12:14] !aol
[6/6/2022 17:12:18] !aol
[6/6/2022 17:12:21] !aol
[6/6/2022 17:12:24] !aol
[6/6/2022 17:12:27] !aol
[6/6/2022 17:12:30] !aol
[6/6/2022 17:12:34] !aol
[6/6/2022 17:12:37] !aol
[6/6/2022 17:12:40] !aol
[6/6/2022 17:12:43] !aol
[6/6/2022 17:12:46] !aol
[6/6/2022 17:12:50] !aol
[6/6/2022 17:12:53] !aol
[6/6/2022 17:12:56] !aol
[6/6/2022 17:12:59] !aol
[6/6/2022 17:13:2] !aol
[6/6/2022 17:13:6] !aol
[6/6/2022 17:13:9] !aol
[6/6/2022 17:13:12] !aol
[6/6/2022 17:13:15] !aol
[6/6/2022 17:13:18] !aol
[6/6/2022 17:13:22] !aol
[6/6/2022 17:13:25] !aol
[6/6/2022 17:13:28] !aol
[6/6/2022 17:13:31] !aol
[6/6/2022 17:13:34] !aol
[6/6/2022 17:13:38] !aol
[6/6/2022 17:13:41] !aol
[6/6/2022 17:13:44] !aol
[6/6/2022 17:13:47] !aol
[6/6/2022 17:13:51] !aol
[6/6/2022 17:13:54] !aol
[6/6/2022 17:13:57] !aol
[6/6/2022 17:14:0] !aol
[6/6/2022 17:14:3] !aol
[6/6/2022 17:14:7] !aol
[6/6/2022 17:14:10] !aol
[6/6/2022 17:14:13] !aol
[6/6/2022 17:14:16] !aol
[6/6/2022 17:14:19] !aol
[6/6/2022 17:14:23] !aol
[6/6/2022 17:14:26] !aol
[6/6/2022 17:14:29] !aol
[6/6/2022 17:14:32] !aol
[6/6/2022 17:14:35] !aol
[6/6/2022 17:14:39] !aol
[6/6/2022 17:14:42] !aol
[6/6/2022 17:14:45] !aol
[6/6/2022 17:14:48] !aol
[6/6/2022 17:14:51] !aol
[6/6/2022 17:14:55] !aol
[6/6/2022 17:14:58] !aol
[6/6/2022 17:15:1] !aol
[6/6/2022 17:15:4] !aol
[6/6/2022 17:15:7] !aol
[6/6/2022 17:15:11] !aol
[6/6/2022 17:15:14] !aol
[6/6/2022 17:15:17] !aol
[6/6/2022 17:15:20] !aol
[6/6/2022 17:15:23] !aol
[6/6/2022 17:15:27] !aol
[6/6/2022 17:15:30] !aol
[6/6/2022 17:15:33] !aol
[6/6/2022 17:15:36] !aol
[6/6/2022 17:15:39] !aol
[6/6/2022 17:15:43] !aol
[6/6/2022 17:15:46] !aol
[6/6/2022 17:15:49] !aol
[6/6/2022 17:15:52] !aol
[6/6/2022 17:15:56] !aol
[6/6/2022 17:15:59] !aol
[6/6/2022 17:16:2] !aol
[6/6/2022 17:16:5] !aol
[6/6/2022 17:16:8] !aol
[6/6/2022 17:16:11] !aol
[6/6/2022 17:16:15] !aol
[6/6/2022 17:16:18] !aol
[6/6/2022 17:16:21] !aol
[6/6/2022 17:16:24] !aol
[6/6/2022 17:16:27] !aol
[6/6/2022 17:16:31] !aol
[6/6/2022 17:16:34] !aol
[6/6/2022 17:16:37] !aol
[6/6/2022 17:16:40] !aol
[6/6/2022 17:16:43] !aol
[6/6/2022 17:16:47] !aol
[6/6/2022 17:16:50] !aol
[6/6/2022 17:16:53] !aol
[6/6/2022 17:16:56] !aol
[6/6/2022 17:16:59] !aol
[6/6/2022 17:17:3] !aol
[6/6/2022 17:17:6] !aol
[6/6/2022 17:17:9] !aol
[6/6/2022 17:17:12] !aol
[6/6/2022 17:17:15] !aol
[6/6/2022 17:17:19] !aol
[6/6/2022 17:17:22] !aol
[6/6/2022 17:17:25] !aol
[6/6/2022 17:17:28] !aol
[6/6/2022 17:17:31] !aol
[6/6/2022 17:17:35] !aol
[6/6/2022 17:17:38] !aol
[6/6/2022 17:17:41] !aol
[6/6/2022 17:17:44] !aol
[6/6/2022 17:17:48] !aol
[6/6/2022 17:17:51] !aol
[6/6/2022 17:17:54] !aol
[6/6/2022 17:17:57] !aol
[6/6/2022 17:18:0] !aol
[6/6/2022 17:18:4] !aol
[6/6/2022 17:18:7] !aol
[6/6/2022 17:18:10] !aol
[6/6/2022 17:18:13] !aol
[6/6/2022 17:18:16] !aol
[6/6/2022 17:18:20] !aol
[6/6/2022 17:18:23] !aol
[6/6/2022 17:18:26] !aol
[6/6/2022 17:18:29] !aol
[6/6/2022 17:18:32] !aol
[6/6/2022 17:18:36] !aol
[6/6/2022 17:18:39] !aol
[6/6/2022 17:18:42] !aol
[6/6/2022 17:18:45] !aol
[6/6/2022 17:18:48] !aol
[6/6/2022 17:18:52] !aol
[6/6/2022 17:18:55] !aol
[6/6/2022 17:18:58] !aol
[6/6/2022 17:19:1] !aol
[6/6/2022 17:19:4] !aol
[6/6/2022 17:19:8] !aol
[6/6/2022 17:19:11] !aol
[6/6/2022 17:19:14] !aol
[6/6/2022 17:19:17] !aol
[6/6/2022 17:19:20] !aol
[6/6/2022 17:19:24] !aol
[6/6/2022 17:19:27] !aol
[6/6/2022 17:19:30] !aol
[6/6/2022 17:19:33] !aol
[6/6/2022 17:19:36] !aol
[6/6/2022 17:19:40] !aol
[6/6/2022 17:19:43] !aol
[6/6/2022 17:19:46] !aol
[6/6/2022 17:19:49] !aol
[6/6/2022 17:19:52] !aol
[6/6/2022 17:19:56] !aol
[6/6/2022 17:19:59] !aol
[6/6/2022 17:20:2] !aol
[6/6/2022 17:20:5] !aol
[6/6/2022 17:20:8] !aol
[6/6/2022 17:20:12] !aol
[6/6/2022 17:20:15] !aol
[6/6/2022 17:20:18] !aol
[6/6/2022 17:20:21] !aol
[6/6/2022 17:20:24] !aol
[6/6/2022 17:20:28] !aol
[6/6/2022 17:20:31] !aol
[6/6/2022 17:20:34] !aol
[6/6/2022 17:20:37] !aol
[6/6/2022 17:20:41] !aol
[6/6/2022 17:20:44] !aol
[6/6/2022 17:20:47] !aol
[6/6/2022 17:20:50] !aol
[6/6/2022 17:20:53] !aol
[6/6/2022 17:20:56] !aol
[6/6/2022 17:21:0] !aol
[6/6/2022 17:21:3] !aol
[6/6/2022 17:21:6] !aol
[6/6/2022 17:21:9] !aol
[6/6/2022 17:21:13] !aol
[6/6/2022 17:21:16] !aol
[6/6/2022 17:21:19] !aol
[6/6/2022 17:21:22] !aol
[6/6/2022 17:21:25] !aol
[6/6/2022 17:21:29] !aol
[6/6/2022 17:21:32] !aol
[6/6/2022 17:21:35] !aol
[6/6/2022 17:21:38] !aol
[6/6/2022 17:21:41] !aol
[6/6/2022 17:21:45] !aol
[6/6/2022 17:21:48] !aol
[6/6/2022 17:21:51] !aol
[6/6/2022 17:21:54] !aol
[6/6/2022 17:21:57] !aol
[6/6/2022 17:22:1] !aol
[6/6/2022 17:22:4] !aol
[6/6/2022 17:22:7] !aol
[6/6/2022 17:22:10] !aol
[6/6/2022 17:22:13] !aol
[6/6/2022 17:22:17] !aol
[6/6/2022 17:22:20] !aol
[6/6/2022 17:22:23] !aol
[6/6/2022 17:22:26] !aol
[6/6/2022 17:22:29] !aol
[6/6/2022 17:22:33] !aol
[6/6/2022 17:22:36] !aol
[6/6/2022 17:22:39] !aol
[6/6/2022 17:22:42] !aol
[6/6/2022 17:22:45] !aol
[6/6/2022 17:22:49] !aol
[6/6/2022 17:22:52] !aol
[6/6/2022 17:22:55] !aol
[6/6/2022 17:22:58] !aol
[6/6/2022 17:23:1] !aol
[6/6/2022 17:23:5] !aol
[6/6/2022 17:23:8] !aol
[6/6/2022 17:23:11] !aol
[6/6/2022 17:23:14] !aol
[6/6/2022 17:23:17] !aol
[6/6/2022 17:23:21] !aol
[6/6/2022 17:23:24] !aol
[6/6/2022 17:23:27] !aol
[6/6/2022 17:23:30] !aol
[6/6/2022 17:23:33] !aol
[6/6/2022 17:23:37] !aol
[6/6/2022 17:23:40] !aol
[6/6/2022 17:23:43] !aol
[6/6/2022 17:23:46] !aol
[6/6/2022 17:23:49] !aol
[6/6/2022 17:23:53] !aol
[6/6/2022 17:23:56] !aol
[6/6/2022 17:23:59] !aol
[6/6/2022 17:24:2] !aol
[6/6/2022 17:24:5] !aol
[6/6/2022 17:24:9] !aol
[6/6/2022 17:24:12] !aol
[6/6/2022 17:24:15] !aol
[6/6/2022 17:24:18] !aol
[6/6/2022 17:24:21] !aol
[6/6/2022 17:24:25] !aol
[6/6/2022 17:24:28] !aol
[6/6/2022 17:24:31] !aol
[6/6/2022 17:24:34] !aol
[6/6/2022 17:24:38] !aol
[6/6/2022 17:24:41] !aol
[6/6/2022 17:24:44] !aol
[6/6/2022 17:24:47] !aol
[6/6/2022 17:24:50] !aol
[6/6/2022 17:24:54] !aol
[6/6/2022 17:24:57] !aol
[6/6/2022 17:25:0] !aol
[6/6/2022 17:25:3] !aol
[6/6/2022 17:25:6] !aol
[6/6/2022 17:25:10] !aol
[6/6/2022 17:25:13] !aol
[6/6/2022 17:25:16] !aol
[6/6/2022 17:25:19] !aol
[6/6/2022 17:25:22] !aol
[6/6/2022 17:25:26] !aol
[6/6/2022 17:25:29] !aol
[6/6/2022 17:25:32] !aol
[6/6/2022 17:25:35] !aol
[6/6/2022 17:25:38] !aol
[6/6/2022 17:25:42] !aol
[6/6/2022 17:25:45] !aol
[6/6/2022 17:25:48] !aol
[6/6/2022 17:25:51] !aol
[6/6/2022 17:25:54] !aol
[6/6/2022 17:25:58] !aol
[6/6/2022 17:26:1] !aol
[6/6/2022 17:26:4] !aol
[6/6/2022 17:26:7] !aol
[6/6/2022 17:26:10] !aol
[6/6/2022 17:26:14] !aol
[6/6/2022 17:26:17] !aol
[6/6/2022 17:26:20] !aol
[6/6/2022 17:26:23] !aol
[6/6/2022 17:26:26] !aol
[6/6/2022 17:26:30] !aol
[6/6/2022 17:26:33] !aol
[6/6/2022 17:26:36] !aol
[6/6/2022 17:26:39] !aol
[6/6/2022 17:26:42] !aol
[6/6/2022 17:26:46] !aol
[6/6/2022 17:26:49] !aol
[6/6/2022 17:26:52] !aol
[6/6/2022 17:26:55] !aol
[6/6/2022 17:26:58] !aol
[6/6/2022 17:27:2] !aol
[6/6/2022 17:27:5] !aol
[6/6/2022 17:27:8] !aol
