[31/5/2022 20:1:24] !aol
[31/5/2022 20:30:22] 
[31/5/2022 20:55:48] !aol
[1/6/2022 7:15:31] !aol
[1/6/2022 10:52:26] !aol
[1/6/2022 13:6:40] !aol
[1/6/2022 17:59:12] !aol
[1/6/2022 18:16:46] 
[1/6/2022 18:18:23] 
[1/6/2022 18:19:46] 
[1/6/2022 18:21:30] 
[1/6/2022 18:28:23] 
[1/6/2022 18:28:46] 
[1/6/2022 19:17:47] 
[1/6/2022 19:19:23] 
[1/6/2022 19:56:34] 
[1/6/2022 19:57:43] 
[2/6/2022 2:45:0] 
[2/6/2022 5:23:19] 
[2/6/2022 5:29:50] 
[2/6/2022 9:53:38] !buyhouse
[2/6/2022 9:53:56] !buyhouse
[2/6/2022 9:54:1] !buyhouse
[2/6/2022 9:55:1] !buyhouse
[2/6/2022 9:55:20] !buyhouse
[2/6/2022 9:56:11] !buyhouse
[2/6/2022 9:56:49] !buyhouse
[2/6/2022 9:56:58] !buyhouse
[2/6/2022 9:58:21] !buyhouse
[2/6/2022 9:58:31] !buyhouse
[2/6/2022 9:58:43] !buyhouse
[2/6/2022 10:0:40] !buyhouse
[2/6/2022 12:8:30] !buyhouse
[2/6/2022 20:17:39] !frags
[2/6/2022 20:18:1] !frags
[2/6/2022 21:50:37] !aol
[2/6/2022 22:2:18] !aol
[2/6/2022 22:11:59] !frags
[2/6/2022 22:27:45] !frags
[2/6/2022 22:46:0] !frags
[2/6/2022 22:49:50] !frags
[2/6/2022 22:56:45] !aol
[2/6/2022 23:2:35] !frags
[2/6/2022 23:16:5] !frags
[2/6/2022 23:20:13] !online
[2/6/2022 23:23:7] !aol
[2/6/2022 23:30:17] !frags
[4/6/2022 9:37:40] 
[4/6/2022 9:38:45] 
[4/6/2022 13:30:36] !frags
[4/6/2022 13:42:38] !aol
[4/6/2022 14:10:53] !frags
[4/6/2022 14:15:51] !frags
[5/6/2022 10:4:58] 
[5/6/2022 10:5:19] 
[5/6/2022 18:37:42] 
[5/6/2022 18:39:42] 
[5/6/2022 18:40:13] !online
[5/6/2022 18:43:45] 
[5/6/2022 18:46:45] 
[5/6/2022 20:41:20] 
[5/6/2022 20:43:23] 
[5/6/2022 20:49:57] !online
[5/6/2022 20:53:23] 
[5/6/2022 21:1:44] 
[5/6/2022 21:5:23] 
[5/6/2022 21:7:44] 
[5/6/2022 21:11:44] 
[5/6/2022 21:31:25] 
[5/6/2022 22:13:34] 
[5/6/2022 22:13:44] 
[5/6/2022 23:55:46] 
[6/6/2022 3:9:14] !aol
[6/6/2022 3:24:4] !aol
[6/6/2022 14:40:28] 
[6/6/2022 14:41:59] 
[6/6/2022 14:43:59] 
[6/6/2022 14:53:8] 
[6/6/2022 14:55:28] 
[6/6/2022 15:7:59] 
[6/6/2022 16:32:54] !aol
[6/6/2022 19:48:15] !frags
[6/6/2022 19:54:8] !frags
[6/6/2022 19:54:27] !frags
[6/6/2022 19:59:12] !frags
[6/6/2022 20:17:57] !aol
[6/6/2022 20:57:31] !frags
[6/6/2022 21:3:5] !aol
[6/6/2022 21:26:58] !frags
[6/6/2022 21:30:26] !frags
[6/6/2022 21:34:45] !frags
[6/6/2022 21:56:52] !frags
[6/6/2022 21:58:29] !frags
[6/6/2022 22:6:25] !online
[7/6/2022 19:1:47] 
[7/6/2022 19:3:47] 
[7/6/2022 19:31:55] !frags
[7/6/2022 19:32:7] !frags
[7/6/2022 19:32:9] !frags
[7/6/2022 19:37:42] !frags
[7/6/2022 19:41:47] !frags
[7/6/2022 20:4:19] !frags
[7/6/2022 20:40:47] !online
