[12/2/2022 0:28:29] !aol
[12/2/2022 23:56:54] !aol
[13/2/2022 0:16:41] !aol
[13/2/2022 11:21:17] !emotespells
[13/2/2022 11:22:13] !emotespells on
[13/2/2022 13:27:28] !rank magic
[13/2/2022 16:16:3] !rank magic
[19/2/2022 18:54:32] !frags
[28/2/2022 23:57:41] !online
[1/3/2022 20:11:16] 
[6/3/2022 17:40:10] !rank magic
[6/3/2022 17:40:17] !online
[6/3/2022 23:45:3] !emotespells on
[18/3/2022 20:47:54] !online
[18/3/2022 21:15:8] !aol
[18/3/2022 21:18:42] !aol
[19/3/2022 11:17:23] !online
[19/3/2022 11:25:8] !aol
[19/3/2022 11:25:17] !online
[19/3/2022 12:18:55] !online
[19/3/2022 12:22:22] !online
[19/3/2022 13:5:47] !online
[20/3/2022 11:41:1] !online
[20/3/2022 12:54:33] !aol
[20/3/2022 12:54:56] !online
[20/3/2022 13:22:40] !aol
[20/3/2022 13:25:15] !aol
[20/3/2022 13:40:32] !aol
[20/3/2022 13:43:40] !aol
[20/3/2022 13:43:48] !online
[20/3/2022 13:46:32] !aol
