[11/2/2022 3:43:52] !aol
[11/2/2022 4:16:9] !aol
[11/2/2022 4:17:15] !aol
[11/2/2022 4:19:52] !aol
[11/2/2022 4:21:38] !aol
[11/2/2022 4:27:46] !aol
[11/2/2022 4:27:54] !aol
[11/2/2022 5:27:56] !aol
[11/2/2022 5:34:6] !aol
[11/2/2022 5:39:41] !aol
[11/2/2022 11:5:42] !aol
[11/2/2022 14:23:55] !aol
[12/2/2022 12:11:52] !aol
[12/2/2022 12:44:29] !buyhouse
[12/2/2022 12:44:33] aleta som
[12/2/2022 13:14:27] !aol
[12/2/2022 13:32:45] !aol
[12/2/2022 13:45:38] !aol
[14/2/2022 1:44:41] !aol
[14/2/2022 22:23:52] aleta sio
[14/2/2022 22:26:27] alana sio
[15/2/2022 1:48:14] !frags
[15/2/2022 19:59:3] !emotespells
[17/2/2022 4:2:24] !frags
[17/2/2022 5:44:42] aleta sio
[17/2/2022 5:52:30] !aol
[19/2/2022 2:34:44] !aol
[19/2/2022 17:15:21] !frags
[19/2/2022 22:15:37] aleta sio
[19/2/2022 22:24:5] aleta sio
[21/2/2022 1:36:44] aleta sio
[21/2/2022 3:54:27] !frags
[24/2/2022 13:57:55] !aol
[24/2/2022 14:0:14] !aol
[24/2/2022 14:15:29] !aol
[24/2/2022 14:59:46] !buyhouse
[25/2/2022 13:14:18] !aol
[25/2/2022 13:47:27] !aol
[25/2/2022 20:30:57] !aol
[26/2/2022 2:10:57] !buyhouse
[26/2/2022 2:59:33] !buyhouse
[26/2/2022 6:7:49] !aol
[26/2/2022 12:6:55] !aol
[26/2/2022 12:8:2] !aol
[26/2/2022 12:9:57] !aol
[26/2/2022 12:11:26] !aol
[26/2/2022 12:12:11] !aol
[26/2/2022 12:15:37] !aol
[26/2/2022 12:31:44] !aol
[26/2/2022 12:54:18] !aol
[26/2/2022 13:0:6] !aol
[26/2/2022 13:21:26] !aol
[27/2/2022 20:57:34] aleta sio
[1/3/2022 20:34:20] !frags
[3/3/2022 3:4:0] !online
[4/3/2022 2:28:22] !aol
[5/3/2022 3:37:51] !aol
[5/3/2022 7:42:44] !aol
