[12/12/2021 11:26:35] !wand ice
[14/12/2021 14:9:2] !wand ice
[14/12/2021 14:36:4] !aol
[14/12/2021 15:0:57] !wand ice
[14/12/2021 15:11:0] 
[14/12/2021 15:12:0] 
[14/12/2021 15:59:29] !emotespells on
[14/12/2021 17:24:35] 
[14/12/2021 17:25:35] 
[14/12/2021 18:24:2] 
[14/12/2021 18:25:3] 
[15/12/2021 0:32:58] !aol
[15/12/2021 0:33:25] 
[15/12/2021 1:12:3] 
[15/12/2021 16:25:18] !wand death
[15/12/2021 17:24:23] !aol
[15/12/2021 17:30:46] !wand death
[16/12/2021 22:2:42] !aol
[16/12/2021 22:38:19] !wand death
[17/12/2021 6:45:40] !aol
[17/12/2021 6:46:51] !wand ice
[17/12/2021 14:3:52] !aol
[17/12/2021 14:12:30] 
[17/12/2021 14:17:31] 
[17/12/2021 19:27:58] !wand death
[18/12/2021 8:37:23] !aol
[18/12/2021 8:40:50] !wand death
[18/12/2021 8:47:4] !wand ice
[18/12/2021 11:38:32] !aol
[18/12/2021 11:41:36] !wand ice
[18/12/2021 13:54:35] !aol
[18/12/2021 13:56:37] !wand ice
[18/12/2021 16:4:37] !wand ice
[18/12/2021 19:42:32] !aol
[18/12/2021 22:43:20] !wand ice
[19/12/2021 11:14:52] !aol
[19/12/2021 11:26:51] !wand ice
[19/12/2021 13:28:57] !wand ice
[19/12/2021 14:13:47] !wand ice
[19/12/2021 15:5:57] !wand ice
[19/12/2021 15:16:32] !wand ice
[19/12/2021 17:28:49] !aol
[19/12/2021 17:29:38] !wand ice
[19/12/2021 17:48:22] !wand death
[19/12/2021 18:12:19] !wand ice
[20/12/2021 6:38:57] !aol
[20/12/2021 6:41:11] !wand ice
[20/12/2021 8:26:51] 
[20/12/2021 12:1:47] 
[20/12/2021 21:37:40] !aol
