[12/12/2021 10:41:6] !wand ice
[12/12/2021 10:42:24] !emotespells on 
[12/12/2021 11:0:14] !aol
[12/12/2021 11:0:27] !wand ice
[12/12/2021 11:6:17] !aol
[12/12/2021 12:7:22] !wand ice
[12/12/2021 20:4:58] !aol
[14/12/2021 14:33:18] 
[14/12/2021 14:34:21] !wand ice
[14/12/2021 14:35:18] 
[14/12/2021 14:41:18] 
[14/12/2021 20:52:40] !aol
[15/12/2021 0:31:30] !aol
[15/12/2021 0:39:28] 
[15/12/2021 1:17:37] 
[15/12/2021 1:31:41] 
[15/12/2021 16:25:15] !wand death
[15/12/2021 17:24:1] !aol
[15/12/2021 17:30:44] !wand death
[16/12/2021 19:3:34] 
[16/12/2021 19:39:7] 
[16/12/2021 22:2:19] !aol
[16/12/2021 22:3:16] 
[16/12/2021 22:38:17] !wand death
[17/12/2021 6:45:24] !aol
[17/12/2021 6:46:47] !wand ice
[17/12/2021 19:27:54] !wand death
[18/12/2021 8:37:4] !aol
[18/12/2021 8:40:47] !wand death
[18/12/2021 8:47:0] !wand ice
[18/12/2021 11:39:39] !aol
[18/12/2021 11:41:34] !wand ice
[18/12/2021 13:54:16] !aol
[18/12/2021 13:56:35] !wand ice
[18/12/2021 16:2:33] 
[18/12/2021 16:3:28] 
[18/12/2021 16:4:33] !wand ice
[18/12/2021 20:7:29] !aol
[18/12/2021 22:43:17] !wand ice
[19/12/2021 11:14:39] !aol
[19/12/2021 11:26:49] !wand ice
[19/12/2021 13:29:1] !wand ice
[19/12/2021 14:13:50] !wand ice
[19/12/2021 14:25:26] !wand ice
[19/12/2021 14:35:53] !aol
[19/12/2021 15:5:53] !wand ice
[19/12/2021 15:15:21] !aol
[19/12/2021 15:16:27] !wand ice
[19/12/2021 17:28:41] !aol
[19/12/2021 17:29:35] !wand ice
[19/12/2021 17:48:18] !wand death
[19/12/2021 18:12:16] !wand ice
[20/12/2021 6:39:14] !aol
