[10/11/2023 11:32:41] !aol
[10/11/2023 11:44:49] !aol
[10/11/2023 20:12:33] !aol
[11/11/2023 0:36:46] !aol
[11/11/2023 23:17:32] !aol
[12/11/2023 21:30:38] !aol
[13/11/2023 9:16:31] !buyhouse
[13/11/2023 10:33:3] !buyhouse
[13/11/2023 10:33:57] aleta som
[13/11/2023 10:34:6] aleta som
[17/11/2023 17:56:56] !serverinfo
[17/11/2023 21:10:35] !aol
[18/11/2023 3:6:41] !aol
[18/11/2023 10:27:56] !aol
[19/11/2023 15:47:23] !online
[19/11/2023 18:54:49] !aol
[20/11/2023 11:51:45] !aol
[20/11/2023 11:59:1] !aol
[20/11/2023 13:33:14] !aol
[20/11/2023 13:33:37] !buyhouse
[20/11/2023 13:59:41] !aol
[20/11/2023 15:31:49] aleta som
[20/11/2023 16:22:0] !aol
[20/11/2023 17:44:31] !emotespells on
[20/11/2023 17:44:42] !emotespells off
[20/11/2023 17:44:48] !emotespells on.
[20/11/2023 17:44:55] !emotespells on
[20/11/2023 21:17:33] !aol
[21/11/2023 8:1:26] !aol
[22/11/2023 2:33:7] !aol
[22/11/2023 15:28:33] !aol
[25/11/2023 12:5:35] !online
[25/11/2023 20:11:6] !online
[25/11/2023 20:28:25] !online
[26/11/2023 1:48:30] !online
[26/11/2023 2:5:11] !online
[26/11/2023 3:27:3] !online
[26/11/2023 5:50:2] !online
[26/11/2023 5:50:4] !save
[26/11/2023 5:50:7] !save
[26/11/2023 5:50:11] !save
[26/11/2023 5:50:13] !save
[26/11/2023 6:28:28] !online
[27/11/2023 19:42:10] !online
[27/11/2023 20:20:2] !online
[27/11/2023 20:20:3] !rank
[27/11/2023 20:20:6] !rank level
[27/11/2023 23:2:49] !aol
[28/11/2023 23:23:47] !buyhouse
[28/11/2023 23:24:35] !online
[29/11/2023 20:20:5] !online
[1/12/2023 22:9:30] !rank level
[2/12/2023 9:55:3] !online
[3/12/2023 20:40:37] !online
[3/12/2023 21:17:53] !online
[3/12/2023 21:18:3] !rank distance
[3/12/2023 21:59:14] !buyhouse
[3/12/2023 21:59:18] !buyhouse
[3/12/2023 21:59:19] !buyhouse
[3/12/2023 22:35:40] !online
[4/12/2023 10:40:5] !serverinfo
[4/12/2023 11:0:45] !online
[4/12/2023 12:17:19] !online
[4/12/2023 12:23:21] !serverinfo
[4/12/2023 13:36:7] !online
[4/12/2023 14:25:31] !online
[4/12/2023 14:39:51] !online
[4/12/2023 14:40:40] !serverinfo
[4/12/2023 15:23:1] !serverinfo
[4/12/2023 15:38:27] !serverinfo
[5/12/2023 11:21:15] !online
[5/12/2023 11:25:28] !online
[5/12/2023 11:25:35] !online
[5/12/2023 11:29:24] !online
[5/12/2023 11:41:53] !online
[5/12/2023 11:51:47] !online
[5/12/2023 11:55:7] !online
[5/12/2023 11:58:12] !online
[5/12/2023 11:58:29] !serverinfo
[5/12/2023 12:34:31] !buyhouse
[5/12/2023 12:45:37] !online
[5/12/2023 12:52:55] !serverinfo
[5/12/2023 13:56:15] !leavehouse
[5/12/2023 14:12:52] !online
[5/12/2023 14:22:31] !serverinfo
[5/12/2023 14:46:43] !online
[5/12/2023 14:46:45] !online
[5/12/2023 14:46:48] !online
[5/12/2023 14:47:21] !online
[5/12/2023 14:47:58] !online
[5/12/2023 20:51:43] !online
[5/12/2023 20:53:0] !rank distance
[5/12/2023 20:53:38] !rank distance
[5/12/2023 21:26:57] !rank level
[5/12/2023 23:30:9] !serverinfo
[5/12/2023 23:51:58] !serverinfo
[5/12/2023 23:52:25] !serverinfo
[6/12/2023 1:9:6] !rank level
[6/12/2023 1:9:13] /t
[6/12/2023 1:9:50] /t
[6/12/2023 1:10:10] !rank level
[6/12/2023 1:11:2] /t
[6/12/2023 1:11:29] /addskill Malaquias Tombador, distance
[6/12/2023 1:11:31] /addskill Malaquias Tombador, distance
[6/12/2023 1:11:32] /addskill Malaquias Tombador, distance
[6/12/2023 1:11:38] /addskill Malaquias Tombador, distance
[6/12/2023 1:11:38] /addskill Malaquias Tombador, distance
[6/12/2023 1:11:38] /addskill Malaquias Tombador, distance
[6/12/2023 1:11:39] /addskill Malaquias Tombador, distance
[6/12/2023 1:11:39] /addskill Malaquias Tombador, distance
[6/12/2023 1:11:39] /addskill Malaquias Tombador, distance
[6/12/2023 1:11:39] /addskill Malaquias Tombador, distance
[6/12/2023 1:11:39] /addskill Malaquias Tombador, distance
[6/12/2023 1:11:39] /addskill Malaquias Tombador, distance
[6/12/2023 1:11:39] /addskill Malaquias Tombador, distance
[6/12/2023 1:11:39] /addskill Malaquias Tombador, distance
[6/12/2023 1:11:39] /addskill Malaquias Tombador, distance
[6/12/2023 1:11:40] /addskill Malaquias Tombador, distance
[6/12/2023 1:11:40] /addskill Malaquias Tombador, distance
[6/12/2023 1:11:40] /addskill Malaquias Tombador, distance
[6/12/2023 1:11:40] /addskill Malaquias Tombador, distance
[6/12/2023 1:11:40] /addskill Malaquias Tombador, distance
[6/12/2023 1:11:40] /addskill Malaquias Tombador, distance
[6/12/2023 1:11:40] /addskill Malaquias Tombador, distance
[6/12/2023 1:11:40] /addskill Malaquias Tombador, distance
[6/12/2023 1:11:40] /addskill Malaquias Tombador, distance
[6/12/2023 1:11:41] /addskill Malaquias Tombador, distance
[6/12/2023 1:11:41] /addskill Malaquias Tombador, distance
[6/12/2023 1:11:41] /addskill Malaquias Tombador, distance
[6/12/2023 1:11:41] /addskill Malaquias Tombador, distance
[6/12/2023 1:11:41] /addskill Malaquias Tombador, distance
[6/12/2023 1:11:41] /addskill Malaquias Tombador, distance
[6/12/2023 1:11:41] /addskill Malaquias Tombador, distance
[6/12/2023 1:11:41] /addskill Malaquias Tombador, distance
[6/12/2023 1:11:41] /addskill Malaquias Tombador, distance
[6/12/2023 1:11:42] /addskill Malaquias Tombador, distance
[6/12/2023 1:11:42] /addskill Malaquias Tombador, distance
[6/12/2023 1:11:42] /addskill Malaquias Tombador, distance
[6/12/2023 1:11:42] /addskill Malaquias Tombador, distance
[6/12/2023 1:11:42] /addskill Malaquias Tombador, distance
[6/12/2023 1:11:42] /addskill Malaquias Tombador, distance
[6/12/2023 1:11:42] /addskill Malaquias Tombador, distance
[6/12/2023 1:11:42] /addskill Malaquias Tombador, distance
[6/12/2023 1:11:42] /addskill Malaquias Tombador, distance
[6/12/2023 1:11:42] /addskill Malaquias Tombador, distance
[6/12/2023 1:11:43] /addskill Malaquias Tombador, distance
[6/12/2023 1:11:43] /addskill Malaquias Tombador, distance
[6/12/2023 1:11:43] /addskill Malaquias Tombador, distance
[6/12/2023 1:11:43] /addskill Malaquias Tombador, distance
[6/12/2023 1:11:43] /addskill Malaquias Tombador, distance
[6/12/2023 1:11:43] /addskill Malaquias Tombador, distance
[6/12/2023 1:11:43] /addskill Malaquias Tombador, distance
[6/12/2023 1:11:43] /addskill Malaquias Tombador, distance
[6/12/2023 1:11:43] /addskill Malaquias Tombador, distance
[6/12/2023 1:11:44] /addskill Malaquias Tombador, distance
[6/12/2023 1:11:44] /addskill Malaquias Tombador, distance
[6/12/2023 1:11:44] /addskill Malaquias Tombador, distance
[6/12/2023 1:11:44] /addskill Malaquias Tombador, distance
[6/12/2023 1:11:44] /addskill Malaquias Tombador, distance
[6/12/2023 1:11:44] /addskill Malaquias Tombador, distance
[6/12/2023 1:11:44] /addskill Malaquias Tombador, distance
[6/12/2023 1:11:44] /addskill Malaquias Tombador, distance
[6/12/2023 1:11:44] /addskill Malaquias Tombador, distance
[6/12/2023 1:11:45] /addskill Malaquias Tombador, distance
[6/12/2023 1:11:45] /addskill Malaquias Tombador, distance
[6/12/2023 1:11:45] /addskill Malaquias Tombador, distance
[6/12/2023 1:11:45] /addskill Malaquias Tombador, distance
[6/12/2023 1:11:45] /addskill Malaquias Tombador, distance
[6/12/2023 1:11:45] /addskill Malaquias Tombador, distance
[6/12/2023 1:11:45] /addskill Malaquias Tombador, distance
[6/12/2023 1:11:45] /addskill Malaquias Tombador, distance
[6/12/2023 1:11:45] /addskill Malaquias Tombador, distance
[6/12/2023 1:11:46] /addskill Malaquias Tombador, distance
[6/12/2023 1:11:46] /addskill Malaquias Tombador, distance
[6/12/2023 1:11:46] /addskill Malaquias Tombador, distance
[6/12/2023 1:11:46] /addskill Malaquias Tombador, distance
[6/12/2023 1:11:46] /addskill Malaquias Tombador, distance
[6/12/2023 1:11:46] /addskill Malaquias Tombador, distance
[6/12/2023 1:11:46] /addskill Malaquias Tombador, distance
[6/12/2023 1:11:46] /addskill Malaquias Tombador, distance
[6/12/2023 1:11:46] /addskill Malaquias Tombador, distance
[6/12/2023 1:11:47] /addskill Malaquias Tombador, distance
[6/12/2023 1:11:47] /addskill Malaquias Tombador, distance
[6/12/2023 1:11:47] /addskill Malaquias Tombador, distance
[6/12/2023 1:11:47] /addskill Malaquias Tombador, distance
[6/12/2023 1:11:47] /addskill Malaquias Tombador, distance
[6/12/2023 1:11:47] /addskill Malaquias Tombador, distance
[6/12/2023 1:11:47] /addskill Malaquias Tombador, distance
[6/12/2023 1:11:47] /addskill Malaquias Tombador, distance
[6/12/2023 1:11:47] /addskill Malaquias Tombador, distance
[6/12/2023 1:11:48] /addskill Malaquias Tombador, distance
[6/12/2023 1:11:48] /addskill Malaquias Tombador, distance
[6/12/2023 1:11:48] /addskill Malaquias Tombador, distance
[6/12/2023 1:11:48] /addskill Malaquias Tombador, distance
[6/12/2023 1:11:51] !rank distance
[6/12/2023 1:11:58] !rank level
[6/12/2023 1:12:5] /addskill Malaquias Tombador, shield
[6/12/2023 1:12:5] /addskill Malaquias Tombador, shield
[6/12/2023 1:12:5] /addskill Malaquias Tombador, shield
[6/12/2023 1:12:5] /addskill Malaquias Tombador, shield
[6/12/2023 1:12:5] /addskill Malaquias Tombador, shield
[6/12/2023 1:12:6] /addskill Malaquias Tombador, shield
[6/12/2023 1:12:6] /addskill Malaquias Tombador, shield
[6/12/2023 1:12:6] /addskill Malaquias Tombador, shield
[6/12/2023 1:12:6] /addskill Malaquias Tombador, shield
[6/12/2023 1:12:6] /addskill Malaquias Tombador, shield
[6/12/2023 1:12:6] /addskill Malaquias Tombador, shield
[6/12/2023 1:12:6] /addskill Malaquias Tombador, shield
[6/12/2023 1:12:6] /addskill Malaquias Tombador, shield
[6/12/2023 1:12:6] /addskill Malaquias Tombador, shield
[6/12/2023 1:12:6] /addskill Malaquias Tombador, shield
[6/12/2023 1:12:7] /addskill Malaquias Tombador, shield
[6/12/2023 1:12:7] /addskill Malaquias Tombador, shield
[6/12/2023 1:12:7] /addskill Malaquias Tombador, shield
[6/12/2023 1:12:7] /addskill Malaquias Tombador, shield
[6/12/2023 1:12:7] /addskill Malaquias Tombador, shield
[6/12/2023 1:12:7] /addskill Malaquias Tombador, shield
[6/12/2023 1:12:7] /addskill Malaquias Tombador, shield
[6/12/2023 1:12:7] /addskill Malaquias Tombador, shield
[6/12/2023 1:12:7] /addskill Malaquias Tombador, shield
[6/12/2023 1:12:8] /addskill Malaquias Tombador, shield
[6/12/2023 1:12:8] /addskill Malaquias Tombador, shield
[6/12/2023 1:12:8] /addskill Malaquias Tombador, shield
[6/12/2023 1:12:8] /addskill Malaquias Tombador, shield
[6/12/2023 1:12:8] /addskill Malaquias Tombador, shield
[6/12/2023 1:12:8] /addskill Malaquias Tombador, shield
[6/12/2023 1:12:8] /addskill Malaquias Tombador, shield
[6/12/2023 1:12:8] /addskill Malaquias Tombador, shield
[6/12/2023 1:12:8] /addskill Malaquias Tombador, shield
[6/12/2023 1:12:9] /addskill Malaquias Tombador, shield
[6/12/2023 1:12:9] /addskill Malaquias Tombador, shield
[6/12/2023 1:12:9] /addskill Malaquias Tombador, shield
[6/12/2023 1:12:9] /addskill Malaquias Tombador, shield
[6/12/2023 1:12:9] /addskill Malaquias Tombador, shield
[6/12/2023 1:12:9] /addskill Malaquias Tombador, shield
[6/12/2023 1:12:9] /addskill Malaquias Tombador, shield
[6/12/2023 1:12:9] /addskill Malaquias Tombador, shield
[6/12/2023 1:12:9] /addskill Malaquias Tombador, shield
[6/12/2023 1:12:10] /addskill Malaquias Tombador, shield
[6/12/2023 1:12:10] /addskill Malaquias Tombador, shield
[6/12/2023 1:12:10] /addskill Malaquias Tombador, shield
[6/12/2023 1:12:10] /addskill Malaquias Tombador, shield
[6/12/2023 1:12:10] /addskill Malaquias Tombador, shield
[6/12/2023 1:12:10] /addskill Malaquias Tombador, shield
[6/12/2023 1:12:10] /addskill Malaquias Tombador, shield
[6/12/2023 1:12:10] /addskill Malaquias Tombador, shield
[6/12/2023 1:12:10] /addskill Malaquias Tombador, shield
[6/12/2023 1:12:11] /addskill Malaquias Tombador, shield
[6/12/2023 1:12:11] /addskill Malaquias Tombador, shield
[6/12/2023 1:12:11] /addskill Malaquias Tombador, shield
[6/12/2023 1:12:11] /addskill Malaquias Tombador, shield
[6/12/2023 1:12:11] /addskill Malaquias Tombador, shield
[6/12/2023 1:12:11] /addskill Malaquias Tombador, shield
[6/12/2023 1:12:11] /addskill Malaquias Tombador, shield
[6/12/2023 1:12:11] /addskill Malaquias Tombador, shield
[6/12/2023 1:12:11] /addskill Malaquias Tombador, shield
[6/12/2023 1:12:12] /addskill Malaquias Tombador, shield
[6/12/2023 1:12:12] /addskill Malaquias Tombador, shield
[6/12/2023 1:12:12] /addskill Malaquias Tombador, shield
[6/12/2023 1:12:12] /addskill Malaquias Tombador, shield
[6/12/2023 1:12:12] /addskill Malaquias Tombador, shield
[6/12/2023 1:12:12] /addskill Malaquias Tombador, shield
[6/12/2023 1:12:12] /addskill Malaquias Tombador, shield
[6/12/2023 1:12:12] /addskill Malaquias Tombador, shield
[6/12/2023 1:12:12] /addskill Malaquias Tombador, shield
[6/12/2023 1:12:13] /addskill Malaquias Tombador, shield
[6/12/2023 1:12:13] /addskill Malaquias Tombador, shield
[6/12/2023 1:12:13] /addskill Malaquias Tombador, shield
[6/12/2023 1:12:13] /addskill Malaquias Tombador, shield
[6/12/2023 1:12:13] /addskill Malaquias Tombador, shield
[6/12/2023 1:12:13] /addskill Malaquias Tombador, shield
[6/12/2023 1:12:13] /addskill Malaquias Tombador, shield
[6/12/2023 1:12:13] /addskill Malaquias Tombador, shield
[6/12/2023 1:12:13] /addskill Malaquias Tombador, shield
[6/12/2023 1:12:13] /addskill Malaquias Tombador, shield
[6/12/2023 1:12:14] /addskill Malaquias Tombador, shield
[6/12/2023 1:12:14] /addskill Malaquias Tombador, shield
[6/12/2023 1:12:14] /addskill Malaquias Tombador, shield
[6/12/2023 1:12:14] /addskill Malaquias Tombador, shield
[6/12/2023 1:12:14] /addskill Malaquias Tombador, shield
[6/12/2023 1:12:14] /addskill Malaquias Tombador, shield
[6/12/2023 1:12:14] /addskill Malaquias Tombador, shield
[6/12/2023 1:12:14] /addskill Malaquias Tombador, shield
[6/12/2023 1:12:14] /addskill Malaquias Tombador, shield
[6/12/2023 1:12:15] /addskill Malaquias Tombador, shield
[6/12/2023 1:12:15] /addskill Malaquias Tombador, shield
[6/12/2023 1:12:15] /addskill Malaquias Tombador, shield
[6/12/2023 1:12:15] /addskill Malaquias Tombador, shield
[6/12/2023 1:12:15] /addskill Malaquias Tombador, shield
[6/12/2023 1:12:15] /addskill Malaquias Tombador, shield
[6/12/2023 1:12:15] /addskill Malaquias Tombador, shield
[6/12/2023 1:12:15] /addskill Malaquias Tombador, shield
[6/12/2023 1:12:15] /addskill Malaquias Tombador, shield
[6/12/2023 1:12:16] /addskill Malaquias Tombador, shield
[6/12/2023 1:12:16] /addskill Malaquias Tombador, shield
[6/12/2023 1:12:16] /addskill Malaquias Tombador, shield
[6/12/2023 1:12:16] /addskill Malaquias Tombador, shield
[6/12/2023 1:12:16] /addskill Malaquias Tombador, shield
[6/12/2023 1:12:16] /addskill Malaquias Tombador, shield
[6/12/2023 1:12:16] /addskill Malaquias Tombador, shield
[6/12/2023 1:12:16] /addskill Malaquias Tombador, shield
[6/12/2023 1:12:16] /addskill Malaquias Tombador, shield
[6/12/2023 1:12:17] /addskill Malaquias Tombador, shield
[6/12/2023 1:12:17] /addskill Malaquias Tombador, shield
[6/12/2023 1:12:17] /addskill Malaquias Tombador, shield
[6/12/2023 1:12:17] /addskill Malaquias Tombador, shield
[6/12/2023 1:12:17] /addskill Malaquias Tombador, shield
[6/12/2023 1:12:17] /addskill Malaquias Tombador, shield
[6/12/2023 1:12:17] /addskill Malaquias Tombador, shield
[6/12/2023 1:12:17] /addskill Malaquias Tombador, shield
[6/12/2023 1:12:17] /addskill Malaquias Tombador, shield
[6/12/2023 1:12:17] /addskill Malaquias Tombador, shield
[6/12/2023 1:12:18] /addskill Malaquias Tombador, shield
[6/12/2023 1:12:18] /addskill Malaquias Tombador, shield
[6/12/2023 1:12:18] /addskill Malaquias Tombador, shield
[6/12/2023 1:12:18] /addskill Malaquias Tombador, shield
[6/12/2023 1:12:18] /addskill Malaquias Tombador, shield
[6/12/2023 1:12:18] /addskill Malaquias Tombador, shield
[6/12/2023 1:12:18] /addskill Malaquias Tombador, shield
[6/12/2023 1:12:18] /addskill Malaquias Tombador, shield
[6/12/2023 1:12:18] /addskill Malaquias Tombador, shield
[6/12/2023 1:12:19] /addskill Malaquias Tombador, shield
[6/12/2023 1:12:19] /addskill Malaquias Tombador, shield
[6/12/2023 1:12:19] /addskill Malaquias Tombador, shield
[6/12/2023 1:12:19] /addskill Malaquias Tombador, shield
[6/12/2023 1:12:19] /addskill Malaquias Tombador, shield
[6/12/2023 1:12:19] /addskill Malaquias Tombador, shield
[6/12/2023 1:12:19] /addskill Malaquias Tombador, shield
[6/12/2023 1:12:19] /addskill Malaquias Tombador, shield
[6/12/2023 1:12:19] /addskill Malaquias Tombador, shield
[6/12/2023 1:12:20] /addskill Malaquias Tombador, shield
[6/12/2023 1:12:20] /addskill Malaquias Tombador, shield
[6/12/2023 1:12:20] /addskill Malaquias Tombador, shield
[6/12/2023 1:12:20] /addskill Malaquias Tombador, shield
[6/12/2023 1:12:20] /addskill Malaquias Tombador, shield
[6/12/2023 1:12:20] /addskill Malaquias Tombador, shield
[6/12/2023 1:12:20] /addskill Malaquias Tombador, shield
[6/12/2023 1:12:20] /addskill Malaquias Tombador, shield
[6/12/2023 1:12:20] /addskill Malaquias Tombador, shield
[6/12/2023 1:12:21] /addskill Malaquias Tombador, shield
[6/12/2023 1:12:21] /addskill Malaquias Tombador, shield
[6/12/2023 1:12:21] /addskill Malaquias Tombador, shield
[6/12/2023 1:12:21] /addskill Malaquias Tombador, shield
[6/12/2023 1:12:21] /addskill Malaquias Tombador, shield
[6/12/2023 1:12:21] /addskill Malaquias Tombador, shield
[6/12/2023 1:12:21] /addskill Malaquias Tombador, shield
[6/12/2023 1:12:21] /addskill Malaquias Tombador, shield
[6/12/2023 1:12:21] /addskill Malaquias Tombador, shield
[6/12/2023 1:12:22] /addskill Malaquias Tombador, shield
[6/12/2023 1:12:22] /addskill Malaquias Tombador, shield
[6/12/2023 1:12:22] /addskill Malaquias Tombador, shield
[6/12/2023 1:12:22] /addskill Malaquias Tombador, shield
[6/12/2023 1:12:22] /addskill Malaquias Tombador, shield
[6/12/2023 1:12:22] /addskill Malaquias Tombador, shield
[6/12/2023 1:12:22] /addskill Malaquias Tombador, shield
[6/12/2023 1:12:22] /addskill Malaquias Tombador, shield
[6/12/2023 1:12:22] /addskill Malaquias Tombador, shield
[6/12/2023 1:12:22] /addskill Malaquias Tombador, shield
[6/12/2023 1:12:23] /addskill Malaquias Tombador, shield
[6/12/2023 1:12:23] /addskill Malaquias Tombador, shield
[6/12/2023 1:12:23] /addskill Malaquias Tombador, shield
[6/12/2023 1:12:23] /addskill Malaquias Tombador, shield
[6/12/2023 1:12:23] /addskill Malaquias Tombador, shield
[6/12/2023 1:12:23] /addskill Malaquias Tombador, shield
[6/12/2023 1:12:23] /addskill Malaquias Tombador, shield
[6/12/2023 1:12:23] /addskill Malaquias Tombador, shield
[6/12/2023 1:12:23] /addskill Malaquias Tombador, shield
[6/12/2023 1:12:24] /addskill Malaquias Tombador, shield
[6/12/2023 1:12:24] /addskill Malaquias Tombador, shield
[6/12/2023 1:12:24] /addskill Malaquias Tombador, shield
[6/12/2023 1:12:24] /addskill Malaquias Tombador, shield
[6/12/2023 1:12:24] /addskill Malaquias Tombador, shield
[6/12/2023 1:12:24] /addskill Malaquias Tombador, shield
[6/12/2023 1:12:24] /addskill Malaquias Tombador, shield
[6/12/2023 1:12:24] /addskill Malaquias Tombador, shield
[6/12/2023 1:12:24] /addskill Malaquias Tombador, shield
[6/12/2023 1:12:25] /addskill Malaquias Tombador, shield
[6/12/2023 1:12:25] /addskill Malaquias Tombador, shield
[6/12/2023 1:12:25] /addskill Malaquias Tombador, shield
[6/12/2023 1:12:25] /addskill Malaquias Tombador, shield
[6/12/2023 1:12:25] /addskill Malaquias Tombador, shield
[6/12/2023 1:12:25] /addskill Malaquias Tombador, shield
[6/12/2023 1:12:25] /addskill Malaquias Tombador, shield
[6/12/2023 1:12:25] /addskill Malaquias Tombador, shield
[6/12/2023 1:12:25] /addskill Malaquias Tombador, shield
[6/12/2023 1:12:26] /addskill Malaquias Tombador, shield
[6/12/2023 1:12:26] /addskill Malaquias Tombador, shield
[6/12/2023 1:12:26] /addskill Malaquias Tombador, shield
[6/12/2023 1:12:33] /addskill Malaquias Tombador, magic
[6/12/2023 1:12:33] /addskill Malaquias Tombador, magic
[6/12/2023 1:12:33] /addskill Malaquias Tombador, magic
[6/12/2023 1:12:33] /addskill Malaquias Tombador, magic
[6/12/2023 1:12:33] /addskill Malaquias Tombador, magic
[6/12/2023 1:12:33] /addskill Malaquias Tombador, magic
[6/12/2023 1:12:33] /addskill Malaquias Tombador, magic
[6/12/2023 1:12:33] /addskill Malaquias Tombador, magic
[6/12/2023 1:12:33] /addskill Malaquias Tombador, magic
[6/12/2023 1:12:34] /addskill Malaquias Tombador, magic
[6/12/2023 1:12:34] /addskill Malaquias Tombador, magic
[6/12/2023 1:12:34] /addskill Malaquias Tombador, magic
[6/12/2023 1:12:34] /addskill Malaquias Tombador, magic
[6/12/2023 1:12:34] /addskill Malaquias Tombador, magic
[6/12/2023 1:12:34] /addskill Malaquias Tombador, magic
[6/12/2023 1:12:34] /addskill Malaquias Tombador, magic
[6/12/2023 1:12:34] /addskill Malaquias Tombador, magic
[6/12/2023 1:12:34] /addskill Malaquias Tombador, magic
[6/12/2023 1:12:35] /addskill Malaquias Tombador, magic
[6/12/2023 1:12:35] /addskill Malaquias Tombador, magic
[6/12/2023 1:12:35] /addskill Malaquias Tombador, magic
[6/12/2023 1:12:35] /addskill Malaquias Tombador, magic
[6/12/2023 1:12:35] /addskill Malaquias Tombador, magic
[6/12/2023 1:12:35] /addskill Malaquias Tombador, magic
[6/12/2023 1:12:35] /addskill Malaquias Tombador, magic
[6/12/2023 1:12:35] /addskill Malaquias Tombador, magic
[6/12/2023 1:12:35] /addskill Malaquias Tombador, magic
[6/12/2023 1:12:36] /addskill Malaquias Tombador, magic
[6/12/2023 1:12:36] /addskill Malaquias Tombador, magic
[6/12/2023 1:12:36] /addskill Malaquias Tombador, magic
[6/12/2023 1:12:36] /addskill Malaquias Tombador, magic
[6/12/2023 1:12:36] /addskill Malaquias Tombador, magic
[6/12/2023 1:12:36] /addskill Malaquias Tombador, magic
[6/12/2023 1:12:36] /addskill Malaquias Tombador, magic
[6/12/2023 1:12:36] /addskill Malaquias Tombador, magic
[6/12/2023 1:12:36] /addskill Malaquias Tombador, magic
[6/12/2023 1:12:37] /addskill Malaquias Tombador, magic
[6/12/2023 1:12:37] /addskill Malaquias Tombador, magic
[6/12/2023 1:12:37] /addskill Malaquias Tombador, magic
[6/12/2023 1:13:4] /level Malaquias Tombador, 1000
[6/12/2023 1:13:27] /level Malaquias Tombador, 99999999999
[6/12/2023 1:13:29] /level Malaquias Tombador, 9999999999
[6/12/2023 1:13:31] /level Malaquias Tombador, 999999999
[6/12/2023 1:13:32] /level Malaquias Tombador, 99999999
[6/12/2023 1:13:33] /level Malaquias Tombador, 9999999
[6/12/2023 1:13:34] /level Malaquias Tombador, 999999
[6/12/2023 1:13:35] /level Malaquias Tombador, 99999
[6/12/2023 1:13:44] /level Malaquias Tombador, 1000000
[6/12/2023 1:13:46] /level Malaquias Tombador, 100000
[6/12/2023 1:13:48] /level Malaquias Tombador, 100001
[6/12/2023 1:13:49] /level Malaquias Tombador, 100004
[6/12/2023 1:13:56] /level Malaquias Tombador, 100111
[6/12/2023 1:13:59] /level Malaquias Tombador, 111111
[6/12/2023 1:14:3] /level Malaquias Tombador, 111222
[6/12/2023 1:14:8] /level Malaquias Tombador, 222222
[6/12/2023 1:14:13] /level Malaquias Tombador, 999999
[6/12/2023 1:14:21] /level Malaquias Tombador, 750000
[6/12/2023 1:14:56] /attr maxhealth 999999999
[6/12/2023 1:14:56] /attr health 999999999
[6/12/2023 1:16:32] /ghost
[6/12/2023 1:16:41] /t
[6/12/2023 1:17:12] /t
[6/12/2023 1:17:15] /m Gaz'haragoth
[6/12/2023 1:17:21] /m Gaz'haragoth
[6/12/2023 1:17:22] /m Gaz'haragoth
[6/12/2023 1:17:23] /m Gaz'haragoth
[6/12/2023 1:17:37] /t
[6/12/2023 1:17:39] /m Gaz'haragoth
[6/12/2023 1:18:9] /m Gaz'haragoth
[6/12/2023 1:18:32] /i cobra axe
[6/12/2023 1:18:43] /addskill Malaquias Tombador, axe
[6/12/2023 1:18:43] /addskill Malaquias Tombador, axe
[6/12/2023 1:18:43] /addskill Malaquias Tombador, axe
[6/12/2023 1:18:43] /addskill Malaquias Tombador, axe
[6/12/2023 1:18:43] /addskill Malaquias Tombador, axe
[6/12/2023 1:18:43] /addskill Malaquias Tombador, axe
[6/12/2023 1:18:43] /addskill Malaquias Tombador, axe
[6/12/2023 1:18:44] /addskill Malaquias Tombador, axe
[6/12/2023 1:18:44] /addskill Malaquias Tombador, axe
[6/12/2023 1:18:44] /addskill Malaquias Tombador, axe
[6/12/2023 1:18:44] /addskill Malaquias Tombador, axe
[6/12/2023 1:18:44] /addskill Malaquias Tombador, axe
[6/12/2023 1:18:44] /addskill Malaquias Tombador, axe
[6/12/2023 1:18:44] /addskill Malaquias Tombador, axe
[6/12/2023 1:18:44] /addskill Malaquias Tombador, axe
[6/12/2023 1:18:44] /addskill Malaquias Tombador, axe
[6/12/2023 1:18:45] /addskill Malaquias Tombador, axe
[6/12/2023 1:18:45] /addskill Malaquias Tombador, axe
[6/12/2023 1:18:45] /addskill Malaquias Tombador, axe
[6/12/2023 1:18:45] /addskill Malaquias Tombador, axe
[6/12/2023 1:18:45] /addskill Malaquias Tombador, axe
[6/12/2023 1:18:45] /addskill Malaquias Tombador, axe
[6/12/2023 1:18:45] /addskill Malaquias Tombador, axe
[6/12/2023 1:18:45] /addskill Malaquias Tombador, axe
[6/12/2023 1:18:45] /addskill Malaquias Tombador, axe
[6/12/2023 1:18:46] /addskill Malaquias Tombador, axe
[6/12/2023 1:18:46] /addskill Malaquias Tombador, axe
[6/12/2023 1:18:46] /addskill Malaquias Tombador, axe
[6/12/2023 1:18:46] /addskill Malaquias Tombador, axe
[6/12/2023 1:18:46] /addskill Malaquias Tombador, axe
[6/12/2023 1:18:46] /addskill Malaquias Tombador, axe
[6/12/2023 1:18:46] /addskill Malaquias Tombador, axe
[6/12/2023 1:18:46] /addskill Malaquias Tombador, axe
[6/12/2023 1:18:46] /addskill Malaquias Tombador, axe
[6/12/2023 1:18:47] /addskill Malaquias Tombador, axe
[6/12/2023 1:18:47] /addskill Malaquias Tombador, axe
[6/12/2023 1:18:47] /addskill Malaquias Tombador, axe
[6/12/2023 1:18:47] /addskill Malaquias Tombador, axe
[6/12/2023 1:18:47] /addskill Malaquias Tombador, axe
[6/12/2023 1:18:47] /addskill Malaquias Tombador, axe
[6/12/2023 1:18:47] /addskill Malaquias Tombador, axe
[6/12/2023 1:18:47] /addskill Malaquias Tombador, axe
[6/12/2023 1:18:47] /addskill Malaquias Tombador, axe
[6/12/2023 1:18:48] /addskill Malaquias Tombador, axe
[6/12/2023 1:18:48] /addskill Malaquias Tombador, axe
[6/12/2023 1:18:48] /addskill Malaquias Tombador, axe
[6/12/2023 1:18:48] /addskill Malaquias Tombador, axe
[6/12/2023 1:18:48] /addskill Malaquias Tombador, axe
[6/12/2023 1:18:48] /addskill Malaquias Tombador, axe
[6/12/2023 1:18:48] /addskill Malaquias Tombador, axe
[6/12/2023 1:18:48] /addskill Malaquias Tombador, axe
[6/12/2023 1:18:48] /addskill Malaquias Tombador, axe
[6/12/2023 1:18:49] /addskill Malaquias Tombador, axe
[6/12/2023 1:18:49] /addskill Malaquias Tombador, axe
[6/12/2023 1:18:49] /addskill Malaquias Tombador, axe
[6/12/2023 1:18:49] /addskill Malaquias Tombador, axe
[6/12/2023 1:18:49] /addskill Malaquias Tombador, axe
[6/12/2023 1:18:49] /addskill Malaquias Tombador, axe
[6/12/2023 1:18:49] /addskill Malaquias Tombador, axe
[6/12/2023 1:18:49] /addskill Malaquias Tombador, axe
[6/12/2023 1:18:49] /addskill Malaquias Tombador, axe
[6/12/2023 1:18:49] /addskill Malaquias Tombador, axe
[6/12/2023 1:18:50] /addskill Malaquias Tombador, axe
[6/12/2023 1:18:50] /addskill Malaquias Tombador, axe
[6/12/2023 1:18:50] /addskill Malaquias Tombador, axe
[6/12/2023 1:18:50] /addskill Malaquias Tombador, axe
[6/12/2023 1:18:50] /addskill Malaquias Tombador, axe
[6/12/2023 1:18:50] /addskill Malaquias Tombador, axe
[6/12/2023 1:18:50] /addskill Malaquias Tombador, axe
[6/12/2023 1:18:50] /addskill Malaquias Tombador, axe
[6/12/2023 1:18:50] /addskill Malaquias Tombador, axe
[6/12/2023 1:18:51] /addskill Malaquias Tombador, axe
[6/12/2023 1:18:51] /addskill Malaquias Tombador, axe
[6/12/2023 1:18:51] /addskill Malaquias Tombador, axe
[6/12/2023 1:18:51] /addskill Malaquias Tombador, axe
[6/12/2023 1:18:51] /addskill Malaquias Tombador, axe
[6/12/2023 1:18:51] /addskill Malaquias Tombador, axe
[6/12/2023 1:18:51] /addskill Malaquias Tombador, axe
[6/12/2023 1:18:51] /addskill Malaquias Tombador, axe
[6/12/2023 1:18:51] /addskill Malaquias Tombador, axe
[6/12/2023 1:18:52] /addskill Malaquias Tombador, axe
[6/12/2023 1:18:52] /addskill Malaquias Tombador, axe
[6/12/2023 1:18:52] /addskill Malaquias Tombador, axe
[6/12/2023 1:18:52] /addskill Malaquias Tombador, axe
[6/12/2023 1:18:52] /addskill Malaquias Tombador, axe
[6/12/2023 1:18:52] /addskill Malaquias Tombador, axe
[6/12/2023 1:18:52] /addskill Malaquias Tombador, axe
[6/12/2023 1:18:52] /addskill Malaquias Tombador, axe
[6/12/2023 1:18:52] /addskill Malaquias Tombador, axe
[6/12/2023 1:18:53] /addskill Malaquias Tombador, axe
[6/12/2023 1:18:53] /addskill Malaquias Tombador, axe
[6/12/2023 1:18:53] /addskill Malaquias Tombador, axe
[6/12/2023 1:18:53] /addskill Malaquias Tombador, axe
[6/12/2023 1:18:53] /addskill Malaquias Tombador, axe
[6/12/2023 1:18:53] /addskill Malaquias Tombador, axe
[6/12/2023 1:18:53] /addskill Malaquias Tombador, axe
[6/12/2023 1:18:53] /addskill Malaquias Tombador, axe
[6/12/2023 1:18:53] /addskill Malaquias Tombador, axe
[6/12/2023 1:18:54] /addskill Malaquias Tombador, axe
[6/12/2023 1:18:54] /addskill Malaquias Tombador, axe
[6/12/2023 1:18:54] /addskill Malaquias Tombador, axe
[6/12/2023 1:18:54] /addskill Malaquias Tombador, axe
[6/12/2023 1:18:54] /addskill Malaquias Tombador, axe
[6/12/2023 1:18:54] /addskill Malaquias Tombador, axe
[6/12/2023 1:18:54] /addskill Malaquias Tombador, axe
[6/12/2023 1:18:54] /addskill Malaquias Tombador, axe
[6/12/2023 1:18:54] /addskill Malaquias Tombador, axe
[6/12/2023 1:18:54] /addskill Malaquias Tombador, axe
[6/12/2023 1:18:55] /addskill Malaquias Tombador, axe
[6/12/2023 1:18:55] /addskill Malaquias Tombador, axe
[6/12/2023 1:18:55] /addskill Malaquias Tombador, axe
[6/12/2023 1:18:55] /addskill Malaquias Tombador, axe
[6/12/2023 1:18:55] /addskill Malaquias Tombador, axe
[6/12/2023 1:18:55] /addskill Malaquias Tombador, axe
[6/12/2023 1:18:55] /addskill Malaquias Tombador, axe
[6/12/2023 1:18:55] /addskill Malaquias Tombador, axe
[6/12/2023 1:18:55] /addskill Malaquias Tombador, axe
[6/12/2023 1:18:56] /addskill Malaquias Tombador, axe
[6/12/2023 1:18:56] /addskill Malaquias Tombador, axe
[6/12/2023 1:18:56] /addskill Malaquias Tombador, axe
[6/12/2023 1:18:56] /addskill Malaquias Tombador, axe
[6/12/2023 1:18:56] /addskill Malaquias Tombador, axe
[6/12/2023 1:18:56] /addskill Malaquias Tombador, axe
[6/12/2023 1:18:56] /addskill Malaquias Tombador, axe
[6/12/2023 1:18:56] /addskill Malaquias Tombador, axe
[6/12/2023 1:19:13] /i arrow
[6/12/2023 1:20:13] /m monk
[6/12/2023 1:20:15] /m monk
[6/12/2023 1:20:17] /m monk
[6/12/2023 1:20:18] /m monk
[6/12/2023 1:20:19] /m monk
[6/12/2023 1:20:23] /m monk
[6/12/2023 1:20:45] /m Gaz'haragoth
[6/12/2023 1:20:49] /m Gaz'haragoth
[6/12/2023 1:20:57] /m Gaz'haragoth
[6/12/2023 1:20:58] /m Gaz'haragoth
[6/12/2023 1:20:59] /m Gaz'haragoth
[6/12/2023 1:20:59] /m Gaz'haragoth
[6/12/2023 1:21:0] /m Gaz'haragoth
[6/12/2023 1:21:0] /m Gaz'haragoth
[6/12/2023 1:21:0] /m Gaz'haragoth
[6/12/2023 1:21:1] /m Gaz'haragoth
[6/12/2023 1:21:1] /m Gaz'haragoth
[6/12/2023 1:21:1] /m Gaz'haragoth
[6/12/2023 1:21:2] /m Gaz'haragoth
[6/12/2023 1:21:2] /m Gaz'haragoth
[6/12/2023 1:21:3] /m Gaz'haragoth
[6/12/2023 1:21:3] /m Gaz'haragoth
[6/12/2023 1:21:3] /m Gaz'haragoth
[6/12/2023 1:21:4] /m Gaz'haragoth
[6/12/2023 1:21:4] /m Gaz'haragoth
[6/12/2023 1:21:4] /m Gaz'haragoth
[6/12/2023 1:21:5] /m Gaz'haragoth
[6/12/2023 1:21:5] /m Gaz'haragoth
[6/12/2023 1:21:6] /m Gaz'haragoth
[6/12/2023 1:21:6] /m Gaz'haragoth
[6/12/2023 1:21:38] /addskill Kina Do Futuro, axe
[6/12/2023 1:21:40] /addskill Kina Do Futuro, axe
[6/12/2023 1:21:40] /addskill Kina Do Futuro, axe
[6/12/2023 1:21:40] /addskill Kina Do Futuro, axe
[6/12/2023 1:21:40] /addskill Kina Do Futuro, axe
[6/12/2023 1:21:40] /addskill Kina Do Futuro, axe
[6/12/2023 1:21:40] /addskill Kina Do Futuro, axe
[6/12/2023 1:21:41] /addskill Kina Do Futuro, axe
[6/12/2023 1:21:41] /addskill Kina Do Futuro, axe
[6/12/2023 1:21:41] /addskill Kina Do Futuro, axe
[6/12/2023 1:21:41] /addskill Kina Do Futuro, axe
[6/12/2023 1:21:41] /addskill Kina Do Futuro, axe
[6/12/2023 1:21:41] /addskill Kina Do Futuro, axe
[6/12/2023 1:21:43] /addskill Kina Do Futuro, axe
[6/12/2023 1:21:43] /addskill Kina Do Futuro, axe
[6/12/2023 1:21:43] /addskill Kina Do Futuro, axe
[6/12/2023 1:21:43] /addskill Kina Do Futuro, axe
[6/12/2023 1:21:43] /addskill Kina Do Futuro, axe
[6/12/2023 1:21:44] /addskill Kina Do Futuro, axe
[6/12/2023 1:21:44] /addskill Kina Do Futuro, axe
[6/12/2023 1:21:44] /addskill Kina Do Futuro, axe
[6/12/2023 1:21:44] /addskill Kina Do Futuro, axe
[6/12/2023 1:21:44] /addskill Kina Do Futuro, axe
[6/12/2023 1:21:44] /addskill Kina Do Futuro, axe
[6/12/2023 1:21:44] /addskill Kina Do Futuro, axe
[6/12/2023 1:21:44] /addskill Kina Do Futuro, axe
[6/12/2023 1:21:44] /addskill Kina Do Futuro, axe
[6/12/2023 1:21:45] /addskill Kina Do Futuro, axe
[6/12/2023 1:21:45] /addskill Kina Do Futuro, axe
[6/12/2023 1:21:45] /addskill Kina Do Futuro, axe
[6/12/2023 1:21:45] /addskill Kina Do Futuro, axe
[6/12/2023 1:21:45] /addskill Kina Do Futuro, axe
[6/12/2023 1:21:45] /addskill Kina Do Futuro, axe
[6/12/2023 1:21:45] /addskill Kina Do Futuro, axe
[6/12/2023 1:21:45] /addskill Kina Do Futuro, axe
[6/12/2023 1:21:45] /addskill Kina Do Futuro, axe
[6/12/2023 1:21:45] /addskill Kina Do Futuro, axe
[6/12/2023 1:21:46] /addskill Kina Do Futuro, axe
[6/12/2023 1:21:46] /addskill Kina Do Futuro, axe
[6/12/2023 1:21:46] /addskill Kina Do Futuro, axe
[6/12/2023 1:21:46] /addskill Kina Do Futuro, axe
[6/12/2023 1:21:46] /addskill Kina Do Futuro, axe
[6/12/2023 1:21:47] /addskill Kina Do Futuro, axe
[6/12/2023 1:21:48] /addskill Kina Do Futuro, axe
[6/12/2023 1:21:48] /addskill Kina Do Futuro, axe
[6/12/2023 1:21:48] /addskill Kina Do Futuro, axe
[6/12/2023 1:21:48] /addskill Kina Do Futuro, axe
[6/12/2023 1:21:48] /addskill Kina Do Futuro, axe
[6/12/2023 1:21:48] /addskill Kina Do Futuro, axe
[6/12/2023 1:21:48] /addskill Kina Do Futuro, axe
[6/12/2023 1:21:48] /addskill Kina Do Futuro, axe
[6/12/2023 1:21:48] /addskill Kina Do Futuro, axe
[6/12/2023 1:21:49] /addskill Kina Do Futuro, axe
[6/12/2023 1:21:49] /addskill Kina Do Futuro, axe
[6/12/2023 1:21:49] /addskill Kina Do Futuro, axe
[6/12/2023 1:21:49] /addskill Kina Do Futuro, axe
[6/12/2023 1:21:49] /addskill Kina Do Futuro, axe
[6/12/2023 1:21:49] /addskill Kina Do Futuro, axe
[6/12/2023 1:21:49] /addskill Kina Do Futuro, axe
[6/12/2023 1:21:49] /addskill Kina Do Futuro, axe
[6/12/2023 1:21:49] /addskill Kina Do Futuro, axe
[6/12/2023 1:21:50] /addskill Kina Do Futuro, axe
[6/12/2023 1:21:50] /addskill Kina Do Futuro, axe
[6/12/2023 1:21:50] /addskill Kina Do Futuro, axe
[6/12/2023 1:21:50] /addskill Kina Do Futuro, axe
[6/12/2023 1:21:50] /addskill Kina Do Futuro, axe
[6/12/2023 1:21:50] /addskill Kina Do Futuro, axe
[6/12/2023 1:21:50] /addskill Kina Do Futuro, axe
[6/12/2023 1:21:50] /addskill Kina Do Futuro, axe
[6/12/2023 1:21:50] /addskill Kina Do Futuro, axe
[6/12/2023 1:21:51] /addskill Kina Do Futuro, axe
[6/12/2023 1:21:51] /addskill Kina Do Futuro, axe
[6/12/2023 1:21:51] /addskill Kina Do Futuro, axe
[6/12/2023 1:21:52] /addskill Kina Do Futuro, axe
[6/12/2023 1:21:52] /addskill Kina Do Futuro, axe
[6/12/2023 1:21:52] /addskill Kina Do Futuro, axe
[6/12/2023 1:21:52] /addskill Kina Do Futuro, axe
[6/12/2023 1:21:52] /addskill Kina Do Futuro, axe
[6/12/2023 1:21:52] /addskill Kina Do Futuro, axe
[6/12/2023 1:21:52] /addskill Kina Do Futuro, axe
[6/12/2023 1:21:53] /addskill Kina Do Futuro, axe
[6/12/2023 1:21:53] /addskill Kina Do Futuro, axe
[6/12/2023 1:21:53] /addskill Kina Do Futuro, axe
[6/12/2023 1:21:53] /addskill Kina Do Futuro, axe
[6/12/2023 1:21:53] /addskill Kina Do Futuro, axe
[6/12/2023 1:21:53] /addskill Kina Do Futuro, axe
[6/12/2023 1:21:53] /addskill Kina Do Futuro, axe
[6/12/2023 1:21:53] /addskill Kina Do Futuro, axe
[6/12/2023 1:21:53] /addskill Kina Do Futuro, axe
[6/12/2023 1:21:54] /addskill Kina Do Futuro, axe
[6/12/2023 1:21:54] /addskill Kina Do Futuro, axe
[6/12/2023 1:21:54] /addskill Kina Do Futuro, axe
[6/12/2023 1:21:54] /addskill Kina Do Futuro, axe
[6/12/2023 1:21:54] /addskill Kina Do Futuro, axe
[6/12/2023 1:21:54] /addskill Kina Do Futuro, axe
[6/12/2023 1:21:54] /addskill Kina Do Futuro, axe
[6/12/2023 1:21:54] /addskill Kina Do Futuro, axe
[6/12/2023 1:21:54] /addskill Kina Do Futuro, axe
[6/12/2023 1:21:54] /addskill Kina Do Futuro, axe
[6/12/2023 1:21:55] /addskill Kina Do Futuro, axe
[6/12/2023 1:21:55] /addskill Kina Do Futuro, axe
[6/12/2023 1:21:55] /addskill Kina Do Futuro, axe
[6/12/2023 1:21:55] /addskill Kina Do Futuro, axe
[6/12/2023 1:21:55] /addskill Kina Do Futuro, axe
[6/12/2023 1:21:55] /addskill Kina Do Futuro, axe
[6/12/2023 1:21:56] /addskill Kina Do Futuro, axe
[6/12/2023 1:21:56] /addskill Kina Do Futuro, axe
[6/12/2023 1:21:57] /addskill Kina Do Futuro, axe
[6/12/2023 1:21:57] /addskill Kina Do Futuro, axe
[6/12/2023 1:21:57] /addskill Kina Do Futuro, axe
[6/12/2023 1:21:57] /addskill Kina Do Futuro, axe
[6/12/2023 1:21:57] /addskill Kina Do Futuro, axe
[6/12/2023 1:21:57] /addskill Kina Do Futuro, axe
[6/12/2023 1:21:57] /addskill Kina Do Futuro, axe
[6/12/2023 1:21:57] /addskill Kina Do Futuro, axe
[6/12/2023 1:21:57] /addskill Kina Do Futuro, axe
[6/12/2023 1:21:58] /addskill Kina Do Futuro, axe
[6/12/2023 1:21:58] /addskill Kina Do Futuro, axe
[6/12/2023 1:21:58] /addskill Kina Do Futuro, axe
[6/12/2023 1:21:58] /addskill Kina Do Futuro, axe
[6/12/2023 1:21:58] /addskill Kina Do Futuro, axe
[6/12/2023 1:21:58] /addskill Kina Do Futuro, axe
[6/12/2023 1:21:58] /addskill Kina Do Futuro, axe
[6/12/2023 1:21:58] /addskill Kina Do Futuro, axe
[6/12/2023 1:21:58] /addskill Kina Do Futuro, axe
[6/12/2023 1:21:59] /addskill Kina Do Futuro, axe
[6/12/2023 1:21:59] /addskill Kina Do Futuro, axe
[6/12/2023 1:21:59] /addskill Kina Do Futuro, axe
[6/12/2023 1:21:59] /addskill Kina Do Futuro, axe
[6/12/2023 1:21:59] /addskill Kina Do Futuro, axe
[6/12/2023 1:21:59] /addskill Kina Do Futuro, axe
[6/12/2023 1:21:59] /addskill Kina Do Futuro, axe
[6/12/2023 1:21:59] /addskill Kina Do Futuro, axe
[6/12/2023 1:21:59] /addskill Kina Do Futuro, axe
[6/12/2023 1:21:59] /addskill Kina Do Futuro, axe
[6/12/2023 1:22:0] /addskill Kina Do Futuro, axe
[6/12/2023 1:22:0] /addskill Kina Do Futuro, axe
[6/12/2023 1:22:0] /addskill Kina Do Futuro, axe
[6/12/2023 1:22:0] /addskill Kina Do Futuro, axe
[6/12/2023 1:22:0] /addskill Kina Do Futuro, axe
[6/12/2023 1:22:0] /addskill Kina Do Futuro, axe
[6/12/2023 1:22:0] /addskill Kina Do Futuro, axe
[6/12/2023 1:22:0] /addskill Kina Do Futuro, axe
[6/12/2023 1:22:0] /addskill Kina Do Futuro, axe
[6/12/2023 1:22:1] /addskill Kina Do Futuro, axe
[6/12/2023 1:22:1] /addskill Kina Do Futuro, axe
[6/12/2023 1:22:1] /addskill Kina Do Futuro, axe
[6/12/2023 1:22:1] /addskill Kina Do Futuro, axe
[6/12/2023 1:22:1] /addskill Kina Do Futuro, axe
[6/12/2023 1:22:1] /addskill Kina Do Futuro, axe
[6/12/2023 1:22:1] /addskill Kina Do Futuro, axe
[6/12/2023 1:22:1] /addskill Kina Do Futuro, axe
[6/12/2023 1:22:2] /addskill Kina Do Futuro, axe
[6/12/2023 1:22:3] /addskill Kina Do Futuro, axe
[6/12/2023 1:22:3] /addskill Kina Do Futuro, axe
[6/12/2023 1:22:3] /addskill Kina Do Futuro, axe
[6/12/2023 1:22:3] /addskill Kina Do Futuro, axe
[6/12/2023 1:22:3] /addskill Kina Do Futuro, axe
[6/12/2023 1:22:3] /addskill Kina Do Futuro, axe
[6/12/2023 1:22:3] /addskill Kina Do Futuro, axe
[6/12/2023 1:22:3] /addskill Kina Do Futuro, axe
[6/12/2023 1:22:3] /addskill Kina Do Futuro, axe
[6/12/2023 1:22:4] /addskill Kina Do Futuro, axe
[6/12/2023 1:22:4] /addskill Kina Do Futuro, axe
[6/12/2023 1:22:4] /addskill Kina Do Futuro, axe
[6/12/2023 1:22:4] /addskill Kina Do Futuro, axe
[6/12/2023 1:22:4] /addskill Kina Do Futuro, axe
[6/12/2023 1:22:4] /addskill Kina Do Futuro, axe
[6/12/2023 1:22:4] /addskill Kina Do Futuro, axe
[6/12/2023 1:22:4] /addskill Kina Do Futuro, axe
[6/12/2023 1:22:4] /addskill Kina Do Futuro, axe
[6/12/2023 1:22:5] /addskill Kina Do Futuro, axe
[6/12/2023 1:22:5] /addskill Kina Do Futuro, axe
[6/12/2023 1:22:5] /addskill Kina Do Futuro, axe
[6/12/2023 1:22:6] /addskill Kina Do Futuro, axe
[6/12/2023 1:22:6] /addskill Kina Do Futuro, axe
[6/12/2023 1:22:6] /addskill Kina Do Futuro, axe
[6/12/2023 1:22:6] /addskill Kina Do Futuro, axe
[6/12/2023 1:22:6] /addskill Kina Do Futuro, axe
[6/12/2023 1:22:6] /addskill Kina Do Futuro, axe
[6/12/2023 1:22:6] /addskill Kina Do Futuro, axe
[6/12/2023 1:22:6] /addskill Kina Do Futuro, axe
[6/12/2023 1:22:6] /addskill Kina Do Futuro, axe
[6/12/2023 1:22:7] /addskill Kina Do Futuro, axe
[6/12/2023 1:22:7] /addskill Kina Do Futuro, axe
[6/12/2023 1:22:7] /addskill Kina Do Futuro, axe
[6/12/2023 1:22:7] /addskill Kina Do Futuro, axe
[6/12/2023 1:22:7] /addskill Kina Do Futuro, axe
[6/12/2023 1:22:8] /addskill Kina Do Futuro, axe
[6/12/2023 1:22:8] /addskill Kina Do Futuro, axe
[6/12/2023 1:22:8] /addskill Kina Do Futuro, axe
[6/12/2023 1:22:8] /addskill Kina Do Futuro, axe
[6/12/2023 1:22:8] /addskill Kina Do Futuro, axe
[6/12/2023 1:22:20] /addskill Kina Do Futuro, magic
[6/12/2023 1:22:21] /addskill Kina Do Futuro, magic
[6/12/2023 1:22:21] /addskill Kina Do Futuro, magic
[6/12/2023 1:22:22] /addskill Kina Do Futuro, magic
[6/12/2023 1:22:22] /addskill Kina Do Futuro, magic
[6/12/2023 1:22:22] /addskill Kina Do Futuro, magic
[6/12/2023 1:22:22] /addskill Kina Do Futuro, magic
[6/12/2023 1:22:30] /level Kina Do Futuro, 1000
[6/12/2023 1:23:57] /t
[6/12/2023 1:23:59] /attr maxhealth 999999999
[6/12/2023 1:23:59] /attr health 999999999
[6/12/2023 1:24:11] /m Gaz'haragoth
[6/12/2023 1:24:17] /m Gaz'haragoth
[6/12/2023 1:24:40] /m rat
[6/12/2023 1:24:42] /attr maxhealth 999999999
[6/12/2023 1:24:43] /attr maxhealth 999999999
[6/12/2023 1:24:43] /attr health 999999999
[6/12/2023 1:24:44] /attr maxhealth 999999999
[6/12/2023 1:24:44] /attr health 999999999
[6/12/2023 1:25:1] /m rat
[6/12/2023 1:25:3] /attr maxhealth 99999999999999
[6/12/2023 1:25:3] /attr health 99999999999999
[6/12/2023 1:25:3] /attr maxhealth 99999999999999
[6/12/2023 1:25:34] /r
[6/12/2023 1:25:38] /r
[6/12/2023 1:25:39] /r
[6/12/2023 1:25:40] /r
[6/12/2023 1:25:41] /r
[6/12/2023 1:25:45] !online
[6/12/2023 1:25:58] !online
[6/12/2023 1:26:0] /r
[6/12/2023 1:27:9] /goto Kina Do Futuro
[6/12/2023 1:27:12] /i ritual of potion
[6/12/2023 1:27:33] /i ritual point
[6/12/2023 1:27:56] /level Kina Do Futuro, 2500
[6/12/2023 1:28:7] /goto Kina Do Futuro
[6/12/2023 1:29:15] /i pick
[6/12/2023 1:32:26] /c Kina Do Futuro
[6/12/2023 1:32:56] /level Kina Do Futuro, 10000
[6/12/2023 1:33:13] /level Kina Do Futuro, 100000
[6/12/2023 1:34:1] /level Kina Do Futuro, 454
[6/12/2023 1:35:56] /t
[6/12/2023 1:36:27] /goto Kina Do Futuro
[6/12/2023 1:36:32] /t
[6/12/2023 1:40:40] /t Kina Do Futuro
[6/12/2023 1:41:56] /level Pally Teste, 501
[6/12/2023 1:43:15] /goto Pally Teste
[6/12/2023 1:43:17] /goto Pally Teste
[6/12/2023 1:43:19] /attr maxhealth 99999999999999
[6/12/2023 1:43:19] /attr health 99999999999999
[6/12/2023 1:43:33] /addskill Pally Teste, magic
[6/12/2023 1:43:33] /addskill Pally Teste, magic
[6/12/2023 1:43:33] /addskill Pally Teste, magic
[6/12/2023 1:43:33] /addskill Pally Teste, magic
[6/12/2023 1:43:33] /addskill Pally Teste, magic
[6/12/2023 1:43:33] /addskill Pally Teste, magic
[6/12/2023 1:43:34] /addskill Pally Teste, magic
[6/12/2023 1:43:34] /addskill Pally Teste, magic
[6/12/2023 1:43:34] /addskill Pally Teste, magic
[6/12/2023 1:43:34] /addskill Pally Teste, magic
[6/12/2023 1:43:34] /addskill Pally Teste, magic
[6/12/2023 1:43:35] /addskill Pally Teste, magic
[6/12/2023 1:43:36] /addskill Pally Teste, magic
[6/12/2023 1:43:36] /addskill Pally Teste, magic
[6/12/2023 1:43:36] /addskill Pally Teste, magic
[6/12/2023 1:43:36] /addskill Pally Teste, magic
[6/12/2023 1:43:36] /addskill Pally Teste, magic
[6/12/2023 1:43:36] /addskill Pally Teste, magic
[6/12/2023 1:43:36] /addskill Pally Teste, magic
[6/12/2023 1:43:36] /addskill Pally Teste, magic
[6/12/2023 1:43:36] /addskill Pally Teste, magic
[6/12/2023 1:43:37] /addskill Pally Teste, magic
[6/12/2023 1:43:37] /addskill Pally Teste, magic
[6/12/2023 1:43:37] /addskill Pally Teste, magic
[6/12/2023 1:43:37] /addskill Pally Teste, magic
[6/12/2023 1:43:37] /addskill Pally Teste, magic
[6/12/2023 1:43:38] /addskill Pally Teste, magic
[6/12/2023 1:43:38] /addskill Pally Teste, magic
[6/12/2023 1:43:39] /addskill Pally Teste, magic
[6/12/2023 1:43:39] /addskill Pally Teste, magic
[6/12/2023 1:43:39] /addskill Pally Teste, magic
[6/12/2023 1:43:51] /addskill Pally Teste, distance
[6/12/2023 1:43:52] /addskill Pally Teste, distance
[6/12/2023 1:43:52] /addskill Pally Teste, distance
[6/12/2023 1:43:52] /addskill Pally Teste, distance
[6/12/2023 1:43:52] /addskill Pally Teste, distance
[6/12/2023 1:43:52] /addskill Pally Teste, distance
[6/12/2023 1:43:52] /addskill Pally Teste, distance
[6/12/2023 1:43:53] /addskill Pally Teste, distance
[6/12/2023 1:43:53] /addskill Pally Teste, distance
[6/12/2023 1:43:53] /addskill Pally Teste, distance
[6/12/2023 1:43:53] /addskill Pally Teste, distance
[6/12/2023 1:43:53] /addskill Pally Teste, distance
[6/12/2023 1:43:53] /addskill Pally Teste, distance
[6/12/2023 1:43:53] /addskill Pally Teste, distance
[6/12/2023 1:43:53] /addskill Pally Teste, distance
[6/12/2023 1:43:53] /addskill Pally Teste, distance
[6/12/2023 1:43:54] /addskill Pally Teste, distance
[6/12/2023 1:43:54] /addskill Pally Teste, distance
[6/12/2023 1:43:54] /addskill Pally Teste, distance
[6/12/2023 1:43:54] /addskill Pally Teste, distance
[6/12/2023 1:43:56] /addskill Pally Teste, distance
[6/12/2023 1:43:56] /addskill Pally Teste, distance
[6/12/2023 1:43:56] /addskill Pally Teste, distance
[6/12/2023 1:43:56] /addskill Pally Teste, distance
[6/12/2023 1:43:56] /addskill Pally Teste, distance
[6/12/2023 1:43:56] /addskill Pally Teste, distance
[6/12/2023 1:43:56] /addskill Pally Teste, distance
[6/12/2023 1:43:56] /addskill Pally Teste, distance
[6/12/2023 1:43:57] /addskill Pally Teste, distance
[6/12/2023 1:43:57] /addskill Pally Teste, distance
[6/12/2023 1:43:57] /addskill Pally Teste, distance
[6/12/2023 1:43:57] /addskill Pally Teste, distance
[6/12/2023 1:43:59] /addskill Pally Teste, distance
[6/12/2023 1:43:59] /addskill Pally Teste, distance
[6/12/2023 1:43:59] /addskill Pally Teste, distance
[6/12/2023 1:43:59] /addskill Pally Teste, distance
[6/12/2023 1:43:59] /addskill Pally Teste, distance
[6/12/2023 1:43:59] /addskill Pally Teste, distance
[6/12/2023 1:43:59] /addskill Pally Teste, distance
[6/12/2023 1:43:59] /addskill Pally Teste, distance
[6/12/2023 1:44:0] /addskill Pally Teste, distance
[6/12/2023 1:44:1] /addskill Pally Teste, distance
[6/12/2023 1:44:1] /addskill Pally Teste, distance
[6/12/2023 1:44:1] /addskill Pally Teste, distance
[6/12/2023 1:44:1] /addskill Pally Teste, distance
[6/12/2023 1:44:1] /addskill Pally Teste, distance
[6/12/2023 1:44:1] /addskill Pally Teste, distance
[6/12/2023 1:44:1] /addskill Pally Teste, distance
[6/12/2023 1:44:2] /addskill Pally Teste, distance
[6/12/2023 1:44:2] /addskill Pally Teste, distance
[6/12/2023 1:44:2] /addskill Pally Teste, distance
[6/12/2023 1:44:2] /addskill Pally Teste, distance
[6/12/2023 1:44:5] /addskill Pally Teste, distance
[6/12/2023 1:44:5] /addskill Pally Teste, distance
[6/12/2023 1:44:5] /addskill Pally Teste, distance
[6/12/2023 1:44:5] /addskill Pally Teste, distance
[6/12/2023 1:44:5] /addskill Pally Teste, distance
[6/12/2023 1:44:5] /addskill Pally Teste, distance
[6/12/2023 1:44:5] /addskill Pally Teste, distance
[6/12/2023 1:44:5] /addskill Pally Teste, distance
[6/12/2023 1:44:6] /addskill Pally Teste, distance
[6/12/2023 1:44:6] /addskill Pally Teste, distance
[6/12/2023 1:44:6] /addskill Pally Teste, distance
[6/12/2023 1:44:6] /addskill Pally Teste, distance
[6/12/2023 1:44:6] /addskill Pally Teste, distance
[6/12/2023 1:44:6] /addskill Pally Teste, distance
[6/12/2023 1:44:6] /addskill Pally Teste, distance
[6/12/2023 1:44:6] /addskill Pally Teste, distance
[6/12/2023 1:44:6] /addskill Pally Teste, distance
[6/12/2023 1:44:7] /addskill Pally Teste, distance
[6/12/2023 1:44:7] /addskill Pally Teste, distance
[6/12/2023 1:44:7] /addskill Pally Teste, distance
[6/12/2023 1:44:7] /addskill Pally Teste, distance
[6/12/2023 1:44:7] /addskill Pally Teste, distance
[6/12/2023 1:44:7] /addskill Pally Teste, distance
[6/12/2023 1:44:7] /addskill Pally Teste, distance
[6/12/2023 1:44:7] /addskill Pally Teste, distance
[6/12/2023 1:44:7] /addskill Pally Teste, distance
[6/12/2023 1:44:7] /addskill Pally Teste, distance
[6/12/2023 1:44:8] /addskill Pally Teste, distance
[6/12/2023 1:44:9] /addskill Pally Teste, distance
[6/12/2023 1:44:9] /addskill Pally Teste, distance
[6/12/2023 1:44:9] /addskill Pally Teste, distance
[6/12/2023 1:44:9] /addskill Pally Teste, distance
[6/12/2023 1:44:9] /addskill Pally Teste, distance
[6/12/2023 1:44:9] /addskill Pally Teste, distance
[6/12/2023 1:44:9] /addskill Pally Teste, distance
[6/12/2023 1:44:9] /addskill Pally Teste, distance
[6/12/2023 1:44:10] /addskill Pally Teste, distance
[6/12/2023 1:44:10] /addskill Pally Teste, distance
[6/12/2023 1:44:11] /addskill Pally Teste, distance
[6/12/2023 1:44:11] /addskill Pally Teste, distance
[6/12/2023 1:44:11] /addskill Pally Teste, distance
[6/12/2023 1:44:11] /addskill Pally Teste, distance
[6/12/2023 1:44:11] /addskill Pally Teste, distance
[6/12/2023 1:44:11] /addskill Pally Teste, distance
[6/12/2023 1:44:11] /addskill Pally Teste, distance
[6/12/2023 1:44:11] /addskill Pally Teste, distance
[6/12/2023 1:44:11] /addskill Pally Teste, distance
[6/12/2023 1:44:12] /addskill Pally Teste, distance
[6/12/2023 1:44:12] /addskill Pally Teste, distance
[6/12/2023 1:44:12] /addskill Pally Teste, distance
[6/12/2023 1:44:13] /addskill Pally Teste, distance
[6/12/2023 1:44:13] /addskill Pally Teste, distance
[6/12/2023 1:44:13] /addskill Pally Teste, distance
[6/12/2023 1:44:13] /addskill Pally Teste, distance
[6/12/2023 1:44:13] /addskill Pally Teste, distance
[6/12/2023 1:44:13] /addskill Pally Teste, distance
[6/12/2023 1:44:13] /addskill Pally Teste, distance
[6/12/2023 1:44:13] /addskill Pally Teste, distance
[6/12/2023 1:44:14] /addskill Pally Teste, distance
[6/12/2023 1:44:39] /addskill Pally Teste, distance
[6/12/2023 1:44:41] /addskill Pally Teste, shield 999
[6/12/2023 1:44:47] /addskill Pally Teste, shield99
[6/12/2023 1:44:49] /addskill Pally Teste, shield 9
[6/12/2023 1:44:51] /addskill Pally Teste, shield
[6/12/2023 1:44:54] /addskill Pally Teste, shield
[6/12/2023 1:44:54] /addskill Pally Teste, shield
[6/12/2023 1:44:54] /addskill Pally Teste, shield
[6/12/2023 1:44:54] /addskill Pally Teste, shield
[6/12/2023 1:44:54] /addskill Pally Teste, shield
[6/12/2023 1:44:54] /addskill Pally Teste, shield
[6/12/2023 1:44:56] /addskill Pally Teste, shield
[6/12/2023 1:44:56] /addskill Pally Teste, shield
[6/12/2023 1:44:56] /addskill Pally Teste, shield
[6/12/2023 1:44:56] /addskill Pally Teste, shield
[6/12/2023 1:44:56] /addskill Pally Teste, shield
[6/12/2023 1:44:57] /addskill Pally Teste, shield
[6/12/2023 1:44:57] /addskill Pally Teste, shield
[6/12/2023 1:44:57] /addskill Pally Teste, shield
[6/12/2023 1:44:57] /addskill Pally Teste, shield
[6/12/2023 1:44:57] /addskill Pally Teste, shield
[6/12/2023 1:44:57] /addskill Pally Teste, shield
[6/12/2023 1:44:57] /addskill Pally Teste, shield
[6/12/2023 1:44:57] /addskill Pally Teste, shield
[6/12/2023 1:44:57] /addskill Pally Teste, shield
[6/12/2023 1:44:58] /addskill Pally Teste, shield
[6/12/2023 1:44:58] /addskill Pally Teste, shield
[6/12/2023 1:44:58] /addskill Pally Teste, shield
[6/12/2023 1:44:58] /addskill Pally Teste, shield
[6/12/2023 1:44:58] /addskill Pally Teste, shield
[6/12/2023 1:44:58] /addskill Pally Teste, shield
[6/12/2023 1:44:58] /addskill Pally Teste, shield
[6/12/2023 1:44:58] /addskill Pally Teste, shield
[6/12/2023 1:44:58] /addskill Pally Teste, shield
[6/12/2023 1:44:58] /addskill Pally Teste, shield
[6/12/2023 1:44:59] /addskill Pally Teste, shield
[6/12/2023 1:44:59] /addskill Pally Teste, shield
[6/12/2023 1:44:59] /addskill Pally Teste, shield
[6/12/2023 1:44:59] /addskill Pally Teste, shield
[6/12/2023 1:44:59] /addskill Pally Teste, shield
[6/12/2023 1:45:0] /addskill Pally Teste, shield
[6/12/2023 1:45:0] /addskill Pally Teste, shield
[6/12/2023 1:45:0] /addskill Pally Teste, shield
[6/12/2023 1:45:1] /addskill Pally Teste, shield
[6/12/2023 1:45:1] /addskill Pally Teste, shield
[6/12/2023 1:45:1] /addskill Pally Teste, shield
[6/12/2023 1:45:1] /addskill Pally Teste, shield
[6/12/2023 1:45:1] /addskill Pally Teste, shield
[6/12/2023 1:45:1] /addskill Pally Teste, shield
[6/12/2023 1:45:1] /addskill Pally Teste, shield
[6/12/2023 1:45:1] /addskill Pally Teste, shield
[6/12/2023 1:45:1] /addskill Pally Teste, shield
[6/12/2023 1:45:2] /addskill Pally Teste, shield
[6/12/2023 1:45:2] /addskill Pally Teste, shield
[6/12/2023 1:45:2] /addskill Pally Teste, shield
[6/12/2023 1:45:2] /addskill Pally Teste, shield
[6/12/2023 1:45:2] /addskill Pally Teste, shield
[6/12/2023 1:45:2] /addskill Pally Teste, shield
[6/12/2023 1:45:3] /addskill Pally Teste, shield
[6/12/2023 1:45:3] /addskill Pally Teste, shield
[6/12/2023 1:45:3] /addskill Pally Teste, shield
[6/12/2023 1:45:3] /addskill Pally Teste, shield
[6/12/2023 1:45:3] /addskill Pally Teste, shield
[6/12/2023 1:45:4] /addskill Pally Teste, shield
[6/12/2023 1:45:4] /addskill Pally Teste, shield
[6/12/2023 1:45:4] /addskill Pally Teste, shield
[6/12/2023 1:45:4] /addskill Pally Teste, shield
[6/12/2023 1:45:4] /addskill Pally Teste, shield
[6/12/2023 1:45:4] /addskill Pally Teste, shield
[6/12/2023 1:45:4] /addskill Pally Teste, shield
[6/12/2023 1:45:4] /addskill Pally Teste, shield
[6/12/2023 1:45:4] /addskill Pally Teste, shield
[6/12/2023 1:45:5] /addskill Pally Teste, shield
[6/12/2023 1:45:5] /addskill Pally Teste, shield
[6/12/2023 1:45:5] /addskill Pally Teste, shield
[6/12/2023 1:45:5] /addskill Pally Teste, shield
[6/12/2023 1:45:5] /addskill Pally Teste, shield
[6/12/2023 1:45:5] /addskill Pally Teste, shield
[6/12/2023 1:45:5] /addskill Pally Teste, shield
[6/12/2023 1:45:5] /addskill Pally Teste, shield
[6/12/2023 1:45:5] /addskill Pally Teste, shield
[6/12/2023 1:45:6] /addskill Pally Teste, shield
[6/12/2023 1:45:7] /addskill Pally Teste, shield
[6/12/2023 1:45:7] /addskill Pally Teste, shield
[6/12/2023 1:45:7] /addskill Pally Teste, shield
[6/12/2023 1:45:7] /addskill Pally Teste, shield
[6/12/2023 1:45:7] /addskill Pally Teste, shield
[6/12/2023 1:45:8] /addskill Pally Teste, shield
[6/12/2023 1:45:8] /addskill Pally Teste, shield
[6/12/2023 1:45:9] /addskill Pally Teste, shield
[6/12/2023 1:45:9] /addskill Pally Teste, shield
[6/12/2023 1:45:10] /addskill Pally Teste, shield
[6/12/2023 1:45:11] /addskill Pally Teste, shield
[6/12/2023 1:45:11] /addskill Pally Teste, shield
[6/12/2023 1:45:11] /addskill Pally Teste, shield
[6/12/2023 1:45:11] /addskill Pally Teste, shield
[6/12/2023 1:45:11] /addskill Pally Teste, shield
[6/12/2023 1:45:11] /addskill Pally Teste, shield
[6/12/2023 1:45:11] /addskill Pally Teste, shield
[6/12/2023 1:45:11] /addskill Pally Teste, shield
[6/12/2023 1:45:12] /addskill Pally Teste, shield
[6/12/2023 1:45:12] /addskill Pally Teste, shield
[6/12/2023 1:45:12] /addskill Pally Teste, shield
[6/12/2023 1:45:12] /addskill Pally Teste, shield
[6/12/2023 1:45:12] /addskill Pally Teste, shield
[6/12/2023 1:45:12] /addskill Pally Teste, shield
[6/12/2023 1:45:12] /addskill Pally Teste, shield
[6/12/2023 1:45:12] /addskill Pally Teste, shield
[6/12/2023 1:45:12] /addskill Pally Teste, shield
[6/12/2023 1:45:13] /addskill Pally Teste, shield
[6/12/2023 1:45:13] /addskill Pally Teste, shield
[6/12/2023 1:45:13] /addskill Pally Teste, shield
[6/12/2023 1:45:13] /addskill Pally Teste, shield
[6/12/2023 1:45:13] /addskill Pally Teste, shield
[6/12/2023 1:45:13] /addskill Pally Teste, shield
[6/12/2023 1:45:13] /addskill Pally Teste, shield
[6/12/2023 1:45:13] /addskill Pally Teste, shield
[6/12/2023 1:45:13] /addskill Pally Teste, shield
[6/12/2023 1:45:14] /addskill Pally Teste, shield
[6/12/2023 1:45:14] /addskill Pally Teste, shield
[6/12/2023 1:45:14] /addskill Pally Teste, shield
[6/12/2023 1:45:14] /addskill Pally Teste, shield
[6/12/2023 1:45:14] /addskill Pally Teste, shield
[6/12/2023 1:45:14] /addskill Pally Teste, shield
[6/12/2023 1:45:14] /addskill Pally Teste, shield
[6/12/2023 1:45:15] /addskill Pally Teste, shield
[6/12/2023 1:45:15] /addskill Pally Teste, shield
[6/12/2023 1:45:15] /addskill Pally Teste, shield
[6/12/2023 1:45:15] /addskill Pally Teste, shield
[6/12/2023 1:45:15] /addskill Pally Teste, shield
[6/12/2023 1:45:15] /addskill Pally Teste, shield
[6/12/2023 1:45:16] /addskill Pally Teste, shield
[6/12/2023 1:45:16] /addskill Pally Teste, shield
[6/12/2023 1:45:16] /addskill Pally Teste, shield
[6/12/2023 1:45:16] /addskill Pally Teste, shield
[6/12/2023 1:45:16] /addskill Pally Teste, shield
[6/12/2023 1:45:16] /addskill Pally Teste, shield
[6/12/2023 1:45:16] /addskill Pally Teste, shield
[6/12/2023 1:45:16] /addskill Pally Teste, shield
[6/12/2023 1:45:16] /addskill Pally Teste, shield
[6/12/2023 1:45:17] /addskill Pally Teste, shield
[6/12/2023 1:45:17] /addskill Pally Teste, shield
[6/12/2023 1:45:17] /addskill Pally Teste, shield
[6/12/2023 1:45:17] /addskill Pally Teste, shield
[6/12/2023 1:45:17] /addskill Pally Teste, shield
[6/12/2023 1:45:17] /addskill Pally Teste, shield
[6/12/2023 1:45:17] /addskill Pally Teste, shield
[6/12/2023 1:45:17] /addskill Pally Teste, shield
[6/12/2023 1:45:17] /addskill Pally Teste, shield
[6/12/2023 1:45:18] /addskill Pally Teste, shield
[6/12/2023 1:45:18] /addskill Pally Teste, shield
[6/12/2023 1:45:18] /addskill Pally Teste, shield
[6/12/2023 1:45:19] /addskill Pally Teste, shield
[6/12/2023 1:45:19] /addskill Pally Teste, shield
[6/12/2023 1:45:19] /addskill Pally Teste, shield
[6/12/2023 1:45:19] /addskill Pally Teste, shield
[6/12/2023 1:45:19] /addskill Pally Teste, shield
[6/12/2023 1:45:19] /addskill Pally Teste, shield
[6/12/2023 1:45:19] /addskill Pally Teste, shield
[6/12/2023 1:45:19] /addskill Pally Teste, shield
[6/12/2023 1:45:20] /addskill Pally Teste, shield
[6/12/2023 1:45:20] /addskill Pally Teste, shield
[6/12/2023 1:45:20] /addskill Pally Teste, shield
[6/12/2023 1:45:20] /addskill Pally Teste, shield
[6/12/2023 1:45:20] /addskill Pally Teste, shield
[6/12/2023 1:45:20] /addskill Pally Teste, shield
[6/12/2023 1:45:20] /addskill Pally Teste, shield
[6/12/2023 1:45:20] /addskill Pally Teste, shield
[6/12/2023 1:45:20] /addskill Pally Teste, shield
[6/12/2023 1:45:21] /addskill Pally Teste, shield
[6/12/2023 1:45:21] /addskill Pally Teste, shield
[6/12/2023 1:45:21] /addskill Pally Teste, shield
[6/12/2023 1:45:21] /addskill Pally Teste, shield
[6/12/2023 1:45:21] /addskill Pally Teste, shield
[6/12/2023 1:45:21] /addskill Pally Teste, shield
[6/12/2023 1:45:21] /addskill Pally Teste, shield
[6/12/2023 1:45:21] /addskill Pally Teste, shield
[6/12/2023 1:45:21] /addskill Pally Teste, shield
[6/12/2023 1:45:21] /addskill Pally Teste, shield
[6/12/2023 1:45:22] /addskill Pally Teste, shield
[6/12/2023 1:45:22] /addskill Pally Teste, shield
[6/12/2023 1:45:22] /addskill Pally Teste, shield
[6/12/2023 1:45:22] /addskill Pally Teste, shield
[6/12/2023 1:45:22] /addskill Pally Teste, shield
[6/12/2023 1:45:22] /addskill Pally Teste, shield
[6/12/2023 1:45:22] /addskill Pally Teste, shield
[6/12/2023 1:45:22] /addskill Pally Teste, shield
[6/12/2023 1:45:22] /addskill Pally Teste, shield
[6/12/2023 1:45:23] /addskill Pally Teste, shield
[6/12/2023 1:45:23] /addskill Pally Teste, shield
[6/12/2023 1:45:23] /addskill Pally Teste, shield
[6/12/2023 1:45:23] /addskill Pally Teste, shield
[6/12/2023 1:45:23] /addskill Pally Teste, shield
[6/12/2023 1:45:23] /addskill Pally Teste, shield
[6/12/2023 1:45:23] /addskill Pally Teste, shield
[6/12/2023 1:45:23] /addskill Pally Teste, shield
[6/12/2023 1:45:23] /addskill Pally Teste, shield
[6/12/2023 1:45:24] /addskill Pally Teste, shield
[6/12/2023 1:45:24] /addskill Pally Teste, shield
[6/12/2023 1:45:24] /addskill Pally Teste, shield
[6/12/2023 1:45:24] /addskill Pally Teste, shield
[6/12/2023 1:45:24] /addskill Pally Teste, shield
[6/12/2023 1:45:24] /addskill Pally Teste, shield
[6/12/2023 1:45:24] /addskill Pally Teste, shield
[6/12/2023 1:45:24] /addskill Pally Teste, shield
[6/12/2023 1:45:24] /addskill Pally Teste, shield
[6/12/2023 1:45:25] /addskill Pally Teste, shield
[6/12/2023 1:45:25] /addskill Pally Teste, shield
[6/12/2023 1:45:25] /addskill Pally Teste, shield
[6/12/2023 1:45:25] /addskill Pally Teste, shield
[6/12/2023 1:45:25] /addskill Pally Teste, shield
[6/12/2023 1:45:25] /addskill Pally Teste, shield
[6/12/2023 1:45:25] /addskill Pally Teste, shield
[6/12/2023 1:45:26] /addskill Pally Teste, shield
[6/12/2023 1:45:26] /addskill Pally Teste, shield
[6/12/2023 1:45:26] /addskill Pally Teste, shield
[6/12/2023 1:45:27] /addskill Pally Teste, shield
[6/12/2023 1:45:27] /addskill Pally Teste, shield
[6/12/2023 1:45:27] /addskill Pally Teste, shield
[6/12/2023 1:45:27] /addskill Pally Teste, shield
[6/12/2023 1:45:28] /addskill Pally Teste, shield
[6/12/2023 1:45:28] /addskill Pally Teste, shield
[6/12/2023 1:45:28] /addskill Pally Teste, shield
[6/12/2023 1:45:28] /addskill Pally Teste, shield
[6/12/2023 1:45:28] /addskill Pally Teste, shield
[6/12/2023 1:45:28] /addskill Pally Teste, shield
[6/12/2023 1:45:28] /addskill Pally Teste, shield
[6/12/2023 1:45:29] /addskill Pally Teste, shield
[6/12/2023 1:45:29] /addskill Pally Teste, shield
[6/12/2023 1:45:29] /addskill Pally Teste, shield
[6/12/2023 1:45:29] /addskill Pally Teste, shield
[6/12/2023 1:45:29] /addskill Pally Teste, shield
[6/12/2023 1:45:29] /addskill Pally Teste, shield
[6/12/2023 1:45:29] /addskill Pally Teste, shield
[6/12/2023 1:45:30] /addskill Pally Teste, shield
[6/12/2023 1:45:30] /addskill Pally Teste, shield
[6/12/2023 1:45:30] /addskill Pally Teste, shield
[6/12/2023 1:45:30] /addskill Pally Teste, shield
[6/12/2023 1:45:30] /addskill Pally Teste, shield
[6/12/2023 1:45:54] /attr speed 900
[6/12/2023 1:46:1] /attr set speed 9000
[6/12/2023 1:46:29] /attr basespeed 400
[6/12/2023 1:46:40] /attr basespeed 4000
[6/12/2023 1:47:17] /level Pally Teste, 10000
[6/12/2023 1:47:27] /level Pally Teste, 100000
[6/12/2023 1:47:34] /level Pally Teste, 2500
[6/12/2023 1:48:42] /t Pally Teste
[6/12/2023 1:49:15] /level Pally Teste, 25
[6/12/2023 1:49:25] /goto Pally Teste
[6/12/2023 1:49:32] /attr basespeed 4000
[6/12/2023 1:49:37] /t
[6/12/2023 1:49:57] /goto Pally Teste
[6/12/2023 1:49:59] /t
[6/12/2023 1:50:7] /goto Pally Teste
[6/12/2023 1:50:11] /m Gaz'haragoth
[6/12/2023 1:50:13] /m Gaz'haragoth
[6/12/2023 1:50:40] /attr maxhealth 999
[6/12/2023 1:50:40] /attr health 999
[6/12/2023 1:50:47] /attr maxhealth 999
[6/12/2023 1:50:47] /attr health 999
[6/12/2023 1:50:51] /m Gaz'haragoth
[6/12/2023 1:50:53] /attr maxhealth 999
[6/12/2023 1:50:53] /attr health 999
[6/12/2023 1:50:55] /m Gaz'haragoth
[6/12/2023 1:50:57] /attr maxhealth 999
[6/12/2023 1:50:57] /attr health 999
[6/12/2023 1:51:1] /m Gaz'haragoth
[6/12/2023 1:51:3] /attr maxhealth 999
[6/12/2023 1:51:3] /attr health 999
[6/12/2023 1:51:4] /attr maxhealth 999
[6/12/2023 1:51:4] /attr health 999
[6/12/2023 1:51:7] /m Gaz'haragoth
[6/12/2023 1:51:8] /m Gaz'haragoth
[6/12/2023 1:51:9] /m Gaz'haragoth
[6/12/2023 1:51:12] /attr maxhealth 999
[6/12/2023 1:51:12] /attr health 999
[6/12/2023 1:51:13] /attr maxhealth 999
[6/12/2023 1:51:13] /attr health 999
[6/12/2023 1:51:13] /attr maxhealth 999
[6/12/2023 1:51:13] /attr health 999
[6/12/2023 2:1:3] /t
[6/12/2023 2:1:50] /attr maxhealth 999
[6/12/2023 2:1:50] /attr health 999
[6/12/2023 2:4:14] /a 4
[6/12/2023 2:4:16] /attr maxhealth 9
[6/12/2023 2:4:16] /attr health 9
[6/12/2023 2:9:18] /clean
[6/12/2023 9:33:42] /clean
[6/12/2023 9:33:44] !online
[6/12/2023 9:33:45] !rank levle
[6/12/2023 9:33:49] !rank axe
[6/12/2023 9:35:22] /i 13359
[6/12/2023 9:36:13] /i exercisebow, 33333
[6/12/2023 9:36:18] /i exercise bow, 33333
[6/12/2023 9:37:10] /level Malaquias Tombador, 200
[6/12/2023 9:37:37] /i autoloot dool
[6/12/2023 9:37:38] /i autoloot doll
[6/12/2023 9:37:46] /r
[6/12/2023 9:37:52] /i 13212
[6/12/2023 9:37:53] /i 13212
[6/12/2023 9:38:23] /i 13212
[6/12/2023 9:38:35] /i 13212
[6/12/2023 9:38:46] /i 13212
[6/12/2023 9:39:5] /i soulskill backpack
[6/12/2023 9:39:18] /i soulskull backpack
[6/12/2023 9:39:29] /i 21328
[6/12/2023 9:39:55] /level Pally Teste, 50000
[6/12/2023 9:39:59] /level Pally Teste, 401
[6/12/2023 9:40:54] /attr basespeed 5000
[6/12/2023 9:42:10] /i vip rp shield
[6/12/2023 9:42:14] /i vip boots
[6/12/2023 9:42:24] /i VIP RP Alicorn Headguard
[6/12/2023 9:42:51] /i firesoul tabard
[6/12/2023 9:42:59] /i assassin star
[6/12/2023 9:43:12] /level Malaquias Tombador, 718231
[6/12/2023 9:45:49] /i vip golden bow
[6/12/2023 9:50:6] /i 13498
[6/12/2023 9:50:10] /i 13409
[6/12/2023 9:50:14] /r
[6/12/2023 9:50:15] /r
[6/12/2023 9:50:16] /r
[6/12/2023 9:50:17] /r
[6/12/2023 9:50:27] /i 13407
[6/12/2023 9:50:53] /i 13113
[6/12/2023 9:50:54] /i 13113
[6/12/2023 9:50:57] /i 13113
[6/12/2023 9:51:3] /t
[6/12/2023 9:52:20] /down
[6/12/2023 9:52:21] /down
[6/12/2023 9:52:21] /down
[6/12/2023 9:53:42] /i 12944
[6/12/2023 9:53:50] /i 13377
[6/12/2023 9:54:0] /t
[6/12/2023 9:54:28] /goto falcon knight
[6/12/2023 9:54:32] /c pally teste
[6/12/2023 9:54:32] /t
[6/12/2023 9:57:15] /t pally teste
[6/12/2023 13:17:24] /ghost
[6/12/2023 13:17:32] /goto lukas pally
[6/12/2023 13:18:3] /t
[6/12/2023 13:18:40] /clean
[6/12/2023 21:35:26] !online
[6/12/2023 21:35:26] /t
[6/12/2023 21:35:34] /goto kruchyy
[6/12/2023 21:35:55] /t
[6/12/2023 22:25:57] !online
[6/12/2023 22:26:15] /goto Kruchyy
[6/12/2023 22:27:41] /t
[7/12/2023 8:58:49] !online
[7/12/2023 8:58:58] /goto kruchyy
[7/12/2023 8:59:25] /c kruchyy
[7/12/2023 8:59:41] /i great mana potion
[7/12/2023 9:0:27] /attr maxhealth 9
[7/12/2023 9:0:27] /attr health 9
[7/12/2023 9:0:29] /attr maxhealth 9
[7/12/2023 9:0:30] /attr health 9
[7/12/2023 9:0:32] /attr maxhealth 9
[7/12/2023 9:0:33] /attr health 9
[7/12/2023 9:0:33] /attr health 9
[7/12/2023 9:0:42] /c kruchyy
[7/12/2023 9:0:53] /c kruchyy
[7/12/2023 9:1:14] /m Training Monk
[7/12/2023 9:1:22] /m Training Monk
[7/12/2023 9:1:28] /m Training Monk
[7/12/2023 9:1:29] /m Training Monk
[7/12/2023 9:1:39] /attr maxhealth 9
[7/12/2023 9:1:39] /attr health 9
[7/12/2023 9:1:41] /attr maxhealth 9
[7/12/2023 9:1:41] /attr health 9
[7/12/2023 9:1:43] /attr maxhealth 9
[7/12/2023 9:1:43] /attr health 9
[7/12/2023 9:1:57] /c kruchyy
[7/12/2023 21:31:54] !online
[7/12/2023 21:33:58] /i gold bar
[7/12/2023 21:35:10] /m akuma
[7/12/2023 21:35:11] /m akuma
[7/12/2023 21:35:12] /m akuma
[7/12/2023 21:35:12] /m akuma
[7/12/2023 21:35:12] /m akuma
[7/12/2023 21:35:13] /m akuma
[7/12/2023 21:35:13] /m akuma
[7/12/2023 21:35:13] /m akuma
[7/12/2023 21:36:1] /i 131331
[7/12/2023 21:36:8] /i 13131
[7/12/2023 21:36:12] /i 7443
[7/12/2023 21:36:21] /i 21328
[7/12/2023 21:36:50] /i 12888
[7/12/2023 21:37:19] /i 13208
[7/12/2023 21:37:42] /i 12846
[7/12/2023 21:38:20] /i clusters of solace
[7/12/2023 21:38:33] /i clusters of solace
[7/12/2023 21:38:41] /i clustersof solace
[7/12/2023 21:38:43] /i clustersof solaces
[7/12/2023 21:38:48] /i clusters of solaces
[7/12/2023 21:38:53] /i cluster of solaces
[7/12/2023 21:39:58] /i cluster of solace
[7/12/2023 21:41:18] /i cluster of solace
[7/12/2023 21:41:31] /i cluster of solace
[7/12/2023 21:43:7] /i 13071
[7/12/2023 21:43:8] /i 13071
[7/12/2023 21:43:8] /i 13071
[7/12/2023 21:43:19] /clean
[7/12/2023 21:43:41] /clean
[7/12/2023 21:43:47] /i 13070
[7/12/2023 21:43:50] /i 13072
[7/12/2023 21:43:54] /i 13073
[7/12/2023 21:44:11] /i 13070
[7/12/2023 21:44:11] /i 13070
[7/12/2023 21:44:12] /i 13070
[7/12/2023 21:44:18] /i 13071
[7/12/2023 21:44:36] /i 13353
[7/12/2023 21:44:37] /i 13353
[7/12/2023 21:44:39] /i 13353
[7/12/2023 21:44:40] /i 13353
[7/12/2023 21:44:40] /i 13353
[7/12/2023 21:47:21] /b olaa
[7/12/2023 21:47:22] /t
[7/12/2023 21:47:27] /online
[7/12/2023 21:47:32] /goto kruchyy
[7/12/2023 21:47:41] /t kruchyy
[7/12/2023 21:47:42] /t
[7/12/2023 21:47:45] /ghost
[7/12/2023 21:50:33] /goto Ripper Spectre
[7/12/2023 21:52:36] /m monk
[7/12/2023 21:52:38] /m monk
[7/12/2023 21:52:39] /m monk
[7/12/2023 21:52:39] /m monk
[7/12/2023 21:52:39] /m monk
[7/12/2023 21:52:40] /m monk
[7/12/2023 21:52:40] /m monk
[7/12/2023 21:53:48] /up
[7/12/2023 21:55:15] /up
[7/12/2023 21:55:17] /t
[7/12/2023 21:56:36] /reward
[7/12/2023 21:56:38] /addpoints
[7/12/2023 21:56:44] /addpoints Malaquias tombador, 100
[7/12/2023 21:56:47] /addpoints Malaquias tombador, 100000
[7/12/2023 21:57:9] /addpoints Malaquias tombador, 100000000
[7/12/2023 21:57:17] /addpoints Malaquias tombador, 100000000000000
[7/12/2023 21:57:31] /reward
[7/12/2023 21:59:23] !doubleexp
[7/12/2023 21:59:38] !emotespells
[7/12/2023 21:59:41] !emotespells on
[7/12/2023 22:0:32] /quiver
[7/12/2023 22:1:10] /t
[7/12/2023 22:2:49] /owner Kruchyy
[7/12/2023 22:2:52] /c Kruchyy
[7/12/2023 22:3:31] /i   Furiosa'Wand
[7/12/2023 22:3:54] /i VIP ED Shield
[7/12/2023 22:4:3] /i VIP Mage Hat
[7/12/2023 22:4:8] /i vip boots
[7/12/2023 22:4:28] /i Reduction Backpack
[7/12/2023 22:4:34] /i Reduction Backpack
[7/12/2023 22:5:41] /up
[7/12/2023 22:6:17] /i silver token
[7/12/2023 22:6:27] /up
[7/12/2023 22:6:30] /up
[7/12/2023 22:6:35] /i blue legs
[7/12/2023 22:6:37] /t
[7/12/2023 22:7:6] /i 13131
[7/12/2023 22:7:55] /i 13131
