[1/6/2022 18:14:30] !aol
[1/6/2022 18:32:49] !aol
[1/6/2022 19:29:19] !aol
[1/6/2022 19:32:55] !aol
[1/6/2022 19:58:36] !emotespells off
[2/6/2022 2:35:46] !aol
[2/6/2022 3:18:18] !aol
[2/6/2022 3:26:19] !emotespells on
[2/6/2022 3:34:48] !emotespells on
[2/6/2022 3:42:32] !emotespells on
[2/6/2022 3:48:8] !emotespells on
[2/6/2022 3:54:44] !emotespells on
[2/6/2022 4:1:6] !emotespells on
[2/6/2022 4:3:18] !emotespells on
[2/6/2022 4:10:55] !emotespells on
[2/6/2022 4:17:32] !emotespells on
[2/6/2022 4:22:33] !emotespells on
[2/6/2022 4:28:5] !emotespells on
[2/6/2022 4:35:15] !emotespells on
[2/6/2022 4:39:46] !emotespells on
[2/6/2022 4:46:25] !emotespells on
[2/6/2022 4:51:47] !emotespells on
[2/6/2022 4:56:58] !emotespells on
[2/6/2022 5:1:18] !aol
[2/6/2022 5:2:32] !emotespells on
[2/6/2022 5:5:57] !emotespells on
[2/6/2022 5:10:49] !emotespells on
[2/6/2022 5:14:44] !emotespells on
[2/6/2022 5:19:11] !emotespells on
[2/6/2022 5:21:47] !aol
[2/6/2022 5:25:1] !emotespells on
[2/6/2022 5:31:17] !emotespells on
[2/6/2022 5:34:58] !emotespells on
[2/6/2022 5:37:19] !emotespells on
[2/6/2022 5:40:41] !emotespells on
[2/6/2022 5:46:25] !emotespells on
[2/6/2022 5:51:50] !emotespells on
[2/6/2022 5:56:24] !emotespells on
[2/6/2022 6:1:32] !emotespells on
[2/6/2022 6:6:36] !emotespells on
[2/6/2022 6:10:9] !emotespells on
[2/6/2022 6:15:21] !emotespells on
[2/6/2022 6:21:44] !emotespells on
[2/6/2022 6:25:52] !emotespells on
[2/6/2022 6:34:24] !emotespells on
[2/6/2022 6:40:2] !emotespells on
[2/6/2022 6:44:15] !emotespells on
[2/6/2022 6:48:3] !emotespells on
[2/6/2022 6:51:55] !emotespells on
[2/6/2022 6:56:3] !emotespells on
[2/6/2022 7:5:31] !emotespells on
[2/6/2022 7:9:54] !emotespells on
[2/6/2022 7:15:35] !emotespells on
[2/6/2022 7:19:46] !emotespells on
[2/6/2022 7:20:53] !aol
[2/6/2022 7:21:39] !emotespells on
[2/6/2022 7:27:16] !emotespells on
[2/6/2022 7:30:49] !emotespells on
[2/6/2022 7:34:6] !emotespells on
[2/6/2022 7:38:35] !emotespells on
[2/6/2022 7:42:23] !emotespells on
[2/6/2022 7:47:26] !emotespells on
[2/6/2022 7:53:3] !emotespells on
[2/6/2022 8:1:0] !emotespells on
[2/6/2022 5:4:44] !aol
[2/6/2022 5:5:28] !emotespells on
[2/6/2022 5:10:2] !emotespells on
[2/6/2022 5:13:28] !emotespells on
[2/6/2022 5:17:40] !emotespells on
[2/6/2022 5:20:41] !emotespells on
[2/6/2022 5:23:49] !emotespells on
[2/6/2022 5:28:0] !emotespells on
[2/6/2022 5:32:57] !emotespells on
[2/6/2022 5:37:49] !emotespells on
[2/6/2022 5:41:27] !emotespells on
[2/6/2022 5:44:53] !emotespells on
[2/6/2022 5:49:13] !emotespells on
[2/6/2022 5:53:9] !emotespells on
[2/6/2022 5:59:4] !emotespells on
[2/6/2022 6:4:15] !emotespells on
[2/6/2022 6:8:6] !emotespells on
[2/6/2022 6:11:29] !emotespells on
[2/6/2022 6:15:54] !emotespells on
[2/6/2022 6:19:51] !emotespells on
[2/6/2022 6:26:12] !emotespells on
[2/6/2022 6:32:44] !emotespells on
[2/6/2022 6:36:56] !emotespells on
[2/6/2022 6:42:26] !emotespells on
[2/6/2022 6:45:2] !emotespells on
[2/6/2022 6:50:14] !emotespells on
[2/6/2022 6:55:57] !emotespells on
[2/6/2022 7:0:58] !emotespells on
[2/6/2022 7:5:30] !emotespells on
[2/6/2022 7:10:37] !emotespells on
[2/6/2022 7:17:20] !emotespells on
[2/6/2022 7:23:28] !emotespells on
[2/6/2022 7:29:2] !emotespells on
[2/6/2022 7:32:47] !emotespells on
[2/6/2022 7:37:42] !emotespells on
[2/6/2022 7:43:12] !emotespells on
[2/6/2022 7:50:2] !emotespells on
[2/6/2022 7:53:30] !aol
[2/6/2022 7:54:12] !emotespells on
[2/6/2022 8:0:18] !emotespells on
[2/6/2022 8:5:31] !emotespells on
[2/6/2022 8:9:16] !emotespells on
[2/6/2022 8:14:11] !emotespells on
[2/6/2022 8:19:59] !emotespells on
[2/6/2022 8:23:44] !emotespells on
[2/6/2022 8:27:54] !emotespells on
[2/6/2022 8:31:53] !emotespells on
[2/6/2022 8:35:35] !emotespells on
[2/6/2022 8:40:10] !emotespells on
[2/6/2022 8:45:34] !emotespells on
[2/6/2022 8:50:11] !emotespells on
[2/6/2022 8:54:9] !emotespells on
[2/6/2022 8:57:59] !emotespells on
[2/6/2022 9:2:7] !emotespells on
[2/6/2022 9:6:53] !emotespells on
[2/6/2022 9:12:12] !emotespells on
[2/6/2022 9:15:33] !emotespells on
[2/6/2022 9:19:1] !emotespells on
[2/6/2022 9:22:42] !emotespells on
[2/6/2022 9:26:44] !emotespells on
[2/6/2022 9:29:56] !emotespells on
[2/6/2022 9:35:4] !emotespells on
[2/6/2022 9:39:42] !emotespells on
[2/6/2022 9:43:5] !emotespells on
[2/6/2022 9:46:43] !emotespells on
[2/6/2022 9:49:53] !emotespells on
[2/6/2022 9:53:34] !emotespells on
[2/6/2022 9:58:11] !emotespells on
[2/6/2022 10:2:44] !emotespells on
[2/6/2022 10:7:46] !emotespells on
[2/6/2022 10:12:50] !emotespells on
[2/6/2022 10:16:50] !emotespells on
[2/6/2022 10:21:33] !emotespells on
[2/6/2022 10:25:19] !emotespells on
[2/6/2022 10:30:28] !emotespells on
[2/6/2022 10:35:15] !emotespells on
[2/6/2022 10:38:54] !emotespells on
[2/6/2022 10:42:15] !emotespells on
[2/6/2022 10:45:58] !emotespells on
[2/6/2022 10:48:37] !emotespells on
[2/6/2022 10:52:23] !emotespells on
[2/6/2022 10:55:41] !emotespells on
[2/6/2022 10:59:42] !emotespells on
[2/6/2022 11:4:41] !emotespells on
[2/6/2022 11:9:53] !emotespells on
[2/6/2022 11:13:45] !emotespells on
[2/6/2022 11:16:54] !emotespells on
[2/6/2022 11:20:46] !emotespells on
[2/6/2022 11:24:13] !emotespells on
[2/6/2022 11:27:19] !emotespells on
[2/6/2022 11:31:12] !emotespells on
[2/6/2022 11:35:58] !emotespells on
[2/6/2022 11:39:32] !emotespells on
[2/6/2022 11:43:14] !emotespells on
[2/6/2022 11:46:36] !emotespells on
[2/6/2022 11:50:10] !emotespells on
[2/6/2022 11:53:43] !emotespells on
[2/6/2022 11:57:9] !emotespells on
[2/6/2022 12:1:35] !emotespells on
[2/6/2022 12:6:34] !emotespells on
[2/6/2022 12:9:47] !emotespells on
[2/6/2022 12:13:17] !emotespells on
[2/6/2022 12:16:21] !emotespells on
[2/6/2022 12:20:16] !emotespells on
[2/6/2022 12:24:19] !emotespells on
[2/6/2022 12:29:36] !emotespells on
[2/6/2022 12:34:16] !emotespells on
[2/6/2022 12:38:9] !emotespells on
[2/6/2022 12:41:23] !emotespells on
[2/6/2022 12:44:54] !emotespells on
[2/6/2022 12:48:56] !emotespells on
[2/6/2022 12:51:44] !emotespells on
[2/6/2022 12:55:19] !emotespells on
[2/6/2022 13:0:27] !emotespells on
[2/6/2022 13:5:45] !emotespells on
[2/6/2022 13:8:58] !emotespells on
[2/6/2022 13:12:27] !emotespells on
[2/6/2022 13:15:56] !emotespells on
[2/6/2022 13:18:56] !emotespells on
[2/6/2022 13:22:24] !emotespells on
[2/6/2022 13:25:44] !emotespells on
[2/6/2022 13:29:54] !emotespells on
[2/6/2022 13:34:52] !emotespells on
[2/6/2022 13:38:22] !emotespells on
[2/6/2022 13:41:24] !emotespells on
[2/6/2022 13:45:12] !emotespells on
[2/6/2022 14:0:54] !emotespells on
[2/6/2022 14:4:35] !emotespells on
[2/6/2022 14:7:22] !emotespells on
[2/6/2022 14:10:11] !emotespells on
[2/6/2022 14:13:24] !emotespells on
[2/6/2022 14:16:38] !emotespells on
[2/6/2022 14:19:55] !emotespells on
[2/6/2022 14:23:4] !emotespells on
[2/6/2022 14:26:3] !emotespells on
[2/6/2022 14:29:11] !emotespells on
[2/6/2022 14:33:9] !emotespells on
[2/6/2022 14:35:54] !emotespells on
[2/6/2022 14:39:15] !emotespells on
[2/6/2022 14:41:51] !emotespells on
[2/6/2022 14:44:51] !emotespells on
[2/6/2022 14:48:20] !emotespells on
[2/6/2022 14:51:42] !emotespells on
[2/6/2022 14:53:42] !emotespells on
[2/6/2022 14:56:47] !emotespells on
[2/6/2022 14:59:45] !emotespells on
[2/6/2022 15:3:8] !emotespells on
[2/6/2022 15:7:9] !emotespells on
[2/6/2022 15:11:16] !emotespells on
[2/6/2022 15:14:29] !emotespells on
[2/6/2022 15:17:59] !emotespells on
[2/6/2022 15:21:26] !emotespells on
[2/6/2022 15:24:0] !emotespells on
[2/6/2022 15:27:15] !emotespells on
[2/6/2022 15:30:35] !emotespells on
[2/6/2022 15:33:25] !emotespells on
[2/6/2022 15:36:50] !emotespells on
[2/6/2022 15:39:52] !emotespells on
[2/6/2022 15:44:5] !emotespells on
[2/6/2022 15:48:42] !emotespells on
[2/6/2022 15:52:6] !emotespells on
[2/6/2022 15:54:51] !emotespells on
[2/6/2022 15:58:22] !emotespells on
[2/6/2022 16:1:15] !emotespells on
[2/6/2022 16:4:49] !emotespells on
[2/6/2022 16:7:46] !emotespells on
[2/6/2022 16:10:49] !emotespells on
[2/6/2022 16:13:59] !emotespells on
[2/6/2022 16:17:47] !emotespells on
[2/6/2022 16:21:55] !emotespells on
[2/6/2022 16:25:28] !emotespells on
[2/6/2022 16:28:31] !emotespells on
[2/6/2022 16:31:6] !emotespells on
[2/6/2022 16:34:11] !emotespells on
[2/6/2022 16:36:47] !emotespells on
[2/6/2022 16:40:9] !emotespells on
[2/6/2022 16:43:7] !emotespells on
[2/6/2022 16:46:54] !emotespells on
[2/6/2022 16:48:25] !emotespells on
[2/6/2022 16:51:35] !emotespells on
[2/6/2022 16:59:55] !emotespells on
[2/6/2022 17:3:16] !emotespells on
[2/6/2022 17:6:24] !emotespells on
[2/6/2022 17:10:24] !emotespells on
[2/6/2022 17:13:39] !emotespells on
[2/6/2022 17:17:5] !emotespells on
[2/6/2022 17:19:54] !emotespells on
[2/6/2022 17:23:24] !emotespells on
[2/6/2022 17:28:33] !emotespells on
[2/6/2022 17:32:57] !emotespells on
[2/6/2022 17:36:6] !emotespells on
[2/6/2022 17:39:23] !emotespells on
[2/6/2022 17:41:17] !emotespells on
[2/6/2022 17:47:43] !emotespells on
[2/6/2022 17:51:20] !emotespells on
[2/6/2022 17:55:2] !emotespells on
[2/6/2022 17:59:22] !emotespells on
[2/6/2022 18:4:11] !emotespells on
[2/6/2022 18:6:57] !emotespells on
[2/6/2022 18:10:6] !emotespells on
[2/6/2022 18:13:41] !emotespells on
[2/6/2022 18:17:30] !emotespells on
[2/6/2022 18:21:9] !emotespells on
[2/6/2022 18:21:37] !emotespells on
[2/6/2022 18:41:52] !emotespells on
[2/6/2022 18:41:55] !aol
[2/6/2022 18:47:3] !emotespells on
[2/6/2022 18:50:55] !emotespells on
[2/6/2022 18:54:28] !emotespells on
[2/6/2022 19:2:49] !emotespells on
[2/6/2022 20:13:28] !tradeoff buy, 82
[3/6/2022 1:52:20] !emotespells on
[3/6/2022 1:55:35] !emotespells on
[3/6/2022 1:59:21] !emotespells on
[3/6/2022 2:2:47] !emotespells on
[3/6/2022 2:6:9] !emotespells on
[3/6/2022 2:9:45] !emotespells on
[3/6/2022 2:15:5] !emotespells on
[3/6/2022 2:16:25] !emotespells on
[3/6/2022 2:21:1] !emotespells on
[3/6/2022 2:24:50] !emotespells on
[3/6/2022 2:27:25] !emotespells on
[3/6/2022 2:30:59] !emotespells on
[3/6/2022 2:34:38] !emotespells on
[3/6/2022 2:38:15] !emotespells on
[3/6/2022 2:42:56] !emotespells on
[3/6/2022 2:47:26] !emotespells on
[3/6/2022 2:51:26] !emotespells on
[3/6/2022 2:54:53] !emotespells on
[3/6/2022 2:58:59] !emotespells on
[3/6/2022 3:2:36] !emotespells on
[3/6/2022 3:6:8] !emotespells on
[3/6/2022 3:9:34] !emotespells on
[3/6/2022 3:14:59] !emotespells on
[3/6/2022 3:19:14] !emotespells on
[3/6/2022 3:22:38] !emotespells on
[3/6/2022 3:26:43] !emotespells on
[3/6/2022 3:30:31] !emotespells on
[3/6/2022 3:34:54] !emotespells on
[3/6/2022 3:39:55] !emotespells on
[3/6/2022 3:41:24] !emotespells on
[3/6/2022 3:41:52] !emotespells on
[3/6/2022 3:42:22] !emotespells on
[3/6/2022 3:42:50] !emotespells on
[3/6/2022 3:43:19] !emotespells on
[3/6/2022 3:43:48] !emotespells on
[3/6/2022 3:44:17] !emotespells on
[3/6/2022 3:44:47] !emotespells on
[3/6/2022 3:45:16] !emotespells on
[3/6/2022 3:46:48] !emotespells on
[3/6/2022 3:47:38] !emotespells on
[3/6/2022 3:48:10] !emotespells on
[3/6/2022 3:50:2] !emotespells on
[3/6/2022 3:53:33] !emotespells on
[3/6/2022 3:57:53] !emotespells on
[3/6/2022 4:1:31] !emotespells on
[3/6/2022 4:4:45] !emotespells on
[3/6/2022 4:7:59] !emotespells on
[3/6/2022 4:12:24] !emotespells on
[3/6/2022 4:17:3] !emotespells on
[3/6/2022 4:22:9] !emotespells on
[3/6/2022 4:26:25] !emotespells on
[3/6/2022 4:30:9] !emotespells on
[3/6/2022 4:32:26] !emotespells on
[3/6/2022 4:36:28] !emotespells on
[3/6/2022 4:40:34] !emotespells on
[3/6/2022 4:45:56] !emotespells on
[3/6/2022 4:50:3] !emotespells on
[3/6/2022 4:54:1] !emotespells on
[3/6/2022 4:57:37] !emotespells on
[3/6/2022 5:13:8] !emotespells on
[3/6/2022 5:17:22] !emotespells on
[3/6/2022 5:22:33] !emotespells on
[3/6/2022 5:26:57] !emotespells on
[3/6/2022 5:30:27] !emotespells on
[3/6/2022 5:34:36] !emotespells on
[3/6/2022 5:38:35] !emotespells on
[3/6/2022 5:42:1] !emotespells on
[3/6/2022 5:48:40] !emotespells on
[3/6/2022 5:53:32] !emotespells on
[3/6/2022 5:57:20] !emotespells on
[3/6/2022 6:0:49] !emotespells on
[3/6/2022 6:5:9] !emotespells on
[3/6/2022 6:8:53] !emotespells on
[3/6/2022 6:14:3] !emotespells on
[3/6/2022 6:19:0] !emotespells on
[3/6/2022 6:22:36] !emotespells on
[3/6/2022 6:25:15] !emotespells on
[3/6/2022 6:28:50] !emotespells on
[3/6/2022 6:31:22] !emotespells on
[3/6/2022 6:34:56] !emotespells on
[3/6/2022 6:38:33] !emotespells on
[3/6/2022 6:42:10] !emotespells on
[3/6/2022 6:46:49] !emotespells on
[3/6/2022 6:51:1] !emotespells on
[3/6/2022 6:54:14] !emotespells on
[3/6/2022 6:57:50] !emotespells on
[3/6/2022 7:3:31] !emotespells on
[3/6/2022 7:6:3] !emotespells on
[3/6/2022 7:8:29] !emotespells on
[3/6/2022 7:11:36] !emotespells on
[3/6/2022 7:15:59] !emotespells on
[3/6/2022 7:20:29] !emotespells on
[3/6/2022 7:23:8] !emotespells on
[3/6/2022 7:26:13] !emotespells on
[3/6/2022 7:29:33] !emotespells on
[3/6/2022 7:33:6] !emotespells on
[3/6/2022 7:36:21] !emotespells on
[3/6/2022 7:39:38] !emotespells on
[3/6/2022 7:44:39] !emotespells on
[3/6/2022 7:48:46] !emotespells on
[3/6/2022 7:52:27] !emotespells on
[3/6/2022 7:54:3] !emotespells on
[3/6/2022 7:56:44] !emotespells on
[3/6/2022 7:59:38] !emotespells on
[3/6/2022 8:2:47] !emotespells on
[3/6/2022 8:6:10] !emotespells on
[3/6/2022 8:9:39] !emotespells on
[3/6/2022 8:13:45] !emotespells on
[3/6/2022 8:17:15] !emotespells on
[3/6/2022 8:20:47] !emotespells on
[3/6/2022 8:24:29] !emotespells on
[3/6/2022 8:27:2] !emotespells on
[3/6/2022 8:29:59] !emotespells on
[3/6/2022 8:33:39] !emotespells on
[3/6/2022 8:37:19] !emotespells on
[3/6/2022 8:40:56] !emotespells on
[3/6/2022 8:43:47] !emotespells on
[3/6/2022 8:48:36] !emotespells on
[3/6/2022 8:52:57] !emotespells on
[3/6/2022 8:56:21] !emotespells on
[3/6/2022 9:0:17] !emotespells on
[3/6/2022 9:3:55] !emotespells on
[3/6/2022 9:7:26] !emotespells on
[3/6/2022 9:10:13] !emotespells on
[3/6/2022 9:13:49] !emotespells on
[3/6/2022 9:17:54] !emotespells on
[3/6/2022 9:22:34] !emotespells on
[3/6/2022 9:30:5] !emotespells on
[3/6/2022 9:33:21] !emotespells on
[3/6/2022 9:36:54] !emotespells on
[3/6/2022 9:39:44] !emotespells on
[3/6/2022 9:43:31] !emotespells on
[3/6/2022 9:48:20] !emotespells on
[3/6/2022 9:51:14] !emotespells on
[3/6/2022 9:53:58] !emotespells on
[3/6/2022 9:57:4] !emotespells on
[3/6/2022 10:1:8] !emotespells on
[3/6/2022 10:4:39] !emotespells on
[3/6/2022 10:7:25] !emotespells on
[3/6/2022 10:10:55] !emotespells on
[3/6/2022 10:14:16] !emotespells on
[3/6/2022 10:18:11] !emotespells on
[3/6/2022 10:21:59] !emotespells on
[3/6/2022 10:26:46] !emotespells on
[3/6/2022 10:30:4] !emotespells on
[3/6/2022 10:33:21] !emotespells on
[3/6/2022 10:36:48] !emotespells on
[3/6/2022 10:40:14] !emotespells on
[3/6/2022 10:43:58] !emotespells on
[3/6/2022 10:47:21] !emotespells on
[3/6/2022 10:50:48] !emotespells on
[3/6/2022 10:55:21] !emotespells on
[3/6/2022 10:59:47] !emotespells on
[3/6/2022 11:3:26] !emotespells on
[3/6/2022 11:6:40] !emotespells on
[3/6/2022 11:10:11] !emotespells on
[3/6/2022 11:13:30] !emotespells on
[3/6/2022 11:17:11] !emotespells on
[3/6/2022 11:20:26] !emotespells on
[3/6/2022 11:23:44] !emotespells on
[3/6/2022 11:28:30] !emotespells on
[3/6/2022 11:33:12] !emotespells on
[3/6/2022 11:36:31] !emotespells on
[3/6/2022 11:40:24] !emotespells on
[3/6/2022 11:43:20] !emotespells on
[3/6/2022 11:47:12] !emotespells on
[3/6/2022 11:50:5] !emotespells on
[3/6/2022 11:53:39] !emotespells on
[3/6/2022 11:57:23] !emotespells on
[3/6/2022 12:2:33] !emotespells on
[3/6/2022 12:7:34] !emotespells on
[3/6/2022 12:11:30] !emotespells on
[3/6/2022 12:14:23] !emotespells on
[3/6/2022 12:18:4] !emotespells on
[3/6/2022 12:21:30] !emotespells on
[3/6/2022 12:25:2] !emotespells on
[3/6/2022 12:28:31] !emotespells on
[3/6/2022 12:33:9] !emotespells on
[3/6/2022 12:38:19] !emotespells on
[3/6/2022 12:41:39] !emotespells on
[3/6/2022 12:43:39] !emotespells on
[3/6/2022 12:47:14] !emotespells on
[3/6/2022 12:50:51] !emotespells on
[3/6/2022 12:54:5] !emotespells on
[3/6/2022 12:55:45] !emotespells on
[3/6/2022 12:58:52] !emotespells on
[3/6/2022 13:3:11] !emotespells on
[3/6/2022 13:8:1] !emotespells on
[3/6/2022 13:11:26] !emotespells on
[3/6/2022 13:14:45] !emotespells on
[3/6/2022 13:18:0] !emotespells on
[3/6/2022 13:20:52] !emotespells on
[3/6/2022 13:24:14] !emotespells on
[3/6/2022 13:28:2] !emotespells on
[3/6/2022 13:32:25] !emotespells on
[3/6/2022 13:36:44] !emotespells on
[3/6/2022 13:39:50] !emotespells on
[3/6/2022 13:43:40] !emotespells on
[3/6/2022 13:47:37] !emotespells on
[3/6/2022 13:50:32] !emotespells on
[3/6/2022 13:53:56] !emotespells on
[3/6/2022 13:56:45] !emotespells on
[3/6/2022 13:59:55] !emotespells on
[3/6/2022 14:2:59] !emotespells on
[3/6/2022 14:6:40] !emotespells on
[3/6/2022 14:11:47] !emotespells on
[3/6/2022 14:14:47] !emotespells on
[3/6/2022 14:21:23] !emotespells on
[3/6/2022 14:24:27] !emotespells on
[3/6/2022 14:27:39] !emotespells on
[3/6/2022 14:27:57] !tradeoff withdraw
[3/6/2022 14:28:6] !tradeoff info
[3/6/2022 14:28:17] !tradeoff active
[3/6/2022 14:31:18] !emotespells on
[3/6/2022 14:35:10] !emotespells on
[3/6/2022 14:39:55] !emotespells on
[3/6/2022 14:44:16] !emotespells on
[3/6/2022 16:16:48] 
[3/6/2022 16:20:54] 
[3/6/2022 17:10:25] 
[3/6/2022 19:25:11] !tradeoff withdraw
