[2/6/2022 12:32:7] !rank distance
[2/6/2022 18:33:27] !tradeoff buy, 50
[2/6/2022 21:40:49] !guildpoints
[2/6/2022 21:53:36] !online
[2/6/2022 22:7:50] !rank distance
[3/6/2022 2:3:3] !rank distance
[3/6/2022 20:18:45] !buyhouse
[4/6/2022 12:27:47] !guildpoints
[4/6/2022 12:43:9] !emotespells on
[4/6/2022 22:19:36] !emotespells on
[4/6/2022 22:20:2] !emotespells on
[4/6/2022 22:23:6] !emotespells on
[4/6/2022 22:24:15] !emotespells on
[4/6/2022 22:27:4] !emotespells on
[4/6/2022 22:28:6] !emotespells on
[4/6/2022 22:30:53] !emotespells on
[4/6/2022 22:33:15] !emotespells on
[5/6/2022 19:34:46] !go
[5/6/2022 19:34:50] !go
[5/6/2022 19:34:55] !go
[5/6/2022 19:41:17] !go
[5/6/2022 21:24:17] !go
[5/6/2022 23:16:13] !go
[5/6/2022 23:20:11] !go
[5/6/2022 23:20:19] !go
[5/6/2022 23:22:54] !go
[5/6/2022 23:22:58] !go
[5/6/2022 23:23:6] !go
[6/6/2022 12:2:22] !go
[6/6/2022 16:17:49] !frags
[6/6/2022 21:47:21] !go
[6/6/2022 21:48:2] !go
[6/6/2022 21:48:18] !go
[6/6/2022 21:51:27] !go
[6/6/2022 21:51:48] !go
[6/6/2022 22:14:2] !go
