[10/12/2021 21:9:17] !emotespells on
[10/12/2021 21:37:46] !wand ice
[10/12/2021 22:36:0] !wand death
[11/12/2021 0:6:54] !wand death
[11/12/2021 5:30:49] !online
[11/12/2021 9:8:30] !wand death
[11/12/2021 9:53:37] !online
[11/12/2021 9:54:9] !aol
[12/12/2021 8:43:21] !aol
[12/12/2021 22:28:30] !aol
[12/12/2021 22:34:27] !aol
[12/12/2021 22:36:9] !aol
[13/12/2021 0:30:39] !emotespells off
[13/12/2021 0:38:16] !emotespells on
[13/12/2021 6:23:46] !aol
[14/12/2021 20:27:13] !aol
[14/12/2021 21:6:12] !aol
[14/12/2021 21:50:38] !aol
[14/12/2021 21:55:31] !aol
[14/12/2021 22:32:43] !wand death
[14/12/2021 22:40:35] !aol
[14/12/2021 22:52:57] !aol
[14/12/2021 22:53:47] !aol
[14/12/2021 23:1:1] !aol
[14/12/2021 23:2:56] !aol
[14/12/2021 23:6:33] !aol
[14/12/2021 23:16:5] !aol
[14/12/2021 23:17:38] !aol
[14/12/2021 23:18:23] !frags
[14/12/2021 23:22:23] !aol
[14/12/2021 23:23:23] !aol
[14/12/2021 23:24:45] !aol
[14/12/2021 23:25:22] !aol
[14/12/2021 23:28:16] !aol
[15/12/2021 21:21:9] !aol
[16/12/2021 23:0:21] !rank magic
[16/12/2021 23:0:35] !rank axe
[16/12/2021 23:0:41] !rank sword
[17/12/2021 19:36:41] !aol
[17/12/2021 19:39:55] !wand death
[17/12/2021 22:32:33] !aol
[17/12/2021 22:38:51] !wand death
[18/12/2021 6:58:41] !wand death
[18/12/2021 9:30:20] !aol
[18/12/2021 9:42:54] !aol
[18/12/2021 20:17:19] !wand death
[18/12/2021 20:29:2] !aol
[18/12/2021 22:46:55] !aol
[19/12/2021 0:2:28] !frags
[19/12/2021 2:21:53] !frags
[19/12/2021 2:22:6] !frags
[19/12/2021 9:52:34] !frags
[22/12/2021 23:11:39] !online
[25/12/2021 20:48:33] !rank magic
[26/12/2021 12:30:52] !aol
[26/12/2021 12:31:40] !aol
[26/12/2021 12:32:52] !aol
[26/12/2021 12:33:10] !aol
[26/12/2021 12:33:25] !aol
[26/12/2021 12:33:46] !aol
[26/12/2021 12:34:8] !aol
[26/12/2021 12:34:48] !aol
[26/12/2021 12:35:34] !aol
[26/12/2021 12:35:51] !aol
[26/12/2021 12:36:45] !aol
[26/12/2021 12:37:45] !aol
[26/12/2021 12:38:22] !aol
[26/12/2021 12:38:52] !aol
[26/12/2021 12:39:21] !aol
[26/12/2021 12:41:10] !aol
[26/12/2021 12:41:20] !aol
[26/12/2021 12:41:27] !aol
[26/12/2021 12:41:57] !aol
[26/12/2021 12:42:52] !aol
[26/12/2021 12:49:8] !aol
[26/12/2021 12:51:24] !aol
[26/12/2021 12:56:50] !aol
[11/1/2022 18:20:33] !online
