[16/12/2021 20:19:3] !emotespells on
[16/2/2022 21:33:22] !aol
[16/2/2022 21:41:36] !aol
[16/2/2022 21:56:44] !aol
[19/2/2022 16:21:58] !aol
[19/2/2022 17:55:1] 
[19/2/2022 18:30:2] 
[19/2/2022 18:53:38] !aol
[19/2/2022 20:8:36] !frags
[19/2/2022 23:33:55] !aol
[19/2/2022 23:34:14] 
[20/2/2022 1:21:17] !aol
[20/2/2022 7:33:49] !aol
[20/2/2022 8:15:8] !aol
[20/2/2022 16:18:31] !aol
[20/2/2022 16:18:34] !aol
[20/2/2022 16:18:38] !aol
[20/2/2022 16:18:41] !aol
[20/2/2022 16:18:44] !aol
[20/2/2022 16:18:47] !aol
[20/2/2022 16:18:50] !aol
[20/2/2022 16:18:54] !aol
[20/2/2022 16:18:57] !aol
[20/2/2022 16:19:0] !aol
[20/2/2022 16:19:3] !aol
[20/2/2022 16:19:6] !aol
[20/2/2022 16:19:10] !aol
[20/2/2022 16:19:13] !aol
[20/2/2022 16:19:16] !aol
[20/2/2022 16:19:19] !aol
[20/2/2022 16:19:22] !aol
[20/2/2022 16:19:26] !aol
[20/2/2022 16:19:29] !aol
[20/2/2022 16:19:32] !aol
[20/2/2022 16:19:35] !aol
[20/2/2022 16:19:39] !aol
[20/2/2022 16:19:42] !aol
[20/2/2022 16:19:45] !aol
[20/2/2022 16:19:48] !aol
[21/2/2022 14:48:21] 
[21/2/2022 19:52:5] !aol
[21/2/2022 21:42:58] 
[26/2/2022 0:28:21] 
[26/2/2022 0:30:14] 
[26/2/2022 0:35:44] 
[26/2/2022 18:46:57] 
[26/2/2022 18:52:57] 
[27/2/2022 23:53:12] 
[1/3/2022 0:38:14] 
[1/3/2022 1:45:14] 
[1/3/2022 1:50:14] 
[1/3/2022 2:12:14] 
[1/3/2022 11:23:15] 
[1/3/2022 11:58:15] 
[1/3/2022 12:0:15] 
[2/3/2022 19:28:3] !addon
[2/3/2022 19:28:17] !addon
[2/3/2022 19:30:10] !addon druid
[2/3/2022 19:50:9] 
