[11/12/2021 0:41:20] !aol
[12/12/2021 21:3:18] !aol
[12/12/2021 21:17:10] !aol
[12/12/2021 21:21:5] !aol
[12/12/2021 21:21:30] !aol
[12/12/2021 23:9:37] !aol
[13/12/2021 21:18:4] !online
[13/12/2021 21:18:52] !rank sword
[13/12/2021 21:19:1] !rank axe
[14/12/2021 8:33:16] !rank axe
[14/12/2021 22:21:46] !rank axe
[15/12/2021 6:54:20] !rank axe
[15/12/2021 15:2:18] !rank axe
[15/12/2021 19:32:58] !rank axe
[16/12/2021 15:12:18] !rank axe
[16/12/2021 22:24:53] !rank
[16/12/2021 22:25:0] !rank axe
[16/12/2021 22:25:34] !rank shield
[18/12/2021 0:2:48] !aol
[18/12/2021 0:7:39] !rank axe
[18/12/2021 15:1:11] !rank axe
[18/12/2021 21:18:29] !rank axe
[18/12/2021 23:46:37] !rank axe
[19/12/2021 17:48:56] !rank axe
