[27/5/2022 20:2:50] !online
[28/5/2022 0:31:20] !aol
[28/5/2022 0:36:35] !emotespells on
[28/5/2022 0:40:21] !aol
[28/5/2022 0:53:29] !aol
[28/5/2022 1:29:4] !aol
[28/5/2022 2:9:13] !aol
[28/5/2022 2:33:29] !buyhouse
[28/5/2022 5:27:10] !aol
[28/5/2022 11:3:28] !aol
[28/5/2022 11:34:38] !aol
[28/5/2022 12:36:15] !aol
[28/5/2022 12:44:44] !aol
[28/5/2022 13:18:6] !aol
[28/5/2022 14:17:54] !emotespells on
[28/5/2022 14:40:15] !aol
[28/5/2022 16:39:5] !online
[28/5/2022 17:44:14] !online
[28/5/2022 23:42:55] !frags
[29/5/2022 12:5:11] !aol
[29/5/2022 13:56:41] !aol
[29/5/2022 13:59:18] !buyhouse
[29/5/2022 13:59:21] !buyhouse
[29/5/2022 18:36:46] !aol
[29/5/2022 23:57:29] !aol
[30/5/2022 13:31:22] !aol
[30/5/2022 14:38:38] !aol
[30/5/2022 19:55:0] !aol
[30/5/2022 23:36:23] !aol
[30/5/2022 23:38:49] !online
[31/5/2022 0:5:55] !online
[31/5/2022 0:7:14] !frags
