[12/2/2022 22:28:39] !rank distance
[12/2/2022 22:51:58] !emotespells
[12/2/2022 22:52:5] !emotespells on
[12/2/2022 23:49:48] !aol
[13/2/2022 10:57:9] !aol
[13/2/2022 11:11:43] !aol
[13/2/2022 11:15:2] !aol
[13/2/2022 11:21:34] !aol
[13/2/2022 11:46:20] !guildpoints
[13/2/2022 11:50:34] !guildpoints
[13/2/2022 11:51:42] !guildpoints
[13/2/2022 12:8:12] !aol
[13/2/2022 13:15:31] !aol
[13/2/2022 13:24:18] !aol
[14/2/2022 6:37:28] !rank distance
[14/2/2022 19:21:3] !rank distance
[15/2/2022 22:13:0] !rank distance
[15/2/2022 22:18:4] !rank lvl
[15/2/2022 22:18:9] !rank level
[15/2/2022 22:18:22] !rank ..
[15/2/2022 22:18:37] !rank fist
[15/2/2022 22:18:40] !rank fist 
[15/2/2022 22:18:45] !rank fist
[15/2/2022 22:18:55] !rank fist
[15/2/2022 22:19:4] !rank magic
[18/2/2022 23:10:31] !rank distance
[19/2/2022 14:53:38] !rank distance
[19/2/2022 18:42:12] !rank distance
[19/2/2022 23:42:56] !rank distance
[20/2/2022 12:28:25] !rank distance
[20/2/2022 12:29:1] !rank distance
[20/2/2022 12:37:40] !rank level
[20/2/2022 14:33:15] !frags
[21/2/2022 1:11:19] !rank distance
[21/2/2022 20:13:11] !rank distance
[24/2/2022 20:41:32] !rank distance
[24/2/2022 20:43:51] !rank level
[24/2/2022 20:46:53] !emotespells on
[24/2/2022 21:44:56] !online
[24/2/2022 22:35:32] !rank level
[25/2/2022 20:23:51] !aol
[26/2/2022 12:36:9] !rank distanc
[26/2/2022 12:36:14] !rank distance
[26/2/2022 15:41:33] !online
[27/2/2022 12:12:29] !rank distance
[27/2/2022 14:28:24] !rank distance
[28/2/2022 17:8:23] !rank distance
[1/3/2022 9:32:53] !online
[1/3/2022 9:37:44] !rank distance
[1/3/2022 10:19:11] !buyhouse
[7/3/2022 19:5:55] !online
[8/3/2022 18:30:42] !rank distance
[8/3/2022 18:30:53] !online
[10/3/2022 18:53:15] !online
[11/3/2022 19:3:44] !online
[12/3/2022 13:37:25] !online
[12/3/2022 13:37:41] !rank distcance
[12/3/2022 13:37:47] !rank distance
