[30/1/2022 21:45:58] !emotespells off
[30/1/2022 21:46:4] !emotespells on
[1/2/2022 20:36:43] !online
[1/2/2022 21:8:48] !online
[1/2/2022 21:28:3] !online
[3/2/2022 20:27:42] !online
[3/2/2022 21:40:4] !online
[3/2/2022 21:47:7] !aol
[3/2/2022 21:51:11] !aol
[3/2/2022 21:51:17] !aol
[4/2/2022 18:8:23] !online
[4/2/2022 18:10:32] !online
[4/2/2022 18:16:10] !mystic
[4/2/2022 18:16:30] !offer
[4/2/2022 18:19:29] alana grav 
[4/2/2022 18:19:32] alana grav
[4/2/2022 18:20:16] !uptime
[4/2/2022 18:21:46] !anubis
[4/2/2022 18:21:50] !anubis
[4/2/2022 18:22:25] !online
[4/2/2022 18:36:45] !online
[4/2/2022 18:45:57] !online
[4/2/2022 19:4:22] !online
[4/2/2022 20:13:4] !online
[4/2/2022 20:26:8] !online
[4/2/2022 20:47:6] !online
[6/2/2022 1:31:10] !online
[10/2/2022 20:29:1] !emotespells on
[10/2/2022 20:35:16] !aol
[10/2/2022 22:56:9] !aol
[11/2/2022 0:15:9] !aol
[11/2/2022 0:17:14] !aol
[11/2/2022 21:30:13] !aol
[12/2/2022 0:5:4] !rank magic
[12/2/2022 1:43:15] !aol
[12/2/2022 10:3:28] !aol
[12/2/2022 10:5:44] !emotespells off
[12/2/2022 10:5:47] !emotespells off
[12/2/2022 10:5:49] !emotespells on
[12/2/2022 10:12:5] !emotespells off
[12/2/2022 10:14:16] !emotespells off
[12/2/2022 16:5:54] !emotespells on
[12/2/2022 17:46:0] !aol
[12/2/2022 20:25:27] !aol
[13/2/2022 5:1:37] !aol
[13/2/2022 9:16:5] !aol
[13/2/2022 11:34:16] !aol
[16/2/2022 0:34:49] !frags
[16/2/2022 22:56:1] !aol
[17/2/2022 21:52:11] !online
[17/2/2022 21:52:16] !rank level
[17/2/2022 23:30:9] !frags
[18/2/2022 22:49:8] !addon summoner
[20/3/2022 11:38:58] !online
[20/3/2022 11:39:4] !aol
