[3/6/2022 22:8:1] /ghost
[3/6/2022 22:8:24] /down
[3/6/2022 22:9:40] /c reii luulaoo
[3/6/2022 22:10:0] /r
[3/6/2022 22:10:3] /r
[3/6/2022 22:10:8] /r
[3/6/2022 22:10:10] /r
[3/6/2022 22:10:12] /r
[3/6/2022 22:10:14] /r
[3/6/2022 22:10:16] /r
[3/6/2022 22:10:17] /r
[3/6/2022 22:12:47] /t reii luulaoo
[3/6/2022 22:12:47] /t
[3/6/2022 22:12:57] /c reii luulaoo
[3/6/2022 22:17:46] /goto werewolf
[3/6/2022 22:22:58] /up
[3/6/2022 22:39:7] /goto john starbucksz
[3/6/2022 22:39:13] /r
[3/6/2022 22:39:14] /r
[3/6/2022 22:45:57] /goto john starbucksz
[3/6/2022 22:47:10] /goto john starbucksz
[3/6/2022 22:47:29] /t
[3/6/2022 22:50:48] /goto john starbucksz
[3/6/2022 22:58:28] /goto john starbucksz
[3/6/2022 23:9:58] /goto meu pally
[3/6/2022 23:35:53] /goto john starbucksz
[3/6/2022 23:35:58] /goto jon jon
[3/6/2022 23:36:3] /i backpack
[3/6/2022 23:36:14] /i 13212
[3/6/2022 23:36:15] /i 13212
[3/6/2022 23:36:16] /i 13212
[3/6/2022 23:36:16] /i 13212
[3/6/2022 23:36:16] /i 13212
[3/6/2022 23:36:17] /i 13212
[3/6/2022 23:36:17] /i 13212
[3/6/2022 23:36:17] /i 13212
[3/6/2022 23:36:17] /i 13212
[3/6/2022 23:36:17] /i 13212
[3/6/2022 23:36:17] /i 13212
[3/6/2022 23:36:18] /i 13212
[3/6/2022 23:36:18] /i 13212
[3/6/2022 23:36:18] /i 13212
[3/6/2022 23:36:18] /i 13212
[3/6/2022 23:36:18] /i 13212
[3/6/2022 23:36:18] /i 13212
[3/6/2022 23:36:19] /i 13212
[3/6/2022 23:36:19] /i 13212
[3/6/2022 23:36:19] /i 13212
[3/6/2022 23:36:19] /i 13212
[3/6/2022 23:36:19] /i 13212
[3/6/2022 23:36:20] /i 13212
[3/6/2022 23:36:20] /i 13212
[3/6/2022 23:36:20] /i 13212
[3/6/2022 23:36:21] /i 13212
[3/6/2022 23:37:47] /up
[3/6/2022 23:38:44] /i backpack
[3/6/2022 23:38:46] /i 13212
[3/6/2022 23:38:49] /i 13212
[3/6/2022 23:38:49] /i 13212
[3/6/2022 23:38:49] /i 13212
[3/6/2022 23:38:49] /i 13212
[3/6/2022 23:38:49] /i 13212
[3/6/2022 23:38:50] /i 13212
[3/6/2022 23:38:50] /i 13212
[3/6/2022 23:38:50] /i 13212
[3/6/2022 23:38:50] /i 13212
[3/6/2022 23:38:50] /i 13212
[3/6/2022 23:38:50] /i 13212
[3/6/2022 23:38:51] /i 13212
[3/6/2022 23:38:51] /i 13212
[3/6/2022 23:38:51] /i 13212
[3/6/2022 23:38:51] /i 13212
[3/6/2022 23:38:52] /i 13212
[3/6/2022 23:38:52] /i 13212
[3/6/2022 23:38:52] /i 13212
[3/6/2022 23:38:53] /i 13212
[3/6/2022 23:46:12] /i magic wall rune
[3/6/2022 23:51:31] /goto hercules
[3/6/2022 23:51:40] /i backpack
[3/6/2022 23:51:40] /i backpack
[3/6/2022 23:51:41] /i 13212
[3/6/2022 23:51:42] /i 13212
[3/6/2022 23:51:43] /i 13212
[3/6/2022 23:51:43] /i 13212
[3/6/2022 23:51:44] /i 13212
[3/6/2022 23:51:44] /i 13212
[3/6/2022 23:51:44] /i 13212
[3/6/2022 23:51:44] /i 13212
[3/6/2022 23:51:46] /i 13212
[3/6/2022 23:51:46] /i 13212
[3/6/2022 23:51:46] /i 13212
[3/6/2022 23:51:47] /i 13212
[3/6/2022 23:51:47] /i 13212
[3/6/2022 23:51:47] /i 13212
[3/6/2022 23:51:47] /i 13212
[3/6/2022 23:51:47] /i 13212
[3/6/2022 23:51:47] /i 13212
[3/6/2022 23:51:47] /i 13212
[3/6/2022 23:51:48] /i 13212
[3/6/2022 23:51:48] /i 13212
[3/6/2022 23:51:49] /i 13212
[3/6/2022 23:51:49] /i 13212
[3/6/2022 23:51:49] /i 13212
[3/6/2022 23:51:49] /i 13212
[3/6/2022 23:51:49] /i 13212
[3/6/2022 23:51:50] /i 13212
[3/6/2022 23:51:50] /i 13212
[3/6/2022 23:51:50] /i 13212
[3/6/2022 23:51:50] /i 13212
[3/6/2022 23:51:50] /i 13212
[3/6/2022 23:51:50] /i 13212
[3/6/2022 23:51:50] /i 13212
[3/6/2022 23:51:51] /i 13212
[3/6/2022 23:51:51] /i 13212
[3/6/2022 23:51:51] /i 13212
[3/6/2022 23:51:51] /i 13212
[3/6/2022 23:51:52] /i 13212
[3/6/2022 23:51:52] /i 13212
[3/6/2022 23:51:52] /i 13212
[4/6/2022 0:19:34] /t
[4/6/2022 0:41:1] /goto atira pedra
[4/6/2022 1:28:31] /info peulindoulti~
[4/6/2022 1:59:19] /r
[4/6/2022 1:59:33] /i 8489
[4/6/2022 1:59:57] /attr unique 2160
[4/6/2022 2:3:3] /goto Dokazi 
[4/6/2022 2:3:55] /t
[4/6/2022 2:11:44] /i magic wall rune
[5/6/2022 5:44:36] /c fabio leandro
[5/6/2022 5:44:42] /down
[5/6/2022 5:56:24] /down
[5/6/2022 6:7:35] /bc PHARAOT STYLLER! o servidor que voce sempre sonhou está aqui!
[5/6/2022 6:8:29] /t
[5/6/2022 6:11:15] !emotespells on
[5/6/2022 6:11:47] /goto falcon knight
[5/6/2022 6:12:8] /goto falcon knight
[5/6/2022 6:12:34] /t
[5/6/2022 6:13:31] /i fling ring
[5/6/2022 6:13:58] /i starlight vial
[5/6/2022 6:14:21] /i tibbers
[5/6/2022 6:20:35] /ads castelo nosso, level, 2
[5/6/2022 6:21:24] /t
[5/6/2022 6:21:28] /c castelo nosso
[5/6/2022 23:14:24] /goto marashalmuzylee
[5/6/2022 23:18:57] /goto tapioca
[5/6/2022 23:19:21] /goto tapioca
[5/6/2022 23:19:51] /i golden bow
[5/6/2022 23:23:25] /goto joao de deus
[5/6/2022 23:23:53] /goto joao de deus
[5/6/2022 23:24:58] /i guild helmet
[5/6/2022 23:26:7] /goto potador
[6/6/2022 0:57:57] /goto riona
[6/6/2022 1:36:8] /goto infernalist
[6/6/2022 19:35:2] /goto lucas maluko
[6/6/2022 19:35:21] /i 1049
[6/6/2022 19:35:47] /i diamond coin
[6/6/2022 19:36:0] /c void
[6/6/2022 19:36:8] /i refine stone
[6/6/2022 19:36:15] /i autoloot doll
[6/6/2022 19:36:55] /i 8081
[6/6/2022 19:37:29] /i 9693
[6/6/2022 19:37:36] /t faanb
[6/6/2022 19:37:54] /i diamond coin
[6/6/2022 19:38:2] /i diamond coin
[6/6/2022 19:38:11] /i backpack
[6/6/2022 19:38:16] /i refine stone
[6/6/2022 19:38:21] /i addon doll
[6/6/2022 19:38:27] /t pally of caos
[6/6/2022 19:39:4] /i refine stone
[6/6/2022 19:39:6] /i addon doll
[6/6/2022 19:39:14] /t kwait wopz
[6/6/2022 19:39:20] /i refine stone
[6/6/2022 19:39:21] /i addon doll
[6/6/2022 19:39:27] /t playlight
[6/6/2022 19:39:34] /i refine stone
[6/6/2022 19:39:34] /i addon doll
[6/6/2022 19:39:39] /t void
[6/6/2022 19:39:44] /i refine stone
[6/6/2022 19:39:45] /i addon doll
[6/6/2022 19:39:54] /t rafa alves
[6/6/2022 19:39:56] /i refine stone
[6/6/2022 19:39:56] /i addon doll
[6/6/2022 19:40:3] /i refine stone
[6/6/2022 19:40:4] /i addon doll
[6/6/2022 19:40:11] /t cryzydark
[6/6/2022 19:40:21] /t lucas maluko
[6/6/2022 19:40:37] /i refine stone
[6/6/2022 19:40:37] /i addon doll
[6/6/2022 19:40:49] /t tryhard
[6/6/2022 19:40:52] /i refine stone
[6/6/2022 19:40:52] /i addon doll
[6/6/2022 19:41:9] /t prawiczek
[6/6/2022 19:41:11] /i refine stone
[6/6/2022 19:41:11] /i addon doll
[6/6/2022 19:41:26] /t nyjah
[6/6/2022 19:41:28] /i refine stone
[6/6/2022 19:41:28] /i addon doll
[6/6/2022 19:41:40] /t szyxz
[6/6/2022 19:41:41] /t
[6/6/2022 19:43:37] /goto aisha
[6/6/2022 19:44:39] /i divine amulet
[6/6/2022 19:44:50] /i ice bow
[6/6/2022 19:45:22] /i pally shield
[6/6/2022 19:45:26] /i royal shield
[6/6/2022 19:45:39] /i pally helmet
[6/6/2022 19:46:51] /i holy bow
[6/6/2022 19:46:59] /i golden bow
[6/6/2022 20:3:52] /i backpack
[6/6/2022 20:4:50] /bc Aproveite o evento relampago triple xp, até amanha 12:00 meio dia, qualquer valor. 
[6/6/2022 20:4:58] /goto phantasm
[6/6/2022 20:5:28] /t
[6/6/2022 20:8:2] /i 13212
[6/6/2022 20:8:3] /i 13212
[6/6/2022 20:8:3] /i 13212
[6/6/2022 20:8:3] /i 13212
[6/6/2022 20:8:3] /i 13212
[6/6/2022 20:8:3] /i 13212
[6/6/2022 20:8:4] /i 13212
[6/6/2022 20:8:4] /i 13212
[6/6/2022 20:8:4] /i 13212
[6/6/2022 20:8:7] /i backpack
[6/6/2022 20:8:11] /i backpack
[6/6/2022 20:8:25] /i 13212
[6/6/2022 20:8:26] /i 13212
[6/6/2022 20:8:26] /i 13212
[6/6/2022 20:8:26] /i 13212
[6/6/2022 20:8:26] /i 13212
[6/6/2022 20:8:26] /i 13212
[6/6/2022 20:8:26] /i 13212
[6/6/2022 20:8:26] /i 13212
[6/6/2022 20:8:27] /i 13212
[6/6/2022 20:8:27] /i 13212
[6/6/2022 20:8:27] /i 13212
[6/6/2022 20:8:27] /i 13212
[6/6/2022 20:8:27] /i 13212
[6/6/2022 20:8:27] /i 13212
[6/6/2022 20:8:28] /i 13212
[6/6/2022 20:8:29] /i 13212
[6/6/2022 20:8:29] /i 13212
[6/6/2022 20:8:29] /i 13212
[6/6/2022 20:8:29] /i 13212
[6/6/2022 20:8:29] /i 13212
[6/6/2022 20:8:29] /i 13212
[6/6/2022 20:8:30] /i 13212
[6/6/2022 20:8:30] /i 13212
[6/6/2022 20:8:30] /i 13212
[6/6/2022 20:8:31] /i 13212
[6/6/2022 20:8:31] /i 13212
[6/6/2022 20:8:31] /i 13212
[6/6/2022 20:8:31] /i 13212
[6/6/2022 20:8:32] /i 13212
[6/6/2022 20:8:32] /i 13212
[6/6/2022 20:8:32] /i 13212
[6/6/2022 20:8:32] /i 13212
[6/6/2022 20:8:32] /i 13212
[6/6/2022 20:8:32] /i 13212
[6/6/2022 20:8:33] /i 13212
[6/6/2022 20:8:33] /i 13212
[6/6/2022 20:8:33] /i 13212
[6/6/2022 20:8:33] /i 13212
[6/6/2022 20:8:33] /i 13212
[6/6/2022 20:8:33] /i 13212
[6/6/2022 20:8:34] /i 13212
[6/6/2022 20:8:34] /i 13212
[6/6/2022 20:8:35] /i 13212
[6/6/2022 20:8:35] /i 13212
[6/6/2022 20:8:35] /i 13212
[6/6/2022 20:8:35] /i 13212
[6/6/2022 20:8:36] /i 13212
[6/6/2022 20:8:36] /i 13212
[6/6/2022 20:8:36] /i 13212
[6/6/2022 20:8:36] /i 13212
[6/6/2022 20:8:36] /i 13212
[6/6/2022 20:8:36] /i 13212
[6/6/2022 20:8:37] /i 13212
[6/6/2022 20:8:37] /i 13212
[6/6/2022 20:8:37] /i 13212
[6/6/2022 20:8:38] /i 13212
[6/6/2022 20:8:38] /i 13212
[6/6/2022 20:8:38] /i 13212
[6/6/2022 20:8:39] /i 13212
[6/6/2022 20:8:39] /i 13212
[6/6/2022 20:8:39] /i 13212
[6/6/2022 20:8:39] /i 13212
[6/6/2022 20:8:43] /up
[6/6/2022 20:8:44] /up
[6/6/2022 20:13:57] /t
[6/6/2022 20:16:17] /goto jon jon
[6/6/2022 20:16:22] /t
[6/6/2022 20:17:42] /light
[6/6/2022 20:17:44] /i 2148
[6/6/2022 20:17:57] /i 8840
[6/6/2022 20:18:7] /i backpack of holding
[6/6/2022 20:18:17] /i 8840
[6/6/2022 20:18:24] /i 9971
[6/6/2022 20:18:31] /i 
[6/6/2022 20:18:36] /i 
[6/6/2022 20:18:38] /i 
[6/6/2022 20:18:48] /i 7590
[6/6/2022 20:18:53] /i 7591
[6/6/2022 20:18:59] /i 7891
[6/6/2022 20:19:4] /i 2195
[6/6/2022 20:19:9] /i 5904
[6/6/2022 20:19:15] /i 7760
[6/6/2022 22:6:48] /goto Toto angustiia
[6/6/2022 23:58:34] /goto piruzera malvadeza
[6/6/2022 23:59:20] /goto piruzera malvadeza
[7/6/2022 0:0:0] /r
[7/6/2022 0:0:11] /i soulskull backpack
[7/6/2022 23:9:27] /goto Bandido Mal
[8/6/2022 0:8:33] /c tony boladao
[8/6/2022 0:8:37] /i backpack
[8/6/2022 0:8:42] /i soulskull backpack
[8/6/2022 0:8:55] /i pharaot bow
[8/6/2022 0:9:4] /i golden bow
[8/6/2022 0:9:10] /i ice bow
[8/6/2022 0:9:17] /i crystal coin
[8/6/2022 0:9:23] /i crystal coin
[8/6/2022 0:9:30] /i paldin armor
[8/6/2022 0:9:35] /i paladin armor
[8/6/2022 0:9:40] /i pally hat
[8/6/2022 0:9:45] /i pally helmet
[8/6/2022 0:9:56] /i royal shield
[8/6/2022 0:10:21] /i pharaot boots
[8/6/2022 0:10:31] /i starlight vial
[8/6/2022 0:10:42] /i zaoan legs
[8/6/2022 0:10:58] /i pharaotwars backpack
[8/6/2022 0:11:11] /i mary point
[8/6/2022 0:11:59] /i divine amulet
[8/6/2022 0:36:32] /i 10559
[8/6/2022 18:14:52] /goto master yoda
[8/6/2022 23:26:59] /t
[8/6/2022 23:29:56] /ghost
[8/6/2022 23:30:2] /ghost
[8/6/2022 23:45:12] /goto red skull
[8/6/2022 23:52:18] /goto red skull
[9/6/2022 0:32:30] /t
[9/6/2022 0:34:59] /a
[9/6/2022 0:35:4] /a
[9/6/2022 0:35:5] /a
[9/6/2022 0:35:6] /a
[9/6/2022 0:35:6] /a
[9/6/2022 0:35:29] /a
[9/6/2022 0:35:30] /a
[9/6/2022 0:35:31] /a
[9/6/2022 0:35:31] /a
[9/6/2022 0:35:32] /a
[9/6/2022 0:35:33] /a
[9/6/2022 0:35:35] /a
[9/6/2022 0:35:36] /a
[9/6/2022 0:35:37] /a
[9/6/2022 0:35:40] /a
[9/6/2022 0:35:41] /t
[9/6/2022 0:41:16] /goto rafa loko
[9/6/2022 0:41:24] /a
[9/6/2022 0:41:29] /a
[9/6/2022 0:41:34] /a
[9/6/2022 0:41:39] /a
[9/6/2022 0:41:40] /a
[9/6/2022 0:41:41] /a
[9/6/2022 0:41:50] /a
[9/6/2022 0:41:51] /a
[9/6/2022 0:46:34] /goto powerfull
[9/6/2022 0:47:30] /goto powerfull
[9/6/2022 0:48:1] /t
[9/6/2022 0:48:7] /c powerfull
[9/6/2022 0:49:16] /goto powerfull
[9/6/2022 0:58:5] /goto rafa loko
[9/6/2022 0:58:9] /a
[9/6/2022 0:58:18] /a
[9/6/2022 0:58:19] /a
[9/6/2022 0:58:48] /t
[9/6/2022 1:19:25] /goto rafa loko
[9/6/2022 1:19:30] /a
[9/6/2022 1:19:31] /a
[9/6/2022 1:19:32] /a
[9/6/2022 1:19:33] /a
[9/6/2022 1:19:37] /t
