[12/2/2022 20:1:5] !aol
[12/2/2022 20:36:9] !aol
[12/2/2022 20:44:50] !aol
[13/2/2022 11:44:25] !aol
[13/2/2022 12:4:27] !aol
[13/2/2022 13:11:50] !aol
[13/2/2022 15:26:49] !aol
[13/2/2022 15:33:16] !aol
[13/2/2022 20:49:47] !aol
[13/2/2022 21:42:11] !aol
[13/2/2022 21:43:22] !aol
[14/2/2022 6:0:57] !aol
[14/2/2022 12:13:20] !aol
[14/2/2022 18:12:10] !emotespells
[14/2/2022 18:12:18] !emotespells
[14/2/2022 18:12:21] !emotespells off
[14/2/2022 18:12:28] !emotespells off
[14/2/2022 18:12:35] !emotespells on
[14/2/2022 19:34:28] !aol
[14/2/2022 19:45:23] !aol
[14/2/2022 20:15:19] !aol
[15/2/2022 12:28:22] !online
[15/2/2022 18:33:10] !aol
[15/2/2022 18:56:18] !aol
[16/2/2022 12:50:27] !guildpoints
[16/2/2022 13:47:20] !aol
[16/2/2022 21:8:41] !aol
[23/2/2022 21:41:51] !serverinfo
[24/2/2022 3:40:35] !aol
[24/2/2022 13:9:44] !aol
[24/2/2022 13:47:9] !aol
[24/2/2022 15:44:26] !emotespells on
[24/2/2022 16:39:51] !guildpoints
[24/2/2022 17:56:18] !aol
[24/2/2022 18:30:0] !aol
[24/2/2022 19:36:2] !aol
[24/2/2022 19:38:1] !aol
[2/6/2022 17:20:18] !aol
[7/6/2022 21:47:28] !aol
[7/6/2022 21:55:1] !aol
[7/6/2022 22:4:50] !aol
[8/6/2022 21:38:49] !aol
[8/6/2022 23:13:57] !aol
