[14/12/2021 18:31:33] !wand ice
[21/12/2021 15:44:17] !wand energy
[21/12/2021 15:46:51] !online
[21/12/2021 22:23:56] !wand ice
[22/12/2021 7:48:55] !wand ice
[22/12/2021 21:18:17] !online
[11/2/2022 16:18:16] !serverinfo
[11/2/2022 16:30:20] !aol
[11/2/2022 17:5:43] !serverinfo
[11/2/2022 17:51:48] !aol
[11/2/2022 18:15:13] !aol
[11/2/2022 18:22:55] !aol
[11/2/2022 18:42:43] !aol
[30/5/2022 9:33:5] !aol
[30/5/2022 9:33:23] !aol
[30/5/2022 9:57:34] !aol
[30/5/2022 9:58:30] !aol
[30/5/2022 9:58:59] !aol
[30/5/2022 10:3:52] !aol
[31/5/2022 10:32:55] !online
