[31/5/2022 23:38:15] !online
[1/6/2022 6:55:27] !online
[1/6/2022 10:42:31] !online
[1/6/2022 10:49:23] !online
[1/6/2022 11:25:41] !online
[1/6/2022 12:49:46] !online
[1/6/2022 13:33:28] !emotespells on
[1/6/2022 13:33:31] !emotespells on
[1/6/2022 13:56:20] !online
[1/6/2022 14:57:31] !emotespells on
[1/6/2022 16:2:33] !online
[1/6/2022 17:46:28] !tradeoff add, pharaot golden bow
[1/6/2022 17:46:38] !tradeoff add, golden bow
[1/6/2022 17:47:56] !tradeoff add, royal shield
[1/6/2022 17:48:10] !tradeoff add, pally helmet
[1/6/2022 17:48:30] !tradeoff add, divine amulet
[1/6/2022 17:48:33] !tradeoff add, divine amulet
[1/6/2022 18:20:54] !tradeoff remove, 63
[1/6/2022 18:21:6] !tradeoff remove, 62
[1/6/2022 18:21:16] !tradeoff remove, 61
