[31/5/2022 20:48:9] !aol
[31/5/2022 21:4:42] !rank
[31/5/2022 21:4:45] !rank level
[31/5/2022 21:13:10] !aol
[31/5/2022 21:22:15] !aol
[31/5/2022 22:13:28] !aol
[31/5/2022 22:15:10] !aol
[31/5/2022 22:55:26] !emotespells
[31/5/2022 22:55:28] !emotespells on
[31/5/2022 23:28:22] 
[31/5/2022 23:50:51] !aol
[2/6/2022 0:54:27] 
[2/6/2022 18:15:27] !buyhouse
[5/6/2022 9:20:46] !rank level
[5/6/2022 9:21:59] !rank level
[5/6/2022 9:22:55] !rank level
[5/6/2022 9:29:17] !rank magic
[6/6/2022 22:54:25] !tradeoff
[6/6/2022 22:54:41] !tradeoff add, 20000000
[8/6/2022 0:29:32] !tradeoff balance
[8/6/2022 0:29:36] !tradeoff balance
[8/6/2022 10:26:36] !buyhouse
[8/6/2022 10:27:34] !rank magic
