[10/2/2022 20:4:44] !online
[10/2/2022 20:50:32] !buyhouse
[10/2/2022 20:50:34] !buyhouse
[10/2/2022 20:51:18] !buyhouse
[10/2/2022 20:59:40] !online
[10/2/2022 21:16:35] !aol
[10/2/2022 21:19:21] !online
[11/2/2022 0:57:11] !aol
[11/2/2022 2:50:28] !aol
[11/2/2022 2:55:4] !aol
[11/2/2022 2:55:28] !aol
[11/2/2022 3:0:27] !aol
[11/2/2022 3:39:43] !aol
[11/2/2022 3:51:17] !aol
[11/2/2022 6:44:40] !aol
[11/2/2022 8:3:5] !aol
[11/2/2022 8:52:1] !aol
[11/2/2022 9:7:33] !aol
[11/2/2022 12:24:50] !aol
[11/2/2022 15:39:18] !aol
[11/2/2022 18:10:30] !aol
[13/2/2022 21:22:2] !online
[14/2/2022 22:26:14] aleta som
[14/2/2022 22:26:33] alana sio
[17/2/2022 17:24:5] 
[17/2/2022 17:24:41] 
[18/2/2022 20:21:9] !emotespells on
[18/2/2022 21:39:39] !aol
[18/2/2022 21:56:30] !addon warrior
[19/2/2022 18:18:1] 
[19/2/2022 18:20:1] 
[19/2/2022 23:42:47] !rank level
[20/2/2022 0:59:16] 
[20/2/2022 1:1:16] 
[23/2/2022 20:43:29] !aol
[23/2/2022 20:58:51] !rank magic
[23/2/2022 21:35:22] !aol
[23/2/2022 21:37:56] !aol
[23/2/2022 21:42:15] !aol
[23/2/2022 21:44:35] !aol
[23/2/2022 21:46:29] !aol
[23/2/2022 21:57:25] !aol
[23/2/2022 22:5:43] !rank level
[23/2/2022 22:11:12] !aol
[23/2/2022 22:44:38] !aol
[23/2/2022 23:3:59] !aol
[24/2/2022 2:17:50] !rank
[24/2/2022 2:17:54] !rank level
[24/2/2022 5:47:51] 
[24/2/2022 5:49:25] 
[24/2/2022 6:4:21] 
[24/2/2022 6:5:52] 
[24/2/2022 6:6:21] 
[25/2/2022 2:21:15] 
[25/2/2022 2:24:15] 
[25/2/2022 4:47:15] 
[25/2/2022 4:52:15] 
[25/2/2022 9:11:16] 
[25/2/2022 9:17:17] 
[25/2/2022 12:10:37] !emotespells on
[25/2/2022 18:19:35] 
[25/2/2022 18:31:35] 
[25/2/2022 20:59:20] !rank level
[25/2/2022 22:23:47] !addon mage
[25/2/2022 22:24:1] !addon warrior
[26/2/2022 4:35:21] !rank level
[26/2/2022 4:38:3] 
[26/2/2022 4:40:3] 
[26/2/2022 7:18:17] 
[26/2/2022 7:22:21] 
[27/2/2022 3:53:33] 
[27/2/2022 3:55:33] 
[28/2/2022 6:30:12] 
[28/2/2022 6:33:12] 
[28/2/2022 11:53:26] !rank level
[28/2/2022 11:54:13] 
[28/2/2022 11:56:13] 
[1/3/2022 13:34:45] !online
[1/3/2022 13:38:16] 
[1/3/2022 13:46:34] 
