[18/2/2022 17:44:49] !emotespells on
[18/2/2022 17:56:9] !rank distance
[18/2/2022 23:33:39] !rank magic
[21/2/2022 12:49:28] !rank magic
[23/2/2022 20:5:0] !emotespells on
[24/2/2022 17:51:6] !online
[24/2/2022 20:10:53] !buyhouse
[24/2/2022 20:10:56] !buyhouse
[24/2/2022 21:31:18] !buyhouse
[24/2/2022 21:32:5] !buyhouse
[24/2/2022 21:32:36] aleta som
[24/2/2022 21:33:17] !protecthouse
[24/2/2022 21:33:20] !protecthouse off
[28/2/2022 14:0:46] !frags
[28/2/2022 20:31:46] !rank magic
[1/3/2022 23:38:1] !rank sword
[2/3/2022 10:11:20] !rank magic
[2/3/2022 12:13:22] !rank magic
[2/3/2022 21:36:46] !rank magic
[2/3/2022 22:22:17] !rank magic
[3/3/2022 7:14:42] !rank magi
[3/3/2022 7:14:46] !rank magic
[5/3/2022 18:34:20] !online
