[27/5/2022 20:48:4] !aol
[27/5/2022 21:1:40] !aol
[27/5/2022 22:19:54] !aol
[27/5/2022 22:23:56] !aol
[27/5/2022 22:35:18] !aol
[27/5/2022 22:44:31] !aol
[28/5/2022 1:10:0] !buyhouse
[28/5/2022 1:10:3] !buyhouse
[28/5/2022 3:48:16] !buyhouse
[28/5/2022 3:48:52] !buyhouse
[29/5/2022 11:45:58] aleta sio
[29/5/2022 11:46:4] aleta som
[29/5/2022 11:50:37] !aol
[30/5/2022 19:33:55] !rank
[30/5/2022 19:34:0] !rank distance
[30/5/2022 19:34:19] !rank magic
[31/5/2022 20:13:42] !aol
[31/5/2022 20:20:54] !aol
[31/5/2022 20:42:33] !aol
[31/5/2022 20:43:48] !aol
[31/5/2022 20:44:11] !aol
[31/5/2022 23:26:6] !aol
[2/6/2022 21:23:59] !frags
[2/6/2022 21:39:30] !frags
[3/6/2022 1:19:46] !frags
