[11/12/2021 12:56:26] !online
[11/12/2021 13:25:16] !rank level
[11/12/2021 15:11:43] !online
[11/12/2021 15:13:46] !serverinfo
[11/12/2021 15:18:0] !online
[12/12/2021 6:25:45] !rank level
[12/12/2021 12:52:22] !rank sword
[12/12/2021 13:6:7] !buyhouse
[12/12/2021 13:6:17] aleta sio
[12/12/2021 13:6:33] aleta som
[12/12/2021 15:5:40] !guildpoints
[12/12/2021 15:7:2] !rank sword
[12/12/2021 15:21:59] !rank level
[13/12/2021 3:7:11] !rank level
[13/12/2021 10:37:5] !rank level
[13/12/2021 12:4:46] !online
[13/12/2021 12:5:38] !rank magic
[13/12/2021 12:26:40] !serverinfo
[13/12/2021 12:26:47] !rank magic
[13/12/2021 22:11:19] !frags
[13/12/2021 22:39:50] !frags
[13/12/2021 23:22:36] aleta sio
[13/12/2021 23:23:0] !rank levwl
[13/12/2021 23:23:3] !rank level
[13/12/2021 23:23:24] aleta sio
[13/12/2021 23:52:49] !frags
[14/12/2021 0:15:32] !frags
[14/12/2021 13:45:50] !frags
[14/12/2021 13:46:6] !rank level
[14/12/2021 20:29:37] !frags
[14/12/2021 20:30:25] !frags
[14/12/2021 20:55:50] !frags
[14/12/2021 22:31:51] !wand death
[14/12/2021 22:33:31] !wand energy
[14/12/2021 23:36:4] !frags
[15/12/2021 10:31:3] !rank magic
[15/12/2021 13:42:13] !rank magic
[15/12/2021 14:37:56] !wand tera
[15/12/2021 14:38:1] !wand
[15/12/2021 14:38:9] !wand earth
[15/12/2021 14:44:25] !wand ice
[15/12/2021 14:44:34] !wand energy
[15/12/2021 14:44:38] !wand
[15/12/2021 14:44:46] !wand energy
[15/12/2021 14:44:49] !wand energy
[15/12/2021 14:44:54] !wand earth
[15/12/2021 14:45:1] !wand earth
[15/12/2021 14:53:14] !wand earth
[15/12/2021 15:10:11] !wand holy
[15/12/2021 21:4:19] !wand earth
[16/12/2021 20:3:13] !wand earth
[16/12/2021 20:3:33] !wand earth
[16/12/2021 22:30:8] !wand holy
[16/12/2021 22:39:2] !wand death
[16/12/2021 22:39:29] !wand holy
[16/12/2021 22:42:46] !wand holy
[20/12/2021 12:39:32] !wand earth
[20/12/2021 13:52:31] !wand holy
[20/12/2021 15:9:31] !online
[22/12/2021 19:21:56] !online
[17/1/2022 10:2:31] !online
