[11/2/2022 22:53:4] !aol
[12/2/2022 11:2:2] !rank axe
[12/2/2022 11:18:45] !aol
[12/2/2022 11:30:9] !aol
[12/2/2022 11:30:40] !aol
[12/2/2022 11:33:56] !aol
[12/2/2022 11:55:9] 
[12/2/2022 18:21:54] !rank axe
[12/2/2022 18:47:24] 
[13/2/2022 9:49:19] !rank axe
[13/2/2022 10:5:36] !aol
[13/2/2022 11:33:18] !emotespells
[13/2/2022 11:33:21] !emotespells off
[13/2/2022 11:33:37] !emotespells on
[13/2/2022 12:58:46] !online
[13/2/2022 17:24:4] !rank axe
[14/2/2022 21:29:47] !rank level
[15/2/2022 7:7:48] !rank axe
[15/2/2022 7:31:1] !rank level
[15/2/2022 10:19:0] !rank axe
[15/2/2022 21:55:38] !rank level
[15/2/2022 22:28:46] !protecthouse
[16/2/2022 19:32:18] !rank axe
[24/2/2022 8:30:48] !rank axe
[24/2/2022 9:33:28] !emotespells on
[24/2/2022 10:3:12] 
[24/2/2022 15:21:38] !aol
[25/2/2022 5:4:15] 
[25/2/2022 17:28:28] !rank level
[26/2/2022 10:28:23] !rank level
[26/2/2022 10:28:30] !rank axe
[26/2/2022 10:31:7] !rank level
[26/2/2022 11:40:18] 
[26/2/2022 11:49:22] 
[26/2/2022 12:30:56] 
[26/2/2022 12:44:59] 
[27/2/2022 12:42:7] 
[27/2/2022 12:43:0] !rank level
[28/2/2022 10:9:12] 
[28/2/2022 13:31:38] 
[1/3/2022 2:43:15] 
[1/3/2022 7:30:43] !rank level
[1/3/2022 9:47:6] !rank level
[1/3/2022 11:45:37] !rank level
[1/3/2022 11:45:50] !rank axe
[1/3/2022 22:9:2] !rank level
[2/3/2022 19:58:30] !rank axe
[2/3/2022 19:58:39] !online
[2/3/2022 20:8:51] !rank sword
[2/3/2022 20:8:56] !rank level
