[31/5/2022 21:3:22] 
[31/5/2022 21:5:22] 
[31/5/2022 21:29:38] !online
[31/5/2022 22:1:20] !aol
[31/5/2022 22:24:42] !aol
[31/5/2022 22:55:18] !aol
[31/5/2022 23:35:31] !aol
[1/6/2022 0:29:30] !aol
[1/6/2022 0:33:22] 
[1/6/2022 2:5:23] 
[1/6/2022 2:13:10] !online
[1/6/2022 3:54:4] !emotespells on
[1/6/2022 3:58:2] !emotespells on
[1/6/2022 4:2:22] !emotespells on
[1/6/2022 4:6:28] !emotespells on
[1/6/2022 4:11:1] !emotespells on
[1/6/2022 4:15:54] !rank level
[1/6/2022 4:17:7] !emotespells on
[1/6/2022 4:20:7] !emotespells on
[1/6/2022 4:23:49] !emotespells on
[1/6/2022 4:27:43] !emotespells on
[1/6/2022 4:31:47] !emotespells on
[1/6/2022 4:35:31] !emotespells on
[1/6/2022 4:39:16] !emotespells on
[1/6/2022 4:44:55] !emotespells on
[1/6/2022 4:51:21] !emotespells on
[1/6/2022 4:55:5] !emotespells on
[1/6/2022 5:2:55] !emotespells on
[1/6/2022 5:6:14] !emotespells on
[1/6/2022 5:10:3] !emotespells on
[1/6/2022 5:14:4] !emotespells on
[1/6/2022 5:17:41] !emotespells on
[1/6/2022 5:21:18] !emotespells on
[1/6/2022 5:25:12] !emotespells on
[1/6/2022 5:28:48] !emotespells on
[1/6/2022 5:34:35] !emotespells on
[1/6/2022 5:41:5] !emotespells on
[1/6/2022 5:46:34] !emotespells on
[1/6/2022 5:50:13] !emotespells on
[1/6/2022 5:53:58] !emotespells on
[1/6/2022 5:57:53] !emotespells on
[1/6/2022 6:1:14] !emotespells on
[1/6/2022 6:4:49] !emotespells on
[1/6/2022 6:10:28] !emotespells on
[1/6/2022 6:16:52] !emotespells on
[1/6/2022 6:20:49] !emotespells on
[1/6/2022 6:24:31] !emotespells on
[1/6/2022 6:29:47] !emotespells on
[1/6/2022 6:34:57] !emotespells on
[1/6/2022 6:40:18] !emotespells on
[1/6/2022 6:45:41] !emotespells on
[1/6/2022 6:52:55] !emotespells on
[1/6/2022 7:1:34] !emotespells on
[1/6/2022 7:6:54] !emotespells on
[1/6/2022 7:12:27] !emotespells on
[1/6/2022 7:17:16] !emotespells on
[1/6/2022 7:22:21] !emotespells on
[1/6/2022 7:27:52] !emotespells on
[1/6/2022 7:34:55] !emotespells on
[1/6/2022 7:43:0] !emotespells on
[1/6/2022 7:46:46] !emotespells on
[1/6/2022 7:50:47] !emotespells on
[1/6/2022 7:54:23] !emotespells on
[1/6/2022 7:58:0] !emotespells on
[1/6/2022 8:1:43] !emotespells on
[1/6/2022 8:5:48] !emotespells on
[1/6/2022 8:9:31] !emotespells on
[1/6/2022 8:13:14] !emotespells on
[1/6/2022 8:17:12] !emotespells on
[1/6/2022 8:20:41] !emotespells on
[1/6/2022 8:28:9] !emotespells on
[1/6/2022 8:34:42] !emotespells on
[1/6/2022 8:38:35] !emotespells on
[1/6/2022 8:42:23] !emotespells on
[1/6/2022 8:45:54] !emotespells on
[1/6/2022 8:54:25] !emotespells on
[1/6/2022 8:58:0] !emotespells on
[1/6/2022 9:22:58] !aol
[1/6/2022 9:23:7] !emotespells on
[1/6/2022 9:30:42] !emotespells on
[1/6/2022 9:35:44] !emotespells on
[1/6/2022 9:39:11] !emotespells on
[1/6/2022 9:46:49] !emotespells on
[1/6/2022 9:50:22] !emotespells on
[1/6/2022 9:54:4] !emotespells on
[1/6/2022 9:57:47] !emotespells on
[1/6/2022 10:5:18] !emotespells on
[1/6/2022 10:8:44] !emotespells on
[1/6/2022 10:14:25] !emotespells on
[1/6/2022 10:22:14] !emotespells on
[1/6/2022 10:26:10] !emotespells on
[1/6/2022 10:29:51] !emotespells on
[1/6/2022 10:33:23] !emotespells on
[1/6/2022 10:37:0] !emotespells on
[1/6/2022 10:40:38] !emotespells on
[1/6/2022 10:44:16] !emotespells on
[1/6/2022 10:48:13] !emotespells on
[1/6/2022 10:52:1] !emotespells on
[1/6/2022 10:55:33] !emotespells on
[1/6/2022 11:0:33] !emotespells on
[1/6/2022 11:3:57] !emotespells on
[1/6/2022 11:7:14] !emotespells on
[1/6/2022 11:13:1] !emotespells on
[1/6/2022 11:18:52] !emotespells on
[1/6/2022 11:22:33] !emotespells on
[1/6/2022 11:25:25] !emotespells on
[1/6/2022 11:28:26] !emotespells on
[1/6/2022 11:32:9] !emotespells on
[1/6/2022 11:35:43] !emotespells on
[1/6/2022 11:37:23] !emotespells on
[1/6/2022 11:39:48] !emotespells on
[1/6/2022 11:43:4] !emotespells on
[1/6/2022 11:47:11] !emotespells on
[1/6/2022 11:50:21] !emotespells on
[1/6/2022 11:54:13] !emotespells on
[1/6/2022 11:57:46] !emotespells on
[1/6/2022 12:1:3] !emotespells on
[1/6/2022 12:1:15] !emotespells on
[1/6/2022 12:10:47] !emotespells on
[1/6/2022 12:16:55] !emotespells on
[1/6/2022 12:20:30] !emotespells on
[1/6/2022 12:24:0] !emotespells on
[1/6/2022 12:27:44] !emotespells on
[1/6/2022 12:31:26] !emotespells on
[1/6/2022 12:34:50] !emotespells on
[1/6/2022 12:38:52] !emotespells on
[1/6/2022 12:42:41] !emotespells on
[1/6/2022 12:46:10] !emotespells on
[1/6/2022 12:46:22] !emotespells on
[1/6/2022 12:50:27] !emotespells on
[1/6/2022 12:53:45] !emotespells on
[1/6/2022 12:57:15] !emotespells on
[1/6/2022 13:0:43] !emotespells on
[1/6/2022 13:3:37] !emotespells on
[1/6/2022 13:7:5] !emotespells on
[1/6/2022 13:10:43] !emotespells on
[1/6/2022 13:16:20] !emotespells on
[1/6/2022 13:22:18] !emotespells on
[1/6/2022 13:25:50] !emotespells on
[1/6/2022 13:29:46] !emotespells on
[1/6/2022 13:33:43] !emotespells on
[1/6/2022 13:37:8] !emotespells on
[1/6/2022 13:40:35] !emotespells on
[1/6/2022 13:43:35] !emotespells on
[1/6/2022 13:44:42] !emotespells on
[1/6/2022 13:47:9] !emotespells on
[1/6/2022 13:47:21] !emotespells on
[1/6/2022 13:50:50] !emotespells on
[1/6/2022 13:54:23] !emotespells on
[1/6/2022 13:57:49] !emotespells on
[1/6/2022 14:1:35] !emotespells on
[1/6/2022 14:5:12] !emotespells on
[1/6/2022 14:8:37] !emotespells on
[1/6/2022 14:12:5] !emotespells on
[1/6/2022 14:15:10] !emotespells on
[1/6/2022 14:18:39] !emotespells on
[1/6/2022 14:27:46] !emotespells on
[1/6/2022 14:34:3] !emotespells on
[1/6/2022 14:37:20] !emotespells on
[1/6/2022 14:40:45] !emotespells on
[1/6/2022 14:44:16] !emotespells on
[1/6/2022 14:47:43] !emotespells on
[1/6/2022 14:51:22] !emotespells on
[1/6/2022 14:54:56] !emotespells on
[1/6/2022 14:58:7] !emotespells on
[1/6/2022 15:1:36] !emotespells on
[1/6/2022 15:4:58] !emotespells on
[1/6/2022 15:8:8] !emotespells on
[1/6/2022 15:11:13] !emotespells on
[1/6/2022 15:15:11] !emotespells on
[1/6/2022 15:18:28] !emotespells on
[1/6/2022 15:22:7] !emotespells on
[1/6/2022 15:25:28] !emotespells on
[1/6/2022 15:29:3] !emotespells on
[1/6/2022 15:34:5] !emotespells on
[1/6/2022 15:34:32] !serverinfo
[1/6/2022 15:34:50] !rank magic
[1/6/2022 15:36:44] !rank level
[1/6/2022 15:40:5] !emotespells on
[1/6/2022 15:43:42] !emotespells on
[1/6/2022 15:46:59] !emotespells on
[1/6/2022 15:50:33] !emotespells on
[1/6/2022 15:54:14] !emotespells on
[1/6/2022 15:57:36] !emotespells on
[1/6/2022 16:1:20] !emotespells on
[1/6/2022 16:4:16] !online
[1/6/2022 16:7:1] !emotespells on
[1/6/2022 16:15:38] !emotespells on
[1/6/2022 16:22:37] !emotespells on
[1/6/2022 16:28:7] !emotespells on
[1/6/2022 16:32:52] !emotespells on
[1/6/2022 16:40:55] !aol
[1/6/2022 16:41:15] !emotespells on
[1/6/2022 16:47:29] !aol
[1/6/2022 16:47:55] !emotespells on
[1/6/2022 17:25:45] !emotespells on
[1/6/2022 17:28:33] !emotespells on
[1/6/2022 17:32:13] !emotespells on
[1/6/2022 17:39:34] !emotespells on
[1/6/2022 18:5:33] !aol
[6/6/2022 17:46:49] !aol
[6/6/2022 19:0:25] !aol
