[27/5/2022 14:33:35] !online
[27/5/2022 20:7:49] !emotespells on
[27/5/2022 22:24:52] !serverinfo
[27/5/2022 22:51:2] !emotespells on
[27/5/2022 23:7:14] !emotespells on
[27/5/2022 23:16:17] !serverinfo
[27/5/2022 23:19:12] !serverinfo
[27/5/2022 23:24:10] !emotespells on
[27/5/2022 23:32:32] !serverinfo
[27/5/2022 23:54:31] !serverinfo
[27/5/2022 23:54:34] !serverinfo
[28/5/2022 0:6:19] !serverinfo
[28/5/2022 0:7:51] !serverinfo
[28/5/2022 0:46:26] !serverinfo
[28/5/2022 0:53:51] !online
[28/5/2022 1:1:46] !emotespells on
[28/5/2022 1:5:45] !emotespells on
[28/5/2022 1:18:21] !emotespells on
[28/5/2022 1:27:16] !emotespells on
[28/5/2022 1:28:46] !emotespells on
[28/5/2022 1:39:29] !emotespells on
[28/5/2022 1:39:52] !serverinfo
[28/5/2022 1:45:10] !online
[28/5/2022 1:49:37] !emotespells on
[28/5/2022 2:0:47] !emotespells on
[28/5/2022 2:7:44] !emotespells on
[28/5/2022 2:14:18] !emotespells on
[28/5/2022 2:23:18] !emotespells on
[28/5/2022 2:34:2] !emotespells on
[28/5/2022 2:38:16] !emotespells on
[28/5/2022 2:45:9] !emotespells on
[28/5/2022 2:54:8] !emotespells on
[28/5/2022 3:3:52] !emotespells on
[28/5/2022 3:10:10] !emotespells on
[28/5/2022 3:16:49] !emotespells on
[28/5/2022 3:25:9] !emotespells on
[28/5/2022 3:28:55] !emotespells on
[28/5/2022 3:29:31] !emotespells on
[28/5/2022 3:31:19] !emotespells on
[28/5/2022 3:31:55] !emotespells on
[28/5/2022 3:32:31] !emotespells on
[28/5/2022 3:33:6] !emotespells on
[28/5/2022 3:33:42] !emotespells on
[28/5/2022 3:34:18] !emotespells on
[28/5/2022 3:34:54] !emotespells on
[28/5/2022 3:35:30] !emotespells on
[28/5/2022 3:36:6] !emotespells on
[28/5/2022 3:37:18] !emotespells on
[28/5/2022 3:37:54] !emotespells on
[28/5/2022 3:38:30] !emotespells on
[28/5/2022 3:39:6] !emotespells on
[28/5/2022 3:39:42] !emotespells on
[28/5/2022 3:40:18] !emotespells on
[28/5/2022 3:40:54] !emotespells on
[28/5/2022 3:41:29] !emotespells on
[28/5/2022 3:42:6] !emotespells on
[28/5/2022 3:42:42] !emotespells on
[28/5/2022 3:43:18] !emotespells on
[28/5/2022 3:43:54] !emotespells on
[28/5/2022 3:44:30] !emotespells on
[28/5/2022 3:45:6] !emotespells on
[28/5/2022 3:45:42] !emotespells on
[28/5/2022 3:46:18] !emotespells on
[28/5/2022 3:46:54] !emotespells on
[28/5/2022 3:47:30] !emotespells on
[28/5/2022 3:48:7] !emotespells on
[28/5/2022 3:48:42] !emotespells on
[28/5/2022 3:49:19] !emotespells on
[28/5/2022 3:49:55] !emotespells on
[28/5/2022 3:50:31] !emotespells on
[28/5/2022 3:51:7] !emotespells on
[28/5/2022 3:52:19] !emotespells on
[28/5/2022 3:53:31] !emotespells on
[28/5/2022 3:54:8] !emotespells on
[28/5/2022 3:54:44] !emotespells on
[28/5/2022 3:55:56] !emotespells on
[28/5/2022 3:57:8] !emotespells on
[28/5/2022 3:57:44] !emotespells on
[28/5/2022 3:58:20] !emotespells on
[28/5/2022 3:58:56] !emotespells on
[28/5/2022 3:59:32] !emotespells on
[28/5/2022 4:0:8] !emotespells on
[28/5/2022 4:0:44] !emotespells on
[28/5/2022 4:1:20] !emotespells on
[28/5/2022 4:1:57] !emotespells on
[28/5/2022 4:2:32] !emotespells on
[28/5/2022 4:3:8] !emotespells on
[28/5/2022 4:3:44] !emotespells on
[28/5/2022 4:4:20] !emotespells on
[28/5/2022 4:4:56] !emotespells on
[28/5/2022 4:5:32] !emotespells on
[28/5/2022 4:6:8] !emotespells on
[28/5/2022 4:6:44] !emotespells on
[28/5/2022 4:7:20] !emotespells on
[28/5/2022 4:7:56] !emotespells on
[28/5/2022 4:8:33] !emotespells on
[28/5/2022 4:9:9] !emotespells on
[28/5/2022 4:10:21] !emotespells on
[28/5/2022 4:10:58] !emotespells on
[28/5/2022 4:11:34] !emotespells on
[28/5/2022 4:12:10] !emotespells on
[28/5/2022 4:12:46] !emotespells on
[28/5/2022 4:13:22] !emotespells on
[28/5/2022 4:13:57] !emotespells on
[28/5/2022 4:14:34] !emotespells on
[28/5/2022 4:15:10] !emotespells on
[28/5/2022 4:15:46] !emotespells on
[28/5/2022 4:16:22] !emotespells on
[28/5/2022 4:16:58] !emotespells on
[28/5/2022 4:17:34] !emotespells on
[28/5/2022 4:18:10] !emotespells on
[28/5/2022 4:18:46] !emotespells on
[28/5/2022 4:21:10] !emotespells on
[28/5/2022 4:21:46] !emotespells on
[28/5/2022 4:22:22] !emotespells on
[28/5/2022 4:22:58] !emotespells on
[28/5/2022 4:23:35] !emotespells on
[28/5/2022 4:24:11] !emotespells on
[28/5/2022 4:24:47] !emotespells on
[28/5/2022 4:25:22] !emotespells on
[28/5/2022 4:25:58] !emotespells on
[28/5/2022 4:26:34] !emotespells on
[28/5/2022 4:27:10] !emotespells on
[28/5/2022 4:27:46] !emotespells on
[28/5/2022 4:28:22] !emotespells on
[28/5/2022 4:29:35] !emotespells on
[28/5/2022 4:30:47] !emotespells on
[28/5/2022 4:31:23] !emotespells on
[28/5/2022 4:31:59] !emotespells on
[28/5/2022 4:32:35] !emotespells on
[28/5/2022 4:33:11] !emotespells on
[28/5/2022 4:34:23] !emotespells on
[28/5/2022 4:34:59] !emotespells on
[28/5/2022 4:35:35] !emotespells on
[28/5/2022 4:36:11] !emotespells on
[28/5/2022 4:36:48] !emotespells on
[28/5/2022 4:37:24] !emotespells on
[28/5/2022 4:38:0] !emotespells on
[28/5/2022 4:38:36] !emotespells on
[28/5/2022 4:39:12] !emotespells on
[28/5/2022 4:39:48] !emotespells on
[28/5/2022 4:40:25] !emotespells on
[28/5/2022 4:41:1] !emotespells on
[28/5/2022 4:41:37] !emotespells on
[28/5/2022 4:42:12] !emotespells on
[28/5/2022 4:42:49] !emotespells on
[28/5/2022 4:43:25] !emotespells on
[28/5/2022 4:44:1] !emotespells on
[28/5/2022 4:44:37] !emotespells on
[28/5/2022 4:45:13] !emotespells on
[28/5/2022 4:45:49] !emotespells on
[28/5/2022 4:46:24] !emotespells on
[28/5/2022 4:47:37] !emotespells on
[28/5/2022 4:48:13] !emotespells on
[28/5/2022 4:48:50] !emotespells on
[28/5/2022 4:49:26] !emotespells on
[28/5/2022 4:50:2] !emotespells on
[28/5/2022 4:50:38] !emotespells on
[28/5/2022 4:51:14] !emotespells on
[28/5/2022 4:51:50] !emotespells on
[28/5/2022 4:52:26] !emotespells on
[28/5/2022 4:53:2] !emotespells on
[28/5/2022 4:53:38] !emotespells on
[28/5/2022 4:54:14] !emotespells on
[28/5/2022 4:54:50] !emotespells on
[28/5/2022 4:55:26] !emotespells on
[28/5/2022 4:56:2] !emotespells on
[28/5/2022 4:56:38] !emotespells on
[28/5/2022 4:57:14] !emotespells on
[28/5/2022 4:57:50] !emotespells on
[28/5/2022 4:58:26] !emotespells on
[28/5/2022 4:59:2] !emotespells on
[28/5/2022 4:59:39] !emotespells on
[28/5/2022 5:11:44] !emotespells on
[28/5/2022 5:17:49] !emotespells on
[28/5/2022 5:26:13] !emotespells on
[28/5/2022 5:36:20] !emotespells on
[28/5/2022 5:58:45] !emotespells on
[28/5/2022 7:24:37] !emotespells on
[28/5/2022 7:52:31] !emotespells on
[28/5/2022 8:40:44] !emotespells on
[28/5/2022 9:14:0] !serverinfo
[28/5/2022 9:24:1] !emotespells on
[28/5/2022 10:17:13] !emotespells on
[28/5/2022 10:29:13] !emotespells on
[28/5/2022 10:40:47] !emotespells on
[28/5/2022 11:2:34] !emotespells on
[28/5/2022 11:53:41] !emotespells on
[28/5/2022 12:44:2] !emotespells on
[28/5/2022 13:41:55] !emotespells on
[28/5/2022 14:33:31] !emotespells on
[28/5/2022 14:34:54] !emotespells on
[28/5/2022 19:46:40] 
[28/5/2022 22:40:28] !serverinfo
[28/5/2022 22:53:54] !guildpoints
[28/5/2022 23:0:6] !tradeoff add, 2000000
[28/5/2022 23:1:7] !tradeoff add, 2000000
[29/5/2022 4:27:8] !tradeoff balance
[29/5/2022 4:27:11] !tradeoff balance
[29/5/2022 4:27:20] !tradeoff withdraw
[29/5/2022 4:27:31] !tradeoff info
[29/5/2022 4:27:42] !tradeoff active
[29/5/2022 4:27:54] !tradeoff remove
[29/5/2022 4:27:58] !tradeoff remove
[29/5/2022 8:52:37] !emotespells on
[29/5/2022 9:41:58] !emotespells on
[29/5/2022 10:2:16] !online
[29/5/2022 10:32:16] !tradeoff balance
[29/5/2022 10:32:22] !tradeoff withdraw
[29/5/2022 10:32:25] !tradeoff withdraw
[29/5/2022 10:32:31] !tradeoff bank
[29/5/2022 10:32:34] !tradeoff
[29/5/2022 10:32:46] !tradeoff remove
[29/5/2022 10:32:52] !emotespells on
[29/5/2022 11:15:58] !emotespells on
[29/5/2022 12:5:47] !aol
[29/5/2022 12:38:54] !aol
[29/5/2022 12:56:16] !online
[29/5/2022 13:52:25] !emotespells on
[29/5/2022 14:37:15] !emotespells on
[29/5/2022 14:51:15] !online
[29/5/2022 15:1:53] !emotespells on
[29/5/2022 15:9:1] !emotespells on
[29/5/2022 15:15:56] !emotespells on
[29/5/2022 15:26:31] !emotespells on
[29/5/2022 15:34:19] !emotespells on
[29/5/2022 15:41:37] !emotespells on
[29/5/2022 15:52:26] !aol
[29/5/2022 16:46:46] !emotespells on
[29/5/2022 17:54:35] !emotespells on
[29/5/2022 18:59:18] !emotespells on
[29/5/2022 20:2:2] !emotespells on
[29/5/2022 21:17:53] !tradeoff balance
[29/5/2022 21:17:56] !tradeoff balance
[29/5/2022 21:18:0] !tradeoff buy
[29/5/2022 21:18:8] !tradeoff withdraw
[29/5/2022 21:18:32] !tradeoff info
[29/5/2022 21:18:49] !tradeoff withdraw
[29/5/2022 21:26:35] !emotespells on
[29/5/2022 21:42:50] !online
[29/5/2022 22:29:18] !emotespells on
[29/5/2022 22:35:29] !emotespells on
[29/5/2022 23:36:8] !emotespells on
[30/5/2022 0:34:10] !emotespells on
[30/5/2022 1:41:35] !emotespells on
[30/5/2022 2:51:54] !emotespells on
[30/5/2022 3:51:6] !emotespells on
[30/5/2022 4:49:56] !emotespells on
[30/5/2022 5:57:55] !emotespells on
[30/5/2022 6:46:45] !emotespells on
[30/5/2022 21:11:48] !guildpoints
[31/5/2022 0:54:15] !online
[1/6/2022 17:15:17] !online
