[31/5/2022 22:21:34] !emotespells on
[2/6/2022 1:35:17] !online
[2/6/2022 2:27:35] !guildpoints
[2/6/2022 2:27:38] !guildpoints <
[2/6/2022 2:41:49] !guildpoints
[2/6/2022 4:11:52] !aol
[2/6/2022 7:29:50] !aol
[2/6/2022 5:4:33] !aol
[2/6/2022 7:7:47] !aol
[2/6/2022 14:53:43] !aol
[2/6/2022 19:27:57] !aol
[2/6/2022 20:44:33] !emotespells on
[2/6/2022 20:53:27] !emotespells on
[2/6/2022 21:7:37] !emotespells on
[2/6/2022 21:41:16] !online
[2/6/2022 23:26:6] !aol
[2/6/2022 23:45:23] !emotespells on
[3/6/2022 0:19:58] !emotespells on
[3/6/2022 0:20:2] !aol
[3/6/2022 0:55:51] !frags
[3/6/2022 1:21:43] !aol
[3/6/2022 1:22:2] !emotespells on
[3/6/2022 1:51:4] !emotespells on
[3/6/2022 2:6:11] !emotespells on
[3/6/2022 2:21:3] !emotespells on
[3/6/2022 2:34:5] !emotespells on
[3/6/2022 2:49:1] !emotespells on
[3/6/2022 3:6:3] !emotespells on
[3/6/2022 3:17:9] !emotespells on
[3/6/2022 3:31:21] !emotespells on
[3/6/2022 3:47:15] !emotespells on
[3/6/2022 4:4:31] !emotespells on
[3/6/2022 4:39:48] !aol
[3/6/2022 4:40:20] !emotespells on
[3/6/2022 4:57:35] !emotespells on
[3/6/2022 5:11:10] !aol
[3/6/2022 5:39:8] !emotespells on
[3/6/2022 5:54:41] !emotespells on
[3/6/2022 6:10:48] !emotespells on
[3/6/2022 6:26:18] !emotespells on
[3/6/2022 6:41:49] !emotespells on
[3/6/2022 6:57:6] !emotespells on
[3/6/2022 7:12:15] !emotespells on
[3/6/2022 7:23:22] !emotespells on
[3/6/2022 7:29:5] !emotespells on
[3/6/2022 7:40:0] !emotespells on
[3/6/2022 7:52:6] !emotespells on
[3/6/2022 8:2:32] !emotespells on
[3/6/2022 8:25:18] !emotespells on
[3/6/2022 8:38:24] !emotespells on
[3/6/2022 8:53:53] !emotespells on
[3/6/2022 9:5:44] !emotespells on
[3/6/2022 9:20:12] !emotespells on
[3/6/2022 9:49:54] !emotespells on
[3/6/2022 10:3:50] !emotespells on
[3/6/2022 10:16:36] !emotespells on
[3/6/2022 10:31:6] !emotespells on
[3/6/2022 10:47:34] !emotespells on
[3/6/2022 11:3:18] !emotespells on
[3/6/2022 11:17:23] !emotespells on
[3/6/2022 11:33:34] !emotespells on
[3/6/2022 11:58:46] !emotespells on
[3/6/2022 12:14:14] !emotespells on
[3/6/2022 12:29:10] !emotespells on
[3/6/2022 12:41:25] !emotespells on
[3/6/2022 12:59:19] !emotespells on
[3/6/2022 13:29:7] !emotespells on
[3/6/2022 13:44:8] !emotespells on
[3/6/2022 14:1:40] !emotespells on
[3/6/2022 16:1:33] !emotespells on
[3/6/2022 16:34:20] !emotespells on
[3/6/2022 17:6:50] !emotespells on
[3/6/2022 17:13:5] !emotespells on
[3/6/2022 17:23:4] !emotespells on
[3/6/2022 17:36:1] !emotespells on
[3/6/2022 17:55:19] !emotespells on
[3/6/2022 18:11:11] !emotespells on
[3/6/2022 18:27:8] !emotespells on
[3/6/2022 18:39:16] !emotespells on
[3/6/2022 18:50:52] !emotespells on
[3/6/2022 19:4:1] !emotespells on
[3/6/2022 19:17:29] !emotespells on
[3/6/2022 19:37:44] !emotespells on
[3/6/2022 19:47:16] !emotespells on
[3/6/2022 20:3:0] !emotespells on
[3/6/2022 20:15:55] !emotespells on
[3/6/2022 20:30:23] !emotespells on
[3/6/2022 20:34:25] !emotespells on
[3/6/2022 20:39:8] !emotespells on
[3/6/2022 20:42:52] !emotespells on
[3/6/2022 20:47:37] !emotespells on
[3/6/2022 20:53:28] !emotespells on
[3/6/2022 20:57:51] !emotespells on
[3/6/2022 21:0:53] !emotespells on
[3/6/2022 21:10:54] !emotespells on
[3/6/2022 21:14:40] !emotespells on
[3/6/2022 21:19:17] !emotespells on
[3/6/2022 21:23:2] !emotespells on
[3/6/2022 21:26:58] !emotespells on
[3/6/2022 21:31:14] !emotespells on
[3/6/2022 21:34:22] !emotespells on
[3/6/2022 21:39:23] !emotespells on
[3/6/2022 21:45:27] !emotespells on
[3/6/2022 21:51:29] !emotespells on
[3/6/2022 21:55:10] !emotespells on
[3/6/2022 22:0:22] !emotespells on
[3/6/2022 22:3:39] !emotespells on
[3/6/2022 22:7:37] !emotespells on
[3/6/2022 22:12:3] !emotespells on
[3/6/2022 22:15:31] !emotespells on
[3/6/2022 22:19:59] !emotespells on
[3/6/2022 22:24:59] !emotespells on
[3/6/2022 22:30:31] !emotespells on
[3/6/2022 22:37:13] !emotespells on
[3/6/2022 22:41:4] !emotespells on
[3/6/2022 22:45:3] !emotespells on
[3/6/2022 22:49:16] !emotespells on
[3/6/2022 22:53:2] !emotespells on
[3/6/2022 22:56:35] !emotespells on
[3/6/2022 23:0:45] !emotespells on
[3/6/2022 23:5:24] !emotespells on
[3/6/2022 23:10:39] !emotespells on
[3/6/2022 23:16:29] !emotespells on
[3/6/2022 23:22:38] !emotespells on
[3/6/2022 23:28:26] !emotespells on
[3/6/2022 23:32:58] !emotespells on
[3/6/2022 23:36:57] !emotespells on
[3/6/2022 23:40:58] !emotespells on
[3/6/2022 23:44:19] !emotespells on
[3/6/2022 23:48:39] !emotespells on
[3/6/2022 23:53:1] !emotespells on
[3/6/2022 23:58:26] !emotespells on
[4/6/2022 0:2:40] !emotespells on
[4/6/2022 0:7:12] !emotespells on
[4/6/2022 0:14:49] !emotespells on
[4/6/2022 0:21:23] !emotespells on
[4/6/2022 2:53:31] !aol
[4/6/2022 2:54:29] !emotespells on
[4/6/2022 3:0:48] !emotespells on
[4/6/2022 3:4:0] !emotespells on
[4/6/2022 3:8:20] !emotespells on
[4/6/2022 3:12:19] !emotespells on
[4/6/2022 3:15:40] !emotespells on
[4/6/2022 3:20:23] !emotespells on
[4/6/2022 3:24:14] !emotespells on
[4/6/2022 3:28:55] !emotespells on
[4/6/2022 3:33:56] !emotespells on
[4/6/2022 3:37:44] !emotespells on
[4/6/2022 3:43:31] !emotespells on
[4/6/2022 3:48:18] !emotespells on
[4/6/2022 3:52:21] !emotespells on
[4/6/2022 3:57:38] !emotespells on
[4/6/2022 4:2:28] !emotespells on
[4/6/2022 4:7:17] !emotespells on
[4/6/2022 4:11:0] !emotespells on
[4/6/2022 4:15:41] !emotespells on
[4/6/2022 4:24:21] !emotespells on
[4/6/2022 4:30:25] !emotespells on
[4/6/2022 4:37:52] !emotespells on
[4/6/2022 4:42:17] !emotespells on
[4/6/2022 4:45:23] !emotespells on
[4/6/2022 4:50:12] !emotespells on
[4/6/2022 4:55:32] !emotespells on
[4/6/2022 4:59:53] !emotespells on
[4/6/2022 5:6:22] !aol
[4/6/2022 5:6:43] !emotespells on
[4/6/2022 5:13:30] !emotespells on
[4/6/2022 5:17:21] !emotespells on
[4/6/2022 5:22:8] !emotespells on
[4/6/2022 5:27:10] !emotespells on
[4/6/2022 5:32:15] !emotespells on
[4/6/2022 5:36:44] !emotespells on
[4/6/2022 5:41:3] !emotespells on
[4/6/2022 5:45:45] !emotespells on
[4/6/2022 5:49:45] !emotespells on
[4/6/2022 5:54:40] !emotespells on
[4/6/2022 6:47:0] !emotespells on
[4/6/2022 6:53:42] !emotespells on
[4/6/2022 6:57:16] !emotespells on
[4/6/2022 7:0:28] !emotespells on
[4/6/2022 7:4:6] !emotespells on
[4/6/2022 7:9:54] !emotespells on
[4/6/2022 7:13:23] !emotespells on
[4/6/2022 7:19:42] !emotespells on
[4/6/2022 7:25:28] !emotespells on
[4/6/2022 7:32:11] !emotespells on
[4/6/2022 7:36:54] !emotespells on
[4/6/2022 7:42:1] !emotespells on
[4/6/2022 7:47:7] !emotespells on
[4/6/2022 7:51:51] !emotespells on
[4/6/2022 8:9:38] !emotespells on
[4/6/2022 8:14:27] !emotespells on
[4/6/2022 8:18:19] !emotespells on
[4/6/2022 8:25:33] !emotespells on
[4/6/2022 8:28:34] !emotespells on
[4/6/2022 8:34:6] !emotespells on
[4/6/2022 8:37:2] !emotespells on
[4/6/2022 8:40:44] !emotespells on
[4/6/2022 8:45:37] !emotespells on
[4/6/2022 8:50:20] !emotespells on
[4/6/2022 8:56:39] !emotespells on
[4/6/2022 9:2:34] !emotespells on
[4/6/2022 9:7:28] !emotespells on
[4/6/2022 9:19:34] !emotespells on
[4/6/2022 9:24:9] !emotespells on
[4/6/2022 9:27:45] !emotespells on
[4/6/2022 9:32:40] !emotespells on
[4/6/2022 9:38:23] !emotespells on
[4/6/2022 9:42:11] !emotespells on
[4/6/2022 9:45:46] !emotespells on
[4/6/2022 9:49:37] !emotespells on
[4/6/2022 9:54:47] !emotespells on
[4/6/2022 9:59:50] !emotespells on
[4/6/2022 10:4:22] !emotespells on
[4/6/2022 10:8:47] !emotespells on
[4/6/2022 10:13:33] !emotespells on
[4/6/2022 10:17:28] !emotespells on
[4/6/2022 10:23:6] !emotespells on
[4/6/2022 10:26:41] !emotespells on
[4/6/2022 10:30:2] !emotespells on
[4/6/2022 10:33:17] !emotespells on
[4/6/2022 10:37:43] !emotespells on
[4/6/2022 10:41:25] !emotespells on
[4/6/2022 10:45:46] !emotespells on
[4/6/2022 10:49:29] !emotespells on
[4/6/2022 10:52:48] !emotespells on
[4/6/2022 10:57:18] !emotespells on
[4/6/2022 11:0:50] !emotespells on
[4/6/2022 11:5:45] !emotespells on
[4/6/2022 11:11:58] !emotespells on
[4/6/2022 11:17:39] !emotespells on
[4/6/2022 11:22:29] !emotespells on
[4/6/2022 11:28:10] !emotespells on
[4/6/2022 11:34:25] !emotespells on
[4/6/2022 11:39:52] !emotespells on
[4/6/2022 11:49:59] !emotespells on
[4/6/2022 11:57:13] !emotespells on
[4/6/2022 12:2:40] !emotespells on
[4/6/2022 12:12:6] !emotespells on
[4/6/2022 12:17:37] !emotespells on
[4/6/2022 12:21:53] !emotespells on
[4/6/2022 12:27:0] !emotespells on
[4/6/2022 12:33:1] !emotespells on
[4/6/2022 12:36:52] !emotespells on
[4/6/2022 12:41:8] !emotespells on
[4/6/2022 12:46:26] !emotespells on
[4/6/2022 12:50:29] !emotespells on
[4/6/2022 12:54:51] !emotespells on
[4/6/2022 12:58:27] !emotespells on
[4/6/2022 13:2:45] !emotespells on
[4/6/2022 13:7:39] !emotespells on
[4/6/2022 13:11:17] !emotespells on
[4/6/2022 13:16:13] !emotespells on
[4/6/2022 13:22:58] !emotespells on
[4/6/2022 13:27:39] !emotespells on
[4/6/2022 13:32:10] !emotespells on
[4/6/2022 13:36:1] !emotespells on
[4/6/2022 13:39:11] !emotespells on
[4/6/2022 13:43:54] !emotespells on
[4/6/2022 13:48:15] !emotespells on
[4/6/2022 13:52:0] !emotespells on
[4/6/2022 13:55:53] !emotespells on
[4/6/2022 14:0:29] !emotespells on
[4/6/2022 14:4:41] !emotespells on
[4/6/2022 14:9:27] !emotespells on
[4/6/2022 14:15:32] !emotespells on
[4/6/2022 14:17:43] !emotespells on
[4/6/2022 14:23:0] !emotespells on
[4/6/2022 14:26:58] !emotespells on
[4/6/2022 14:31:50] !emotespells on
[4/6/2022 14:35:45] !emotespells on
[4/6/2022 14:40:32] !emotespells on
[4/6/2022 14:47:44] !emotespells on
[4/6/2022 14:54:20] !emotespells on
[4/6/2022 15:0:0] !emotespells on
[4/6/2022 15:5:3] !emotespells on
[4/6/2022 15:10:58] !emotespells on
[4/6/2022 15:15:33] !emotespells on
[4/6/2022 15:19:48] !emotespells on
[4/6/2022 15:27:11] !emotespells on
[4/6/2022 15:33:43] !emotespells on
[4/6/2022 15:45:40] !emotespells on
[4/6/2022 17:26:6] !aol
[4/6/2022 17:26:18] !emotespells on
[4/6/2022 17:32:17] !emotespells on
[4/6/2022 17:37:39] !emotespells on
[4/6/2022 17:43:25] !emotespells on
[4/6/2022 17:49:8] !emotespells on
[4/6/2022 17:54:38] !emotespells on
[4/6/2022 18:0:15] !emotespells on
[4/6/2022 18:5:49] !emotespells on
[4/6/2022 18:38:39] !emotespells on
[4/6/2022 18:44:44] !emotespells on
[4/6/2022 18:50:22] !emotespells on
[4/6/2022 18:55:40] !emotespells on
[4/6/2022 19:1:54] !emotespells on
[4/6/2022 19:6:22] !emotespells on
[4/6/2022 19:11:57] !emotespells on
[4/6/2022 19:17:56] !emotespells on
[4/6/2022 19:25:16] !emotespells on
[4/6/2022 19:34:0] !emotespells on
[4/6/2022 19:39:57] !emotespells on
[4/6/2022 19:46:20] !emotespells on
[4/6/2022 19:52:19] !emotespells on
[4/6/2022 19:58:8] !emotespells on
[4/6/2022 20:3:37] !emotespells on
[4/6/2022 20:10:47] !emotespells on
[4/6/2022 20:17:3] !emotespells on
[4/6/2022 20:22:51] !emotespells on
[4/6/2022 20:27:59] !emotespells on
[4/6/2022 20:33:14] !emotespells on
[4/6/2022 20:40:31] !emotespells on
[4/6/2022 20:46:28] !emotespells on
[4/6/2022 20:52:26] !emotespells on
[4/6/2022 20:58:13] !emotespells on
[4/6/2022 21:28:51] !emotespells on
[4/6/2022 21:34:2] !emotespells on
[4/6/2022 21:54:12] !emotespells on
[4/6/2022 21:59:37] !emotespells on
[4/6/2022 22:3:6] !emotespells on
[4/6/2022 22:7:53] !emotespells on
[4/6/2022 22:13:44] !emotespells on
[4/6/2022 22:18:52] !emotespells on
[4/6/2022 22:26:32] !emotespells on
[4/6/2022 22:36:15] !emotespells on
[5/6/2022 0:20:42] !emotespells on
[5/6/2022 0:25:20] !emotespells on
[5/6/2022 0:29:46] !emotespells on
[5/6/2022 0:34:48] !emotespells on
[5/6/2022 0:43:40] !emotespells on
[5/6/2022 0:54:35] !emotespells on
[5/6/2022 0:59:28] !emotespells on
[5/6/2022 1:3:29] !emotespells on
[5/6/2022 1:8:4] !emotespells on
[5/6/2022 1:11:10] !emotespells on
[5/6/2022 1:17:7] !emotespells on
[5/6/2022 1:24:23] !emotespells on
[5/6/2022 1:29:41] !emotespells on
[5/6/2022 1:34:47] !emotespells on
[5/6/2022 1:39:44] !emotespells on
[5/6/2022 1:46:7] !emotespells on
[5/6/2022 1:53:44] !emotespells on
[5/6/2022 1:57:47] !emotespells on
[5/6/2022 2:3:39] !emotespells on
[5/6/2022 2:7:42] !emotespells on
[5/6/2022 2:12:54] !emotespells on
[5/6/2022 2:20:21] !emotespells on
[5/6/2022 2:28:0] !emotespells on
[5/6/2022 2:32:46] !emotespells on
[5/6/2022 2:37:10] !emotespells on
[5/6/2022 2:42:23] !emotespells on
[5/6/2022 2:47:35] !emotespells on
[5/6/2022 2:54:21] !emotespells on
[5/6/2022 3:0:38] !emotespells on
[5/6/2022 3:6:56] !emotespells on
[5/6/2022 3:12:16] !emotespells on
[5/6/2022 16:52:58] !emotespells on
[5/6/2022 16:53:2] !aol
[5/6/2022 17:8:1] !emotespells on
[5/6/2022 17:12:5] !emotespells on
[5/6/2022 17:16:5] !emotespells on
[5/6/2022 17:20:43] !emotespells on
[5/6/2022 17:24:36] !emotespells on
[5/6/2022 17:33:40] !emotespells on
[5/6/2022 17:37:57] !emotespells on
[5/6/2022 17:41:3] !emotespells on
[5/6/2022 17:51:35] !emotespells on
[5/6/2022 17:56:13] !emotespells on
[5/6/2022 17:58:54] !emotespells on
[5/6/2022 18:3:2] !emotespells on
[5/6/2022 18:6:35] !emotespells on
[5/6/2022 18:14:22] !emotespells on
[5/6/2022 18:17:43] !emotespells on
[5/6/2022 18:21:39] !emotespells on
[5/6/2022 18:26:13] !emotespells on
[5/6/2022 18:29:35] !emotespells on
[5/6/2022 18:34:20] !emotespells on
[5/6/2022 18:39:54] !emotespells on
[6/6/2022 2:13:40] !buyhouse
