[28/5/2022 7:21:34] !emotespells on
[28/5/2022 7:22:29] !emotespells on
[28/5/2022 9:45:48] !emotespells on
[28/5/2022 9:59:35] !emotespells on
[28/5/2022 10:26:36] !emotespells on
[28/5/2022 10:40:45] !emotespells on
[28/5/2022 10:44:55] !emotespells on
[28/5/2022 11:10:9] !emotespells on
[28/5/2022 11:26:18] !emotespells on
[28/5/2022 11:42:47] !emotespells on
[28/5/2022 13:15:59] !emotespells on
[28/5/2022 13:29:43] !emotespells on
[28/5/2022 13:54:44] !emotespells on
[28/5/2022 14:0:35] !emotespells on
[28/5/2022 14:26:0] !emotespells on
[28/5/2022 14:33:52] !emotespells on
[28/5/2022 14:38:20] !emotespells on
[28/5/2022 14:41:30] !emotespells on
[28/5/2022 14:54:40] !emotespells on
[28/5/2022 15:7:28] !emotespells on
[28/5/2022 15:16:10] !aol
[28/5/2022 15:16:26] !emotespells on
[28/5/2022 15:32:18] !emotespells on
[28/5/2022 15:52:48] !emotespells on
[28/5/2022 16:2:48] !emotespells on
[28/5/2022 16:12:22] !emotespells on
[28/5/2022 16:19:21] !emotespells on
[28/5/2022 16:26:59] !emotespells on
[28/5/2022 16:34:17] !emotespells on
[28/5/2022 16:41:50] !emotespells on
[28/5/2022 16:49:42] !emotespells on
[28/5/2022 16:58:10] !emotespells on
[28/5/2022 17:2:32] !emotespells on
[28/5/2022 17:13:50] !emotespells on
[28/5/2022 17:21:59] !emotespells on
[28/5/2022 17:27:23] !emotespells on
[28/5/2022 17:34:13] !emotespells on
[28/5/2022 17:42:15] !emotespells on
[28/5/2022 17:51:21] !emotespells on
[28/5/2022 18:1:3] !emotespells on
[28/5/2022 18:9:8] !emotespells on
[28/5/2022 18:18:49] !emotespells on
[28/5/2022 18:20:19] !emotespells on
[28/5/2022 18:31:1] !emotespells on
[28/5/2022 18:37:48] !emotespells on
[28/5/2022 18:45:38] !emotespells on
[28/5/2022 18:52:51] !emotespells on
[28/5/2022 19:0:44] !emotespells on
[28/5/2022 19:9:35] !emotespells on
[28/5/2022 19:18:29] !emotespells on
[28/5/2022 19:38:41] !emotespells on
[28/5/2022 19:47:54] !emotespells on
[28/5/2022 19:56:2] !emotespells on
[28/5/2022 20:4:36] !emotespells on
[28/5/2022 20:13:41] !emotespells on
[28/5/2022 20:23:35] !emotespells on
[28/5/2022 20:34:24] !emotespells on
[28/5/2022 20:44:3] !emotespells on
[28/5/2022 21:1:9] !emotespells on
[28/5/2022 21:12:43] !emotespells on
[28/5/2022 21:20:57] !emotespells on
[28/5/2022 21:31:1] !emotespells on
[28/5/2022 21:38:6] !emotespells on
[28/5/2022 21:47:0] !emotespells on
[28/5/2022 21:48:30] !emotespells on
[28/5/2022 21:58:54] !emotespells on
[28/5/2022 22:6:48] !emotespells on
[28/5/2022 22:16:58] !emotespells on
[28/5/2022 22:26:55] !emotespells on
[28/5/2022 22:37:41] !emotespells on
[28/5/2022 22:47:10] !emotespells on
[28/5/2022 22:54:39] !emotespells on
[28/5/2022 23:2:24] !emotespells on
[28/5/2022 23:10:13] !emotespells on
[28/5/2022 23:19:2] !emotespells on
[28/5/2022 23:29:8] !emotespells on
[28/5/2022 23:36:38] !emotespells on
[28/5/2022 23:44:8] !emotespells on
[28/5/2022 23:52:8] !emotespells on
[29/5/2022 0:0:11] !emotespells on
[29/5/2022 0:7:56] !emotespells on
[29/5/2022 0:16:10] !emotespells on
[29/5/2022 0:24:21] !emotespells on
[29/5/2022 1:54:48] !emotespells on
[29/5/2022 2:1:54] !emotespells on
[29/5/2022 2:10:50] !emotespells on
[29/5/2022 2:20:4] !emotespells on
[29/5/2022 2:28:10] !emotespells on
[29/5/2022 2:36:27] !emotespells on
[29/5/2022 2:43:16] !emotespells on
[29/5/2022 2:51:31] !emotespells on
[29/5/2022 3:0:11] !emotespells on
[29/5/2022 3:9:22] !emotespells on
[29/5/2022 3:18:55] !emotespells on
[29/5/2022 3:27:49] !emotespells on
[29/5/2022 3:37:12] !emotespells on
[29/5/2022 3:47:30] !emotespells on
[29/5/2022 3:54:5] !emotespells on
[29/5/2022 4:1:42] !emotespells on
[29/5/2022 4:9:3] !emotespells on
[29/5/2022 4:16:50] !emotespells on
[29/5/2022 4:24:41] !emotespells on
[29/5/2022 4:32:53] !emotespells on
[29/5/2022 4:50:30] !emotespells on
[29/5/2022 4:58:17] !emotespells on
[29/5/2022 5:8:19] !emotespells on
[29/5/2022 5:16:0] !emotespells on
[29/5/2022 5:23:56] !emotespells on
[29/5/2022 5:32:47] !emotespells on
[29/5/2022 5:34:15] !emotespells on
[29/5/2022 5:42:28] !emotespells on
[29/5/2022 5:50:3] !emotespells on
[29/5/2022 5:57:12] !emotespells on
[29/5/2022 6:3:55] !emotespells on
[29/5/2022 6:11:16] !emotespells on
[29/5/2022 6:19:47] !emotespells on
[29/5/2022 6:27:22] !emotespells on
[29/5/2022 6:35:22] !emotespells on
[29/5/2022 6:44:5] !emotespells on
[29/5/2022 6:55:7] !emotespells on
[29/5/2022 7:3:46] !emotespells on
[29/5/2022 7:10:15] !emotespells on
[29/5/2022 7:17:45] !emotespells on
[29/5/2022 7:26:6] !emotespells on
[29/5/2022 7:34:17] !emotespells on
[29/5/2022 7:43:43] !emotespells on
[29/5/2022 7:53:23] !emotespells on
[29/5/2022 8:3:18] !emotespells on
[29/5/2022 8:13:8] !emotespells on
[29/5/2022 8:22:24] !emotespells on
[29/5/2022 8:23:53] !emotespells on
[29/5/2022 8:34:8] !emotespells on
[29/5/2022 8:41:31] !emotespells on
[29/5/2022 8:49:17] !emotespells on
[29/5/2022 8:57:50] !emotespells on
[29/5/2022 9:6:18] !emotespells on
[29/5/2022 9:14:37] !emotespells on
[29/5/2022 9:24:25] !emotespells on
[29/5/2022 9:33:51] !emotespells on
[29/5/2022 9:43:45] !emotespells on
[29/5/2022 9:53:51] !emotespells on
[29/5/2022 10:3:40] !emotespells on
[29/5/2022 10:14:0] !emotespells on
[29/5/2022 10:25:47] !emotespells on
[29/5/2022 10:35:35] !emotespells on
[29/5/2022 10:45:12] !emotespells on
[29/5/2022 10:55:40] !emotespells on
[29/5/2022 11:6:57] !emotespells on
[29/5/2022 11:16:21] !emotespells on
[29/5/2022 11:26:10] !emotespells on
[29/5/2022 11:35:15] !emotespells on
[29/5/2022 11:45:27] !emotespells on
[29/5/2022 11:57:8] !emotespells on
[29/5/2022 12:6:41] !emotespells on
[29/5/2022 12:15:52] !emotespells on
[29/5/2022 12:25:17] !emotespells on
[29/5/2022 12:34:39] !emotespells on
[29/5/2022 12:45:1] !emotespells on
[29/5/2022 12:54:40] !emotespells on
[29/5/2022 13:3:53] !emotespells on
[29/5/2022 13:13:31] !emotespells on
[29/5/2022 13:23:48] !emotespells on
[29/5/2022 13:32:44] !emotespells on
[29/5/2022 13:42:6] !emotespells on
[29/5/2022 13:54:2] !emotespells on
[29/5/2022 14:3:31] !emotespells on
[29/5/2022 14:13:34] !emotespells on
[29/5/2022 14:22:48] !emotespells on
[29/5/2022 14:32:4] !emotespells on
[29/5/2022 14:42:10] !emotespells on
[29/5/2022 14:55:52] !emotespells on
[29/5/2022 15:7:57] !emotespells on
[29/5/2022 15:17:10] !emotespells on
[29/5/2022 15:26:29] !emotespells on
[29/5/2022 15:35:57] !emotespells on
[29/5/2022 15:45:51] !emotespells on
[29/5/2022 15:56:25] !emotespells on
[29/5/2022 16:7:43] !emotespells on
[29/5/2022 16:16:8] !emotespells on
[29/5/2022 16:24:45] !emotespells on
[29/5/2022 16:33:53] !emotespells on
[29/5/2022 16:43:2] !emotespells on
[29/5/2022 16:53:17] !emotespells on
[29/5/2022 16:54:48] !emotespells on
[29/5/2022 17:5:38] !emotespells on
[29/5/2022 17:15:27] !emotespells on
[29/5/2022 17:24:33] !emotespells on
[29/5/2022 17:33:30] !emotespells on
[29/5/2022 17:42:9] !emotespells on
[29/5/2022 17:54:2] !emotespells on
[29/5/2022 18:4:44] !emotespells on
[29/5/2022 18:13:42] !emotespells on
[29/5/2022 18:23:13] !emotespells on
[29/5/2022 18:33:42] !emotespells on
[29/5/2022 18:45:32] !emotespells on
[29/5/2022 18:54:54] !emotespells on
[29/5/2022 19:4:45] !emotespells on
[29/5/2022 19:14:26] !emotespells on
[29/5/2022 19:24:24] !emotespells on
[30/5/2022 14:19:29] !emotespells on
[30/5/2022 14:27:45] !emotespells on
[30/5/2022 14:33:54] !emotespells on
[30/5/2022 14:41:15] !emotespells on
[30/5/2022 14:48:6] !emotespells on
[30/5/2022 14:56:34] !emotespells on
[30/5/2022 15:3:3] !emotespells on
[30/5/2022 15:9:47] !emotespells on
[30/5/2022 15:18:40] !emotespells on
[30/5/2022 15:26:50] !emotespells on
[30/5/2022 15:37:24] !emotespells on
[30/5/2022 15:44:52] !emotespells on
[30/5/2022 15:53:53] !emotespells on
[30/5/2022 16:6:19] !emotespells on
[30/5/2022 16:17:4] !emotespells on
[30/5/2022 16:27:34] !emotespells on
[30/5/2022 16:36:35] !emotespells on
[30/5/2022 16:46:45] !emotespells on
[30/5/2022 16:57:45] !emotespells on
[30/5/2022 17:6:41] !emotespells on
[30/5/2022 17:16:7] !emotespells on
[30/5/2022 17:25:42] !emotespells on
[30/5/2022 17:35:30] !emotespells on
[30/5/2022 17:45:37] !emotespells on
[30/5/2022 17:56:23] !emotespells on
[30/5/2022 18:6:53] !emotespells on
[30/5/2022 18:16:45] !emotespells on
[30/5/2022 18:28:23] !emotespells on
[30/5/2022 18:38:47] !emotespells on
[30/5/2022 18:48:46] !emotespells on
[30/5/2022 18:58:59] !emotespells on
[30/5/2022 19:8:31] !emotespells on
[30/5/2022 19:17:32] !emotespells on
[30/5/2022 19:24:55] !emotespells on
[30/5/2022 19:33:30] !emotespells on
[30/5/2022 19:40:43] !emotespells on
[30/5/2022 19:48:20] !emotespells on
[30/5/2022 19:55:4] !emotespells on
[30/5/2022 20:4:34] !emotespells on
[30/5/2022 20:12:53] !emotespells on
[30/5/2022 20:20:17] !emotespells on
[30/5/2022 20:25:11] !emotespells on
[30/5/2022 20:30:12] !emotespells on
[30/5/2022 20:38:22] !emotespells on
[30/5/2022 20:45:19] !emotespells on
[30/5/2022 20:51:5] !emotespells on
[30/5/2022 20:59:5] !emotespells on
[30/5/2022 21:7:12] !emotespells on
[30/5/2022 21:12:3] !emotespells on
[30/5/2022 21:17:6] !emotespells on
[30/5/2022 21:23:15] !emotespells on
[30/5/2022 21:29:49] !emotespells on
[30/5/2022 21:36:16] !emotespells on
[30/5/2022 22:33:0] 
[31/5/2022 19:55:59] !emotespells on
[1/6/2022 14:58:42] !emotespells on
[1/6/2022 15:8:9] !emotespells on
[1/6/2022 15:31:45] !emotespells on
[1/6/2022 15:38:5] !emotespells on
[1/6/2022 15:44:46] !emotespells on
[1/6/2022 15:57:11] !emotespells on
[1/6/2022 16:3:20] !emotespells on
[1/6/2022 16:9:33] !emotespells on
[1/6/2022 16:15:57] !emotespells on
[1/6/2022 16:23:57] !emotespells on
[1/6/2022 16:33:6] !emotespells on
[1/6/2022 16:39:58] !emotespells on
[1/6/2022 16:47:2] !emotespells on
[1/6/2022 16:54:11] !emotespells on
[1/6/2022 17:10:25] !emotespells on
[1/6/2022 17:17:19] !emotespells on
[1/6/2022 17:23:29] !emotespells on
[1/6/2022 17:30:10] !emotespells on
[1/6/2022 17:36:17] !emotespells on
[1/6/2022 17:44:9] !emotespells on
[1/6/2022 17:50:43] !emotespells on
[1/6/2022 18:17:33] !emotespells on
[1/6/2022 18:26:58] !emotespells on
[1/6/2022 18:34:28] !emotespells on
[1/6/2022 18:43:7] !emotespells on
[1/6/2022 18:50:33] !emotespells on
[1/6/2022 18:59:27] !emotespells on
[1/6/2022 19:9:23] !emotespells on
[1/6/2022 19:17:7] !emotespells on
[1/6/2022 19:25:22] !emotespells on
[1/6/2022 19:35:12] !emotespells on
[1/6/2022 19:46:27] !emotespells on
[1/6/2022 19:56:47] !emotespells on
[1/6/2022 20:6:33] !emotespells on
[1/6/2022 20:18:28] !emotespells on
[1/6/2022 20:28:39] !emotespells on
[1/6/2022 20:36:55] !emotespells on
[1/6/2022 20:51:49] !emotespells on
[1/6/2022 20:58:24] !emotespells on
[1/6/2022 20:59:9] !emotespells on
[2/6/2022 0:58:40] !emotespells on
[2/6/2022 1:10:33] !emotespells on
[2/6/2022 1:22:57] !emotespells on
[2/6/2022 1:34:35] !emotespells on
[2/6/2022 1:45:51] !emotespells on
[2/6/2022 1:56:23] !emotespells on
[2/6/2022 2:8:15] !emotespells on
[2/6/2022 2:19:2] !emotespells on
[2/6/2022 2:30:20] !emotespells on
[2/6/2022 2:40:23] !emotespells on
[2/6/2022 2:49:3] !emotespells on
[2/6/2022 2:57:37] !emotespells on
[2/6/2022 3:6:41] !emotespells on
[2/6/2022 3:14:40] !emotespells on
[2/6/2022 3:23:2] !emotespells on
[2/6/2022 3:30:24] !emotespells on
[2/6/2022 3:37:30] !emotespells on
[2/6/2022 3:45:36] !emotespells on
[2/6/2022 3:56:35] !emotespells on
[2/6/2022 4:4:37] !emotespells on
[2/6/2022 4:13:59] !emotespells on
[2/6/2022 4:22:42] !emotespells on
[2/6/2022 4:30:21] !emotespells on
[2/6/2022 4:38:50] !emotespells on
[2/6/2022 4:46:58] !emotespells on
[2/6/2022 4:55:3] !emotespells on
[2/6/2022 5:4:43] !emotespells on
[2/6/2022 5:16:18] !emotespells on
[2/6/2022 5:24:21] !emotespells on
[2/6/2022 5:32:2] !emotespells on
[2/6/2022 10:56:6] !emotespells on
[2/6/2022 11:5:20] !emotespells on
[2/6/2022 11:11:47] !emotespells on
[2/6/2022 11:25:13] !emotespells on
[2/6/2022 11:32:59] !emotespells on
[2/6/2022 11:42:42] !emotespells on
[2/6/2022 11:51:56] !emotespells on
[2/6/2022 11:59:19] !emotespells on
[2/6/2022 12:6:7] !emotespells on
[2/6/2022 12:13:44] !emotespells on
[2/6/2022 12:23:57] !emotespells on
[2/6/2022 12:30:39] !emotespells on
[2/6/2022 12:34:8] !emotespells on
[2/6/2022 12:43:1] !emotespells on
[2/6/2022 12:53:35] !emotespells on
[2/6/2022 12:57:48] !emotespells on
[2/6/2022 13:1:39] !emotespells on
[2/6/2022 13:11:25] !emotespells on
[2/6/2022 13:21:0] !emotespells on
[2/6/2022 13:34:37] !emotespells on
[2/6/2022 13:48:47] !emotespells on
[2/6/2022 13:58:56] !emotespells on
[2/6/2022 14:11:3] !emotespells on
[2/6/2022 14:19:14] !guildpoints
[2/6/2022 14:52:48] !guildpoints
[2/6/2022 17:47:28] !guildpoints
[2/6/2022 21:9:46] !guildpoints
[2/6/2022 21:10:17] !guildpoints
[4/6/2022 23:31:52] !emotespells on
[5/6/2022 5:2:27] !emotespells on
[5/6/2022 5:13:37] !emotespells on
[5/6/2022 5:22:41] !emotespells on
[5/6/2022 5:33:44] !emotespells on
[5/6/2022 5:54:11] !emotespells on
[5/6/2022 6:9:47] !emotespells on
[5/6/2022 6:20:47] !emotespells on
[5/6/2022 11:27:0] !emotespells on
[5/6/2022 11:37:30] !emotespells on
[5/6/2022 11:46:37] !emotespells on
[5/6/2022 11:56:8] !emotespells on
[5/6/2022 12:7:6] !emotespells on
[5/6/2022 12:19:26] !emotespells on
[5/6/2022 12:29:30] !emotespells on
[5/6/2022 12:39:7] !emotespells on
[5/6/2022 12:49:24] !emotespells on
[5/6/2022 12:59:19] !emotespells on
[5/6/2022 13:8:27] !emotespells on
[5/6/2022 13:15:12] !emotespells on
[5/6/2022 13:21:13] !emotespells on
[5/6/2022 13:31:14] !emotespells on
[5/6/2022 13:41:12] !emotespells on
[5/6/2022 13:50:41] !emotespells on
[5/6/2022 13:59:56] !emotespells on
[5/6/2022 14:8:35] !emotespells on
[5/6/2022 14:18:23] !emotespells on
[5/6/2022 14:27:40] !emotespells on
[5/6/2022 14:37:39] !emotespells on
[5/6/2022 14:47:29] !emotespells on
[5/6/2022 14:56:48] !emotespells on
[5/6/2022 15:6:42] !emotespells on
[5/6/2022 15:15:17] !emotespells on
[5/6/2022 15:24:54] !emotespells on
[5/6/2022 15:32:9] !emotespells on
[5/6/2022 15:42:21] !emotespells on
[5/6/2022 15:52:5] !emotespells on
[5/6/2022 16:1:6] !emotespells on
[5/6/2022 16:10:25] !emotespells on
[5/6/2022 16:11:3] !emotespells on
[5/6/2022 16:19:43] !emotespells on
[5/6/2022 16:29:34] !emotespells on
[5/6/2022 16:37:56] !emotespells on
[5/6/2022 16:47:5] !emotespells on
[5/6/2022 16:55:43] !emotespells on
[5/6/2022 17:5:35] !emotespells on
[5/6/2022 17:16:53] !emotespells on
[5/6/2022 17:22:53] !emotespells on
[5/6/2022 17:25:20] !emotespells on
[5/6/2022 17:33:43] !emotespells on
[5/6/2022 17:43:2] !emotespells on
[5/6/2022 17:50:0] !emotespells on
[5/6/2022 17:57:41] !emotespells on
[5/6/2022 18:8:18] !emotespells on
[5/6/2022 18:18:12] !emotespells on
[5/6/2022 18:27:48] !emotespells on
[5/6/2022 18:35:29] !emotespells on
[5/6/2022 18:45:33] !emotespells on
[5/6/2022 18:54:59] !emotespells on
[5/6/2022 19:5:54] !emotespells on
[5/6/2022 19:15:27] !emotespells on
[5/6/2022 19:26:5] !emotespells on
[5/6/2022 19:37:27] !emotespells on
[5/6/2022 19:49:57] !emotespells on
[5/6/2022 20:12:38] !aol
[5/6/2022 20:24:29] !emotespells on
[5/6/2022 20:41:45] !emotespells on
[5/6/2022 20:52:28] !emotespells on
[5/6/2022 21:4:16] !emotespells on
[5/6/2022 21:17:29] !emotespells on
[5/6/2022 21:29:36] !emotespells on
[5/6/2022 21:36:16] !emotespells on
[5/6/2022 21:49:19] !emotespells on
[5/6/2022 22:1:20] !emotespells on
[5/6/2022 22:12:52] !emotespells on
[5/6/2022 22:24:46] !emotespells on
[5/6/2022 22:36:48] !emotespells on
[5/6/2022 22:48:13] !emotespells on
[5/6/2022 22:58:41] !emotespells on
[5/6/2022 23:11:11] !emotespells on
[5/6/2022 23:21:22] !emotespells on
[5/6/2022 23:31:11] !emotespells on
[5/6/2022 23:44:40] !emotespells on
[5/6/2022 23:55:31] !emotespells on
[6/6/2022 0:9:57] !emotespells on
[6/6/2022 0:21:59] !emotespells on
[6/6/2022 0:35:29] !emotespells on
[6/6/2022 0:49:3] !emotespells on
[6/6/2022 1:0:23] !emotespells on
[6/6/2022 1:11:34] !emotespells on
[6/6/2022 1:23:47] !emotespells on
[6/6/2022 1:35:32] !emotespells on
[6/6/2022 1:46:54] !emotespells on
[6/6/2022 1:59:19] !emotespells on
[6/6/2022 2:11:18] !emotespells on
[6/6/2022 2:22:48] !emotespells on
[6/6/2022 2:33:57] !emotespells on
[6/6/2022 2:46:58] !emotespells on
[6/6/2022 2:59:49] !emotespells on
[6/6/2022 3:9:48] !emotespells on
[6/6/2022 3:22:10] !emotespells on
[6/6/2022 3:33:2] !emotespells on
[6/6/2022 3:44:19] !emotespells on
[6/6/2022 3:55:54] !emotespells on
[6/6/2022 4:7:28] !emotespells on
[6/6/2022 4:18:33] !emotespells on
[6/6/2022 4:31:15] !emotespells on
[6/6/2022 4:43:20] !emotespells on
[6/6/2022 4:57:7] !emotespells on
[6/6/2022 5:13:10] !emotespells on
[6/6/2022 5:26:28] !emotespells on
[6/6/2022 5:38:50] !emotespells on
[6/6/2022 5:51:7] !emotespells on
[6/6/2022 6:1:2] !emotespells on
[6/6/2022 6:12:49] !emotespells on
[6/6/2022 6:24:53] !emotespells on
[6/6/2022 6:35:20] !emotespells on
[6/6/2022 6:46:35] !emotespells on
[6/6/2022 6:55:39] !emotespells on
[6/6/2022 7:7:25] !emotespells on
[6/6/2022 7:18:6] !emotespells on
[6/6/2022 7:29:50] !emotespells on
[6/6/2022 7:40:44] !emotespells on
[6/6/2022 7:52:43] !emotespells on
[6/6/2022 8:3:19] !emotespells on
[6/6/2022 8:14:53] !emotespells on
[6/6/2022 8:28:33] !emotespells on
[6/6/2022 8:40:43] !emotespells on
[6/6/2022 8:49:54] !emotespells on
[6/6/2022 9:0:42] !emotespells on
[6/6/2022 9:11:51] !emotespells on
[6/6/2022 9:33:10] !emotespells on
[6/6/2022 9:42:37] !emotespells on
[6/6/2022 9:52:4] !emotespells on
[6/6/2022 10:2:22] !emotespells on
[6/6/2022 10:14:3] !emotespells on
[6/6/2022 10:24:13] !emotespells on
[6/6/2022 10:34:0] !emotespells on
[6/6/2022 10:44:31] !emotespells on
[6/6/2022 10:55:1] !emotespells on
[6/6/2022 11:4:53] !emotespells on
[6/6/2022 11:16:46] !emotespells on
[6/6/2022 11:27:29] !emotespells on
[6/6/2022 11:39:5] !emotespells on
[6/6/2022 11:50:24] !emotespells on
[6/6/2022 11:59:45] !emotespells on
[6/6/2022 12:11:27] !emotespells on
[6/6/2022 12:21:35] !emotespells on
[6/6/2022 12:29:52] !emotespells on
[6/6/2022 12:38:39] !emotespells on
[6/6/2022 12:47:9] !emotespells on
[6/6/2022 12:58:13] !emotespells on
[6/6/2022 13:9:35] !emotespells on
[6/6/2022 13:19:26] !emotespells on
[6/6/2022 13:29:14] !emotespells on
[6/6/2022 13:39:3] !emotespells on
[6/6/2022 13:51:10] !emotespells on
[6/6/2022 13:58:33] !emotespells on
[6/6/2022 14:9:39] !emotespells on
[6/6/2022 14:20:13] !emotespells on
[6/6/2022 14:31:7] !emotespells on
[6/6/2022 14:41:32] !emotespells on
[6/6/2022 14:53:33] !emotespells on
[6/6/2022 15:3:1] !emotespells on
[6/6/2022 15:12:6] !emotespells on
[6/6/2022 15:22:45] !emotespells on
[6/6/2022 15:33:33] !emotespells on
[6/6/2022 15:43:13] !emotespells on
[6/6/2022 15:53:44] !emotespells on
[6/6/2022 16:5:26] !emotespells on
[6/6/2022 16:9:36] !emotespells on
[6/6/2022 16:19:41] !emotespells on
[6/6/2022 16:19:51] !emotespells on
[6/6/2022 16:29:48] !tradeoff buy, 124
[6/6/2022 16:30:24] !emotespells on
[6/6/2022 16:41:17] !emotespells on
[6/6/2022 16:49:46] !emotespells on
[6/6/2022 16:58:53] !emotespells on
[6/6/2022 17:9:27] !emotespells on
[6/6/2022 17:20:1] !emotespells on
[6/6/2022 17:29:15] !emotespells on
[6/6/2022 17:39:44] !emotespells on
[6/6/2022 17:49:26] !emotespells on
[6/6/2022 18:0:44] !emotespells on
[6/6/2022 18:11:10] !emotespells on
[6/6/2022 18:21:59] !emotespells on
[6/6/2022 18:32:53] !emotespells on
[6/6/2022 18:45:13] !emotespells on
[6/6/2022 18:56:5] !emotespells on
[6/6/2022 19:5:29] !emotespells on
[6/6/2022 19:18:25] !emotespells on
[6/6/2022 19:32:33] !emotespells on
[6/6/2022 19:45:9] !emotespells on
[6/6/2022 19:56:58] !emotespells on
[6/6/2022 20:8:56] !emotespells on
[6/6/2022 20:20:58] !emotespells on
[6/6/2022 20:32:12] !emotespells on
[6/6/2022 20:43:9] !emotespells on
[6/6/2022 20:57:43] !emotespells on
[6/6/2022 21:9:6] !emotespells on
[6/6/2022 21:19:8] !emotespells on
[6/6/2022 21:30:11] !emotespells on
[6/6/2022 21:42:49] !emotespells on
[6/6/2022 21:52:10] !emotespells on
[6/6/2022 22:3:43] !emotespells on
[6/6/2022 22:15:7] !emotespells on
[6/6/2022 22:30:38] !emotespells on
[6/6/2022 22:30:48] !emotespells on
[6/6/2022 22:42:56] !emotespells on
[6/6/2022 22:54:11] !emotespells on
[6/6/2022 23:5:34] !emotespells on
[6/6/2022 23:17:39] !emotespells on
[6/6/2022 23:29:46] !emotespells on
[6/6/2022 23:43:13] !emotespells on
[6/6/2022 23:57:22] !emotespells on
[7/6/2022 0:13:50] !emotespells on
[7/6/2022 0:28:20] !emotespells on
[7/6/2022 0:41:29] !emotespells on
[7/6/2022 0:56:51] !emotespells on
[7/6/2022 1:10:14] !emotespells on
[7/6/2022 1:23:48] !emotespells on
[7/6/2022 1:37:32] !emotespells on
[7/6/2022 1:50:42] !emotespells on
[7/6/2022 2:5:25] !emotespells on
[7/6/2022 2:19:27] !emotespells on
[7/6/2022 2:32:41] !emotespells on
[7/6/2022 2:45:52] !emotespells on
[7/6/2022 3:0:10] !emotespells on
[7/6/2022 3:14:9] !emotespells on
[7/6/2022 3:28:24] !emotespells on
[7/6/2022 3:43:0] !emotespells on
[7/6/2022 3:57:50] !emotespells on
[7/6/2022 4:12:43] !emotespells on
[7/6/2022 4:27:59] !emotespells on
[7/6/2022 4:40:56] !emotespells on
[7/6/2022 4:56:27] !emotespells on
[7/6/2022 5:25:28] !emotespells on
[7/6/2022 5:38:2] !emotespells on
[7/6/2022 5:51:20] !emotespells on
[7/6/2022 6:6:11] !emotespells on
[7/6/2022 6:19:38] !emotespells on
[7/6/2022 6:36:42] !emotespells on
[7/6/2022 6:51:16] !emotespells on
[7/6/2022 7:4:24] !emotespells on
[7/6/2022 7:18:23] !emotespells on
[7/6/2022 7:31:23] !emotespells on
[7/6/2022 7:42:13] !emotespells on
[7/6/2022 7:53:4] !emotespells on
[7/6/2022 8:4:11] !emotespells on
[7/6/2022 8:17:26] !emotespells on
[7/6/2022 8:27:28] !emotespells on
[7/6/2022 8:38:25] !emotespells on
[7/6/2022 8:48:32] !emotespells on
[7/6/2022 9:0:34] !emotespells on
[7/6/2022 9:11:15] !emotespells on
[7/6/2022 9:21:18] !emotespells on
[7/6/2022 9:33:52] !emotespells on
[7/6/2022 9:44:45] !emotespells on
[7/6/2022 9:56:30] !emotespells on
[7/6/2022 10:6:54] !emotespells on
[7/6/2022 10:18:55] !emotespells on
[7/6/2022 10:30:7] !emotespells on
[7/6/2022 10:42:9] !emotespells on
[8/6/2022 15:1:24] !emotespells on
[8/6/2022 15:6:58] !emotespells on
[8/6/2022 15:15:25] !emotespells on
[8/6/2022 15:21:55] !emotespells on
[8/6/2022 15:29:46] !emotespells on
[8/6/2022 15:36:52] !emotespells on
[8/6/2022 15:43:35] !emotespells on
[8/6/2022 15:51:55] !emotespells on
[8/6/2022 15:59:24] !emotespells on
[8/6/2022 16:7:38] !emotespells on
[8/6/2022 16:15:43] !emotespells on
[8/6/2022 16:22:4] !emotespells on
[8/6/2022 16:29:2] !emotespells on
[8/6/2022 16:36:21] !emotespells on
[8/6/2022 16:43:16] !emotespells on
[8/6/2022 16:51:12] !emotespells on
[8/6/2022 16:59:27] !emotespells on
[8/6/2022 17:6:59] !emotespells on
[8/6/2022 17:15:17] !emotespells on
[8/6/2022 17:23:51] !emotespells on
[8/6/2022 17:36:5] !emotespells on
[8/6/2022 17:44:51] !emotespells on
[8/6/2022 17:50:18] !emotespells on
[8/6/2022 17:59:23] !emotespells on
[8/6/2022 18:0:44] !emotespells on
[8/6/2022 18:4:39] !emotespells on
[8/6/2022 18:12:53] !emotespells on
[8/6/2022 18:19:33] !emotespells on
[8/6/2022 18:27:15] !emotespells on
[8/6/2022 18:36:17] !emotespells on
[8/6/2022 18:51:36] !emotespells on
[8/6/2022 19:4:56] !emotespells on
[8/6/2022 19:15:57] !emotespells on
[8/6/2022 19:26:40] !emotespells on
[8/6/2022 19:36:8] !emotespells on
[8/6/2022 19:42:58] !emotespells on
[8/6/2022 20:25:5] !emotespells on
[8/6/2022 20:38:42] !emotespells on
[8/6/2022 20:53:29] !emotespells on
[8/6/2022 21:4:10] !emotespells on
[8/6/2022 21:15:59] !emotespells on
[8/6/2022 21:26:58] !emotespells on
[8/6/2022 21:38:51] !emotespells on
[8/6/2022 21:50:48] !emotespells on
[8/6/2022 22:3:0] !emotespells on
[8/6/2022 22:15:40] !emotespells on
[8/6/2022 22:29:4] !emotespells on
[8/6/2022 22:43:11] !emotespells on
[8/6/2022 22:54:53] !emotespells on
[8/6/2022 23:7:33] !emotespells on
[8/6/2022 23:19:19] !emotespells on
[8/6/2022 23:31:56] !emotespells on
[8/6/2022 23:45:27] !emotespells on
[8/6/2022 23:57:11] !emotespells on
[9/6/2022 0:9:17] !emotespells on
[9/6/2022 0:20:58] !emotespells on
[9/6/2022 0:33:41] !emotespells on
[9/6/2022 0:46:57] !emotespells on
[9/6/2022 0:58:41] !emotespells on
[9/6/2022 1:10:35] !emotespells on
[9/6/2022 1:23:22] !emotespells on
[9/6/2022 1:37:2] !emotespells on
