[23/2/2022 20:39:51] !online
[23/2/2022 20:49:37] !online
[23/2/2022 20:50:24] !serverinfo
[23/2/2022 21:1:26] !online
[23/2/2022 21:1:31] !online
[23/2/2022 21:19:44] !online
[23/2/2022 22:6:19] !online
[23/2/2022 22:11:3] !online
[23/2/2022 22:53:55] !online
[23/2/2022 23:19:52] !online
[24/2/2022 0:7:32] !online
[24/2/2022 0:34:23] !online
[24/2/2022 0:39:26] !online
[24/2/2022 1:11:58] !rank 
[24/2/2022 1:12:2] !rank level
[24/2/2022 1:43:21] !aol
[24/2/2022 1:54:35] !online
[24/2/2022 2:59:50] !online
[24/2/2022 10:18:12] !rank distance
[24/2/2022 10:21:38] !online
[24/2/2022 12:3:3] !online
[24/2/2022 12:53:12] !online
[24/2/2022 13:2:31] !online
[24/2/2022 13:27:23] !serverinfo
[24/2/2022 14:36:25] !online
[24/2/2022 19:49:43] !online
[24/2/2022 20:10:25] !online
[24/2/2022 20:24:56] !online
[24/2/2022 20:58:43] !online
[24/2/2022 22:2:45] !online
[24/2/2022 22:9:18] !online
[24/2/2022 22:9:56] !online
[24/2/2022 22:34:42] !online
[24/2/2022 23:51:33] !aol
[25/2/2022 0:46:39] !online
[25/2/2022 12:11:8] !online
[25/2/2022 14:26:34] !online
[26/2/2022 0:49:44] !online
[26/2/2022 0:52:50] !online
[26/2/2022 0:56:17] !online
[26/2/2022 6:49:5] !online
[26/2/2022 13:5:15] !online
[26/2/2022 13:12:29] !rank distance
[26/2/2022 14:2:33] !online
[26/2/2022 18:9:13] !online
[26/2/2022 18:16:9] !online
[26/2/2022 18:21:42] !online
[26/2/2022 18:34:11] !online
[26/2/2022 19:57:24] !online
[26/2/2022 20:8:57] !online
[26/2/2022 20:10:58] !online
[26/2/2022 20:13:15] !online
[26/2/2022 21:0:48] !online
[26/2/2022 21:23:52] !online
[27/2/2022 5:38:36] !online
[27/2/2022 12:55:55] !online
[27/2/2022 14:35:14] !online
[28/2/2022 17:13:6] !online
[28/2/2022 17:16:27] !online
[28/2/2022 19:26:26] !online
[1/3/2022 1:4:5] !online
[1/3/2022 7:47:40] !online
[1/3/2022 9:32:6] !online
[1/3/2022 9:33:12] !online
[1/3/2022 10:29:40] !online
[1/3/2022 12:55:57] !online
[1/3/2022 20:55:14] !online
[1/3/2022 21:56:52] !online
[2/3/2022 11:27:8] !online
[3/3/2022 8:13:55] !online
