[2/12/2025 17:12:22] /a
[2/12/2025 17:15:53] /r
[2/12/2025 17:15:55] /r
[2/12/2025 17:15:59] /r
[2/12/2025 17:16:0] /r
[2/12/2025 17:16:10] /i 3687
[2/12/2025 17:16:16] /r
[2/12/2025 17:56:34] /m Exp
[2/12/2025 17:57:12] /reload monster
[2/12/2025 17:57:15] /m Exp
[2/12/2025 17:57:26] /reload monster
[2/12/2025 17:57:28] /m Exp
[2/12/2025 17:57:39] /m Monsters
[2/12/2025 17:59:3] /reload monster
[2/12/2025 17:59:5] /m Monsters
[2/12/2025 18:12:44] /m Crystal Protect
[2/12/2025 18:14:3] /reload monster
[2/12/2025 18:14:8] /m quests
[2/12/2025 18:22:14] /m quests
[2/12/2025 18:25:46] /reload globalevents
[2/12/2025 18:28:6] /reload globalevents
[2/12/2025 18:29:45] /i 8836
[2/12/2025 18:30:0] /down
[2/12/2025 18:30:38] /i 2156
[2/12/2025 18:30:53] /i 2153
[2/12/2025 18:31:31] /i 2154
[2/12/2025 18:31:39] /i 2155
[2/12/2025 18:43:16] /i 2110
[2/12/2025 18:43:26] /i 2110
[2/12/2025 18:45:20] /i 2110
[2/12/2025 18:46:33] /i 1954
[2/12/2025 18:46:40] /i 1954
[2/12/2025 18:48:12] /i 10503
[2/12/2025 18:51:13] /i 11255
[2/12/2025 18:51:35] /i 8306
[2/12/2025 18:51:49] /i 8305
[2/12/2025 18:56:36] /i 8303
[2/12/2025 18:56:52] /i 8302
[2/12/2025 19:13:36] /i 12665
[2/12/2025 19:14:7] /i 12658
[2/12/2025 19:17:12] /i 12657
[2/12/2025 19:21:5] /i 2501
[2/12/2025 19:21:16] /i bag
[2/12/2025 19:21:28] /i 11253
[2/12/2025 19:21:45] /i 2504
[2/12/2025 19:22:2] /i 12641
[2/12/2025 19:22:13] /i 2002
[2/12/2025 19:22:40] /i 6300
[2/12/2025 19:23:5] /i 12612
[2/12/2025 19:23:31] /i 12608
[2/12/2025 19:24:42] /i 11128
[2/12/2025 19:27:10] /i 12289
[2/12/2025 19:29:28] /i 8981
[2/12/2025 21:20:47] /addskill My Mago, Level
[2/12/2025 21:20:51] /addskill My Mago, Level, 100
[2/12/2025 21:20:53] /addskill My Mago, Level, 100
[2/12/2025 21:21:38] /t
[28/12/2025 13:50:36] /addskill Dtank, 100, Level
[28/12/2025 13:50:40] /a
[28/12/2025 13:50:49] /addskill Dtank, 100, level
[28/12/2025 13:50:53] /addskill 
[28/12/2025 13:51:1] /addskill Dtank
[28/12/2025 13:51:6] /addskill Dtank, 100
[28/12/2025 13:51:13] /addskill Dtank 100, level
[28/12/2025 13:51:23] /addskill Dtank, level
[28/12/2025 13:51:32] /addskill Dtank, level, 100
[28/12/2025 13:59:11] /reload talkactions 
[28/12/2025 14:25:52] /addskill Dtank, level, 100
[28/12/2025 14:26:11] /addskill Dtank, level, 100
[28/12/2025 14:26:38] /addskill Dtank, level, 100
[28/12/2025 14:49:20] /t
[28/12/2025 14:50:1] /t
[28/12/2025 14:52:15] /t
[28/12/2025 15:0:22] /t
[28/12/2025 15:23:24] /t
