[24/2/2022 9:47:51] !emotespells on
[24/2/2022 11:19:19] 
[24/2/2022 11:20:25] 
[24/2/2022 11:23:20] 
[24/2/2022 11:25:49] 
[24/2/2022 11:53:22] 
[24/2/2022 11:55:22] 
[24/2/2022 11:56:26] 
[24/2/2022 11:57:22] 
[24/2/2022 12:14:52] 
[24/2/2022 12:16:26] 
[24/2/2022 14:52:52] 
[24/2/2022 14:53:26] 
[24/2/2022 14:58:26] 
[24/2/2022 15:17:57] 
[24/2/2022 15:18:20] 
[24/2/2022 16:25:29] 
[24/2/2022 16:25:43] 
[24/2/2022 23:46:39] 
[24/2/2022 23:50:39] 
[25/2/2022 0:1:39] 
[25/2/2022 0:3:39] 
[25/2/2022 0:11:39] 
[25/2/2022 0:13:39] 
[25/2/2022 12:22:56] !frags
[25/2/2022 12:45:28] !tradeoff add,20000000
[25/2/2022 12:45:35] !tradeoff remove,2
[25/2/2022 12:46:32] 
[25/2/2022 12:48:35] 
