[31/5/2022 23:53:16] !aol
[1/6/2022 0:2:32] !aol
[1/6/2022 0:3:17] !aol
[1/6/2022 0:8:53] !aol
[1/6/2022 0:10:9] !aol
[1/6/2022 11:43:13] !aol
[1/6/2022 11:47:32] !aol
[1/6/2022 12:21:49] 
[1/6/2022 13:4:45] !aol
[1/6/2022 14:51:12] !rank magic level
[1/6/2022 14:51:16] !rank magic
[1/6/2022 15:19:13] !aol
[1/6/2022 15:21:24] 
[1/6/2022 16:23:42] 
[1/6/2022 16:27:23] 
[1/6/2022 16:28:42] 
[1/6/2022 16:51:7] 
[1/6/2022 17:47:29] !rank level
[2/6/2022 4:11:26] !rank level
[2/6/2022 4:47:50] !rank level
[2/6/2022 4:48:0] !rank magic
[2/6/2022 4:48:25] !rank sword
[2/6/2022 10:21:13] !rank level
[2/6/2022 10:21:48] !rank magic
[2/6/2022 10:24:12] !rank magic
[2/6/2022 11:0:16] !rank magic
[2/6/2022 11:0:35] !rank magic
[2/6/2022 13:44:13] !rank levl
[2/6/2022 13:44:16] !rank level
[2/6/2022 14:39:31] !rank level
[2/6/2022 21:10:2] !rank level
[2/6/2022 23:29:26] !rank level
[3/6/2022 10:3:28] !rank level
[3/6/2022 10:4:14] !rank magic
[3/6/2022 15:10:31] !rank level
[3/6/2022 17:31:23] !rank level
[3/6/2022 21:4:50] !rank magic
[4/6/2022 9:19:8] !rank level
[4/6/2022 9:19:59] !rank magic
[4/6/2022 21:32:26] !rank level
[4/6/2022 21:36:23] !rank level
[4/6/2022 21:42:45] !rank magic
[4/6/2022 22:11:42] !rank level
[5/6/2022 10:49:14] !rank level
[5/6/2022 10:49:39] !rank magic
[5/6/2022 20:38:52] !rank level
[5/6/2022 20:39:8] !rank magic
[6/6/2022 17:51:56] !rank levl
[6/6/2022 17:52:0] !rank level
[6/6/2022 17:52:35] !rank magic level
[6/6/2022 17:52:40] !rank magic level
[6/6/2022 17:52:44] !rank magic
[6/6/2022 22:12:56] !rank level
[7/6/2022 9:21:30] !rank level
[7/6/2022 9:22:1] !rank magic
[7/6/2022 14:22:59] !addon mage
[7/6/2022 14:23:11] !addon assassin
[8/6/2022 9:37:14] !rank level
[8/6/2022 9:37:47] !rank magic
[8/6/2022 10:0:41] !rank level
[8/6/2022 14:7:44] !rank level
[8/6/2022 22:24:9] !rank level
