[14/12/2021 12:51:41] !aol
[14/12/2021 12:59:23] !aol
[10/2/2022 21:19:10] !aol
[10/2/2022 21:21:47] !aol
[10/2/2022 21:23:26] !aol
[11/2/2022 5:44:3] !aol
[11/2/2022 5:46:52] !buyhouse
[12/2/2022 8:10:19] !aol
[12/2/2022 11:53:34] aleta som
[12/2/2022 14:34:37] !aol
[12/2/2022 19:9:19] !aol
[13/2/2022 5:2:38] !aol
[13/2/2022 11:0:15] aleta som
[13/2/2022 13:40:9] !aol
[13/2/2022 16:46:19] !aol
[13/2/2022 16:53:27] !aol
[14/2/2022 5:2:16] !tradeoff buy, 32
[14/2/2022 5:21:45] aleta som
[14/2/2022 5:22:35] aleta som
[14/2/2022 12:40:40] !aol
[16/2/2022 17:6:51] !aol
[16/2/2022 21:50:37] !aol
[16/2/2022 21:56:34] !aol
[17/2/2022 3:38:7] !rank distance
[17/2/2022 12:15:49] !aol
[18/2/2022 13:24:45] !rank distance
[19/2/2022 5:36:26] !rank distance
[20/2/2022 6:0:29] !rank distance
