[24/2/2022 14:58:58] !aol
[24/2/2022 15:18:13] !aol
[25/2/2022 6:19:52] !aol
[25/2/2022 6:20:42] !aol
[25/2/2022 12:16:30] !buyhouse
[25/2/2022 12:16:38] !buyhouse
[25/2/2022 12:17:4] !buyhouse
[25/2/2022 13:6:12] !buyhouse
[25/2/2022 13:6:19] !buyhouse
[25/2/2022 13:6:25] aleta sio
[25/2/2022 13:6:52] !protecthouse off
[27/2/2022 8:48:37] aleta som
[27/2/2022 8:48:44] aleta grav
[27/2/2022 8:48:48] aleta grav
[27/2/2022 8:48:53] aleta sio
[1/3/2022 16:45:52] !aol
[1/3/2022 19:51:58] !emotespells on
[8/3/2022 17:36:27] !aol
[8/3/2022 17:36:29] !aol
[8/3/2022 17:37:19] !online
[13/3/2022 16:11:42] !online
