[10/2/2022 21:50:37] !online
[10/2/2022 22:3:0] !online
[10/2/2022 22:9:12] !online
[10/2/2022 22:12:27] !online
[10/2/2022 22:17:19] !online
[10/2/2022 22:27:27] !online
[10/2/2022 22:31:4] !online
[10/2/2022 22:39:36] !online
[10/2/2022 22:47:51] !online
[10/2/2022 23:26:35] !guildpoints
[10/2/2022 23:37:14] !online
[10/2/2022 23:45:42] !aol
[11/2/2022 0:5:21] !aol
[11/2/2022 0:5:28] !aol
[11/2/2022 1:3:2] !aol
[11/2/2022 1:41:7] !guildpoints
[11/2/2022 1:41:24] !online
[11/2/2022 2:4:16] !aol
[11/2/2022 2:4:41] !aol
[11/2/2022 2:33:52] !aol
[11/2/2022 2:50:25] !aol
[11/2/2022 12:41:58] !guildpoints
[11/2/2022 17:10:21] !guildpoints
[12/2/2022 0:27:35] !guildpoints
[12/2/2022 0:43:37] !online
[12/2/2022 2:42:41] !guildpoints
[12/2/2022 15:26:21] !guildpoints
[12/2/2022 17:10:36] !guildpoints
[12/2/2022 19:24:29] !guildpoints
[12/2/2022 19:24:41] !guildpoints
[12/2/2022 21:32:17] !go
[12/2/2022 22:14:43] !guildpoints
[12/2/2022 23:31:39] !guildpoints
[13/2/2022 13:16:25] !guildpoints
[14/2/2022 1:55:30] !guildpoints
[14/2/2022 2:0:10] !guildpoints
[14/2/2022 20:55:55] !go
[14/2/2022 22:25:38] alana sio
[15/2/2022 0:22:14] !guildpoints
[17/2/2022 0:0:43] !go
[20/2/2022 21:59:11] !go
[24/2/2022 13:1:7] !aol
[24/2/2022 18:1:25] !guildpoints
[24/2/2022 18:1:29] !guildpoints
[24/2/2022 18:2:30] !guildpoints
[24/2/2022 18:2:51] !guildpoints
[24/2/2022 18:2:57] !guildpoints
[24/2/2022 18:20:27] !guildpoints
[24/2/2022 18:20:32] !guildpoints
[24/2/2022 20:18:13] 
[24/2/2022 20:18:44] 
[24/2/2022 20:21:45] 
[24/2/2022 20:26:44] 
[25/2/2022 14:39:32] !guildpoints
[25/2/2022 22:44:58] !guildpoints
[26/2/2022 2:21:13] !guildpoints
[26/2/2022 2:49:32] !guildpoints
[26/2/2022 10:39:30] 
[26/2/2022 10:41:4] 
[26/2/2022 10:41:18] 
[26/2/2022 10:43:18] 
[26/2/2022 10:44:4] 
[26/2/2022 10:55:18] 
[26/2/2022 10:57:4] 
[27/2/2022 16:21:59] !guildpoints
