[27/5/2022 20:31:14] !emotespells on
[27/5/2022 21:33:38]  utana vid
[27/5/2022 21:33:40]  utana vid
[27/5/2022 21:33:42]  utana vid
[27/5/2022 21:33:44]  utana vid
[27/5/2022 22:16:12] !aol
[27/5/2022 22:29:59] !aol
[28/5/2022 0:8:55] !rank
[28/5/2022 0:8:58] !rank level
[28/5/2022 0:9:44] !rank magic
[28/5/2022 0:52:21] !rank level
[28/5/2022 2:7:23] !rank level
[28/5/2022 2:24:18] !rank magic
[28/5/2022 2:28:59] !rank magic
[28/5/2022 3:5:54] !rank level
[28/5/2022 3:17:1] !rank magic
[28/5/2022 3:17:38] !rank level
[28/5/2022 4:32:0] !rank level
[28/5/2022 4:32:10] !rank magic
[28/5/2022 5:5:18] !online
[28/5/2022 5:35:33] !rank level
[28/5/2022 12:47:35] !rank magic
[28/5/2022 13:51:15] !online
[28/5/2022 13:54:33] !rank level
[28/5/2022 22:43:12] !rank level
[28/5/2022 22:43:26] !rank magic
[29/5/2022 8:43:25] !rank level
[29/5/2022 11:13:0] !rank level
[29/5/2022 14:11:56] !rank magic
[29/5/2022 15:44:29] !rank level
[29/5/2022 16:0:38] !rank
[29/5/2022 16:0:48] !rank level
[30/5/2022 15:18:21] !rank magic
[30/5/2022 19:43:43] !rank magic
[30/5/2022 20:17:25] !rank level
[31/5/2022 13:9:55] !online
