[1/6/2022 1:36:15] !aol
[1/6/2022 1:55:54] !aol
[1/6/2022 1:58:37] !aol
[1/6/2022 13:44:44] !frags
[1/6/2022 19:8:52] !frags
[2/6/2022 2:23:15] !emotespells on
[2/6/2022 2:29:6] !emotespells on
[2/6/2022 2:33:55] !emotespells on
[2/6/2022 2:39:0] !emotespells on
[2/6/2022 2:42:15] !emotespells on
[2/6/2022 2:45:55] !emotespells on
[2/6/2022 2:49:45] !emotespells on
[2/6/2022 2:53:33] !emotespells on
[2/6/2022 2:56:40] !emotespells on
[2/6/2022 2:59:57] !emotespells on
[2/6/2022 3:2:11] !emotespells on
[2/6/2022 3:4:41] !emotespells on
[2/6/2022 3:7:11] !emotespells on
[2/6/2022 3:10:6] !emotespells on
[2/6/2022 3:11:13] !emotespells on
[2/6/2022 3:13:54] !emotespells on
[2/6/2022 3:17:55] !emotespells on
[2/6/2022 3:21:22] !emotespells on
[2/6/2022 3:24:0] !emotespells on
[2/6/2022 3:24:48] !emotespells on
[2/6/2022 3:29:39] !emotespells on
[2/6/2022 3:34:27] !emotespells on
[2/6/2022 3:56:42] !emotespells on
[2/6/2022 4:0:42] !emotespells on
[2/6/2022 4:3:18] !emotespells on
[2/6/2022 4:5:45] !emotespells on
[2/6/2022 4:8:9] !emotespells on
[2/6/2022 4:9:51] !emotespells on
[2/6/2022 4:12:37] !emotespells on
[2/6/2022 4:15:8] !emotespells on
[2/6/2022 4:17:27] !emotespells on
[2/6/2022 4:18:58] !emotespells on
[2/6/2022 4:20:40] !emotespells on
[2/6/2022 4:22:48] !emotespells on
[2/6/2022 4:24:26] !emotespells on
[2/6/2022 4:25:56] !emotespells on
[2/6/2022 4:28:26] !emotespells on
[2/6/2022 4:31:10] !emotespells on
[2/6/2022 4:34:19] !emotespells on
[2/6/2022 4:36:9] !emotespells on
[2/6/2022 4:38:39] !emotespells on
[2/6/2022 4:41:33] !emotespells on
[2/6/2022 4:44:17] !emotespells on
[2/6/2022 4:46:48] !emotespells on
[2/6/2022 4:49:3] !emotespells on
[2/6/2022 4:54:8] !emotespells on
[2/6/2022 4:55:11] !emotespells on
[2/6/2022 4:57:25] !emotespells on
[2/6/2022 4:58:49] !emotespells on
[2/6/2022 5:1:22] !emotespells on
[2/6/2022 5:5:26] !emotespells on
[2/6/2022 5:8:3] !emotespells on
[2/6/2022 5:10:43] !emotespells on
[2/6/2022 5:13:2] !emotespells on
[2/6/2022 5:15:39] !emotespells on
[2/6/2022 5:18:15] !emotespells on
[2/6/2022 5:20:14] !emotespells on
[2/6/2022 5:21:48] !emotespells on
[2/6/2022 5:24:53] !emotespells on
[2/6/2022 5:27:5] !emotespells on
[2/6/2022 5:30:12] !emotespells on
[2/6/2022 5:33:10] !emotespells on
[2/6/2022 5:36:22] !emotespells on
[2/6/2022 5:39:28] !emotespells on
[2/6/2022 5:41:59] !emotespells on
[2/6/2022 5:44:39] !emotespells on
[2/6/2022 5:47:25] !emotespells on
[2/6/2022 5:48:33] !emotespells on
[2/6/2022 5:51:19] !emotespells on
[2/6/2022 5:55:23] !emotespells on
[2/6/2022 5:58:8] !emotespells on
[2/6/2022 6:1:26] !emotespells on
[2/6/2022 6:4:22] !emotespells on
[2/6/2022 6:6:59] !emotespells on
[2/6/2022 6:9:34] !emotespells on
[2/6/2022 6:11:51] !emotespells on
[2/6/2022 6:14:21] !emotespells on
[2/6/2022 6:17:3] !emotespells on
[2/6/2022 6:19:54] !emotespells on
[2/6/2022 6:23:24] !emotespells on
[2/6/2022 6:26:19] !emotespells on
[2/6/2022 6:29:11] !emotespells on
[2/6/2022 6:31:49] !emotespells on
[2/6/2022 6:33:58] !emotespells on
[2/6/2022 6:37:13] !emotespells on
[2/6/2022 6:40:30] !emotespells on
[2/6/2022 6:44:11] !emotespells on
[2/6/2022 6:47:42] !emotespells on
[2/6/2022 6:50:14] !emotespells on
[2/6/2022 6:53:15] !emotespells on
[2/6/2022 6:56:23] !emotespells on
[2/6/2022 7:0:11] !emotespells on
[2/6/2022 7:2:47] !emotespells on
[2/6/2022 7:5:31] !emotespells on
[2/6/2022 7:8:15] !emotespells on
[2/6/2022 7:10:58] !emotespells on
[2/6/2022 7:14:21] !emotespells on
[2/6/2022 7:18:22] !emotespells on
[2/6/2022 7:21:10] !emotespells on
[2/6/2022 7:24:50] !emotespells on
[2/6/2022 7:27:37] !emotespells on
[2/6/2022 7:30:38] !emotespells on
[2/6/2022 7:33:10] !emotespells on
[2/6/2022 7:35:41] !emotespells on
[2/6/2022 7:41:7] !emotespells on
[2/6/2022 7:44:0] !emotespells on
[2/6/2022 7:47:44] !emotespells on
[2/6/2022 7:50:38] !emotespells on
[2/6/2022 7:53:4] !emotespells on
[2/6/2022 7:56:9] !emotespells on
[2/6/2022 7:59:13] !emotespells on
[2/6/2022 5:5:0] !emotespells on
[2/6/2022 5:5:21] !emotespells on
[2/6/2022 5:5:41] !emotespells on
[2/6/2022 5:6:2] !emotespells on
[2/6/2022 5:6:23] !emotespells on
[2/6/2022 5:6:43] !emotespells on
[2/6/2022 5:7:4] !emotespells on
[2/6/2022 5:7:25] !emotespells on
[2/6/2022 5:7:45] !emotespells on
[2/6/2022 5:8:6] !emotespells on
[2/6/2022 5:12:0] !emotespells on
[2/6/2022 5:14:39] !emotespells on
[2/6/2022 5:17:3] !emotespells on
[2/6/2022 5:19:27] !emotespells on
[2/6/2022 5:22:6] !emotespells on
[2/6/2022 5:24:55] !emotespells on
[2/6/2022 5:27:54] !emotespells on
[2/6/2022 5:30:45] !emotespells on
[2/6/2022 5:33:23] !emotespells on
[2/6/2022 5:36:27] !emotespells on
[2/6/2022 5:38:48] !emotespells on
[2/6/2022 5:41:33] !emotespells on
[2/6/2022 5:44:21] !emotespells on
[2/6/2022 5:47:4] !emotespells on
[2/6/2022 5:50:12] !emotespells on
[2/6/2022 5:52:59] !emotespells on
[2/6/2022 5:55:31] !emotespells on
[2/6/2022 5:57:58] !emotespells on
[2/6/2022 6:0:36] !emotespells on
[2/6/2022 6:3:30] !emotespells on
[2/6/2022 6:5:58] !emotespells on
[2/6/2022 6:8:58] !emotespells on
[2/6/2022 6:11:46] !emotespells on
[2/6/2022 6:15:18] !emotespells on
[2/6/2022 6:18:26] !emotespells on
[2/6/2022 6:22:21] !emotespells on
[2/6/2022 6:27:18] !emotespells on
[2/6/2022 6:31:24] !emotespells on
[2/6/2022 6:36:6] !emotespells on
[2/6/2022 6:37:13] !emotespells on
[2/6/2022 6:41:48] !emotespells on
[2/6/2022 6:46:23] !emotespells on
[2/6/2022 6:50:53] !emotespells on
[2/6/2022 6:55:46] !emotespells on
[2/6/2022 7:0:6] !emotespells on
[2/6/2022 7:4:57] !emotespells on
[2/6/2022 7:10:3] !emotespells on
[2/6/2022 7:14:29] !emotespells on
[2/6/2022 7:18:45] !emotespells on
[2/6/2022 7:24:1] !emotespells on
[2/6/2022 7:28:30] !emotespells on
[2/6/2022 7:32:37] !emotespells on
[2/6/2022 7:36:32] !emotespells on
[2/6/2022 7:39:20] !emotespells on
[2/6/2022 7:42:14] !emotespells on
[2/6/2022 7:45:2] !emotespells on
[2/6/2022 7:47:38] !emotespells on
[2/6/2022 7:50:50] !emotespells on
[2/6/2022 7:53:26] !emotespells on
[2/6/2022 7:56:14] !emotespells on
[2/6/2022 7:59:8] !emotespells on
[2/6/2022 8:1:17] !emotespells on
[2/6/2022 8:3:4] !emotespells on
[2/6/2022 8:5:15] !emotespells on
[2/6/2022 8:8:20] !emotespells on
[2/6/2022 8:12:43] !emotespells on
[2/6/2022 8:15:13] !emotespells on
[2/6/2022 8:17:53] !emotespells on
[2/6/2022 8:20:28] !emotespells on
[2/6/2022 8:22:42] !emotespells on
[2/6/2022 8:25:10] !emotespells on
[2/6/2022 8:27:55] !emotespells on
[2/6/2022 8:31:0] !emotespells on
[2/6/2022 8:33:0] !emotespells on
[2/6/2022 8:35:26] !emotespells on
[2/6/2022 8:38:1] !emotespells on
[2/6/2022 8:40:52] !emotespells on
[2/6/2022 8:43:9] !emotespells on
[2/6/2022 8:45:45] !emotespells on
[2/6/2022 8:47:55] !emotespells on
[2/6/2022 8:50:46] !emotespells on
[2/6/2022 8:53:52] !emotespells on
[2/6/2022 8:56:28] !emotespells on
[2/6/2022 8:57:36] !emotespells on
[2/6/2022 9:0:59] !emotespells on
[2/6/2022 9:4:37] !emotespells on
[2/6/2022 9:7:6] !emotespells on
[2/6/2022 9:10:59] !emotespells on
[2/6/2022 9:14:11] !emotespells on
[2/6/2022 9:17:11] !emotespells on
[2/6/2022 9:18:34] !emotespells on
[2/6/2022 9:20:28] !emotespells on
[2/6/2022 9:21:27] !emotespells on
[2/6/2022 9:23:28] !emotespells on
[2/6/2022 9:24:19] !emotespells on
[2/6/2022 9:26:44] !emotespells on
[2/6/2022 9:28:23] !emotespells on
[2/6/2022 9:29:47] !emotespells on
[2/6/2022 9:31:15] !emotespells on
[2/6/2022 9:33:54] !emotespells on
[2/6/2022 9:36:14] !emotespells on
[2/6/2022 9:39:5] !emotespells on
[2/6/2022 9:41:52] !emotespells on
[2/6/2022 9:45:4] !emotespells on
[2/6/2022 9:47:44] !emotespells on
[2/6/2022 9:50:18] !emotespells on
[2/6/2022 9:52:38] !emotespells on
[2/6/2022 9:55:13] !emotespells on
[2/6/2022 9:57:18] !emotespells on
[2/6/2022 10:0:30] !emotespells on
[2/6/2022 10:2:39] !emotespells on
[2/6/2022 10:4:53] !emotespells on
[2/6/2022 10:7:8] !emotespells on
[2/6/2022 10:9:51] !emotespells on
[2/6/2022 10:11:31] !emotespells on
[2/6/2022 10:12:48] !emotespells on
[2/6/2022 10:15:13] !emotespells on
[2/6/2022 10:17:45] !emotespells on
[2/6/2022 10:19:42] !emotespells on
[2/6/2022 10:21:10] !emotespells on
[2/6/2022 10:23:14] !emotespells on
[2/6/2022 10:25:30] !emotespells on
[2/6/2022 10:27:57] !emotespells on
[2/6/2022 10:30:13] !emotespells on
[2/6/2022 10:32:9] !emotespells on
[2/6/2022 10:34:5] !emotespells on
[2/6/2022 10:35:52] !emotespells on
[2/6/2022 10:38:8] !emotespells on
[2/6/2022 10:41:21] !emotespells on
[2/6/2022 10:44:9] !emotespells on
[2/6/2022 10:45:21] !emotespells on
[2/6/2022 10:48:6] !emotespells on
[2/6/2022 10:50:39] !emotespells on
[2/6/2022 10:52:18] !emotespells on
[2/6/2022 10:54:32] !emotespells on
[2/6/2022 10:57:2] !emotespells on
[2/6/2022 10:59:39] !emotespells on
[2/6/2022 11:1:55] !emotespells on
[2/6/2022 11:4:16] !emotespells on
[2/6/2022 11:6:23] !emotespells on
[2/6/2022 11:9:8] !emotespells on
[2/6/2022 11:11:40] !emotespells on
[2/6/2022 11:13:45] !emotespells on
[2/6/2022 11:16:13] !emotespells on
[2/6/2022 11:18:35] !emotespells on
[2/6/2022 11:21:22] !emotespells on
[2/6/2022 11:23:46] !emotespells on
[2/6/2022 11:26:42] !emotespells on
[2/6/2022 11:29:9] !emotespells on
[2/6/2022 11:31:29] !emotespells on
[2/6/2022 11:34:47] !emotespells on
[2/6/2022 11:37:27] !emotespells on
[2/6/2022 11:39:29] !emotespells on
[2/6/2022 11:41:11] !emotespells on
[2/6/2022 11:43:51] !emotespells on
[2/6/2022 11:45:28] !emotespells on
[2/6/2022 11:47:37] !emotespells on
[2/6/2022 11:50:35] !emotespells on
[2/6/2022 11:53:12] !emotespells on
[2/6/2022 11:55:41] !emotespells on
[2/6/2022 11:58:36] !emotespells on
[2/6/2022 12:1:51] !emotespells on
[2/6/2022 12:3:47] !emotespells on
[2/6/2022 12:6:22] !emotespells on
[2/6/2022 12:8:41] !emotespells on
[2/6/2022 12:11:13] !emotespells on
[2/6/2022 12:13:48] !emotespells on
[2/6/2022 12:16:3] !emotespells on
[2/6/2022 12:17:32] !emotespells on
[2/6/2022 12:19:31] !emotespells on
[2/6/2022 12:21:37] !emotespells on
[2/6/2022 12:24:16] !emotespells on
[2/6/2022 12:27:40] !emotespells on
[2/6/2022 12:29:19] !emotespells on
[2/6/2022 12:31:35] !emotespells on
[2/6/2022 12:33:48] !emotespells on
[2/6/2022 12:35:26] !emotespells on
[2/6/2022 12:37:10] !emotespells on
[2/6/2022 12:39:29] !emotespells on
[2/6/2022 12:41:47] !emotespells on
[2/6/2022 12:44:22] !emotespells on
[2/6/2022 12:45:14] !serverinfo
[2/6/2022 12:46:57] !emotespells on
[2/6/2022 12:49:18] !emotespells on
[2/6/2022 12:51:49] !emotespells on
[2/6/2022 12:55:31] !emotespells on
[2/6/2022 13:7:9] !emotespells on
[2/6/2022 13:9:38] !emotespells on
[2/6/2022 13:12:40] !emotespells on
[2/6/2022 13:15:55] !emotespells on
[2/6/2022 13:18:46] !emotespells on
[2/6/2022 13:21:24] !emotespells on
[2/6/2022 13:23:50] !emotespells on
[2/6/2022 13:25:45] !emotespells on
[2/6/2022 13:28:9] !emotespells on
[2/6/2022 13:30:49] !emotespells on
[2/6/2022 14:12:9] !emotespells on
[2/6/2022 14:13:47] !emotespells on
[2/6/2022 14:15:38] !emotespells on
[2/6/2022 14:18:10] !emotespells on
[2/6/2022 14:19:44] !emotespells on
[2/6/2022 14:21:17] !emotespells on
[2/6/2022 14:23:21] !emotespells on
[2/6/2022 14:25:12] !emotespells on
[2/6/2022 14:26:56] !emotespells on
[2/6/2022 14:29:52] !emotespells on
[2/6/2022 14:33:55] !emotespells on
[2/6/2022 14:35:21] !emotespells on
[2/6/2022 14:36:53] !emotespells on
[2/6/2022 14:38:36] !emotespells on
[2/6/2022 14:40:10] !emotespells on
[2/6/2022 14:42:0] !emotespells on
[2/6/2022 14:43:54] !emotespells on
[2/6/2022 14:45:40] !emotespells on
[2/6/2022 14:47:29] !emotespells on
[2/6/2022 14:49:17] !emotespells on
[2/6/2022 14:51:11] !emotespells on
[2/6/2022 14:53:10] !emotespells on
[2/6/2022 14:54:26] !emotespells on
[2/6/2022 14:57:5] !emotespells on
[2/6/2022 14:59:42] !emotespells on
[2/6/2022 15:1:52] !emotespells on
[2/6/2022 15:5:15] !emotespells on
[2/6/2022 15:7:45] !emotespells on
[2/6/2022 15:9:0] !emotespells on
[2/6/2022 15:10:33] !emotespells on
[2/6/2022 15:12:12] !emotespells on
[2/6/2022 15:13:43] !emotespells on
[2/6/2022 15:15:40] !emotespells on
[2/6/2022 15:17:8] !emotespells on
[2/6/2022 15:18:26] !emotespells on
[2/6/2022 15:21:34] !emotespells on
[2/6/2022 15:24:52] !emotespells on
[2/6/2022 15:28:17] !emotespells on
[2/6/2022 15:30:27] !emotespells on
[2/6/2022 15:32:14] !emotespells on
[2/6/2022 15:35:21] !emotespells on
[2/6/2022 15:37:58] !emotespells on
[2/6/2022 15:39:41] !emotespells on
[2/6/2022 15:41:25] !emotespells on
[2/6/2022 15:43:35] !emotespells on
[2/6/2022 15:46:9] !emotespells on
[2/6/2022 15:48:34] !emotespells on
[2/6/2022 15:50:28] !emotespells on
[2/6/2022 15:52:35] !emotespells on
[2/6/2022 15:54:23] !emotespells on
[2/6/2022 15:56:3] !emotespells on
[2/6/2022 15:58:28] !emotespells on
[2/6/2022 16:0:39] !emotespells on
[2/6/2022 16:2:14] !emotespells on
[2/6/2022 16:4:12] !emotespells on
[2/6/2022 16:6:29] !emotespells on
[2/6/2022 16:9:15] !emotespells on
[2/6/2022 16:12:2] !emotespells on
[2/6/2022 16:14:9] !emotespells on
[2/6/2022 16:15:46] !emotespells on
[2/6/2022 16:17:29] !emotespells on
[2/6/2022 16:19:43] !emotespells on
[2/6/2022 16:22:17] !emotespells on
[2/6/2022 16:23:37] !emotespells on
[2/6/2022 16:24:17] !emotespells on
[2/6/2022 16:25:52] !emotespells on
[2/6/2022 16:27:24] !emotespells on
[2/6/2022 16:29:27] !emotespells on
[2/6/2022 16:31:14] !emotespells on
[2/6/2022 16:32:58] !emotespells on
[2/6/2022 16:34:52] !emotespells on
[2/6/2022 16:36:52] !emotespells on
[2/6/2022 16:38:41] !emotespells on
[2/6/2022 16:40:52] !emotespells on
[2/6/2022 16:42:49] !emotespells on
[2/6/2022 16:44:40] !emotespells on
[2/6/2022 16:47:27] !emotespells on
[2/6/2022 16:48:55] !emotespells on
[2/6/2022 16:50:58] !emotespells on
[2/6/2022 16:53:12] !emotespells on
[2/6/2022 16:56:13] !emotespells on
[2/6/2022 16:58:51] !emotespells on
[2/6/2022 17:1:18] !emotespells on
[2/6/2022 17:3:40] !emotespells on
[2/6/2022 17:5:42] !emotespells on
[2/6/2022 17:7:39] !emotespells on
[2/6/2022 17:9:44] !emotespells on
[2/6/2022 17:12:19] !emotespells on
[2/6/2022 17:14:50] !emotespells on
[2/6/2022 17:17:32] !emotespells on
[2/6/2022 17:20:26] !emotespells on
[2/6/2022 17:23:9] !emotespells on
[2/6/2022 17:25:35] !emotespells on
[2/6/2022 17:28:49] !emotespells on
[2/6/2022 17:32:42] !emotespells on
[2/6/2022 17:35:19] !emotespells on
[2/6/2022 17:38:32] !emotespells on
[2/6/2022 17:46:14] !emotespells on
[2/6/2022 17:50:26] !emotespells on
[2/6/2022 17:53:50] !emotespells on
[2/6/2022 17:56:18] !emotespells on
[2/6/2022 17:59:35] !emotespells on
[2/6/2022 18:1:31] !emotespells on
[2/6/2022 18:3:28] !emotespells on
[2/6/2022 18:6:3] !emotespells on
[2/6/2022 18:8:24] !emotespells on
[2/6/2022 18:10:27] !emotespells on
[2/6/2022 22:49:4] !frags
[2/6/2022 23:7:33] !frags
[2/6/2022 23:7:42] !frags
[2/6/2022 23:16:53] !frags
[2/6/2022 23:17:2] !frags
[2/6/2022 23:18:37] !frags
[2/6/2022 23:34:10] !emotespells on
[2/6/2022 23:37:49] !emotespells on
[2/6/2022 23:41:55] !emotespells on
[2/6/2022 23:44:8] !emotespells on
[2/6/2022 23:46:9] !emotespells on
[2/6/2022 23:49:41] !emotespells on
[2/6/2022 23:52:21] !emotespells on
[2/6/2022 23:55:7] !emotespells on
[2/6/2022 23:58:29] !emotespells on
[3/6/2022 0:1:44] !emotespells on
[3/6/2022 0:4:46] !emotespells on
[3/6/2022 0:6:50] !emotespells on
[3/6/2022 0:10:22] !emotespells on
[3/6/2022 0:12:32] !emotespells on
[3/6/2022 0:17:56] !emotespells on
[3/6/2022 0:24:41] !emotespells on
[3/6/2022 0:30:22] !emotespells on
[3/6/2022 0:35:57] !emotespells on
[3/6/2022 0:39:12] !emotespells on
[3/6/2022 0:43:54] !emotespells on
[3/6/2022 0:48:58] !emotespells on
[3/6/2022 0:53:50] !emotespells on
[3/6/2022 0:58:35] !emotespells on
[3/6/2022 1:4:21] !emotespells on
[3/6/2022 1:8:53] !emotespells on
[3/6/2022 1:12:59] !emotespells on
[3/6/2022 1:14:5] !emotespells on
[3/6/2022 1:20:28] !emotespells on
[3/6/2022 1:23:44] !emotespells on
[3/6/2022 1:26:4] !emotespells on
[3/6/2022 1:29:6] !emotespells on
[3/6/2022 1:32:16] !emotespells on
[3/6/2022 1:35:36] !emotespells on
[3/6/2022 1:38:24] !emotespells on
[3/6/2022 1:41:30] !emotespells on
[3/6/2022 1:44:27] !emotespells on
[3/6/2022 1:47:26] !emotespells on
[3/6/2022 1:51:5] !emotespells on
[3/6/2022 1:53:15] !emotespells on
[3/6/2022 1:55:46] !emotespells on
[3/6/2022 1:56:10] !emotespells on
[3/6/2022 1:58:24] !emotespells on
[3/6/2022 2:1:51] !emotespells on
[3/6/2022 2:4:27] !emotespells on
[3/6/2022 2:6:29] !emotespells on
[3/6/2022 2:8:53] !emotespells on
[3/6/2022 2:12:30] !emotespells on
[3/6/2022 2:15:18] !emotespells on
[3/6/2022 2:17:7] !emotespells on
[3/6/2022 2:19:51] !emotespells on
[3/6/2022 2:21:34] !emotespells on
[3/6/2022 2:24:41] !emotespells on
[3/6/2022 2:28:1] !emotespells on
[3/6/2022 2:31:29] !emotespells on
[3/6/2022 2:34:50] !emotespells on
[3/6/2022 2:38:35] !emotespells on
[3/6/2022 2:41:39] !emotespells on
[3/6/2022 2:42:3] !emotespells on
[3/6/2022 2:42:26] !emotespells on
[3/6/2022 2:42:49] !emotespells on
[3/6/2022 2:43:12] !emotespells on
[3/6/2022 2:43:31] !emotespells on
[3/6/2022 2:43:50] !emotespells on
[3/6/2022 2:44:9] !emotespells on
[3/6/2022 2:44:28] !emotespells on
[3/6/2022 2:44:48] !emotespells on
[3/6/2022 2:45:7] !emotespells on
[3/6/2022 2:45:26] !emotespells on
[3/6/2022 2:45:45] !emotespells on
[3/6/2022 2:46:4] !emotespells on
[3/6/2022 2:46:23] !emotespells on
[3/6/2022 2:46:42] !emotespells on
[3/6/2022 2:47:1] !emotespells on
[3/6/2022 2:47:20] !emotespells on
[3/6/2022 2:47:39] !emotespells on
[3/6/2022 2:47:58] !emotespells on
[3/6/2022 2:48:17] !emotespells on
[3/6/2022 2:48:36] !emotespells on
[3/6/2022 2:48:56] !emotespells on
[3/6/2022 2:49:15] !emotespells on
[3/6/2022 2:49:34] !emotespells on
[3/6/2022 2:49:53] !emotespells on
[3/6/2022 2:50:13] !emotespells on
[3/6/2022 2:50:32] !emotespells on
[3/6/2022 2:50:51] !emotespells on
[3/6/2022 2:51:11] !emotespells on
[3/6/2022 2:51:30] !emotespells on
[3/6/2022 2:51:49] !emotespells on
[3/6/2022 2:52:8] !emotespells on
[3/6/2022 2:52:27] !emotespells on
[3/6/2022 2:52:46] !emotespells on
[3/6/2022 2:53:5] !emotespells on
[3/6/2022 2:53:24] !emotespells on
[3/6/2022 2:53:43] !emotespells on
[3/6/2022 2:54:2] !emotespells on
[3/6/2022 2:54:21] !emotespells on
[3/6/2022 2:54:41] !emotespells on
[3/6/2022 2:55:0] !emotespells on
[3/6/2022 2:55:20] !emotespells on
[3/6/2022 2:55:38] !emotespells on
[3/6/2022 2:55:58] !emotespells on
[3/6/2022 2:56:17] !emotespells on
[3/6/2022 2:56:36] !emotespells on
[3/6/2022 2:56:55] !emotespells on
[3/6/2022 2:57:14] !emotespells on
[3/6/2022 2:57:33] !emotespells on
[3/6/2022 2:57:52] !emotespells on
[3/6/2022 2:58:11] !emotespells on
[3/6/2022 2:58:30] !emotespells on
[3/6/2022 2:58:50] !emotespells on
[3/6/2022 2:59:9] !emotespells on
[3/6/2022 2:59:28] !emotespells on
[3/6/2022 2:59:47] !emotespells on
[3/6/2022 3:0:6] !emotespells on
[3/6/2022 3:0:25] !emotespells on
[3/6/2022 3:0:44] !emotespells on
[3/6/2022 3:1:3] !emotespells on
[3/6/2022 3:1:22] !emotespells on
[3/6/2022 3:1:41] !emotespells on
[3/6/2022 3:2:0] !emotespells on
[3/6/2022 3:2:20] !emotespells on
[3/6/2022 3:2:39] !emotespells on
[3/6/2022 3:2:58] !emotespells on
[3/6/2022 3:3:17] !emotespells on
[3/6/2022 3:3:36] !emotespells on
[3/6/2022 3:4:14] !emotespells on
[3/6/2022 3:4:33] !emotespells on
[3/6/2022 3:4:52] !emotespells on
[3/6/2022 3:5:12] !emotespells on
[3/6/2022 3:5:31] !emotespells on
[3/6/2022 3:5:51] !emotespells on
[3/6/2022 3:6:10] !emotespells on
[3/6/2022 3:6:29] !emotespells on
[3/6/2022 3:6:48] !emotespells on
[3/6/2022 3:7:7] !emotespells on
[3/6/2022 3:7:26] !emotespells on
[3/6/2022 3:7:46] !emotespells on
[3/6/2022 3:8:5] !emotespells on
[3/6/2022 3:8:24] !emotespells on
[3/6/2022 3:8:43] !emotespells on
[3/6/2022 3:9:2] !emotespells on
[3/6/2022 3:9:21] !emotespells on
[3/6/2022 3:9:40] !emotespells on
[3/6/2022 3:9:59] !emotespells on
[3/6/2022 3:10:18] !emotespells on
[3/6/2022 3:10:38] !emotespells on
[3/6/2022 3:10:57] !emotespells on
[3/6/2022 3:11:16] !emotespells on
[3/6/2022 3:11:35] !emotespells on
[3/6/2022 3:11:54] !emotespells on
[3/6/2022 3:12:13] !emotespells on
[3/6/2022 3:12:33] !emotespells on
[3/6/2022 3:12:52] !emotespells on
[3/6/2022 3:13:11] !emotespells on
[3/6/2022 3:13:30] !emotespells on
[3/6/2022 3:13:49] !emotespells on
[3/6/2022 3:14:8] !emotespells on
[3/6/2022 3:14:27] !emotespells on
[3/6/2022 3:14:47] !emotespells on
[3/6/2022 3:15:6] !emotespells on
[3/6/2022 3:15:25] !emotespells on
[3/6/2022 3:15:44] !emotespells on
[3/6/2022 3:16:4] !emotespells on
[3/6/2022 3:16:23] !emotespells on
[3/6/2022 3:16:42] !emotespells on
[3/6/2022 3:17:1] !emotespells on
[3/6/2022 3:17:21] !emotespells on
[3/6/2022 3:17:40] !emotespells on
[3/6/2022 3:17:59] !emotespells on
[3/6/2022 3:18:19] !emotespells on
[3/6/2022 3:18:38] !emotespells on
[3/6/2022 3:18:57] !emotespells on
[3/6/2022 3:19:16] !emotespells on
[3/6/2022 3:19:35] !emotespells on
[3/6/2022 3:19:54] !emotespells on
[3/6/2022 3:20:13] !emotespells on
[3/6/2022 3:20:32] !emotespells on
[3/6/2022 3:20:52] !emotespells on
[3/6/2022 3:21:11] !emotespells on
[3/6/2022 3:21:30] !emotespells on
[3/6/2022 3:21:49] !emotespells on
[3/6/2022 3:22:9] !emotespells on
[3/6/2022 3:22:28] !emotespells on
[3/6/2022 3:22:47] !emotespells on
[3/6/2022 3:23:6] !emotespells on
[3/6/2022 3:23:25] !emotespells on
[3/6/2022 3:23:44] !emotespells on
[3/6/2022 3:24:3] !emotespells on
[3/6/2022 3:24:22] !emotespells on
[3/6/2022 3:24:41] !emotespells on
[3/6/2022 3:25:0] !emotespells on
[3/6/2022 3:25:19] !emotespells on
[3/6/2022 3:25:38] !emotespells on
[3/6/2022 3:25:57] !emotespells on
[3/6/2022 3:26:16] !emotespells on
[3/6/2022 3:26:35] !emotespells on
[3/6/2022 3:26:55] !emotespells on
[3/6/2022 3:27:14] !emotespells on
[3/6/2022 3:27:33] !emotespells on
[3/6/2022 3:27:52] !emotespells on
[3/6/2022 3:28:12] !emotespells on
[3/6/2022 3:28:31] !emotespells on
[3/6/2022 3:28:50] !emotespells on
[3/6/2022 3:29:9] !emotespells on
[3/6/2022 3:29:28] !emotespells on
[3/6/2022 3:29:47] !emotespells on
[3/6/2022 3:30:6] !emotespells on
[3/6/2022 3:30:25] !emotespells on
[3/6/2022 3:30:44] !emotespells on
[3/6/2022 3:31:4] !emotespells on
[3/6/2022 3:31:23] !emotespells on
[3/6/2022 3:31:42] !emotespells on
[3/6/2022 3:32:1] !emotespells on
[3/6/2022 3:32:21] !emotespells on
[3/6/2022 3:32:40] !emotespells on
[3/6/2022 3:33:0] !emotespells on
[3/6/2022 3:33:20] !emotespells on
[3/6/2022 3:33:38] !emotespells on
[3/6/2022 3:33:57] !emotespells on
[3/6/2022 3:34:16] !emotespells on
[3/6/2022 3:34:35] !emotespells on
[3/6/2022 3:34:54] !emotespells on
[3/6/2022 3:35:14] !emotespells on
[3/6/2022 3:35:33] !emotespells on
[3/6/2022 3:35:52] !emotespells on
[3/6/2022 3:36:11] !emotespells on
[3/6/2022 3:36:30] !emotespells on
[3/6/2022 3:36:49] !emotespells on
[3/6/2022 3:37:8] !emotespells on
[3/6/2022 3:37:27] !emotespells on
[3/6/2022 3:37:47] !emotespells on
[3/6/2022 3:38:6] !emotespells on
[3/6/2022 3:38:25] !emotespells on
[3/6/2022 3:38:44] !emotespells on
[3/6/2022 3:39:3] !emotespells on
[3/6/2022 3:39:22] !emotespells on
[3/6/2022 3:39:42] !emotespells on
[3/6/2022 3:40:1] !emotespells on
[3/6/2022 3:40:20] !emotespells on
[3/6/2022 3:40:39] !emotespells on
[3/6/2022 3:40:58] !emotespells on
[3/6/2022 3:41:17] !emotespells on
[3/6/2022 3:41:36] !emotespells on
[3/6/2022 3:41:55] !emotespells on
[3/6/2022 3:42:14] !emotespells on
[3/6/2022 3:42:33] !emotespells on
[3/6/2022 3:42:52] !emotespells on
[3/6/2022 3:43:12] !emotespells on
[3/6/2022 3:43:31] !emotespells on
[3/6/2022 3:43:50] !emotespells on
[3/6/2022 3:44:9] !emotespells on
[3/6/2022 3:44:28] !emotespells on
[3/6/2022 3:44:47] !emotespells on
[3/6/2022 3:45:6] !emotespells on
[3/6/2022 3:45:26] !emotespells on
[3/6/2022 3:45:44] !emotespells on
[3/6/2022 3:46:3] !emotespells on
[3/6/2022 3:46:22] !emotespells on
[3/6/2022 3:46:41] !emotespells on
[3/6/2022 3:47:0] !emotespells on
[3/6/2022 3:47:19] !emotespells on
[3/6/2022 3:47:39] !emotespells on
[3/6/2022 3:47:58] !emotespells on
[3/6/2022 3:48:17] !emotespells on
[3/6/2022 3:48:36] !emotespells on
[3/6/2022 3:48:55] !emotespells on
[3/6/2022 3:49:14] !emotespells on
[3/6/2022 3:49:33] !emotespells on
[3/6/2022 3:49:52] !emotespells on
[3/6/2022 3:50:11] !emotespells on
[3/6/2022 3:50:30] !emotespells on
[3/6/2022 3:50:49] !emotespells on
[3/6/2022 3:51:8] !emotespells on
[3/6/2022 3:51:27] !emotespells on
[3/6/2022 3:51:47] !emotespells on
[3/6/2022 3:52:5] !emotespells on
[3/6/2022 3:52:24] !emotespells on
[3/6/2022 3:52:44] !emotespells on
[3/6/2022 3:53:3] !emotespells on
[3/6/2022 3:53:22] !emotespells on
[3/6/2022 3:53:41] !emotespells on
[3/6/2022 3:54:0] !emotespells on
[3/6/2022 3:54:20] !emotespells on
[3/6/2022 3:54:39] !emotespells on
[3/6/2022 3:54:58] !emotespells on
[3/6/2022 3:55:17] !emotespells on
[3/6/2022 3:55:36] !emotespells on
[3/6/2022 3:55:55] !emotespells on
[3/6/2022 3:56:14] !emotespells on
[3/6/2022 3:56:33] !emotespells on
[3/6/2022 3:56:52] !emotespells on
[3/6/2022 3:57:11] !emotespells on
[3/6/2022 3:57:30] !emotespells on
[3/6/2022 3:57:50] !emotespells on
[3/6/2022 3:58:9] !emotespells on
[3/6/2022 3:58:28] !emotespells on
[3/6/2022 3:58:47] !emotespells on
[3/6/2022 3:59:6] !emotespells on
[3/6/2022 3:59:25] !emotespells on
[3/6/2022 3:59:45] !emotespells on
[3/6/2022 4:0:4] !emotespells on
[3/6/2022 4:0:23] !emotespells on
[3/6/2022 4:0:42] !emotespells on
[3/6/2022 4:1:1] !emotespells on
[3/6/2022 4:1:20] !emotespells on
[3/6/2022 4:1:39] !emotespells on
[3/6/2022 4:1:58] !emotespells on
[3/6/2022 4:2:17] !emotespells on
[3/6/2022 4:2:36] !emotespells on
[3/6/2022 4:2:55] !emotespells on
[3/6/2022 4:3:14] !emotespells on
[3/6/2022 4:3:34] !emotespells on
[3/6/2022 4:3:53] !emotespells on
[3/6/2022 4:4:13] !emotespells on
[3/6/2022 4:4:31] !emotespells on
[3/6/2022 4:4:52] !emotespells on
[3/6/2022 4:5:12] !emotespells on
[3/6/2022 4:5:33] !emotespells on
[3/6/2022 4:5:53] !emotespells on
[3/6/2022 4:6:14] !emotespells on
[3/6/2022 4:6:35] !emotespells on
[3/6/2022 4:6:55] !emotespells on
[3/6/2022 4:7:16] !emotespells on
[3/6/2022 4:7:36] !emotespells on
[3/6/2022 4:7:57] !emotespells on
[3/6/2022 4:8:18] !emotespells on
[3/6/2022 4:8:38] !emotespells on
[3/6/2022 4:8:59] !emotespells on
[3/6/2022 4:9:19] !emotespells on
[3/6/2022 4:9:40] !emotespells on
[3/6/2022 4:10:1] !emotespells on
[3/6/2022 4:10:42] !emotespells on
[3/6/2022 4:11:3] !emotespells on
[3/6/2022 4:11:23] !emotespells on
[3/6/2022 4:12:5] !emotespells on
[3/6/2022 4:12:26] !emotespells on
[3/6/2022 4:12:46] !emotespells on
[3/6/2022 4:13:7] !emotespells on
[3/6/2022 4:13:28] !emotespells on
[3/6/2022 4:13:49] !emotespells on
[3/6/2022 4:14:10] !emotespells on
[3/6/2022 4:14:30] !emotespells on
[3/6/2022 4:14:51] !emotespells on
[3/6/2022 4:15:12] !emotespells on
[3/6/2022 4:15:32] !emotespells on
[3/6/2022 4:15:53] !emotespells on
[3/6/2022 4:16:13] !emotespells on
[3/6/2022 4:16:34] !emotespells on
[3/6/2022 4:16:54] !emotespells on
[3/6/2022 4:17:15] !emotespells on
[3/6/2022 4:17:35] !emotespells on
[3/6/2022 4:17:56] !emotespells on
[3/6/2022 4:18:17] !emotespells on
[3/6/2022 4:18:37] !emotespells on
[3/6/2022 4:18:58] !emotespells on
[3/6/2022 4:19:19] !emotespells on
[3/6/2022 4:19:39] !emotespells on
[3/6/2022 4:20:0] !emotespells on
[3/6/2022 4:20:20] !emotespells on
[3/6/2022 4:20:41] !emotespells on
[3/6/2022 4:21:1] !emotespells on
[3/6/2022 4:21:22] !emotespells on
[3/6/2022 4:21:43] !emotespells on
[3/6/2022 4:22:3] !emotespells on
[3/6/2022 4:22:24] !emotespells on
[3/6/2022 4:22:44] !emotespells on
[3/6/2022 4:23:5] !emotespells on
[3/6/2022 4:23:26] !emotespells on
[3/6/2022 4:23:46] !emotespells on
[3/6/2022 4:24:7] !emotespells on
[3/6/2022 4:24:27] !emotespells on
[3/6/2022 4:24:48] !emotespells on
[3/6/2022 4:25:8] !emotespells on
[3/6/2022 4:25:29] !emotespells on
[3/6/2022 4:25:50] !emotespells on
[3/6/2022 4:26:10] !emotespells on
[3/6/2022 4:26:31] !emotespells on
[3/6/2022 4:26:52] !emotespells on
[3/6/2022 4:27:12] !emotespells on
[3/6/2022 4:27:33] !emotespells on
[3/6/2022 4:27:53] !emotespells on
[3/6/2022 4:28:14] !emotespells on
[3/6/2022 4:28:34] !emotespells on
[3/6/2022 4:28:55] !emotespells on
[3/6/2022 4:29:16] !emotespells on
[3/6/2022 4:29:36] !emotespells on
[3/6/2022 4:29:56] !emotespells on
[3/6/2022 4:30:17] !emotespells on
[3/6/2022 4:30:37] !emotespells on
[3/6/2022 4:30:58] !emotespells on
[3/6/2022 4:31:19] !emotespells on
[3/6/2022 4:31:39] !emotespells on
[3/6/2022 4:32:0] !emotespells on
[3/6/2022 4:32:20] !emotespells on
[3/6/2022 4:32:41] !emotespells on
[3/6/2022 4:33:2] !emotespells on
[3/6/2022 4:33:22] !emotespells on
[3/6/2022 4:33:42] !emotespells on
[3/6/2022 4:34:3] !emotespells on
[3/6/2022 4:34:23] !emotespells on
[3/6/2022 4:34:44] !emotespells on
[3/6/2022 4:35:4] !emotespells on
[3/6/2022 4:35:25] !emotespells on
[3/6/2022 4:35:46] !emotespells on
[3/6/2022 4:36:6] !emotespells on
[3/6/2022 4:36:27] !emotespells on
[3/6/2022 4:36:48] !emotespells on
[3/6/2022 4:37:8] !emotespells on
[3/6/2022 4:37:29] !emotespells on
[3/6/2022 4:37:49] !emotespells on
[3/6/2022 4:38:10] !emotespells on
[3/6/2022 4:38:31] !emotespells on
[3/6/2022 4:38:51] !emotespells on
[3/6/2022 4:39:12] !emotespells on
[3/6/2022 4:39:32] !emotespells on
[3/6/2022 4:39:53] !emotespells on
[3/6/2022 4:40:14] !emotespells on
[3/6/2022 4:40:35] !emotespells on
[3/6/2022 4:40:56] !emotespells on
[3/6/2022 4:41:16] !emotespells on
[3/6/2022 4:41:37] !emotespells on
[3/6/2022 4:41:58] !emotespells on
[3/6/2022 4:42:19] !emotespells on
[3/6/2022 4:43:0] !emotespells on
[3/6/2022 4:43:21] !emotespells on
[3/6/2022 4:43:42] !emotespells on
[3/6/2022 4:44:3] !emotespells on
[3/6/2022 4:44:23] !emotespells on
[3/6/2022 4:44:44] !emotespells on
[3/6/2022 4:45:5] !emotespells on
[3/6/2022 4:45:25] !emotespells on
[3/6/2022 4:45:46] !emotespells on
[3/6/2022 4:46:6] !emotespells on
[3/6/2022 4:46:27] !emotespells on
[3/6/2022 4:46:48] !emotespells on
[3/6/2022 4:47:8] !emotespells on
[3/6/2022 4:47:29] !emotespells on
[3/6/2022 4:47:50] !emotespells on
[3/6/2022 4:48:10] !emotespells on
[3/6/2022 4:48:31] !emotespells on
[3/6/2022 4:48:51] !emotespells on
[3/6/2022 4:49:12] !emotespells on
[3/6/2022 4:49:32] !emotespells on
[3/6/2022 4:49:53] !emotespells on
[3/6/2022 4:50:14] !emotespells on
[3/6/2022 4:50:34] !emotespells on
[3/6/2022 4:50:55] !emotespells on
[3/6/2022 4:51:15] !emotespells on
[3/6/2022 4:51:36] !emotespells on
[3/6/2022 4:51:56] !emotespells on
[3/6/2022 4:52:17] !emotespells on
[3/6/2022 4:52:38] !emotespells on
[3/6/2022 4:52:58] !emotespells on
[3/6/2022 4:53:19] !emotespells on
[3/6/2022 4:53:40] !emotespells on
[3/6/2022 4:54:0] !emotespells on
[3/6/2022 4:54:21] !emotespells on
[3/6/2022 4:54:41] !emotespells on
[3/6/2022 4:55:2] !emotespells on
[3/6/2022 4:55:23] !emotespells on
[3/6/2022 4:55:43] !emotespells on
[3/6/2022 4:56:4] !emotespells on
[3/6/2022 4:56:24] !emotespells on
[3/6/2022 4:56:45] !emotespells on
[3/6/2022 4:57:6] !emotespells on
[3/6/2022 4:57:26] !emotespells on
[3/6/2022 4:57:47] !emotespells on
[3/6/2022 4:58:7] !emotespells on
[3/6/2022 4:58:28] !emotespells on
[3/6/2022 4:58:49] !emotespells on
[3/6/2022 4:59:9] !emotespells on
[3/6/2022 4:59:30] !emotespells on
[3/6/2022 4:59:50] !emotespells on
[3/6/2022 5:11:32] !emotespells on
[3/6/2022 5:12:13] !emotespells on
[3/6/2022 5:12:34] !emotespells on
[3/6/2022 5:12:54] !emotespells on
[3/6/2022 5:13:16] !emotespells on
[3/6/2022 5:13:36] !emotespells on
[3/6/2022 5:13:57] !emotespells on
[3/6/2022 5:14:17] !emotespells on
[3/6/2022 5:14:38] !emotespells on
[3/6/2022 5:14:58] !emotespells on
[3/6/2022 5:15:19] !emotespells on
[3/6/2022 5:15:40] !emotespells on
[3/6/2022 5:16:0] !emotespells on
[3/6/2022 5:16:21] !emotespells on
[3/6/2022 5:16:42] !emotespells on
[3/6/2022 5:17:3] !emotespells on
[3/6/2022 5:17:23] !emotespells on
[3/6/2022 5:17:44] !emotespells on
[3/6/2022 5:18:5] !emotespells on
[3/6/2022 5:18:26] !emotespells on
[3/6/2022 5:18:46] !emotespells on
[3/6/2022 5:19:7] !emotespells on
[3/6/2022 5:19:27] !emotespells on
[3/6/2022 5:19:48] !emotespells on
[3/6/2022 5:20:8] !emotespells on
[3/6/2022 5:20:29] !emotespells on
[3/6/2022 5:20:50] !emotespells on
[3/6/2022 5:21:10] !emotespells on
[3/6/2022 5:21:31] !emotespells on
[3/6/2022 5:21:52] !emotespells on
[3/6/2022 5:22:12] !emotespells on
[3/6/2022 5:22:33] !emotespells on
[3/6/2022 5:22:54] !emotespells on
[3/6/2022 5:23:14] !emotespells on
[3/6/2022 5:23:35] !emotespells on
[3/6/2022 5:23:55] !emotespells on
[3/6/2022 5:24:16] !emotespells on
[3/6/2022 5:24:36] !emotespells on
[3/6/2022 5:24:57] !emotespells on
[3/6/2022 5:25:17] !emotespells on
[3/6/2022 5:25:38] !emotespells on
[3/6/2022 5:25:59] !emotespells on
[3/6/2022 5:26:19] !emotespells on
[3/6/2022 5:26:40] !emotespells on
[3/6/2022 5:27:0] !emotespells on
[3/6/2022 5:27:21] !emotespells on
[3/6/2022 5:27:41] !emotespells on
[3/6/2022 5:28:2] !emotespells on
[3/6/2022 5:28:22] !emotespells on
[3/6/2022 5:28:43] !emotespells on
[3/6/2022 5:29:4] !emotespells on
[3/6/2022 5:29:24] !emotespells on
[3/6/2022 5:29:45] !emotespells on
[3/6/2022 5:30:5] !emotespells on
[3/6/2022 5:30:26] !emotespells on
[3/6/2022 5:30:46] !emotespells on
[3/6/2022 5:31:7] !emotespells on
[3/6/2022 5:31:27] !emotespells on
[3/6/2022 5:31:48] !emotespells on
[3/6/2022 5:32:8] !emotespells on
[3/6/2022 5:32:29] !emotespells on
[3/6/2022 5:32:49] !emotespells on
[3/6/2022 5:33:10] !emotespells on
[3/6/2022 5:33:31] !emotespells on
[3/6/2022 5:33:51] !emotespells on
[3/6/2022 5:34:12] !emotespells on
[3/6/2022 5:34:32] !emotespells on
[3/6/2022 5:34:53] !emotespells on
[3/6/2022 5:35:14] !emotespells on
[3/6/2022 5:35:34] !emotespells on
[3/6/2022 5:35:55] !emotespells on
[3/6/2022 5:36:15] !emotespells on
[3/6/2022 5:36:36] !emotespells on
[3/6/2022 5:36:57] !emotespells on
[3/6/2022 5:37:17] !emotespells on
[3/6/2022 5:37:38] !emotespells on
[3/6/2022 5:37:58] !emotespells on
[3/6/2022 5:38:20] !emotespells on
[3/6/2022 5:38:40] !emotespells on
[3/6/2022 5:39:1] !emotespells on
[3/6/2022 5:39:22] !emotespells on
[3/6/2022 5:39:42] !emotespells on
[3/6/2022 5:40:3] !emotespells on
[3/6/2022 5:40:24] !emotespells on
[3/6/2022 5:40:45] !emotespells on
[3/6/2022 5:41:5] !emotespells on
[3/6/2022 5:41:26] !emotespells on
[3/6/2022 5:41:47] !emotespells on
[3/6/2022 5:42:7] !emotespells on
[3/6/2022 5:42:28] !emotespells on
[3/6/2022 5:42:48] !emotespells on
[3/6/2022 5:43:9] !emotespells on
[3/6/2022 5:43:29] !emotespells on
[3/6/2022 5:43:50] !emotespells on
[3/6/2022 5:44:10] !emotespells on
[3/6/2022 5:44:31] !emotespells on
[3/6/2022 5:44:52] !emotespells on
[3/6/2022 5:45:13] !emotespells on
[3/6/2022 5:45:34] !emotespells on
[3/6/2022 5:45:55] !emotespells on
[3/6/2022 5:46:16] !emotespells on
[3/6/2022 5:46:36] !emotespells on
[3/6/2022 5:46:57] !emotespells on
[3/6/2022 5:47:18] !emotespells on
[3/6/2022 5:47:38] !emotespells on
[3/6/2022 5:47:59] !emotespells on
[3/6/2022 5:48:19] !emotespells on
[3/6/2022 5:48:40] !emotespells on
[3/6/2022 5:49:0] !emotespells on
[3/6/2022 5:49:21] !emotespells on
[3/6/2022 5:49:41] !emotespells on
[3/6/2022 5:50:2] !emotespells on
[3/6/2022 5:50:23] !emotespells on
[3/6/2022 5:50:43] !emotespells on
[3/6/2022 5:51:4] !emotespells on
[3/6/2022 5:51:25] !emotespells on
[3/6/2022 5:51:45] !emotespells on
[3/6/2022 5:52:6] !emotespells on
[3/6/2022 5:52:26] !emotespells on
[3/6/2022 5:52:47] !emotespells on
[3/6/2022 5:53:8] !emotespells on
[3/6/2022 5:53:28] !emotespells on
[3/6/2022 5:53:49] !emotespells on
[3/6/2022 5:54:9] !emotespells on
[3/6/2022 5:54:30] !emotespells on
[3/6/2022 5:54:50] !emotespells on
[3/6/2022 5:55:11] !emotespells on
[3/6/2022 5:55:32] !emotespells on
[3/6/2022 5:55:52] !emotespells on
[3/6/2022 5:56:13] !emotespells on
[3/6/2022 5:56:34] !emotespells on
[3/6/2022 5:56:54] !emotespells on
[3/6/2022 5:57:15] !emotespells on
[3/6/2022 5:57:35] !emotespells on
[3/6/2022 5:57:56] !emotespells on
[3/6/2022 5:58:16] !emotespells on
[3/6/2022 5:58:37] !emotespells on
[3/6/2022 5:58:58] !emotespells on
[3/6/2022 5:59:18] !emotespells on
[3/6/2022 5:59:39] !emotespells on
[3/6/2022 5:59:59] !emotespells on
[3/6/2022 6:0:20] !emotespells on
[3/6/2022 6:0:41] !emotespells on
[3/6/2022 6:1:1] !emotespells on
[3/6/2022 6:1:22] !emotespells on
[3/6/2022 6:1:42] !emotespells on
[3/6/2022 6:2:3] !emotespells on
[3/6/2022 6:2:23] !emotespells on
[3/6/2022 6:2:44] !emotespells on
[3/6/2022 6:3:4] !emotespells on
[3/6/2022 6:3:25] !emotespells on
[3/6/2022 6:3:46] !emotespells on
[3/6/2022 6:4:6] !emotespells on
[3/6/2022 6:4:27] !emotespells on
[3/6/2022 6:4:47] !emotespells on
[3/6/2022 6:5:8] !emotespells on
[3/6/2022 6:5:28] !emotespells on
[3/6/2022 6:5:49] !emotespells on
[3/6/2022 6:6:10] !emotespells on
[3/6/2022 6:6:31] !emotespells on
[3/6/2022 6:6:51] !emotespells on
[3/6/2022 6:7:12] !emotespells on
[3/6/2022 6:7:33] !emotespells on
[3/6/2022 6:7:53] !emotespells on
[3/6/2022 6:8:14] !emotespells on
[3/6/2022 6:8:34] !emotespells on
[3/6/2022 6:8:55] !emotespells on
[3/6/2022 6:9:16] !emotespells on
[3/6/2022 6:9:37] !emotespells on
[3/6/2022 6:9:57] !emotespells on
[3/6/2022 6:10:18] !emotespells on
[3/6/2022 6:10:39] !emotespells on
[3/6/2022 6:10:59] !emotespells on
[3/6/2022 6:11:20] !emotespells on
[3/6/2022 6:11:40] !emotespells on
[3/6/2022 6:12:1] !emotespells on
[3/6/2022 6:12:22] !emotespells on
[3/6/2022 6:12:43] !emotespells on
[3/6/2022 6:13:3] !emotespells on
[3/6/2022 6:13:24] !emotespells on
[3/6/2022 6:13:46] !emotespells on
[3/6/2022 6:14:6] !emotespells on
[3/6/2022 6:14:27] !emotespells on
[3/6/2022 6:14:48] !emotespells on
[3/6/2022 6:15:29] !emotespells on
[3/6/2022 6:15:49] !emotespells on
[3/6/2022 6:16:10] !emotespells on
[3/6/2022 6:16:30] !emotespells on
[3/6/2022 6:16:51] !emotespells on
[3/6/2022 6:17:12] !emotespells on
[3/6/2022 6:17:32] !emotespells on
[3/6/2022 6:17:53] !emotespells on
[3/6/2022 6:18:13] !emotespells on
[3/6/2022 6:18:34] !emotespells on
[3/6/2022 6:18:54] !emotespells on
[3/6/2022 6:19:15] !emotespells on
[3/6/2022 6:19:36] !emotespells on
[3/6/2022 6:19:56] !emotespells on
[3/6/2022 6:20:17] !emotespells on
[3/6/2022 6:20:37] !emotespells on
[3/6/2022 6:20:58] !emotespells on
[3/6/2022 6:21:39] !emotespells on
[3/6/2022 6:22:0] !emotespells on
[3/6/2022 6:22:20] !emotespells on
[3/6/2022 6:22:41] !emotespells on
[3/6/2022 6:23:1] !emotespells on
[3/6/2022 6:23:22] !emotespells on
[3/6/2022 6:23:42] !emotespells on
[3/6/2022 6:24:3] !emotespells on
[3/6/2022 6:24:23] !emotespells on
[3/6/2022 6:24:44] !emotespells on
[3/6/2022 6:25:4] !emotespells on
[3/6/2022 6:25:25] !emotespells on
[3/6/2022 6:25:45] !emotespells on
[3/6/2022 6:26:6] !emotespells on
[3/6/2022 6:26:26] !emotespells on
[3/6/2022 6:26:47] !emotespells on
[3/6/2022 6:27:7] !emotespells on
[3/6/2022 6:27:28] !emotespells on
[3/6/2022 6:27:48] !emotespells on
[3/6/2022 6:28:9] !emotespells on
[3/6/2022 6:28:29] !emotespells on
[3/6/2022 6:28:50] !emotespells on
[3/6/2022 6:29:11] !emotespells on
[3/6/2022 6:29:31] !emotespells on
[3/6/2022 6:29:52] !emotespells on
[3/6/2022 6:30:12] !emotespells on
[3/6/2022 6:30:33] !emotespells on
[3/6/2022 6:30:53] !emotespells on
[3/6/2022 6:31:14] !emotespells on
[3/6/2022 6:31:35] !emotespells on
[3/6/2022 6:31:55] !emotespells on
[3/6/2022 6:32:16] !emotespells on
[3/6/2022 6:32:36] !emotespells on
[3/6/2022 6:32:57] !emotespells on
[3/6/2022 6:33:18] !emotespells on
[3/6/2022 6:33:38] !emotespells on
[3/6/2022 6:33:59] !emotespells on
[3/6/2022 6:34:19] !emotespells on
[3/6/2022 6:34:40] !emotespells on
[3/6/2022 6:35:0] !emotespells on
[3/6/2022 6:35:21] !emotespells on
[3/6/2022 6:35:42] !emotespells on
[3/6/2022 6:36:2] !emotespells on
[3/6/2022 6:36:23] !emotespells on
[3/6/2022 6:36:43] !emotespells on
[3/6/2022 6:37:4] !emotespells on
[3/6/2022 6:37:25] !emotespells on
[3/6/2022 6:37:46] !emotespells on
[3/6/2022 6:38:6] !emotespells on
[3/6/2022 6:38:27] !emotespells on
[3/6/2022 6:38:47] !emotespells on
[3/6/2022 6:39:8] !emotespells on
[3/6/2022 6:39:28] !emotespells on
[3/6/2022 6:40:9] !emotespells on
[3/6/2022 6:40:30] !emotespells on
[3/6/2022 6:40:50] !emotespells on
[3/6/2022 6:41:11] !emotespells on
[3/6/2022 6:41:32] !emotespells on
[3/6/2022 6:41:52] !emotespells on
[3/6/2022 6:42:13] !emotespells on
[3/6/2022 6:42:34] !emotespells on
[3/6/2022 6:42:54] !emotespells on
[3/6/2022 6:43:15] !emotespells on
[3/6/2022 6:43:36] !emotespells on
[3/6/2022 6:43:56] !emotespells on
[3/6/2022 6:44:17] !emotespells on
[3/6/2022 6:44:38] !emotespells on
[3/6/2022 6:44:59] !emotespells on
[3/6/2022 6:45:20] !emotespells on
[3/6/2022 6:45:41] !emotespells on
[3/6/2022 6:46:1] !emotespells on
[3/6/2022 6:46:22] !emotespells on
[3/6/2022 6:46:43] !emotespells on
[3/6/2022 6:47:3] !emotespells on
[3/6/2022 6:47:24] !emotespells on
[3/6/2022 6:47:45] !emotespells on
[3/6/2022 6:48:5] !emotespells on
[3/6/2022 6:48:26] !emotespells on
[3/6/2022 6:48:46] !emotespells on
[3/6/2022 6:49:7] !emotespells on
[3/6/2022 6:49:31] !emotespells on
[3/6/2022 6:49:48] !emotespells on
[3/6/2022 6:50:9] !emotespells on
[3/6/2022 6:50:29] !emotespells on
[3/6/2022 6:50:50] !emotespells on
[3/6/2022 6:51:11] !emotespells on
[3/6/2022 6:51:31] !emotespells on
[3/6/2022 6:51:52] !emotespells on
[3/6/2022 6:52:12] !emotespells on
[3/6/2022 6:52:33] !emotespells on
[3/6/2022 6:52:54] !emotespells on
[3/6/2022 6:53:14] !emotespells on
[3/6/2022 6:53:35] !emotespells on
[3/6/2022 6:53:56] !emotespells on
[3/6/2022 6:54:16] !emotespells on
[3/6/2022 6:54:37] !emotespells on
[3/6/2022 6:54:57] !emotespells on
[3/6/2022 6:55:18] !emotespells on
[3/6/2022 6:55:38] !emotespells on
[3/6/2022 6:55:59] !emotespells on
[3/6/2022 6:56:20] !emotespells on
[3/6/2022 6:56:40] !emotespells on
[3/6/2022 6:57:1] !emotespells on
[3/6/2022 6:57:21] !emotespells on
[3/6/2022 6:57:42] !emotespells on
[3/6/2022 6:58:2] !emotespells on
[3/6/2022 6:58:44] !emotespells on
[3/6/2022 6:59:4] !emotespells on
[3/6/2022 6:59:25] !emotespells on
[3/6/2022 6:59:46] !emotespells on
[3/6/2022 7:0:6] !emotespells on
[3/6/2022 7:0:27] !emotespells on
[3/6/2022 7:0:47] !emotespells on
[3/6/2022 7:1:8] !emotespells on
[3/6/2022 7:1:29] !emotespells on
[3/6/2022 7:1:49] !emotespells on
[3/6/2022 7:2:10] !emotespells on
[3/6/2022 7:2:30] !emotespells on
[3/6/2022 7:2:51] !emotespells on
[3/6/2022 7:3:11] !emotespells on
[3/6/2022 7:3:32] !emotespells on
[3/6/2022 7:3:52] !emotespells on
[3/6/2022 7:4:13] !emotespells on
[3/6/2022 7:4:54] !emotespells on
[3/6/2022 7:5:14] !emotespells on
[3/6/2022 7:5:35] !emotespells on
[3/6/2022 7:5:56] !emotespells on
[3/6/2022 7:6:16] !emotespells on
[3/6/2022 7:6:37] !emotespells on
[3/6/2022 7:6:57] !emotespells on
[3/6/2022 7:7:18] !emotespells on
[3/6/2022 7:7:38] !emotespells on
[3/6/2022 7:7:59] !emotespells on
[3/6/2022 7:8:19] !emotespells on
[3/6/2022 7:8:40] !emotespells on
[3/6/2022 7:9:0] !emotespells on
[3/6/2022 7:9:22] !emotespells on
[3/6/2022 7:9:42] !emotespells on
[3/6/2022 7:10:3] !emotespells on
[3/6/2022 7:10:23] !emotespells on
[3/6/2022 7:11:5] !emotespells on
[3/6/2022 7:11:26] !emotespells on
[3/6/2022 7:11:46] !emotespells on
[3/6/2022 7:12:8] !emotespells on
[3/6/2022 7:12:28] !emotespells on
[3/6/2022 7:12:49] !emotespells on
[3/6/2022 7:13:9] !emotespells on
[3/6/2022 7:13:30] !emotespells on
[3/6/2022 7:13:50] !emotespells on
[3/6/2022 7:14:11] !emotespells on
[3/6/2022 7:14:31] !emotespells on
[3/6/2022 7:14:53] !emotespells on
[3/6/2022 7:15:13] !emotespells on
[3/6/2022 7:15:34] !emotespells on
[3/6/2022 7:15:54] !emotespells on
[3/6/2022 7:16:15] !emotespells on
[3/6/2022 7:16:35] !emotespells on
[3/6/2022 7:16:57] !emotespells on
[3/6/2022 7:17:17] !emotespells on
[3/6/2022 7:17:38] !emotespells on
[3/6/2022 7:17:59] !emotespells on
[3/6/2022 7:18:19] !emotespells on
[3/6/2022 7:18:40] !emotespells on
[3/6/2022 7:19:0] !emotespells on
[3/6/2022 7:19:21] !emotespells on
[3/6/2022 7:19:42] !emotespells on
[3/6/2022 7:20:2] !emotespells on
[3/6/2022 7:20:23] !emotespells on
[3/6/2022 7:20:43] !emotespells on
[3/6/2022 7:21:5] !emotespells on
[3/6/2022 7:21:25] !emotespells on
[3/6/2022 7:21:46] !emotespells on
[3/6/2022 7:22:6] !emotespells on
[3/6/2022 7:22:27] !emotespells on
[3/6/2022 7:22:47] !emotespells on
[3/6/2022 7:23:8] !emotespells on
[3/6/2022 7:23:29] !emotespells on
[3/6/2022 7:23:50] !emotespells on
[3/6/2022 7:24:10] !emotespells on
[3/6/2022 7:24:31] !emotespells on
[3/6/2022 7:24:52] !emotespells on
[3/6/2022 7:25:12] !emotespells on
[3/6/2022 7:25:33] !emotespells on
[3/6/2022 7:25:53] !emotespells on
[3/6/2022 7:26:14] !emotespells on
[3/6/2022 7:26:34] !emotespells on
[3/6/2022 7:26:55] !emotespells on
[3/6/2022 7:27:15] !emotespells on
[3/6/2022 7:27:36] !emotespells on
[3/6/2022 7:27:57] !emotespells on
[3/6/2022 7:28:18] !emotespells on
[3/6/2022 7:28:38] !emotespells on
[3/6/2022 7:28:59] !emotespells on
[3/6/2022 7:29:20] !emotespells on
[3/6/2022 7:29:40] !emotespells on
[3/6/2022 7:30:1] !emotespells on
[3/6/2022 7:30:22] !emotespells on
[3/6/2022 7:30:43] !emotespells on
[3/6/2022 7:31:3] !emotespells on
[3/6/2022 7:31:24] !emotespells on
[3/6/2022 7:31:45] !emotespells on
[3/6/2022 7:32:5] !emotespells on
[3/6/2022 7:32:26] !emotespells on
[3/6/2022 7:32:46] !emotespells on
[3/6/2022 7:33:7] !emotespells on
[3/6/2022 7:33:27] !emotespells on
[3/6/2022 7:33:48] !emotespells on
[3/6/2022 7:34:9] !emotespells on
[3/6/2022 7:34:29] !emotespells on
[3/6/2022 7:34:50] !emotespells on
[3/6/2022 7:35:10] !emotespells on
[3/6/2022 7:35:31] !emotespells on
[3/6/2022 7:35:51] !emotespells on
[3/6/2022 7:36:12] !emotespells on
[3/6/2022 7:36:33] !emotespells on
[3/6/2022 7:36:53] !emotespells on
[3/6/2022 7:37:14] !emotespells on
[3/6/2022 7:37:34] !emotespells on
[3/6/2022 7:37:55] !emotespells on
[3/6/2022 7:38:16] !emotespells on
[3/6/2022 7:38:36] !emotespells on
[3/6/2022 7:38:57] !emotespells on
[3/6/2022 7:39:18] !emotespells on
[3/6/2022 7:39:38] !emotespells on
[3/6/2022 7:39:58] !emotespells on
[3/6/2022 7:40:19] !emotespells on
[3/6/2022 7:40:39] !emotespells on
[3/6/2022 7:41:0] !emotespells on
[3/6/2022 7:41:20] !emotespells on
[3/6/2022 7:41:41] !emotespells on
[3/6/2022 7:42:2] !emotespells on
[3/6/2022 7:42:22] !emotespells on
[3/6/2022 7:42:43] !emotespells on
[3/6/2022 7:43:4] !emotespells on
[3/6/2022 7:43:24] !emotespells on
[3/6/2022 7:43:45] !emotespells on
[3/6/2022 7:44:18] !emotespells on
[3/6/2022 7:45:5] !emotespells on
[3/6/2022 7:47:57] !emotespells on
[3/6/2022 7:51:38] !emotespells on
[3/6/2022 7:54:55] !emotespells on
[3/6/2022 7:55:23] !emotespells on
[3/6/2022 7:58:19] !emotespells on
[3/6/2022 8:2:19] !emotespells on
[3/6/2022 8:5:57] !emotespells on
[3/6/2022 8:8:59] !emotespells on
[3/6/2022 8:12:9] !emotespells on
[3/6/2022 8:13:50] !emotespells on
[3/6/2022 8:16:17] !emotespells on
[3/6/2022 8:19:10] !emotespells on
[3/6/2022 8:21:22] !emotespells on
[3/6/2022 8:24:2] !emotespells on
[3/6/2022 8:25:19] !emotespells on
[3/6/2022 8:27:13] !emotespells on
[3/6/2022 8:28:55] !emotespells on
[3/6/2022 8:31:11] !emotespells on
[3/6/2022 8:33:50] !emotespells on
[3/6/2022 8:35:41] !emotespells on
[3/6/2022 8:37:31] !emotespells on
[3/6/2022 8:39:4] !emotespells on
[3/6/2022 8:40:28] !emotespells on
[3/6/2022 8:42:51] !emotespells on
[3/6/2022 8:44:42] !emotespells on
[3/6/2022 8:46:12] !emotespells on
[3/6/2022 8:48:28] !emotespells on
[3/6/2022 8:50:45] !emotespells on
[3/6/2022 8:53:22] !emotespells on
[3/6/2022 8:56:47] !emotespells on
[3/6/2022 8:59:21] !emotespells on
[3/6/2022 9:1:14] !emotespells on
[3/6/2022 9:5:32] !emotespells on
[3/6/2022 9:9:6] !emotespells on
[3/6/2022 9:12:34] !emotespells on
[3/6/2022 9:16:1] !emotespells on
[3/6/2022 9:19:55] !emotespells on
[3/6/2022 9:23:6] !emotespells on
[3/6/2022 9:26:42] !emotespells on
[3/6/2022 9:30:14] !emotespells on
[3/6/2022 9:33:43] !emotespells on
[3/6/2022 9:37:29] !emotespells on
[3/6/2022 9:40:47] !emotespells on
[3/6/2022 9:44:11] !emotespells on
[3/6/2022 9:47:44] !emotespells on
[3/6/2022 9:51:47] !emotespells on
[3/6/2022 9:55:39] !emotespells on
[3/6/2022 10:0:19] !emotespells on
[3/6/2022 10:5:22] !emotespells on
[3/6/2022 10:9:50] !emotespells on
[3/6/2022 10:14:26] !emotespells on
[3/6/2022 10:17:49] !emotespells on
[3/6/2022 10:21:16] !emotespells on
[3/6/2022 10:24:55] !emotespells on
[3/6/2022 10:27:38] !emotespells on
[3/6/2022 10:30:52] !emotespells on
[3/6/2022 10:34:9] !emotespells on
[3/6/2022 10:37:6] !emotespells on
[3/6/2022 10:41:3] !emotespells on
[3/6/2022 10:43:29] !emotespells on
[3/6/2022 10:46:24] !emotespells on
[3/6/2022 10:48:57] !emotespells on
[3/6/2022 10:51:45] !emotespells on
[3/6/2022 10:53:53] !emotespells on
[3/6/2022 10:56:16] !emotespells on
[3/6/2022 10:58:51] !emotespells on
[3/6/2022 11:1:3] !emotespells on
[3/6/2022 11:3:30] !emotespells on
[3/6/2022 11:5:0] !emotespells on
[3/6/2022 11:7:32] !emotespells on
[3/6/2022 11:10:31] !emotespells on
[3/6/2022 11:13:5] !emotespells on
[3/6/2022 11:15:49] !emotespells on
[3/6/2022 11:18:12] !emotespells on
[3/6/2022 11:20:41] !emotespells on
[3/6/2022 11:23:26] !emotespells on
[3/6/2022 11:25:23] !emotespells on
[3/6/2022 11:28:23] !emotespells on
[3/6/2022 11:30:37] !emotespells on
[3/6/2022 11:32:55] !emotespells on
[3/6/2022 11:35:19] !emotespells on
[3/6/2022 11:37:39] !emotespells on
[3/6/2022 11:39:16] !emotespells on
[3/6/2022 11:42:43] !emotespells on
[3/6/2022 11:44:32] !emotespells on
[3/6/2022 11:46:49] !emotespells on
[3/6/2022 11:48:58] !emotespells on
[3/6/2022 11:50:57] !emotespells on
[3/6/2022 11:52:51] !emotespells on
[3/6/2022 11:55:28] !emotespells on
[3/6/2022 11:58:26] !emotespells on
[3/6/2022 12:0:49] !emotespells on
[3/6/2022 12:3:16] !emotespells on
[3/6/2022 12:6:6] !emotespells on
[3/6/2022 12:9:8] !emotespells on
[3/6/2022 12:11:44] !emotespells on
[3/6/2022 12:14:38] !emotespells on
[3/6/2022 12:17:21] !emotespells on
[3/6/2022 12:19:33] !emotespells on
[3/6/2022 12:22:20] !emotespells on
[4/6/2022 8:31:13] !emotespells on
[4/6/2022 8:33:48] !emotespells on
[4/6/2022 8:36:10] !emotespells on
[4/6/2022 8:38:3] !emotespells on
[4/6/2022 8:40:44] !emotespells on
[4/6/2022 8:42:8] !emotespells on
[4/6/2022 8:43:34] !emotespells on
[4/6/2022 8:45:49] !emotespells on
[4/6/2022 8:48:32] !emotespells on
[4/6/2022 8:49:59] !emotespells on
[4/6/2022 8:52:43] !emotespells on
[4/6/2022 8:54:21] !emotespells on
[4/6/2022 8:56:46] !emotespells on
[4/6/2022 8:57:52] !emotespells on
[4/6/2022 9:0:4] !emotespells on
[4/6/2022 9:2:33] !emotespells on
[4/6/2022 9:4:41] !emotespells on
[4/6/2022 9:5:6] !emotespells on
[4/6/2022 9:7:13] !emotespells on
[4/6/2022 9:8:20] !emotespells on
[4/6/2022 9:10:12] !emotespells on
[4/6/2022 9:11:37] !emotespells on
[4/6/2022 9:13:21] !emotespells on
[4/6/2022 9:15:23] !emotespells on
[4/6/2022 9:16:51] !emotespells on
[4/6/2022 9:18:20] !emotespells on
[4/6/2022 9:19:57] !emotespells on
[4/6/2022 9:22:34] !emotespells on
[4/6/2022 9:25:45] !emotespells on
[4/6/2022 9:27:51] !emotespells on
[4/6/2022 9:29:41] !emotespells on
[4/6/2022 9:31:24] !emotespells on
[4/6/2022 9:33:44] !emotespells on
[4/6/2022 9:36:25] !emotespells on
[4/6/2022 9:38:15] !emotespells on
[4/6/2022 9:39:56] !emotespells on
[4/6/2022 9:41:26] !emotespells on
[4/6/2022 9:43:7] !emotespells on
[4/6/2022 9:44:47] !emotespells on
[4/6/2022 9:46:24] !emotespells on
[4/6/2022 9:48:18] !emotespells on
[4/6/2022 9:51:23] !emotespells on
[4/6/2022 9:53:13] !emotespells on
[4/6/2022 9:55:16] !emotespells on
[4/6/2022 9:56:48] !emotespells on
[4/6/2022 9:58:0] !emotespells on
[4/6/2022 9:59:21] !emotespells on
[4/6/2022 10:1:18] !emotespells on
[4/6/2022 10:2:46] !emotespells on
[4/6/2022 10:4:38] !emotespells on
[4/6/2022 10:6:17] !emotespells on
[4/6/2022 10:8:1] !emotespells on
[4/6/2022 10:9:5] !emotespells on
[4/6/2022 10:11:1] !emotespells on
[4/6/2022 10:14:8] !emotespells on
[4/6/2022 10:15:59] !emotespells on
[4/6/2022 10:18:29] !emotespells on
[4/6/2022 10:20:48] !emotespells on
[4/6/2022 10:22:47] !emotespells on
[4/6/2022 10:24:33] !emotespells on
[4/6/2022 10:26:44] !emotespells on
[4/6/2022 10:28:43] !emotespells on
[4/6/2022 10:30:26] !emotespells on
[4/6/2022 10:32:35] !emotespells on
[4/6/2022 10:34:30] !emotespells on
[4/6/2022 10:37:36] !emotespells on
[4/6/2022 10:39:58] !emotespells on
[4/6/2022 10:42:17] !emotespells on
[4/6/2022 10:43:40] !emotespells on
[4/6/2022 10:46:26] !emotespells on
[4/6/2022 10:47:44] !emotespells on
[4/6/2022 10:49:24] !emotespells on
[4/6/2022 10:50:59] !emotespells on
[4/6/2022 10:52:45] !emotespells on
[4/6/2022 10:55:11] !emotespells on
[4/6/2022 10:56:51] !emotespells on
[4/6/2022 10:58:57] !emotespells on
[4/6/2022 11:2:28] !emotespells on
[4/6/2022 11:4:28] !emotespells on
[4/6/2022 11:6:3] !emotespells on
[4/6/2022 11:7:50] !emotespells on
[4/6/2022 11:9:27] !emotespells on
[4/6/2022 11:11:32] !emotespells on
[4/6/2022 11:13:20] !emotespells on
[4/6/2022 11:14:53] !emotespells on
[4/6/2022 11:17:17] !emotespells on
[4/6/2022 11:18:46] !emotespells on
[4/6/2022 11:20:43] !emotespells on
[4/6/2022 11:22:48] !emotespells on
[4/6/2022 11:24:58] !emotespells on
[4/6/2022 11:27:3] !emotespells on
[4/6/2022 11:28:54] !emotespells on
[4/6/2022 11:30:29] !emotespells on
[4/6/2022 11:31:44] !emotespells on
[4/6/2022 11:33:46] !emotespells on
[4/6/2022 11:35:24] !emotespells on
[4/6/2022 11:37:14] !emotespells on
[4/6/2022 11:38:58] !emotespells on
[4/6/2022 11:40:48] !emotespells on
[4/6/2022 11:42:19] !emotespells on
[4/6/2022 11:43:59] !emotespells on
[4/6/2022 11:45:42] !emotespells on
[4/6/2022 11:47:39] !emotespells on
[4/6/2022 11:49:31] !emotespells on
[4/6/2022 11:50:41] !emotespells on
[4/6/2022 11:52:7] !emotespells on
[4/6/2022 11:54:49] !emotespells on
[4/6/2022 11:56:49] !emotespells on
[4/6/2022 11:58:27] !emotespells on
[4/6/2022 12:0:25] !emotespells on
[4/6/2022 12:1:47] !emotespells on
[4/6/2022 12:3:44] !emotespells on
[4/6/2022 12:5:8] !emotespells on
[4/6/2022 12:7:42] !emotespells on
[4/6/2022 12:9:19] !emotespells on
[4/6/2022 12:11:20] !emotespells on
[4/6/2022 12:13:16] !emotespells on
[4/6/2022 12:15:27] !emotespells on
[4/6/2022 12:16:53] !emotespells on
[4/6/2022 12:18:17] !emotespells on
[4/6/2022 12:20:42] !emotespells on
[4/6/2022 12:22:5] !emotespells on
[4/6/2022 12:24:12] !emotespells on
[4/6/2022 12:26:5] !emotespells on
[4/6/2022 12:27:47] !emotespells on
[4/6/2022 12:28:53] !emotespells on
[4/6/2022 12:30:28] !emotespells on
[4/6/2022 12:32:22] !emotespells on
[4/6/2022 12:33:49] !emotespells on
[4/6/2022 12:36:11] !emotespells on
[4/6/2022 12:37:45] !emotespells on
[4/6/2022 12:40:14] !emotespells on
[4/6/2022 12:43:0] !emotespells on
[4/6/2022 12:44:40] !emotespells on
[4/6/2022 12:46:53] !emotespells on
[4/6/2022 12:48:42] !emotespells on
[4/6/2022 12:51:4] !emotespells on
[4/6/2022 12:52:48] !emotespells on
[4/6/2022 12:54:40] !emotespells on
[4/6/2022 12:56:47] !emotespells on
[4/6/2022 12:59:30] !emotespells on
[4/6/2022 13:1:4] !emotespells on
[4/6/2022 13:2:35] !emotespells on
[4/6/2022 13:4:46] !emotespells on
[4/6/2022 13:6:27] !emotespells on
[4/6/2022 13:7:51] !emotespells on
[4/6/2022 13:9:34] !emotespells on
[4/6/2022 13:11:20] !emotespells on
[4/6/2022 13:13:5] !emotespells on
[4/6/2022 13:14:19] !emotespells on
[4/6/2022 13:16:12] !emotespells on
[4/6/2022 13:19:4] !emotespells on
[4/6/2022 13:20:47] !emotespells on
[4/6/2022 13:22:22] !emotespells on
[4/6/2022 13:24:56] !emotespells on
[4/6/2022 13:28:20] !emotespells on
[4/6/2022 13:29:45] !emotespells on
[4/6/2022 13:32:1] !emotespells on
[4/6/2022 13:34:23] !emotespells on
[4/6/2022 13:37:1] !emotespells on
[4/6/2022 13:38:29] !emotespells on
[4/6/2022 13:40:56] !emotespells on
[4/6/2022 13:41:18] !emotespells on
[4/6/2022 13:44:10] !emotespells on
[4/6/2022 13:47:1] !emotespells on
[4/6/2022 13:50:42] !emotespells on
[4/6/2022 13:52:51] !emotespells on
[4/6/2022 13:55:15] !emotespells on
[4/6/2022 13:57:16] !emotespells on
[4/6/2022 14:0:4] !emotespells on
[4/6/2022 14:2:35] !emotespells on
[4/6/2022 14:4:42] !emotespells on
[4/6/2022 14:6:44] !emotespells on
[4/6/2022 14:8:41] !emotespells on
[4/6/2022 14:10:38] !emotespells on
[4/6/2022 14:13:39] !emotespells on
[4/6/2022 14:15:55] !emotespells on
[4/6/2022 14:18:53] !emotespells on
[4/6/2022 14:21:31] !emotespells on
[4/6/2022 14:24:12] !emotespells on
[4/6/2022 14:26:54] !emotespells on
[4/6/2022 14:28:1] !emotespells on
[4/6/2022 14:30:24] !emotespells on
[4/6/2022 14:32:27] !emotespells on
[4/6/2022 14:34:47] !emotespells on
[4/6/2022 14:36:52] !emotespells on
[4/6/2022 14:38:36] !emotespells on
[4/6/2022 14:40:18] !emotespells on
[4/6/2022 14:42:54] !emotespells on
[4/6/2022 14:45:34] !emotespells on
[4/6/2022 14:48:52] !emotespells on
[4/6/2022 14:51:18] !emotespells on
[4/6/2022 14:53:47] !emotespells on
[4/6/2022 14:55:27] !emotespells on
[4/6/2022 14:58:10] !emotespells on
[4/6/2022 15:1:12] !emotespells on
[4/6/2022 15:3:24] !emotespells on
[4/6/2022 15:5:40] !emotespells on
[4/6/2022 15:7:24] !emotespells on
[4/6/2022 15:9:43] !emotespells on
[4/6/2022 15:12:50] !emotespells on
[4/6/2022 15:16:42] !emotespells on
[4/6/2022 15:19:5] !emotespells on
[4/6/2022 15:21:16] !emotespells on
[4/6/2022 15:23:57] !emotespells on
[4/6/2022 15:27:1] !emotespells on
[4/6/2022 15:28:46] !emotespells on
[4/6/2022 15:31:1] !emotespells on
[4/6/2022 15:33:33] !emotespells on
[4/6/2022 15:34:6] !emotespells on
[4/6/2022 15:36:41] !emotespells on
[4/6/2022 15:39:20] !emotespells on
[4/6/2022 15:42:15] !emotespells on
[4/6/2022 15:44:44] !emotespells on
[4/6/2022 15:49:28] !emotespells on
[4/6/2022 15:55:22] !emotespells on
[4/6/2022 15:57:54] !emotespells on
[4/6/2022 16:2:49] !emotespells on
[4/6/2022 16:6:9] !emotespells on
[4/6/2022 16:8:41] !emotespells on
[4/6/2022 16:12:1] !emotespells on
[4/6/2022 16:15:34] !emotespells on
[4/6/2022 16:19:3] !emotespells on
[4/6/2022 16:23:9] !emotespells on
[4/6/2022 16:27:41] !emotespells on
[4/6/2022 16:32:55] !emotespells on
[4/6/2022 16:37:30] !emotespells on
[4/6/2022 16:42:9] !emotespells on
[4/6/2022 16:47:29] !emotespells on
[4/6/2022 16:51:44] !emotespells on
[4/6/2022 16:56:30] !emotespells on
[4/6/2022 17:1:56] !emotespells on
[4/6/2022 17:5:54] !emotespells on
[4/6/2022 17:10:17] !emotespells on
[4/6/2022 17:14:18] !emotespells on
[4/6/2022 17:16:33] !emotespells on
[4/6/2022 17:19:30] !emotespells on
[4/6/2022 17:22:21] !emotespells on
[4/6/2022 17:25:5] !emotespells on
[4/6/2022 17:28:8] !emotespells on
[4/6/2022 17:31:2] !emotespells on
[4/6/2022 17:33:4] !emotespells on
[4/6/2022 17:35:57] !emotespells on
[4/6/2022 17:38:22] !emotespells on
[4/6/2022 17:40:46] !emotespells on
[4/6/2022 17:42:12] !emotespells on
[4/6/2022 17:44:32] !emotespells on
[4/6/2022 17:46:9] !emotespells on
[4/6/2022 17:48:22] !emotespells on
[4/6/2022 17:50:1] !emotespells on
[4/6/2022 17:52:4] !emotespells on
[4/6/2022 17:53:43] !emotespells on
[4/6/2022 17:55:58] !emotespells on
[4/6/2022 17:58:26] !emotespells on
[4/6/2022 18:0:21] !emotespells on
[4/6/2022 18:3:4] !emotespells on
[4/6/2022 18:5:33] !emotespells on
[4/6/2022 18:7:24] !emotespells on
[4/6/2022 18:9:48] !emotespells on
[4/6/2022 18:11:12] !emotespells on
[4/6/2022 18:12:59] !emotespells on
[4/6/2022 18:14:31] !emotespells on
[4/6/2022 18:16:18] !emotespells on
[4/6/2022 18:18:59] !emotespells on
[4/6/2022 18:25:32] !emotespells on
[4/6/2022 18:29:0] !emotespells on
[4/6/2022 18:32:9] !emotespells on
[4/6/2022 18:33:55] !emotespells on
[4/6/2022 18:36:12] !emotespells on
[4/6/2022 18:38:25] !emotespells on
[4/6/2022 18:40:25] !emotespells on
[4/6/2022 18:42:37] !emotespells on
[4/6/2022 18:45:9] !emotespells on
[4/6/2022 18:47:29] !emotespells on
[4/6/2022 18:49:37] !emotespells on
[4/6/2022 18:51:10] !emotespells on
[4/6/2022 18:53:5] !emotespells on
[4/6/2022 18:55:26] !emotespells on
[4/6/2022 18:57:5] !emotespells on
[4/6/2022 18:58:11] !emotespells on
[4/6/2022 18:59:42] !emotespells on
[4/6/2022 19:1:24] !emotespells on
[4/6/2022 19:3:35] !emotespells on
[4/6/2022 19:6:9] !emotespells on
[4/6/2022 19:8:51] !emotespells on
[4/6/2022 19:11:8] !emotespells on
[4/6/2022 19:13:36] !emotespells on
[4/6/2022 19:16:6] !emotespells on
[4/6/2022 19:19:8] !emotespells on
[4/6/2022 19:21:35] !emotespells on
[4/6/2022 19:23:25] !emotespells on
[4/6/2022 19:25:5] !emotespells on
[4/6/2022 19:26:56] !emotespells on
[4/6/2022 19:28:57] !emotespells on
[4/6/2022 19:31:19] !emotespells on
[4/6/2022 19:33:36] !emotespells on
[4/6/2022 19:35:45] !emotespells on
[4/6/2022 19:38:16] !emotespells on
[4/6/2022 19:40:38] !emotespells on
[4/6/2022 19:43:11] !emotespells on
[4/6/2022 19:45:22] !emotespells on
[4/6/2022 19:48:13] !emotespells on
[4/6/2022 19:50:29] !emotespells on
[4/6/2022 19:52:35] !emotespells on
[4/6/2022 19:54:47] !emotespells on
[4/6/2022 19:56:16] !emotespells on
[4/6/2022 19:57:47] !emotespells on
[4/6/2022 20:0:12] !emotespells on
[4/6/2022 20:2:52] !emotespells on
[4/6/2022 20:6:40] !emotespells on
[4/6/2022 20:10:5] !emotespells on
[4/6/2022 20:12:12] !emotespells on
[4/6/2022 20:15:12] !emotespells on
[4/6/2022 20:17:20] !emotespells on
[4/6/2022 20:19:44] !emotespells on
[4/6/2022 20:21:46] !emotespells on
[4/6/2022 20:24:0] !emotespells on
[4/6/2022 20:25:42] !emotespells on
[4/6/2022 20:28:20] !emotespells on
[4/6/2022 20:30:51] !emotespells on
[4/6/2022 20:33:1] !emotespells on
[4/6/2022 20:36:58] !emotespells on
[4/6/2022 20:39:20] !emotespells on
[4/6/2022 20:42:30] !emotespells on
[4/6/2022 20:45:20] !emotespells on
[4/6/2022 20:48:13] !emotespells on
[4/6/2022 20:51:21] !emotespells on
[4/6/2022 20:53:51] !emotespells on
[4/6/2022 20:56:13] !emotespells on
[4/6/2022 20:58:37] !emotespells on
[4/6/2022 21:0:41] !emotespells on
[4/6/2022 21:3:26] !emotespells on
[4/6/2022 21:5:4] !emotespells on
[4/6/2022 21:6:41] !emotespells on
[4/6/2022 21:8:21] !emotespells on
[4/6/2022 21:10:20] !emotespells on
[4/6/2022 21:13:7] !emotespells on
[4/6/2022 21:16:1] !emotespells on
[4/6/2022 21:18:59] !emotespells on
[4/6/2022 21:21:52] !emotespells on
[4/6/2022 21:25:1] !emotespells on
[4/6/2022 21:27:47] !emotespells on
[4/6/2022 21:31:19] !emotespells on
[4/6/2022 21:33:14] !emotespells on
[4/6/2022 21:37:3] !emotespells on
[4/6/2022 21:39:32] !emotespells on
[4/6/2022 21:41:33] !emotespells on
[4/6/2022 21:44:8] !emotespells on
[4/6/2022 21:46:31] !emotespells on
[4/6/2022 21:49:12] !emotespells on
[4/6/2022 21:51:54] !emotespells on
[4/6/2022 21:54:0] !emotespells on
[4/6/2022 21:56:34] !emotespells on
[4/6/2022 21:59:8] !emotespells on
[4/6/2022 22:2:6] !emotespells on
[4/6/2022 22:4:40] !emotespells on
[4/6/2022 22:7:34] !emotespells on
[4/6/2022 22:10:28] !emotespells on
[4/6/2022 22:12:47] !emotespells on
[4/6/2022 22:15:20] !emotespells on
[4/6/2022 22:18:3] !emotespells on
[4/6/2022 22:20:40] !emotespells on
[4/6/2022 22:23:7] !emotespells on
[4/6/2022 22:26:36] !emotespells on
[4/6/2022 22:29:28] !emotespells on
[4/6/2022 22:31:53] !emotespells on
[4/6/2022 22:35:23] !emotespells on
[4/6/2022 22:37:35] !emotespells on
[4/6/2022 22:40:30] !emotespells on
[4/6/2022 22:43:4] !emotespells on
[4/6/2022 22:45:21] !emotespells on
[4/6/2022 22:48:9] !emotespells on
[4/6/2022 22:51:29] !emotespells on
[4/6/2022 22:56:45] !emotespells on
[4/6/2022 22:59:58] !emotespells on
[4/6/2022 23:2:46] !emotespells on
[4/6/2022 23:5:52] !emotespells on
[4/6/2022 23:8:21] !emotespells on
[4/6/2022 23:10:55] !emotespells on
[4/6/2022 23:14:10] !emotespells on
[4/6/2022 23:16:54] !emotespells on
[4/6/2022 23:19:35] !emotespells on
[4/6/2022 23:22:44] !emotespells on
[4/6/2022 23:25:5] !emotespells on
[4/6/2022 23:27:47] !emotespells on
[4/6/2022 23:30:23] !emotespells on
[4/6/2022 23:32:46] !emotespells on
[4/6/2022 23:35:1] !emotespells on
[4/6/2022 23:36:36] !emotespells on
[4/6/2022 23:39:15] !emotespells on
[4/6/2022 23:40:52] !emotespells on
[4/6/2022 23:43:13] !emotespells on
[4/6/2022 23:45:47] !emotespells on
[4/6/2022 23:48:55] !emotespells on
[4/6/2022 23:52:27] !emotespells on
[4/6/2022 23:55:21] !emotespells on
[4/6/2022 23:57:43] !emotespells on
[4/6/2022 23:59:31] !emotespells on
[5/6/2022 0:1:58] !emotespells on
[5/6/2022 0:3:23] !emotespells on
[5/6/2022 0:5:44] !emotespells on
[5/6/2022 0:7:11] !emotespells on
[5/6/2022 0:9:37] !emotespells on
[5/6/2022 0:11:0] !emotespells on
[5/6/2022 0:12:37] !emotespells on
[5/6/2022 0:15:5] !emotespells on
[5/6/2022 0:16:57] !emotespells on
[5/6/2022 0:18:44] !emotespells on
[5/6/2022 0:21:15] !emotespells on
[5/6/2022 0:27:11] !emotespells on
[5/6/2022 0:28:47] !emotespells on
[5/6/2022 0:30:58] !emotespells on
[5/6/2022 0:33:2] !emotespells on
[5/6/2022 0:36:32] !emotespells on
[5/6/2022 0:39:9] !emotespells on
[5/6/2022 0:41:57] !emotespells on
[5/6/2022 0:45:14] !emotespells on
[5/6/2022 0:49:10] !emotespells on
[5/6/2022 0:51:45] !emotespells on
[5/6/2022 0:54:38] !emotespells on
[5/6/2022 0:57:22] !emotespells on
[5/6/2022 0:59:18] !emotespells on
[5/6/2022 1:2:22] !emotespells on
[5/6/2022 1:4:53] !emotespells on
[5/6/2022 1:7:23] !emotespells on
[5/6/2022 1:33:53] !emotespells on
[5/6/2022 1:38:36] !emotespells on
[5/6/2022 1:41:35] !emotespells on
[5/6/2022 1:44:8] !emotespells on
[5/6/2022 1:47:14] !emotespells on
[5/6/2022 1:50:4] !emotespells on
[5/6/2022 1:52:50] !emotespells on
[5/6/2022 1:55:39] !emotespells on
[5/6/2022 1:59:9] !emotespells on
[5/6/2022 2:1:29] !emotespells on
[5/6/2022 2:4:11] !emotespells on
[5/6/2022 2:6:56] !emotespells on
[5/6/2022 2:9:40] !emotespells on
[5/6/2022 2:12:29] !emotespells on
[5/6/2022 2:14:54] !emotespells on
[5/6/2022 2:17:26] !emotespells on
[5/6/2022 2:19:13] !emotespells on
[5/6/2022 2:22:2] !emotespells on
[5/6/2022 2:25:46] !emotespells on
[5/6/2022 2:28:44] !emotespells on
[5/6/2022 2:31:2] !emotespells on
[5/6/2022 2:33:12] !emotespells on
[5/6/2022 2:36:24] !emotespells on
[5/6/2022 2:39:57] !emotespells on
[5/6/2022 2:42:38] !emotespells on
[5/6/2022 2:45:19] !emotespells on
[5/6/2022 2:47:54] !emotespells on
[5/6/2022 2:50:19] !emotespells on
[5/6/2022 2:52:38] !emotespells on
[5/6/2022 2:54:51] !emotespells on
[5/6/2022 2:57:1] !emotespells on
[5/6/2022 2:59:45] !emotespells on
[5/6/2022 3:2:18] !emotespells on
[5/6/2022 3:5:19] !emotespells on
[5/6/2022 3:7:52] !emotespells on
[5/6/2022 3:10:43] !emotespells on
[5/6/2022 3:13:45] !emotespells on
[5/6/2022 3:15:57] !emotespells on
[5/6/2022 3:19:7] !emotespells on
[5/6/2022 3:21:51] !emotespells on
[5/6/2022 3:24:5] !emotespells on
[5/6/2022 3:27:3] !emotespells on
[5/6/2022 3:30:20] !emotespells on
[5/6/2022 3:32:43] !emotespells on
[5/6/2022 3:35:40] !emotespells on
[5/6/2022 3:38:28] !emotespells on
[5/6/2022 3:41:41] !emotespells on
[5/6/2022 3:44:42] !emotespells on
[5/6/2022 3:47:8] !emotespells on
[5/6/2022 3:48:56] !emotespells on
[5/6/2022 3:50:30] !emotespells on
[5/6/2022 3:52:0] !emotespells on
[5/6/2022 3:53:38] !emotespells on
[5/6/2022 3:55:49] !emotespells on
[5/6/2022 3:58:26] !emotespells on
[5/6/2022 4:0:5] !emotespells on
[5/6/2022 4:2:18] !emotespells on
[5/6/2022 4:4:13] !emotespells on
[5/6/2022 4:6:28] !emotespells on
[5/6/2022 4:7:54] !emotespells on
[5/6/2022 4:11:23] !emotespells on
[5/6/2022 4:13:47] !emotespells on
[5/6/2022 4:16:9] !emotespells on
[5/6/2022 4:19:22] !emotespells on
[5/6/2022 4:21:29] !emotespells on
[5/6/2022 4:24:5] !emotespells on
[5/6/2022 4:27:5] !emotespells on
[5/6/2022 4:29:31] !emotespells on
[5/6/2022 4:31:31] !emotespells on
[5/6/2022 4:34:35] !emotespells on
[5/6/2022 4:37:23] !emotespells on
[5/6/2022 4:39:48] !emotespells on
[5/6/2022 4:41:15] !emotespells on
[5/6/2022 4:43:30] !emotespells on
[5/6/2022 4:46:15] !emotespells on
[5/6/2022 4:48:37] !emotespells on
[5/6/2022 4:51:26] !emotespells on
[5/6/2022 4:53:40] !emotespells on
[5/6/2022 4:56:26] !emotespells on
[5/6/2022 4:58:59] !emotespells on
[5/6/2022 5:4:0] !emotespells on
[5/6/2022 5:7:6] !emotespells on
[5/6/2022 5:9:9] !emotespells on
[5/6/2022 5:10:45] !emotespells on
[5/6/2022 5:13:6] !emotespells on
[5/6/2022 5:15:30] !emotespells on
[5/6/2022 5:18:11] !emotespells on
[5/6/2022 5:20:23] !emotespells on
[5/6/2022 5:22:19] !emotespells on
[5/6/2022 5:24:19] !emotespells on
[5/6/2022 5:28:9] !emotespells on
[5/6/2022 5:30:26] !emotespells on
[5/6/2022 5:32:53] !emotespells on
[5/6/2022 5:35:0] !emotespells on
[5/6/2022 5:37:20] !emotespells on
[5/6/2022 5:40:33] !emotespells on
[5/6/2022 5:43:48] !emotespells on
[5/6/2022 5:46:3] !emotespells on
[5/6/2022 5:48:9] !emotespells on
[5/6/2022 5:50:28] !emotespells on
[5/6/2022 5:52:10] !emotespells on
[5/6/2022 5:54:19] !emotespells on
[5/6/2022 5:56:20] !emotespells on
[5/6/2022 5:59:26] !emotespells on
[5/6/2022 6:1:53] !emotespells on
[5/6/2022 6:5:53] !emotespells on
[5/6/2022 6:8:36] !emotespells on
[5/6/2022 6:10:42] !emotespells on
[5/6/2022 6:12:13] !emotespells on
[5/6/2022 6:14:51] !emotespells on
[5/6/2022 6:16:12] !emotespells on
[5/6/2022 6:18:21] !emotespells on
[5/6/2022 6:20:38] !emotespells on
[5/6/2022 6:22:37] !emotespells on
[5/6/2022 6:24:14] !emotespells on
[5/6/2022 6:26:31] !emotespells on
[5/6/2022 6:29:14] !emotespells on
[5/6/2022 6:31:24] !emotespells on
[5/6/2022 6:34:7] !emotespells on
[5/6/2022 6:36:41] !emotespells on
[5/6/2022 6:39:11] !emotespells on
[5/6/2022 6:41:44] !emotespells on
[5/6/2022 6:43:57] !emotespells on
[5/6/2022 6:45:20] !emotespells on
[5/6/2022 6:47:33] !emotespells on
[5/6/2022 6:50:28] !emotespells on
[5/6/2022 6:53:21] !emotespells on
[5/6/2022 6:55:50] !emotespells on
[5/6/2022 6:58:32] !emotespells on
[5/6/2022 7:1:18] !emotespells on
[5/6/2022 7:3:37] !emotespells on
[5/6/2022 7:6:19] !emotespells on
[5/6/2022 7:8:6] !emotespells on
[5/6/2022 7:10:3] !emotespells on
[5/6/2022 7:12:39] !emotespells on
[5/6/2022 7:16:7] !emotespells on
[5/6/2022 7:18:20] !emotespells on
[5/6/2022 7:20:47] !emotespells on
[5/6/2022 7:23:30] !emotespells on
[5/6/2022 7:26:30] !emotespells on
[5/6/2022 7:29:0] !emotespells on
[5/6/2022 7:31:18] !emotespells on
[5/6/2022 7:33:50] !emotespells on
[5/6/2022 7:36:15] !emotespells on
[5/6/2022 7:38:42] !emotespells on
[5/6/2022 7:42:52] !emotespells on
[5/6/2022 7:45:5] !emotespells on
[5/6/2022 7:48:47] !emotespells on
[5/6/2022 7:51:38] !emotespells on
[5/6/2022 7:53:36] !emotespells on
[5/6/2022 7:56:9] !emotespells on
[5/6/2022 8:0:14] !emotespells on
[5/6/2022 8:2:50] !emotespells on
[5/6/2022 8:5:27] !emotespells on
[5/6/2022 8:8:33] !emotespells on
[5/6/2022 8:12:16] !emotespells on
[5/6/2022 8:15:5] !emotespells on
[5/6/2022 8:16:56] !emotespells on
[5/6/2022 8:20:47] !emotespells on
[5/6/2022 8:24:10] !emotespells on
[5/6/2022 8:26:48] !emotespells on
[5/6/2022 8:29:1] !emotespells on
[5/6/2022 8:31:54] !emotespells on
[5/6/2022 8:34:42] !emotespells on
[5/6/2022 8:37:16] !emotespells on
[5/6/2022 8:40:9] !emotespells on
[5/6/2022 8:44:19] !emotespells on
[5/6/2022 8:48:2] !emotespells on
[5/6/2022 8:50:51] !emotespells on
[5/6/2022 8:53:5] !emotespells on
[5/6/2022 8:56:0] !emotespells on
[5/6/2022 8:58:54] !emotespells on
[5/6/2022 9:1:28] !emotespells on
[5/6/2022 9:3:29] !emotespells on
[5/6/2022 9:6:40] !emotespells on
[5/6/2022 9:9:19] !emotespells on
[5/6/2022 9:12:35] !emotespells on
[5/6/2022 9:14:34] !emotespells on
[5/6/2022 9:17:48] !emotespells on
[5/6/2022 9:22:19] !emotespells on
[5/6/2022 9:25:10] !emotespells on
[5/6/2022 9:26:45] !emotespells on
[5/6/2022 9:28:41] !emotespells on
[5/6/2022 9:31:24] !emotespells on
[5/6/2022 9:34:17] !emotespells on
[5/6/2022 9:37:52] !emotespells on
[5/6/2022 9:41:1] !emotespells on
[5/6/2022 9:44:48] !emotespells on
[5/6/2022 9:46:56] !emotespells on
[5/6/2022 9:49:41] !emotespells on
[5/6/2022 9:51:54] !emotespells on
[5/6/2022 9:53:30] !emotespells on
[5/6/2022 9:56:6] !emotespells on
[5/6/2022 9:58:25] !emotespells on
[5/6/2022 10:1:7] !emotespells on
[5/6/2022 10:4:26] !emotespells on
[5/6/2022 10:5:56] !emotespells on
[5/6/2022 10:7:35] !emotespells on
[5/6/2022 10:9:54] !emotespells on
[5/6/2022 10:12:14] !emotespells on
[5/6/2022 10:14:17] !emotespells on
[5/6/2022 10:16:7] !emotespells on
[5/6/2022 10:18:14] !emotespells on
[5/6/2022 10:20:3] !emotespells on
[5/6/2022 10:21:49] !emotespells on
[5/6/2022 10:23:39] !emotespells on
[5/6/2022 10:27:39] !emotespells on
[5/6/2022 10:30:21] !emotespells on
[5/6/2022 10:32:4] !emotespells on
[5/6/2022 10:33:56] !emotespells on
[5/6/2022 10:35:37] !emotespells on
[5/6/2022 10:39:5] !emotespells on
[5/6/2022 10:40:39] !emotespells on
[5/6/2022 10:42:25] !emotespells on
[5/6/2022 10:44:46] !emotespells on
[5/6/2022 10:46:35] !emotespells on
[5/6/2022 10:47:47] !emotespells on
[5/6/2022 10:49:18] !emotespells on
[5/6/2022 10:51:11] !emotespells on
[5/6/2022 10:53:41] !emotespells on
[5/6/2022 10:55:55] !emotespells on
[5/6/2022 10:57:49] !emotespells on
[5/6/2022 10:59:32] !emotespells on
[5/6/2022 11:1:4] !emotespells on
[5/6/2022 11:2:33] !emotespells on
[5/6/2022 11:5:2] !emotespells on
[6/6/2022 5:7:48] !emotespells on
[6/6/2022 5:10:32] !emotespells on
[6/6/2022 5:13:28] !emotespells on
[6/6/2022 5:16:41] !emotespells on
[6/6/2022 5:19:27] !emotespells on
[6/6/2022 5:22:21] !emotespells on
[6/6/2022 5:25:55] !emotespells on
[6/6/2022 5:28:41] !emotespells on
[6/6/2022 5:32:24] !emotespells on
[6/6/2022 5:34:44] !emotespells on
[6/6/2022 5:37:36] !emotespells on
[6/6/2022 5:40:25] !emotespells on
[6/6/2022 5:43:29] !emotespells on
[6/6/2022 5:47:11] !emotespells on
[6/6/2022 5:50:1] !emotespells on
[6/6/2022 5:53:39] !emotespells on
[6/6/2022 5:56:47] !emotespells on
[6/6/2022 5:59:31] !emotespells on
[6/6/2022 6:2:28] !emotespells on
[6/6/2022 6:6:34] !emotespells on
[6/6/2022 6:8:55] !emotespells on
[6/6/2022 6:12:36] !emotespells on
[6/6/2022 6:15:32] !emotespells on
[6/6/2022 6:18:25] !emotespells on
[6/6/2022 6:21:21] !emotespells on
[6/6/2022 6:23:37] !emotespells on
[6/6/2022 6:26:15] !emotespells on
[6/6/2022 6:29:18] !emotespells on
[6/6/2022 6:32:34] !emotespells on
[6/6/2022 6:35:30] !emotespells on
[6/6/2022 6:38:21] !emotespells on
[6/6/2022 6:41:24] !emotespells on
[6/6/2022 6:43:57] !emotespells on
[6/6/2022 6:47:40] !emotespells on
[6/6/2022 6:49:0] !emotespells on
[6/6/2022 6:52:5] !emotespells on
[6/6/2022 6:54:56] !emotespells on
[6/6/2022 6:57:36] !emotespells on
[6/6/2022 7:1:8] !emotespells on
[6/6/2022 7:3:47] !emotespells on
[6/6/2022 7:6:46] !emotespells on
[6/6/2022 7:10:29] !emotespells on
[6/6/2022 7:13:33] !emotespells on
[6/6/2022 7:16:49] !emotespells on
[6/6/2022 7:19:52] !emotespells on
[6/6/2022 7:22:40] !emotespells on
[6/6/2022 7:26:20] !emotespells on
[6/6/2022 7:29:32] !emotespells on
[6/6/2022 7:32:22] !emotespells on
[6/6/2022 7:35:19] !emotespells on
[6/6/2022 7:38:36] !emotespells on
[6/6/2022 7:41:38] !emotespells on
[6/6/2022 7:44:8] !emotespells on
[6/6/2022 7:46:50] !emotespells on
[6/6/2022 7:48:57] !emotespells on
[6/6/2022 7:51:40] !emotespells on
[6/6/2022 7:54:13] !emotespells on
[6/6/2022 7:54:47] !emotespells on
[6/6/2022 7:56:29] !emotespells on
[6/6/2022 7:58:46] !emotespells on
[6/6/2022 8:1:35] !emotespells on
[6/6/2022 8:4:12] !emotespells on
[6/6/2022 8:7:19] !emotespells on
[6/6/2022 8:10:6] !emotespells on
[6/6/2022 8:12:43] !emotespells on
[6/6/2022 8:15:24] !emotespells on
[6/6/2022 8:17:58] !emotespells on
[6/6/2022 8:21:0] !emotespells on
[6/6/2022 8:23:50] !emotespells on
[6/6/2022 8:26:16] !emotespells on
[6/6/2022 8:29:6] !emotespells on
[6/6/2022 8:32:8] !emotespells on
[6/6/2022 8:34:54] !emotespells on
[6/6/2022 8:37:55] !emotespells on
[6/6/2022 8:40:43] !emotespells on
[6/6/2022 8:43:39] !emotespells on
[6/6/2022 8:46:3] !emotespells on
[6/6/2022 8:49:22] !emotespells on
[6/6/2022 8:52:9] !emotespells on
[6/6/2022 8:54:57] !emotespells on
[6/6/2022 8:57:38] !emotespells on
[6/6/2022 9:0:1] !emotespells on
[6/6/2022 9:3:0] !emotespells on
[6/6/2022 9:7:53] !emotespells on
[6/6/2022 9:9:56] !emotespells on
[6/6/2022 9:12:37] !emotespells on
[6/6/2022 9:16:13] !emotespells on
[6/6/2022 9:18:21] !emotespells on
[6/6/2022 9:21:25] !emotespells on
[6/6/2022 9:23:41] !emotespells on
[6/6/2022 9:25:46] !emotespells on
[6/6/2022 9:25:57] !emotespells on
[6/6/2022 9:27:31] !emotespells on
[6/6/2022 9:29:48] !emotespells on
[6/6/2022 9:32:8] !emotespells on
[6/6/2022 9:34:16] !emotespells on
[6/6/2022 9:37:12] !emotespells on
[6/6/2022 9:40:2] !emotespells on
[6/6/2022 9:41:44] !emotespells on
[6/6/2022 9:44:37] !emotespells on
[6/6/2022 9:47:13] !emotespells on
[6/6/2022 9:49:43] !emotespells on
[6/6/2022 9:52:38] !emotespells on
[6/6/2022 9:55:16] !emotespells on
[6/6/2022 9:57:51] !emotespells on
[6/6/2022 10:0:28] !emotespells on
[6/6/2022 10:3:49] !emotespells on
[6/6/2022 10:6:49] !emotespells on
[6/6/2022 10:9:25] !emotespells on
[6/6/2022 10:12:51] !emotespells on
[6/6/2022 10:15:1] !emotespells on
[6/6/2022 10:17:42] !emotespells on
[6/6/2022 10:20:28] !emotespells on
[6/6/2022 10:22:50] !emotespells on
[6/6/2022 10:25:34] !emotespells on
[6/6/2022 10:28:39] !emotespells on
[6/6/2022 10:31:9] !emotespells on
[6/6/2022 10:34:1] !emotespells on
[6/6/2022 10:36:21] !emotespells on
[6/6/2022 10:38:53] !emotespells on
[6/6/2022 10:41:12] !emotespells on
[6/6/2022 10:44:12] !emotespells on
[6/6/2022 10:46:34] !emotespells on
[6/6/2022 10:49:23] !emotespells on
[6/6/2022 10:53:4] !emotespells on
[6/6/2022 10:55:47] !emotespells on
[6/6/2022 10:58:51] !emotespells on
[6/6/2022 11:1:5] !emotespells on
[6/6/2022 11:3:35] !emotespells on
[6/6/2022 11:6:38] !emotespells on
[6/6/2022 11:9:11] !emotespells on
[6/6/2022 11:11:59] !emotespells on
[6/6/2022 11:15:43] !emotespells on
[6/6/2022 11:18:34] !emotespells on
[6/6/2022 11:21:28] !emotespells on
[6/6/2022 11:23:5] !emotespells on
[6/6/2022 11:25:53] !emotespells on
[6/6/2022 11:28:54] !emotespells on
[6/6/2022 11:31:15] !emotespells on
[6/6/2022 11:33:48] !emotespells on
[6/6/2022 11:37:9] !emotespells on
[6/6/2022 11:39:49] !emotespells on
[6/6/2022 11:42:26] !emotespells on
[6/6/2022 11:45:25] !emotespells on
[6/6/2022 11:47:49] !emotespells on
[6/6/2022 11:50:26] !emotespells on
[6/6/2022 11:53:26] !emotespells on
[6/6/2022 11:56:34] !emotespells on
[6/6/2022 11:59:58] !emotespells on
[6/6/2022 12:1:32] !emotespells on
[6/6/2022 12:4:17] !emotespells on
[6/6/2022 12:7:6] !emotespells on
[6/6/2022 12:9:27] !emotespells on
[6/6/2022 12:11:43] !emotespells on
[6/6/2022 12:13:58] !emotespells on
[6/6/2022 12:19:14] !emotespells on
[6/6/2022 12:21:55] !emotespells on
[6/6/2022 12:24:39] !emotespells on
[6/6/2022 12:27:11] !emotespells on
[6/6/2022 12:31:2] !emotespells on
[6/6/2022 12:34:4] !emotespells on
[6/6/2022 12:37:29] !emotespells on
[6/6/2022 12:40:9] !emotespells on
[6/6/2022 12:43:37] !emotespells on
[6/6/2022 12:47:29] !emotespells on
[6/6/2022 12:51:35] !emotespells on
[6/6/2022 12:54:9] !emotespells on
[6/6/2022 12:57:6] !emotespells on
[6/6/2022 12:59:59] !emotespells on
[6/6/2022 13:2:33] !emotespells on
[6/6/2022 13:4:59] !emotespells on
[6/6/2022 13:8:1] !emotespells on
[6/6/2022 13:11:23] !emotespells on
[6/6/2022 13:14:54] !emotespells on
[6/6/2022 13:18:27] !emotespells on
[6/6/2022 13:20:48] !emotespells on
[6/6/2022 13:24:13] !emotespells on
[6/6/2022 13:26:57] !emotespells on
[6/6/2022 13:29:44] !emotespells on
[6/6/2022 13:33:55] !emotespells on
[6/6/2022 13:37:23] !emotespells on
[6/6/2022 13:38:57] !emotespells on
[6/6/2022 13:42:34] !emotespells on
[6/6/2022 13:45:38] !emotespells on
[6/6/2022 13:48:17] !emotespells on
[6/6/2022 13:49:14] !emotespells on
[6/6/2022 13:51:44] !emotespells on
[6/6/2022 13:58:7] !emotespells on
[6/6/2022 14:1:26] !emotespells on
[6/6/2022 14:3:55] !emotespells on
[6/6/2022 14:6:37] !emotespells on
[6/6/2022 14:8:31] !emotespells on
[6/6/2022 14:12:12] !emotespells on
[6/6/2022 14:15:16] !emotespells on
[6/6/2022 14:18:37] !emotespells on
[6/6/2022 14:21:5] !emotespells on
[6/6/2022 14:26:23] !emotespells on
[6/6/2022 14:29:9] !emotespells on
[6/6/2022 14:32:4] !emotespells on
[6/6/2022 14:36:31] !emotespells on
[6/6/2022 14:37:48] !emotespells on
[6/6/2022 14:39:16] !emotespells on
[6/6/2022 14:41:25] !emotespells on
[6/6/2022 14:43:16] !emotespells on
[6/6/2022 14:46:48] !emotespells on
[6/6/2022 14:50:46] !emotespells on
[6/6/2022 14:52:47] !emotespells on
[6/6/2022 14:54:35] !emotespells on
[6/6/2022 14:56:27] !emotespells on
[6/6/2022 14:58:30] !emotespells on
[6/6/2022 15:0:46] !emotespells on
[6/6/2022 15:2:28] !emotespells on
[6/6/2022 15:4:31] !emotespells on
[6/6/2022 15:6:26] !emotespells on
[6/6/2022 15:8:47] !emotespells on
[6/6/2022 15:11:20] !emotespells on
[6/6/2022 15:14:23] !emotespells on
[6/6/2022 15:16:40] !emotespells on
[6/6/2022 15:19:10] !emotespells on
[6/6/2022 15:20:44] !emotespells on
[6/6/2022 15:25:1] !emotespells on
[6/6/2022 15:27:49] !emotespells on
[6/6/2022 15:30:51] !emotespells on
[6/6/2022 15:33:54] !emotespells on
[6/6/2022 15:36:19] !emotespells on
[6/6/2022 15:38:3] !emotespells on
[6/6/2022 15:38:23] !emotespells on
[6/6/2022 15:40:27] !emotespells on
[6/6/2022 15:42:36] !emotespells on
[6/6/2022 15:45:10] !emotespells on
[6/6/2022 15:47:40] !emotespells on
[6/6/2022 15:50:43] !emotespells on
[6/6/2022 15:53:35] !emotespells on
[6/6/2022 15:55:55] !emotespells on
[6/6/2022 15:58:17] !emotespells on
[6/6/2022 16:0:40] !emotespells on
[6/6/2022 16:2:41] !emotespells on
[6/6/2022 16:4:26] !emotespells on
[6/6/2022 16:6:9] !emotespells on
[6/6/2022 16:8:32] !emotespells on
[6/6/2022 16:10:59] !emotespells on
[6/6/2022 16:13:11] !emotespells on
[6/6/2022 16:15:32] !emotespells on
[6/6/2022 16:18:30] !emotespells on
[6/6/2022 16:21:28] !emotespells on
[6/6/2022 16:24:8] !emotespells on
[6/6/2022 16:27:1] !emotespells on
[6/6/2022 16:29:38] !emotespells on
[6/6/2022 16:32:25] !emotespells on
[6/6/2022 16:34:10] !emotespells on
[6/6/2022 16:36:4] !emotespells on
[6/6/2022 16:38:21] !emotespells on
[6/6/2022 16:40:27] !emotespells on
[6/6/2022 16:43:14] !emotespells on
[6/6/2022 16:45:45] !emotespells on
[6/6/2022 16:46:50] !emotespells on
[6/6/2022 16:49:47] !emotespells on
[6/6/2022 16:52:13] !emotespells on
[6/6/2022 16:54:32] !emotespells on
[6/6/2022 16:57:3] !emotespells on
[6/6/2022 16:59:17] !emotespells on
[6/6/2022 17:2:0] !emotespells on
[6/6/2022 17:4:7] !emotespells on
[6/6/2022 17:5:44] !emotespells on
[6/6/2022 17:7:54] !emotespells on
[6/6/2022 17:10:27] !emotespells on
[6/6/2022 17:13:12] !emotespells on
[6/6/2022 17:15:48] !emotespells on
[6/6/2022 17:17:29] !emotespells on
[6/6/2022 17:19:52] !emotespells on
[6/6/2022 17:21:5] !emotespells on
[6/6/2022 17:23:4] !emotespells on
[6/6/2022 17:25:20] !emotespells on
[6/6/2022 17:28:1] !emotespells on
[6/6/2022 17:30:25] !emotespells on
[6/6/2022 17:32:50] !emotespells on
[6/6/2022 17:35:45] !emotespells on
[6/6/2022 17:39:56] !emotespells on
[6/6/2022 17:42:6] !emotespells on
[6/6/2022 17:44:50] !emotespells on
[6/6/2022 17:47:36] !emotespells on
[6/6/2022 17:50:50] !emotespells on
[6/6/2022 17:56:43] !emotespells on
[6/6/2022 17:59:24] !emotespells on
[6/6/2022 18:2:14] !emotespells on
[6/6/2022 18:4:55] !emotespells on
[6/6/2022 18:8:37] !emotespells on
[6/6/2022 18:10:55] !emotespells on
[6/6/2022 18:13:8] !emotespells on
[6/6/2022 18:15:2] !emotespells on
[6/6/2022 18:16:34] !emotespells on
[6/6/2022 18:19:6] !emotespells on
[6/6/2022 18:22:3] !emotespells on
[6/6/2022 18:24:22] !emotespells on
[6/6/2022 18:27:13] !emotespells on
[6/6/2022 18:29:47] !emotespells on
[6/6/2022 18:31:16] !emotespells on
[6/6/2022 18:33:28] !emotespells on
[6/6/2022 18:35:49] !emotespells on
[6/6/2022 18:38:19] !emotespells on
[6/6/2022 18:41:0] !emotespells on
[6/6/2022 18:43:41] !emotespells on
[6/6/2022 18:44:37] !emotespells on
[6/6/2022 18:46:22] !emotespells on
[6/6/2022 18:49:10] !emotespells on
[6/6/2022 18:51:38] !emotespells on
[6/6/2022 18:53:37] !emotespells on
[6/6/2022 18:55:57] !emotespells on
[6/6/2022 18:58:41] !emotespells on
[6/6/2022 19:1:18] !emotespells on
[6/6/2022 19:3:24] !emotespells on
[6/6/2022 19:5:24] !emotespells on
[6/6/2022 19:7:2] !emotespells on
[6/6/2022 19:8:49] !emotespells on
[6/6/2022 19:10:34] !emotespells on
[6/6/2022 19:10:55] !emotespells on
[6/6/2022 19:12:40] !emotespells on
[6/6/2022 19:13:54] !emotespells on
[6/6/2022 19:16:7] !emotespells on
[6/6/2022 19:18:35] !emotespells on
[6/6/2022 19:20:36] !emotespells on
[6/6/2022 19:23:9] !emotespells on
[6/6/2022 19:26:5] !emotespells on
[6/6/2022 19:27:41] !emotespells on
[6/6/2022 19:29:24] !emotespells on
[6/6/2022 19:31:7] !emotespells on
[6/6/2022 19:32:58] !emotespells on
[6/6/2022 19:34:22] !emotespells on
[6/6/2022 19:36:2] !emotespells on
[6/6/2022 19:37:39] !emotespells on
[6/6/2022 19:39:33] !emotespells on
[6/6/2022 19:41:15] !emotespells on
[6/6/2022 19:43:6] !emotespells on
[6/6/2022 19:45:33] !emotespells on
[6/6/2022 19:47:13] !emotespells on
[6/6/2022 19:48:56] !emotespells on
[6/6/2022 19:50:49] !emotespells on
[6/6/2022 19:52:38] !emotespells on
[6/6/2022 19:53:48] !emotespells on
[6/6/2022 19:55:9] !emotespells on
[6/6/2022 19:56:38] !emotespells on
[6/6/2022 19:58:24] !emotespells on
[6/6/2022 20:1:1] !emotespells on
[6/6/2022 20:2:29] !emotespells on
[6/6/2022 20:4:0] !emotespells on
[6/6/2022 20:5:38] !emotespells on
[6/6/2022 20:7:4] !emotespells on
[6/6/2022 20:8:42] !emotespells on
[6/6/2022 20:10:58] !emotespells on
[6/6/2022 20:13:55] !emotespells on
[6/6/2022 20:16:35] !emotespells on
[6/6/2022 20:18:12] !emotespells on
[6/6/2022 21:23:24] !emotespells on
[6/6/2022 21:25:46] !emotespells on
[6/6/2022 21:27:54] !emotespells on
[6/6/2022 21:30:32] !emotespells on
[6/6/2022 21:33:18] !emotespells on
[6/6/2022 21:35:39] !emotespells on
[6/6/2022 21:38:11] !emotespells on
[6/6/2022 21:40:31] !emotespells on
[6/6/2022 21:42:32] !emotespells on
[6/6/2022 21:42:52] !emotespells on
[6/6/2022 21:46:12] !emotespells on
[6/6/2022 21:48:41] !emotespells on
[6/6/2022 21:52:37] !emotespells on
[6/6/2022 21:53:15] !emotespells on
[6/6/2022 21:55:35] !emotespells on
[6/6/2022 21:56:2] !emotespells on
[6/6/2022 21:58:28] !emotespells on
[6/6/2022 21:59:1] !emotespells on
[6/6/2022 22:1:7] !emotespells on
[6/6/2022 22:1:33] !emotespells on
[6/6/2022 22:3:45] !emotespells on
[6/6/2022 22:6:41] !emotespells on
[6/6/2022 22:8:39] !emotespells on
[6/6/2022 22:9:13] !emotespells on
[6/6/2022 22:9:35] !emotespells on
[6/6/2022 22:10:14] !emotespells on
[6/6/2022 22:11:52] !emotespells on
[6/6/2022 22:12:21] !emotespells on
[6/6/2022 22:14:40] !emotespells on
[6/6/2022 22:17:22] !emotespells on
[6/6/2022 22:18:28] !emotespells on
[6/6/2022 22:20:58] !emotespells on
[6/6/2022 22:23:10] !emotespells on
[6/6/2022 22:27:8] !emotespells on
[6/6/2022 22:31:9] !emotespells on
[6/6/2022 22:35:18] !emotespells on
[6/6/2022 22:38:43] !emotespells on
[6/6/2022 22:43:4] !emotespells on
[6/6/2022 22:45:24] !emotespells on
[6/6/2022 22:47:5] !emotespells on
[6/6/2022 22:48:27] !emotespells on
[6/6/2022 22:50:4] !emotespells on
[6/6/2022 22:52:17] !emotespells on
[6/6/2022 22:54:41] !emotespells on
[6/6/2022 22:56:44] !emotespells on
[6/6/2022 22:59:58] !emotespells on
[6/6/2022 23:2:41] !emotespells on
[6/6/2022 23:6:3] !emotespells on
[6/6/2022 23:10:39] !emotespells on
[6/6/2022 23:11:52] !emotespells on
[6/6/2022 23:12:57] !emotespells on
[6/6/2022 23:16:16] !emotespells on
[6/6/2022 23:18:18] !emotespells on
[6/6/2022 23:18:40] !emotespells on
[6/6/2022 23:19:29] !emotespells on
[6/6/2022 23:39:52] !emotespells on
[6/6/2022 23:44:20] !emotespells on
[6/6/2022 23:47:35] !emotespells on
[6/6/2022 23:50:49] !emotespells on
[6/6/2022 23:53:28] !emotespells on
[6/6/2022 23:56:15] !emotespells on
[6/6/2022 23:59:5] !emotespells on
[7/6/2022 0:2:19] !emotespells on
[7/6/2022 0:5:0] !emotespells on
[7/6/2022 0:7:11] !emotespells on
[7/6/2022 0:7:30] !emotespells on
[7/6/2022 0:7:48] !emotespells on
[7/6/2022 0:10:30] !emotespells on
[7/6/2022 0:13:32] !emotespells on
[7/6/2022 0:13:51] !emotespells on
[7/6/2022 0:14:9] !emotespells on
[7/6/2022 0:14:29] !emotespells on
[7/6/2022 0:14:48] !emotespells on
[7/6/2022 0:15:6] !emotespells on
[7/6/2022 0:15:25] !emotespells on
[7/6/2022 0:15:44] !emotespells on
[7/6/2022 0:16:2] !emotespells on
[7/6/2022 0:16:21] !emotespells on
[7/6/2022 0:16:39] !emotespells on
[7/6/2022 0:16:58] !emotespells on
[7/6/2022 0:17:17] !emotespells on
[7/6/2022 0:17:35] !emotespells on
[7/6/2022 0:37:59] !emotespells on
[7/6/2022 0:44:1] !emotespells on
[7/6/2022 0:48:47] !emotespells on
[7/6/2022 0:52:50] !emotespells on
[7/6/2022 0:58:18] !emotespells on
[7/6/2022 1:2:33] !emotespells on
[7/6/2022 1:8:2] !emotespells on
[7/6/2022 1:13:56] !emotespells on
[7/6/2022 1:18:13] !emotespells on
[7/6/2022 1:22:12] !emotespells on
[7/6/2022 1:27:59] !emotespells on
[7/6/2022 1:37:38] !emotespells on
[7/6/2022 1:43:22] !emotespells on
[7/6/2022 1:46:47] !emotespells on
[7/6/2022 1:51:29] !emotespells on
[7/6/2022 1:56:59] !emotespells on
[7/6/2022 2:0:58] !emotespells on
[7/6/2022 2:4:47] !emotespells on
[7/6/2022 2:10:44] !emotespells on
[7/6/2022 2:17:23] !emotespells on
[7/6/2022 2:22:38] !emotespells on
[7/6/2022 2:28:2] !emotespells on
[7/6/2022 2:32:29] !emotespells on
[7/6/2022 2:37:56] !emotespells on
[7/6/2022 2:43:46] !emotespells on
[7/6/2022 2:44:53] !emotespells on
[7/6/2022 2:49:35] !emotespells on
[7/6/2022 2:53:12] !emotespells on
[7/6/2022 2:56:58] !emotespells on
[7/6/2022 3:1:30] !emotespells on
[7/6/2022 3:11:9] !emotespells on
[7/6/2022 3:15:28] !emotespells on
[7/6/2022 3:20:32] !emotespells on
[7/6/2022 3:26:34] !emotespells on
[7/6/2022 3:31:14] !emotespells on
[7/6/2022 3:36:38] !emotespells on
[7/6/2022 3:40:22] !emotespells on
[7/6/2022 3:44:53] !emotespells on
[7/6/2022 3:50:13] !emotespells on
[7/6/2022 3:54:58] !emotespells on
[7/6/2022 3:58:49] !emotespells on
[7/6/2022 3:59:54] !emotespells on
[7/6/2022 4:5:53] !emotespells on
[7/6/2022 4:11:41] !emotespells on
[7/6/2022 4:15:34] !emotespells on
[7/6/2022 4:21:52] !emotespells on
[7/6/2022 4:26:17] !emotespells on
[7/6/2022 4:31:28] !emotespells on
[7/6/2022 4:32:45] !emotespells on
[7/6/2022 4:37:41] !emotespells on
[7/6/2022 4:41:43] !emotespells on
[7/6/2022 4:46:43] !emotespells on
[7/6/2022 4:52:30] !emotespells on
[7/6/2022 4:57:54] !emotespells on
[7/6/2022 5:16:43] !emotespells on
[7/6/2022 5:21:22] !emotespells on
[7/6/2022 5:23:41] !emotespells on
[7/6/2022 5:26:36] !emotespells on
[7/6/2022 5:26:57] !emotespells on
[7/6/2022 5:31:27] !emotespells on
[7/6/2022 5:34:44] !emotespells on
[7/6/2022 5:37:37] !emotespells on
[7/6/2022 5:40:42] !emotespells on
[7/6/2022 5:43:23] !emotespells on
[7/6/2022 5:46:5] !emotespells on
[7/6/2022 5:48:41] !emotespells on
[7/6/2022 5:52:1] !emotespells on
[7/6/2022 5:54:39] !emotespells on
[7/6/2022 5:57:16] !emotespells on
[7/6/2022 6:0:43] !emotespells on
[7/6/2022 6:3:7] !emotespells on
[7/6/2022 6:15:27] !emotespells on
[7/6/2022 6:22:14] !emotespells on
[7/6/2022 6:28:11] !emotespells on
[7/6/2022 6:38:32] !emotespells on
[7/6/2022 6:49:48] !emotespells on
[7/6/2022 6:56:31] !emotespells on
[7/6/2022 7:0:41] !emotespells on
[7/6/2022 7:4:44] !emotespells on
[7/6/2022 7:10:4] !emotespells on
[7/6/2022 7:11:13] !emotespells on
[7/6/2022 7:14:41] !emotespells on
[7/6/2022 7:17:30] !emotespells on
[7/6/2022 7:19:47] !emotespells on
[7/6/2022 7:22:26] !emotespells on
[7/6/2022 7:26:9] !emotespells on
[7/6/2022 7:29:3] !emotespells on
[7/6/2022 7:32:43] !emotespells on
[7/6/2022 7:36:48] !emotespells on
[7/6/2022 7:38:57] !emotespells on
[7/6/2022 7:41:15] !emotespells on
[7/6/2022 7:44:41] !emotespells on
[7/6/2022 7:46:58] !emotespells on
[7/6/2022 7:50:3] !emotespells on
[7/6/2022 7:53:14] !emotespells on
[7/6/2022 7:57:5] !emotespells on
[7/6/2022 8:0:45] !emotespells on
[7/6/2022 8:4:56] !emotespells on
[7/6/2022 8:9:5] !emotespells on
[7/6/2022 8:14:27] !emotespells on
[7/6/2022 8:17:40] !emotespells on
[7/6/2022 8:21:5] !emotespells on
[7/6/2022 8:25:39] !emotespells on
[7/6/2022 8:30:40] !emotespells on
[7/6/2022 8:33:51] !emotespells on
[7/6/2022 8:37:32] !emotespells on
[7/6/2022 8:41:50] !emotespells on
[7/6/2022 8:47:8] !emotespells on
[7/6/2022 8:50:36] !emotespells on
[7/6/2022 8:53:35] !emotespells on
[7/6/2022 8:56:40] !emotespells on
[7/6/2022 8:59:59] !emotespells on
[7/6/2022 9:2:59] !emotespells on
[7/6/2022 9:5:37] !emotespells on
[7/6/2022 9:8:3] !emotespells on
[7/6/2022 9:10:58] !emotespells on
[7/6/2022 9:13:56] !emotespells on
[7/6/2022 9:17:24] !emotespells on
[7/6/2022 9:20:24] !emotespells on
[7/6/2022 9:23:30] !emotespells on
[7/6/2022 9:26:37] !emotespells on
[7/6/2022 9:29:27] !emotespells on
[7/6/2022 9:31:52] !emotespells on
[7/6/2022 9:33:35] !emotespells on
[7/6/2022 9:35:14] !emotespells on
[7/6/2022 9:38:38] !emotespells on
[7/6/2022 9:42:29] !emotespells on
[7/6/2022 9:46:32] !emotespells on
[7/6/2022 9:51:5] !emotespells on
[7/6/2022 9:53:35] !emotespells on
[7/6/2022 9:56:9] !emotespells on
[7/6/2022 9:58:36] !emotespells on
[7/6/2022 10:0:49] !emotespells on
[7/6/2022 10:2:16] !emotespells on
[7/6/2022 10:3:54] !emotespells on
[7/6/2022 10:5:31] !emotespells on
[7/6/2022 10:7:46] !emotespells on
[7/6/2022 10:9:39] !emotespells on
[7/6/2022 10:12:14] !emotespells on
[7/6/2022 10:14:32] !emotespells on
[7/6/2022 10:17:16] !emotespells on
[7/6/2022 10:19:37] !emotespells on
[7/6/2022 10:21:53] !emotespells on
[7/6/2022 10:23:37] !emotespells on
[7/6/2022 10:24:10] !emotespells on
[7/6/2022 10:26:19] !emotespells on
[7/6/2022 10:29:23] !emotespells on
[7/6/2022 10:31:53] !emotespells on
[7/6/2022 10:34:23] !emotespells on
[7/6/2022 10:36:48] !emotespells on
[7/6/2022 10:39:48] !emotespells on
[7/6/2022 10:43:2] !emotespells on
[7/6/2022 10:46:38] !emotespells on
[7/6/2022 10:50:7] !emotespells on
[7/6/2022 10:53:25] !emotespells on
[7/6/2022 10:56:7] !emotespells on
[7/6/2022 10:59:3] !emotespells on
[7/6/2022 11:2:53] !emotespells on
[7/6/2022 11:5:39] !emotespells on
[7/6/2022 11:8:8] !emotespells on
[7/6/2022 11:10:16] !emotespells on
[7/6/2022 11:10:35] !emotespells on
[7/6/2022 11:10:54] !emotespells on
[7/6/2022 11:11:21] !emotespells on
[7/6/2022 11:12:38] !emotespells on
[7/6/2022 11:14:12] !emotespells on
[7/6/2022 11:15:12] !emotespells on
[7/6/2022 11:17:53] !emotespells on
[7/6/2022 11:19:7] !emotespells on
[7/6/2022 11:20:49] !emotespells on
[7/6/2022 11:22:55] !emotespells on
[7/6/2022 11:25:51] !emotespells on
[7/6/2022 11:27:48] !emotespells on
[7/6/2022 11:31:3] !emotespells on
[7/6/2022 11:34:33] !emotespells on
[7/6/2022 11:37:16] !emotespells on
[7/6/2022 11:39:50] !emotespells on
[7/6/2022 11:41:48] !emotespells on
[7/6/2022 11:44:44] !emotespells on
[7/6/2022 11:47:8] !emotespells on
[7/6/2022 11:49:42] !emotespells on
[7/6/2022 11:51:16] !emotespells on
[7/6/2022 11:53:32] !emotespells on
[7/6/2022 11:56:12] !emotespells on
[7/6/2022 11:58:0] !emotespells on
[7/6/2022 12:0:20] !emotespells on
[7/6/2022 12:4:20] !emotespells on
[7/6/2022 12:7:19] !emotespells on
[7/6/2022 12:9:58] !emotespells on
[7/6/2022 12:12:54] !emotespells on
[7/6/2022 12:14:29] !emotespells on
[7/6/2022 12:14:53] !emotespells on
[7/6/2022 12:14:59] !emotespells on
[7/6/2022 12:15:24] !emotespells on
[7/6/2022 12:17:30] !emotespells on
[7/6/2022 12:18:8] !emotespells on
[7/6/2022 12:20:57] !emotespells on
[7/6/2022 12:23:14] !emotespells on
[7/6/2022 12:25:59] !emotespells on
[7/6/2022 12:26:36] !emotespells on
[7/6/2022 12:28:39] !emotespells on
[7/6/2022 12:31:21] !emotespells on
[7/6/2022 12:33:35] !emotespells on
[7/6/2022 12:35:49] !emotespells on
[7/6/2022 12:36:45] !emotespells on
[7/6/2022 12:39:18] !emotespells on
[7/6/2022 12:41:14] !emotespells on
[7/6/2022 12:43:21] !emotespells on
[7/6/2022 12:45:25] !emotespells on
[7/6/2022 12:47:42] !emotespells on
[7/6/2022 12:50:21] !emotespells on
[7/6/2022 12:52:36] !emotespells on
[7/6/2022 12:55:15] !emotespells on
[7/6/2022 12:57:25] !emotespells on
[7/6/2022 12:58:2] !emotespells on
[7/6/2022 13:1:41] !emotespells on
[7/6/2022 13:4:53] !emotespells on
[7/6/2022 13:5:28] !emotespells on
[7/6/2022 13:8:25] !emotespells on
[7/6/2022 13:11:56] !emotespells on
[7/6/2022 13:14:55] !emotespells on
[7/6/2022 13:18:9] !emotespells on
[7/6/2022 13:21:22] !emotespells on
[7/6/2022 13:27:25] !emotespells on
[7/6/2022 13:39:48] !emotespells on
[7/6/2022 13:40:52] !emotespells on
[7/6/2022 17:20:42] !emotespells on
[7/6/2022 17:23:50] !emotespells on
[7/6/2022 17:26:35] !emotespells on
[7/6/2022 17:30:24] !emotespells on
[7/6/2022 17:33:17] !emotespells on
[7/6/2022 17:36:49] !emotespells on
[7/6/2022 17:39:58] !emotespells on
[7/6/2022 17:41:50] !emotespells on
[7/6/2022 17:42:16] !emotespells on
[7/6/2022 17:43:5] !emotespells on
[7/6/2022 17:45:58] !emotespells on
[7/6/2022 17:47:7] !emotespells on
[7/6/2022 17:50:27] !emotespells on
[7/6/2022 17:52:32] !emotespells on
[7/6/2022 17:52:59] !emotespells on
[7/6/2022 17:55:14] !emotespells on
[7/6/2022 17:58:31] !emotespells on
[7/6/2022 18:1:23] !emotespells on
[7/6/2022 18:7:21] !emotespells on
[7/6/2022 18:8:4] !emotespells on
[7/6/2022 18:10:14] !emotespells on
[7/6/2022 18:10:58] !emotespells on
[7/6/2022 18:13:27] !emotespells on
[7/6/2022 18:15:16] !emotespells on
[7/6/2022 18:16:35] !emotespells on
[7/6/2022 18:19:7] !emotespells on
[7/6/2022 18:20:47] !emotespells on
[7/6/2022 18:23:37] !emotespells on
[7/6/2022 18:26:56] !serverinfo
[7/6/2022 18:27:16] !emotespells on
[7/6/2022 18:29:48] !emotespells on
[7/6/2022 18:34:21] !emotespells on
[7/6/2022 18:35:51] !emotespells on
[7/6/2022 18:38:15] !emotespells on
[7/6/2022 18:40:42] !emotespells on
[7/6/2022 18:48:52] !emotespells on
[7/6/2022 18:52:0] !emotespells on
[7/6/2022 18:55:16] !emotespells on
[7/6/2022 18:56:16] !emotespells on
[7/6/2022 19:8:10] !emotespells on
[7/6/2022 19:11:42] !emotespells on
[7/6/2022 19:15:26] !emotespells on
