[15/2/2022 0:2:5] !emotespells on
[17/2/2022 12:17:15] !frags
[18/2/2022 8:59:52] !addon
[18/2/2022 14:48:32] !frags
[18/2/2022 14:55:12] !frags
[21/2/2022 11:12:29] !serverinfo
[24/2/2022 9:24:56] !emotespells on
[25/2/2022 15:25:0] 
[1/6/2022 9:58:24] !aol
[1/6/2022 10:9:50] !emotespells on
[1/6/2022 10:17:47] !aol
[1/6/2022 10:45:48] !aol
[1/6/2022 10:56:16] !aol
[1/6/2022 10:58:34] !aol
[1/6/2022 13:50:7] !serverinfo
[1/6/2022 14:57:6] !aol
[1/6/2022 14:58:26] !aol
[2/6/2022 17:34:30] !frags
[2/6/2022 23:18:43] !frags
[3/6/2022 10:6:51] !frags
