[6/4/2022 9:11:58] !online
[6/4/2022 9:13:19] /a
[6/4/2022 9:13:22] /a
[6/4/2022 9:13:23] /a
[6/4/2022 9:13:37] /t
[6/4/2022 9:19:25] /i Demon shield
[6/4/2022 9:20:21] /npc isis
[6/4/2022 9:20:56] /npc isis
[6/4/2022 9:20:59] /npc isis
[6/4/2022 9:21:13] /npc Anubis
[6/4/2022 9:22:51] /s isis
[6/4/2022 9:22:57] /s npc isis
[6/4/2022 9:23:8] /s Anubis
[6/4/2022 9:23:52] /npc isis
[6/4/2022 9:24:24] /goto isis
[6/4/2022 9:28:0] /goto isis
[6/4/2022 9:28:50] !serverinfo
[6/4/2022 9:31:29] /i Elder Spellbook
[6/4/2022 9:32:3] /i Elder Spellbook
[6/4/2022 9:32:23] /i Elite Shield
[6/4/2022 9:32:25] /i Elite Shield
[6/4/2022 9:33:0] /t
[6/4/2022 9:33:7] /t
[6/4/2022 9:33:27] /a
[6/4/2022 9:33:27] /a
[6/4/2022 9:33:27] /a
[6/4/2022 9:33:27] /a
[6/4/2022 9:33:28] /a
[6/4/2022 9:33:28] /a
[6/4/2022 9:33:28] /a
[6/4/2022 9:33:28] /a
[6/4/2022 9:33:28] /a
[6/4/2022 9:33:28] /a
[6/4/2022 9:33:28] /a
[6/4/2022 9:33:28] /a
[6/4/2022 9:33:28] /a
[6/4/2022 9:33:28] /a
[6/4/2022 9:33:28] /a
[6/4/2022 9:33:28] /a
[6/4/2022 9:33:28] /a
[6/4/2022 9:33:28] /a
[6/4/2022 9:33:29] /a
[6/4/2022 9:33:29] /a
[6/4/2022 9:33:29] /a
[6/4/2022 9:33:29] /a
[6/4/2022 9:33:29] /a
[6/4/2022 9:33:29] /a
[6/4/2022 9:33:29] /a
[6/4/2022 9:33:29] /a
[6/4/2022 9:33:29] /a
[6/4/2022 9:33:29] /a
[6/4/2022 9:33:29] /a
[6/4/2022 9:33:29] /a
[6/4/2022 9:33:29] /a
[6/4/2022 9:33:29] /a
[6/4/2022 9:33:29] /a
[6/4/2022 9:33:29] /a
[6/4/2022 9:33:29] /a
[6/4/2022 9:33:29] /a
[6/4/2022 9:33:29] /a
[6/4/2022 9:33:33] /a
[6/4/2022 9:33:33] /a
[6/4/2022 9:33:33] /a
[6/4/2022 9:33:34] /a
[6/4/2022 9:34:17] /i boots of raste
[6/4/2022 9:34:19] /i boots of rast
[6/4/2022 9:34:27] /i Golden armor
[6/4/2022 9:34:29] /i Golden armor
[6/4/2022 9:35:39] /i 2160
[6/4/2022 9:35:44] /i 2160
[6/4/2022 9:35:46] /i 2160
[6/4/2022 9:35:47] /i 2160
[6/4/2022 9:35:49] /i 2160
[6/4/2022 9:35:50] /i 2160
[6/4/2022 9:35:52] /i 2160
[6/4/2022 9:35:53] /i 2160
[6/4/2022 9:35:54] /i 2160
[6/4/2022 9:35:56] /i 2160
[6/4/2022 9:35:57] /i 2160
[6/4/2022 9:35:58] /i 2160
[6/4/2022 9:36:1] /i 2160
[6/4/2022 9:36:2] /i 2160
[6/4/2022 9:36:5] /i 2160
[6/4/2022 9:36:6] /i 2160
[6/4/2022 9:36:7] /i 2160
[6/4/2022 9:36:9] /i 2160
[6/4/2022 9:36:10] /i 2160
[6/4/2022 9:36:11] /i 2160
[6/4/2022 9:36:12] /i 2160
[6/4/2022 9:36:13] /i 2160
[6/4/2022 9:36:14] /i 2160
[6/4/2022 9:36:15] /i 2160
[6/4/2022 9:36:16] /i 2160
[6/4/2022 9:36:17] /i 2160
[6/4/2022 9:36:18] /i 2160
[6/4/2022 9:36:20] /i 2160
[6/4/2022 9:36:21] /i 2160
[6/4/2022 9:36:22] /i 2160
[6/4/2022 9:36:23] /i 2160
[6/4/2022 9:36:24] /i 2160
[6/4/2022 9:36:25] /i 2160
[6/4/2022 9:36:26] /i 2160
[6/4/2022 9:36:27] /i 2160
[6/4/2022 9:36:28] /i 2160
[6/4/2022 9:36:29] /i 2160
[6/4/2022 9:36:31] /i 2160
[6/4/2022 9:36:32] /i 2160
[6/4/2022 9:36:33] /i 2160
[6/4/2022 9:36:34] /i 2160
[6/4/2022 9:36:35] /i 2160
[6/4/2022 9:36:36] /i 2160
[6/4/2022 9:36:37] /i 2160
[6/4/2022 9:36:38] /i 2160
[6/4/2022 9:36:39] /i 2160
[6/4/2022 9:36:40] /i 2160
[6/4/2022 9:36:41] /i 2160
[6/4/2022 9:36:42] /i 2160
[6/4/2022 9:36:42] /i 2160
[6/4/2022 9:36:43] /i 2160
[6/4/2022 9:36:43] /i 2160
[6/4/2022 9:36:43] /i 2160
[6/4/2022 9:36:44] /i 2160
[6/4/2022 9:36:44] /i 2160
[6/4/2022 9:36:45] /i 2160
[6/4/2022 9:36:45] /i 2160
[6/4/2022 9:36:48] /i 2160
[6/4/2022 9:36:50] /i 2160
[6/4/2022 9:36:51] /i 2160
[6/4/2022 9:36:51] /i 2160
[6/4/2022 9:36:53] /i 2160
[6/4/2022 9:36:53] /i 2160
[6/4/2022 9:36:54] /i 2160
[6/4/2022 9:36:54] /i 2160
[6/4/2022 9:36:55] /i 2160
[6/4/2022 9:36:55] /i 2160
[6/4/2022 9:36:55] /i 2160
[6/4/2022 9:36:56] /i 2160
[6/4/2022 9:36:57] /i 2160
[6/4/2022 9:37:1] /i 2160
[6/4/2022 9:37:2] /i 2160
[6/4/2022 9:37:2] /i 2160
[6/4/2022 9:37:3] /i 2160
[6/4/2022 9:37:4] /i 2160
[6/4/2022 9:37:4] /i 2160
[6/4/2022 9:37:5] /i 2160
[6/4/2022 9:37:5] /i 2160
[6/4/2022 9:37:6] /i 2160
[6/4/2022 9:37:6] /i 2160
[6/4/2022 9:37:7] /i 2160
[6/4/2022 9:37:7] /i 2160
[6/4/2022 9:37:8] /i 2160
[6/4/2022 9:37:8] /i 2160
[6/4/2022 9:37:9] /i 2160
[6/4/2022 9:37:10] /i 2160
[6/4/2022 9:37:10] /i 2160
[6/4/2022 9:37:11] /i 2160
[6/4/2022 9:37:17] /i 2160
[6/4/2022 9:37:17] /i 2160
[6/4/2022 9:37:18] /i 2160
[6/4/2022 9:37:18] /i 2160
[6/4/2022 9:37:18] /i 2160
[6/4/2022 9:37:19] /i 2160
[6/4/2022 9:37:22] /i 2160
[6/4/2022 9:37:22] /i 2160
[6/4/2022 9:37:23] /i 2160
[6/4/2022 9:37:23] /i 2160
[6/4/2022 9:37:24] /i 2160
[6/4/2022 9:37:26] /i 2160
[6/4/2022 9:38:30] /goto isis
[6/4/2022 9:39:29] /a
[6/4/2022 9:39:29] /a
[6/4/2022 9:39:30] /a
[6/4/2022 9:39:30] /a
[6/4/2022 9:39:30] /a
[6/4/2022 9:39:30] /a
[6/4/2022 9:40:5] /i rastah spellbook
[6/4/2022 9:41:16] /i elfic boots
[6/4/2022 9:41:29] /i elfic ring
[6/4/2022 9:41:49] /i elfic amulet
[6/4/2022 9:43:2] /i elfic legs
[6/4/2022 9:43:25] /i elfic armor
[6/4/2022 9:43:38] /i elfic helmet 
[6/4/2022 9:44:20] /i elfic bow 
[6/4/2022 9:46:29] /i 13109
[6/4/2022 9:49:14] /t thais
[6/4/2022 9:49:33] /t thais
[6/4/2022 9:50:18] /i elfic crossbow
[6/4/2022 9:52:12] /t 2
[6/4/2022 9:52:14] /t 2
[6/4/2022 9:52:16] /t 2
[6/4/2022 9:52:17] /t 2
[6/4/2022 9:52:35] /i starlight vial 
[6/4/2022 9:52:51] /i merlin backpack
[7/4/2022 21:29:43] !online
[7/4/2022 21:32:2] /t
[7/4/2022 21:32:26] /a
[7/4/2022 21:32:26] /a
[7/4/2022 21:32:26] /a
[7/4/2022 21:32:26] /a
[7/4/2022 21:32:27] /a
[7/4/2022 21:32:57] /t
[7/4/2022 21:33:30] /goto isi
[7/4/2022 21:33:32] /goto isis
[7/4/2022 21:34:14] /a
[7/4/2022 21:34:15] /a
[7/4/2022 21:34:15] /a
[7/4/2022 21:34:15] /a
[7/4/2022 21:34:15] /a
[7/4/2022 21:34:15] /a
[7/4/2022 21:34:27] /i falcon rod (
[7/4/2022 21:34:29] /i falcon rod
[7/4/2022 21:34:33] /a
[7/4/2022 21:34:33] /a
[7/4/2022 21:34:33] /a
[7/4/2022 21:34:33] /a
[7/4/2022 21:34:33] /a
[7/4/2022 21:34:33] /a
[7/4/2022 21:34:34] /a
[7/4/2022 21:34:34] /a
[7/4/2022 21:42:53] /a
[7/4/2022 21:42:53] /a
[7/4/2022 21:42:53] /a
[7/4/2022 21:42:53] /a
[7/4/2022 21:42:53] /a
[7/4/2022 21:42:53] /a
[7/4/2022 21:42:53] /a
[7/4/2022 21:42:53] /a
[7/4/2022 21:42:53] /a
[7/4/2022 21:42:53] /a
[7/4/2022 21:42:53] /a
[7/4/2022 21:42:53] /a
[7/4/2022 21:42:53] /a
[7/4/2022 21:42:54] /a
[7/4/2022 21:42:54] /a
[7/4/2022 21:42:54] /a
[7/4/2022 21:42:54] /a
[7/4/2022 21:42:54] /a
[7/4/2022 21:42:54] /a
[7/4/2022 21:42:54] /a
[7/4/2022 21:42:54] /a
[7/4/2022 21:42:54] /a
[7/4/2022 21:42:54] /a
[7/4/2022 21:42:54] /a
[7/4/2022 21:42:54] /a
[7/4/2022 21:42:54] /a
[7/4/2022 21:42:54] /a
[7/4/2022 21:42:54] /a
[7/4/2022 21:42:54] /a
[7/4/2022 21:42:54] /a
[7/4/2022 21:42:54] /a
[7/4/2022 21:42:54] /a
[7/4/2022 21:42:54] /a
[7/4/2022 21:42:54] /a
[7/4/2022 21:42:54] /a
[7/4/2022 21:42:54] /a
[7/4/2022 21:42:56] /a
[7/4/2022 21:42:57] /a
[7/4/2022 21:42:57] /a
[7/4/2022 21:42:57] /a
[7/4/2022 21:42:57] /a
[7/4/2022 21:42:57] /a
[7/4/2022 21:42:57] /a
[7/4/2022 21:42:57] /a
[7/4/2022 21:42:57] /a
[7/4/2022 21:42:57] /a
[7/4/2022 21:42:57] /a
[7/4/2022 21:42:57] /a
[7/4/2022 21:42:57] /a
[7/4/2022 21:42:57] /a
[7/4/2022 21:42:57] /a
[7/4/2022 21:42:57] /a
[7/4/2022 21:42:57] /a
[7/4/2022 21:42:57] /a
[7/4/2022 21:42:57] /a
[7/4/2022 21:42:57] /a
[7/4/2022 21:42:57] /a
[7/4/2022 21:42:57] /a
[7/4/2022 21:42:57] /a
[7/4/2022 21:42:57] /a
[7/4/2022 21:42:57] /a
[7/4/2022 21:42:57] /a
[7/4/2022 21:42:58] /a
[7/4/2022 21:42:58] /a
[7/4/2022 21:42:58] /a
[7/4/2022 21:42:59] /a
[7/4/2022 21:43:0] /a
[7/4/2022 21:43:0] /a
[7/4/2022 21:43:0] /a
[7/4/2022 21:43:0] /a
[7/4/2022 21:43:0] /a
[7/4/2022 21:43:0] /a
[7/4/2022 21:43:0] /a
[7/4/2022 21:43:0] /a
[7/4/2022 21:43:0] /a
[7/4/2022 21:43:0] /a
[7/4/2022 21:43:0] /a
[7/4/2022 21:43:0] /a
[7/4/2022 21:43:0] /a
[7/4/2022 21:43:0] /a
[7/4/2022 21:43:0] /a
[7/4/2022 21:43:0] /a
[7/4/2022 21:43:0] /a
[7/4/2022 21:43:0] /a
[7/4/2022 21:43:0] /a
[7/4/2022 21:43:1] /a
[7/4/2022 21:43:1] /a
[7/4/2022 21:43:2] /a
[7/4/2022 21:43:3] /a
[7/4/2022 21:43:3] /a
[7/4/2022 21:43:3] /a
[7/4/2022 21:43:3] /a
[7/4/2022 21:43:3] /a
[7/4/2022 21:43:3] /a
[7/4/2022 21:43:3] /a
[7/4/2022 21:43:3] /a
[7/4/2022 21:43:4] /a
[7/4/2022 21:43:4] /a
[7/4/2022 21:43:47] /i backpaak
[5/5/2022 13:48:22] !online
[5/5/2022 13:53:15] /t
[29/5/2022 15:41:59] !aol
[30/5/2022 10:26:19] !aol
