[16/12/2021 19:20:50] !emotespells off
[16/12/2021 19:20:57] !emotespells on
[16/12/2021 19:46:58] !aol
[16/12/2021 19:47:30] !aol
[16/12/2021 22:39:0] !wand ice
[16/12/2021 22:52:47] !wand ice
[16/12/2021 22:56:29] !wand holy
[16/12/2021 22:58:29] !wand ice
[16/12/2021 23:8:27] !wand holy
[16/12/2021 23:20:22] !wand ice
[17/12/2021 11:16:22] !wand ice
[17/12/2021 12:46:37] !wand ice
[17/12/2021 12:48:14] !wand ice
[17/12/2021 17:42:34] !wand ice
[17/12/2021 17:52:49] !wand ice
[17/12/2021 17:58:2] !wand holy
[17/12/2021 17:59:12] !wand ice
[17/12/2021 19:32:31] !wand holy
[17/12/2021 19:54:3] !wand ice
[18/12/2021 11:21:21] !wand ice
[18/12/2021 17:41:31] !wand ice
[19/12/2021 21:25:7] !wand ice
[20/12/2021 14:55:30] !wand
[20/12/2021 14:55:34] !wand ice
[20/12/2021 18:35:27] !online
[27/5/2022 21:30:23] !emotespells on
