[2/6/2022 10:42:26] !online
[2/6/2022 10:50:7] !emotespells on
[2/6/2022 11:21:18] !aol
[2/6/2022 11:50:17] !aol
[2/6/2022 18:29:22] !aol
[2/6/2022 18:54:36] !online
[2/6/2022 18:56:24] !rank level
[2/6/2022 18:56:30] !rank level
[2/6/2022 19:45:56] !aol
[2/6/2022 20:10:7] !aol
[2/6/2022 23:16:8] !aol
[2/6/2022 23:35:22] !aol
[3/6/2022 0:58:42] !aol
[3/6/2022 1:20:41] !aol
[3/6/2022 18:46:37] !aol
[3/6/2022 18:50:32] !aol
[3/6/2022 18:51:17] !aol
[3/6/2022 18:56:31] !aol
[3/6/2022 18:58:43] !aol
[3/6/2022 20:3:30] !online
[3/6/2022 20:55:20] !aol
[3/6/2022 22:3:20] !aol
[4/6/2022 2:11:25] !aol
[5/6/2022 23:17:56] !online
[5/6/2022 23:45:47] !aol
[6/6/2022 0:37:58] !aol
[6/6/2022 1:40:46] !online
[6/6/2022 1:41:31] !tradeoff add, 300000
[6/6/2022 1:41:48] !tradeoff add, 30000
[6/6/2022 1:48:22] !tradeoff add, 70000
[6/6/2022 3:23:53] !aol
