[7/11/2023 0:6:31] /i 13212
[7/11/2023 0:18:13] /addskill Niklaus,speed
[7/11/2023 0:18:23] /addskill Niklaus,creaturespeed
[7/11/2023 0:34:4] /a 10
[7/11/2023 0:34:43] /goto Administrador
[7/11/2023 0:59:34] /t
[7/11/2023 1:4:10] /reload global
[7/11/2023 1:5:20] !online
[7/11/2023 1:8:28] /reload creature
[7/11/2023 1:10:23] /addskill Niklaus,level,3000
[7/11/2023 1:13:16] /reload global
[7/11/2023 1:13:24] /t
[7/11/2023 1:18:9] /shutdown
[7/11/2023 1:19:22] /reload global
[7/11/2023 1:20:28] /up
[7/11/2023 1:20:33] /up
[7/11/2023 1:20:35] /up
[7/11/2023 1:24:42] /reload global
[7/11/2023 1:24:45] /reload creature
[7/11/2023 1:25:0] /reload global
[7/11/2023 1:25:30] /reload global
[7/11/2023 1:26:38] /reload global
[7/11/2023 1:27:11] /t
[7/11/2023 1:33:50] /m demon
[7/11/2023 1:33:51] /m demon
[7/11/2023 3:1:39] /ghost
