[12/2/2022 18:29:20] !frags
[13/2/2022 1:45:21] !frags
[13/2/2022 2:32:16] !frags
[13/2/2022 2:32:26] !frags
[13/2/2022 3:37:57] !emotespells on
[13/2/2022 4:8:29] !frags
[13/2/2022 4:8:40] !frags
[13/2/2022 4:8:52] !frags
[13/2/2022 12:27:38] !tradeoff buy, 34
[13/2/2022 14:38:54] !frags
[13/2/2022 15:3:5]  o adm tenho 4 pontos no site, tem como vc me da 4 mary e tirar meus pontos de la? pra pode pasa pra minha otra conta
[14/2/2022 20:18:46] !frags
[15/2/2022 20:17:27] !addon assassin
[18/2/2022 22:30:22] !emotespells
[18/2/2022 22:30:25] !emotespells off
[18/2/2022 22:44:43] !emotespells on
[19/2/2022 12:40:36] !addon oriental
[19/2/2022 13:45:14] !frags
[20/2/2022 10:50:24] !uptime
[21/2/2022 1:12:9] !online
