[10/12/2021 20:21:39] !emotespells on
[10/12/2021 20:39:43] !aol
[10/12/2021 20:40:52] !aol
[10/12/2021 21:55:30] !aol
[10/12/2021 21:59:29] !buyhouse
[10/12/2021 22:49:26] !buyhouse
[10/12/2021 22:49:35] aleta sio
[11/12/2021 3:28:6] !rank
[11/12/2021 3:28:11] !rank level
[11/12/2021 3:56:33] !doubleexp
[11/12/2021 3:56:37] !doubleexp
[11/12/2021 3:56:47] !doubleexp
[11/12/2021 3:56:56] !doubleexp
[11/12/2021 12:38:10] aleta som
[11/12/2021 17:39:11] aleta sio
[11/12/2021 17:39:18] aleta sio
[11/12/2021 17:39:33] aleta som
[11/12/2021 17:39:41] aleta grav
[12/12/2021 12:32:1] !protecthouse
[12/12/2021 12:32:3] !protecthouse off
[12/12/2021 12:41:23] aleta sio
[12/12/2021 21:25:55] /mute
[12/12/2021 21:26:5] /mute Bull Ceta
[12/12/2021 21:27:10] /mute Bull Ceta
[12/12/2021 21:27:17] /mute Bull Ceta, 1 minute
[12/12/2021 21:27:23] /mute Bull Ceta, 1 minute
[12/12/2021 21:29:15] /mute Bull Ceta
[12/12/2021 21:29:32] /mute Heineken
[12/12/2021 21:29:41] /mute Observador
[12/12/2021 21:30:38] /mute Bull Ceta
[12/12/2021 21:31:16] /mute Bull Ceta, 5
[12/12/2021 21:31:21] /mute Bull Ceta, 5
[12/12/2021 21:31:30] /mute Heineken, 5
[13/12/2021 1:7:4] !protecthouse
[13/12/2021 1:7:10] !protecthouse on
[13/12/2021 1:7:15] !protecthouse on
[13/12/2021 1:7:28] aleta sio 
[13/12/2021 1:7:32] aleta sio
[13/12/2021 1:7:35] aleta sio
[13/12/2021 1:7:45] aleta sio
[13/12/2021 3:9:42] !protecthouse off
[13/12/2021 3:10:11] !protecthouse on
[13/12/2021 9:40:37] !tradeoff
[13/12/2021 9:41:18] !tradeoff add, 20000000
[13/12/2021 9:41:55] !tradeoff add, 10000000
[13/12/2021 9:42:11] !tradeoff add, 10000000
[13/12/2021 13:35:3] !tradeoff remove, 9
[13/12/2021 14:42:35] !rank distance
[13/12/2021 20:28:13] !rank distance
[14/12/2021 11:25:46] aleta som
[15/12/2021 9:16:27] !rank distance
[15/12/2021 11:3:21] !serverinfo
[15/12/2021 12:56:5] !rank distance
[15/12/2021 20:18:21] !protecthouse
[15/12/2021 20:18:24] !protecthouse off
[15/12/2021 20:18:43] !protecthouse on
[16/12/2021 13:5:13] /ban
[16/12/2021 13:8:4] aleta sio
[16/12/2021 13:8:16] aleta som
[16/12/2021 13:10:25] !protecthouse off
[16/12/2021 13:29:25] /ban Naoparo
[16/12/2021 13:29:37] /ban Naoparo, 100
[16/12/2021 13:29:59] /ban Naoparo 100
[16/12/2021 13:30:16] /ban Naoparo, 100
[16/12/2021 14:45:2] /ban Daniels, 365
[16/12/2021 19:28:28] /ban Closeup, 100
[16/12/2021 21:4:48] /mute
[16/12/2021 21:5:58] /mute Slowly Ms, 10
[16/12/2021 21:6:10] /mute Slowly Ms, 10
[16/12/2021 21:6:13] /mute Slowly Ms
[16/12/2021 21:6:32] /mute Slowly Ms, 2
[18/12/2021 0:42:15] !online
[18/12/2021 0:43:30] /ban Powerpharao, 100
[27/12/2021 20:19:58] !online
