[29/5/2022 11:3:8] !online
[29/5/2022 15:20:45] !aol
[29/5/2022 16:0:16] !aol
[29/5/2022 16:13:25] !aol
[29/5/2022 16:53:40] !aol
[29/5/2022 17:21:3] !aol
[29/5/2022 20:1:30] !aol
[29/5/2022 20:49:57] !frags
[29/5/2022 20:53:37] !aol
[29/5/2022 21:2:32] !frags
[29/5/2022 21:3:48] !frags
[29/5/2022 21:6:54] !frags
[29/5/2022 21:16:47] !frags
[29/5/2022 21:19:41] !frags
[29/5/2022 22:38:27] !aol
[29/5/2022 23:53:16] !frags
[30/5/2022 10:16:33] !online
[30/5/2022 13:28:21] !frags
[30/5/2022 13:31:9] !aol
[30/5/2022 21:44:20] !frags
[30/5/2022 21:44:23] !frags
[30/5/2022 21:50:28] !aol
[30/5/2022 21:51:42] !frags
[30/5/2022 21:56:43] !frags
[30/5/2022 23:40:34] 
[31/5/2022 8:12:37] !frags
[31/5/2022 8:16:9] !frags
[31/5/2022 13:34:2] !online
[31/5/2022 14:26:6] !online
[31/5/2022 14:54:28] !aol
[31/5/2022 14:56:54] !aol
[31/5/2022 20:48:56] !aol
[31/5/2022 22:16:19] !aol
[31/5/2022 22:22:42] !aol
[1/6/2022 7:4:26] !online
[1/6/2022 7:18:43] !online
[1/6/2022 13:35:51] !frags
[1/6/2022 20:59:17] !aol
[2/6/2022 0:58:22] !aol
[2/6/2022 1:31:27] !aol
[2/6/2022 2:10:59] !aol
[2/6/2022 2:22:12] !aol
[2/6/2022 3:25:38] !online
[2/6/2022 14:3:53] !aol
[2/6/2022 23:45:52] !aol
[2/6/2022 23:46:9] 
[3/6/2022 10:5:10] !online
[3/6/2022 11:37:33] !aol
[3/6/2022 12:49:1] !aol
[3/6/2022 14:37:39] !serverinfo
[3/6/2022 17:14:12] !aol
[3/6/2022 20:56:55] !frags
[3/6/2022 21:1:1] !frags
[3/6/2022 21:28:33] !frags
[3/6/2022 21:33:1] !frags
[4/6/2022 17:53:36] !frags
[4/6/2022 17:58:23] !frags
[4/6/2022 18:2:54] !frags
[4/6/2022 18:8:31] !frags
[4/6/2022 18:9:58] !frags
[4/6/2022 18:11:16] !frags
[5/6/2022 12:36:38] !frags
[5/6/2022 12:47:3] !frags
[5/6/2022 12:53:37] !frags
[5/6/2022 12:55:7] !frags
[5/6/2022 12:55:59] !frags
[5/6/2022 13:2:58] !frags
[5/6/2022 13:4:36] !frags
[5/6/2022 13:9:26] !frags
[5/6/2022 13:9:56] !frags
[5/6/2022 13:17:38] !frags
[5/6/2022 13:18:31] !frags
[5/6/2022 13:19:26] !frags
[5/6/2022 13:21:34] !frags
[5/6/2022 13:26:25] !frags
[5/6/2022 13:27:21] !frags
[5/6/2022 17:46:8] !frags
[5/6/2022 17:50:36] !frags
[5/6/2022 18:54:29] !frags
[5/6/2022 20:38:15] 
[5/6/2022 21:10:41] !frags
[5/6/2022 21:59:42] !frags
[5/6/2022 22:1:23] !rank
[5/6/2022 22:1:28] !rank level
[5/6/2022 22:2:10] !frags
[5/6/2022 23:31:56] !frags
[6/6/2022 6:41:1] !online
[6/6/2022 11:21:30] !frags
[6/6/2022 11:23:35] !frags
[6/6/2022 11:35:22] !frags
[6/6/2022 11:39:37] !frags
[6/6/2022 11:41:53] !frags
[6/6/2022 11:43:42] !frags
[6/6/2022 11:53:41] !frags
[6/6/2022 11:55:39] !frags
[6/6/2022 18:37:17] !frags
[6/6/2022 21:12:21] !frags
[6/6/2022 21:15:41] !frags
[6/6/2022 22:0:11] !frags
[6/6/2022 22:6:43] !frags
[7/6/2022 17:37:47] !frags
[7/6/2022 20:23:39] !online
[7/6/2022 20:24:6] !online
[7/6/2022 20:24:35] !frags
[8/6/2022 10:40:42] !frags
[8/6/2022 10:58:23] !frags
[8/6/2022 11:23:44] !frags
[8/6/2022 11:25:16] !frags
[8/6/2022 18:24:7] !online
[8/6/2022 20:35:8] !frags
[8/6/2022 21:2:43] !frags
[8/6/2022 21:19:54] !frags
[8/6/2022 21:52:8] !frags
[9/6/2022 1:52:20] !online
[9/6/2022 10:43:10] !online
[9/6/2022 14:18:15] !online
[9/6/2022 14:20:6] !frags
[9/6/2022 15:13:4] !frags
[9/6/2022 15:15:28] !frags
[9/6/2022 15:37:3] !frags
[9/6/2022 15:46:54] !frags
[9/6/2022 17:5:26] !online
[9/6/2022 17:24:17] !online
[9/6/2022 19:8:28] !online
[9/6/2022 20:55:1] !online
