[11/2/2022 21:43:1] !online
[12/2/2022 2:23:40] !emotespells on
[12/2/2022 12:53:4] !aol
[12/2/2022 12:56:6] !aol
[12/2/2022 17:46:57] !aol
[12/2/2022 17:51:30] !aol
[12/2/2022 18:6:30] !aol
[12/2/2022 18:19:6] !online
[12/2/2022 19:10:32] !aol
[12/2/2022 19:11:46] !aol
[12/2/2022 19:19:24] !aol
[12/2/2022 19:41:17] !aol
[12/2/2022 20:33:41] !aol
[12/2/2022 21:33:37] !serverinfo
[13/2/2022 2:17:58] !aol
[13/2/2022 15:1:27] !frags
[13/2/2022 20:39:54] !frags
[13/2/2022 21:4:17] !aol
[13/2/2022 23:1:41] !aol
[15/2/2022 15:27:45] !addon mage
[15/2/2022 15:27:54] !addon warrior
[15/2/2022 22:27:43] !frags
[16/2/2022 1:45:32] !rank level
[17/2/2022 14:24:49] !frags
[18/2/2022 14:14:16] !online
[19/2/2022 3:3:40] !aol
[20/2/2022 12:38:2] !online
[21/2/2022 12:37:36] !online
