[11/2/2022 13:50:30] !emotespells on
[11/2/2022 16:7:32] !aol
[11/2/2022 16:9:28] !aol
[11/2/2022 20:42:45] !aol
[11/2/2022 21:53:48] !aol
[11/2/2022 21:53:57] !aol
[11/2/2022 21:59:1] !aol
[11/2/2022 22:2:42] !aol
[12/2/2022 21:17:59] !frags
[12/2/2022 21:49:49] !frags
[12/2/2022 21:54:55] !frags
[12/2/2022 22:5:0] !frags
[12/2/2022 22:26:38] !frags
[12/2/2022 22:51:16] !frags
[12/2/2022 23:21:52] !frags
[13/2/2022 13:41:31] !rank magic
[13/2/2022 19:33:37] !frags
[13/2/2022 19:52:6] !rank magic
[14/2/2022 22:0:40] !frags
[15/2/2022 8:20:8] !buyhouse
[15/2/2022 8:20:14] aleta som
[16/2/2022 0:21:38] !protecthouse
[16/2/2022 0:21:40] !protecthouse off
[16/2/2022 8:49:21] aleta som
[16/2/2022 8:49:24] aleta sio
[18/2/2022 18:25:46] !rank level
[18/2/2022 19:50:5] !frags
[19/2/2022 17:15:13] !frags
[20/2/2022 10:56:42] !rank distance
[20/2/2022 19:29:13] !aol
[23/2/2022 20:3:55] !emotespells off
[23/2/2022 20:3:57] !emotespells on
[23/2/2022 20:17:31] !rank magic
[23/2/2022 20:17:38] !rank club
[23/2/2022 20:17:42] !rank distance
[23/2/2022 20:17:51] !rank distance
[23/2/2022 20:19:6] !rank amgic
[23/2/2022 20:19:9] !rank magic
[23/2/2022 21:42:31] !rank magic
[23/2/2022 22:5:39] !aol
[23/2/2022 22:19:21] !aol
[23/2/2022 22:24:27] !aol
[23/2/2022 23:4:15] !buyhouse
[24/2/2022 22:50:7] !aol
[25/2/2022 1:38:26] !buyhouse
[25/2/2022 1:38:35] aleta som
[25/2/2022 1:39:29] !protecthouse
[25/2/2022 1:39:32] !protecthouse off
[25/2/2022 14:40:6] !rank magic
[25/2/2022 17:8:40] !rank distance
[26/2/2022 13:3:12] aleta som
[26/2/2022 23:21:48] !rank
[26/2/2022 23:21:53] !rank level
[27/5/2022 21:7:20] !aol
[27/5/2022 21:14:50] !aol
[27/5/2022 21:29:31] !aol
[27/5/2022 21:34:4] !aol
[27/5/2022 22:15:55] !emotespells on
[27/5/2022 22:19:0] !aol
[27/5/2022 22:27:24] !aol
[27/5/2022 22:29:25] !aol
[27/5/2022 22:32:8] !aol
[27/5/2022 23:1:33] !aol
[27/5/2022 23:44:29] !aol
[28/5/2022 0:5:53] !aol
[28/5/2022 0:27:39] !aol
[28/5/2022 0:30:52] !aol
[28/5/2022 0:51:43] !aol
[28/5/2022 6:22:37] !aol
[28/5/2022 10:24:58] !aol
[28/5/2022 12:27:52] !aol
[28/5/2022 14:59:13] !aol
[28/5/2022 16:43:11] !aol
[28/5/2022 19:59:20] !aol
[28/5/2022 20:16:57] !aol
[28/5/2022 20:41:14] !aol
[29/5/2022 10:23:11] !frags
[29/5/2022 18:17:2] !buyhouse
[29/5/2022 18:17:4] !buyhouse
[29/5/2022 18:17:31] !buyhouse
[29/5/2022 18:17:34] !buyhouse
[29/5/2022 18:17:38] !buyhouse
[29/5/2022 18:17:41] !buyhouse
[29/5/2022 18:17:44] !buyhouse
[29/5/2022 18:19:22] !buyhouse
[29/5/2022 18:19:41] !buyhouse
[29/5/2022 18:19:45] !buyhouse
[29/5/2022 22:8:43] !frags
[30/5/2022 19:21:16] !aol
[30/5/2022 21:45:26] !frags
