[10/2/2022 20:55:25] !rank distance
[10/2/2022 22:21:40] !rank distance
[10/2/2022 23:24:21] !rank distance
[11/2/2022 0:53:20] !rank distance
[11/2/2022 1:37:42] !rank distance
[11/2/2022 2:3:26] !online
[11/2/2022 2:6:45] !rank distance
[11/2/2022 6:43:31] !rank distance
[11/2/2022 10:51:50] !rank distance
[11/2/2022 11:46:38] !rank distance
[11/2/2022 13:52:8] !rank distance
[11/2/2022 14:17:10] !rank distance
[11/2/2022 16:6:13] !rank distance
[11/2/2022 18:7:42] !rank distance
[11/2/2022 20:25:28] !aol
[11/2/2022 21:49:20] !frags
[11/2/2022 21:55:52] !aol
[11/2/2022 22:7:17] !aol
[11/2/2022 22:22:27] !rank distance
[11/2/2022 22:30:20] !aol
[11/2/2022 22:59:6] !aol
[12/2/2022 12:12:21] !aol
[12/2/2022 12:31:27] !aol
[12/2/2022 17:42:32] !aol
[12/2/2022 18:21:0] !aol
[12/2/2022 19:23:40] !rank level
[12/2/2022 19:36:6] !rank level
[12/2/2022 20:34:43] !aol
[12/2/2022 20:35:44] !aol
[12/2/2022 22:11:3] !aol
[12/2/2022 22:20:42] !aol
[12/2/2022 23:15:17] !aol
[12/2/2022 23:19:30] !rank level
[13/2/2022 1:46:52] !aol
[13/2/2022 11:21:3] !online
[13/2/2022 12:45:53] !aol
[13/2/2022 14:11:17] !aol
[13/2/2022 14:13:54] !aol
[13/2/2022 14:18:9] !aol
[13/2/2022 14:26:24] !aol
[13/2/2022 15:13:35] !aol
[15/2/2022 21:53:12] !aol
[16/2/2022 10:54:37] !rank level
[16/2/2022 10:55:8] !rank distance
[16/2/2022 16:45:57] !aol
[16/2/2022 18:53:27] !aol
[17/2/2022 20:55:12] !aol
[18/2/2022 13:46:27] !aol
[18/2/2022 13:55:59] !aol
[18/2/2022 20:2:39] !aol
[19/2/2022 11:56:40] !aol
[19/2/2022 12:0:20] !aol
[19/2/2022 14:17:2] !aol
[19/2/2022 14:20:6] !rank distance
[19/2/2022 16:41:2] !aol
[20/2/2022 15:32:26] !aol
[20/2/2022 16:25:47] !aol
[20/2/2022 16:29:43] !aol
[20/2/2022 16:37:11] !aol
[20/2/2022 19:6:23] !aol
[20/2/2022 20:2:31] !aol
[20/2/2022 22:25:25] !aol
[20/2/2022 22:27:25] !aol
[21/2/2022 16:49:14] !online
[21/2/2022 20:48:35] !aol
[21/2/2022 20:49:43] !aol
