[11/2/2022 22:5:38] !frags
[11/2/2022 22:20:39] !rank level
[11/2/2022 22:52:39] !rank level
[11/2/2022 23:21:47] !rank level
[11/2/2022 23:38:42] !aol
[12/2/2022 11:9:10] !rank level
[12/2/2022 11:38:15] !rank level
[12/2/2022 20:10:19] !rank level
[12/2/2022 21:47:23] !frags
[12/2/2022 22:24:18] !rank level
[13/2/2022 1:33:33] !rank level
[13/2/2022 1:35:41] !rank distance
[13/2/2022 1:40:11] !aol
[13/2/2022 2:32:9] !aol
[13/2/2022 11:31:6] !frags
[13/2/2022 12:26:37] !aol
[14/2/2022 21:3:39] !aol
[14/2/2022 21:49:38] !rank level
[15/2/2022 11:56:31] !aol
[15/2/2022 11:56:53] !rank level
[15/2/2022 13:55:12] !aol
[15/2/2022 16:4:32] !rank magic
[15/2/2022 16:5:4] !rank level
[15/2/2022 16:50:57] !aol
[15/2/2022 17:52:48] !aol
[15/2/2022 19:12:19] !aol
[15/2/2022 20:10:52] !aol
[15/2/2022 20:54:22] !aol
[15/2/2022 23:10:42] !rank distance
[16/2/2022 0:0:49] !frags
[16/2/2022 14:3:22] !aol
[16/2/2022 14:50:11] !aol
[16/2/2022 15:37:29] !aol
[16/2/2022 20:45:45] !aol
[17/2/2022 9:19:10] !rank level
[17/2/2022 11:40:15] !aol
[17/2/2022 11:54:59] !aol
[17/2/2022 11:59:0] !aol
[17/2/2022 12:19:10] !aol
[17/2/2022 12:33:35] !aol
[17/2/2022 12:45:53] !aol
[17/2/2022 19:39:43] !rank magic
[18/2/2022 8:17:29] !aol
[18/2/2022 9:55:34] !aol
[18/2/2022 17:8:38] !aol
[18/2/2022 19:12:3] !rank magic
[19/2/2022 8:59:21] !rank level
[20/2/2022 13:4:16] !rank level
[20/2/2022 17:23:56] !rank magic
[21/2/2022 0:10:42] !frags
[21/2/2022 20:21:37] !online
