[27/5/2022 21:30:48] !aol
[28/5/2022 0:17:47] !aol
[28/5/2022 0:20:13] !buyhouse
[28/5/2022 10:14:26] !aol
[28/5/2022 13:42:29] !emotespells on
[28/5/2022 13:42:33] !aol
[28/5/2022 14:57:1] !emotespells on
[28/5/2022 15:1:50] !emotespells on
[28/5/2022 15:30:30] !emotespells on
[28/5/2022 16:31:28] !aol
[28/5/2022 16:31:31] !emotespells on
[28/5/2022 16:45:3] !aol
[28/5/2022 17:14:1] !frags
[28/5/2022 18:42:35] !emotespells on
[28/5/2022 19:33:48] !aol
[28/5/2022 20:30:26] !aol
[28/5/2022 20:32:18] !tradeoff add, assassin star
[28/5/2022 20:33:17] !tradeoff add, boots vip
[28/5/2022 20:33:41] !tradeoff add, elder spellbook
[28/5/2022 20:34:21] !tradeoff add,  pharaot hat
[28/5/2022 20:34:46] !tradeoff add,  pharaot hat
[28/5/2022 20:35:43] !tradeoff add,  500000
[28/5/2022 20:35:47] !tradeoff add,  500000
[28/5/2022 20:35:49] !tradeoff add,  500000
[28/5/2022 21:48:33] !aol
[28/5/2022 22:20:18] !aol
[28/5/2022 22:43:34] !emotespells on
[29/5/2022 0:22:56] !emotespells on
[29/5/2022 2:6:0] !emotespells on
[29/5/2022 3:16:12] !emotespells on
[29/5/2022 4:11:43] !emotespells on
[29/5/2022 5:16:19] !emotespells on
[29/5/2022 6:23:16] !emotespells on
[29/5/2022 6:57:40] !aol
[29/5/2022 6:59:37] !emotespells on
[29/5/2022 7:36:35] !emotespells on
[29/5/2022 8:48:56] !emotespells on
[29/5/2022 9:54:46] !aol
[29/5/2022 10:1:51] !buyhouse
[29/5/2022 10:1:54] !buyhouse
[29/5/2022 11:6:8] !aol
[29/5/2022 11:20:29] !aol
[29/5/2022 11:45:40] !aol
