[28/5/2022 0:33:36] !emotespells
[28/5/2022 0:33:42] !emotespells  on
[28/5/2022 2:32:26] !aol
[28/5/2022 2:37:25] !aol
[28/5/2022 11:32:30] !aol
[28/5/2022 15:16:14] !aol
[28/5/2022 16:19:22] !online
[28/5/2022 20:2:37] !aol
[28/5/2022 20:12:24] !aol
[28/5/2022 20:28:32] !aol
[28/5/2022 20:41:21] !aol
[28/5/2022 20:46:52] !aol
[28/5/2022 20:53:15] !aol
[28/5/2022 20:56:52] !aol
[28/5/2022 20:57:48] !aol
[28/5/2022 21:4:34] !aol
[28/5/2022 22:41:2] !aol
[29/5/2022 0:19:14] !aol
[29/5/2022 1:11:21] !aol
[29/5/2022 11:55:19] !aol
[29/5/2022 14:11:49] !aol
[29/5/2022 14:18:40] !aol
[30/5/2022 13:12:31] !aol
[30/5/2022 14:10:20] !aol
[30/5/2022 16:21:56] !aol
[30/5/2022 17:43:9] !aol
[30/5/2022 18:46:19] !aol
[30/5/2022 18:50:57] !frags
[30/5/2022 20:44:20] !aol
