[10/12/2021 23:11:24] !rank magic
[10/12/2021 23:11:32] !rank axe
[10/12/2021 23:11:35] !rank sword
[10/12/2021 23:11:39] !rank club
[10/12/2021 23:19:51] !wand ice
[10/12/2021 23:58:46] !rank level
[10/12/2021 23:59:10] !rank magic
[11/12/2021 0:15:49] !wand ice
[11/12/2021 7:13:16] !rank level
[11/12/2021 7:13:33] !rank magic
[11/12/2021 8:9:22] !wand ice
[11/12/2021 12:33:57] !rank magic
[11/12/2021 20:10:22] !rank level
[11/12/2021 22:20:9] !online
[12/12/2021 17:0:32] !wand ice
[13/12/2021 7:30:10] !rank level
[13/12/2021 8:27:45] !wand ice
[13/12/2021 8:27:59] !rank magic
[13/12/2021 17:51:27] !rank level
[15/12/2021 11:16:35] !wand ice
[15/12/2021 13:17:42] !online
[15/12/2021 13:17:53] !rank level
[15/12/2021 13:17:56] !rank sword
[15/12/2021 13:18:3] !rank axe
[15/12/2021 13:18:6] !rank club
[15/12/2021 13:18:11] !rank distance
[15/12/2021 13:18:22] !rank magic
[15/12/2021 13:18:39] !rank fist
[15/12/2021 13:18:47] !rank shield
[17/12/2021 0:32:45] !wand ice
[17/12/2021 0:34:13] !rank level
[23/12/2021 14:16:6] !serverinfo
[23/12/2021 14:16:12] !rank
[23/12/2021 14:16:18] !rank level
[23/12/2021 14:16:27] !rank magic
[23/12/2021 14:17:58] !serverinfo
