[11/2/2022 3:43:59] !aol
[11/2/2022 4:42:15] !buyhouse
[11/2/2022 5:17:39] !frags
[11/2/2022 5:28:4] !aol
[11/2/2022 5:34:38] !aol
[11/2/2022 5:51:6] !aol
[11/2/2022 5:54:17] !aol
[11/2/2022 5:58:1] !aol
[11/2/2022 5:58:37] !aol
[11/2/2022 5:58:58] !aol
[11/2/2022 5:59:31] !aol
[11/2/2022 6:3:29] !aol
[11/2/2022 6:7:24] !aol
[11/2/2022 6:10:37] !aol
[11/2/2022 11:7:48] !aol
[11/2/2022 11:8:27] !aol
[11/2/2022 15:39:39] !aol
[11/2/2022 16:35:32] !aol
[11/2/2022 17:22:33] !aol
[12/2/2022 17:37:42] !aol
[12/2/2022 18:35:43] !aol
[12/2/2022 18:46:18] !aol
[13/2/2022 12:38:34] !aol
[14/2/2022 1:1:29] !aol
[14/2/2022 2:37:58] !buyhouse
[14/2/2022 2:38:23] aleta sio
[14/2/2022 2:38:39] aleta som
[14/2/2022 2:38:47] aleta sio
[14/2/2022 3:27:10] !aol
[14/2/2022 3:35:34] aleta sio
[14/2/2022 13:23:33] aleta sio
[14/2/2022 17:59:16] aleta som
[14/2/2022 17:59:21] aleta sio
[14/2/2022 18:45:3] !aol
[14/2/2022 19:54:4] aleta sio
[14/2/2022 22:24:31] aleta sio
[14/2/2022 22:24:38] aleta sio
[14/2/2022 22:24:46] aleta sio
[14/2/2022 22:24:55] aleta sio
[14/2/2022 22:25:2] aleta sio
[14/2/2022 22:25:11] aleta sio
[14/2/2022 22:25:19] aleta sio
[15/2/2022 4:6:10] !aol
[17/2/2022 5:51:1] !aol
