[10/12/2021 20:1:8] !buyhouse
[10/12/2021 20:1:12] !buyhouse
[11/12/2021 8:29:30] !guildpoints
[11/12/2021 8:33:47] !serverinfo
[11/12/2021 8:33:54] !online
[11/12/2021 15:7:2] !buyhouse
[11/12/2021 15:11:17] aleta som
[12/12/2021 13:10:33] !protecthouse
[12/12/2021 13:10:38] !protecthouse off
[12/12/2021 17:41:29] aleta som
[13/12/2021 7:4:46] !emotespells
[13/12/2021 7:4:55] !emotespells on
[13/12/2021 7:5:20] !rank
[13/12/2021 7:5:27] !rank sword
[14/12/2021 20:44:31] !frags
[17/12/2021 9:14:57] !rank sword
[17/12/2021 9:17:27] !rank sword
[17/12/2021 9:17:37] !rank axe
[17/12/2021 9:17:51] !rank sword
[17/12/2021 9:39:46] !frags
[17/12/2021 10:2:19] !frags
[20/12/2021 13:5:49] !rank sword
[20/12/2021 16:42:29] !rank sword
[4/1/2022 0:12:46] !rank
[4/1/2022 0:12:50] !rank level
[4/1/2022 0:12:56] !rank sword
[4/1/2022 0:13:6] !rank axe
[4/1/2022 0:14:24] !online
[4/1/2022 11:3:48] !online
[4/1/2022 11:19:15] aleta som
[4/1/2022 11:26:47] !protecthouse
[4/1/2022 11:26:50] !protecthouse on
[13/1/2022 14:14:7] !online
