[24/2/2022 9:6:57] !helpmute
[24/2/2022 9:20:44] !guildpoints
[24/2/2022 12:32:3] !online
[24/2/2022 13:9:0] aleta som
[24/2/2022 13:9:2] aleta som
[24/2/2022 13:10:39] !emotespells on
[24/2/2022 16:19:48] !serverinfo
[24/2/2022 17:51:44] !online
[24/2/2022 19:49:27] !online
[24/2/2022 22:39:25] !helpmute Wish You Were Here, 3600
[24/2/2022 23:32:39] !helpmute Woktunbamvp, 3600
[25/2/2022 1:23:18] !guildpoints
[25/2/2022 5:46:30] /ban corte malditoo, 2
[25/2/2022 6:17:40] !aol
[25/2/2022 6:17:43] !aol
[25/2/2022 6:17:47] !aol
[25/2/2022 6:59:47] !aol
[25/2/2022 7:11:23] !aol
[25/2/2022 15:33:3] /helpmute Ms Na Missao, 3600
[25/2/2022 19:44:33] /helpmute Inimigo Da Bless, 3600
[25/2/2022 19:46:54] /mute Inimigo da bless, 10
[25/2/2022 19:47:16] /mute Inimigo da bless, 60
[25/2/2022 20:13:43] !online
[25/2/2022 21:7:28] /helpmute The King Maceio, 3600
[26/2/2022 9:46:14] /ghost
[26/2/2022 9:47:52] /goto hannibal
[26/2/2022 9:47:57] /t
[26/2/2022 11:30:31] /helpmute Waronylxrtwtank, 3600
[26/2/2022 11:41:31] /goto bubble
[26/2/2022 11:43:47] /helpmute Amanda Morais, 3600
[26/2/2022 11:44:40] /goto bubble
[26/2/2022 11:45:4] /goto amanda morais
[26/2/2022 11:45:27] /goto ekzovisk
[26/2/2022 11:45:39] /goto ekzovisck
[26/2/2022 11:45:48] /goto ekzovisck
[26/2/2022 11:46:5] /goto knight command
[26/2/2022 11:46:12] /goto knight command
[26/2/2022 11:46:14] /goto knight command
[26/2/2022 11:46:21] /t
[26/2/2022 12:0:35] /helpmute Tatuzera, 3600
[26/2/2022 13:27:7] /goto Adrem~
[26/2/2022 14:8:43] /t
[26/2/2022 14:12:10] /ghost
[26/2/2022 14:12:19] /ghost
[26/2/2022 14:13:18] /goto die for me
[26/2/2022 14:13:30] /goto die for me
[26/2/2022 14:13:34] /goto die for me
[26/2/2022 14:13:39] /goto die for me
[26/2/2022 14:15:1] /t
[26/2/2022 14:37:15] /helpmute lucky, 3600
[26/2/2022 14:38:1] /goto slum pally
[26/2/2022 14:38:9] /ghost
[26/2/2022 14:40:14] /mute lucky, 3600
[26/2/2022 14:41:8] /ban lucky, 2
[26/2/2022 14:41:16] /ghost
[26/2/2022 14:41:21] /goto lucky
[26/2/2022 14:42:49] /helpmute Slum Pally
[26/2/2022 14:42:53] /helpmute Slum Pally, 3600
[26/2/2022 14:49:51] /t
[26/2/2022 14:53:8] /goto swety cyclops
[26/2/2022 14:53:43] /goto varkhal
[26/2/2022 14:53:50] /goto mad
[26/2/2022 14:54:0] /goto fiona
[26/2/2022 14:54:4] /t
[26/2/2022 15:26:29] /goto lucky
[26/2/2022 15:29:37] /t
[26/2/2022 15:29:50] /goto mun ra
[26/2/2022 16:15:58] /goto sezef he mu ecov
[26/2/2022 16:22:22] /goto sezef he mu ecov
[26/2/2022 16:24:10] /goto sezef he mu ecov
[26/2/2022 16:24:13] /goto sezef he mu ecov
[26/2/2022 16:24:14] /goto sezef he mu ecov
[26/2/2022 16:24:16] /goto sezef he mu ecov
[26/2/2022 16:24:17] /goto sezef he mu ecov
[26/2/2022 16:24:18] /goto sezef he mu ecov
[26/2/2022 16:24:20] /goto sezef he mu ecov
[26/2/2022 16:24:21] /goto sezef he mu ecov
[26/2/2022 16:24:22] /goto sezef he mu ecov
[26/2/2022 16:24:24] /goto sezef he mu ecov
[26/2/2022 16:24:26] /goto sezef he mu ecov
[26/2/2022 16:24:27] /goto sezef he mu ecov
[26/2/2022 16:24:29] /goto sezef he mu ecov
[26/2/2022 16:24:31] /t
[27/2/2022 8:6:38] /goto toaq prajudar
[27/2/2022 8:6:56] /goto administrador
[27/2/2022 8:37:6] /goto ekzovisck
[27/2/2022 15:49:49] /t
[27/2/2022 15:53:54] /t
[27/2/2022 15:55:57] /goto hannibal cannibal
[27/2/2022 15:56:1] /goto hannibal
[27/2/2022 15:57:49] /t
[27/2/2022 16:0:55] /goto tiddox~
[27/2/2022 16:1:7] /goto tiddox tankafull
[27/2/2022 16:41:52] /t
[27/2/2022 17:11:23] /goto tiddox tankafull
[27/2/2022 17:11:31] /goto tiddox tankafull
[27/2/2022 17:17:26] /ghost
[27/2/2022 17:17:52] /ghost
[27/2/2022 17:22:22] /goto toaq prajudar
[28/2/2022 11:37:52] /goto kheyn
[28/2/2022 11:38:53] /goto kheyn
[28/2/2022 11:40:21] /goto kheyn
[28/2/2022 11:40:24] /goto kheyn
[28/2/2022 11:40:25] /goto kheyn
[28/2/2022 11:40:26] /goto kheyn
[28/2/2022 11:40:40] /t
[28/2/2022 11:40:51] /goto kwosjchakyago
[28/2/2022 11:44:59] /ghost
[28/2/2022 11:45:3] /ghost
[28/2/2022 11:57:39] /goto miky woodz
[28/2/2022 11:57:42] /goto miky woodz
[28/2/2022 11:57:43] /goto miky woodz
[28/2/2022 11:57:50] /goto miky woodz
[28/2/2022 11:57:52] /goto miky woodz
[28/2/2022 11:58:4] /goto miky woodz
[28/2/2022 11:58:13] /goto miky woodz
[28/2/2022 11:58:28] /goto miky woodz
[28/2/2022 11:58:30] /goto miky woodz
[28/2/2022 11:58:32] /goto miky woodz
[28/2/2022 11:58:36] /goto miky woodz
[28/2/2022 11:58:43] /goto miky woodz
[28/2/2022 11:58:50] /goto miky woodz
[28/2/2022 11:59:2] /goto miky woodz
[28/2/2022 11:59:4] /goto miky woodz
[28/2/2022 11:59:5] /goto miky woodz
[28/2/2022 11:59:7] /goto miky woodz
[28/2/2022 11:59:9] /goto miky woodz
[28/2/2022 11:59:11] /goto miky woodz
[28/2/2022 11:59:13] /goto miky woodz
[28/2/2022 11:59:15] /goto miky woodz
[28/2/2022 11:59:25] /goto miky woodz
[28/2/2022 11:59:32] /goto miky woodz
[28/2/2022 11:59:39] /goto miky woodz
[28/2/2022 11:59:42] /ghost
[28/2/2022 11:59:43] /goto miky woodz
[28/2/2022 11:59:45] /goto miky woodz
[28/2/2022 11:59:47] /goto miky woodz
[28/2/2022 11:59:54] /goto miky woodz
[28/2/2022 11:59:56] /goto miky woodz
[28/2/2022 12:2:35] /ghost
[28/2/2022 12:3:4] /goto miky woodz
[28/2/2022 12:3:37] /goto miky woodz
[28/2/2022 12:5:43] /goto vermezinho
[28/2/2022 12:8:28] /goto miky woodz
[28/2/2022 12:8:34] /goto miky woodz
[28/2/2022 12:8:38] /goto miky woodz
[28/2/2022 12:8:44] /goto miky woodz
[28/2/2022 12:10:30] /goto nero razis
[28/2/2022 12:12:6] /goto miky woodz
[28/2/2022 12:12:13] /goto miky woodz
[28/2/2022 12:12:34] /goto miky woodz
[28/2/2022 12:12:37] /goto miky woodz
[28/2/2022 12:12:42] /t miky woodz
[28/2/2022 12:12:44] /goto miky woodz
[28/2/2022 12:12:52] /goto miky woodz
[28/2/2022 12:12:54] /goto miky woodz
[28/2/2022 12:12:56] /goto miky woodz
[28/2/2022 12:12:58] /goto miky woodz
[28/2/2022 12:12:59] /goto miky woodz
[28/2/2022 12:13:0] /goto miky woodz
[28/2/2022 12:13:2] /goto miky woodz
[28/2/2022 12:13:3] /goto miky woodz
[28/2/2022 12:13:4] /goto miky woodz
[28/2/2022 12:13:6] /goto miky woodz
[28/2/2022 12:13:7] /goto miky woodz
[28/2/2022 12:13:9] /goto miky woodz
[28/2/2022 12:13:10] /goto miky woodz
[28/2/2022 12:13:14] /goto miky woodz
[28/2/2022 12:13:16] /goto miky woodz
[28/2/2022 12:13:17] /goto miky woodz
[28/2/2022 12:13:19] /goto miky woodz
[28/2/2022 12:13:21] /goto miky woodz
[28/2/2022 12:14:21] /goto miky woodz
[28/2/2022 12:14:35] /goto miky woodz
[28/2/2022 12:14:44] /goto miky woodz
[28/2/2022 12:14:45] /goto miky woodz
[28/2/2022 12:14:47] /goto miky woodz
[28/2/2022 12:14:50] /goto miky woodz
[28/2/2022 12:14:57] /goto miky woodz
[28/2/2022 12:15:6] /goto miky woodz
[28/2/2022 12:15:12] /goto miky woodz
[28/2/2022 12:15:14] /goto miky woodz
[28/2/2022 12:15:15] /goto miky woodz
[28/2/2022 12:15:19] /goto miky woodz
[28/2/2022 12:15:20] /goto miky woodz
[28/2/2022 12:15:21] /goto miky woodz
[28/2/2022 12:15:22] /goto miky woodz
[28/2/2022 12:15:23] /goto miky woodz
[28/2/2022 12:15:24] /goto miky woodz
[28/2/2022 12:15:25] /goto miky woodz
[28/2/2022 12:15:26] /goto miky woodz
[28/2/2022 12:15:28] /goto miky woodz
[28/2/2022 12:15:29] /goto miky woodz
[28/2/2022 12:15:30] /goto miky woodz
[28/2/2022 12:15:31] /goto miky woodz
[28/2/2022 12:33:42] /goto hakiado
[28/2/2022 13:10:41] /goto tiddox
[28/2/2022 13:10:45] /goto tiddox tankafull
[28/2/2022 13:10:50] /t
[28/2/2022 13:20:26] /helpmute Daniel Paladino, 3600
[28/2/2022 15:14:57] /ghost
[28/2/2022 15:15:5] /t hannibal cannibal
[28/2/2022 15:32:33] /ghost
[28/2/2022 15:32:47] /ghost
[28/2/2022 15:38:43] /goto hannibal cannibal
[28/2/2022 17:49:15] /ghost
[28/2/2022 17:49:16] /ghost
[28/2/2022 19:52:36] /helpmute The King Maceio, 3500
[28/2/2022 19:54:10] /goto skol paly
[28/2/2022 19:55:14] /ghost
[28/2/2022 19:55:20] /ghost
[28/2/2022 19:55:41] /t skol paly
[28/2/2022 20:53:36] /t
[28/2/2022 21:6:45] /goto blokadona
[28/2/2022 21:6:49] /ghost
[28/2/2022 21:6:51] /ghost
[28/2/2022 21:6:58] /t
[28/2/2022 21:17:26] /ghost
[28/2/2022 21:17:56] /ghost
[28/2/2022 21:26:54] !online
[28/2/2022 21:50:8] /goto comeu food
[28/2/2022 21:53:57] /goto lavagem de money
[28/2/2022 21:55:34] /goto isg ragnar
[28/2/2022 21:56:21] /t
[28/2/2022 22:1:9] /goto lavagem de money
[28/2/2022 22:1:26] /t
[28/2/2022 22:2:48] /goto tiddox
[28/2/2022 22:3:54] /t
[28/2/2022 22:6:7] /goto lavagem de money
[28/2/2022 23:14:19] /goto kheyn
[28/2/2022 23:14:21] /goto kheyn
[28/2/2022 23:14:38] /t
[1/3/2022 2:53:10] /goto sandra
[1/3/2022 3:10:27] /ghost
[1/3/2022 3:12:15] /ghost
[1/3/2022 3:12:19] /goto corte maldito
[1/3/2022 3:12:23] /ghost
[1/3/2022 3:13:30] /ghost
[1/3/2022 3:13:33] /t
[1/3/2022 9:47:55] !online
[2/3/2022 0:46:56] /goto Sezef He Mu Ecov
[2/3/2022 0:46:58] /goto Sezef He Mu Ecov
[2/3/2022 0:47:0] /goto Sezef He Mu Ecov
[2/3/2022 0:47:2] /goto Sezef He Mu Ecov
[2/3/2022 0:47:6] /goto Sezef He Mu Ecov
[2/3/2022 0:47:38] /t
[2/3/2022 0:48:52] /goto Adrem Mu He Ecov
[2/3/2022 0:48:57] /ghost
[2/3/2022 0:51:57] /ghost
[2/3/2022 0:52:10] /ghost
[2/3/2022 0:54:4] /t
[2/3/2022 0:54:45] /ghost
[2/3/2022 4:41:44] /goto qwertty
[2/3/2022 4:41:48] /goto corte maldito
[2/3/2022 4:41:51] /goto corte maldito
[2/3/2022 4:41:53] /goto corte maldito
[2/3/2022 4:42:0] /ghost
[2/3/2022 4:43:9] /ghost
[2/3/2022 4:43:20] /goto corte malandro
[2/3/2022 4:59:41] !online
[2/3/2022 5:2:0] !online
[2/3/2022 5:2:31] /goto Sezef He Mu Ecov
[2/3/2022 5:2:35] /goto Sezef He Mu Ecov
[2/3/2022 5:2:38] /goto Sezef He Mu Ecov
[2/3/2022 5:2:40] /goto Sezef He Mu Ecov
[2/3/2022 5:2:42] /goto Sezef He Mu Ecov
[2/3/2022 5:2:45] /goto Sezef He Mu Ecov
[2/3/2022 5:2:53] /t
[2/3/2022 5:3:34] /goto Adrem Mu He Ecov
[2/3/2022 5:3:38] /goto Adrem Mu He Ecov
[2/3/2022 5:3:40] /goto Adrem Mu He Ecov
[2/3/2022 5:3:42] /goto Adrem Mu He Ecov
[2/3/2022 5:3:45] /t
[2/3/2022 5:4:23] /goto missel russo]
[2/3/2022 5:4:25] /goto missel russo
[2/3/2022 5:4:29] /goto missel russo
[2/3/2022 5:4:30] /goto missel russo
[2/3/2022 5:4:32] /goto missel russo
[2/3/2022 5:4:38] /goto missel russo
[2/3/2022 5:4:53] /goto andriy shevchenko
[2/3/2022 5:5:2] /goto isg ragnar
[2/3/2022 5:5:4] /goto isg ragnar
[2/3/2022 5:5:11] /goto isg ragnar
[2/3/2022 5:5:13] /goto isg ragnar
[2/3/2022 5:5:15] /goto isg ragnar
[2/3/2022 5:5:16] /goto isg ragnar
[2/3/2022 5:5:18] /goto isg ragnar
[2/3/2022 5:5:19] /goto isg ragnar
[2/3/2022 5:5:24] /goto isg ragnar
[2/3/2022 5:5:31] /goto isg ragnar
[2/3/2022 5:5:33] /goto isg ragnar
[2/3/2022 5:5:34] /goto isg ragnar
[2/3/2022 5:5:46] /goto united states
[2/3/2022 5:5:58] /goto tiddox
[2/3/2022 5:8:21] !online
[2/3/2022 5:8:29] /goto timelo rego
[2/3/2022 5:8:46] /goto tatuzera
[2/3/2022 5:9:8] /goto milena paladina
[2/3/2022 5:9:10] /goto milena paladina
[2/3/2022 5:9:25] /goto Kwosjchakrsng
[2/3/2022 5:9:31] /goto tiddox
[2/3/2022 5:9:34] /goto tiddox
[2/3/2022 5:9:38] /goto tiddox
[2/3/2022 5:11:14] /goto matolaax
[2/3/2022 5:11:21] /goto kwosjchakt
[2/3/2022 5:11:39] /goto hernan crespo
[2/3/2022 5:11:43] /goto james bond
[2/3/2022 5:11:53] /t
[2/3/2022 5:13:30] /goto skol paly
[2/3/2022 5:13:35] /goto bournemouth
[2/3/2022 5:13:40] /t
[2/3/2022 5:13:46] /goto tiao borracheiro
[2/3/2022 5:13:49] /goto negan
[2/3/2022 5:30:46] !online
[2/3/2022 8:13:13] /goto makabrito
[2/3/2022 13:49:59] /t
[2/3/2022 13:50:2] /t hannibal
[2/3/2022 14:43:56] /t hannibal
[2/3/2022 16:16:25] /goto makabrito
[2/3/2022 16:16:55] /ghost
[2/3/2022 16:16:57] /ghost
[2/3/2022 16:17:2] /goto makabrito
[2/3/2022 16:17:54] /goto makabrito
[2/3/2022 16:17:57] /goto makabrito
[2/3/2022 16:18:6] /ghost
[2/3/2022 16:18:41] /ghost
[2/3/2022 16:23:1] /goto makabrito
[2/3/2022 16:24:18] /t
[2/3/2022 21:34:11] /goto tiddox
[2/3/2022 21:35:28] /goto tiddox
[2/3/2022 21:43:34] /goto tiddox
[2/3/2022 22:0:14] /goto tiddox
[2/3/2022 22:7:36] /goto tiddox
[2/3/2022 22:7:54] /ghost
[2/3/2022 22:7:55] /ghost
[2/3/2022 22:27:3] /goto bournemouth
[2/3/2022 22:27:9] /ghost
[2/3/2022 22:27:10] /ghost
[2/3/2022 22:27:16] /ghost
[2/3/2022 22:27:17] /ghost
[2/3/2022 22:27:19] /ghost
[2/3/2022 22:27:20] /ghost
[2/3/2022 22:27:20] /ghost
[2/3/2022 22:27:21] /ghost
[2/3/2022 23:7:38] /t
[3/3/2022 10:15:32] /t
[3/3/2022 10:49:40] !online
[3/3/2022 10:50:17] /goto kurwa ~
[3/3/2022 10:50:49] /goto ricardo kaka
[3/3/2022 10:50:51] /goto ricardo kaka
[3/3/2022 10:50:53] /goto ricardo kaka
[3/3/2022 10:50:54] /goto ricardo kaka
[3/3/2022 10:50:55] /goto ricardo kaka
[3/3/2022 10:50:57] /goto ricardo kaka
[3/3/2022 10:51:10] /goto kwosjchakt
[3/3/2022 10:51:23] /goto ariel motafuma
[3/3/2022 10:51:31] /goto ariel motafuma
[3/3/2022 10:51:56] /goto solitario surfsz
[3/3/2022 10:52:17] /goto tiddox
[3/3/2022 12:18:35] !online
[3/3/2022 12:38:47] /goto break from work
[3/3/2022 13:18:29] /goto sezef
[3/3/2022 13:18:55] /goto sezef he mu ecov
[3/3/2022 13:18:57] /goto sezef he mu ecov
[3/3/2022 13:18:58] /goto sezef he mu ecov
[3/3/2022 13:18:59] /goto sezef he mu ecov
[3/3/2022 13:18:59] /goto sezef he mu ecov
[3/3/2022 13:19:0] /goto sezef he mu ecov
[3/3/2022 13:19:2] /goto sezef he mu ecov
[3/3/2022 13:19:3] /goto sezef he mu ecov
[3/3/2022 13:19:4] /goto sezef he mu ecov
[3/3/2022 13:19:5] /goto sezef he mu ecov
[3/3/2022 13:19:6] /goto sezef he mu ecov
[3/3/2022 13:19:7] /goto sezef he mu ecov
[3/3/2022 13:19:8] /goto sezef he mu ecov
[3/3/2022 13:19:9] /goto sezef he mu ecov
[3/3/2022 13:19:11] /goto sezef he mu ecov
[3/3/2022 13:19:12] /goto sezef he mu ecov
[3/3/2022 13:19:16] /goto sezef he mu ecov
[3/3/2022 13:19:18] /goto sezef he mu ecov
[3/3/2022 13:19:21] /goto sezef he mu ecov
[3/3/2022 13:19:24] /goto sezef he mu ecov
[3/3/2022 13:19:26] /goto sezef he mu ecov
[3/3/2022 13:19:27] /goto sezef he mu ecov
[3/3/2022 13:19:31] /goto sezef he mu ecov
[3/3/2022 13:19:34] /goto sezef he mu ecov
[3/3/2022 13:19:36] /goto sezef he mu ecov
[3/3/2022 13:19:37] /goto sezef he mu ecov
[3/3/2022 13:19:39] /goto sezef he mu ecov
[3/3/2022 13:19:43] /goto sezef he mu ecov
[3/3/2022 13:19:44] /goto sezef he mu ecov
[3/3/2022 13:19:51] /goto sezef he mu ecov
[3/3/2022 13:20:26] /goto sezef he mu ecov
[3/3/2022 13:20:53] /t
[3/3/2022 13:20:59] /t sezef he mu evoc
[3/3/2022 13:21:2] /t sezef he mu ecov
[3/3/2022 14:15:41] /goto tiddox
[3/3/2022 14:15:46] /goto tiddox tankafull
[3/3/2022 14:16:56] /t hannibal
[3/3/2022 14:16:59] /t hannibal cannibal
[3/3/2022 15:41:33] /goto tiddox
[3/3/2022 15:44:59] /goto tiddox
[3/3/2022 15:48:11] /t
[3/3/2022 21:13:2] /t maconnight
[3/3/2022 21:13:7] /t maconnight
[3/3/2022 21:13:38] /goto maconnight
[3/3/2022 21:17:49] /goto macconnight
[3/3/2022 21:17:53] /goto maconnight
[3/3/2022 21:21:47] /ghost
[3/3/2022 21:22:25] /ghost
[3/3/2022 21:26:1] /helpmute bubble, 3600
[3/3/2022 21:35:30] /goto macaquinho bejota
[3/3/2022 21:37:58] /goto macaquinho bejota
[3/3/2022 21:39:55] /goto macaquinho bejota
[3/3/2022 21:43:43] /goto macaquinho bejote
[3/3/2022 21:43:45] /goto macaquinho bejota
[3/3/2022 22:57:28] /goto hannibal cannibal
[3/3/2022 22:57:34] /t hannibal cannibal
[3/3/2022 22:57:52] /goto hannibal
[3/3/2022 23:10:34] /goto hannibal
[3/3/2022 23:10:38] /t hannibal
[3/3/2022 23:10:40] /goto hannibal
[3/3/2022 23:19:4] /goto tiddox
[3/3/2022 23:25:58] /goto hannibal
[3/3/2022 23:42:19] /goto Kwosjchakii
[3/3/2022 23:42:31] /goto Kwosjchakii
[3/3/2022 23:42:55] /goto Kwosjchakii
[3/3/2022 23:43:38] /t John Starbucksz
[3/3/2022 23:43:42] /t tiddox
[3/3/2022 23:43:48] /goto tiddox
[3/3/2022 23:43:53] /goto tiddox tankafull
[3/3/2022 23:44:11] /goto tiddox arrogante
[3/3/2022 23:49:45] /goto Kwosjchakii
[4/3/2022 0:29:8] /goto hannibal
[4/3/2022 0:39:12] /goto hannibaç
[4/3/2022 0:39:14] /goto hannibal
[4/3/2022 0:51:22] /t
[4/3/2022 0:52:18] !online
[4/3/2022 1:41:1] /goto makabrito
[4/3/2022 1:41:10] /goto makabrito
[4/3/2022 1:41:13] /goto makabrito
[4/3/2022 1:41:16] /goto makabrito
[4/3/2022 1:41:18] /goto makabrito
[4/3/2022 1:41:20] /goto makabrito
[4/3/2022 1:41:23] /goto makabrito
[4/3/2022 1:41:26] /goto makabrito
[4/3/2022 1:41:55] /goto makabrito
[4/3/2022 1:41:58] /goto makabrito
[4/3/2022 1:42:1] /goto makabrito
[4/3/2022 1:42:2] /goto makabrito
[4/3/2022 1:42:4] /goto makabrito
[4/3/2022 1:42:5] /goto makabrito
[4/3/2022 1:42:6] /goto makabrito
[4/3/2022 1:42:8] /goto makabrito
[4/3/2022 1:42:9] /goto makabrito
[4/3/2022 1:42:10] /goto makabrito
[4/3/2022 1:42:11] /goto makabrito
[4/3/2022 1:42:12] /goto makabrito
[4/3/2022 1:42:13] /goto makabrito
[4/3/2022 1:42:14] /goto makabrito
[4/3/2022 1:42:30] /goto makabrito
[4/3/2022 1:42:32] /goto makabrito
[4/3/2022 1:42:34] /goto makabrito
[4/3/2022 1:42:35] /goto makabrito
[4/3/2022 1:42:37] /goto makabrito
[4/3/2022 1:42:38] /goto makabrito
[4/3/2022 1:42:55] /goto makabrito
[4/3/2022 1:42:56] /goto makabrito
[4/3/2022 1:42:58] /goto makabrito
[4/3/2022 1:43:0] /goto makabrito
[4/3/2022 1:43:2] /goto makabrito
[4/3/2022 1:43:4] /goto makabrito
[4/3/2022 1:43:6] /goto makabrito
[4/3/2022 1:43:7] /goto makabrito
[4/3/2022 1:43:9] /goto makabrito
[4/3/2022 1:43:11] /goto makabrito
[4/3/2022 1:43:16] /goto makabrito
[4/3/2022 1:43:18] /goto makabrito
[4/3/2022 1:44:22] /goto makabrito
[4/3/2022 1:45:18] /goto makabrito
[4/3/2022 1:55:0] /t cidinha black
[4/3/2022 2:1:0] /goto makabrito
[4/3/2022 2:3:8] /goto corte maldito
[4/3/2022 2:7:52] /goto makabrito
[4/3/2022 2:13:52] !online
[4/3/2022 2:17:14] /goto makabrito
[4/3/2022 2:19:55] /goto makabrito
[4/3/2022 2:20:1] /ghost
[4/3/2022 2:22:36] /ban corte maldititoDUDE YOU WILL WANT TO LIE TO ME MY GUY, YOUR OTHER MC WAS A CITIZEN START CLOTHING
[4/3/2022 2:24:41] /ghost
[4/3/2022 2:28:29] /goto makabrito
[4/3/2022 2:28:33] /goto makabrito
[4/3/2022 2:28:37] /goto makabrito
[4/3/2022 2:28:42] /goto corte malditito
[4/3/2022 2:28:45] /goto makabrito
[4/3/2022 2:28:49] /t
[4/3/2022 16:0:18] !online
[7/3/2022 0:54:2] !rank level
[7/3/2022 0:54:13] !online
[7/3/2022 6:4:33] !online
[7/3/2022 6:36:10] !online
[7/3/2022 10:1:13] !online
[7/3/2022 10:21:4] !online
[7/3/2022 12:10:19] !online
[7/3/2022 12:15:25] !online
[7/3/2022 14:9:14] !online
[7/3/2022 14:9:28] !rank level
[7/3/2022 14:9:56] !rank level
[8/3/2022 2:28:53] !online
[8/3/2022 2:29:30] !online
[8/3/2022 3:2:3] !rank level
[11/3/2022 18:37:18] !aol
