[14/12/2021 16:26:39] !online
[14/12/2021 17:18:46] !serverinfo
[14/12/2021 17:56:35] !aol
[14/12/2021 17:57:59] !aol
[14/12/2021 18:26:55] !aol
[14/12/2021 19:6:53] !aol
[15/12/2021 10:21:51] !online
[15/12/2021 12:16:39] !serverinfo
[15/12/2021 12:50:37] !online
[15/12/2021 13:15:45] !serverinfo
[15/12/2021 23:2:31] !aol
[16/12/2021 12:57:55] !online
[16/12/2021 14:39:55] !rank k
[16/12/2021 14:39:59] !rank level
[16/12/2021 14:40:15] !rank distance
[16/12/2021 14:42:27] !online
[16/12/2021 17:7:20] !aol
[16/12/2021 17:22:30] !serverinfo
[16/12/2021 17:43:52] !online
[16/12/2021 17:43:58] !online
[16/12/2021 22:12:45] !serverinfo
[17/12/2021 12:43:28] !online
[17/12/2021 12:44:43] !rank level
[17/12/2021 13:51:48] !serverinfo
[17/12/2021 18:27:52] !online
