[11/2/2022 16:39:38] !online
[12/2/2022 20:1:59] !online
[12/2/2022 20:49:31] !online
[12/2/2022 23:20:11] !online
[13/2/2022 8:54:42] !online
[13/2/2022 11:23:24] !online
[13/2/2022 13:4:28] !rank distance
[15/2/2022 16:19:1] !online
[15/2/2022 16:50:13] !rank distance
[16/2/2022 9:44:39] !online
[16/2/2022 21:18:18] !online
[17/2/2022 16:55:10] !online
[17/2/2022 18:15:12] !online
[17/2/2022 23:7:31] !online
[18/2/2022 14:22:57] !online
[18/2/2022 16:14:24] !rank level
[18/2/2022 16:14:50] !rank level
[18/2/2022 18:26:19] !online
[18/2/2022 18:31:8] !online
[18/2/2022 21:37:35] !online
[18/2/2022 22:25:56] !online
[18/2/2022 22:38:20] !online
[19/2/2022 12:30:52] !online
[19/2/2022 14:9:55] !online
[19/2/2022 15:23:46] !rank distance
[19/2/2022 15:51:17] !online
[20/2/2022 10:54:16] !online
[20/2/2022 11:23:39] !rank distance
[20/2/2022 11:47:26] !rank
[20/2/2022 11:47:28] !rank level
[20/2/2022 22:34:17] !online
[21/2/2022 0:54:59] !online
[21/2/2022 13:25:51] !online
[21/2/2022 15:47:36] !online
[21/2/2022 16:10:24] !online
[21/2/2022 17:6:25] !online
[21/2/2022 20:17:50] !online
[21/2/2022 23:5:35] !online
[22/2/2022 0:49:49] !frags
