[10/12/2021 20:9:30] !rank level
[10/12/2021 20:9:42] !online
[10/12/2021 20:31:5] !buyhouse
[10/12/2021 20:31:25] !rank level
[10/12/2021 20:32:59] !aol
[10/12/2021 20:43:32] !aol
[10/12/2021 21:1:15] !aol
[10/12/2021 21:2:19] !rank level
[10/12/2021 21:11:54] !aol
[10/12/2021 21:13:18] !aol
[10/12/2021 21:15:33] !rank level
[10/12/2021 21:25:1] !rank magic
[10/12/2021 21:35:37] !rank level
[10/12/2021 21:42:4] !aol
[10/12/2021 21:47:18] !rank magic
[10/12/2021 21:53:16] !rank magic
[10/12/2021 22:3:42] !buyhouse
[10/12/2021 22:3:47] !buyhouse
[10/12/2021 22:3:56] !buyhouse
[10/12/2021 22:11:56] !aol
[10/12/2021 22:26:28] !rank magic
[10/12/2021 22:35:29] !aol
[10/12/2021 22:49:41] !rank level
[11/12/2021 14:58:33] !rank level
[11/12/2021 15:2:40] !aol
[11/12/2021 16:24:58] !rank magic
[11/12/2021 16:30:49] !rank level
[11/12/2021 19:43:22] !online
[11/12/2021 22:16:39] !aol
[12/12/2021 3:20:21] !rank level
[12/12/2021 18:7:0] !aol
[12/12/2021 18:10:42] !aol
[12/12/2021 18:13:53] !rank level
[13/12/2021 4:32:56] !aol
[13/12/2021 11:1:14] !rank level
[13/12/2021 11:1:20] !online
[13/12/2021 23:15:46] !online
[13/12/2021 23:25:46] !rank level
[13/12/2021 23:49:51] !aol
[14/12/2021 0:5:13] !aol
[10/2/2022 20:11:54] !online
[10/2/2022 20:32:5] !rank level
[10/2/2022 20:37:44] !rank magic
[10/2/2022 20:48:20] !rank level
[10/2/2022 20:58:2] !aol
[10/2/2022 21:0:8] !rank level
[10/2/2022 21:32:49] !aol
[10/2/2022 21:52:34] !aol
[10/2/2022 22:7:15] !online
[10/2/2022 22:11:41] !aol
[10/2/2022 22:15:42] !rank level
[10/2/2022 22:22:9] !aol
[10/2/2022 23:20:15] !aol
[10/2/2022 23:35:21] !online
[10/2/2022 23:41:9] !buyhouse
[10/2/2022 23:51:58] !guildpoints
[10/2/2022 23:58:20] !aol
[11/2/2022 0:38:49] !aol
[11/2/2022 1:4:26] !rank level
[11/2/2022 2:27:35] !rank level
[11/2/2022 2:27:41] !rank magic
[11/2/2022 2:51:6] !rank level
[11/2/2022 2:52:52] !rank level
[11/2/2022 3:45:47] !rank level
[11/2/2022 4:56:42] !aol
[11/2/2022 17:48:24] !rank level
[11/2/2022 17:48:51] !rank magic
[11/2/2022 18:27:33] !online
[11/2/2022 21:8:34] !rank level
[11/2/2022 21:24:6] !aol
[12/2/2022 2:18:31] !aol
[15/2/2022 0:5:40] !rank level
[15/2/2022 0:6:4] !rank level
[15/2/2022 0:7:7] !rank level
[15/2/2022 2:0:52] !rank level
[15/2/2022 2:11:14] !rank level
[15/2/2022 10:27:54] !aol
[15/2/2022 10:48:16] !rank level
[15/2/2022 11:1:35] !online
[15/2/2022 14:29:15] !aol
[15/2/2022 18:4:18] !rank level
[15/2/2022 19:31:33] !rank level
[15/2/2022 21:34:59] !aol
[15/2/2022 23:22:20] !aol
[16/2/2022 0:4:57] !aol
[16/2/2022 0:15:43] !aol
[16/2/2022 9:15:32] !online
[16/2/2022 10:58:23] !rank level
[16/2/2022 13:55:40] !rank level
[16/2/2022 14:11:44] !online
[16/2/2022 15:32:18] !aol
[16/2/2022 18:9:14] !aol
[16/2/2022 18:37:25] !online
[17/2/2022 0:45:45] !rank level
[17/2/2022 0:47:30] !eject
[17/2/2022 0:47:38] !eject
[17/2/2022 0:47:44] !eject
[17/2/2022 0:48:4] !eject
[17/2/2022 7:29:49] !rank level
[17/2/2022 7:30:2] !online
[17/2/2022 8:4:30] !rank level
[17/2/2022 14:49:35] !aol
[17/2/2022 22:51:24] !rank level
[17/2/2022 22:58:30] !aol
[18/2/2022 12:54:10] !aol
[18/2/2022 22:0:10] !aol
[18/2/2022 22:6:4] !online
[18/2/2022 22:14:17] !rank level
[18/2/2022 22:52:32] !aol
[19/2/2022 18:6:27] !online
[19/2/2022 18:47:0] !online
[21/2/2022 14:37:53] !online
[21/2/2022 14:40:5] !rank level
[21/2/2022 21:23:57] !online
[21/2/2022 23:5:28] !rank lelvel
[21/2/2022 23:5:36] !rank level
[23/2/2022 20:14:57] !online
[23/2/2022 20:27:33] !rank levwel
[23/2/2022 20:27:36] !rank level
[23/2/2022 21:2:2] !aol
[23/2/2022 21:3:40] !rank level
[23/2/2022 21:11:20] !rank magic
[23/2/2022 21:11:33] !aol
[23/2/2022 22:8:23] !aol
[23/2/2022 23:23:26] !aol
[24/2/2022 0:54:39] !aol
[24/2/2022 0:57:4] !rank level
[24/2/2022 7:28:28] !aol
[24/2/2022 13:43:41] !aol
[24/2/2022 13:43:57] !rank level
[24/2/2022 13:51:33] !rank level
[24/2/2022 15:0:43] !aol
[24/2/2022 18:15:2] !aol
[24/2/2022 18:27:57] !aol
[24/2/2022 18:53:48] !aol
[24/2/2022 18:57:7] !rank sword
[24/2/2022 18:57:12] !rank distance
[24/2/2022 19:25:13] !aol
[28/2/2022 15:28:20] !online
