[14/12/2021 17:2:24] !aol
[16/12/2021 14:34:44] !wand ice
[16/12/2021 16:23:47] !eject
[16/12/2021 16:23:52] !eject
[16/12/2021 16:23:55] !eject
[16/12/2021 16:24:2] !eject
[18/12/2021 19:15:53] !wand ice
[18/12/2021 21:33:39] !rank magic
[19/12/2021 11:56:40] !emotespells on
[20/12/2021 22:13:29] !online
[21/12/2021 13:5:30] !rank magic
[21/12/2021 13:5:52] !eject
[21/12/2021 13:6:17] !eject
[21/12/2021 13:6:24] !eject
[21/12/2021 13:6:32] !eject
[21/12/2021 13:6:38] !eject
[21/12/2021 13:6:44] !buyhouse
[21/12/2021 13:7:6] !eject
[21/12/2021 13:7:14] !eject
[21/12/2021 13:7:17] !eject
[21/12/2021 13:7:21] !eject
[21/12/2021 23:10:5] aleta som
[21/12/2021 23:10:9] aleta som
[21/12/2021 23:12:33] !protecthouse
[21/12/2021 23:12:36] !protecthouse off
[21/12/2021 23:22:39] !rank magic
[21/12/2021 23:43:8] !eject
[21/12/2021 23:43:59] !eject
[21/12/2021 23:44:2] !eject
[21/12/2021 23:44:5] !eject
[21/12/2021 23:44:24] !eject
[21/12/2021 23:44:42] !eject
[21/12/2021 23:44:47] !eject
[21/12/2021 23:45:0] !eject
[21/12/2021 23:45:14] !eject
[21/12/2021 23:45:17] !eject
[21/12/2021 23:45:25] !eject
[21/12/2021 23:45:31] !eject
[21/12/2021 23:45:46] !eject
[21/12/2021 23:45:52] !eject
[21/12/2021 23:46:4] !eject
[21/12/2021 23:46:9] !eject
[21/12/2021 23:46:19] !eject
[22/12/2021 1:7:4] !online
[22/12/2021 20:11:52] !online
[22/12/2021 20:16:53] !online
[23/12/2021 0:42:39] aleta som
[23/12/2021 1:18:24] !rank magic
[23/12/2021 8:48:33] !eject
[23/12/2021 8:48:40] !eject
[23/12/2021 8:48:46] !eject
[23/12/2021 8:48:49] !eject
[23/12/2021 8:49:1] !eject
[23/12/2021 8:49:32] !eject
[23/12/2021 11:58:6] aleta som
[23/12/2021 11:58:33] !eject
[23/12/2021 11:58:37] !eject
[23/12/2021 11:58:41] !eject
[23/12/2021 11:58:45] aleta som
[23/12/2021 11:58:50] aleta sio
[23/12/2021 12:2:52] aleta som
[23/12/2021 17:41:26] !rank magic
[23/12/2021 17:42:1] !rank club
[23/12/2021 18:7:3] !eject
[23/12/2021 18:7:7] !eject
[23/12/2021 18:7:13] !eject
[23/12/2021 18:7:20] !eject
[23/12/2021 18:7:24] !eject
[24/12/2021 2:37:52] !online
[24/12/2021 13:6:6] !eject
[24/12/2021 13:6:9] !eject
[24/12/2021 13:6:12] !eject
[24/12/2021 13:31:11] !eject
[24/12/2021 13:31:27] !eject
[24/12/2021 13:31:31] !eject
[24/12/2021 13:31:44] !eject
[24/12/2021 13:31:48] !eject
[24/12/2021 13:31:55] !eject
[24/12/2021 13:32:4] !eject
[24/12/2021 16:39:55] !eject
[24/12/2021 16:40:1] !eject
[24/12/2021 16:40:10] !eject
[24/12/2021 16:40:14] !eject
[24/12/2021 16:40:25] !eject
[24/12/2021 16:40:33] !eject
[24/12/2021 17:12:37] !wand ice
[24/12/2021 17:12:48] !wand ice
[24/12/2021 17:12:52] !wand san
[24/12/2021 17:25:38] !rank magic
[24/12/2021 17:58:57] !online
[24/12/2021 17:59:28] !online
[24/12/2021 18:23:7] !online
[24/12/2021 18:26:14] !frags
[24/12/2021 18:27:9] !online
[24/12/2021 19:19:18] aleta sio
[24/12/2021 19:19:34] aleta sio
[24/12/2021 19:19:36] aleta sio
[24/12/2021 19:33:45] !eject
[24/12/2021 19:34:6] !eject
[24/12/2021 19:34:13] !eject
[24/12/2021 19:34:18] !eject
[24/12/2021 19:34:28] !eject
[24/12/2021 19:37:17] aleta som
[24/12/2021 19:37:22] aleta som
[24/12/2021 19:37:25] aleta sio
[24/12/2021 21:22:58] !online
[25/12/2021 21:17:15] !eject
[25/12/2021 21:18:39] !online
[26/12/2021 20:37:34] !online
[26/12/2021 20:51:51] !guildpoints
[26/12/2021 21:17:38] aleta som
[26/12/2021 21:17:42] aleta sio
[26/12/2021 21:18:22] aleta som
[26/12/2021 21:18:25] aleta sio
[26/12/2021 23:51:6] !serverinfo
[27/12/2021 7:18:13] !online
[27/12/2021 11:54:52] !online
[27/12/2021 14:6:18] !leavehouse
[27/12/2021 14:6:21] !leavehouse
[27/12/2021 14:9:7] !buyhouse
[27/12/2021 14:13:7] aleta som
[27/12/2021 14:13:29] aleta som
[27/12/2021 14:13:35] aleta sio
[27/12/2021 14:13:56] aleta sio
[27/12/2021 14:21:59] !rank magic
[27/12/2021 19:56:5] !protecthouse on
[27/12/2021 22:33:26] !online
[28/12/2021 9:36:11] !online
[28/12/2021 13:48:59] aleta som
[28/12/2021 13:49:2] aleta sio
[28/12/2021 13:51:44] aleta sio
[28/12/2021 13:51:56] aleta sio
[28/12/2021 23:46:33] !online
[28/12/2021 23:52:4] !protecthouse off
[29/12/2021 0:2:59] !online
[29/12/2021 0:6:2] !serverinfo
[29/12/2021 14:55:0] !online
[29/12/2021 21:28:25] !online
[29/12/2021 21:36:51] !online
[30/12/2021 16:31:25] !online
[2/1/2022 7:23:59] !rank magic
[2/1/2022 16:57:6] !rank magic
