[28/5/2022 11:19:10] 
[28/5/2022 11:19:40] 
[28/5/2022 11:20:11] 
[28/5/2022 11:20:40] 
[28/5/2022 11:21:10] 
[28/5/2022 11:21:29] 
[28/5/2022 11:21:59] 
[28/5/2022 11:22:29] 
[28/5/2022 11:22:59] 
[28/5/2022 11:23:29] 
[28/5/2022 11:23:59] 
[28/5/2022 11:24:29] 
[28/5/2022 11:24:59] 
[28/5/2022 11:25:29] 
[28/5/2022 11:25:59] 
[28/5/2022 11:26:29] 
[28/5/2022 11:26:59] 
[28/5/2022 11:50:18] !aol
[28/5/2022 12:0:48] !aol
[28/5/2022 12:10:43] !emotespells on
[28/5/2022 13:3:47] !aol
[28/5/2022 13:34:9] !aol
[28/5/2022 15:4:8] !aol
[28/5/2022 15:17:50] !aol
[28/5/2022 15:18:27] !aol
[28/5/2022 15:38:16] !aol
[28/5/2022 16:23:11] !aol
[28/5/2022 20:21:18] !aol
[28/5/2022 23:21:58] !aol
[29/5/2022 0:11:57] !aol
[29/5/2022 10:57:17] !aol
[29/5/2022 11:0:55] !aol
[29/5/2022 11:55:12] !aol
[29/5/2022 12:33:53] !aol
[29/5/2022 16:28:26] !aol
[31/5/2022 20:40:39] !aol
[31/5/2022 22:1:28] !aol
[31/5/2022 22:42:27] !emotespells on
[31/5/2022 23:28:19] !buyhouse
[31/5/2022 23:28:22] !buyhouse
[31/5/2022 23:28:28] !buyhouse
[31/5/2022 23:28:44] !buyhouse
[31/5/2022 23:28:46] !buyhouse
[31/5/2022 23:30:45] !buyhouse
[31/5/2022 23:30:48] !buyhouse
[31/5/2022 23:32:24] !buyhouse
[31/5/2022 23:35:42] !buyhouse
[31/5/2022 23:35:45] !buyhouse
[31/5/2022 23:42:6] 
[1/6/2022 10:38:20] !buyhouse
[1/6/2022 11:8:22] !aol
[1/6/2022 13:6:40] !aol
[1/6/2022 20:39:39] !aol
[1/6/2022 21:2:0] !aol
[2/6/2022 1:56:21] !aol
[2/6/2022 2:39:47] !aol
[2/6/2022 7:21:2] !aol
[2/6/2022 9:35:16] !aol
[2/6/2022 13:18:39] !aol
[2/6/2022 19:13:16] !aol
[2/6/2022 19:28:29] !aol
[2/6/2022 20:17:48] !frags
[2/6/2022 21:54:57] !frags
[2/6/2022 22:1:40] !aol
[2/6/2022 22:1:58] !frags
[2/6/2022 22:9:30] !frags
[2/6/2022 22:32:10] !aol
[2/6/2022 22:40:26] !frags
[2/6/2022 22:46:35] !frags
[2/6/2022 22:54:6] !aol
[2/6/2022 22:56:23] !frags
[2/6/2022 22:58:7] !frags
[2/6/2022 23:2:36] !frags
[2/6/2022 23:16:8] !frags
[2/6/2022 23:23:9] !aol
[2/6/2022 23:39:44] 
[3/6/2022 7:24:10] aleta sio
[3/6/2022 7:34:48] aleta grav
[3/6/2022 7:35:12] aleta som
[3/6/2022 7:35:18] aleta som
[3/6/2022 7:35:21] aleta sio
[3/6/2022 7:35:30] aleta sio
[3/6/2022 7:35:33] aleta som
[3/6/2022 7:35:44] aleta grav
[3/6/2022 7:47:4] !protecthouse
[3/6/2022 7:47:7] !protecthouse off
[3/6/2022 11:25:14] aleta sio
[3/6/2022 11:25:16] aleta sio
[3/6/2022 11:25:33] aleta som
[3/6/2022 11:25:40] aleta grav
[4/6/2022 13:30:53] !frags
[4/6/2022 13:46:36] !online
[4/6/2022 13:52:41] !aol
[4/6/2022 13:57:23] !aol
[4/6/2022 14:16:16] !frags
[4/6/2022 23:16:40] !aol
[4/6/2022 23:18:5] !rank magic
[5/6/2022 21:57:26] !aol
[5/6/2022 22:27:16] !aol
[6/6/2022 2:54:4] !aol
[6/6/2022 3:28:19] !aol
[6/6/2022 18:32:25] !aol
[6/6/2022 19:47:59] !frags
[6/6/2022 19:54:24] !frags
[6/6/2022 20:5:55] !frags
[6/6/2022 20:41:19] !online
[6/6/2022 21:3:26] !aol
[6/6/2022 21:30:26] !frags
[6/6/2022 21:58:36] !frags
[6/6/2022 22:28:22] !frags
[7/6/2022 10:14:14] !aol
[7/6/2022 12:51:23] !aol
[7/6/2022 18:24:58] !aol
[7/6/2022 19:16:3] !online
[7/6/2022 19:32:12] !frags
[7/6/2022 19:41:53] !frags
[7/6/2022 20:4:38] !frags
[9/6/2022 19:27:10] !online
