[31/5/2022 22:38:33] !aol
[31/5/2022 22:44:15] !aol
[31/5/2022 23:31:9] !aol
[1/6/2022 15:50:53] !rank
[1/6/2022 15:55:24] !rank level
[1/6/2022 16:3:29] !rank level
[1/6/2022 17:25:19] !rank magic
[1/6/2022 17:25:36] !rank magic
[1/6/2022 17:30:43] !aol
[1/6/2022 17:44:39] !frags
[1/6/2022 17:49:21] !frags
[1/6/2022 18:12:37] !frags
[1/6/2022 18:46:1] !buyhouse
[1/6/2022 18:46:7] !buyhouse
[1/6/2022 18:49:55] !rank level
[1/6/2022 20:42:35] !online
[2/6/2022 2:59:57] !rank level
[2/6/2022 4:1:2] !rank level
[2/6/2022 4:19:27] !rank level
[2/6/2022 4:51:1] !aol
