[2/6/2022 20:18:3] !aol
[9/6/2022 19:47:17] !online
[9/6/2022 23:49:5] !aol
[9/6/2022 23:52:27] !online
[10/6/2022 0:3:48] !aol
[17/11/2023 23:21:52] !aol
[18/11/2023 15:19:31] !online
[18/11/2023 16:19:44] !online
[18/11/2023 16:21:30] !aol
[19/11/2023 12:55:57] !aol
[19/11/2023 16:20:16] !online
[20/11/2023 19:24:50] !online
[20/11/2023 19:46:12] !aol
[20/11/2023 20:58:38] !buyhouse
[20/11/2023 21:10:16] aleta sio
[20/11/2023 21:10:36] aleta som
[20/11/2023 21:10:54] aleta sio
[20/11/2023 21:11:2] aleta som
[20/11/2023 22:55:15] !aol
[28/11/2023 0:4:42] !online
