[23/2/2022 20:12:13] !online
[23/2/2022 23:23:40] !buyhouse
[23/2/2022 23:25:49] !buyhouse
[23/5/2022 8:59:53] !buyhouse
[24/5/2022 9:23:11] !online
[27/5/2022 20:31:48] !aol
[27/5/2022 20:39:8] !emotespells on
[27/5/2022 20:44:34] !emotespells on
[27/5/2022 20:47:3] !emotespells on
[27/5/2022 20:57:56] !online
[27/5/2022 21:9:39] !emotespells on
[27/5/2022 21:16:51] !online
[27/5/2022 21:29:49] !emotespells on
[27/5/2022 21:46:16] !emotespells on
[27/5/2022 22:21:53] !emotespells on
[27/5/2022 22:37:22] !emotespells on
[27/5/2022 22:43:53] !online
[27/5/2022 22:50:29] !emotespells on
[27/5/2022 23:5:37] !emotespells on
[27/5/2022 23:20:21] !emotespells on
[27/5/2022 23:35:15] !emotespells on
[27/5/2022 23:47:51] !emotespells on
[28/5/2022 0:2:15] !emotespells on
[28/5/2022 0:14:30] !emotespells on
[28/5/2022 0:27:18] !emotespells on
[28/5/2022 0:40:13] !emotespells on
[28/5/2022 0:52:30] !emotespells on
[28/5/2022 1:4:40] !emotespells on
[28/5/2022 1:17:48] !emotespells on
[28/5/2022 1:28:30] !emotespells on
[28/5/2022 1:40:4] !emotespells on
[28/5/2022 1:49:19] !emotespells on
[28/5/2022 1:58:49] !emotespells on
[28/5/2022 2:10:39] !emotespells on
[28/5/2022 2:22:28] !emotespells on
[28/5/2022 2:33:54] !emotespells on
[28/5/2022 2:45:36] !emotespells on
[28/5/2022 2:57:13] !emotespells on
[28/5/2022 3:8:39] !emotespells on
[28/5/2022 3:20:37] !emotespells on
[28/5/2022 3:33:0] !emotespells on
[28/5/2022 3:45:35] !emotespells on
[28/5/2022 3:58:2] !emotespells on
[28/5/2022 4:11:46] !emotespells on
[28/5/2022 4:24:10] !emotespells on
[28/5/2022 4:38:4] !emotespells on
[28/5/2022 4:50:41] !emotespells on
[28/5/2022 5:8:6] !emotespells on
[28/5/2022 5:20:49] !emotespells on
[28/5/2022 5:34:46] !emotespells on
[28/5/2022 5:47:10] !emotespells on
[28/5/2022 6:0:35] !emotespells on
[28/5/2022 6:16:40] !emotespells on
[28/5/2022 6:27:10] !emotespells on
[28/5/2022 6:34:45] !emotespells on
[28/5/2022 6:34:56] !emotespells on
[28/5/2022 6:38:30] !emotespells on
[28/5/2022 6:45:2] !emotespells on
[28/5/2022 7:8:36] !emotespells on
[28/5/2022 11:16:45] !online
[28/5/2022 12:54:39] !emotespells on
[28/5/2022 12:54:47] !serverinfo
[28/5/2022 13:3:19] !emotespells on
[28/5/2022 13:11:56] !emotespells on
[28/5/2022 13:23:1] !emotespells on
[28/5/2022 13:36:45] !emotespells on
[28/5/2022 13:48:48] !emotespells on
[28/5/2022 14:3:3] !emotespells on
[28/5/2022 14:18:17] !emotespells on
[28/5/2022 14:30:5] !emotespells on
[28/5/2022 14:41:35] !emotespells on
[28/5/2022 14:55:30] !emotespells on
[28/5/2022 15:7:24] !emotespells on
[28/5/2022 15:20:37] !emotespells on
[28/5/2022 15:32:30] !emotespells on
[28/5/2022 15:48:57] !emotespells on
[28/5/2022 15:56:48] !emotespells on
[28/5/2022 16:3:19] !emotespells on
[28/5/2022 16:12:18] !emotespells on
[28/5/2022 16:23:8] !emotespells on
[28/5/2022 16:33:12] !emotespells on
[28/5/2022 16:39:59] !emotespells on
[28/5/2022 16:49:3] !emotespells on
[28/5/2022 16:56:43] !emotespells on
[28/5/2022 17:7:40] !emotespells on
[28/5/2022 17:17:12] !emotespells on
[28/5/2022 17:27:24] !emotespells on
[28/5/2022 17:34:52] !emotespells on
[28/5/2022 17:49:15] !emotespells on
[28/5/2022 17:58:7] !emotespells on
[28/5/2022 18:4:45] !emotespells on
[28/5/2022 18:14:48] !emotespells on
[28/5/2022 18:27:32] !emotespells on
[28/5/2022 18:37:48] !emotespells on
[28/5/2022 18:45:38] !emotespells on
[28/5/2022 18:52:50] !emotespells on
[28/5/2022 19:0:9] !emotespells on
[28/5/2022 19:10:11] !emotespells on
[28/5/2022 19:21:18] !emotespells on
[28/5/2022 19:32:0] !emotespells on
[28/5/2022 19:41:15] !emotespells on
[28/5/2022 19:47:52] !emotespells on
[28/5/2022 19:56:41] !emotespells on
[28/5/2022 20:7:45] !emotespells on
[28/5/2022 20:19:16] !emotespells on
[28/5/2022 20:30:33] !emotespells on
[28/5/2022 20:41:40] !emotespells on
[28/5/2022 20:49:20] !emotespells on
[28/5/2022 20:57:30] !emotespells on
[28/5/2022 21:7:20] !emotespells on
[28/5/2022 21:17:21] !emotespells on
[28/5/2022 21:28:39] !emotespells on
[28/5/2022 21:37:41] !emotespells on
[28/5/2022 21:46:21] !emotespells on
[28/5/2022 21:55:57] !emotespells on
[28/5/2022 22:7:51] !emotespells on
[28/5/2022 22:41:22] !emotespells on
[28/5/2022 22:47:10] !emotespells on
[28/5/2022 22:54:40] !emotespells on
[28/5/2022 23:2:24] !emotespells on
[28/5/2022 23:10:11] !emotespells on
[28/5/2022 23:19:4] !emotespells on
[28/5/2022 23:29:8] !emotespells on
[28/5/2022 23:36:38] !emotespells on
[28/5/2022 23:44:8] !emotespells on
[28/5/2022 23:51:38] !emotespells on
[29/5/2022 0:0:12] !emotespells on
[29/5/2022 0:8:36] !emotespells on
[29/5/2022 0:16:10] !emotespells on
[29/5/2022 0:24:21] !emotespells on
[29/5/2022 0:33:12] !emotespells on
[29/5/2022 0:43:0] !emotespells on
[29/5/2022 0:55:40] !emotespells on
[29/5/2022 1:8:7] !emotespells on
[29/5/2022 1:19:12] !emotespells on
[29/5/2022 1:31:15] !emotespells on
[29/5/2022 1:44:46] !emotespells on
[29/5/2022 1:54:5] !emotespells on
[29/5/2022 2:1:17] !emotespells on
[29/5/2022 2:11:26] !emotespells on
[29/5/2022 2:24:25] !emotespells on
[29/5/2022 2:35:4] !emotespells on
[29/5/2022 2:43:15] !emotespells on
[29/5/2022 2:50:58] !emotespells on
[29/5/2022 3:0:51] !emotespells on
[29/5/2022 3:9:23] !emotespells on
[29/5/2022 3:12:43] !emotespells on
[29/5/2022 3:22:8] !emotespells on
[29/5/2022 3:32:46] !emotespells on
[29/5/2022 3:44:25] !emotespells on
[29/5/2022 3:54:6] !emotespells on
[29/5/2022 4:1:39] !emotespells on
[29/5/2022 4:9:4] !emotespells on
[29/5/2022 4:16:50] !emotespells on
[29/5/2022 4:24:42] !emotespells on
[29/5/2022 4:32:54] !emotespells on
[29/5/2022 4:42:56] !emotespells on
[29/5/2022 4:50:30] !emotespells on
[29/5/2022 4:58:12] !emotespells on
[29/5/2022 5:8:20] !emotespells on
[29/5/2022 5:16:0] !emotespells on
[29/5/2022 5:24:34] !emotespells on
[29/5/2022 5:36:36] !emotespells on
[29/5/2022 5:42:29] !emotespells on
[29/5/2022 5:50:1] !emotespells on
[29/5/2022 5:57:6] !emotespells on
[29/5/2022 6:3:55] !emotespells on
[29/5/2022 6:11:55] !emotespells on
[29/5/2022 6:19:46] !emotespells on
[29/5/2022 6:27:23] !emotespells on
[29/5/2022 6:34:45] !emotespells on
[29/5/2022 6:41:41] !emotespells on
[29/5/2022 6:50:39] !emotespells on
[29/5/2022 7:0:56] !emotespells on
[29/5/2022 7:10:15] !emotespells on
[29/5/2022 7:17:45] !emotespells on
[29/5/2022 7:26:5] !emotespells on
[29/5/2022 7:33:47] !emotespells on
[29/5/2022 7:44:19] !emotespells on
[29/5/2022 7:56:57] !emotespells on
[29/5/2022 8:7:45] !emotespells on
[29/5/2022 8:20:12] !emotespells on
[29/5/2022 8:32:0] !emotespells on
[29/5/2022 8:41:30] !emotespells on
[29/5/2022 8:49:18] !emotespells on
[29/5/2022 9:6:17] !emotespells on
[29/5/2022 9:14:47] !emotespells on
[29/5/2022 9:23:45] !emotespells on
[29/5/2022 20:4:14] !emotespells on
[29/5/2022 20:18:23] !emotespells on
[29/5/2022 20:30:14] !emotespells on
[29/5/2022 20:43:19] !emotespells on
[29/5/2022 20:58:11] !emotespells on
[29/5/2022 21:11:5] !emotespells on
[29/5/2022 21:25:37] !emotespells on
[29/5/2022 21:38:45] !emotespells on
[29/5/2022 21:53:39] !emotespells on
[29/5/2022 22:5:51] !emotespells on
[29/5/2022 22:19:28] !emotespells on
[29/5/2022 22:34:22] !emotespells on
[29/5/2022 22:47:15] !emotespells on
[29/5/2022 23:2:44] !emotespells on
[29/5/2022 23:15:53] !emotespells on
[29/5/2022 23:31:9] !emotespells on
[29/5/2022 23:43:55] !emotespells on
[29/5/2022 23:58:1] !emotespells on
[30/5/2022 0:10:58] !emotespells on
[30/5/2022 0:25:56] !emotespells on
[30/5/2022 0:38:54] !emotespells on
[30/5/2022 0:53:37] !emotespells on
[30/5/2022 1:6:59] !emotespells on
[30/5/2022 1:21:17] !emotespells on
[30/5/2022 1:34:31] !emotespells on
[30/5/2022 1:48:22] !emotespells on
[30/5/2022 2:0:54] !emotespells on
[30/5/2022 2:14:42] !emotespells on
[30/5/2022 2:27:24] !emotespells on
[30/5/2022 2:41:48] !emotespells on
[30/5/2022 2:54:26] !emotespells on
[30/5/2022 3:7:30] !emotespells on
[30/5/2022 3:19:40] !emotespells on
[30/5/2022 3:31:35] !emotespells on
[30/5/2022 3:45:26] !emotespells on
[30/5/2022 3:57:53] !emotespells on
[30/5/2022 4:12:1] !emotespells on
[30/5/2022 4:24:17] !emotespells on
[30/5/2022 4:38:19] !emotespells on
[30/5/2022 4:50:46] !emotespells on
[30/5/2022 5:7:48] !emotespells on
[30/5/2022 5:23:51] !emotespells on
[30/5/2022 5:37:47] !emotespells on
[30/5/2022 5:50:56] !emotespells on
[30/5/2022 6:5:17] !emotespells on
[30/5/2022 6:17:41] !emotespells on
[30/5/2022 6:31:58] !emotespells on
[30/5/2022 6:44:43] !emotespells on
[30/5/2022 6:58:0] !emotespells on
[30/5/2022 7:10:59] !emotespells on
[30/5/2022 7:24:41] !emotespells on
[30/5/2022 7:36:47] !emotespells on
[30/5/2022 7:50:41] !emotespells on
[30/5/2022 8:2:25] !emotespells on
[30/5/2022 8:16:52] !emotespells on
[30/5/2022 8:30:29] !emotespells on
[30/5/2022 8:44:43] !emotespells on
[30/5/2022 8:58:5] !emotespells on
[30/5/2022 9:12:11] !emotespells on
[30/5/2022 9:25:24] !emotespells on
[30/5/2022 9:39:38] !emotespells on
[30/5/2022 9:52:50] !emotespells on
[30/5/2022 19:5:35] !emotespells on
[30/5/2022 19:20:47] !emotespells on
[30/5/2022 19:31:58] !emotespells on
[30/5/2022 19:43:4] !emotespells on
[30/5/2022 19:54:47] !emotespells on
[30/5/2022 20:6:12] !emotespells on
[30/5/2022 20:19:29] !emotespells on
[30/5/2022 20:33:8] !emotespells on
[30/5/2022 20:42:15] !emotespells on
[30/5/2022 20:53:36] !emotespells on
[30/5/2022 21:6:44] !emotespells on
[30/5/2022 21:15:20] !emotespells on
[30/5/2022 21:24:52] !emotespells on
[30/5/2022 21:34:41] !emotespells on
[30/5/2022 21:46:23] !emotespells on
[30/5/2022 22:1:43] !emotespells on
[30/5/2022 22:13:9] !emotespells on
[30/5/2022 22:19:49] !emotespells on
