[16/2/2022 13:35:34] !online
[17/2/2022 8:42:11] !rank distance
[19/2/2022 14:39:32] !rank distance
[19/2/2022 14:40:8] !rank distance
[19/2/2022 14:51:1] !online
[20/2/2022 15:36:16] !rank distance
[20/2/2022 19:26:20] !tradeoff remove,241458
[21/2/2022 9:14:34] /ban 
[21/2/2022 9:14:44] /ban 
[21/2/2022 9:20:24] !rank
[21/2/2022 9:20:28] !rank level
[21/2/2022 9:20:41] !rank distance
[21/2/2022 15:6:6] !online
[21/2/2022 16:48:47] !online
[21/2/2022 19:40:43] !online
[21/2/2022 23:14:38] !online
[23/2/2022 20:10:8] !online
[23/2/2022 21:0:45] !online
[24/2/2022 7:5:31] !rank distance
[24/2/2022 18:29:11] !online
[25/2/2022 0:49:39] !rank distance
[25/2/2022 12:23:1] !online
[25/2/2022 19:4:3] !online
[25/2/2022 20:41:50] !rank distance
[26/2/2022 7:4:47] !rank distance
[1/3/2022 21:3:55] !online
