[27/5/2022 20:25:19] !emotespells on
[27/5/2022 20:47:12] !aol
[27/5/2022 21:1:16] !aol
[27/5/2022 21:12:2] !online
[27/5/2022 21:21:40] !aol
[27/5/2022 21:39:36] !aol
[27/5/2022 23:19:27] !aol
[28/5/2022 12:39:28] !frags
[28/5/2022 15:23:2] !buyhouse
[28/5/2022 15:23:8] !buyhouse
[28/5/2022 15:23:17] !buyhouse
[28/5/2022 15:23:59] !online
[28/5/2022 19:23:10] !buyhouse
[29/5/2022 0:5:40] !guildpoints
[29/5/2022 15:38:51] !frags
[29/5/2022 15:48:33] !frags
[29/5/2022 22:53:16] !frags
[30/5/2022 1:20:52] !guildpoints
[30/5/2022 19:0:6] !guildpoints
[30/5/2022 20:0:1] !guildpoints
[30/5/2022 23:40:35] !online
