[11/2/2022 22:50:28] !frags
[12/2/2022 1:53:4] !frags
[12/2/2022 2:23:2] !frags
[12/2/2022 2:23:26] !frags
[12/2/2022 3:8:22] !frags
[12/2/2022 3:16:15] !frags
[12/2/2022 14:32:45] !frags
[12/2/2022 21:40:51] !frags
[12/2/2022 21:41:56] !frags
[13/2/2022 21:52:18] !aol
[13/2/2022 22:10:36] !addon mage
[13/2/2022 22:10:46] !addon assassin
[14/2/2022 23:48:53] !frags
[15/2/2022 0:43:58] !frags
[15/2/2022 13:6:31] !frags
[15/2/2022 20:22:26] !frags
[16/2/2022 19:53:49] !emotespells on
[17/2/2022 1:57:34] !frags
[17/2/2022 2:12:14] !frags
[17/2/2022 2:12:32] !frags
[17/2/2022 2:33:11] !frags
[17/2/2022 2:54:6] !frags
[17/2/2022 3:3:43] !frags
[17/2/2022 3:53:38] !frags
[17/2/2022 20:29:19] !frags
[18/2/2022 23:22:8] !frags
[18/2/2022 23:22:56] !frags
[20/2/2022 0:6:46] !addon oriental
[20/2/2022 0:7:33] !addon warmaster
[20/2/2022 2:48:21] !frags
[20/2/2022 3:15:16] !frags
