[10/2/2022 20:5:47] !aol
[10/2/2022 21:19:59] !aol
[10/2/2022 21:22:58] !emotespells
[10/2/2022 21:23:1] !emotespells on
[10/2/2022 21:32:0] !aol
[10/2/2022 21:33:21] !aol
[10/2/2022 21:33:24] !aol
[10/2/2022 21:33:27] !aol
[10/2/2022 21:33:31] !aol
[10/2/2022 21:33:34] !aol
[10/2/2022 21:33:37] !aol
[10/2/2022 21:33:40] !aol
[10/2/2022 21:33:43] !aol
[10/2/2022 21:33:47] !aol
[10/2/2022 21:33:50] !aol
[10/2/2022 21:33:53] !aol
[10/2/2022 21:33:56] !aol
[10/2/2022 21:34:0] !aol
[10/2/2022 21:34:3] !aol
[10/2/2022 21:34:6] !aol
[10/2/2022 21:34:9] !aol
[10/2/2022 21:34:12] !aol
[10/2/2022 21:34:16] !aol
[10/2/2022 21:34:19] !aol
[10/2/2022 21:34:22] !aol
[10/2/2022 21:34:25] !aol
[10/2/2022 21:34:28] !aol
[10/2/2022 21:34:32] !aol
[10/2/2022 21:34:35] !aol
[10/2/2022 21:34:38] !aol
[10/2/2022 21:34:41] !aol
[10/2/2022 21:34:45] !aol
[10/2/2022 21:34:51] !aol
[10/2/2022 21:34:54] !aol
[10/2/2022 21:34:57] !aol
[10/2/2022 21:35:0] !aol
[10/2/2022 21:35:4] !aol
[10/2/2022 21:35:7] !aol
[10/2/2022 21:35:22] !aol
[10/2/2022 21:35:25] !aol
[10/2/2022 21:35:28] !aol
[10/2/2022 21:35:31] !aol
[10/2/2022 21:35:35] !aol
[10/2/2022 21:35:38] !aol
[10/2/2022 21:35:41] !aol
[10/2/2022 21:35:44] !aol
[10/2/2022 21:35:47] !aol
[10/2/2022 21:35:51] !aol
[10/2/2022 21:35:54] !aol
[10/2/2022 21:35:57] !aol
[10/2/2022 21:36:0] !aol
[10/2/2022 21:48:38] !aol
[10/2/2022 22:40:29] !buyhouse
[10/2/2022 22:41:3] aleta sio
[10/2/2022 22:41:25] aleta sio
[10/2/2022 22:47:24] !emotespells on
[10/2/2022 23:15:59] !aol
[11/2/2022 1:9:1] !frags
[11/2/2022 2:26:40] aleta sio
[11/2/2022 2:27:15] aleta som
[11/2/2022 2:27:19] aleta grav
[11/2/2022 2:27:22] aleta grav
[11/2/2022 2:27:33] !protecthouse
[11/2/2022 2:27:36] !protecthouse off
[11/2/2022 3:51:5] 
[11/2/2022 5:12:43] 
[11/2/2022 7:13:39] 
[11/2/2022 8:20:12] 
[11/2/2022 8:43:18] 
[11/2/2022 14:39:51] aleta sio
[11/2/2022 15:24:18] 
[11/2/2022 20:6:25] 
[11/2/2022 21:1:19] 
[11/2/2022 23:32:38] 
[11/2/2022 23:54:44] 
[12/2/2022 11:23:42] 
[12/2/2022 11:51:27] 
[12/2/2022 14:50:34] 
[12/2/2022 16:8:9] 
[12/2/2022 18:31:50] 
[13/2/2022 10:27:56] 
[13/2/2022 10:29:10] 
[13/2/2022 11:27:34] 
[13/2/2022 11:37:8] 
[13/2/2022 11:37:56] !serverinfo
[13/2/2022 12:7:35] 
[13/2/2022 12:8:32] 
[13/2/2022 12:15:37] !addon mage
[13/2/2022 12:16:17] !addon assassin
[13/2/2022 12:16:24] 
[13/2/2022 12:18:18] 
[13/2/2022 12:18:35] 
[13/2/2022 16:15:17] 
[13/2/2022 16:33:39] 
[13/2/2022 17:26:52] !serverinfo
[14/2/2022 6:45:43] 
[14/2/2022 7:25:46] 
[14/2/2022 12:25:59] 
[14/2/2022 12:32:9] 
[14/2/2022 18:56:47] 
[14/2/2022 19:52:43] !serverinfo
[14/2/2022 20:0:6] 
[14/2/2022 21:59:6] !frags
[15/2/2022 0:38:34] !frags
[15/2/2022 9:3:14] 
[15/2/2022 9:10:7] 
[17/2/2022 0:18:1] aleta sio
[17/2/2022 2:32:55] !serverinfo
[18/2/2022 11:53:32] aleta sio
