[11/2/2022 0:17:6] !aol
[11/2/2022 0:20:59] !aol
[11/2/2022 0:21:39] !aol
[11/2/2022 0:31:10] !aol
[11/2/2022 0:45:25] !emotespells on
[11/2/2022 0:51:24] !aol
[11/2/2022 13:36:19] aleta sio
[11/2/2022 14:40:38] !aol
[12/2/2022 11:44:10] !guildpoints
[13/2/2022 10:35:55] 
[13/2/2022 10:37:56] 
[13/2/2022 10:45:56] 
[13/2/2022 11:12:50] 
[13/2/2022 11:27:34] 
[13/2/2022 11:29:19] 
[13/2/2022 16:11:26] !aol
[14/2/2022 18:48:37] !aol
[14/2/2022 20:57:4] !aol
[16/2/2022 19:36:13] !aol
[17/2/2022 11:51:40] !aol
[17/2/2022 18:53:27] !aol
[18/2/2022 7:7:53] !aol
[19/2/2022 10:24:52] !aol
[19/2/2022 13:8:31] !aol
[19/2/2022 14:5:31] !aol
[19/2/2022 15:7:49] !aol
[19/2/2022 23:32:33] !aol
[20/2/2022 8:24:30] !aol
[20/2/2022 10:40:29] !aol
[20/2/2022 19:33:31] !aol
