[10/2/2022 21:54:58] !emotespells on
[10/2/2022 22:10:31] !emotespells on
[10/2/2022 23:13:23] !online
[10/2/2022 23:43:58] !guildpoints
[11/2/2022 1:8:16] !guildpoints
[11/2/2022 1:49:48] !frags
[11/2/2022 2:7:45] !guildpoints
[11/2/2022 2:7:48] !guildpoints
[11/2/2022 2:13:52] !guildpoints
[11/2/2022 11:31:51] !online
[11/2/2022 17:50:35] !online
[11/2/2022 17:52:57] !frags
[11/2/2022 20:16:2] !online
[11/2/2022 21:4:30] !online
[11/2/2022 21:5:58] !aol
[12/2/2022 16:53:14] !online
[12/2/2022 21:35:28] !aol
[12/2/2022 21:41:41] !frags
[12/2/2022 22:9:6] !aol
[12/2/2022 22:10:31] !aol
[12/2/2022 22:16:12] !aol
[12/2/2022 22:24:51] !aol
[12/2/2022 22:28:35] !online
[12/2/2022 22:35:58] !aol
[12/2/2022 22:59:16] !aol
[12/2/2022 23:2:11] !aol
[13/2/2022 0:46:20] !frags
[13/2/2022 14:16:58] !guildpoints
[13/2/2022 15:4:58] !guildpoints
[13/2/2022 16:5:14] !guildpoints
[13/2/2022 16:49:17] !frags
[14/2/2022 12:57:43] !frags
[14/2/2022 13:7:31] !frags
[14/2/2022 13:21:17] !online
[14/2/2022 15:34:30] !doubleexp
[14/2/2022 22:19:55] !go
[15/2/2022 1:7:36] !guildpoints
[16/2/2022 20:10:55] !online
[17/2/2022 0:48:25] !online
[17/2/2022 1:21:38] !guildpoints
[17/2/2022 3:30:53] !frags
[17/2/2022 21:53:56] !frags
[18/2/2022 0:16:25] !frags
[18/2/2022 0:23:23] !frags
[19/2/2022 0:35:10] !addon warrior
[20/2/2022 22:40:1] !go
