[10/2/2022 20:32:5] !aol
[10/2/2022 21:9:58] !online
[10/2/2022 21:15:16] !rank level
[10/2/2022 21:35:4] !aol
[10/2/2022 21:49:34] !aol
[10/2/2022 21:58:25] !buyhouse
[10/2/2022 22:9:40] !aol
[11/2/2022 0:39:51] !emotespells on
[11/2/2022 1:8:44] !frags
[11/2/2022 1:8:59] !frags
[11/2/2022 18:43:5] !online
[11/2/2022 20:20:48] !rank lçevel
[11/2/2022 20:20:52] !rank level
[11/2/2022 20:25:21] !rank level
[11/2/2022 21:38:1] !frags
[11/2/2022 21:38:13] !frags
[11/2/2022 21:40:23] !frags
[11/2/2022 21:50:7] !frags
[11/2/2022 21:54:35] !frags
[11/2/2022 22:3:30] !frags
[11/2/2022 22:46:1] !frags
[12/2/2022 13:12:27] !frags
[12/2/2022 13:27:17] !rank level
[12/2/2022 13:27:56] !rank level
[12/2/2022 23:18:38] !frags
[13/2/2022 23:4:34] !online
[14/2/2022 21:58:56] !frags
[18/2/2022 23:19:1] !online
[18/2/2022 23:20:37] !rank level
