[11/2/2022 18:3:9] !rank sword
[11/2/2022 18:3:51] !online
[12/2/2022 7:37:5] !rank sword
[13/2/2022 11:16:18] !rank sword
[13/2/2022 11:16:30] !rank shield
[13/2/2022 11:17:1] !online
[13/2/2022 23:21:41] !rank sword
[14/2/2022 5:36:16] !rank sword
[14/2/2022 5:36:23] !rank shield
[14/2/2022 10:14:50] !rank magic
[14/2/2022 10:14:59] !rank sword
[14/2/2022 10:15:17] !rank shield
[14/2/2022 17:26:17] !online
[14/2/2022 23:16:33] !rank sword
[15/2/2022 8:38:10] !rank sword
[15/2/2022 14:2:1] !rank sword
[15/2/2022 14:2:9] !rank axe
[15/2/2022 14:2:18] !rank club
[15/2/2022 14:2:29] !rank fist
[15/2/2022 20:26:38] !rank sword
[15/2/2022 20:26:43] !rank sword
[16/2/2022 0:37:52] !rank sword
[16/2/2022 0:37:59] !rank shield
[16/2/2022 7:23:38] !rank sword
[16/2/2022 17:7:24] !rank sword
[16/2/2022 17:7:30] !rank swhield
[16/2/2022 17:7:34] !rank shield
[17/2/2022 13:36:24] !rank sword
[18/2/2022 10:3:19] !rank sword
[19/2/2022 9:40:20] !rank sword
[19/2/2022 19:12:34] !rank sword
[20/2/2022 10:58:49] !rank level
[20/2/2022 15:24:25] !rank shield
