[10/2/2022 23:57:28] !aol
[11/2/2022 0:9:30] !aol
[11/2/2022 0:10:11] !aol
[11/2/2022 1:42:46] !aol
[11/2/2022 8:26:54] !aol
[12/2/2022 1:54:28] 
[12/2/2022 1:54:40] 
[12/2/2022 1:54:52] 
[12/2/2022 1:55:4] 
[12/2/2022 1:55:16] 
[12/2/2022 1:55:28] 
[12/2/2022 1:55:40] 
[12/2/2022 1:55:45] 
[12/2/2022 1:55:52] 
[12/2/2022 1:56:4] 
[12/2/2022 1:56:16] 
[12/2/2022 1:56:28] 
[12/2/2022 1:56:40] 
[12/2/2022 1:56:52] 
[12/2/2022 1:57:4] 
[12/2/2022 1:57:17] 
[12/2/2022 1:57:29] 
[12/2/2022 1:57:41] 
[12/2/2022 1:57:53] 
[12/2/2022 1:58:5] 
[12/2/2022 1:58:17] 
[12/2/2022 1:58:29] 
[12/2/2022 1:58:41] 
[12/2/2022 1:58:53] 
[12/2/2022 1:59:5] 
[12/2/2022 1:59:17] 
[12/2/2022 1:59:29] 
[12/2/2022 1:59:41] 
[12/2/2022 1:59:53] 
[12/2/2022 2:0:5] 
[12/2/2022 2:0:17] 
[12/2/2022 2:0:29] 
[12/2/2022 2:0:41] 
[12/2/2022 2:0:53] 
[12/2/2022 2:1:5] 
[12/2/2022 2:1:17] 
[12/2/2022 2:1:29] 
[12/2/2022 2:1:41] 
[12/2/2022 2:1:53] 
[12/2/2022 2:2:5] 
[12/2/2022 2:2:17] 
[12/2/2022 2:2:29] 
[12/2/2022 2:2:42] 
[12/2/2022 2:2:54] 
[12/2/2022 2:3:6] 
[12/2/2022 2:3:18] 
[12/2/2022 2:3:30] 
[12/2/2022 2:3:42] 
[12/2/2022 2:3:54] 
[12/2/2022 2:4:6] 
[12/2/2022 2:4:18] 
[12/2/2022 2:4:30] 
[12/2/2022 2:4:42] 
[12/2/2022 2:4:54] 
[12/2/2022 2:5:6] 
[12/2/2022 2:5:18] 
[12/2/2022 2:5:30] 
[12/2/2022 2:5:42] 
[12/2/2022 2:5:54] 
[12/2/2022 2:6:6] 
[12/2/2022 2:6:18] 
[12/2/2022 2:6:31] 
[12/2/2022 2:6:43] 
[12/2/2022 2:6:55] 
[12/2/2022 2:7:7] 
[12/2/2022 2:7:19] 
[12/2/2022 2:7:31] 
[12/2/2022 2:7:43] 
[12/2/2022 2:7:55] 
[12/2/2022 2:8:7] 
[12/2/2022 2:8:19] 
[12/2/2022 2:8:31] 
[12/2/2022 2:8:43] 
[12/2/2022 2:8:55] 
[12/2/2022 2:9:7] 
[12/2/2022 2:9:19] 
[12/2/2022 2:9:31] 
[12/2/2022 2:9:43] 
[12/2/2022 2:9:55] 
[12/2/2022 2:10:7] 
[12/2/2022 2:10:19] 
[12/2/2022 2:10:31] 
[12/2/2022 2:10:43] 
[12/2/2022 2:10:55] 
[12/2/2022 2:11:7] 
[12/2/2022 2:11:19] 
[12/2/2022 2:11:31] 
[12/2/2022 2:11:43] 
[12/2/2022 2:11:55] 
[12/2/2022 2:12:7] 
[12/2/2022 2:12:19] 
[12/2/2022 2:12:31] 
[12/2/2022 2:12:43] 
[12/2/2022 2:12:55] 
[12/2/2022 2:13:7] 
[12/2/2022 2:13:19] 
[12/2/2022 2:13:31] 
[12/2/2022 2:13:43] 
[12/2/2022 2:13:55] 
[12/2/2022 2:14:7] 
[12/2/2022 2:14:19] 
[12/2/2022 2:14:31] 
[12/2/2022 2:14:43] 
[12/2/2022 2:14:55] 
[12/2/2022 2:15:7] 
[12/2/2022 2:15:19] 
[12/2/2022 2:15:31] 
[12/2/2022 2:15:43] 
[12/2/2022 2:15:55] 
[12/2/2022 2:16:7] 
[12/2/2022 2:16:19] 
[12/2/2022 2:16:31] 
[12/2/2022 2:16:43] 
[12/2/2022 2:16:55] 
[12/2/2022 2:17:8] 
[12/2/2022 2:17:19] 
[12/2/2022 2:17:31] 
[12/2/2022 2:17:43] 
[12/2/2022 2:17:55] 
[12/2/2022 2:18:8] 
[12/2/2022 2:18:19] 
[12/2/2022 2:18:31] 
[12/2/2022 2:18:43] 
[12/2/2022 2:18:55] 
[12/2/2022 2:19:8] 
[12/2/2022 2:19:19] 
[12/2/2022 2:19:31] 
[12/2/2022 2:19:43] 
[12/2/2022 2:19:55] 
[12/2/2022 2:20:7] 
[12/2/2022 2:20:19] 
[12/2/2022 2:20:31] 
[12/2/2022 2:20:43] 
[12/2/2022 2:20:55] 
[12/2/2022 2:21:7] 
[12/2/2022 2:21:19] 
[12/2/2022 2:21:31] 
[12/2/2022 2:21:43] 
[12/2/2022 2:21:55] 
[12/2/2022 2:22:7] 
[12/2/2022 2:22:19] 
[12/2/2022 2:22:32] 
[12/2/2022 2:22:43] 
[12/2/2022 2:22:56] 
[12/2/2022 2:23:8] 
[12/2/2022 2:23:20] 
[12/2/2022 2:23:32] 
[12/2/2022 2:23:44] 
[12/2/2022 2:23:56] 
[12/2/2022 2:24:8] 
[12/2/2022 2:24:20] 
[12/2/2022 2:24:32] 
[12/2/2022 2:24:44] 
[12/2/2022 2:24:56] 
[12/2/2022 2:25:8] 
[12/2/2022 2:25:20] 
[12/2/2022 2:25:32] 
[12/2/2022 2:25:44] 
[12/2/2022 2:25:56] 
[12/2/2022 2:26:8] 
[12/2/2022 2:26:20] 
[12/2/2022 2:26:32] 
[12/2/2022 2:26:44] 
[12/2/2022 2:26:56] 
[12/2/2022 2:27:8] 
[12/2/2022 2:27:20] 
[12/2/2022 2:27:32] 
[12/2/2022 2:27:44] 
[12/2/2022 2:27:56] 
[12/2/2022 2:28:8] 
[12/2/2022 2:28:20] 
[12/2/2022 2:28:32] 
[12/2/2022 2:28:44] 
[12/2/2022 2:28:56] 
[12/2/2022 2:29:8] 
[12/2/2022 2:29:20] 
[12/2/2022 2:29:32] 
[12/2/2022 2:29:44] 
[12/2/2022 2:29:56] 
[12/2/2022 2:30:8] 
[12/2/2022 2:30:20] 
[12/2/2022 2:30:32] 
[12/2/2022 2:30:44] 
[12/2/2022 2:30:56] 
[12/2/2022 2:31:8] 
[12/2/2022 2:31:20] 
[12/2/2022 2:31:32] 
[12/2/2022 3:51:21] !aol
[12/2/2022 5:29:22] 
[12/2/2022 5:36:31] 
[12/2/2022 5:43:30] 
[12/2/2022 5:43:46] 
[12/2/2022 5:50:1] 
[12/2/2022 5:58:45] 
[12/2/2022 6:30:14] 
[12/2/2022 6:40:31] 
[12/2/2022 6:47:54] 
[12/2/2022 6:53:32] 
[12/2/2022 7:8:30] 
[12/2/2022 7:16:38] 
[12/2/2022 7:22:34] 
[12/2/2022 7:33:35] 
[12/2/2022 7:46:34] 
[12/2/2022 8:13:37] 
[12/2/2022 9:8:5] 
[12/2/2022 9:14:8] 
[12/2/2022 9:20:0] 
[12/2/2022 9:26:39] 
[12/2/2022 18:7:55] !aol
[12/2/2022 19:4:9] 
[12/2/2022 19:13:53] 
[12/2/2022 19:23:15] 
[12/2/2022 19:33:28] 
[12/2/2022 19:42:40] 
[12/2/2022 19:49:26] 
[12/2/2022 19:55:43] 
[12/2/2022 20:0:45] 
[12/2/2022 20:9:11] 
[13/2/2022 0:59:57] !aol
[13/2/2022 1:49:22] !aol
[13/2/2022 14:53:31] !aol
[13/2/2022 15:50:51] !aol
[13/2/2022 16:15:51] !aol
[13/2/2022 18:37:9] !aol
[13/2/2022 22:53:3] !aol
[13/2/2022 22:53:24] !aol
[14/2/2022 1:29:47] !aol
[14/2/2022 2:56:19] !aol
[14/2/2022 3:46:4] !aol
[14/2/2022 5:30:25] 
[14/2/2022 13:7:15] !aol
[14/2/2022 13:58:15] !aol
[14/2/2022 19:58:31] !aol
[15/2/2022 0:7:10] !aol
[15/2/2022 0:39:24] !aol
[15/2/2022 0:39:34] !aol
[15/2/2022 12:42:26] !aol
[15/2/2022 13:7:37] !aol
[15/2/2022 13:38:36] !aol
[15/2/2022 14:4:47] !aol
[15/2/2022 14:36:2] !aol
[15/2/2022 23:46:0] !aol
[16/2/2022 1:19:57] !aol
[16/2/2022 1:43:35] !addon mage
[16/2/2022 1:45:17] !addon mage
[16/2/2022 1:45:22] !addon mage
[16/2/2022 1:45:27] !addon mage
[16/2/2022 1:45:32] !addon mage
[16/2/2022 1:51:47] !addon
[16/2/2022 1:52:11] !addon barbaria
[16/2/2022 1:52:16] !addon second addon
[16/2/2022 1:52:36] !addon first addon
[16/2/2022 1:52:41] !addon first addon
[16/2/2022 1:53:59] !addon doll
[16/2/2022 1:54:2] !addon doll
[16/2/2022 1:54:20] !addon doll mage
[16/2/2022 1:57:23] !addon hunter
[16/2/2022 2:10:39] !aol
[16/2/2022 2:18:13] !aol
[16/2/2022 2:22:41] !aol
[16/2/2022 11:1:52] !aol
[16/2/2022 11:35:12] !aol
[16/2/2022 12:54:38] !aol
[16/2/2022 14:22:27] !aol
[17/2/2022 1:27:55] !aol
[20/2/2022 12:24:37] !aol
[21/2/2022 0:30:18] !aol
[21/2/2022 1:14:57] !aol
[21/2/2022 5:6:55] !aol
[21/2/2022 5:6:57] !aol
[21/2/2022 5:7:2] !aol
[21/2/2022 5:7:5] !aol
[21/2/2022 5:7:10] !aol
[21/2/2022 5:7:12] !aol
[21/2/2022 5:7:17] !aol
[21/2/2022 5:7:20] !aol
[21/2/2022 5:7:25] !aol
[21/2/2022 5:7:27] !aol
[21/2/2022 5:7:32] !aol
[21/2/2022 5:7:35] !aol
[21/2/2022 5:7:40] !aol
[21/2/2022 5:7:47] !aol
[21/2/2022 5:7:52] !aol
[21/2/2022 5:7:55] !aol
[21/2/2022 5:8:0] !aol
[21/2/2022 5:8:2] !aol
[21/2/2022 5:8:8] !aol
[21/2/2022 5:8:10] !aol
[21/2/2022 5:8:15] !aol
[21/2/2022 5:8:18] !aol
[21/2/2022 5:8:23] !aol
[21/2/2022 5:8:25] !aol
[21/2/2022 5:8:30] !aol
[21/2/2022 5:8:33] !aol
[21/2/2022 5:8:38] !aol
[21/2/2022 5:8:40] !aol
[21/2/2022 5:8:45] !aol
[21/2/2022 5:8:48] !aol
[21/2/2022 5:8:53] !aol
[21/2/2022 5:8:55] !aol
[21/2/2022 5:9:0] !aol
[21/2/2022 5:9:3] !aol
[21/2/2022 5:9:8] !aol
[21/2/2022 5:9:10] !aol
[21/2/2022 5:9:15] !aol
[21/2/2022 5:9:18] !aol
[21/2/2022 5:9:23] !aol
[21/2/2022 5:9:31] !aol
[21/2/2022 5:9:33] !aol
[21/2/2022 5:9:36] !aol
[21/2/2022 5:9:38] !aol
[21/2/2022 5:9:43] !aol
[21/2/2022 5:9:46] !aol
[21/2/2022 5:9:51] !aol
[21/2/2022 5:9:53] !aol
[21/2/2022 5:9:58] !aol
[21/2/2022 5:10:1] !aol
[21/2/2022 5:10:6] !aol
[21/2/2022 5:10:8] !aol
[21/2/2022 5:10:13] !aol
[21/2/2022 5:10:16] !aol
[21/2/2022 5:10:21] !aol
[21/2/2022 5:10:23] !aol
[21/2/2022 5:10:28] !aol
[21/2/2022 5:11:32] !aol
[21/2/2022 5:17:23] !aol
[21/2/2022 5:17:25] !aol
[21/2/2022 5:17:30] !aol
[21/2/2022 5:17:33] !aol
[21/2/2022 5:17:38] !aol
[21/2/2022 5:17:40] !aol
[21/2/2022 5:17:43] !aol
[21/2/2022 5:17:45] !aol
[21/2/2022 5:17:48] !aol
[21/2/2022 5:17:53] !aol
[21/2/2022 5:17:55] !aol
[21/2/2022 5:18:0] !aol
[21/2/2022 5:18:3] !aol
[21/2/2022 5:18:8] !aol
[21/2/2022 5:18:11] !aol
[21/2/2022 5:18:16] !aol
[21/2/2022 5:18:18] !aol
[21/2/2022 5:18:23] !aol
[21/2/2022 5:18:26] !aol
[21/2/2022 5:18:31] !aol
[21/2/2022 5:18:33] !aol
[21/2/2022 5:18:36] !aol
[21/2/2022 5:18:38] !aol
[21/2/2022 5:18:41] !aol
[21/2/2022 5:18:46] !aol
[21/2/2022 5:19:4] !aol
[21/2/2022 5:19:9] !aol
[21/2/2022 5:19:11] !aol
[21/2/2022 5:19:16] !aol
[21/2/2022 5:19:19] !aol
[21/2/2022 5:19:24] !aol
[21/2/2022 5:19:26] !aol
[21/2/2022 5:19:31] !aol
[21/2/2022 5:19:34] !aol
[21/2/2022 5:19:39] !aol
[21/2/2022 5:19:41] !aol
[21/2/2022 5:19:46] !aol
[21/2/2022 5:19:49] !aol
[21/2/2022 5:19:54] !aol
[21/2/2022 5:19:57] !aol
[21/2/2022 5:20:1] !aol
[21/2/2022 5:20:4] !aol
[21/2/2022 5:20:9] !aol
[21/2/2022 5:20:12] !aol
[21/2/2022 5:20:17] !aol
[21/2/2022 5:20:19] !aol
[21/2/2022 5:20:24] !aol
[21/2/2022 5:20:27] !aol
[21/2/2022 5:20:32] !aol
[21/2/2022 5:20:39] !aol
[21/2/2022 5:20:42] !aol
[21/2/2022 5:20:47] !aol
[21/2/2022 5:20:52] !aol
[21/2/2022 5:20:54] !aol
[21/2/2022 5:20:57] !aol
[21/2/2022 5:20:59] !aol
[21/2/2022 5:21:2] !aol
[21/2/2022 5:21:7] !aol
[21/2/2022 5:21:9] !aol
[21/2/2022 5:21:12] !aol
[21/2/2022 5:21:14] !aol
[21/2/2022 5:21:17] !aol
[21/2/2022 5:21:22] !aol
[21/2/2022 5:21:25] !aol
[21/2/2022 5:21:30] !aol
[21/2/2022 5:21:32] !aol
[21/2/2022 5:21:37] !aol
[21/2/2022 5:21:40] !aol
[21/2/2022 5:21:45] !aol
[21/2/2022 5:22:15] !aol
[21/2/2022 5:22:20] !aol
[21/2/2022 5:22:23] !aol
[21/2/2022 5:22:28] !aol
[21/2/2022 5:22:30] !aol
[21/2/2022 5:22:35] !aol
[21/2/2022 5:22:38] !aol
[21/2/2022 5:22:43] !aol
[21/2/2022 5:22:45] !aol
[21/2/2022 5:22:50] !aol
[21/2/2022 5:22:53] !aol
[21/2/2022 5:22:58] !aol
[21/2/2022 5:23:0] !aol
[21/2/2022 5:23:5] !aol
[21/2/2022 5:23:8] !aol
[21/2/2022 5:23:13] !aol
[21/2/2022 5:23:15] !aol
[21/2/2022 5:23:20] !aol
[21/2/2022 5:23:23] !aol
[21/2/2022 5:23:28] !aol
[21/2/2022 5:23:31] !aol
[21/2/2022 5:23:36] !aol
[21/2/2022 5:23:38] !aol
[21/2/2022 5:23:43] !aol
[21/2/2022 5:23:46] !aol
[21/2/2022 5:24:6] !aol
[21/2/2022 5:24:8] !aol
[21/2/2022 5:24:13] !aol
[21/2/2022 5:24:16] !aol
[21/2/2022 5:24:21] !aol
[21/2/2022 5:24:23] !aol
[21/2/2022 5:24:26] !aol
[21/2/2022 5:24:28] !aol
[21/2/2022 5:24:31] !aol
[21/2/2022 5:24:33] !aol
[21/2/2022 5:24:36] !aol
[21/2/2022 5:24:41] !aol
[21/2/2022 5:24:43] !aol
[21/2/2022 5:24:48] !aol
[21/2/2022 5:24:51] !aol
[21/2/2022 5:24:56] !aol
[21/2/2022 5:24:59] !aol
[21/2/2022 5:25:4] !aol
[21/2/2022 5:25:6] !aol
[21/2/2022 5:25:11] !aol
[21/2/2022 5:25:14] !aol
[21/2/2022 5:25:19] !aol
[21/2/2022 5:25:21] !aol
[21/2/2022 5:25:26] !aol
[21/2/2022 5:25:29] !aol
[21/2/2022 5:25:34] !aol
[21/2/2022 5:25:36] !aol
[21/2/2022 5:25:41] !aol
[21/2/2022 5:25:44] !aol
[21/2/2022 5:25:49] !aol
[21/2/2022 5:25:51] !aol
[21/2/2022 5:25:56] !aol
[21/2/2022 5:25:59] !aol
[21/2/2022 5:26:4] !aol
[21/2/2022 5:26:7] !aol
[21/2/2022 5:26:12] !aol
[21/2/2022 5:26:14] !aol
[21/2/2022 5:26:19] !aol
[21/2/2022 5:26:22] !aol
[21/2/2022 5:26:27] !aol
[21/2/2022 5:26:29] !aol
[21/2/2022 5:26:32] !aol
[21/2/2022 5:26:34] !aol
[21/2/2022 5:26:37] !aol
[21/2/2022 5:26:39] !aol
[21/2/2022 5:26:42] !aol
[21/2/2022 5:26:47] !aol
[21/2/2022 5:26:49] !aol
[21/2/2022 5:26:55] !aol
[21/2/2022 5:26:57] !aol
[21/2/2022 5:27:2] !aol
[21/2/2022 5:27:5] !aol
[21/2/2022 5:27:10] !aol
[21/2/2022 5:27:12] !aol
[21/2/2022 5:27:17] !aol
[21/2/2022 5:27:20] !aol
[21/2/2022 5:27:25] !aol
[21/2/2022 5:27:27] !aol
[21/2/2022 5:27:32] !aol
[21/2/2022 5:27:35] !aol
[21/2/2022 5:27:40] !aol
[21/2/2022 5:27:42] !aol
[21/2/2022 5:27:47] !aol
[21/2/2022 5:27:50] !aol
[21/2/2022 5:27:55] !aol
[21/2/2022 5:27:58] !aol
[21/2/2022 5:28:3] !aol
[21/2/2022 5:28:5] !aol
[21/2/2022 5:28:10] !aol
[21/2/2022 5:28:13] !aol
[21/2/2022 5:28:18] !aol
[21/2/2022 5:28:20] !aol
[21/2/2022 5:28:25] !aol
[21/2/2022 5:28:28] !aol
[21/2/2022 5:28:33] !aol
[21/2/2022 5:28:35] !aol
[21/2/2022 5:28:40] !aol
[21/2/2022 5:28:43] !aol
[21/2/2022 5:28:48] !aol
[21/2/2022 5:28:50] !aol
[21/2/2022 5:28:55] !aol
[21/2/2022 5:29:0] !aol
[21/2/2022 5:29:3] !aol
[21/2/2022 5:29:11] !aol
[21/2/2022 5:29:18] !aol
[21/2/2022 5:29:23] !aol
[21/2/2022 5:29:26] !aol
[21/2/2022 5:29:31] !aol
[21/2/2022 5:29:33] !aol
[21/2/2022 5:29:38] !aol
[21/2/2022 5:29:41] !aol
[21/2/2022 5:29:46] !aol
[21/2/2022 5:29:48] !aol
[21/2/2022 5:29:53] !aol
[21/2/2022 5:29:56] !aol
[21/2/2022 5:30:1] !aol
[21/2/2022 5:30:4] !aol
[21/2/2022 5:30:9] !aol
[21/2/2022 5:30:11] !aol
[21/2/2022 5:30:16] !aol
[21/2/2022 5:30:19] !aol
[21/2/2022 5:30:24] !aol
[21/2/2022 5:30:26] !aol
[21/2/2022 5:30:31] !aol
[21/2/2022 5:30:34] !aol
[21/2/2022 5:30:39] !aol
[21/2/2022 5:30:41] !aol
[21/2/2022 5:30:46] !aol
[21/2/2022 5:30:49] !aol
[21/2/2022 5:30:54] !aol
[21/2/2022 5:30:59] !aol
[21/2/2022 5:31:1] !aol
[21/2/2022 5:31:6] !aol
[21/2/2022 5:31:9] !aol
[21/2/2022 5:31:14] !aol
[21/2/2022 5:31:17] !aol
[21/2/2022 5:31:22] !aol
[21/2/2022 5:31:24] !aol
[21/2/2022 5:31:27] !aol
[21/2/2022 5:31:29] !aol
[21/2/2022 5:31:32] !aol
[21/2/2022 5:31:37] !aol
[21/2/2022 5:31:39] !aol
[21/2/2022 5:31:44] !aol
[21/2/2022 5:31:47] !aol
[21/2/2022 5:31:52] !aol
[21/2/2022 5:31:54] !aol
[21/2/2022 5:31:59] !aol
[21/2/2022 5:32:2] !aol
[21/2/2022 5:32:7] !aol
[21/2/2022 5:32:10] !aol
[21/2/2022 5:32:15] !aol
[21/2/2022 5:32:17] !aol
[21/2/2022 5:32:22] !aol
[21/2/2022 5:32:25] !aol
[21/2/2022 5:32:30] !aol
[21/2/2022 5:32:32] !aol
[21/2/2022 5:32:37] !aol
[21/2/2022 5:32:40] !aol
[21/2/2022 5:32:45] !aol
[21/2/2022 5:32:47] !aol
[21/2/2022 5:32:52] !aol
[21/2/2022 5:32:55] !aol
[21/2/2022 5:33:0] !aol
[21/2/2022 5:33:2] !aol
[21/2/2022 5:33:7] !aol
[21/2/2022 5:33:10] !aol
[21/2/2022 5:33:15] !aol
[21/2/2022 5:33:17] !aol
[21/2/2022 5:33:22] !aol
[21/2/2022 5:33:25] !aol
[21/2/2022 5:33:30] !aol
[21/2/2022 5:33:33] !aol
[21/2/2022 5:33:38] !aol
[21/2/2022 5:33:40] !aol
[21/2/2022 5:33:45] !aol
[21/2/2022 5:33:48] !aol
[21/2/2022 5:33:53] !aol
[21/2/2022 5:33:58] !aol
[21/2/2022 5:34:0] !aol
[21/2/2022 5:34:5] !aol
[21/2/2022 5:34:8] !aol
[21/2/2022 5:34:13] !aol
[21/2/2022 5:34:15] !aol
[21/2/2022 5:34:20] !aol
[21/2/2022 5:34:23] !aol
[21/2/2022 5:34:28] !aol
[21/2/2022 5:34:30] !aol
[21/2/2022 5:34:36] !aol
[21/2/2022 5:34:38] !aol
[21/2/2022 5:34:43] !aol
[21/2/2022 5:34:46] !aol
[21/2/2022 5:34:51] !aol
[21/2/2022 5:34:53] !aol
[21/2/2022 5:34:58] !aol
[21/2/2022 5:35:1] !aol
[21/2/2022 5:35:6] !aol
[21/2/2022 5:35:8] !aol
[21/2/2022 5:35:13] !aol
[21/2/2022 5:35:16] !aol
[21/2/2022 5:35:21] !aol
[21/2/2022 5:35:23] !aol
[21/2/2022 5:35:28] !aol
[21/2/2022 5:35:31] !aol
[21/2/2022 5:35:36] !aol
[21/2/2022 5:35:38] !aol
[21/2/2022 5:35:44] !aol
[21/2/2022 5:35:46] !aol
[21/2/2022 5:35:51] !aol
[21/2/2022 5:35:54] !aol
[21/2/2022 5:35:59] !aol
[21/2/2022 5:36:1] !aol
[21/2/2022 5:36:6] !aol
[21/2/2022 5:36:9] !aol
[21/2/2022 5:36:14] !aol
[21/2/2022 5:36:16] !aol
[21/2/2022 5:36:21] !aol
[21/2/2022 5:36:24] !aol
[21/2/2022 5:36:29] !aol
[21/2/2022 5:36:31] !aol
[21/2/2022 5:36:36] !aol
[21/2/2022 5:36:41] !aol
[21/2/2022 5:36:44] !aol
[21/2/2022 5:36:49] !aol
[21/2/2022 5:36:51] !aol
[21/2/2022 5:36:56] !aol
[21/2/2022 5:36:59] !aol
[21/2/2022 5:37:4] !aol
[21/2/2022 5:37:7] !aol
[21/2/2022 5:37:12] !aol
[21/2/2022 5:37:14] !aol
[21/2/2022 5:37:19] !aol
[21/2/2022 5:37:22] !aol
[21/2/2022 5:37:27] !aol
[21/2/2022 5:37:29] !aol
[21/2/2022 5:37:34] !aol
[21/2/2022 5:37:37] !aol
[21/2/2022 5:37:42] !aol
[21/2/2022 5:37:44] !aol
[21/2/2022 5:37:49] !aol
[21/2/2022 5:37:52] !aol
[21/2/2022 5:37:57] !aol
[21/2/2022 5:37:59] !aol
[21/2/2022 5:38:4] !aol
[21/2/2022 5:38:7] !aol
[21/2/2022 5:38:12] !aol
[21/2/2022 5:38:15] !aol
[21/2/2022 5:38:20] !aol
[21/2/2022 5:38:22] !aol
[21/2/2022 5:38:27] !aol
[21/2/2022 5:38:30] !aol
[21/2/2022 5:38:35] !aol
[21/2/2022 5:38:37] !aol
[21/2/2022 5:38:42] !aol
[21/2/2022 5:38:45] !aol
[21/2/2022 5:38:50] !aol
[21/2/2022 5:38:52] !aol
[21/2/2022 5:38:57] !aol
[21/2/2022 5:39:0] !aol
[21/2/2022 5:39:5] !aol
[21/2/2022 5:39:7] !aol
[21/2/2022 5:39:12] !aol
[21/2/2022 5:39:15] !aol
[21/2/2022 5:39:20] !aol
[21/2/2022 5:39:28] !aol
[21/2/2022 5:39:30] !aol
[21/2/2022 5:39:33] !aol
[21/2/2022 5:39:35] !aol
[21/2/2022 5:39:40] !aol
[21/2/2022 5:39:43] !aol
[21/2/2022 5:39:48] !aol
[21/2/2022 5:39:50] !aol
[21/2/2022 5:39:55] !aol
[21/2/2022 5:39:58] !aol
[21/2/2022 5:40:3] !aol
[21/2/2022 5:40:5] !aol
[21/2/2022 5:40:10] !aol
[21/2/2022 5:40:13] !aol
[21/2/2022 5:40:18] !aol
[21/2/2022 5:40:20] !aol
[21/2/2022 5:40:25] !aol
[21/2/2022 5:40:28] !aol
[21/2/2022 5:40:33] !aol
[21/2/2022 5:40:35] !aol
[21/2/2022 5:40:41] !aol
[21/2/2022 5:40:43] !aol
[21/2/2022 5:40:48] !aol
[21/2/2022 5:40:51] !aol
[21/2/2022 5:40:56] !aol
[21/2/2022 5:40:58] !aol
[21/2/2022 5:41:3] !aol
[21/2/2022 5:41:6] !aol
[21/2/2022 5:41:11] !aol
[21/2/2022 5:41:13] !aol
[21/2/2022 5:41:18] !aol
[21/2/2022 5:41:21] !aol
[21/2/2022 5:41:26] !aol
[21/2/2022 5:41:28] !aol
[21/2/2022 5:41:33] !aol
[21/2/2022 5:41:36] !aol
[21/2/2022 5:41:41] !aol
[21/2/2022 5:41:46] !aol
[21/2/2022 5:41:49] !aol
[21/2/2022 5:41:54] !aol
[21/2/2022 5:41:56] !aol
[21/2/2022 5:42:1] !aol
[21/2/2022 5:42:4] !aol
[21/2/2022 5:42:9] !aol
[21/2/2022 5:42:11] !aol
[21/2/2022 5:42:16] !aol
[21/2/2022 5:42:19] !aol
[21/2/2022 5:42:24] !aol
[21/2/2022 5:42:26] !aol
[21/2/2022 5:42:31] !aol
[21/2/2022 5:42:34] !aol
[21/2/2022 5:42:39] !aol
[21/2/2022 5:42:41] !aol
[21/2/2022 5:42:47] !aol
[21/2/2022 5:43:7] !aol
[21/2/2022 5:43:9] !aol
[21/2/2022 5:43:14] !aol
[21/2/2022 5:43:17] !aol
[21/2/2022 5:43:22] !aol
[21/2/2022 5:43:24] !aol
[21/2/2022 5:43:29] !aol
[21/2/2022 5:43:32] !aol
[21/2/2022 5:43:37] !aol
[21/2/2022 5:43:39] !aol
[21/2/2022 5:43:44] !aol
[21/2/2022 5:43:47] !aol
[21/2/2022 5:43:52] !aol
[21/2/2022 5:43:54] !aol
[21/2/2022 5:44:0] !aol
[21/2/2022 5:44:2] !aol
[21/2/2022 5:44:7] !aol
[21/2/2022 5:44:10] !aol
[21/2/2022 5:44:15] !aol
[21/2/2022 5:44:17] !aol
[21/2/2022 5:44:22] !aol
[21/2/2022 5:44:25] !aol
[21/2/2022 5:44:30] !aol
[21/2/2022 5:44:32] !aol
[21/2/2022 5:44:37] !aol
[21/2/2022 5:44:40] !aol
[21/2/2022 5:44:45] !aol
[21/2/2022 5:44:47] !aol
[21/2/2022 5:44:52] !aol
[21/2/2022 5:44:55] !aol
[21/2/2022 5:45:0] !aol
[21/2/2022 5:45:3] !aol
[21/2/2022 5:45:8] !aol
[21/2/2022 5:45:10] !aol
[21/2/2022 5:45:15] !aol
[21/2/2022 5:45:18] !aol
[21/2/2022 5:45:23] !aol
[21/2/2022 5:45:25] !aol
[21/2/2022 5:45:30] !aol
[21/2/2022 5:45:33] !aol
[21/2/2022 5:45:38] !aol
[21/2/2022 5:45:40] !aol
[21/2/2022 5:45:43] !aol
[21/2/2022 5:45:45] !aol
[21/2/2022 5:45:50] !aol
[21/2/2022 5:45:53] !aol
[21/2/2022 5:45:55] !aol
[21/2/2022 5:45:58] !aol
[21/2/2022 5:46:0] !aol
[21/2/2022 5:46:5] !aol
[21/2/2022 5:46:8] !aol
[21/2/2022 5:46:13] !aol
[21/2/2022 5:46:15] !aol
[21/2/2022 5:46:20] !aol
[21/2/2022 5:46:23] !aol
[21/2/2022 5:46:28] !aol
[21/2/2022 5:46:31] !aol
[21/2/2022 5:46:36] !aol
[21/2/2022 5:46:38] !aol
[21/2/2022 5:46:43] !aol
[21/2/2022 5:46:46] !aol
[21/2/2022 5:46:51] !aol
[21/2/2022 5:46:53] !aol
[21/2/2022 5:46:58] !aol
[21/2/2022 5:47:1] !aol
[21/2/2022 5:47:6] !aol
[21/2/2022 5:47:8] !aol
[21/2/2022 5:47:11] !aol
[21/2/2022 5:47:13] !aol
[21/2/2022 5:47:18] !aol
[21/2/2022 5:47:21] !aol
[21/2/2022 5:47:26] !aol
[21/2/2022 5:47:28] !aol
[21/2/2022 5:47:33] !aol
[21/2/2022 5:47:36] !aol
[21/2/2022 5:47:41] !aol
[21/2/2022 5:47:44] !aol
[21/2/2022 5:47:49] !aol
[21/2/2022 5:47:51] !aol
[21/2/2022 5:47:56] !aol
[21/2/2022 5:47:59] !aol
[21/2/2022 5:48:4] !aol
[21/2/2022 5:48:6] !aol
[21/2/2022 5:48:11] !aol
[21/2/2022 5:48:14] !aol
[21/2/2022 5:48:19] !aol
[21/2/2022 5:48:21] !aol
[21/2/2022 5:48:26] !aol
[21/2/2022 5:48:29] !aol
[21/2/2022 5:48:34] !aol
[21/2/2022 5:48:37] !aol
[21/2/2022 5:48:42] !aol
[21/2/2022 5:48:44] !aol
[21/2/2022 5:48:49] !aol
[21/2/2022 5:48:52] !aol
[21/2/2022 5:48:57] !aol
[21/2/2022 5:48:59] !aol
[21/2/2022 5:49:4] !aol
[21/2/2022 5:49:7] !aol
[21/2/2022 5:49:12] !aol
[21/2/2022 5:49:14] !aol
[21/2/2022 5:49:19] !aol
[21/2/2022 5:49:24] !aol
[21/2/2022 5:49:27] !aol
[21/2/2022 5:49:32] !aol
[21/2/2022 5:49:34] !aol
[21/2/2022 5:49:39] !aol
[21/2/2022 5:49:42] !aol
[21/2/2022 5:49:47] !aol
[21/2/2022 5:49:50] !aol
[21/2/2022 5:49:55] !aol
[21/2/2022 5:49:57] !aol
[21/2/2022 5:50:2] !aol
[21/2/2022 5:50:5] !aol
[21/2/2022 5:50:7] !aol
[21/2/2022 5:50:10] !aol
[21/2/2022 5:50:15] !aol
[21/2/2022 5:50:17] !aol
[21/2/2022 5:50:22] !aol
[21/2/2022 5:50:25] !aol
[21/2/2022 5:50:27] !aol
[21/2/2022 5:50:30] !aol
[21/2/2022 5:50:32] !aol
[21/2/2022 5:50:37] !aol
[21/2/2022 5:50:40] !aol
[21/2/2022 5:50:45] !aol
[21/2/2022 5:50:47] !aol
[21/2/2022 5:50:52] !aol
[21/2/2022 5:50:55] !aol
[21/2/2022 5:51:0] !aol
[21/2/2022 5:51:2] !aol
[21/2/2022 5:51:7] !aol
[21/2/2022 5:51:10] !aol
[21/2/2022 5:51:15] !aol
[21/2/2022 5:51:18] !aol
[21/2/2022 5:51:23] !aol
[21/2/2022 5:51:30] !aol
[21/2/2022 5:51:38] !aol
[21/2/2022 5:51:43] !aol
[21/2/2022 5:51:45] !aol
[21/2/2022 5:51:48] !aol
[21/2/2022 5:51:50] !aol
[21/2/2022 5:51:53] !aol
[21/2/2022 5:51:58] !aol
[21/2/2022 5:52:0] !aol
[21/2/2022 5:52:5] !aol
[21/2/2022 5:52:8] !aol
[21/2/2022 5:52:13] !aol
[21/2/2022 5:52:15] !aol
[21/2/2022 5:52:20] !aol
[21/2/2022 5:52:23] !aol
[21/2/2022 5:52:28] !aol
[21/2/2022 5:52:31] !aol
[21/2/2022 5:52:36] !aol
[21/2/2022 5:52:38] !aol
[21/2/2022 5:52:43] !aol
[21/2/2022 5:52:46] !aol
[21/2/2022 5:52:51] !aol
[21/2/2022 5:52:53] !aol
[21/2/2022 5:52:58] !aol
[21/2/2022 5:53:6] !aol
[21/2/2022 5:53:8] !aol
[21/2/2022 5:53:13] !aol
[21/2/2022 5:53:18] !aol
[21/2/2022 5:53:21] !aol
[21/2/2022 5:53:26] !aol
[21/2/2022 5:53:28] !aol
[21/2/2022 5:53:33] !aol
[21/2/2022 5:53:36] !aol
[21/2/2022 5:53:41] !aol
[21/2/2022 5:53:44] !aol
[21/2/2022 5:53:49] !aol
[21/2/2022 5:53:51] !aol
[21/2/2022 5:53:56] !aol
[21/2/2022 5:53:59] !aol
[21/2/2022 5:54:4] !aol
[21/2/2022 5:54:6] !aol
[21/2/2022 5:54:11] !aol
[21/2/2022 5:54:14] !aol
[21/2/2022 5:54:19] !aol
[21/2/2022 5:54:21] !aol
[21/2/2022 5:54:26] !aol
[21/2/2022 5:54:29] !aol
[21/2/2022 5:54:34] !aol
[21/2/2022 5:54:36] !aol
[21/2/2022 5:54:41] !aol
[21/2/2022 5:54:44] !aol
[21/2/2022 5:54:49] !aol
[21/2/2022 5:54:52] !aol
[21/2/2022 5:54:57] !aol
[21/2/2022 5:54:59] !aol
[21/2/2022 5:55:4] !aol
[21/2/2022 5:55:7] !aol
[21/2/2022 5:55:12] !aol
[21/2/2022 5:55:14] !aol
[21/2/2022 5:55:19] !aol
[21/2/2022 5:55:22] !aol
[21/2/2022 5:55:27] !aol
[21/2/2022 5:55:29] !aol
[21/2/2022 5:55:34] !aol
[21/2/2022 5:55:37] !aol
[21/2/2022 5:55:42] !aol
[21/2/2022 5:55:45] !aol
[21/2/2022 5:55:50] !aol
[21/2/2022 5:55:55] !aol
[21/2/2022 5:55:57] !aol
[21/2/2022 5:56:2] !aol
[21/2/2022 5:56:5] !aol
[21/2/2022 5:56:10] !aol
[21/2/2022 5:56:12] !aol
[21/2/2022 5:56:17] !aol
[21/2/2022 5:56:20] !aol
[21/2/2022 5:56:25] !aol
[21/2/2022 5:56:27] !aol
[21/2/2022 5:56:32] !aol
[21/2/2022 5:56:35] !aol
[21/2/2022 5:56:40] !aol
[21/2/2022 5:56:42] !aol
[21/2/2022 5:56:47] !aol
[21/2/2022 5:56:50] !aol
[21/2/2022 5:56:55] !aol
[21/2/2022 5:56:58] !aol
[21/2/2022 5:57:3] !aol
[21/2/2022 5:57:5] !aol
[21/2/2022 5:57:10] !aol
[21/2/2022 5:57:13] !aol
[21/2/2022 5:57:18] !aol
[21/2/2022 5:57:20] !aol
[21/2/2022 5:57:25] !aol
[21/2/2022 5:57:28] !aol
[21/2/2022 5:57:30] !aol
[21/2/2022 5:57:33] !aol
[21/2/2022 5:57:35] !aol
[21/2/2022 5:57:38] !aol
[21/2/2022 5:57:40] !aol
[21/2/2022 5:57:45] !aol
[21/2/2022 5:57:48] !aol
[21/2/2022 5:57:53] !aol
[21/2/2022 5:57:56] !aol
[21/2/2022 5:58:1] !aol
[21/2/2022 5:58:3] !aol
[21/2/2022 5:58:23] !aol
[21/2/2022 5:58:26] !aol
[21/2/2022 5:58:31] !aol
[21/2/2022 5:58:33] !aol
[21/2/2022 5:58:39] !aol
[21/2/2022 5:58:41] !aol
[21/2/2022 5:58:46] !aol
[21/2/2022 5:58:49] !aol
[21/2/2022 5:58:54] !aol
[21/2/2022 5:58:56] !aol
[21/2/2022 5:58:59] !aol
[21/2/2022 5:59:1] !aol
[21/2/2022 5:59:6] !aol
[21/2/2022 5:59:9] !aol
[21/2/2022 5:59:14] !aol
[21/2/2022 5:59:16] !aol
[21/2/2022 5:59:21] !aol
[21/2/2022 5:59:24] !aol
[21/2/2022 5:59:29] !aol
[21/2/2022 5:59:31] !aol
[21/2/2022 5:59:36] !aol
[21/2/2022 5:59:39] !aol
[21/2/2022 5:59:44] !aol
[21/2/2022 5:59:46] !aol
[21/2/2022 5:59:51] !aol
[21/2/2022 5:59:59] !aol
[21/2/2022 6:0:1] !aol
[21/2/2022 6:0:7] !aol
[21/2/2022 6:0:9] !aol
[21/2/2022 6:0:14] !aol
[21/2/2022 6:0:17] !aol
[21/2/2022 6:0:22] !aol
[21/2/2022 6:0:24] !aol
[21/2/2022 6:0:29] !aol
[21/2/2022 6:0:32] !aol
[21/2/2022 6:0:34] !aol
[21/2/2022 6:0:37] !aol
[21/2/2022 6:0:42] !aol
[21/2/2022 6:0:44] !aol
[21/2/2022 6:0:49] !aol
[21/2/2022 6:0:52] !aol
[21/2/2022 6:0:57] !aol
[21/2/2022 6:0:59] !aol
[21/2/2022 6:1:4] !aol
[21/2/2022 6:1:7] !aol
[21/2/2022 6:1:12] !aol
[21/2/2022 6:1:14] !aol
[21/2/2022 6:1:20] !aol
[21/2/2022 6:1:22] !aol
[21/2/2022 6:1:27] !aol
[21/2/2022 6:1:30] !aol
[21/2/2022 6:1:35] !aol
[21/2/2022 6:1:37] !aol
[21/2/2022 6:1:42] !aol
[21/2/2022 6:1:45] !aol
[21/2/2022 6:1:50] !aol
[21/2/2022 6:1:52] !aol
[21/2/2022 6:1:57] !aol
[21/2/2022 6:2:0] !aol
[21/2/2022 6:2:5] !aol
[21/2/2022 6:2:7] !aol
[21/2/2022 6:2:12] !aol
[21/2/2022 6:2:15] !aol
[21/2/2022 6:2:20] !aol
[21/2/2022 6:2:23] !aol
[21/2/2022 6:2:27] !aol
[21/2/2022 6:2:30] !aol
[21/2/2022 6:2:35] !aol
[21/2/2022 6:2:37] !aol
[21/2/2022 6:2:43] !aol
[21/2/2022 6:2:45] !aol
[21/2/2022 6:2:48] !aol
[21/2/2022 6:2:50] !aol
[21/2/2022 6:2:55] !aol
[21/2/2022 6:2:58] !aol
[21/2/2022 6:3:3] !aol
[21/2/2022 6:3:5] !aol
[21/2/2022 6:3:10] !aol
[21/2/2022 6:3:13] !aol
[21/2/2022 6:3:18] !aol
[21/2/2022 6:3:20] !aol
[21/2/2022 6:3:25] !aol
[21/2/2022 6:3:28] !aol
[21/2/2022 6:3:33] !aol
[21/2/2022 6:3:35] !aol
[21/2/2022 6:3:40] !aol
[21/2/2022 6:3:43] !aol
[21/2/2022 6:3:48] !aol
[21/2/2022 6:3:50] !aol
[21/2/2022 6:3:55] !aol
[21/2/2022 6:3:58] !aol
[21/2/2022 6:4:3] !aol
[21/2/2022 6:4:5] !aol
[21/2/2022 6:4:10] !aol
[21/2/2022 6:4:13] !aol
[21/2/2022 6:4:18] !aol
[21/2/2022 6:4:21] !aol
[21/2/2022 6:4:26] !aol
[21/2/2022 6:4:28] !aol
[21/2/2022 6:4:33] !aol
[21/2/2022 6:4:36] !aol
[21/2/2022 6:4:41] !aol
[21/2/2022 6:4:43] !aol
[21/2/2022 6:4:48] !aol
[21/2/2022 6:4:51] !aol
[21/2/2022 6:4:56] !aol
[21/2/2022 6:4:58] !aol
[21/2/2022 6:5:3] !aol
[21/2/2022 6:5:6] !aol
[21/2/2022 6:5:11] !aol
[21/2/2022 6:5:13] !aol
[21/2/2022 6:5:19] !aol
[21/2/2022 6:5:21] !aol
[21/2/2022 6:5:26] !aol
[21/2/2022 6:5:28] !aol
[21/2/2022 6:5:31] !aol
[21/2/2022 6:5:34] !aol
[21/2/2022 6:5:36] !aol
[21/2/2022 6:5:41] !aol
[21/2/2022 6:5:46] !aol
[21/2/2022 6:5:49] !aol
[21/2/2022 6:5:54] !aol
[21/2/2022 6:5:56] !aol
[21/2/2022 6:6:1] !aol
[21/2/2022 6:6:4] !aol
[21/2/2022 6:6:9] !aol
[21/2/2022 6:6:11] !aol
[21/2/2022 6:6:16] !aol
[21/2/2022 6:6:19] !aol
[21/2/2022 6:6:24] !aol
[21/2/2022 6:6:26] !aol
[21/2/2022 6:6:31] !aol
[21/2/2022 6:6:34] !aol
[21/2/2022 6:6:39] !aol
[21/2/2022 6:6:46] !aol
[21/2/2022 6:6:51] !aol
[21/2/2022 6:6:54] !aol
[21/2/2022 6:6:59] !aol
[21/2/2022 6:7:1] !aol
[21/2/2022 6:7:7] !aol
[21/2/2022 6:7:9] !aol
[21/2/2022 6:7:14] !aol
[21/2/2022 6:7:17] !aol
[21/2/2022 6:7:22] !aol
[21/2/2022 6:7:24] !aol
[21/2/2022 6:7:29] !aol
[21/2/2022 6:7:32] !aol
[21/2/2022 6:7:37] !aol
[21/2/2022 6:7:39] !aol
[21/2/2022 6:7:44] !aol
[21/2/2022 6:7:47] !aol
[21/2/2022 6:7:52] !aol
[21/2/2022 6:7:54] !aol
[21/2/2022 6:7:59] !aol
[21/2/2022 6:8:2] !aol
[21/2/2022 6:8:7] !aol
[21/2/2022 6:8:10] !aol
[21/2/2022 6:8:14] !aol
[21/2/2022 6:8:17] !aol
[21/2/2022 6:8:22] !aol
[21/2/2022 6:8:25] !aol
[21/2/2022 6:8:30] !aol
[21/2/2022 6:8:32] !aol
[21/2/2022 6:8:37] !aol
[21/2/2022 6:8:40] !aol
[21/2/2022 6:8:45] !aol
[21/2/2022 6:8:47] !aol
[21/2/2022 6:8:52] !aol
[21/2/2022 6:8:55] !aol
[21/2/2022 6:8:57] !aol
[21/2/2022 6:9:0] !aol
[21/2/2022 6:9:8] !aol
[21/2/2022 6:9:10] !aol
[21/2/2022 6:9:15] !aol
[21/2/2022 6:9:18] !aol
[21/2/2022 6:9:23] !aol
[21/2/2022 6:9:25] !aol
[21/2/2022 6:9:28] !aol
[21/2/2022 6:9:30] !aol
[21/2/2022 6:9:33] !aol
[21/2/2022 6:9:35] !aol
[21/2/2022 6:9:38] !aol
[21/2/2022 6:9:43] !aol
[21/2/2022 6:9:45] !aol
[21/2/2022 6:9:50] !aol
[21/2/2022 6:9:53] !aol
[21/2/2022 6:9:58] !aol
[21/2/2022 6:10:0] !aol
[21/2/2022 6:10:5] !aol
[21/2/2022 6:10:8] !aol
[21/2/2022 6:10:13] !aol
[21/2/2022 6:10:15] !aol
[21/2/2022 6:10:21] !aol
[21/2/2022 6:10:23] !aol
[21/2/2022 6:10:28] !aol
[21/2/2022 6:10:31] !aol
[21/2/2022 6:10:36] !aol
[21/2/2022 6:10:38] !aol
[21/2/2022 6:10:43] !aol
[21/2/2022 6:10:46] !aol
[21/2/2022 6:10:51] !aol
[21/2/2022 6:10:53] !aol
[21/2/2022 6:10:58] !aol
[21/2/2022 6:11:1] !aol
[21/2/2022 6:11:6] !aol
[21/2/2022 6:11:8] !aol
[21/2/2022 6:11:13] !aol
[21/2/2022 6:11:16] !aol
[21/2/2022 6:11:21] !aol
[21/2/2022 6:11:24] !aol
[21/2/2022 6:11:29] !aol
[21/2/2022 6:11:31] !aol
[21/2/2022 6:11:36] !aol
[21/2/2022 6:11:39] !aol
[21/2/2022 6:11:44] !aol
[21/2/2022 6:11:49] !aol
[21/2/2022 6:11:51] !aol
[21/2/2022 6:11:56] !aol
[21/2/2022 6:11:59] !aol
[21/2/2022 6:12:4] !aol
[21/2/2022 6:12:6] !aol
[21/2/2022 6:12:11] !aol
[21/2/2022 6:12:14] !aol
[21/2/2022 6:12:19] !aol
[21/2/2022 6:12:21] !aol
[21/2/2022 6:12:26] !aol
[21/2/2022 6:12:29] !aol
[21/2/2022 6:12:34] !aol
[21/2/2022 6:12:37] !aol
[21/2/2022 6:12:42] !aol
[21/2/2022 6:12:44] !aol
[21/2/2022 6:12:49] !aol
[21/2/2022 6:12:52] !aol
[21/2/2022 6:12:57] !aol
[21/2/2022 6:12:59] !aol
[21/2/2022 6:13:4] !aol
[21/2/2022 6:13:7] !aol
[21/2/2022 6:13:12] !aol
[21/2/2022 6:13:14] !aol
[21/2/2022 6:13:17] !aol
[21/2/2022 6:13:19] !aol
[21/2/2022 6:13:24] !aol
[21/2/2022 6:13:27] !aol
[21/2/2022 6:13:32] !aol
[21/2/2022 6:13:34] !aol
[21/2/2022 6:13:40] !aol
[21/2/2022 6:13:42] !aol
[21/2/2022 6:13:47] !aol
[21/2/2022 6:13:49] !aol
[21/2/2022 6:13:54] !aol
[21/2/2022 6:13:57] !aol
[21/2/2022 6:14:2] !aol
[21/2/2022 6:14:5] !aol
[21/2/2022 6:14:10] !aol
[21/2/2022 6:14:12] !aol
[21/2/2022 6:14:17] !aol
[21/2/2022 6:14:20] !aol
[21/2/2022 6:14:25] !aol
[21/2/2022 6:14:27] !aol
[21/2/2022 6:14:32] !aol
[21/2/2022 6:14:35] !aol
[21/2/2022 6:14:40] !aol
[21/2/2022 6:14:42] !aol
[21/2/2022 6:14:47] !aol
[21/2/2022 6:14:50] !aol
[21/2/2022 6:14:55] !aol
[21/2/2022 6:14:57] !aol
[21/2/2022 6:15:0] !aol
[21/2/2022 6:15:2] !aol
[21/2/2022 6:15:7] !aol
[21/2/2022 6:15:10] !aol
[21/2/2022 6:15:12] !aol
[21/2/2022 6:15:15] !aol
[21/2/2022 6:15:18] !aol
[21/2/2022 6:15:20] !aol
[21/2/2022 6:15:22] !aol
[21/2/2022 6:15:25] !aol
[21/2/2022 6:15:30] !aol
[21/2/2022 6:15:33] !aol
[21/2/2022 6:15:38] !aol
[21/2/2022 6:15:40] !aol
[21/2/2022 6:15:45] !aol
[21/2/2022 6:15:48] !aol
[21/2/2022 6:15:53] !aol
[21/2/2022 6:15:55] !aol
[21/2/2022 6:16:0] !aol
[21/2/2022 6:16:3] !aol
[21/2/2022 6:16:8] !aol
[21/2/2022 6:16:10] !aol
[21/2/2022 6:16:15] !aol
[21/2/2022 6:16:18] !aol
[21/2/2022 6:16:23] !aol
[21/2/2022 6:16:30] !aol
[21/2/2022 6:16:33] !aol
[21/2/2022 6:16:38] !aol
[21/2/2022 6:16:45] !aol
[21/2/2022 6:16:48] !aol
[21/2/2022 6:16:53] !aol
[21/2/2022 6:16:58] !aol
[21/2/2022 6:17:1] !aol
[21/2/2022 6:17:5] !aol
[21/2/2022 6:17:8] !aol
[21/2/2022 6:17:13] !aol
[21/2/2022 6:17:16] !aol
[21/2/2022 6:17:21] !aol
[21/2/2022 6:17:23] !aol
[21/2/2022 6:17:28] !aol
[21/2/2022 6:17:31] !aol
[21/2/2022 6:17:36] !aol
[21/2/2022 6:17:38] !aol
[21/2/2022 6:17:43] !aol
[21/2/2022 6:17:46] !aol
[21/2/2022 6:17:51] !aol
[21/2/2022 6:17:53] !aol
[21/2/2022 6:17:58] !aol
[21/2/2022 6:18:1] !aol
[21/2/2022 6:18:6] !aol
[21/2/2022 6:18:9] !aol
[21/2/2022 6:18:14] !aol
[21/2/2022 6:18:16] !aol
[21/2/2022 6:18:21] !aol
[21/2/2022 6:18:26] !aol
[21/2/2022 6:18:29] !aol
[21/2/2022 6:18:34] !aol
[21/2/2022 6:18:36] !aol
[21/2/2022 6:18:41] !aol
[21/2/2022 6:18:44] !aol
[21/2/2022 6:18:49] !aol
[21/2/2022 6:18:51] !aol
[21/2/2022 6:18:56] !aol
[21/2/2022 6:18:59] !aol
[21/2/2022 6:19:4] !aol
[21/2/2022 6:19:6] !aol
[21/2/2022 6:19:11] !aol
[21/2/2022 6:19:14] !aol
[21/2/2022 6:19:19] !aol
[21/2/2022 6:19:22] !aol
[21/2/2022 6:19:27] !aol
[21/2/2022 6:19:29] !aol
[21/2/2022 6:19:34] !aol
[21/2/2022 6:19:37] !aol
[21/2/2022 6:19:42] !aol
[21/2/2022 6:19:44] !aol
[21/2/2022 6:19:49] !aol
[21/2/2022 6:19:52] !aol
[21/2/2022 6:19:57] !aol
[21/2/2022 6:20:0] !aol
[21/2/2022 6:20:4] !aol
[21/2/2022 6:20:7] !aol
[21/2/2022 6:20:12] !aol
[21/2/2022 6:20:20] !aol
[21/2/2022 6:20:27] !aol
[21/2/2022 6:20:32] !aol
[21/2/2022 6:20:35] !aol
[21/2/2022 6:20:40] !aol
[21/2/2022 6:20:42] !aol
[21/2/2022 6:20:47] !aol
[21/2/2022 6:20:50] !aol
[21/2/2022 6:20:55] !aol
[21/2/2022 6:20:57] !aol
[21/2/2022 6:21:2] !aol
[21/2/2022 6:21:5] !aol
[21/2/2022 6:21:10] !aol
[21/2/2022 6:21:12] !aol
[21/2/2022 6:21:17] !aol
[21/2/2022 6:21:20] !aol
[21/2/2022 6:21:25] !aol
[21/2/2022 6:21:27] !aol
[21/2/2022 6:21:32] !aol
[21/2/2022 6:21:35] !aol
[21/2/2022 6:21:40] !aol
[21/2/2022 6:21:42] !aol
[21/2/2022 6:21:48] !aol
[21/2/2022 6:21:53] !aol
[21/2/2022 6:21:55] !aol
[21/2/2022 6:22:0] !aol
[21/2/2022 6:22:3] !aol
[21/2/2022 6:22:8] !aol
[21/2/2022 6:22:10] !aol
[21/2/2022 6:22:15] !aol
[21/2/2022 6:22:18] !aol
[21/2/2022 6:22:23] !aol
[21/2/2022 6:22:26] !aol
[21/2/2022 6:22:31] !aol
[21/2/2022 6:22:33] !aol
[21/2/2022 6:22:38] !aol
[21/2/2022 6:22:41] !aol
[21/2/2022 6:22:46] !aol
[21/2/2022 6:22:48] !aol
[21/2/2022 6:22:53] !aol
[21/2/2022 6:22:56] !aol
[21/2/2022 6:23:1] !aol
[21/2/2022 6:23:3] !aol
[21/2/2022 6:23:8] !aol
[21/2/2022 6:23:11] !aol
[21/2/2022 6:23:16] !aol
[21/2/2022 6:23:18] !aol
[21/2/2022 6:23:23] !aol
[21/2/2022 6:23:26] !aol
[21/2/2022 6:23:31] !aol
[21/2/2022 6:23:33] !aol
[21/2/2022 6:23:39] !aol
[21/2/2022 6:23:41] !aol
[21/2/2022 6:23:46] !aol
[21/2/2022 6:23:49] !aol
[21/2/2022 6:23:54] !aol
[21/2/2022 6:23:56] !aol
[21/2/2022 6:24:1] !aol
[21/2/2022 6:24:6] !aol
[21/2/2022 6:24:9] !aol
[21/2/2022 6:24:14] !aol
[21/2/2022 6:24:16] !aol
[21/2/2022 6:24:21] !aol
[21/2/2022 6:24:24] !aol
[21/2/2022 6:24:29] !aol
