[10/2/2022 22:53:56] !emotespells on
[10/2/2022 23:27:57] !aol
[10/2/2022 23:39:15] !aol
[11/2/2022 1:49:38] !online
[11/2/2022 21:40:23] !frags
[11/2/2022 21:50:27] !frags
[11/2/2022 22:4:56] !frags
[11/2/2022 22:6:7] !frags
[11/2/2022 22:45:44] !frags
[11/2/2022 22:47:19] !frags
[12/2/2022 16:33:23] !frags
[12/2/2022 16:36:5] !frags
[12/2/2022 17:27:37] !frags
[12/2/2022 17:57:23] !aol
[12/2/2022 21:23:19] !frags
[12/2/2022 21:28:6] !frags
[12/2/2022 21:38:32] !online
[12/2/2022 21:41:49] !frags
[12/2/2022 22:0:26] !frags
[12/2/2022 22:34:34] !frags
[13/2/2022 0:53:47] !frags
[13/2/2022 0:54:43] !aol
[13/2/2022 1:44:38] !aol
[13/2/2022 2:41:46] !aol
[13/2/2022 2:47:30] !frags
[13/2/2022 13:28:45] !aol
[13/2/2022 23:9:5] !frags
[15/2/2022 0:8:53] !aol
[15/2/2022 0:47:2] !aol
[15/2/2022 20:16:4] !aol
[15/2/2022 20:22:56] !aol
[15/2/2022 21:52:23] !frags
[15/2/2022 22:33:33] !frags
[15/2/2022 23:18:53] !frags
[17/2/2022 17:46:47] !addon warmaster
[17/2/2022 17:55:2] !frags
[17/2/2022 19:7:12] !frags
[17/2/2022 19:13:30] !frags
[17/2/2022 19:14:14] !frags
[17/2/2022 21:1:57] !frags
[18/2/2022 1:3:6] !frags
[22/2/2022 0:58:45] !aol
[22/2/2022 1:0:39] !aol
