[10/2/2022 21:55:18] !emotespells on
[10/2/2022 21:55:20] !online
[10/2/2022 22:2:23] !emotespells
[10/2/2022 22:3:17] !emotespells on
[10/2/2022 22:23:50] !guildpoints
[10/2/2022 22:35:29] !online
[10/2/2022 22:58:52] !online
[10/2/2022 23:4:2] !online
[11/2/2022 1:2:9] !online
[11/2/2022 1:8:20] !guildpoints
[11/2/2022 6:10:20] !online
[11/2/2022 10:43:41] !guildpoints
[11/2/2022 11:54:15] !online
[11/2/2022 21:50:18] !online
[12/2/2022 14:13:13] !online
[12/2/2022 16:53:5] !frags
[12/2/2022 17:13:40] !online
[12/2/2022 17:18:52] !frags
[13/2/2022 13:28:56] !frags
[13/2/2022 19:26:37] !online
[13/2/2022 22:45:33] !go
[13/2/2022 23:21:37] !online
[14/2/2022 11:4:33] !guildpoints
[14/2/2022 11:12:0] !frags
[16/2/2022 9:54:7] !online
[17/2/2022 19:4:24] !frags
[17/2/2022 19:5:18] !frags
[17/2/2022 19:6:21] !frags
[17/2/2022 19:7:12] !frags
[17/2/2022 19:8:50] !frags
[17/2/2022 19:11:31] !frags
[17/2/2022 19:13:45] !frags
[17/2/2022 19:14:10] !frags
[17/2/2022 19:15:49] !frags
[17/2/2022 19:17:37] !frags
[17/2/2022 21:19:9] !frags
[18/2/2022 0:21:24] !frags
[19/2/2022 11:38:53] !online
[20/2/2022 16:8:43] !frags
