[11/2/2022 1:24:49] !rank
[11/2/2022 1:24:53] !rank level
[11/2/2022 2:38:39] !rank level
[11/2/2022 2:42:35] !aol
[11/2/2022 6:36:39] !aol
[11/2/2022 6:58:52] !rank level
[11/2/2022 10:34:32] !rank level
[11/2/2022 11:55:53] !serverinfo
[11/2/2022 13:0:17] !rank level
[11/2/2022 22:2:41] !frags
[11/2/2022 22:7:20] !frags
[11/2/2022 22:10:11] !rank 
[11/2/2022 22:11:6] !rank level
[11/2/2022 22:44:7] !frags
[11/2/2022 22:50:42] !frags
[12/2/2022 1:27:19] !frags
[12/2/2022 2:14:43] !frags
[12/2/2022 2:21:47] !frags
[12/2/2022 2:50:18] !frags
[12/2/2022 2:50:33] !frags
[12/2/2022 2:50:55] !frags
[12/2/2022 8:57:6] !rank level
[12/2/2022 8:57:33] !rank magic
[12/2/2022 9:34:52] !rank level
[12/2/2022 9:35:19] !rank magic
[12/2/2022 13:27:2] !rank magic
[12/2/2022 15:28:56] !rank magic
[12/2/2022 15:29:11] !rank level
[12/2/2022 22:42:13] !rank level
[12/2/2022 23:10:57] !frags
[13/2/2022 0:56:0] !rank level
[13/2/2022 15:8:0] !rank level
[13/2/2022 16:24:57] !rank magic
[14/2/2022 15:34:23] !rank magic
[15/2/2022 0:49:4] !rank level
[15/2/2022 4:24:26] !rank level
[15/2/2022 10:13:34] !rank level
[15/2/2022 10:13:47] !rank magic
[15/2/2022 13:30:16] !rank magic
[16/2/2022 2:56:19] !rank magic
[16/2/2022 10:18:45] !rank level
[16/2/2022 10:34:20] !rank magic
[16/2/2022 12:3:25] !rank level
[17/2/2022 1:4:4] !tradeoff buy, 47
[17/2/2022 4:2:12] !frags
[17/2/2022 4:2:59] !frags
[17/2/2022 17:31:23] !rank magic
[17/2/2022 18:2:22] !rank level
[18/2/2022 1:18:44] !rank distance
[18/2/2022 6:40:39] !rank distance
[18/2/2022 6:42:3] !rank level
[18/2/2022 6:42:33] !rank magic
[18/2/2022 13:37:26] !frags
[18/2/2022 19:0:24] !rank level
[18/2/2022 19:28:47] !rank magic
[18/2/2022 20:8:38] !rank distance
[19/2/2022 7:27:3] !rank magic
[20/2/2022 0:7:6] !addon oriental
[20/2/2022 0:8:42] !addon warmaster
[20/2/2022 9:23:32] !rank magic
[20/2/2022 14:58:23] !rank magic
[20/2/2022 17:7:37] !rank magic
[21/2/2022 14:34:34] !rank 
[21/2/2022 14:34:40] !rank level
[21/2/2022 14:36:20] !rank magic
