[11/2/2022 0:25:46] !online
[11/2/2022 2:6:28] !buyhouse
[11/2/2022 13:37:21] !buyhouse
[11/2/2022 18:37:20] !frags
[11/2/2022 21:47:44] !frags
[11/2/2022 21:59:13] !frags
[11/2/2022 21:59:57] !frags
[11/2/2022 22:8:22] !frags
[11/2/2022 22:37:53] !frags
[11/2/2022 22:45:30] !frags
[11/2/2022 22:47:15] !frags
[11/2/2022 23:43:23] !frags
[12/2/2022 1:19:59] !frags
[12/2/2022 2:41:21] !frags
[12/2/2022 2:48:53] !frags
[12/2/2022 16:18:50] !frags
[13/2/2022 0:25:4] !frags
[13/2/2022 1:33:15] !frags
[14/2/2022 9:32:13] aleta sio
[15/2/2022 6:25:47] !protecthouse 
[15/2/2022 6:25:51] !protecthouse on
[15/2/2022 6:25:55] !protecthouse off
[15/2/2022 6:28:45] aleta sio
[15/2/2022 8:43:1] aleta sio
[15/2/2022 9:16:25] !addon warmaster
[17/2/2022 0:32:56] aleta sio
[17/2/2022 0:33:12] aleta sio
[17/2/2022 0:33:51] aleta sio
[17/2/2022 0:57:17] aleta sio
[17/2/2022 8:27:44] aleta sio
[17/2/2022 8:51:44] aleta som
[17/2/2022 20:52:12] aleta sio
[17/2/2022 20:52:14] aleta sio
[17/2/2022 20:52:17] aleta sio
[17/2/2022 20:52:20] aleta sio
[20/2/2022 4:57:5] aleta sio
[20/2/2022 15:6:53] aleta som
[20/2/2022 15:6:57] aleta sio
[20/2/2022 21:33:3] !addon mage
