[10/2/2022 20:47:4] !aol
[10/2/2022 20:53:13] !aol
[10/2/2022 21:15:47] !guildpoints
[10/2/2022 21:30:31] !guildpoints
[10/2/2022 22:18:53] !emotespells on
[11/2/2022 0:9:43] !buyhouse
[11/2/2022 0:44:13] !go
[11/2/2022 0:47:52] !frags
[11/2/2022 1:9:38] !frags
[11/2/2022 1:31:58] !frags
[11/2/2022 1:35:15] !frags
[11/2/2022 20:11:25] !frags
[11/2/2022 21:40:27] !frags
[11/2/2022 21:42:13] !frags
[11/2/2022 21:47:43] !frags
[11/2/2022 22:0:19] !frags
[11/2/2022 22:1:55] !frags
[11/2/2022 22:8:23] !frags
[11/2/2022 22:24:38] !frags
[11/2/2022 22:50:56] !frags
[12/2/2022 21:10:6] !frags
[12/2/2022 21:11:33] !frags
[12/2/2022 21:15:59] !go
[12/2/2022 21:31:52] !frags
[12/2/2022 22:19:1] !frags
[12/2/2022 22:38:50] !frags
[13/2/2022 17:57:27] !aol
[13/2/2022 18:16:1] !frags
[13/2/2022 22:52:7] !go
[13/2/2022 23:9:10] !frags
[14/2/2022 14:8:52] !go
[14/2/2022 15:18:4] !guildpoints
[14/2/2022 19:52:28] !serverinfo
[14/2/2022 21:1:20] !guildpoints
[14/2/2022 21:43:22] !go
[14/2/2022 22:56:18] !go
[15/2/2022 0:36:6] !go
[15/2/2022 22:59:39] !go
[16/2/2022 1:2:0] !guildpoints
[17/2/2022 0:6:18] !go
[17/2/2022 1:54:34] !frags
[17/2/2022 1:57:33] !frags
[17/2/2022 2:2:3] !frags
[17/2/2022 20:32:3] !guildpoints
[17/2/2022 22:59:55] !go
[17/2/2022 23:47:41] !go
