[11/2/2022 6:36:50] !buyhouse
[12/2/2022 10:10:36] !guildpoints
[12/2/2022 19:41:25] !guildpoints
[13/2/2022 14:22:29] aleta sio
[13/2/2022 14:22:33] aleta som
[13/2/2022 14:22:35] aleta som
[13/2/2022 14:22:42] aleta sio
[13/2/2022 14:22:46] aleta sio
[13/2/2022 14:22:49] aleta som
[13/2/2022 14:22:51] aleta som
[13/2/2022 14:22:54] aleta sio
[13/2/2022 14:22:56] aleta sio
[13/2/2022 19:48:27] !buyhouse
[13/2/2022 19:48:58] !protecthouse
[13/2/2022 19:49:2] !protecthouse on
[17/2/2022 20:34:23] aleta som
[17/2/2022 20:52:58] aleta sio
[17/2/2022 21:5:56] aleta sio
[17/2/2022 21:6:1] aleta sio
[18/2/2022 1:17:30] !protecthouse
[18/2/2022 1:17:45] !protecthouse off
[19/2/2022 22:46:1] !emotespells
[19/2/2022 22:46:5] !emotespells on
[20/2/2022 4:58:31] aleta sio
[20/2/2022 4:58:36] aleta sio
[20/2/2022 14:29:1] aleta sio
[20/2/2022 14:29:29] aleta som
[20/2/2022 14:29:35] aleta som
[20/2/2022 14:29:44] aleta sio
[20/2/2022 14:29:52] aleta sio
[20/2/2022 15:19:30] !protecthouse
[20/2/2022 15:19:33] !protecthouse off
[20/2/2022 15:19:46] aleta sio
[20/2/2022 15:20:16] aleta sio
[20/2/2022 15:20:24] aleta sio
[20/2/2022 22:8:40] aleta sio
[20/2/2022 22:26:24] aleta sio
