[11/12/2021 0:43:57] !aol
[11/12/2021 0:49:58] !aol
[11/12/2021 0:52:54] !wand ice
[11/12/2021 7:25:55] !wand ice
[11/12/2021 12:58:39] !wand ice
[11/12/2021 13:0:32] !online
[12/12/2021 23:21:3] !online
[13/12/2021 0:31:26] !wand ice
[13/12/2021 11:52:48] !wand ice
[13/12/2021 18:10:7] !online
[13/12/2021 18:54:56] !wand holy
[13/12/2021 18:55:6] !wand death
[13/12/2021 19:2:32] !wand ice
[13/12/2021 22:17:23] !rank level
[13/12/2021 22:45:7] !wand ice
[14/12/2021 0:23:13] !wand death
[14/12/2021 7:23:48] !wand death
[14/12/2021 19:24:6] !wand ice
[14/12/2021 22:31:20] !wand death
[14/12/2021 22:33:4] !wand energy
[15/12/2021 0:17:22] !wand ice
[15/12/2021 0:27:5] !wand ice
[15/12/2021 18:15:50] !wand ice
[16/12/2021 18:28:20] !online
[17/12/2021 19:36:53] !online
[20/12/2021 21:46:40] !online
[27/5/2022 20:49:45] !aol
[27/5/2022 20:55:12] !aol
[27/5/2022 21:7:7] !aol
[27/5/2022 21:7:36] !aol
[27/5/2022 21:16:32] !online
[27/5/2022 22:21:45] !guildpoints
[27/5/2022 22:49:1] !aol
[28/5/2022 0:55:57] !aol
[30/5/2022 1:19:11] !online
[30/5/2022 21:53:3] !online
[30/5/2022 23:25:52] !online
[30/5/2022 23:45:41] !online
