[27/5/2022 21:55:12] 
[27/5/2022 21:56:5] !emotespells on
[27/5/2022 22:17:2] 
[27/5/2022 22:26:15] !aol
[27/5/2022 22:27:35] 
[27/5/2022 22:27:42] !aol
[27/5/2022 23:13:52] 
[27/5/2022 23:14:47] 
[27/5/2022 23:25:15] !guildpoints
[27/5/2022 23:25:20] !guildpoints
[27/5/2022 23:25:33] !guildpoints
[27/5/2022 23:26:1] !guildpoints
[27/5/2022 23:26:26] !guildpoints
[27/5/2022 23:30:5] 
[27/5/2022 23:30:11] 
[27/5/2022 23:31:4] 
[27/5/2022 23:37:30] 
[27/5/2022 23:54:1] 
[28/5/2022 1:27:6] !serverinfo
[28/5/2022 2:30:24] 
[28/5/2022 2:41:29] 
[28/5/2022 2:53:34] !serverinfo
[28/5/2022 4:6:33] !aol
[28/5/2022 4:25:45] !aol
[28/5/2022 4:28:54] 
[28/5/2022 4:29:30] 
[28/5/2022 4:31:57] 
[28/5/2022 4:55:41] !serverinfo
[28/5/2022 9:51:57] !serverinfo
[28/5/2022 18:24:34] !aol
[28/5/2022 23:3:10] !aol
[28/5/2022 23:17:13] !aol
[29/5/2022 3:16:47] !serverinfo
[29/5/2022 13:5:16] 
[29/5/2022 13:5:23] !aol
[29/5/2022 13:10:41] !serverinfo
[29/5/2022 13:20:45] !aol
[29/5/2022 13:21:1] 
[29/5/2022 14:14:57] 
[29/5/2022 14:15:18] 
[29/5/2022 14:15:51] 
[29/5/2022 14:16:11] 
[29/5/2022 14:16:54] 
[29/5/2022 20:23:58] !serverinfo
[29/5/2022 20:37:37] !aol
[29/5/2022 21:1:10] 
[29/5/2022 21:1:17] !aol
[29/5/2022 21:12:34] 
[29/5/2022 21:33:16] 
[30/5/2022 0:10:1] !aol
[30/5/2022 0:20:8] !aol
[30/5/2022 0:20:35] 
[30/5/2022 1:0:7] 
[30/5/2022 1:2:46] !aol
[30/5/2022 1:41:20] 
[30/5/2022 1:56:57] 
[30/5/2022 3:48:53] 
[30/5/2022 6:20:46] !aol
[30/5/2022 8:33:22] 
[30/5/2022 8:33:29] !aol
[30/5/2022 8:34:53] !serverinfo
[30/5/2022 11:1:1] !aol
[30/5/2022 13:26:9] !aol
[30/5/2022 15:8:9] !serverinfo
[30/5/2022 19:33:15] 
[30/5/2022 19:33:44] 
[30/5/2022 19:34:32] !serverinfo
[30/5/2022 21:36:2] !aol
[30/5/2022 22:25:21] !aol
