[31/5/2022 19:39:54] !aol
[31/5/2022 20:6:30] !aol
[31/5/2022 20:26:15] !emotespells on
[31/5/2022 20:27:36] !emotespells on
[31/5/2022 20:28:10] !emotespells on
[31/5/2022 20:37:41] !emotespells on
[31/5/2022 20:48:41] !emotespells on
[31/5/2022 20:55:46] !emotespells on
[31/5/2022 21:2:3] !emotespells on
[31/5/2022 21:13:54] !emotespells on
[31/5/2022 21:14:39] !emotespells on
[31/5/2022 21:21:31] !emotespells on
[31/5/2022 21:25:35] !emotespells on
[31/5/2022 21:27:11] !emotespells on
[31/5/2022 21:27:36] !emotespells on
[31/5/2022 21:49:36] !aol
[31/5/2022 21:53:58] !aol
[31/5/2022 21:58:48] !aol
[31/5/2022 22:6:3] !emotespells on
[31/5/2022 22:14:30] !emotespells on
[31/5/2022 22:17:30] !emotespells on
[31/5/2022 22:44:30] !aol
[31/5/2022 23:0:59] !aol
[2/6/2022 16:22:3] 
[2/6/2022 22:4:14] !aol
[2/6/2022 22:9:5] !aol
[2/6/2022 22:15:34] !aol
[2/6/2022 22:32:18] !aol
[2/6/2022 22:33:8] !aol
[3/6/2022 2:54:43] !aol
[6/6/2022 19:39:36] !addon mage
[6/6/2022 19:40:4] !addon golden
[6/6/2022 19:41:28] !addon
[6/6/2022 19:42:35] !addon siege master
