[6/11/2023 1:34:12] !online
[6/11/2023 1:34:19] /goto Styller-OTs
[6/11/2023 1:35:56] !online
[6/11/2023 1:36:3] !online
[6/11/2023 1:36:6] /c testando
[6/11/2023 1:36:17] /r
[6/11/2023 1:36:50] /demote
[6/11/2023 1:36:57] /demote Styller-OTs
[6/11/2023 1:37:0] /demote Styller-OTs
[6/11/2023 1:37:6] /demote Styller-OTs,tutor
[6/11/2023 1:38:55] /t
[6/11/2023 1:43:41] /goto Styller-OTs
[6/11/2023 1:43:56] /addskill Po Mina,level,200
[6/11/2023 1:44:2] /addskill Po Mina,level,200
[6/11/2023 1:44:3] /addskill Po Mina,level,200
[6/11/2023 1:44:4] /addskill Po Mina,level,200
[6/11/2023 1:44:4] /addskill Po Mina,level,200
[6/11/2023 1:44:5] /addskill Po Mina,level,200
[6/11/2023 1:44:5] /addskill Po Mina,level,200
[6/11/2023 1:44:6] /addskill Po Mina,level,200
[6/11/2023 1:44:6] /addskill Po Mina,level,200
[6/11/2023 1:44:21] /goto Styller-OTs
[6/11/2023 1:44:23] /goto Styller-OTs
[6/11/2023 1:44:24] /goto Styller-OTs
[6/11/2023 1:44:27] /goto Styller-OTs
[6/11/2023 1:45:52] /goto Styller-OTs
[6/11/2023 1:45:53] /goto Styller-OTs
[6/11/2023 1:45:54] /goto Styller-OTs
[6/11/2023 1:45:55] /goto Styller-OTs
[6/11/2023 1:45:56] /goto Styller-OTs
[6/11/2023 1:46:5] /goto Styller-OTs
[6/11/2023 1:46:41] /goto Styller-OTs
[6/11/2023 1:47:7] /s trainer
[6/11/2023 1:47:15] /r
[6/11/2023 1:47:17] /r
[6/11/2023 1:47:18] /r
[6/11/2023 1:47:20] /r
[6/11/2023 1:47:22] /r
[6/11/2023 1:48:6] /addskill Po Mina,level,20000
[6/11/2023 1:48:8] /addskill Po Mina,level,20000
[6/11/2023 1:49:7] /t
[6/11/2023 1:50:12] /goto Styller-OTs
[6/11/2023 2:3:55] /t
[6/11/2023 2:6:29] /t
[6/11/2023 2:13:9] /down
[6/11/2023 2:18:59] !online
[6/11/2023 2:20:5] /c Styller-OTs
[6/11/2023 2:23:57] /t
