[27/5/2022 20:13:14] !emotespells on
[27/5/2022 20:39:21] !aol
[27/5/2022 21:12:2] !online
[27/5/2022 21:27:33] !aol
[27/5/2022 21:43:14] !online
[27/5/2022 21:58:40] !guildpoints
[28/5/2022 0:28:22] !aol
[28/5/2022 0:40:8] !frags
[28/5/2022 1:45:23] !guildpoints
[28/5/2022 3:47:59] !aol
[28/5/2022 9:33:19] !aol
[28/5/2022 9:53:36] !aol
[28/5/2022 11:32:38] !frags
[28/5/2022 12:46:31] !aol
[28/5/2022 14:28:9] !frags
[28/5/2022 14:52:41] !guildpoints
[28/5/2022 15:24:41] !guildpoints
[28/5/2022 15:41:22] !frags
[28/5/2022 15:42:2] !frags
[28/5/2022 15:55:24] !guildpoints
[28/5/2022 19:5:45] !guildpoints
[28/5/2022 20:36:40] !aol
[28/5/2022 20:53:42] !aol
[28/5/2022 20:58:43] !aol
[28/5/2022 21:1:40] !aol
[28/5/2022 21:4:46] !aol
[28/5/2022 21:49:6] !online
[28/5/2022 22:42:15] !aol
[29/5/2022 0:4:31] !frags
[29/5/2022 0:8:52] !serverinfo
[29/5/2022 8:43:31] !aol
[29/5/2022 10:33:16] !guildpoints
[29/5/2022 11:17:44] !guildpoints
[29/5/2022 14:8:36] !frags
[29/5/2022 14:9:28] !frags
[29/5/2022 14:11:5] !frags
[29/5/2022 16:41:2] !frags
[29/5/2022 16:50:45] !frags
[29/5/2022 17:13:44] !aol
[29/5/2022 17:24:40] !aol
[29/5/2022 17:31:10] !aol
[29/5/2022 17:33:25] !aol
[29/5/2022 18:18:55] !aol
[29/5/2022 18:58:45] !frags
[29/5/2022 19:50:39] !frags
[29/5/2022 20:12:43] !frags
[29/5/2022 21:40:48] !frags
[29/5/2022 22:23:22] !aol
[29/5/2022 22:24:31] !aol
[29/5/2022 22:32:32] !aol
[29/5/2022 23:3:36] !aol
[29/5/2022 23:21:12] !frags
[30/5/2022 0:38:7] !online
[30/5/2022 2:3:53] !aol
[30/5/2022 11:21:47] !guildpoints
[30/5/2022 14:42:15] !frags
[30/5/2022 15:14:19] !aol
[30/5/2022 17:38:41] !aol
[30/5/2022 17:45:35] !aol
[30/5/2022 17:52:11] !frags
[30/5/2022 20:45:27] !aol
[30/5/2022 22:47:51] !aol
[30/5/2022 22:49:48] !aol
[31/5/2022 20:26:20] !aol
[31/5/2022 21:22:54] !emotespells on
[31/5/2022 21:24:37] !guildpoints
[31/5/2022 21:27:7] !aol
[31/5/2022 21:50:52] !aol
[31/5/2022 21:52:56] !aol
[31/5/2022 21:54:12] !aol
[31/5/2022 21:55:50] !aol
[31/5/2022 21:56:48] !aol
[31/5/2022 22:42:0] !guildpoints
[31/5/2022 23:11:35] !aol
[1/6/2022 11:41:56] !aol
[1/6/2022 15:45:6] !aol
[2/6/2022 0:54:0] !aol
[2/6/2022 1:27:58] !aol
[2/6/2022 14:8:16] !aol
[2/6/2022 18:35:24] !aol
[2/6/2022 19:8:10] !aol
[2/6/2022 19:8:49] !aol
[2/6/2022 19:11:57] !aol
[2/6/2022 19:22:49] !aol
[2/6/2022 19:24:34] !aol
[2/6/2022 19:25:59] !aol
[2/6/2022 19:37:47] !aol
[2/6/2022 19:48:49] !frags
[2/6/2022 20:3:41] !aol
[2/6/2022 22:46:0] !frags
[3/6/2022 8:53:29] !aol
[3/6/2022 8:57:40] !tradeoff buy, 91
[3/6/2022 9:4:39] !tradeoff buy, 91
[3/6/2022 13:9:13] !aol
[3/6/2022 14:46:11] !aol
[3/6/2022 15:25:2] !frags
[3/6/2022 15:53:48] !frags
[4/6/2022 18:24:1] !aol
[5/6/2022 6:22:16] !aol
[5/6/2022 10:36:51] !aol
[5/6/2022 13:37:7] !frags
[5/6/2022 20:7:52] !aol
[6/6/2022 14:5:35] !aol
[6/6/2022 15:5:42] !frags
[7/6/2022 8:53:27] !aol
[7/6/2022 17:27:15] !frags
