[3/5/2022 13:45:37] /ghost
[3/5/2022 13:50:38] /ghost
[6/5/2022 9:51:48] /r
[6/5/2022 10:1:16] /r
[6/5/2022 10:1:34] /r
[7/5/2022 23:11:9] /i brown backpack
[7/5/2022 23:11:14] /i backpack
[7/5/2022 23:11:20] /i diamond coin
[7/5/2022 23:11:47] /t
[7/5/2022 23:14:5] 
[7/5/2022 23:14:5] 
[7/5/2022 23:14:5] 
[7/5/2022 23:14:6] 
[7/5/2022 23:14:6] 
[7/5/2022 23:14:6] 
[7/5/2022 23:14:6] 
[7/5/2022 23:14:7] 
[7/5/2022 23:14:10] 
[7/5/2022 23:14:10] 
[7/5/2022 23:14:10] 
[7/5/2022 23:14:11] 
[7/5/2022 23:16:11] /b e ai
[7/5/2022 23:16:14] /b E AI SEUS CORNO
[7/5/2022 23:16:34] /b ATENDE PNC
[7/5/2022 23:17:46] /i frostmind raiment
[7/5/2022 23:17:57] /i earthmind raiment
[7/5/2022 23:18:19] /i fireheart hauberk 
[7/5/2022 23:18:44] /i cluster of solace
[7/5/2022 23:18:46] /i cluster of solace
[7/5/2022 23:19:7] /m bazir
[7/5/2022 23:19:11] /r
[7/5/2022 23:19:57] /r
[7/5/2022 23:20:16] /r
[7/5/2022 23:20:17] /r
[7/5/2022 23:20:19] /r
[7/5/2022 23:20:22] /r
[7/5/2022 23:20:24] /r
[7/5/2022 23:20:27] /r
[7/5/2022 23:20:28] /r
[7/5/2022 23:21:18] /r
[7/5/2022 23:21:20] /r
[7/5/2022 23:21:23] /r
[7/5/2022 23:21:24] /r
[7/5/2022 23:21:27] /r
[7/5/2022 23:21:29] /r
[7/5/2022 23:21:30] /r
[7/5/2022 23:21:43] /m gaz'haragoth
[7/5/2022 23:22:35] /r
[7/5/2022 23:22:38] /r
[7/5/2022 23:22:40] /r
[7/5/2022 23:22:42] /r
[7/5/2022 23:22:43] /r
[7/5/2022 23:22:44] /r
[7/5/2022 23:22:47] /r
[7/5/2022 23:22:48] /r
[7/5/2022 23:27:40] /goto Fabio Leandro
[7/5/2022 23:28:46] /t
[7/5/2022 23:30:0] /c Fabio Leandro
[7/5/2022 23:31:30] !addon warrior
[7/5/2022 23:35:44] /i soulbleeder
[7/5/2022 23:36:19] /i soulhexer]
[7/5/2022 23:36:21] /i soulhexer
[7/5/2022 23:38:59] /t
[7/5/2022 23:41:59] /r
[7/5/2022 23:42:1] /r
[8/5/2022 0:8:53] /ads porra viado, level, 40
[8/5/2022 0:9:11] /goto fabio
[8/5/2022 16:0:18] /r
[8/5/2022 16:0:19] /r
[8/5/2022 16:0:20] /r
[8/5/2022 16:0:21] /r
[8/5/2022 16:0:22] /r
[8/5/2022 16:0:23] /r
[8/5/2022 16:0:24] /r
[8/5/2022 16:0:25] /r
[8/5/2022 16:0:26] /r
[8/5/2022 16:0:27] /r
[8/5/2022 16:0:28] /r
[8/5/2022 16:0:29] /r
[8/5/2022 16:0:30] /r
[8/5/2022 16:0:31] /r
[8/5/2022 16:0:32] /r
[8/5/2022 16:0:34] /r
[8/5/2022 16:0:36] /r
[8/5/2022 16:0:37] /r
[8/5/2022 16:0:38] /r
[8/5/2022 16:0:39] /r
[8/5/2022 16:0:40] /r
[8/5/2022 16:0:41] /r
[8/5/2022 16:0:42] /r
[8/5/2022 16:0:43] /r
[8/5/2022 16:0:45] /r
[8/5/2022 16:0:46] /r
[8/5/2022 16:0:47] /r
[8/5/2022 16:0:48] /r
[8/5/2022 16:0:49] /r
[8/5/2022 16:0:50] /r
[8/5/2022 16:0:51] /r
[8/5/2022 16:0:51] /r
[8/5/2022 16:0:52] /r
[8/5/2022 16:0:52] /r
[8/5/2022 16:0:54] /r
[8/5/2022 16:0:55] /r
[8/5/2022 16:0:55] /r
[8/5/2022 16:0:56] /r
[8/5/2022 16:0:57] /r
[8/5/2022 16:0:58] /r
[8/5/2022 16:0:59] /r
[8/5/2022 16:1:5] /r
[9/5/2022 9:37:8] /goto 33217,31814, 8
[9/5/2022 9:37:47] /down
[9/5/2022 9:37:56] /t
[9/5/2022 9:38:43] /goto 2102,5678,7
[9/5/2022 9:39:30] /down
[9/5/2022 9:39:34] /t
[9/5/2022 9:39:45] /goto  2111, 6133,  7
[9/5/2022 9:41:3] /t
[9/5/2022 9:41:17] /goto  427, 3142,  7
[9/5/2022 9:41:34] /up
[9/5/2022 9:42:37] /goto 253,2979,7
[9/5/2022 9:44:52] /goto 253,2979,7
[9/5/2022 9:46:2] /goto 253,2979,7
[9/5/2022 9:46:11] /goto 33007, 31719, 7
[9/5/2022 9:46:23] /up
[9/5/2022 9:46:31] /goto 33007, 31719, 7
[9/5/2022 9:46:38] /goto 33007,31719,7
[9/5/2022 9:46:39] /goto 33007,31719,7
[9/5/2022 9:46:40] /goto 33007,31719,7
[9/5/2022 9:47:12] /i 19333
[9/5/2022 9:47:14] /t
[9/5/2022 9:47:59] /t
[9/5/2022 9:48:55] /goto 2111, 6133, 7
[9/5/2022 9:49:5] /goto 2102, 5678, 7
[9/5/2022 9:49:14] /goto 33217, y = 31814, z = 8
[9/5/2022 9:49:17] /goto 33217,31814,  8
[9/5/2022 9:49:31] /up
[9/5/2022 9:52:21] /up
[9/5/2022 9:53:50] /t
[18/5/2022 13:54:36] /globalsave
[19/5/2022 22:21:26] /i 13400
[19/5/2022 22:21:42] /i diamond arrow
[19/5/2022 22:21:48] /i boots of haste
[21/5/2022 12:49:11] /goto fab~
[22/5/2022 19:57:32] /i cluster of solace
[22/5/2022 19:59:46] /ads porra viadom sword, 100
[22/5/2022 19:59:50] /ads porra viado sword, 100
[22/5/2022 19:59:54] /ads porra viado,] sword, 100
[22/5/2022 19:59:58] /ads porra viado, sword, 100
[22/5/2022 20:0:0] /ads porra viado, sword, 100
[22/5/2022 20:0:3] /ads porra viado, sword, 100
[22/5/2022 20:0:4] /ads porra viado, sword, 100
[22/5/2022 20:0:16] /ads porra viado, sword, 50
[22/5/2022 20:0:18] /ads porra viado, sword, 10
[22/5/2022 20:0:20] /ads porra viado, sword, 10
[22/5/2022 20:0:20] /ads porra viado, sword, 10
[22/5/2022 20:0:21] /ads porra viado, sword, 10
[22/5/2022 20:0:21] /ads porra viado, sword, 10
[22/5/2022 20:0:21] /ads porra viado, sword, 10
[22/5/2022 20:0:21] /ads porra viado, sword, 10
[22/5/2022 20:0:22] /ads porra viado, sword, 10
[22/5/2022 20:0:30] /ads porra viado, level, 10
[22/5/2022 20:0:41] /ads porra viado, sword, 10
[22/5/2022 20:0:42] /ads porra viado, sword, 10
[22/5/2022 20:0:42] /ads porra viado, sword, 10
[22/5/2022 20:0:45] /ads porra viado, sword, 50
[22/5/2022 20:1:1] /ads Porra viado, sword, 10
[22/5/2022 20:1:3] /ads Porra viado, sword, 10
[22/5/2022 20:1:4] /ads Porra viado, sword, 10
[22/5/2022 20:1:11] /ads Porra viado, level, 10
[22/5/2022 20:1:12] /ads Porra viado, level, 10
[22/5/2022 20:1:13] /ads Porra viado, level, 10
[22/5/2022 20:1:13] /ads Porra viado, level, 10
[22/5/2022 20:1:13] /ads Porra viado, level, 10
[22/5/2022 20:1:17] /ads Porra viado, level, 199
[22/5/2022 20:1:18] /ads Porra viado, level, 199
[22/5/2022 20:1:19] /ads Porra viado, level, 199
[22/5/2022 20:1:20] /ads Porra viado, level, 199
[22/5/2022 20:1:20] /ads Porra viado, level, 199
[22/5/2022 20:4:1] /i soulbleeder
[22/5/2022 20:4:8] /i diamond arrow
[22/5/2022 20:4:21] /i burst arrow
[22/5/2022 20:4:41] /i eldrich quiver
[22/5/2022 20:4:53] /i eldritch quiver
[22/5/2022 20:5:11] /bc gabio
[22/5/2022 20:5:14] /b fabio
[22/5/2022 20:5:24] !online
[22/5/2022 20:6:3] /m mohawk
[22/5/2022 20:6:21] /m Mawhawk
[22/5/2022 20:8:40] /i soulshanks
[22/5/2022 20:13:55] /i soultainter
[22/5/2022 20:14:24] /i robe of the world
[22/5/2022 20:14:29] /i robe of the underworld
[22/5/2022 20:15:24] /i soul mantle
[22/5/2022 20:15:26] /i soulmantle
[22/5/2022 20:16:31] /i diamond arrow
[22/5/2022 20:16:45] /i crystaline arrow
[22/5/2022 20:17:32] /t
[22/5/2022 20:17:37] /t ghenov
[22/5/2022 20:18:28] /goto black knight
[22/5/2022 20:18:33] /up
[22/5/2022 20:18:34] /up
[22/5/2022 20:18:36] /up
[22/5/2022 20:18:37] /up
[22/5/2022 20:18:39] /up
[22/5/2022 20:18:40] /up
[22/5/2022 20:18:41] /up
[22/5/2022 20:18:42] /up
[22/5/2022 20:19:14] /goto black knight
[22/5/2022 20:19:18] /up
[22/5/2022 20:19:20] /up
[22/5/2022 20:19:24] /up
[22/5/2022 20:19:25] /up
[22/5/2022 20:19:28] /goto warlock
[22/5/2022 20:21:7] /goto Fabio Leandro
[22/5/2022 20:21:43] /a 40
[22/5/2022 20:21:45] /a 40
[22/5/2022 20:21:49] /a 20-
[22/5/2022 20:21:50] /a 20
[22/5/2022 20:21:52] /t
[22/5/2022 20:22:31] /up
[22/5/2022 20:22:33] /up
[22/5/2022 20:23:56] /r
[22/5/2022 20:27:33] /i cluster of solacwe
[22/5/2022 20:27:35] /i cluster of solacw
[22/5/2022 20:27:36] /i cluster of solae
[22/5/2022 20:27:38] /i cluster of solace
[22/5/2022 20:30:27] /i dream matter
[22/5/2022 20:30:29] /i dream matter
[22/5/2022 20:31:31] /i cluster of solace
[22/5/2022 20:31:32] /i cluster of solace
[22/5/2022 20:31:58] /i cluster of solace
[22/5/2022 20:31:58] /i cluster of solace
[22/5/2022 20:31:58] /i cluster of solace
[22/5/2022 20:31:59] /i cluster of solace
[22/5/2022 20:31:59] /i cluster of solace
[22/5/2022 20:32:0] /i cluster of solace
[22/5/2022 20:32:54] /i 16374
[22/5/2022 20:32:57] /i 16374
[22/5/2022 20:33:8] /i crude umbral crossbow
[22/5/2022 20:33:10] /i crude umbral crossbow
[22/5/2022 20:33:11] /i crude umbral crossbow
[22/5/2022 20:33:29] /i umbral crossbow
[22/5/2022 20:33:31] /i umbral crossbow
[22/5/2022 20:33:31] /i umbral crossbow
[22/5/2022 20:33:32] /i umbral crossbow
[22/5/2022 20:35:44] /t
[22/5/2022 20:37:18] /t
[22/5/2022 20:38:47] /i event coin
[22/5/2022 20:38:50] /i event coin
[22/5/2022 20:38:50] /i event coin
[22/5/2022 20:38:51] /i event coin
[22/5/2022 20:39:42] /i silver token
[22/5/2022 20:39:51] /i silver token
[22/5/2022 20:39:51] /i silver token
[22/5/2022 20:39:52] /i silver token
[22/5/2022 20:40:19] /i silver token
[22/5/2022 20:40:20] /i silver token
[22/5/2022 20:40:20] /i silver token
[22/5/2022 20:42:51] /i exercise wand
[22/5/2022 20:52:10] /goto ajudante
[22/5/2022 20:52:12] !online
[22/5/2022 20:59:8] /goto Fabio Leandro
[22/5/2022 20:59:40] /m hydra
[22/5/2022 20:59:51] /m hydra
[22/5/2022 21:0:2] /m hydra
[22/5/2022 21:1:14] /goto Fabio Leandro
[22/5/2022 21:1:29] /i refine stone
[22/5/2022 21:1:42] /i refine stone
[22/5/2022 21:1:42] /i refine stone
[22/5/2022 21:1:42] /i refine stone
[22/5/2022 21:1:43] /i refine stone
[22/5/2022 21:1:53] /i refine stone
[22/5/2022 21:1:53] /i refine stone
[22/5/2022 21:1:54] /i refine stone
[22/5/2022 21:1:54] /i refine stone
[22/5/2022 21:2:23] /i semente dos deuses
[22/5/2022 21:5:55] /t
[22/5/2022 21:9:44] /i royal shield
[22/5/2022 21:9:56] /i vip golden bowe
[22/5/2022 21:9:58] /i vip golden bow
[22/5/2022 21:11:3] /m demon
[22/5/2022 21:11:5] /m demon
[22/5/2022 21:20:10] /i quiver
[22/5/2022 21:28:59] /i eldritch cowl
[22/5/2022 21:33:37] /i magic wall
[22/5/2022 21:40:39] /i falcon plate
[22/5/2022 21:40:50] /i falcon longsword
[22/5/2022 21:41:1] /i falcon bow
[22/5/2022 21:49:23] /r
[22/5/2022 21:49:24] /r
[22/5/2022 21:49:25] /r
[22/5/2022 21:49:26] /r
[22/5/2022 21:49:27] /r
[22/5/2022 21:49:28] /r
[22/5/2022 21:49:29] /r
[22/5/2022 21:49:31] /r
[22/5/2022 21:49:32] /r
[22/5/2022 21:49:33] /r
[22/5/2022 21:49:34] /r
[22/5/2022 21:49:35] /r
[22/5/2022 21:49:36] /r
[22/5/2022 21:49:36] /r
[22/5/2022 21:49:38] /r
[22/5/2022 21:49:39] /r
[22/5/2022 21:49:41] /r
[22/5/2022 21:49:42] /r
[22/5/2022 21:49:44] /r
[22/5/2022 21:49:45] /r
[22/5/2022 21:49:46] /r
[22/5/2022 21:49:51] /r
[22/5/2022 21:49:52] /r
[22/5/2022 21:49:53] /r
[22/5/2022 21:49:55] /r
[22/5/2022 21:49:56] /r
[22/5/2022 21:49:57] /r
[22/5/2022 21:49:57] /r
[22/5/2022 21:49:58] /r
[22/5/2022 21:50:0] /r
[22/5/2022 21:50:1] /r
[22/5/2022 21:50:1] /r
[22/5/2022 21:50:1] /r
[22/5/2022 21:50:2] /r
[22/5/2022 21:50:2] /r
[22/5/2022 21:50:3] /r
[22/5/2022 21:50:4] /r
[22/5/2022 21:50:5] /r
[22/5/2022 21:50:5] /r
[22/5/2022 21:50:6] /r
[22/5/2022 21:50:7] /r
[22/5/2022 21:50:9] /r
[22/5/2022 21:50:10] /r
[22/5/2022 21:50:10] /r
[22/5/2022 21:50:11] /r
[22/5/2022 21:50:14] /r
[22/5/2022 21:50:14] /r
[22/5/2022 21:50:15] /r
[22/5/2022 21:50:15] /r
[22/5/2022 21:50:16] /r
[22/5/2022 21:50:18] /r
[22/5/2022 21:50:19] /r
[22/5/2022 21:50:20] /r
[22/5/2022 21:50:22] /r
[22/5/2022 21:50:23] /r
[22/5/2022 21:50:24] /r
[22/5/2022 21:50:25] /r
[22/5/2022 21:50:26] /r
[22/5/2022 21:50:27] /r
[22/5/2022 21:50:28] /r
[22/5/2022 21:50:29] /r
[22/5/2022 21:50:29] /r
[22/5/2022 21:50:31] /r
[22/5/2022 21:50:31] /r
[22/5/2022 21:50:31] /r
[22/5/2022 21:50:32] /r
[22/5/2022 21:50:33] /r
[22/5/2022 21:50:34] /r
[22/5/2022 21:50:34] /r
[22/5/2022 21:50:35] /r
[22/5/2022 21:50:36] /r
[22/5/2022 21:50:36] /r
[22/5/2022 21:50:36] /r
[22/5/2022 21:50:37] /r
[22/5/2022 21:50:37] /r
[22/5/2022 21:50:38] /r
[22/5/2022 21:50:38] /r
[22/5/2022 21:50:38] /r
[22/5/2022 21:50:39] /r
[22/5/2022 21:50:40] /r
[22/5/2022 21:50:41] /r
[22/5/2022 21:50:44] /r
[22/5/2022 21:50:45] /r
[22/5/2022 21:50:46] /r
[22/5/2022 21:50:48] /r
[23/5/2022 8:50:44] /ads pedroza matalixo, level, 300
[23/5/2022 8:52:15] /ads Pedroza Matalixo, level, 300
[23/5/2022 8:52:16] /ads Pedroza Matalixo, level, 300
[23/5/2022 8:52:17] /ads Pedroza Matalixo, level, 300
[23/5/2022 8:54:8] /ads Pedroza Matalixo, level, 300
[23/5/2022 8:58:4] /ads Pedroza Matalixo, level, 300
[23/5/2022 8:58:5] /ads Pedroza Matalixo, level, 300
[23/5/2022 8:58:5] /ads Pedroza Matalixo, level, 300
[23/5/2022 8:59:6] /ads Pedroza Matalixo, level, -300
[23/5/2022 8:59:12] /ads Pedroza Matalixo, level, -300
[23/5/2022 8:59:12] /ads Pedroza Matalixo, level, -300
[23/5/2022 8:59:13] /ads Pedroza Matalixo, level, -300
[23/5/2022 8:59:21] /ads Pedroza Matalixo, level, 300
[23/5/2022 12:12:59] /i 13097
[23/5/2022 12:17:1] /a
[23/5/2022 12:17:5] /a
[23/5/2022 12:17:8] /a
[23/5/2022 12:32:0] /up
[23/5/2022 12:32:3] /up
[23/5/2022 12:55:11] /down
[23/5/2022 12:55:15] /up
[23/5/2022 12:55:49] /down
[23/5/2022 12:55:53] /down
[23/5/2022 12:56:13] /up
[23/5/2022 12:56:21] /down
[23/5/2022 12:56:35] /up
[23/5/2022 12:58:33] /up
[23/5/2022 12:58:34] /up
[23/5/2022 12:58:34] /up
[23/5/2022 12:58:35] /up
[23/5/2022 12:58:37] /up
[23/5/2022 12:58:37] /up
[23/5/2022 12:58:38] /up
[23/5/2022 12:58:40] /up
[23/5/2022 12:58:49] /down
[23/5/2022 12:58:49] /down
[23/5/2022 12:58:50] /down
[23/5/2022 12:58:50] /down
[23/5/2022 12:58:50] /down
[23/5/2022 12:58:50] /down
[23/5/2022 13:10:17] /i final judgement
[23/5/2022 13:10:21] /i final judgement
[23/5/2022 13:11:5] /i final judgemen
[23/5/2022 13:11:10] /i final judgement
[23/5/2022 13:11:36] /i shadow cowl
[23/5/2022 13:11:37] /i shadow cowl
[23/5/2022 13:12:48] /i Dream Warden Mask
[23/5/2022 13:14:20] /i pharaoh sword
[23/5/2022 13:14:30] /i pharaoh blade
[23/5/2022 13:15:25] /i pharaot hammer
[23/5/2022 13:16:4] /i mortal club
[23/5/2022 16:53:27] /down
[23/5/2022 16:53:30] /down
[23/5/2022 16:53:33] /up
[23/5/2022 16:53:34] /up
[23/5/2022 16:53:35] /up
[23/5/2022 16:53:36] /up
[23/5/2022 17:44:1] /a 43
[23/5/2022 17:44:5] /a 43
[23/5/2022 17:44:7] /a 4
[23/5/2022 17:44:44] /r
[23/5/2022 17:44:57] /a 3
[23/5/2022 17:45:2] /owner Porra Viado
[23/5/2022 17:45:5] /t
[23/5/2022 17:46:48] /i pharaot point
[23/5/2022 17:46:51] /goto test um
[23/5/2022 17:46:57] /goto testando um
[23/5/2022 17:47:12] /r
[23/5/2022 17:47:22] /m orshabaal
[23/5/2022 17:47:35] /t  Smash Beef
[23/5/2022 17:48:32] /r
[23/5/2022 17:48:48] /r
[23/5/2022 17:48:49] /r
[23/5/2022 17:50:9] /t
[23/5/2022 17:50:13] /goto Testando Um
[23/5/2022 17:50:18] /c anubis
[23/5/2022 17:51:57] /t anubis
[23/5/2022 17:52:0] /t
[23/5/2022 17:52:6] /c anubis
[23/5/2022 17:52:10] /r
[23/5/2022 17:52:13] /goto Testando Um
[23/5/2022 17:53:15] /goto Testando Um
[23/5/2022 17:54:13] /r
[23/5/2022 17:54:19] /r
[23/5/2022 17:54:23] /r
[23/5/2022 17:54:27] /r
[23/5/2022 18:1:57] /c training monk
[23/5/2022 18:2:1] /m training
[23/5/2022 18:17:15] /goto Testando Um
[23/5/2022 18:17:18] /goto Testando Um
[23/5/2022 18:17:23] /goto Testando Um
[23/5/2022 18:23:26] /t
[24/5/2022 6:8:21] /i arrow
[24/5/2022 6:8:31] /i diamond arrow
[24/5/2022 6:8:54] /r
[24/5/2022 6:9:8] /t
[24/5/2022 13:13:39] /ghost
[24/5/2022 13:15:52] /i cristaline arrow
[24/5/2022 13:15:57] /i arrow
[24/5/2022 13:16:7] /i shiver arrow
[24/5/2022 13:18:58] /down
[24/5/2022 13:19:1] /up
[24/5/2022 13:19:4] /down
[24/5/2022 13:20:4] /down
[24/5/2022 13:20:33] /up
[24/5/2022 13:22:15] /down
[24/5/2022 13:22:24] /t
[24/5/2022 13:24:56] /goto Isis
[24/5/2022 13:25:13] /down
[24/5/2022 13:25:23] /goto Isis
[24/5/2022 13:25:42] /goto Isis
[24/5/2022 19:42:58] /t
[24/5/2022 19:43:8] /ads porra viado, level, 500
[24/5/2022 19:43:17] !online
[24/5/2022 19:43:23] /goto Richter Belmont 
[24/5/2022 19:44:48] /t
[24/5/2022 19:45:28] /ghost
[24/5/2022 19:46:35] /a 10
[24/5/2022 19:53:45] /ads porra viado, distance, 100
[24/5/2022 19:55:31] /t
[24/5/2022 19:58:25] /i dimond arrow
[24/5/2022 19:58:29] /i diamond arrow
[24/5/2022 20:0:6] /i diamond arrow
[25/5/2022 7:26:8] !online
[25/5/2022 7:29:40] /t
[25/5/2022 12:56:28] /ghost
[25/5/2022 13:0:33] /i backpack
[25/5/2022 14:9:6] /ghost
[25/5/2022 14:11:32] /i spectral bolt
[25/5/2022 14:11:49] /i diamond arrow
[25/5/2022 14:12:26] /i crystalline arrow
[25/5/2022 14:12:38] /i prismatic arrow
[25/5/2022 14:12:44] /i prismatic arrow
[25/5/2022 14:14:53] /i spectral arrow
[25/5/2022 14:15:2] /i cobra crossbow
[25/5/2022 14:15:18] /i royal crossbow
[25/5/2022 14:20:36] /i soulpiecer
[25/5/2022 14:20:48] /i Soulpiercer
[25/5/2022 14:21:20] /i spectral arrow
[25/5/2022 14:21:25] /i spectral bolt
[25/5/2022 14:21:50] /i pharaot crossbow
[25/5/2022 14:29:8] /i pharaot ice bow
[25/5/2022 14:29:18] /i pharaot bow
[25/5/2022 14:29:35] /i crossbow
[25/5/2022 14:29:43] /i spectral bolt
[25/5/2022 14:30:0] /i pharaot icebow
[25/5/2022 14:30:4] /i pharaot golden ow
[25/5/2022 14:30:6] /i pharaot golden bow
[25/5/2022 14:30:18] /i golden bow
[25/5/2022 14:30:26] /i ice bow
[25/5/2022 15:47:7] !buyhouse
[25/5/2022 15:47:24] !buyhouse
[25/5/2022 15:50:18] /r
[25/5/2022 15:50:25] /r
[25/5/2022 15:51:22] /up
[25/5/2022 15:55:52] /t templo
[25/5/2022 15:55:56] /t krailos
[25/5/2022 15:56:2] !online
[25/5/2022 15:56:16] /t porra viado
[25/5/2022 15:56:19] /t porra viado
[25/5/2022 15:57:3] /t pharaot wand
[25/5/2022 15:57:11] /i pharaot wand
[25/5/2022 15:57:15] /i pharaot rod
[25/5/2022 15:57:18] /i pharaot sword
[25/5/2022 15:57:22] /i pharaot blade
[25/5/2022 15:57:25] /i pharaot club
[25/5/2022 15:57:28] /i pharaot hammer
[25/5/2022 15:57:32] /i pharaot axe
[25/5/2022 15:57:41] /i sudden death
[25/5/2022 15:57:44] /i sudden death
[25/5/2022 15:57:47] /i sudden death rune
[25/5/2022 15:59:52] /i crystal coin
[25/5/2022 16:0:4] /i crystal coin
[25/5/2022 16:0:4] /i crystal coin
[25/5/2022 16:0:4] /i crystal coin
[25/5/2022 16:3:15] /i magic wall rune
[25/5/2022 16:15:42] /i crystal coin
[25/5/2022 16:15:43] /i crystal coin
[25/5/2022 16:43:23] /t porra viado
[25/5/2022 16:44:53] /i elder spellbook
[25/5/2022 16:45:4] /i pharaot hat
[25/5/2022 16:45:17] /i pharaot boots
[25/5/2022 16:45:22] /i pharaot rod
[25/5/2022 16:45:35] /i dragon scale legs
[25/5/2022 16:45:50] /i robe of underword 
[25/5/2022 16:45:56] /i robe of the underworld
[25/5/2022 22:44:33] /goto Fabio Leandro
[26/5/2022 12:9:51] /t
[26/5/2022 12:9:59] /t
[26/5/2022 12:10:29] /up
[26/5/2022 12:10:32] /up
[26/5/2022 12:11:10] /t
[26/5/2022 14:44:9] /i mystical escriture
[26/5/2022 20:48:1] /goto Fabio Leandro
[26/5/2022 20:48:13] /goto Fabio Leandro
[26/5/2022 20:48:15] /goto Fabio Leandro
[26/5/2022 23:3:27] !online
[26/5/2022 23:3:33] /goto Fabio
[26/5/2022 23:3:39] /goto Invertebrado 
[26/5/2022 23:3:45] /a 4
[26/5/2022 23:6:5] /goto Invertebrado 
[26/5/2022 23:6:12] /up
[26/5/2022 23:6:55] /goto Invertebrado 
[26/5/2022 23:7:40] /goto Invertebrado 
[26/5/2022 23:7:45] /r
[26/5/2022 23:7:52] /a 1
[26/5/2022 23:7:56] /i 4527
[26/5/2022 23:7:58] /i 4527
[26/5/2022 23:7:59] /i 4527
[26/5/2022 23:8:11] /r
[26/5/2022 23:8:16] /r
[26/5/2022 23:8:18] /r
[26/5/2022 23:9:55] /r
[26/5/2022 23:9:57] /r
[26/5/2022 23:11:8] /c Invertebrado
[26/5/2022 23:12:16] /i shovel
[26/5/2022 23:12:23] /c Invertebrado
[26/5/2022 23:12:54] /c Invertebrado
[26/5/2022 23:13:34] /down
[26/5/2022 23:13:56] /goto Invertebrado
[26/5/2022 23:14:50] /c Invertebrado
[26/5/2022 23:15:51] /c Invertebrado
[26/5/2022 23:16:55] /t
[26/5/2022 23:17:15] /goto Invertebrado
[26/5/2022 23:18:45] /i rope
[26/5/2022 23:19:27] /c Invertebrado
[26/5/2022 23:20:21] /down
[26/5/2022 23:20:27] /up
[26/5/2022 23:20:44] /goto Invertebrado
[26/5/2022 23:20:48] /r
[26/5/2022 23:21:29] /c Invertebrado
[26/5/2022 23:21:50] /down
[26/5/2022 23:21:51] /down
[26/5/2022 23:22:24] /up
[26/5/2022 23:22:31] /a 2
[26/5/2022 23:23:8] /c Invertebrado
[26/5/2022 23:23:23] /down
[26/5/2022 23:23:27] /r
[26/5/2022 23:23:29] /r
[26/5/2022 23:23:31] /r
[26/5/2022 23:23:33] /r
[26/5/2022 23:23:35] /r
[26/5/2022 23:23:36] /r
[26/5/2022 23:23:37] /r
[26/5/2022 23:23:38] /r
[26/5/2022 23:23:39] /r
[26/5/2022 23:23:41] /r
[26/5/2022 23:23:43] /r
[26/5/2022 23:23:46] /r
[26/5/2022 23:23:54] /r
[26/5/2022 23:24:3] /r
[26/5/2022 23:24:43] /r
[26/5/2022 23:24:44] /r
[26/5/2022 23:24:45] /r
[26/5/2022 23:24:56] /t
[26/5/2022 23:25:27] /t
[27/5/2022 0:17:10] /t porra viado
[27/5/2022 0:17:12] /t porra viado
[27/5/2022 0:17:15] /t porra viado
[27/5/2022 0:17:45] /up
[27/5/2022 12:32:51] /t porra viado
[27/5/2022 17:39:42] /t porra viado
[27/5/2022 18:36:0] /up
[27/5/2022 18:36:25] /up
