[10/12/2021 22:47:46] !rank axe
[11/12/2021 12:43:29] !rank axe
[12/12/2021 8:2:20] !rank axe
[12/12/2021 11:36:13] !rank axe
[13/12/2021 19:13:12] !rank axe
[21/12/2021 19:39:8] !rank level
[21/12/2021 19:41:32] !rank axe
[21/12/2021 19:41:41] !rank sword
[21/12/2021 20:29:15] !rank axe
[21/12/2021 20:29:26] !rank sword
[23/12/2021 21:27:33] !rank level
[10/2/2022 20:36:43] !rank axe
[10/2/2022 21:17:35] !rank axe
[10/2/2022 21:22:22] !rank level
[10/2/2022 21:57:6] !rank axe
[10/2/2022 22:29:11] !rank axe
[11/2/2022 5:50:36] !rank axe
[11/2/2022 5:52:10] !rank lvel
[11/2/2022 5:52:12] !rank level
[11/2/2022 20:10:57] !rank axe
[11/2/2022 21:11:51] !rank axe
[11/2/2022 21:17:47] !aol
[12/2/2022 18:34:9] !rank level
[13/2/2022 9:44:17] !rank level
[13/2/2022 10:14:19] 
[13/2/2022 11:12:50] 
[13/2/2022 11:18:33] !aol
[13/2/2022 11:33:48] !emotespells on
[13/2/2022 12:50:44] !rank level
[13/2/2022 12:57:36] !rank level
[14/2/2022 18:50:27] !rank level
[15/2/2022 8:32:25] !rank level
[15/2/2022 9:41:52] !rank level
[15/2/2022 9:58:30] !rank level
[15/2/2022 10:19:19] !rank club
[15/2/2022 14:24:16] !rank level
[15/2/2022 14:44:28] !rank level
[15/2/2022 16:8:23] !rank level
[15/2/2022 17:10:33] !rank level
[15/2/2022 18:0:52] !rank level
[15/2/2022 18:0:57] !rank axe
[15/2/2022 18:24:58] 
[15/2/2022 18:41:3] 
[15/2/2022 19:4:59] !rank level
[15/2/2022 19:5:9] !rank axe
[15/2/2022 19:36:21] !rank axe
[15/2/2022 19:36:25] !rank level
[15/2/2022 21:50:11] !rank level
[15/2/2022 22:21:29] !buyhouse
[15/2/2022 22:22:33] aleta som
[15/2/2022 22:23:4] aleta sio
[15/2/2022 22:23:29] aleta sio
[15/2/2022 22:23:31] aleta som
[15/2/2022 22:26:21] alana sio
[15/2/2022 22:26:28] alana som
[15/2/2022 22:27:2] aleta grav
[15/2/2022 22:28:55] !buyhouse
[15/2/2022 22:29:0] !protecthouse off
[15/2/2022 22:29:6] aleta som
[15/2/2022 22:42:52] !rank level
[16/2/2022 7:51:26] 
[16/2/2022 19:32:3] !rank level
[17/2/2022 16:55:54] !rank level
[24/2/2022 7:4:17] !rank axe
[24/2/2022 7:7:14] !emotespells
[24/2/2022 7:7:19] !emotespells off
[24/2/2022 7:9:16] !rank level
[24/2/2022 7:24:48] !aol
[24/2/2022 7:25:28] 
[24/2/2022 7:25:42] !emotespells off
[24/2/2022 7:25:48] !emotespells on
[24/2/2022 7:39:29] 
[24/2/2022 9:39:23] !rank level
[24/2/2022 12:49:51] !guildpoints
[24/2/2022 13:44:5] !rank axe
[24/2/2022 14:22:51] !guildpoints
[24/2/2022 14:50:17] 
[24/2/2022 14:51:26] 
[24/2/2022 14:59:58] 
[24/2/2022 15:1:26] 
[24/2/2022 15:31:26] 
[24/2/2022 15:36:3] !serverinfo
[24/2/2022 17:3:55] !guildpoints
[24/2/2022 18:51:16] !guildpoints
[24/2/2022 19:5:44] 
[24/2/2022 19:42:10] !rank level
[24/2/2022 19:42:32] !frags
[24/2/2022 19:50:44] 
[24/2/2022 21:3:6] !rank level
[24/2/2022 22:47:9] 
[25/2/2022 18:55:58] !guildpoints
[26/2/2022 10:30:22] !guildpoints
[26/2/2022 10:30:35] !rank axe
[26/2/2022 11:43:8] !guildpoints
[26/2/2022 11:56:22] 
[26/2/2022 13:50:41] 
[26/2/2022 16:48:44] !aol
[26/2/2022 21:53:24] !guildpoints
[26/2/2022 22:17:33] !online
[27/2/2022 13:2:24] !guildpoints
[27/2/2022 17:26:13] !guildpoints
[28/2/2022 16:44:40] !guildpoints
[28/2/2022 23:25:22] !aol
[1/3/2022 7:23:20] !rank axe
[1/3/2022 9:38:9] !guildpoints
