[10/12/2021 20:29:47] !rank level
[10/12/2021 20:35:16] !aol
[10/12/2021 20:36:10] !aol
[10/12/2021 20:49:46] !rank level
[10/12/2021 20:52:29] !rank magic
[10/12/2021 21:5:48] !rank level
[10/12/2021 21:12:32] !aol
[10/12/2021 21:14:48] !rank axe
[10/12/2021 21:16:55] !rank magic
[10/12/2021 21:21:57] !rank magic
[10/12/2021 21:27:22] !rank magic
[10/12/2021 21:37:5] !rank magic
[10/12/2021 21:53:54] !rank magic
[10/12/2021 21:58:15] !rank axe
[10/12/2021 21:58:24] !rank club
[10/12/2021 22:16:29] !rank magic
[10/12/2021 22:19:44] !online
[10/12/2021 22:20:3] !rank
[10/12/2021 22:20:8] !rank level
[10/12/2021 22:23:18] !rank magic
[10/12/2021 22:25:46] !rank level
[10/12/2021 22:31:28] !aol
[10/12/2021 22:33:20] !aol
[10/12/2021 22:44:10] !rank magic
[11/12/2021 12:42:14] !rank
[11/12/2021 12:42:17] !rank level
[11/12/2021 13:2:22] !rank magic
[11/12/2021 16:8:55] !rank magi
[11/12/2021 16:8:59] !rank
[11/12/2021 16:9:1] !rank magic
[11/12/2021 19:34:22] !rank magic
[12/12/2021 8:15:19] !rank magic
[13/12/2021 20:11:42] !aol
[13/12/2021 20:28:1] !aol
[14/12/2021 0:26:29] !aol
[21/12/2021 20:21:2] !online
