[2/6/2022 2:49:23] !online
[2/6/2022 2:53:30] !online
[2/6/2022 3:47:53] !aol
[2/6/2022 4:0:43] !rank axe
[2/6/2022 6:1:55] !rank axe
[2/6/2022 9:36:8] !aol
[2/6/2022 10:12:3] !rank axe
[2/6/2022 10:12:25] !rank magic
[2/6/2022 10:12:35] !rank distance
[2/6/2022 10:55:38] !aol
[2/6/2022 10:56:4] !aol
[2/6/2022 11:17:30] !aol
[2/6/2022 11:18:3] !aol
[2/6/2022 20:2:54] !rank axe
[2/6/2022 21:20:59] !rank axe
[2/6/2022 22:56:41] !rank axe
[2/6/2022 22:57:1] !online
[2/6/2022 23:44:5] !rank axe
[3/6/2022 8:54:13] !rank axe
[3/6/2022 11:10:50] !rank axe
[3/6/2022 12:0:14] !rank axe
[3/6/2022 17:4:22] !rank axe
[3/6/2022 18:33:3] !rank xe
[3/6/2022 18:33:6] !rank axe
[3/6/2022 19:22:32] !rank axe
[3/6/2022 23:45:28] !rank axe
[3/6/2022 23:56:15] !rank axe
[4/6/2022 0:42:59] !rank axe
[4/6/2022 0:51:38] !rank axe
[4/6/2022 8:8:21] !rank axe
[4/6/2022 12:53:58] !rank axe
[5/6/2022 4:12:6] !rank axe
[5/6/2022 4:32:29] !online
[5/6/2022 4:32:33] !online
[5/6/2022 19:15:23] !rank axe
[5/6/2022 21:12:26] !rank axe
[5/6/2022 22:8:43] !rank axe
[6/6/2022 0:0:45] !rank axe
[6/6/2022 5:50:9] !rank axe
[6/6/2022 5:50:21] !rank
[6/6/2022 5:50:26] !rank
[6/6/2022 5:50:30] !rank level
[6/6/2022 10:19:45] !rank magic
[6/6/2022 10:19:51] !rank axe
[6/6/2022 10:37:2] !rank axe
[6/6/2022 11:9:2] !rank axe
[6/6/2022 11:48:11] !rank axe
[6/6/2022 12:8:49] !rank axe
[6/6/2022 13:52:29] !rank axe
[6/6/2022 14:6:54] !rank shield
[6/6/2022 17:27:35] !rank axe
[6/6/2022 17:42:48] !rank magic
[7/6/2022 0:23:25] !rank axe
[7/6/2022 0:48:7] !rank axe
[7/6/2022 0:56:43] !rank axe
[7/6/2022 6:23:19] !rank axe
[7/6/2022 8:45:54] !rank axe
[7/6/2022 8:46:17] !rank axe
[7/6/2022 10:51:17] !serverinfo
[7/6/2022 19:30:26] !rank axe
[7/6/2022 19:31:43] !rank
[7/6/2022 19:31:48] !rank level
[7/6/2022 23:15:31] !rank axe
[7/6/2022 23:29:25] !rank axe
[7/6/2022 23:58:55] !rank axe
[8/6/2022 0:0:13] !rank axe
[8/6/2022 1:1:19] !rank axe
[8/6/2022 1:6:44] !frags
[8/6/2022 9:49:15] !rank axe
[8/6/2022 10:3:43] !online
[8/6/2022 12:36:16] !rank axe
[8/6/2022 12:36:32] !rank shield
[8/6/2022 12:43:47] !rank axe
[8/6/2022 14:12:3] !rank axe
[8/6/2022 14:26:28] !rank axe
[8/6/2022 14:39:53] !rank axe
[8/6/2022 14:52:51] !go
[8/6/2022 14:52:54] !go templo
[9/6/2022 0:32:11] !rank axe
[9/6/2022 11:8:37] !rank axe
[9/6/2022 12:15:12] !rank axe
[9/6/2022 12:37:15] !rank axe
[9/6/2022 13:6:16] !rank axe
[9/6/2022 13:6:20] !rank axe
[9/6/2022 13:33:44] !rank axe
[9/6/2022 13:34:44] !online
[9/6/2022 22:58:38] !online
[10/6/2022 0:19:45] !online
[10/6/2022 7:10:51] !rank axe
[10/6/2022 7:10:56] !online
[10/6/2022 7:53:14] !online
