[10/12/2021 20:4:1] !online
[10/12/2021 20:41:37] !rank level
[10/12/2021 21:21:45] !wand ice
[10/12/2021 23:16:40] !wand holy
[10/12/2021 23:58:21] !wand ice
[10/12/2021 23:58:36] !wand holy
[10/12/2021 23:58:54] !wand holy
[11/12/2021 15:37:29] !rank level
[12/12/2021 19:35:40] !online
[12/12/2021 22:47:25] !guildpoints
[12/12/2021 22:47:51] !guildpoints
[13/12/2021 23:58:54] !guildpoints
[14/12/2021 16:38:10] !guildpoints
[14/12/2021 17:14:29] !frags
[14/12/2021 17:40:10] !frags
[14/12/2021 21:33:35] !frags
[15/12/2021 12:38:47] !guildpoints
[15/12/2021 18:4:39] !guildpoints
[15/12/2021 18:17:15] !frags
[15/12/2021 20:32:49] !guildpoints
[15/12/2021 20:55:3] !frags
[15/12/2021 20:55:20] !frags
[16/12/2021 16:19:6] !online
[16/12/2021 16:28:45] !rank magic
[16/12/2021 17:17:53] !guildpoints
[17/12/2021 1:0:53] !rank magic
[17/12/2021 1:9:32] !rank magic
[17/12/2021 17:26:58] !rank level
[18/12/2021 16:32:37] !rank magic
[18/12/2021 16:36:34] !rank sword
[18/12/2021 19:44:2] !frags
[18/12/2021 19:50:27] !frags
[18/12/2021 19:57:43] !frags
[19/12/2021 12:13:17] !frags
[19/12/2021 12:25:24] !frags
[19/12/2021 12:31:41] !frags
[19/12/2021 15:22:1] !addon warmaster
[19/12/2021 16:7:23] !frags
[19/12/2021 22:8:23] !online
[21/12/2021 8:11:41] !rank magic
[21/12/2021 17:28:38] !rank magic
[21/12/2021 20:55:49] !rank magic[
[21/12/2021 20:55:53] !rank magic
[21/12/2021 21:15:34] !online
[22/12/2021 15:26:56] !online
[23/12/2021 17:41:21] !rank magic
[25/12/2021 11:51:49] !online
[25/12/2021 13:11:36] !online
[26/12/2021 15:26:38] !online
[26/12/2021 22:12:45] !online
[4/1/2022 18:14:28] !wand death
[28/2/2022 21:26:28] !frags
