[12/2/2022 15:10:59] !emotespells on
[13/2/2022 3:43:42] !aol
[13/2/2022 14:37:52] !aol
[13/2/2022 15:21:49] !aol
[13/2/2022 15:24:53] !aol
[13/2/2022 15:49:58] !guildpoints
[13/2/2022 15:58:19] !tradeoff balance
[13/2/2022 21:10:50] !aol
[13/2/2022 21:32:17] !aol
[13/2/2022 21:50:27] !aol
[14/2/2022 1:10:33] !aol
[14/2/2022 5:19:32] !aol
[14/2/2022 21:59:58] !aol
[14/2/2022 22:0:29] !aol
[14/2/2022 22:15:39] !aol
[20/2/2022 0:2:21] !addon mage
[20/2/2022 0:3:32] !addon Warmaster
[20/2/2022 0:5:11] !addon druid
[20/2/2022 20:32:45] !tradeoff add, 50000000
[20/2/2022 20:33:0] !tradeoff remove, 49
[20/2/2022 20:33:7] !tradeoff add, 5000000
[20/2/2022 20:33:28] !tradeoff add, 5000000
[20/2/2022 20:33:33] !tradeoff add, 5000000
[20/2/2022 20:33:42] !tradeoff add, 2000000
[20/2/2022 20:33:47] !tradeoff add, 2000000
[21/2/2022 23:10:15] !online
[21/2/2022 23:38:46] !online
