[18/12/2021 22:48:9] !wand ice
[18/12/2021 22:49:47] !wand earth
[18/12/2021 22:56:1] !wand ice
[18/12/2021 23:1:15] !wand death
[18/12/2021 23:2:20] !wand ice
[18/12/2021 23:6:49] !aol
[18/12/2021 23:8:32] !wand ice
[18/12/2021 23:25:18] !wand ice
[18/12/2021 23:35:10] !wand ice
[19/12/2021 0:16:44] !wand ice
[19/12/2021 0:44:1] !wand ice
[19/12/2021 9:28:41] !wand ice
[19/12/2021 12:26:3] !wand ice
[19/12/2021 13:37:58] !wand death
[19/12/2021 14:4:14] !wand ice
[19/12/2021 14:54:52] !wand holy
[19/12/2021 14:58:52] !wand earth
[19/12/2021 15:1:57] !wand death
[19/12/2021 15:15:38] !wand ice
[19/12/2021 16:5:3] !wand holy
