[15/12/2021 22:10:27] !wand ice
[15/12/2021 22:19:57] !wand ice
[16/12/2021 1:26:4] !wand ice
[16/12/2021 4:33:22] !wand ice
[16/12/2021 4:39:27] !emotespells off
[16/12/2021 4:44:42] !emotespells off
[16/12/2021 4:44:50] !emotespells off
[16/12/2021 4:44:56] !emotespells on
[16/12/2021 5:1:52] !wand ice
[16/12/2021 17:33:58] !wand ice
[16/12/2021 19:53:59] !wand ice
[17/12/2021 4:41:55] !wand ice
[17/12/2021 5:4:41] !wand ice
[17/12/2021 5:19:47] !wand ice
[18/12/2021 5:50:3] !wand ice
[18/12/2021 15:52:47] !wand ice
[19/12/2021 5:33:26] !wand ice
[19/12/2021 11:43:17] !serverinfo
[19/12/2021 11:45:45] !wand terra
[19/12/2021 11:45:57] !wand pox
[19/12/2021 11:46:5] !wand holy
