[22/5/2022 10:38:24] /a 2
[22/5/2022 10:38:26] /t
[22/5/2022 10:41:23] /c fabio~
[22/5/2022 10:42:2] /t
[22/5/2022 10:42:29] /c fabio~
[22/5/2022 10:43:24] /c fabio~
[22/5/2022 10:43:33] /t
[22/5/2022 10:43:39] /c fabio~
[22/5/2022 10:43:41] /t
[22/5/2022 10:47:39] /c fabio~
[22/5/2022 10:54:45] /goto morgaroth
[22/5/2022 10:54:49] /t
[22/5/2022 10:55:11] /t
[22/5/2022 10:55:31] /t
[22/5/2022 10:55:33] /t
[22/5/2022 10:55:40] /a 5
[22/5/2022 10:55:41] /a 5
[22/5/2022 10:55:41] /a 5
[22/5/2022 10:55:41] /a 5
[22/5/2022 10:55:41] /a 5
[22/5/2022 10:55:42] /a 5
[22/5/2022 10:55:42] /a 5
[22/5/2022 10:55:42] /a 5
[22/5/2022 10:55:45] /a 5
[22/5/2022 10:55:45] /a 5
[22/5/2022 10:55:46] /a 5
[22/5/2022 10:55:47] /a 5
[22/5/2022 10:55:47] /a 5
[22/5/2022 10:55:48] /a 5
[22/5/2022 10:55:48] /a 5
[22/5/2022 10:55:49] /a 5
[22/5/2022 10:55:49] /a 5
[22/5/2022 10:55:49] /a 5
[22/5/2022 10:55:49] /a 5
[22/5/2022 10:55:50] /a 5
[22/5/2022 10:56:7] /r
[22/5/2022 10:56:8] /r
[22/5/2022 10:56:11] /r
[22/5/2022 10:56:12] /r
[22/5/2022 10:56:12] /r
[22/5/2022 10:56:13] /r
[22/5/2022 10:56:14] /r
[22/5/2022 10:56:15] /r
[22/5/2022 10:56:16] /r
[22/5/2022 10:56:17] /r
[22/5/2022 10:56:18] /r
[22/5/2022 10:56:20] /r
[22/5/2022 10:56:21] /r
[22/5/2022 10:56:23] /r
[22/5/2022 10:56:24] /r
[22/5/2022 10:56:31] /a 5
[22/5/2022 10:56:32] /a 5
[22/5/2022 10:56:32] /a 5
[22/5/2022 10:56:33] /a 5
[22/5/2022 10:56:33] /a 5
[22/5/2022 10:56:35] /a 5
[22/5/2022 10:56:35] /a 5
[22/5/2022 10:56:35] /a 5
[22/5/2022 10:56:36] /a 5
[22/5/2022 10:56:36] /a 5
[22/5/2022 10:56:37] /a 5
[22/5/2022 10:56:37] /a 5
[22/5/2022 10:56:37] /a 5
[22/5/2022 10:56:37] /a 5
[22/5/2022 10:56:38] /a 5
[22/5/2022 10:56:38] /a 5
[22/5/2022 10:56:39] /a 5
[22/5/2022 10:56:39] /a 5
[22/5/2022 10:56:40] /a 5
[22/5/2022 10:56:40] /a 5
[22/5/2022 10:56:40] /a 5
[22/5/2022 10:56:41] /a 5
[22/5/2022 10:56:41] /a 5
[22/5/2022 10:56:41] /a 5
[22/5/2022 10:56:42] /a 5
[22/5/2022 10:56:42] /a 5
[22/5/2022 10:56:42] /a 5
[22/5/2022 10:56:43] /a 5
[22/5/2022 10:56:43] /a 5
[22/5/2022 10:56:43] /a 5
[22/5/2022 10:56:43] /a 5
[22/5/2022 10:56:44] /a 5
[22/5/2022 10:56:44] /a 5
[22/5/2022 10:56:45] /a 5
[22/5/2022 10:56:45] /a 5
[22/5/2022 10:56:45] /a 5
[22/5/2022 10:56:46] /a 5
[22/5/2022 10:56:46] /a 5
[22/5/2022 10:56:46] /a 5
[22/5/2022 10:56:46] /a 5
[22/5/2022 10:56:47] /a 5
[22/5/2022 10:56:47] /a 5
[22/5/2022 10:56:47] /a 5
[22/5/2022 10:56:48] /a 5
[22/5/2022 10:56:48] /a 5
[22/5/2022 10:56:48] /a 5
[22/5/2022 10:56:48] /a 5
[22/5/2022 10:56:49] /a 5
[22/5/2022 10:56:49] /a 5
[22/5/2022 10:56:49] /a 5
[22/5/2022 10:56:49] /a 5
[22/5/2022 10:56:50] /a 5
[22/5/2022 10:56:50] /a 5
[22/5/2022 10:56:50] /a 5
[22/5/2022 10:56:50] /a 5
[22/5/2022 10:56:50] /a 5
[22/5/2022 10:56:51] /a 5
[22/5/2022 10:56:51] /a 5
[22/5/2022 10:56:52] /a 5
[22/5/2022 10:56:52] /a 5
[22/5/2022 10:56:52] /a 5
[22/5/2022 10:56:53] /a 5
[22/5/2022 10:56:53] /a 5
[22/5/2022 10:56:53] /a 5
[22/5/2022 10:56:54] /a 5
[22/5/2022 10:56:54] /a 5
[22/5/2022 10:56:54] /a 5
[22/5/2022 10:56:55] /a 5
[22/5/2022 10:56:55] /a 5
[22/5/2022 10:56:55] /a 5
[22/5/2022 10:56:56] /a 5
[22/5/2022 10:56:56] /a 5
[22/5/2022 10:56:57] /a 5
[22/5/2022 10:56:57] /a 5
[22/5/2022 10:56:57] /a 5
[22/5/2022 10:56:58] /a 5
[22/5/2022 10:56:58] /a 5
[22/5/2022 10:56:58] /a 5
[22/5/2022 10:56:58] /a 5
[22/5/2022 10:56:59] /a 5
[22/5/2022 10:56:59] /a 5
[22/5/2022 10:57:0] /a 5
[22/5/2022 10:57:0] /a 5
[22/5/2022 10:57:0] /a 5
[22/5/2022 10:57:1] /a 5
[22/5/2022 10:57:1] /a 5
[22/5/2022 10:57:1] /a 5
[22/5/2022 10:57:1] /a 5
[22/5/2022 10:57:2] /a 5
[22/5/2022 10:57:2] /a 5
[22/5/2022 10:57:2] /a 5
[22/5/2022 10:57:3] /a 5
[22/5/2022 10:57:3] /a 5
[22/5/2022 10:57:3] /a 5
[22/5/2022 10:57:4] /a 5
[22/5/2022 10:57:4] /a 5
[22/5/2022 10:57:4] /a 5
[22/5/2022 10:57:4] /a 5
[22/5/2022 10:57:5] /a 5
[22/5/2022 10:57:5] /a 5
[22/5/2022 10:57:5] /a 5
[22/5/2022 10:57:6] /a 5
[22/5/2022 10:57:6] /a 5
[22/5/2022 10:57:6] /a 5
[22/5/2022 10:57:6] /a 5
[22/5/2022 10:57:7] /a 5
[22/5/2022 10:57:7] /a 5
[22/5/2022 10:57:7] /a 5
[22/5/2022 10:57:7] /a 5
[22/5/2022 10:57:8] /a 5
[22/5/2022 10:57:8] /a 5
[22/5/2022 10:57:8] /a 5
[22/5/2022 10:57:9] /a 5
[22/5/2022 10:57:9] /a 5
[22/5/2022 10:57:9] /a 5
[22/5/2022 10:57:10] /a 5
[22/5/2022 10:57:10] /a 5
[22/5/2022 10:57:10] /a 5
[22/5/2022 10:57:10] /a 5
[22/5/2022 10:57:11] /a 5
[22/5/2022 10:57:11] /a 5
[22/5/2022 10:57:11] /a 5
[22/5/2022 10:57:11] /a 5
[22/5/2022 10:57:12] /a 5
[22/5/2022 10:57:12] /a 5
[22/5/2022 10:57:13] /a 5
[22/5/2022 10:57:13] /a 5
[22/5/2022 10:57:13] /a 5
[22/5/2022 10:57:13] /a 5
[22/5/2022 10:57:14] /a 5
[22/5/2022 10:57:14] /a 5
[22/5/2022 10:57:14] /a 5
[22/5/2022 10:57:15] /a 5
[22/5/2022 10:57:15] /a 5
[22/5/2022 10:57:15] /a 5
[22/5/2022 10:57:15] /a 5
[22/5/2022 10:57:16] /a 5
[22/5/2022 10:57:16] /a 5
[22/5/2022 10:57:17] /a 5
[22/5/2022 10:57:17] /a 5
[22/5/2022 10:57:17] /a 5
[22/5/2022 10:57:17] /a 5
[22/5/2022 10:57:18] /a 5
[22/5/2022 10:57:18] /a 5
[22/5/2022 10:57:18] /a 5
[22/5/2022 10:57:19] /a 5
[22/5/2022 10:57:19] /a 5
[22/5/2022 10:57:19] /a 5
[22/5/2022 10:57:20] /a 5
[22/5/2022 10:57:20] /a 5
[22/5/2022 10:57:20] /a 5
[22/5/2022 10:57:21] /a 5
[22/5/2022 10:57:21] /a 5
[22/5/2022 10:57:21] /a 5
[22/5/2022 10:57:22] /a 5
[22/5/2022 10:57:24] /a 5
[22/5/2022 10:57:24] /a 5
[22/5/2022 10:57:25] /a 5
[22/5/2022 10:57:25] /a 5
[22/5/2022 10:57:26] /a 5
[22/5/2022 10:57:26] /a 5
[22/5/2022 10:57:27] /a 5
[22/5/2022 10:57:27] /a 5
[22/5/2022 10:57:28] /a 5
[22/5/2022 10:57:28] /a 5
[22/5/2022 10:57:28] /a 5
[22/5/2022 10:57:29] /a 5
[22/5/2022 10:57:29] /a 5
[22/5/2022 10:57:30] /a 5
[22/5/2022 10:57:30] /a 5
[22/5/2022 10:57:31] /a 5
[22/5/2022 10:57:44] /t
[22/5/2022 10:59:4] /up
[22/5/2022 10:59:6] /c fabio~
[22/5/2022 10:59:28] /up
[22/5/2022 10:59:35] /c fabio
[22/5/2022 10:59:37] /c fabio~
[22/5/2022 11:0:2] /c fabio~
[22/5/2022 11:0:21] /s demon
[22/5/2022 11:0:35] /down
[22/5/2022 11:0:38] /s demon
[22/5/2022 11:0:44] /c fabioi
[22/5/2022 11:0:45] /c fabi~
[22/5/2022 11:0:57] /c fabi~
[22/5/2022 11:3:1] /t
[22/5/2022 11:4:6] /c fab]
[22/5/2022 11:4:8] /c fab~
[22/5/2022 11:4:46] /c fabio~
[22/5/2022 11:5:21] /t
[25/5/2022 12:43:0] /a 2
[25/5/2022 12:43:18] /a 5
[25/5/2022 12:43:18] /a 5
[25/5/2022 12:43:19] /a 5
[25/5/2022 12:43:20] /a 5
[25/5/2022 12:43:20] /a 5
[25/5/2022 12:43:23] /a 5
[25/5/2022 12:54:16] /serverdiag 
[25/5/2022 12:54:24] /a 2
[25/5/2022 12:54:33] /t
[25/5/2022 13:43:51] /a 10
[25/5/2022 13:43:51] /a 10
[25/5/2022 13:43:51] /a 10
[25/5/2022 13:43:52] /a 10
[25/5/2022 13:43:54] /a 10
[25/5/2022 13:43:55] /a 10
[25/5/2022 13:43:56] /a 10
[25/5/2022 13:43:57] /a 10
[25/5/2022 13:43:58] /a 10
[25/5/2022 13:44:2] /a 10
[25/5/2022 13:44:6] /a 10
[25/5/2022 13:44:7] /a 10
[25/5/2022 13:44:8] /a 10
[25/5/2022 13:44:9] /a 10
[25/5/2022 13:44:9] /a 10
[25/5/2022 13:44:10] /a 10
[25/5/2022 13:44:11] /a 10
[25/5/2022 13:44:12] /a 10
[25/5/2022 13:44:13] /a 10
[25/5/2022 13:44:13] /a 10
[25/5/2022 13:44:21] /a 5
[25/5/2022 13:44:22] /a 5
[25/5/2022 13:44:22] /a 5
[25/5/2022 13:44:22] /a 5
[25/5/2022 13:44:22] /a 5
[25/5/2022 13:44:23] /a 5
[25/5/2022 13:44:23] /a 5
[25/5/2022 13:44:23] /a 5
[25/5/2022 13:44:23] /a 5
[25/5/2022 13:44:24] /a 5
[25/5/2022 13:44:24] /a 5
[25/5/2022 13:44:24] /a 5
[25/5/2022 13:44:24] /a 5
[25/5/2022 13:44:25] /a 5
[25/5/2022 13:44:25] /a 5
[25/5/2022 13:44:25] /a 5
[25/5/2022 13:44:26] /a 5
[25/5/2022 13:44:27] /a 5
[25/5/2022 13:44:30] /a 5
[25/5/2022 13:44:30] /a 5
[25/5/2022 13:44:30] /a 5
[25/5/2022 13:44:30] /a 5
[25/5/2022 13:44:30] /a 5
[25/5/2022 13:44:31] /a 5
[25/5/2022 13:44:31] /a 5
[25/5/2022 13:44:31] /a 5
[25/5/2022 13:44:32] /a 5
[25/5/2022 13:44:32] /a 5
[25/5/2022 13:44:32] /a 5
[25/5/2022 13:44:32] /a 5
[25/5/2022 13:44:33] /a 5
[25/5/2022 13:44:33] /a 5
[25/5/2022 13:44:33] /a 5
[25/5/2022 13:44:33] /a 5
[25/5/2022 13:44:33] /a 5
[25/5/2022 13:44:34] /a 5
[25/5/2022 13:44:34] /a 5
[25/5/2022 13:44:34] /a 5
[25/5/2022 13:44:35] /a 5
[25/5/2022 13:44:35] /a 5
[25/5/2022 13:44:36] /a 5
[25/5/2022 13:44:36] /a 5
[25/5/2022 13:44:36] /a 5
[25/5/2022 13:44:36] /a 5
[25/5/2022 13:44:37] /a 5
[25/5/2022 13:44:37] /a 5
[25/5/2022 13:44:37] /a 5
[25/5/2022 13:44:38] /a 5
[25/5/2022 13:44:38] /a 5
[25/5/2022 13:44:38] /a 5
[25/5/2022 13:44:38] /a 5
[25/5/2022 13:44:39] /a 5
[25/5/2022 13:44:39] /a 5
[25/5/2022 13:44:39] /a 5
[25/5/2022 13:44:40] /a 5
[25/5/2022 13:44:40] /a 5
[25/5/2022 13:44:41] /a 5
[25/5/2022 13:44:41] /a 5
[25/5/2022 13:44:41] /a 5
[25/5/2022 13:44:41] /a 5
[25/5/2022 13:44:42] /a 5
[25/5/2022 13:44:42] /a 5
[25/5/2022 13:44:42] /a 5
[25/5/2022 13:44:42] /a 5
[25/5/2022 13:44:43] /a 5
[25/5/2022 13:44:43] /a 5
[25/5/2022 13:44:43] /a 5
[25/5/2022 13:44:43] /a 5
[25/5/2022 13:44:44] /a 5
[25/5/2022 13:44:44] /a 5
[25/5/2022 13:44:44] /a 5
[25/5/2022 13:44:45] /a 5
[25/5/2022 13:44:45] /a 5
[25/5/2022 13:44:45] /a 5
[25/5/2022 13:44:46] /a 5
[25/5/2022 13:44:46] /a 5
[25/5/2022 13:44:46] /a 5
[25/5/2022 13:44:46] /a 5
[25/5/2022 13:44:47] /a 5
[25/5/2022 13:44:47] /a 5
[25/5/2022 13:44:47] /a 5
[25/5/2022 13:44:48] /a 5
[25/5/2022 13:44:49] /a 5
[25/5/2022 13:44:49] /a 5
[25/5/2022 13:44:49] /a 5
[25/5/2022 13:44:50] /a 5
[25/5/2022 13:44:50] /a 5
[25/5/2022 13:44:50] /a 5
[25/5/2022 13:44:50] /a 5
[25/5/2022 13:44:51] /a 5
[25/5/2022 13:44:51] /a 5
[25/5/2022 13:44:52] /a 5
[25/5/2022 13:44:52] /a 5
[25/5/2022 13:44:53] /a 5
[25/5/2022 13:44:53] /a 5
[25/5/2022 13:44:54] /a 5
[25/5/2022 13:44:54] /a 5
[25/5/2022 13:44:54] /a 5
[25/5/2022 13:44:55] /a 5
[25/5/2022 13:44:56] /a 5
[25/5/2022 13:44:56] /a 5
[25/5/2022 13:44:56] /a 5
[25/5/2022 13:44:57] /a 5
[25/5/2022 13:44:58] /a 5
[25/5/2022 13:44:58] /a 5
[25/5/2022 13:44:58] /a 5
[25/5/2022 13:44:59] /a 5
[25/5/2022 13:44:59] /a 5
[25/5/2022 13:45:0] /a 5
[25/5/2022 13:45:0] /a 5
[25/5/2022 13:45:0] /a 5
[25/5/2022 13:45:1] /a 5
[25/5/2022 13:45:2] /a 5
[25/5/2022 13:45:2] /a 5
[25/5/2022 13:45:2] /a 5
[25/5/2022 13:45:3] /a 5
[25/5/2022 13:45:3] /a 5
[25/5/2022 13:45:3] /a 5
[25/5/2022 13:45:4] /a 5
[25/5/2022 13:45:4] /a 5
[25/5/2022 13:45:4] /a 5
[25/5/2022 13:45:5] /a 5
[25/5/2022 13:45:5] /a 5
[25/5/2022 13:45:5] /a 5
[25/5/2022 13:45:6] /a 5
[25/5/2022 13:45:6] /a 5
[25/5/2022 13:45:6] /a 5
[25/5/2022 13:45:7] /a 5
[25/5/2022 13:45:7] /a 5
[25/5/2022 13:45:7] /a 5
[25/5/2022 13:45:8] /a 5
[25/5/2022 13:45:8] /a 5
[25/5/2022 13:45:9] /a 5
[25/5/2022 13:45:9] /a 5
[25/5/2022 13:45:9] /a 5
[25/5/2022 13:45:10] /a 5
[25/5/2022 13:45:10] /a 5
[25/5/2022 13:45:10] /a 5
[25/5/2022 13:45:11] /a 5
[25/5/2022 13:45:11] /a 5
[25/5/2022 13:45:11] /a 5
[25/5/2022 13:45:12] /a 5
[25/5/2022 13:45:12] /a 5
[25/5/2022 13:45:13] /a 5
[25/5/2022 13:45:13] /a 5
[25/5/2022 13:45:15] /a 5
[25/5/2022 13:45:15] /a 5
[25/5/2022 13:45:16] /a 5
[25/5/2022 13:45:16] /a 5
[25/5/2022 13:45:16] /a 5
[25/5/2022 13:45:17] /a 5
[25/5/2022 13:45:17] /a 5
[25/5/2022 13:45:17] /a 5
[25/5/2022 13:45:17] /a 5
[25/5/2022 13:45:18] /a 5
[25/5/2022 13:45:18] /a 5
[25/5/2022 13:45:18] /a 5
[25/5/2022 13:45:18] /a 5
[25/5/2022 13:45:18] /a 5
[25/5/2022 13:45:19] /a 5
[25/5/2022 13:45:19] /a 5
[25/5/2022 13:45:20] /a 5
[25/5/2022 13:45:20] /a 5
[25/5/2022 13:45:20] /a 5
[25/5/2022 13:45:20] /a 5
[25/5/2022 13:45:21] /a 5
[25/5/2022 13:45:21] /a 5
[25/5/2022 13:45:21] /a 5
[25/5/2022 13:45:21] /a 5
[25/5/2022 13:45:22] /a 5
[25/5/2022 13:45:22] /a 5
[25/5/2022 13:45:22] /a 5
[25/5/2022 13:45:23] /a 5
[25/5/2022 13:45:23] /a 5
[25/5/2022 13:45:23] /a 5
[25/5/2022 13:45:23] /a 5
[25/5/2022 13:45:24] /a 5
[25/5/2022 13:45:25] /a 5
[25/5/2022 13:45:28] /a 5
[25/5/2022 13:45:28] /a 5
[25/5/2022 13:45:28] /a 5
[25/5/2022 13:45:29] /a 5
[25/5/2022 13:45:29] /a 5
[25/5/2022 13:45:30] /a 5
[25/5/2022 13:45:30] /a 5
[25/5/2022 13:45:30] /a 5
[25/5/2022 13:45:30] /a 5
[25/5/2022 13:45:32] /a 5
[25/5/2022 13:45:33] /a 5
[25/5/2022 13:45:33] /a 5
[25/5/2022 13:45:33] /a 5
[25/5/2022 13:45:33] /a 5
[25/5/2022 13:45:34] /a 5
[25/5/2022 13:45:34] /a 5
[25/5/2022 13:45:34] /a 5
[25/5/2022 13:45:34] /a 5
[25/5/2022 13:45:34] /a 5
[25/5/2022 13:45:35] /a 5
[25/5/2022 13:45:35] /a 5
[25/5/2022 13:45:35] /a 5
[25/5/2022 13:45:35] /a 5
[25/5/2022 13:45:36] /a 5
[25/5/2022 13:45:36] /a 5
[25/5/2022 13:45:36] /a 5
[25/5/2022 13:45:36] /a 5
[25/5/2022 13:45:37] /a 5
[25/5/2022 13:45:37] /a 5
[25/5/2022 13:45:37] /a 5
[25/5/2022 13:45:37] /a 5
[25/5/2022 13:45:37] /a 5
[25/5/2022 13:45:38] /a 5
[25/5/2022 13:45:38] /a 5
[25/5/2022 13:45:39] /a 5
[25/5/2022 13:45:39] /a 5
[25/5/2022 13:45:39] /a 5
[25/5/2022 13:45:39] /a 5
[25/5/2022 13:45:39] /a 5
[25/5/2022 13:45:40] /a 5
[25/5/2022 13:45:40] /a 5
[25/5/2022 13:45:40] /a 5
[25/5/2022 13:45:40] /a 5
[25/5/2022 13:45:41] /a 5
[25/5/2022 13:45:41] /a 5
[25/5/2022 13:45:41] /a 5
[25/5/2022 13:45:42] /a 5
[25/5/2022 13:45:42] /a 5
[25/5/2022 13:45:42] /a 5
[25/5/2022 13:45:43] /a 5
[25/5/2022 13:45:43] /a 5
[25/5/2022 13:45:43] /a 5
[25/5/2022 13:45:44] /a 5
[25/5/2022 13:45:44] /a 5
[25/5/2022 13:45:44] /a 5
[25/5/2022 13:45:45] /a 5
[25/5/2022 13:45:46] /a 5
[25/5/2022 13:45:46] /a 5
[25/5/2022 13:45:47] /a 5
[25/5/2022 13:45:47] /a 5
[25/5/2022 13:45:47] /a 5
[25/5/2022 13:45:47] /a 5
[25/5/2022 13:45:48] /a 5
[25/5/2022 13:45:48] /a 5
[25/5/2022 13:45:48] /a 5
[25/5/2022 13:45:49] /a 5
[25/5/2022 13:45:49] /a 5
[25/5/2022 13:45:49] /a 5
[25/5/2022 13:45:50] /a 5
[25/5/2022 13:45:50] /a 5
[25/5/2022 13:45:51] /a 5
[25/5/2022 13:45:51] /a 5
[25/5/2022 13:45:52] /a 5
[25/5/2022 13:45:52] /a 5
[25/5/2022 13:45:52] /a 5
[25/5/2022 13:45:53] /a 5
[25/5/2022 13:45:53] /a 5
[25/5/2022 13:45:54] /a 5
[25/5/2022 13:45:54] /a 5
[25/5/2022 13:45:54] /a 5
[25/5/2022 13:45:54] /a 5
[25/5/2022 13:45:55] /a 5
[25/5/2022 13:45:55] /a 5
[25/5/2022 13:45:55] /a 5
[25/5/2022 13:45:56] /a 5
[25/5/2022 13:45:56] /a 5
[25/5/2022 13:45:56] /a 5
[25/5/2022 13:45:57] /a 5
[25/5/2022 13:45:58] /a 5
[25/5/2022 13:45:58] /a 5
[25/5/2022 13:45:58] /a 5
[25/5/2022 13:45:59] /a 5
[25/5/2022 13:45:59] /a 5
[25/5/2022 13:45:59] /a 5
[25/5/2022 13:45:59] /a 5
[25/5/2022 13:46:0] /a 5
[25/5/2022 13:46:1] /a 5
[25/5/2022 13:46:1] /a 5
[25/5/2022 13:46:2] /a 5
[25/5/2022 13:46:2] /a 5
[25/5/2022 13:46:3] /a 5
[25/5/2022 13:46:3] /a 5
[25/5/2022 13:46:4] /a 5
[25/5/2022 13:46:5] /a 5
[25/5/2022 13:46:5] /a 5
[25/5/2022 13:46:7] /a 5
[25/5/2022 13:46:11] /a 5
[25/5/2022 13:46:11] /a 5
[25/5/2022 13:46:11] /a 5
[25/5/2022 13:46:12] /a 5
[25/5/2022 13:46:12] /a 5
[25/5/2022 13:46:12] /a 5
[25/5/2022 13:46:12] /a 5
[25/5/2022 13:46:13] /a 5
[25/5/2022 13:46:13] /a 5
[25/5/2022 13:46:13] /a 5
[25/5/2022 13:46:14] /a 5
[25/5/2022 13:46:14] /a 5
[25/5/2022 13:46:14] /a 5
[25/5/2022 13:46:14] /a 5
[25/5/2022 13:46:15] /a 5
[25/5/2022 13:46:15] /a 5
[25/5/2022 13:46:15] /a 5
[25/5/2022 13:46:16] /a 5
[25/5/2022 13:46:16] /a 5
[25/5/2022 13:46:16] /a 5
[25/5/2022 13:46:16] /a 5
[25/5/2022 13:46:17] /a 5
[25/5/2022 13:46:17] /a 5
[25/5/2022 13:46:17] /a 5
[25/5/2022 13:46:18] /a 5
[25/5/2022 13:46:18] /a 5
[25/5/2022 13:46:19] /a 5
[25/5/2022 13:46:19] /a 5
[25/5/2022 13:46:19] /a 5
[25/5/2022 13:46:20] /a 5
[25/5/2022 13:46:20] /a 5
[25/5/2022 13:46:20] /a 5
[25/5/2022 13:46:21] /a 5
[25/5/2022 13:46:21] /a 5
[25/5/2022 13:46:21] /a 5
[25/5/2022 13:46:21] /a 5
[25/5/2022 13:46:22] /a 5
[25/5/2022 13:46:22] /a 5
[25/5/2022 13:46:23] /a 5
[25/5/2022 13:46:23] /a 5
[25/5/2022 13:46:23] /a 5
[25/5/2022 13:46:24] /a 5
[25/5/2022 13:46:24] /a 5
[25/5/2022 13:46:24] /a 5
[25/5/2022 13:46:24] /a 5
[25/5/2022 13:46:25] /a 5
[25/5/2022 13:46:25] /a 5
[25/5/2022 13:46:25] /a 5
[25/5/2022 13:46:25] /a 5
[25/5/2022 13:46:25] /a 5
[25/5/2022 13:46:26] /a 5
[25/5/2022 13:46:26] /a 5
[25/5/2022 13:46:27] /a 5
[25/5/2022 13:46:31] /a 5
[25/5/2022 13:46:32] /a 5
[25/5/2022 13:46:33] /a 5
[25/5/2022 13:46:33] /a 5
[25/5/2022 13:46:34] /a 5
[25/5/2022 13:46:34] /a 5
[25/5/2022 13:46:35] /a 5
[25/5/2022 13:46:35] /a 5
[25/5/2022 13:46:35] /a 5
[25/5/2022 13:46:35] /a 5
[25/5/2022 13:46:36] /a 5
[25/5/2022 13:46:37] /a 5
[25/5/2022 13:46:37] /a 5
[25/5/2022 13:46:37] /a 5
[25/5/2022 13:46:38] /a 5
[25/5/2022 13:46:38] /a 5
[25/5/2022 13:46:38] /a 5
[25/5/2022 13:46:39] /a 5
[25/5/2022 13:46:39] /a 5
[25/5/2022 13:46:39] /a 5
[25/5/2022 13:46:39] /a 5
[25/5/2022 13:46:40] /a 5
[25/5/2022 13:46:40] /a 5
[25/5/2022 13:46:40] /a 5
[25/5/2022 13:46:41] /a 5
[25/5/2022 13:46:41] /a 5
[25/5/2022 13:46:41] /a 5
[25/5/2022 13:46:41] /a 5
[25/5/2022 13:46:42] /a 5
[25/5/2022 13:46:42] /a 5
[25/5/2022 13:46:42] /a 5
[25/5/2022 13:46:42] /a 5
[25/5/2022 13:46:43] /a 5
[25/5/2022 13:46:43] /a 5
[25/5/2022 13:46:43] /a 5
[25/5/2022 13:46:43] /a 5
[25/5/2022 13:46:43] /a 5
[25/5/2022 13:46:44] /a 5
[25/5/2022 13:46:44] /a 5
[25/5/2022 13:46:44] /a 5
[25/5/2022 13:46:45] /a 5
[25/5/2022 13:46:48] /a 40
[25/5/2022 13:46:49] /a 5
[25/5/2022 13:46:50] /a 5
[25/5/2022 13:46:51] /a 5
[25/5/2022 13:46:52] /a 5
[25/5/2022 13:46:53] /a 5
[25/5/2022 13:46:55] /a 5
[25/5/2022 13:46:55] /a 5
[25/5/2022 13:46:56] /a 5
[25/5/2022 13:46:58] /a 5
[25/5/2022 13:46:59] /a 5
[25/5/2022 13:47:20] /down
[25/5/2022 13:47:21] /a 5
[25/5/2022 13:47:21] /a 5
[25/5/2022 13:47:21] /a 5
[25/5/2022 13:47:23] /a 5
[25/5/2022 13:47:27] /up
[25/5/2022 13:47:30] /c fabio~
[25/5/2022 13:47:53] /down
[25/5/2022 13:47:54] /a 5
[25/5/2022 13:47:56] /down
[25/5/2022 13:47:59] /a 40
[25/5/2022 13:48:0] /a 5
[25/5/2022 13:48:0] /a 5
[25/5/2022 13:48:0] /a 5
[25/5/2022 13:48:0] /a 5
[25/5/2022 13:48:1] /a 5
[25/5/2022 13:48:4] /a 5
[25/5/2022 13:48:4] /a 5
[25/5/2022 13:48:5] /a 5
[25/5/2022 13:48:5] /a 5
[25/5/2022 13:48:5] /a 5
[25/5/2022 13:48:6] /a 5
[25/5/2022 13:48:6] /a 5
[25/5/2022 13:48:7] /a 5
[25/5/2022 13:48:7] /a 5
[25/5/2022 13:48:8] /a 5
[25/5/2022 13:48:8] /a 5
[25/5/2022 13:48:8] /a 5
[25/5/2022 13:48:9] /a 5
[25/5/2022 13:48:11] /a 5
[25/5/2022 13:48:14] /a 5
[25/5/2022 13:48:15] /a 5
[25/5/2022 13:48:15] /a 5
[25/5/2022 13:48:16] /a 5
[25/5/2022 13:48:16] /a 5
[25/5/2022 13:48:19] /a 5
[25/5/2022 13:48:19] /a 5
[25/5/2022 13:48:20] /a 5
[25/5/2022 13:48:24] /a 5
[25/5/2022 13:48:25] /a 5
[25/5/2022 13:48:25] /a 5
[25/5/2022 13:48:26] /a 5
[25/5/2022 13:48:26] /a 5
[25/5/2022 13:48:27] /a 5
[25/5/2022 13:48:28] /a 5
[25/5/2022 13:48:28] /a 5
[25/5/2022 13:48:29] /a 5
[25/5/2022 13:48:29] /a 5
[25/5/2022 13:48:30] /a 5
[25/5/2022 13:48:31] /a 5
[25/5/2022 13:48:32] /a 5
[25/5/2022 13:48:32] /a 5
[25/5/2022 13:48:33] /a 5
[25/5/2022 13:48:33] /a 5
[25/5/2022 13:48:33] /a 5
[25/5/2022 13:48:34] /a 5
[25/5/2022 13:48:34] /a 5
[25/5/2022 13:48:34] /a 5
[25/5/2022 13:48:36] /a 5
[25/5/2022 13:48:36] /a 5
[25/5/2022 13:48:36] /a 5
[25/5/2022 13:48:38] /a 5
[25/5/2022 13:48:39] /a 5
[25/5/2022 13:48:44] /a 5
[25/5/2022 13:48:45] /a 5
[25/5/2022 13:48:45] /a 5
[25/5/2022 13:48:45] /a 5
[25/5/2022 13:48:45] /a 5
[25/5/2022 13:48:46] /a 5
[25/5/2022 13:48:46] /a 5
[25/5/2022 13:48:46] /a 5
[25/5/2022 13:48:46] /a 5
[25/5/2022 13:48:47] /a 5
[25/5/2022 13:48:49] /a 5
[25/5/2022 13:48:49] /a 5
[25/5/2022 13:48:50] /a 5
[25/5/2022 13:48:50] /a 5
[25/5/2022 13:48:51] /a 5
[25/5/2022 13:48:52] /a 5
[25/5/2022 13:48:52] /a 5
[25/5/2022 13:48:52] /a 5
[25/5/2022 13:48:53] /a 5
[25/5/2022 13:49:0] /a 5
[25/5/2022 13:49:1] /a 5
[25/5/2022 13:49:17] /a 5
[25/5/2022 13:49:17] /a 5
[25/5/2022 13:49:18] /a 5
[25/5/2022 13:49:18] /a 5
[25/5/2022 13:49:20] /a 5
[25/5/2022 13:49:55] /a 5
[25/5/2022 13:49:55] /a 5
[25/5/2022 13:49:55] /a 5
[25/5/2022 13:49:58] /a 5
[25/5/2022 13:50:7] /c fabio~
[25/5/2022 13:50:54] /a 5
[25/5/2022 13:50:54] /a 5
[25/5/2022 13:50:57] /a 5
[25/5/2022 13:50:57] /a 5
[25/5/2022 13:51:42] /a 5
[25/5/2022 13:51:43] /a 5
[25/5/2022 13:51:43] /a 5
[25/5/2022 13:51:43] /a 5
[25/5/2022 13:51:43] /a 5
[25/5/2022 13:51:44] /a 5
[25/5/2022 13:51:44] /a 5
[25/5/2022 13:51:45] /a 5
[25/5/2022 13:51:45] /a 5
[25/5/2022 13:51:46] /a 5
[25/5/2022 13:51:46] /a 5
[25/5/2022 13:51:47] /a 5
[25/5/2022 13:56:54] /a 5
[25/5/2022 13:56:56] /a 5
[25/5/2022 13:56:57] /a 5
[25/5/2022 13:56:58] /a 5
[25/5/2022 13:56:58] /a 5
[25/5/2022 13:56:59] /a 5
[25/5/2022 13:56:59] /a 5
[25/5/2022 13:57:4] /a 5
[25/5/2022 13:57:7] /a 5
[25/5/2022 13:57:9] /a 5
[25/5/2022 13:57:9] /a 5
[25/5/2022 13:57:10] /a 5
[25/5/2022 13:57:12] /a 5
[25/5/2022 13:57:13] /a 5
[25/5/2022 13:57:14] /a 5
[25/5/2022 13:57:14] /a 5
[25/5/2022 13:57:15] /a 5
[25/5/2022 13:57:15] /a 5
[25/5/2022 13:57:19] /up
[25/5/2022 13:57:20] /a 5
[25/5/2022 13:57:20] /a 5
[25/5/2022 13:57:21] /a 5
[25/5/2022 13:57:25] /a 5
[25/5/2022 13:57:25] /a 5
[25/5/2022 13:57:31] /a 5
[25/5/2022 13:58:12] /a 5
[25/5/2022 13:58:12] /a 5
[25/5/2022 13:58:13] /a 5
[25/5/2022 13:58:14] /a 5
[25/5/2022 13:58:15] /a 5
[25/5/2022 13:58:19] /a 5
[25/5/2022 13:58:23] /a 5
[25/5/2022 13:58:23] /a 5
[25/5/2022 13:58:23] /a 5
[25/5/2022 13:58:40] /a 5
[25/5/2022 13:58:41] /a 5
[25/5/2022 13:58:59] /a 5
[25/5/2022 13:58:59] /a 5
[25/5/2022 13:59:0] /a 5
[25/5/2022 13:59:7] /a 5
[25/5/2022 13:59:8] /a 5
[25/5/2022 13:59:8] /a 5
[25/5/2022 13:59:8] /a 5
[25/5/2022 13:59:9] /a 5
[25/5/2022 13:59:11] /a 5
[25/5/2022 13:59:32] /a 5
[25/5/2022 13:59:32] /a 5
[25/5/2022 13:59:33] /a 5
[25/5/2022 13:59:33] /a 5
[25/5/2022 13:59:57] /a 5
[25/5/2022 13:59:57] /a 5
[25/5/2022 13:59:58] /a 5
[25/5/2022 13:59:59] /a 5
[25/5/2022 14:0:0] /a 5
[25/5/2022 14:0:1] /a 5
[25/5/2022 14:0:2] /a 5
[25/5/2022 14:0:2] /a 5
[25/5/2022 14:0:2] /a 5
[25/5/2022 14:0:3] /a 5
[25/5/2022 14:0:3] /a 5
[25/5/2022 14:0:5] /a 5
[25/5/2022 14:0:5] /a 5
[25/5/2022 14:0:6] /a 5
[25/5/2022 14:0:6] /a 5
[25/5/2022 14:0:7] /a 5
[25/5/2022 14:0:8] /a 5
[25/5/2022 14:0:8] /a 5
[25/5/2022 14:0:8] /a 5
[25/5/2022 14:0:8] /a 5
[25/5/2022 14:0:10] /a 5
[25/5/2022 14:0:10] /a 5
[25/5/2022 14:0:11] /a 5
[25/5/2022 14:0:11] /a 5
[25/5/2022 14:0:12] /a 5
[25/5/2022 14:0:12] /a 5
[25/5/2022 14:0:13] /a 5
[25/5/2022 14:0:13] /a 5
[25/5/2022 14:0:13] /a 5
[25/5/2022 14:0:19] /a 5
[25/5/2022 14:0:19] /a 5
[25/5/2022 14:0:23] /a 5
[25/5/2022 14:0:24] /a 5
[25/5/2022 14:0:24] /a 5
[25/5/2022 14:0:25] /a 5
[25/5/2022 14:0:26] /a 5
[25/5/2022 14:0:26] /a 5
[25/5/2022 14:0:31] /a 5
[25/5/2022 14:0:31] /a 5
[25/5/2022 14:0:32] /a 5
[25/5/2022 14:0:32] /a 5
[25/5/2022 14:0:33] /a 5
[25/5/2022 14:0:33] /a 5
[25/5/2022 14:0:34] /a 5
[25/5/2022 14:0:41] /a 5
[25/5/2022 14:0:41] /a 5
[25/5/2022 14:0:42] /a 5
[25/5/2022 14:0:42] /a 5
[25/5/2022 14:0:42] /a 5
[25/5/2022 14:0:44] /a 5
[25/5/2022 14:0:44] /a 5
[25/5/2022 14:0:44] /a 5
[25/5/2022 14:0:45] /a 5
[25/5/2022 14:0:45] /a 5
[25/5/2022 14:0:49] /a 5
[25/5/2022 14:0:51] /a 5
[25/5/2022 14:0:52] /a 5
[25/5/2022 14:0:52] /a 5
[25/5/2022 14:0:53] /a 5
[25/5/2022 14:0:54] /a 5
[25/5/2022 14:0:54] /a 5
[25/5/2022 14:0:56] /a 5
[25/5/2022 14:0:57] /a 5
[25/5/2022 14:0:57] /a 5
[25/5/2022 14:1:5] /down
[25/5/2022 14:1:6] /down
[25/5/2022 14:1:7] /a 5
[25/5/2022 14:1:8] /a 5
[25/5/2022 14:1:8] /a 5
[25/5/2022 14:1:9] /a 5
[25/5/2022 14:1:9] /a 5
[25/5/2022 14:1:10] /a 5
[25/5/2022 14:1:11] /a 5
[25/5/2022 14:1:11] /a 5
[25/5/2022 14:1:11] /a 5
[25/5/2022 14:1:11] /a 5
[25/5/2022 14:1:12] /a 5
[25/5/2022 14:1:12] /a 5
[25/5/2022 14:1:12] /a 5
[25/5/2022 14:1:12] /a 5
[25/5/2022 14:1:15] /a 5
[25/5/2022 14:1:15] /a 5
[25/5/2022 14:1:15] /a 5
[25/5/2022 14:1:16] /a 5
[25/5/2022 14:1:19] /a 5
[25/5/2022 14:1:19] /a 5
[25/5/2022 14:1:20] /a 5
[25/5/2022 14:1:22] /a 5
[25/5/2022 14:1:22] /a 5
[25/5/2022 14:1:22] /a 5
[25/5/2022 14:1:23] /a 5
[25/5/2022 14:1:24] /a 5
[25/5/2022 14:1:25] /a 5
[25/5/2022 14:1:25] /a 5
[25/5/2022 14:1:26] /a 5
[25/5/2022 14:1:26] /a 5
[25/5/2022 14:1:27] /a 5
[25/5/2022 14:1:27] /a 5
[25/5/2022 14:1:28] /a 5
[25/5/2022 14:1:28] /a 5
[25/5/2022 14:1:28] /a 5
[25/5/2022 14:1:29] /a 5
[25/5/2022 14:1:29] /a 5
[25/5/2022 14:1:30] /a 5
[25/5/2022 14:1:30] /a 5
[25/5/2022 14:1:57] /a 5
[25/5/2022 14:2:8] /a 5
[25/5/2022 14:2:21] /a 5
[25/5/2022 14:2:21] /a 5
[25/5/2022 14:2:24] /a 5
[25/5/2022 14:2:24] /a 5
[25/5/2022 14:2:25] /a 5
[25/5/2022 14:2:25] /a 5
[25/5/2022 14:2:25] /a 5
[25/5/2022 14:2:27] /a 5
[25/5/2022 14:2:27] /a 5
[25/5/2022 14:2:27] /a 5
[25/5/2022 14:2:28] /a 5
[25/5/2022 14:2:29] /a 5
[25/5/2022 14:2:31] /a 5
[25/5/2022 14:2:36] /a 5
[25/5/2022 14:2:37] /a 5
[25/5/2022 14:2:37] /a 5
[25/5/2022 14:2:37] /a 5
[25/5/2022 14:2:38] /a 5
[25/5/2022 14:2:38] /a 5
[25/5/2022 14:2:38] /a 5
[25/5/2022 14:2:38] /a 5
[25/5/2022 14:2:39] /a 5
[25/5/2022 14:2:40] /a 5
[25/5/2022 14:2:51] /down
[25/5/2022 14:2:53] /down
[25/5/2022 14:2:53] /down
[25/5/2022 14:2:54] /a 5
[25/5/2022 14:2:57] /a 5
[25/5/2022 14:2:58] /a 5
[25/5/2022 14:2:59] /a 5
[25/5/2022 14:2:59] /a 5
[25/5/2022 14:2:59] /a 5
[25/5/2022 14:2:59] /a 5
[25/5/2022 14:3:0] /a 5
[25/5/2022 14:3:0] /a 5
[25/5/2022 14:3:0] /a 5
[25/5/2022 14:3:1] /a 5
[25/5/2022 14:3:1] /a 5
[25/5/2022 14:3:1] /a 5
[25/5/2022 14:3:2] /a 5
[25/5/2022 14:3:2] /a 5
[25/5/2022 14:3:8] /up
[25/5/2022 14:3:8] /up
[25/5/2022 14:3:8] /up
[25/5/2022 14:3:24] /a 5
[25/5/2022 14:3:32] /a 5
[25/5/2022 14:3:38] /a 5
[25/5/2022 14:3:41] /a 5
[25/5/2022 14:3:43] /a 5
[25/5/2022 14:3:43] /a 5
[25/5/2022 14:3:43] /a 5
[25/5/2022 14:3:44] /a 5
[25/5/2022 14:3:44] /a 5
[25/5/2022 14:3:49] /a 5
[25/5/2022 14:3:50] /a 5
[25/5/2022 14:3:50] /a 5
[25/5/2022 14:4:5] /a 5
[25/5/2022 14:4:26] /a 5
[25/5/2022 14:4:27] /a 5
[25/5/2022 14:4:27] /a 5
[25/5/2022 14:4:29] /a 5
[25/5/2022 14:4:30] /a 5
[25/5/2022 14:4:31] /a 5
[25/5/2022 14:4:32] /a 5
[25/5/2022 14:4:33] /a 5
[25/5/2022 14:4:33] /a 5
[25/5/2022 14:4:34] /a 5
[25/5/2022 14:4:35] /a 5
[25/5/2022 14:4:37] /a 5
[25/5/2022 14:4:38] /a 5
[25/5/2022 14:4:38] /a 5
[25/5/2022 14:4:39] /a 5
[25/5/2022 14:4:40] /a 5
[25/5/2022 14:4:40] /a 5
[25/5/2022 14:4:41] /a 5
[25/5/2022 14:4:41] /a 5
[25/5/2022 14:4:42] /a 5
[25/5/2022 14:4:42] /a 5
[25/5/2022 14:4:43] /a 5
[25/5/2022 14:4:44] /a 5
[25/5/2022 14:4:46] /a 5
[25/5/2022 14:4:47] /a 5
[25/5/2022 14:4:56] /t
[25/5/2022 14:5:31] /t
[25/5/2022 14:12:25] /a 5
[25/5/2022 14:12:28] /a 5
[25/5/2022 14:12:28] /a 5
[25/5/2022 14:12:28] /a 5
[25/5/2022 14:12:29] /a 5
[25/5/2022 14:13:51] /up
[25/5/2022 14:15:37] /t
[25/5/2022 14:16:6] /t
[25/5/2022 14:16:10] /a 5
[25/5/2022 14:16:10] /a 5
[25/5/2022 14:16:10] /a 5
[25/5/2022 14:16:10] /a 5
[25/5/2022 14:16:10] /a 5
[25/5/2022 14:16:10] /a 5
[25/5/2022 14:16:11] /a 5
[25/5/2022 14:16:11] /a 5
[25/5/2022 14:16:11] /a 5
[25/5/2022 14:16:11] /a 5
[25/5/2022 14:16:11] /a 5
[25/5/2022 14:16:11] /a 5
[25/5/2022 14:16:11] /a 5
[25/5/2022 14:16:12] /a 5
[25/5/2022 14:16:12] /a 5
[25/5/2022 14:16:13] /down
[25/5/2022 14:16:14] /a 5
[25/5/2022 14:16:15] /a 5
[25/5/2022 14:16:15] /a 5
[25/5/2022 14:16:16] /a 5
[25/5/2022 14:16:16] /a 5
[25/5/2022 14:16:16] /a 5
[25/5/2022 14:16:16] /a 5
[25/5/2022 14:16:17] /a 5
[25/5/2022 14:16:17] /a 5
[25/5/2022 14:16:18] /a 5
[25/5/2022 14:16:18] /a 5
[25/5/2022 14:16:18] /a 5
[25/5/2022 14:16:18] /a 5
[25/5/2022 14:16:18] /a 5
[25/5/2022 14:16:19] /a 5
[25/5/2022 14:16:19] /a 5
[25/5/2022 14:16:19] /a 5
[25/5/2022 14:16:19] /a 5
[25/5/2022 14:16:19] /a 5
[25/5/2022 14:16:20] /a 5
[25/5/2022 14:16:20] /a 5
[25/5/2022 14:16:20] /a 5
[25/5/2022 14:16:21] /a 5
[25/5/2022 14:16:21] /a 5
[25/5/2022 14:16:21] /a 5
[25/5/2022 14:16:21] /a 5
[25/5/2022 14:16:22] /a 5
[25/5/2022 14:16:23] /a 5
[25/5/2022 14:16:53] /3
[25/5/2022 14:16:54] /3
[25/5/2022 14:16:55] /3
[25/5/2022 14:16:55] /3
[25/5/2022 14:16:56] /3
[25/5/2022 14:17:10] /imohtep 
[25/5/2022 14:17:12] /imohtep
[25/5/2022 14:17:13] /t
[25/5/2022 14:17:20] /imohtep Juniorscripts
[25/5/2022 14:17:34] /squelch 
[25/5/2022 14:17:38] /squelch 
[25/5/2022 14:19:6] /3 a
[25/5/2022 14:19:7] /3 2
[25/5/2022 14:19:8] /3 5
[25/5/2022 14:19:9] /t
[25/5/2022 14:21:21] /t
[27/5/2022 14:27:7] /t
[27/5/2022 14:27:8] /t 1
[27/5/2022 14:27:9] /t 2
[27/5/2022 14:28:16] /a 5
[27/5/2022 14:28:32] /a 5
[27/5/2022 14:28:36] /a 5
[27/5/2022 14:29:13] /a 5
[27/5/2022 14:29:54] /t
[27/5/2022 14:30:57] /t
[27/5/2022 14:31:7] !buyhouse
[27/5/2022 14:31:10] !buyhouse
[27/5/2022 14:32:16] /a 5
[27/5/2022 14:32:17] /a 5
[27/5/2022 14:32:18] /a 5
[27/5/2022 14:32:18] /a 5
[27/5/2022 14:32:18] /a 5
[27/5/2022 14:32:19] /a 5
[27/5/2022 14:32:19] /a 5
[27/5/2022 14:32:19] /a 5
[27/5/2022 14:32:19] /a 5
[27/5/2022 14:32:19] /a 5
[27/5/2022 14:32:19] /a 5
[27/5/2022 14:32:20] /a 5
[27/5/2022 14:32:21] /a 5
[27/5/2022 14:32:22] /a 5
[27/5/2022 14:32:47] /a 2
[27/5/2022 14:32:48] /up
[27/5/2022 14:33:0] /a 5
[27/5/2022 14:33:0] /a 5
[27/5/2022 14:33:0] /a 5
[27/5/2022 14:33:1] /a 5
[27/5/2022 14:33:1] /a 5
[27/5/2022 14:33:3] /a 5
[27/5/2022 14:33:3] /a 5
[27/5/2022 14:33:4] /a 5
[27/5/2022 14:33:4] /a 5
[27/5/2022 14:33:5] /a 5
[27/5/2022 14:33:5] /a 5
[27/5/2022 14:33:6] /a 5
[27/5/2022 14:33:6] /a 5
[27/5/2022 14:33:7] /a 5
[27/5/2022 14:33:7] /a 5
[27/5/2022 14:33:8] /a 5
[27/5/2022 14:33:8] /a 5
[27/5/2022 14:33:9] /a 5
[27/5/2022 14:33:9] /a 5
[27/5/2022 14:33:9] /a 5
[27/5/2022 14:33:49] /t
[27/5/2022 14:33:50] /a 5
[27/5/2022 14:34:3] /goto naji
[27/5/2022 14:34:7] /goto naji
[27/5/2022 14:34:9] /r
[27/5/2022 14:34:11] /r
[27/5/2022 14:34:13] /r
[27/5/2022 14:34:14] /goto naji
[27/5/2022 14:34:17] /r
[27/5/2022 14:34:18] /goto naji
[27/5/2022 14:34:26] /r
[27/5/2022 14:34:27] /goto naji
[27/5/2022 14:34:46] /goto naji
[27/5/2022 14:34:48] /r
[27/5/2022 14:34:50] /r
[27/5/2022 14:34:52] /r
[27/5/2022 14:34:54] /r
[27/5/2022 14:34:56] /goto naji
[27/5/2022 14:35:16] /goto naji
[27/5/2022 14:35:18] /r
[27/5/2022 14:35:19] /goto naji
[27/5/2022 14:36:18] /t
[27/5/2022 14:36:38] /goto naji
[27/5/2022 14:36:40] /r
[27/5/2022 14:36:42] /r
[27/5/2022 14:36:43] /goto naji
[27/5/2022 14:36:51] /goto naji
[27/5/2022 14:36:55] /r
[27/5/2022 14:36:56] /goto naji
[27/5/2022 14:37:1] /r
[27/5/2022 14:37:2] /goto naji
[27/5/2022 14:37:8] /r
[27/5/2022 14:37:9] /goto naji
[27/5/2022 14:37:13] /r
[27/5/2022 14:37:14] /r
[27/5/2022 14:37:14] /r
[27/5/2022 14:37:15] /goto naji
[27/5/2022 14:37:19] /r
[27/5/2022 14:37:24] /r
[27/5/2022 14:37:25] /goto naji
[27/5/2022 14:37:30] /r
[27/5/2022 14:37:31] /goto naji
[27/5/2022 14:37:35] /r
[27/5/2022 14:37:36] /r
[27/5/2022 14:37:39] /r
[27/5/2022 14:37:40] /goto naji
[27/5/2022 14:37:48] /r
[27/5/2022 14:37:51] /r
[27/5/2022 14:37:52] /goto naji
[27/5/2022 14:37:56] /r
[27/5/2022 14:37:57] /goto naji
[27/5/2022 14:37:59] /r
[27/5/2022 14:38:1] /r
[27/5/2022 14:38:3] /goto naji
[27/5/2022 14:38:8] /goto naji
[27/5/2022 14:38:11] /r
[27/5/2022 14:38:11] /goto naji
[27/5/2022 14:38:15] /r
[27/5/2022 14:38:17] /r
[27/5/2022 14:38:19] /r
[27/5/2022 14:38:20] /goto naji
[27/5/2022 14:38:23] /r
[27/5/2022 14:38:24] /goto naji
[27/5/2022 14:38:27] /r
[27/5/2022 14:38:28] /goto naji
[27/5/2022 14:38:30] /r
[27/5/2022 14:38:32] /r
[27/5/2022 14:38:33] /goto naji
[27/5/2022 14:38:40] /r
[27/5/2022 14:38:41] /r
[27/5/2022 14:38:43] /r
[27/5/2022 14:38:44] /goto naji
[27/5/2022 14:38:46] /r
[27/5/2022 14:38:48] /r
[27/5/2022 14:38:49] /goto naji
[27/5/2022 14:38:50] /goto naji
[27/5/2022 14:38:52] /t
[27/5/2022 14:38:54] /a 1-
[27/5/2022 14:38:55] /a 10
[27/5/2022 14:38:56] /a 10
[27/5/2022 14:38:56] /a 10
[27/5/2022 14:39:7] /s naji
[27/5/2022 21:10:26] !emotespells off
[27/5/2022 21:25:1] !aol
[27/5/2022 23:20:54] !buyhouse
[27/5/2022 23:21:32] !buyhouse
[28/5/2022 0:28:14] !buyhouse
[28/5/2022 0:28:17] !buyhouse
[28/5/2022 0:28:21] !buyhouse
[28/5/2022 0:28:23] !buyhouse
[28/5/2022 0:28:28] !buyhouse
[28/5/2022 0:28:34] !buyhouse
[28/5/2022 0:28:36] !buyhouse
[28/5/2022 1:13:37] !buyhouse
[28/5/2022 1:13:39] !buyhouse
[28/5/2022 1:13:47] !buyhouse
[28/5/2022 7:39:58] !uptime
[28/5/2022 15:26:6] !uptime
[30/5/2022 4:7:42] !uptime
[30/5/2022 4:11:7] !buyhouse
[30/5/2022 7:41:53] !uptime
[30/5/2022 9:53:35] !uptime
[30/5/2022 10:39:12] !uptime
[30/5/2022 12:40:58] !uptime
[30/5/2022 21:5:4] !aol
[31/5/2022 7:33:12] !uptime
[31/5/2022 9:55:36] aleta sio
[31/5/2022 9:55:40] aleta som
