[8/11/2023 0:4:22] !aol
[8/11/2023 3:33:25] !rank distance
[8/11/2023 3:33:28] !rank distance
[8/11/2023 9:38:59] !rank distance
[8/11/2023 11:43:23] !aol
[8/11/2023 12:1:27] !aol
[8/11/2023 12:33:15] !aol
[8/11/2023 12:37:57] !aol
[8/11/2023 13:41:53] !aol
[8/11/2023 13:54:36] !aol
[8/11/2023 13:59:38] !aol
[8/11/2023 15:3:38] !rank distance
[8/11/2023 15:10:25] !aol
[8/11/2023 15:11:4] !aol
[8/11/2023 15:12:35] !aol
[8/11/2023 15:14:53] !aol
[8/11/2023 15:14:56] !rank distance
[8/11/2023 15:16:46] !rank axe
[8/11/2023 15:26:47] !aol
[8/11/2023 15:27:20] !aol
[8/11/2023 16:18:22] !aol
[8/11/2023 18:5:9] !rank distance
[8/11/2023 18:5:20] !rank axe
[8/11/2023 19:8:36] !rank
[8/11/2023 19:8:43] !rank top
[8/11/2023 23:22:24] !rank distance
[9/11/2023 0:58:51] !rank distance
[9/11/2023 1:40:55] !aol
[9/11/2023 21:47:1] !rank distance
[12/11/2023 18:8:40] !rank distance
[12/11/2023 18:11:15] !rank
[12/11/2023 18:11:19] !rank level
[12/11/2023 18:11:31] !aol
