[24/2/2022 20:18:2] !aol
[25/2/2022 17:29:20] !aol
[25/2/2022 23:31:27] !aol
[27/2/2022 21:8:47] !aol
[27/2/2022 22:51:20] !aol
[28/2/2022 20:12:4] !addon summoner
[1/3/2022 21:9:47] !aol
[1/3/2022 21:37:14] !aol
[1/3/2022 21:45:13] !aol
[2/3/2022 23:4:54] !rank distance
[2/3/2022 23:9:44] !eject
[2/3/2022 23:9:56] !eject
[2/3/2022 23:9:58] !eject
[2/3/2022 23:10:15] !buyhouse
[2/3/2022 23:10:19] !buyhouse
[2/3/2022 23:10:22] !buyhouse
[2/3/2022 23:14:46] !addon brothehood
[2/3/2022 23:15:39] !addon barbarian
[2/3/2022 23:15:45] !addon barbarian
[3/3/2022 20:7:20] !aol
[3/3/2022 20:11:10] aleta som
[3/3/2022 20:14:47] !protecthouse off
[7/3/2022 21:42:46] !aol
[8/3/2022 19:50:53] !aol
[9/3/2022 19:8:54] !aol
[12/3/2022 10:50:9] !online
[12/3/2022 10:50:24] !rank distance
