[13/2/2022 2:8:17] !aol
[13/2/2022 2:9:42] !aol
[13/2/2022 2:29:46] !aol
[13/2/2022 2:31:20] !aol
[13/2/2022 3:6:4] !aol
[13/2/2022 7:2:15] !rank distance
[13/2/2022 12:14:1] !rank level
[13/2/2022 13:1:8] !rank distance
[13/2/2022 20:38:37] !aol
[14/2/2022 23:54:41] aleta sio
[14/2/2022 23:55:57] aleta som
[14/2/2022 23:55:59] aleta grav
[14/2/2022 23:56:1] aleta grav
[14/2/2022 23:56:16] aleta grav
[15/2/2022 8:20:8] !rank distance
[15/2/2022 14:32:1] !rank distance
[15/2/2022 14:32:20] !rank sword
[15/2/2022 14:32:33] !rank level
[16/2/2022 14:54:26] !aol
[16/2/2022 18:52:34] !rank distance
[17/2/2022 0:36:33] !aol
[17/2/2022 4:10:40] !aol
[17/2/2022 15:1:12] !aol
[17/2/2022 20:4:37] !aol
[17/2/2022 22:0:48] !frags
[18/2/2022 4:28:10] !rank distance
[18/2/2022 6:29:4] !rank sword
[18/2/2022 6:30:13] !rank distance
[18/2/2022 6:32:33] !addon
[18/2/2022 6:32:48] !addon barbarian
[18/2/2022 12:50:35] !frags
[19/2/2022 17:17:28] !aol
[20/2/2022 5:41:17] !rank distance
[20/2/2022 16:23:18] !aol
[20/2/2022 23:7:46] !aol
[20/2/2022 23:28:2] !emotespells
[20/2/2022 23:28:8] !emotespells on
[21/2/2022 11:55:56] !rank distance
[21/2/2022 18:29:19] !aol
[24/2/2022 2:45:4] !aol
[24/2/2022 3:58:26] !aol
[24/2/2022 11:37:13] !emotespells on
[24/2/2022 11:39:55] !serverinfo
[24/2/2022 17:54:41] !aol
[24/2/2022 21:45:24] !aol
[25/2/2022 13:16:1] !rank distance
[25/2/2022 13:51:56] !rank axe
[25/2/2022 14:44:22] !rank distance
[26/2/2022 5:8:2] !aol
[26/2/2022 16:0:11] !aol
[27/2/2022 5:12:43] !rank axe
[27/2/2022 11:12:1] !aol
[28/2/2022 8:19:25] !rank axe
[28/2/2022 14:0:49] !frags
[28/2/2022 17:15:34] !serverinfo
[28/2/2022 19:40:7] !addon assassin
[2/3/2022 9:22:17] !rank distance
[2/3/2022 18:0:7] !frags
[2/3/2022 21:45:13] !rank level
[4/3/2022 12:19:46] !rank axe
[7/3/2022 5:26:48] !online
[8/3/2022 20:1:17] !rank level
[10/3/2022 10:13:47] !online
[11/3/2022 1:32:8] !online
[11/3/2022 22:24:12] !online
[13/3/2022 21:58:49] !rank level
