[12/2/2022 19:10:12] !online
[12/2/2022 20:4:28] !online
[13/2/2022 10:50:19] !online
[13/2/2022 11:15:13] !online
[13/2/2022 12:26:24] !online
[14/2/2022 8:49:23] !online
[15/2/2022 18:31:51] !online
[16/2/2022 14:52:44] !online
[16/2/2022 15:19:38] !online
[16/2/2022 16:30:36] !online
[16/2/2022 20:21:47] !online
[16/2/2022 20:39:56] !online
[16/2/2022 22:8:24] !emotespells
[16/2/2022 22:8:30] !emotespells on
[16/2/2022 22:31:37] !online
[17/2/2022 21:2:8] !online
[17/2/2022 21:11:42] !online
[17/2/2022 22:18:31] !online
[17/2/2022 22:54:54] !frags
[17/2/2022 23:21:58] !online
[18/2/2022 16:31:0] !online
[19/2/2022 18:46:52] !online
[23/2/2022 21:46:26] !online
[23/2/2022 22:27:49] !online
[26/2/2022 11:22:10] !rank level
[26/2/2022 11:29:10] !rank level
[26/2/2022 11:53:47] !rank level
[26/2/2022 11:59:32] !rank level
[26/2/2022 12:4:49] !rank level
[26/2/2022 12:5:3] !rank level
[26/2/2022 23:28:41] !rank level
[28/2/2022 10:49:18] !rank level
[28/2/2022 14:2:53] !online
[28/2/2022 16:41:0] !online
[28/5/2022 11:50:45] !online
[28/5/2022 16:51:11] !online
[28/5/2022 17:4:37] !online
[28/5/2022 17:25:4] !online
[28/5/2022 18:6:4] !online
[28/5/2022 18:16:37] !online
[31/5/2022 11:55:0] !online
[31/5/2022 12:32:35] !online
[31/5/2022 13:45:56] !online
[1/6/2022 10:38:54] !online
[1/6/2022 11:21:27] !online
[1/6/2022 11:25:58] !online
[1/6/2022 12:12:16] !online
[1/6/2022 16:26:29] !online
[1/6/2022 19:31:34] !online
[1/6/2022 20:8:6] !online
[1/6/2022 20:31:32] !online
[1/6/2022 20:39:42] !online
[1/6/2022 21:20:8] !online
[1/6/2022 21:22:50] !online
[1/6/2022 21:24:34] !online
[1/6/2022 21:25:10] !online
[2/6/2022 10:6:59] !online
[2/6/2022 11:8:21] !online
[2/6/2022 16:37:50] !online
[2/6/2022 18:22:49] !online
[2/6/2022 18:29:27] !online
[2/6/2022 18:56:29] !rank level
[2/6/2022 19:14:18] !online
[2/6/2022 19:17:39] !aol
[2/6/2022 21:31:48] !online
[2/6/2022 21:48:45] !online
[2/6/2022 22:3:50] !online
[2/6/2022 22:8:55] !online
[2/6/2022 22:15:19] !online
[2/6/2022 22:21:31] !guildpoints
[2/6/2022 22:34:33] !online
[2/6/2022 23:21:45] !online
[2/6/2022 23:56:37] !online
[3/6/2022 0:12:37] !online
[3/6/2022 0:55:5] !online
[3/6/2022 2:6:48] !online
[3/6/2022 2:41:26] !online
[3/6/2022 3:37:44] !buyhouse
[3/6/2022 5:6:54] !online
[3/6/2022 5:14:5] !online
[3/6/2022 5:54:32] !online
[6/6/2022 15:34:50] !online
[7/6/2022 11:25:42] !aol
[7/6/2022 11:50:5] !online
[7/6/2022 20:20:39] !emotespells on
[7/6/2022 20:44:9] !emotespells on
[7/6/2022 21:24:19] !emotespells on
[7/6/2022 21:25:38] !emotespells on
[7/6/2022 21:36:2] !emotespells on
[7/6/2022 21:49:4] !emotespells on
[7/6/2022 21:56:14] !emotespells on
[7/6/2022 21:58:55] !emotespells on
[7/6/2022 22:1:43] !emotespells on
[7/6/2022 22:4:48] !emotespells on
[7/6/2022 22:7:41] !emotespells on
[7/6/2022 22:10:47] !emotespells on
[7/6/2022 22:13:47] !emotespells on
[7/6/2022 22:17:10] !emotespells on
[7/6/2022 22:21:31] !emotespells on
[7/6/2022 22:24:28] !emotespells on
[7/6/2022 22:27:33] !emotespells on
[7/6/2022 22:30:23] !emotespells on
[7/6/2022 22:31:46] !emotespells on
[7/6/2022 22:34:16] !emotespells on
[7/6/2022 22:36:55] !emotespells on
[7/6/2022 22:37:19] !emotespells on
[7/6/2022 22:39:14] !emotespells on
[7/6/2022 22:43:6] !emotespells on
[7/6/2022 22:46:6] !emotespells on
[7/6/2022 22:49:4] !emotespells on
[7/6/2022 22:51:56] !emotespells on
[7/6/2022 22:54:57] !emotespells on
[7/6/2022 22:57:43] !emotespells on
[7/6/2022 23:0:43] !emotespells on
[7/6/2022 23:3:18] !emotespells on
[7/6/2022 23:6:10] !emotespells on
[7/6/2022 23:9:49] !emotespells on
[7/6/2022 23:13:48] !emotespells on
[7/6/2022 23:17:7] !emotespells on
[7/6/2022 23:20:15] !emotespells on
[7/6/2022 23:23:9] !emotespells on
[7/6/2022 23:26:9] !emotespells on
[7/6/2022 23:29:10] !emotespells on
[7/6/2022 23:32:1] !emotespells on
[7/6/2022 23:35:1] !emotespells on
[7/6/2022 23:38:12] !emotespells on
[7/6/2022 23:42:5] !emotespells on
[7/6/2022 23:44:36] !emotespells on
[7/6/2022 23:47:34] !emotespells on
[7/6/2022 23:50:9] !emotespells on
[7/6/2022 23:52:55] !emotespells on
[7/6/2022 23:56:1] !emotespells on
[7/6/2022 23:58:24] !emotespells on
[8/6/2022 0:1:19] !emotespells on
[8/6/2022 0:4:11] !emotespells on
[8/6/2022 0:7:55] !emotespells on
[8/6/2022 0:12:0] !emotespells on
[8/6/2022 0:14:45] !emotespells on
[8/6/2022 0:17:49] !emotespells on
[8/6/2022 0:20:57] !emotespells on
[8/6/2022 0:23:43] !emotespells on
[8/6/2022 0:26:38] !emotespells on
[8/6/2022 0:29:21] !emotespells on
[8/6/2022 0:33:16] !emotespells on
[8/6/2022 0:37:44] !emotespells on
[8/6/2022 0:40:21] !emotespells on
[8/6/2022 0:43:15] !emotespells on
[8/6/2022 0:46:3] !emotespells on
[8/6/2022 0:48:48] !emotespells on
[8/6/2022 0:51:28] !emotespells on
[8/6/2022 0:54:35] !emotespells on
[8/6/2022 0:57:27] !emotespells on
[8/6/2022 1:1:22] !emotespells on
[8/6/2022 1:5:59] !emotespells on
[8/6/2022 1:8:38] !emotespells on
[8/6/2022 1:11:30] !emotespells on
[8/6/2022 1:14:35] !emotespells on
[8/6/2022 1:17:26] !emotespells on
[8/6/2022 1:20:18] !emotespells on
[8/6/2022 1:23:39] !emotespells on
[8/6/2022 1:27:56] !emotespells on
[8/6/2022 1:30:37] !emotespells on
[8/6/2022 1:33:40] !emotespells on
[8/6/2022 1:36:12] !emotespells on
[8/6/2022 1:38:59] !emotespells on
[8/6/2022 1:41:39] !emotespells on
[8/6/2022 1:44:12] !emotespells on
[8/6/2022 1:46:46] !emotespells on
[8/6/2022 1:50:5] !emotespells on
[8/6/2022 1:54:13] !emotespells on
[8/6/2022 1:56:33] !emotespells on
[8/6/2022 1:59:15] !emotespells on
[8/6/2022 2:1:46] !emotespells on
[8/6/2022 2:4:35] !emotespells on
[8/6/2022 2:7:27] !emotespells on
[8/6/2022 2:10:12] !emotespells on
[8/6/2022 2:12:52] !emotespells on
[8/6/2022 2:16:21] !emotespells on
[8/6/2022 2:20:36] !emotespells on
[8/6/2022 2:23:46] !emotespells on
[8/6/2022 2:26:15] !emotespells on
[8/6/2022 2:28:52] !emotespells on
[8/6/2022 2:31:35] !emotespells on
[8/6/2022 2:34:57] !emotespells on
[8/6/2022 2:38:39] !emotespells on
[8/6/2022 2:41:0] !emotespells on
[8/6/2022 2:43:51] !emotespells on
[8/6/2022 2:46:37] !emotespells on
[8/6/2022 2:49:12] !emotespells on
[8/6/2022 2:52:7] !emotespells on
[8/6/2022 2:54:27] !emotespells on
[8/6/2022 2:56:52] !emotespells on
[8/6/2022 2:59:35] !emotespells on
[8/6/2022 3:2:58] !emotespells on
[8/6/2022 3:7:23] !emotespells on
[8/6/2022 3:9:41] !emotespells on
[8/6/2022 3:14:1] !emotespells on
[8/6/2022 3:16:39] !emotespells on
[8/6/2022 3:19:36] !emotespells on
[8/6/2022 3:22:4] !emotespells on
[8/6/2022 3:24:51] !emotespells on
[8/6/2022 3:27:20] !emotespells on
[8/6/2022 3:30:8] !emotespells on
[8/6/2022 3:32:52] !emotespells on
[8/6/2022 3:35:26] !emotespells on
[8/6/2022 3:38:46] !emotespells on
[8/6/2022 3:42:54] !emotespells on
[8/6/2022 3:45:44] !emotespells on
[8/6/2022 3:48:6] !emotespells on
[8/6/2022 3:50:43] !emotespells on
[8/6/2022 3:53:45] !emotespells on
[8/6/2022 3:56:44] !emotespells on
[8/6/2022 3:59:9] !emotespells on
[8/6/2022 4:2:7] !emotespells on
[8/6/2022 4:5:21] !emotespells on
[8/6/2022 4:9:9] !emotespells on
[8/6/2022 4:12:15] !emotespells on
[8/6/2022 4:14:47] !emotespells on
[8/6/2022 4:17:36] !emotespells on
[8/6/2022 4:22:53] !emotespells on
[8/6/2022 4:25:17] !emotespells on
[8/6/2022 4:28:7] !emotespells on
[8/6/2022 4:30:30] !emotespells on
[8/6/2022 4:33:38] !emotespells on
[8/6/2022 4:37:27] !emotespells on
[8/6/2022 4:39:43] !emotespells on
[8/6/2022 4:42:27] !emotespells on
[8/6/2022 4:45:1] !emotespells on
[8/6/2022 4:47:22] !emotespells on
[8/6/2022 4:49:39] !emotespells on
[8/6/2022 4:53:58] !emotespells on
[8/6/2022 4:56:49] !emotespells on
[8/6/2022 4:59:37] !emotespells on
[8/6/2022 5:4:16] !emotespells on
[8/6/2022 5:6:56] !emotespells on
[8/6/2022 5:9:29] !emotespells on
[8/6/2022 5:12:9] !emotespells on
[8/6/2022 5:15:4] !emotespells on
[8/6/2022 5:17:36] !emotespells on
[8/6/2022 5:20:57] !emotespells on
[8/6/2022 5:25:2] !emotespells on
[8/6/2022 5:27:44] !emotespells on
[8/6/2022 5:30:29] !emotespells on
[8/6/2022 5:33:10] !emotespells on
[8/6/2022 5:36:0] !emotespells on
[8/6/2022 5:39:20] !emotespells on
[8/6/2022 5:43:13] !emotespells on
[8/6/2022 5:45:53] !emotespells on
[8/6/2022 5:48:17] !emotespells on
[8/6/2022 5:50:46] !emotespells on
[8/6/2022 5:53:31] !emotespells on
[8/6/2022 5:56:9] !emotespells on
[8/6/2022 5:59:10] !emotespells on
[8/6/2022 6:1:59] !emotespells on
[8/6/2022 6:4:36] !emotespells on
[8/6/2022 6:7:56] !emotespells on
[8/6/2022 6:11:54] !emotespells on
[8/6/2022 6:14:18] !emotespells on
[8/6/2022 6:17:20] !emotespells on
[8/6/2022 6:19:55] !emotespells on
[8/6/2022 6:22:49] !emotespells on
[8/6/2022 6:25:34] !emotespells on
[8/6/2022 6:28:18] !emotespells on
[8/6/2022 6:31:5] !emotespells on
[8/6/2022 6:34:15] !emotespells on
[8/6/2022 6:38:6] !emotespells on
[8/6/2022 6:40:30] !emotespells on
[8/6/2022 6:43:4] !emotespells on
[8/6/2022 6:45:29] !emotespells on
[8/6/2022 6:48:22] !emotespells on
[8/6/2022 6:51:2] !emotespells on
[8/6/2022 6:53:38] !emotespells on
[8/6/2022 6:56:10] !emotespells on
[8/6/2022 6:58:46] !emotespells on
[8/6/2022 7:1:59] !emotespells on
[8/6/2022 7:5:50] !emotespells on
[8/6/2022 7:8:54] !emotespells on
[8/6/2022 7:11:37] !emotespells on
[8/6/2022 7:14:31] !emotespells on
[8/6/2022 7:17:11] !emotespells on
[8/6/2022 7:19:42] !emotespells on
[8/6/2022 7:22:31] !emotespells on
[8/6/2022 7:25:33] !emotespells on
[8/6/2022 7:29:25] !emotespells on
[8/6/2022 7:31:43] !emotespells on
[8/6/2022 7:34:18] !emotespells on
[8/6/2022 7:36:54] !emotespells on
[8/6/2022 7:39:32] !emotespells on
[8/6/2022 7:42:14] !emotespells on
[8/6/2022 7:44:53] !emotespells on
[8/6/2022 7:47:12] !emotespells on
[8/6/2022 7:49:48] !emotespells on
[8/6/2022 7:52:49] !emotespells on
[8/6/2022 7:55:42] !emotespells on
[8/6/2022 7:59:27] !emotespells on
[8/6/2022 8:1:41] !emotespells on
[8/6/2022 8:4:20] !emotespells on
[8/6/2022 8:6:53] !emotespells on
[8/6/2022 8:9:39] !emotespells on
[8/6/2022 8:12:3] !emotespells on
[8/6/2022 8:13:32] !emotespells on
[8/6/2022 8:15:47] !emotespells on
[8/6/2022 8:18:5] !emotespells on
[8/6/2022 8:20:44] !emotespells on
[8/6/2022 8:23:42] !emotespells on
[8/6/2022 8:27:52] !emotespells on
[8/6/2022 8:30:29] !emotespells on
[8/6/2022 8:33:23] !emotespells on
[8/6/2022 8:36:10] !emotespells on
[8/6/2022 8:39:5] !emotespells on
[8/6/2022 8:41:42] !emotespells on
[8/6/2022 8:44:18] !emotespells on
[8/6/2022 8:47:15] !emotespells on
[8/6/2022 8:49:32] !emotespells on
[8/6/2022 8:52:41] !emotespells on
[8/6/2022 8:56:47] !emotespells on
[8/6/2022 8:59:17] !emotespells on
[8/6/2022 9:1:53] !emotespells on
[8/6/2022 9:4:9] !emotespells on
[8/6/2022 9:6:49] !emotespells on
[8/6/2022 9:9:27] !emotespells on
[8/6/2022 9:12:7] !emotespells on
[8/6/2022 9:14:42] !emotespells on
[8/6/2022 9:17:33] !emotespells on
[8/6/2022 9:21:27] !emotespells on
[8/6/2022 9:24:0] !emotespells on
[8/6/2022 9:26:45] !emotespells on
[8/6/2022 9:29:4] !emotespells on
[8/6/2022 9:31:45] !emotespells on
[8/6/2022 9:34:45] !emotespells on
[8/6/2022 9:37:16] !emotespells on
[8/6/2022 9:39:49] !emotespells on
[8/6/2022 9:42:18] !emotespells on
[8/6/2022 9:45:28] !emotespells on
[8/6/2022 9:48:50] !emotespells on
[8/6/2022 9:51:3] !emotespells on
[8/6/2022 9:53:51] !emotespells on
[8/6/2022 9:56:35] !emotespells on
[8/6/2022 9:58:55] !emotespells on
[8/6/2022 10:1:33] !emotespells on
[8/6/2022 10:4:11] !emotespells on
[8/6/2022 10:6:41] !emotespells on
[8/6/2022 10:10:5] !emotespells on
[8/6/2022 10:13:48] !emotespells on
[8/6/2022 10:16:27] !emotespells on
[8/6/2022 10:19:9] !emotespells on
[8/6/2022 10:21:20] !emotespells on
[8/6/2022 10:23:57] !emotespells on
[8/6/2022 10:26:45] !emotespells on
[8/6/2022 10:29:24] !emotespells on
[8/6/2022 10:32:31] !emotespells on
[8/6/2022 10:36:7] !emotespells on
[8/6/2022 10:38:35] !emotespells on
[8/6/2022 10:41:7] !emotespells on
[8/6/2022 10:43:46] !emotespells on
[8/6/2022 10:46:21] !emotespells on
[8/6/2022 10:49:0] !emotespells on
[8/6/2022 10:51:41] !emotespells on
[8/6/2022 10:54:5] !emotespells on
[8/6/2022 10:56:27] !emotespells on
[8/6/2022 11:2:17] !emotespells on
[8/6/2022 11:5:39] !emotespells on
[8/6/2022 11:6:42] !emotespells on
[8/6/2022 11:8:58] !emotespells on
[8/6/2022 11:11:22] !emotespells on
[8/6/2022 11:13:49] !emotespells on
[8/6/2022 11:16:24] !emotespells on
[8/6/2022 11:18:48] !emotespells on
[8/6/2022 11:21:13] !emotespells on
[8/6/2022 11:23:45] !emotespells on
[8/6/2022 11:26:51] !emotespells on
[8/6/2022 11:30:34] !emotespells on
[8/6/2022 11:32:45] !emotespells on
[8/6/2022 11:39:32] !emotespells on
[8/6/2022 11:44:46] !emotespells on
[8/6/2022 11:47:13] !emotespells on
[8/6/2022 11:50:5] !emotespells on
[8/6/2022 11:52:11] !emotespells on
[8/6/2022 12:7:12] !addon mage
[8/6/2022 12:10:25] !addon
[8/6/2022 12:11:56] !addon 
[8/6/2022 12:12:2] !addon mage
[8/6/2022 12:12:33] !addon mage
[8/6/2022 12:12:45] !addon demon
[8/6/2022 12:27:54] !emotespells on
[8/6/2022 12:30:20] !emotespells on
[8/6/2022 12:32:37] !emotespells on
[8/6/2022 12:35:17] !emotespells on
[8/6/2022 12:37:44] !emotespells on
[8/6/2022 12:40:16] !emotespells on
[8/6/2022 12:42:35] !emotespells on
[8/6/2022 12:44:59] !emotespells on
[8/6/2022 12:47:24] !emotespells on
[8/6/2022 12:50:12] !emotespells on
[8/6/2022 12:53:8] !emotespells on
[8/6/2022 12:56:12] !emotespells on
[8/6/2022 12:58:37] !emotespells on
[8/6/2022 12:59:0] !emotespells on
[8/6/2022 13:3:3] !emotespells on
[8/6/2022 13:5:0] !emotespells on
[8/6/2022 13:7:41] !emotespells on
[8/6/2022 13:10:11] !emotespells on
[8/6/2022 13:12:36] !emotespells on
[8/6/2022 13:15:10] !emotespells on
[8/6/2022 13:17:41] !emotespells on
[8/6/2022 13:20:17] !emotespells on
[8/6/2022 13:23:29] !emotespells on
[8/6/2022 13:27:14] !emotespells on
[8/6/2022 13:28:43] !emotespells on
[8/6/2022 13:31:7] !emotespells on
[8/6/2022 13:33:45] !emotespells on
[8/6/2022 13:36:11] !emotespells on
[8/6/2022 13:38:55] !emotespells on
[8/6/2022 13:41:13] !emotespells on
[8/6/2022 13:43:28] !emotespells on
[8/6/2022 13:44:51] !emotespells on
[8/6/2022 13:47:28] !emotespells on
[8/6/2022 13:51:27] !emotespells on
[8/6/2022 13:54:23] !emotespells on
[8/6/2022 13:56:55] !emotespells on
[8/6/2022 13:59:26] !emotespells on
[8/6/2022 14:1:44] !emotespells on
[8/6/2022 14:4:29] !emotespells on
[8/6/2022 14:6:57] !emotespells on
[8/6/2022 14:9:57] !emotespells on
[8/6/2022 14:13:55] !emotespells on
[8/6/2022 14:15:38] !emotespells on
[8/6/2022 14:18:2] !emotespells on
[8/6/2022 14:20:47] !emotespells on
[8/6/2022 14:23:29] !emotespells on
[8/6/2022 14:26:2] !emotespells on
[8/6/2022 14:28:27] !emotespells on
[8/6/2022 14:30:58] !emotespells on
[8/6/2022 14:34:15] !emotespells on
[8/6/2022 14:37:46] !emotespells on
[8/6/2022 14:40:33] !emotespells on
[8/6/2022 14:43:6] !emotespells on
[8/6/2022 14:45:49] !emotespells on
[8/6/2022 14:48:26] !emotespells on
[8/6/2022 14:51:8] !emotespells on
[8/6/2022 14:56:1] !emotespells on
[8/6/2022 14:59:9] !emotespells on
[8/6/2022 15:3:0] !emotespells on
[8/6/2022 15:5:19] !emotespells on
[8/6/2022 15:7:34] !emotespells on
[8/6/2022 15:9:0] !emotespells on
[8/6/2022 15:11:19] !emotespells on
[8/6/2022 15:13:52] !emotespells on
[8/6/2022 15:16:2] !emotespells on
[8/6/2022 15:18:41] !emotespells on
[8/6/2022 15:21:10] !emotespells on
[8/6/2022 15:23:43] !emotespells on
[8/6/2022 15:27:4] !emotespells on
[8/6/2022 15:30:59] !emotespells on
[8/6/2022 15:33:32] !emotespells on
[8/6/2022 15:36:4] !emotespells on
[8/6/2022 15:38:42] !emotespells on
[8/6/2022 15:41:13] !emotespells on
[8/6/2022 15:43:48] !emotespells on
[8/6/2022 15:46:24] !emotespells on
[8/6/2022 15:48:11] !emotespells on
[8/6/2022 15:49:50] !emotespells on
[8/6/2022 15:51:37] !emotespells on
[8/6/2022 15:53:52] !emotespells on
[8/6/2022 15:57:37] !emotespells on
[8/6/2022 16:0:9] !emotespells on
[8/6/2022 16:2:49] !emotespells on
[8/6/2022 16:5:15] !emotespells on
[8/6/2022 16:7:13] !emotespells on
[8/6/2022 16:9:46] !emotespells on
[8/6/2022 16:12:21] !emotespells on
[8/6/2022 16:14:38] !emotespells on
[8/6/2022 16:16:48] !emotespells on
[8/6/2022 16:20:28] !emotespells on
[8/6/2022 16:23:4] !emotespells on
[8/6/2022 16:25:51] !emotespells on
[8/6/2022 16:28:12] !emotespells on
[8/6/2022 16:29:29] !emotespells on
[8/6/2022 16:31:36] !emotespells on
[8/6/2022 16:33:7] !emotespells on
[8/6/2022 16:35:16] !emotespells on
[8/6/2022 16:37:45] !emotespells on
[8/6/2022 16:40:10] !emotespells on
[8/6/2022 16:43:47] !emotespells on
[8/6/2022 16:47:25] !emotespells on
[8/6/2022 16:49:2] !emotespells on
[8/6/2022 16:50:46] !emotespells on
[8/6/2022 16:52:33] !emotespells on
[8/6/2022 16:54:16] !emotespells on
[8/6/2022 16:56:9] !emotespells on
[8/6/2022 16:57:45] !emotespells on
[8/6/2022 17:0:10] !emotespells on
[8/6/2022 17:2:41] !emotespells on
[8/6/2022 17:5:23] !emotespells on
[8/6/2022 17:7:29] !emotespells on
[8/6/2022 17:9:37] !emotespells on
[8/6/2022 17:11:54] !emotespells on
[8/6/2022 17:15:14] !emotespells on
[8/6/2022 17:17:46] !emotespells on
[8/6/2022 17:20:15] !emotespells on
[8/6/2022 17:22:50] !emotespells on
[8/6/2022 17:24:57] !emotespells on
[8/6/2022 17:26:30] !emotespells on
[8/6/2022 17:28:56] !emotespells on
[8/6/2022 17:31:28] !emotespells on
[8/6/2022 17:33:57] !emotespells on
[8/6/2022 17:37:10] !emotespells on
[8/6/2022 17:40:46] !emotespells on
[8/6/2022 17:43:12] !emotespells on
[8/6/2022 17:45:41] !emotespells on
[8/6/2022 17:48:4] !emotespells on
[8/6/2022 17:50:32] !emotespells on
[8/6/2022 17:53:2] !emotespells on
[8/6/2022 17:55:32] !emotespells on
[8/6/2022 17:57:58] !emotespells on
[8/6/2022 18:0:31] !emotespells on
[8/6/2022 18:3:32] !emotespells on
[8/6/2022 18:7:23] !emotespells on
[8/6/2022 18:8:52] !emotespells on
[8/6/2022 18:11:3] !emotespells on
[8/6/2022 18:13:35] !emotespells on
[8/6/2022 18:16:3] !emotespells on
[8/6/2022 18:18:31] !emotespells on
[8/6/2022 18:20:57] !emotespells on
[8/6/2022 18:23:37] !emotespells on
[8/6/2022 18:26:15] !emotespells on
[8/6/2022 18:29:12] !emotespells on
[8/6/2022 18:32:52] !emotespells on
[8/6/2022 18:35:17] !emotespells on
[8/6/2022 18:37:56] !emotespells on
[8/6/2022 18:40:0] !emotespells on
[8/6/2022 18:42:38] !emotespells on
[8/6/2022 18:45:6] !emotespells on
[8/6/2022 18:47:31] !emotespells on
[8/6/2022 18:50:8] !emotespells on
[8/6/2022 18:53:9] !emotespells on
[8/6/2022 18:56:55] !emotespells on
[8/6/2022 18:58:48] !emotespells on
[8/6/2022 19:0:37] !emotespells on
[8/6/2022 19:2:32] !emotespells on
[8/6/2022 19:4:18] !emotespells on
[8/6/2022 19:6:16] !emotespells on
[8/6/2022 19:8:31] !emotespells on
[8/6/2022 19:9:49] !emotespells on
[8/6/2022 19:12:2] !emotespells on
[8/6/2022 19:13:48] !emotespells on
[8/6/2022 19:15:47] !emotespells on
[8/6/2022 19:18:5] !emotespells on
[8/6/2022 19:20:25] !emotespells on
[8/6/2022 19:27:0] !emotespells on
[8/6/2022 19:30:42] !emotespells on
[8/6/2022 19:33:13] !emotespells on
[8/6/2022 19:35:42] !emotespells on
[8/6/2022 19:38:2] !emotespells on
[8/6/2022 19:40:32] !emotespells on
[8/6/2022 19:43:13] !emotespells on
[8/6/2022 19:45:35] !emotespells on
[8/6/2022 19:48:14] !emotespells on
[8/6/2022 19:52:35] !emotespells on
[8/6/2022 19:55:16] !emotespells on
[8/6/2022 19:57:57] !emotespells on
[8/6/2022 20:0:31] !emotespells on
[8/6/2022 20:3:0] !emotespells on
[8/6/2022 20:5:36] !emotespells on
[8/6/2022 20:8:7] !emotespells on
[8/6/2022 20:10:52] !emotespells on
[8/6/2022 20:14:14] !emotespells on
[8/6/2022 20:16:51] !emotespells on
[8/6/2022 20:19:32] !emotespells on
[8/6/2022 20:21:39] !emotespells on
[8/6/2022 20:23:58] !emotespells on
[8/6/2022 20:25:2] !emotespells on
[8/6/2022 20:27:28] !emotespells on
[8/6/2022 20:29:9] !emotespells on
[8/6/2022 20:30:52] !emotespells on
[8/6/2022 20:33:12] !emotespells on
[8/6/2022 20:36:12] !emotespells on
[8/6/2022 20:39:49] !emotespells on
[8/6/2022 20:42:27] !emotespells on
[8/6/2022 20:48:47] !online
[8/6/2022 21:14:0] !emotespells on
[8/6/2022 21:17:41] !emotespells on
[8/6/2022 21:20:15] !emotespells on
[8/6/2022 21:22:53] !emotespells on
[8/6/2022 21:25:13] !emotespells on
[8/6/2022 21:27:51] !emotespells on
[8/6/2022 21:30:25] !emotespells on
[8/6/2022 21:32:45] !emotespells on
[8/6/2022 21:35:32] !emotespells on
[8/6/2022 21:38:32] !emotespells on
[8/6/2022 21:42:25] !emotespells on
[8/6/2022 21:44:55] !emotespells on
[8/6/2022 21:47:40] !emotespells on
[8/6/2022 21:49:58] !emotespells on
[8/6/2022 21:52:27] !emotespells on
[8/6/2022 21:54:57] !emotespells on
[8/6/2022 21:57:8] !emotespells on
[8/6/2022 21:59:42] !emotespells on
[8/6/2022 22:2:35] !emotespells on
[8/6/2022 22:5:44] !emotespells on
[8/6/2022 22:9:37] !emotespells on
[8/6/2022 22:12:9] !emotespells on
[8/6/2022 22:14:40] !emotespells on
[8/6/2022 22:17:33] !emotespells on
[8/6/2022 22:20:1] !emotespells on
[8/6/2022 22:22:39] !emotespells on
[8/6/2022 22:24:42] !emotespells on
[8/6/2022 22:27:10] !emotespells on
[8/6/2022 22:30:0] !emotespells on
[8/6/2022 22:59:47] !buyhouse
[8/6/2022 23:19:12] !emotespells on
[8/6/2022 23:21:21] !emotespells on
[8/6/2022 23:21:45] !online
[8/6/2022 23:44:41] !online
[9/6/2022 0:9:37] !online
[9/6/2022 1:24:43] !emotespells on
[9/6/2022 1:27:40] !emotespells on
[9/6/2022 1:28:57] !emotespells on
[9/6/2022 1:31:15] !emotespells on
[9/6/2022 1:33:44] !emotespells on
[9/6/2022 1:35:46] !emotespells on
[9/6/2022 1:37:9] !emotespells on
[9/6/2022 1:39:40] !emotespells on
[9/6/2022 1:41:42] !emotespells on
[9/6/2022 1:44:0] !emotespells on
[9/6/2022 1:45:31] !emotespells on
[9/6/2022 1:47:55] !emotespells on
[9/6/2022 1:51:27] !emotespells on
[9/6/2022 1:54:13] !emotespells on
[9/6/2022 1:56:36] !emotespells on
[9/6/2022 1:58:48] !emotespells on
[9/6/2022 2:0:19] !emotespells on
[9/6/2022 2:2:35] !emotespells on
[9/6/2022 2:5:10] !emotespells on
[9/6/2022 2:7:28] !emotespells on
[9/6/2022 2:10:33] !emotespells on
[9/6/2022 2:14:16] !emotespells on
[9/6/2022 2:16:37] !emotespells on
[9/6/2022 2:18:46] !emotespells on
[9/6/2022 2:21:15] !emotespells on
[9/6/2022 2:23:48] !emotespells on
[9/6/2022 2:26:21] !emotespells on
[9/6/2022 2:28:48] !emotespells on
[9/6/2022 2:32:0] !emotespells on
[9/6/2022 2:35:20] !emotespells on
[9/6/2022 2:37:47] !emotespells on
[9/6/2022 2:40:11] !emotespells on
[9/6/2022 2:43:8] !emotespells on
[9/6/2022 2:45:29] !emotespells on
[9/6/2022 2:47:42] !emotespells on
[9/6/2022 2:50:4] !emotespells on
[9/6/2022 2:53:2] !emotespells on
[9/6/2022 2:56:18] !emotespells on
[9/6/2022 3:0:4] !emotespells on
[9/6/2022 3:2:4] !emotespells on
[9/6/2022 3:3:31] !emotespells on
[9/6/2022 3:5:43] !emotespells on
[9/6/2022 3:7:34] !emotespells on
[9/6/2022 3:9:9] !emotespells on
[9/6/2022 3:11:25] !emotespells on
[9/6/2022 3:14:31] !emotespells on
[9/6/2022 3:16:12] !emotespells on
[9/6/2022 3:19:37] !emotespells on
[9/6/2022 3:21:11] !emotespells on
[9/6/2022 3:23:18] !emotespells on
[9/6/2022 3:24:38] !emotespells on
[9/6/2022 3:26:49] !emotespells on
[9/6/2022 3:29:11] !emotespells on
[9/6/2022 3:30:58] !emotespells on
[9/6/2022 3:32:36] !emotespells on
[9/6/2022 3:34:25] !emotespells on
[9/6/2022 3:36:6] !emotespells on
[9/6/2022 3:37:59] !emotespells on
[9/6/2022 3:39:51] !emotespells on
[9/6/2022 3:42:16] !emotespells on
[9/6/2022 3:45:50] !emotespells on
[9/6/2022 3:47:22] !emotespells on
[9/6/2022 3:49:18] !emotespells on
[9/6/2022 3:50:52] !emotespells on
[9/6/2022 3:52:43] !emotespells on
[9/6/2022 3:54:22] !emotespells on
[9/6/2022 3:56:18] !emotespells on
[9/6/2022 3:58:26] !emotespells on
[9/6/2022 4:0:53] !emotespells on
[9/6/2022 4:3:16] !emotespells on
[9/6/2022 4:6:12] !emotespells on
[9/6/2022 4:9:46] !emotespells on
[9/6/2022 4:11:23] !emotespells on
[9/6/2022 4:13:9] !emotespells on
[9/6/2022 4:15:17] !emotespells on
[9/6/2022 4:16:53] !emotespells on
[9/6/2022 4:18:45] !emotespells on
[9/6/2022 4:21:11] !emotespells on
[9/6/2022 4:23:46] !emotespells on
[9/6/2022 4:26:7] !emotespells on
[9/6/2022 4:29:6] !emotespells on
[9/6/2022 4:32:24] !emotespells on
[9/6/2022 4:33:51] !emotespells on
[9/6/2022 4:36:15] !emotespells on
[9/6/2022 4:38:26] !emotespells on
[9/6/2022 4:40:0] !emotespells on
[9/6/2022 4:42:1] !emotespells on
[9/6/2022 4:43:28] !emotespells on
[9/6/2022 4:45:29] !emotespells on
[9/6/2022 4:46:55] !emotespells on
[9/6/2022 4:48:37] !emotespells on
[9/6/2022 4:50:35] !emotespells on
[9/6/2022 4:51:53] !emotespells on
[9/6/2022 4:54:26] !emotespells on
[9/6/2022 4:57:52] !emotespells on
[9/6/2022 5:3:29] !emotespells on
[9/6/2022 5:5:59] !emotespells on
[9/6/2022 5:7:46] !emotespells on
[9/6/2022 5:9:28] !emotespells on
[9/6/2022 5:11:9] !emotespells on
[9/6/2022 5:12:51] !emotespells on
[9/6/2022 5:14:33] !emotespells on
[9/6/2022 5:16:22] !emotespells on
[9/6/2022 5:17:53] !emotespells on
[9/6/2022 5:24:5] !emotespells on
[9/6/2022 5:26:29] !emotespells on
[9/6/2022 5:28:52] !emotespells on
[9/6/2022 5:31:19] !emotespells on
[9/6/2022 5:33:35] !emotespells on
[9/6/2022 5:35:57] !emotespells on
[9/6/2022 5:38:14] !emotespells on
[9/6/2022 5:41:9] !emotespells on
[9/6/2022 5:44:32] !emotespells on
[9/6/2022 5:45:46] !emotespells on
[9/6/2022 5:48:10] !emotespells on
[9/6/2022 5:49:11] !emotespells on
[9/6/2022 5:51:14] !emotespells on
[9/6/2022 5:53:46] !emotespells on
[9/6/2022 5:55:12] !emotespells on
[9/6/2022 5:59:43] !emotespells on
[9/6/2022 6:2:9] !emotespells on
[9/6/2022 6:5:4] !emotespells on
[9/6/2022 6:8:34] !emotespells on
[9/6/2022 6:11:6] !emotespells on
[9/6/2022 6:13:30] !emotespells on
[9/6/2022 6:15:7] !emotespells on
[9/6/2022 6:16:52] !emotespells on
[9/6/2022 6:19:3] !emotespells on
[9/6/2022 6:21:31] !emotespells on
[9/6/2022 6:23:36] !emotespells on
[9/6/2022 6:24:47] !emotespells on
[9/6/2022 6:27:30] !emotespells on
[9/6/2022 6:30:53] !emotespells on
[9/6/2022 6:33:5] !emotespells on
[9/6/2022 6:34:23] !emotespells on
[9/6/2022 6:36:51] !emotespells on
[9/6/2022 6:39:17] !emotespells on
[9/6/2022 6:41:21] !emotespells on
[9/6/2022 6:43:17] !emotespells on
[9/6/2022 6:44:57] !emotespells on
[9/6/2022 6:47:20] !emotespells on
[9/6/2022 6:49:41] !emotespells on
[9/6/2022 6:50:52] !emotespells on
[9/6/2022 6:53:35] !emotespells on
[9/6/2022 6:57:5] !emotespells on
[9/6/2022 6:59:30] !emotespells on
[9/6/2022 7:1:57] !emotespells on
[9/6/2022 7:4:15] !emotespells on
[9/6/2022 7:6:34] !emotespells on
[9/6/2022 7:8:53] !emotespells on
[9/6/2022 7:10:55] !emotespells on
[9/6/2022 7:12:20] !emotespells on
[9/6/2022 7:14:45] !emotespells on
[9/6/2022 7:18:26] !emotespells on
[9/6/2022 7:20:46] !emotespells on
[9/6/2022 7:23:6] !emotespells on
[9/6/2022 7:24:59] !emotespells on
[9/6/2022 7:26:40] !emotespells on
[9/6/2022 7:28:49] !emotespells on
[9/6/2022 7:30:49] !emotespells on
[9/6/2022 7:32:15] !emotespells on
[9/6/2022 7:34:10] !emotespells on
[9/6/2022 7:35:41] !emotespells on
[9/6/2022 7:38:7] !emotespells on
[9/6/2022 7:42:0] !emotespells on
[9/6/2022 7:44:23] !emotespells on
[9/6/2022 7:46:49] !emotespells on
[9/6/2022 7:49:2] !emotespells on
[9/6/2022 7:51:36] !emotespells on
[9/6/2022 7:54:5] !emotespells on
[9/6/2022 7:56:16] !emotespells on
[9/6/2022 7:59:12] !emotespells on
[9/6/2022 8:2:29] !emotespells on
[9/6/2022 8:3:35] !emotespells on
[9/6/2022 8:5:44] !emotespells on
[9/6/2022 8:7:48] !emotespells on
[9/6/2022 8:9:7] !emotespells on
[9/6/2022 8:11:28] !emotespells on
[9/6/2022 8:13:46] !emotespells on
[9/6/2022 8:16:18] !emotespells on
[9/6/2022 8:18:40] !emotespells on
[9/6/2022 8:20:52] !emotespells on
[9/6/2022 8:23:55] !emotespells on
[9/6/2022 8:27:31] !emotespells on
[9/6/2022 8:30:2] !emotespells on
[9/6/2022 8:32:17] !emotespells on
[9/6/2022 8:34:49] !emotespells on
[9/6/2022 8:37:19] !emotespells on
[9/6/2022 8:39:29] !emotespells on
[9/6/2022 8:42:9] !emotespells on
[9/6/2022 8:44:28] !online
[9/6/2022 8:45:55] !emotespells on
[9/6/2022 8:48:18] !emotespells on
[9/6/2022 8:50:35] !emotespells on
[9/6/2022 8:53:7] !emotespells on
[9/6/2022 8:55:52] !emotespells on
[9/6/2022 8:58:13] !emotespells on
[9/6/2022 9:0:43] !emotespells on
[9/6/2022 9:3:22] !emotespells on
[9/6/2022 9:6:53] !emotespells on
[9/6/2022 9:10:27] !emotespells on
[9/6/2022 9:12:8] !emotespells on
[9/6/2022 9:13:59] !emotespells on
[9/6/2022 9:15:39] !emotespells on
[9/6/2022 9:17:29] !emotespells on
[9/6/2022 9:19:6] !emotespells on
[9/6/2022 9:21:4] !emotespells on
[9/6/2022 9:22:53] !emotespells on
[9/6/2022 9:24:29] !emotespells on
[9/6/2022 9:27:38] !emotespells on
[9/6/2022 9:31:12] !emotespells on
[9/6/2022 9:33:35] !emotespells on
[9/6/2022 9:36:7] !emotespells on
[9/6/2022 9:38:45] !emotespells on
[9/6/2022 9:41:4] !emotespells on
[9/6/2022 9:43:38] !emotespells on
[9/6/2022 9:46:0] !emotespells on
[9/6/2022 9:48:57] !emotespells on
[9/6/2022 9:52:21] !emotespells on
[9/6/2022 9:53:40] !emotespells on
[9/6/2022 9:55:57] !emotespells on
[9/6/2022 9:58:24] !emotespells on
[9/6/2022 10:1:0] !emotespells on
[9/6/2022 10:40:55] !emotespells on
[9/6/2022 10:43:50] !emotespells on
[9/6/2022 10:45:15] !emotespells on
[9/6/2022 10:47:10] !emotespells on
[9/6/2022 10:48:26] !emotespells on
[9/6/2022 10:50:37] !emotespells on
[9/6/2022 10:52:21] !emotespells on
[9/6/2022 11:26:30] !emotespells on
[9/6/2022 11:30:7] !emotespells on
[9/6/2022 11:32:53] !emotespells on
[9/6/2022 11:35:16] !emotespells on
[9/6/2022 11:37:40] !emotespells on
[9/6/2022 11:40:6] !emotespells on
[9/6/2022 11:42:39] !emotespells on
[9/6/2022 11:45:30] !emotespells on
[9/6/2022 11:48:58] !emotespells on
[9/6/2022 11:51:18] !emotespells on
[9/6/2022 11:53:51] !emotespells on
[9/6/2022 11:56:7] !emotespells on
[9/6/2022 11:58:14] !emotespells on
[9/6/2022 11:59:39] !emotespells on
[9/6/2022 12:1:45] !emotespells on
[9/6/2022 12:3:58] !emotespells on
[9/6/2022 12:6:21] !emotespells on
[9/6/2022 12:9:27] !emotespells on
[9/6/2022 12:13:19] !emotespells on
[9/6/2022 12:15:44] !emotespells on
[9/6/2022 12:18:14] !emotespells on
[9/6/2022 12:20:39] !emotespells on
[9/6/2022 12:23:3] !emotespells on
[9/6/2022 12:24:17] !emotespells on
[9/6/2022 12:26:19] !emotespells on
[9/6/2022 12:28:32] !emotespells on
[9/6/2022 12:30:36] !emotespells on
[9/6/2022 12:34:11] !emotespells on
[9/6/2022 12:35:54] !emotespells on
[9/6/2022 12:37:40] !emotespells on
[9/6/2022 12:40:13] !emotespells on
[9/6/2022 12:42:32] !emotespells on
[9/6/2022 12:45:1] !emotespells on
[9/6/2022 12:47:25] !emotespells on
[9/6/2022 12:49:56] !emotespells on
[9/6/2022 12:51:29] !emotespells on
[9/6/2022 12:53:47] !emotespells on
[9/6/2022 12:57:59] !emotespells on
[9/6/2022 13:0:14] !emotespells on
[9/6/2022 13:2:36] !emotespells on
[9/6/2022 13:5:7] !emotespells on
[9/6/2022 13:7:35] !emotespells on
[9/6/2022 13:10:1] !emotespells on
[9/6/2022 13:12:23] !emotespells on
[9/6/2022 13:15:46] !emotespells on
[9/6/2022 13:19:27] !emotespells on
[9/6/2022 13:22:7] !emotespells on
[9/6/2022 13:24:27] !emotespells on
[9/6/2022 13:26:48] !emotespells on
[9/6/2022 13:29:15] !emotespells on
[9/6/2022 13:31:45] !emotespells on
[9/6/2022 13:34:15] !emotespells on
[9/6/2022 13:37:4] !emotespells on
[9/6/2022 13:40:43] !emotespells on
[9/6/2022 13:41:52] !emotespells on
[9/6/2022 13:44:6] !emotespells on
[9/6/2022 13:46:36] !emotespells on
[9/6/2022 13:48:54] !emotespells on
[9/6/2022 13:51:27] !emotespells on
[9/6/2022 13:53:39] !emotespells on
[9/6/2022 13:56:45] !emotespells on
[9/6/2022 14:0:21] !emotespells on
[9/6/2022 14:1:51] !emotespells on
[9/6/2022 14:3:40] !emotespells on
[9/6/2022 14:5:11] !emotespells on
[9/6/2022 14:7:10] !emotespells on
[9/6/2022 14:8:34] !emotespells on
[9/6/2022 14:10:16] !emotespells on
[9/6/2022 14:12:42] !emotespells on
[9/6/2022 14:15:16] !emotespells on
[9/6/2022 14:17:38] !emotespells on
[9/6/2022 14:20:22] !emotespells on
[9/6/2022 14:23:48] !emotespells on
[9/6/2022 14:25:46] !emotespells on
[9/6/2022 14:27:24] !emotespells on
[9/6/2022 14:29:12] !emotespells on
[9/6/2022 14:30:37] !emotespells on
[9/6/2022 14:32:29] !emotespells on
[9/6/2022 14:33:48] !emotespells on
[9/6/2022 14:35:30] !emotespells on
[9/6/2022 14:37:2] !emotespells on
[9/6/2022 14:38:59] !emotespells on
[9/6/2022 14:40:28] !emotespells on
[9/6/2022 14:42:26] !emotespells on
[9/6/2022 14:43:50] !emotespells on
[9/6/2022 14:45:44] !emotespells on
[9/6/2022 14:47:16] !emotespells on
[9/6/2022 14:49:6] !emotespells on
[9/6/2022 14:50:39] !emotespells on
[9/6/2022 14:52:26] !emotespells on
[9/6/2022 14:54:9] !emotespells on
[9/6/2022 14:55:52] !emotespells on
[9/6/2022 14:57:53] !emotespells on
[9/6/2022 15:0:46] !emotespells on
[9/6/2022 15:2:36] !emotespells on
[9/6/2022 15:4:5] !emotespells on
[9/6/2022 15:6:22] !emotespells on
[9/6/2022 15:8:31] !emotespells on
[9/6/2022 15:10:5] !emotespells on
[9/6/2022 15:12:24] !emotespells on
[9/6/2022 15:14:52] !emotespells on
[9/6/2022 15:17:20] !emotespells on
[9/6/2022 15:19:56] !emotespells on
[9/6/2022 15:22:16] !emotespells on
[9/6/2022 15:23:40] !emotespells on
[9/6/2022 15:26:21] !emotespells on
[9/6/2022 15:29:43] !emotespells on
[9/6/2022 15:31:16] !emotespells on
[9/6/2022 15:33:3] !emotespells on
[9/6/2022 15:35:16] !emotespells on
[9/6/2022 15:37:16] !emotespells on
[9/6/2022 15:38:42] !emotespells on
[9/6/2022 15:40:46] !emotespells on
[9/6/2022 15:42:31] !emotespells on
[9/6/2022 15:44:9] !emotespells on
[9/6/2022 15:46:30] !emotespells on
[9/6/2022 15:48:27] !emotespells on
[9/6/2022 15:50:26] !emotespells on
[9/6/2022 15:54:4] !emotespells on
[9/6/2022 15:56:28] !emotespells on
[9/6/2022 15:58:55] !emotespells on
[9/6/2022 16:1:16] !emotespells on
[9/6/2022 16:3:28] !emotespells on
[9/6/2022 16:4:47] !emotespells on
[9/6/2022 16:7:4] !emotespells on
[9/6/2022 16:9:41] !emotespells on
[9/6/2022 16:12:4] !emotespells on
[9/6/2022 16:14:57] !emotespells on
[9/6/2022 16:18:16] !emotespells on
[9/6/2022 16:19:40] !emotespells on
[9/6/2022 16:21:52] !emotespells on
[9/6/2022 16:24:19] !emotespells on
[9/6/2022 16:26:46] !emotespells on
[9/6/2022 16:29:15] !emotespells on
[9/6/2022 16:31:28] !emotespells on
[9/6/2022 16:32:34] !emotespells on
[9/6/2022 16:34:53] !emotespells on
[9/6/2022 16:37:54] !emotespells on
[9/6/2022 16:41:35] !emotespells on
[9/6/2022 16:43:49] !emotespells on
[9/6/2022 16:46:6] !emotespells on
[9/6/2022 16:48:35] !emotespells on
[9/6/2022 16:50:32] !emotespells on
[9/6/2022 16:52:4] !emotespells on
[9/6/2022 16:53:58] !emotespells on
[9/6/2022 16:57:26] !emotespells on
[9/6/2022 16:59:54] !emotespells on
[9/6/2022 17:3:18] !emotespells on
[9/6/2022 17:5:17] !emotespells on
[9/6/2022 17:6:51] !emotespells on
[9/6/2022 17:8:54] !emotespells on
[9/6/2022 17:11:33] !emotespells on
[9/6/2022 17:13:48] !emotespells on
[9/6/2022 17:16:14] !emotespells on
[9/6/2022 17:18:43] !emotespells on
[9/6/2022 17:21:45] !emotespells on
[9/6/2022 17:25:14] !online
[9/6/2022 17:25:19] !emotespells on
[9/6/2022 17:27:45] !emotespells on
[9/6/2022 17:30:9] !emotespells on
[9/6/2022 17:32:36] !emotespells on
[9/6/2022 17:34:35] !emotespells on
[9/6/2022 17:35:57] !emotespells on
[9/6/2022 17:38:0] !emotespells on
[9/6/2022 17:40:18] !emotespells on
[9/6/2022 17:42:11] !emotespells on
[9/6/2022 18:0:7] !emotespells on
[9/6/2022 18:3:58] !emotespells on
[9/6/2022 18:6:20] !emotespells on
[9/6/2022 18:9:1] !emotespells on
[9/6/2022 18:11:28] !emotespells on
[9/6/2022 18:14:3] !emotespells on
[9/6/2022 18:16:28] !emotespells on
[9/6/2022 18:19:14] !emotespells on
[9/6/2022 18:22:29] !emotespells on
[9/6/2022 18:26:23] !emotespells on
[9/6/2022 18:28:51] !emotespells on
[9/6/2022 18:31:48] !emotespells on
[9/6/2022 18:34:21] !emotespells on
[9/6/2022 18:37:10] !emotespells on
[9/6/2022 18:39:35] !emotespells on
[9/6/2022 18:42:7] !emotespells on
[9/6/2022 18:44:49] !emotespells on
[9/6/2022 18:47:29] !emotespells on
[9/6/2022 18:50:32] !emotespells on
[9/6/2022 18:54:27] !emotespells on
[9/6/2022 18:56:50] !emotespells on
[9/6/2022 18:59:25] !emotespells on
[9/6/2022 19:1:53] !emotespells on
[9/6/2022 19:4:13] !emotespells on
[9/6/2022 19:6:49] !emotespells on
[9/6/2022 19:8:59] !emotespells on
[9/6/2022 19:11:40] !emotespells on
[9/6/2022 19:14:14] !emotespells on
[9/6/2022 19:16:48] !emotespells on
[9/6/2022 19:19:52] !emotespells on
[9/6/2022 19:23:59] !emotespells on
[9/6/2022 19:26:37] !emotespells on
[9/6/2022 19:29:18] !emotespells on
[9/6/2022 19:31:47] !emotespells on
[9/6/2022 19:34:32] !emotespells on
[9/6/2022 19:37:3] !emotespells on
[9/6/2022 19:39:34] !emotespells on
[9/6/2022 19:42:9] !emotespells on
[9/6/2022 19:44:54] !emotespells on
[9/6/2022 19:47:43] !emotespells on
[9/6/2022 19:51:51] !emotespells on
[9/6/2022 19:54:29] !emotespells on
[9/6/2022 19:56:56] !emotespells on
[9/6/2022 19:59:6] !emotespells on
[9/6/2022 20:1:50] !emotespells on
[9/6/2022 20:4:18] !emotespells on
[9/6/2022 20:6:45] !emotespells on
[9/6/2022 20:9:6] !emotespells on
[9/6/2022 20:11:36] !emotespells on
[9/6/2022 20:15:4] !emotespells on
[9/6/2022 20:19:24] !emotespells on
[9/6/2022 20:22:6] !emotespells on
[9/6/2022 20:24:48] !emotespells on
[9/6/2022 20:27:35] !emotespells on
[9/6/2022 20:30:8] !emotespells on
[9/6/2022 20:33:16] !emotespells on
[9/6/2022 20:35:54] !emotespells on
[9/6/2022 20:38:45] !emotespells on
[9/6/2022 20:41:47] !emotespells on
[9/6/2022 20:45:29] !emotespells on
[9/6/2022 20:47:27] !emotespells on
[9/6/2022 20:49:47] !emotespells on
[9/6/2022 20:52:24] !emotespells on
[9/6/2022 20:54:54] !emotespells on
[9/6/2022 20:57:12] !emotespells on
[9/6/2022 20:59:43] !emotespells on
[9/6/2022 21:1:51] !emotespells on
[9/6/2022 21:3:33] !emotespells on
[9/6/2022 21:5:41] !emotespells on
[9/6/2022 21:8:33] !emotespells on
[9/6/2022 21:11:56] !emotespells on
[9/6/2022 21:15:57] !emotespells on
[9/6/2022 21:18:31] !emotespells on
[9/6/2022 21:21:15] !emotespells on
[9/6/2022 21:23:55] !emotespells on
[9/6/2022 21:26:15] !emotespells on
[9/6/2022 21:28:43] !emotespells on
[9/6/2022 21:31:7] !emotespells on
[9/6/2022 21:33:37] !emotespells on
[9/6/2022 21:36:1] !emotespells on
[9/6/2022 21:39:6] !emotespells on
[9/6/2022 21:42:45] !emotespells on
[9/6/2022 21:49:38] !emotespells on
[9/6/2022 21:52:25] !emotespells on
[9/6/2022 21:55:1] !emotespells on
[9/6/2022 21:57:29] !emotespells on
[9/6/2022 21:59:49] !emotespells on
[9/6/2022 22:2:3] !emotespells on
[9/6/2022 22:4:1] !emotespells on
[9/6/2022 22:5:32] !emotespells on
[9/6/2022 22:8:3] !emotespells on
[9/6/2022 22:11:36] !emotespells on
[9/6/2022 22:16:5] !emotespells on
[9/6/2022 22:18:28] !emotespells on
[9/6/2022 22:20:58] !emotespells on
[9/6/2022 22:23:31] !emotespells on
[9/6/2022 22:26:17] !emotespells on
[9/6/2022 22:29:4] !emotespells on
[9/6/2022 22:31:37] !emotespells on
[9/6/2022 22:34:7] !emotespells on
[9/6/2022 22:36:37] !emotespells on
[9/6/2022 22:39:45] !emotespells on
[9/6/2022 22:43:40] !emotespells on
[9/6/2022 22:46:23] !emotespells on
[9/6/2022 22:48:53] !emotespells on
[9/6/2022 22:51:34] !emotespells on
[9/6/2022 22:53:57] !emotespells on
[9/6/2022 22:56:13] !emotespells on
[9/6/2022 22:58:50] !emotespells on
[9/6/2022 23:1:19] !emotespells on
[9/6/2022 23:4:1] !emotespells on
[9/6/2022 23:7:13] !emotespells on
[9/6/2022 23:10:56] !emotespells on
[9/6/2022 23:15:26] !emotespells on
[9/6/2022 23:17:27] !emotespells on
[9/6/2022 23:20:6] !emotespells on
[9/6/2022 23:22:41] !emotespells on
[9/6/2022 23:25:17] !emotespells on
[9/6/2022 23:27:45] !emotespells on
[9/6/2022 23:30:8] !emotespells on
[9/6/2022 23:32:38] !emotespells on
[9/6/2022 23:35:25] !emotespells on
[9/6/2022 23:38:32] !emotespells on
[9/6/2022 23:42:23] !emotespells on
[9/6/2022 23:44:50] !emotespells on
[9/6/2022 23:47:29] !emotespells on
[9/6/2022 23:52:52] !emotespells on
[9/6/2022 23:55:8] !emotespells on
[9/6/2022 23:57:38] !emotespells on
[10/6/2022 0:1:56] !emotespells on
[10/6/2022 0:4:25] !emotespells on
[10/6/2022 0:6:59] !emotespells on
[10/6/2022 0:9:38] !emotespells on
[10/6/2022 0:12:13] !emotespells on
[10/6/2022 0:14:35] !emotespells on
[10/6/2022 0:17:1] !emotespells on
[10/6/2022 0:19:43] !emotespells on
[10/6/2022 0:22:15] !emotespells on
[10/6/2022 0:25:13] !emotespells on
[10/6/2022 0:29:5] !emotespells on
[10/6/2022 0:31:22] !emotespells on
[10/6/2022 0:33:53] !emotespells on
[10/6/2022 0:36:21] !emotespells on
[10/6/2022 0:38:48] !emotespells on
[10/6/2022 0:41:24] !emotespells on
[10/6/2022 0:44:1] !emotespells on
[10/6/2022 0:46:43] !emotespells on
[10/6/2022 0:49:3] !emotespells on
[10/6/2022 0:52:2] !emotespells on
[10/6/2022 0:55:36] !emotespells on
[10/6/2022 0:57:36] !emotespells on
[10/6/2022 0:59:32] !emotespells on
[10/6/2022 1:2:6] !emotespells on
[10/6/2022 1:4:32] !emotespells on
[10/6/2022 1:6:51] !emotespells on
[10/6/2022 1:9:24] !emotespells on
[10/6/2022 1:12:0] !emotespells on
[10/6/2022 1:14:16] !emotespells on
[10/6/2022 1:19:10] !emotespells on
[10/6/2022 1:21:57] !emotespells on
[10/6/2022 1:25:59] !emotespells on
[10/6/2022 1:28:25] !emotespells on
[10/6/2022 1:30:51] !emotespells on
[10/6/2022 1:33:14] !emotespells on
[10/6/2022 1:35:45] !emotespells on
[10/6/2022 1:38:19] !emotespells on
[10/6/2022 1:41:7] !emotespells on
[10/6/2022 1:43:30] !emotespells on
[10/6/2022 1:44:52] !emotespells on
[10/6/2022 1:46:57] !emotespells on
[10/6/2022 1:49:28] !emotespells on
[10/6/2022 1:53:19] !emotespells on
[10/6/2022 1:55:6] !emotespells on
[10/6/2022 1:57:29] !emotespells on
[10/6/2022 2:0:2] !emotespells on
[10/6/2022 2:2:38] !emotespells on
[10/6/2022 2:5:21] !emotespells on
[10/6/2022 2:7:46] !emotespells on
[10/6/2022 2:10:25] !emotespells on
[10/6/2022 2:12:33] !emotespells on
[10/6/2022 2:14:16] !emotespells on
[10/6/2022 2:16:42] !emotespells on
[10/6/2022 2:19:34] !emotespells on
[10/6/2022 2:21:58] !emotespells on
[10/6/2022 2:24:38] !emotespells on
[10/6/2022 2:27:56] !emotespells on
[10/6/2022 2:29:30] !emotespells on
[10/6/2022 2:31:18] !emotespells on
[10/6/2022 2:32:57] !emotespells on
[10/6/2022 2:34:40] !emotespells on
[10/6/2022 2:36:56] !emotespells on
[10/6/2022 2:38:50] !emotespells on
[10/6/2022 2:40:20] !emotespells on
[10/6/2022 2:42:32] !emotespells on
[10/6/2022 2:44:41] !emotespells on
[10/6/2022 2:46:19] !emotespells on
[10/6/2022 2:48:5] !emotespells on
[10/6/2022 2:49:24] !emotespells on
[10/6/2022 2:51:35] !emotespells on
[10/6/2022 2:52:58] !emotespells on
[10/6/2022 2:54:59] !emotespells on
[10/6/2022 2:56:20] !emotespells on
[10/6/2022 2:58:11] !emotespells on
[10/6/2022 3:0:2] !emotespells on
[10/6/2022 3:2:6] !emotespells on
[10/6/2022 3:4:1] !emotespells on
[10/6/2022 3:5:41] !emotespells on
[10/6/2022 3:7:44] !emotespells on
[10/6/2022 3:9:12] !emotespells on
[10/6/2022 3:11:27] !emotespells on
[10/6/2022 3:14:43] !emotespells on
[10/6/2022 3:16:5] !emotespells on
[10/6/2022 3:18:4] !emotespells on
[10/6/2022 3:19:51] !emotespells on
[10/6/2022 3:21:21] !emotespells on
[10/6/2022 3:22:53] !emotespells on
[10/6/2022 3:24:22] !emotespells on
[10/6/2022 3:26:2] !emotespells on
[10/6/2022 3:27:51] !emotespells on
[10/6/2022 3:29:24] !emotespells on
[10/6/2022 3:30:59] !emotespells on
[10/6/2022 3:32:41] !emotespells on
[10/6/2022 3:34:8] !emotespells on
[10/6/2022 3:36:8] !emotespells on
[10/6/2022 3:37:25] !emotespells on
[10/6/2022 3:39:2] !emotespells on
[10/6/2022 3:40:44] !emotespells on
[10/6/2022 3:42:17] !emotespells on
[10/6/2022 3:43:49] !emotespells on
[10/6/2022 3:45:29] !emotespells on
[10/6/2022 3:47:36] !emotespells on
[10/6/2022 3:49:31] !emotespells on
[10/6/2022 3:51:9] !emotespells on
[10/6/2022 3:53:14] !emotespells on
[10/6/2022 3:55:2] !emotespells on
[10/6/2022 3:56:37] !emotespells on
[10/6/2022 3:58:10] !emotespells on
[10/6/2022 3:59:42] !emotespells on
[10/6/2022 4:1:17] !emotespells on
[10/6/2022 4:3:33] !emotespells on
[10/6/2022 4:6:5] !emotespells on
[10/6/2022 4:9:23] !emotespells on
[10/6/2022 4:11:16] !emotespells on
[10/6/2022 4:12:22] !emotespells on
[10/6/2022 4:14:34] !emotespells on
[10/6/2022 4:16:9] !emotespells on
[10/6/2022 4:17:40] !emotespells on
[10/6/2022 4:19:6] !emotespells on
[10/6/2022 4:21:24] !emotespells on
[10/6/2022 4:23:23] !emotespells on
[10/6/2022 4:24:40] !emotespells on
[10/6/2022 4:26:21] !emotespells on
[10/6/2022 4:28:2] !emotespells on
[10/6/2022 4:29:38] !emotespells on
[10/6/2022 4:30:58] !emotespells on
[10/6/2022 4:32:32] !emotespells on
[10/6/2022 4:34:12] !emotespells on
[10/6/2022 4:35:58] !emotespells on
[10/6/2022 4:39:38] !emotespells on
[10/6/2022 4:41:6] !emotespells on
[10/6/2022 4:42:48] !emotespells on
[10/6/2022 4:44:31] !emotespells on
[10/6/2022 4:45:47] !emotespells on
[10/6/2022 4:47:58] !emotespells on
[10/6/2022 4:50:12] !emotespells on
[10/6/2022 4:52:44] !emotespells on
[10/6/2022 4:54:49] !emotespells on
[10/6/2022 4:56:55] !emotespells on
[10/6/2022 4:59:4] !emotespells on
[10/6/2022 5:3:15] !emotespells on
[10/6/2022 5:5:9] !emotespells on
[10/6/2022 5:6:34] !emotespells on
[10/6/2022 5:8:10] !emotespells on
[10/6/2022 5:9:58] !emotespells on
[10/6/2022 5:11:35] !emotespells on
[10/6/2022 5:13:15] !emotespells on
[10/6/2022 5:15:35] !emotespells on
[10/6/2022 5:17:9] !emotespells on
[10/6/2022 5:18:59] !emotespells on
[10/6/2022 5:22:17] !emotespells on
[10/6/2022 5:25:31] !emotespells on
[10/6/2022 5:26:42] !emotespells on
[10/6/2022 5:28:50] !emotespells on
[10/6/2022 5:30:1] !emotespells on
[10/6/2022 5:32:16] !emotespells on
[10/6/2022 5:34:28] !emotespells on
[10/6/2022 5:35:48] !emotespells on
[10/6/2022 5:37:27] !emotespells on
[10/6/2022 5:39:8] !emotespells on
[10/6/2022 5:41:21] !emotespells on
[10/6/2022 5:43:37] !emotespells on
[10/6/2022 5:45:8] !emotespells on
[10/6/2022 5:46:23] !emotespells on
[10/6/2022 5:48:11] !emotespells on
[10/6/2022 5:49:34] !emotespells on
[10/6/2022 5:51:16] !emotespells on
[10/6/2022 5:52:14] !emotespells on
[10/6/2022 5:54:27] !emotespells on
[10/6/2022 5:56:19] !emotespells on
[10/6/2022 5:58:4] !emotespells on
[10/6/2022 5:59:42] !emotespells on
[10/6/2022 6:1:41] !emotespells on
[10/6/2022 6:3:9] !emotespells on
[10/6/2022 6:4:56] !emotespells on
[10/6/2022 6:6:51] !emotespells on
[10/6/2022 6:8:10] !emotespells on
[10/6/2022 6:11:0] !emotespells on
[10/6/2022 6:14:29] !emotespells on
[10/6/2022 6:15:49] !emotespells on
[10/6/2022 6:17:36] !emotespells on
[10/6/2022 6:18:55] !emotespells on
[10/6/2022 6:20:43] !emotespells on
[10/6/2022 6:22:42] !emotespells on
[10/6/2022 6:24:28] !emotespells on
[10/6/2022 6:26:16] !emotespells on
[10/6/2022 6:27:48] !emotespells on
[10/6/2022 6:29:32] !emotespells on
[10/6/2022 6:31:26] !emotespells on
[10/6/2022 6:32:55] !emotespells on
[10/6/2022 6:34:34] !emotespells on
[10/6/2022 6:36:10] !emotespells on
[10/6/2022 6:37:43] !emotespells on
[10/6/2022 6:39:16] !emotespells on
[10/6/2022 6:40:55] !emotespells on
[10/6/2022 6:42:56] !emotespells on
[10/6/2022 6:44:55] !emotespells on
[10/6/2022 6:46:45] !emotespells on
[10/6/2022 6:48:39] !emotespells on
[10/6/2022 6:50:48] !emotespells on
[10/6/2022 6:52:2] !emotespells on
[10/6/2022 6:53:53] !emotespells on
[10/6/2022 6:55:30] !emotespells on
[10/6/2022 6:58:6] !emotespells on
[10/6/2022 7:2:0] !emotespells on
[10/6/2022 7:3:46] !emotespells on
[10/6/2022 7:5:52] !emotespells on
[10/6/2022 7:7:36] !emotespells on
[10/6/2022 7:9:31] !emotespells on
[10/6/2022 7:10:46] !emotespells on
[10/6/2022 7:12:36] !emotespells on
[10/6/2022 7:14:1] !emotespells on
[10/6/2022 7:16:25] !emotespells on
[10/6/2022 7:18:15] !emotespells on
[10/6/2022 7:19:37] !emotespells on
[10/6/2022 7:21:39] !emotespells on
[10/6/2022 7:22:55] !emotespells on
[10/6/2022 7:25:3] !emotespells on
[10/6/2022 7:26:23] !emotespells on
[10/6/2022 7:28:56] !emotespells on
[10/6/2022 7:30:59] !emotespells on
[10/6/2022 7:32:24] !emotespells on
[10/6/2022 7:34:44] !emotespells on
[10/6/2022 7:36:51] !emotespells on
[10/6/2022 7:38:59] !emotespells on
[10/6/2022 7:42:23] !emotespells on
[10/6/2022 7:44:0] !emotespells on
[10/6/2022 7:46:15] !emotespells on
[10/6/2022 7:48:43] !emotespells on
[10/6/2022 7:50:39] !emotespells on
[10/6/2022 7:52:8] !emotespells on
[10/6/2022 7:54:28] !emotespells on
[10/6/2022 7:56:34] !emotespells on
[10/6/2022 7:58:45] !emotespells on
[10/6/2022 8:0:28] !emotespells on
[10/6/2022 8:2:54] !emotespells on
[10/6/2022 8:4:51] !emotespells on
[10/6/2022 8:6:49] !emotespells on
[10/6/2022 8:8:40] !emotespells on
[10/6/2022 8:10:16] !emotespells on
[10/6/2022 8:12:27] !emotespells on
[10/6/2022 8:14:25] !emotespells on
[10/6/2022 8:15:52] !emotespells on
[10/6/2022 8:17:57] !emotespells on
[10/6/2022 8:19:26] !emotespells on
[10/6/2022 8:21:8] !emotespells on
[10/6/2022 8:22:41] !emotespells on
[10/6/2022 8:24:33] !emotespells on
[10/6/2022 8:26:47] !emotespells on
[10/6/2022 8:29:6] !emotespells on
[10/6/2022 8:32:24] !emotespells on
[10/6/2022 8:33:55] !emotespells on
[10/6/2022 8:36:25] !emotespells on
[10/6/2022 8:38:54] !emotespells on
[10/6/2022 8:40:52] !emotespells on
[10/6/2022 8:42:33] !emotespells on
[10/6/2022 8:44:18] !emotespells on
[10/6/2022 8:45:43] !emotespells on
[10/6/2022 8:47:32] !emotespells on
[10/6/2022 8:49:7] !emotespells on
[10/6/2022 8:50:53] !emotespells on
[10/6/2022 8:52:40] !emotespells on
[10/6/2022 8:54:29] !emotespells on
[10/6/2022 8:56:12] !emotespells on
[10/6/2022 8:57:48] !emotespells on
[10/6/2022 8:59:53] !emotespells on
[10/6/2022 9:1:23] !emotespells on
[10/6/2022 9:3:9] !emotespells on
[10/6/2022 9:4:22] !emotespells on
[10/6/2022 9:6:18] !emotespells on
[10/6/2022 9:7:45] !emotespells on
[10/6/2022 9:9:39] !emotespells on
[10/6/2022 9:12:4] !emotespells on
[10/6/2022 9:13:27] !emotespells on
[10/6/2022 9:15:19] !emotespells on
[10/6/2022 9:16:51] !emotespells on
[10/6/2022 9:19:11] !emotespells on
[10/6/2022 9:22:17] !emotespells on
[10/6/2022 9:23:41] !emotespells on
[10/6/2022 9:25:29] !emotespells on
[10/6/2022 9:28:10] !emotespells on
[10/6/2022 9:29:38] !emotespells on
[10/6/2022 9:31:27] !emotespells on
[10/6/2022 9:32:51] !emotespells on
[10/6/2022 9:34:10] !emotespells on
[10/6/2022 9:35:48] !emotespells on
[10/6/2022 9:37:42] !emotespells on
[10/6/2022 9:39:51] !emotespells on
[10/6/2022 9:41:19] !emotespells on
[10/6/2022 9:42:53] !emotespells on
[10/6/2022 9:44:22] !emotespells on
[10/6/2022 9:46:5] !emotespells on
[10/6/2022 9:47:37] !emotespells on
[10/6/2022 9:49:19] !emotespells on
[10/6/2022 9:51:7] !emotespells on
[10/6/2022 9:53:3] !emotespells on
[10/6/2022 9:54:39] !emotespells on
[10/6/2022 9:57:4] !emotespells on
[10/6/2022 9:59:14] !emotespells on
[10/6/2022 10:0:29] !emotespells on
[10/6/2022 10:2:48] !emotespells on
[10/6/2022 10:4:40] !emotespells on
[10/6/2022 10:6:13] !emotespells on
[10/6/2022 10:8:8] !emotespells on
[10/6/2022 10:10:2] !emotespells on
[10/6/2022 10:13:0] !emotespells on
[10/6/2022 10:14:22] !emotespells on
[10/6/2022 10:16:45] !emotespells on
[10/6/2022 10:17:57] !emotespells on
[10/6/2022 10:19:56] !emotespells on
[10/6/2022 10:21:15] !emotespells on
[10/6/2022 10:23:19] !emotespells on
[10/6/2022 10:25:49] !emotespells on
[10/6/2022 10:27:23] !emotespells on
[10/6/2022 10:28:58] !emotespells on
[10/6/2022 10:30:42] !emotespells on
[10/6/2022 10:32:21] !emotespells on
[10/6/2022 10:34:6] !emotespells on
[10/6/2022 10:35:55] !emotespells on
[10/6/2022 10:37:22] !emotespells on
[10/6/2022 10:39:4] !emotespells on
[10/6/2022 10:40:33] !emotespells on
[10/6/2022 10:41:55] !emotespells on
[10/6/2022 10:43:48] !emotespells on
[10/6/2022 10:45:26] !emotespells on
[10/6/2022 10:47:17] !emotespells on
[10/6/2022 10:48:46] !emotespells on
[10/6/2022 10:50:42] !emotespells on
[10/6/2022 10:51:38] !online
[10/6/2022 11:32:55] !online
[10/6/2022 11:45:41] !rank
[10/6/2022 11:45:46] !rank level
