[10/12/2021 23:4:50] !aol
[10/12/2021 23:27:19] !online
[11/12/2021 0:4:18] !rank
[11/12/2021 0:4:24] !rank level
[11/12/2021 0:48:54] !wand
[11/12/2021 0:49:2] !wand death
[11/12/2021 1:9:9] !rank level
[11/12/2021 1:11:1] !wand
[11/12/2021 1:11:8] !wand holy
[11/12/2021 8:28:3] !rank level
[11/12/2021 8:39:34] !online
[11/12/2021 10:0:1] !online
[11/12/2021 14:15:34] !rank level
[11/12/2021 14:22:14] !online
[11/12/2021 18:16:23] !rank level
[12/12/2021 14:56:27] !online
[12/12/2021 21:55:3] !online
[12/12/2021 21:59:43] !rank level
[14/12/2021 16:44:39] !wand
[14/12/2021 16:44:51] !wand death
[14/12/2021 16:48:30] !wand
[14/12/2021 16:48:40] !wand earth
[14/12/2021 22:21:6] !online
[14/12/2021 22:31:25] !wand
[14/12/2021 22:31:34] !wand death
[14/12/2021 22:31:53] !wand death.........
[14/12/2021 22:33:9] !wand
[14/12/2021 22:33:18] !wand energy
[14/12/2021 22:37:26] !rank level
[15/12/2021 0:0:43] !wand ice
[16/12/2021 15:41:53] !online
[21/12/2021 12:41:29] !online
[23/2/2022 21:48:29] !aol
[24/2/2022 18:48:22] !aol
[25/2/2022 10:9:2] !online
[27/2/2022 4:36:39] !online
[28/2/2022 15:22:21] !frags
[2/3/2022 15:26:57] !online
[27/5/2022 20:34:34] !aol
[27/5/2022 20:39:20] !aol
[27/5/2022 21:8:29] !aol
[27/5/2022 21:51:13] !online
[27/5/2022 22:33:43] !aol
[28/5/2022 0:23:14] !serverinfo
[28/5/2022 7:8:12] !rank level
[28/5/2022 7:8:37] !rank level
[28/5/2022 7:8:42] !online
[28/5/2022 14:53:41] !rank level
[28/5/2022 14:54:2] !online
[28/5/2022 17:28:33] !rank level
[29/5/2022 23:24:29] !online
[30/5/2022 10:7:53] !online
[30/5/2022 15:47:53] !online
[31/5/2022 19:34:53] !aol
[31/5/2022 19:58:27] !aol
[31/5/2022 20:15:41] !aol
[31/5/2022 21:36:35] !aol
[31/5/2022 21:40:50] !aol
[31/5/2022 21:48:58] !aol
[31/5/2022 21:52:31] !aol
[31/5/2022 21:55:5] !aol
[31/5/2022 22:58:6] !rank levek
[31/5/2022 22:58:12] !rank level
[31/5/2022 23:58:46] !rank level
[1/6/2022 0:34:31] !online
[1/6/2022 1:47:47] !online
[1/6/2022 7:51:56] !rank level
[1/6/2022 11:4:15] !online
[1/6/2022 17:10:43] !rank level
[3/6/2022 0:10:23] !online
[4/6/2022 13:45:38] !online
[6/6/2022 19:40:46] !addon mage
[6/6/2022 19:41:29] !addon mage
[6/6/2022 19:41:36] !addon warrior
