[27/5/2022 23:41:16] !guildpoints
[28/5/2022 0:20:37] !aol
[28/5/2022 0:51:45] !aol
[28/5/2022 10:49:25] !guildpoints
[28/5/2022 11:19:12] !guildpoints
[28/5/2022 18:36:48] !online
[28/5/2022 18:37:2] !guildpoints
[28/5/2022 18:48:50] !online
[28/5/2022 19:23:22] !online
[29/5/2022 12:50:22] !aol
[29/5/2022 13:42:51] !emotespells on
[29/5/2022 13:51:37] !emotespells on
[29/5/2022 14:0:50] !emotespells on
[29/5/2022 14:9:41] !emotespells on
[29/5/2022 14:15:14] !emotespells on
[29/5/2022 14:22:4] !emotespells on
[29/5/2022 14:28:8] !emotespells on
[29/5/2022 14:33:23] !emotespells on
[29/5/2022 14:41:27] !emotespells on
[29/5/2022 14:48:24] !emotespells on
[29/5/2022 14:57:15] !emotespells on
[29/5/2022 15:5:18] !emotespells on
[29/5/2022 15:12:31] !emotespells on
[29/5/2022 15:22:26] !emotespells on
[29/5/2022 15:30:23] !emotespells on
[29/5/2022 15:37:5] !emotespells on
[29/5/2022 15:44:0] !emotespells on
[29/5/2022 15:50:14] !emotespells on
[29/5/2022 15:57:14] !emotespells on
[29/5/2022 16:4:42] !emotespells on
[29/5/2022 16:8:17] !emotespells on
[29/5/2022 16:16:15] !emotespells on
[29/5/2022 17:41:38] !frags
[29/5/2022 19:8:32] !guildpoints
[29/5/2022 20:14:12] !online
[29/5/2022 21:57:3] !guildpoints
[29/5/2022 23:33:29] !emotespells on
[29/5/2022 23:42:42] !emotespells on
[29/5/2022 23:52:48] !emotespells on
[30/5/2022 0:2:14] !emotespells on
[30/5/2022 0:11:56] !emotespells on
[30/5/2022 0:21:46] !emotespells on
[30/5/2022 0:33:55] !emotespells on
[30/5/2022 0:43:44] !emotespells on
[30/5/2022 0:51:54] !emotespells on
[30/5/2022 0:59:28] !emotespells on
[30/5/2022 1:9:41] !emotespells on
[30/5/2022 1:17:0] !emotespells on
[30/5/2022 1:24:1] !emotespells on
[30/5/2022 1:27:15] !emotespells on
[30/5/2022 1:38:10] !emotespells on
[30/5/2022 1:47:45] !emotespells on
[30/5/2022 1:51:29] !emotespells on
[30/5/2022 2:1:7] !emotespells on
[30/5/2022 2:10:49] !emotespells on
[30/5/2022 2:21:12] !emotespells on
[30/5/2022 2:32:36] !emotespells on
[30/5/2022 2:45:55] !emotespells on
[30/5/2022 2:56:26] !emotespells on
[30/5/2022 3:7:1] !emotespells on
[30/5/2022 3:18:25] !emotespells on
[30/5/2022 3:30:59] !emotespells on
[30/5/2022 3:51:6] !emotespells on
[30/5/2022 3:58:55] !emotespells on
[30/5/2022 4:8:13] !emotespells on
[30/5/2022 4:17:9] !emotespells on
[30/5/2022 4:24:41] !emotespells on
[30/5/2022 4:32:43] !emotespells on
[30/5/2022 4:41:56] !emotespells on
[30/5/2022 4:49:24] !emotespells on
[30/5/2022 4:57:18] !emotespells on
[30/5/2022 17:51:2] !emotespells on
[30/5/2022 18:0:36] !emotespells on
[30/5/2022 18:10:34] !emotespells on
[30/5/2022 18:20:53] !emotespells on
[30/5/2022 22:53:10] !online
[31/5/2022 20:26:59] !guildpoints
[31/5/2022 20:27:1] !guildpoints
[31/5/2022 20:27:3] !guildpoints
[31/5/2022 20:27:14] !guildpoints
[31/5/2022 20:27:17] !guildpoints
[31/5/2022 20:27:20] !guildpoints
[31/5/2022 20:27:24] !guildpoints
[31/5/2022 20:27:34] !guildpoints
[31/5/2022 20:27:39] !guildpoints
[31/5/2022 22:28:7] !aol
[31/5/2022 22:49:59] !guildpoints
[31/5/2022 23:4:28] !online
[1/6/2022 0:8:39] !online
[1/6/2022 0:39:41] !online
[1/6/2022 0:46:26] !guildpoints
[1/6/2022 0:49:12] !online
[1/6/2022 18:53:53] !guildpoints
[2/6/2022 1:3:14] !guildpoints
[2/6/2022 1:3:20] !guildpoints
[2/6/2022 1:46:38] !online
[2/6/2022 2:8:9] !online
[2/6/2022 2:42:25] !guildpoints
[2/6/2022 2:55:44] !online
[2/6/2022 20:11:14] !guildpoints
[2/6/2022 21:51:49] !go
[4/6/2022 4:33:7] !emotespells on
[4/6/2022 4:50:2] !emotespells on
[4/6/2022 5:16:18] !emotespells on
[4/6/2022 5:25:26] !emotespells on
[4/6/2022 5:34:21] !emotespells on
[4/6/2022 5:43:21] !emotespells on
[4/6/2022 5:52:10] !emotespells on
[4/6/2022 6:1:54] !emotespells on
[4/6/2022 6:11:17] !emotespells on
[4/6/2022 6:19:54] !emotespells on
[4/6/2022 6:28:22] !emotespells on
[4/6/2022 6:37:14] !emotespells on
[4/6/2022 6:47:57] !aol
