[4/6/2022 0:26:49] !emotespells on
[4/6/2022 18:46:4] !addon
[4/6/2022 18:46:14] !addon
[4/6/2022 18:46:25] !addon barbarian
[5/6/2022 0:13:59] !guildpoints 
[5/6/2022 0:42:14] !guildpoints
[5/6/2022 1:1:6] !guildpoints
[5/6/2022 14:14:55] !guildpoints 
[5/6/2022 21:8:33] !guildpoints
[5/6/2022 21:14:35] !guildpoints
[6/6/2022 1:20:38] !guildpoints
[6/6/2022 1:20:41] !guildpoints
[6/6/2022 1:20:53] !guildpoints
[6/6/2022 2:47:23] !guildpoints
[6/6/2022 21:27:48] !guildpoints
[6/6/2022 21:50:36] !guildpoints
[6/6/2022 22:37:6] !guildpoints
[7/6/2022 1:45:35] !guildpoints
[7/6/2022 21:13:25] !guildpoints
[8/6/2022 0:46:44] !protecthouse
[8/6/2022 0:46:51] !protecthouse on
[8/6/2022 2:49:13] !emotespells on
[8/6/2022 20:35:40] !aol
