[10/2/2022 20:15:51] !aol
[10/2/2022 20:19:18] !rank level
[10/2/2022 20:31:52] !aol
[10/2/2022 20:39:43] !rank level
[10/2/2022 20:51:48] !rank level
[10/2/2022 20:56:6] !rank level
[10/2/2022 21:11:44] !rank level
[10/2/2022 21:21:14] !rank level
[10/2/2022 21:52:42] !aol
[10/2/2022 21:59:15] !aol
[10/2/2022 21:59:27] !rank level
[10/2/2022 22:4:12] !online
[10/2/2022 22:27:42] !rank level
[10/2/2022 22:34:51] !aol
[10/2/2022 22:43:14] !aol
[10/2/2022 23:1:13] !aol
[10/2/2022 23:25:37] !online
[10/2/2022 23:29:51] !rank level
[10/2/2022 23:38:54] !rank level
[10/2/2022 23:39:55] !rank magic
[10/2/2022 23:56:0] !rank level
[10/2/2022 23:59:41] !rank level
[11/2/2022 0:27:52] !rank level
[11/2/2022 0:45:9] !rank level
[11/2/2022 0:56:27] !rank level
[11/2/2022 1:9:34] !rank level
[11/2/2022 1:26:29] !rank level
[11/2/2022 1:34:13] !rank level
[11/2/2022 1:35:27] !online
[11/2/2022 1:43:46] !rank level
[11/2/2022 1:55:3] !rank level
[11/2/2022 2:4:4] !rank level
[11/2/2022 2:17:10] !rank level
[11/2/2022 4:10:5] !rank distance
[11/2/2022 4:10:18] !rank magic
[11/2/2022 4:10:29] !rank level
[11/2/2022 6:32:11] !rank level
[11/2/2022 6:50:11] !aol
[11/2/2022 10:30:31] !rank level
[11/2/2022 10:49:38] !aol
[11/2/2022 11:52:7] !rank level
[11/2/2022 13:4:25] !rank level
[11/2/2022 13:13:40] !rank level
[11/2/2022 14:18:14] !rank level
[11/2/2022 15:48:14] !rank level
[11/2/2022 17:17:35] !rank level
[11/2/2022 18:7:23] !rank level
[11/2/2022 19:16:59] !rank distance
[11/2/2022 19:21:34] !rank level
[11/2/2022 19:37:36] !rank level
[11/2/2022 19:46:29] !emotespells
[11/2/2022 19:46:37] !emotespells on
