[31/5/2022 21:35:12] !serverinfo
[31/5/2022 22:19:0] !serverinfo
[31/5/2022 22:19:32] !aol
[31/5/2022 22:25:36] !aol
[31/5/2022 23:8:35] !guildpoints
[31/5/2022 23:10:52] !buyhouse
[1/6/2022 11:56:50] !aol
[1/6/2022 12:16:16] !aol
[1/6/2022 12:17:39] !aol
[1/6/2022 12:17:54] !aol
[1/6/2022 12:18:32] !aol
[1/6/2022 13:35:20] !aol
[1/6/2022 14:0:37] !aol
[1/6/2022 15:56:54] !aol
[1/6/2022 17:3:41] !aol
[1/6/2022 17:6:40] !rank
[1/6/2022 17:6:47] !rank magic
[1/6/2022 17:9:32] !rank level
[2/6/2022 21:11:44] !online
[2/6/2022 21:11:47] !serverinfo
[2/6/2022 21:11:51] !rank level
[2/6/2022 21:37:38] !emotespells on
[2/6/2022 21:43:2] !emotespells on
[2/6/2022 21:52:22] !rank magic
[2/6/2022 21:56:49] !emotespells on
