[10/12/2021 20:15:20] !aol
[10/12/2021 20:18:7] !aol
[10/12/2021 20:39:40] !aol
[10/12/2021 20:46:27] !online
[10/12/2021 20:54:27] !online
[10/12/2021 21:9:14] !wand ice
[10/12/2021 21:30:43] !online
[10/12/2021 21:35:19] !wand holy
[11/12/2021 4:38:1] !online
[11/12/2021 17:22:0] !online
[13/12/2021 15:16:21] !online
[14/12/2021 14:32:4] !online
[31/5/2022 19:37:46] !aol
[31/5/2022 19:51:42] !aol
[31/5/2022 19:56:24] !aol
[31/5/2022 20:19:0] !aol
[31/5/2022 20:27:44] !aol
[31/5/2022 20:28:42] !aol
[31/5/2022 20:55:54] !aol
[31/5/2022 20:57:44] !online
[31/5/2022 23:16:45] !aol
[31/5/2022 23:37:52] !aol
[31/5/2022 23:43:40] !online
[1/6/2022 9:42:50] !online
[1/6/2022 16:32:29] !online
[2/6/2022 22:14:58] !frags
[4/6/2022 15:41:40] !online
[6/6/2022 0:17:58] !online
[6/6/2022 21:28:0] !frags
[6/6/2022 22:11:17] !online
[6/6/2022 22:13:13] !emotespells on
[6/6/2022 22:25:53] !emotespells on
[6/6/2022 22:29:16] !emotespells on
[6/6/2022 22:38:55] !emotespells on
[6/6/2022 22:46:30] !emotespells on
[6/6/2022 22:53:38] !emotespells on
[6/6/2022 22:58:20] !emotespells on
[7/6/2022 1:23:6] !emotespells on
[7/6/2022 1:25:8] !emotespells on
[7/6/2022 1:25:22] !emotespells on
[7/6/2022 1:27:56] !emotespells on
[7/6/2022 1:30:6] !emotespells on
[7/6/2022 1:31:58] !emotespells on
[7/6/2022 1:44:59] !emotespells on
[7/6/2022 1:54:57] !emotespells on
[7/6/2022 2:1:48] !emotespells on
[7/6/2022 2:9:26] !emotespells on
[7/6/2022 2:15:47] !emotespells on
[7/6/2022 2:22:54] !emotespells on
[7/6/2022 2:37:36] !emotespells on
[7/6/2022 2:41:26] !emotespells on
[7/6/2022 2:48:1] !emotespells on
[7/6/2022 2:55:33] !emotespells on
[7/6/2022 3:1:1] !emotespells on
[7/6/2022 3:7:37] !emotespells on
[7/6/2022 3:14:19] !emotespells on
[7/6/2022 3:21:42] !emotespells on
[7/6/2022 3:28:56] !emotespells on
[7/6/2022 3:36:27] !emotespells on
[7/6/2022 3:42:23] !emotespells on
[7/6/2022 3:49:32] !emotespells on
[7/6/2022 3:55:42] !emotespells on
[7/6/2022 4:2:59] !emotespells on
[7/6/2022 4:9:54] !emotespells on
[7/6/2022 4:16:28] !emotespells on
[7/6/2022 4:23:35] !emotespells on
[7/6/2022 4:31:20] !emotespells on
[7/6/2022 4:37:23] !emotespells on
[7/6/2022 4:44:16] !emotespells on
[7/6/2022 4:51:59] !emotespells on
[7/6/2022 4:58:35] !emotespells on
[7/6/2022 5:20:53] !emotespells on
[7/6/2022 5:28:47] !emotespells on
[7/6/2022 5:34:30] !emotespells on
[7/6/2022 5:41:39] !emotespells on
[7/6/2022 5:48:8] !emotespells on
[7/6/2022 5:52:1] !emotespells on
[7/6/2022 5:59:29] !emotespells on
[7/6/2022 6:6:32] !emotespells on
[7/6/2022 6:13:55] !emotespells on
[7/6/2022 6:21:3] !emotespells on
[7/6/2022 6:28:7] !emotespells on
[7/6/2022 6:33:28] !emotespells on
[7/6/2022 6:40:45] !emotespells on
[7/6/2022 6:47:40] !emotespells on
[7/6/2022 6:50:46] !emotespells on
[7/6/2022 6:57:0] !emotespells on
[7/6/2022 7:4:26] !emotespells on
[7/6/2022 7:17:34] !emotespells on
[7/6/2022 7:24:41] !emotespells on
[7/6/2022 7:31:41] !emotespells on
[7/6/2022 7:37:58] !emotespells on
[7/6/2022 7:45:4] !emotespells on
[7/6/2022 7:52:23] !emotespells on
[7/6/2022 8:2:27] !emotespells on
[7/6/2022 8:9:19] !emotespells on
[7/6/2022 8:16:40] !emotespells on
[7/6/2022 8:24:21] !emotespells on
[7/6/2022 8:30:30] !emotespells on
[7/6/2022 8:39:4] !emotespells on
[7/6/2022 8:45:54] !emotespells on
[7/6/2022 8:53:38] !emotespells on
[7/6/2022 9:0:41] !emotespells on
[7/6/2022 9:7:10] !emotespells on
[7/6/2022 9:13:57] !emotespells on
[7/6/2022 9:17:1] !emotespells on
[7/6/2022 9:22:55] !emotespells on
[7/6/2022 9:27:4] !emotespells on
[7/6/2022 9:33:14] !emotespells on
[7/6/2022 9:39:42] !emotespells on
[7/6/2022 9:45:0] !emotespells on
[7/6/2022 9:51:2] !emotespells on
[7/6/2022 9:57:15] !emotespells on
[7/6/2022 10:4:29] !emotespells on
[7/6/2022 10:11:9] !emotespells on
[7/6/2022 10:17:20] !emotespells on
[7/6/2022 10:24:2] !emotespells on
[7/6/2022 10:30:27] !emotespells on
[7/6/2022 10:34:41] !online
[7/6/2022 10:44:51] !emotespells on
[7/6/2022 10:49:49] !emotespells on
[7/6/2022 10:50:17] !emotespells on
[7/6/2022 10:50:44] !emotespells on
[7/6/2022 10:51:11] !emotespells on
[7/6/2022 10:51:39] !emotespells on
[7/6/2022 10:52:6] !emotespells on
[7/6/2022 10:52:34] !emotespells on
[7/6/2022 10:53:1] !emotespells on
[7/6/2022 10:53:29] !emotespells on
[7/6/2022 10:53:56] !emotespells on
[7/6/2022 10:54:24] !emotespells on
[7/6/2022 10:54:51] !emotespells on
[7/6/2022 10:55:19] !emotespells on
[7/6/2022 10:55:46] !emotespells on
[7/6/2022 10:56:14] !emotespells on
[7/6/2022 10:56:41] !emotespells on
[7/6/2022 10:57:8] !emotespells on
[7/6/2022 10:57:36] !emotespells on
[7/6/2022 10:58:3] !emotespells on
[7/6/2022 10:58:31] !emotespells on
[7/6/2022 10:58:58] !emotespells on
[7/6/2022 10:59:26] !emotespells on
[7/6/2022 10:59:53] !emotespells on
[7/6/2022 11:0:21] !emotespells on
[7/6/2022 11:0:48] !emotespells on
[7/6/2022 11:1:16] !emotespells on
[7/6/2022 11:1:43] !emotespells on
[7/6/2022 11:2:10] !emotespells on
[7/6/2022 11:2:38] !emotespells on
[7/6/2022 11:3:5] !emotespells on
[7/6/2022 11:3:33] !emotespells on
[7/6/2022 11:4:0] !emotespells on
[7/6/2022 11:4:28] !emotespells on
[7/6/2022 11:4:55] !emotespells on
[7/6/2022 11:5:23] !emotespells on
[7/6/2022 11:5:50] !emotespells on
[7/6/2022 11:6:18] !emotespells on
[7/6/2022 11:6:45] !emotespells on
[7/6/2022 11:7:13] !emotespells on
[7/6/2022 11:7:40] !emotespells on
[7/6/2022 11:8:8] !emotespells on
[7/6/2022 11:8:35] !emotespells on
[7/6/2022 11:9:2] !emotespells on
[7/6/2022 11:9:32] !emotespells on
[7/6/2022 11:10:0] !emotespells on
[7/6/2022 11:10:27] !emotespells on
[7/6/2022 11:10:55] !emotespells on
[7/6/2022 11:11:22] !emotespells on
[7/6/2022 11:11:49] !emotespells on
[7/6/2022 11:12:17] !emotespells on
[7/6/2022 11:12:44] !emotespells on
[7/6/2022 11:13:12] !emotespells on
[7/6/2022 11:13:39] !emotespells on
[7/6/2022 11:14:7] !emotespells on
[7/6/2022 11:14:34] !emotespells on
[7/6/2022 11:15:2] !emotespells on
[7/6/2022 11:15:29] !emotespells on
[7/6/2022 11:15:57] !emotespells on
[7/6/2022 11:16:24] !emotespells on
[7/6/2022 11:16:52] !emotespells on
[7/6/2022 11:17:19] !emotespells on
[7/6/2022 11:17:47] !emotespells on
[7/6/2022 11:18:14] !emotespells on
[7/6/2022 11:18:42] !emotespells on
[7/6/2022 11:19:37] !emotespells on
[7/6/2022 11:20:4] !emotespells on
[7/6/2022 11:20:31] !emotespells on
[7/6/2022 11:20:59] !emotespells on
[7/6/2022 11:21:26] !emotespells on
[7/6/2022 11:21:54] !emotespells on
[7/6/2022 11:22:21] !emotespells on
[7/6/2022 11:22:49] !emotespells on
[7/6/2022 11:23:16] !emotespells on
[7/6/2022 11:23:44] !emotespells on
[7/6/2022 11:24:11] !emotespells on
[7/6/2022 11:24:39] !emotespells on
[7/6/2022 11:25:6] !emotespells on
[7/6/2022 11:25:34] !emotespells on
[7/6/2022 11:26:1] !emotespells on
[7/6/2022 11:26:31] !emotespells on
[7/6/2022 11:26:59] !emotespells on
[7/6/2022 11:27:26] !emotespells on
[7/6/2022 11:27:54] !emotespells on
[7/6/2022 11:28:21] !emotespells on
[7/6/2022 11:28:49] !emotespells on
[7/6/2022 11:29:16] !emotespells on
[7/6/2022 11:29:43] !emotespells on
[7/6/2022 11:30:11] !emotespells on
[7/6/2022 11:30:38] !emotespells on
[7/6/2022 11:31:6] !emotespells on
[7/6/2022 11:32:1] !emotespells on
[7/6/2022 11:32:28] !emotespells on
[7/6/2022 11:32:56] !emotespells on
[7/6/2022 11:33:23] !emotespells on
[7/6/2022 11:33:51] !emotespells on
[7/6/2022 11:34:18] !emotespells on
[7/6/2022 11:34:46] !emotespells on
[7/6/2022 11:35:13] !emotespells on
[7/6/2022 11:35:41] !emotespells on
[7/6/2022 11:36:8] !emotespells on
[7/6/2022 11:36:36] !emotespells on
[7/6/2022 11:37:3] !emotespells on
[7/6/2022 11:37:30] !emotespells on
[7/6/2022 11:37:58] !emotespells on
[7/6/2022 11:38:26] !emotespells on
[7/6/2022 11:38:53] !emotespells on
[7/6/2022 11:39:20] !emotespells on
[7/6/2022 11:39:48] !emotespells on
[7/6/2022 11:40:15] !emotespells on
[7/6/2022 11:40:43] !emotespells on
[7/6/2022 11:41:10] !emotespells on
[7/6/2022 11:41:38] !emotespells on
[7/6/2022 11:42:5] !emotespells on
[7/6/2022 11:42:33] !emotespells on
[7/6/2022 11:43:0] !emotespells on
[7/6/2022 11:43:30] !emotespells on
[7/6/2022 11:43:58] !emotespells on
[7/6/2022 11:44:25] !emotespells on
[7/6/2022 11:44:53] !emotespells on
[7/6/2022 11:45:20] !emotespells on
[7/6/2022 11:45:48] !emotespells on
[7/6/2022 11:46:15] !emotespells on
[7/6/2022 11:46:43] !emotespells on
[7/6/2022 11:47:10] !emotespells on
[7/6/2022 11:47:38] !emotespells on
[7/6/2022 11:48:5] !emotespells on
[7/6/2022 11:48:33] !emotespells on
[7/6/2022 11:49:0] !emotespells on
[7/6/2022 11:49:27] !emotespells on
[7/6/2022 11:49:55] !emotespells on
[7/6/2022 11:50:23] !emotespells on
[7/6/2022 11:50:50] !emotespells on
[7/6/2022 11:51:18] !emotespells on
[7/6/2022 11:51:45] !emotespells on
[7/6/2022 11:52:12] !emotespells on
[7/6/2022 11:52:40] !emotespells on
[7/6/2022 11:53:8] !emotespells on
[7/6/2022 11:53:35] !emotespells on
[7/6/2022 11:54:3] !emotespells on
[7/6/2022 11:54:30] !emotespells on
[7/6/2022 11:54:58] !emotespells on
[7/6/2022 11:55:25] !emotespells on
[7/6/2022 11:55:52] !emotespells on
[7/6/2022 11:56:20] !emotespells on
[7/6/2022 11:56:47] !emotespells on
[7/6/2022 11:57:15] !emotespells on
[7/6/2022 11:57:42] !emotespells on
[7/6/2022 11:58:10] !emotespells on
[7/6/2022 11:58:37] !emotespells on
[7/6/2022 11:59:5] !emotespells on
[7/6/2022 11:59:32] !emotespells on
[7/6/2022 12:0:0] !emotespells on
[7/6/2022 12:0:30] !emotespells on
[7/6/2022 12:0:57] !emotespells on
[7/6/2022 12:1:25] !emotespells on
[7/6/2022 12:1:52] !emotespells on
[7/6/2022 12:2:20] !emotespells on
[7/6/2022 12:2:47] !emotespells on
[7/6/2022 12:3:15] !emotespells on
[7/6/2022 12:3:42] !emotespells on
[7/6/2022 12:4:10] !emotespells on
[7/6/2022 12:4:37] !emotespells on
[7/6/2022 12:5:4] !emotespells on
[7/6/2022 12:5:32] !emotespells on
[7/6/2022 12:5:59] !emotespells on
[7/6/2022 12:6:27] !emotespells on
[7/6/2022 12:6:54] !emotespells on
[7/6/2022 12:7:22] !emotespells on
[7/6/2022 12:7:49] !emotespells on
[7/6/2022 12:8:17] !emotespells on
[7/6/2022 12:8:44] !emotespells on
[7/6/2022 12:9:12] !emotespells on
[7/6/2022 12:9:39] !emotespells on
[7/6/2022 12:10:7] !emotespells on
[7/6/2022 12:10:34] !emotespells on
[7/6/2022 12:11:2] !emotespells on
[7/6/2022 12:11:29] !emotespells on
[7/6/2022 12:11:57] !emotespells on
[7/6/2022 12:12:24] !emotespells on
[7/6/2022 12:12:52] !emotespells on
[7/6/2022 12:13:19] !emotespells on
[7/6/2022 12:13:46] !emotespells on
[7/6/2022 12:14:14] !emotespells on
[7/6/2022 12:15:9] !emotespells on
[7/6/2022 12:15:36] !emotespells on
[7/6/2022 12:16:4] !emotespells on
[7/6/2022 12:16:31] !emotespells on
[7/6/2022 12:16:59] !emotespells on
[7/6/2022 12:17:29] !emotespells on
[7/6/2022 12:17:57] !emotespells on
[7/6/2022 12:18:24] !emotespells on
[7/6/2022 12:18:51] !emotespells on
[7/6/2022 12:19:19] !emotespells on
[7/6/2022 12:19:46] !emotespells on
[7/6/2022 12:20:14] !emotespells on
[7/6/2022 12:20:41] !emotespells on
[7/6/2022 12:21:9] !emotespells on
[7/6/2022 12:21:36] !emotespells on
[7/6/2022 12:22:4] !emotespells on
[7/6/2022 12:22:31] !emotespells on
[7/6/2022 12:22:59] !emotespells on
[7/6/2022 12:23:26] !emotespells on
[7/6/2022 12:23:54] !emotespells on
[7/6/2022 12:24:21] !emotespells on
[7/6/2022 12:24:49] !emotespells on
[7/6/2022 12:25:16] !emotespells on
[7/6/2022 12:25:44] !emotespells on
[7/6/2022 12:26:11] !emotespells on
[7/6/2022 12:26:39] !emotespells on
[7/6/2022 12:27:34] !emotespells on
[7/6/2022 12:28:1] !emotespells on
[7/6/2022 12:28:29] !emotespells on
[7/6/2022 12:28:56] !emotespells on
[7/6/2022 12:29:24] !emotespells on
[7/6/2022 12:29:51] !emotespells on
[7/6/2022 12:30:18] !emotespells on
[7/6/2022 12:30:46] !emotespells on
[7/6/2022 12:31:13] !emotespells on
[7/6/2022 12:31:41] !emotespells on
[7/6/2022 12:32:8] !emotespells on
[7/6/2022 12:32:36] !emotespells on
[7/6/2022 12:33:3] !emotespells on
[7/6/2022 12:33:30] !emotespells on
[7/6/2022 12:33:58] !emotespells on
[7/6/2022 12:34:25] !emotespells on
[7/6/2022 12:34:53] !emotespells on
[7/6/2022 12:35:20] !emotespells on
[7/6/2022 12:35:47] !emotespells on
[7/6/2022 12:36:15] !emotespells on
[7/6/2022 12:36:42] !emotespells on
[7/6/2022 12:37:12] !emotespells on
[7/6/2022 12:37:39] !emotespells on
[7/6/2022 12:38:7] !emotespells on
[7/6/2022 12:38:34] !emotespells on
[7/6/2022 12:39:2] !emotespells on
[7/6/2022 12:39:29] !emotespells on
[7/6/2022 12:39:57] !emotespells on
[7/6/2022 12:40:24] !emotespells on
[7/6/2022 12:40:52] !emotespells on
[7/6/2022 12:41:19] !emotespells on
[7/6/2022 12:41:46] !emotespells on
[7/6/2022 12:42:14] !emotespells on
[7/6/2022 12:42:41] !emotespells on
[7/6/2022 12:43:9] !emotespells on
[7/6/2022 12:43:36] !emotespells on
[7/6/2022 12:44:4] !emotespells on
[7/6/2022 12:44:31] !emotespells on
[7/6/2022 12:44:59] !emotespells on
[7/6/2022 12:45:26] !emotespells on
[7/6/2022 12:45:54] !emotespells on
[7/6/2022 12:46:21] !emotespells on
[7/6/2022 12:46:48] !emotespells on
[7/6/2022 12:47:16] !emotespells on
[7/6/2022 12:47:43] !emotespells on
[7/6/2022 12:48:11] !emotespells on
[7/6/2022 12:48:38] !emotespells on
[7/6/2022 12:49:6] !emotespells on
[7/6/2022 12:49:33] !emotespells on
[7/6/2022 12:50:1] !emotespells on
[7/6/2022 12:50:28] !emotespells on
[7/6/2022 12:50:56] !emotespells on
[7/6/2022 12:51:23] !emotespells on
[7/6/2022 12:51:51] !emotespells on
[7/6/2022 12:52:18] !emotespells on
[7/6/2022 12:52:45] !emotespells on
[7/6/2022 12:53:13] !emotespells on
[7/6/2022 12:53:40] !emotespells on
[7/6/2022 12:54:8] !emotespells on
[7/6/2022 12:54:35] !emotespells on
[7/6/2022 12:55:3] !emotespells on
[7/6/2022 12:55:33] !emotespells on
[7/6/2022 12:56:0] !emotespells on
[7/6/2022 12:56:28] !emotespells on
[7/6/2022 12:56:55] !emotespells on
[7/6/2022 12:57:23] !emotespells on
[7/6/2022 12:57:50] !emotespells on
[7/6/2022 12:58:18] !emotespells on
[7/6/2022 12:58:45] !emotespells on
[7/6/2022 12:59:13] !emotespells on
[7/6/2022 12:59:40] !emotespells on
[7/6/2022 13:0:8] !emotespells on
[7/6/2022 13:0:35] !emotespells on
[7/6/2022 13:1:2] !emotespells on
[7/6/2022 13:1:30] !emotespells on
[7/6/2022 13:1:57] !emotespells on
[7/6/2022 13:2:25] !emotespells on
[7/6/2022 13:2:52] !emotespells on
[7/6/2022 13:3:20] !emotespells on
[7/6/2022 13:3:47] !emotespells on
[7/6/2022 13:4:15] !emotespells on
[7/6/2022 13:4:42] !emotespells on
[7/6/2022 13:5:10] !emotespells on
[7/6/2022 13:5:37] !emotespells on
[7/6/2022 13:6:4] !emotespells on
[7/6/2022 13:6:32] !emotespells on
[7/6/2022 13:6:59] !emotespells on
[7/6/2022 13:7:27] !emotespells on
[7/6/2022 13:7:54] !emotespells on
[7/6/2022 13:8:22] !emotespells on
[7/6/2022 13:8:49] !emotespells on
[7/6/2022 13:9:17] !emotespells on
[7/6/2022 13:9:44] !emotespells on
[7/6/2022 13:10:11] !emotespells on
[7/6/2022 13:10:39] !emotespells on
[7/6/2022 13:11:6] !emotespells on
[7/6/2022 13:11:34] !emotespells on
[7/6/2022 13:12:1] !emotespells on
[7/6/2022 13:12:29] !emotespells on
[7/6/2022 13:12:56] !emotespells on
[7/6/2022 13:13:23] !emotespells on
[7/6/2022 13:13:53] !emotespells on
[7/6/2022 13:14:21] !emotespells on
[7/6/2022 13:14:48] !emotespells on
[7/6/2022 13:15:16] !emotespells on
[7/6/2022 13:15:47] !emotespells on
[7/6/2022 13:16:18] !emotespells on
[7/6/2022 13:16:49] !emotespells on
[7/6/2022 13:17:21] !emotespells on
[7/6/2022 13:17:51] !emotespells on
[7/6/2022 13:18:22] !emotespells on
[7/6/2022 13:18:53] !emotespells on
[7/6/2022 13:19:24] !emotespells on
[7/6/2022 13:19:55] !emotespells on
[7/6/2022 13:20:26] !emotespells on
[7/6/2022 13:20:56] !emotespells on
[7/6/2022 13:21:27] !emotespells on
[7/6/2022 13:21:58] !emotespells on
[7/6/2022 13:22:29] !emotespells on
[7/6/2022 13:23:0] !emotespells on
[7/6/2022 13:23:31] !emotespells on
[7/6/2022 13:24:2] !emotespells on
[7/6/2022 13:24:32] !emotespells on
[7/6/2022 13:25:3] !emotespells on
[7/6/2022 13:25:34] !emotespells on
[7/6/2022 13:26:5] !emotespells on
[7/6/2022 13:26:36] !emotespells on
[7/6/2022 13:27:7] !emotespells on
[7/6/2022 13:27:37] !emotespells on
[7/6/2022 13:28:8] !emotespells on
[7/6/2022 13:28:39] !emotespells on
[7/6/2022 13:29:10] !emotespells on
[7/6/2022 13:29:41] !emotespells on
[7/6/2022 13:30:12] !emotespells on
[7/6/2022 13:30:43] !emotespells on
[7/6/2022 13:31:13] !emotespells on
[7/6/2022 13:31:44] !emotespells on
[7/6/2022 13:32:17] !emotespells on
[7/6/2022 13:32:48] !emotespells on
[7/6/2022 13:33:19] !emotespells on
[7/6/2022 13:33:50] !emotespells on
[7/6/2022 13:34:21] !emotespells on
[7/6/2022 13:34:52] !emotespells on
[7/6/2022 13:35:53] !emotespells on
[7/6/2022 13:36:24] !emotespells on
[7/6/2022 13:36:55] !emotespells on
[7/6/2022 13:37:26] !emotespells on
[7/6/2022 13:37:57] !emotespells on
[7/6/2022 13:38:28] !emotespells on
[7/6/2022 13:38:59] !emotespells on
[7/6/2022 13:39:29] !emotespells on
[7/6/2022 13:40:0] !emotespells on
[7/6/2022 13:40:31] !emotespells on
[7/6/2022 13:41:2] !emotespells on
[7/6/2022 13:41:33] !emotespells on
[7/6/2022 13:42:4] !emotespells on
[7/6/2022 13:42:35] !emotespells on
[7/6/2022 13:43:6] !emotespells on
[7/6/2022 13:43:37] !emotespells on
[7/6/2022 13:44:7] !emotespells on
[7/6/2022 13:44:38] !emotespells on
[7/6/2022 13:45:12] !emotespells on
[7/6/2022 13:45:43] !emotespells on
[7/6/2022 13:46:14] !emotespells on
[7/6/2022 13:46:44] !emotespells on
[7/6/2022 13:47:15] !emotespells on
[7/6/2022 13:47:46] !emotespells on
[7/6/2022 13:48:17] !emotespells on
[7/6/2022 13:48:48] !emotespells on
[7/6/2022 13:49:19] !emotespells on
[7/6/2022 13:49:49] !emotespells on
[7/6/2022 13:50:20] !emotespells on
[7/6/2022 13:50:51] !emotespells on
[7/6/2022 13:51:22] !emotespells on
[7/6/2022 13:51:53] !emotespells on
[7/6/2022 13:52:24] !emotespells on
[7/6/2022 13:52:54] !emotespells on
[7/6/2022 13:53:56] !emotespells on
[7/6/2022 13:54:27] !emotespells on
[7/6/2022 13:54:58] !emotespells on
[7/6/2022 13:55:29] !emotespells on
[7/6/2022 13:56:0] !emotespells on
[7/6/2022 13:56:31] !emotespells on
[7/6/2022 13:57:2] !emotespells on
[7/6/2022 13:57:33] !emotespells on
[7/6/2022 13:58:4] !emotespells on
[7/6/2022 13:58:35] !emotespells on
[7/6/2022 13:59:5] !emotespells on
[7/6/2022 13:59:36] !emotespells on
[7/6/2022 14:0:7] !emotespells on
[7/6/2022 14:0:38] !emotespells on
[7/6/2022 14:1:9] !emotespells on
[7/6/2022 14:1:40] !emotespells on
[7/6/2022 14:2:11] !emotespells on
[7/6/2022 14:2:42] !emotespells on
[7/6/2022 14:3:13] !emotespells on
[7/6/2022 14:3:44] !emotespells on
[7/6/2022 14:4:16] !emotespells on
[7/6/2022 14:4:47] !emotespells on
[7/6/2022 14:5:18] !emotespells on
[7/6/2022 14:6:19] !emotespells on
[7/6/2022 14:6:50] !emotespells on
[7/6/2022 14:7:21] !emotespells on
[7/6/2022 14:7:52] !emotespells on
[7/6/2022 14:8:23] !emotespells on
[7/6/2022 14:8:54] !emotespells on
[7/6/2022 14:9:24] !emotespells on
[7/6/2022 14:9:55] !emotespells on
[7/6/2022 14:10:26] !emotespells on
[7/6/2022 14:10:57] !emotespells on
[7/6/2022 14:11:28] !emotespells on
[7/6/2022 14:12:30] !emotespells on
[7/6/2022 14:13:1] !emotespells on
[7/6/2022 14:13:31] !emotespells on
[7/6/2022 14:14:2] !emotespells on
[7/6/2022 14:14:33] !emotespells on
[7/6/2022 14:15:4] !emotespells on
[7/6/2022 14:15:35] !emotespells on
[7/6/2022 14:16:6] !emotespells on
[7/6/2022 14:16:36] !emotespells on
[7/6/2022 14:17:7] !emotespells on
[7/6/2022 14:17:38] !emotespells on
[7/6/2022 14:18:40] !emotespells on
[7/6/2022 14:19:14] !emotespells on
[7/6/2022 14:19:44] !emotespells on
[7/6/2022 14:20:15] !emotespells on
[7/6/2022 14:20:46] !emotespells on
[7/6/2022 14:21:17] !emotespells on
[7/6/2022 14:21:48] !emotespells on
[7/6/2022 14:22:18] !emotespells on
[7/6/2022 14:22:49] !emotespells on
[7/6/2022 14:23:20] !emotespells on
[7/6/2022 14:23:51] !emotespells on
[7/6/2022 14:24:22] !emotespells on
[7/6/2022 14:24:52] !emotespells on
[7/6/2022 14:25:23] !emotespells on
[7/6/2022 14:25:54] !emotespells on
[7/6/2022 14:26:25] !emotespells on
[7/6/2022 14:26:56] !emotespells on
[7/6/2022 14:27:27] !emotespells on
[7/6/2022 14:27:57] !emotespells on
[7/6/2022 14:28:28] !emotespells on
[7/6/2022 14:28:59] !emotespells on
[7/6/2022 14:29:30] !emotespells on
[7/6/2022 14:30:1] !emotespells on
[7/6/2022 14:30:32] !emotespells on
[7/6/2022 14:31:3] !emotespells on
[7/6/2022 14:31:33] !emotespells on
[7/6/2022 14:32:4] !emotespells on
[7/6/2022 14:32:35] !emotespells on
[7/6/2022 14:33:6] !emotespells on
[7/6/2022 14:33:37] !emotespells on
[7/6/2022 14:34:10] !emotespells on
[7/6/2022 14:34:41] !emotespells on
[7/6/2022 14:35:12] !emotespells on
[7/6/2022 14:35:43] !emotespells on
[7/6/2022 14:36:14] !emotespells on
[7/6/2022 14:36:45] !emotespells on
[7/6/2022 14:37:15] !emotespells on
[7/6/2022 14:37:46] !emotespells on
[7/6/2022 14:38:17] !emotespells on
[7/6/2022 14:38:48] !emotespells on
[7/6/2022 14:39:19] !emotespells on
[7/6/2022 14:39:50] !emotespells on
[7/6/2022 14:43:0] !emotespells on
[7/6/2022 14:50:51] !emotespells on
[7/6/2022 14:57:37] !emotespells on
[7/6/2022 15:3:33] !emotespells on
[7/6/2022 15:9:51] !emotespells on
[7/6/2022 15:17:4] !emotespells on
[7/6/2022 15:24:12] !emotespells on
[7/6/2022 15:31:23] !emotespells on
[7/6/2022 15:39:6] !emotespells on
[7/6/2022 15:45:4] !emotespells on
[7/6/2022 15:51:32] !emotespells on
[7/6/2022 15:52:3] !emotespells on
[7/6/2022 15:52:34] !emotespells on
[7/6/2022 15:53:6] !emotespells on
[7/6/2022 15:53:37] !emotespells on
[7/6/2022 15:54:8] !emotespells on
[7/6/2022 15:54:39] !emotespells on
[7/6/2022 15:55:10] !emotespells on
[7/6/2022 15:55:42] !emotespells on
[7/6/2022 15:56:13] !emotespells on
[7/6/2022 15:56:44] !emotespells on
[7/6/2022 15:57:15] !emotespells on
[7/6/2022 15:57:46] !emotespells on
[7/6/2022 15:58:17] !emotespells on
[7/6/2022 15:58:49] !emotespells on
[7/6/2022 15:59:20] !emotespells on
[7/6/2022 15:59:51] !emotespells on
[7/6/2022 16:0:22] !emotespells on
[7/6/2022 16:0:54] !emotespells on
[7/6/2022 16:1:25] !emotespells on
[7/6/2022 16:1:56] !emotespells on
[7/6/2022 16:2:27] !emotespells on
[7/6/2022 16:2:58] !emotespells on
[7/6/2022 16:3:29] !emotespells on
[7/6/2022 16:4:0] !emotespells on
[7/6/2022 16:4:32] !emotespells on
[7/6/2022 16:5:3] !emotespells on
[7/6/2022 16:5:34] !emotespells on
[7/6/2022 16:6:5] !emotespells on
[7/6/2022 16:6:36] !emotespells on
[7/6/2022 16:7:8] !emotespells on
[7/6/2022 16:14:34] !emotespells on
[7/6/2022 16:20:28] !emotespells on
[7/6/2022 16:36:30] !emotespells on
[7/6/2022 16:43:34] !emotespells on
[7/6/2022 16:49:51] !emotespells on
[7/6/2022 16:55:45] !emotespells on
[7/6/2022 17:10:13] !emotespells on
[7/6/2022 17:15:54] !emotespells on
[7/6/2022 17:21:49] !emotespells on
[7/6/2022 17:27:57] !emotespells on
[7/6/2022 17:35:17] !emotespells on
[7/6/2022 17:41:47] !emotespells on
[7/6/2022 17:48:16] !emotespells on
[7/6/2022 17:54:58] !emotespells on
[7/6/2022 18:3:40] !emotespells on
[7/6/2022 18:9:2] !emotespells on
[7/6/2022 18:17:17] !emotespells on
[7/6/2022 18:24:44] !emotespells on
[7/6/2022 18:32:45] !emotespells on
[7/6/2022 18:38:42] !emotespells on
[7/6/2022 18:45:9] !emotespells on
[7/6/2022 18:51:56] !emotespells on
[7/6/2022 18:53:26] !emotespells on
[7/6/2022 19:1:38] !emotespells on
[7/6/2022 19:7:55] !emotespells on
[7/6/2022 19:14:16] !emotespells on
[7/6/2022 19:22:5] !emotespells on
[7/6/2022 19:28:14] !emotespells on
[7/6/2022 19:34:17] !emotespells on
[7/6/2022 19:40:50] !emotespells on
[7/6/2022 19:47:24] !emotespells on
[7/6/2022 19:54:34] !emotespells on
[7/6/2022 20:0:54] !emotespells on
[7/6/2022 20:7:11] !emotespells on
[7/6/2022 20:14:37] !emotespells on
[7/6/2022 20:22:24] !emotespells on
[7/6/2022 20:29:22] !emotespells on
[7/6/2022 20:36:20] !emotespells on
[7/6/2022 20:43:56] !emotespells on
[7/6/2022 20:45:22] !emotespells on
[7/6/2022 20:53:15] !emotespells on
[7/6/2022 20:59:12] !emotespells on
[7/6/2022 21:5:34] !emotespells on
[7/6/2022 21:11:46] !emotespells on
[7/6/2022 21:19:2] !emotespells on
[7/6/2022 21:26:29] !emotespells on
[8/6/2022 0:20:54] !emotespells on
[8/6/2022 0:26:21] !emotespells on
[8/6/2022 0:27:50] !emotespells on
[8/6/2022 0:34:34] !emotespells on
[8/6/2022 0:40:23] !emotespells on
[8/6/2022 0:45:56] !emotespells on
[8/6/2022 0:51:45] !emotespells on
[8/6/2022 0:57:11] !emotespells on
[8/6/2022 1:4:7] !emotespells on
[8/6/2022 1:10:5] !emotespells on
[8/6/2022 1:14:8] !emotespells on
[8/6/2022 1:22:51] !emotespells on
[8/6/2022 1:30:56] !emotespells on
[8/6/2022 1:37:41] !emotespells on
[8/6/2022 1:44:11] !emotespells on
[8/6/2022 1:48:6] !emotespells on
[8/6/2022 1:56:1] !emotespells on
[8/6/2022 2:1:38] !emotespells on
[8/6/2022 2:9:2] !emotespells on
[8/6/2022 2:17:4] !emotespells on
[8/6/2022 2:23:10] !emotespells on
[8/6/2022 2:29:57] !emotespells on
[8/6/2022 2:37:2] !emotespells on
[8/6/2022 2:44:29] !emotespells on
[8/6/2022 2:51:8] !emotespells on
[8/6/2022 2:54:17] !emotespells on
[8/6/2022 3:1:35] !emotespells on
[8/6/2022 3:8:32] !emotespells on
[8/6/2022 3:16:20] !emotespells on
[8/6/2022 3:21:22] !emotespells on
[8/6/2022 3:28:34] !emotespells on
[8/6/2022 3:36:13] !emotespells on
[8/6/2022 3:42:47] !emotespells on
[8/6/2022 3:49:2] !emotespells on
[8/6/2022 3:52:0] !emotespells on
[8/6/2022 3:59:19] !emotespells on
[8/6/2022 4:1:35] !emotespells on
[8/6/2022 4:9:48] !emotespells on
[8/6/2022 4:15:55] !emotespells on
[8/6/2022 4:23:32] !emotespells on
[8/6/2022 4:29:56] !emotespells on
[8/6/2022 4:36:46] !emotespells on
[8/6/2022 4:43:6] !emotespells on
[8/6/2022 4:47:18] !emotespells on
[8/6/2022 4:50:54] !emotespells on
[8/6/2022 4:58:48] !emotespells on
[8/6/2022 5:8:40] !emotespells on
[8/6/2022 5:15:48] !emotespells on
[8/6/2022 5:23:32] !emotespells on
[8/6/2022 5:30:46] !emotespells on
[8/6/2022 5:31:14] !emotespells on
[8/6/2022 5:31:41] !emotespells on
[8/6/2022 5:32:8] !emotespells on
[8/6/2022 5:32:36] !emotespells on
[8/6/2022 5:33:3] !emotespells on
[8/6/2022 5:33:30] !emotespells on
[8/6/2022 5:33:58] !emotespells on
[8/6/2022 5:34:25] !emotespells on
[8/6/2022 5:34:52] !emotespells on
[8/6/2022 5:35:20] !emotespells on
[8/6/2022 5:35:47] !emotespells on
[8/6/2022 5:36:14] !emotespells on
[8/6/2022 5:36:42] !emotespells on
[8/6/2022 5:37:9] !emotespells on
[8/6/2022 5:37:36] !emotespells on
[8/6/2022 5:38:4] !emotespells on
[8/6/2022 5:38:31] !emotespells on
[8/6/2022 5:38:58] !emotespells on
[8/6/2022 5:39:26] !emotespells on
[8/6/2022 5:39:53] !emotespells on
[8/6/2022 5:40:20] !emotespells on
[8/6/2022 5:40:47] !emotespells on
[8/6/2022 5:41:15] !emotespells on
[8/6/2022 5:41:42] !emotespells on
[8/6/2022 5:42:9] !emotespells on
[8/6/2022 5:42:37] !emotespells on
[8/6/2022 5:43:4] !emotespells on
[8/6/2022 5:43:31] !emotespells on
[8/6/2022 5:43:59] !emotespells on
[8/6/2022 5:44:26] !emotespells on
[8/6/2022 5:44:53] !emotespells on
[8/6/2022 5:45:20] !emotespells on
[8/6/2022 5:45:48] !emotespells on
[8/6/2022 5:46:15] !emotespells on
[8/6/2022 5:46:42] !emotespells on
[8/6/2022 5:47:10] !emotespells on
[8/6/2022 5:47:37] !emotespells on
[8/6/2022 5:48:4] !emotespells on
[8/6/2022 5:48:31] !emotespells on
[8/6/2022 5:48:59] !emotespells on
[8/6/2022 5:49:26] !emotespells on
[8/6/2022 5:49:53] !emotespells on
[8/6/2022 5:50:21] !emotespells on
[8/6/2022 5:50:48] !emotespells on
[8/6/2022 5:51:15] !emotespells on
[8/6/2022 5:51:43] !emotespells on
[8/6/2022 5:52:10] !emotespells on
[8/6/2022 5:52:40] !emotespells on
[8/6/2022 5:53:7] !emotespells on
[8/6/2022 5:53:35] !emotespells on
[8/6/2022 5:54:2] !emotespells on
[8/6/2022 5:54:29] !emotespells on
[8/6/2022 5:54:56] !emotespells on
[8/6/2022 5:55:24] !emotespells on
[8/6/2022 5:55:51] !emotespells on
[8/6/2022 5:56:18] !emotespells on
[8/6/2022 5:56:46] !emotespells on
[8/6/2022 5:57:13] !emotespells on
[8/6/2022 5:57:40] !emotespells on
[8/6/2022 5:58:8] !emotespells on
[8/6/2022 5:58:35] !emotespells on
[8/6/2022 5:59:2] !emotespells on
[8/6/2022 5:59:30] !emotespells on
[8/6/2022 5:59:57] !emotespells on
[8/6/2022 6:0:24] !emotespells on
[8/6/2022 6:0:51] !emotespells on
[8/6/2022 6:1:19] !emotespells on
[8/6/2022 6:1:46] !emotespells on
[8/6/2022 6:2:13] !emotespells on
[8/6/2022 6:2:41] !emotespells on
[8/6/2022 6:3:8] !emotespells on
[8/6/2022 6:3:35] !emotespells on
[8/6/2022 6:4:2] !emotespells on
[8/6/2022 6:4:30] !emotespells on
[8/6/2022 6:4:57] !emotespells on
[8/6/2022 6:5:24] !emotespells on
[8/6/2022 6:5:52] !emotespells on
[8/6/2022 6:6:19] !emotespells on
[8/6/2022 6:6:46] !emotespells on
[8/6/2022 6:7:14] !emotespells on
[8/6/2022 6:7:41] !emotespells on
[8/6/2022 6:8:8] !emotespells on
[8/6/2022 6:8:36] !emotespells on
[8/6/2022 6:9:3] !emotespells on
[8/6/2022 6:9:30] !emotespells on
[8/6/2022 6:9:58] !emotespells on
[8/6/2022 6:10:25] !emotespells on
[8/6/2022 6:10:52] !emotespells on
[8/6/2022 6:11:20] !emotespells on
[8/6/2022 6:11:47] !emotespells on
[8/6/2022 6:12:14] !emotespells on
[8/6/2022 6:12:42] !emotespells on
[8/6/2022 6:13:9] !emotespells on
[8/6/2022 6:13:36] !emotespells on
[8/6/2022 6:14:4] !emotespells on
[8/6/2022 6:14:31] !emotespells on
[8/6/2022 6:14:58] !emotespells on
[8/6/2022 6:15:25] !emotespells on
[8/6/2022 6:15:53] !emotespells on
[8/6/2022 6:16:20] !emotespells on
[8/6/2022 6:16:47] !emotespells on
[8/6/2022 6:17:15] !emotespells on
[8/6/2022 6:17:42] !emotespells on
[8/6/2022 6:18:9] !emotespells on
[8/6/2022 6:18:37] !emotespells on
[8/6/2022 6:19:4] !emotespells on
[8/6/2022 6:19:31] !emotespells on
[8/6/2022 6:19:59] !emotespells on
[8/6/2022 6:20:26] !emotespells on
[8/6/2022 6:20:53] !emotespells on
[8/6/2022 6:21:21] !emotespells on
[8/6/2022 6:21:48] !emotespells on
[8/6/2022 6:22:15] !emotespells on
[8/6/2022 6:22:43] !emotespells on
[8/6/2022 6:23:10] !emotespells on
[8/6/2022 6:23:37] !emotespells on
[8/6/2022 6:24:4] !emotespells on
[8/6/2022 6:24:32] !emotespells on
[8/6/2022 6:24:59] !emotespells on
[8/6/2022 6:25:26] !emotespells on
[8/6/2022 6:25:53] !emotespells on
[8/6/2022 6:26:21] !emotespells on
[8/6/2022 6:26:48] !emotespells on
[8/6/2022 6:27:15] !emotespells on
[8/6/2022 6:27:43] !emotespells on
[8/6/2022 6:28:10] !emotespells on
[8/6/2022 6:28:40] !emotespells on
[8/6/2022 6:29:7] !emotespells on
[8/6/2022 6:29:34] !emotespells on
[8/6/2022 6:30:2] !emotespells on
[8/6/2022 6:30:29] !emotespells on
[8/6/2022 6:30:56] !emotespells on
[8/6/2022 6:31:24] !emotespells on
[8/6/2022 6:33:1] !emotespells on
[8/6/2022 6:33:30] !emotespells on
[8/6/2022 6:33:57] !emotespells on
[8/6/2022 6:34:24] !emotespells on
[8/6/2022 6:34:52] !emotespells on
[8/6/2022 6:38:42] !emotespells on
[8/6/2022 6:40:41] !emotespells on
[8/6/2022 6:45:8] !emotespells on
[8/6/2022 6:49:14] !emotespells on
[8/6/2022 6:53:48] !emotespells on
[8/6/2022 6:59:20] !emotespells on
[8/6/2022 7:4:58] !emotespells on
[8/6/2022 7:8:24] !emotespells on
[8/6/2022 7:18:22] !emotespells on
[8/6/2022 7:22:46] !emotespells on
[8/6/2022 7:28:3] !emotespells on
[8/6/2022 7:31:41] !emotespells on
[8/6/2022 7:36:32] !emotespells on
[8/6/2022 7:37:19] !emotespells on
[8/6/2022 7:44:30] !emotespells on
[8/6/2022 7:49:20] !emotespells on
[8/6/2022 7:54:41] !emotespells on
[8/6/2022 7:57:52] !emotespells on
[8/6/2022 7:59:48] !emotespells on
[8/6/2022 8:3:19] !emotespells on
[8/6/2022 8:10:12] !emotespells on
[8/6/2022 8:11:43] !emotespells on
[8/6/2022 8:18:9] !emotespells on
[8/6/2022 8:22:15] !emotespells on
[8/6/2022 8:26:47] !emotespells on
[8/6/2022 8:31:52] !emotespells on
[8/6/2022 8:34:33] !emotespells on
[8/6/2022 8:39:24] !emotespells on
[8/6/2022 8:43:22] !emotespells on
[8/6/2022 8:49:40] !emotespells on
[8/6/2022 8:54:16] !emotespells on
[8/6/2022 9:0:36] !emotespells on
[8/6/2022 9:4:17] !emotespells on
[8/6/2022 9:8:59] !emotespells on
[8/6/2022 9:12:31] !emotespells on
[8/6/2022 9:15:33] !emotespells on
[8/6/2022 9:20:53] !emotespells on
[8/6/2022 9:25:45] !emotespells on
[8/6/2022 9:31:9] !emotespells on
[8/6/2022 9:36:51] !emotespells on
[8/6/2022 9:40:24] !emotespells on
[8/6/2022 9:45:43] !emotespells on
[8/6/2022 9:52:42] !emotespells on
[8/6/2022 9:56:33] !emotespells on
[8/6/2022 10:1:3] !emotespells on
[8/6/2022 10:6:18] !emotespells on
[8/6/2022 10:10:33] !emotespells on
[8/6/2022 10:15:25] !emotespells on
[8/6/2022 10:20:25] !emotespells on
[8/6/2022 10:26:53] !emotespells on
[8/6/2022 10:28:43] !emotespells on
[8/6/2022 10:33:52] !emotespells on
[8/6/2022 10:39:22] !emotespells on
[8/6/2022 10:43:40] !emotespells on
[8/6/2022 10:48:42] !emotespells on
[8/6/2022 10:53:18] !emotespells on
[8/6/2022 10:57:23] !emotespells on
[8/6/2022 11:3:20] !emotespells on
[8/6/2022 11:7:42] !emotespells on
[8/6/2022 11:12:36] !emotespells on
[8/6/2022 11:16:36] !emotespells on
[8/6/2022 11:21:37] !emotespells on
[8/6/2022 11:23:24] !emotespells on
[8/6/2022 11:28:42] !emotespells on
[8/6/2022 11:34:58] !emotespells on
[8/6/2022 11:37:6] !emotespells on
[8/6/2022 11:40:36] !emotespells on
[8/6/2022 11:47:9] !emotespells on
[8/6/2022 11:52:5] !emotespells on
[8/6/2022 11:57:39] !emotespells on
[8/6/2022 12:2:58] !emotespells on
[8/6/2022 12:8:27] !emotespells on
[8/6/2022 12:12:44] !emotespells on
[8/6/2022 12:17:48] !emotespells on
[8/6/2022 12:23:53] !emotespells on
[8/6/2022 12:27:56] !emotespells on
[8/6/2022 12:33:21] !emotespells on
[8/6/2022 12:37:51] !emotespells on
[8/6/2022 12:41:52] !emotespells on
[8/6/2022 12:47:14] !emotespells on
[8/6/2022 12:54:28] !emotespells on
[8/6/2022 12:59:30] !emotespells on
[8/6/2022 13:6:13] !emotespells on
[8/6/2022 13:12:36] !emotespells on
[8/6/2022 13:15:49] !emotespells on
[8/6/2022 13:22:15] !emotespells on
[8/6/2022 13:25:56] !emotespells on
[8/6/2022 13:30:11] !emotespells on
[8/6/2022 13:37:11] !emotespells on
[8/6/2022 13:42:21] !emotespells on
[8/6/2022 13:47:3] !emotespells on
[8/6/2022 13:52:7] !emotespells on
[8/6/2022 13:56:49] !emotespells on
[8/6/2022 14:2:33] !emotespells on
[8/6/2022 14:6:39] !emotespells on
[8/6/2022 14:11:45] !emotespells on
[8/6/2022 14:17:31] !emotespells on
[8/6/2022 14:21:6] !emotespells on
[8/6/2022 14:26:36] !emotespells on
[8/6/2022 14:31:44] !emotespells on
[8/6/2022 14:36:32] !emotespells on
[8/6/2022 14:40:1] !emotespells on
[8/6/2022 14:48:20] !emotespells on
[8/6/2022 14:53:10] !emotespells on
[8/6/2022 14:57:59] !emotespells on
[8/6/2022 14:58:53] !emotespells on
[8/6/2022 15:4:40] !emotespells on
[8/6/2022 15:8:19] !emotespells on
[8/6/2022 15:13:3] !emotespells on
[8/6/2022 15:17:42] !emotespells on
[8/6/2022 15:22:19] !emotespells on
[8/6/2022 15:28:15] !emotespells on
[8/6/2022 15:33:2] !emotespells on
[8/6/2022 15:38:32] !emotespells on
[8/6/2022 15:42:53] !emotespells on
[8/6/2022 15:46:38] !emotespells on
[8/6/2022 15:52:21] !emotespells on
[8/6/2022 15:57:34] !emotespells on
[8/6/2022 16:1:35] !emotespells on
[8/6/2022 16:7:56] !emotespells on
[8/6/2022 16:11:43] !emotespells on
[8/6/2022 16:13:56] !emotespells on
[8/6/2022 16:20:3] !emotespells on
[9/6/2022 12:19:55] !online
