[11/2/2022 10:10:18] !aol
[31/5/2022 19:44:33] !online
[31/5/2022 20:49:16] !aol
[31/5/2022 21:19:36] !online
[31/5/2022 21:29:9] !aol
[31/5/2022 21:38:50] !aol
[31/5/2022 22:6:8] !aol
[31/5/2022 22:51:10] !rank level
[1/6/2022 5:56:31] !rank level
[1/6/2022 9:6:25] !rank level
[1/6/2022 18:5:16] !online
[2/6/2022 0:53:57] !online
[2/6/2022 2:9:58] !online
[2/6/2022 2:55:54] !online
[2/6/2022 9:15:6] !rank level
[3/6/2022 12:13:9] !frags
[3/6/2022 12:45:48] !frags
[3/6/2022 17:8:41] !rank magic
[4/6/2022 8:52:29] !rank level
[4/6/2022 8:52:41] !rank level
[4/6/2022 8:52:58] !online
[4/6/2022 8:57:18] !rank club
[4/6/2022 10:44:32] !online
[4/6/2022 10:47:31] !rank magic
[4/6/2022 18:21:24] !rank level
[4/6/2022 18:27:21] !rank magic
[4/6/2022 18:27:49] !rank club
[5/6/2022 5:10:44] !frags
[5/6/2022 18:2:31] !rank level
[5/6/2022 18:2:55] !online
[5/6/2022 20:30:14] !frags
[6/6/2022 1:42:2] !emotespells on
[6/6/2022 1:56:39] !emotespells on
[6/6/2022 9:15:1] !emotespells on
[6/6/2022 9:16:33] !emotespells on
[6/6/2022 9:38:9] !emotespells on
[6/6/2022 9:43:22] !emotespells on
[6/6/2022 9:50:25] !online
[6/6/2022 9:53:41] !emotespells on
[8/6/2022 17:23:37] !online
[8/6/2022 18:28:26] !online
