[31/5/2022 23:48:37] !aol
[1/6/2022 0:1:25] !aol
[1/6/2022 0:54:13] !aol
[1/6/2022 1:26:19] !aol
[1/6/2022 1:47:21] !aol
[1/6/2022 9:47:13] !aol
[1/6/2022 9:50:3] !aol
[1/6/2022 10:2:3] !aol
[1/6/2022 10:16:57] !aol
[1/6/2022 10:23:28] !rank level
[1/6/2022 12:45:57] !aol
[1/6/2022 19:38:56] !aol
[1/6/2022 20:28:58] !buyhouse
[1/6/2022 20:29:4] !buyhouse
[2/6/2022 2:32:51] !aol
[2/6/2022 3:7:36] !rank distance
[2/6/2022 4:16:36] !aol
[2/6/2022 4:18:35] !aol
[2/6/2022 5:6:16] !rank distance
[2/6/2022 5:6:36] !rank distance
[2/6/2022 14:3:45] !rank distance
[2/6/2022 14:4:24] !rank distance
[2/6/2022 14:10:18] !rank distance
[2/6/2022 16:37:9] !rank distance
[2/6/2022 18:11:58] !rank distance
[2/6/2022 19:59:7] !aol
[2/6/2022 20:45:15] !aol
[3/6/2022 13:13:26] !aol
[6/6/2022 3:39:4] !rank level
[6/6/2022 3:39:46] !online
[7/6/2022 0:47:10] !online
[7/6/2022 7:24:21] !aol
[7/6/2022 7:24:24] !rank distance
[7/6/2022 21:0:36] !aol
[9/6/2022 0:53:58] !online
[9/6/2022 16:20:11] !online
[9/6/2022 16:50:26] !aol
