[16/2/2022 0:9:1] !rank
[16/2/2022 0:9:4] !rank level
[16/2/2022 19:44:18] !online
[19/2/2022 19:31:17] !frags
[19/2/2022 22:1:33] !online
[23/2/2022 20:9:59] !online
[24/2/2022 13:45:1] !aol
[24/2/2022 15:27:26] !aol
[24/2/2022 16:10:8] !aol
[24/2/2022 16:10:22] !aol
[24/2/2022 22:53:44] !aol
[24/2/2022 22:53:57] !aol
[25/2/2022 9:10:3] !aol
[25/2/2022 10:16:9] !serverinfo
[25/2/2022 16:32:11] !online
[25/2/2022 16:53:4] !aol
[25/2/2022 21:3:55] !serverinfo
[26/2/2022 1:25:4] !guildpoints
[26/2/2022 1:34:46] !guildpoints
[26/2/2022 1:38:57] !guildpoints
[26/2/2022 1:43:15] !guildpoints
