[1/6/2022 1:2:45] !aol
[1/6/2022 1:11:13] !aol
[1/6/2022 1:32:59] !aol
[1/6/2022 1:49:22] !aol
[1/6/2022 1:57:49] !aol
[1/6/2022 2:19:12] !aol
[1/6/2022 3:30:30] !buyhouse
[1/6/2022 3:50:19] !buyhouse
[1/6/2022 3:50:56] !buyhouse
[1/6/2022 3:51:2] !buyhouse
[1/6/2022 3:51:6] !buyhouse
[1/6/2022 3:51:24] !buyhouse
[1/6/2022 6:35:13] !buyhouse
[1/6/2022 11:36:33] !buyhouse
[2/6/2022 0:53:38] !online
[2/6/2022 4:37:58] !aol
[2/6/2022 6:30:48] !online
[2/6/2022 7:18:41] !aol
[2/6/2022 5:40:49] !emotespells
[2/6/2022 5:40:59] !emotespells on
[2/6/2022 15:24:0] !buyhouse
[2/6/2022 15:24:10] !buyhouse
[2/6/2022 21:46:56] !buyhouse
[2/6/2022 21:47:25] aleta sio
[2/6/2022 21:47:48] aleta grav
[2/6/2022 21:48:9] aleta sio
[2/6/2022 21:48:41] aleta grav
[3/6/2022 1:8:22] aleta grav
[3/6/2022 1:8:47] aleta sio
[3/6/2022 15:6:9] !online
[3/6/2022 22:54:30] !aol
[4/6/2022 5:16:37] !aol
[5/6/2022 23:51:15] !online
