[15/2/2022 23:16:27] !frags
[17/2/2022 20:54:17] !rank level
[19/2/2022 11:48:10] !frags
[20/2/2022 23:39:7] !frags
[28/5/2022 14:8:44] !aol
[28/5/2022 14:10:8] !aol
[28/5/2022 14:27:34] !aol
[28/5/2022 14:28:12] !aol
[28/5/2022 14:46:33] !aol
[28/5/2022 15:5:56] !aol
[28/5/2022 15:25:56] !aol
[28/5/2022 15:38:34] !rank level
[28/5/2022 18:41:29] !rank distance
[29/5/2022 10:28:14] !aol
[29/5/2022 11:42:52] !aol
[29/5/2022 11:45:32] !frags
[29/5/2022 11:46:59] !aol
[29/5/2022 18:10:32] !aol
[29/5/2022 21:4:19] !emotespells on
[29/5/2022 21:4:37] !emotespells on
[29/5/2022 22:5:9] !frags
[29/5/2022 23:8:6] !aol
[29/5/2022 23:30:23] !aol
[30/5/2022 5:40:34] !aol
[30/5/2022 18:42:25] !aol
[30/5/2022 18:46:20] !aol
[30/5/2022 18:47:58] !aol
[30/5/2022 18:51:54] !aol
[31/5/2022 19:45:30] !aol
[31/5/2022 19:54:28] !aol
[31/5/2022 20:5:15] !aol
[31/5/2022 20:32:30] !aol
[31/5/2022 20:34:45] !emotespells on
[31/5/2022 20:51:29] !aol
[31/5/2022 20:57:6] !serverinfo
[31/5/2022 21:24:16] !aol
[31/5/2022 21:29:24] !aol
[31/5/2022 22:6:45] !aol
[31/5/2022 22:11:19] !aol
[1/6/2022 11:39:6] !frags
[1/6/2022 11:43:6] !guildpoints
[1/6/2022 12:27:11] !guildpoints
[1/6/2022 13:27:39] !frags
[1/6/2022 14:26:13] !frags
[1/6/2022 14:46:40] !frags
[1/6/2022 15:19:21] !guildpoints
[1/6/2022 16:31:31] !frags
[1/6/2022 16:52:34] !frags
[1/6/2022 19:29:19] !frags
[2/6/2022 1:17:43] !frags
[2/6/2022 6:12:25] !frags
[2/6/2022 21:46:0] !frags
[3/6/2022 17:30:29] !frags
[4/6/2022 21:52:46] !guildpoints
[4/6/2022 22:32:18] !guildpoints
[5/6/2022 6:29:14] !guildpoints
[7/6/2022 14:50:21] !guildpoints
[7/6/2022 20:1:47] !frags
[7/6/2022 20:43:12] !frags
