[14/2/2022 9:11:4] !emotespells on
[15/2/2022 8:50:38] !aol
[15/2/2022 9:14:0] !aol
[16/2/2022 0:43:42] !buyhouse
[16/2/2022 0:43:47] aleta som
[16/2/2022 0:45:47] !protecthouse off
[17/2/2022 0:16:1] !aol
[18/2/2022 14:52:1] !aol
[19/2/2022 17:35:4] !aol
[28/5/2022 10:40:5] !emotespells on
[28/5/2022 15:15:24] !aol
[28/5/2022 15:30:33] !guildpoints
[28/5/2022 15:30:48] !guildpoints
[28/5/2022 15:31:34] !guildpoints
[28/5/2022 15:31:36] !guildpoints
[28/5/2022 15:31:38] !guildpoints
[28/5/2022 15:31:49] !guildpoints
[28/5/2022 15:32:17] !guildpoints
[28/5/2022 15:32:42] !guildpoints
[28/5/2022 15:34:0] !guildpoints
