[11/12/2021 10:42:23] !emotespells on
[11/12/2021 10:42:33] !emotespells on
[11/12/2021 13:49:10] !rank club
[11/12/2021 13:49:33] !rank magic
[11/12/2021 22:28:47] !rank club
[11/12/2021 22:29:6] !rank magic
[12/12/2021 20:3:59] !rank club
[12/12/2021 20:4:39] !rank sword
[12/12/2021 20:5:23] !rank magic
[13/12/2021 5:53:48] !rank club
[13/12/2021 5:54:4] !rank magic
[13/12/2021 18:20:56] !rank club
[13/12/2021 19:0:10] !rank shield
[13/12/2021 19:0:46] !rank club
[13/12/2021 19:0:54] !rank magic
[13/12/2021 19:47:41] !rank magic
[13/12/2021 19:47:44] !rank club
[14/12/2021 17:39:8] !rank club
[14/12/2021 17:39:21] !rank shield
[14/12/2021 18:39:14] !rank shield
[14/12/2021 18:39:20] !rank club
[14/12/2021 20:58:58] !rank club
[14/12/2021 21:32:19] !rank club
[15/12/2021 5:58:41] !rank club
[15/12/2021 5:58:55] !rank magic
[15/12/2021 21:29:50] !rank club
[16/12/2021 5:58:33] !rank club
[16/12/2021 5:58:48] !rank shield
[16/12/2021 17:46:36] !rank shield
[17/12/2021 22:45:26] !rank club
[17/12/2021 22:45:56] !rank shield
[17/12/2021 22:46:4] !rank magic
[18/12/2021 21:41:51] !rank club
[18/12/2021 21:42:5] !rank shield
[18/12/2021 21:42:37] !rank magic
[19/12/2021 20:8:35] !rank club
[19/12/2021 20:8:44] !rank shield
