[10/12/2021 20:29:0] !rank distance
[10/12/2021 23:28:25] !rank distance
[11/12/2021 10:21:9] !rank distance
[11/12/2021 10:49:12] !rank distance
[11/12/2021 11:57:7] !aol
[11/12/2021 12:24:40] !aol
[11/12/2021 14:10:53] !rank distance
[11/12/2021 16:24:24] !frags
[11/12/2021 16:30:50] !frags
[11/12/2021 16:53:0] !buyhouse
[11/12/2021 17:5:28] !aol
[11/12/2021 17:38:26] !frags
[11/12/2021 19:22:24] !emotespells on
[11/12/2021 22:12:0] 
[11/12/2021 22:12:4] 
[11/12/2021 22:12:12] 
[11/12/2021 22:12:18] 
[11/12/2021 22:12:20] 
[11/12/2021 22:12:28] 
[11/12/2021 22:12:31] 
[11/12/2021 22:12:33] 
[11/12/2021 22:12:41] 
[11/12/2021 22:12:45] 
[11/12/2021 22:12:49] 
[11/12/2021 22:12:51] 
[11/12/2021 22:13:38] 
[11/12/2021 22:13:40] 
[11/12/2021 22:13:46] 
[11/12/2021 22:13:48] 
[11/12/2021 22:13:51] 
[11/12/2021 22:13:57] 
[11/12/2021 22:14:0] 
[11/12/2021 22:14:3] 
[11/12/2021 22:14:5] 
[11/12/2021 22:14:7] 
[11/12/2021 22:14:9] 
[11/12/2021 22:14:11] 
[11/12/2021 22:14:13] 
[11/12/2021 22:14:37] 
[11/12/2021 22:14:39] 
[11/12/2021 22:15:8] 
[11/12/2021 22:15:10] 
[11/12/2021 22:15:15] 
[11/12/2021 22:15:18] 
[11/12/2021 22:15:20] 
[11/12/2021 22:15:31] 
[11/12/2021 22:15:33] 
[11/12/2021 22:15:41] 
[11/12/2021 22:15:43] 
[11/12/2021 22:15:50] 
[11/12/2021 22:15:52] 
[11/12/2021 22:15:54] 
[11/12/2021 22:16:47] 
[11/12/2021 22:16:50] 
[11/12/2021 22:17:15] 
[11/12/2021 22:17:18] 
[11/12/2021 22:17:20] 
[11/12/2021 22:17:45] 
[11/12/2021 22:17:53] 
[11/12/2021 22:17:59] 
[11/12/2021 22:18:2] 
[11/12/2021 22:18:4] 
[11/12/2021 22:18:6] 
[11/12/2021 22:18:23] 
[11/12/2021 22:18:25] 
[11/12/2021 22:18:32] 
[11/12/2021 22:18:34] 
[11/12/2021 22:18:36] 
[11/12/2021 22:19:30] 
[11/12/2021 22:19:34] 
[11/12/2021 22:19:36] 
[11/12/2021 22:19:41] 
[11/12/2021 22:19:43] 
[11/12/2021 22:19:47] 
[11/12/2021 22:19:49] 
[11/12/2021 22:19:51] 
[11/12/2021 22:19:53] 
[11/12/2021 22:20:15] 
[11/12/2021 22:20:26] 
[11/12/2021 22:20:29] 
[11/12/2021 22:20:53] 
[11/12/2021 22:20:55] 
[11/12/2021 22:20:57] 
[11/12/2021 22:20:59] 
[11/12/2021 22:21:5] 
[11/12/2021 22:21:9] 
[11/12/2021 22:21:11] 
[11/12/2021 22:21:21] 
[11/12/2021 22:21:23] 
[11/12/2021 22:21:31] 
[11/12/2021 22:21:33] 
[11/12/2021 22:21:39] 
[11/12/2021 22:21:41] 
[11/12/2021 22:21:43] 
[11/12/2021 22:22:36] 
[11/12/2021 22:22:38] 
[11/12/2021 22:23:11] 
[11/12/2021 22:23:13] 
[11/12/2021 22:23:36] 
[11/12/2021 22:23:38] 
[11/12/2021 22:23:43] 
[11/12/2021 22:23:45] 
[11/12/2021 22:23:50] 
[11/12/2021 22:23:52] 
[11/12/2021 22:23:54] 
[11/12/2021 22:24:4] 
[11/12/2021 22:24:6] 
[11/12/2021 22:24:12] 
[11/12/2021 22:24:14] 
[11/12/2021 22:24:22] 
[11/12/2021 22:24:25] 
[11/12/2021 22:24:27] 
[11/12/2021 22:25:20] 
[11/12/2021 22:25:22] 
[11/12/2021 22:25:49] 
[11/12/2021 22:25:56] 
[11/12/2021 22:25:58] 
[11/12/2021 22:26:22] 
[11/12/2021 22:26:24] 
[11/12/2021 22:26:30] 
[11/12/2021 22:26:37] 
[11/12/2021 22:26:39] 
[11/12/2021 22:26:41] 
[11/12/2021 22:27:2] 
[11/12/2021 22:27:4] 
[11/12/2021 22:27:13] 
[11/12/2021 22:27:20] 
[11/12/2021 22:27:24] 
[11/12/2021 22:27:26] 
[11/12/2021 22:28:20] 
[11/12/2021 22:28:22] 
[11/12/2021 22:28:24] 
[11/12/2021 22:28:59] 
[11/12/2021 22:29:1] 
[11/12/2021 22:29:34] 
[11/12/2021 22:29:36] 
[11/12/2021 22:29:38] 
[11/12/2021 22:29:40] 
[11/12/2021 22:29:47] 
[11/12/2021 22:29:49] 
[11/12/2021 22:30:5] 
[11/12/2021 22:30:8] 
[11/12/2021 22:30:10] 
[11/12/2021 22:30:28] 
[11/12/2021 22:30:30] 
[11/12/2021 22:30:36] 
[11/12/2021 22:30:38] 
[11/12/2021 22:30:40] 
[11/12/2021 22:31:35] 
[11/12/2021 22:31:37] 
[11/12/2021 22:31:44] 
[11/12/2021 22:31:46] 
[11/12/2021 22:32:13] 
[11/12/2021 22:32:15] 
[11/12/2021 22:32:38] 
[11/12/2021 22:32:40] 
[11/12/2021 22:32:46] 
[11/12/2021 22:32:48] 
[11/12/2021 22:32:54] 
[11/12/2021 22:32:56] 
[11/12/2021 22:32:59] 
[11/12/2021 22:33:16] 
[11/12/2021 22:33:18] 
[11/12/2021 22:33:24] 
[11/12/2021 22:33:26] 
[11/12/2021 22:33:31] 
[11/12/2021 22:34:36] 
[11/12/2021 22:34:38] 
[11/12/2021 22:34:42] 
[11/12/2021 22:34:44] 
[11/12/2021 22:34:46] 
[11/12/2021 22:34:48] 
[11/12/2021 22:35:16] 
[11/12/2021 22:35:37] 
[11/12/2021 22:35:39] 
[11/12/2021 22:35:45] 
[11/12/2021 22:35:47] 
[11/12/2021 22:35:52] 
[11/12/2021 22:35:56] 
[11/12/2021 22:35:58] 
[11/12/2021 22:36:7] 
[11/12/2021 22:36:9] 
[11/12/2021 22:36:11] 
[11/12/2021 22:36:17] 
[11/12/2021 22:36:25] 
[11/12/2021 22:36:27] 
[11/12/2021 22:36:29] 
[11/12/2021 22:37:31] 
[11/12/2021 22:37:33] 
[11/12/2021 22:37:45] 
[11/12/2021 22:37:47] 
[11/12/2021 22:38:24] 
[11/12/2021 22:38:27] 
[11/12/2021 22:38:31] 
[11/12/2021 22:38:33] 
[11/12/2021 22:38:54] 
[11/12/2021 22:38:56] 
[11/12/2021 22:38:59] 
[11/12/2021 22:39:1] 
[11/12/2021 22:39:4] 
[11/12/2021 22:39:7] 
[11/12/2021 22:39:9] 
[11/12/2021 22:39:14] 
[11/12/2021 22:39:16] 
[11/12/2021 22:39:29] 
[11/12/2021 22:39:31] 
[11/12/2021 22:39:40] 
[11/12/2021 22:39:42] 
[11/12/2021 22:39:48] 
[11/12/2021 22:39:50] 
[11/12/2021 22:39:52] 
[11/12/2021 22:40:46] 
[11/12/2021 22:40:48] 
[11/12/2021 22:41:25] 
[11/12/2021 22:41:50] 
[11/12/2021 22:41:52] 
[11/12/2021 22:41:57] 
[11/12/2021 22:41:59] 
[11/12/2021 22:42:6] 
[11/12/2021 22:42:8] 
[11/12/2021 22:42:10] 
[11/12/2021 22:42:26] 
[11/12/2021 22:42:34] 
[11/12/2021 22:42:36] 
[11/12/2021 22:42:38] 
[11/12/2021 22:43:41] 
[11/12/2021 22:43:43] 
[11/12/2021 22:43:56] 
[11/12/2021 22:44:17] 
[11/12/2021 22:44:19] 
[11/12/2021 22:44:45] 
[11/12/2021 22:44:47] 
[11/12/2021 22:44:50] 
[11/12/2021 22:44:52] 
[11/12/2021 22:44:56] 
[11/12/2021 22:44:58] 
[11/12/2021 22:45:28] 
[11/12/2021 22:45:51] 
[11/12/2021 22:45:53] 
[11/12/2021 22:46:1] 
[11/12/2021 22:46:3] 
[11/12/2021 22:46:5] 
[11/12/2021 22:46:23] 
[11/12/2021 22:46:25] 
[11/12/2021 22:46:31] 
[11/12/2021 22:46:33] 
[11/12/2021 22:46:35] 
[11/12/2021 22:46:47] 
[11/12/2021 22:46:49] 
[11/12/2021 22:46:55] 
[11/12/2021 22:46:57] 
[11/12/2021 22:47:21] 
[11/12/2021 22:47:23] 
[11/12/2021 22:47:40] 
[11/12/2021 22:47:48] 
[11/12/2021 22:47:50] 
[11/12/2021 22:47:52] 
[11/12/2021 22:47:54] 
[11/12/2021 22:48:5] 
[11/12/2021 22:48:7] 
[11/12/2021 22:48:13] 
[11/12/2021 22:48:15] 
[11/12/2021 22:48:22] 
[11/12/2021 22:48:24] 
[11/12/2021 22:48:59] 
[11/12/2021 22:49:2] 
[11/12/2021 22:49:4] 
[11/12/2021 22:49:10] 
[11/12/2021 22:49:15] 
[11/12/2021 22:49:18] 
[11/12/2021 22:49:20] 
[11/12/2021 22:49:28] 
[11/12/2021 22:49:30] 
[11/12/2021 22:50:9] 
[11/12/2021 22:50:11] 
[11/12/2021 22:50:16] 
[11/12/2021 22:50:18] 
[11/12/2021 22:50:24] 
[11/12/2021 22:50:47] 
[11/12/2021 22:50:50] 
[11/12/2021 22:50:54] 
[11/12/2021 22:50:56] 
[11/12/2021 22:51:5] 
[11/12/2021 22:51:7] 
[11/12/2021 22:51:11] 
[11/12/2021 22:51:14] 
[11/12/2021 22:51:42] 
[11/12/2021 22:51:44] 
[11/12/2021 22:52:13] 
[11/12/2021 22:52:15] 
[11/12/2021 22:52:17] 
[11/12/2021 22:52:19] 
[11/12/2021 22:53:24] 
[11/12/2021 22:53:26] 
[11/12/2021 22:53:28] 
[11/12/2021 22:53:30] 
[11/12/2021 22:53:34] 
[11/12/2021 22:53:36] 
[11/12/2021 22:53:50] 
[11/12/2021 22:53:54] 
[11/12/2021 22:53:56] 
[11/12/2021 22:54:2] 
[11/12/2021 22:54:4] 
[11/12/2021 22:54:6] 
[11/12/2021 22:54:13] 
[11/12/2021 22:54:15] 
[11/12/2021 22:54:50] 
[11/12/2021 22:54:52] 
[11/12/2021 22:55:16] 
[11/12/2021 22:55:19] 
[11/12/2021 22:55:21] 
[11/12/2021 22:55:26] 
[11/12/2021 22:55:28] 
[11/12/2021 22:55:39] 
[11/12/2021 22:55:41] 
[11/12/2021 22:56:38] 
[11/12/2021 22:56:40] 
[11/12/2021 22:56:52] 
[11/12/2021 22:56:54] 
[11/12/2021 22:56:56] 
[11/12/2021 22:57:1] 
[11/12/2021 22:57:5] 
[11/12/2021 22:57:7] 
[11/12/2021 22:57:15] 
[11/12/2021 22:57:18] 
[11/12/2021 22:57:20] 
[11/12/2021 22:57:27] 
[11/12/2021 22:57:29] 
[11/12/2021 22:58:4] 
[11/12/2021 22:58:33] 
[11/12/2021 22:58:40] 
[11/12/2021 22:58:42] 
[11/12/2021 22:58:54] 
[11/12/2021 22:58:56] 
[11/12/2021 22:59:50] 
[11/12/2021 22:59:52] 
[11/12/2021 23:0:9] 
[11/12/2021 23:0:12] 
[11/12/2021 23:0:14] 
[11/12/2021 23:0:19] 
[11/12/2021 23:0:21] 
[11/12/2021 23:0:24] 
[11/12/2021 23:0:26] 
[11/12/2021 23:0:38] 
[11/12/2021 23:0:40] 
[11/12/2021 23:1:2] 
[11/12/2021 23:1:36] 
[11/12/2021 23:1:39] 
[11/12/2021 23:1:44] 
[11/12/2021 23:2:50] 
[11/12/2021 23:2:52] 
[11/12/2021 23:2:54] 
[11/12/2021 23:3:14] 
[11/12/2021 23:3:16] 
[11/12/2021 23:3:20] 
[11/12/2021 23:3:23] 
[11/12/2021 23:3:30] 
[11/12/2021 23:3:40] 
[11/12/2021 23:3:42] 
[11/12/2021 23:4:16] 
[11/12/2021 23:4:18] 
[11/12/2021 23:5:4] 
[11/12/2021 23:5:6] 
[11/12/2021 23:5:12] 
[11/12/2021 23:5:18] 
[11/12/2021 23:5:21] 
[11/12/2021 23:5:23] 
[11/12/2021 23:5:31] 
[11/12/2021 23:5:33] 
[11/12/2021 23:6:32] 
[11/12/2021 23:6:34] 
[11/12/2021 23:6:51] 
[11/12/2021 23:6:54] 
[11/12/2021 23:6:56] 
[11/12/2021 23:7:3] 
[11/12/2021 23:7:5] 
[11/12/2021 23:7:7] 
[11/12/2021 23:7:9] 
[11/12/2021 23:7:24] 
[11/12/2021 23:7:26] 
[11/12/2021 23:7:30] 
[11/12/2021 23:7:32] 
[11/12/2021 23:7:55] 
[11/12/2021 23:7:57] 
[11/12/2021 23:8:21] 
[11/12/2021 23:8:23] 
[11/12/2021 23:8:27] 
[11/12/2021 23:8:29] 
[11/12/2021 23:9:39] 
[11/12/2021 23:9:41] 
[11/12/2021 23:10:2] 
[11/12/2021 23:10:9] 
[11/12/2021 23:10:23] 
[11/12/2021 23:10:25] 
[11/12/2021 23:10:59] 
[11/12/2021 23:11:1] 
[11/12/2021 23:11:21] 
[11/12/2021 23:11:28] 
[11/12/2021 23:11:30] 
[11/12/2021 23:11:33] 
[11/12/2021 23:11:36] 
[11/12/2021 23:11:38] 
[11/12/2021 23:12:42] 
[11/12/2021 23:12:44] 
[11/12/2021 23:12:46] 
[11/12/2021 23:13:7] 
[11/12/2021 23:13:10] 
[11/12/2021 23:13:13] 
[11/12/2021 23:13:15] 
[11/12/2021 23:13:26] 
[11/12/2021 23:13:32] 
[11/12/2021 23:13:34] 
[11/12/2021 23:14:4] 
[11/12/2021 23:14:27] 
[11/12/2021 23:14:29] 
[11/12/2021 23:14:32] 
[11/12/2021 23:14:34] 
[11/12/2021 23:14:38] 
[11/12/2021 23:14:40] 
[11/12/2021 23:14:49] 
[11/12/2021 23:14:51] 
[11/12/2021 23:15:47] 
[11/12/2021 23:16:7] 
[11/12/2021 23:16:13] 
[11/12/2021 23:16:16] 
[11/12/2021 23:16:23] 
[11/12/2021 23:17:6] 
[11/12/2021 23:17:8] 
[11/12/2021 23:17:32] 
[11/12/2021 23:17:34] 
[11/12/2021 23:17:40] 
[11/12/2021 23:17:42] 
[11/12/2021 23:17:48] 
[11/12/2021 23:17:52] 
[11/12/2021 23:17:54] 
[11/12/2021 23:18:9] 
[11/12/2021 23:18:11] 
[11/12/2021 23:19:5] 
[11/12/2021 23:19:7] 
[11/12/2021 23:19:23] 
[11/12/2021 23:19:27] 
[11/12/2021 23:19:34] 
[11/12/2021 23:19:36] 
[11/12/2021 23:19:41] 
[11/12/2021 23:19:43] 
[11/12/2021 23:20:21] 
[11/12/2021 23:20:23] 
[11/12/2021 23:21:1] 
[11/12/2021 23:21:6] 
[11/12/2021 23:21:8] 
[11/12/2021 23:21:32] 
[11/12/2021 23:21:34] 
[11/12/2021 23:21:37] 
[11/12/2021 23:21:39] 
[11/12/2021 23:22:41] 
[11/12/2021 23:22:44] 
[11/12/2021 23:22:46] 
[11/12/2021 23:22:48] 
[11/12/2021 23:22:56] 
[11/12/2021 23:22:58] 
[11/12/2021 23:23:4] 
[11/12/2021 23:23:6] 
[11/12/2021 23:23:11] 
[11/12/2021 23:23:14] 
[11/12/2021 23:23:16] 
[11/12/2021 23:24:29] 
[11/12/2021 23:24:32] 
[11/12/2021 23:24:58] 
[11/12/2021 23:25:0] 
[11/12/2021 23:25:5] 
[11/12/2021 23:25:7] 
[11/12/2021 23:25:12] 
[11/12/2021 23:25:14] 
[11/12/2021 23:25:16] 
[11/12/2021 23:25:31] 
[11/12/2021 23:25:33] 
[11/12/2021 23:26:45] 
[11/12/2021 23:26:47] 
[11/12/2021 23:26:49] 
[11/12/2021 23:26:51] 
[11/12/2021 23:27:3] 
[11/12/2021 23:27:5] 
[11/12/2021 23:27:8] 
[11/12/2021 23:27:14] 
[11/12/2021 23:27:16] 
[11/12/2021 23:27:24] 
[11/12/2021 23:27:26] 
[11/12/2021 23:27:42] 
[11/12/2021 23:27:44] 
[11/12/2021 23:27:59] 
[11/12/2021 23:28:1] 
[11/12/2021 23:28:30] 
[11/12/2021 23:28:52] 
[11/12/2021 23:28:55] 
[11/12/2021 23:29:0] 
[11/12/2021 23:29:6] 
[11/12/2021 23:29:9] 
[11/12/2021 23:29:11] 
[11/12/2021 23:30:12] 
[11/12/2021 23:30:14] 
[11/12/2021 23:30:17] 
[11/12/2021 23:30:19] 
[11/12/2021 23:30:36] 
[11/12/2021 23:30:38] 
[11/12/2021 23:30:40] 
[11/12/2021 23:30:42] 
[11/12/2021 23:30:49] 
[11/12/2021 23:30:51] 
[11/12/2021 23:30:53] 
[11/12/2021 23:30:55] 
[11/12/2021 23:31:33] 
[11/12/2021 23:31:36] 
[11/12/2021 23:31:38] 
[11/12/2021 23:32:6] 
[11/12/2021 23:32:9] 
[11/12/2021 23:32:13] 
[11/12/2021 23:32:15] 
[11/12/2021 23:32:26] 
[11/12/2021 23:32:28] 
[11/12/2021 23:33:56] 
[11/12/2021 23:33:59] 
[11/12/2021 23:34:1] 
[11/12/2021 23:34:3] 
[11/12/2021 23:34:5] 
[11/12/2021 23:34:15] 
[11/12/2021 23:34:17] 
[11/12/2021 23:34:23] 
[11/12/2021 23:34:26] 
[11/12/2021 23:34:28] 
[11/12/2021 23:34:34] 
[11/12/2021 23:34:37] 
[11/12/2021 23:34:42] 
[11/12/2021 23:35:22] 
[11/12/2021 23:35:24] 
[11/12/2021 23:35:49] 
[11/12/2021 23:35:51] 
[11/12/2021 23:35:53] 
[11/12/2021 23:35:58] 
[11/12/2021 23:36:0] 
[11/12/2021 23:36:13] 
[11/12/2021 23:36:15] 
[11/12/2021 23:37:28] 
[11/12/2021 23:37:30] 
[11/12/2021 23:37:33] 
[11/12/2021 23:37:35] 
[11/12/2021 23:37:49] 
[11/12/2021 23:37:51] 
[11/12/2021 23:37:54] 
[11/12/2021 23:38:0] 
[11/12/2021 23:38:7] 
[11/12/2021 23:38:9] 
[11/12/2021 23:38:15] 
[11/12/2021 23:38:17] 
[11/12/2021 23:38:54] 
[11/12/2021 23:38:56] 
[11/12/2021 23:39:17] 
[11/12/2021 23:39:26] 
[11/12/2021 23:39:49] 
[11/12/2021 23:39:51] 
[11/12/2021 23:40:3] 
[11/12/2021 23:40:6] 
[11/12/2021 23:40:8] 
[11/12/2021 23:40:15] 
[11/12/2021 23:40:17] 
[11/12/2021 23:41:16] 
[11/12/2021 23:41:18] 
[11/12/2021 23:41:34] 
[11/12/2021 23:41:36] 
[11/12/2021 23:41:38] 
[11/12/2021 23:41:44] 
[11/12/2021 23:41:48] 
[11/12/2021 23:41:53] 
[11/12/2021 23:42:11] 
[11/12/2021 23:42:13] 
[11/12/2021 23:42:31] 
[11/12/2021 23:42:34] 
[11/12/2021 23:42:37] 
[11/12/2021 23:42:39] 
[11/12/2021 23:43:31] 
[11/12/2021 23:43:36] 
[11/12/2021 23:43:38] 
[11/12/2021 23:43:49] 
[11/12/2021 23:43:51] 
[12/12/2021 1:7:55] !rank distance
[12/12/2021 18:17:29] !frags
[12/12/2021 19:38:11] !rank distance
[13/12/2021 19:56:39] !rank distance
[14/12/2021 21:23:37] !rank distance
[14/12/2021 21:23:49] !rank
[14/12/2021 21:23:54] !rank level
[14/12/2021 23:1:48] !rank distance
[15/12/2021 6:13:42] !rank distance
[17/12/2021 20:14:29] !rank distance
[17/12/2021 20:14:45] !rank sword
[18/12/2021 12:34:49] !rank distance
