[16/2/2022 13:16:44] !emotespells off
[16/2/2022 13:56:19] !addon
[16/2/2022 14:38:11] !aol
[16/2/2022 22:24:16] !aol
[17/2/2022 23:55:6] !online
[18/2/2022 11:21:5] !guildpoints
[18/2/2022 12:15:32] !aol
[18/2/2022 14:21:11] !aol
[18/2/2022 15:16:35] !aol
[18/2/2022 15:40:49] !guildpoints
[18/2/2022 15:41:30] !guildpoints
[18/2/2022 15:41:59] !guildpoints
[18/2/2022 15:43:10] !guildpoints
[18/2/2022 15:49:48] !guildpoints
[18/2/2022 15:50:28] !guildpoints
[18/2/2022 15:51:8] !online
[18/2/2022 16:53:13] !guildpoints
[18/2/2022 20:14:11] !aol
[18/2/2022 21:45:52] !guildpoints
[19/2/2022 19:51:10] !guildpoints
[19/2/2022 19:51:23] !online
[21/2/2022 10:38:48] !online
[21/2/2022 10:53:25] !guildpoints
[21/2/2022 11:7:36] !guildpoints
[21/2/2022 11:59:34] !guildpoints
[21/2/2022 12:28:26] !aol
[21/2/2022 12:29:56] !guildpoints
[21/2/2022 14:31:18] !emotespells off
[21/2/2022 14:38:28] !aol
[21/2/2022 14:42:28] !aol
[21/2/2022 17:7:51] !aol
[21/2/2022 17:13:22] !aol
[21/2/2022 18:13:54] !aol
[21/2/2022 22:19:37] !guildpoints
[21/2/2022 23:18:19] !online
[21/2/2022 23:20:56] !guildpoints
[21/2/2022 23:47:18] !aol
[22/2/2022 0:6:41] !aol
