[27/5/2022 20:35:21] !emotespells
[27/5/2022 20:59:56] !emotespells on
[27/5/2022 21:4:2] !aol
[27/5/2022 21:12:13] !aol
[27/5/2022 21:12:15] !aol
[27/5/2022 21:14:30] !aol
[27/5/2022 21:17:42] !emotespells on
[27/5/2022 21:29:16] !aol
[27/5/2022 21:52:35] !aol
[27/5/2022 22:52:0] !aol
[27/5/2022 22:53:16] !emotespells on
[27/5/2022 23:3:17] !emotespells on
[27/5/2022 23:7:2] !aol
[27/5/2022 23:7:5] !aol
[27/5/2022 23:7:8] !aol
[27/5/2022 23:7:11] !aol
[27/5/2022 23:7:13] !emotespells on
[27/5/2022 23:7:18] !aol
[27/5/2022 23:7:21] !aol
[27/5/2022 23:7:24] !aol
[27/5/2022 23:13:26] !aol
[27/5/2022 23:29:8] !emotespells on
[28/5/2022 0:16:20] !emotespells on
[28/5/2022 1:9:56] !emotespells on
[28/5/2022 2:8:26] !emotespells on
[28/5/2022 3:16:47] !emotespells on
[28/5/2022 3:57:34] !emotespells on
[28/5/2022 4:43:34] !emotespells on
[28/5/2022 5:23:34] !emotespells on
[28/5/2022 5:50:4] !emotespells on
[28/5/2022 6:17:53] !emotespells on
[28/5/2022 6:39:58] !emotespells on
[28/5/2022 7:14:56] !emotespells on
[28/5/2022 7:47:46] !emotespells on
[28/5/2022 8:43:3] !emotespells on
[28/5/2022 9:23:33] !emotespells on
[28/5/2022 10:5:14] !emotespells on
[28/5/2022 10:43:17] !emotespells on
[28/5/2022 23:50:44] !emotespells on
[28/5/2022 23:58:28] !emotespells on
[29/5/2022 0:12:11] !emotespells on
[29/5/2022 0:19:31] !emotespells on
[29/5/2022 0:27:36] !emotespells on
[29/5/2022 0:30:26] !emotespells on
[29/5/2022 0:38:11] !emotespells on
[29/5/2022 0:45:36] !emotespells on
[29/5/2022 0:53:8] !emotespells on
[29/5/2022 1:1:5] !emotespells on
[29/5/2022 1:9:53] !emotespells on
[29/5/2022 1:17:56] !emotespells on
[29/5/2022 1:25:20] !emotespells on
[29/5/2022 1:33:55] !emotespells on
[29/5/2022 1:41:17] !emotespells on
[29/5/2022 1:48:16] !emotespells on
[29/5/2022 1:54:58] !emotespells on
[29/5/2022 2:2:50] !emotespells on
[29/5/2022 2:10:45] !emotespells on
[29/5/2022 2:19:27] !emotespells on
[29/5/2022 2:26:40] !emotespells on
[29/5/2022 2:34:19] !emotespells on
[29/5/2022 2:42:2] !emotespells on
[29/5/2022 2:49:22] !emotespells on
[29/5/2022 2:56:43] !emotespells on
[29/5/2022 3:3:34] !emotespells on
[29/5/2022 3:10:44] !emotespells on
[29/5/2022 3:18:37] !emotespells on
[29/5/2022 3:26:14] !emotespells on
[29/5/2022 3:33:12] !emotespells on
[29/5/2022 3:39:39] !emotespells on
[29/5/2022 3:47:13] !emotespells on
[29/5/2022 3:54:43] !emotespells on
[29/5/2022 4:2:50] !emotespells on
[29/5/2022 4:9:10] !emotespells on
[29/5/2022 4:16:1] !emotespells on
[29/5/2022 4:24:2] !emotespells on
[29/5/2022 4:31:5] !emotespells on
[29/5/2022 5:2:26] !emotespells on
[29/5/2022 5:16:1] !emotespells on
[29/5/2022 5:23:43] !emotespells on
[29/5/2022 5:30:46] !emotespells on
[29/5/2022 5:38:12] !emotespells on
[29/5/2022 5:45:29] !emotespells on
[29/5/2022 5:54:47] !emotespells on
[29/5/2022 6:1:52] !emotespells on
[29/5/2022 6:8:36] !emotespells on
[29/5/2022 6:14:1] !emotespells on
[29/5/2022 6:20:18] !emotespells on
[29/5/2022 6:27:22] !emotespells on
[29/5/2022 6:32:41] !emotespells on
[29/5/2022 6:38:2] !emotespells on
[29/5/2022 6:44:39] !emotespells on
[29/5/2022 6:50:21] !emotespells on
[29/5/2022 6:56:28] !emotespells on
[29/5/2022 7:2:0] !emotespells on
[29/5/2022 7:6:57] !emotespells on
[29/5/2022 7:12:26] !emotespells on
[29/5/2022 7:17:45] !emotespells on
[29/5/2022 7:23:34] !emotespells on
[29/5/2022 7:29:46] !emotespells on
[29/5/2022 7:35:41] !emotespells on
[29/5/2022 7:41:21] !emotespells on
[29/5/2022 7:46:55] !emotespells on
[29/5/2022 7:52:24] !emotespells on
[29/5/2022 7:58:43] !emotespells on
[29/5/2022 8:4:22] !emotespells on
[29/5/2022 8:10:22] !emotespells on
[29/5/2022 8:16:1] !emotespells on
[29/5/2022 8:21:59] !emotespells on
[29/5/2022 8:27:25] !emotespells on
[29/5/2022 8:28:3] !emotespells on
[29/5/2022 8:34:34] !emotespells on
[29/5/2022 8:39:28] !emotespells on
[29/5/2022 8:45:30] !emotespells on
[29/5/2022 8:51:34] !emotespells on
[29/5/2022 8:55:56] !emotespells on
[29/5/2022 9:3:18] !emotespells on
[29/5/2022 9:9:4] !emotespells on
[29/5/2022 9:15:3] !emotespells on
[29/5/2022 9:20:38] !emotespells on
[29/5/2022 9:21:16] !emotespells on
[29/5/2022 9:27:47] !emotespells on
[29/5/2022 9:33:29] !emotespells on
[29/5/2022 9:39:11] !emotespells on
[29/5/2022 9:45:38] !emotespells on
[29/5/2022 9:51:19] !emotespells on
[29/5/2022 9:57:49] !emotespells on
[29/5/2022 10:4:59] !emotespells on
[29/5/2022 10:12:14] !emotespells on
[29/5/2022 10:20:28] !emotespells on
[29/5/2022 10:26:34] !emotespells on
[29/5/2022 10:32:40] !emotespells on
[29/5/2022 10:38:39] !emotespells on
[29/5/2022 10:44:23] !emotespells on
[29/5/2022 10:50:5] !emotespells on
[29/5/2022 10:56:6] !emotespells on
[29/5/2022 11:1:36] !emotespells on
[29/5/2022 11:7:22] !emotespells on
[29/5/2022 11:8:51] !emotespells on
[29/5/2022 11:14:22] !emotespells on
[29/5/2022 11:20:1] !emotespells on
[29/5/2022 11:26:4] !emotespells on
[29/5/2022 11:32:10] !emotespells on
[29/5/2022 11:37:58] !emotespells on
[29/5/2022 11:44:37] !emotespells on
[29/5/2022 11:50:15] !emotespells on
[29/5/2022 11:55:22] !emotespells on
[29/5/2022 12:1:17] !emotespells on
[29/5/2022 12:6:27] !emotespells on
[29/5/2022 12:11:52] !emotespells on
[29/5/2022 21:11:21] !online
[29/5/2022 21:53:1] !emotespells on
[29/5/2022 21:54:44] !emotespells on
[29/5/2022 22:21:9] !frags
[29/5/2022 22:39:17] !emotespells on
[29/5/2022 23:24:34] !online
[29/5/2022 23:50:12] !emotespells on
[30/5/2022 0:49:24] !emotespells on
[30/5/2022 1:48:8] !emotespells on
[30/5/2022 2:41:36] !emotespells on
[30/5/2022 3:17:15] !emotespells on
[30/5/2022 3:40:5] !emotespells on
[30/5/2022 4:7:6] !emotespells on
[30/5/2022 4:34:7] !emotespells on
[30/5/2022 4:55:23] !emotespells on
[30/5/2022 5:24:14] !emotespells on
[30/5/2022 5:45:34] !emotespells on
[30/5/2022 6:6:28] !emotespells on
[30/5/2022 6:33:3] !emotespells on
[30/5/2022 7:1:6] !emotespells on
[30/5/2022 7:22:27] !emotespells on
[30/5/2022 7:48:49] !emotespells on
[30/5/2022 8:11:4] !emotespells on
[30/5/2022 8:42:11] !emotespells on
[30/5/2022 9:11:53] !emotespells on
[30/5/2022 9:36:35] !emotespells on
[30/5/2022 10:4:39] !emotespells on
[30/5/2022 10:25:43] !emotespells on
[30/5/2022 10:50:45] !emotespells on
[30/5/2022 11:12:2] !emotespells on
[30/5/2022 11:36:51] !emotespells on
[30/5/2022 12:0:33] !emotespells on
[30/5/2022 13:2:37] !emotespells on
[30/5/2022 14:12:9] !emotespells on
[30/5/2022 14:32:54] !emotespells on
[30/5/2022 15:2:23] !emotespells on
[30/5/2022 15:24:2] !emotespells on
[30/5/2022 15:44:12] !emotespells on
[30/5/2022 16:9:38] !emotespells on
[30/5/2022 16:39:27] !emotespells on
[30/5/2022 17:5:50] !emotespells on
[30/5/2022 17:32:0] !buyhouse
[30/5/2022 17:32:3] !buyhouse
[30/5/2022 17:32:6] !buyhouse
[30/5/2022 17:35:58] !buyhouse
[30/5/2022 18:2:39] !online
[30/5/2022 18:38:14] !online
[31/5/2022 20:4:55] !aol
[31/5/2022 20:33:31] !aol
[31/5/2022 20:43:54] !emotespells
[31/5/2022 20:44:0] !emotespells
[31/5/2022 20:44:3] !emotespells on
[1/6/2022 0:52:7] !emotespells on
[1/6/2022 1:37:15] !emotespells on
[1/6/2022 2:19:9] !emotespells on
[1/6/2022 4:57:18] !emotespells on
[1/6/2022 4:57:54] !emotespells on
[1/6/2022 4:58:30] !emotespells on
[1/6/2022 4:59:6] !emotespells on
[1/6/2022 4:59:43] !emotespells on
[1/6/2022 5:42:39] !emotespells on
[1/6/2022 6:20:54] !emotespells on
[1/6/2022 7:14:11] !emotespells on
[1/6/2022 7:35:46] !emotespells on
[1/6/2022 19:37:23] !emotespells on
[1/6/2022 19:45:12] !emotespells on
[1/6/2022 19:50:45] !emotespells on
[1/6/2022 19:58:8] !emotespells on
[1/6/2022 20:5:56] !emotespells on
[1/6/2022 20:16:32] !emotespells on
[1/6/2022 20:24:53] !emotespells on
[2/6/2022 1:0:38] !emotespells on
[2/6/2022 1:35:59] !emotespells on
[2/6/2022 1:52:57] !emotespells on
[2/6/2022 1:58:4] !emotespells on
[2/6/2022 2:7:43] !emotespells on
[2/6/2022 2:18:32] !emotespells on
[2/6/2022 2:21:7] !emotespells on
[2/6/2022 2:30:8] !emotespells on
[2/6/2022 2:36:35] !emotespells on
[2/6/2022 2:42:54] !emotespells on
[2/6/2022 2:49:42] !emotespells on
[2/6/2022 2:55:56] !emotespells on
[2/6/2022 3:2:53] !emotespells on
[2/6/2022 3:11:59] !emotespells on
[2/6/2022 3:19:27] !emotespells on
[2/6/2022 3:26:36] !emotespells on
[2/6/2022 3:34:18] !emotespells on
[2/6/2022 3:44:4] !emotespells on
[2/6/2022 3:54:38] !emotespells on
[2/6/2022 4:2:37] !emotespells on
[2/6/2022 4:10:41] !emotespells on
[2/6/2022 4:18:7] !emotespells on
[2/6/2022 4:27:5] !emotespells on
[2/6/2022 4:32:31] !emotespells on
[2/6/2022 4:38:48] !emotespells on
[2/6/2022 4:45:7] !emotespells on
[2/6/2022 4:51:0] !emotespells on
[2/6/2022 4:57:21] !emotespells on
[2/6/2022 5:8:31] !emotespells on
[2/6/2022 5:16:43] !emotespells on
[2/6/2022 5:24:30] !emotespells on
[2/6/2022 5:31:31] !emotespells on
[2/6/2022 5:40:28] !emotespells on
[2/6/2022 5:47:41] !emotespells on
[2/6/2022 5:53:14] !emotespells on
[2/6/2022 5:59:32] !emotespells on
[2/6/2022 6:7:26] !emotespells on
[2/6/2022 6:11:16] !emotespells on
[2/6/2022 6:19:31] !emotespells on
[2/6/2022 6:29:44] !emotespells on
[2/6/2022 6:38:7] !emotespells on
[2/6/2022 6:45:56] !emotespells on
[2/6/2022 6:54:57] !emotespells on
[2/6/2022 7:1:53] !emotespells on
[2/6/2022 7:7:29] !emotespells on
[2/6/2022 7:14:18] !emotespells on
[2/6/2022 7:19:34] !emotespells on
[2/6/2022 7:25:17] !emotespells on
[2/6/2022 7:30:48] !emotespells on
[2/6/2022 7:38:21] !emotespells on
[2/6/2022 7:48:36] !emotespells on
[2/6/2022 7:56:16] !emotespells on
[2/6/2022 5:7:20] !emotespells on
[2/6/2022 5:13:57] !emotespells on
[2/6/2022 5:22:24] !emotespells on
[2/6/2022 5:29:7] !emotespells on
[2/6/2022 5:36:27] !emotespells on
[2/6/2022 5:43:52] !emotespells on
[2/6/2022 5:50:48] !emotespells on
[2/6/2022 6:3:57] !emotespells on
[2/6/2022 6:12:48] !emotespells on
[2/6/2022 6:19:48] !emotespells on
[2/6/2022 6:27:39] !emotespells on
[2/6/2022 6:35:19] !emotespells on
[2/6/2022 6:42:43] !emotespells on
[2/6/2022 6:52:0] !emotespells on
[2/6/2022 6:58:12] !emotespells on
[2/6/2022 7:5:36] !emotespells on
[2/6/2022 7:14:42] !emotespells on
[2/6/2022 7:22:57] !emotespells on
[2/6/2022 7:30:4] !emotespells on
[2/6/2022 7:35:35] !emotespells on
[2/6/2022 7:43:33] !emotespells on
[2/6/2022 8:5:40] !emotespells on
[2/6/2022 8:12:35] !emotespells on
[2/6/2022 8:20:12] !emotespells on
[2/6/2022 8:26:7] !emotespells on
[2/6/2022 8:33:42] !emotespells on
[2/6/2022 8:41:19] !emotespells on
[2/6/2022 8:48:52] !emotespells on
[2/6/2022 8:56:25] !emotespells on
[2/6/2022 9:3:57] !emotespells on
[2/6/2022 9:11:2] !emotespells on
[2/6/2022 9:17:10] !emotespells on
[2/6/2022 9:26:10] !emotespells on
[2/6/2022 9:34:2] !emotespells on
[2/6/2022 9:40:22] !emotespells on
[2/6/2022 9:49:27] !emotespells on
[2/6/2022 9:57:17] !emotespells on
[2/6/2022 10:4:20] !emotespells on
[2/6/2022 10:11:29] !emotespells on
[2/6/2022 10:18:24] !emotespells on
[2/6/2022 10:25:41] !emotespells on
[2/6/2022 10:26:41] !emotespells on
[2/6/2022 10:38:21] !emotespells on
[2/6/2022 16:26:54] !emotespells on
[2/6/2022 16:41:30] !emotespells on
[2/6/2022 16:50:22] !emotespells on
[2/6/2022 17:0:16] !emotespells on
[2/6/2022 17:19:56] !emotespells on
[2/6/2022 17:30:0] !emotespells on
[2/6/2022 17:38:33] !emotespells on
[2/6/2022 17:46:56] !emotespells on
[2/6/2022 18:0:48] !emotespells on
[2/6/2022 18:7:28] !emotespells on
[2/6/2022 18:21:40] !emotespells on
[2/6/2022 18:38:8] !emotespells on
[2/6/2022 18:58:26] !emotespells on
[2/6/2022 19:7:22] !emotespells on
[2/6/2022 19:17:4] !emotespells on
[2/6/2022 19:22:41] !emotespells on
[2/6/2022 19:29:10] !emotespells on
[2/6/2022 19:34:56] !emotespells on
[2/6/2022 19:40:39] !emotespells on
[2/6/2022 19:47:10] !emotespells on
[2/6/2022 19:53:19] !emotespells on
[2/6/2022 19:58:48] !emotespells on
[2/6/2022 20:6:1] !emotespells on
[2/6/2022 20:12:6] !emotespells on
[2/6/2022 20:16:25] !emotespells on
[2/6/2022 20:22:21] !emotespells on
[2/6/2022 20:32:16] !emotespells on
[2/6/2022 20:38:25] !emotespells on
[2/6/2022 20:44:30] !emotespells on
[2/6/2022 21:1:37] !emotespells on
[2/6/2022 21:7:3] !emotespells on
[2/6/2022 21:15:53] !emotespells on
[2/6/2022 21:24:5] !emotespells on
[2/6/2022 22:23:33] !emotespells on
[2/6/2022 22:30:42] !emotespells on
[2/6/2022 22:37:48] !emotespells on
[2/6/2022 22:46:6] !emotespells on
[2/6/2022 22:52:19] !emotespells on
[2/6/2022 22:57:41] !emotespells on
[2/6/2022 23:3:49] !emotespells on
[2/6/2022 23:16:51] !frags
[3/6/2022 0:4:0] !emotespells on
[3/6/2022 0:14:26] !emotespells on
[3/6/2022 0:25:20] !emotespells on
[3/6/2022 0:39:38] !emotespells on
[3/6/2022 1:22:54] !emotespells on
[3/6/2022 1:34:24] !emotespells on
[3/6/2022 1:43:49] !emotespells on
[3/6/2022 1:52:46] !emotespells on
[3/6/2022 2:2:54] !emotespells on
[3/6/2022 2:12:51] !emotespells on
[3/6/2022 2:22:32] !emotespells on
[3/6/2022 2:46:42] !emotespells on
[3/6/2022 2:58:5] !emotespells on
[3/6/2022 3:7:17] !emotespells on
[3/6/2022 3:15:14] !emotespells on
[3/6/2022 3:24:31] !emotespells on
[3/6/2022 3:48:35] !emotespells on
[3/6/2022 3:59:18] !emotespells on
[3/6/2022 4:8:22] !emotespells on
[3/6/2022 4:17:28] !emotespells on
[3/6/2022 4:26:0] !emotespells on
[3/6/2022 4:38:27] !emotespells on
[3/6/2022 4:49:16] !emotespells on
[3/6/2022 4:57:14] !emotespells on
[3/6/2022 5:18:20] !emotespells on
[3/6/2022 5:25:43] !emotespells on
[3/6/2022 5:34:39] !emotespells on
[3/6/2022 5:44:42] !emotespells on
[3/6/2022 5:54:18] !emotespells on
[3/6/2022 6:2:12] !emotespells on
[3/6/2022 6:10:1] !emotespells on
[3/6/2022 6:18:29] !emotespells on
[3/6/2022 6:28:21] !emotespells on
[3/6/2022 9:54:35] !emotespells on
[3/6/2022 10:3:4] !emotespells on
[3/6/2022 10:8:31] !emotespells on
[3/6/2022 10:15:8] !emotespells on
[3/6/2022 10:22:5] !emotespells on
[3/6/2022 10:28:10] !emotespells on
[3/6/2022 10:33:52] !emotespells on
[3/6/2022 10:39:0] !emotespells on
[3/6/2022 10:44:55] !emotespells on
[3/6/2022 10:45:33] !emotespells on
[3/6/2022 10:52:27] !emotespells on
[3/6/2022 10:59:22] !emotespells on
[3/6/2022 11:5:18] !emotespells on
[3/6/2022 11:30:7] !emotespells on
[3/6/2022 11:37:20] !emotespells on
[3/6/2022 11:43:40] !emotespells on
[3/6/2022 11:49:55] !emotespells on
[3/6/2022 11:56:56] !emotespells on
[3/6/2022 12:2:51] !emotespells on
[3/6/2022 12:9:13] !emotespells on
[3/6/2022 12:15:47] !emotespells on
[3/6/2022 12:21:18] !emotespells on
[3/6/2022 12:27:8] !emotespells on
[3/6/2022 12:32:27] !emotespells on
[3/6/2022 12:36:48] !emotespells on
[3/6/2022 12:46:47] !emotespells on
[3/6/2022 12:51:36] !emotespells on
[3/6/2022 12:57:36] !emotespells on
[3/6/2022 13:8:20] !emotespells on
[3/6/2022 13:11:21] !emotespells on
[3/6/2022 13:11:56] !emotespells on
[3/6/2022 13:12:31] !emotespells on
[3/6/2022 13:13:5] !emotespells on
[3/6/2022 13:13:40] !emotespells on
[3/6/2022 13:14:14] !emotespells on
[3/6/2022 13:14:49] !emotespells on
[3/6/2022 13:15:24] !emotespells on
[3/6/2022 13:15:59] !emotespells on
[3/6/2022 13:16:34] !emotespells on
[3/6/2022 13:17:9] !emotespells on
[3/6/2022 13:17:44] !emotespells on
[3/6/2022 13:18:18] !emotespells on
[3/6/2022 13:18:53] !emotespells on
[3/6/2022 13:19:57] !emotespells on
[3/6/2022 13:20:32] !emotespells on
[3/6/2022 13:21:38] !emotespells on
[3/6/2022 13:22:16] !emotespells on
[3/6/2022 13:22:51] !emotespells on
[3/6/2022 13:23:26] !emotespells on
[3/6/2022 13:24:0] !emotespells on
[3/6/2022 13:24:35] !emotespells on
[3/6/2022 13:25:9] !emotespells on
[3/6/2022 13:25:44] !emotespells on
[3/6/2022 13:26:19] !emotespells on
[3/6/2022 13:27:29] !emotespells on
[3/6/2022 13:28:4] !emotespells on
[3/6/2022 13:28:38] !emotespells on
[3/6/2022 13:29:12] !emotespells on
[3/6/2022 13:29:48] !emotespells on
[3/6/2022 13:30:22] !emotespells on
[3/6/2022 13:30:56] !emotespells on
[3/6/2022 13:31:30] !emotespells on
[3/6/2022 13:32:4] !emotespells on
[3/6/2022 13:32:39] !emotespells on
[3/6/2022 13:33:13] !emotespells on
[3/6/2022 13:33:47] !emotespells on
[3/6/2022 13:34:21] !emotespells on
[3/6/2022 13:34:55] !emotespells on
[3/6/2022 13:35:29] !emotespells on
[3/6/2022 13:36:4] !emotespells on
[3/6/2022 13:36:38] !emotespells on
[3/6/2022 13:37:13] !emotespells on
[3/6/2022 13:37:48] !emotespells on
[3/6/2022 13:38:23] !emotespells on
[3/6/2022 13:38:57] !emotespells on
[3/6/2022 13:39:31] !emotespells on
[3/6/2022 13:40:5] !emotespells on
[3/6/2022 13:40:40] !emotespells on
[3/6/2022 13:41:15] !emotespells on
[3/6/2022 13:41:49] !emotespells on
[3/6/2022 13:42:23] !emotespells on
[3/6/2022 13:42:57] !emotespells on
[3/6/2022 13:43:31] !emotespells on
[3/6/2022 13:44:5] !emotespells on
[3/6/2022 13:45:17] !emotespells on
[3/6/2022 13:45:51] !emotespells on
[3/6/2022 13:46:25] !emotespells on
[3/6/2022 13:47:0] !emotespells on
[3/6/2022 13:47:34] !emotespells on
[3/6/2022 13:48:9] !emotespells on
[3/6/2022 13:48:43] !emotespells on
[3/6/2022 13:49:18] !emotespells on
[3/6/2022 13:49:52] !emotespells on
[3/6/2022 13:50:26] !emotespells on
[3/6/2022 13:51:0] !emotespells on
[3/6/2022 13:51:34] !emotespells on
[3/6/2022 13:52:8] !emotespells on
[3/6/2022 13:52:43] !emotespells on
[3/6/2022 13:53:17] !emotespells on
[3/6/2022 13:54:26] !emotespells on
[3/6/2022 13:55:0] !emotespells on
[3/6/2022 14:6:18] !emotespells on
[3/6/2022 14:9:25] !emotespells on
[3/6/2022 14:10:0] !emotespells on
[3/6/2022 14:10:35] !emotespells on
[3/6/2022 14:16:52] !emotespells on
[3/6/2022 14:21:4] !emotespells on
[3/6/2022 14:28:37] !emotespells on
[3/6/2022 14:34:57] !emotespells on
[3/6/2022 14:41:8] !emotespells on
[3/6/2022 14:47:24] !emotespells on
[3/6/2022 14:53:56] !emotespells on
[3/6/2022 15:0:18] !emotespells on
[3/6/2022 15:6:33] !emotespells on
[3/6/2022 15:13:26] !emotespells on
[3/6/2022 15:21:10] !emotespells on
[3/6/2022 15:27:2] !emotespells on
[3/6/2022 15:33:5] !emotespells on
[3/6/2022 15:39:17] !emotespells on
[3/6/2022 15:45:27] !emotespells on
[3/6/2022 15:51:36] !emotespells on
[3/6/2022 15:57:53] !emotespells on
[3/6/2022 16:4:15] !emotespells on
[3/6/2022 16:11:32] !emotespells on
[3/6/2022 16:18:5] !emotespells on
[3/6/2022 16:24:30] !emotespells on
[3/6/2022 16:30:50] !emotespells on
[3/6/2022 16:37:24] !emotespells on
[3/6/2022 16:43:57] !emotespells on
[3/6/2022 16:50:10] !emotespells on
[3/6/2022 16:56:34] !emotespells on
[3/6/2022 17:4:9] !emotespells on
[3/6/2022 17:10:30] !emotespells on
[3/6/2022 17:23:14] !emotespells on
[3/6/2022 17:29:38] !emotespells on
[3/6/2022 17:32:45] !emotespells on
[3/6/2022 17:33:20] !emotespells on
[3/6/2022 17:33:54] !emotespells on
[3/6/2022 17:34:29] !emotespells on
[3/6/2022 17:35:4] !emotespells on
[3/6/2022 17:35:38] !emotespells on
[3/6/2022 17:36:13] !emotespells on
[3/6/2022 17:36:47] !emotespells on
[3/6/2022 17:37:21] !emotespells on
[3/6/2022 17:37:56] !emotespells on
[3/6/2022 17:39:5] !emotespells on
[3/6/2022 17:39:40] !emotespells on
[3/6/2022 17:40:14] !emotespells on
[3/6/2022 17:40:49] !emotespells on
[3/6/2022 17:41:23] !emotespells on
[3/6/2022 17:41:58] !emotespells on
[3/6/2022 17:42:32] !emotespells on
[3/6/2022 17:43:6] !emotespells on
[3/6/2022 17:43:40] !emotespells on
[3/6/2022 17:44:15] !emotespells on
[3/6/2022 17:44:50] !emotespells on
[3/6/2022 17:45:24] !emotespells on
[3/6/2022 17:45:59] !emotespells on
[3/6/2022 17:46:34] !emotespells on
[3/6/2022 17:47:9] !emotespells on
[3/6/2022 17:47:43] !emotespells on
[3/6/2022 17:48:17] !emotespells on
[3/6/2022 17:49:26] !emotespells on
[3/6/2022 17:50:1] !emotespells on
[3/6/2022 17:50:36] !emotespells on
[3/6/2022 17:51:11] !emotespells on
[3/6/2022 17:51:45] !emotespells on
[3/6/2022 17:52:19] !emotespells on
[3/6/2022 17:52:54] !emotespells on
[3/6/2022 17:53:28] !emotespells on
[3/6/2022 17:54:2] !emotespells on
[3/6/2022 17:54:37] !emotespells on
[3/6/2022 17:55:12] !emotespells on
[3/6/2022 17:55:46] !emotespells on
[3/6/2022 17:56:21] !emotespells on
[3/6/2022 17:56:55] !emotespells on
[3/6/2022 17:57:30] !emotespells on
[3/6/2022 17:58:5] !emotespells on
[3/6/2022 17:58:39] !emotespells on
[3/6/2022 17:59:13] !emotespells on
[3/6/2022 17:59:47] !emotespells on
[3/6/2022 18:0:22] !emotespells on
[3/6/2022 18:0:56] !emotespells on
[3/6/2022 18:1:30] !emotespells on
[3/6/2022 18:2:4] !emotespells on
[3/6/2022 18:2:38] !emotespells on
[3/6/2022 18:3:13] !emotespells on
[3/6/2022 18:3:47] !emotespells on
[3/6/2022 18:4:21] !emotespells on
[3/6/2022 18:4:55] !emotespells on
[3/6/2022 18:5:29] !emotespells on
[3/6/2022 18:6:3] !emotespells on
[3/6/2022 18:6:38] !emotespells on
[3/6/2022 18:7:12] !emotespells on
[3/6/2022 18:7:46] !emotespells on
[3/6/2022 18:8:20] !emotespells on
[3/6/2022 18:8:54] !emotespells on
[3/6/2022 18:9:29] !emotespells on
[3/6/2022 18:10:37] !emotespells on
[3/6/2022 18:11:11] !emotespells on
[3/6/2022 18:12:19] !emotespells on
[3/6/2022 18:12:54] !emotespells on
[3/6/2022 18:13:28] !emotespells on
[3/6/2022 18:14:2] !emotespells on
[3/6/2022 18:14:36] !emotespells on
[3/6/2022 18:15:10] !emotespells on
[3/6/2022 18:15:44] !emotespells on
[3/6/2022 18:16:19] !emotespells on
[3/6/2022 18:16:53] !emotespells on
[3/6/2022 18:17:27] !emotespells on
[3/6/2022 18:18:1] !emotespells on
[3/6/2022 18:18:35] !emotespells on
[3/6/2022 18:19:10] !emotespells on
[3/6/2022 18:19:44] !emotespells on
[3/6/2022 18:20:18] !emotespells on
[3/6/2022 18:20:52] !emotespells on
[3/6/2022 18:21:26] !emotespells on
[3/6/2022 18:22:0] !emotespells on
[3/6/2022 18:22:35] !emotespells on
[3/6/2022 18:23:9] !emotespells on
[3/6/2022 18:23:43] !emotespells on
[3/6/2022 18:24:18] !emotespells on
[3/6/2022 18:24:52] !emotespells on
[3/6/2022 18:25:26] !emotespells on
[3/6/2022 18:26:0] !emotespells on
[3/6/2022 18:26:35] !emotespells on
[3/6/2022 18:27:9] !emotespells on
[3/6/2022 18:27:43] !emotespells on
[3/6/2022 18:28:17] !emotespells on
[3/6/2022 18:28:52] !emotespells on
[3/6/2022 18:29:26] !emotespells on
[3/6/2022 18:30:0] !emotespells on
[3/6/2022 18:30:34] !emotespells on
[3/6/2022 18:31:9] !emotespells on
[3/6/2022 18:31:43] !emotespells on
[3/6/2022 18:32:17] !emotespells on
[3/6/2022 18:32:52] !emotespells on
[3/6/2022 18:33:26] !emotespells on
[3/6/2022 18:34:0] !emotespells on
[3/6/2022 18:34:34] !emotespells on
[3/6/2022 18:35:8] !emotespells on
[3/6/2022 18:35:43] !emotespells on
[3/6/2022 18:36:17] !emotespells on
[3/6/2022 18:36:51] !emotespells on
[3/6/2022 18:37:25] !emotespells on
[3/6/2022 18:38:0] !emotespells on
[3/6/2022 18:38:36] !emotespells on
[3/6/2022 18:39:12] !emotespells on
[3/6/2022 18:39:49] !emotespells on
[3/6/2022 18:40:24] !emotespells on
[3/6/2022 18:41:1] !emotespells on
[3/6/2022 18:41:37] !emotespells on
[3/6/2022 18:42:13] !emotespells on
[3/6/2022 18:42:49] !emotespells on
[3/6/2022 18:43:26] !emotespells on
[3/6/2022 18:44:2] !emotespells on
[3/6/2022 18:44:38] !emotespells on
[3/6/2022 18:45:14] !emotespells on
[3/6/2022 18:45:51] !emotespells on
[3/6/2022 18:46:27] !emotespells on
[3/6/2022 18:47:3] !emotespells on
[3/6/2022 18:47:39] !emotespells on
[3/6/2022 18:48:15] !emotespells on
[3/6/2022 18:49:28] !emotespells on
[3/6/2022 18:50:4] !emotespells on
[3/6/2022 18:50:40] !emotespells on
[3/6/2022 18:51:17] !emotespells on
[3/6/2022 18:51:53] !emotespells on
[3/6/2022 18:52:29] !emotespells on
[3/6/2022 18:53:6] !emotespells on
[3/6/2022 18:53:42] !emotespells on
[3/6/2022 18:54:18] !emotespells on
[3/6/2022 18:54:54] !emotespells on
[3/6/2022 18:55:30] !emotespells on
[3/6/2022 18:56:6] !emotespells on
[3/6/2022 18:56:43] !emotespells on
[3/6/2022 18:57:19] !emotespells on
[3/6/2022 18:57:55] !emotespells on
[3/6/2022 18:58:32] !emotespells on
[3/6/2022 19:3:55] !emotespells on
[3/6/2022 19:10:36] !emotespells on
[3/6/2022 19:16:58] !emotespells on
[3/6/2022 19:21:56] !emotespells on
[3/6/2022 19:26:37] !emotespells on
[3/6/2022 19:31:41] !emotespells on
[3/6/2022 19:38:11] !emotespells on
[3/6/2022 19:43:49] !emotespells on
[3/6/2022 19:49:10] !emotespells on
[3/6/2022 19:53:56] !emotespells on
[3/6/2022 19:58:59] !emotespells on
[3/6/2022 20:4:29] !emotespells on
[3/6/2022 20:10:47] !emotespells on
[3/6/2022 20:17:4] !emotespells on
[3/6/2022 20:23:31] !emotespells on
[3/6/2022 20:29:49] !emotespells on
[3/6/2022 20:36:17] !emotespells on
[3/6/2022 20:42:27] !emotespells on
[3/6/2022 20:48:23] !emotespells on
[3/6/2022 20:55:35] !emotespells on
[3/6/2022 21:32:28] !emotespells on
[3/6/2022 21:39:7] !emotespells on
[3/6/2022 21:44:48] !emotespells on
[3/6/2022 21:50:57] !emotespells on
[3/6/2022 21:57:5] !emotespells on
[3/6/2022 22:2:57] !emotespells on
[3/6/2022 22:8:49] !emotespells on
[3/6/2022 22:14:33] !emotespells on
[3/6/2022 22:20:37] !emotespells on
[3/6/2022 22:27:22] !emotespells on
[3/6/2022 22:34:45] !emotespells on
[3/6/2022 22:41:6] !emotespells on
[3/6/2022 22:47:18] !emotespells on
[3/6/2022 22:53:34] !emotespells on
[3/6/2022 22:59:49] !emotespells on
[3/6/2022 23:2:59] !emotespells on
[3/6/2022 23:6:35] !emotespells on
[3/6/2022 23:12:42] !emotespells on
[3/6/2022 23:19:7] !emotespells on
[3/6/2022 23:26:46] !emotespells on
[3/6/2022 23:33:20] !emotespells on
[3/6/2022 23:39:28] !emotespells on
[3/6/2022 23:45:48] !emotespells on
[3/6/2022 23:51:57] !emotespells on
[3/6/2022 23:58:26] !emotespells on
[4/6/2022 0:4:26] !emotespells on
[4/6/2022 0:10:25] !emotespells on
[4/6/2022 0:18:19] !emotespells on
[4/6/2022 0:24:55] !emotespells on
[4/6/2022 0:31:22] !emotespells on
[4/6/2022 0:37:34] !emotespells on
[4/6/2022 0:43:51] !emotespells on
[4/6/2022 0:50:14] !emotespells on
[4/6/2022 0:56:39] !emotespells on
[4/6/2022 1:3:27] !emotespells on
[4/6/2022 1:11:10] !emotespells on
[4/6/2022 1:17:48] !emotespells on
[4/6/2022 1:24:9] !emotespells on
[4/6/2022 1:30:7] !emotespells on
[4/6/2022 1:36:39] !emotespells on
[4/6/2022 1:42:51] !emotespells on
[4/6/2022 1:49:12] !emotespells on
[4/6/2022 1:55:52] !emotespells on
[4/6/2022 2:2:58] !emotespells on
[4/6/2022 2:9:9] !emotespells on
[4/6/2022 2:14:55] !emotespells on
[4/6/2022 2:16:59] !emotespells on
[4/6/2022 2:21:22] !emotespells on
[4/6/2022 2:26:53] !emotespells on
[4/6/2022 2:32:27] !emotespells on
[4/6/2022 2:38:8] !emotespells on
[4/6/2022 2:43:53] !emotespells on
[4/6/2022 2:49:24] !emotespells on
[4/6/2022 2:56:51] !emotespells on
[4/6/2022 3:3:13] !emotespells on
[4/6/2022 3:9:41] !emotespells on
[4/6/2022 3:15:44] !emotespells on
[4/6/2022 3:21:27] !emotespells on
[4/6/2022 3:26:20] !emotespells on
[4/6/2022 3:31:52] !emotespells on
[4/6/2022 3:38:7] !emotespells on
[4/6/2022 3:44:8] !emotespells on
[4/6/2022 3:48:37] !emotespells on
[4/6/2022 3:52:39] !emotespells on
[4/6/2022 3:56:41] !emotespells on
[4/6/2022 4:0:59] !emotespells on
[4/6/2022 4:5:12] !emotespells on
[4/6/2022 4:9:0] !emotespells on
[4/6/2022 4:12:50] !emotespells on
[4/6/2022 4:17:5] !emotespells on
[4/6/2022 4:21:15] !emotespells on
[4/6/2022 4:25:35] !emotespells on
[4/6/2022 4:29:36] !emotespells on
[4/6/2022 4:33:44] !emotespells on
[4/6/2022 4:37:56] !emotespells on
[4/6/2022 4:42:10] !emotespells on
[4/6/2022 4:46:19] !emotespells on
[4/6/2022 4:50:29] !emotespells on
[4/6/2022 4:54:22] !emotespells on
[4/6/2022 4:59:27] !emotespells on
[4/6/2022 5:11:40] !emotespells on
[4/6/2022 5:17:24] !emotespells on
[4/6/2022 5:22:30] !emotespells on
[4/6/2022 5:27:29] !emotespells on
[4/6/2022 5:33:18] !emotespells on
[4/6/2022 5:37:9] !emotespells on
[4/6/2022 5:41:17] !emotespells on
[4/6/2022 5:45:11] !emotespells on
[4/6/2022 5:49:19] !emotespells on
[4/6/2022 5:53:25] !emotespells on
[4/6/2022 5:57:22] !emotespells on
[4/6/2022 6:1:34] !emotespells on
[4/6/2022 6:5:38] !emotespells on
[4/6/2022 6:9:56] !emotespells on
[4/6/2022 6:14:35] !emotespells on
[4/6/2022 6:18:22] !emotespells on
[4/6/2022 6:23:10] !emotespells on
[4/6/2022 6:27:24] !emotespells on
[4/6/2022 6:31:16] !emotespells on
[4/6/2022 6:35:13] !emotespells on
[4/6/2022 6:38:56] !emotespells on
[4/6/2022 6:42:42] !emotespells on
[4/6/2022 6:46:48] !emotespells on
[4/6/2022 6:50:40] !emotespells on
[4/6/2022 6:54:39] !emotespells on
[4/6/2022 6:58:29] !emotespells on
[4/6/2022 7:2:25] !emotespells on
[4/6/2022 7:6:31] !emotespells on
[4/6/2022 7:10:24] !emotespells on
[4/6/2022 7:14:21] !emotespells on
[4/6/2022 7:18:9] !emotespells on
[4/6/2022 7:22:1] !emotespells on
[4/6/2022 7:30:41] !emotespells on
[4/6/2022 7:34:36] !emotespells on
[4/6/2022 7:38:29] !emotespells on
[4/6/2022 7:42:31] !emotespells on
[4/6/2022 7:46:31] !emotespells on
[4/6/2022 7:50:27] !emotespells on
[4/6/2022 7:54:20] !emotespells on
[4/6/2022 7:58:17] !emotespells on
[4/6/2022 8:2:7] !emotespells on
[4/6/2022 8:6:6] !emotespells on
[4/6/2022 8:10:6] !emotespells on
[4/6/2022 8:13:53] !emotespells on
[4/6/2022 8:18:1] !emotespells on
[4/6/2022 8:21:48] !emotespells on
[4/6/2022 8:25:44] !emotespells on
[4/6/2022 8:29:37] !emotespells on
[4/6/2022 8:33:35] !emotespells on
[4/6/2022 8:38:32] !emotespells on
[4/6/2022 8:44:28] !emotespells on
[4/6/2022 8:50:9] !emotespells on
[4/6/2022 8:54:27] !emotespells on
[4/6/2022 8:58:10] !emotespells on
[4/6/2022 9:1:59] !emotespells on
[4/6/2022 9:6:7] !emotespells on
[4/6/2022 9:9:45] !emotespells on
[4/6/2022 9:13:54] !emotespells on
[4/6/2022 9:17:57] !emotespells on
[4/6/2022 9:22:1] !emotespells on
[4/6/2022 9:25:55] !emotespells on
[4/6/2022 9:29:48] !emotespells on
[4/6/2022 9:33:43] !emotespells on
[4/6/2022 9:37:51] !emotespells on
[4/6/2022 9:41:55] !emotespells on
[4/6/2022 9:45:54] !emotespells on
[4/6/2022 9:49:53] !emotespells on
[4/6/2022 9:53:59] !emotespells on
[4/6/2022 9:58:12] !emotespells on
[4/6/2022 10:2:32] !emotespells on
[4/6/2022 10:6:10] !emotespells on
[4/6/2022 10:10:18] !emotespells on
[4/6/2022 10:12:10] !emotespells on
[4/6/2022 10:12:44] !emotespells on
[4/6/2022 10:13:17] !emotespells on
[4/6/2022 10:13:51] !emotespells on
[4/6/2022 10:14:25] !emotespells on
[4/6/2022 10:14:58] !emotespells on
[4/6/2022 10:15:32] !emotespells on
[4/6/2022 10:16:5] !emotespells on
[4/6/2022 10:16:39] !emotespells on
[4/6/2022 10:17:12] !emotespells on
[4/6/2022 10:17:46] !emotespells on
[4/6/2022 10:18:20] !emotespells on
[4/6/2022 10:18:54] !emotespells on
[4/6/2022 10:19:28] !emotespells on
[4/6/2022 10:20:1] !emotespells on
[4/6/2022 10:20:35] !emotespells on
[4/6/2022 10:21:9] !emotespells on
[4/6/2022 10:21:42] !emotespells on
[4/6/2022 10:22:16] !emotespells on
[4/6/2022 10:22:49] !emotespells on
[4/6/2022 10:23:23] !emotespells on
[4/6/2022 10:23:56] !emotespells on
[4/6/2022 10:24:30] !emotespells on
[4/6/2022 10:25:3] !emotespells on
[4/6/2022 10:25:37] !emotespells on
[4/6/2022 10:26:10] !emotespells on
[4/6/2022 10:26:44] !emotespells on
[4/6/2022 10:27:17] !emotespells on
[4/6/2022 10:27:51] !emotespells on
[4/6/2022 10:28:24] !emotespells on
[4/6/2022 10:28:58] !emotespells on
[4/6/2022 10:29:31] !emotespells on
[4/6/2022 10:30:5] !emotespells on
[4/6/2022 10:30:39] !emotespells on
[4/6/2022 10:31:12] !emotespells on
[4/6/2022 10:31:46] !emotespells on
[4/6/2022 10:32:19] !emotespells on
[4/6/2022 10:32:53] !emotespells on
[4/6/2022 10:33:26] !emotespells on
[4/6/2022 10:34:0] !emotespells on
[4/6/2022 10:35:7] !emotespells on
[4/6/2022 10:35:40] !emotespells on
[4/6/2022 10:36:14] !emotespells on
[4/6/2022 10:36:47] !emotespells on
[4/6/2022 10:37:21] !emotespells on
[4/6/2022 10:37:55] !emotespells on
[4/6/2022 10:38:28] !emotespells on
[4/6/2022 10:39:2] !emotespells on
[4/6/2022 10:39:35] !emotespells on
[4/6/2022 10:40:9] !emotespells on
[4/6/2022 10:40:42] !emotespells on
[4/6/2022 10:41:16] !emotespells on
[4/6/2022 10:41:49] !emotespells on
[4/6/2022 10:42:23] !emotespells on
[4/6/2022 10:42:56] !emotespells on
[4/6/2022 10:43:30] !emotespells on
[4/6/2022 10:44:3] !emotespells on
[4/6/2022 10:44:37] !emotespells on
[4/6/2022 10:45:10] !emotespells on
[4/6/2022 10:45:44] !emotespells on
[4/6/2022 10:46:18] !emotespells on
[4/6/2022 10:46:52] !emotespells on
[4/6/2022 10:47:25] !emotespells on
[4/6/2022 10:47:59] !emotespells on
[4/6/2022 10:48:32] !emotespells on
[4/6/2022 10:49:6] !emotespells on
[4/6/2022 10:49:40] !emotespells on
[4/6/2022 10:50:13] !emotespells on
[4/6/2022 10:50:47] !emotespells on
[4/6/2022 10:51:20] !emotespells on
[4/6/2022 10:51:54] !emotespells on
[4/6/2022 10:52:27] !emotespells on
[4/6/2022 10:53:1] !emotespells on
[4/6/2022 10:53:34] !emotespells on
[4/6/2022 10:54:8] !emotespells on
[4/6/2022 10:54:42] !emotespells on
[4/6/2022 10:55:16] !emotespells on
[4/6/2022 10:55:50] !emotespells on
[4/6/2022 10:56:23] !emotespells on
[4/6/2022 10:56:57] !emotespells on
[4/6/2022 10:57:30] !emotespells on
[4/6/2022 10:58:5] !emotespells on
[4/6/2022 10:58:38] !emotespells on
[4/6/2022 10:59:12] !emotespells on
[4/6/2022 10:59:45] !emotespells on
[4/6/2022 11:0:19] !emotespells on
[4/6/2022 11:0:52] !emotespells on
[4/6/2022 11:1:26] !emotespells on
[4/6/2022 11:2:0] !emotespells on
[4/6/2022 11:2:33] !emotespells on
[4/6/2022 11:3:7] !emotespells on
[4/6/2022 11:3:40] !emotespells on
[4/6/2022 11:4:14] !emotespells on
[4/6/2022 11:4:47] !emotespells on
[4/6/2022 11:5:21] !emotespells on
[4/6/2022 11:5:54] !emotespells on
[4/6/2022 11:6:28] !emotespells on
[4/6/2022 11:7:1] !emotespells on
[4/6/2022 11:7:35] !emotespells on
[4/6/2022 11:8:9] !emotespells on
[4/6/2022 11:8:42] !emotespells on
[4/6/2022 11:9:16] !emotespells on
[4/6/2022 11:9:49] !emotespells on
[4/6/2022 11:10:23] !emotespells on
[4/6/2022 11:10:57] !emotespells on
[4/6/2022 11:11:30] !emotespells on
[4/6/2022 11:12:5] !emotespells on
[4/6/2022 11:12:38] !emotespells on
[4/6/2022 11:13:12] !emotespells on
[4/6/2022 11:13:45] !emotespells on
[4/6/2022 11:14:19] !emotespells on
[4/6/2022 11:14:52] !emotespells on
[4/6/2022 11:15:26] !emotespells on
[4/6/2022 11:15:59] !emotespells on
[4/6/2022 11:16:33] !emotespells on
[4/6/2022 11:17:7] !emotespells on
[4/6/2022 11:17:39] !emotespells on
[4/6/2022 11:18:13] !emotespells on
[4/6/2022 11:18:47] !emotespells on
[4/6/2022 11:19:20] !emotespells on
[4/6/2022 11:19:54] !emotespells on
[4/6/2022 11:20:28] !emotespells on
[4/6/2022 11:21:2] !emotespells on
[4/6/2022 11:21:35] !emotespells on
[4/6/2022 11:22:9] !emotespells on
[4/6/2022 11:22:42] !emotespells on
[4/6/2022 11:23:16] !emotespells on
[4/6/2022 11:23:50] !emotespells on
[4/6/2022 11:24:23] !emotespells on
[4/6/2022 11:24:58] !emotespells on
[4/6/2022 11:25:31] !emotespells on
[4/6/2022 11:26:5] !emotespells on
[4/6/2022 11:26:38] !emotespells on
[4/6/2022 11:27:12] !emotespells on
[4/6/2022 11:27:46] !emotespells on
[4/6/2022 11:28:19] !emotespells on
[4/6/2022 11:28:53] !emotespells on
[4/6/2022 11:29:26] !emotespells on
[4/6/2022 11:30:0] !emotespells on
[4/6/2022 11:30:34] !emotespells on
[4/6/2022 11:31:7] !emotespells on
[4/6/2022 11:31:41] !emotespells on
[4/6/2022 11:32:14] !emotespells on
[4/6/2022 11:32:48] !emotespells on
[4/6/2022 11:33:23] !emotespells on
[4/6/2022 11:33:56] !emotespells on
[4/6/2022 11:34:30] !emotespells on
[4/6/2022 11:35:3] !emotespells on
[4/6/2022 11:35:37] !emotespells on
[4/6/2022 11:36:10] !emotespells on
[4/6/2022 11:36:45] !emotespells on
[4/6/2022 11:37:18] !emotespells on
[4/6/2022 11:37:52] !emotespells on
[4/6/2022 11:38:25] !emotespells on
[4/6/2022 11:38:59] !emotespells on
[4/6/2022 11:39:33] !emotespells on
[4/6/2022 11:40:6] !emotespells on
[4/6/2022 11:40:40] !emotespells on
[4/6/2022 11:41:13] !emotespells on
[4/6/2022 11:41:47] !emotespells on
[4/6/2022 11:42:20] !emotespells on
[4/6/2022 11:42:54] !emotespells on
[4/6/2022 11:43:28] !emotespells on
[4/6/2022 11:44:1] !emotespells on
[4/6/2022 11:44:35] !emotespells on
[4/6/2022 11:47:30] !emotespells on
[4/6/2022 11:51:30] !emotespells on
[4/6/2022 11:55:16] !emotespells on
[4/6/2022 11:59:28] !emotespells on
[4/6/2022 12:3:16] !emotespells on
[4/6/2022 12:7:25] !emotespells on
[4/6/2022 12:11:47] !emotespells on
[4/6/2022 12:15:54] !emotespells on
[4/6/2022 12:24:13] !emotespells on
[5/6/2022 23:0:32] !emotespells on
[5/6/2022 23:6:54] !emotespells on
[5/6/2022 23:14:21] !emotespells on
[5/6/2022 23:20:18] !emotespells on
[5/6/2022 23:25:45] !emotespells on
[6/6/2022 1:17:14] !emotespells on
[6/6/2022 1:24:45] !emotespells on
[6/6/2022 1:31:2] !emotespells on
[6/6/2022 1:37:42] !emotespells on
[6/6/2022 1:44:17] !emotespells on
[6/6/2022 1:50:55] !emotespells on
[6/6/2022 1:57:17] !emotespells on
[6/6/2022 2:3:36] !emotespells on
[6/6/2022 2:9:43] !emotespells on
[6/6/2022 2:14:40] !emotespells on
[6/6/2022 2:21:5] !emotespells on
[6/6/2022 2:28:25] !emotespells on
[6/6/2022 2:34:32] !emotespells on
[6/6/2022 2:40:42] !emotespells on
[6/6/2022 2:46:55] !emotespells on
[6/6/2022 2:53:15] !emotespells on
[6/6/2022 2:59:38] !emotespells on
[6/6/2022 3:5:54] !emotespells on
[6/6/2022 3:12:19] !emotespells on
[6/6/2022 3:18:39] !emotespells on
[6/6/2022 3:26:8] !emotespells on
[6/6/2022 3:32:36] !emotespells on
[6/6/2022 3:38:26] !emotespells on
[6/6/2022 3:44:41] !emotespells on
[6/6/2022 3:50:47] !emotespells on
[6/6/2022 3:56:57] !emotespells on
[6/6/2022 4:3:21] !emotespells on
[6/6/2022 4:9:31] !emotespells on
[6/6/2022 4:16:18] !emotespells on
[6/6/2022 4:23:36] !emotespells on
[6/6/2022 4:29:52] !emotespells on
[6/6/2022 4:35:43] !emotespells on
[6/6/2022 4:42:8] !emotespells on
[6/6/2022 4:45:54] !emotespells on
[6/6/2022 4:50:43] !emotespells on
[6/6/2022 4:55:43] !emotespells on
[6/6/2022 5:5:51] !emotespells on
[6/6/2022 5:10:58] !emotespells on
[6/6/2022 5:15:0] !emotespells on
[6/6/2022 5:19:18] !emotespells on
[6/6/2022 5:23:23] !emotespells on
[6/6/2022 5:27:37] !emotespells on
[6/6/2022 5:31:37] !emotespells on
[6/6/2022 5:36:29] !emotespells on
[6/6/2022 5:42:33] !emotespells on
[6/6/2022 5:47:57] !emotespells on
[6/6/2022 5:51:56] !emotespells on
[6/6/2022 5:56:6] !emotespells on
[6/6/2022 6:0:46] !emotespells on
[6/6/2022 6:5:1] !emotespells on
[6/6/2022 6:9:2] !emotespells on
[6/6/2022 6:13:21] !emotespells on
[6/6/2022 6:17:24] !emotespells on
[6/6/2022 6:21:39] !emotespells on
[6/6/2022 6:26:13] !emotespells on
[6/6/2022 6:30:19] !emotespells on
[6/6/2022 6:34:31] !emotespells on
[6/6/2022 6:38:44] !emotespells on
[6/6/2022 6:43:26] !emotespells on
[6/6/2022 6:47:38] !emotespells on
[6/6/2022 6:51:39] !emotespells on
[6/6/2022 6:55:57] !emotespells on
[6/6/2022 7:0:11] !emotespells on
[6/6/2022 7:3:53] !emotespells on
[6/6/2022 7:4:27] !emotespells on
[6/6/2022 7:5:0] !emotespells on
[6/6/2022 7:5:34] !emotespells on
[6/6/2022 7:6:7] !emotespells on
[6/6/2022 7:6:41] !emotespells on
[6/6/2022 7:7:14] !emotespells on
[6/6/2022 7:7:48] !emotespells on
[6/6/2022 7:8:23] !emotespells on
[6/6/2022 7:8:56] !emotespells on
[6/6/2022 7:9:30] !emotespells on
[6/6/2022 7:10:4] !emotespells on
[6/6/2022 7:10:38] !emotespells on
[6/6/2022 7:11:11] !emotespells on
[6/6/2022 7:11:45] !emotespells on
[6/6/2022 7:12:18] !emotespells on
[6/6/2022 7:12:52] !emotespells on
[6/6/2022 7:13:25] !emotespells on
[6/6/2022 7:13:59] !emotespells on
[6/6/2022 7:14:32] !emotespells on
[6/6/2022 7:15:6] !emotespells on
[6/6/2022 7:15:39] !emotespells on
[6/6/2022 7:16:13] !emotespells on
[6/6/2022 7:16:47] !emotespells on
[6/6/2022 7:17:20] !emotespells on
[6/6/2022 7:17:54] !emotespells on
[6/6/2022 7:18:27] !emotespells on
[6/6/2022 7:19:1] !emotespells on
[6/6/2022 7:19:35] !emotespells on
[6/6/2022 7:20:8] !emotespells on
[6/6/2022 7:20:42] !emotespells on
[6/6/2022 7:21:15] !emotespells on
[6/6/2022 7:21:49] !emotespells on
[6/6/2022 7:22:22] !emotespells on
[6/6/2022 7:22:56] !emotespells on
[6/6/2022 7:23:30] !emotespells on
[6/6/2022 7:24:3] !emotespells on
[6/6/2022 7:24:37] !emotespells on
[6/6/2022 7:25:10] !emotespells on
[6/6/2022 7:25:44] !emotespells on
[6/6/2022 7:26:17] !emotespells on
[6/6/2022 7:26:51] !emotespells on
[6/6/2022 7:27:25] !emotespells on
[6/6/2022 7:27:58] !emotespells on
[6/6/2022 7:28:33] !emotespells on
[6/6/2022 7:29:6] !emotespells on
[6/6/2022 7:29:40] !emotespells on
[6/6/2022 7:30:13] !emotespells on
[6/6/2022 7:30:47] !emotespells on
[6/6/2022 7:31:20] !emotespells on
[6/6/2022 7:31:54] !emotespells on
[6/6/2022 7:32:27] !emotespells on
[6/6/2022 7:33:1] !emotespells on
[6/6/2022 7:33:34] !emotespells on
[6/6/2022 7:34:9] !emotespells on
[6/6/2022 7:34:42] !emotespells on
[6/6/2022 7:35:16] !emotespells on
[6/6/2022 7:35:49] !emotespells on
[6/6/2022 7:36:23] !emotespells on
[6/6/2022 7:36:57] !emotespells on
[6/6/2022 7:37:30] !emotespells on
[6/6/2022 7:38:4] !emotespells on
[6/6/2022 7:38:37] !emotespells on
[6/6/2022 7:39:11] !emotespells on
[6/6/2022 7:39:44] !emotespells on
[6/6/2022 7:40:18] !emotespells on
[6/6/2022 7:40:52] !emotespells on
[6/6/2022 7:41:25] !emotespells on
[6/6/2022 7:41:59] !emotespells on
[6/6/2022 7:42:33] !emotespells on
[6/6/2022 7:43:7] !emotespells on
[6/6/2022 7:43:41] !emotespells on
[6/6/2022 7:44:15] !emotespells on
[6/6/2022 7:44:48] !emotespells on
[6/6/2022 7:45:22] !emotespells on
[6/6/2022 7:45:55] !emotespells on
[6/6/2022 7:46:29] !emotespells on
[6/6/2022 7:47:3] !emotespells on
[6/6/2022 7:47:37] !emotespells on
[6/6/2022 7:48:10] !emotespells on
[6/6/2022 7:48:44] !emotespells on
[6/6/2022 7:49:18] !emotespells on
[6/6/2022 7:49:51] !emotespells on
[6/6/2022 7:50:25] !emotespells on
[6/6/2022 7:50:58] !emotespells on
[6/6/2022 7:51:32] !emotespells on
[6/6/2022 7:52:6] !emotespells on
[6/6/2022 7:52:39] !emotespells on
[6/6/2022 7:53:13] !emotespells on
[6/6/2022 7:53:46] !emotespells on
[6/6/2022 7:54:20] !emotespells on
[6/6/2022 7:54:53] !emotespells on
[6/6/2022 7:55:27] !emotespells on
[6/6/2022 7:56:1] !emotespells on
[6/6/2022 7:56:34] !emotespells on
[6/6/2022 7:57:8] !emotespells on
[6/6/2022 7:57:41] !emotespells on
[6/6/2022 7:58:15] !emotespells on
[6/6/2022 7:58:48] !emotespells on
[6/6/2022 7:59:22] !emotespells on
[6/6/2022 7:59:55] !emotespells on
[6/6/2022 8:0:29] !emotespells on
[6/6/2022 8:1:3] !emotespells on
[6/6/2022 8:1:37] !emotespells on
[6/6/2022 8:2:10] !emotespells on
[6/6/2022 8:2:44] !emotespells on
[6/6/2022 8:3:17] !emotespells on
[6/6/2022 8:3:51] !emotespells on
[6/6/2022 8:4:24] !emotespells on
[6/6/2022 8:4:59] !emotespells on
[6/6/2022 8:5:32] !emotespells on
[6/6/2022 8:6:6] !emotespells on
[6/6/2022 8:6:39] !emotespells on
[6/6/2022 8:7:15] !emotespells on
[6/6/2022 8:7:49] !emotespells on
[6/6/2022 8:8:22] !emotespells on
[6/6/2022 8:8:56] !emotespells on
[6/6/2022 8:9:29] !emotespells on
[6/6/2022 8:10:4] !emotespells on
[6/6/2022 8:10:38] !emotespells on
[6/6/2022 8:11:11] !emotespells on
[6/6/2022 8:11:45] !emotespells on
[6/6/2022 8:12:18] !emotespells on
[6/6/2022 8:12:52] !emotespells on
[6/6/2022 8:13:25] !emotespells on
[6/6/2022 8:13:59] !emotespells on
[6/6/2022 8:14:33] !emotespells on
[6/6/2022 8:15:6] !emotespells on
[6/6/2022 8:15:40] !emotespells on
[6/6/2022 8:16:14] !emotespells on
[6/6/2022 8:16:47] !emotespells on
[6/6/2022 8:17:21] !emotespells on
[6/6/2022 8:17:54] !emotespells on
[6/6/2022 8:18:28] !emotespells on
[6/6/2022 8:19:1] !emotespells on
[6/6/2022 8:19:35] !emotespells on
[6/6/2022 8:20:9] !emotespells on
[6/6/2022 8:20:42] !emotespells on
[6/6/2022 8:21:16] !emotespells on
[6/6/2022 8:21:49] !emotespells on
[6/6/2022 8:22:23] !emotespells on
[6/6/2022 8:22:56] !emotespells on
[6/6/2022 8:23:30] !emotespells on
[6/6/2022 8:24:3] !emotespells on
[6/6/2022 8:24:37] !emotespells on
[6/6/2022 8:25:10] !emotespells on
[6/6/2022 8:25:44] !emotespells on
[6/6/2022 8:26:18] !emotespells on
[6/6/2022 8:26:51] !emotespells on
[6/6/2022 8:27:25] !emotespells on
[6/6/2022 8:27:58] !emotespells on
[6/6/2022 8:28:32] !emotespells on
[6/6/2022 8:29:5] !emotespells on
[6/6/2022 8:29:39] !emotespells on
[6/6/2022 8:30:12] !emotespells on
[6/6/2022 8:30:46] !emotespells on
[6/6/2022 8:31:20] !emotespells on
[6/6/2022 8:31:53] !emotespells on
[6/6/2022 8:32:27] !emotespells on
[6/6/2022 8:33:1] !emotespells on
[6/6/2022 8:33:34] !emotespells on
[6/6/2022 8:34:8] !emotespells on
[6/6/2022 8:34:41] !emotespells on
[6/6/2022 8:35:15] !emotespells on
[6/6/2022 8:35:48] !emotespells on
[6/6/2022 8:36:22] !emotespells on
[6/6/2022 8:36:55] !emotespells on
[6/6/2022 8:37:29] !emotespells on
[6/6/2022 8:38:2] !emotespells on
[6/6/2022 8:38:36] !emotespells on
[6/6/2022 8:39:11] !emotespells on
[6/6/2022 8:39:44] !emotespells on
[6/6/2022 8:40:18] !emotespells on
[6/6/2022 8:40:51] !emotespells on
[6/6/2022 8:41:25] !emotespells on
[6/6/2022 8:41:58] !emotespells on
[6/6/2022 8:42:32] !emotespells on
[6/6/2022 8:43:5] !emotespells on
[6/6/2022 8:43:39] !emotespells on
[6/6/2022 8:44:12] !emotespells on
[6/6/2022 8:44:46] !emotespells on
[6/6/2022 8:45:20] !emotespells on
[6/6/2022 8:45:53] !emotespells on
[6/6/2022 8:46:27] !emotespells on
[6/6/2022 8:47:0] !emotespells on
[6/6/2022 8:47:34] !emotespells on
[6/6/2022 8:48:8] !emotespells on
[6/6/2022 8:48:41] !emotespells on
[6/6/2022 8:49:15] !emotespells on
[6/6/2022 8:49:48] !emotespells on
[6/6/2022 8:50:22] !emotespells on
[6/6/2022 8:50:55] !emotespells on
[6/6/2022 8:51:29] !emotespells on
[6/6/2022 8:52:3] !emotespells on
[6/6/2022 8:52:36] !emotespells on
[6/6/2022 8:53:10] !emotespells on
[6/6/2022 8:53:44] !emotespells on
[6/6/2022 8:54:18] !emotespells on
[6/6/2022 8:54:51] !emotespells on
[6/6/2022 8:55:25] !emotespells on
[6/6/2022 8:55:59] !emotespells on
[6/6/2022 9:3:55] !emotespells on
[6/6/2022 9:8:4] !emotespells on
[6/6/2022 9:12:11] !emotespells on
[6/6/2022 9:16:46] !emotespells on
[6/6/2022 9:20:55] !emotespells on
[6/6/2022 9:25:11] !emotespells on
[6/6/2022 9:29:16] !emotespells on
[6/6/2022 9:33:5] !emotespells on
[6/6/2022 9:38:22] !emotespells on
[6/6/2022 9:42:27] !emotespells on
[6/6/2022 9:46:57] !emotespells on
[6/6/2022 9:50:59] !emotespells on
[6/6/2022 9:55:25] !emotespells on
[6/6/2022 9:59:38] !emotespells on
[6/6/2022 10:3:43] !emotespells on
[6/6/2022 10:12:8] !emotespells on
[6/6/2022 10:16:24] !emotespells on
[6/6/2022 10:20:29] !emotespells on
[6/6/2022 10:24:38] !emotespells on
[6/6/2022 10:29:10] !emotespells on
[6/6/2022 10:33:14] !emotespells on
[6/6/2022 10:37:23] !emotespells on
[6/6/2022 10:42:41] !emotespells on
[6/6/2022 10:47:35] !emotespells on
[6/6/2022 10:52:7] !emotespells on
[6/6/2022 10:56:19] !emotespells on
[6/6/2022 11:0:51] !emotespells on
[6/6/2022 11:4:46] !emotespells on
[6/6/2022 11:11:25] !emotespells on
[6/6/2022 11:17:59] !emotespells on
[6/6/2022 11:24:23] !emotespells on
[6/6/2022 11:30:42] !emotespells on
[6/6/2022 11:37:17] !emotespells on
[6/6/2022 11:43:34] !emotespells on
[6/6/2022 11:50:8] !emotespells on
[6/6/2022 11:56:43] !emotespells on
[6/6/2022 12:3:57] !emotespells on
[6/6/2022 12:6:5] !emotespells on
[6/6/2022 12:6:38] !emotespells on
[6/6/2022 12:7:11] !emotespells on
[6/6/2022 12:7:44] !emotespells on
[6/6/2022 12:8:17] !emotespells on
[6/6/2022 12:8:50] !emotespells on
[6/6/2022 12:9:23] !emotespells on
[6/6/2022 12:9:56] !emotespells on
[6/6/2022 12:10:30] !emotespells on
[6/6/2022 12:17:50] !emotespells on
[6/6/2022 12:24:10] !emotespells on
[6/6/2022 12:33:35] !emotespells on
[6/6/2022 12:40:3] !emotespells on
[6/6/2022 12:46:20] !emotespells on
[6/6/2022 12:52:28] !emotespells on
[6/6/2022 12:58:48] !emotespells on
[6/6/2022 12:59:59] !emotespells on
[6/6/2022 13:6:25] !emotespells on
[6/6/2022 13:13:44] !emotespells on
[6/6/2022 13:19:52] !emotespells on
[6/6/2022 13:26:48] !emotespells on
[6/6/2022 13:33:18] !emotespells on
[6/6/2022 13:40:11] !emotespells on
[6/6/2022 13:46:51] !emotespells on
[6/6/2022 13:53:26] !emotespells on
[6/6/2022 14:7:4] !emotespells on
[6/6/2022 14:14:10] !emotespells on
[6/6/2022 14:20:49] !emotespells on
[6/6/2022 14:26:48] !emotespells on
[6/6/2022 14:31:5] !emotespells on
[6/6/2022 14:35:7] !emotespells on
[6/6/2022 14:39:30] !emotespells on
[6/6/2022 14:44:3] !emotespells on
[6/6/2022 14:48:14] !emotespells on
[6/6/2022 14:52:52] !emotespells on
[6/6/2022 14:56:59] !emotespells on
[6/6/2022 15:1:11] !emotespells on
[6/6/2022 15:5:14] !emotespells on
[6/6/2022 15:9:37] !emotespells on
[6/6/2022 15:13:49] !emotespells on
[6/6/2022 15:17:45] !emotespells on
[6/6/2022 15:21:38] !emotespells on
[6/6/2022 15:25:54] !emotespells on
[6/6/2022 15:30:2] !emotespells on
[6/6/2022 15:34:29] !emotespells on
[6/6/2022 15:38:35] !emotespells on
[6/6/2022 15:42:56] !emotespells on
[6/6/2022 15:47:57] !emotespells on
[6/6/2022 15:51:54] !emotespells on
[6/6/2022 15:56:15] !emotespells on
[6/6/2022 16:1:27] !emotespells on
[6/6/2022 16:6:20] !emotespells on
[6/6/2022 16:10:57] !emotespells on
[6/6/2022 16:13:39] !emotespells on
[6/6/2022 16:24:15] !emotespells on
[6/6/2022 16:26:56] !emotespells on
[6/6/2022 16:28:43] !emotespells on
[6/6/2022 16:32:35] !emotespells on
[6/6/2022 16:36:38] !emotespells on
[6/6/2022 16:39:4] !online
[6/6/2022 16:40:45] !emotespells on
[6/6/2022 16:44:32] !emotespells on
[6/6/2022 16:48:50] !emotespells on
[6/6/2022 17:4:43] !emotespells on
[6/6/2022 17:7:43] !emotespells on
[6/6/2022 17:11:17] !emotespells on
[6/6/2022 17:15:42] !emotespells on
[6/6/2022 17:19:33] !emotespells on
[6/6/2022 17:23:53] !emotespells on
[6/6/2022 17:28:9] !emotespells on
[6/6/2022 17:32:36] !emotespells on
[6/6/2022 17:36:27] !emotespells on
[6/6/2022 17:40:17] !emotespells on
[6/6/2022 17:44:39] !emotespells on
[6/6/2022 17:48:54] !emotespells on
[6/6/2022 17:54:49] !emotespells on
[6/6/2022 18:0:48] !emotespells on
[6/6/2022 18:7:22] !emotespells on
[6/6/2022 18:14:43] !emotespells on
[6/6/2022 18:21:19] !emotespells on
[6/6/2022 18:28:26] !emotespells on
[6/6/2022 18:34:47] !emotespells on
[6/6/2022 18:37:20] !emotespells on
[6/6/2022 18:37:53] !emotespells on
[6/6/2022 18:39:0] !emotespells on
[6/6/2022 18:40:7] !emotespells on
[6/6/2022 18:40:40] !emotespells on
[6/6/2022 18:41:14] !emotespells on
[6/6/2022 18:41:48] !emotespells on
[6/6/2022 18:42:20] !emotespells on
[6/6/2022 18:42:54] !emotespells on
[6/6/2022 18:43:27] !emotespells on
[6/6/2022 18:44:1] !emotespells on
[6/6/2022 18:44:34] !emotespells on
[6/6/2022 18:45:7] !emotespells on
[6/6/2022 18:45:41] !emotespells on
[6/6/2022 18:46:14] !emotespells on
[6/6/2022 18:46:47] !emotespells on
[6/6/2022 18:47:20] !emotespells on
[6/6/2022 18:47:54] !emotespells on
[6/6/2022 18:48:27] !emotespells on
[6/6/2022 18:49:0] !emotespells on
[6/6/2022 18:49:33] !emotespells on
[6/6/2022 18:50:6] !emotespells on
[6/6/2022 18:50:39] !emotespells on
[6/6/2022 18:51:13] !emotespells on
[6/6/2022 18:51:46] !emotespells on
[6/6/2022 18:52:19] !emotespells on
[6/6/2022 18:58:47] !emotespells on
[6/6/2022 19:5:10] !emotespells on
[6/6/2022 19:11:9] !emotespells on
[6/6/2022 19:17:16] !emotespells on
[6/6/2022 19:23:29] !emotespells on
[6/6/2022 19:30:42] !emotespells on
[6/6/2022 19:36:57] !emotespells on
[6/6/2022 19:43:17] !emotespells on
[6/6/2022 19:49:34] !emotespells on
[6/6/2022 19:55:52] !emotespells on
[6/6/2022 20:1:54] !emotespells on
[6/6/2022 20:7:58] !emotespells on
[6/6/2022 20:14:30] !emotespells on
[6/6/2022 20:20:24] !emotespells on
[6/6/2022 20:26:35] !emotespells on
[6/6/2022 20:33:34] !emotespells on
[6/6/2022 20:45:49] !emotespells on
[6/6/2022 20:52:17] !emotespells on
[6/6/2022 20:58:32] !emotespells on
[6/6/2022 21:4:29] !emotespells on
[6/6/2022 21:17:43] !emotespells on
[6/6/2022 21:24:4] !emotespells on
[6/6/2022 21:30:5] !emotespells on
[6/6/2022 21:37:18] !emotespells on
[6/6/2022 21:43:44] !emotespells on
[6/6/2022 21:50:5] !emotespells on
[6/6/2022 21:56:21] !emotespells on
[6/6/2022 22:2:27] !emotespells on
[6/6/2022 22:4:23] !emotespells on
[6/6/2022 22:4:55] !emotespells on
[6/6/2022 22:5:27] !emotespells on
[6/6/2022 22:5:59] !emotespells on
[6/6/2022 22:6:32] !emotespells on
[6/6/2022 22:7:4] !emotespells on
[6/6/2022 22:7:37] !emotespells on
[6/6/2022 22:8:9] !emotespells on
[6/6/2022 22:8:42] !emotespells on
[6/6/2022 22:9:14] !emotespells on
[6/6/2022 22:9:46] !emotespells on
[6/6/2022 22:10:19] !emotespells on
[6/6/2022 22:10:51] !emotespells on
[6/6/2022 22:11:24] !emotespells on
[6/6/2022 22:11:56] !emotespells on
[6/6/2022 22:12:29] !emotespells on
[6/6/2022 22:13:1] !emotespells on
[6/6/2022 22:13:34] !emotespells on
[6/6/2022 22:14:6] !emotespells on
[6/6/2022 22:14:39] !emotespells on
[6/6/2022 22:15:12] !emotespells on
[6/6/2022 22:15:44] !emotespells on
[6/6/2022 22:16:16] !emotespells on
[6/6/2022 22:16:49] !emotespells on
[6/6/2022 22:17:21] !emotespells on
[6/6/2022 22:17:54] !emotespells on
[6/6/2022 22:18:27] !emotespells on
[6/6/2022 22:18:59] !emotespells on
[6/6/2022 22:19:31] !emotespells on
[6/6/2022 22:20:3] !emotespells on
[6/6/2022 22:20:36] !emotespells on
[6/6/2022 22:21:8] !emotespells on
[6/6/2022 22:21:40] !emotespells on
[6/6/2022 22:22:14] !emotespells on
[6/6/2022 22:22:46] !emotespells on
[6/6/2022 22:23:18] !emotespells on
[6/6/2022 22:23:51] !emotespells on
[6/6/2022 22:24:56] !emotespells on
[6/6/2022 22:25:29] !emotespells on
[6/6/2022 22:26:1] !emotespells on
[6/6/2022 22:26:33] !emotespells on
[6/6/2022 22:27:5] !emotespells on
[6/6/2022 22:27:38] !emotespells on
[6/6/2022 22:28:10] !emotespells on
[6/6/2022 22:28:42] !emotespells on
[6/6/2022 22:29:15] !emotespells on
[6/6/2022 22:29:47] !emotespells on
[6/6/2022 22:30:20] !emotespells on
[6/6/2022 22:30:52] !emotespells on
[6/6/2022 22:31:24] !emotespells on
[6/6/2022 22:31:57] !emotespells on
[6/6/2022 22:32:29] !emotespells on
[6/6/2022 22:33:1] !emotespells on
[6/6/2022 22:33:34] !emotespells on
[6/6/2022 22:34:6] !emotespells on
[6/6/2022 22:34:38] !emotespells on
[6/6/2022 22:35:11] !emotespells on
[6/6/2022 22:35:43] !emotespells on
[6/6/2022 22:36:15] !emotespells on
[6/6/2022 22:36:48] !emotespells on
[6/6/2022 22:37:20] !emotespells on
[6/6/2022 22:37:52] !emotespells on
[6/6/2022 22:38:25] !emotespells on
[6/6/2022 22:38:57] !emotespells on
[6/6/2022 22:39:29] !emotespells on
[6/6/2022 22:40:2] !emotespells on
[6/6/2022 22:40:34] !emotespells on
[6/6/2022 22:41:7] !emotespells on
[6/6/2022 22:41:39] !emotespells on
[6/6/2022 22:42:12] !emotespells on
[6/6/2022 22:42:44] !emotespells on
[6/6/2022 22:43:17] !emotespells on
[6/6/2022 22:43:49] !emotespells on
[6/6/2022 22:44:22] !emotespells on
[6/6/2022 22:44:54] !emotespells on
[6/6/2022 22:45:26] !emotespells on
[6/6/2022 22:46:0] !emotespells on
[6/6/2022 22:46:32] !emotespells on
[6/6/2022 22:47:5] !emotespells on
[6/6/2022 22:47:37] !emotespells on
[6/6/2022 22:48:9] !emotespells on
[6/6/2022 22:48:42] !emotespells on
[6/6/2022 22:49:15] !emotespells on
[6/6/2022 22:49:47] !emotespells on
[6/6/2022 22:50:20] !emotespells on
[6/6/2022 22:50:52] !emotespells on
[6/6/2022 22:51:24] !emotespells on
[6/6/2022 22:51:56] !emotespells on
[6/6/2022 22:52:29] !emotespells on
[6/6/2022 22:53:1] !emotespells on
[6/6/2022 22:53:34] !emotespells on
[6/6/2022 22:54:6] !emotespells on
[6/6/2022 22:54:38] !emotespells on
[6/6/2022 22:55:11] !emotespells on
[6/6/2022 22:55:43] !emotespells on
[6/6/2022 22:56:15] !emotespells on
[6/6/2022 22:56:48] !emotespells on
[6/6/2022 22:57:20] !emotespells on
[6/6/2022 22:57:53] !emotespells on
[6/6/2022 22:58:25] !emotespells on
[6/6/2022 22:58:57] !emotespells on
[6/6/2022 22:59:29] !emotespells on
[6/6/2022 23:0:2] !emotespells on
[6/6/2022 23:0:35] !emotespells on
[6/6/2022 23:1:7] !emotespells on
[6/6/2022 23:1:39] !emotespells on
[6/6/2022 23:2:12] !emotespells on
[6/6/2022 23:2:45] !emotespells on
[6/6/2022 23:3:17] !emotespells on
[6/6/2022 23:3:49] !emotespells on
[6/6/2022 23:4:22] !emotespells on
[6/6/2022 23:4:54] !emotespells on
[6/6/2022 23:5:26] !emotespells on
[6/6/2022 23:5:58] !emotespells on
[6/6/2022 23:6:32] !emotespells on
[6/6/2022 23:7:4] !emotespells on
[6/6/2022 23:7:36] !emotespells on
[6/6/2022 23:8:9] !emotespells on
[6/6/2022 23:8:41] !emotespells on
[6/6/2022 23:9:14] !emotespells on
[6/6/2022 23:9:47] !emotespells on
[6/6/2022 23:10:19] !emotespells on
[6/6/2022 23:10:51] !emotespells on
[6/6/2022 23:11:24] !emotespells on
[6/6/2022 23:11:56] !emotespells on
[6/6/2022 23:12:28] !emotespells on
[6/6/2022 23:13:1] !emotespells on
[6/6/2022 23:13:33] !emotespells on
[6/6/2022 23:14:6] !emotespells on
[6/6/2022 23:14:38] !emotespells on
[6/6/2022 23:15:10] !emotespells on
[6/6/2022 23:15:42] !emotespells on
[6/6/2022 23:16:15] !emotespells on
[6/6/2022 23:16:47] !emotespells on
[6/6/2022 23:17:20] !emotespells on
[6/6/2022 23:17:52] !emotespells on
[6/6/2022 23:18:24] !emotespells on
[6/6/2022 23:18:57] !emotespells on
[6/6/2022 23:19:29] !emotespells on
[6/6/2022 23:20:1] !emotespells on
[6/6/2022 23:20:34] !emotespells on
[6/6/2022 23:21:6] !emotespells on
[6/6/2022 23:21:39] !emotespells on
[6/6/2022 23:22:11] !emotespells on
[6/6/2022 23:22:44] !emotespells on
[6/6/2022 23:23:16] !emotespells on
[6/6/2022 23:23:48] !emotespells on
[6/6/2022 23:24:21] !emotespells on
[6/6/2022 23:24:53] !emotespells on
[6/6/2022 23:25:25] !emotespells on
[6/6/2022 23:25:58] !emotespells on
[6/6/2022 23:26:30] !emotespells on
[6/6/2022 23:27:2] !emotespells on
[6/6/2022 23:27:35] !emotespells on
[6/6/2022 23:28:8] !emotespells on
[6/6/2022 23:28:40] !emotespells on
[6/6/2022 23:29:13] !emotespells on
[6/6/2022 23:29:45] !emotespells on
[6/6/2022 23:30:18] !emotespells on
[6/6/2022 23:30:51] !emotespells on
[6/6/2022 23:31:23] !emotespells on
[6/6/2022 23:31:55] !emotespells on
[6/6/2022 23:32:28] !emotespells on
[6/6/2022 23:33:0] !emotespells on
[6/6/2022 23:33:32] !emotespells on
[6/6/2022 23:34:5] !emotespells on
[6/6/2022 23:34:37] !emotespells on
[6/6/2022 23:35:10] !emotespells on
[6/6/2022 23:35:42] !emotespells on
[6/6/2022 23:36:15] !emotespells on
[6/6/2022 23:36:47] !emotespells on
[6/6/2022 23:37:19] !emotespells on
[6/6/2022 23:37:51] !emotespells on
[6/6/2022 23:38:24] !emotespells on
[6/6/2022 23:38:56] !emotespells on
[6/6/2022 23:39:28] !emotespells on
[6/6/2022 23:40:1] !emotespells on
[6/6/2022 23:40:33] !emotespells on
[6/6/2022 23:41:5] !emotespells on
[6/6/2022 23:41:39] !emotespells on
[6/6/2022 23:42:11] !emotespells on
[6/6/2022 23:42:43] !emotespells on
[6/6/2022 23:43:16] !emotespells on
[6/6/2022 23:43:48] !emotespells on
[6/6/2022 23:44:21] !emotespells on
[6/6/2022 23:44:56] !emotespells on
[6/6/2022 23:45:30] !emotespells on
[6/6/2022 23:46:5] !emotespells on
[6/6/2022 23:46:40] !emotespells on
[6/6/2022 23:47:14] !emotespells on
[6/6/2022 23:47:49] !emotespells on
[6/6/2022 23:48:23] !emotespells on
[6/6/2022 23:48:57] !emotespells on
[6/6/2022 23:49:31] !emotespells on
[6/6/2022 23:50:6] !emotespells on
[6/6/2022 23:50:40] !emotespells on
[6/6/2022 23:51:14] !emotespells on
[6/6/2022 23:51:50] !emotespells on
[6/6/2022 23:52:24] !emotespells on
[6/6/2022 23:52:58] !emotespells on
[6/6/2022 23:53:33] !emotespells on
[6/6/2022 23:54:8] !emotespells on
[6/6/2022 23:54:42] !emotespells on
[6/6/2022 23:55:16] !emotespells on
[6/6/2022 23:55:51] !emotespells on
[6/6/2022 23:56:25] !emotespells on
[6/6/2022 23:57:34] !emotespells on
[6/6/2022 23:58:8] !emotespells on
[6/6/2022 23:58:43] !emotespells on
[6/6/2022 23:59:17] !emotespells on
[6/6/2022 23:59:51] !emotespells on
[7/6/2022 0:0:27] !emotespells on
[7/6/2022 0:1:1] !emotespells on
[7/6/2022 0:1:35] !emotespells on
[7/6/2022 0:2:10] !emotespells on
[7/6/2022 0:2:44] !emotespells on
[7/6/2022 0:3:18] !emotespells on
[7/6/2022 0:3:52] !emotespells on
[7/6/2022 0:4:27] !emotespells on
[7/6/2022 0:5:1] !emotespells on
[7/6/2022 0:5:37] !emotespells on
[7/6/2022 0:6:11] !emotespells on
[7/6/2022 0:6:45] !emotespells on
[7/6/2022 0:7:20] !emotespells on
[7/6/2022 0:7:55] !emotespells on
[7/6/2022 0:8:29] !emotespells on
[7/6/2022 0:9:3] !emotespells on
[7/6/2022 0:9:38] !emotespells on
[7/6/2022 0:10:12] !emotespells on
[7/6/2022 0:10:46] !emotespells on
[7/6/2022 0:11:20] !emotespells on
[7/6/2022 0:11:55] !emotespells on
[7/6/2022 0:12:29] !emotespells on
[7/6/2022 0:13:4] !emotespells on
[7/6/2022 0:13:39] !emotespells on
[7/6/2022 0:14:13] !emotespells on
[7/6/2022 0:14:47] !emotespells on
[7/6/2022 0:15:22] !emotespells on
[7/6/2022 0:15:56] !emotespells on
[7/6/2022 0:16:30] !emotespells on
[7/6/2022 0:17:5] !emotespells on
[7/6/2022 0:17:39] !emotespells on
[7/6/2022 0:18:13] !emotespells on
[7/6/2022 0:18:47] !emotespells on
[7/6/2022 0:19:22] !emotespells on
[7/6/2022 0:19:56] !emotespells on
[7/6/2022 0:20:30] !emotespells on
[7/6/2022 0:21:6] !emotespells on
[7/6/2022 0:22:14] !emotespells on
[7/6/2022 0:22:49] !emotespells on
[7/6/2022 0:23:23] !emotespells on
[7/6/2022 0:23:58] !emotespells on
[7/6/2022 0:24:32] !emotespells on
[7/6/2022 0:25:6] !emotespells on
[7/6/2022 0:25:40] !emotespells on
[7/6/2022 0:26:14] !emotespells on
[7/6/2022 0:26:49] !emotespells on
[7/6/2022 0:27:23] !emotespells on
[7/6/2022 0:27:58] !emotespells on
[7/6/2022 0:28:32] !emotespells on
[7/6/2022 0:29:6] !emotespells on
[7/6/2022 0:29:41] !emotespells on
[7/6/2022 0:30:16] !emotespells on
[7/6/2022 0:30:50] !emotespells on
[7/6/2022 0:31:25] !emotespells on
[7/6/2022 0:31:59] !emotespells on
[7/6/2022 0:32:34] !emotespells on
[7/6/2022 0:33:46] !emotespells on
[7/6/2022 0:40:18] !emotespells on
[7/6/2022 0:44:16] !emotespells on
[7/6/2022 0:48:30] !emotespells on
[7/6/2022 0:52:35] !emotespells on
[7/6/2022 0:56:48] !emotespells on
[7/6/2022 1:0:17] !emotespells on
[7/6/2022 1:4:21] !emotespells on
[7/6/2022 1:9:28] !emotespells on
[7/6/2022 1:13:25] !emotespells on
[7/6/2022 1:17:44] !emotespells on
[7/6/2022 1:21:34] !emotespells on
[7/6/2022 1:25:45] !emotespells on
[7/6/2022 1:29:51] !emotespells on
[7/6/2022 1:34:26] !emotespells on
[7/6/2022 1:38:34] !emotespells on
[7/6/2022 1:42:32] !emotespells on
[7/6/2022 1:47:13] !emotespells on
[7/6/2022 1:51:1] !emotespells on
[7/6/2022 1:55:27] !emotespells on
[7/6/2022 1:59:34] !emotespells on
[7/6/2022 2:3:34] !emotespells on
[7/6/2022 2:7:43] !emotespells on
[7/6/2022 2:12:8] !emotespells on
[7/6/2022 2:15:56] !emotespells on
[7/6/2022 2:20:40] !emotespells on
[7/6/2022 2:24:25] !emotespells on
[7/6/2022 2:28:58] !emotespells on
[7/6/2022 2:32:54] !emotespells on
[7/6/2022 2:37:12] !emotespells on
[7/6/2022 2:41:11] !emotespells on
[7/6/2022 2:45:20] !emotespells on
[7/6/2022 2:50:36] !emotespells on
[7/6/2022 2:54:21] !emotespells on
[7/6/2022 2:58:36] !emotespells on
[7/6/2022 3:2:34] !emotespells on
[7/6/2022 3:6:56] !emotespells on
[7/6/2022 3:11:32] !emotespells on
[7/6/2022 3:16:22] !emotespells on
[7/6/2022 3:20:28] !emotespells on
[7/6/2022 3:24:40] !emotespells on
[7/6/2022 3:28:23] !emotespells on
[7/6/2022 3:32:34] !emotespells on
[7/6/2022 3:37:2] !emotespells on
[7/6/2022 3:40:49] !emotespells on
[7/6/2022 3:45:3] !emotespells on
[7/6/2022 3:49:0] !emotespells on
[7/6/2022 3:53:21] !emotespells on
[7/6/2022 3:57:23] !emotespells on
[7/6/2022 4:1:48] !emotespells on
[7/6/2022 4:5:48] !emotespells on
[7/6/2022 4:10:9] !emotespells on
[7/6/2022 4:14:18] !emotespells on
[7/6/2022 4:18:18] !emotespells on
[7/6/2022 4:22:29] !emotespells on
[7/6/2022 4:26:34] !emotespells on
[7/6/2022 4:30:37] !emotespells on
[7/6/2022 4:34:59] !emotespells on
[7/6/2022 4:39:23] !emotespells on
[7/6/2022 4:43:9] !emotespells on
[7/6/2022 4:47:15] !emotespells on
[7/6/2022 4:51:34] !emotespells on
[7/6/2022 4:55:21] !emotespells on
[7/6/2022 5:14:15] !emotespells on
[7/6/2022 5:21:29] !emotespells on
[7/6/2022 5:27:24] !emotespells on
[7/6/2022 5:33:2] !emotespells on
[7/6/2022 5:39:11] !emotespells on
[7/6/2022 5:45:4] !emotespells on
[7/6/2022 5:50:52] !emotespells on
[7/6/2022 5:56:49] !emotespells on
[7/6/2022 6:2:34] !emotespells on
[7/6/2022 6:8:41] !emotespells on
[7/6/2022 6:14:45] !emotespells on
[7/6/2022 6:20:58] !emotespells on
[7/6/2022 6:26:40] !emotespells on
[7/6/2022 6:31:51] !emotespells on
[7/6/2022 6:33:17] !emotespells on
[7/6/2022 6:33:50] !emotespells on
[7/6/2022 6:34:22] !emotespells on
[7/6/2022 6:34:55] !emotespells on
[7/6/2022 6:35:27] !emotespells on
[7/6/2022 6:35:59] !emotespells on
[7/6/2022 6:36:32] !emotespells on
[7/6/2022 6:37:4] !emotespells on
[7/6/2022 6:37:37] !emotespells on
[7/6/2022 6:38:9] !emotespells on
[7/6/2022 6:38:41] !emotespells on
[7/6/2022 6:39:13] !emotespells on
[7/6/2022 6:39:46] !emotespells on
[7/6/2022 6:40:18] !emotespells on
[7/6/2022 6:40:50] !emotespells on
[7/6/2022 6:41:23] !emotespells on
[7/6/2022 6:41:55] !emotespells on
[7/6/2022 6:42:27] !emotespells on
[7/6/2022 6:43:1] !emotespells on
[7/6/2022 6:43:33] !emotespells on
[7/6/2022 6:44:5] !emotespells on
[7/6/2022 6:44:38] !emotespells on
[7/6/2022 6:45:10] !emotespells on
[7/6/2022 6:45:44] !emotespells on
[7/6/2022 6:46:16] !emotespells on
[7/6/2022 6:46:48] !emotespells on
[7/6/2022 6:47:21] !emotespells on
[7/6/2022 6:47:53] !emotespells on
[7/6/2022 6:48:25] !emotespells on
[7/6/2022 6:48:58] !emotespells on
[7/6/2022 6:49:30] !emotespells on
[7/6/2022 6:50:2] !emotespells on
[7/6/2022 6:50:35] !emotespells on
[7/6/2022 6:51:7] !emotespells on
[7/6/2022 6:51:39] !emotespells on
[7/6/2022 6:52:12] !emotespells on
[7/6/2022 6:52:44] !emotespells on
[7/6/2022 6:53:17] !emotespells on
[7/6/2022 6:53:49] !emotespells on
[7/6/2022 6:54:22] !emotespells on
[7/6/2022 6:54:55] !emotespells on
[7/6/2022 6:55:27] !emotespells on
[7/6/2022 6:55:59] !emotespells on
[7/6/2022 6:56:32] !emotespells on
[7/6/2022 6:57:4] !emotespells on
[7/6/2022 6:57:37] !emotespells on
[7/6/2022 6:58:9] !emotespells on
[7/6/2022 6:58:41] !emotespells on
[7/6/2022 6:59:14] !emotespells on
[7/6/2022 6:59:46] !emotespells on
[7/6/2022 7:0:18] !emotespells on
[7/6/2022 7:0:51] !emotespells on
[7/6/2022 7:1:23] !emotespells on
[7/6/2022 7:1:55] !emotespells on
[7/6/2022 7:2:28] !emotespells on
[7/6/2022 7:3:0] !emotespells on
[7/6/2022 7:3:32] !emotespells on
[7/6/2022 7:4:5] !emotespells on
[7/6/2022 7:4:37] !emotespells on
[7/6/2022 7:5:9] !emotespells on
[7/6/2022 7:5:42] !emotespells on
[7/6/2022 7:6:14] !emotespells on
[7/6/2022 7:6:47] !emotespells on
[7/6/2022 7:7:19] !emotespells on
[7/6/2022 7:7:51] !emotespells on
[7/6/2022 7:8:24] !emotespells on
[7/6/2022 7:8:56] !emotespells on
[7/6/2022 7:9:29] !emotespells on
[7/6/2022 7:10:1] !emotespells on
[7/6/2022 7:10:34] !emotespells on
[7/6/2022 7:11:6] !emotespells on
[7/6/2022 7:11:38] !emotespells on
[7/6/2022 7:12:11] !emotespells on
[7/6/2022 7:12:43] !emotespells on
[7/6/2022 7:13:16] !emotespells on
[7/6/2022 7:13:48] !emotespells on
[7/6/2022 7:14:20] !emotespells on
[7/6/2022 7:14:53] !emotespells on
[7/6/2022 7:15:25] !emotespells on
[7/6/2022 7:15:57] !emotespells on
[7/6/2022 7:16:30] !emotespells on
[7/6/2022 7:17:2] !emotespells on
[7/6/2022 7:17:34] !emotespells on
[7/6/2022 7:18:7] !emotespells on
[7/6/2022 7:18:39] !emotespells on
[7/6/2022 7:19:12] !emotespells on
[7/6/2022 7:19:45] !emotespells on
[7/6/2022 7:20:17] !emotespells on
[7/6/2022 7:20:50] !emotespells on
[7/6/2022 7:21:22] !emotespells on
[7/6/2022 7:21:55] !emotespells on
[7/6/2022 7:22:27] !emotespells on
[7/6/2022 7:22:59] !emotespells on
[7/6/2022 7:23:32] !emotespells on
[7/6/2022 7:24:4] !emotespells on
[7/6/2022 7:24:37] !emotespells on
[7/6/2022 7:25:9] !emotespells on
[7/6/2022 7:25:41] !emotespells on
[7/6/2022 7:26:14] !emotespells on
[7/6/2022 7:26:46] !emotespells on
[7/6/2022 7:27:19] !emotespells on
[7/6/2022 7:27:51] !emotespells on
[7/6/2022 7:28:23] !emotespells on
[7/6/2022 7:28:56] !emotespells on
[7/6/2022 7:29:28] !emotespells on
[7/6/2022 7:30:1] !emotespells on
[7/6/2022 7:30:33] !emotespells on
[7/6/2022 7:31:5] !emotespells on
[7/6/2022 7:31:38] !emotespells on
[7/6/2022 7:32:10] !emotespells on
[7/6/2022 7:32:43] !emotespells on
[7/6/2022 7:33:15] !emotespells on
[7/6/2022 7:33:48] !emotespells on
[7/6/2022 7:34:20] !emotespells on
[7/6/2022 7:34:52] !emotespells on
[7/6/2022 7:35:25] !emotespells on
[7/6/2022 7:35:57] !emotespells on
[7/6/2022 7:36:30] !emotespells on
[7/6/2022 7:37:2] !emotespells on
[7/6/2022 7:37:34] !emotespells on
[7/6/2022 7:38:7] !emotespells on
[7/6/2022 7:38:39] !emotespells on
[7/6/2022 7:39:11] !emotespells on
[7/6/2022 7:39:44] !emotespells on
[7/6/2022 7:40:16] !emotespells on
[7/6/2022 7:40:49] !emotespells on
[7/6/2022 7:41:21] !emotespells on
[7/6/2022 7:41:53] !emotespells on
[7/6/2022 7:42:26] !emotespells on
[7/6/2022 7:42:58] !emotespells on
[7/6/2022 7:43:31] !emotespells on
[7/6/2022 7:44:3] !emotespells on
[7/6/2022 7:44:35] !emotespells on
[7/6/2022 7:45:8] !emotespells on
[7/6/2022 7:45:40] !emotespells on
[7/6/2022 7:46:12] !emotespells on
[7/6/2022 7:46:44] !emotespells on
[7/6/2022 7:47:17] !emotespells on
[7/6/2022 7:47:49] !emotespells on
[7/6/2022 7:48:21] !emotespells on
[7/6/2022 7:48:54] !emotespells on
[7/6/2022 7:49:26] !emotespells on
[7/6/2022 7:49:58] !emotespells on
[7/6/2022 7:50:31] !emotespells on
[7/6/2022 7:51:3] !emotespells on
[7/6/2022 7:51:36] !emotespells on
[7/6/2022 7:52:8] !emotespells on
[7/6/2022 7:52:40] !emotespells on
[7/6/2022 7:53:13] !emotespells on
[7/6/2022 7:53:45] !emotespells on
[7/6/2022 7:54:17] !emotespells on
[7/6/2022 7:54:50] !emotespells on
[7/6/2022 7:55:24] !emotespells on
[7/6/2022 7:55:59] !emotespells on
[7/6/2022 7:56:33] !emotespells on
[7/6/2022 7:57:7] !emotespells on
[7/6/2022 7:57:42] !emotespells on
[7/6/2022 7:58:50] !emotespells on
[7/6/2022 7:59:25] !emotespells on
[7/6/2022 7:59:59] !emotespells on
[7/6/2022 8:0:34] !emotespells on
[7/6/2022 8:1:8] !emotespells on
[7/6/2022 8:1:42] !emotespells on
[7/6/2022 8:2:17] !emotespells on
[7/6/2022 8:2:51] !emotespells on
[7/6/2022 8:3:25] !emotespells on
[7/6/2022 8:4:0] !emotespells on
[7/6/2022 8:4:34] !emotespells on
[7/6/2022 8:5:9] !emotespells on
[7/6/2022 8:5:43] !emotespells on
[7/6/2022 8:6:18] !emotespells on
[7/6/2022 8:6:52] !emotespells on
[7/6/2022 8:7:26] !emotespells on
[7/6/2022 8:8:1] !emotespells on
[7/6/2022 8:8:35] !emotespells on
[7/6/2022 8:9:9] !emotespells on
[7/6/2022 8:9:43] !emotespells on
[7/6/2022 8:10:18] !emotespells on
[7/6/2022 8:10:52] !emotespells on
[7/6/2022 8:11:27] !emotespells on
[7/6/2022 8:12:1] !emotespells on
[7/6/2022 8:12:35] !emotespells on
[7/6/2022 8:13:10] !emotespells on
[7/6/2022 8:13:44] !emotespells on
[7/6/2022 8:14:19] !emotespells on
[7/6/2022 8:14:53] !emotespells on
[7/6/2022 8:15:28] !emotespells on
[7/6/2022 8:16:2] !emotespells on
[7/6/2022 8:16:36] !emotespells on
[7/6/2022 8:17:11] !emotespells on
[7/6/2022 8:17:45] !emotespells on
[7/6/2022 8:18:20] !emotespells on
[7/6/2022 8:18:54] !emotespells on
[7/6/2022 8:19:28] !emotespells on
[7/6/2022 8:20:3] !emotespells on
[7/6/2022 8:20:37] !emotespells on
[7/6/2022 8:21:12] !emotespells on
[7/6/2022 8:21:46] !emotespells on
[7/6/2022 8:22:20] !emotespells on
[7/6/2022 8:22:55] !emotespells on
[7/6/2022 8:23:29] !emotespells on
[7/6/2022 8:24:4] !emotespells on
[7/6/2022 8:24:38] !emotespells on
[7/6/2022 8:25:13] !emotespells on
[7/6/2022 8:33:52] !emotespells on
[7/6/2022 8:38:51] !emotespells on
[7/6/2022 8:42:52] !emotespells on
[7/6/2022 8:46:30] !emotespells on
[7/6/2022 8:50:52] !emotespells on
[7/6/2022 8:55:23] !emotespells on
[7/6/2022 8:59:26] !emotespells on
[7/6/2022 9:3:21] !emotespells on
[7/6/2022 9:7:37] !emotespells on
[7/6/2022 9:11:45] !emotespells on
[7/6/2022 9:15:56] !emotespells on
[7/6/2022 9:19:56] !emotespells on
[7/6/2022 9:24:28] !emotespells on
[7/6/2022 9:28:55] !emotespells on
[7/6/2022 9:33:1] !emotespells on
[7/6/2022 9:37:19] !emotespells on
[7/6/2022 9:41:32] !emotespells on
[7/6/2022 9:45:20] !emotespells on
[7/6/2022 9:51:4] !emotespells on
[7/6/2022 9:57:0] !emotespells on
[7/6/2022 10:1:8] !emotespells on
[7/6/2022 10:5:30] !emotespells on
[7/6/2022 10:9:31] !emotespells on
[7/6/2022 10:13:42] !emotespells on
[7/6/2022 10:17:42] !emotespells on
[7/6/2022 10:21:50] !emotespells on
[7/6/2022 10:26:3] !emotespells on
[7/6/2022 10:30:10] !emotespells on
[7/6/2022 10:34:30] !emotespells on
[7/6/2022 10:38:40] !emotespells on
[7/6/2022 10:42:40] !emotespells on
[7/6/2022 10:46:38] !emotespells on
[7/6/2022 10:50:47] !emotespells on
[7/6/2022 10:55:0] !emotespells on
[7/6/2022 10:58:52] !emotespells on
[7/6/2022 11:3:16] !emotespells on
[7/6/2022 11:7:18] !emotespells on
[7/6/2022 11:12:28] !emotespells on
[7/6/2022 11:18:29] !emotespells on
[7/6/2022 11:23:13] !emotespells on
[7/6/2022 11:27:32] !emotespells on
[7/6/2022 11:31:35] !emotespells on
[7/6/2022 11:35:49] !emotespells on
[7/6/2022 11:40:14] !emotespells on
[7/6/2022 11:45:4] !emotespells on
[7/6/2022 11:49:52] !emotespells on
[7/6/2022 11:55:31] !emotespells on
[7/6/2022 12:0:53] !emotespells on
[7/6/2022 12:6:20] !emotespells on
[7/6/2022 12:10:3] !emotespells on
[7/6/2022 12:14:19] !emotespells on
[7/6/2022 12:18:11] !emotespells on
[7/6/2022 12:22:27] !emotespells on
[7/6/2022 12:26:28] !emotespells on
[7/6/2022 12:30:32] !emotespells on
[7/6/2022 13:13:34] !emotespells on
[7/6/2022 13:20:14] !emotespells on
[7/6/2022 13:25:6] !emotespells on
[7/6/2022 13:26:34] !emotespells on
[7/6/2022 13:27:6] !emotespells on
[7/6/2022 13:27:39] !emotespells on
[7/6/2022 13:28:11] !emotespells on
[7/6/2022 13:28:44] !emotespells on
[7/6/2022 13:29:16] !emotespells on
[7/6/2022 13:29:48] !emotespells on
[7/6/2022 13:30:21] !emotespells on
[7/6/2022 13:30:53] !emotespells on
[7/6/2022 13:31:26] !emotespells on
[7/6/2022 13:31:58] !emotespells on
[7/6/2022 13:32:30] !emotespells on
[7/6/2022 13:33:3] !emotespells on
[7/6/2022 13:33:35] !emotespells on
[7/6/2022 13:34:7] !emotespells on
[7/6/2022 13:34:39] !emotespells on
[7/6/2022 13:35:12] !emotespells on
[7/6/2022 13:35:44] !emotespells on
[7/6/2022 13:36:17] !emotespells on
[7/6/2022 13:36:49] !emotespells on
[7/6/2022 13:37:22] !emotespells on
[7/6/2022 13:37:54] !emotespells on
[7/6/2022 13:38:27] !emotespells on
[7/6/2022 13:38:59] !emotespells on
[7/6/2022 13:39:33] !emotespells on
[7/6/2022 13:40:5] !emotespells on
[7/6/2022 13:40:37] !emotespells on
[7/6/2022 13:41:10] !emotespells on
[7/6/2022 13:41:42] !emotespells on
[7/6/2022 13:42:15] !emotespells on
[7/6/2022 13:42:55] !emotespells on
[7/6/2022 13:49:27] !emotespells on
[7/6/2022 13:55:50] !emotespells on
[7/6/2022 14:2:46] !emotespells on
[7/6/2022 14:8:56] !emotespells on
[7/6/2022 14:15:11] !emotespells on
[7/6/2022 14:21:30] !emotespells on
[7/6/2022 14:27:22] !emotespells on
[7/6/2022 14:33:46] !emotespells on
[7/6/2022 14:40:6] !emotespells on
[7/6/2022 14:46:44] !emotespells on
[7/6/2022 14:53:0] !emotespells on
[7/6/2022 15:0:6] !emotespells on
[7/6/2022 15:6:11] !emotespells on
[7/6/2022 15:12:29] !emotespells on
[7/6/2022 15:18:33] !emotespells on
[7/6/2022 15:24:35] !emotespells on
[7/6/2022 15:39:15] !emotespells on
[7/6/2022 15:52:2] !emotespells on
[7/6/2022 15:58:29] !emotespells on
[7/6/2022 16:4:40] !emotespells on
[7/6/2022 16:11:14] !emotespells on
[7/6/2022 16:18:39] !emotespells on
[7/6/2022 16:25:19] !emotespells on
[7/6/2022 16:32:11] !emotespells on
[7/6/2022 16:38:28] !emotespells on
[7/6/2022 16:44:53] !emotespells on
[7/6/2022 16:50:55] !emotespells on
[7/6/2022 16:57:26] !emotespells on
[7/6/2022 17:3:34] !emotespells on
[7/6/2022 17:9:57] !emotespells on
[7/6/2022 17:16:26] !emotespells on
[7/6/2022 17:18:37] !emotespells on
[7/6/2022 17:25:27] !emotespells on
[7/6/2022 17:32:2] !emotespells on
[7/6/2022 17:38:30] !emotespells on
[7/6/2022 17:45:1] !emotespells on
[7/6/2022 17:51:10] !emotespells on
[7/6/2022 17:57:35] !emotespells on
[7/6/2022 18:3:42] !emotespells on
[7/6/2022 18:10:6] !emotespells on
[7/6/2022 18:16:53] !emotespells on
[7/6/2022 18:23:55] !emotespells on
[7/6/2022 18:30:48] !emotespells on
[7/6/2022 18:37:27] !emotespells on
[7/6/2022 18:44:5] !emotespells on
[7/6/2022 18:57:21] !emotespells on
[7/6/2022 19:3:55] !emotespells on
[7/6/2022 19:10:17] !emotespells on
[7/6/2022 19:16:16] !emotespells on
[7/6/2022 19:22:55] !emotespells on
[7/6/2022 19:30:13] !emotespells on
[7/6/2022 19:36:35] !emotespells on
[7/6/2022 19:43:4] !emotespells on
[7/6/2022 19:48:56] !emotespells on
[7/6/2022 19:55:12] !emotespells on
[7/6/2022 20:1:17] !emotespells on
[7/6/2022 20:7:31] !emotespells on
[7/6/2022 20:13:56] !emotespells on
[7/6/2022 20:20:4] !emotespells on
[7/6/2022 20:26:48] !emotespells on
[7/6/2022 20:34:39] !emotespells on
[7/6/2022 20:40:52] !emotespells on
