[12/2/2022 12:23:1] !aol
[12/2/2022 12:26:18] !aol
[12/2/2022 12:29:5] !emotespells on
[12/2/2022 12:30:50] !aol
[12/2/2022 12:32:43] !aol
[12/2/2022 12:33:35] !aol
[12/2/2022 12:37:26] !aol
[12/2/2022 12:53:33] !aol
[12/2/2022 13:2:38] !aol
[12/2/2022 19:4:13] !emotespells off
[12/2/2022 19:4:24] !emotespells on
[12/2/2022 19:22:58] !aol
[12/2/2022 19:33:42] !buyhouse
[12/2/2022 19:34:33] !buyhouse
[12/2/2022 19:34:46] !buyhouse
[12/2/2022 19:34:59] !buyhouse
[12/2/2022 19:37:10] !buyhouse
[12/2/2022 19:39:51] !aol
[12/2/2022 19:51:50] !aol
[12/2/2022 19:53:45] !aol
[13/2/2022 9:21:50] !buyhouse
[13/2/2022 9:21:54] !buyhouse
[13/2/2022 9:39:44] !aol
[13/2/2022 9:39:47] !aol
[13/2/2022 10:19:31] !aol
[13/2/2022 10:20:13] !aol
[13/2/2022 10:20:15] !aol
[13/2/2022 10:35:24] !online
[13/2/2022 10:41:59] !aol
[13/2/2022 10:45:23] !aol
[15/2/2022 9:23:26] !aol
[15/2/2022 11:2:8] !aol
[15/2/2022 12:49:20] !online
[18/2/2022 10:8:19] !aol
[18/2/2022 10:13:30] !online
[18/2/2022 21:27:14] !aol
