[10/12/2021 20:6:47] !online
[10/12/2021 20:19:2] !emotespells on
[10/12/2021 20:20:55] !buyhouse
[10/12/2021 20:37:50] !online
[10/12/2021 20:53:12] !guildpoints
[10/12/2021 20:55:23] !guildpoints
[10/12/2021 21:30:20] !online
[10/12/2021 22:43:41] !buyhouse
[10/12/2021 22:43:46] !buyhouse
[10/12/2021 22:44:59] !buyhouse
[11/12/2021 0:40:16] aleta som
[11/12/2021 5:54:56] !uptime
[11/12/2021 19:35:19] !online
[11/12/2021 20:21:51] !wand
[11/12/2021 20:22:9] !wand energy
[11/12/2021 20:40:19] aleta som
[11/12/2021 20:40:25] aleta sio
[12/12/2021 0:3:55] !wand ice
[12/12/2021 0:14:41] !wand holy
[12/12/2021 0:15:6] !wand ice
[12/12/2021 0:22:51] !wand energy
[12/12/2021 8:12:55] !wand flam
[12/12/2021 8:21:33] !wand energy
[12/12/2021 10:30:15] !wand fire
[12/12/2021 10:30:20] !wand death
[12/12/2021 10:30:26] !wand ice
[12/12/2021 10:30:32] !wand
[12/12/2021 10:30:36] !wand ice
[12/12/2021 10:30:41] !wand ice
[12/12/2021 10:31:9] !wand ice
[12/12/2021 10:36:25] !wand ice
[12/12/2021 10:56:55] !wand energy
[12/12/2021 11:59:18] !addon summoner
[12/12/2021 14:30:19] !wand ice
[12/12/2021 14:42:30] !wand energy
[12/12/2021 23:14:22] !wand energy
[13/12/2021 6:49:48] !wand energy
[13/12/2021 19:34:47] !protecthouse
[13/12/2021 19:34:50] !protecthouse off
[13/12/2021 19:34:53] aleta som
[13/12/2021 21:26:30] !wand ice
[13/12/2021 22:15:45] !wand ice
[13/12/2021 22:43:3] !wand holy
[13/12/2021 23:12:41] !wand ice
[13/12/2021 23:24:45] !guildpoints
[14/12/2021 0:4:25] !wand energy
[14/12/2021 9:45:24] !frags
[14/12/2021 9:45:58] !wand energy
[14/12/2021 16:30:3] !frags
[14/12/2021 16:31:37] !frags
[14/12/2021 17:10:16] !frags
[14/12/2021 17:14:16] !frags
[14/12/2021 17:29:49] !frags
[14/12/2021 17:40:2] !frags
[14/12/2021 17:50:34] !frags
[14/12/2021 17:59:35] !frags
[14/12/2021 18:25:34] !addon oriental
[14/12/2021 19:10:34] !wand energy
[14/12/2021 19:46:13] !aol
[14/12/2021 19:54:33] !wand ice
[14/12/2021 20:31:8] !wand energy
[15/12/2021 1:4:18] !online
[15/12/2021 12:45:56] !aol
[15/12/2021 12:48:34] !wand energy
[15/12/2021 20:55:9] !frags
[15/12/2021 21:15:53] !frags
[15/12/2021 22:6:6] !online
[16/12/2021 0:53:11] !wand ice
[16/12/2021 1:10:3] !wand energy
[16/12/2021 1:10:19] !wand ice
[16/12/2021 1:16:50] !wand holy
[16/12/2021 1:18:26] !wand energy
[16/12/2021 10:49:22] !wand energy
[16/12/2021 17:53:12] !frags
[16/12/2021 18:22:23] !wand ice
[16/12/2021 18:32:52] !wand death
[16/12/2021 18:36:15] !wand ice
[16/12/2021 19:16:14] !wand energy
[16/12/2021 20:10:38] !wand death
[16/12/2021 20:13:20] !wand holy
[16/12/2021 20:33:35] !wand death
[17/12/2021 8:44:19] !wand energy
[17/12/2021 18:52:23] !online
[17/12/2021 20:15:35] !online
[17/12/2021 20:15:54] !rank magic
[17/12/2021 20:16:5] !rank magic
[17/12/2021 20:40:47] !online
[17/12/2021 20:41:41] !online
[17/12/2021 20:49:5] !wand energy
[18/12/2021 21:58:19] !online
[29/12/2021 10:20:3] !online
