[30/5/2022 20:10:17] !aol
[30/5/2022 20:57:6] !guildpoints
[30/5/2022 20:58:34] !guildpoints
[30/5/2022 21:1:6] !guildpoints
[30/5/2022 21:1:31] !guildpoints
[30/5/2022 21:1:48] !guildpoints
[31/5/2022 10:34:54] !aol
[31/5/2022 10:46:43] !aol
[31/5/2022 11:23:49] !aol
[31/5/2022 12:12:34] !aol
[31/5/2022 13:14:13] !aol
[2/6/2022 12:17:49] !guildpoints
[2/6/2022 12:18:43] !guildpoints
[2/6/2022 12:36:45] !aol
[5/6/2022 1:10:11] !aol
[5/6/2022 1:18:2] !aol
[5/6/2022 1:30:20] !aol
[5/6/2022 2:36:3] !aol
[5/6/2022 4:29:19] !aol
[5/6/2022 5:16:52] !aol
[5/6/2022 9:58:47] !aol
[5/6/2022 12:25:53] !rank
[5/6/2022 12:26:4] !rank distance
[8/6/2022 18:14:22] !frags
