[24/2/2022 1:44:50] !aol
[24/2/2022 2:26:32] !aol
[24/2/2022 2:26:39] !aol
[24/2/2022 2:26:42] !aol
[24/2/2022 2:26:45] !aol
[24/2/2022 2:26:48] !aol
[24/2/2022 10:20:23] !aol
[24/2/2022 10:20:26] !aol
[24/2/2022 10:20:30] !aol
[24/2/2022 10:20:33] !aol
[24/2/2022 10:20:36] !aol
[24/2/2022 10:20:39] !aol
[24/2/2022 10:20:42] !aol
[24/2/2022 10:20:46] !aol
[24/2/2022 10:20:49] !aol
[24/2/2022 10:20:52] !aol
[24/2/2022 10:20:55] !aol
[24/2/2022 10:20:59] !aol
[24/2/2022 10:21:2] !aol
[24/2/2022 10:21:5] !aol
[24/2/2022 10:21:8] !aol
[24/2/2022 10:21:11] !aol
[24/2/2022 10:21:15] !aol
[24/2/2022 10:21:18] !aol
[24/2/2022 10:21:21] !aol
[24/2/2022 10:21:24] !aol
[24/2/2022 10:21:27] !aol
[24/2/2022 10:21:31] !aol
[24/2/2022 10:21:34] !aol
[24/2/2022 10:21:37] !aol
[24/2/2022 10:21:40] !aol
[24/2/2022 10:21:44] !aol
[24/2/2022 10:21:47] !aol
[24/2/2022 10:21:50] !aol
[24/2/2022 10:21:53] !aol
[24/2/2022 10:21:56] !aol
[24/2/2022 10:22:0] !aol
[24/2/2022 10:22:3] !aol
[24/2/2022 10:22:6] !aol
[24/2/2022 10:22:9] !aol
[24/2/2022 10:22:13] !aol
[24/2/2022 10:22:16] !aol
[24/2/2022 10:22:19] !aol
[24/2/2022 10:22:22] !aol
[24/2/2022 10:22:26] !aol
[24/2/2022 10:22:29] !aol
[24/2/2022 10:22:32] !aol
[24/2/2022 10:22:36] !aol
[24/2/2022 10:22:39] !aol
[24/2/2022 10:22:42] !aol
[24/2/2022 10:22:45] !aol
[24/2/2022 10:22:49] !aol
[24/2/2022 10:22:52] !aol
[24/2/2022 10:22:55] !aol
[24/2/2022 10:22:58] !aol
[24/2/2022 10:23:2] !aol
[24/2/2022 10:23:5] !aol
[24/2/2022 10:23:8] !aol
[24/2/2022 10:23:11] !aol
[24/2/2022 10:23:15] !aol
[24/2/2022 10:23:18] !aol
[24/2/2022 10:23:21] !aol
[24/2/2022 10:23:24] !aol
[24/2/2022 10:23:28] !aol
[24/2/2022 10:23:31] !aol
[24/2/2022 10:23:34] !aol
[24/2/2022 10:23:37] !aol
[24/2/2022 10:23:40] !aol
[24/2/2022 10:23:44] !aol
[24/2/2022 10:23:47] !aol
[24/2/2022 10:23:50] !aol
[24/2/2022 10:23:53] !aol
[24/2/2022 10:23:57] !aol
[24/2/2022 10:24:0] !aol
[24/2/2022 10:24:3] !aol
[24/2/2022 10:24:6] !aol
[24/2/2022 10:24:9] !aol
[24/2/2022 10:24:13] !aol
[24/2/2022 10:24:16] !aol
[24/2/2022 10:24:19] !aol
[24/2/2022 10:24:22] !aol
[24/2/2022 10:24:26] !aol
[24/2/2022 10:24:29] !aol
[24/2/2022 10:24:32] !aol
[24/2/2022 10:24:35] !aol
[24/2/2022 10:24:38] !aol
[24/2/2022 10:30:6] !aol
[24/2/2022 10:30:47] !aol
[24/2/2022 10:30:50] !aol
[24/2/2022 10:30:53] !aol
[24/2/2022 10:30:57] !aol
[24/2/2022 10:31:0] !aol
[24/2/2022 10:31:3] !aol
[24/2/2022 10:31:6] !aol
[24/2/2022 10:34:18] !aol
[24/2/2022 10:34:21] !aol
[24/2/2022 10:34:24] !aol
[24/2/2022 10:34:28] !aol
[24/2/2022 10:34:31] !aol
[24/2/2022 10:34:34] !aol
[24/2/2022 10:34:37] !aol
[24/2/2022 10:34:40] !aol
[24/2/2022 10:34:44] !aol
[24/2/2022 10:34:47] !aol
[24/2/2022 10:34:51] !aol
[24/2/2022 10:34:54] !aol
[24/2/2022 10:34:57] !aol
[24/2/2022 10:35:1] !aol
[24/2/2022 10:35:4] !aol
[24/2/2022 10:35:7] !aol
[24/2/2022 10:35:11] !aol
[24/2/2022 10:35:14] !aol
[24/2/2022 10:35:17] !aol
[24/2/2022 10:35:21] !aol
[24/2/2022 10:35:24] !aol
[24/2/2022 10:35:27] !aol
[24/2/2022 10:35:31] !aol
[24/2/2022 10:35:34] !aol
[24/2/2022 10:35:37] !aol
[24/2/2022 10:35:40] !aol
[24/2/2022 10:35:44] !aol
[24/2/2022 10:35:47] !aol
[24/2/2022 10:35:50] !aol
[24/2/2022 10:35:54] !aol
[24/2/2022 10:35:57] !aol
[24/2/2022 10:36:0] !aol
[24/2/2022 10:36:3] !aol
[24/2/2022 10:36:7] !aol
[24/2/2022 10:36:10] !aol
[24/2/2022 10:36:13] !aol
[24/2/2022 10:36:16] !aol
[24/2/2022 10:36:20] !aol
[24/2/2022 10:36:23] !aol
[24/2/2022 10:36:26] !aol
[24/2/2022 10:36:37] !aol
[24/2/2022 10:36:40] !aol
[24/2/2022 10:36:43] !aol
[24/2/2022 10:36:47] !aol
[24/2/2022 10:36:50] !aol
[24/2/2022 10:36:53] !aol
[24/2/2022 10:36:56] !aol
[24/2/2022 10:37:0] !aol
[24/2/2022 10:37:3] !aol
[24/2/2022 10:37:6] !aol
[24/2/2022 10:37:9] !aol
[24/2/2022 10:37:13] !aol
[24/2/2022 10:37:16] !aol
[24/2/2022 10:37:19] !aol
[24/2/2022 10:37:22] !aol
[24/2/2022 10:37:25] !aol
[24/2/2022 10:37:29] !aol
[24/2/2022 10:37:32] !aol
[24/2/2022 10:37:35] !aol
[24/2/2022 10:37:38] !aol
[24/2/2022 10:37:41] !aol
[24/2/2022 10:37:45] !aol
[24/2/2022 10:37:48] !aol
[24/2/2022 10:37:51] !aol
[24/2/2022 10:37:54] !aol
[24/2/2022 10:37:58] !aol
[24/2/2022 10:38:1] !aol
[24/2/2022 10:38:4] !aol
[24/2/2022 10:38:7] !aol
[24/2/2022 10:38:10] !aol
[24/2/2022 10:38:14] !aol
[24/2/2022 10:38:17] !aol
[24/2/2022 10:38:20] !aol
[24/2/2022 10:38:23] !aol
[24/2/2022 10:38:27] !aol
[24/2/2022 10:38:30] !aol
[24/2/2022 10:38:33] !aol
[24/2/2022 10:38:36] !aol
[24/2/2022 10:38:39] !aol
[24/2/2022 10:38:43] !aol
[24/2/2022 10:38:46] !aol
[24/2/2022 10:38:49] !aol
[24/2/2022 10:38:52] !aol
[24/2/2022 10:38:56] !aol
[24/2/2022 10:38:59] !aol
[24/2/2022 10:39:2] !aol
[24/2/2022 10:39:5] !aol
[24/2/2022 10:39:9] !aol
[24/2/2022 10:39:12] !aol
[24/2/2022 10:39:15] !aol
[24/2/2022 10:39:18] !aol
[24/2/2022 10:39:21] !aol
[24/2/2022 10:39:25] !aol
[24/2/2022 10:39:28] !aol
[24/2/2022 10:39:31] !aol
[24/2/2022 10:39:35] !aol
[24/2/2022 10:39:38] !aol
[24/2/2022 10:39:41] !aol
[24/2/2022 10:39:44] !aol
[24/2/2022 10:39:47] !aol
[24/2/2022 10:39:50] !aol
[24/2/2022 10:39:54] !aol
[24/2/2022 10:39:57] !aol
[24/2/2022 10:40:0] !aol
[24/2/2022 10:40:3] !aol
[24/2/2022 10:40:7] !aol
[24/2/2022 10:40:10] !aol
[24/2/2022 10:40:13] !aol
[24/2/2022 10:40:16] !aol
[24/2/2022 10:40:20] !aol
[24/2/2022 10:40:23] !aol
[24/2/2022 10:40:26] !aol
[24/2/2022 10:40:29] !aol
[24/2/2022 10:40:32] !aol
[24/2/2022 10:40:36] !aol
[24/2/2022 10:40:39] !aol
[24/2/2022 10:40:42] !aol
[24/2/2022 10:40:45] !aol
[24/2/2022 10:40:49] !aol
[24/2/2022 10:40:52] !aol
[24/2/2022 10:40:55] !aol
[24/2/2022 10:40:58] !aol
[24/2/2022 10:41:2] !aol
[24/2/2022 10:41:5] !aol
[24/2/2022 10:41:8] !aol
[24/2/2022 10:41:11] !aol
[24/2/2022 10:41:15] !aol
[24/2/2022 10:41:18] !aol
[24/2/2022 10:41:21] !aol
[24/2/2022 10:41:24] !aol
[24/2/2022 10:41:27] !aol
[24/2/2022 10:41:31] !aol
[24/2/2022 10:41:34] !aol
[24/2/2022 10:41:37] !aol
[24/2/2022 10:41:41] !aol
[24/2/2022 10:41:44] !aol
[24/2/2022 10:41:47] !aol
[24/2/2022 10:41:50] !aol
[24/2/2022 10:41:53] !aol
[24/2/2022 10:41:57] !aol
[24/2/2022 10:42:0] !aol
[24/2/2022 10:42:3] !aol
[24/2/2022 10:42:6] !aol
[24/2/2022 10:42:9] !aol
[24/2/2022 10:42:13] !aol
[24/2/2022 10:42:16] !aol
[24/2/2022 10:42:19] !aol
[24/2/2022 10:42:22] !aol
[24/2/2022 10:42:26] !aol
[24/2/2022 10:42:29] !aol
[24/2/2022 10:42:32] !aol
[24/2/2022 10:42:35] !aol
[24/2/2022 10:42:39] !aol
[24/2/2022 10:42:42] !aol
[24/2/2022 10:42:45] !aol
[24/2/2022 10:42:48] !aol
[24/2/2022 10:42:52] !aol
[24/2/2022 10:42:55] !aol
[24/2/2022 10:42:58] !aol
[24/2/2022 10:43:1] !aol
[24/2/2022 10:43:4] !aol
[24/2/2022 10:43:8] !aol
[24/2/2022 10:43:11] !aol
[24/2/2022 10:43:14] !aol
[24/2/2022 10:43:17] !aol
[24/2/2022 10:43:21] !aol
[24/2/2022 10:43:24] !aol
[24/2/2022 10:43:27] !aol
[24/2/2022 10:43:30] !aol
[24/2/2022 10:43:33] !aol
[24/2/2022 10:43:37] !aol
[24/2/2022 10:43:40] !aol
[24/2/2022 10:43:43] !aol
[24/2/2022 10:43:46] !aol
[24/2/2022 10:43:50] !aol
[24/2/2022 10:43:53] !aol
[24/2/2022 10:43:56] !aol
[24/2/2022 10:43:59] !aol
[24/2/2022 10:44:2] !aol
[24/2/2022 10:44:6] !aol
[24/2/2022 10:44:9] !aol
[24/2/2022 10:44:12] !aol
[24/2/2022 10:44:15] !aol
[24/2/2022 10:44:19] !aol
[24/2/2022 10:44:22] !aol
[24/2/2022 10:44:25] !aol
[24/2/2022 10:44:28] !aol
[24/2/2022 10:44:31] !aol
[24/2/2022 10:44:35] !aol
[24/2/2022 10:44:38] !aol
[24/2/2022 10:44:41] !aol
[24/2/2022 10:44:44] !aol
[24/2/2022 10:44:48] !aol
[24/2/2022 10:44:51] !aol
[24/2/2022 10:44:54] !aol
[24/2/2022 10:44:57] !aol
[24/2/2022 10:45:0] !aol
[24/2/2022 10:45:4] !aol
[24/2/2022 10:45:7] !aol
[24/2/2022 10:45:10] !aol
[24/2/2022 10:45:13] !aol
[24/2/2022 10:45:17] !aol
[24/2/2022 10:45:20] !aol
[24/2/2022 10:45:23] !aol
[24/2/2022 10:45:26] !aol
[24/2/2022 10:45:30] !aol
[24/2/2022 10:45:33] !aol
[24/2/2022 10:45:36] !aol
[24/2/2022 10:45:39] !aol
[24/2/2022 10:45:42] !aol
[24/2/2022 10:45:46] !aol
[24/2/2022 10:45:49] !aol
[24/2/2022 10:45:52] !aol
[24/2/2022 10:45:56] !aol
[24/2/2022 10:45:59] !aol
[24/2/2022 10:46:2] !aol
[24/2/2022 10:46:5] !aol
[24/2/2022 10:46:8] !aol
[24/2/2022 10:46:11] !aol
[24/2/2022 10:46:15] !aol
[24/2/2022 10:46:18] !aol
[24/2/2022 10:46:21] !aol
[24/2/2022 10:46:24] !aol
[24/2/2022 10:46:27] !aol
[24/2/2022 10:46:31] !aol
[24/2/2022 10:46:34] !aol
[24/2/2022 10:46:37] !aol
[24/2/2022 10:46:40] !aol
[24/2/2022 10:46:44] !aol
[24/2/2022 10:46:47] !aol
[24/2/2022 10:46:50] !aol
[24/2/2022 10:46:53] !aol
[24/2/2022 10:46:57] !aol
[24/2/2022 10:47:0] !aol
[24/2/2022 10:47:3] !aol
[24/2/2022 10:47:6] !aol
[24/2/2022 10:47:23] !aol
[24/2/2022 10:47:26] !aol
[24/2/2022 10:47:29] !aol
[24/2/2022 10:47:32] !aol
[24/2/2022 10:47:35] !aol
[24/2/2022 10:47:38] !aol
[24/2/2022 10:47:42] !aol
[24/2/2022 10:47:45] !aol
[24/2/2022 10:47:48] !aol
[24/2/2022 10:47:51] !aol
[24/2/2022 10:47:55] !aol
[24/2/2022 10:47:58] !aol
[24/2/2022 10:48:1] !aol
[24/2/2022 10:48:4] !aol
[24/2/2022 10:48:8] !aol
[24/2/2022 10:48:11] !aol
[24/2/2022 14:18:52] !aol
[25/2/2022 12:13:29] !rank level
[26/2/2022 0:8:48] !emotespells on|
[26/2/2022 0:9:15] !emotespells on|
[26/2/2022 0:9:22] !emotespells on|
[26/2/2022 0:9:25] !emotespells on|
[26/2/2022 0:9:28] !emotespells on|
[26/2/2022 0:9:33] !emotespells on|
[26/2/2022 0:9:41] !emotespells on
[26/2/2022 13:48:6] !aol
[26/2/2022 22:22:43] !aol
[26/2/2022 22:42:25] !addon brotherhood
[27/2/2022 0:48:54] !aol
