[31/5/2022 22:22:18] !rank axe
[31/5/2022 22:22:36] !rank sword
[31/5/2022 22:23:1] !rank shield
[31/5/2022 22:23:14] !rank distance
[1/6/2022 7:23:40] !rank sword
[1/6/2022 13:43:31] !rank sword
[2/6/2022 7:35:54] !rank sword
[2/6/2022 13:47:5] !rank sword
[2/6/2022 20:42:27] !rank sword
[3/6/2022 15:36:47] !rank axe
[3/6/2022 15:36:55] !rank sword
[3/6/2022 15:37:12] !rank club
[3/6/2022 21:54:32] !rank sword
[3/6/2022 23:50:17] !rank sword
[3/6/2022 23:50:29] !rank club
[3/6/2022 23:50:43] !rank axe
[4/6/2022 14:11:28] !rank axe
[4/6/2022 14:11:34] !rank sword
[4/6/2022 20:48:12] !rank sword
[5/6/2022 0:10:28] !rank sword
[5/6/2022 0:10:47] !rank club
[5/6/2022 0:10:54] !rank axe
[5/6/2022 0:11:0] !rank sword
[5/6/2022 7:11:27] !rank sword
[5/6/2022 15:50:43] !rank sword
[5/6/2022 15:51:14] !emotespells off
[5/6/2022 15:51:17] !emotespells on
[5/6/2022 20:18:46] !online
[5/6/2022 20:23:49] !online
[5/6/2022 20:54:35] !online
[5/6/2022 21:26:28] !online
[6/6/2022 13:43:21] !rank sword
[6/6/2022 20:25:9] !rank sword
[7/6/2022 14:3:59] !rank axe
[7/6/2022 14:4:42] !rank sword
[7/6/2022 14:4:58] !rank distance
[7/6/2022 14:8:8] !rank axe
[7/6/2022 16:59:15] !rank sword
[7/6/2022 18:58:9] !rank level
[7/6/2022 20:28:47] !rank sword
[7/6/2022 20:29:8] !rank sword
[7/6/2022 20:29:23] !rank AXE
[7/6/2022 20:29:33] !rank AXE
[7/6/2022 22:38:1] !rank axe
[7/6/2022 22:38:13] !rank axe
[7/6/2022 22:38:37] !rank sword
[8/6/2022 15:31:43] !rank sword
[8/6/2022 15:31:57] !rank distance
[8/6/2022 15:32:12] !rank axe
[8/6/2022 15:34:10] !rank axe
[8/6/2022 15:34:19] !rank axe
[8/6/2022 15:34:31] !rank sword
[8/6/2022 19:45:36] !rank sword
[8/6/2022 19:53:25] !rank axe
[8/6/2022 19:53:38] !rank distance
[8/6/2022 19:53:47] !rank sword
[8/6/2022 20:15:16] !rank level
[8/6/2022 20:16:14] !rank sword
[8/6/2022 20:26:28] !rank sword
[8/6/2022 21:43:18] !rank sword
[8/6/2022 22:3:50] !rank sword
[8/6/2022 23:8:10] !rank sword
[9/6/2022 7:8:39] !rank sword
[9/6/2022 7:25:32] !rank distance
[9/6/2022 7:25:52] !rank sield
[9/6/2022 7:26:2] !rank shield
[9/6/2022 7:27:8] !rank maigc
[9/6/2022 7:27:15] !rank magic
[9/6/2022 14:2:8] !rank sword
[9/6/2022 20:12:16] !rank sword
[9/6/2022 20:12:38] !online
[9/6/2022 20:16:41] !rank axe
[9/6/2022 20:16:47] !rank distance
[9/6/2022 20:16:53] !rank distance
[9/6/2022 20:17:1] !rank distance
[9/6/2022 20:30:13] !rank sword
[9/6/2022 21:8:2] !rank sword
