[10/12/2021 20:43:20] !rank level
[10/12/2021 23:56:24] !aol
[11/12/2021 7:0:35] !aol
[11/12/2021 23:20:3] !rank magic
[13/12/2021 8:13:51] !rank magic
[14/12/2021 13:41:25] !online
[14/12/2021 23:10:26] !rank magic
[14/12/2021 23:10:29] !rank magic
[14/12/2021 23:17:29] !rank magic
[14/12/2021 23:52:32] !rank magic
[16/12/2021 16:19:5] !rank level
[18/12/2021 15:10:5] !rank magic
[18/12/2021 16:11:25] !frags
[24/2/2022 1:26:48] !aol
[24/2/2022 21:55:54] !aol
[24/2/2022 22:27:37] !aol
[24/2/2022 22:51:37] !aol
[24/2/2022 23:0:46] !aol
[24/2/2022 23:35:16] !aol
[24/2/2022 23:48:25] !aol
[25/2/2022 0:16:27] !aol
[26/2/2022 0:39:48] !emotespells on
