[10/2/2022 20:12:20] !serverinfo
[10/2/2022 21:0:11] !frags
[10/2/2022 21:6:54] !emotespells on
[10/2/2022 22:36:7] !buyhouse
[10/2/2022 22:38:1] !buyhouse
[10/2/2022 22:38:22] aleta som
[10/2/2022 22:38:28] aleta som
[10/2/2022 22:46:35] !aol
[11/2/2022 0:14:26] !aol
[11/2/2022 1:31:52] !aol
[11/2/2022 2:33:29] !tradeoff add,30000000
[11/2/2022 2:33:37] !tradeoff remove,8
[11/2/2022 2:33:56] !tradeoff add,30000000
[11/2/2022 2:33:59] !tradeoff remove,9
[11/2/2022 2:34:9] !tradeoff add,30000000
[11/2/2022 2:34:13] !tradeoff remove,10
[11/2/2022 2:34:20] !tradeoff add,30000000
[11/2/2022 2:34:22] !tradeoff remove,11
[11/2/2022 2:34:26] !tradeoff add,30000000
[11/2/2022 2:34:29] !tradeoff remove,12
[11/2/2022 2:34:36] !tradeoff add,30000000
[11/2/2022 2:34:39] !tradeoff remove,13
[11/2/2022 2:34:52] !tradeoff add,30000000
[11/2/2022 2:34:55] !tradeoff remove,14
[11/2/2022 2:35:9] !tradeoff add,30000000
[11/2/2022 2:35:14] !tradeoff remove,15
[11/2/2022 19:12:12] 
[11/2/2022 20:27:59] aleta som
[11/2/2022 20:30:36] !protecthouse
[11/2/2022 20:30:39] !protecthouse off
[11/2/2022 20:56:0] !frags
[11/2/2022 20:57:49] !frags
[11/2/2022 21:0:49] !frags
[11/2/2022 21:12:27] !frags
[11/2/2022 21:32:8] !frags
[11/2/2022 21:38:29] !frags
[11/2/2022 21:56:49] !frags
[11/2/2022 22:3:51] !frags
[11/2/2022 22:6:10] !frags
[11/2/2022 22:6:39] !frags
[11/2/2022 22:7:32] !frags
[11/2/2022 22:7:53] !frags
[11/2/2022 22:9:2] !frags
[12/2/2022 9:12:40] !frags
[12/2/2022 10:48:17] 
[12/2/2022 11:52:50] !frags
[12/2/2022 12:35:25] !serverinfo
[12/2/2022 13:43:23] !frags
[12/2/2022 20:56:5] aleta som
[12/2/2022 21:8:35] !frags
[12/2/2022 21:11:27] aleta som
[12/2/2022 23:26:56] !frags
[13/2/2022 5:15:26] 
[13/2/2022 6:21:43] 
[16/2/2022 2:51:31] 
[16/2/2022 9:12:54] !serverinfo
[16/2/2022 9:43:17] !serverinfo
[16/2/2022 14:39:50] !serverinfo
[19/2/2022 22:51:4] !serverinfo
