[11/2/2022 22:40:53] !aol
[12/2/2022 10:49:46] !aol
[12/2/2022 12:29:24] !emotespells on
[12/2/2022 12:42:1] !aol
[12/2/2022 12:45:38] !aol
[12/2/2022 13:21:6] !aol
[12/2/2022 18:50:23] !online
[13/2/2022 20:0:59] !addon assassin
[14/2/2022 1:4:9] 
[14/2/2022 1:8:0] 
[14/2/2022 5:1:56] 
[14/2/2022 6:18:53] 
[14/2/2022 8:41:13] 
[14/2/2022 11:37:31] 
[14/2/2022 18:27:21] 
[14/2/2022 20:42:27] 
[17/2/2022 20:50:49] !online
[18/2/2022 18:41:39] !online
[19/2/2022 11:3:33] !online
[19/2/2022 11:4:44] !rank distance
[19/2/2022 11:5:1] !rank distance
