[27/5/2022 20:49:39] !rank level
[27/5/2022 20:54:9] !online
[27/5/2022 21:5:4] !online
[27/5/2022 22:2:40] !aol
[27/5/2022 22:2:45] !aol
[27/5/2022 22:14:55] !online
[27/5/2022 22:19:23] !aol
[27/5/2022 22:28:2] !aol
[27/5/2022 22:46:9] !aol
[28/5/2022 0:36:59] !online
[28/5/2022 9:4:50] !aol
[28/5/2022 11:3:44] !aol
[28/5/2022 12:13:11] !online
[28/5/2022 14:13:41] !online
[28/5/2022 17:35:47] !rank magic
[28/5/2022 17:35:51] !rank distance
[28/5/2022 21:2:7] !online
[29/5/2022 9:30:24] !online
[29/5/2022 13:46:24] !online
[30/5/2022 8:13:8] !online
[30/5/2022 23:6:8] !online
[30/5/2022 23:20:11] !online
