[13/2/2022 0:30:7] !rank
[13/2/2022 0:30:9] !rank magic
[14/2/2022 8:20:38] !rank
[14/2/2022 8:20:41] !rank shield
[14/2/2022 8:20:43] !rank magic
[14/2/2022 9:40:17] !serverinfo
[14/2/2022 23:41:51] aleta som
[14/2/2022 23:43:19] aleta sio
[14/2/2022 23:43:22] aleta som
[14/2/2022 23:43:56] aleta som
[14/2/2022 23:46:16] aleta sio
[14/2/2022 23:46:19] aleta grav
[14/2/2022 23:46:23] aleta som
[14/2/2022 23:46:25] aleta som
[14/2/2022 23:46:30] aleta sio funciona
[16/2/2022 9:30:52] !buyhouse
[16/2/2022 9:31:43] !buyhouse
[16/2/2022 9:32:13] !protecthouse
[16/2/2022 9:32:22] !protecthouse off
[16/2/2022 9:32:26] aleta som
[16/2/2022 9:32:45] aleta som
[16/2/2022 9:32:50] aleta som
[16/2/2022 9:33:51] aleta som
[16/2/2022 9:33:59] aleta som
[16/2/2022 9:34:11] aleta som
[16/2/2022 9:34:23] aleta som
[16/2/2022 9:35:2] aleta som
[16/2/2022 9:36:46] aleta som
[16/2/2022 15:52:26] !frags
[17/2/2022 18:5:18] !guildpoints
[18/2/2022 12:31:48] !frags
[18/2/2022 12:36:20] !frags
[18/2/2022 13:26:46] !frags
[18/2/2022 13:36:7] !frags
[18/2/2022 14:4:37] !rank
[18/2/2022 14:4:40] !rank level
[18/2/2022 17:32:59] !emotespells on
[18/2/2022 17:47:33] aleta som
[19/2/2022 16:5:28] !rank magic
[20/2/2022 18:43:2] !rank magic
[20/2/2022 23:51:30] !rank magic
[21/2/2022 8:55:19] !online
[21/2/2022 9:5:46] !online
[21/2/2022 9:5:55] !online
[21/2/2022 9:5:59] !online
[21/2/2022 9:15:19] !online
[21/2/2022 9:21:49] !frags
[21/2/2022 11:45:30] !frags
[21/2/2022 11:58:37] !frags
[21/2/2022 12:15:22] !frags
[21/2/2022 14:24:51] !online
[21/2/2022 15:14:29] !online
[21/2/2022 17:37:35] !online
