[23/2/2022 21:17:4] !emotespells on
[23/2/2022 21:51:48] 
[23/2/2022 21:55:56] 
[23/2/2022 21:58:1] 
[23/2/2022 22:18:32] !buyhouse
[24/2/2022 0:37:4] 
[24/2/2022 0:38:39] 
[24/2/2022 0:40:11] 
[24/2/2022 1:11:41] 
[24/2/2022 1:13:41] 
[24/2/2022 8:57:25] 
[24/2/2022 8:59:3] !aol
[24/2/2022 9:0:7] 
[24/2/2022 9:2:7] 
[24/2/2022 9:4:7] 
[24/2/2022 15:14:19] 
[24/2/2022 15:14:57] 
[24/2/2022 15:22:39] 
[24/2/2022 15:25:39] 
[24/2/2022 15:29:26] 
[24/2/2022 21:4:9] !addon warrior
[24/2/2022 21:5:19] aleta sio
[24/2/2022 21:7:33] aleta sio
[24/2/2022 23:53:37] !frags
[25/2/2022 0:1:39] 
[25/2/2022 0:11:39] 
[25/2/2022 17:9:35] 
[25/2/2022 17:11:35] 
