[10/12/2021 22:23:27] !rank distance
[11/12/2021 8:16:56] !rank Distance
[11/12/2021 11:50:48] !rank distance
[11/12/2021 15:44:52] !rank distance
[11/12/2021 19:47:17] !rank distance
[11/12/2021 22:43:55] !aol
[12/12/2021 8:30:24] !rank distance
[12/12/2021 22:2:5] !rank distance
[13/12/2021 17:37:55] !rank distance
[13/12/2021 19:34:47] !rank distance
[14/12/2021 8:55:23] !rank distance
[14/12/2021 13:16:28] !addon assassin
[14/12/2021 13:16:45] !addon assassin
[14/12/2021 13:18:48] !addon assassin
[14/12/2021 13:19:23] !addon first assassin
[14/12/2021 13:21:24] !addon assassin
[14/12/2021 14:0:18] !rank level
[14/12/2021 19:14:5] !rank distance
[14/12/2021 22:24:34] !rank distance
[14/12/2021 22:24:49] !rank shield
[14/12/2021 22:25:27] !rank distance
[15/12/2021 10:34:21] !rank distance
[15/12/2021 16:7:27] !rank distance
[16/12/2021 8:41:43] !rank distance
[16/12/2021 8:42:7] !rank shield
[16/12/2021 13:20:11] !rank distance
[16/12/2021 13:20:40] !rank distance
[16/12/2021 18:50:52] !rank distance
[16/12/2021 18:51:12] !rank distance
[17/12/2021 8:1:26] !rank distance
[17/12/2021 13:34:7] !rank shield
[17/12/2021 22:10:34] !rank distance
[18/12/2021 8:4:41] !rank distance
[10/2/2022 21:57:34] !frags
[10/2/2022 21:57:41] !aol
[10/2/2022 22:2:36] !aol
[10/2/2022 22:7:51] !aol
[10/2/2022 22:9:51] !aol
[11/2/2022 5:20:21] !aol
[11/2/2022 21:5:32] !aol
[12/2/2022 8:51:13] !frags
[12/2/2022 19:30:48] !frags
[12/2/2022 20:2:8] !frags
[12/2/2022 20:16:4] !frags
[12/2/2022 20:27:41] !frags
[12/2/2022 20:38:16] !frags
[12/2/2022 22:49:38] !frags
[12/2/2022 23:14:48] !frags
[14/2/2022 9:48:3] !frags
[14/2/2022 12:21:15] !frags
[14/2/2022 13:10:9] !frags
[14/2/2022 13:15:57] !frags
[14/2/2022 20:6:29] !frags
[14/2/2022 20:47:22] !frags
[14/2/2022 21:6:51] !frags
[14/2/2022 21:6:59] !frags
[14/2/2022 21:23:28] !frags
[14/2/2022 21:37:24] !aol
[14/2/2022 21:53:48] !frags
[14/2/2022 21:53:52] !frags
[14/2/2022 21:53:57] !frags
[16/2/2022 11:53:51] !frags
[16/2/2022 11:54:3] !frags
[16/2/2022 11:55:44] !frags
[16/2/2022 12:17:4] !frags
[16/2/2022 12:25:49] !frags
[16/2/2022 12:26:0] !frags
[16/2/2022 12:45:14] !frags
[16/2/2022 12:45:19] !frags
[16/2/2022 13:6:19] !frags
[16/2/2022 13:14:32] !frags
[16/2/2022 13:23:37] !frags
[16/2/2022 13:23:41] !frags
[16/2/2022 13:23:45] !frags
[16/2/2022 13:23:48] !frags
[16/2/2022 13:23:54] !frags
[16/2/2022 15:1:46] !frags
[16/2/2022 18:37:5] !frags
[16/2/2022 18:42:37] !frags
[16/2/2022 18:53:21] !frags
[16/2/2022 19:15:24] !frags
[16/2/2022 19:15:32] !frags
[16/2/2022 20:55:33] !aol
[16/2/2022 21:20:31] !aol
[16/2/2022 22:46:48] !frags
[16/2/2022 22:46:50] !frags
[17/2/2022 5:43:32] !frags
[17/2/2022 5:43:35] !frags
[17/2/2022 18:56:13] !emotespells on
[17/2/2022 22:36:2] !aol
[18/2/2022 9:6:36] !frags
[18/2/2022 9:6:45] !frags
[18/2/2022 9:13:0] !frags
[18/2/2022 9:25:35] !frags
[18/2/2022 9:46:34] !frags
[18/2/2022 10:6:40] !frags
[18/2/2022 16:7:45] !frags
[18/2/2022 16:39:47] !frags
[18/2/2022 17:0:16] !frags
[18/2/2022 17:0:18] !frags
[18/2/2022 17:10:32] !frags
[18/2/2022 17:35:37] !frags
[18/2/2022 17:45:47] !frags
[18/2/2022 17:48:29] !frags
[18/2/2022 18:18:28] !frags
[18/2/2022 18:50:55] !frags
[18/2/2022 18:55:51] !frags
[18/2/2022 19:22:33] !frags
[18/2/2022 19:22:36] !frags
[18/2/2022 19:36:0] !frags
[18/2/2022 19:44:34] !frags
[18/2/2022 20:15:12] !frags
[18/2/2022 20:32:3] !aol
[18/2/2022 22:55:46] !aol
[24/2/2022 0:1:31] !aol
[24/2/2022 0:32:43] !aol
[24/2/2022 0:36:37] !aol
[24/2/2022 0:47:5] !frags
[24/2/2022 0:47:44] !frags
[24/2/2022 0:48:28] !frags
[24/2/2022 0:50:50] !frags
[24/2/2022 0:50:55] !frags
[24/2/2022 0:53:43] !frags
[24/2/2022 0:57:43] !frags
[24/2/2022 0:57:46] !frags
[24/2/2022 1:0:9] !frags
[24/2/2022 1:0:21] !frags
[24/2/2022 1:0:35] !frags
[24/2/2022 1:0:39] !frags
[24/2/2022 1:0:41] !frags
[24/2/2022 1:0:44] !frags
[24/2/2022 1:0:47] !frags
[24/2/2022 1:1:2] !frags
[24/2/2022 1:1:5] !frags
[24/2/2022 1:1:28] !frags
[24/2/2022 1:2:14] !frags
[24/2/2022 1:2:21] !frags
[24/2/2022 1:2:24] !frags
[24/2/2022 1:2:30] !frags
[24/2/2022 1:3:15] !frags
[24/2/2022 1:4:26] !frags
[24/2/2022 1:4:58] !frags
[24/2/2022 1:5:53] !frags
[24/2/2022 1:6:22] !frags
[24/2/2022 1:26:21] !frags
[24/2/2022 1:26:26] !frags
[24/2/2022 1:26:30] !frags
[24/2/2022 5:58:56] !frags
[24/2/2022 8:12:35] !frags
[24/2/2022 8:21:53] !frags
[24/2/2022 9:2:36] !frags
[24/2/2022 10:46:49] !frags
[24/2/2022 11:24:26] !frags
[24/2/2022 12:24:12] !frags
[24/2/2022 12:24:39] !aol
[24/2/2022 14:36:11] !rank
[24/2/2022 14:36:21] !rank level
[24/2/2022 15:25:4] !frags
[25/2/2022 21:14:48] !frags
[26/2/2022 9:5:30] !frags
[26/2/2022 9:28:57] !rank lvl
[26/2/2022 9:29:6] !rank level
[26/2/2022 11:3:0] !frags
[26/2/2022 17:9:8] !rank axe
[26/2/2022 17:9:26] !rank sheld
[26/2/2022 17:9:36] !rank level
[26/2/2022 21:19:41] !frags
[26/2/2022 21:33:12] !frags
[26/2/2022 21:33:15] !frags
[26/2/2022 21:39:39] !frags
[26/2/2022 22:3:32] !frags
[26/2/2022 22:11:15] !frags
[26/2/2022 22:49:56] !frags
[26/2/2022 23:48:54] !frags
[27/2/2022 0:28:19] !frags
[27/2/2022 0:38:41] !frags
[27/2/2022 8:16:46] !frags
[27/2/2022 8:16:50] !frags
[27/2/2022 8:58:40] !frags
[27/2/2022 9:18:56] !frags
[27/2/2022 9:34:41] !frags
[28/2/2022 12:10:16] !aol
