[14/2/2022 20:55:35] !online
[16/2/2022 21:31:55] !emotespells on
[16/2/2022 23:24:45] !online
[18/2/2022 20:24:46] !addon mage
[18/2/2022 20:24:53] !addon warrior
[18/2/2022 20:49:2] !online
[20/2/2022 19:37:16] !online
[21/2/2022 11:19:21] !online
[21/2/2022 20:24:21] !online
[21/2/2022 20:36:31] !serverinfo
[21/2/2022 22:52:8] !online
[23/5/2022 10:22:32] !online
[23/5/2022 10:41:24] /a 50
[23/5/2022 10:41:27] /a 50
[23/5/2022 10:41:30] /a 50
[23/5/2022 10:41:32] /a 50
[23/5/2022 10:45:32] /ads schwxz,level,100
[23/5/2022 10:45:42] /ads last schwxz,level,300
[23/5/2022 10:45:53] /ads last schwxz,distance,300
[23/5/2022 10:46:23] /ads last schwxz,distance,30
[23/5/2022 10:48:46] /ads last schwxz,distance,-300
[23/5/2022 10:48:56] /ads last schwxz,distance,-300
[23/5/2022 10:49:36] aleta som
[23/5/2022 10:49:49] /t
[23/5/2022 10:49:53] /m trainer
[23/5/2022 10:50:23] /ads last schwxz,distance,10
[23/5/2022 10:50:35] /ads last schwxz,distance,-100
[23/5/2022 10:50:38] /ads last schwxz,distance,-100
[23/5/2022 10:50:39] /ads last schwxz,distance,-100
[23/5/2022 10:50:39] /ads last schwxz,distance,-100
[23/5/2022 10:50:42] /ads last schwxz,distance,-100
[23/5/2022 10:50:57] /ads last schwxz,distance,-100
[23/5/2022 10:51:1] /ads last schwxz,distance,-100
[23/5/2022 10:51:2] /ads last schwxz,distance,-100
[23/5/2022 10:51:8] /ads last schwxz,distance,-100
[23/5/2022 10:51:14] /ads last schwxz,distance,-300
[23/5/2022 10:51:24] /ads last schwxz,distance,-300
[23/5/2022 10:52:47] /ads last teste ed,level,300
[23/5/2022 10:52:54] /ads teste ed,level,300
[23/5/2022 10:53:5] /ads teste ed,magic level,120
[23/5/2022 10:53:17] /ads schwxz,level,100
[23/5/2022 10:53:18] /ads schwxz,level,100
[23/5/2022 10:53:19] /ads schwxz,level,100
[23/5/2022 10:53:19] /ads schwxz,level,100
[23/5/2022 10:53:58] /i eldritch rod
[23/5/2022 10:54:16] /m trainer
[23/5/2022 10:54:42] /i sudden death rune
[23/5/2022 10:54:44] /i sudden death rune
[23/5/2022 10:55:14] /i cobra rod
[23/5/2022 10:55:20] /i cobra rode
[23/5/2022 10:55:22] /i cobra rod
[23/5/2022 10:55:26] /i cobra wand
[23/5/2022 10:55:29] /i cobra axe
[23/5/2022 10:55:38] /i cobra falcon logsword
[23/5/2022 10:55:42] /i cobra falcon log sword
[23/5/2022 10:55:47] /i cobra falcon long sword
[23/5/2022 10:55:52] /i cobra falconlong sword
[23/5/2022 10:55:58] /i cobra falcon long sword
[23/5/2022 10:56:3] /i cobra falcon mace
[23/5/2022 10:56:42] /i pharato boots
[23/5/2022 13:22:53] /ads teste ek,level,300
[23/5/2022 13:23:29] /i mary point 300
[23/5/2022 13:23:31] /i mary point
[23/5/2022 13:23:32] /i mary point
[23/5/2022 13:23:33] /i mary point
[23/5/2022 13:23:54] /i soulbleeder
[23/5/2022 13:23:58] /i soulbiter
[23/5/2022 13:24:36] /ads teste ek,axe,100
[23/5/2022 13:24:52] /m trainer
[23/5/2022 13:25:23] /m trainer
[23/5/2022 13:25:59] /m trainer
[23/5/2022 13:26:19] /i mana potion
[23/5/2022 13:27:9] /i mana potion
[23/5/2022 13:28:15] /i spectral bolt
[23/5/2022 13:28:23] /i diamond arrow
[23/5/2022 13:28:33] /i crystaline arrow
[23/5/2022 13:28:38] /i crystalline arrow
[23/5/2022 13:29:27] /i Crystalline Arrow
[23/5/2022 13:29:39] /i Onyx Arrow
[23/5/2022 13:30:11] /ads last schwxz,distance,-100
[23/5/2022 13:30:18] /ads last schwxz,distance,-100
[23/5/2022 13:30:18] /ads last schwxz,distance,-100
[23/5/2022 13:30:19] /ads last schwxz,distance,-100
[23/5/2022 13:30:19] /ads last schwxz,distance,-100
[23/5/2022 13:30:51] /i Soulpiercer
[23/5/2022 13:30:59] /i infernal bolt
[23/5/2022 14:34:15] /m trainer
[23/5/2022 14:36:29] /i soulpeiercer
[23/5/2022 14:36:35] /i soulpiercer
[23/5/2022 14:36:40] /i infernal bolt
[23/5/2022 14:38:20] /ads teste rp,level,300
[23/5/2022 14:38:26] /ads teste rp,distance,110
[23/5/2022 14:38:50] /i the devil eye
[23/5/2022 14:38:52] /i the devileye
[23/5/2022 14:38:59] /i the devi'eye
[23/5/2022 14:39:31] /i /i 13400
[23/5/2022 14:39:37] /i 13400
[23/5/2022 14:39:40] /t
[23/5/2022 14:39:57] /a 10
[23/5/2022 14:39:58] /a 10
[23/5/2022 14:39:58] /a 10
[23/5/2022 14:39:59] /a 10
[23/5/2022 14:40:1] /a 10
[23/5/2022 14:40:6] /a 5
[23/5/2022 14:40:18] /i 13401
[23/5/2022 14:40:20] /t
[23/5/2022 14:40:45] /i arbalest
[23/5/2022 14:41:24] /ads teste ek,sword,110
[23/5/2022 14:42:34] /i Soulshredder
[23/5/2022 14:42:56] /i Soulcutter
[23/5/2022 14:43:38] /i Souleater
[23/5/2022 14:44:19] /i 13402
[23/5/2022 14:44:21] /i 13403
[23/5/2022 14:44:23] /i 13404
[23/5/2022 14:44:25] /i 13405
[23/5/2022 14:44:27] /i 13406
[23/5/2022 14:44:29] /i 13400
[23/5/2022 14:44:33] /i 13399
[23/5/2022 14:45:50] /t
[23/5/2022 14:47:12] /i cobra axe
[23/5/2022 14:47:15] /i cobra crossbow
[23/5/2022 14:47:25] /i destruction crossbow
[23/5/2022 14:47:44] /i 13368
[23/5/2022 14:47:48] /t
[23/5/2022 14:50:41] /i 13403
[23/5/2022 14:50:42] /i 13405
[23/5/2022 14:50:44] /i 13407
[23/5/2022 14:50:46] /i 13408
[23/5/2022 14:50:47] /i 13409
[23/5/2022 14:51:13] /i 13407
[23/5/2022 14:51:17] /i 13410
[23/5/2022 14:51:45] /i soulhexer
[23/5/2022 14:52:35] /ads teste ed,magic level,10
[23/5/2022 14:53:2] /ads teste ed,magic level,10
[23/5/2022 14:53:33] /i pharaot boots
[23/5/2022 14:53:41] /ads teste ed,magic level,10
[26/5/2022 21:52:14] /ads teste rp,level,300
[26/5/2022 21:52:24] /ads teste rp,distance,100
[26/5/2022 21:53:45] /ads schwxz,level,1000
[26/5/2022 21:53:57] /m training monk
[26/5/2022 21:54:27] /i spectral bolt
[26/5/2022 21:55:23] /ads teste ek,level,300
[26/5/2022 21:55:34] /ads teste ek,axe,120
[26/5/2022 21:55:38] /ads teste ek,sword,120
[26/5/2022 21:55:42] /ads teste ek,club,120
[26/5/2022 21:56:38] /ads schwxz,magic level,20
[26/5/2022 21:56:46] /ads teste rp,magic level,20
[26/5/2022 21:56:56] /ads teste rp,magic level,20
[26/5/2022 21:58:45] /ads teste ms,level,2000
[26/5/2022 21:58:55] /ads teste ms,magic level,120
[26/5/2022 22:0:57] /i eldritch wand
[26/5/2022 22:2:40] /ads teste ms,magic level,50
[26/5/2022 22:3:33] /kick teste ms
[26/5/2022 22:4:3] /ads Invertebrado,distance,50
[26/5/2022 22:4:8] /ads Invertebrado,distance,50
[26/5/2022 22:10:8] /ads teste rp,level,100
[26/5/2022 22:10:15] /ads teste rp,distance,100
[26/5/2022 22:10:27] /ads teste rp,magic level,10
[26/5/2022 22:13:59] /ads Invertebrado,level,500
[26/5/2022 22:14:38] /i cobra axe
[26/5/2022 22:14:48] /i cobra wand
[26/5/2022 22:17:55] /kick teste ms
[26/5/2022 22:19:40] /goto Invertebrado
[26/5/2022 22:19:45] /goto Invertebrado
[26/5/2022 22:23:37] /ads Invertebrado,magic level,40
[26/5/2022 23:25:15] /t
[26/5/2022 23:25:21] !online
[27/5/2022 11:18:25] /i ferumbras hat
[27/5/2022 11:18:37] /i soulbiter
[27/5/2022 11:19:45] /t
[27/5/2022 11:19:47] /t
[27/5/2022 11:20:35] !online
[27/5/2022 11:31:0] !online
[27/5/2022 17:41:33] /goto fabio leandro
[27/5/2022 17:43:7] /a 10
[27/5/2022 17:43:9] /a 10
[27/5/2022 17:43:16] /a 1
[27/5/2022 17:43:16] /a 1
[27/5/2022 17:43:17] /a 1
[27/5/2022 17:43:17] /a 1
[27/5/2022 17:43:17] /a 1
[27/5/2022 17:43:18] /a 1
[27/5/2022 17:43:18] /a 1
[27/5/2022 17:43:19] /a 1
[27/5/2022 17:43:19] /a 2
[27/5/2022 17:43:20] /a 2
[27/5/2022 17:43:21] /a 2
[27/5/2022 17:43:22] /a 2
[27/5/2022 17:43:22] /a 2
[27/5/2022 17:43:23] /a 2
[27/5/2022 17:43:25] /a 2
[27/5/2022 17:43:25] /a 2
[27/5/2022 17:43:26] /a 1
[27/5/2022 17:43:28] /a 1
[27/5/2022 17:43:28] /a 2
[27/5/2022 17:43:30] /a 4
[27/5/2022 17:43:31] /a 4
[27/5/2022 17:43:32] /a 4
[27/5/2022 17:43:33] /a 4
[27/5/2022 17:44:8] /i cobra axe
[27/5/2022 17:45:11] /goto fabio leandro
[27/5/2022 17:45:26] /i earth
[27/5/2022 17:45:51] /a 1
[27/5/2022 17:45:56] /i white marble floor
[27/5/2022 17:46:3] /i white marble floor
[27/5/2022 17:46:19] /i 9146
[27/5/2022 18:0:51] !online
[27/5/2022 18:1:2] /goto fabio leandro
[27/5/2022 18:1:3] /goto fabio leandro
[27/5/2022 18:3:8] /i 10559
[29/5/2022 11:10:45] !online
[30/5/2022 20:34:40] !online
[31/5/2022 9:57:49] !serverinfo
[31/5/2022 10:19:31] !online
[31/5/2022 22:18:11] !emotespells on
[1/6/2022 9:18:56] !buyhouse
[1/6/2022 12:19:22] !online
[1/6/2022 16:55:45] !serverinfo
[2/6/2022 1:1:8] !online
[2/6/2022 11:22:7] !online
[2/6/2022 12:44:15] !serverinfo
[2/6/2022 14:40:24] !online
[4/6/2022 11:12:59] !serverinfo
[4/6/2022 11:13:22] !online
[4/6/2022 18:35:33] !serverinfo
[5/6/2022 11:16:49] !online
[5/6/2022 18:56:0] !serverinfo
[6/6/2022 8:27:29] !online
[6/6/2022 11:29:15] !serverinfo
[6/6/2022 20:58:6] !online
[6/6/2022 21:38:22] !online
[7/6/2022 9:5:32] !online
[7/6/2022 12:34:7] !online
[7/6/2022 23:38:36] !serverinfo
[8/6/2022 10:13:30] !online
[8/6/2022 18:4:24] !serverinfo
