[4/6/2022 20:52:50] !aol
[4/6/2022 21:15:37] !aol
[4/6/2022 21:18:8] !aol
[4/6/2022 21:35:59] !aol
[4/6/2022 21:42:55] !aol
[4/6/2022 21:57:2] !aol
[4/6/2022 22:11:39] !aol
[5/6/2022 2:2:28] !aol
[5/6/2022 2:22:15] !aol
[5/6/2022 2:32:52] !aol
[5/6/2022 3:21:57] !aol
[5/6/2022 8:13:52] !emotespells
[5/6/2022 8:14:4] !emotespells on
[5/6/2022 8:52:8] !aol
[5/6/2022 8:54:12] !emotespells on
[5/6/2022 9:0:13] !emotespells on
[5/6/2022 9:3:48] !emotespells on
[5/6/2022 9:7:26] !emotespells on
[5/6/2022 9:8:47] !serverinfo
[5/6/2022 9:11:16] !emotespells on
[5/6/2022 9:15:23] !emotespells on
[5/6/2022 9:19:22] !emotespells on
[5/6/2022 9:23:9] !emotespells on
[5/6/2022 9:27:5] !emotespells on
[5/6/2022 9:30:41] !emotespells on
[5/6/2022 9:34:6] !emotespells on
[5/6/2022 9:38:0] !emotespells on
[5/6/2022 9:41:45] !emotespells on
[5/6/2022 9:45:21] !emotespells on
[5/6/2022 9:48:54] !emotespells on
[5/6/2022 9:52:36] !emotespells on
[5/6/2022 9:55:57] !emotespells on
[5/6/2022 9:58:39] !emotespells on
[5/6/2022 10:1:35] !emotespells on
[5/6/2022 10:4:53] !emotespells on
[5/6/2022 10:7:52] !emotespells on
[5/6/2022 10:11:13] !emotespells on
[5/6/2022 10:13:47] !emotespells on
[5/6/2022 10:16:34] !emotespells on
[5/6/2022 10:19:34] !emotespells on
[5/6/2022 10:22:46] !emotespells on
[5/6/2022 10:26:6] !emotespells on
[5/6/2022 10:29:31] !emotespells on
[5/6/2022 10:32:41] !emotespells on
[5/6/2022 10:34:28] !emotespells on
[5/6/2022 10:36:59] !emotespells on
[5/6/2022 10:39:42] !emotespells on
[5/6/2022 10:42:31] !emotespells on
[5/6/2022 10:45:56] !emotespells on
[5/6/2022 10:49:29] !emotespells on
[5/6/2022 10:53:3] !emotespells on
[5/6/2022 10:56:34] !emotespells on
[5/6/2022 10:59:58] !emotespells on
[5/6/2022 11:3:36] !emotespells on
[5/6/2022 11:7:0] !emotespells on
[5/6/2022 11:10:48] !emotespells on
[5/6/2022 11:14:23] !emotespells on
[5/6/2022 11:17:52] !emotespells on
[5/6/2022 11:21:35] !emotespells on
[5/6/2022 11:27:15] !emotespells on
[5/6/2022 11:33:27] !emotespells on
[5/6/2022 11:36:55] !emotespells on
[5/6/2022 11:43:44] !emotespells on
[5/6/2022 11:47:8] !emotespells on
[5/6/2022 11:54:14] !emotespells on
[5/6/2022 11:57:57] !emotespells on
[5/6/2022 12:1:38] !emotespells on
[5/6/2022 12:5:19] !emotespells on
[5/6/2022 12:9:3] !emotespells on
[5/6/2022 12:14:53] !emotespells on
[5/6/2022 12:20:51] !emotespells on
[5/6/2022 12:23:55] !emotespells on
[5/6/2022 12:27:26] !emotespells on
[5/6/2022 12:31:20] !emotespells on
[5/6/2022 12:35:14] !emotespells on
[5/6/2022 12:38:59] !emotespells on
[5/6/2022 12:42:38] !emotespells on
[5/6/2022 12:46:19] !emotespells on
[5/6/2022 12:51:45] !emotespells on
[5/6/2022 12:59:0] !emotespells on
[5/6/2022 13:2:16] !emotespells on
[5/6/2022 13:5:30] !emotespells on
[5/6/2022 13:8:58] !emotespells on
[5/6/2022 13:11:45] !emotespells on
[5/6/2022 13:15:31] !emotespells on
[5/6/2022 13:19:6] !emotespells on
[5/6/2022 13:22:29] !emotespells on
[5/6/2022 13:25:46] !emotespells on
[5/6/2022 13:29:15] !emotespells on
[5/6/2022 13:33:1] !emotespells on
[5/6/2022 13:35:21] !emotespells on
[5/6/2022 13:38:59] !emotespells on
[5/6/2022 13:44:30] !emotespells on
[5/6/2022 13:50:44] !emotespells on
[5/6/2022 13:54:38] !emotespells on
[5/6/2022 13:58:21] !emotespells on
[5/6/2022 14:2:6] !emotespells on
[5/6/2022 14:5:55] !emotespells on
[5/6/2022 14:9:20] !emotespells on
[5/6/2022 14:12:57] !emotespells on
[5/6/2022 14:16:43] !emotespells on
[5/6/2022 14:22:26] !emotespells on
[5/6/2022 14:29:10] !emotespells on
[5/6/2022 14:32:57] !emotespells on
[5/6/2022 14:36:42] !emotespells on
[5/6/2022 14:43:46] !emotespells on
[5/6/2022 14:47:30] !emotespells on
[5/6/2022 14:51:33] !emotespells on
[5/6/2022 14:55:25] !emotespells on
[5/6/2022 15:1:14] !emotespells on
[5/6/2022 15:8:2] !emotespells on
[5/6/2022 15:11:50] !emotespells on
[5/6/2022 15:15:40] !emotespells on
[5/6/2022 15:19:20] !emotespells on
[5/6/2022 15:23:14] !emotespells on
[5/6/2022 15:27:3] !emotespells on
[5/6/2022 15:30:46] !emotespells on
[5/6/2022 15:36:21] !emotespells on
[5/6/2022 15:43:1] !emotespells on
[5/6/2022 15:46:47] !emotespells on
[5/6/2022 15:50:35] !emotespells on
[5/6/2022 15:53:50] !emotespells on
[5/6/2022 15:57:41] !emotespells on
[5/6/2022 16:1:17] !emotespells on
[5/6/2022 16:5:18] !emotespells on
[5/6/2022 16:11:18] !emotespells on
[5/6/2022 16:11:21] !aol
[5/6/2022 16:17:48] !aol
[5/6/2022 16:18:52] !emotespells on
[5/6/2022 16:25:31] !emotespells on
[5/6/2022 16:39:16] !rank magic
[5/6/2022 16:39:34] !rank distance
[5/6/2022 16:40:30] !emotespells on
[5/6/2022 16:50:45] !emotespells on
[5/6/2022 16:57:12] !emotespells on
[5/6/2022 17:1:29] !emotespells on
[5/6/2022 17:5:38] !emotespells on
[5/6/2022 17:10:44] !emotespells on
[5/6/2022 17:17:22] !emotespells on
[5/6/2022 17:22:24] !emotespells on
[5/6/2022 17:28:49] !emotespells on
[5/6/2022 17:35:11] !emotespells on
[5/6/2022 17:40:24] !emotespells on
[5/6/2022 17:47:2] !emotespells on
[5/6/2022 17:53:14] !emotespells on
[5/6/2022 17:58:23] !emotespells on
[5/6/2022 18:4:57] !emotespells on
[5/6/2022 18:10:58] !emotespells on
[5/6/2022 18:17:14] !emotespells on
[5/6/2022 18:22:43] !emotespells on
[5/6/2022 18:27:9] !emotespells on
[5/6/2022 18:32:4] !emotespells on
[5/6/2022 18:36:40] !emotespells on
[5/6/2022 18:42:35] !emotespells on
[5/6/2022 18:47:50] !emotespells on
[5/6/2022 18:52:5] !emotespells on
[5/6/2022 18:56:27] !emotespells on
[5/6/2022 19:0:26] !emotespells on
[5/6/2022 19:5:51] !emotespells on
[5/6/2022 19:11:3] !emotespells on
[5/6/2022 19:17:38] !emotespells on
[5/6/2022 19:22:28] !emotespells on
[5/6/2022 19:27:32] !emotespells on
[5/6/2022 19:33:5] !emotespells on
[5/6/2022 19:37:7] !emotespells on
[5/6/2022 19:40:53] !emotespells on
[5/6/2022 19:46:30] !emotespells on
[5/6/2022 19:52:51] !emotespells on
[5/6/2022 19:59:0] !emotespells on
[5/6/2022 20:0:46] !aol
[5/6/2022 20:5:20] !aol
[5/6/2022 20:5:34] !emotespells on
[5/6/2022 20:11:45] !aol
[5/6/2022 20:11:48] !emotespells on
[5/6/2022 20:23:33] !aol
[5/6/2022 20:24:27] !emotespells on
[5/6/2022 20:32:49] !emotespells on
[5/6/2022 20:38:6] !emotespells on
[5/6/2022 20:44:1] !emotespells on
[5/6/2022 20:48:48] !emotespells on
[5/6/2022 20:54:44] !emotespells on
[5/6/2022 21:0:37] !emotespells on
[5/6/2022 21:5:21] !emotespells on
[5/6/2022 21:11:30] !emotespells on
[5/6/2022 21:17:28] !emotespells on
[5/6/2022 21:20:37] !emotespells on
[5/6/2022 21:25:30] !emotespells on
[5/6/2022 21:29:49] !emotespells on
[5/6/2022 21:35:5] !emotespells on
[5/6/2022 21:42:57] !emotespells on
[5/6/2022 21:48:50] !emotespells on
[5/6/2022 21:54:41] !emotespells on
[5/6/2022 22:1:35] !emotespells on
[5/6/2022 22:7:36] !emotespells on
[5/6/2022 22:12:50] !emotespells on
[5/6/2022 22:18:24] !emotespells on
[5/6/2022 22:24:27] !emotespells on
[5/6/2022 22:31:28] !emotespells on
[5/6/2022 22:37:35] !emotespells on
[5/6/2022 22:44:36] !emotespells on
[5/6/2022 22:49:25] !emotespells on
[5/6/2022 22:54:37] !emotespells on
[5/6/2022 22:59:24] !emotespells on
[5/6/2022 23:4:47] !emotespells on
[5/6/2022 23:12:33] !emotespells on
[5/6/2022 23:17:4] !emotespells on
[5/6/2022 23:21:56] !emotespells on
[5/6/2022 23:26:51] !emotespells on
[5/6/2022 23:31:20] !emotespells on
[5/6/2022 23:36:15] !emotespells on
[5/6/2022 23:42:8] !emotespells on
[5/6/2022 23:46:21] !emotespells on
[5/6/2022 23:51:0] !emotespells on
[5/6/2022 23:54:31] !emotespells on
[5/6/2022 23:58:4] !emotespells on
[6/6/2022 0:2:31] !emotespells on
[6/6/2022 0:6:2] !emotespells on
[6/6/2022 0:10:6] !emotespells on
[6/6/2022 0:14:51] !emotespells on
[6/6/2022 0:20:23] !emotespells on
[6/6/2022 0:24:31] !emotespells on
[6/6/2022 0:29:31] !emotespells on
[6/6/2022 0:33:27] !emotespells on
[6/6/2022 0:37:52] !emotespells on
[6/6/2022 0:41:46] !emotespells on
[6/6/2022 0:46:12] !emotespells on
[6/6/2022 0:49:48] !emotespells on
[6/6/2022 0:54:24] !emotespells on
[6/6/2022 1:0:13] !emotespells on
[6/6/2022 1:4:54] !emotespells on
[6/6/2022 1:8:22] !emotespells on
[6/6/2022 1:14:7] !emotespells on
[6/6/2022 1:18:26] !emotespells on
[6/6/2022 1:23:41] !emotespells on
[6/6/2022 1:28:14] !emotespells on
[6/6/2022 1:32:0] !emotespells on
[6/6/2022 1:36:35] !emotespells on
[6/6/2022 1:42:20] !emotespells on
[6/6/2022 1:46:41] !emotespells on
[6/6/2022 1:51:25] !emotespells on
[6/6/2022 1:54:51] !emotespells on
[6/6/2022 1:59:24] !emotespells on
[6/6/2022 2:3:40] !emotespells on
[6/6/2022 2:7:34] !emotespells on
[6/6/2022 2:12:34] !emotespells on
[6/6/2022 2:17:15] !emotespells on
[6/6/2022 2:22:35] !emotespells on
[6/6/2022 2:29:3] !emotespells on
[6/6/2022 2:33:15] !emotespells on
[6/6/2022 2:33:44] !emotespells on
[6/6/2022 2:38:37] !emotespells on
[6/6/2022 2:42:11] !emotespells on
[6/6/2022 2:47:1] !emotespells on
[6/6/2022 2:50:58] !emotespells on
[6/6/2022 2:55:32] !emotespells on
[6/6/2022 3:0:36] !emotespells on
[6/6/2022 3:5:10] !emotespells on
[6/6/2022 3:10:17] !emotespells on
[6/6/2022 3:14:56] !emotespells on
[6/6/2022 3:18:34] !emotespells on
[6/6/2022 3:22:25] !emotespells on
[6/6/2022 3:27:26] !emotespells on
[6/6/2022 3:33:0] !emotespells on
[6/6/2022 3:38:20] !emotespells on
[6/6/2022 3:42:31] !emotespells on
[6/6/2022 3:46:48] !emotespells on
[6/6/2022 3:51:22] !emotespells on
[6/6/2022 3:56:17] !emotespells on
[6/6/2022 4:1:28] !emotespells on
[6/6/2022 4:6:54] !emotespells on
[6/6/2022 4:12:16] !emotespells on
[6/6/2022 4:17:20] !emotespells on
[6/6/2022 4:22:9] !emotespells on
[6/6/2022 4:26:51] !emotespells on
[6/6/2022 4:31:5] !emotespells on
[6/6/2022 4:35:9] !emotespells on
[6/6/2022 4:40:19] !emotespells on
[6/6/2022 4:44:21] !emotespells on
[6/6/2022 4:47:56] !emotespells on
[6/6/2022 4:52:41] !emotespells on
[6/6/2022 4:57:57] !emotespells on
[6/6/2022 5:7:19] !emotespells on
[6/6/2022 5:13:0] !emotespells on
[6/6/2022 5:19:1] !emotespells on
[6/6/2022 5:23:28] !emotespells on
[6/6/2022 5:29:1] !emotespells on
[6/6/2022 5:35:28] !emotespells on
[6/6/2022 5:39:54] !emotespells on
[6/6/2022 5:44:14] !emotespells on
[6/6/2022 5:48:55] !emotespells on
[6/6/2022 5:52:29] !emotespells on
[6/6/2022 5:56:44] !emotespells on
[6/6/2022 6:3:34] !emotespells on
[6/6/2022 6:8:45] !emotespells on
[6/6/2022 6:13:14] !emotespells on
[6/6/2022 6:17:4] !emotespells on
[6/6/2022 6:21:16] !emotespells on
[6/6/2022 6:25:23] !emotespells on
[6/6/2022 6:29:51] !emotespells on
[6/6/2022 6:33:59] !emotespells on
[6/6/2022 6:38:53] !emotespells on
[6/6/2022 6:43:46] !emotespells on
[6/6/2022 6:49:20] !emotespells on
[6/6/2022 6:54:49] !emotespells on
[6/6/2022 7:0:59] !emotespells on
[6/6/2022 7:5:3] !emotespells on
[6/6/2022 7:9:19] !emotespells on
[6/6/2022 7:13:9] !emotespells on
[6/6/2022 7:17:2] !emotespells on
[6/6/2022 7:22:30] !emotespells on
[6/6/2022 7:27:27] !emotespells on
[6/6/2022 7:31:47] !emotespells on
[6/6/2022 7:36:30] !emotespells on
[6/6/2022 7:40:56] !emotespells on
[6/6/2022 7:44:52] !emotespells on
[6/6/2022 7:49:27] !emotespells on
[6/6/2022 7:53:5] !serverinfo
[6/6/2022 7:53:36] !emotespells on
[6/6/2022 7:58:14] !emotespells on
[6/6/2022 8:2:58] !emotespells on
[6/6/2022 8:7:29] !emotespells on
[6/6/2022 8:12:5] !emotespells on
[6/6/2022 8:16:28] !emotespells on
[6/6/2022 8:20:52] !emotespells on
[6/6/2022 8:25:34] !emotespells on
[6/6/2022 8:35:34] !emotespells on
[6/6/2022 8:40:50] !emotespells on
[6/6/2022 8:45:31] !emotespells on
[6/6/2022 8:49:34] !emotespells on
[6/6/2022 8:54:12] !emotespells on
[6/6/2022 8:58:8] !emotespells on
[6/6/2022 9:3:23] !emotespells on
[6/6/2022 9:8:3] !emotespells on
[6/6/2022 9:12:23] !emotespells on
[6/6/2022 9:16:22] !emotespells on
[6/6/2022 9:21:20] !emotespells on
[6/6/2022 9:26:3] !emotespells on
[6/6/2022 9:31:4] !emotespells on
[6/6/2022 9:35:43] !emotespells on
[6/6/2022 9:41:36] !emotespells on
[6/6/2022 12:49:49] !emotespells on
[6/6/2022 12:54:39] !emotespells on
[6/6/2022 12:58:26] !emotespells on
[6/6/2022 13:19:57] !emotespells on
[6/6/2022 13:28:27] !emotespells on
[6/6/2022 13:32:12] !emotespells on
[6/6/2022 13:36:9] !emotespells on
[6/6/2022 13:40:8] !emotespells on
[6/6/2022 13:44:23] !emotespells on
[6/6/2022 13:48:29] !emotespells on
[6/6/2022 13:52:39] !emotespells on
[6/6/2022 13:56:7] !emotespells on
[6/6/2022 14:0:0] !emotespells on
[6/6/2022 14:4:33] !emotespells on
[6/6/2022 14:9:15] !emotespells on
[6/6/2022 14:13:21] !emotespells on
[6/6/2022 14:17:19] !emotespells on
[6/6/2022 14:21:34] !emotespells on
[6/6/2022 14:23:35] !emotespells on
[6/6/2022 14:25:53] !emotespells on
[6/6/2022 14:29:50] !emotespells on
[6/6/2022 14:34:26] !emotespells on
[6/6/2022 14:38:44] !emotespells on
[6/6/2022 14:41:41] !emotespells on
[6/6/2022 14:49:21] !emotespells on
[6/6/2022 14:53:18] !emotespells on
[6/6/2022 14:57:30] !emotespells on
[6/6/2022 15:0:57] !emotespells on
[6/6/2022 15:4:59] !emotespells on
[6/6/2022 15:10:10] !emotespells on
[6/6/2022 15:14:28] !emotespells on
[6/6/2022 15:18:53] !emotespells on
[6/6/2022 15:22:55] !emotespells on
[6/6/2022 15:26:40] !emotespells on
[6/6/2022 15:30:25] !emotespells on
[6/6/2022 15:34:46] !emotespells on
[6/6/2022 15:39:2] !emotespells on
[6/6/2022 15:43:36] !emotespells on
[6/6/2022 15:47:42] !emotespells on
[6/6/2022 15:51:58] !emotespells on
[6/6/2022 16:4:37] !emotespells on
[6/6/2022 16:8:46] !emotespells on
[6/6/2022 16:13:2] !emotespells on
[6/6/2022 16:17:14] !emotespells on
[6/6/2022 16:18:59] !emotespells on
[6/6/2022 16:21:15] !emotespells on
[6/6/2022 16:25:24] !emotespells on
[6/6/2022 16:29:4] !emotespells on
[6/6/2022 16:33:36] !emotespells on
[6/6/2022 16:37:50] !emotespells on
[6/6/2022 16:42:30] !emotespells on
[6/6/2022 16:44:49] !emotespells on
[6/6/2022 16:46:36] !emotespells on
[6/6/2022 16:50:47] !emotespells on
[6/6/2022 16:55:19] !emotespells on
[6/6/2022 16:59:37] !emotespells on
[6/6/2022 17:3:46] !emotespells on
[6/6/2022 17:7:40] !emotespells on
[6/6/2022 17:11:57] !emotespells on
[6/6/2022 17:16:14] !emotespells on
[6/6/2022 17:20:31] !emotespells on
[6/6/2022 17:23:44] !emotespells on
[6/6/2022 17:28:15] !emotespells on
[6/6/2022 17:31:57] !emotespells on
[6/6/2022 17:36:17] !emotespells on
[6/6/2022 17:40:30] !emotespells on
[6/6/2022 17:44:18] !emotespells on
[6/6/2022 17:48:4] !emotespells on
[6/6/2022 17:52:9] !emotespells on
[6/6/2022 17:56:33] !emotespells on
[6/6/2022 18:1:11] !emotespells on
[6/6/2022 18:5:31] !emotespells on
[6/6/2022 18:9:42] !emotespells on
[6/6/2022 18:14:17] !emotespells on
[6/6/2022 18:18:16] !emotespells on
[6/6/2022 18:22:41] !emotespells on
[6/6/2022 18:25:3] !emotespells on
[6/6/2022 18:27:1] !emotespells on
[6/6/2022 18:30:59] !emotespells on
[6/6/2022 18:34:53] !emotespells on
[6/6/2022 18:39:7] !emotespells on
[6/6/2022 18:43:57] !emotespells on
[6/6/2022 18:47:54] !emotespells on
[6/6/2022 18:48:23] !emotespells on
[6/6/2022 18:52:27] !emotespells on
[6/6/2022 18:56:44] !emotespells on
[6/6/2022 19:1:38] !emotespells on
[6/6/2022 19:9:4] !emotespells on
[6/6/2022 19:13:40] !emotespells on
[6/6/2022 19:17:42] !emotespells on
[6/6/2022 19:22:34] !emotespells on
[6/6/2022 19:27:1] !emotespells on
[6/6/2022 19:32:24] !emotespells on
[6/6/2022 19:37:13] !emotespells on
[6/6/2022 19:41:30] !emotespells on
[6/6/2022 19:45:32] !emotespells on
[6/6/2022 19:49:57] !emotespells on
[6/6/2022 19:54:40] !emotespells on
[6/6/2022 19:59:42] !emotespells on
[6/6/2022 20:4:30] !emotespells on
[6/6/2022 20:10:22] !emotespells on
[6/6/2022 20:14:25] !emotespells on
[6/6/2022 20:18:45] !emotespells on
[6/6/2022 20:23:40] !emotespells on
[6/6/2022 20:28:11] !emotespells on
[6/6/2022 20:32:43] !emotespells on
[6/6/2022 20:37:15] !emotespells on
[6/6/2022 20:41:48] !emotespells on
[6/6/2022 20:46:44] !emotespells on
[6/6/2022 20:51:14] !emotespells on
[6/6/2022 20:55:47] !emotespells on
[6/6/2022 21:0:42] !emotespells on
[6/6/2022 21:5:12] !emotespells on
[6/6/2022 21:11:55] !emotespells on
[6/6/2022 21:18:1] !emotespells on
[6/6/2022 21:21:58] !emotespells on
[6/6/2022 21:25:25] !emotespells on
[6/6/2022 21:29:51] !emotespells on
[6/6/2022 21:37:4] !emotespells on
[6/6/2022 21:41:28] !emotespells on
[6/6/2022 21:49:20] !emotespells on
[6/6/2022 21:53:52] !emotespells on
[6/6/2022 21:57:27] !emotespells on
[6/6/2022 21:59:0] !emotespells on
[6/6/2022 22:1:22] !emotespells on
[6/6/2022 22:5:18] !emotespells on
[6/6/2022 22:9:33] !emotespells on
[6/6/2022 22:13:45] !emotespells on
[6/6/2022 22:17:26] !emotespells on
[6/6/2022 22:20:19] !emotespells on
[6/6/2022 22:24:46] !emotespells on
[6/6/2022 22:28:49] !emotespells on
[6/6/2022 22:35:52] !emotespells on
[6/6/2022 22:41:34] !emotespells on
[6/6/2022 22:45:32] !emotespells on
[6/6/2022 22:49:33] !emotespells on
[6/6/2022 22:53:38] !emotespells on
[6/6/2022 22:58:20] !emotespells on
[6/6/2022 23:2:58] !emotespells on
[6/6/2022 23:7:20] !emotespells on
[6/6/2022 23:12:25] !emotespells on
[6/6/2022 23:18:23] !emotespells on
[6/6/2022 23:24:6] !emotespells on
[6/6/2022 23:29:9] !emotespells on
[6/6/2022 23:33:8] !emotespells on
[6/6/2022 23:37:50] !emotespells on
[6/6/2022 23:44:33] !emotespells on
[6/6/2022 23:48:53] !emotespells on
[6/6/2022 23:54:30] !emotespells on
[7/6/2022 0:0:7] !emotespells on
[7/6/2022 0:5:36] !emotespells on
[7/6/2022 0:10:24] !emotespells on
[7/6/2022 0:15:52] !emotespells on
[7/6/2022 0:20:53] !emotespells on
[7/6/2022 0:26:46] !emotespells on
[7/6/2022 0:33:12] !emotespells on
[7/6/2022 0:38:5] !emotespells on
[7/6/2022 0:43:50] !emotespells on
[7/6/2022 0:48:3] !emotespells on
[7/6/2022 0:54:57] !emotespells on
[7/6/2022 1:0:45] !emotespells on
[7/6/2022 1:5:27] !emotespells on
[7/6/2022 1:10:51] !emotespells on
[7/6/2022 1:18:4] !emotespells on
[7/6/2022 1:23:33] !emotespells on
[7/6/2022 1:28:6] !emotespells on
[7/6/2022 1:32:13] !emotespells on
[7/6/2022 1:38:35] !emotespells on
[7/6/2022 1:44:15] !emotespells on
[7/6/2022 1:50:28] !emotespells on
[7/6/2022 1:59:40] !emotespells on
[7/6/2022 2:6:33] !emotespells on
[7/6/2022 2:11:54] !emotespells on
[7/6/2022 2:17:15] !emotespells on
[7/6/2022 2:20:59] !emotespells on
[7/6/2022 2:26:46] !emotespells on
[7/6/2022 2:33:5] !emotespells on
[7/6/2022 2:40:19] !emotespells on
[7/6/2022 2:45:39] !emotespells on
[7/6/2022 2:51:52] !emotespells on
[7/6/2022 2:57:30] !emotespells on
[7/6/2022 6:33:18] !aol
[7/6/2022 6:45:43] !emotespells on
[7/6/2022 6:51:53] !emotespells on
[7/6/2022 6:58:31] !emotespells on
[7/6/2022 7:4:1] !emotespells on
[7/6/2022 7:6:39] !tradeoff buy, 65
[7/6/2022 7:6:51] !tradeoff buy, 65
[7/6/2022 7:7:12] !tradeoff buy, 66
[7/6/2022 7:14:6] !emotespells on
[7/6/2022 7:20:35] !emotespells on
[7/6/2022 7:22:14] !tradeoff buy, 88
[7/6/2022 7:23:23] !tradeoff buy, 109
[7/6/2022 7:27:43] !emotespells on
[7/6/2022 7:39:19] !emotespells on
[7/6/2022 7:44:31] !emotespells on
[7/6/2022 7:55:59] !emotespells on
[7/6/2022 8:8:24] !emotespells on
[7/6/2022 8:20:5] !emotespells on
[7/6/2022 8:44:44] !emotespells on
[7/6/2022 8:50:22] !emotespells on
[7/6/2022 8:56:35] !emotespells on
[7/6/2022 9:4:1] !emotespells on
[7/6/2022 9:8:47] !emotespells on
[7/6/2022 9:14:13] !emotespells on
[7/6/2022 9:21:20] !emotespells on
[7/6/2022 9:26:23] !emotespells on
[7/6/2022 9:32:6] !emotespells on
[7/6/2022 9:37:21] !emotespells on
[7/6/2022 9:47:35] !emotespells on
[7/6/2022 9:53:41] !emotespells on
[7/6/2022 10:0:15] !emotespells on
[7/6/2022 10:5:8] !emotespells on
[7/6/2022 10:10:52] !emotespells on
[7/6/2022 10:15:52] !emotespells on
[7/6/2022 10:21:0] !emotespells on
[7/6/2022 10:27:11] !emotespells on
[7/6/2022 10:32:18] !emotespells on
[7/6/2022 10:36:56] !addon
[7/6/2022 10:37:0] !addon amge
[7/6/2022 10:37:2] !addon amge
[7/6/2022 10:37:5] !addon mage
[7/6/2022 10:38:29] !emotespells on
[7/6/2022 10:43:50] !emotespells on
[7/6/2022 10:49:12] !emotespells on
[7/6/2022 10:56:41] !emotespells on
[7/6/2022 10:59:39] !aol
[7/6/2022 11:4:30] !emotespells on
[7/6/2022 11:12:31] !emotespells on
[7/6/2022 11:17:59] !emotespells on
[7/6/2022 11:24:41] !emotespells on
[7/6/2022 11:30:15] !emotespells on
[7/6/2022 11:35:32] !emotespells on
[7/6/2022 11:47:27] !emotespells on
[7/6/2022 11:49:10] !serverinfo
[7/6/2022 11:52:43] !emotespells on
[7/6/2022 11:58:55] !emotespells on
[7/6/2022 12:5:41] !emotespells on
[7/6/2022 12:11:49] !emotespells on
[7/6/2022 12:18:21] !emotespells on
[7/6/2022 12:23:21] !emotespells on
[7/6/2022 12:29:19] !emotespells on
[7/6/2022 12:34:54] !emotespells on
[7/6/2022 12:40:46] !emotespells on
[7/6/2022 12:46:20] !emotespells on
[7/6/2022 12:53:32] !emotespells on
[7/6/2022 12:58:58] !emotespells on
[7/6/2022 13:3:50] !emotespells on
[7/6/2022 13:9:18] !emotespells on
[7/6/2022 13:9:47] !emotespells on
[7/6/2022 13:14:8] !emotespells on
[7/6/2022 13:18:38] !emotespells on
[7/6/2022 13:23:14] !emotespells on
[7/6/2022 13:28:11] !emotespells on
[7/6/2022 13:33:41] !emotespells on
[7/6/2022 13:37:2] !emotespells on
[7/6/2022 13:41:56] !emotespells on
[7/6/2022 13:46:26] !emotespells on
[7/6/2022 13:49:50] !emotespells on
[7/6/2022 13:54:49] !emotespells on
[7/6/2022 14:0:18] !emotespells on
[7/6/2022 14:5:55] !emotespells on
[7/6/2022 14:10:2] !emotespells on
