[23/2/2022 21:28:39] !aol
[23/2/2022 21:54:58] !rank
[23/2/2022 21:55:4] !rank level
[23/2/2022 23:59:32] !aol
[24/2/2022 0:57:8] !aol
[24/2/2022 1:37:6] !buyhouse
[24/2/2022 13:4:22] aleta sio
[24/2/2022 13:4:26] aleta som
[24/2/2022 13:5:1] aleta som
[24/2/2022 13:5:7] aleta som
[24/2/2022 13:5:16] aleta som Thalya
[24/2/2022 13:5:24] aleta sio thalya
[24/2/2022 13:7:7] aleta sio
[24/2/2022 13:7:17] aleta sio
[24/2/2022 13:8:54] !protecthouse off
[24/2/2022 13:9:30] aleta som
[24/2/2022 13:9:47] aleta som
[24/2/2022 13:10:16] aleta sio
[24/2/2022 13:10:28] aleta som
[24/2/2022 15:47:22] !aol
[24/2/2022 20:33:5] !aol
[24/2/2022 20:41:23] !aol
[24/2/2022 21:6:19] !aol
[24/2/2022 21:47:42] !addon mage
[24/2/2022 21:57:3] !aol
[24/2/2022 21:57:8] !addon warmaster
[24/2/2022 22:26:30] !frags
[25/2/2022 6:39:57] !aol
[25/2/2022 10:9:44] !aol
[25/2/2022 10:45:8] !aol
[25/2/2022 11:23:22] !aol
[25/2/2022 11:41:4] !rank sword
[25/2/2022 11:41:34] !rank axe
[25/2/2022 17:43:10] !aol
[25/2/2022 22:31:51] !aol
