[1/6/2022 15:41:56] !rank
[1/6/2022 15:41:59] !rank level
[1/6/2022 15:42:38] !rank magic
[1/6/2022 15:52:1] !serverinfo
[1/6/2022 15:52:31] !emotespells on
[1/6/2022 15:52:35] !emotespells on
[1/6/2022 16:29:59] !aol
[1/6/2022 18:31:46] !online
[2/6/2022 10:23:55] !rank level
[2/6/2022 11:7:29] !online
[2/6/2022 15:6:48] !online
[2/6/2022 15:7:50] !rank sword
[2/6/2022 15:30:27] !guildpoints
[3/6/2022 21:24:41] !rank magic level
[3/6/2022 21:24:44] !rank magic 
[4/6/2022 0:9:14] !emotespells on
[4/6/2022 0:9:18] !emotespells on
[4/6/2022 22:30:20] !tradeoff buy, 114
[6/6/2022 14:17:54] !rank
[6/6/2022 14:17:57] !rank level
[6/6/2022 14:18:0] !rank magic
[6/6/2022 14:18:3] !rank sword
[6/6/2022 14:24:7] !online
[7/6/2022 17:7:21] !online
