[11/2/2022 14:16:22] !emotespells on
[13/2/2022 16:14:3] !online
[13/2/2022 16:21:50] !buyhouse
[13/2/2022 16:22:21] aleta sio
[13/2/2022 21:20:23] aleta sio
[14/2/2022 9:56:43] !online
[14/2/2022 10:15:39] !frags
[14/2/2022 10:17:16] !frags
[14/2/2022 13:4:42] !protecthouse off
[14/2/2022 13:4:50] !protecthouse off
[14/2/2022 19:45:43] aleta sio
[14/2/2022 21:7:34] !frags
[14/2/2022 21:15:28] !frags
[14/2/2022 21:15:43] !frags
[15/2/2022 14:43:12] !rank level
[16/2/2022 9:38:12] !serverinfo
[16/2/2022 13:4:43] !aol
[16/2/2022 17:43:24] !frags
[17/2/2022 7:36:14] aleta sio
[17/2/2022 7:36:18] aleta som
[17/2/2022 7:36:26] aleta grav
[17/2/2022 11:37:9] !frags
[17/2/2022 16:26:31] !frags
[21/2/2022 13:56:36] !online
[21/2/2022 14:5:17] alana sio
