[23/2/2022 20:36:17] !emotespells on
[24/2/2022 16:55:23] !frags
[25/2/2022 13:6:58] !buyhouse
[25/2/2022 13:43:43] !serverinfo
[25/2/2022 19:58:49] !rank distance
[25/2/2022 22:19:41] !online
[26/2/2022 0:44:56] !frags
[26/2/2022 1:47:48] !online
[26/2/2022 11:56:3] !online
[26/2/2022 12:23:24] aleta som
[26/2/2022 12:28:7] !serverinfo
[26/2/2022 14:1:0] !online
[26/2/2022 15:12:22] !rank distance
[26/2/2022 20:37:34] !online
[27/2/2022 12:29:25] !online
[1/3/2022 16:9:47] !online
[1/3/2022 18:58:22] !online
[1/3/2022 23:59:25] !online
[2/3/2022 0:34:29] !eject
[2/3/2022 0:34:35] !eject
[2/3/2022 0:34:38] !eject
[2/3/2022 0:34:40] !eject
[2/3/2022 12:32:25] !online
[2/3/2022 12:39:15] !rank magic
[2/3/2022 17:42:25] aleta som
[2/3/2022 17:42:51] !protecthouse off
[2/3/2022 23:2:25] !rank distance
[2/3/2022 23:8:6] !eject
[2/3/2022 23:8:9] !online
[2/3/2022 23:8:24] !eject
[2/3/2022 23:8:29] !eject
[2/3/2022 23:8:37] !eject
[2/3/2022 23:8:43] !eject
[2/3/2022 23:9:1] !eject
[2/3/2022 23:9:6] !eject
[2/3/2022 23:9:21] !eject
[2/3/2022 23:14:14] !eject
[2/3/2022 23:15:24] !eject
[2/3/2022 23:15:30] !eject
[2/3/2022 23:20:58] !eject
[2/3/2022 23:21:58] !eject
[2/3/2022 23:22:27] !eject
[3/3/2022 3:0:7] !rank distance
[3/3/2022 3:0:25] !rank shield
[3/3/2022 13:3:50] !online
[3/3/2022 13:44:5] !eject
[3/3/2022 13:44:13] !eject
[3/3/2022 13:44:18] !eject
[3/3/2022 13:44:20] !eject
[3/3/2022 13:44:23] !eject
[3/3/2022 14:1:59] !eject
[3/3/2022 14:2:4] !eject
[3/3/2022 14:5:13] !eject
[3/3/2022 14:5:18] !eject
[3/3/2022 18:4:18] !online
[3/3/2022 18:17:50] aleta som
[3/3/2022 23:44:20] !rank distance
[4/3/2022 3:8:20] !online
[4/3/2022 18:12:20] aleta som
[4/3/2022 18:13:18] aleta som
[4/3/2022 18:18:35] !eject
[4/3/2022 18:18:39] !eject
[4/3/2022 18:18:41] !eject
[4/3/2022 18:18:45] !eject
[4/3/2022 18:20:42] !eject
[4/3/2022 18:23:26] !eject
[4/3/2022 18:33:58] !rank magic
[4/3/2022 18:34:53] !eject
[4/3/2022 18:35:27] !eject
[4/3/2022 18:35:31] !eject
[4/3/2022 18:35:46] !eject
[4/3/2022 18:36:4] !eject
[4/3/2022 18:36:21] !eject
[4/3/2022 18:36:31] !eject
[4/3/2022 18:36:41] !eject
[4/3/2022 18:36:49] !eject
[4/3/2022 18:36:53] !eject
[4/3/2022 18:37:32] !eject
[4/3/2022 18:37:36] !eject
[4/3/2022 18:37:38] !eject
[4/3/2022 20:6:41] !online
[4/3/2022 21:48:50] !online
[5/3/2022 5:4:35] !online
[5/3/2022 5:29:28] !rank level
[5/3/2022 5:29:41] !rank distance
[5/3/2022 5:30:1] !rank 
[5/3/2022 5:30:4] !rank level
[5/3/2022 8:10:40] !rank level
[5/3/2022 8:10:58] !online
[5/3/2022 10:9:57] !serverinfo
[5/3/2022 23:13:9] !online
[6/3/2022 0:16:30] aleta sio
[6/3/2022 2:12:21] !rank distance
[6/3/2022 13:52:16] !online
[6/3/2022 13:55:9] !eject
[6/3/2022 13:55:19] !eject
[6/3/2022 13:55:24] !eject
[6/3/2022 13:55:29] !eject
[6/3/2022 18:48:29] !online
[6/3/2022 22:0:18] !online
[6/3/2022 23:35:56] !online
[6/3/2022 23:38:43] aleta sio
[6/3/2022 23:55:40] aleta sio
[7/3/2022 0:54:49] !online
[10/3/2022 21:30:56] !online
[11/3/2022 0:28:31] !online
[11/3/2022 0:29:39] !rank distance
[11/3/2022 0:36:39] !leavehouse
[11/3/2022 0:37:8] !buyhouse
[11/3/2022 0:37:36] !protecthouse off
[11/3/2022 0:37:39] aleta som
[11/3/2022 0:37:51] aleta som
[11/3/2022 9:53:50] !online
[11/3/2022 12:13:48] !online
[11/3/2022 13:10:51] aleta sio
[11/3/2022 13:18:4] !eject
[11/3/2022 13:18:34] aleta som
[11/3/2022 14:42:12] !protecthouse on
[11/3/2022 18:49:16] !online
[11/3/2022 18:53:11] !online
[11/3/2022 19:36:5] !serverinfo
[11/3/2022 21:42:20] !online
[12/3/2022 1:22:8] !eject
[12/3/2022 1:45:16] !online
[12/3/2022 14:53:31] !online
[12/3/2022 14:56:9] !online
[14/3/2022 5:14:3] !online
