[10/12/2021 20:31:18] !emotespells off
[10/12/2021 20:31:27] !emotespells on
[10/12/2021 20:35:17] !wand ice
[10/12/2021 21:11:36] !buyhouse
[10/12/2021 21:16:14] !wand ice
[10/12/2021 21:58:9] !wand ice
[10/12/2021 22:8:26] !wand ice
[10/12/2021 22:20:38] !buyhouse
[10/12/2021 22:31:35] !wand holyīī
[10/12/2021 22:48:3] !wand ice
[10/12/2021 23:48:16] !wand ice
[11/12/2021 21:16:1] !wand ice
[12/12/2021 14:28:10] !wand ice
[12/12/2021 15:58:40] !buyhouse
[13/12/2021 0:2:33] !wand ice
[13/12/2021 0:41:13] !wand fire
[13/12/2021 7:6:26] !wand ice
[13/12/2021 21:9:22] !rank level
[13/12/2021 21:27:43] !wand ice
[14/12/2021 5:56:25] !rank level
[14/12/2021 21:20:36] !rank axe
[14/12/2021 21:44:24] !rank sword
[14/12/2021 21:44:31] !rank club
[14/12/2021 21:44:41] !rank sword
[14/12/2021 21:45:0] !rank axe
[14/12/2021 21:53:55] !rank level
[14/12/2021 23:37:47] !wand ice
[15/12/2021 13:50:12] !rank level
[15/12/2021 15:0:57] !wand fire
[15/12/2021 15:19:17] !rank magic
[15/12/2021 15:19:28] !rank magic
[15/12/2021 21:35:17] !wand fire
[15/12/2021 21:38:6] !wand ice
[15/12/2021 22:37:40] !wand fire
[16/12/2021 13:6:36] !rank magic
[16/12/2021 20:38:15] !rank level
[18/12/2021 13:36:56] !rank magic
[18/12/2021 13:37:16] !rank mlevel
[18/12/2021 13:37:25] !rank level
[20/12/2021 20:12:16] !wand ice
[23/12/2021 19:26:14] !rank level
[23/12/2021 19:26:33] !rank magic
[25/12/2021 15:27:13] !wand earth
[25/12/2021 15:29:38] !wand holy
[29/12/2021 14:32:4] !wand ice
[29/12/2021 15:46:31] !rank ml
[29/12/2021 15:46:36] !rank magic
[29/12/2021 17:29:24] !online
[2/1/2022 16:37:58] !online
[2/1/2022 17:18:5] !rank magic
[3/1/2022 23:11:52] !online
[4/1/2022 20:43:11] !rank axe
[4/1/2022 20:43:18] !rank level
[9/1/2022 16:44:12] !online
[9/1/2022 16:44:56] !rank axe
[9/1/2022 22:9:6] !wand ice
[9/1/2022 22:9:53] !rank magic
[9/1/2022 22:53:47] !online
[9/1/2022 22:55:6] !online
[9/1/2022 23:4:5] !online
[10/1/2022 20:38:11] !wand ice
[10/1/2022 21:23:44] !online
[11/1/2022 20:34:24] !online
[11/1/2022 20:51:29] !online
[11/1/2022 20:58:30] !wand ice
[11/1/2022 22:16:26] !online
[11/1/2022 22:21:55] !online
[11/1/2022 22:32:37] !online
[21/2/2022 0:18:21] !protecthouse off.
[21/2/2022 0:19:45] !leavehouse
[21/2/2022 0:22:30] !protecthouse off
[21/2/2022 0:22:41] aleta som
[21/2/2022 0:22:44] aleta sio
[21/2/2022 0:25:55] alana sio
[21/2/2022 15:7:32] !rank magic
