[31/5/2022 20:0:48] !emotespells on
[31/5/2022 21:58:27] !aol
[31/5/2022 21:59:43] !aol
[31/5/2022 22:12:47] !aol
[31/5/2022 22:13:40] !aol
[31/5/2022 23:6:37] !rank level
[31/5/2022 23:26:42] !rank level
[31/5/2022 23:46:50] !rank level
[31/5/2022 23:50:23] !rank level
[1/6/2022 13:41:50] !guildpoints
[2/6/2022 3:26:19] !guildpoints
[2/6/2022 4:45:26] !guildpoints
[2/6/2022 11:3:19] !aol
[2/6/2022 11:21:19] !aol
[2/6/2022 11:24:15] !emotespells off
[2/6/2022 11:27:36] !guildpoints
[2/6/2022 13:4:12] !guildpoints
[2/6/2022 14:40:29] !emotespells on
[2/6/2022 14:41:40] !aol
[2/6/2022 22:49:56] !frags
[2/6/2022 23:19:35] 
[3/6/2022 12:11:19] !frags
[3/6/2022 18:5:42] !serverinfo
[3/6/2022 18:53:10] 
[3/6/2022 22:11:5] 
[4/6/2022 2:51:56] !rank magic
[4/6/2022 2:57:1] 
[6/6/2022 18:45:31] !guildpoints
