[31/5/2022 21:40:10] !emotespells on
[31/5/2022 21:51:6] !emotespells on
[31/5/2022 22:5:56] !emotespells on
[31/5/2022 22:15:15] !emotespells on
[31/5/2022 22:23:22] !emotespells on
[31/5/2022 22:30:46] !emotespells on
[31/5/2022 22:51:23] !emotespells on
[31/5/2022 23:4:59] !emotespells on
[31/5/2022 23:16:27] !emotespells on
[31/5/2022 23:27:29] !emotespells on
[31/5/2022 23:39:20] !emotespells on
[31/5/2022 23:47:29] !emotespells on
[31/5/2022 23:56:29] !emotespells on
[31/5/2022 23:58:40] !emotespells on
[31/5/2022 23:59:14] !emotespells on
[31/5/2022 23:59:48] !emotespells on
[1/6/2022 0:0:21] !emotespells on
[1/6/2022 0:0:55] !emotespells on
[1/6/2022 0:1:29] !emotespells on
[1/6/2022 0:2:2] !emotespells on
[1/6/2022 0:2:36] !emotespells on
[1/6/2022 0:3:10] !emotespells on
[1/6/2022 0:3:44] !emotespells on
[1/6/2022 0:4:17] !emotespells on
[1/6/2022 0:4:52] !emotespells on
[1/6/2022 0:5:26] !emotespells on
[1/6/2022 0:6:0] !emotespells on
[1/6/2022 0:6:34] !emotespells on
[1/6/2022 0:7:8] !emotespells on
[1/6/2022 0:7:41] !emotespells on
[1/6/2022 0:8:16] !emotespells on
[1/6/2022 0:8:49] !emotespells on
[1/6/2022 0:9:24] !emotespells on
[1/6/2022 0:9:58] !emotespells on
[1/6/2022 0:10:31] !emotespells on
[1/6/2022 0:11:5] !emotespells on
[1/6/2022 0:11:39] !emotespells on
[1/6/2022 0:12:13] !emotespells on
[1/6/2022 0:12:48] !emotespells on
[1/6/2022 0:13:21] !emotespells on
[1/6/2022 0:13:55] !emotespells on
[1/6/2022 0:14:29] !emotespells on
[1/6/2022 0:15:4] !emotespells on
[1/6/2022 0:15:38] !emotespells on
[1/6/2022 0:16:12] !emotespells on
[1/6/2022 0:16:46] !emotespells on
[1/6/2022 0:17:19] !emotespells on
[1/6/2022 0:17:53] !emotespells on
[1/6/2022 0:18:27] !emotespells on
[1/6/2022 0:19:1] !emotespells on
[1/6/2022 0:19:36] !emotespells on
[1/6/2022 0:20:9] !emotespells on
[1/6/2022 0:20:43] !emotespells on
[1/6/2022 0:21:17] !emotespells on
[1/6/2022 0:21:51] !emotespells on
[1/6/2022 0:22:25] !emotespells on
[1/6/2022 0:22:59] !emotespells on
[1/6/2022 0:24:7] !emotespells on
[1/6/2022 0:24:40] !emotespells on
[1/6/2022 0:25:15] !emotespells on
[1/6/2022 0:26:23] !emotespells on
[1/6/2022 0:26:57] !emotespells on
[1/6/2022 0:27:30] !emotespells on
[1/6/2022 0:28:4] !emotespells on
[1/6/2022 0:28:39] !emotespells on
[1/6/2022 0:29:13] !emotespells on
[1/6/2022 0:29:47] !emotespells on
[1/6/2022 0:30:21] !emotespells on
[1/6/2022 0:30:54] !emotespells on
[1/6/2022 0:31:28] !emotespells on
[1/6/2022 0:32:3] !emotespells on
[1/6/2022 0:32:36] !emotespells on
[1/6/2022 0:33:11] !emotespells on
[1/6/2022 0:33:45] !emotespells on
[1/6/2022 0:34:18] !emotespells on
[1/6/2022 0:34:52] !emotespells on
[1/6/2022 0:35:26] !emotespells on
[1/6/2022 0:36:0] !emotespells on
[1/6/2022 0:36:35] !emotespells on
[1/6/2022 0:37:8] !emotespells on
[1/6/2022 0:37:42] !emotespells on
[1/6/2022 0:38:16] !emotespells on
[1/6/2022 0:38:50] !emotespells on
[1/6/2022 0:39:24] !emotespells on
[1/6/2022 0:39:58] !emotespells on
[1/6/2022 0:40:32] !emotespells on
[1/6/2022 0:41:5] !emotespells on
[1/6/2022 0:41:39] !emotespells on
[1/6/2022 0:42:14] !emotespells on
[1/6/2022 0:42:48] !emotespells on
[1/6/2022 0:43:22] !emotespells on
[1/6/2022 0:43:56] !emotespells on
[1/6/2022 0:44:30] !emotespells on
[1/6/2022 0:45:3] !emotespells on
[1/6/2022 0:45:38] !emotespells on
[1/6/2022 0:46:11] !emotespells on
[1/6/2022 0:46:46] !emotespells on
[1/6/2022 0:47:20] !emotespells on
[1/6/2022 0:47:53] !emotespells on
[1/6/2022 0:48:27] !emotespells on
[1/6/2022 0:49:1] !emotespells on
[1/6/2022 0:49:35] !emotespells on
[1/6/2022 0:50:10] !emotespells on
[1/6/2022 0:50:43] !emotespells on
[1/6/2022 0:51:17] !emotespells on
[1/6/2022 0:51:51] !emotespells on
[1/6/2022 0:52:25] !emotespells on
[1/6/2022 0:52:59] !emotespells on
[1/6/2022 0:54:7] !emotespells on
[1/6/2022 0:54:44] !emotespells on
[1/6/2022 0:55:21] !emotespells on
[1/6/2022 0:55:58] !emotespells on
[1/6/2022 0:56:34] !emotespells on
[1/6/2022 0:57:13] !emotespells on
[1/6/2022 0:57:50] !emotespells on
[1/6/2022 0:58:27] !emotespells on
[1/6/2022 0:59:4] !emotespells on
[1/6/2022 0:59:41] !emotespells on
[1/6/2022 1:0:18] !emotespells on
[1/6/2022 1:1:31] !emotespells on
[1/6/2022 1:2:8] !emotespells on
[1/6/2022 1:3:22] !emotespells on
[1/6/2022 1:4:0] !emotespells on
[1/6/2022 1:4:37] !emotespells on
[1/6/2022 1:5:14] !emotespells on
[1/6/2022 1:5:51] !emotespells on
[1/6/2022 1:6:28] !emotespells on
[1/6/2022 1:7:5] !emotespells on
[1/6/2022 1:7:42] !emotespells on
[1/6/2022 1:8:19] !emotespells on
[1/6/2022 1:8:56] !emotespells on
[1/6/2022 1:9:32] !emotespells on
[1/6/2022 1:10:9] !emotespells on
[1/6/2022 1:10:47] !emotespells on
[1/6/2022 1:11:25] !emotespells on
[1/6/2022 1:12:2] !emotespells on
[1/6/2022 1:12:39] !emotespells on
[1/6/2022 1:13:16] !emotespells on
[1/6/2022 1:13:53] !emotespells on
[1/6/2022 1:14:30] !emotespells on
[1/6/2022 1:15:7] !emotespells on
[1/6/2022 1:15:43] !emotespells on
[1/6/2022 1:16:20] !emotespells on
[1/6/2022 1:16:57] !emotespells on
[1/6/2022 1:17:35] !emotespells on
[1/6/2022 1:18:13] !emotespells on
[1/6/2022 1:18:50] !emotespells on
[1/6/2022 1:19:26] !emotespells on
[1/6/2022 1:20:4] !emotespells on
[1/6/2022 1:20:40] !emotespells on
[1/6/2022 1:21:17] !emotespells on
[1/6/2022 1:21:54] !emotespells on
[1/6/2022 1:22:31] !emotespells on
[1/6/2022 1:23:8] !emotespells on
[1/6/2022 1:23:45] !emotespells on
[1/6/2022 1:24:22] !emotespells on
[1/6/2022 1:25:0] !emotespells on
[1/6/2022 1:25:37] !emotespells on
[1/6/2022 1:26:14] !emotespells on
[1/6/2022 1:26:51] !emotespells on
[1/6/2022 1:27:28] !emotespells on
[1/6/2022 1:28:5] !emotespells on
[1/6/2022 1:28:42] !emotespells on
[1/6/2022 1:29:19] !emotespells on
[1/6/2022 1:29:55] !emotespells on
[1/6/2022 1:30:32] !emotespells on
[1/6/2022 1:31:48] !emotespells on
[1/6/2022 1:32:25] !emotespells on
[1/6/2022 1:33:2] !emotespells on
[1/6/2022 1:33:38] !emotespells on
[1/6/2022 1:34:15] !emotespells on
[1/6/2022 1:34:52] !emotespells on
[1/6/2022 1:35:29] !emotespells on
[1/6/2022 1:36:6] !emotespells on
[1/6/2022 1:36:43] !emotespells on
[1/6/2022 1:37:20] !emotespells on
[1/6/2022 1:37:57] !emotespells on
[1/6/2022 1:38:36] !emotespells on
[1/6/2022 1:39:12] !emotespells on
[1/6/2022 1:39:49] !emotespells on
[1/6/2022 1:40:26] !emotespells on
[1/6/2022 1:41:3] !emotespells on
[1/6/2022 1:41:40] !emotespells on
[1/6/2022 1:42:17] !emotespells on
[1/6/2022 1:42:54] !emotespells on
[1/6/2022 1:43:31] !emotespells on
[1/6/2022 1:44:7] !emotespells on
[1/6/2022 1:44:45] !emotespells on
[1/6/2022 1:45:23] !emotespells on
[1/6/2022 1:46:0] !emotespells on
[1/6/2022 1:46:37] !emotespells on
[1/6/2022 1:47:14] !emotespells on
[1/6/2022 1:47:51] !emotespells on
[1/6/2022 1:48:28] !emotespells on
[1/6/2022 1:49:4] !emotespells on
[1/6/2022 1:49:41] !emotespells on
[1/6/2022 1:50:18] !emotespells on
[1/6/2022 1:50:55] !emotespells on
[1/6/2022 1:51:33] !emotespells on
[1/6/2022 1:52:11] !emotespells on
[1/6/2022 1:52:47] !emotespells on
[1/6/2022 1:53:24] !emotespells on
[1/6/2022 1:54:2] !emotespells on
[1/6/2022 1:54:38] !emotespells on
[1/6/2022 1:55:15] !emotespells on
[1/6/2022 1:55:52] !emotespells on
[1/6/2022 1:57:6] !emotespells on
[1/6/2022 1:57:43] !emotespells on
[1/6/2022 1:58:20] !emotespells on
[1/6/2022 2:0:42] !emotespells on
[1/6/2022 2:13:4] !emotespells on
[1/6/2022 2:22:8] !emotespells on
[1/6/2022 2:30:8] !emotespells on
[1/6/2022 2:38:5] !emotespells on
[1/6/2022 2:44:50] !emotespells on
[1/6/2022 2:53:0] !emotespells on
[1/6/2022 3:2:30] !emotespells on
[1/6/2022 3:14:40] !emotespells on
[1/6/2022 3:25:7] !emotespells on
[1/6/2022 3:32:17] !emotespells on
[1/6/2022 3:40:24] !emotespells on
[1/6/2022 3:48:36] !emotespells on
[1/6/2022 3:58:0] !emotespells on
[1/6/2022 4:6:27] !emotespells on
[1/6/2022 4:14:5] !emotespells on
[1/6/2022 4:21:54] !emotespells on
[1/6/2022 4:30:20] !emotespells on
[1/6/2022 4:40:21] !emotespells on
[1/6/2022 4:50:5] !emotespells on
[1/6/2022 4:56:9] !emotespells on
[1/6/2022 4:56:43] !emotespells on
[1/6/2022 4:57:17] !emotespells on
[1/6/2022 4:57:51] !emotespells on
[1/6/2022 4:58:25] !emotespells on
[1/6/2022 4:58:59] !emotespells on
[1/6/2022 4:59:33] !emotespells on
[1/6/2022 5:3:8] !emotespells on
[1/6/2022 5:3:42] !emotespells on
[1/6/2022 5:6:29] !emotespells on
[1/6/2022 5:18:33] !emotespells on
[1/6/2022 5:28:6] !emotespells on
[1/6/2022 5:38:51] !emotespells on
[1/6/2022 5:45:32] !emotespells on
[1/6/2022 5:46:5] !emotespells on
[1/6/2022 5:46:39] !emotespells on
[1/6/2022 5:47:13] !emotespells on
[1/6/2022 5:47:47] !emotespells on
[1/6/2022 5:48:21] !emotespells on
[1/6/2022 5:48:56] !emotespells on
[1/6/2022 5:49:29] !emotespells on
[1/6/2022 5:50:3] !emotespells on
[1/6/2022 5:50:36] !emotespells on
[1/6/2022 5:51:10] !emotespells on
[1/6/2022 5:51:44] !emotespells on
[1/6/2022 5:52:17] !emotespells on
[1/6/2022 5:52:51] !emotespells on
[1/6/2022 5:53:25] !emotespells on
[1/6/2022 5:53:59] !emotespells on
[1/6/2022 5:54:33] !emotespells on
[1/6/2022 5:55:7] !emotespells on
[1/6/2022 5:55:41] !emotespells on
[1/6/2022 5:56:14] !emotespells on
[1/6/2022 5:56:48] !emotespells on
[1/6/2022 5:57:21] !emotespells on
[1/6/2022 5:57:55] !emotespells on
[1/6/2022 5:58:28] !emotespells on
[1/6/2022 5:59:2] !emotespells on
[1/6/2022 5:59:35] !emotespells on
[1/6/2022 6:0:9] !emotespells on
[1/6/2022 6:0:42] !emotespells on
[1/6/2022 6:1:16] !emotespells on
[1/6/2022 6:1:50] !emotespells on
[1/6/2022 6:2:24] !emotespells on
[1/6/2022 6:2:57] !emotespells on
[1/6/2022 6:3:31] !emotespells on
[1/6/2022 6:4:5] !emotespells on
[1/6/2022 6:4:39] !emotespells on
[1/6/2022 6:5:14] !emotespells on
[1/6/2022 6:5:47] !emotespells on
[1/6/2022 6:6:29] !emotespells on
[1/6/2022 6:13:25] !emotespells on
[1/6/2022 6:23:2] !emotespells on
[1/6/2022 6:31:35] !emotespells on
[1/6/2022 6:39:46] !emotespells on
[1/6/2022 6:47:34] !emotespells on
[1/6/2022 6:50:44] !emotespells on
[1/6/2022 6:59:45] !emotespells on
[1/6/2022 7:8:40] !emotespells on
[1/6/2022 7:19:0] !emotespells on
[1/6/2022 7:28:32] !emotespells on
[1/6/2022 7:36:10] !emotespells on
[1/6/2022 7:43:36] !emotespells on
[1/6/2022 7:52:43] !emotespells on
[1/6/2022 8:1:32] !emotespells on
[1/6/2022 8:11:7] !emotespells on
[1/6/2022 8:21:10] !emotespells on
[1/6/2022 8:30:3] !emotespells on
[1/6/2022 8:38:29] !emotespells on
[1/6/2022 8:47:40] !emotespells on
[1/6/2022 8:57:19] !emotespells on
[1/6/2022 9:7:53] !emotespells on
[1/6/2022 9:16:3] !emotespells on
[1/6/2022 9:26:42] !emotespells on
[1/6/2022 9:45:35] !emotespells on
[1/6/2022 9:56:15] !emotespells on
[1/6/2022 10:5:52] !emotespells on
[1/6/2022 10:15:18] !emotespells on
[1/6/2022 10:23:55] !emotespells on
[1/6/2022 10:33:32] !emotespells on
[1/6/2022 10:45:55] !emotespells on
[1/6/2022 10:55:26] !emotespells on
[1/6/2022 11:4:32] !emotespells on
[1/6/2022 11:13:1] !emotespells on
[1/6/2022 11:22:27] !emotespells on
[1/6/2022 11:34:37] !emotespells on
[1/6/2022 11:44:53] !emotespells on
[1/6/2022 11:54:50] !emotespells on
[1/6/2022 12:4:21] !emotespells on
[1/6/2022 12:29:11] !emotespells on
[1/6/2022 12:49:59] !emotespells on
[1/6/2022 13:10:21] !emotespells on
[1/6/2022 13:19:23] !emotespells on
[1/6/2022 13:27:8] !emotespells on
[1/6/2022 13:37:2] !emotespells on
[1/6/2022 13:42:56] !emotespells on
[1/6/2022 13:43:29] !emotespells on
[1/6/2022 13:44:3] !emotespells on
[1/6/2022 13:44:37] !emotespells on
[1/6/2022 13:45:44] !emotespells on
[1/6/2022 13:46:17] !emotespells on
[1/6/2022 13:46:51] !emotespells on
[1/6/2022 13:47:24] !emotespells on
[1/6/2022 13:47:58] !emotespells on
[1/6/2022 13:48:32] !emotespells on
[1/6/2022 13:49:6] !emotespells on
[1/6/2022 13:49:39] !emotespells on
[1/6/2022 13:50:13] !emotespells on
[1/6/2022 13:50:46] !emotespells on
[1/6/2022 13:51:55] !emotespells on
[1/6/2022 13:52:28] !emotespells on
[1/6/2022 13:53:2] !emotespells on
[1/6/2022 13:53:35] !emotespells on
[1/6/2022 13:54:10] !emotespells on
[1/6/2022 13:54:44] !emotespells on
[1/6/2022 13:55:17] !emotespells on
[1/6/2022 13:55:58] !emotespells on
[1/6/2022 13:56:32] !emotespells on
[1/6/2022 13:57:40] !emotespells on
[1/6/2022 13:58:14] !emotespells on
[1/6/2022 13:58:47] !emotespells on
[1/6/2022 13:59:21] !emotespells on
[1/6/2022 13:59:55] !emotespells on
[1/6/2022 14:0:28] !emotespells on
[1/6/2022 14:1:2] !emotespells on
[1/6/2022 14:1:35] !emotespells on
[1/6/2022 14:2:9] !emotespells on
[1/6/2022 14:2:43] !emotespells on
[1/6/2022 14:3:16] !emotespells on
[1/6/2022 14:3:50] !emotespells on
[1/6/2022 14:4:23] !emotespells on
[1/6/2022 14:4:57] !emotespells on
[1/6/2022 14:5:31] !emotespells on
[1/6/2022 14:6:5] !emotespells on
[1/6/2022 14:6:38] !emotespells on
[1/6/2022 14:7:12] !emotespells on
[1/6/2022 14:7:46] !emotespells on
[1/6/2022 14:8:20] !emotespells on
[1/6/2022 14:8:54] !emotespells on
[1/6/2022 14:9:27] !emotespells on
[1/6/2022 14:10:1] !emotespells on
[1/6/2022 14:10:35] !emotespells on
[1/6/2022 14:11:9] !emotespells on
[1/6/2022 14:11:42] !emotespells on
[1/6/2022 14:12:16] !emotespells on
[1/6/2022 14:12:50] !emotespells on
[1/6/2022 14:13:24] !emotespells on
[1/6/2022 14:13:58] !emotespells on
[1/6/2022 14:14:33] !emotespells on
[1/6/2022 14:15:6] !emotespells on
[1/6/2022 14:15:40] !emotespells on
[1/6/2022 14:16:13] !emotespells on
[1/6/2022 14:16:47] !emotespells on
[1/6/2022 14:17:21] !emotespells on
[1/6/2022 14:17:54] !emotespells on
[1/6/2022 14:18:28] !emotespells on
[1/6/2022 14:19:1] !emotespells on
[1/6/2022 14:19:35] !emotespells on
[1/6/2022 14:20:9] !emotespells on
[1/6/2022 14:20:42] !emotespells on
[1/6/2022 14:21:16] !emotespells on
[1/6/2022 14:21:50] !emotespells on
[1/6/2022 14:22:23] !emotespells on
[1/6/2022 14:22:57] !emotespells on
[1/6/2022 14:23:31] !emotespells on
[1/6/2022 14:24:5] !emotespells on
[1/6/2022 14:24:39] !emotespells on
[1/6/2022 14:25:13] !emotespells on
[1/6/2022 14:25:47] !emotespells on
[1/6/2022 14:26:20] !emotespells on
[1/6/2022 14:26:54] !emotespells on
[1/6/2022 14:27:28] !emotespells on
[1/6/2022 14:28:1] !emotespells on
[1/6/2022 14:28:35] !emotespells on
[1/6/2022 14:29:9] !emotespells on
[1/6/2022 14:29:42] !emotespells on
[1/6/2022 14:30:17] !emotespells on
[1/6/2022 14:30:51] !emotespells on
[1/6/2022 14:31:25] !emotespells on
[1/6/2022 14:31:59] !emotespells on
[1/6/2022 14:32:32] !emotespells on
[1/6/2022 14:33:6] !emotespells on
[1/6/2022 14:33:40] !emotespells on
[1/6/2022 14:34:13] !emotespells on
[1/6/2022 14:34:47] !emotespells on
[1/6/2022 14:35:21] !emotespells on
[1/6/2022 14:35:54] !emotespells on
[1/6/2022 14:36:27] !emotespells on
[1/6/2022 14:37:1] !emotespells on
[1/6/2022 14:37:34] !emotespells on
[1/6/2022 14:38:8] !emotespells on
[1/6/2022 14:38:42] !emotespells on
[1/6/2022 14:39:16] !emotespells on
[1/6/2022 14:39:50] !emotespells on
[1/6/2022 14:40:24] !emotespells on
[1/6/2022 14:40:58] !emotespells on
[1/6/2022 14:41:32] !emotespells on
[1/6/2022 14:42:6] !emotespells on
[1/6/2022 14:42:39] !emotespells on
[1/6/2022 14:43:13] !emotespells on
[1/6/2022 14:43:47] !emotespells on
[1/6/2022 14:44:21] !emotespells on
[1/6/2022 14:44:55] !emotespells on
[1/6/2022 14:45:29] !emotespells on
[1/6/2022 14:46:2] !emotespells on
[1/6/2022 14:46:36] !emotespells on
[1/6/2022 14:47:10] !emotespells on
[1/6/2022 14:48:17] !emotespells on
[1/6/2022 14:48:51] !emotespells on
[1/6/2022 14:49:24] !emotespells on
[1/6/2022 14:49:58] !emotespells on
[1/6/2022 14:50:32] !emotespells on
[1/6/2022 14:51:5] !emotespells on
[1/6/2022 14:51:39] !emotespells on
[1/6/2022 14:52:12] !emotespells on
[1/6/2022 14:52:46] !emotespells on
[1/6/2022 14:53:20] !emotespells on
[1/6/2022 14:53:53] !emotespells on
[1/6/2022 14:54:27] !emotespells on
[1/6/2022 14:55:1] !emotespells on
[1/6/2022 14:55:34] !emotespells on
[1/6/2022 14:56:8] !emotespells on
[1/6/2022 14:56:42] !emotespells on
[1/6/2022 14:57:49] !emotespells on
[1/6/2022 14:58:23] !emotespells on
[1/6/2022 14:58:56] !emotespells on
[1/6/2022 14:59:31] !emotespells on
[1/6/2022 15:0:6] !emotespells on
[1/6/2022 15:0:39] !emotespells on
[1/6/2022 15:1:13] !emotespells on
[1/6/2022 15:1:46] !emotespells on
[1/6/2022 15:2:20] !emotespells on
[1/6/2022 15:2:53] !emotespells on
[1/6/2022 15:3:27] !emotespells on
[1/6/2022 15:4:1] !emotespells on
[1/6/2022 15:4:34] !emotespells on
[1/6/2022 15:5:8] !emotespells on
[1/6/2022 15:5:41] !emotespells on
[1/6/2022 15:6:15] !emotespells on
[1/6/2022 15:6:49] !emotespells on
[1/6/2022 15:7:23] !emotespells on
[1/6/2022 15:7:56] !emotespells on
[1/6/2022 15:8:30] !emotespells on
[1/6/2022 15:9:3] !emotespells on
[1/6/2022 15:10:11] !emotespells on
[1/6/2022 15:10:45] !emotespells on
[1/6/2022 15:11:19] !emotespells on
[1/6/2022 15:11:52] !emotespells on
[1/6/2022 15:12:27] !emotespells on
[1/6/2022 15:13:0] !emotespells on
[1/6/2022 15:13:34] !emotespells on
[1/6/2022 15:14:8] !emotespells on
[1/6/2022 15:14:41] !emotespells on
[1/6/2022 15:15:15] !emotespells on
[1/6/2022 15:15:50] !emotespells on
[1/6/2022 15:16:24] !emotespells on
[1/6/2022 15:16:58] !emotespells on
[1/6/2022 15:17:32] !emotespells on
[1/6/2022 15:18:5] !emotespells on
[1/6/2022 15:18:39] !emotespells on
[1/6/2022 15:19:13] !emotespells on
[1/6/2022 15:19:46] !emotespells on
[1/6/2022 15:20:20] !emotespells on
[1/6/2022 15:20:53] !emotespells on
[1/6/2022 15:21:27] !emotespells on
[1/6/2022 15:22:0] !emotespells on
[1/6/2022 15:22:34] !emotespells on
[1/6/2022 15:23:8] !emotespells on
[1/6/2022 15:23:41] !emotespells on
[1/6/2022 15:24:15] !emotespells on
[1/6/2022 15:24:49] !emotespells on
[1/6/2022 15:25:22] !emotespells on
[1/6/2022 15:25:57] !emotespells on
[1/6/2022 15:26:30] !emotespells on
[1/6/2022 15:27:5] !emotespells on
[1/6/2022 15:27:38] !emotespells on
[1/6/2022 15:28:12] !emotespells on
[1/6/2022 15:28:45] !emotespells on
[1/6/2022 15:29:20] !emotespells on
[1/6/2022 15:29:53] !emotespells on
[1/6/2022 15:30:26] !emotespells on
[1/6/2022 15:31:0] !emotespells on
[1/6/2022 15:31:33] !emotespells on
[1/6/2022 15:32:7] !emotespells on
[1/6/2022 15:32:41] !emotespells on
[1/6/2022 15:33:14] !emotespells on
[1/6/2022 15:33:48] !emotespells on
[1/6/2022 15:34:21] !emotespells on
[1/6/2022 15:34:55] !emotespells on
[1/6/2022 15:35:29] !emotespells on
[1/6/2022 15:36:2] !emotespells on
[1/6/2022 15:36:36] !emotespells on
[1/6/2022 15:37:10] !emotespells on
[1/6/2022 15:37:44] !emotespells on
[1/6/2022 15:38:17] !emotespells on
[1/6/2022 15:38:57] !emotespells on
[1/6/2022 15:39:31] !emotespells on
[1/6/2022 15:40:5] !emotespells on
[1/6/2022 15:40:46] !emotespells on
[1/6/2022 15:41:19] !emotespells on
[1/6/2022 15:41:53] !emotespells on
[1/6/2022 15:42:26] !emotespells on
[1/6/2022 15:43:0] !emotespells on
[1/6/2022 15:43:33] !emotespells on
[1/6/2022 15:44:7] !emotespells on
[1/6/2022 15:44:40] !emotespells on
[1/6/2022 15:45:14] !emotespells on
[1/6/2022 15:45:49] !emotespells on
[1/6/2022 15:46:22] !emotespells on
[1/6/2022 15:46:56] !emotespells on
[1/6/2022 15:47:29] !emotespells on
[1/6/2022 15:48:4] !emotespells on
[1/6/2022 15:49:12] !emotespells on
[1/6/2022 15:49:46] !emotespells on
[1/6/2022 15:50:19] !emotespells on
[1/6/2022 15:50:53] !emotespells on
[1/6/2022 15:51:27] !emotespells on
[1/6/2022 15:52:1] !emotespells on
[1/6/2022 15:52:36] !emotespells on
[1/6/2022 15:53:9] !emotespells on
[1/6/2022 15:53:43] !emotespells on
[1/6/2022 15:54:16] !emotespells on
[1/6/2022 15:54:51] !emotespells on
[1/6/2022 15:55:24] !emotespells on
[1/6/2022 15:55:58] !emotespells on
[1/6/2022 15:56:32] !emotespells on
[1/6/2022 15:57:6] !emotespells on
[1/6/2022 15:57:40] !emotespells on
[1/6/2022 15:58:14] !emotespells on
[1/6/2022 15:58:47] !emotespells on
[1/6/2022 15:59:21] !emotespells on
[1/6/2022 15:59:55] !emotespells on
[1/6/2022 16:0:28] !emotespells on
[1/6/2022 16:1:2] !emotespells on
[1/6/2022 16:1:36] !emotespells on
[1/6/2022 16:2:16] !emotespells on
[1/6/2022 16:2:51] !emotespells on
[1/6/2022 16:3:25] !emotespells on
[1/6/2022 16:3:58] !emotespells on
[1/6/2022 16:4:32] !emotespells on
[1/6/2022 16:5:6] !emotespells on
[1/6/2022 16:5:45] !emotespells on
[1/6/2022 16:6:20] !emotespells on
[1/6/2022 16:6:53] !emotespells on
[1/6/2022 16:8:0] !emotespells on
[1/6/2022 16:8:34] !emotespells on
[1/6/2022 16:9:15] !emotespells on
[1/6/2022 16:9:54] !emotespells on
[1/6/2022 16:10:28] !emotespells on
[1/6/2022 16:11:1] !emotespells on
[1/6/2022 16:11:35] !emotespells on
[1/6/2022 16:12:45] !emotespells on
[1/6/2022 16:13:30] !emotespells on
[1/6/2022 16:14:3] !emotespells on
[1/6/2022 16:21:40] !emotespells on
[1/6/2022 16:34:59] !emotespells on
[1/6/2022 16:51:48] !emotespells on
[1/6/2022 16:59:27] !emotespells on
[1/6/2022 17:10:23] !emotespells on
[1/6/2022 17:36:20] !emotespells on
[1/6/2022 17:51:24] !emotespells on
[1/6/2022 18:1:2] !emotespells on
[1/6/2022 18:9:37] !emotespells on
[1/6/2022 18:18:0] !emotespells on
[1/6/2022 18:25:16] !emotespells on
[1/6/2022 18:33:25] !emotespells on
[1/6/2022 18:43:10] !emotespells on
[1/6/2022 18:51:33] !emotespells on
[1/6/2022 18:59:57] !emotespells on
[1/6/2022 19:9:15] !emotespells on
[1/6/2022 19:17:40] !emotespells on
[1/6/2022 19:27:3] !emotespells on
[1/6/2022 19:37:47] !emotespells on
[1/6/2022 19:46:38] !emotespells on
[1/6/2022 19:54:51] !emotespells on
[1/6/2022 20:4:31] !emotespells on
[1/6/2022 20:16:12] !emotespells on
[1/6/2022 20:26:41] !emotespells on
[1/6/2022 20:40:6] !emotespells on
[2/6/2022 0:49:30] !emotespells on
[2/6/2022 1:4:58] !emotespells on
[2/6/2022 1:13:8] !emotespells on
[2/6/2022 1:22:5] !emotespells on
[2/6/2022 1:27:59] !emotespells on
[2/6/2022 1:39:5] !emotespells on
[2/6/2022 1:48:6] !emotespells on
[2/6/2022 1:56:31] !emotespells on
[2/6/2022 2:18:2] !emotespells on
[2/6/2022 2:47:22] !emotespells on
[2/6/2022 2:57:45] !emotespells on
[2/6/2022 3:7:0] !emotespells on
[2/6/2022 3:16:34] !emotespells on
[2/6/2022 3:20:6] !emotespells on
[2/6/2022 3:29:19] !emotespells on
[2/6/2022 3:40:13] !emotespells on
[2/6/2022 3:48:38] !emotespells on
[2/6/2022 3:57:21] !emotespells on
[2/6/2022 4:3:57] !emotespells on
[2/6/2022 4:12:29] !emotespells on
[2/6/2022 4:20:54] !emotespells on
[2/6/2022 5:1:33] !emotespells on
[2/6/2022 5:10:45] !emotespells on
[2/6/2022 5:19:53] !emotespells on
[2/6/2022 5:30:6] !emotespells on
[2/6/2022 5:38:31] !emotespells on
[2/6/2022 5:48:8] !emotespells on
[2/6/2022 6:16:55] !emotespells on
[2/6/2022 6:28:29] !emotespells on
[2/6/2022 6:37:35] !emotespells on
[2/6/2022 6:44:58] !emotespells on
[2/6/2022 6:53:53] !emotespells on
[2/6/2022 7:1:43] !emotespells on
[2/6/2022 7:9:24] !emotespells on
[2/6/2022 7:16:34] !emotespells on
[2/6/2022 7:24:21] !emotespells on
[2/6/2022 7:32:39] !emotespells on
[2/6/2022 7:40:20] !emotespells on
[2/6/2022 6:41:4] !emotespells on
[2/6/2022 6:48:41] !emotespells on
[2/6/2022 6:51:58] !aol
[2/6/2022 6:52:5] !aol
[2/6/2022 6:56:19] !emotespells on
[2/6/2022 7:3:3] !emotespells on
[2/6/2022 7:10:47] !emotespells on
[2/6/2022 7:18:34] !emotespells on
[2/6/2022 7:24:41] !emotespells on
[2/6/2022 7:31:5] !emotespells on
[2/6/2022 7:39:6] !emotespells on
[2/6/2022 7:46:7] !emotespells on
[2/6/2022 7:51:53] !emotespells on
[2/6/2022 7:59:18] !emotespells on
[2/6/2022 8:8:3] !emotespells on
[2/6/2022 8:16:6] !emotespells on
[2/6/2022 8:22:53] !emotespells on
[2/6/2022 8:29:46] !emotespells on
[2/6/2022 8:36:51] !emotespells on
[2/6/2022 8:42:49] !emotespells on
[2/6/2022 8:47:48] !emotespells on
[2/6/2022 8:54:50] !emotespells on
[2/6/2022 9:1:31] !emotespells on
[2/6/2022 9:6:48] !emotespells on
[2/6/2022 9:13:57] !emotespells on
[2/6/2022 9:21:4] !emotespells on
[2/6/2022 9:28:7] !emotespells on
[2/6/2022 9:34:47] !emotespells on
[2/6/2022 9:40:59] !emotespells on
[2/6/2022 9:48:23] !emotespells on
[2/6/2022 9:56:17] !emotespells on
[2/6/2022 10:2:36] !emotespells on
[2/6/2022 10:8:40] !emotespells on
[2/6/2022 10:14:42] !emotespells on
[2/6/2022 10:21:31] !emotespells on
[2/6/2022 10:27:8] !emotespells on
[2/6/2022 10:34:8] !emotespells on
[2/6/2022 10:40:42] !emotespells on
[2/6/2022 10:47:1] !emotespells on
[2/6/2022 10:54:8] !emotespells on
[2/6/2022 11:1:54] !emotespells on
[2/6/2022 11:9:1] !emotespells on
[2/6/2022 11:15:42] !emotespells on
[2/6/2022 11:22:17] !emotespells on
[2/6/2022 11:28:30] !emotespells on
[2/6/2022 11:33:29] !emotespells on
[2/6/2022 11:42:32] !emotespells on
[2/6/2022 11:47:55] !emotespells on
[2/6/2022 11:56:4] !emotespells on
[2/6/2022 12:2:51] !emotespells on
[2/6/2022 20:25:54] !emotespells on
[2/6/2022 20:37:9] !emotespells on
[2/6/2022 20:44:42] !emotespells on
[2/6/2022 20:53:13] !emotespells on
[2/6/2022 21:0:49] !emotespells on
[2/6/2022 21:9:21] !emotespells on
[2/6/2022 21:18:25] !emotespells on
[2/6/2022 21:27:31] !emotespells on
[2/6/2022 21:34:36] !emotespells on
[2/6/2022 21:42:13] !emotespells on
[2/6/2022 21:45:14] !emotespells on
[2/6/2022 21:54:40] !emotespells on
[2/6/2022 22:5:33] !emotespells on
[2/6/2022 22:15:22] !emotespells on
[2/6/2022 22:24:16] !emotespells on
[2/6/2022 22:27:0] !emotespells on
[2/6/2022 22:35:3] !emotespells on
[2/6/2022 22:43:7] !emotespells on
[2/6/2022 22:51:27] !emotespells on
[2/6/2022 22:58:9] !emotespells on
[2/6/2022 23:0:40] !emotespells on
[2/6/2022 23:11:36] !emotespells on
[2/6/2022 23:14:23] !emotespells on
[2/6/2022 23:21:2] !emotespells on
[2/6/2022 23:28:28] !emotespells on
[2/6/2022 23:36:2] !emotespells on
[2/6/2022 23:44:14] !emotespells on
[2/6/2022 23:52:2] !emotespells on
[2/6/2022 23:59:55] !emotespells on
[3/6/2022 0:7:10] !emotespells on
[3/6/2022 0:13:47] !emotespells on
[3/6/2022 0:19:49] !emotespells on
[3/6/2022 0:26:8] !emotespells on
[3/6/2022 0:33:51] !emotespells on
[3/6/2022 0:39:37] !emotespells on
[3/6/2022 0:47:4] !emotespells on
[3/6/2022 0:54:40] !emotespells on
[3/6/2022 1:1:51] !emotespells on
[3/6/2022 1:9:20] !emotespells on
[3/6/2022 1:16:26] !emotespells on
[3/6/2022 1:23:44] !emotespells on
[3/6/2022 1:30:51] !emotespells on
[3/6/2022 1:38:21] !emotespells on
[3/6/2022 1:46:23] !emotespells on
[3/6/2022 1:53:6] !emotespells on
[3/6/2022 2:0:28] !emotespells on
[3/6/2022 2:7:13] !emotespells on
[3/6/2022 2:14:43] !emotespells on
[3/6/2022 2:22:2] !emotespells on
[3/6/2022 2:29:17] !emotespells on
[3/6/2022 2:37:36] !emotespells on
[3/6/2022 2:44:58] !emotespells on
[3/6/2022 2:52:5] !emotespells on
[3/6/2022 2:58:59] !emotespells on
[3/6/2022 3:6:31] !emotespells on
[3/6/2022 3:13:23] !emotespells on
[3/6/2022 3:20:33] !emotespells on
[3/6/2022 3:27:57] !emotespells on
[3/6/2022 3:35:30] !emotespells on
[3/6/2022 3:50:1] !emotespells on
[3/6/2022 3:57:29] !emotespells on
[3/6/2022 4:4:8] !emotespells on
[3/6/2022 4:11:15] !emotespells on
[3/6/2022 4:24:13] !emotespells on
[3/6/2022 4:31:24] !emotespells on
[3/6/2022 4:39:26] !emotespells on
[3/6/2022 4:46:18] !emotespells on
[3/6/2022 4:51:59] !emotespells on
[3/6/2022 4:58:9] !emotespells on
[3/6/2022 5:17:33] !emotespells on
[3/6/2022 5:41:5] !emotespells on
[3/6/2022 5:59:45] !emotespells on
[3/6/2022 6:7:34] !emotespells on
[3/6/2022 6:21:57] !emotespells on
[3/6/2022 6:30:14] !emotespells on
[3/6/2022 6:39:21] !emotespells on
[3/6/2022 6:47:15] !emotespells on
[3/6/2022 6:55:6] !emotespells on
[3/6/2022 7:2:18] !emotespells on
[3/6/2022 7:10:23] !emotespells on
[3/6/2022 7:18:19] !emotespells on
[3/6/2022 7:26:50] !emotespells on
[3/6/2022 7:36:22] !emotespells on
[3/6/2022 7:44:37] !emotespells on
[3/6/2022 7:52:31] !emotespells on
[3/6/2022 7:55:17] !emotespells on
[3/6/2022 8:1:43] !emotespells on
[3/6/2022 8:8:28] !emotespells on
[3/6/2022 8:16:18] !emotespells on
[3/6/2022 8:24:57] !emotespells on
[3/6/2022 8:33:43] !emotespells on
[3/6/2022 8:48:37] !emotespells on
[3/6/2022 8:57:22] !emotespells on
[3/6/2022 9:6:2] !emotespells on
[3/6/2022 9:13:0] !emotespells on
[3/6/2022 9:20:17] !emotespells on
[3/6/2022 9:27:50] !emotespells on
[3/6/2022 9:35:27] !emotespells on
[3/6/2022 9:41:40] !emotespells on
[3/6/2022 9:47:32] !emotespells on
[3/6/2022 9:56:57] !emotespells on
[3/6/2022 10:5:51] !emotespells on
[3/6/2022 10:14:30] !emotespells on
[3/6/2022 10:22:14] !emotespells on
[3/6/2022 10:32:38] !emotespells on
[3/6/2022 10:43:18] !emotespells on
[3/6/2022 10:50:43] !emotespells on
[3/6/2022 10:59:4] !emotespells on
[3/6/2022 11:6:23] !emotespells on
[3/6/2022 11:14:41] !emotespells on
[3/6/2022 11:23:51] !emotespells on
[3/6/2022 11:32:31] !emotespells on
[3/6/2022 11:40:44] !emotespells on
[3/6/2022 11:48:8] !emotespells on
[3/6/2022 11:56:9] !emotespells on
[3/6/2022 12:8:56] !emotespells on
[3/6/2022 12:18:45] !emotespells on
[3/6/2022 12:26:21] !emotespells on
[3/6/2022 12:34:19] !emotespells on
[3/6/2022 12:42:32] !emotespells on
[3/6/2022 12:49:12] !emotespells on
[3/6/2022 12:56:58] !emotespells on
[3/6/2022 13:5:20] !emotespells on
[3/6/2022 13:13:10] !emotespells on
[3/6/2022 13:20:14] !emotespells on
[3/6/2022 13:28:6] !emotespells on
[3/6/2022 13:35:11] !emotespells on
[3/6/2022 13:41:49] !emotespells on
[3/6/2022 13:50:12] !emotespells on
[3/6/2022 13:53:43] !emotespells on
[3/6/2022 15:34:50] !frags
[4/6/2022 12:13:11] alana sio "Shevchenko
[4/6/2022 12:15:10] alana sio "Shevchenko
[4/6/2022 12:17:10] alana sio "Shevchenko
[4/6/2022 13:0:18] !frags
[4/6/2022 13:29:30] !frags
[4/6/2022 13:56:42] !emotespells on
[4/6/2022 14:3:44] !emotespells on
[4/6/2022 14:11:29] !emotespells on
[4/6/2022 14:18:50] !emotespells on
[4/6/2022 14:25:23] !emotespells on
[4/6/2022 14:35:5] !emotespells on
[4/6/2022 14:42:27] !emotespells on
[4/6/2022 14:50:26] !emotespells on
[4/6/2022 15:1:37] !frags
[4/6/2022 15:6:21] !emotespells on
[4/6/2022 15:14:36] !emotespells on
[4/6/2022 15:22:27] !emotespells on
[4/6/2022 15:30:2] !emotespells on
[4/6/2022 15:37:31] !emotespells on
[4/6/2022 15:40:42] !emotespells on
[4/6/2022 15:51:24] !emotespells on
[4/6/2022 15:59:4] !emotespells on
[4/6/2022 16:7:52] !emotespells on
[4/6/2022 16:16:5] !emotespells on
[4/6/2022 16:24:15] !emotespells on
[4/6/2022 16:31:50] !emotespells on
[4/6/2022 16:39:38] !emotespells on
[4/6/2022 16:47:27] !emotespells on
[4/6/2022 16:50:17] !emotespells on
[4/6/2022 16:58:41] !emotespells on
[4/6/2022 17:5:14] !emotespells on
[4/6/2022 17:13:57] !emotespells on
[4/6/2022 17:22:42] !emotespells on
[4/6/2022 17:25:12] !emotespells on
[4/6/2022 17:26:46] !emotespells on
[4/6/2022 17:35:39] !emotespells on
[4/6/2022 17:43:0] !emotespells on
[4/6/2022 17:52:49] !frags
[4/6/2022 17:54:11] !emotespells on
[4/6/2022 18:2:7] !emotespells on
[4/6/2022 18:9:40] !emotespells on
[4/6/2022 18:17:17] !emotespells on
[4/6/2022 18:24:45] !emotespells on
[4/6/2022 18:31:59] !emotespells on
[4/6/2022 18:39:44] !emotespells on
[4/6/2022 18:47:42] !emotespells on
[4/6/2022 18:54:58] !emotespells on
[4/6/2022 19:3:11] !emotespells on
[4/6/2022 19:11:51] !emotespells on
[4/6/2022 19:21:43] !emotespells on
[4/6/2022 19:29:0] !emotespells on
[4/6/2022 19:35:27] !emotespells on
[4/6/2022 19:42:50] !emotespells on
[4/6/2022 19:50:55] !emotespells on
[4/6/2022 19:58:24] !emotespells on
[4/6/2022 20:6:27] !emotespells on
[4/6/2022 20:13:14] !emotespells on
[4/6/2022 20:20:49] !emotespells on
[4/6/2022 20:29:1] !emotespells on
[4/6/2022 20:35:18] !emotespells on
[4/6/2022 20:44:0] !emotespells on
[4/6/2022 20:52:29] !emotespells on
[4/6/2022 20:58:20] !emotespells on
[4/6/2022 21:5:21] !emotespells on
[4/6/2022 21:12:23] !emotespells on
[4/6/2022 21:19:48] !emotespells on
[4/6/2022 21:21:31] !aol
[4/6/2022 21:40:0] !emotespells on
[4/6/2022 21:48:7] !emotespells on
[4/6/2022 21:55:5] !emotespells on
[4/6/2022 22:2:13] !emotespells on
[4/6/2022 22:9:57] !emotespells on
[4/6/2022 22:17:28] !emotespells on
[4/6/2022 22:24:47] !emotespells on
[4/6/2022 22:32:22] !emotespells on
[4/6/2022 22:40:33] !emotespells on
[4/6/2022 22:49:59] !emotespells on
[4/6/2022 22:57:48] !emotespells on
[4/6/2022 23:15:33] !emotespells on
[4/6/2022 23:23:26] !emotespells on
[4/6/2022 23:31:31] !emotespells on
[4/6/2022 23:38:59] !emotespells on
[4/6/2022 23:46:12] !emotespells on
[4/6/2022 23:53:8] !emotespells on
[5/6/2022 0:0:41] !emotespells on
[5/6/2022 0:5:14] !frags
[5/6/2022 0:7:44] !emotespells on
[5/6/2022 0:14:54] !emotespells on
[5/6/2022 0:21:47] !emotespells on
[5/6/2022 0:29:13] !emotespells on
[5/6/2022 0:36:47] !emotespells on
[5/6/2022 0:44:24] !emotespells on
[5/6/2022 0:53:26] !emotespells on
[5/6/2022 1:2:40] !emotespells on
[5/6/2022 1:10:39] !emotespells on
[5/6/2022 1:18:20] !emotespells on
[5/6/2022 1:25:46] !emotespells on
[5/6/2022 1:33:13] !emotespells on
[5/6/2022 1:41:40] !emotespells on
[5/6/2022 1:49:15] !emotespells on
[5/6/2022 1:56:32] !emotespells on
[5/6/2022 2:4:11] !emotespells on
[5/6/2022 2:11:42] !emotespells on
[5/6/2022 2:19:15] !emotespells on
[5/6/2022 2:26:48] !emotespells on
[5/6/2022 2:34:32] !emotespells on
[5/6/2022 2:44:38] !emotespells on
[5/6/2022 2:51:53] !emotespells on
[5/6/2022 2:59:9] !emotespells on
[5/6/2022 3:6:25] !emotespells on
[5/6/2022 3:13:45] !emotespells on
[5/6/2022 3:21:18] !emotespells on
[5/6/2022 3:29:17] !emotespells on
[5/6/2022 3:36:56] !emotespells on
[5/6/2022 3:44:59] !emotespells on
[5/6/2022 3:52:25] !emotespells on
[5/6/2022 3:59:43] !emotespells on
[5/6/2022 4:7:0] !emotespells on
[5/6/2022 4:22:43] !emotespells on
[5/6/2022 4:33:23] !emotespells on
[5/6/2022 4:41:13] !emotespells on
[5/6/2022 4:48:12] !emotespells on
[5/6/2022 4:55:57] !emotespells on
[5/6/2022 5:6:18] !emotespells on
[5/6/2022 5:14:2] !emotespells on
[5/6/2022 5:22:20] !emotespells on
[5/6/2022 5:30:32] !emotespells on
[5/6/2022 5:38:41] !emotespells on
[5/6/2022 5:46:8] !emotespells on
[5/6/2022 5:54:12] !emotespells on
[5/6/2022 6:6:7] !emotespells on
[5/6/2022 6:15:32] !emotespells on
[5/6/2022 6:22:45] !emotespells on
[5/6/2022 6:30:22] !emotespells on
[5/6/2022 6:38:18] !emotespells on
[5/6/2022 6:46:13] !emotespells on
[5/6/2022 6:53:48] !emotespells on
[5/6/2022 7:1:36] !emotespells on
[5/6/2022 7:9:2] !emotespells on
[5/6/2022 7:16:19] !emotespells on
[5/6/2022 7:23:48] !emotespells on
[5/6/2022 7:30:37] !emotespells on
[5/6/2022 7:38:1] !emotespells on
[5/6/2022 7:45:49] !emotespells on
[5/6/2022 7:58:36] !emotespells on
[5/6/2022 8:6:48] !emotespells on
[5/6/2022 8:14:43] !emotespells on
[5/6/2022 8:23:9] !emotespells on
[5/6/2022 8:31:6] !emotespells on
[7/6/2022 18:27:1] !rank magic
[7/6/2022 21:57:17] !frags
[8/6/2022 12:1:53] !rank magic
[8/6/2022 19:34:8] !rank magic
[8/6/2022 23:12:46] !rank magic
[10/6/2022 12:25:37] !rank magic
