[11/12/2021 9:57:0] !online
[13/12/2021 9:57:36] !wand ice
[13/12/2021 12:43:45] !wand ice
[13/12/2021 12:54:55] !tradeoff remove, 11
[13/12/2021 13:1:27] !wand ice
[13/12/2021 18:16:59] !wand holy
[13/12/2021 19:5:4] !wand ice
[14/12/2021 17:38:13] !wand death
[14/12/2021 17:39:43] !wand energy
[14/12/2021 17:48:26] !wand ice
[14/12/2021 18:27:12] !aol
[15/12/2021 13:26:5] !wand ice
[15/12/2021 13:26:26] !wand ice
[15/12/2021 17:54:17] !wand energy
[15/12/2021 18:12:9] !wand ice
[15/12/2021 20:15:59] !wand energy
[15/12/2021 20:19:35] !wand holy
[15/12/2021 23:23:0] !wand energy
[16/12/2021 13:28:28] !wand energy
[16/12/2021 23:20:17] !serverinfo
[17/12/2021 7:41:6] !wand energy
[17/12/2021 16:7:45] !wand energy
[17/12/2021 19:59:2] !wand energy
[17/12/2021 20:2:18] !aol
[18/12/2021 16:13:36] !wand energy
[19/12/2021 23:48:57] !wand energy
[20/12/2021 7:51:4] !wand energy
[20/12/2021 7:51:24] !wand energy
[20/12/2021 13:0:32] !wand energy
[21/12/2021 23:3:25] !wand energy
[21/12/2021 23:11:19] !aol
[22/12/2021 7:48:28] !wand energy
