[30/5/2022 22:28:13] !aol
[30/5/2022 23:10:35] !aol
[30/5/2022 23:29:58] !rank magic
[30/5/2022 23:30:5] !rank magic
[30/5/2022 23:30:20] !rank
[30/5/2022 23:30:25] !rank level
[31/5/2022 0:0:41] !online
[31/5/2022 23:44:43] !aol
[31/5/2022 23:48:52] !aol
[1/6/2022 15:25:33] !aol
[1/6/2022 16:4:59] !emotespells on
[1/6/2022 17:35:43] !aol
[1/6/2022 18:34:28] !rank magic
[1/6/2022 18:34:43] !rank distance
[1/6/2022 18:35:34] !rank level
[2/6/2022 1:40:21] !aol
[2/6/2022 16:47:38] !online
[2/6/2022 22:30:43] !online
[2/6/2022 22:55:50] !serverinfo
[2/6/2022 23:32:44] !online
[3/6/2022 18:17:32] !online
[3/6/2022 21:42:1] !online
