[9/12/2021 9:28:18] /i 3031
[9/12/2021 9:28:24] /i 3031
[9/12/2021 9:28:33] /i 3031
[9/12/2021 9:28:34] /i 3031
[9/12/2021 9:35:4] /a 2
[9/12/2021 9:35:19] /t
[9/12/2021 9:39:49] /t
[9/12/2021 9:57:18] /i 10559
[9/12/2021 9:57:22] /i 10559
[9/12/2021 9:58:58] /i 3386
[9/12/2021 9:59:4] /r
[9/12/2021 13:12:31] /goto styller
[9/12/2021 15:8:9] /a 2
[9/12/2021 15:8:16] /a 2
[9/12/2021 15:8:59] /a 5
[9/12/2021 15:8:59] /a 5
[9/12/2021 15:8:59] /a 5
[9/12/2021 15:8:59] /a 5
[9/12/2021 15:9:0] /a 5
[9/12/2021 15:9:0] /a 5
[9/12/2021 15:9:0] /a 5
[9/12/2021 15:9:0] /a 5
[9/12/2021 15:9:1] /a 5
[9/12/2021 15:9:1] /a 5
[9/12/2021 15:9:1] /a 5
[9/12/2021 15:9:2] /a 5
[9/12/2021 15:9:2] /a 5
[9/12/2021 15:9:2] /a 5
[9/12/2021 15:9:3] /a 5
[9/12/2021 15:9:3] /a 5
[9/12/2021 15:9:3] /a 5
[9/12/2021 15:9:3] /a 5
[9/12/2021 15:9:3] /a 5
[9/12/2021 15:9:4] /a 5
[9/12/2021 15:9:4] /a 5
[9/12/2021 15:9:5] /a 5
[9/12/2021 15:9:5] /a 5
[9/12/2021 15:9:5] /a 5
[9/12/2021 15:9:5] /a 5
[9/12/2021 15:9:5] /a 5
[9/12/2021 15:9:6] /a 5
[9/12/2021 15:9:6] /a 5
[9/12/2021 15:9:7] /a 5
[9/12/2021 15:9:7] /a 5
[9/12/2021 15:9:8] /a 5
[9/12/2021 15:9:8] /a 5
[9/12/2021 15:9:8] /a 5
[9/12/2021 15:9:9] /a 5
[9/12/2021 15:9:9] /a 5
[9/12/2021 15:9:10] /a 5
[9/12/2021 15:9:10] /a 5
[9/12/2021 15:9:10] /a 5
[9/12/2021 15:9:10] /a 5
[9/12/2021 15:9:11] /a 5
[9/12/2021 15:9:11] /a 5
[9/12/2021 15:9:11] /a 5
[9/12/2021 15:9:12] /a 5
[9/12/2021 15:9:12] /a 5
[9/12/2021 15:9:12] /a 5
[9/12/2021 15:9:13] /a 5
[9/12/2021 15:9:13] /a 5
[9/12/2021 15:9:13] /a 5
[9/12/2021 15:9:13] /a 5
[9/12/2021 15:9:14] /a 5
[9/12/2021 15:9:14] /a 5
[9/12/2021 15:9:14] /a 5
[9/12/2021 15:9:15] /a 5
[9/12/2021 15:9:15] /a 5
[9/12/2021 15:9:15] /a 5
[9/12/2021 15:9:15] /a 5
[9/12/2021 15:9:16] /a 5
[9/12/2021 15:9:16] /a 5
[9/12/2021 15:9:17] /a 5
[9/12/2021 15:9:17] /a 5
[9/12/2021 15:9:17] /a 5
[9/12/2021 15:9:17] /a 5
[9/12/2021 15:9:18] /a 5
[9/12/2021 15:9:18] /a 5
[9/12/2021 15:9:18] /a 5
[9/12/2021 15:9:19] /a 5
[9/12/2021 15:9:19] /a 5
[9/12/2021 15:9:19] /a 5
[9/12/2021 15:9:19] /a 5
[9/12/2021 15:9:20] /a 5
[9/12/2021 15:9:20] /a 5
[9/12/2021 15:9:20] /a 5
[9/12/2021 15:9:21] /a 5
[9/12/2021 15:9:21] /a 5
[9/12/2021 15:9:22] /a 5
[9/12/2021 15:9:22] /a 5
[9/12/2021 15:9:23] /a 5
[9/12/2021 15:9:23] /a 5
[9/12/2021 15:9:23] /a 5
[9/12/2021 15:9:24] /a 5
[9/12/2021 15:9:24] /a 5
[9/12/2021 15:9:24] /a 5
[9/12/2021 15:9:24] /a 5
[9/12/2021 15:9:24] /a 5
[9/12/2021 15:9:25] /a 5
[9/12/2021 15:9:25] /a 5
[9/12/2021 15:9:26] /a 5
[9/12/2021 15:9:26] /a 5
[9/12/2021 15:9:27] /a 5
[9/12/2021 15:9:27] /a 5
[9/12/2021 15:9:27] /a 5
[9/12/2021 15:9:27] /a 5
[9/12/2021 15:9:28] /a 5
[9/12/2021 15:9:28] /a 5
[9/12/2021 15:9:28] /a 5
[9/12/2021 15:9:29] /a 5
[9/12/2021 15:9:29] /a 5
[9/12/2021 15:9:29] /a 5
[9/12/2021 15:9:29] /a 5
[9/12/2021 15:9:29] /a 5
[9/12/2021 15:9:29] /a 5
[9/12/2021 15:9:30] /a 5
[9/12/2021 15:9:30] /a 5
[9/12/2021 15:9:30] /a 5
[9/12/2021 15:9:44] /t
[9/12/2021 15:10:22] /a 2
[9/12/2021 15:10:22] /a 2
[9/12/2021 15:10:23] /a 2
[9/12/2021 15:10:23] /a 2
[9/12/2021 15:10:23] /a 2
[9/12/2021 15:10:24] /a 2
[9/12/2021 15:10:24] /a 2
[9/12/2021 15:10:24] /a 2
[9/12/2021 15:10:25] /a 2
[9/12/2021 15:10:25] /a 2
[9/12/2021 15:10:25] /a 2
[9/12/2021 15:45:15] /goto Pharaot
[9/12/2021 15:47:53] /t
[9/12/2021 15:48:28] /a 2
[9/12/2021 15:48:29] /a 2
[9/12/2021 15:48:29] /a 2
[9/12/2021 15:48:29] /a 2
[9/12/2021 15:48:29] /a 2
[9/12/2021 15:48:29] /a 2
[9/12/2021 15:48:29] /a 2
[9/12/2021 15:48:29] /a 2
[9/12/2021 15:48:29] /a 2
[9/12/2021 15:48:29] /a 2
[9/12/2021 15:48:29] /a 2
[9/12/2021 15:48:29] /a 2
[9/12/2021 15:48:29] /a 2
[9/12/2021 15:48:30] /a 2
[9/12/2021 15:48:30] /a 2
[9/12/2021 15:48:30] /a 2
[9/12/2021 15:48:30] /a 2
[9/12/2021 15:48:30] /a 2
[9/12/2021 15:48:30] /a 2
[9/12/2021 15:48:30] /a 2
[9/12/2021 15:48:30] /a 2
[9/12/2021 15:48:30] /a 2
[9/12/2021 15:48:30] /a 2
[9/12/2021 15:48:30] /a 2
[9/12/2021 15:48:30] /a 2
[9/12/2021 15:48:30] /a 2
[9/12/2021 15:48:30] /a 2
[9/12/2021 15:48:30] /a 2
[9/12/2021 15:48:30] /a 2
[9/12/2021 15:48:30] /a 2
[9/12/2021 15:48:30] /a 2
[9/12/2021 15:48:30] /a 2
[9/12/2021 15:48:30] /a 2
[9/12/2021 15:48:30] /a 2
[9/12/2021 15:48:30] /a 2
[9/12/2021 15:48:30] /a 2
[9/12/2021 15:48:30] /a 2
[9/12/2021 15:48:30] /a 2
[9/12/2021 15:48:30] /a 2
[9/12/2021 15:48:31] /a 2
[9/12/2021 15:48:31] /a 2
[9/12/2021 15:48:31] /a 2
[9/12/2021 15:48:31] /a 2
[9/12/2021 15:48:31] /a 2
[9/12/2021 15:48:31] /a 2
[9/12/2021 15:48:31] /a 2
[9/12/2021 15:48:31] /a 2
[9/12/2021 15:48:31] /a 2
[9/12/2021 15:48:31] /a 2
[9/12/2021 15:49:5] /a 2
[9/12/2021 15:49:5] /a 2
[9/12/2021 15:49:5] /a 2
[9/12/2021 15:49:5] /a 2
[9/12/2021 15:49:6] /a 2
[9/12/2021 15:49:6] /a 2
[9/12/2021 15:49:6] /a 2
[9/12/2021 15:49:6] /a 2
[9/12/2021 15:49:7] /a 2
[9/12/2021 15:49:7] /a 2
[9/12/2021 15:49:7] /a 2
[9/12/2021 15:49:7] /a 2
[9/12/2021 15:49:7] /a 2
[9/12/2021 15:49:8] /a 2
[9/12/2021 15:49:8] /a 2
[9/12/2021 15:49:8] /a 2
[9/12/2021 15:49:9] /a 2
[9/12/2021 15:49:9] /a 2
[9/12/2021 15:49:9] /a 2
[9/12/2021 15:49:9] /a 2
[9/12/2021 15:49:10] /a 2
[9/12/2021 15:49:10] /a 2
[9/12/2021 15:49:10] /a 2
[9/12/2021 15:49:10] /a 2
[9/12/2021 15:49:11] /a 2
[9/12/2021 15:49:13] /a 2
[9/12/2021 15:49:15] /down
[9/12/2021 15:49:16] /a 2
[9/12/2021 15:49:16] /a 2
[9/12/2021 15:49:17] /a 2
[9/12/2021 15:49:17] /a 2
[9/12/2021 15:49:17] /a 2
[9/12/2021 15:49:17] /a 2
[9/12/2021 15:49:17] /a 2
[9/12/2021 15:49:18] /a 2
[9/12/2021 15:49:18] /a 2
[9/12/2021 15:49:18] /a 2
[9/12/2021 15:49:18] /a 2
[9/12/2021 15:49:21] /a 2
[9/12/2021 15:49:21] /a 2
[9/12/2021 15:49:22] /a 2
[9/12/2021 15:49:22] /a 2
[9/12/2021 15:49:23] /a 2
[9/12/2021 15:49:23] /a 2
[9/12/2021 15:49:23] /a 2
[9/12/2021 15:49:23] /a 2
[9/12/2021 15:49:24] /a 2
[9/12/2021 15:49:25] /a 2
[9/12/2021 15:49:25] /a 2
[9/12/2021 15:49:25] /a 2
[9/12/2021 15:49:26] /a 2
[9/12/2021 15:49:26] /a 2
[9/12/2021 15:49:26] /a 2
[9/12/2021 15:49:26] /a 2
[9/12/2021 15:49:26] /a 2
[9/12/2021 15:49:27] /a 2
[9/12/2021 15:49:27] /a 2
[9/12/2021 15:49:27] /a 2
[9/12/2021 15:49:27] /a 2
[9/12/2021 15:49:28] /a 2
[9/12/2021 15:49:28] /a 2
[9/12/2021 15:49:28] /a 2
[9/12/2021 15:49:28] /a 2
[9/12/2021 15:49:28] /a 2
[9/12/2021 15:49:29] /a 2
[9/12/2021 15:49:29] /a 2
[9/12/2021 15:49:29] /a 2
[9/12/2021 15:49:29] /a 2
[9/12/2021 15:49:30] /a 2
[9/12/2021 15:49:30] /a 2
[9/12/2021 15:49:30] /a 2
[9/12/2021 15:49:30] /a 2
[9/12/2021 15:49:31] /a 2
[9/12/2021 15:49:31] /a 2
[9/12/2021 15:49:31] /a 2
[9/12/2021 15:49:31] /a 2
[9/12/2021 15:49:31] /a 2
[9/12/2021 15:49:31] /a 2
[9/12/2021 15:49:32] /a 2
[9/12/2021 15:49:32] /a 2
[9/12/2021 15:49:32] /a 2
[9/12/2021 15:49:32] /a 2
[9/12/2021 15:49:32] /a 2
[9/12/2021 15:49:35] /a 2
[9/12/2021 15:49:35] /a 2
[9/12/2021 15:49:35] /a 2
[9/12/2021 15:49:36] /a 2
[9/12/2021 15:49:36] /a 2
[9/12/2021 15:49:36] /a 2
[9/12/2021 15:49:36] /a 2
[9/12/2021 15:49:36] /a 2
[9/12/2021 15:49:37] /a 2
[9/12/2021 15:49:37] /a 2
[9/12/2021 15:49:37] /a 2
[9/12/2021 15:49:37] /a 2
[9/12/2021 15:49:37] /a 2
[9/12/2021 15:49:38] /a 2
[9/12/2021 15:49:38] /a 2
[9/12/2021 15:49:38] /a 2
[9/12/2021 15:49:38] /a 2
[9/12/2021 15:49:39] /a 2
[9/12/2021 15:49:39] /a 2
[9/12/2021 15:49:39] /a 2
[9/12/2021 15:49:39] /a 2
[9/12/2021 15:49:40] /a 2
[9/12/2021 15:49:40] /a 2
[9/12/2021 15:49:40] /a 2
[9/12/2021 15:49:40] /a 2
[9/12/2021 15:49:41] /a 2
[9/12/2021 15:49:41] /a 2
[9/12/2021 15:49:41] /a 2
[9/12/2021 15:49:41] /a 2
[9/12/2021 15:49:41] /a 2
[9/12/2021 15:49:42] /a 2
[9/12/2021 15:49:42] /a 2
[9/12/2021 15:49:42] /a 2
[9/12/2021 15:49:42] /a 2
[9/12/2021 15:49:42] /a 2
[9/12/2021 15:49:43] /a 2
[9/12/2021 15:49:44] /a 2
[9/12/2021 15:49:44] /a 2
[9/12/2021 15:49:44] /a 2
[9/12/2021 15:49:45] /a 2
[9/12/2021 15:49:45] /a 2
[9/12/2021 15:49:45] /a 2
[9/12/2021 15:49:45] /a 2
[9/12/2021 15:49:45] /a 2
[9/12/2021 15:49:46] /a 2
[9/12/2021 15:49:46] /a 2
[9/12/2021 15:49:46] /a 2
[9/12/2021 15:49:46] /a 2
[9/12/2021 15:49:46] /a 2
[9/12/2021 15:49:47] /a 2
[9/12/2021 15:49:47] /a 2
[9/12/2021 15:49:47] /a 2
[9/12/2021 15:49:47] /a 2
[9/12/2021 15:49:48] /a 2
[9/12/2021 15:49:48] /a 2
[9/12/2021 15:49:48] /a 2
[9/12/2021 15:49:48] /a 2
[9/12/2021 15:49:48] /a 2
[9/12/2021 15:49:49] /a 2
[9/12/2021 15:49:49] /a 2
[9/12/2021 15:49:49] /a 2
[9/12/2021 15:49:49] /a 2
[9/12/2021 15:49:49] /a 2
[9/12/2021 15:49:50] /a 2
[9/12/2021 15:49:50] /a 2
[9/12/2021 15:49:50] /a 2
[9/12/2021 15:49:51] /a 2
[9/12/2021 15:49:51] /a 2
[9/12/2021 15:49:51] /a 2
[9/12/2021 15:49:51] /a 2
[9/12/2021 15:49:51] /a 2
[9/12/2021 15:49:52] /up
[9/12/2021 15:49:54] /up
[9/12/2021 15:49:55] /a 2
[9/12/2021 15:49:56] /up
[9/12/2021 15:49:57] /up
[9/12/2021 15:49:59] /up 2
[9/12/2021 15:50:1] /a 2
[9/12/2021 15:50:1] /a 2
[9/12/2021 15:50:1] /a 2
[9/12/2021 15:50:1] /a 2
[9/12/2021 15:50:2] /a 2
[9/12/2021 15:50:2] /a 2
[9/12/2021 15:50:2] /a 2
[9/12/2021 15:50:2] /a 2
[9/12/2021 15:50:2] /a 2
[9/12/2021 15:50:2] /a 2
[9/12/2021 15:50:3] /a 2
[9/12/2021 15:50:3] /a 2
[9/12/2021 15:50:3] /a 2
[9/12/2021 15:50:4] /a 2
[9/12/2021 15:50:4] /a 2
[9/12/2021 15:50:4] /a 2
[9/12/2021 15:50:4] /a 2
[9/12/2021 15:50:4] /a 2
[9/12/2021 15:50:5] /a 2
[9/12/2021 15:50:5] /a 2
[9/12/2021 15:50:5] /a 2
[9/12/2021 15:50:5] /a 2
[9/12/2021 15:50:6] /a 2
[9/12/2021 15:50:6] /a 2
[9/12/2021 15:50:6] /a 2
[9/12/2021 15:50:6] /a 2
[9/12/2021 15:50:6] /a 2
[9/12/2021 15:50:7] /a 2
[9/12/2021 15:50:7] /a 2
[9/12/2021 15:50:7] /a 2
[9/12/2021 15:50:7] /a 2
[9/12/2021 15:50:7] /a 2
[9/12/2021 15:50:8] /a 2
[9/12/2021 15:50:8] /a 2
[9/12/2021 15:50:8] /a 2
[9/12/2021 15:50:8] /a 2
[9/12/2021 15:50:9] /a 2
[9/12/2021 15:50:9] /a 2
[9/12/2021 15:50:9] /a 2
[9/12/2021 15:50:9] /a 2
[9/12/2021 15:50:9] /a 2
[9/12/2021 15:50:10] /a 2
[9/12/2021 15:50:10] /a 2
[9/12/2021 15:50:10] /a 2
[9/12/2021 15:50:10] /a 2
[9/12/2021 15:50:11] /a 2
[9/12/2021 15:50:12] /a 2
[9/12/2021 15:50:14] /a 2
[9/12/2021 15:50:15] /a 2
[9/12/2021 15:50:15] /a 2
[9/12/2021 15:50:15] /a 2
[9/12/2021 15:50:19] /a 2
[9/12/2021 15:50:20] /a 2
[9/12/2021 15:50:20] /a 2
[9/12/2021 15:50:20] /a 2
[9/12/2021 15:50:20] /a 2
[9/12/2021 15:50:20] /a 2
[9/12/2021 15:50:21] /a 2
[9/12/2021 15:50:21] /a 2
[9/12/2021 15:50:21] /a 2
[9/12/2021 15:50:21] /a 2
[9/12/2021 15:50:21] /a 2
[9/12/2021 15:50:22] /a 2
[9/12/2021 15:50:22] /a 2
[9/12/2021 15:50:22] /a 2
[9/12/2021 15:50:22] /a 2
[9/12/2021 15:50:22] /a 2
[9/12/2021 15:50:23] /a 2
[9/12/2021 15:50:23] /a 2
[9/12/2021 15:50:23] /a 2
[9/12/2021 15:50:23] /a 2
[9/12/2021 15:50:23] /a 2
[9/12/2021 15:50:24] /a 2
[9/12/2021 15:50:24] /a 2
[9/12/2021 15:50:24] /a 2
[9/12/2021 15:50:24] /a 2
[9/12/2021 15:50:24] /a 2
[9/12/2021 15:50:25] /a 2
[9/12/2021 15:50:25] /a 2
[9/12/2021 15:50:26] /a 2
[9/12/2021 15:50:26] /a 2
[9/12/2021 15:50:26] /a 2
[9/12/2021 15:50:26] /a 2
[9/12/2021 15:50:26] /a 2
[9/12/2021 15:50:27] /a 2
[9/12/2021 15:50:29] /up
[9/12/2021 15:50:31] /a 2
[9/12/2021 15:50:31] /a 2
[9/12/2021 15:50:31] /a 2
[9/12/2021 15:50:31] /a 2
[9/12/2021 15:50:32] /a 2
[9/12/2021 15:50:32] /a 2
[9/12/2021 15:50:32] /a 2
[9/12/2021 15:50:36] /a 2
[9/12/2021 15:50:36] /a 2
[9/12/2021 15:50:36] /a 2
[9/12/2021 15:50:36] /a 2
[9/12/2021 15:50:37] /a 2
[9/12/2021 15:50:37] /a 2
[9/12/2021 15:50:37] /a 2
[9/12/2021 15:50:37] /a 2
[9/12/2021 15:50:38] /a 2
[9/12/2021 15:50:38] /a 2
[9/12/2021 15:50:39] /a 2
[9/12/2021 15:50:39] /a 2
[9/12/2021 15:50:39] /a 2
[9/12/2021 15:50:39] /a 2
[9/12/2021 15:50:40] /a 2
[9/12/2021 15:50:40] /a 2
[9/12/2021 15:50:40] /a 2
[9/12/2021 15:50:40] /a 2
[9/12/2021 15:50:41] /a 2
[9/12/2021 15:50:41] /a 2
[9/12/2021 15:50:41] /a 2
[9/12/2021 15:50:42] /a 2
[9/12/2021 15:50:42] /a 2
[9/12/2021 15:50:42] /a 2
[9/12/2021 15:50:42] /a 2
[9/12/2021 15:50:42] /a 2
[9/12/2021 15:50:43] /a 2
[9/12/2021 15:50:43] /a 2
[9/12/2021 15:50:43] /a 2
[9/12/2021 15:50:43] /a 2
[9/12/2021 15:50:44] /a 2
[9/12/2021 15:50:44] /a 2
[9/12/2021 15:50:44] /a 2
[9/12/2021 15:50:44] /a 2
[9/12/2021 15:50:56] /a 2
[9/12/2021 15:50:56] /a 2
[9/12/2021 15:50:57] /a 2
[9/12/2021 15:50:57] /a 2
[9/12/2021 15:50:57] /a 2
[9/12/2021 15:50:57] /a 2
[9/12/2021 15:50:57] /a 2
[9/12/2021 15:50:58] /a 2
[9/12/2021 15:50:58] /a 2
[9/12/2021 15:51:1] /a 2
[9/12/2021 15:51:1] /a 2
[9/12/2021 15:51:1] /a 2
[9/12/2021 15:51:2] /a 2
[9/12/2021 15:51:2] /a 2
[9/12/2021 15:51:2] /a 2
[9/12/2021 15:51:3] /a 2
[9/12/2021 15:51:3] /a 2
[9/12/2021 15:51:3] /a 2
[9/12/2021 15:51:5] /a 2
[9/12/2021 15:51:5] /a 2
[9/12/2021 15:51:6] /a 2
[9/12/2021 15:51:6] /a 2
[9/12/2021 15:51:6] /a 2
[9/12/2021 15:51:6] /a 2
[9/12/2021 15:51:7] /a 2
[9/12/2021 15:51:7] /a 2
[9/12/2021 15:51:7] /a 2
[9/12/2021 15:51:7] /a 2
[9/12/2021 15:51:8] /a 2
[9/12/2021 15:51:8] /a 2
[9/12/2021 15:51:8] /a 2
[9/12/2021 15:51:9] /a 2
[9/12/2021 15:51:12] /a 2
[9/12/2021 15:51:12] /a 2
[9/12/2021 15:51:13] /a 2
[9/12/2021 15:51:13] /a 2
[9/12/2021 15:51:13] /a 2
[9/12/2021 15:51:13] /a 2
[9/12/2021 15:51:13] /a 2
[9/12/2021 15:51:13] /a 2
[9/12/2021 15:51:13] /a 2
[9/12/2021 15:51:13] /a 2
[9/12/2021 15:51:13] /a 2
[9/12/2021 15:51:13] /a 2
[9/12/2021 15:51:13] /a 2
[9/12/2021 15:51:13] /a 2
[9/12/2021 15:51:13] /a 2
[9/12/2021 15:51:13] /a 2
[9/12/2021 15:51:13] /a 2
[9/12/2021 15:51:13] /a 2
[9/12/2021 15:51:13] /a 2
[9/12/2021 15:51:13] /a 2
[9/12/2021 15:51:13] /a 2
[9/12/2021 15:51:13] /a 2
[9/12/2021 15:51:13] /a 2
[9/12/2021 15:51:13] /a 2
[9/12/2021 15:51:13] /a 2
[9/12/2021 15:51:13] /a 2
[9/12/2021 15:51:13] /a 2
[9/12/2021 15:51:14] /a 2
[9/12/2021 15:51:14] /a 2
[9/12/2021 15:51:14] /a 2
[9/12/2021 15:51:14] /a 2
[9/12/2021 15:51:14] /a 2
[9/12/2021 15:51:15] /a 2
[9/12/2021 15:51:15] /a 2
[9/12/2021 15:51:15] /a 2
[9/12/2021 15:51:15] /a 2
[9/12/2021 15:51:16] /a 2
[9/12/2021 15:51:16] /a 2
[9/12/2021 15:51:16] /a 2
[9/12/2021 15:51:16] /a 2
[9/12/2021 15:51:16] /a 2
[9/12/2021 15:51:17] /a 2
[9/12/2021 15:51:17] /a 2
[9/12/2021 15:51:17] /a 2
[9/12/2021 15:51:18] /a 2
[9/12/2021 15:51:18] /a 2
[9/12/2021 15:51:18] /a 2
[9/12/2021 15:51:18] /a 2
[9/12/2021 15:51:18] /a 2
[9/12/2021 15:51:19] /a 2
[9/12/2021 15:51:19] /a 2
[9/12/2021 15:51:19] /a 2
[9/12/2021 15:51:20] /a 2
[9/12/2021 15:51:20] /a 2
[9/12/2021 15:51:20] /a 2
[9/12/2021 15:51:20] /a 2
[9/12/2021 15:51:20] /a 2
[9/12/2021 15:51:21] /a 2
[9/12/2021 15:51:21] /a 2
[9/12/2021 15:51:21] /a 2
[9/12/2021 15:51:21] /a 2
[9/12/2021 15:51:21] /a 2
[9/12/2021 15:51:22] /a 2
[9/12/2021 15:51:22] /a 2
[9/12/2021 15:51:22] /a 2
[9/12/2021 15:51:23] /a 2
[9/12/2021 15:51:23] /a 2
[9/12/2021 15:51:23] /a 2
[9/12/2021 15:51:24] /a 2
[9/12/2021 15:51:24] /a 2
[9/12/2021 15:51:24] /a 2
[9/12/2021 15:51:24] /a 2
[9/12/2021 15:51:24] /a 2
[9/12/2021 15:51:25] /a 2
[9/12/2021 15:51:25] /a 2
[9/12/2021 15:51:25] /a 2
[9/12/2021 15:51:25] /a 2
[9/12/2021 15:51:25] /a 2
[9/12/2021 15:51:26] /a 2
[9/12/2021 15:51:26] /a 2
[9/12/2021 15:51:26] /a 2
[9/12/2021 15:51:26] /a 2
[9/12/2021 15:51:26] /a 2
[9/12/2021 15:51:27] /a 2
[9/12/2021 15:51:27] /a 2
[9/12/2021 15:51:27] /a 2
[9/12/2021 15:51:27] /a 2
[9/12/2021 15:51:28] /a 2
[9/12/2021 15:51:28] /a 2
[9/12/2021 15:51:28] /a 2
[9/12/2021 15:51:28] /a 2
[9/12/2021 15:51:28] /a 2
[9/12/2021 15:51:29] /a 2
[9/12/2021 15:51:29] /a 2
[9/12/2021 15:51:29] /a 2
[9/12/2021 15:51:30] /a 2
[9/12/2021 15:51:30] /a 2
[9/12/2021 15:51:31] /a 2
[9/12/2021 15:51:31] /a 2
[9/12/2021 15:51:31] /a 2
[9/12/2021 15:51:31] /a 2
[9/12/2021 15:51:33] /a 2
[9/12/2021 15:51:34] /a 2
[9/12/2021 15:51:34] /a 2
[9/12/2021 15:51:34] /a 2
[9/12/2021 15:51:34] /a 2
[9/12/2021 15:51:35] /a 2
[9/12/2021 15:51:35] /a 2
[9/12/2021 15:51:35] /a 2
[9/12/2021 15:51:35] /a 2
[9/12/2021 15:51:35] /a 2
[9/12/2021 15:51:36] /a 2
[9/12/2021 15:51:36] /a 2
[9/12/2021 15:51:36] /a 2
[9/12/2021 15:51:36] /a 2
[9/12/2021 15:51:37] /a 2
[9/12/2021 15:51:37] /a 2
[9/12/2021 15:51:37] /a 2
[9/12/2021 15:51:38] /a 2
[9/12/2021 15:51:38] /a 2
[9/12/2021 15:51:38] /a 2
[9/12/2021 15:51:38] /a 2
[9/12/2021 15:51:38] /a 2
[9/12/2021 15:51:39] /a 2
[9/12/2021 15:51:39] /a 2
[9/12/2021 15:51:39] /a 2
[9/12/2021 15:51:39] /a 2
[9/12/2021 15:51:41] /a 2
[9/12/2021 15:51:41] /a 2
[9/12/2021 15:51:41] /a 2
[9/12/2021 15:51:41] /a 2
[9/12/2021 15:51:42] /a 2
[9/12/2021 15:51:42] /a 2
[9/12/2021 15:51:42] /a 2
[9/12/2021 15:51:42] /a 2
[9/12/2021 15:51:43] /a 2
[9/12/2021 15:51:43] /a 2
[9/12/2021 15:51:43] /a 2
[9/12/2021 15:51:45] /a 2
[9/12/2021 15:51:46] /a 2
[9/12/2021 15:51:46] /a 2
[9/12/2021 15:51:46] /a 2
[9/12/2021 15:51:46] /a 2
[9/12/2021 15:51:47] /a 2
[9/12/2021 15:51:47] /a 2
[9/12/2021 15:51:47] /a 2
[9/12/2021 15:51:47] /a 2
[9/12/2021 15:51:47] /a 2
[9/12/2021 15:51:48] /a 2
[9/12/2021 15:51:48] /a 2
[9/12/2021 15:51:48] /a 2
[9/12/2021 15:51:48] /a 2
[9/12/2021 15:51:48] /a 2
[9/12/2021 15:51:49] /a 2
[9/12/2021 15:51:49] /a 2
[9/12/2021 15:51:50] /a 2
[9/12/2021 15:51:50] /a 2
[9/12/2021 15:51:50] /a 2
[9/12/2021 15:51:50] /a 2
[9/12/2021 15:51:51] /a 2
[9/12/2021 15:51:51] /a 2
[9/12/2021 15:51:51] /a 2
[9/12/2021 15:51:51] /a 2
[9/12/2021 15:51:52] /a 2
[9/12/2021 15:51:52] /a 2
[9/12/2021 15:51:52] /a 2
[9/12/2021 15:51:52] /a 2
[9/12/2021 15:51:52] /a 2
[9/12/2021 15:51:53] /a 2
[9/12/2021 15:51:53] /a 2
[9/12/2021 15:51:54] /a 2
[9/12/2021 15:51:54] /a 2
[9/12/2021 15:51:54] /a 2
[9/12/2021 15:51:54] /a 2
[9/12/2021 15:51:54] /a 2
[9/12/2021 15:51:55] /a 2
[9/12/2021 15:51:55] /a 2
[9/12/2021 15:51:55] /a 2
[9/12/2021 15:51:55] /a 2
[9/12/2021 15:51:56] /a 2
[9/12/2021 15:51:56] /a 2
[9/12/2021 15:51:56] /a 2
[9/12/2021 15:51:56] /a 2
[9/12/2021 15:51:56] /a 2
[9/12/2021 15:51:57] /a 2
[9/12/2021 15:51:57] /a 2
[9/12/2021 15:51:57] /a 2
[9/12/2021 15:51:57] /a 2
[9/12/2021 15:51:58] /a 2
[9/12/2021 15:51:58] /a 2
[9/12/2021 15:51:58] /a 2
[9/12/2021 15:51:58] /a 2
[9/12/2021 15:51:59] /a 2
[9/12/2021 15:51:59] /a 2
[9/12/2021 15:51:59] /a 2
[9/12/2021 15:51:59] /a 2
[9/12/2021 15:52:0] /a 2
[9/12/2021 15:52:0] /a 2
[9/12/2021 15:52:0] /a 2
[9/12/2021 15:52:0] /a 2
[9/12/2021 15:52:1] /a 2
[9/12/2021 15:52:2] /a 2
[9/12/2021 15:52:2] /a 2
[9/12/2021 15:52:2] /a 2
[9/12/2021 15:52:2] /a 2
[9/12/2021 15:52:3] /a 2
[9/12/2021 15:52:3] /a 2
[9/12/2021 15:52:3] /a 2
[9/12/2021 15:52:4] /a 2
[9/12/2021 15:52:4] /a 2
[9/12/2021 15:52:4] /a 2
[9/12/2021 15:52:4] /a 2
[9/12/2021 15:52:4] /a 2
[9/12/2021 15:52:5] /a 2
[9/12/2021 15:52:5] /a 2
[9/12/2021 15:52:5] /a 2
[9/12/2021 15:52:5] /a 2
[9/12/2021 15:52:6] /a 2
[9/12/2021 15:52:6] /a 2
[9/12/2021 15:52:6] /a 2
[9/12/2021 15:52:6] /a 2
[9/12/2021 15:52:7] /a 2
[9/12/2021 15:52:7] /a 2
[9/12/2021 15:52:7] /a 2
[9/12/2021 15:52:7] /a 2
[9/12/2021 15:52:8] /a 2
[9/12/2021 15:52:9] /a 2
[9/12/2021 15:52:9] /a 2
[9/12/2021 15:52:9] /a 2
[9/12/2021 15:52:9] /a 2
[9/12/2021 15:52:10] /a 2
[9/12/2021 15:52:10] /a 2
[9/12/2021 15:52:11] /a 2
[9/12/2021 15:52:11] /a 2
[9/12/2021 15:52:11] /a 2
[9/12/2021 15:52:11] /a 2
[9/12/2021 15:52:11] /a 2
[9/12/2021 15:52:12] /a 2
[9/12/2021 15:52:12] /a 2
[9/12/2021 15:52:12] /a 2
[9/12/2021 15:52:12] /a 2
[9/12/2021 15:52:13] /a 2
[9/12/2021 15:52:13] /a 2
[9/12/2021 15:52:13] /a 2
[9/12/2021 15:52:13] /a 2
[9/12/2021 15:52:13] /a 2
[9/12/2021 15:52:13] /a 2
[9/12/2021 15:52:13] /a 2
[9/12/2021 15:52:37] /a 2
[9/12/2021 15:52:37] /a 2
[9/12/2021 15:52:38] /a 2
[9/12/2021 15:52:38] /a 2
[9/12/2021 15:52:38] /a 2
[9/12/2021 15:52:38] /a 2
[9/12/2021 15:52:39] /a 2
[9/12/2021 15:52:39] /a 2
[9/12/2021 15:52:39] /a 2
[9/12/2021 15:52:39] /a 2
[9/12/2021 15:52:40] /a 2
[9/12/2021 15:52:40] /a 2
[9/12/2021 15:52:40] /a 2
[9/12/2021 15:52:40] /a 2
[9/12/2021 15:52:41] /a 2
[9/12/2021 15:52:42] /a 2
[9/12/2021 15:52:42] /a 2
[9/12/2021 15:52:43] /a 2
[9/12/2021 15:52:45] /up
[9/12/2021 15:52:46] /up
[9/12/2021 15:52:47] /a 2
[9/12/2021 15:52:47] /a 2
[9/12/2021 15:52:47] /a 2
[9/12/2021 15:52:48] /a 2
[9/12/2021 15:52:48] /a 2
[9/12/2021 15:52:48] /a 2
[9/12/2021 15:52:48] /a 2
[9/12/2021 15:52:48] /a 2
[9/12/2021 15:52:49] /a 2
[9/12/2021 15:52:49] /a 2
[9/12/2021 15:52:49] /a 2
[9/12/2021 15:52:49] /a 2
[9/12/2021 15:52:50] /a 2
[9/12/2021 15:52:50] /a 2
[9/12/2021 15:52:50] /a 2
[9/12/2021 15:52:50] /a 2
[9/12/2021 15:52:50] /a 2
[9/12/2021 15:52:51] /a 2
[9/12/2021 15:52:51] /a 2
[9/12/2021 15:52:51] /a 2
[9/12/2021 15:52:51] /a 2
[9/12/2021 15:52:51] /a 2
[9/12/2021 15:52:52] /a 2
[9/12/2021 15:52:52] /a 2
[9/12/2021 15:52:52] /a 2
[9/12/2021 15:52:52] /a 2
[9/12/2021 15:52:53] /a 2
[9/12/2021 15:52:53] /a 2
[9/12/2021 15:52:53] /a 2
[9/12/2021 15:52:53] /a 2
[9/12/2021 15:52:54] /a 2
[9/12/2021 15:52:54] /a 2
[9/12/2021 15:52:55] /a 2
[9/12/2021 15:52:55] /a 2
[9/12/2021 15:52:56] /a 2
[9/12/2021 15:52:56] /a 2
[9/12/2021 15:52:56] /a 2
[9/12/2021 15:52:56] /a 2
[9/12/2021 15:52:56] /a 2
[9/12/2021 15:52:57] /a 2
[9/12/2021 15:52:57] /a 2
[9/12/2021 15:52:57] /a 2
[9/12/2021 15:52:58] /a 2
[9/12/2021 15:52:58] /a 2
[9/12/2021 15:52:58] /a 2
[9/12/2021 15:52:58] /a 2
[9/12/2021 15:52:59] /a 2
[9/12/2021 15:52:59] /a 2
[9/12/2021 15:52:59] /a 2
[9/12/2021 15:52:59] /a 2
[9/12/2021 15:52:59] /a 2
[9/12/2021 15:53:0] /a 2
[9/12/2021 15:53:0] /a 2
[9/12/2021 15:53:0] /a 2
[9/12/2021 15:53:0] /a 2
[9/12/2021 15:53:0] /a 2
[9/12/2021 15:53:1] /a 2
[9/12/2021 15:53:1] /a 2
[9/12/2021 15:53:1] /a 2
[9/12/2021 15:53:1] /a 2
[9/12/2021 15:53:1] /a 2
[9/12/2021 15:53:20] /a 2
[9/12/2021 15:53:21] /a 2
[9/12/2021 15:53:21] /a 2
[9/12/2021 15:53:21] /a 2
[9/12/2021 15:53:21] /a 2
[9/12/2021 15:53:21] /a 2
[9/12/2021 15:53:21] /a 2
[9/12/2021 15:53:22] /a 2
[9/12/2021 15:53:22] /a 2
[9/12/2021 15:53:22] /a 2
[9/12/2021 15:53:22] /a 2
[9/12/2021 15:53:23] /a 2
[9/12/2021 15:53:23] /a 2
[9/12/2021 15:53:23] /a 2
[9/12/2021 15:53:23] /a 2
[9/12/2021 15:53:24] /a 2
[9/12/2021 15:53:24] /a 2
[9/12/2021 15:53:24] /a 2
[9/12/2021 15:53:24] /a 2
[9/12/2021 15:53:24] /a 2
[9/12/2021 15:53:25] /a 2
[9/12/2021 15:53:25] /a 2
[9/12/2021 15:53:25] /a 2
[9/12/2021 15:53:25] /a 2
[9/12/2021 15:53:25] /a 2
[9/12/2021 15:53:26] /a 2
[9/12/2021 15:53:26] /a 2
[9/12/2021 15:53:26] /a 2
[9/12/2021 15:53:26] /a 2
[9/12/2021 15:53:27] /a 2
[9/12/2021 15:53:27] /a 2
[9/12/2021 15:53:27] /a 2
[9/12/2021 15:53:27] /a 2
[9/12/2021 15:53:27] /a 2
[9/12/2021 15:53:28] /a 2
[9/12/2021 15:53:28] /a 2
[9/12/2021 15:53:28] /a 2
[9/12/2021 15:53:28] /a 2
[9/12/2021 15:53:29] /a 2
[9/12/2021 15:53:29] /a 2
[9/12/2021 15:53:29] /a 2
[9/12/2021 15:53:29] /a 2
[9/12/2021 15:53:29] /a 2
[9/12/2021 15:53:29] /a 2
[9/12/2021 15:53:30] /a 2
[9/12/2021 15:53:30] /a 2
[9/12/2021 15:53:30] /a 2
[9/12/2021 15:53:31] /a 2
[9/12/2021 15:53:31] /a 2
[9/12/2021 15:53:31] /a 2
[9/12/2021 15:53:31] /a 2
[9/12/2021 15:53:32] /a 2
[9/12/2021 15:53:32] /a 2
[9/12/2021 15:53:32] /a 2
[9/12/2021 15:53:32] /a 2
[9/12/2021 15:53:32] /a 2
[9/12/2021 15:53:33] /a 2
[9/12/2021 15:53:33] /a 2
[9/12/2021 15:53:33] /a 2
[9/12/2021 15:53:33] /a 2
[9/12/2021 15:53:34] /a 2
[9/12/2021 15:53:34] /a 2
[9/12/2021 15:53:34] /a 2
[9/12/2021 15:53:34] /a 2
[9/12/2021 15:53:37] /a 2
[9/12/2021 15:53:37] /a 2
[9/12/2021 15:53:38] /a 2
[9/12/2021 15:53:38] /a 2
[9/12/2021 15:53:40] /a 2
[9/12/2021 15:53:40] /a 2
[9/12/2021 15:53:40] /a 2
[9/12/2021 15:53:40] /a 2
[9/12/2021 15:53:41] /a 2
[9/12/2021 15:53:41] /a 2
[9/12/2021 15:53:41] /a 2
[9/12/2021 15:53:42] /a 2
[9/12/2021 15:53:42] /a 2
[9/12/2021 15:53:42] /a 2
[9/12/2021 15:53:42] /a 2
[9/12/2021 15:53:43] /a 2
[9/12/2021 15:53:43] /a 2
[9/12/2021 15:53:43] /a 2
[9/12/2021 15:53:43] /a 2
[9/12/2021 15:53:43] /a 2
[9/12/2021 15:53:44] /a 2
[9/12/2021 15:53:44] /a 2
[9/12/2021 15:53:44] /a 2
[9/12/2021 15:53:44] /a 2
[9/12/2021 15:53:45] /a 2
[9/12/2021 15:53:45] /a 2
[9/12/2021 15:53:45] /a 2
[9/12/2021 15:53:45] /a 2
[9/12/2021 15:53:46] /a 2
[9/12/2021 15:53:46] /a 2
[9/12/2021 15:53:46] /a 2
[9/12/2021 15:53:46] /a 2
[9/12/2021 15:53:47] /a 2
[9/12/2021 15:53:47] /a 2
[9/12/2021 15:53:49] /a 2
[9/12/2021 15:53:49] /a 2
[9/12/2021 15:53:49] /a 2
[9/12/2021 15:53:49] /a 2
[9/12/2021 15:53:49] /a 2
[9/12/2021 15:53:50] /a 2
[9/12/2021 15:53:50] /a 2
[9/12/2021 15:53:50] /a 2
[9/12/2021 15:53:51] /a 2
[9/12/2021 15:53:51] /a 2
[9/12/2021 15:53:51] /a 2
[9/12/2021 15:53:51] /a 2
[9/12/2021 15:53:51] /a 2
[9/12/2021 15:53:52] /a 2
[9/12/2021 15:53:52] /a 2
[9/12/2021 15:53:52] /a 2
[9/12/2021 15:53:52] /a 2
[9/12/2021 15:53:52] /a 2
[9/12/2021 15:54:17] /a 2
[9/12/2021 15:54:17] /a 2
[9/12/2021 15:54:17] /a 2
[9/12/2021 15:54:18] /a 2
[9/12/2021 15:54:19] /a 2
[9/12/2021 15:54:19] /a 2
[9/12/2021 15:54:19] /a 2
[9/12/2021 15:54:20] /a 2
[9/12/2021 15:54:22] /a 2
[9/12/2021 15:54:22] /a 2
[9/12/2021 15:54:23] /a 2
[9/12/2021 15:54:23] /a 2
[9/12/2021 15:54:23] /a 2
[9/12/2021 15:54:23] /a 2
[9/12/2021 15:54:23] /a 2
[9/12/2021 15:54:23] /a 2
[9/12/2021 15:54:24] /a 2
[9/12/2021 15:54:24] /a 2
[9/12/2021 15:54:24] /a 2
[9/12/2021 15:54:24] /a 2
[9/12/2021 15:54:25] /a 2
[9/12/2021 15:54:25] /a 2
[9/12/2021 15:54:25] /a 2
[9/12/2021 15:54:25] /a 2
[9/12/2021 15:54:26] /a 2
[9/12/2021 15:54:26] /a 2
[9/12/2021 15:54:26] /a 2
[9/12/2021 15:54:28] /a 2
[9/12/2021 15:54:28] /a 2
[9/12/2021 15:54:28] /a 2
[9/12/2021 15:54:29] /a 2
[9/12/2021 15:54:29] /a 2
[9/12/2021 15:54:29] /a 2
[9/12/2021 15:54:30] /a 2
[9/12/2021 15:54:30] /a 2
[9/12/2021 15:54:30] /a 2
[9/12/2021 15:54:31] /a 2
[9/12/2021 15:54:31] /a 2
[9/12/2021 15:54:31] /a 2
[9/12/2021 15:54:31] /a 2
[9/12/2021 15:54:32] /a 2
[9/12/2021 15:54:32] /a 2
[9/12/2021 15:54:32] /a 2
[9/12/2021 15:54:32] /a 2
[9/12/2021 15:54:32] /a 2
[9/12/2021 15:54:33] /a 2
[9/12/2021 15:54:33] /a 2
[9/12/2021 15:54:33] /a 2
[9/12/2021 15:54:34] /a 2
[9/12/2021 15:54:34] /a 2
[9/12/2021 15:54:34] /a 2
[9/12/2021 15:54:34] /a 2
[9/12/2021 15:54:35] /a 2
[9/12/2021 15:54:35] /a 2
[9/12/2021 15:54:36] /a 2
[9/12/2021 15:54:36] /a 2
[9/12/2021 15:54:36] /a 2
[9/12/2021 15:54:36] /a 2
[9/12/2021 15:54:37] /a 2
[9/12/2021 15:54:37] /a 2
[9/12/2021 15:54:37] /a 2
[9/12/2021 15:54:37] /a 2
[9/12/2021 15:54:37] /a 2
[9/12/2021 15:54:38] /a 2
[9/12/2021 15:54:38] /a 2
[9/12/2021 15:54:38] /a 2
[9/12/2021 15:54:38] /a 2
[9/12/2021 15:54:38] /a 2
[9/12/2021 15:54:39] /a 2
[9/12/2021 15:54:39] /a 2
[9/12/2021 15:54:39] /a 2
[9/12/2021 15:54:39] /a 2
[9/12/2021 15:54:39] /a 2
[9/12/2021 15:54:40] /a 2
[9/12/2021 15:54:40] /a 2
[9/12/2021 15:54:40] /a 2
[9/12/2021 15:54:40] /a 2
[9/12/2021 15:54:41] /a 2
[9/12/2021 15:54:41] /a 2
[9/12/2021 15:54:44] /a 2
[9/12/2021 15:54:44] /a 2
[9/12/2021 15:54:44] /a 2
[9/12/2021 15:54:44] /a 2
[9/12/2021 15:54:44] /a 2
[9/12/2021 15:54:45] /a 2
[9/12/2021 15:54:45] /a 2
[9/12/2021 15:54:45] /a 2
[9/12/2021 15:54:45] /a 2
[9/12/2021 15:54:45] /a 2
[9/12/2021 15:54:46] /a 2
[9/12/2021 15:54:46] /a 2
[9/12/2021 15:54:46] /a 2
[9/12/2021 15:54:46] /a 2
[9/12/2021 15:54:47] /a 2
[9/12/2021 15:54:47] /a 2
[9/12/2021 15:54:47] /a 2
[9/12/2021 15:54:47] /a 2
[9/12/2021 15:54:47] /a 2
[9/12/2021 15:54:48] /a 2
[9/12/2021 15:54:48] /a 2
[9/12/2021 15:54:48] /a 2
[9/12/2021 15:54:48] /a 2
[9/12/2021 15:54:48] /a 2
[9/12/2021 15:54:49] /a 2
[9/12/2021 15:54:49] /a 2
[9/12/2021 15:54:49] /a 2
[9/12/2021 15:54:49] /a 2
[9/12/2021 15:54:50] /a 2
[9/12/2021 15:54:50] /a 2
[9/12/2021 15:54:50] /a 2
[9/12/2021 15:54:50] /a 2
[9/12/2021 15:54:51] /a 2
[9/12/2021 15:54:51] /a 2
[9/12/2021 15:54:51] /a 2
[9/12/2021 15:54:51] /a 2
[9/12/2021 15:54:52] /a 2
[9/12/2021 15:54:52] /a 2
[9/12/2021 15:54:52] /a 2
[9/12/2021 15:54:52] /a 2
[9/12/2021 15:54:52] /a 2
[9/12/2021 15:54:53] /a 2
[9/12/2021 15:54:53] /a 2
[9/12/2021 15:54:53] /a 2
[9/12/2021 15:54:53] /a 2
[9/12/2021 15:54:53] /a 2
[9/12/2021 15:54:54] /a 2
[9/12/2021 15:54:54] /a 2
[9/12/2021 15:54:54] /a 2
[9/12/2021 15:54:55] /a 2
[9/12/2021 15:54:55] /a 2
[9/12/2021 15:54:57] /a 2
[9/12/2021 15:54:58] /a 2
[9/12/2021 15:54:58] /a 2
[9/12/2021 15:54:58] /a 2
[9/12/2021 15:54:58] /a 2
[9/12/2021 15:54:59] /a 2
[9/12/2021 15:54:59] /a 2
[9/12/2021 15:54:59] /a 2
[9/12/2021 15:55:0] /a 2
[9/12/2021 15:55:0] /a 2
[9/12/2021 15:55:0] /a 2
[9/12/2021 15:55:0] /a 2
[9/12/2021 15:55:1] /a 2
[9/12/2021 15:55:1] /a 2
[9/12/2021 15:55:1] /a 2
[9/12/2021 15:55:1] /a 2
[9/12/2021 15:55:1] /a 2
[9/12/2021 15:55:2] /a 2
[9/12/2021 15:55:2] /a 2
[9/12/2021 15:55:2] /a 2
[9/12/2021 15:55:2] /a 2
[9/12/2021 15:55:3] /a 2
[9/12/2021 15:55:3] /a 2
[9/12/2021 15:55:3] /a 2
[9/12/2021 15:55:3] /a 2
[9/12/2021 15:55:4] /a 2
[9/12/2021 15:55:6] /a 2
[9/12/2021 15:55:6] /a 2
[9/12/2021 15:55:7] /a 2
[9/12/2021 15:55:7] /a 2
[9/12/2021 15:55:7] /a 2
[9/12/2021 15:55:7] /a 2
[9/12/2021 15:55:7] /a 2
[9/12/2021 15:55:7] /a 2
[9/12/2021 15:55:7] /a 2
[9/12/2021 15:55:7] /a 2
[9/12/2021 15:55:8] /a 2
[9/12/2021 15:55:8] /a 2
[9/12/2021 15:55:8] /a 2
[9/12/2021 15:55:8] /a 2
[9/12/2021 15:55:8] /a 2
[9/12/2021 15:55:9] /a 2
[9/12/2021 15:55:9] /a 2
[9/12/2021 15:55:9] /a 2
[9/12/2021 15:55:9] /a 2
[9/12/2021 15:55:9] /a 2
[9/12/2021 15:55:10] /a 2
[9/12/2021 15:55:10] /a 2
[9/12/2021 15:55:10] /a 2
[9/12/2021 15:55:10] /a 2
[9/12/2021 15:55:10] /a 2
[9/12/2021 15:55:11] /a 2
[9/12/2021 15:55:11] /a 2
[9/12/2021 15:55:11] /a 2
[9/12/2021 15:55:11] /a 2
[9/12/2021 15:55:11] /a 2
[9/12/2021 15:55:12] /a 2
[9/12/2021 15:55:12] /a 2
[9/12/2021 15:55:12] /a 2
[9/12/2021 15:55:12] /a 2
[9/12/2021 15:55:12] /a 2
[9/12/2021 15:55:13] /a 2
[9/12/2021 15:55:13] /a 2
[9/12/2021 15:55:13] /a 2
[9/12/2021 15:55:13] /a 2
[9/12/2021 15:55:14] /a 2
[9/12/2021 15:55:14] /a 2
[9/12/2021 15:55:14] /a 2
[9/12/2021 15:55:15] /a 2
[9/12/2021 15:55:15] /a 2
[9/12/2021 15:55:15] /a 2
[9/12/2021 15:55:15] /a 2
[9/12/2021 15:55:17] /down
[9/12/2021 15:55:19] /a 2
[9/12/2021 15:55:19] /a 2
[9/12/2021 15:55:19] /a 2
[9/12/2021 15:55:19] /a 2
[9/12/2021 15:55:20] /a 2
[9/12/2021 15:55:21] /a 2
[9/12/2021 15:55:21] /a 2
[9/12/2021 15:55:21] /a 2
[9/12/2021 15:55:21] /a 2
[9/12/2021 15:55:22] /a 2
[9/12/2021 15:55:22] /a 2
[9/12/2021 15:55:22] /a 2
[9/12/2021 15:55:22] /a 2
[9/12/2021 15:55:23] /a 2
[9/12/2021 15:55:23] /a 2
[9/12/2021 15:55:23] /a 2
[9/12/2021 15:55:23] /a 2
[9/12/2021 15:55:23] /a 2
[9/12/2021 15:55:24] /a 2
[9/12/2021 15:55:24] /a 2
[9/12/2021 15:55:25] /a 2
[9/12/2021 15:55:25] /a 2
[9/12/2021 15:55:26] /a 2
[9/12/2021 15:55:26] /a 2
[9/12/2021 15:55:26] /a 2
[9/12/2021 15:55:26] /a 2
[9/12/2021 15:55:26] /a 2
[9/12/2021 15:55:27] /a 2
[9/12/2021 15:55:27] /a 2
[9/12/2021 15:55:27] /a 2
[9/12/2021 15:55:27] /a 2
[9/12/2021 15:55:28] /a 2
[9/12/2021 15:55:28] /a 2
[9/12/2021 15:55:28] /a 2
[9/12/2021 15:55:28] /a 2
[9/12/2021 15:55:28] /a 2
[9/12/2021 15:55:29] /a 2
[9/12/2021 15:55:29] /a 2
[9/12/2021 15:55:29] /a 2
[9/12/2021 15:55:29] /a 2
[9/12/2021 15:55:30] /a 2
[9/12/2021 15:55:30] /a 2
[9/12/2021 15:55:31] /a 2
[9/12/2021 15:55:31] /a 2
[9/12/2021 15:55:31] /a 2
[9/12/2021 15:55:31] /a 2
[9/12/2021 15:55:32] /a 2
[9/12/2021 15:55:32] /a 2
[9/12/2021 15:55:32] /a 2
[9/12/2021 15:55:34] /up
[9/12/2021 15:55:35] /a 2
[9/12/2021 15:55:35] /a 2
[9/12/2021 15:55:35] /a 2
[9/12/2021 15:55:35] /a 2
[9/12/2021 15:55:35] /a 2
[9/12/2021 15:55:36] /a 2
[9/12/2021 15:55:36] /a 2
[9/12/2021 15:55:36] /a 2
[9/12/2021 15:55:36] /a 2
[9/12/2021 15:55:37] /a 2
[9/12/2021 15:55:37] /a 2
[9/12/2021 15:55:37] /a 2
[9/12/2021 15:55:37] /a 2
[9/12/2021 15:55:38] /a 2
[9/12/2021 15:55:38] /a 2
[9/12/2021 15:55:38] /a 2
[9/12/2021 15:55:38] /a 2
[9/12/2021 15:55:39] /a 2
[9/12/2021 15:55:39] /a 2
[9/12/2021 15:55:39] /a 2
[9/12/2021 15:55:39] /a 2
[9/12/2021 15:55:40] /a 2
[9/12/2021 15:55:40] /a 2
[9/12/2021 15:55:40] /a 2
[9/12/2021 15:55:40] /a 2
[9/12/2021 15:55:40] /a 2
[9/12/2021 15:55:41] /a 2
[9/12/2021 15:55:41] /a 2
[9/12/2021 15:55:41] /a 2
[9/12/2021 15:55:41] /a 2
[9/12/2021 15:55:42] /a 2
[9/12/2021 15:55:42] /a 2
[9/12/2021 15:55:42] /a 2
[9/12/2021 15:55:42] /a 2
[9/12/2021 15:55:42] /a 2
[9/12/2021 15:55:43] /a 2
[9/12/2021 15:55:43] /a 2
[9/12/2021 15:55:43] /a 2
[9/12/2021 15:55:43] /a 2
[9/12/2021 15:55:43] /a 2
[9/12/2021 15:55:44] /a 2
[9/12/2021 15:55:44] /a 2
[9/12/2021 15:55:44] /a 2
[9/12/2021 15:55:44] /a 2
[9/12/2021 15:55:44] /a 2
[9/12/2021 15:55:45] /a 2
[9/12/2021 15:55:45] /a 2
[9/12/2021 15:55:45] /a 2
[9/12/2021 15:55:45] /a 2
[9/12/2021 15:55:46] /a 2
[9/12/2021 15:55:46] /a 2
[9/12/2021 15:55:46] /a 2
[9/12/2021 15:55:46] /a 2
[9/12/2021 15:55:46] /a 2
[9/12/2021 15:55:47] /a 2
[9/12/2021 15:55:47] /a 2
[9/12/2021 15:55:47] /a 2
[9/12/2021 15:55:47] /a 2
[9/12/2021 15:55:48] /a 2
[9/12/2021 15:55:48] /a 2
[9/12/2021 15:55:48] /a 2
[9/12/2021 15:55:48] /a 2
[9/12/2021 15:55:48] /a 2
[9/12/2021 15:55:49] /a 2
[9/12/2021 15:55:49] /a 2
[9/12/2021 15:55:49] /a 2
[9/12/2021 15:55:49] /a 2
[9/12/2021 15:55:49] /a 2
[9/12/2021 15:55:50] /a 2
[9/12/2021 15:55:50] /a 2
[9/12/2021 15:55:50] /a 2
[9/12/2021 15:55:50] /a 2
[9/12/2021 15:55:51] /a 2
[9/12/2021 15:55:51] /a 2
[9/12/2021 15:55:51] /a 2
[9/12/2021 15:55:52] /a 2
[9/12/2021 15:55:52] /a 2
[9/12/2021 15:55:52] /a 2
[9/12/2021 15:55:52] /a 2
[9/12/2021 15:55:53] /a 2
[9/12/2021 15:55:53] /a 2
[9/12/2021 15:55:53] /a 2
[9/12/2021 15:55:54] /a 2
[9/12/2021 15:55:54] /a 2
[9/12/2021 15:55:54] /a 2
[9/12/2021 15:55:55] /a 2
[9/12/2021 15:55:55] /a 2
[9/12/2021 15:55:55] /a 2
[9/12/2021 15:55:55] /a 2
[9/12/2021 15:55:55] /a 2
[9/12/2021 15:55:56] /a 2
[9/12/2021 15:55:56] /a 2
[9/12/2021 15:55:56] /a 2
[9/12/2021 15:55:56] /a 2
[9/12/2021 15:55:57] /a 2
[9/12/2021 15:55:57] /a 2
[9/12/2021 15:55:57] /a 2
[9/12/2021 15:55:57] /a 2
[9/12/2021 15:55:58] /a 2
[9/12/2021 15:55:58] /a 2
[9/12/2021 15:55:58] /a 2
[9/12/2021 15:55:58] /a 2
[9/12/2021 15:55:59] /a 2
[9/12/2021 15:55:59] /a 2
[9/12/2021 15:56:1] /a 2
[9/12/2021 15:56:1] /a 2
[9/12/2021 15:56:2] /a 2
[9/12/2021 15:56:4] /up
[9/12/2021 15:56:5] /up
[9/12/2021 15:56:6] /a 2
[9/12/2021 15:56:7] /a 2
[9/12/2021 15:56:7] /a 2
[9/12/2021 15:56:7] /a 2
[9/12/2021 15:56:7] /a 2
[9/12/2021 15:56:8] /a 2
[9/12/2021 15:56:8] /a 2
[9/12/2021 15:56:8] /a 2
[9/12/2021 15:56:8] /a 2
[9/12/2021 15:56:9] /a 2
[9/12/2021 15:56:9] /a 2
[9/12/2021 15:56:9] /a 2
[9/12/2021 15:56:9] /a 2
[9/12/2021 15:56:10] /a 2
[9/12/2021 15:56:10] /a 2
[9/12/2021 15:56:10] /a 2
[9/12/2021 15:56:10] /a 2
[9/12/2021 15:56:10] /a 2
[9/12/2021 15:56:11] /a 2
[9/12/2021 15:56:11] /a 2
[9/12/2021 15:56:11] /a 2
[9/12/2021 15:56:11] /a 2
[9/12/2021 15:56:12] /a 2
[9/12/2021 15:56:13] /a 2
[9/12/2021 15:56:13] /a 2
[9/12/2021 15:56:13] /a 2
[9/12/2021 15:56:13] /a 2
[9/12/2021 15:56:13] /a 2
[9/12/2021 15:56:13] /a 2
[9/12/2021 15:56:14] /a 2
[9/12/2021 15:56:14] /a 2
[9/12/2021 15:56:14] /a 2
[9/12/2021 15:56:14] /a 2
[9/12/2021 15:56:15] /a 2
[9/12/2021 15:56:15] /a 2
[9/12/2021 15:56:15] /a 2
[9/12/2021 15:56:15] /a 2
[9/12/2021 15:56:15] /a 2
[9/12/2021 15:56:16] /a 2
[9/12/2021 15:56:16] /a 2
[9/12/2021 15:56:16] /a 2
[9/12/2021 15:56:17] /a 2
[9/12/2021 15:56:17] /a 2
[9/12/2021 15:56:17] /a 2
[9/12/2021 15:56:17] /a 2
[9/12/2021 15:56:17] /a 2
[9/12/2021 15:56:18] /a 2
[9/12/2021 15:56:18] /a 2
[9/12/2021 15:56:18] /a 2
[9/12/2021 15:56:18] /a 2
[9/12/2021 15:56:18] /a 2
[9/12/2021 15:56:19] /a 2
[9/12/2021 15:56:19] /a 2
[9/12/2021 15:56:19] /a 2
[9/12/2021 15:56:19] /a 2
[9/12/2021 15:56:19] /a 2
[9/12/2021 15:56:20] /a 2
[9/12/2021 15:56:20] /a 2
[9/12/2021 15:56:20] /a 2
[9/12/2021 15:56:20] /a 2
[9/12/2021 15:56:20] /a 2
[9/12/2021 15:56:21] /a 2
[9/12/2021 15:56:21] /a 2
[9/12/2021 15:56:21] /a 2
[9/12/2021 15:56:21] /a 2
[9/12/2021 15:56:22] /a 2
[9/12/2021 15:56:22] /a 2
[9/12/2021 15:56:22] /a 2
[9/12/2021 15:56:22] /a 2
[9/12/2021 15:56:23] /a 2
[9/12/2021 15:56:23] /a 2
[9/12/2021 15:56:23] /a 2
[9/12/2021 15:56:23] /a 2
[9/12/2021 15:56:23] /a 2
[9/12/2021 15:56:24] /a 2
[9/12/2021 15:56:24] /a 2
[9/12/2021 15:56:24] /a 2
[9/12/2021 15:56:24] /a 2
[9/12/2021 15:56:24] /a 2
[9/12/2021 15:56:25] /a 2
[9/12/2021 15:56:25] /a 2
[9/12/2021 15:56:25] /a 2
[9/12/2021 15:56:25] /a 2
[9/12/2021 15:56:25] /a 2
[9/12/2021 15:56:26] /a 2
[9/12/2021 15:56:26] /a 2
[9/12/2021 15:56:26] /a 2
[9/12/2021 15:56:26] /a 2
[9/12/2021 15:56:27] /a 2
[9/12/2021 15:56:27] /a 2
[9/12/2021 15:56:27] /a 2
[9/12/2021 15:56:27] /a 2
[9/12/2021 15:56:28] /a 2
[9/12/2021 15:56:28] /a 2
[9/12/2021 15:56:28] /a 2
[9/12/2021 15:56:28] /a 2
[9/12/2021 15:56:28] /a 2
[9/12/2021 15:56:29] /a 2
[9/12/2021 15:56:29] /a 2
[9/12/2021 15:56:29] /a 2
[9/12/2021 15:56:29] /a 2
[9/12/2021 15:56:30] /a 2
[9/12/2021 15:56:30] /a 2
[9/12/2021 15:56:30] /a 2
[9/12/2021 15:56:31] /a 2
[9/12/2021 15:56:31] /a 2
[9/12/2021 15:56:31] /a 2
[9/12/2021 15:56:31] /a 2
[9/12/2021 15:56:35] /a 2
[9/12/2021 15:56:35] /a 2
[9/12/2021 15:56:35] /a 2
[9/12/2021 15:56:36] /a 2
[9/12/2021 15:56:36] /a 2
[9/12/2021 15:56:36] /a 2
[9/12/2021 15:56:39] /a 2
[9/12/2021 15:56:39] /a 2
[9/12/2021 15:56:40] /a 2
[9/12/2021 15:56:40] /a 2
[9/12/2021 15:56:40] /a 2
[9/12/2021 15:56:42] /a 2
[9/12/2021 15:56:42] /a 2
[9/12/2021 15:56:43] /a 2
[9/12/2021 15:56:43] /a 2
[9/12/2021 15:56:43] /a 2
[9/12/2021 15:56:44] /a 2
[9/12/2021 15:56:44] /a 2
[9/12/2021 15:56:44] /a 2
[9/12/2021 15:56:44] /a 2
[9/12/2021 15:56:44] /a 2
[9/12/2021 15:56:45] /a 2
[9/12/2021 15:56:45] /a 2
[9/12/2021 15:56:45] /a 2
[9/12/2021 15:56:45] /a 2
[9/12/2021 15:56:46] /a 2
[9/12/2021 15:56:46] /a 2
[9/12/2021 15:56:51] /up
[9/12/2021 15:56:52] /a 2
[9/12/2021 15:56:54] /a 2
[9/12/2021 15:56:58] /a up
[9/12/2021 15:56:59] /a 2
[9/12/2021 15:56:59] /a 2
[9/12/2021 15:57:0] /a 2
[9/12/2021 15:57:0] /a 2
[9/12/2021 15:57:0] /a 2
[9/12/2021 15:57:1] /a 2
[9/12/2021 15:57:1] /a 2
[9/12/2021 15:57:1] /a 2
[9/12/2021 15:57:1] /a 2
[9/12/2021 15:57:2] /a 2
[9/12/2021 15:57:2] /a 2
[9/12/2021 15:57:2] /a 2
[9/12/2021 15:57:2] /a 2
[9/12/2021 15:57:3] /a 2
[9/12/2021 15:57:3] /a 2
[9/12/2021 15:57:3] /a 2
[9/12/2021 15:57:3] /a 2
[9/12/2021 15:57:3] /a 2
[9/12/2021 15:57:4] /a 2
[9/12/2021 15:57:4] /a 2
[9/12/2021 15:57:4] /a 2
[9/12/2021 15:57:5] /a 2
[9/12/2021 15:57:5] /a 2
[9/12/2021 15:57:5] /a 2
[9/12/2021 15:57:6] /a 2
[9/12/2021 15:57:6] /a 2
[9/12/2021 15:57:9] /a 2
[9/12/2021 15:57:9] /a 2
[9/12/2021 15:57:10] /a 2
[9/12/2021 15:57:10] /a 2
[9/12/2021 15:57:11] /a 2
[9/12/2021 15:57:11] /a 2
[9/12/2021 15:57:11] /a 2
[9/12/2021 15:57:11] /a 2
[9/12/2021 15:57:11] /a 2
[9/12/2021 15:57:12] /a 2
[9/12/2021 15:57:12] /a 2
[9/12/2021 15:57:12] /a 2
[9/12/2021 15:57:13] /a 2
[9/12/2021 15:57:13] /a 2
[9/12/2021 15:57:13] /a 2
[9/12/2021 15:57:13] /a 2
[9/12/2021 15:57:13] /a 2
[9/12/2021 15:57:14] /a 2
[9/12/2021 15:57:14] /a 2
[9/12/2021 15:57:14] /a 2
[9/12/2021 15:57:14] /a 2
[9/12/2021 15:57:15] /a 2
[9/12/2021 15:57:15] /a 2
[9/12/2021 15:57:15] /a 2
[9/12/2021 15:57:16] /a 2
[9/12/2021 15:57:19] /a 2
[9/12/2021 15:57:19] /a 2
[9/12/2021 15:57:19] /a 2
[9/12/2021 15:57:19] /a 2
[9/12/2021 15:57:20] /a 2
[9/12/2021 15:57:20] /a 2
[9/12/2021 15:57:20] /a 2
[9/12/2021 15:57:20] /a 2
[9/12/2021 15:57:20] /a 2
[9/12/2021 15:57:21] /a 2
[9/12/2021 15:57:21] /a 2
[9/12/2021 15:57:21] /a 2
[9/12/2021 15:57:21] /a 2
[9/12/2021 15:57:21] /a 2
[9/12/2021 15:57:22] /a 2
[9/12/2021 15:57:22] /a 2
[9/12/2021 15:57:22] /a 2
[9/12/2021 15:57:23] /a 2
[9/12/2021 15:57:23] /a 2
[9/12/2021 15:57:23] /a 2
[9/12/2021 15:57:23] /a 2
[9/12/2021 15:57:24] /a 2
[9/12/2021 15:57:27] /a 2
[9/12/2021 15:57:27] /a 2
[9/12/2021 15:57:27] /a 2
[9/12/2021 15:57:27] /a 2
[9/12/2021 15:57:28] /a 2
[9/12/2021 15:57:28] /a 2
[9/12/2021 15:57:28] /a 2
[9/12/2021 15:57:28] /a 2
[9/12/2021 15:57:29] /a 2
[9/12/2021 15:57:29] /a 2
[9/12/2021 15:57:29] /a 2
[9/12/2021 15:57:29] /a 2
[9/12/2021 15:57:31] /up
[9/12/2021 15:57:31] /a 2
[9/12/2021 15:57:31] /a 2
[9/12/2021 15:57:32] /a 2
[9/12/2021 15:57:32] /a 2
[9/12/2021 15:57:32] /a 2
[9/12/2021 15:57:32] /a 2
[9/12/2021 15:57:33] /a 2
[9/12/2021 15:57:33] /a 2
[9/12/2021 15:57:33] /a 2
[9/12/2021 15:57:35] /a 2
[9/12/2021 15:57:36] /a 2
[9/12/2021 15:57:37] /a 2
[9/12/2021 15:57:37] /a 2
[9/12/2021 15:57:37] /a 2
[9/12/2021 15:57:37] /a 2
[9/12/2021 15:57:38] /a 2
[9/12/2021 15:57:38] /a 2
[9/12/2021 15:57:38] /a 2
[9/12/2021 15:57:40] /a 2
[9/12/2021 15:57:41] /a 2
[9/12/2021 15:57:41] /a 2
[9/12/2021 15:57:41] /a 2
[9/12/2021 15:57:41] /a 2
[9/12/2021 15:57:42] /a 2
[9/12/2021 15:57:42] /a 2
[9/12/2021 15:57:42] /a 2
[9/12/2021 15:57:42] /a 2
[9/12/2021 15:57:43] /a 2
[9/12/2021 15:57:43] /a 2
[9/12/2021 15:57:43] /a 2
[9/12/2021 15:57:43] /a 2
[9/12/2021 15:57:43] /a 2
[9/12/2021 15:57:44] /a 2
[9/12/2021 15:57:44] /a 2
[9/12/2021 15:57:44] /a 2
[9/12/2021 15:57:45] /a 2
[9/12/2021 15:57:45] /a 2
[9/12/2021 15:57:45] /a 2
[9/12/2021 15:57:45] /a 2
[9/12/2021 15:57:46] /a 2
[9/12/2021 15:57:46] /a 2
[9/12/2021 15:57:46] /a 2
[9/12/2021 15:57:46] /a 2
[9/12/2021 15:57:47] /a 2
[9/12/2021 15:57:47] /a 2
[9/12/2021 15:57:47] /a 2
[9/12/2021 15:57:48] /a 2
[9/12/2021 15:57:48] /a 2
[9/12/2021 15:57:48] /a 2
[9/12/2021 15:57:48] /a 2
[9/12/2021 15:57:48] /a 2
[9/12/2021 15:57:49] /a 2
[9/12/2021 15:57:49] /a 2
[9/12/2021 15:57:49] /a 2
[9/12/2021 15:57:49] /a 2
[9/12/2021 15:57:50] /a 2
[9/12/2021 15:57:50] /a 2
[9/12/2021 15:57:51] /a 2
[9/12/2021 15:57:51] /a 2
[9/12/2021 15:57:51] /a 2
[9/12/2021 15:57:51] /a 2
[9/12/2021 15:57:52] /a 2
[9/12/2021 15:57:52] /a 2
[9/12/2021 15:57:52] /a 2
[9/12/2021 15:57:53] /a 2
[9/12/2021 15:57:53] /a 2
[9/12/2021 15:57:53] /a 2
[9/12/2021 15:57:53] /a 2
[9/12/2021 15:57:53] /a 2
[9/12/2021 15:57:54] /a 2
[9/12/2021 15:57:54] /a 2
[9/12/2021 15:57:54] /a 2
[9/12/2021 15:57:54] /a 2
[9/12/2021 15:57:55] /a 2
[9/12/2021 15:57:55] /a 2
[9/12/2021 15:57:55] /a 2
[9/12/2021 15:57:56] /a 2
[9/12/2021 15:57:56] /a 2
[9/12/2021 15:57:56] /a 2
[9/12/2021 15:57:56] /a 2
[9/12/2021 15:57:57] /a 2
[9/12/2021 15:57:57] /a 2
[9/12/2021 15:57:57] /a 2
[9/12/2021 15:57:57] /a 2
[9/12/2021 15:57:58] /a 2
[9/12/2021 15:57:58] /a 2
[9/12/2021 15:57:58] /a 2
[9/12/2021 15:57:58] /a 2
[9/12/2021 15:57:58] /a 2
[9/12/2021 15:57:59] /a 2
[9/12/2021 15:57:59] /a 2
[9/12/2021 15:57:59] /a 2
[9/12/2021 15:57:59] /a 2
[9/12/2021 15:58:0] /a 2
[9/12/2021 15:58:0] /a 2
[9/12/2021 15:58:0] /a 2
[9/12/2021 15:58:0] /a 2
[9/12/2021 15:58:1] /a 2
[9/12/2021 15:58:1] /a 2
[9/12/2021 15:58:1] /a 2
[9/12/2021 15:58:2] /a 2
[9/12/2021 15:58:2] /a 2
[9/12/2021 15:58:2] /a 2
[9/12/2021 15:58:4] /a 2
[9/12/2021 15:58:4] /a 2
[9/12/2021 15:58:4] /a 2
[9/12/2021 15:58:5] /a 2
[9/12/2021 15:58:5] /a 2
[9/12/2021 15:58:5] /a 2
[9/12/2021 15:58:5] /a 2
[9/12/2021 15:58:6] /a 2
[9/12/2021 15:58:6] /a 2
[9/12/2021 15:58:6] /a 2
[9/12/2021 15:58:7] /a 2
[9/12/2021 15:58:7] /a 2
[9/12/2021 15:58:7] /a 2
[9/12/2021 15:58:7] /a 2
[9/12/2021 15:58:8] /a 2
[9/12/2021 15:58:8] /a 2
[9/12/2021 15:58:8] /a 2
[9/12/2021 15:58:8] /a 2
[9/12/2021 15:58:12] /a 2
[9/12/2021 15:58:12] /a 2
[9/12/2021 15:58:12] /a 2
[9/12/2021 15:58:12] /a 2
[9/12/2021 15:58:13] /a 2
[9/12/2021 15:58:13] /a 2
[9/12/2021 15:58:13] /a 2
[9/12/2021 15:58:13] /a 2
[9/12/2021 15:58:14] /a 2
[9/12/2021 15:58:14] /a 2
[9/12/2021 15:58:14] /a 2
[9/12/2021 15:58:14] /a 2
[9/12/2021 15:58:14] /a 2
[9/12/2021 15:58:15] /a 2
[9/12/2021 15:58:15] /a 2
[9/12/2021 15:58:15] /a 2
[9/12/2021 15:58:15] /a 2
[9/12/2021 15:58:15] /a 2
[9/12/2021 15:58:16] /a 2
[9/12/2021 15:58:16] /a 2
[9/12/2021 15:58:16] /a 2
[9/12/2021 15:58:17] /a 2
[9/12/2021 15:58:17] /a 2
[9/12/2021 15:58:17] /a 2
[9/12/2021 15:58:17] /a 2
[9/12/2021 15:58:20] /t
[9/12/2021 15:58:40] /a 2
[9/12/2021 15:58:40] /a 2
[9/12/2021 15:58:40] /a 2
[9/12/2021 15:58:41] /a 2
[9/12/2021 15:58:41] /a 2
[9/12/2021 15:58:41] /a 2
[9/12/2021 15:58:41] /a 2
[9/12/2021 15:58:42] /a 2
[9/12/2021 15:58:42] /a 2
[9/12/2021 15:58:42] /a 2
[9/12/2021 15:58:42] /a 2
[9/12/2021 15:58:42] /a 2
[9/12/2021 15:58:43] /a 2
[9/12/2021 15:58:43] /a 2
[9/12/2021 15:58:43] /a 2
[9/12/2021 15:58:43] /a 2
[9/12/2021 15:58:43] /a 2
[9/12/2021 15:58:44] /a 2
[9/12/2021 15:58:44] /a 2
[9/12/2021 15:58:44] /a 2
[9/12/2021 15:58:44] /a 2
[9/12/2021 15:58:44] /a 2
[9/12/2021 15:58:45] /a 2
[9/12/2021 15:58:45] /a 2
[9/12/2021 15:58:45] /a 2
[9/12/2021 15:58:48] /a 6
[9/12/2021 15:58:48] /a 6
[9/12/2021 15:58:48] /a 6
[9/12/2021 15:58:48] /a 6
[9/12/2021 15:58:48] /a 6
[9/12/2021 15:58:49] /a 6
[9/12/2021 15:58:49] /a 6
[9/12/2021 15:58:49] /a 6
[9/12/2021 15:58:49] /a 6
[9/12/2021 15:58:50] /a 6
[9/12/2021 15:58:50] /a 6
[9/12/2021 15:58:50] /a 6
[9/12/2021 15:58:50] /a 6
[9/12/2021 15:58:50] /a 6
[9/12/2021 15:58:51] /a 6
[9/12/2021 15:58:51] /a 6
[9/12/2021 15:58:51] /a 6
[9/12/2021 15:58:51] /a 6
[9/12/2021 15:58:52] /a 6
[9/12/2021 15:58:52] /a 6
[9/12/2021 15:58:52] /a 6
[9/12/2021 15:58:52] /a 6
[9/12/2021 15:58:53] /a 6
[9/12/2021 15:58:53] /a 6
[9/12/2021 15:58:53] /a 6
[9/12/2021 15:58:53] /a 6
[9/12/2021 15:58:53] /a 6
[9/12/2021 15:58:54] /a 6
[9/12/2021 15:58:54] /a 6
[9/12/2021 15:58:54] /a 6
[9/12/2021 15:58:54] /a 6
[9/12/2021 15:58:55] /a 6
[9/12/2021 15:58:55] /a 6
[9/12/2021 15:58:55] /a 6
[9/12/2021 15:58:55] /a 6
[9/12/2021 15:58:55] /a 6
[9/12/2021 15:58:56] /a 6
[9/12/2021 15:58:56] /a 6
[9/12/2021 15:58:56] /a 6
[9/12/2021 15:58:56] /a 6
[9/12/2021 15:58:57] /a 6
[9/12/2021 15:58:57] /a 6
[9/12/2021 15:58:57] /a 6
[9/12/2021 15:58:57] /a 6
[9/12/2021 15:58:57] /a 6
[9/12/2021 15:58:58] /a 6
[9/12/2021 15:58:58] /a 6
[9/12/2021 15:58:58] /a 6
[9/12/2021 15:58:58] /a 6
[9/12/2021 15:58:58] /a 6
[9/12/2021 15:58:59] /a 6
[9/12/2021 15:58:59] /a 6
[9/12/2021 15:58:59] /a 6
[9/12/2021 15:58:59] /a 6
[9/12/2021 15:58:59] /a 6
[9/12/2021 15:59:0] /a 6
[9/12/2021 15:59:0] /a 6
[9/12/2021 15:59:0] /a 6
[9/12/2021 15:59:0] /a 6
[9/12/2021 15:59:1] /a 6
[9/12/2021 15:59:1] /a 6
[9/12/2021 15:59:1] /a 6
[9/12/2021 15:59:1] /a 6
[9/12/2021 15:59:2] /a 6
[9/12/2021 15:59:2] /a 6
[9/12/2021 15:59:2] /a 6
[9/12/2021 15:59:2] /a 6
[9/12/2021 15:59:3] /a 6
[9/12/2021 15:59:3] /a 6
[9/12/2021 15:59:3] /a 6
[9/12/2021 15:59:4] /a 6
[9/12/2021 15:59:4] /a 6
[9/12/2021 15:59:4] /a 6
[9/12/2021 15:59:4] /a 6
[9/12/2021 15:59:4] /a 6
[9/12/2021 15:59:5] /a 6
[9/12/2021 15:59:5] /a 6
[9/12/2021 15:59:5] /a 6
[9/12/2021 15:59:5] /a 6
[9/12/2021 15:59:5] /a 6
[9/12/2021 15:59:6] /a 6
[9/12/2021 15:59:6] /a 6
[9/12/2021 15:59:6] /a 6
[9/12/2021 15:59:6] /a 6
[9/12/2021 15:59:7] /a 6
[9/12/2021 15:59:7] /a 6
[9/12/2021 15:59:7] /a 6
[9/12/2021 15:59:7] /a 6
[9/12/2021 15:59:8] /a 6
[9/12/2021 15:59:8] /a 6
[9/12/2021 15:59:8] /a 6
[9/12/2021 15:59:8] /a 6
[9/12/2021 15:59:9] /a 6
[9/12/2021 15:59:9] /a 6
[9/12/2021 15:59:10] /a 6
[9/12/2021 15:59:10] /a 6
[9/12/2021 15:59:10] /a 6
[9/12/2021 15:59:10] /a 6
[9/12/2021 15:59:10] /a 6
[9/12/2021 15:59:11] /a 6
[9/12/2021 15:59:11] /a 6
[9/12/2021 15:59:12] /a 6
[9/12/2021 15:59:12] /a 6
[9/12/2021 15:59:12] /a 6
[9/12/2021 15:59:12] /a 6
[9/12/2021 15:59:12] /a 6
[9/12/2021 15:59:13] /a 6
[9/12/2021 15:59:13] /a 6
[9/12/2021 15:59:13] /a 6
[9/12/2021 15:59:13] /a 6
[9/12/2021 15:59:14] /a 6
[9/12/2021 15:59:14] /a 6
[9/12/2021 15:59:14] /a 6
[9/12/2021 15:59:14] /a 6
[9/12/2021 15:59:14] /a 6
[9/12/2021 15:59:15] /a 6
[9/12/2021 15:59:15] /a 6
[9/12/2021 15:59:15] /a 6
[9/12/2021 15:59:15] /a 6
[9/12/2021 15:59:16] /a 6
[9/12/2021 15:59:16] /a 6
[9/12/2021 15:59:16] /a 6
[9/12/2021 15:59:16] /a 6
[9/12/2021 15:59:16] /a 6
[9/12/2021 15:59:17] /a 6
[9/12/2021 15:59:17] /a 6
[9/12/2021 15:59:17] /a 6
[9/12/2021 15:59:18] /a 6
[9/12/2021 15:59:18] /a 6
[9/12/2021 15:59:18] /a 6
[9/12/2021 15:59:20] /a 6
[9/12/2021 15:59:20] /a 6
[9/12/2021 15:59:20] /a 6
[9/12/2021 15:59:21] /a 6
[9/12/2021 15:59:21] /a 6
[9/12/2021 15:59:21] /a 6
[9/12/2021 15:59:21] /a 6
[9/12/2021 15:59:23] /a 6
[9/12/2021 15:59:23] /a 6
[9/12/2021 15:59:23] /a 6
[9/12/2021 15:59:24] /a 6
[9/12/2021 15:59:24] /a 6
[9/12/2021 15:59:24] /a 6
[9/12/2021 15:59:25] /a 6
[9/12/2021 15:59:25] /a 6
[9/12/2021 15:59:25] /a 6
[9/12/2021 15:59:25] /a 6
[9/12/2021 15:59:26] /a 6
[9/12/2021 15:59:26] /a 6
[9/12/2021 15:59:26] /a 6
[9/12/2021 15:59:26] /a 6
[9/12/2021 15:59:27] /a 6
[9/12/2021 15:59:28] /a 6
[9/12/2021 15:59:28] /a 6
[9/12/2021 15:59:34] /a 6
[9/12/2021 15:59:34] /a 6
[9/12/2021 15:59:35] /a 6
[9/12/2021 15:59:35] /a 6
[9/12/2021 15:59:36] /a 6
[9/12/2021 15:59:38] /a 6
[9/12/2021 15:59:38] /a 6
[9/12/2021 15:59:38] /a 6
[9/12/2021 15:59:39] /a 6
[9/12/2021 15:59:39] /a 6
[9/12/2021 15:59:40] /a 6
[9/12/2021 15:59:40] /a 6
[9/12/2021 15:59:40] /a 6
[9/12/2021 15:59:41] /a 6
[9/12/2021 15:59:41] /a 6
[9/12/2021 15:59:42] /a 6
[9/12/2021 15:59:42] /a 6
[9/12/2021 15:59:42] /a 6
[9/12/2021 15:59:42] /a 6
[9/12/2021 15:59:43] /a 6
[9/12/2021 15:59:43] /a 6
[9/12/2021 15:59:43] /a 6
[9/12/2021 15:59:44] /a 6
[9/12/2021 15:59:44] /a 6
[9/12/2021 15:59:44] /a 6
[9/12/2021 15:59:45] /a 6
[9/12/2021 15:59:45] /a 6
[9/12/2021 15:59:45] /a 6
[9/12/2021 15:59:46] /a 6
[9/12/2021 15:59:46] /a 6
[9/12/2021 15:59:46] /a 6
[9/12/2021 15:59:47] /a 6
[9/12/2021 15:59:48] /a 6
[9/12/2021 15:59:48] /a 6
[9/12/2021 15:59:48] /a 6
[9/12/2021 15:59:48] /a 6
[9/12/2021 15:59:49] /a 6
[9/12/2021 15:59:53] /up 4
[9/12/2021 15:59:55] /a 6
[9/12/2021 15:59:55] /a 6
[9/12/2021 15:59:55] /a 6
[9/12/2021 15:59:56] /a 6
[9/12/2021 15:59:56] /a 6
[9/12/2021 15:59:56] /a 6
[9/12/2021 15:59:57] /a 6
[9/12/2021 15:59:57] /a 6
[9/12/2021 15:59:57] /a 6
[9/12/2021 15:59:58] /a 6
[9/12/2021 15:59:58] /a 6
[9/12/2021 15:59:58] /a 6
[9/12/2021 15:59:59] /a 6
[9/12/2021 15:59:59] /a 6
[9/12/2021 15:59:59] /a 6
[9/12/2021 15:59:59] /a 6
[9/12/2021 16:0:0] /a 6
[9/12/2021 16:0:0] /a 6
[9/12/2021 16:0:0] /a 6
[9/12/2021 16:0:0] /a 6
[9/12/2021 16:0:1] /a 6
[9/12/2021 16:0:1] /a 6
[9/12/2021 16:0:1] /a 6
[9/12/2021 16:0:2] /a 6
[9/12/2021 16:0:2] /a 6
[9/12/2021 16:0:2] /a 6
[9/12/2021 16:0:3] /a 6
[9/12/2021 16:0:3] /a 6
[9/12/2021 16:0:3] /a 6
[9/12/2021 16:0:4] /a 6
[9/12/2021 16:0:4] /a 6
[9/12/2021 16:0:4] /a 6
[9/12/2021 16:0:5] /a 6
[9/12/2021 16:0:6] /a 6
[9/12/2021 16:0:6] /a 6
[9/12/2021 16:0:6] /a 6
[9/12/2021 16:0:6] /a 6
[9/12/2021 16:0:6] /a 6
[9/12/2021 16:0:7] /a 6
[9/12/2021 16:0:7] /a 6
[9/12/2021 16:0:7] /a 6
[9/12/2021 16:0:8] /a 6
[9/12/2021 16:0:8] /a 6
[9/12/2021 16:0:8] /a 6
[9/12/2021 16:0:8] /a 6
[9/12/2021 16:0:9] /a 6
[9/12/2021 16:0:9] /a 6
[9/12/2021 16:0:10] /a 6
[9/12/2021 16:0:10] /a 6
[9/12/2021 16:0:10] /a 6
[9/12/2021 16:0:11] /a 6
[9/12/2021 16:0:11] /a 6
[9/12/2021 16:0:11] /a 6
[9/12/2021 16:0:12] /a 6
[9/12/2021 16:0:12] /a 6
[9/12/2021 16:0:12] /a 6
[9/12/2021 16:0:12] /a 6
[9/12/2021 16:0:13] /a 6
[9/12/2021 16:0:13] /a 6
[9/12/2021 16:0:13] /a 6
[9/12/2021 16:0:13] /a 6
[9/12/2021 16:0:14] /a 6
[9/12/2021 16:0:14] /a 6
[9/12/2021 16:0:14] /a 6
[9/12/2021 16:0:15] /a 6
[9/12/2021 16:0:15] /a 6
[9/12/2021 16:0:15] /a 6
[9/12/2021 16:0:16] /a 6
[9/12/2021 16:0:16] /a 6
[9/12/2021 16:0:16] /a 6
[9/12/2021 16:0:16] /a 6
[9/12/2021 16:0:17] /a 6
[9/12/2021 16:0:17] /a 6
[9/12/2021 16:0:17] /a 6
[9/12/2021 16:0:18] /a 6
[9/12/2021 16:0:18] /a 6
[9/12/2021 16:0:18] /a 6
[9/12/2021 16:0:18] /a 6
[9/12/2021 16:0:19] /a 6
[9/12/2021 16:0:19] /a 6
[9/12/2021 16:0:19] /a 6
[9/12/2021 16:0:19] /a 6
[9/12/2021 16:0:20] /a 6
[9/12/2021 16:0:20] /a 6
[9/12/2021 16:0:20] /a 6
[9/12/2021 16:0:21] /a 6
[9/12/2021 16:0:21] /a 6
[9/12/2021 16:0:21] /a 6
[9/12/2021 16:0:21] /a 6
[9/12/2021 16:0:21] /a 6
[9/12/2021 16:0:22] /a 6
[9/12/2021 16:0:22] /a 6
[9/12/2021 16:0:22] /a 6
[9/12/2021 16:0:22] /a 6
[9/12/2021 16:0:22] /a 6
[9/12/2021 16:0:23] /a 6
[9/12/2021 16:0:23] /a 6
[9/12/2021 16:0:23] /a 6
[9/12/2021 16:0:23] /a 6
[9/12/2021 16:0:24] /a 6
[9/12/2021 16:0:24] /a 6
[9/12/2021 16:0:25] /a 6
[9/12/2021 16:0:25] /a 6
[9/12/2021 16:0:25] /a 6
[9/12/2021 16:0:27] /up
[9/12/2021 16:0:28] /a 6
[9/12/2021 16:0:28] /a 6
[9/12/2021 16:0:29] /a 6
[9/12/2021 16:0:29] /a 6
[9/12/2021 16:0:29] /a 6
[9/12/2021 16:0:29] /a 6
[9/12/2021 16:0:29] /a 6
[9/12/2021 16:0:30] /a 6
[9/12/2021 16:0:30] /a 6
[9/12/2021 16:0:30] /a 6
[9/12/2021 16:0:30] /a 6
[9/12/2021 16:0:31] /a 6
[9/12/2021 16:0:31] /a 6
[9/12/2021 16:0:31] /a 6
[9/12/2021 16:0:32] /a 6
[9/12/2021 16:0:32] /a 6
[9/12/2021 16:0:32] /a 6
[9/12/2021 16:0:33] /a 6
[9/12/2021 16:0:33] /a 6
[9/12/2021 16:0:33] /a 6
[9/12/2021 16:0:34] /a 6
[9/12/2021 16:0:34] /a 6
[9/12/2021 16:0:34] /a 6
[9/12/2021 16:0:35] /a 6
[9/12/2021 16:0:35] /a 6
[9/12/2021 16:0:35] /a 6
[9/12/2021 16:0:36] /a 6
[9/12/2021 16:0:36] /a 6
[9/12/2021 16:0:36] /a 6
[9/12/2021 16:0:37] /a 6
[9/12/2021 16:0:52] /a 6
[9/12/2021 16:0:52] /a 6
[9/12/2021 16:0:52] /a 6
[9/12/2021 16:0:53] /a 6
[9/12/2021 16:0:53] /a 6
[9/12/2021 16:0:53] /a 6
[9/12/2021 16:0:54] /a 6
