[1/6/2022 0:32:6] !emotespells on
[1/6/2022 2:10:4] 
[1/6/2022 2:18:23] 
[1/6/2022 2:32:4] 
[1/6/2022 2:35:27] 
[1/6/2022 3:22:0] 
[1/6/2022 3:44:23] 
[1/6/2022 10:29:13] 
[1/6/2022 11:21:16] 
[1/6/2022 11:40:52] 
[1/6/2022 14:14:52] !frags
[1/6/2022 14:39:29] !frags
[1/6/2022 14:42:13] !frags
[1/6/2022 14:50:24] 
[1/6/2022 15:0:25] 
[1/6/2022 19:47:33] !serverinfo
[1/6/2022 20:1:51] 
[1/6/2022 20:4:47] 
[2/6/2022 2:27:51] 
[2/6/2022 2:54:42] !addon mage
[2/6/2022 3:26:27] 
[2/6/2022 3:26:36] !serverinfo
[2/6/2022 4:20:5] 
[2/6/2022 4:24:32] 
[2/6/2022 4:36:57] !uptime
[2/6/2022 5:17:57] !serverinfo
[2/6/2022 5:29:25] 
[2/6/2022 5:29:43] 
[2/6/2022 20:3:27] !frags
[2/6/2022 20:9:20] 
[2/6/2022 20:43:21] 
[2/6/2022 21:19:35] !frags
[2/6/2022 21:24:43] 
[2/6/2022 23:0:44] 
[2/6/2022 23:42:58] !frags
[3/6/2022 0:14:15] !serverinfo
[3/6/2022 0:37:21] 
[3/6/2022 0:49:22] !serverinfo
[3/6/2022 1:9:58] 
[3/6/2022 1:40:21] 
[3/6/2022 12:30:16] 
[3/6/2022 17:3:41] 
[3/6/2022 17:50:55] 
[3/6/2022 17:53:17] 
[3/6/2022 18:44:58] !serverinfo
[3/6/2022 19:58:49] 
[3/6/2022 21:31:10] !frags
[4/6/2022 2:57:1] 
[5/6/2022 2:1:23] 
[5/6/2022 3:19:33] !serverinfo
