[13/12/2021 14:25:0] !emotespells on
[13/12/2021 14:30:3] !aol
[13/12/2021 14:32:14] !wand ice
[13/12/2021 14:53:11] !online
[13/12/2021 17:25:0] !wand ice
[13/12/2021 23:52:31] !wand ice
[14/12/2021 11:48:20] !wand ice
[14/12/2021 13:43:28] !online
[14/12/2021 18:28:59] !rank magic
[14/12/2021 18:54:31] !online
[15/12/2021 12:50:45] !online
[15/12/2021 14:51:10] !online
[15/12/2021 17:56:49] !online
[15/12/2021 22:56:53] !online
[16/12/2021 20:2:14] !online
[17/12/2021 15:44:19] !online
[17/12/2021 16:45:37] !online
[17/12/2021 18:36:38] !online
[18/12/2021 0:20:57] !aol
[18/12/2021 12:13:54] !aol
[18/12/2021 12:23:7] !online
[18/12/2021 15:26:20] !online
[18/12/2021 15:39:45] !eject
[18/12/2021 15:40:7] !eject
[18/12/2021 20:16:31] !online
