[10/12/2021 21:48:30] !rank level
[10/12/2021 21:55:19] !aol
[10/12/2021 21:57:19] !aol
[10/12/2021 22:10:38] !aol
[10/12/2021 22:59:29] !aol
[10/12/2021 23:1:44] !aol
[10/12/2021 23:6:40] !rank magic
[10/12/2021 23:11:28] !online
[10/12/2021 23:31:55] !rank level
[10/12/2021 23:57:31] !rank magic
[10/12/2021 23:58:8] !online
[11/12/2021 0:49:22] !rank magic
[11/12/2021 0:49:39] !rank level
[11/12/2021 0:50:6] !online
[11/12/2021 1:18:23] !rank magic
[11/12/2021 21:33:43] !aol
[11/12/2021 21:42:57] !online
[11/12/2021 21:51:40] !rank level
[11/12/2021 22:41:26] !rank magic
[11/12/2021 22:43:7] !serverinfo
[12/12/2021 2:40:6] !online
[12/12/2021 11:14:34] !online
[12/12/2021 11:15:21] !rank magic
[12/12/2021 12:15:3] !rank level
[12/12/2021 12:26:26] !rank magic
[12/12/2021 13:0:29] !serverinfo
[12/12/2021 15:3:41] !guildpoints
[12/12/2021 15:5:1] !guildpoints
[12/12/2021 15:5:36] !guildpoints
[12/12/2021 16:8:50] !frags
[12/12/2021 16:24:10] !rank magic
[12/12/2021 17:3:18] !serverinfo
[12/12/2021 17:6:21] !rank magic
[12/12/2021 17:34:44] !rank magic
[12/12/2021 18:6:31] !rank level
[12/12/2021 18:17:24] !frags
[13/12/2021 0:5:30] !serverinfo
[13/12/2021 0:7:5] !rank magic
[13/12/2021 1:2:4] !rank level
[13/12/2021 1:2:43] !rank magic
[13/12/2021 1:15:43] !rank magic
[13/12/2021 20:14:51] !rank magic
[13/12/2021 21:35:8] !rank level
[13/12/2021 22:25:51] !frags
[13/12/2021 22:34:41] !rank level
[13/12/2021 23:4:21] !rank magic
[13/12/2021 23:19:52] !rank magic
[13/12/2021 23:23:2] !rank level
[13/12/2021 23:26:27] !frags
[13/12/2021 23:35:2] !rank magic
[14/12/2021 0:3:3] !online
[14/12/2021 0:6:29] !frags
[14/12/2021 0:15:40] !frags
[14/12/2021 0:18:38] !frags
[14/12/2021 0:41:7] !frags
[14/12/2021 2:23:35] !rank magic
[14/12/2021 2:27:5] !rank level
[14/12/2021 2:30:37] !rank magic
[14/12/2021 3:12:59] !rank magic
[14/12/2021 3:22:0] !rank level
[14/12/2021 3:35:21] !online
[14/12/2021 3:43:34] !rank magic
[14/12/2021 4:23:35] !rank magic
[14/12/2021 4:25:41] !online
[14/12/2021 4:30:10] !rank magic
[14/12/2021 4:38:17] !rank magic
[14/12/2021 12:15:57] !rank magic
[14/12/2021 12:17:43] !online
[14/12/2021 12:51:32] !rank level
[14/12/2021 12:52:18] !rank magic
[14/12/2021 16:28:1] !serverinfo
[14/12/2021 16:50:56] !rank magic
[14/12/2021 17:29:15] !rank magic
[14/12/2021 19:28:0] !online
[14/12/2021 20:52:12] !frags
[14/12/2021 20:52:38] !frags
[14/12/2021 20:55:51] !frags
[14/12/2021 21:57:59] !rank magic
[14/12/2021 23:41:59] !serverinfo
[15/12/2021 19:59:46] !rank magic
[15/12/2021 20:53:40] !rank magic
[15/12/2021 20:53:45] !rank level
[15/12/2021 21:37:4] !frags
[15/12/2021 23:37:44] !online
[19/12/2021 22:18:35] !rank level
[21/12/2021 21:57:35] !online
