[26/2/2022 13:26:42] 
[26/2/2022 14:0:53] 
[26/2/2022 14:0:55] 
[26/2/2022 14:0:57] 
[26/2/2022 14:27:45] !aol
[26/2/2022 14:28:6] 
[26/2/2022 14:30:29] !aol
[26/2/2022 15:6:46]  adm comprei outro item errado sem querer troca pra min é um helmet peguei de mage
[26/2/2022 15:19:19] 
[26/2/2022 15:19:21] 
[26/2/2022 15:48:30] 
[27/2/2022 5:48:0] !aol
[27/2/2022 15:40:59] !aol
[28/2/2022 22:24:27] 
[28/2/2022 22:33:54] 
[28/2/2022 22:33:56] 
[28/2/2022 22:33:58] 
[28/2/2022 22:34:0] 
[28/2/2022 22:34:2] 
[28/2/2022 22:34:4] 
[28/2/2022 22:34:6] 
[28/2/2022 22:34:8] 
[28/2/2022 22:34:11] 
[28/2/2022 22:34:13] 
[28/2/2022 22:34:15] 
[28/2/2022 22:34:17] 
[28/2/2022 22:34:19] 
[28/2/2022 22:34:21] 
[28/2/2022 22:34:23] 
[28/2/2022 22:34:25] 
[28/2/2022 22:34:27] 
[28/2/2022 22:34:29] 
[28/2/2022 22:34:31] 
[28/2/2022 22:34:33] 
[28/2/2022 22:34:35] 
[28/2/2022 22:34:37] 
[28/2/2022 23:11:2] !aol
[2/3/2022 16:10:2] !online
[2/3/2022 16:16:28] !buyhouse
[3/3/2022 22:31:55] !online
[4/3/2022 17:10:42] !online
[6/3/2022 11:52:10] !online
[12/3/2022 14:32:41] !online
