[22/5/2022 23:34:43] /goto 215,708,7
[22/5/2022 23:35:24] /goto 1690,1349,7
[22/5/2022 23:37:20] /a 20
[22/5/2022 23:37:22] /a 10
[22/5/2022 23:37:24] /a 10
[22/5/2022 23:37:27] /a 25
[22/5/2022 23:37:29] /a 10
[22/5/2022 23:37:31] /a 10
[22/5/2022 23:37:33] /a 30
[22/5/2022 23:37:37] /a 10
[22/5/2022 23:37:40] /up
[22/5/2022 23:38:38] /t
[22/5/2022 23:41:14] /a 20
[22/5/2022 23:41:18] /a 20
[22/5/2022 23:41:20] /a 20
[22/5/2022 23:41:23] /a 10
[22/5/2022 23:41:24] /a 10
[22/5/2022 23:41:25] /a 10
[22/5/2022 23:41:26] /a 10
[22/5/2022 23:41:32] /a 10
[22/5/2022 23:41:33] /a 10
[22/5/2022 23:41:34] /a 10
[22/5/2022 23:41:34] /a 10
[22/5/2022 23:41:35] /a 10
[22/5/2022 23:41:35] /a 10
[22/5/2022 23:41:36] /a 10
[22/5/2022 23:41:36] /a 10
[22/5/2022 23:41:37] /a 10
[22/5/2022 23:41:39] /a 10
[22/5/2022 23:41:42] /down
[22/5/2022 23:41:50] /a 10
[22/5/2022 23:41:52] /a 10
[22/5/2022 23:41:52] /a 10
[22/5/2022 23:41:53] /a 10
[22/5/2022 23:41:53] /a 10
[22/5/2022 23:41:54] /a 10
[22/5/2022 23:41:55] /a 10
[22/5/2022 23:41:55] /a 10
[22/5/2022 23:41:56] /a 10
[22/5/2022 23:41:56] /a 10
[22/5/2022 23:41:57] /a 10
[22/5/2022 23:42:2] /a 10
[22/5/2022 23:42:8] /a 10
[22/5/2022 23:42:10] /a 10
[22/5/2022 23:42:12] /a 10
[22/5/2022 23:42:48] /a 10
[22/5/2022 23:42:49] /a 10
[22/5/2022 23:42:50] /a 10
[22/5/2022 23:42:51] /a 10
[22/5/2022 23:42:52] /a 10
[22/5/2022 23:42:54] /a 10
[22/5/2022 23:42:55] /a 10
[22/5/2022 23:42:56] /a 10
[22/5/2022 23:42:59] /a 2
[22/5/2022 23:43:3] /a 10
[22/5/2022 23:43:3] /a 10
[22/5/2022 23:43:4] /a 10
[22/5/2022 23:43:5] /a 10
[22/5/2022 23:43:5] /a 10
[22/5/2022 23:43:9] /a 10
[22/5/2022 23:43:10] /a 10
[22/5/2022 23:43:10] /a 10
[22/5/2022 23:43:11] /a 10
[22/5/2022 23:43:12] /a 10
[22/5/2022 23:43:12] /a 10
[22/5/2022 23:43:13] /a 10
[22/5/2022 23:43:15] /a 10
[22/5/2022 23:43:16] /a 10
[22/5/2022 23:43:18] /a 10
[22/5/2022 23:43:19] /a 10
[22/5/2022 23:43:20] /a 10
[22/5/2022 23:43:26] /a 10
[22/5/2022 23:43:26] /a 10
[22/5/2022 23:43:27] /a 10
[22/5/2022 23:43:27] /a 10
[22/5/2022 23:43:28] /a 10
[22/5/2022 23:43:29] /a 10
[22/5/2022 23:43:31] /a 10
[22/5/2022 23:43:32] /a 10
[22/5/2022 23:43:46] /a 10
[22/5/2022 23:43:47] /a 10
[22/5/2022 23:43:47] /a 10
[22/5/2022 23:43:51] /a 10
[22/5/2022 23:44:12] /a 10
[22/5/2022 23:44:13] /a 10
[22/5/2022 23:44:14] /a 10
[22/5/2022 23:44:16] /a 10
[22/5/2022 23:44:17] /a 10
[22/5/2022 23:44:18] /a 10
[22/5/2022 23:44:23] /a 10
[22/5/2022 23:44:24] /a 10
[22/5/2022 23:44:25] /a 10
[22/5/2022 23:44:30] /a 10
[22/5/2022 23:44:31] /a 10
[22/5/2022 23:44:32] /a 10
[22/5/2022 23:44:35] /a 5
[22/5/2022 23:44:52] /a 5
[22/5/2022 23:44:55] /a 50o
[22/5/2022 23:44:57] /a 50
[22/5/2022 23:44:58] /a 50
[22/5/2022 23:45:1] /a 10
[22/5/2022 23:45:7] /a 50
[22/5/2022 23:45:9] /a 50
[22/5/2022 23:45:11] /a 10
[22/5/2022 23:45:12] /a 10
[22/5/2022 23:45:13] /a 10
[22/5/2022 23:45:14] /a 10
[22/5/2022 23:45:15] /a 10
[22/5/2022 23:45:16] /a 10
[22/5/2022 23:45:16] /a 10
[22/5/2022 23:45:17] /a 10
[22/5/2022 23:45:22] /a 50
[22/5/2022 23:45:25] /a 10
[22/5/2022 23:45:29] /a 50
[22/5/2022 23:45:31] /a 10
[22/5/2022 23:45:32] /a 10
[22/5/2022 23:45:33] /a 10
[22/5/2022 23:46:51] /a 50
[22/5/2022 23:46:54] /a 10
[22/5/2022 23:46:58] /a 10
[22/5/2022 23:46:59] /a 10
[22/5/2022 23:47:4] /a 10
[22/5/2022 23:50:28] /goto 248,56,6
[22/5/2022 23:51:58] /a 20
[22/5/2022 23:52:1] /a 20
[22/5/2022 23:52:2] /a 20
[22/5/2022 23:52:3] /a 20
[22/5/2022 23:52:4] /a 20
[22/5/2022 23:52:5] /a 20
[22/5/2022 23:52:8] /a 1
[22/5/2022 23:52:10] /a 10
[22/5/2022 23:52:11] /a 10
[22/5/2022 23:52:16] /a 10
[22/5/2022 23:52:17] /a 10
[22/5/2022 23:52:18] /a 10
[22/5/2022 23:52:19] /a 10
[22/5/2022 23:52:20] /a 10
[22/5/2022 23:52:22] /a 10
[22/5/2022 23:52:24] /a 5
[22/5/2022 23:52:26] /a 5
[22/5/2022 23:52:30] /a 20
[22/5/2022 23:52:33] /a 10
[22/5/2022 23:52:52] /a 10
[22/5/2022 23:52:58] /a 10
[22/5/2022 23:53:1] /a 10
[22/5/2022 23:53:2] /a 10
[22/5/2022 23:54:23] /a 10
[22/5/2022 23:54:24] /a 10
[22/5/2022 23:54:27] /a 10
[22/5/2022 23:54:28] /a 10
[22/5/2022 23:54:37] /a 3
[22/5/2022 23:55:16] /a 3
[22/5/2022 23:56:29] /a 3
[22/5/2022 23:56:30] /a 3
[22/5/2022 23:56:31] /a 3
[22/5/2022 23:56:32] /a 3
[22/5/2022 23:56:32] /a 3
[22/5/2022 23:56:32] /a 3
[22/5/2022 23:56:33] /a 3
[22/5/2022 23:56:33] /a 3
[22/5/2022 23:56:33] /a 3
[22/5/2022 23:56:35] /a 3
[22/5/2022 23:56:35] /a 3
[22/5/2022 23:56:36] /a 3
[22/5/2022 23:56:37] /a 3
[22/5/2022 23:56:37] /a 3
[22/5/2022 23:56:38] /a 3
[22/5/2022 23:56:39] /a 3
[22/5/2022 23:56:39] /a 3
[22/5/2022 23:56:40] /a 3
[22/5/2022 23:56:46] /a 3
[22/5/2022 23:56:47] /a 3
[22/5/2022 23:56:47] /a 3
[22/5/2022 23:56:48] /a 3
[22/5/2022 23:56:50] /a 3
[22/5/2022 23:56:50] /a 3
[22/5/2022 23:56:51] /a 3
[22/5/2022 23:56:51] /a 3
[22/5/2022 23:56:52] /a 3
[22/5/2022 23:56:52] /a 3
[22/5/2022 23:56:53] /a 3
[22/5/2022 23:56:53] /a 3
[22/5/2022 23:56:53] /a 3
[22/5/2022 23:57:18] /a 3
[22/5/2022 23:57:34] /a 3
[22/5/2022 23:57:38] /a 3
[22/5/2022 23:57:39] /a 3
[22/5/2022 23:57:41] /a 10
[22/5/2022 23:58:6] /a 10
[22/5/2022 23:58:8] /a 10
[22/5/2022 23:58:9] /a 10
[22/5/2022 23:58:16] /a 10
[22/5/2022 23:58:17] /a 3
[22/5/2022 23:58:19] /a 3
[22/5/2022 23:58:20] /a 3
[22/5/2022 23:58:20] /a 3
[22/5/2022 23:58:21] /a 3
[22/5/2022 23:58:23] /a 3
[22/5/2022 23:58:24] /a 3
[22/5/2022 23:58:26] /a 3
[22/5/2022 23:58:27] /a 3
[22/5/2022 23:58:28] /a 3
[22/5/2022 23:58:39] /a 3
[22/5/2022 23:58:41] /a 3
[22/5/2022 23:58:45] /a 3
[22/5/2022 23:58:47] /a 3
[22/5/2022 23:58:49] /a 3
[22/5/2022 23:58:49] /a 3
[22/5/2022 23:58:50] /a 3
[22/5/2022 23:58:50] /a 3
[22/5/2022 23:59:2] /a 3
[22/5/2022 23:59:3] /a 3
[22/5/2022 23:59:3] /a 3
[22/5/2022 23:59:3] /a 3
[22/5/2022 23:59:10] /a 3
[22/5/2022 23:59:11] /a 3
[22/5/2022 23:59:11] /a 3
[22/5/2022 23:59:12] /a 3
[22/5/2022 23:59:12] /a 3
[22/5/2022 23:59:12] /a 3
[22/5/2022 23:59:13] /a 3
[22/5/2022 23:59:15] /a 3
[22/5/2022 23:59:17] /a 3
[22/5/2022 23:59:18] /a 3
[22/5/2022 23:59:20] /a 3
[22/5/2022 23:59:21] /a 3
[22/5/2022 23:59:21] /a 3
[22/5/2022 23:59:21] /a 3
[22/5/2022 23:59:22] /a 3
[22/5/2022 23:59:22] /a 3
[22/5/2022 23:59:23] /a 3
[22/5/2022 23:59:24] /a 3
[22/5/2022 23:59:24] /a 3
[22/5/2022 23:59:25] /a 3
[22/5/2022 23:59:25] /a 3
[22/5/2022 23:59:26] /a 3
[22/5/2022 23:59:26] /a 3
[22/5/2022 23:59:27] /a 3
[22/5/2022 23:59:27] /a 3
[22/5/2022 23:59:28] /a 3
[22/5/2022 23:59:30] /a 3
[22/5/2022 23:59:31] /a 3
[22/5/2022 23:59:31] /a 3
[22/5/2022 23:59:32] /a 3
[22/5/2022 23:59:32] /a 3
[22/5/2022 23:59:33] /a 3
[22/5/2022 23:59:33] /a 3
[22/5/2022 23:59:34] /a 3
[22/5/2022 23:59:34] /a 3
[22/5/2022 23:59:35] /a 3
[22/5/2022 23:59:38] /a 3
[22/5/2022 23:59:38] /a 3
[22/5/2022 23:59:39] /a 3
[22/5/2022 23:59:40] /a 3
[22/5/2022 23:59:40] /a 3
[22/5/2022 23:59:41] /a 3
[23/5/2022 17:18:11] /a 20
[23/5/2022 17:18:15] /a 10
[23/5/2022 17:18:17] /a 20
[23/5/2022 17:18:18] /a 20
[23/5/2022 17:18:19] /a 20
[23/5/2022 17:18:20] /a 20
[23/5/2022 17:18:22] /a 10
[23/5/2022 17:18:28] /a 5
[23/5/2022 17:18:38] /c testando um
[23/5/2022 17:18:46] /c testando dois
[23/5/2022 17:18:48] /c testando tres
[23/5/2022 17:18:53] /c testando quatro
[23/5/2022 17:20:41] /t
[23/5/2022 17:20:43] /a 20
[23/5/2022 17:26:13] /i plate legs
[23/5/2022 17:26:21] /i rod of destruction
[23/5/2022 17:26:28] /goto testando um
[23/5/2022 17:27:4] /i sword of destruction
[23/5/2022 17:27:20] /i slayer of destruction
[23/5/2022 17:29:10] /a 54
[23/5/2022 17:29:13] /a 5
[23/5/2022 17:29:42] /down
[23/5/2022 17:29:44] /a 20
[23/5/2022 17:29:45] /a 20
[23/5/2022 17:29:46] /a 20
[23/5/2022 17:29:57] /c testando um
[23/5/2022 17:29:59] /c testando dois
[23/5/2022 17:30:1] /c testandotres
[23/5/2022 17:30:3] /c testando tres
[23/5/2022 17:30:5] /c testando quatro
[23/5/2022 17:32:24] /t
[23/5/2022 17:32:37] /a 10
[23/5/2022 17:32:54] /goto testando quatro
[23/5/2022 17:36:39] /goto testando quatro
[23/5/2022 17:36:43] /i firewalker boots
[23/5/2022 17:36:45] /i firewalker boots
[23/5/2022 17:36:47] /i firewalker boots
[23/5/2022 17:36:48] /i firewalker boots
[23/5/2022 17:37:46] /t
[23/5/2022 17:37:49] /a 23
[23/5/2022 17:38:15] /i enchanted theurgic amulet
[23/5/2022 17:38:16] /i enchanted theurgic amulet
[23/5/2022 17:38:27] /i enchanted pendulet
[23/5/2022 17:38:28] /i enchanted pendulet
[23/5/2022 17:38:48] /i enchanted pendulet
[23/5/2022 17:39:3] /i enchanted pendulet
[23/5/2022 17:40:4] /i blade of destruction
[23/5/2022 17:41:5] /i umbral master crossbow
[23/5/2022 17:41:31] /i umbral mster blade
[23/5/2022 17:41:37] /i umbral blade 
[23/5/2022 17:41:52] /i dream matter
[23/5/2022 17:42:1] /i clusters of solace
[23/5/2022 17:42:8] /i umbral master blade
[23/5/2022 17:42:20] /i umbral master slayer
[23/5/2022 17:42:28] /i umbral master blade
[23/5/2022 17:42:56] /i clusters of solace
[23/5/2022 17:42:57] /i clusters of solace
[23/5/2022 17:42:59] /i clusters of solaces
[23/5/2022 17:43:14] /i cluster of solace
[23/5/2022 17:47:13] /goto testando um
[23/5/2022 17:47:38] /goto testando um
[23/5/2022 17:57:50] /goto testando um
[23/5/2022 17:57:52] /up
[23/5/2022 17:58:1] /c testando quatro
[23/5/2022 17:59:43] /goto testando um
[23/5/2022 18:8:48] /goto testando um
[23/5/2022 18:10:48] /goto testando um
[23/5/2022 18:11:41] /a 10
[23/5/2022 18:11:42] /a 10
[23/5/2022 18:11:43] /a 10
[23/5/2022 18:11:44] /a 10
[23/5/2022 18:11:44] /a 10
[23/5/2022 18:11:53] /c testando um
[23/5/2022 18:11:57] /c testando um
[23/5/2022 18:15:3] /a 50
[23/5/2022 18:15:6] /a 40
[23/5/2022 18:15:8] /a 3 
[23/5/2022 18:15:11] /a 50
[23/5/2022 18:15:13] /a 50
[23/5/2022 18:15:14] /a 50
[23/5/2022 18:15:15] /a 50
[23/5/2022 18:15:17] /a 20
[23/5/2022 18:15:19] /a 20
[23/5/2022 18:15:20] /a 20
[23/5/2022 18:15:30] /a 20
[23/5/2022 18:15:31] /a 20
[23/5/2022 18:15:32] /a 20
[23/5/2022 18:15:32] /a 20
[23/5/2022 18:15:34] /a 20
[23/5/2022 18:15:35] /a 20
[23/5/2022 18:15:36] /a 20
[23/5/2022 18:15:38] /a 10
[23/5/2022 18:15:39] /a 10
[23/5/2022 18:15:42] /a 10
[23/5/2022 18:15:44] /a 10
[23/5/2022 18:15:44] /a 10
[23/5/2022 18:15:45] /a 10
[23/5/2022 18:15:51] /up
[23/5/2022 18:15:56] /a 10
[23/5/2022 18:15:57] /a 10
[23/5/2022 18:15:58] /a 10
[23/5/2022 18:15:58] /a 10
[23/5/2022 18:15:59] /a 10
[23/5/2022 18:16:0] /a 10
[23/5/2022 18:16:7] /a 10
[23/5/2022 18:16:7] /a 10
[23/5/2022 18:16:8] /a 10
[23/5/2022 18:16:8] /a 10
[23/5/2022 18:16:11] /a 10
[23/5/2022 18:16:11] /a 10
[23/5/2022 18:16:22] /c testando um
[23/5/2022 18:16:36] /c testando um
[23/5/2022 18:16:43] /c testando um
[23/5/2022 18:17:3] /a 30
[23/5/2022 18:17:5] /a 30
[23/5/2022 18:17:8] /a 10
[23/5/2022 18:17:13] /c testando um
[23/5/2022 18:17:17] /a 10
[23/5/2022 18:17:19] /a 10
[23/5/2022 18:17:20] /c testando um
[23/5/2022 18:17:43] /a 20
[23/5/2022 18:17:44] /a 20
[23/5/2022 18:17:47] /a 20
[23/5/2022 18:17:50] /a 10
[23/5/2022 18:17:52] /a 10
[23/5/2022 18:17:53] /a 10
[23/5/2022 18:17:54] /a 10
[23/5/2022 18:18:0] /c mata viado
[23/5/2022 18:18:14] /c porra viado
[23/5/2022 18:20:21] /goto testando um
[23/5/2022 18:23:36] /c testando dois
[23/5/2022 18:23:39] /c testando tres
[23/5/2022 18:23:42] /c testando quatro
[24/5/2022 23:57:0] /goto many faces
[24/5/2022 23:57:39] /i magiclong sword
[25/5/2022 0:2:48] /goto Malofur Mangrinder
[25/5/2022 0:2:51] /m Malofur Mangrinder
[25/5/2022 0:6:17] /ads Testando Um, level, 400
[25/5/2022 0:6:53] /ads Testando Um, Magic Level, 11
[25/5/2022 0:7:4] /ads Testando Um, sword, 130
[25/5/2022 0:12:55] /ads Testando dois, Magic Level, 34
[25/5/2022 0:13:3] /ads Testando dois, level, 400
[25/5/2022 0:13:13] /ads Testando dois, distance, 140
[25/5/2022 0:14:45] /ads Testando tres, level, 400
[25/5/2022 0:14:55] /ads Testando tres, magic level, 120
[25/5/2022 0:16:9] /ads Testando quatro, magic level, 120
[25/5/2022 0:16:15] /ads Testando quatro, level, 400
[25/5/2022 0:18:25] /m Distorted Phantom
[25/5/2022 0:19:30] /ads Testando um, shield, 120
[25/5/2022 0:19:43] /ads Testando um, shield, 120
[25/5/2022 0:19:51] /m Distorted Phantom
[25/5/2022 0:20:40] /m Many Faces
[25/5/2022 0:21:5] /goto Many Faces
[25/5/2022 0:21:12] /goto Many Faces
[25/5/2022 0:21:12] /goto Many Faces
[25/5/2022 0:21:13] /goto Many Faces
[25/5/2022 0:21:37] /ads smash beef, level, 720
[25/5/2022 0:22:7] /c testando um
[25/5/2022 0:22:12] /c testando dois
[25/5/2022 0:22:14] /c testando tres
[25/5/2022 0:22:18] /c testando dois
[25/5/2022 0:22:21] /c testando quatro
[25/5/2022 0:22:29] /c testando dois
[25/5/2022 0:22:30] /c testando dois
[25/5/2022 0:22:31] /c testando dois
[25/5/2022 0:22:36] /c testando dois
[25/5/2022 0:22:36] /c testando dois
[25/5/2022 0:23:3] /c testando quatro
[25/5/2022 0:23:27] /c testando dois
[25/5/2022 0:23:29] /c testando quatro
[25/5/2022 0:23:33] /c testando tres
[25/5/2022 0:23:38] /c testando um
[25/5/2022 0:24:29] /goto Many Faces
[25/5/2022 0:25:19] /goto Many Faces
[25/5/2022 0:25:44] /goto Many Faces
[25/5/2022 0:25:44] /goto Many Faces
[25/5/2022 0:25:45] /goto Many Faces
[25/5/2022 0:25:46] /goto Many Faces
[25/5/2022 0:25:46] /goto Many Faces
[25/5/2022 0:25:55] /goto Many Faces
[25/5/2022 0:25:57] /goto Many Faces
[25/5/2022 0:26:33] /goto testando um
[25/5/2022 0:35:55] /goto testando um
