[31/5/2022 20:46:53] !buyhouse
[31/5/2022 21:20:30] !emotespells on
[31/5/2022 22:49:12] !rank magic
[31/5/2022 23:0:17] !rank magic
[31/5/2022 23:0:22] !rank level
[1/6/2022 0:14:22] !rank level
[1/6/2022 7:25:27] !rank magic
[1/6/2022 20:34:13] !frags
[2/6/2022 1:50:12] !buyhouse
[2/6/2022 1:50:16] aleta som
[2/6/2022 1:51:0] !protecthouse 
[2/6/2022 1:51:3] !protecthouse  on
[2/6/2022 1:51:6] !protecthouse  off
[2/6/2022 7:23:58] !rank level
[2/6/2022 7:24:11] !rank axe
[2/6/2022 7:24:19] !rank magic
[2/6/2022 22:46:4] !frags
[2/6/2022 23:10:24] !frags
[3/6/2022 7:13:30] !frags
[4/6/2022 2:28:53] !frags
[4/6/2022 2:35:33] !frags
[4/6/2022 13:7:38] !rank magic
[5/6/2022 18:45:24] !rank magic
[5/6/2022 19:24:9] !frags
[5/6/2022 20:27:29] aleta som
[5/6/2022 22:11:50] aleta som
[5/6/2022 22:11:55] aleta som
