[11/12/2021 2:9:57] !online
[11/12/2021 7:16:58] !emotespells on
[11/12/2021 7:54:26] 
[11/12/2021 10:34:55] 
[11/12/2021 14:13:52] 
[12/12/2021 7:59:41] 
[12/12/2021 22:22:37] 
[13/12/2021 2:3:44] 
[13/12/2021 2:25:27] 
[13/12/2021 2:41:56] !wand ice
[13/12/2021 4:25:59] 
[13/12/2021 14:2:46] !wand ice
[13/12/2021 14:17:42] !wand earth
[13/12/2021 14:21:37] !wand holy
[13/12/2021 14:54:7] !wand earth
[13/12/2021 15:0:31] !wand ice
[13/12/2021 15:4:29] 
[13/12/2021 16:4:55] 
[13/12/2021 16:14:56] 
[13/12/2021 16:47:0] 
[13/12/2021 16:48:0] !wand ice
[13/12/2021 16:50:58] 
[13/12/2021 20:2:13] 
[13/12/2021 20:4:59] !wand ice
[13/12/2021 23:3:14] !wand ice
[14/12/2021 0:14:55] !wand ice
[14/12/2021 0:53:7] 
[14/12/2021 13:43:24] !wand ice
[14/12/2021 14:1:18] 
[14/12/2021 14:7:47] !wand ice
[14/12/2021 19:6:24] 
[14/12/2021 19:7:29] 
[14/12/2021 19:8:41] 
[14/12/2021 19:10:24] 
[15/12/2021 0:43:26] 
[15/12/2021 0:44:29] 
[15/12/2021 1:51:31] 
[15/12/2021 22:47:20] !wand ice
[15/12/2021 23:5:59] !wand holy
[15/12/2021 23:6:11] !wand ice
[15/12/2021 23:6:33] !wand ice
[16/12/2021 1:4:14] 
[16/12/2021 2:55:16] 
[16/12/2021 2:59:16] !wand ice
[16/12/2021 9:53:1] 
[16/12/2021 21:11:46] !wand ice
[16/12/2021 22:49:38] 
[17/12/2021 2:32:32] 
[18/12/2021 0:29:6] !wand ice
[18/12/2021 1:52:22] 
[18/12/2021 2:5:45] !wand ice
[18/12/2021 2:28:52] 
[18/12/2021 9:39:38] !wand ice
[18/12/2021 11:47:52] 
[18/12/2021 12:43:51] !wand ice
[18/12/2021 17:49:9] 
[18/12/2021 19:59:27] !addon oriental
[19/12/2021 6:46:40] !wand ice
[19/12/2021 12:19:37] !wand eartj
[19/12/2021 12:19:48] !wand earth
[19/12/2021 12:20:27] !wand holy
[19/12/2021 12:28:48] !wand earth
[19/12/2021 12:34:22] !rank magic
[19/12/2021 12:38:2] !wand ice
[19/12/2021 17:26:1] 
[20/12/2021 5:1:35] !wand ice
[20/12/2021 18:51:35] 
[21/12/2021 1:2:30] !wand ice
[21/12/2021 1:4:17] !aol
[21/12/2021 6:42:6] !wand ice
[21/12/2021 7:43:32] 
[21/12/2021 11:47:1] !aol
[21/12/2021 11:47:8] 
[21/12/2021 13:57:49] !wand ice
[22/12/2021 0:16:54] !online
[22/12/2021 0:20:2] !wand fire
[22/12/2021 0:38:34] !aol
[22/12/2021 1:2:31] !wand earth
[22/12/2021 1:3:26] 
[22/12/2021 1:4:36] 
[22/12/2021 1:4:50] !wand earth
[22/12/2021 1:26:20] 
[22/12/2021 2:7:36] !wand fire
[22/12/2021 2:7:52] 
[22/12/2021 2:7:55] !aol
[22/12/2021 2:12:12] !wand fire
[22/12/2021 6:15:7] !aol
[22/12/2021 6:15:11] !aol
[22/12/2021 6:15:14] !aol
[22/12/2021 6:15:17] !aol
[22/12/2021 6:15:20] !aol
[22/12/2021 6:15:23] !aol
[22/12/2021 6:15:27] !aol
[22/12/2021 6:59:10] !aol
[22/12/2021 7:17:43] !aol
[22/12/2021 7:17:46] !aol
[22/12/2021 7:17:49] !aol
[22/12/2021 7:17:53] !aol
[22/12/2021 7:17:56] !aol
[22/12/2021 7:17:59] !aol
[22/12/2021 7:18:2] !aol
[11/2/2022 3:35:29] !emotespells on
[11/2/2022 16:59:50] 
[11/2/2022 22:53:44] 
[11/2/2022 23:37:44] 
[12/2/2022 0:7:44] 
[12/2/2022 0:45:45] 
[12/2/2022 3:43:45] 
[12/2/2022 4:37:45] 
[12/2/2022 4:41:14] 
[12/2/2022 4:45:45] 
[12/2/2022 4:55:45] 
[12/2/2022 4:57:45] 
[12/2/2022 5:27:8] 
[12/2/2022 5:50:37] !serverinfo
[12/2/2022 8:13:8] 
[14/2/2022 18:3:34] 
[15/2/2022 9:8:0] 
[15/2/2022 23:53:52] 
[16/2/2022 0:51:15] 
[16/2/2022 1:12:9] !addon oriental
[16/2/2022 2:15:53] 
[16/2/2022 2:48:1] 
[17/2/2022 5:42:21] 
[18/2/2022 19:10:59] 
[19/2/2022 18:16:2] 
[20/2/2022 11:22:51] 
[21/2/2022 13:31:20] 
[21/2/2022 21:42:58] 
[21/2/2022 21:47:58] 
[24/2/2022 7:34:26] !emotespells on
[24/2/2022 8:14:4] 
[24/2/2022 8:31:27] !guildpoints
[24/2/2022 8:44:19] !guildpoints
[24/2/2022 8:45:8] !guildpoints
[24/2/2022 8:49:34] !guildpoints
[24/2/2022 9:0:7] 
[24/2/2022 9:32:25] 
[24/2/2022 9:48:40] 
[24/2/2022 13:33:13] 
[24/2/2022 22:31:6] !guildpoints
[24/2/2022 22:41:42] !guildpoints
[24/2/2022 23:58:39] 
[25/2/2022 0:6:39] 
[25/2/2022 0:29:39] 
[25/2/2022 0:41:39] 
[25/2/2022 0:44:57] 
[25/2/2022 1:2:39] 
[25/2/2022 1:23:39] 
[26/2/2022 3:57:14] 
[26/2/2022 3:59:14] 
[26/2/2022 23:56:6] 
[26/2/2022 23:56:28] 
[27/2/2022 13:24:44] 
[1/3/2022 21:44:16] 
[1/3/2022 23:39:16] 
[3/3/2022 9:27:14] 
[3/3/2022 9:29:32] 
[4/3/2022 14:32:8] 
[4/3/2022 14:45:8] 
[5/3/2022 23:12:8] 
[7/3/2022 8:28:1] !online
[7/3/2022 8:31:52] !online
[7/3/2022 16:55:10] !online
[7/3/2022 19:1:29] !online
[8/3/2022 21:5:45] !online
[9/3/2022 0:53:4] !online
[29/5/2022 7:43:24] !emotespells on
[1/6/2022 9:40:39] !emotespells
[1/6/2022 9:40:43] !emotespells on
[1/6/2022 10:10:19] 
[1/6/2022 10:35:13] 
[1/6/2022 10:37:24] 
[1/6/2022 10:38:25] 
[1/6/2022 11:15:55] 
[1/6/2022 11:43:51] 
[1/6/2022 12:37:11] 
[1/6/2022 20:39:48] 
[2/6/2022 2:27:51] 
[2/6/2022 7:33:11] 
[2/6/2022 5:11:19] 
[2/6/2022 13:44:5] 
[2/6/2022 15:55:40] 
[2/6/2022 16:3:45] 
[2/6/2022 16:31:20] 
[2/6/2022 16:35:3] 
[2/6/2022 16:50:20] 
[2/6/2022 17:3:29] 
[2/6/2022 17:22:52] 
[2/6/2022 17:39:20] 
[2/6/2022 17:50:20] 
[2/6/2022 20:2:21] 
[3/6/2022 9:27:57] 
[3/6/2022 9:29:50] 
[3/6/2022 9:42:56] 
[3/6/2022 9:46:55] 
[3/6/2022 9:56:17] 
[3/6/2022 10:20:37] 
[3/6/2022 10:21:47] 
[3/6/2022 10:22:18] 
[3/6/2022 10:22:57] 
[3/6/2022 10:24:10] 
[3/6/2022 10:25:18] 
[4/6/2022 0:53:44] !tradeoff buy, 103
[4/6/2022 11:35:4] 
[4/6/2022 11:42:53] 
[4/6/2022 14:30:54] 
[4/6/2022 14:36:54] 
[5/6/2022 15:36:14] 
[5/6/2022 23:45:46] 
[6/6/2022 14:33:38] 
[8/6/2022 4:47:17] 
[8/6/2022 4:50:20] 
[8/6/2022 4:51:43] 
[8/6/2022 5:7:49] 
[8/6/2022 5:9:49] 
[8/6/2022 6:23:50] 
[8/6/2022 6:33:50] 
[8/6/2022 7:11:50] 
