[10/2/2022 20:5:35] !rank level
[10/2/2022 20:32:26] !emotespells onb
[10/2/2022 20:32:33] !emotespells on
[12/2/2022 14:39:15] !buyhouse
[13/2/2022 10:55:25] !online
[13/2/2022 12:20:55] !rank level
[13/2/2022 12:21:5] !rank magic
[13/2/2022 12:21:15] !rank magic
[13/2/2022 20:36:41] !rank level
[14/2/2022 20:18:29] aleta som
[14/2/2022 20:19:39] !protecthouse 
[14/2/2022 20:19:43] !protecthouse off
[14/2/2022 21:50:4] !rank level
[15/2/2022 18:57:26] !rank level
[16/2/2022 18:6:52] !rank level
[16/2/2022 21:13:17] !addon oriental
[17/2/2022 18:43:2] !rank level
[17/2/2022 20:54:27] !frags
[19/2/2022 13:43:2] !rank level
[19/2/2022 15:51:28] !rank magic
[19/2/2022 19:43:37] !rank level
[20/2/2022 12:37:27] !rank level
