[31/5/2022 19:41:38] !aol
[31/5/2022 19:46:1] !emotespells on
[31/5/2022 20:21:42] !aol
[31/5/2022 20:32:34] !aol
[31/5/2022 22:3:35] !aol
[31/5/2022 22:5:4] !frags
[1/6/2022 0:22:10] !frags
[1/6/2022 7:25:13] !frags
[1/6/2022 10:50:21] !frags
[1/6/2022 10:51:36] !online
[1/6/2022 13:36:30] !serverinfo
[1/6/2022 16:1:57] !frags
[1/6/2022 16:27:41] !frags
[1/6/2022 18:25:17] !frags
[1/6/2022 19:7:20] !frags
[1/6/2022 19:22:10] !rank
[1/6/2022 19:22:14] !rank level
[1/6/2022 19:22:20] !rank level
[2/6/2022 1:9:14] !frags
[2/6/2022 1:19:47] !online
[2/6/2022 2:1:29] !frags
[2/6/2022 2:28:43] !serverinfo
[2/6/2022 7:26:14] !serverinfo
[2/6/2022 7:26:25] !frags
[2/6/2022 13:13:27] !frags
[2/6/2022 13:54:8] !frags
[2/6/2022 21:27:27] !frags
[2/6/2022 22:2:25] !frags
[2/6/2022 23:23:5] !frags
[3/6/2022 0:52:4] !frags
[3/6/2022 8:3:43] !frags
[4/6/2022 0:49:33] !frags
[4/6/2022 12:3:30] !rank level
[5/6/2022 15:44:17] !online
[5/6/2022 18:33:56] !online
[6/6/2022 13:41:12] !emotespells off
[6/6/2022 13:41:26] !emotespells on
[6/6/2022 14:19:11] !frags
[6/6/2022 19:29:40] !frags
[6/6/2022 19:44:39] !frags
[6/6/2022 21:44:24] !frags
[7/6/2022 9:22:17] !online
[7/6/2022 23:53:59] !frags
[8/6/2022 21:39:35] !buyhouse
[8/6/2022 21:39:45] !buyhouse
[8/6/2022 21:39:50] aleta sio
