[31/5/2022 20:36:2] !aol
[31/5/2022 20:38:41] !aol
[31/5/2022 20:42:2] !aol
[31/5/2022 20:46:9] !aol
[31/5/2022 20:48:7] !aol
[31/5/2022 20:51:57] !aol
[31/5/2022 20:54:6] !aol
[31/5/2022 21:9:54] !guildpoints
[31/5/2022 21:14:49] !guildpoints
[31/5/2022 21:25:30] !aol
[31/5/2022 21:26:59] !aol
[31/5/2022 21:32:2] !emotespells on
[1/6/2022 5:52:38] !online
[1/6/2022 19:11:39] !aol
[2/6/2022 6:14:46] !aol
[2/6/2022 6:21:15] !guildpoints
[2/6/2022 11:24:13] !guildpoints
[2/6/2022 19:57:4] !aol
[3/6/2022 6:18:54] !aol
[3/6/2022 10:53:59] !guildpoints
[3/6/2022 15:56:4] !emotespells on
[3/6/2022 15:56:32] !emotespells on
[3/6/2022 15:57:1] !emotespells on
[3/6/2022 15:57:33] !emotespells on
[4/6/2022 3:52:14] !buyhouse
