[17/2/2022 0:56:9] !addon Barbarian
[17/2/2022 1:7:29] !addon
[17/2/2022 1:9:22] !addon barbarian
[17/2/2022 1:9:53] !addon barbarian, 1
[17/2/2022 1:10:18] !addon
[17/2/2022 1:10:35] !addon barbarian
[17/2/2022 1:10:52] !addon
[17/2/2022 1:11:10] !addon
[17/2/2022 1:11:22] !addon barbarian
[17/2/2022 1:13:53] !addon barbaria
[17/2/2022 1:13:57] !addon barbarian
[17/2/2022 1:14:6] !addon barbarian
[17/2/2022 1:14:42] !addon barbarian
[17/2/2022 1:14:50] !addon barbarian
[17/2/2022 3:29:47] !addon barbarian
[17/2/2022 3:31:25] !addon barbarian
[17/2/2022 22:3:29] !addon barbarian
[17/2/2022 22:3:32] !addon barbarian
[17/2/2022 22:25:47] !addon barbarian
[18/2/2022 1:27:40] !addon barbarian
[18/2/2022 11:2:9] !addon Barbarian
