[10/12/2021 23:44:34] !rank distance
[11/12/2021 0:18:17] !rank axe
[11/12/2021 0:18:23] !rank sword
[11/12/2021 2:36:17] !rank sword
[11/12/2021 3:54:8] !rank swird
[11/12/2021 3:54:12] !rank sword
[11/12/2021 4:45:13] !online
[11/12/2021 8:6:10] !online
[11/12/2021 8:43:46] !emotespells
[11/12/2021 8:49:26] !rank sword
[11/12/2021 15:0:17] !emotespells
[11/12/2021 15:0:21] !emotespells
[11/12/2021 15:0:27] !emotespells
[11/12/2021 15:0:59] !emotespells
[11/12/2021 15:1:2] !emotespells
[11/12/2021 15:17:40] !emotespells
[11/12/2021 18:56:27] !online
[11/12/2021 21:32:41] !buyhouse
[13/12/2021 10:6:12] !serverinfo
[14/12/2021 9:53:32] aleta sio
[14/12/2021 9:58:26] !emotespells on
[14/12/2021 19:33:38] aleta sio
[14/12/2021 19:35:14] aleta sio
[14/12/2021 19:43:7] !online
[14/12/2021 19:56:26] aleta sio
[14/12/2021 19:56:34] aleta som
[14/12/2021 20:43:16] !frags
[16/12/2021 23:35:7] !serverinfo
[17/12/2021 14:55:49] !serverinfo
[17/12/2021 14:55:53] !serverinfo
[17/12/2021 19:42:23] !serverinfo
[18/12/2021 0:15:35] !serverinfo
[18/12/2021 22:53:14] !rank magic
