[27/5/2022 20:17:58] !emotespells
[27/5/2022 20:25:25] !emotespells on
[27/5/2022 21:46:37] !tradeoff add,100000
[27/5/2022 21:46:45] !tradeoff add,20000
[27/5/2022 21:47:5] !tradeoff add,20000
[27/5/2022 21:47:8] !tradeoff add,20000
[27/5/2022 21:49:15] !aol
[27/5/2022 21:53:57] !aol
[27/5/2022 22:45:49] !aol
[27/5/2022 23:8:5] !aol
[27/5/2022 23:20:23] !aol
[27/5/2022 23:22:15] !aol
[27/5/2022 23:22:28] !tradeoff withdraw
[27/5/2022 23:33:58] !aol
[28/5/2022 0:17:56] !aol
[28/5/2022 1:44:57] !aol
[28/5/2022 2:0:29] !aol
[28/5/2022 14:47:27] !guildpoints
[28/5/2022 14:47:58] !guildpoints
[28/5/2022 14:49:17] !guildpoints
[28/5/2022 15:58:14] !guildpoints
[28/5/2022 18:57:2] !tradeoff withdraw
[28/5/2022 18:57:12] !tradeoff withdraw
[28/5/2022 18:57:17] !tradeoff balance
[28/5/2022 18:57:25] !tradeoff info
[29/5/2022 8:58:42] !tradeoff add,70000
[29/5/2022 8:58:45] !tradeoff add,70000
[29/5/2022 19:0:31] !tradeoff add,15000
[29/5/2022 19:0:44] !tradeoff add,25000
[31/5/2022 19:35:29] !emotespells on
[31/5/2022 20:4:24] !aol
[31/5/2022 20:15:48] !aol
[31/5/2022 20:48:4] !aol
[31/5/2022 20:55:37] !aol
[31/5/2022 21:32:6] !aol
[31/5/2022 21:50:8] !aol
[3/6/2022 23:28:5] !tradeoff add,60000
[3/6/2022 23:28:8] !tradeoff add,60000
[3/6/2022 23:28:25] !tradeoff add,60000
[4/6/2022 11:57:54] !guildpoints
[4/6/2022 12:5:24] !guildpoints
[4/6/2022 12:12:55] !guildpoints
[4/6/2022 12:13:20] !guildpoints
[5/6/2022 8:39:55] !guildpoints
[5/6/2022 8:47:23] !tradeoff add,100000
[5/6/2022 8:47:26] !tradeoff add,100000
[5/6/2022 8:47:29] !tradeoff add,100000
[5/6/2022 19:25:32] !tradeoff add,100000
[6/6/2022 20:45:57] !tradeoff add,100000
[6/6/2022 20:46:3] !tradeoff add,100000
[6/6/2022 20:46:6] !tradeoff add,100000
