[31/5/2022 21:31:22] !aol
[31/5/2022 21:39:53] !aol
[31/5/2022 22:13:37] !aol
[31/5/2022 23:54:12] !emotespells on
[1/6/2022 5:2:27] !aol
[1/6/2022 11:25:27] !online
[1/6/2022 14:30:53] !aol
[1/6/2022 14:30:56] !aol
[1/6/2022 14:30:59] !aol
[1/6/2022 14:31:3] !aol
[1/6/2022 18:42:27] !serverinfo
[2/6/2022 3:50:26] !serverinfo
[2/6/2022 4:19:49] !aol
[2/6/2022 8:8:12] !frags
[2/6/2022 18:40:37] !buyhouse
[2/6/2022 18:40:51] !buyhouse
[2/6/2022 18:40:58] !buyhouse
[2/6/2022 22:48:10] !frags
[2/6/2022 22:53:57] !frags
[2/6/2022 23:6:53] !frags
[3/6/2022 0:30:59] !frags
[3/6/2022 1:21:34] !frags
[3/6/2022 1:37:6] !frags
[3/6/2022 1:59:10] !frags
[3/6/2022 8:27:59] !frags
[3/6/2022 12:8:31] !frags
[3/6/2022 13:56:11] !frags
[3/6/2022 22:3:24] !frags
[4/6/2022 0:37:3] !frags
[4/6/2022 0:52:4] !frags
[4/6/2022 0:54:57] !frags
[4/6/2022 1:9:55] !frags
[5/6/2022 19:7:56] !frags
[5/6/2022 19:38:43] !frags
[5/6/2022 21:32:48] !serverinfo
[5/6/2022 21:36:9] !serverinfo
[6/6/2022 12:52:54] !serverinfo
[6/6/2022 13:4:10] !serverinfo
[6/6/2022 13:22:43] !serverinfo
[7/6/2022 1:33:20] !serverinfo
[7/6/2022 8:24:40] !serverinfo
[8/6/2022 11:48:4] !serverinfo
[8/6/2022 19:11:46] !serverinfo
[8/6/2022 20:1:20] !serverinfo
