[6/4/2023 2:6:13] /goto amazon
[6/4/2023 2:8:13] /t
[6/4/2023 2:26:43] /goto amazon
[6/4/2023 2:26:57] /t
[6/4/2023 3:2:15] /shutdown
[6/4/2023 3:12:52] /shutdown
[6/4/2023 3:22:45] /shutdown
[6/4/2023 3:32:10] /shutdown
[6/4/2023 3:34:28] /shutdown
[6/4/2023 3:46:26] /shutdown
[6/4/2023 3:52:22] /shutdown
[6/4/2023 3:58:44] /shutdown
[6/4/2023 4:24:0] /shutdown
[6/4/2023 4:37:18] /shutdown
[6/4/2023 4:48:39] /t
[6/4/2023 4:50:32] /r
[6/4/2023 4:55:10] /goto captain bluebear
[6/4/2023 5:7:35] /t
[6/4/2023 5:8:13] /goto pharaot
[6/4/2023 5:8:20] /goto phara
[6/4/2023 5:8:22] /goto pharao
[6/4/2023 5:9:29] /down
[6/4/2023 5:23:4] /t
[6/4/2023 6:18:36] /i exercise rod
[6/4/2023 6:19:5] /i 13454
[6/4/2023 6:21:3] /i 13454
[6/4/2023 6:21:45] /i 13430
[6/4/2023 6:22:8] /i 13442
[6/4/2023 6:22:39] /owner Styller-OTS
[6/4/2023 6:31:34] /i exercise rod
[6/4/2023 6:31:54] /i 13453
[6/4/2023 6:32:0] /i 13454
[6/4/2023 6:34:36] /shutdown
[6/4/2023 6:36:1] /i exercise dummy
[6/4/2023 6:38:49] /i 13442
[6/4/2023 6:40:22] /i 13442
[6/4/2023 6:42:17] /shutdown
[6/4/2023 6:43:31] /i 13442
[6/4/2023 6:50:45] /i 13442
[6/4/2023 6:53:12] /reload creature scripts
[6/4/2023 6:54:9] /shutdown
[6/4/2023 6:54:57] /r
[6/4/2023 6:56:26] /r
[6/4/2023 6:56:27] /r
[6/4/2023 6:56:29] /r
[6/4/2023 6:56:32] /i 13444
[6/4/2023 7:4:8] /shutdown
[6/4/2023 7:6:9] /i ferumbras exercise dummy
[6/4/2023 7:7:36] /i exercise rod
[6/4/2023 7:9:17] /shutdown
[6/4/2023 7:20:43] /shutdown
[6/4/2023 7:21:23] /shutdown
[6/4/2023 7:25:30] /shutdown
[6/4/2023 7:27:31] /goto hero
[6/4/2023 7:27:53] /goto hero
[6/4/2023 7:28:31] /goto xodet
[6/4/2023 7:28:43] /goto jogador
[6/4/2023 8:0:16] /goto MUN RA
[6/4/2023 8:6:31] /up
[6/4/2023 8:6:34] /up
[6/4/2023 8:6:47] /i ticket roleta 
[6/4/2023 8:6:53] /i ticket roleta 
[6/4/2023 8:8:44] /i fragmental ticket
[6/4/2023 8:9:11] /i Chaos Essence
[6/4/2023 8:15:25] /shutdown
[6/4/2023 8:26:43] /shutdown
[6/4/2023 8:27:54] /t
[6/4/2023 8:32:30] /shutdown
[6/4/2023 15:8:23] /i 29735
[6/4/2023 16:21:15] /t
[6/4/2023 16:21:36] /t
[6/4/2023 16:22:3] /t
[6/4/2023 16:22:14] /t
[6/4/2023 16:25:10] /i exercise rod
[6/4/2023 16:27:57] /t
[6/4/2023 19:35:51] /shutdown
[6/4/2023 19:36:37] /t
[6/4/2023 19:43:9] /i 2160
[6/4/2023 19:44:22] /t
[6/4/2023 20:56:41] /t
[6/4/2023 21:38:12] /shutdown
[6/4/2023 21:40:52] /shutdown
[6/4/2023 21:42:32] /down
[6/4/2023 21:42:44] /shutdown
[6/4/2023 22:55:0] /shutdown
[6/4/2023 23:3:49] /t
[6/4/2023 23:6:59] /shutdown
[6/4/2023 23:15:35] /shutdown
[6/4/2023 23:19:3] /t
[6/4/2023 23:20:0] /t
[6/4/2023 23:31:12] /goto Scarlett Etzel 
[6/4/2023 23:31:14] /goto Scarlett Etzel
[6/4/2023 23:31:31] /goto Scarlett Etzel
[6/4/2023 23:31:43] /goto Scarlett Etzel
[6/4/2023 23:32:14] /t
[6/4/2023 23:32:44] /shutdown
[7/4/2023 6:13:24] /i 20728
[7/4/2023 7:22:53] /up
[7/4/2023 7:22:57] /shutdown
[7/4/2023 7:25:37] /up
[7/4/2023 7:31:23] /shutdown
[7/4/2023 7:32:43] /down
[7/4/2023 7:32:47] /down
[7/4/2023 7:32:52] /down
[7/4/2023 7:32:55] /up
[7/4/2023 7:32:58] /t
[7/4/2023 7:33:11] /shutdown
[7/4/2023 7:34:45] /t
[7/4/2023 7:34:47] /up
[7/4/2023 7:34:49] /up
[7/4/2023 7:35:1] /down
[7/4/2023 22:35:5] /t
[7/4/2023 22:38:6] /shutdown
[7/4/2023 22:40:38] /i shovel
[7/4/2023 22:47:43] /t
[8/4/2023 7:29:23] /t
[8/4/2023 7:29:40] /up
[8/4/2023 7:29:42] /up
[8/4/2023 7:29:44] /up
[8/4/2023 7:29:46] /up
[8/4/2023 7:29:53] /down
[8/4/2023 7:37:8] /shutdown
[8/4/2023 7:38:2] /r
[8/4/2023 7:44:17] /shutdown
[8/4/2023 7:45:25] /i 16534
[8/4/2023 7:45:32] /r
[8/4/2023 7:52:37] /i 8547
[8/4/2023 7:52:42] /i 8548
[8/4/2023 7:54:1] /i 16535
[8/4/2023 7:57:22] /i 16534
[8/4/2023 8:1:43] /shutdown
[8/4/2023 8:3:46] !buyhouse
[8/4/2023 8:9:19] /shutdown
[8/4/2023 8:20:51] /shutdown
[8/4/2023 9:28:17] /shutdown
[8/4/2023 9:37:27] /shutdown
[8/4/2023 9:41:50] /shutdown
[8/4/2023 9:54:23] /shutdown
[8/4/2023 9:54:59] /shutdown
[8/4/2023 10:2:0] /shutdown
[8/4/2023 10:14:12] /shutdown
[8/4/2023 10:14:56] /shutdown
[8/4/2023 10:15:53] /shutdown
[8/4/2023 10:20:26] /shutdown
[8/4/2023 10:28:37] /shutdown
[8/4/2023 10:29:12] /r
[8/4/2023 10:29:14] /r
[8/4/2023 10:29:46] /shutdown
[8/4/2023 10:32:50] /shutdown
[8/4/2023 10:38:49] /shutdown
[8/4/2023 10:59:32] /shutdown
[8/4/2023 11:6:31] /shutdown
[8/4/2023 11:7:25] /r
[8/4/2023 11:7:28] /r
[8/4/2023 11:11:23] /shutdown
[8/4/2023 11:18:55] /shutdown
[8/4/2023 11:28:54] /shutdown
[8/4/2023 11:51:26] /shutdown
[8/4/2023 11:54:49] /r
[8/4/2023 13:9:13] /shutdown
[8/4/2023 13:37:16] /shutdown
[8/4/2023 13:38:25] /down
[8/4/2023 14:24:29] /shutdown
[8/4/2023 14:47:33] /shutdown
[8/4/2023 14:49:6] /goto Brown Horse
[8/4/2023 14:54:32] /shutdown
[8/4/2023 14:56:18] /shutdown
[8/4/2023 14:59:11] /goto Horse
[8/4/2023 14:59:13] /r
[8/4/2023 14:59:14] /r
[8/4/2023 14:59:15] /goto Horse
[8/4/2023 14:59:17] /goto Horse
[8/4/2023 15:3:18] /shutdown
[9/4/2023 9:15:35] /t
[9/4/2023 9:15:39] /i 12666
[9/4/2023 9:16:7] /i 16366
[9/4/2023 9:16:15] /i 19366
[9/4/2023 9:30:42] /i boss point
[9/4/2023 9:31:14] /i addon doll
[9/4/2023 9:31:26] !addon mage
[9/4/2023 9:31:46] !addon
[9/4/2023 9:32:41] /i 19366
[9/4/2023 9:36:27] /shutdown
[9/4/2023 9:41:50] /up
[9/4/2023 10:9:29] /shutdown
[9/4/2023 10:10:19] /i backpack
[9/4/2023 10:19:42] /i meat
[9/4/2023 10:24:42] /shutdown
[9/4/2023 10:26:13] /r
[9/4/2023 10:26:14] /r
[9/4/2023 10:26:15] /r
[9/4/2023 10:26:15] /r
[9/4/2023 10:26:16] /r
[9/4/2023 10:26:19] /r
[9/4/2023 10:26:20] /r
[9/4/2023 10:26:20] /r
[9/4/2023 10:26:21] /r
[9/4/2023 10:26:22] /r
[9/4/2023 10:26:25] /r 100
[9/4/2023 10:26:29] /r 
[9/4/2023 10:26:48] /i boss point
[9/4/2023 10:26:57] /i boss point
[9/4/2023 10:29:29] /i 2003
[9/4/2023 10:29:35] /i 1996
[9/4/2023 10:29:48] /reload npcs
[9/4/2023 10:33:8] /reload npcs
[9/4/2023 10:34:17] /shutdown
[9/4/2023 10:38:24] /reload npcs
[9/4/2023 10:42:58] /reload npcs
[9/4/2023 10:45:7] /reload npcs
[9/4/2023 10:46:11] /reload npcs
[9/4/2023 10:49:4] /reload npcs
[9/4/2023 10:50:4] /reload npcs
[9/4/2023 10:51:43] /goto orshabaal
[9/4/2023 10:52:3] /goto orshabaal
[9/4/2023 10:52:32] /goto the many
[9/4/2023 10:52:36] /goto ferumbras
[9/4/2023 10:52:44] /t
[9/4/2023 10:56:22] /reload npcs
[9/4/2023 10:58:59] /reload npcs
[9/4/2023 10:59:17] /reload npcs
[9/4/2023 10:59:37] /reload npcs
[9/4/2023 11:0:4] /reload npcs
[9/4/2023 11:1:27] /reload npcs
[9/4/2023 11:1:53] /reload npcs
[9/4/2023 11:2:42] /reload npcs
[9/4/2023 11:6:32] /reload npcs
[9/4/2023 11:9:0] /reload npcs
[11/4/2023 1:4:34] /t
[11/4/2023 1:5:5] /down
[11/4/2023 1:5:10] /shutdown
[11/4/2023 1:7:12] /down
[11/4/2023 1:7:20] /t
[11/4/2023 1:8:25] /t
[11/4/2023 1:21:24] /shutdown
[11/4/2023 1:21:58] /i sword
[11/4/2023 1:23:32] /shutdown
[11/4/2023 1:24:13] /i solar axe
[11/4/2023 1:24:21] /i 8990
[11/4/2023 1:24:53] /i 8925
[11/4/2023 1:25:24] /attr aid, 54859
[11/4/2023 1:25:28] /attr aid 54859
[11/4/2023 1:27:13] /i 2145
[11/4/2023 1:27:17] /attr aid 54859
[11/4/2023 1:34:40] /shutdown
[11/4/2023 1:36:9] /attr aid 54859
[11/4/2023 1:40:14] /shutdown
[11/4/2023 1:45:35] /shutdown
[11/4/2023 1:49:25] /shutdown
[11/4/2023 1:50:21] /i 10576
[11/4/2023 1:50:30] /i iron ore
[11/4/2023 1:50:45] /i 10565
[11/4/2023 1:50:55] /i 2160
[11/4/2023 1:50:56] /i 2160
[11/4/2023 1:50:57] /i 2160
[11/4/2023 1:51:49] /goto demon
[11/4/2023 1:55:47] /t
[11/4/2023 1:55:56] /i demon shield
[11/4/2023 1:57:27] /r
[11/4/2023 1:57:29] /i backpack
[11/4/2023 1:58:57] /r
[11/4/2023 2:0:44] /t
[11/4/2023 2:8:39] /shutdown
[11/4/2023 2:10:54] /shutdown
[11/4/2023 2:11:49] /goto demon
[11/4/2023 2:12:7] /attr health, -5000
[11/4/2023 2:12:13] /attr set health, -5000
[11/4/2023 2:12:17] /attr set health, -5000
[11/4/2023 2:12:19] /attr set health -5000
[11/4/2023 2:12:34] /attr set attack 400
[11/4/2023 2:12:40] /attr set attack, 400
[11/4/2023 2:13:22] /goto demon
[11/4/2023 2:15:22] /i 2160
[11/4/2023 2:15:23] /i 2160
[11/4/2023 2:15:23] /i 2160
[11/4/2023 2:17:31] /shutdown
[11/4/2023 2:18:31] /goto Blightwalker
[11/4/2023 2:21:9] /shutdown
[11/4/2023 2:22:49] /reload talk
[11/4/2023 2:25:57] /shutdown
[11/4/2023 2:46:24] /reload talk
[11/4/2023 2:46:25] !save
[11/4/2023 2:48:7] !save
[11/4/2023 2:56:4] /down
[11/4/2023 2:56:26] /down
[11/4/2023 2:56:48] /r
[11/4/2023 2:58:41] /t
[11/4/2023 2:59:33] /goto demon
[11/4/2023 3:0:9] /t
[11/4/2023 3:1:43] /goto Goshnar's Greed
[11/4/2023 3:6:46] /t
[11/4/2023 3:14:15] /shutdown
[11/4/2023 18:12:20] /shutdown
[11/4/2023 18:54:48] /shutdown
[11/4/2023 19:23:1] /t
[11/4/2023 19:24:0] /shutdown
[11/4/2023 19:38:10] /shutdown
[11/4/2023 19:43:14] /t
[12/4/2023 5:35:33] /shutdown
[12/4/2023 5:39:45] /reload movements
[12/4/2023 6:2:25] /t
[12/4/2023 7:10:30] /shutdown
[12/4/2023 7:17:10] /t
[12/4/2023 7:17:11] /t
[12/4/2023 7:21:42] /shutdown
[12/4/2023 7:36:29] /shutdown
[12/4/2023 7:38:1] /t
[12/4/2023 7:43:6] /shutdown
[12/4/2023 7:54:39] /shutdown
[12/4/2023 8:4:31] /shutdown
[12/4/2023 8:8:41] /i 9997
[12/4/2023 8:12:33] /i 16536
[12/4/2023 8:12:51] /r
[12/4/2023 8:15:27] /shutdown
[12/4/2023 8:17:25] /shutdown
[12/4/2023 8:23:28] /reload npcs
[12/4/2023 9:7:50] /shutdown
[12/4/2023 9:12:29] /reload npcs
[12/4/2023 9:30:37] /i 20355
[12/4/2023 9:31:37] /i 19466
[12/4/2023 9:31:44] /i 19466
[12/4/2023 9:32:7] /i 19467
[12/4/2023 9:32:7] /i 19467
[12/4/2023 9:34:11] /i lion mane
[12/4/2023 9:39:14] /shutdown
[12/4/2023 9:40:16] /i 19467
[12/4/2023 9:44:9] /reload npcs
[12/4/2023 9:45:8] /reload npcs
[12/4/2023 9:48:15] /reload npcs
[12/4/2023 9:50:30] /reload npcs
[12/4/2023 9:56:58] /shutdown
[12/4/2023 10:3:46] /reload npcs
[12/4/2023 10:4:8] /reload npcs
[12/4/2023 10:20:3] /i 8981
[12/4/2023 10:20:14] /r
[12/4/2023 10:20:17] /i backpack
[12/4/2023 10:20:18] /i 8981
[12/4/2023 10:20:59] /i 6527
[12/4/2023 10:22:4] /i 1387
[12/4/2023 10:22:7] /r
[12/4/2023 10:22:35] /r
[12/4/2023 10:24:46] /i 8981
[12/4/2023 10:27:30] /i 6527
[12/4/2023 10:29:11] /i 1800
[12/4/2023 10:33:45] /shutdown
[12/4/2023 10:37:17] /reload globalevents
[12/4/2023 10:37:51] /reload globalevents
[12/4/2023 10:40:15] /reload globalevents
[12/4/2023 10:41:51] !online
[12/4/2023 10:43:31] /i 2160
[12/4/2023 10:48:13] /reload creatuscrept
[12/4/2023 10:48:19] /reload creaturescript
[12/4/2023 11:6:15] /shutdown
[12/4/2023 11:24:31] /shutdown
[12/4/2023 11:30:57] /a 5
[12/4/2023 11:31:7] /a 5
[12/4/2023 11:31:8] /a 5
[12/4/2023 11:33:43] /goto Ghazbaran
[12/4/2023 11:35:4] /goto Ghazbaran
[12/4/2023 11:35:45] /i ritual point
[12/4/2023 11:35:49] /i ritual point
[12/4/2023 11:35:52] /i ritual point
[12/4/2023 11:35:54] /i ritual point
[12/4/2023 11:35:56] /t
[12/4/2023 11:38:58] /i 20112
[12/4/2023 11:51:21] /i 12666
[12/4/2023 12:33:17] /shutdown
[12/4/2023 12:39:47] /i ritual point
[12/4/2023 12:40:6] /shutdown
[12/4/2023 12:40:45] /i 11197
[12/4/2023 12:40:57] /i 11197
[12/4/2023 12:40:59] /i 11197
[12/4/2023 12:41:9] /r
[12/4/2023 13:17:20] /shutdown
[12/4/2023 13:18:40] /i 20811
[12/4/2023 13:18:49] /i 20812
[12/4/2023 13:21:41] /i stone skin amulet
[12/4/2023 13:23:33] /i 20745
[12/4/2023 13:24:19] /i 20744
[12/4/2023 13:24:40] /i 20743
[12/4/2023 13:25:23] /i 20746
[12/4/2023 13:25:27] /i 20745
[12/4/2023 13:25:30] /i 20747
[12/4/2023 13:25:32] /i 20748
[12/4/2023 13:25:35] /i 20747
[12/4/2023 13:39:5] /shutdown
[12/4/2023 13:48:8] /shutdown
[12/4/2023 13:56:36] /shutdown
[12/4/2023 14:10:49] /i 20743
[12/4/2023 14:12:22] /i 6025
[12/4/2023 14:19:8] /goto mun ra
[12/4/2023 14:28:13] /shutdown
[12/4/2023 14:35:45] /i 747
[12/4/2023 14:47:11] /i 747
[12/4/2023 14:47:35] /shutdown
[12/4/2023 14:52:34] /reload npcs
[12/4/2023 14:55:32] /reload npcs
[12/4/2023 14:57:19] /reload npcs
[12/4/2023 14:57:51] /shutdown
[12/4/2023 14:58:59] /reload npcs
[12/4/2023 15:2:17] /reload npcs
[12/4/2023 15:3:16] /reload npcs
[12/4/2023 15:5:20] /reload npcs
[12/4/2023 15:6:14] /reload npcs
[12/4/2023 15:7:35] /t
[12/4/2023 15:7:42] /reload npcs
[12/4/2023 15:19:3] /shutdown
[12/4/2023 16:3:6] /goto Rupture
[12/4/2023 16:3:42] /t
[12/4/2023 16:4:21] /i ritual points
[12/4/2023 16:4:23] /i ritual point
[12/4/2023 16:15:2] /reload globalevents
[12/4/2023 16:15:17] /r
[12/4/2023 16:15:35] /r
[12/4/2023 16:15:37] /r
[12/4/2023 16:15:54] /r
[12/4/2023 16:17:39] /r
[12/4/2023 16:17:40] /r
[12/4/2023 16:17:41] /r
[12/4/2023 16:17:42] /r
[12/4/2023 16:24:33] /r
[12/4/2023 16:24:34] /r
[12/4/2023 16:24:35] /r
[12/4/2023 16:24:35] /r
[12/4/2023 16:24:39] /r
[12/4/2023 16:24:41] /r
[12/4/2023 16:24:49] /r
[12/4/2023 16:24:52] /r
[12/4/2023 20:52:1] /i 20678
[12/4/2023 20:54:30] /i 20794
[12/4/2023 20:55:2] /i 20812
[12/4/2023 20:55:17] /i 20811
[12/4/2023 21:7:17] /shutdown
[12/4/2023 21:8:3] /i 20811
[12/4/2023 21:8:5] /i 20810
[12/4/2023 21:8:17] /i 20815
[12/4/2023 21:8:19] /i 20812
[12/4/2023 21:10:6] /i 20612
[12/4/2023 21:10:16] /i 20795
[12/4/2023 21:10:33] /i 20783
[12/4/2023 21:10:40] /i 20793
[12/4/2023 21:10:47] /i 20792
[12/4/2023 21:11:45] /i 20780
[12/4/2023 21:12:44] /i 20745
[12/4/2023 21:13:27] /i 20743
[12/4/2023 21:14:28] /i 20796
[12/4/2023 21:20:12] /i 20745
[12/4/2023 21:20:27] /shutdown
[12/4/2023 21:21:40] /i 20792
[12/4/2023 21:21:48] /i 20793
[12/4/2023 21:21:56] /r
[12/4/2023 21:21:57] /r
[12/4/2023 21:22:3] /i 20794
[12/4/2023 21:22:43] /i 20795
[12/4/2023 21:23:28] /i 19631
[12/4/2023 21:25:40] /shutdown
[12/4/2023 21:26:34] /i 20794
[12/4/2023 21:26:44] /i 20795
[12/4/2023 21:35:42] /shutdown
[12/4/2023 21:36:9] /i 5953
[13/4/2023 10:6:36] /shutdown
[13/4/2023 10:7:46] /i rope
[13/4/2023 10:11:8] /i shovel
[13/4/2023 10:48:20] /shutdown
[13/4/2023 10:52:3] /i loterry ticket
[13/4/2023 11:31:53] /shutdown
[13/4/2023 11:33:3] /shutdown
[13/4/2023 11:34:52] /shutdown
[13/4/2023 11:39:22] !protecthouse
[13/4/2023 11:39:26] !protecthouse on
[13/4/2023 11:39:34] !protecthouse on
[13/4/2023 11:39:46] aleta som
[13/4/2023 11:41:31] /reward
[13/4/2023 11:41:34] /reward xd
[13/4/2023 11:41:39] /reward 2160
[13/4/2023 11:41:45] /reward 2160
[13/4/2023 11:41:46] /reward 2160
[13/4/2023 11:41:48] /reward 2160
[13/4/2023 11:57:24] /shutdown
[13/4/2023 12:41:7] /shutdown
[13/4/2023 13:0:27] /i 16822
[13/4/2023 13:2:16] /i exercise
[13/4/2023 13:2:18] /i exercise rod
[13/4/2023 13:2:27] /i exercise axe
[13/4/2023 13:2:29] /i exercise wand
[13/4/2023 13:2:31] /i exercise club
[13/4/2023 13:2:34] /i exercise sword
[13/4/2023 13:2:38] /i exercise bow
[13/4/2023 13:5:26] /goto Malofur
[13/4/2023 13:5:42] /goto Malofur Mangrinder
[13/4/2023 13:6:11] /t
[13/4/2023 13:12:50] /shutdown
[13/4/2023 13:20:41] /shutdown
[13/4/2023 13:21:38] /goto Blightwalker
[13/4/2023 13:21:52] /goto Blightwalker
[13/4/2023 13:22:23] /shutdown
[13/4/2023 13:27:29] /t
[13/4/2023 13:27:32] /shutdown
[13/4/2023 14:1:7] /t
[13/4/2023 14:4:33] /t
[13/4/2023 14:6:5] /t
[13/4/2023 14:6:33] /goto ferumbras ascendant
[13/4/2023 14:8:35] /ghost
[14/4/2023 0:31:43] /ghost
[14/4/2023 0:37:38] /t
[14/4/2023 0:45:14] /t
[14/4/2023 1:1:9] /t
[14/4/2023 1:1:40] /t
[14/4/2023 1:2:13] /goto Testa Drui
[14/4/2023 1:7:54] /c Testa Drui
[14/4/2023 1:8:18] /c Testa Drui
[14/4/2023 1:8:51] /t
[14/4/2023 1:9:6] /shutdown
[14/4/2023 1:14:11] /up
[14/4/2023 1:14:44] /up
[14/4/2023 1:14:50] /t
[14/4/2023 8:3:57] /up
[14/4/2023 8:4:13] /up
[14/4/2023 8:5:0] /goto Cobra Assassin
[14/4/2023 8:8:3] /goto pharoh
[14/4/2023 8:8:8] /goto pharao
[14/4/2023 8:8:9] /goto pharao
[14/4/2023 8:8:13] /goto pharao
[14/4/2023 8:8:39] /up
[14/4/2023 8:8:40] /up
[14/4/2023 8:11:5] /up
[14/4/2023 8:11:7] /up
[14/4/2023 8:11:10] /up
[14/4/2023 8:11:11] /up
[14/4/2023 8:12:55] /goto Cobra Vizier
[14/4/2023 8:12:57] /r
[14/4/2023 8:12:58] /r
[14/4/2023 8:12:59] /goto Cobra Vizier
[14/4/2023 8:13:9] /t
[14/4/2023 8:37:1] /shutdown
[14/4/2023 8:40:55] /up
[14/4/2023 8:41:0] /up
[15/4/2023 9:55:1] /t
[15/4/2023 10:4:16] /t
[17/4/2023 10:49:20] /i exercise rod
[17/4/2023 10:49:22] /i exercise rod
[17/4/2023 10:49:37] /r
[17/4/2023 12:16:15] /r
[17/4/2023 12:16:16] /r
[17/4/2023 12:53:50] /goto pharaoh
[17/4/2023 12:53:55] /down
[17/4/2023 12:53:56] /down
[17/4/2023 12:54:12] /goto pharaoh
[17/4/2023 12:55:40] /r
[17/4/2023 12:55:41] /goto pharaoh
[17/4/2023 12:56:12] /t
[17/4/2023 13:50:51] /t
[17/4/2023 13:52:12] /openserver
[17/4/2023 13:52:17] /closeserver
[17/4/2023 14:0:25] /t
[17/4/2023 14:3:7] /i 5953
[17/4/2023 14:12:41] /i 13360
[17/4/2023 14:14:24] /i 13380
[17/4/2023 14:15:26] /i 13371
[17/4/2023 14:15:49] /i 13387
[17/4/2023 14:16:5] /i 13383
[17/4/2023 14:16:16] /i 13389
[17/4/2023 14:16:24] /i 13388
[17/4/2023 14:16:39] /i 12687
[17/4/2023 14:16:48] /i 12688
[17/4/2023 14:16:54] /i 12690
[17/4/2023 14:16:59] /i 12689
[17/4/2023 14:17:8] /i 12699
[17/4/2023 14:17:19] /i 13376
[17/4/2023 14:17:40] /i 13382
[17/4/2023 14:17:59] /i 12700
[17/4/2023 14:18:11] /i 12698
[17/4/2023 14:18:35] /i 12692
[17/4/2023 14:18:48] /i 12691
[17/4/2023 14:19:4] /i 13386
[17/4/2023 14:19:17] /i 13384
[17/4/2023 14:19:38] /i 12701
[17/4/2023 14:19:48] /i 13358
[17/4/2023 14:19:55] /i 13356
[17/4/2023 14:20:7] /i 13357
[17/4/2023 14:20:35] /i 13359
[17/4/2023 14:20:47] /i 13464
[17/4/2023 14:21:25] /i 13088
[17/4/2023 14:22:6] /i 6300
[17/4/2023 14:22:47] /i 12852
[17/4/2023 14:23:26] /i 12704
[17/4/2023 14:23:41] /i 13354
[17/4/2023 14:23:49] /i 13353
[17/4/2023 14:24:0] /i 12846
[17/4/2023 14:24:38] /i 13355
[17/4/2023 14:25:51] /goto King Zelos
[17/4/2023 14:54:51] /t
[17/4/2023 14:56:23] /i clusters of solace 
[17/4/2023 14:56:24] /i clusters of solace 
[17/4/2023 14:56:25] /i clusters of solace 
[17/4/2023 14:56:32] /i cluster of solace
[17/4/2023 14:56:33] /i cluster of solace
[17/4/2023 14:56:33] /i cluster of solace
[17/4/2023 14:56:34] /i cluster of solace
[17/4/2023 14:56:36] /i cluster of solace
[17/4/2023 14:56:39] /i cluster of solace
[17/4/2023 14:56:41] /i cluster of solace
[17/4/2023 14:56:42] /i cluster of solace
[17/4/2023 14:56:45] /i cluster of solace
[17/4/2023 14:56:46] /i cluster of solace
[17/4/2023 14:56:47] /i cluster of solace
[17/4/2023 14:56:47] /i cluster of solace
[17/4/2023 14:56:48] /i cluster of solace
[17/4/2023 14:57:35] /i Dream Warden Claw
[17/4/2023 14:57:56] /i Dream Warden Claw
[17/4/2023 15:0:31] /i Umbral Master Spellbook
[17/4/2023 15:21:52] /i 13111
[17/4/2023 15:22:18] /i 13113
[17/4/2023 15:22:40] /i 7443
[17/4/2023 15:22:57] /i 12692
[17/4/2023 15:23:5] /i 8981
[17/4/2023 15:23:17] /i 10559
[17/4/2023 15:25:44] /i ticket roleta 
[17/4/2023 15:25:45] /i ticket roleta 
[17/4/2023 15:25:46] /i ticket roleta 
[17/4/2023 15:26:35] /up
[17/4/2023 15:26:36] /up
[17/4/2023 15:27:12] /down
[17/4/2023 15:27:13] /down
[17/4/2023 15:27:33] /shutdown
[17/4/2023 15:29:9] /closeserver
[17/4/2023 15:29:38] /i ticket roleta
[17/4/2023 15:29:39] /i ticket roleta
[17/4/2023 15:29:40] /i ticket roleta
[17/4/2023 15:29:41] /i ticket roleta
[17/4/2023 15:29:41] /i ticket roleta
[17/4/2023 15:30:47] /i 1548
[17/4/2023 15:31:4] /r
[17/4/2023 15:35:17] /i 13117
[17/4/2023 15:35:43] /i 13381
[17/4/2023 15:36:2] /i 13374
[17/4/2023 15:36:10] /i 13373
[17/4/2023 15:40:3] /i 13072
[17/4/2023 15:40:26] /i 13072
[17/4/2023 15:41:32] /i Umbral Master Crossbow
[17/4/2023 15:41:45] /i Umbral Master Crossbow
[17/4/2023 15:42:42] /i 13069
[17/4/2023 15:43:35] /i 13066
[17/4/2023 15:43:46] /i 13066
[17/4/2023 15:44:23] /i 13060
[17/4/2023 15:45:31] /i 13059
[17/4/2023 15:45:36] /i 13060
[17/4/2023 15:45:52] /i 13054
[17/4/2023 15:47:16] /i 12950
[17/4/2023 15:47:33] /i 12889
[17/4/2023 15:47:42] /i 12888
[17/4/2023 15:49:30] /i 12666
[17/4/2023 15:52:4] /i refine stone
[17/4/2023 15:52:6] /i refine stone
[17/4/2023 15:52:14] /i refine stone
[17/4/2023 15:52:15] /i refine stone
[17/4/2023 15:52:30] /i refine stone
[17/4/2023 15:52:31] /i refine stone
[17/4/2023 15:52:32] /i refine stone
[17/4/2023 15:52:52] /i refine stone
[17/4/2023 15:52:54] /i refine stone
[17/4/2023 15:53:13] /i refine stone
[17/4/2023 15:53:17] /i refine stone
[17/4/2023 15:53:20] /i refine stone
[17/4/2023 15:53:26] /i refine stone
[17/4/2023 15:59:38] /shutdown
[17/4/2023 16:4:13] /closeserver
[17/4/2023 16:5:52] /shutdown
[17/4/2023 16:12:0] /i ticket roleta
[17/4/2023 16:12:1] /i ticket roleta
[17/4/2023 16:12:35] /shutdown
[17/4/2023 16:19:0] /shutdown
[19/4/2023 2:37:2] /shutdown
[19/4/2023 3:5:42] /shutdown
[19/4/2023 3:33:53] /reload actions
[19/4/2023 3:43:54] /shutdown
[19/4/2023 3:46:16] /shutdown
[19/4/2023 3:53:30] /shutdown
[19/4/2023 4:10:12] !buyhouse
[19/4/2023 4:10:15] /i 2160
[19/4/2023 4:10:17] !buyhouse
[19/4/2023 4:10:19] /i 2160
[19/4/2023 4:10:20] /i 2160
[19/4/2023 4:10:21] !buyhouse
[19/4/2023 4:10:28] /i 2160
[19/4/2023 4:10:29] /i 2160
[19/4/2023 4:10:29] /i 2160
[19/4/2023 4:10:30] /i 2160
[19/4/2023 4:10:31] /i 2160
[19/4/2023 4:10:31] /i 2160
[19/4/2023 4:10:32] /i 2160
[19/4/2023 4:10:33] /i 2160
[19/4/2023 4:10:34] /i 2160
[19/4/2023 4:10:35] !buyhouse
[19/4/2023 4:10:45] !buyhouse
[19/4/2023 4:10:48] /i 2160
[19/4/2023 4:10:50] /i 2160
[19/4/2023 4:10:54] !buyhouse
[19/4/2023 4:13:51] /t
[19/4/2023 4:15:12] /shutdown
[19/4/2023 4:23:52] /shutdown
[19/4/2023 4:35:6] /shutdown
[19/4/2023 4:42:59] /shutdown
[19/4/2023 5:3:13] /i 16006
[19/4/2023 5:3:15] /r
[19/4/2023 5:3:28] /i Ferumbras Exercise Dummy
[19/4/2023 13:56:31] /a 5
[19/4/2023 14:5:17] /t
[19/4/2023 14:17:42] /shutdown
[19/4/2023 14:34:52] /shutdown
[20/4/2023 0:49:26] /r
[20/4/2023 1:7:32] /goto warlock
[20/4/2023 1:7:52] /goto warlock
[20/4/2023 1:9:35] /t
[20/4/2023 1:10:45] /t
[20/4/2023 1:19:11] /up
[20/4/2023 1:20:16] /down
[20/4/2023 2:1:16] /shutdown
[20/4/2023 2:21:27] /shutdown
[20/4/2023 12:26:20] /t
[20/4/2023 13:45:22] /shutdown
[20/4/2023 14:25:31] /shutdown
[20/4/2023 14:43:31] /shutdown
[20/4/2023 14:43:59] /shutdown
[20/4/2023 14:45:48] /shutdown
[20/4/2023 14:46:12] /t
[20/4/2023 14:46:39] /t
[20/4/2023 14:48:59] /shutdown
[20/4/2023 14:50:26] /shutdown
[20/4/2023 14:52:1] /t
[20/4/2023 14:53:22] /shutdown
[20/4/2023 14:56:8] /shutdown
[20/4/2023 14:56:51] /shutdown
[20/4/2023 15:2:55] /goto DRAGONKING
[20/4/2023 15:4:36] /goto Boss DRAGONKING
[20/4/2023 15:4:38] /goto Boss DRAGONKING
[20/4/2023 15:4:49] /goto DRAGONKING
[20/4/2023 15:4:55] /goto DEMON
[20/4/2023 15:5:7] /goto nubank
[20/4/2023 15:7:50] /t
[20/4/2023 15:9:31] /clean
[21/4/2023 14:25:48] /i 20797
[21/4/2023 14:26:3] /r
[22/4/2023 2:36:28] /up
[22/4/2023 2:36:58] /up
[22/4/2023 2:36:59] /up
[22/4/2023 2:37:0] /up
[22/4/2023 2:44:47] /i 13380
[22/4/2023 2:45:25] /i 117
[24/4/2023 18:24:34] /shutdown
[24/4/2023 18:53:9] /shutdown
[24/4/2023 19:1:37] /shutdown
[24/4/2023 19:27:0] /shutdown
[24/4/2023 21:10:23] /shutdown
[24/4/2023 21:22:6] /shutdown
[24/4/2023 21:51:50] /shutdown
[24/4/2023 21:52:16] /shutdown
[24/4/2023 22:25:55] /shutdown
[24/4/2023 22:50:2] /shutdown
[24/4/2023 22:56:41] /reload npcs
[24/4/2023 22:57:26] /reload npcs
[24/4/2023 22:58:16] /reload npcs
[24/4/2023 22:58:26] /reload npcs
[24/4/2023 22:59:29] /reload npcs
[24/4/2023 23:0:26] /reload npcs
[24/4/2023 23:1:19] /t
[24/4/2023 23:1:26] /goto nubbank
[24/4/2023 23:1:32] /goto nubank
[24/4/2023 23:1:38] /t
[24/4/2023 23:1:40] /goto azuma
[24/4/2023 23:2:0] /goto Rashid
[24/4/2023 23:2:18] /up
[24/4/2023 23:2:19] /up
[24/4/2023 23:2:20] /up
[24/4/2023 23:2:24] /up
[24/4/2023 23:2:25] /up
[24/4/2023 23:2:44] /goto CASTLE WINNER
[24/4/2023 23:6:1] /reload monster
[24/4/2023 23:6:7] /reload monster
[24/4/2023 23:46:40] /i spellbook
[24/4/2023 23:47:39] /i 20811
[24/4/2023 23:48:51] /shutdown
[24/4/2023 23:49:35] /i 20816
[24/4/2023 23:49:51] /i 20815
[24/4/2023 23:50:9] /i 20813
[24/4/2023 23:50:11] /i 20814
[24/4/2023 23:50:13] /i 20814
[24/4/2023 23:50:28] /i 20814
[24/4/2023 23:51:47] /shutdown
[24/4/2023 23:52:34] /i 20814
[24/4/2023 23:53:16] /i 20814
[24/4/2023 23:54:33] /shutdown
[24/4/2023 23:54:57] /i 19633
[24/4/2023 23:55:4] /i 20817
[24/4/2023 23:55:17] /i 20813
[24/4/2023 23:55:21] /i 20814
[24/4/2023 23:56:11] /r
[24/4/2023 23:56:12] /i 20815
[25/4/2023 0:16:45] /shutdown
[25/4/2023 0:20:2] /shutdown
[25/4/2023 0:25:34] /i 10559
[25/4/2023 0:27:37] /reload npcs
[25/4/2023 0:28:10] /i 2160
[25/4/2023 0:28:16] /i 10559
[25/4/2023 0:28:17] /i 10559
[25/4/2023 0:28:17] /i 10559
[25/4/2023 0:28:18] /i 10559
[25/4/2023 0:28:52] /i 10559
[25/4/2023 0:28:52] /i 10559
[25/4/2023 0:28:53] /i 10559
[25/4/2023 0:28:53] /i 10559
[25/4/2023 0:28:54] /i 10559
[25/4/2023 0:42:41] /reload npcs
[25/4/2023 0:42:54] /i 10559
[25/4/2023 0:42:55] /i 10559
[25/4/2023 0:42:56] /i 10559
[25/4/2023 0:42:56] /i 10559
[25/4/2023 0:42:57] /i 10559
[25/4/2023 0:42:58] /i 10559
[25/4/2023 0:42:58] /i 10559
[25/4/2023 0:42:59] /i 10559
[25/4/2023 0:43:16] /i 10559
[25/4/2023 0:43:17] /i 10559
[25/4/2023 0:43:17] /i 10559
[25/4/2023 0:47:37] /reload npcs
[25/4/2023 0:52:58] /reload npcs
[25/4/2023 0:53:54] /reload npcs
[25/4/2023 0:55:58] /reload npcs
[25/4/2023 0:56:24] /i 10559
[25/4/2023 0:56:25] /i 10559
[25/4/2023 0:56:25] /i 10559
[25/4/2023 0:56:26] /i 10559
[25/4/2023 0:56:27] /i 10559
[25/4/2023 0:56:31] /i 10559
[25/4/2023 0:56:31] /i 10559
[25/4/2023 0:56:35] /i 10559
[25/4/2023 0:56:37] /i 10559
[25/4/2023 0:56:57] /i 10559
[25/4/2023 0:56:57] /i 10559
[25/4/2023 0:56:58] /i 10559
[25/4/2023 0:56:58] /i 10559
[25/4/2023 0:56:59] /i 10559
[25/4/2023 0:56:59] /i 10559
[25/4/2023 0:57:0] /i 10559
[25/4/2023 0:57:0] /i 10559
[25/4/2023 0:57:1] /i 10559
[25/4/2023 0:57:2] /i 10559
[25/4/2023 0:57:2] /i 10559
[25/4/2023 0:57:39] /i 10559
[25/4/2023 0:57:39] /i 10559
[25/4/2023 0:57:40] /i 10559
[25/4/2023 0:57:40] /i 10559
[25/4/2023 0:57:41] /i 10559
[25/4/2023 0:57:41] /i 10559
[25/4/2023 0:57:42] /i 10559
[25/4/2023 0:57:42] /i 10559
[25/4/2023 0:57:45] /reload npcs
[25/4/2023 0:58:3] /i 10559
[25/4/2023 0:58:3] /i 10559
[25/4/2023 0:58:4] /i 10559
[25/4/2023 0:58:4] /i 10559
[25/4/2023 0:58:5] /i 10559
[25/4/2023 0:58:6] /i 10559
[25/4/2023 0:58:7] /i 10559
[25/4/2023 0:58:7] /i 10559
[25/4/2023 3:41:56] /shutdown
[25/4/2023 3:55:25] /shutdown
[25/4/2023 4:2:29] /reload nps
[25/4/2023 4:2:33] /reload npcs
[25/4/2023 4:3:48] /reload npcs
[25/4/2023 4:5:52] /reload npcs
[25/4/2023 4:6:34] /i 5953
[25/4/2023 4:8:44] /reload npcs
[25/4/2023 4:12:36] /reload npcs
[25/4/2023 4:13:35] /reload npcs
[25/4/2023 4:14:16] /reload npcs
[25/4/2023 4:16:34] /reload npcs
[25/4/2023 4:17:41] /reload npcs
[25/4/2023 13:7:1] /reload global
[25/4/2023 13:7:37] /reload global
[25/4/2023 13:8:38] /reload global
[25/4/2023 13:9:48] /reload global
[25/4/2023 13:11:18] /reload global
[25/4/2023 13:13:4] /down
[25/4/2023 13:13:43] /r
[25/4/2023 13:15:1] /reload global
[25/4/2023 13:15:27] /reload global
[25/4/2023 13:15:47] /reload global
[25/4/2023 13:16:33] /a
[25/4/2023 13:16:36] /a 5
[25/4/2023 13:23:1] /i Mystical Escriture
[25/4/2023 13:24:38] /reload npcs
[25/4/2023 13:24:48] /a 5
[25/4/2023 13:39:49] /shutdown
[25/4/2023 13:41:50] /reload npcs
[25/4/2023 14:0:13] /shutdown
[26/4/2023 4:13:7] /i 20810
[26/4/2023 4:14:36] /i 20811
[26/4/2023 4:20:9] /i ring
[26/4/2023 4:22:52] /shutdown
[26/4/2023 4:23:46] /i 20823
[26/4/2023 4:23:57] /r
[26/4/2023 4:24:5] /i 20824
[26/4/2023 4:24:10] /r
[26/4/2023 4:24:15] /i 20825
[26/4/2023 4:24:34] /i 20826
[26/4/2023 4:24:40] /i 20827
[26/4/2023 4:24:49] /i 20828
[26/4/2023 4:25:8] /i 20829
[26/4/2023 4:25:29] /i 20830
[26/4/2023 4:25:48] /i 20831
[26/4/2023 4:26:11] /i 20837
[26/4/2023 4:26:23] /i 20838
[26/4/2023 4:27:41] /i 20839
[26/4/2023 4:28:1] /i 20841
[26/4/2023 4:34:26] /shutdown
[26/4/2023 4:35:22] /i 20839
[26/4/2023 4:35:32] /i 20844
[26/4/2023 4:35:59] /r
[26/4/2023 4:36:0] /r
[26/4/2023 5:7:57] /shutdown
[26/4/2023 5:14:30] /i 20864
[26/4/2023 5:14:32] /i 20864
[26/4/2023 5:14:49] /r
[26/4/2023 5:14:52] /i 20865
[26/4/2023 5:19:9] /shutdown
[26/4/2023 15:12:59] /shutdown
[27/4/2023 2:36:38] /a 4
[27/4/2023 4:29:58] /shutdown
[27/4/2023 5:9:36] /shutdown
[27/4/2023 14:41:13] /reload monsters
[27/4/2023 14:46:59] /shutdown
[27/4/2023 14:52:23] /a 5
[27/4/2023 15:1:19] /i 8870
[27/4/2023 15:10:0] /shutdown
[27/4/2023 15:18:0] /i 19803
[27/4/2023 15:18:54] /i 20952
[27/4/2023 15:19:38] /i 20952
[27/4/2023 15:19:49] /i 20951
[27/4/2023 15:22:29] /shutdown
[28/4/2023 10:56:40] /goto Styller-Lailene
[28/4/2023 11:22:2] /shutdown
[28/4/2023 11:45:8] /shutdown
[28/4/2023 11:51:51] /i 16331
[28/4/2023 11:51:54] /r
[28/4/2023 11:52:5] /i 5142
[28/4/2023 11:52:7] /r
[28/4/2023 13:5:29] /shutdown
[28/4/2023 13:25:53] /i 2414
[28/4/2023 13:27:58] /i 2534
[28/4/2023 13:28:19] /shutdown
[28/4/2023 13:33:20] /down
[28/4/2023 13:33:21] /down
[28/4/2023 13:36:12] /up
[28/4/2023 13:38:12] /t
[28/4/2023 13:55:38] /i 3976
[28/4/2023 13:56:26] /t
[28/4/2023 13:56:33] /shutdown
[28/4/2023 14:1:30] /r
[28/4/2023 14:1:36] /r
[28/4/2023 14:1:38] /r
[28/4/2023 14:1:40] /r
[28/4/2023 14:1:42] /r
[28/4/2023 14:1:57] /up
[28/4/2023 14:1:59] /up
[28/4/2023 14:30:20] /shutdown
[28/4/2023 14:36:47] /t
[28/4/2023 14:56:18] /shutdown
[28/4/2023 14:59:42] /t
[28/4/2023 15:0:44] /goto Diblis
[28/4/2023 15:0:50] /goto Diblis the Fair
[28/4/2023 15:7:27] /t
[28/4/2023 15:9:6] !buyhouse
[28/4/2023 15:9:11] !buyhouse
[28/4/2023 15:11:33] /up
[28/4/2023 15:40:16] /t
[29/4/2023 0:32:56] /goto hellgorak
[29/4/2023 0:32:59] /r
[29/4/2023 0:33:6] /goto hellgorak
[29/4/2023 0:33:8] /r
[29/4/2023 0:33:9] /r
[29/4/2023 0:33:11] /goto hellgorak
[29/4/2023 0:33:13] /r
[29/4/2023 0:33:14] /goto hellgorak
[29/4/2023 0:33:19] /r
[29/4/2023 0:33:21] /goto hellgorak
[29/4/2023 0:33:24] /r
[29/4/2023 0:33:26] /goto hellgorak
[29/4/2023 0:35:55] /i axe
[29/4/2023 0:36:43] /attr attack
[29/4/2023 0:36:46] /attr attack 1
[29/4/2023 0:36:51] /attr attack, 1
[29/4/2023 0:37:41] /attr set attack, 1
[29/4/2023 0:37:45] /attr set attack, 4654654
[29/4/2023 0:37:51] /attr set attack, 465
[29/4/2023 0:37:57] /attr set attack, 465
[29/4/2023 0:38:1] /attr setattack, 465
[29/4/2023 0:38:5] /attr set attack, 465
[29/4/2023 0:38:8] /attr set attack, 465
[29/4/2023 0:38:15] /attr attack, 465
[29/4/2023 1:38:41] /a 3
[29/4/2023 1:40:4] /down
[29/4/2023 1:43:37] /up
[29/4/2023 2:28:46] /t
[29/4/2023 2:28:52] /t
[29/4/2023 2:46:37] /shutdown
[29/4/2023 2:52:8] /shutdown
[29/4/2023 3:0:32] /t
[29/4/2023 3:5:20] /t
[30/4/2023 0:29:53] /t
[30/4/2023 1:50:0] /shutdown
[30/4/2023 2:2:2] /reload monsters
[30/4/2023 2:2:45] /reload monsters
[30/4/2023 2:2:54] /shutdown
[30/4/2023 2:3:49] /t
[30/4/2023 2:6:30] /reload npcs
[30/4/2023 2:6:44] /shutdown
[30/4/2023 2:28:50] /goto pharao
[30/4/2023 2:28:54] /goto pharaot
[30/4/2023 2:28:58] /goto Pharao
[30/4/2023 2:29:3] /goto Pharaoh
[30/4/2023 2:29:11] /goto Pharaoh
[30/4/2023 2:29:16] /goto Pharaoh
[30/4/2023 2:29:21] /goto Pharaoh
[30/4/2023 2:30:19] /goto Pharaoh
[30/4/2023 2:30:23] /goto Pharaoh
[30/4/2023 2:31:1] /t
[30/4/2023 2:34:47] /up
[30/4/2023 2:37:11] /goto demodras
[30/4/2023 2:37:26] /goto demodras
[30/4/2023 2:37:59] /goto ferumbras
[30/4/2023 2:38:2] /goto ferumbras
[30/4/2023 2:39:40] /t
[30/4/2023 2:41:15] /t
[30/4/2023 8:35:13] /goto Mawhawk
[30/4/2023 21:21:29] /t
[30/4/2023 21:21:32] /shutdown
[30/4/2023 21:27:37] /shutdown
[30/4/2023 22:1:36] /shutdown
[30/4/2023 22:4:0] /reload npcs
[30/4/2023 22:5:23] /reload npcs
[30/4/2023 22:6:58] /reload npcs
[30/4/2023 22:7:24] /i 10559
[30/4/2023 22:7:25] /i 10559
[30/4/2023 22:7:35] /i 10559
[30/4/2023 22:7:36] /i 10559
[30/4/2023 22:18:50] /i 10559
[30/4/2023 22:18:51] /i 10559
[30/4/2023 22:18:51] /i 10559
[30/4/2023 22:18:52] /i 10559
[30/4/2023 22:18:52] /i 10559
[30/4/2023 22:18:53] /i 10559
[30/4/2023 22:18:54] /i 10559
[30/4/2023 22:18:55] /i 10559
[30/4/2023 23:14:44] /t
[1/5/2023 0:55:35] /shutdown
[1/5/2023 3:4:57] /shutdown
[1/5/2023 3:38:0] /shutdown
[1/5/2023 3:50:59] /shutdown
[1/5/2023 8:41:19] /reload npcs
[1/5/2023 8:41:30] /i backpack
[1/5/2023 8:41:30] /i backpack
[1/5/2023 8:41:31] /i backpack
[1/5/2023 8:41:39] /i 10559
[1/5/2023 8:41:45] /i 10559
[1/5/2023 8:41:45] /i 10559
[1/5/2023 8:41:45] /i 10559
[1/5/2023 8:41:45] /i 10559
[1/5/2023 8:41:45] /i 10559
[1/5/2023 8:41:45] /i 10559
[1/5/2023 8:41:46] /i 10559
[1/5/2023 8:41:46] /i 10559
[1/5/2023 8:41:46] /i 10559
[1/5/2023 8:41:46] /i 10559
[1/5/2023 8:41:46] /i 10559
[1/5/2023 8:41:47] /i 10559
[1/5/2023 8:41:47] /i 10559
[1/5/2023 8:41:47] /i 10559
[1/5/2023 8:41:47] /i 10559
[1/5/2023 8:41:47] /i 10559
[1/5/2023 8:41:47] /i 10559
[1/5/2023 8:41:48] /i 10559
[1/5/2023 8:41:48] /i 10559
[1/5/2023 8:41:48] /i 10559
[1/5/2023 8:41:48] /i 10559
[1/5/2023 8:41:48] /i 10559
[1/5/2023 8:41:49] /i 10559
[1/5/2023 8:41:49] /i 10559
[1/5/2023 8:41:49] /i 10559
[1/5/2023 8:41:49] /i 10559
[1/5/2023 8:41:49] /i 10559
[1/5/2023 8:41:50] /i 10559
[1/5/2023 8:41:50] /i 10559
[1/5/2023 8:41:50] /i 10559
[1/5/2023 8:41:50] /i 10559
[1/5/2023 8:41:50] /i 10559
[1/5/2023 8:41:51] /i 10559
[1/5/2023 8:41:51] /i 10559
[1/5/2023 8:41:51] /i 10559
[1/5/2023 8:41:51] /i 10559
[1/5/2023 8:41:51] /i 10559
[1/5/2023 8:41:51] /i 10559
[1/5/2023 8:41:52] /i 10559
[1/5/2023 8:41:52] /i 10559
[1/5/2023 8:41:52] /i 10559
[1/5/2023 8:41:52] /i 10559
[1/5/2023 8:41:53] /i 10559
[1/5/2023 8:42:12] /i 10559
[1/5/2023 8:42:13] /i 10559
[1/5/2023 8:42:13] /i 10559
[1/5/2023 8:42:13] /i 10559
[1/5/2023 8:42:13] /i 10559
[1/5/2023 8:42:13] /i 10559
[1/5/2023 8:42:14] /i 10559
[1/5/2023 8:42:14] /i 10559
[1/5/2023 8:42:14] /i 10559
[1/5/2023 8:42:14] /i 10559
[1/5/2023 8:42:14] /i 10559
[1/5/2023 8:42:15] /i 10559
[1/5/2023 8:42:15] /i 10559
[1/5/2023 8:42:15] /i 10559
[1/5/2023 8:42:15] /i 10559
[1/5/2023 8:42:15] /i 10559
[1/5/2023 8:42:16] /i 10559
[1/5/2023 8:42:16] /i 10559
[1/5/2023 8:42:16] /i 10559
[1/5/2023 8:42:36] /i 10559
[1/5/2023 8:42:36] /i 10559
[1/5/2023 8:42:36] /i 10559
[1/5/2023 8:42:37] /i 10559
[1/5/2023 8:42:37] /i 10559
[1/5/2023 8:42:37] /i 10559
[1/5/2023 8:42:37] /i 10559
[1/5/2023 8:42:37] /i 10559
[1/5/2023 8:42:38] /i 10559
[1/5/2023 8:42:38] /i 10559
[1/5/2023 8:42:38] /i 10559
[1/5/2023 8:42:38] /i 10559
[1/5/2023 8:42:38] /i 10559
[1/5/2023 8:42:39] /i 10559
[1/5/2023 8:42:39] /i 10559
[1/5/2023 8:42:39] /i 10559
[1/5/2023 8:42:39] /i 10559
[1/5/2023 8:42:39] /i 10559
[1/5/2023 8:42:39] /i 10559
[1/5/2023 8:42:40] /i 10559
[1/5/2023 8:42:40] /i 10559
[1/5/2023 8:42:40] /i 10559
[1/5/2023 8:42:40] /i 10559
[1/5/2023 8:42:40] /i 10559
[1/5/2023 8:42:41] /i 10559
[1/5/2023 8:42:41] /i 10559
[1/5/2023 8:42:41] /i 10559
[1/5/2023 8:42:41] /i 10559
[1/5/2023 8:42:41] /i 10559
[1/5/2023 18:24:48] /i 20819
[1/5/2023 18:24:51] /r
[1/5/2023 18:24:53] /i 20819
[1/5/2023 20:31:45] /goto Pifafa
[1/5/2023 20:43:32] !online
[1/5/2023 20:43:44] !online
[1/5/2023 20:43:46] !uptime
[1/5/2023 20:46:14] /i exercise rod
[1/5/2023 20:46:25] /i exercise rod
[1/5/2023 20:50:8] /i exercise rod
[1/5/2023 20:52:43] /i exercise rod
[1/5/2023 20:56:21] /i exercise rod
[1/5/2023 20:56:23] /i exercise rod
[1/5/2023 20:56:24] /i exercise rod
[1/5/2023 20:57:9] /i exercise wand
[1/5/2023 20:57:10] /i exercise wand
[1/5/2023 20:57:13] /i exercise wand
[2/5/2023 0:47:35] /shutdown
[2/5/2023 2:33:8] /t
