[13/12/2021 15:1:6] !aol
[13/12/2021 18:17:12] !online
[13/12/2021 19:43:26] !online
[13/12/2021 20:30:9] !frags
[14/12/2021 20:11:1] !frags
[16/12/2021 20:25:0] !frags
[16/12/2021 20:35:42] !frags
[16/12/2021 23:15:45] !frags
[16/12/2021 23:33:28] !online
[17/12/2021 20:42:14] !frags
[17/12/2021 22:4:55] !online
[16/2/2022 7:25:27] !aol
[16/2/2022 11:37:54] !aol
[16/2/2022 12:16:4] !aol
[16/2/2022 12:18:42] !aol
[16/2/2022 13:49:40] !aol
[16/2/2022 15:33:54] !aol
[16/2/2022 15:34:47] !aol
[16/2/2022 15:52:1] !aol
[16/2/2022 21:3:58] !aol
[16/2/2022 21:4:22] !aol
[17/2/2022 8:59:4] !aol
[17/2/2022 10:58:46] !aol
[17/2/2022 12:55:23] !rank magic level
[17/2/2022 12:55:34] !rank level
[17/2/2022 12:55:44] !rank magic
[18/2/2022 13:16:15] !aol
[19/2/2022 17:36:23] !frags
[19/2/2022 17:37:7] !frags
[19/2/2022 21:33:27] !aol
[19/2/2022 21:33:33] !aol
[20/2/2022 8:1:50] !aol
[20/2/2022 12:23:57] !aol
[20/2/2022 17:30:20] !aol
[20/2/2022 17:45:31] !aol
[20/2/2022 19:1:17] !aol
[20/2/2022 19:9:27] !aol
[31/5/2022 19:46:5] !aol
[1/6/2022 9:4:56] !emotespells on
[1/6/2022 9:30:33] !aol
[1/6/2022 13:21:7] !aol
[2/6/2022 0:50:27] !aol
[2/6/2022 18:37:17] !aol
[2/6/2022 18:51:3] !aol
[2/6/2022 19:27:27] !aol
[2/6/2022 19:37:40] !aol
[2/6/2022 19:57:55] !aol
[3/6/2022 19:49:42] !frags
[4/6/2022 20:17:9] !aol
[5/6/2022 9:56:6] !aol
