[10/2/2022 21:20:28] !aol
[10/2/2022 22:14:7] !aol
[10/2/2022 22:46:43] !aol
[10/2/2022 22:47:43] !emotespells off
[10/2/2022 22:47:50] !emotespells off
[10/2/2022 22:48:1] !emotespells on
[10/2/2022 23:32:21] !aol
[11/2/2022 7:41:36] !aol
[11/2/2022 13:8:27] !aol
[11/2/2022 13:21:56] !frags
[12/2/2022 12:33:48] !aol
[15/2/2022 0:49:43] !aol
[19/2/2022 10:45:42] !addon summoner
[20/2/2022 0:0:52] !addon mage
[20/2/2022 0:0:58] !addon warmaster
[20/2/2022 0:23:43] !addon knight
[20/2/2022 0:23:47] !addon assassin
[23/2/2022 22:14:5] !aol
[23/2/2022 22:15:38] !aol
[23/2/2022 22:17:27] !aol
[24/2/2022 17:35:25] !emotespells on
[25/2/2022 14:7:30] !frags
[25/2/2022 14:46:34] 
[25/2/2022 14:47:3] 
[25/2/2022 14:47:11] 
[25/2/2022 14:47:16] 
[25/2/2022 14:47:27] 
[25/2/2022 14:48:10] 
[25/2/2022 14:48:44] 
[25/2/2022 15:25:0] 
[26/2/2022 7:7:11] !frags
