[31/5/2022 19:32:52] !emotespells on
[31/5/2022 22:17:53] !guildpoints
[1/6/2022 0:59:53] !tradeoff buy, 46
[1/6/2022 1:40:45] !addon brotherhood
[1/6/2022 1:57:40] !guildpoints
[1/6/2022 2:11:19] !online
[1/6/2022 12:23:30] !guildpoints
[1/6/2022 15:0:11] !guildpoints
[1/6/2022 20:23:48] !frags
[1/6/2022 20:34:42] !frags
[2/6/2022 1:1:34] !frags
[2/6/2022 1:35:35] !frags
[2/6/2022 1:44:52] !frags
[2/6/2022 1:52:32] !frags
[2/6/2022 13:6:22] !guildpoints
[2/6/2022 19:18:40] !guildpoints
[2/6/2022 21:24:5] !frags
[2/6/2022 21:42:8] !frags
[2/6/2022 21:42:29] !frags
[2/6/2022 22:9:2] !go
[2/6/2022 23:45:2] !addon warrior
[4/6/2022 0:37:5] !uptime
[4/6/2022 7:34:57] aleta som
[4/6/2022 7:35:0] aleta sio
[4/6/2022 7:35:5] aleta sio
[4/6/2022 16:20:4] !frags
[4/6/2022 17:4:26] !frags
[4/6/2022 17:5:16] !frags
[4/6/2022 17:37:28] !frags
[4/6/2022 22:22:26] !guildpoints
[4/6/2022 22:24:41] !frags
[4/6/2022 22:45:30] !frags
[4/6/2022 23:30:31] !frags
[5/6/2022 12:24:43] aleta som
[5/6/2022 12:24:47] aleta som
[5/6/2022 21:46:25] aleta sio
[7/6/2022 18:50:19] !online
[7/6/2022 21:27:25] !frags
[7/6/2022 21:29:28] !frags
[7/6/2022 21:30:19] !frags
[8/6/2022 20:15:37] !frags
[8/6/2022 20:17:7] !frags
[8/6/2022 21:56:57] !frags
[8/6/2022 22:15:10] !frags
[8/6/2022 22:25:44] !frags
[8/6/2022 22:28:46] aleta sio
[8/6/2022 22:29:3] aleta sio
[10/6/2022 12:32:24] !online
