[10/12/2021 23:40:29] !emotespells on
[10/12/2021 23:42:42] !wand ice
[10/12/2021 23:52:10] !aol
[11/12/2021 0:2:38] !aol
[11/12/2021 0:4:3] 
[11/12/2021 0:6:2] !aol
[11/12/2021 0:6:11] !wand energy
[11/12/2021 0:6:48] !aol
[11/12/2021 0:7:35] !aol
[11/12/2021 0:9:21] 
[11/12/2021 0:9:23] 
[11/12/2021 0:9:38] 
[11/12/2021 0:9:40] 
[11/12/2021 0:9:42] 
[11/12/2021 0:9:44] 
[11/12/2021 0:9:46] 
[11/12/2021 0:9:49] 
[11/12/2021 0:9:51] 
[11/12/2021 0:9:55] 
[11/12/2021 0:10:11] 
[11/12/2021 0:10:13] 
[11/12/2021 0:10:17] 
[11/12/2021 0:10:19] 
[11/12/2021 0:10:21] 
[11/12/2021 0:10:32] 
[11/12/2021 0:10:34] 
[11/12/2021 0:10:38] 
[11/12/2021 0:11:9] 
[11/12/2021 0:11:11] 
[11/12/2021 0:11:13] 
[11/12/2021 0:11:30] 
[11/12/2021 0:11:48] 
[11/12/2021 0:11:50] 
[11/12/2021 0:11:52] 
[11/12/2021 0:11:54] 
[11/12/2021 0:11:56] 
[11/12/2021 0:11:58] 
[11/12/2021 0:12:0] 
[11/12/2021 0:12:2] 
[11/12/2021 0:12:4] 
[11/12/2021 0:12:7] 
[11/12/2021 0:12:28] 
[11/12/2021 0:12:30] 
[11/12/2021 0:12:32] 
[11/12/2021 0:12:34] 
[11/12/2021 0:12:42] 
[11/12/2021 0:12:58] 
[11/12/2021 0:13:4] 
[11/12/2021 0:13:32] 
[11/12/2021 0:13:34] 
[11/12/2021 0:13:36] 
[11/12/2021 0:13:39] 
[11/12/2021 0:13:42] 
[11/12/2021 0:13:44] 
[11/12/2021 0:13:46] 
[11/12/2021 0:13:50] 
[11/12/2021 0:13:52] 
[11/12/2021 0:13:56] 
[11/12/2021 0:14:25] 
[11/12/2021 0:14:42] 
[11/12/2021 0:15:38] 
[11/12/2021 0:15:40] 
[11/12/2021 0:15:42] 
[11/12/2021 0:15:59] 
[11/12/2021 0:16:1] 
[11/12/2021 0:16:3] 
[11/12/2021 0:16:5] 
[11/12/2021 0:16:13] 
[11/12/2021 0:16:15] 
[11/12/2021 0:16:17] 
[11/12/2021 0:16:19] 
[11/12/2021 0:16:21] 
[11/12/2021 0:16:26] 
[11/12/2021 0:16:28] 
[11/12/2021 0:16:30] 
[11/12/2021 0:16:32] 
[11/12/2021 0:16:34] 
[11/12/2021 0:16:39] 
[11/12/2021 0:16:41] 
[11/12/2021 0:16:58] 
[11/12/2021 0:17:0] 
[11/12/2021 0:17:2] 
[11/12/2021 0:17:4] 
[11/12/2021 0:17:6] 
[11/12/2021 0:17:45] 
[11/12/2021 0:17:47] 
[11/12/2021 0:17:49] 
[11/12/2021 0:17:53] 
[11/12/2021 0:17:55] 
[11/12/2021 0:17:58] 
[11/12/2021 0:18:0] 
[11/12/2021 0:18:3] 
[11/12/2021 0:18:5] 
[11/12/2021 0:18:7] 
[11/12/2021 0:18:38] 
[11/12/2021 0:18:58] 
[11/12/2021 0:19:18] 
[11/12/2021 0:19:20] 
[11/12/2021 0:19:38] 
[11/12/2021 0:19:59] 
[11/12/2021 0:20:1] 
[11/12/2021 0:20:5] 
[11/12/2021 0:20:7] 
[11/12/2021 0:20:10] 
[11/12/2021 0:20:12] 
[11/12/2021 0:20:16] 
[11/12/2021 0:20:18] 
[11/12/2021 0:20:20] 
[11/12/2021 0:20:41] 
[11/12/2021 0:21:28] 
[11/12/2021 0:21:34] 
[11/12/2021 0:21:36] 
[11/12/2021 0:22:19] 
[11/12/2021 0:23:22] 
[11/12/2021 0:23:25] 
[11/12/2021 0:23:27] 
[11/12/2021 0:23:29] 
[11/12/2021 0:23:31] 
[11/12/2021 0:23:33] 
[11/12/2021 0:23:35] 
[11/12/2021 0:24:12] 
[11/12/2021 0:24:15] 
[11/12/2021 0:24:17] 
[11/12/2021 0:24:56] 
[11/12/2021 0:26:7] !aol
[11/12/2021 0:27:23] 
[11/12/2021 0:27:27] 
[11/12/2021 0:27:29] 
[11/12/2021 0:27:32] 
[11/12/2021 0:27:34] 
[11/12/2021 0:27:36] 
[11/12/2021 0:27:38] 
[11/12/2021 0:27:40] 
[11/12/2021 0:27:42] 
[11/12/2021 0:27:59] 
[11/12/2021 0:28:10] 
[11/12/2021 0:28:12] 
[11/12/2021 0:28:15] 
[11/12/2021 0:28:17] 
[11/12/2021 0:28:21] 
[11/12/2021 0:28:51] 
[11/12/2021 0:28:53] 
[11/12/2021 0:28:56] 
[11/12/2021 0:29:2] 
[11/12/2021 0:29:4] 
[11/12/2021 0:29:6] 
[11/12/2021 0:29:43] 
[11/12/2021 0:30:3] 
[11/12/2021 0:30:5] 
[11/12/2021 0:30:8] 
[11/12/2021 0:30:10] 
[11/12/2021 0:30:20] 
[11/12/2021 0:30:24] 
[11/12/2021 0:30:26] 
[11/12/2021 0:30:28] 
[11/12/2021 0:30:30] 
[11/12/2021 0:31:0] 
[11/12/2021 0:31:2] 
[11/12/2021 0:31:5] 
[11/12/2021 0:31:7] 
[11/12/2021 0:31:9] 
[11/12/2021 0:31:34] 
[11/12/2021 0:31:36] 
[11/12/2021 0:31:38] 
[11/12/2021 0:31:40] 
[11/12/2021 0:32:5] 
[11/12/2021 0:32:7] 
[11/12/2021 0:32:14] 
[11/12/2021 0:32:16] 
[11/12/2021 0:32:18] 
[11/12/2021 0:33:14] 
[11/12/2021 0:33:17] 
[11/12/2021 0:33:19] 
[11/12/2021 0:33:23] 
[11/12/2021 0:33:43] 
[11/12/2021 0:33:45] 
[11/12/2021 0:33:47] 
[11/12/2021 0:34:33] 
[11/12/2021 0:34:35] 
[11/12/2021 0:34:37] 
[11/12/2021 0:34:39] 
[11/12/2021 0:35:11] 
[11/12/2021 0:35:16] 
[11/12/2021 0:35:18] 
[11/12/2021 0:35:26] 
[11/12/2021 0:35:28] 
[11/12/2021 0:35:30] 
[11/12/2021 0:36:7] 
[11/12/2021 0:36:30] 
[11/12/2021 0:36:32] 
[11/12/2021 0:37:12] 
[11/12/2021 0:37:17] 
[11/12/2021 0:38:2] 
[11/12/2021 0:38:6] 
[11/12/2021 0:38:8] 
[11/12/2021 0:38:10] 
[11/12/2021 0:38:12] 
[11/12/2021 0:38:16] 
[11/12/2021 0:39:11] 
[11/12/2021 0:39:13] 
[11/12/2021 0:39:15] 
[11/12/2021 0:39:43] 
[11/12/2021 0:39:46] 
[11/12/2021 0:40:10] 
[11/12/2021 0:40:13] 
[11/12/2021 0:41:18] 
[11/12/2021 0:41:20] 
[11/12/2021 0:41:22] 
[11/12/2021 0:41:24] 
[11/12/2021 0:42:22] 
[11/12/2021 0:42:24] 
[11/12/2021 0:42:26] 
[11/12/2021 0:42:40] 
[11/12/2021 0:42:43] 
[11/12/2021 0:42:45] 
[11/12/2021 0:42:47] 
[11/12/2021 0:42:49] 
[11/12/2021 0:42:51] 
[11/12/2021 0:43:42] 
[11/12/2021 0:43:45] 
[11/12/2021 0:43:47] 
[11/12/2021 0:44:17] 
[11/12/2021 0:44:19] 
[11/12/2021 0:44:22] 
[11/12/2021 0:45:27] 
[11/12/2021 0:45:29] 
[11/12/2021 0:45:31] 
[11/12/2021 0:45:33] 
[11/12/2021 0:45:35] 
[11/12/2021 0:45:37] 
[11/12/2021 0:45:39] 
[11/12/2021 0:45:42] 
[11/12/2021 0:45:44] 
[11/12/2021 0:45:46] 
[11/12/2021 0:45:50] !wand energy
[11/12/2021 0:46:46] 
[11/12/2021 0:46:57] 
[11/12/2021 0:46:59] 
[11/12/2021 0:47:2] 
[11/12/2021 0:47:24] 
[11/12/2021 0:47:27] 
[11/12/2021 0:47:29] 
[11/12/2021 0:47:31] 
[11/12/2021 0:47:33] 
[11/12/2021 0:47:35] 
[11/12/2021 0:47:37] 
[11/12/2021 0:47:39] 
[11/12/2021 0:47:42] 
[11/12/2021 0:47:44] 
[11/12/2021 0:49:34] 
[11/12/2021 0:49:45] 
[11/12/2021 0:49:47] 
[11/12/2021 0:49:49] 
[11/12/2021 0:49:51] 
[11/12/2021 0:49:53] 
[11/12/2021 0:49:55] 
[11/12/2021 0:49:57] 
[11/12/2021 0:49:59] 
[11/12/2021 0:50:3] 
[11/12/2021 0:51:7] 
[11/12/2021 0:51:9] 
[11/12/2021 0:51:13] 
[11/12/2021 0:51:15] 
[11/12/2021 0:51:19] 
[11/12/2021 0:51:23] 
[11/12/2021 0:51:25] 
[11/12/2021 0:52:21] 
[11/12/2021 0:52:23] 
[11/12/2021 0:52:27] 
[11/12/2021 0:52:41] 
[11/12/2021 0:52:43] 
[11/12/2021 0:52:45] 
[11/12/2021 0:52:47] 
[11/12/2021 0:52:49] 
[11/12/2021 0:52:51] 
[11/12/2021 0:52:53] 
[11/12/2021 0:52:55] 
[11/12/2021 0:52:57] 
[11/12/2021 0:55:6] 
[11/12/2021 0:56:25] 
[11/12/2021 0:56:28] 
[11/12/2021 0:56:30] 
[11/12/2021 0:56:34] 
[11/12/2021 0:57:26] 
[11/12/2021 0:58:29] 
[11/12/2021 0:58:31] 
[11/12/2021 0:58:35] 
[11/12/2021 0:58:37] 
[11/12/2021 0:58:39] 
[11/12/2021 0:58:45] 
[11/12/2021 0:58:47] 
[11/12/2021 0:59:3] 
[11/12/2021 1:2:45] !wand ice
[11/12/2021 1:13:14] 
[11/12/2021 1:13:16] 
[11/12/2021 1:13:18] 
[11/12/2021 1:13:20] 
[11/12/2021 1:13:23] 
[11/12/2021 1:17:14] 
[11/12/2021 1:17:16] 
[11/12/2021 1:17:18] 
[11/12/2021 1:17:20] 
[11/12/2021 1:17:22] 
[11/12/2021 1:17:26] 
[11/12/2021 1:17:29] 
[11/12/2021 1:17:31] 
[11/12/2021 1:17:35] 
[11/12/2021 1:17:41] 
[11/12/2021 1:17:43] 
[11/12/2021 1:17:45] 
[11/12/2021 1:17:53] 
[11/12/2021 1:17:55] 
[11/12/2021 1:17:57] 
[11/12/2021 1:17:59] 
[11/12/2021 1:18:2] 
[11/12/2021 1:18:4] 
[11/12/2021 1:18:6] 
[11/12/2021 1:18:8] 
[11/12/2021 1:18:22] 
[11/12/2021 1:18:26] 
[11/12/2021 1:22:16] 
[11/12/2021 1:22:18] 
[11/12/2021 1:23:46] 
[11/12/2021 1:23:48] 
[11/12/2021 1:25:44] 
[11/12/2021 1:25:46] 
[11/12/2021 1:25:48] 
[11/12/2021 1:25:51] 
[11/12/2021 1:25:53] 
[11/12/2021 1:28:5] 
[11/12/2021 1:30:54] 
[11/12/2021 1:33:59] 
[11/12/2021 1:34:2] 
[11/12/2021 1:36:35] 
[11/12/2021 1:36:37] 
[11/12/2021 1:36:39] 
[11/12/2021 1:36:41] 
[11/12/2021 1:40:6] 
[11/12/2021 1:43:49] 
[11/12/2021 1:43:56] 
[11/12/2021 1:44:0] 
[11/12/2021 1:47:8] 
[11/12/2021 1:47:11] 
[11/12/2021 1:51:30] 
[11/12/2021 1:58:6] 
[11/12/2021 1:58:8] 
[11/12/2021 1:58:16] 
[11/12/2021 2:2:4] 
[11/12/2021 2:2:7] 
[11/12/2021 2:2:9] 
[11/12/2021 2:2:11] 
[11/12/2021 2:7:54] 
[11/12/2021 2:19:39] 
[11/12/2021 2:23:39] 
[11/12/2021 2:23:42] 
[11/12/2021 2:23:44] 
[11/12/2021 2:23:46] 
[11/12/2021 2:23:48] 
[11/12/2021 2:23:51] 
[11/12/2021 2:24:54] 
[11/12/2021 2:25:17] 
[11/12/2021 2:25:19] 
[11/12/2021 2:25:21] 
[11/12/2021 2:25:23] 
[11/12/2021 2:25:25] 
[11/12/2021 2:29:11] 
[11/12/2021 2:29:13] 
[11/12/2021 2:29:15] 
[11/12/2021 2:29:19] 
[11/12/2021 2:29:21] 
[11/12/2021 2:29:23] 
[11/12/2021 2:29:26] 
[11/12/2021 2:29:33] 
[11/12/2021 2:29:35] 
[11/12/2021 2:29:37] 
[11/12/2021 2:29:39] 
[11/12/2021 2:29:41] 
[11/12/2021 2:29:43] 
[11/12/2021 2:29:45] 
[11/12/2021 2:29:49] 
[11/12/2021 2:29:51] 
[11/12/2021 2:29:57] 
[11/12/2021 2:30:5] 
[11/12/2021 2:30:7] 
[11/12/2021 2:30:13] 
[11/12/2021 2:30:25] 
[11/12/2021 2:30:27] 
[11/12/2021 2:30:32] 
[11/12/2021 2:30:35] 
[11/12/2021 2:30:43] 
[11/12/2021 2:30:45] 
[11/12/2021 2:30:47] 
[11/12/2021 2:32:6] !serverinfo
[11/12/2021 2:32:53] 
[11/12/2021 2:32:55] 
[11/12/2021 2:33:1] 
[11/12/2021 2:34:38] 
[11/12/2021 2:34:40] 
[11/12/2021 2:34:42] 
[11/12/2021 2:34:44] 
[11/12/2021 2:34:52] 
[11/12/2021 2:34:54] 
[11/12/2021 2:34:56] 
[11/12/2021 2:34:58] 
[11/12/2021 2:35:0] 
[11/12/2021 2:35:2] 
[11/12/2021 2:35:6] 
[11/12/2021 2:35:8] 
[11/12/2021 2:35:10] 
[11/12/2021 2:35:12] 
[11/12/2021 2:35:14] 
[11/12/2021 2:35:18] 
[11/12/2021 2:35:20] 
[11/12/2021 2:35:22] 
[11/12/2021 2:35:24] 
[11/12/2021 2:35:26] 
[11/12/2021 2:35:28] 
[11/12/2021 2:35:32] 
[11/12/2021 2:35:34] 
[11/12/2021 2:35:42] 
[11/12/2021 2:35:44] 
[11/12/2021 2:35:46] 
[11/12/2021 2:36:10] 
[11/12/2021 2:36:12] 
[11/12/2021 2:36:14] 
[11/12/2021 2:36:16] 
[11/12/2021 2:36:20] 
[11/12/2021 2:36:28] 
[11/12/2021 2:36:30] 
[11/12/2021 2:36:32] 
[11/12/2021 2:36:35] 
[11/12/2021 2:36:37] 
[11/12/2021 2:36:40] 
[11/12/2021 2:36:43] 
[11/12/2021 2:36:45] 
[11/12/2021 2:36:53] 
[11/12/2021 2:36:55] 
[11/12/2021 2:36:57] 
[11/12/2021 2:37:1] 
[11/12/2021 2:37:3] 
[11/12/2021 2:37:5] 
[11/12/2021 2:37:9] 
[11/12/2021 2:37:15] 
[11/12/2021 2:37:17] 
[11/12/2021 2:37:19] 
[11/12/2021 2:37:21] 
[11/12/2021 2:37:23] 
[11/12/2021 2:37:25] 
[11/12/2021 2:37:29] 
[11/12/2021 2:37:31] 
[11/12/2021 2:37:33] 
[11/12/2021 2:37:39] 
[11/12/2021 2:37:41] 
[11/12/2021 2:37:43] 
[11/12/2021 2:37:53] 
[11/12/2021 2:37:55] 
[11/12/2021 2:37:59] 
[11/12/2021 2:38:1] 
[11/12/2021 2:39:13] 
[11/12/2021 2:39:15] 
[11/12/2021 2:39:17] 
[11/12/2021 2:39:21] 
[11/12/2021 2:39:23] 
[11/12/2021 2:39:25] 
[11/12/2021 2:39:27] 
[11/12/2021 2:39:33] 
[11/12/2021 2:39:35] 
[11/12/2021 2:39:37] 
[11/12/2021 2:39:39] 
[11/12/2021 2:40:23] 
[11/12/2021 2:40:25] 
[11/12/2021 2:40:27] 
[11/12/2021 2:40:31] 
[11/12/2021 2:40:33] 
[11/12/2021 2:40:35] 
[11/12/2021 2:40:37] 
[11/12/2021 2:40:43] 
[11/12/2021 2:40:45] 
[11/12/2021 2:40:48] 
[11/12/2021 2:40:50] 
[11/12/2021 2:40:52] 
[11/12/2021 2:40:54] 
[11/12/2021 2:40:56] 
[11/12/2021 2:40:58] 
[11/12/2021 2:41:0] 
[11/12/2021 2:41:13] 
[11/12/2021 2:41:17] 
[11/12/2021 2:41:19] 
[11/12/2021 2:41:22] 
[11/12/2021 2:41:24] 
[11/12/2021 2:41:27] 
[11/12/2021 2:41:30] 
[11/12/2021 2:41:32] 
[11/12/2021 2:41:34] 
[11/12/2021 2:41:36] 
[11/12/2021 2:41:38] 
[11/12/2021 2:41:40] 
[11/12/2021 2:41:42] 
[11/12/2021 2:41:44] 
[11/12/2021 2:43:56] 
[11/12/2021 2:43:58] 
[11/12/2021 2:44:0] 
[11/12/2021 2:44:2] 
[11/12/2021 2:44:4] 
[11/12/2021 2:44:8] 
[11/12/2021 2:44:10] 
[11/12/2021 2:44:12] 
[11/12/2021 2:44:14] 
[11/12/2021 2:44:16] 
[11/12/2021 2:44:18] 
[11/12/2021 2:44:28] 
[11/12/2021 2:44:34] 
[11/12/2021 2:44:36] 
[11/12/2021 2:44:38] 
[11/12/2021 2:44:40] 
[11/12/2021 2:44:44] 
[11/12/2021 2:44:46] 
[11/12/2021 2:44:48] 
[11/12/2021 2:44:50] 
[11/12/2021 2:45:5] 
[11/12/2021 2:45:7] 
[11/12/2021 2:45:9] 
[11/12/2021 2:45:12] 
[11/12/2021 2:45:14] 
[11/12/2021 2:45:20] 
[11/12/2021 2:45:22] 
[11/12/2021 2:45:24] 
[11/12/2021 2:45:26] 
[11/12/2021 2:45:28] 
[11/12/2021 2:45:30] 
[11/12/2021 2:45:33] 
[11/12/2021 2:46:26] 
[11/12/2021 2:46:28] 
[11/12/2021 2:46:31] 
[11/12/2021 2:46:34] 
[11/12/2021 2:46:36] 
[11/12/2021 2:46:38] 
[11/12/2021 2:46:40] 
[11/12/2021 2:46:42] 
[11/12/2021 2:46:45] 
[11/12/2021 2:46:47] 
[11/12/2021 2:46:50] 
[11/12/2021 2:46:52] 
[11/12/2021 2:46:54] 
[11/12/2021 2:46:57] 
[11/12/2021 2:47:0] 
[11/12/2021 2:47:3] 
[11/12/2021 2:47:6] 
[11/12/2021 2:49:47] 
[11/12/2021 2:49:49] 
[11/12/2021 2:49:51] 
[11/12/2021 2:50:29] 
[11/12/2021 2:50:31] 
[11/12/2021 2:50:33] 
[11/12/2021 2:51:35] 
[11/12/2021 2:51:37] 
[11/12/2021 2:51:39] 
[11/12/2021 2:51:41] 
[11/12/2021 2:51:43] 
[11/12/2021 2:51:51] 
[11/12/2021 2:51:53] 
[11/12/2021 2:51:56] 
[11/12/2021 2:51:59] 
[11/12/2021 2:52:1] 
[11/12/2021 2:52:3] 
[11/12/2021 2:52:5] 
[11/12/2021 2:52:7] 
[11/12/2021 2:52:9] 
[11/12/2021 2:52:17] 
[11/12/2021 2:52:19] 
[11/12/2021 2:52:21] 
[11/12/2021 2:52:23] 
[11/12/2021 2:52:25] 
[11/12/2021 2:52:29] 
[11/12/2021 2:52:31] 
[11/12/2021 2:52:37] 
[11/12/2021 2:52:39] 
[11/12/2021 2:52:41] 
[11/12/2021 2:52:44] 
[11/12/2021 2:52:47] 
[11/12/2021 2:52:49] 
[11/12/2021 2:52:52] 
[11/12/2021 2:52:54] 
[11/12/2021 2:52:58] 
[11/12/2021 2:53:1] 
[11/12/2021 2:53:3] 
[11/12/2021 2:53:6] 
[11/12/2021 2:53:8] 
[11/12/2021 2:53:10] 
[11/12/2021 2:53:12] 
[11/12/2021 2:53:16] 
[11/12/2021 2:53:21] 
[11/12/2021 2:53:24] 
[11/12/2021 2:53:26] 
[11/12/2021 2:53:28] 
[11/12/2021 2:53:30] 
[11/12/2021 2:53:32] 
[11/12/2021 2:53:34] 
[11/12/2021 2:53:40] 
[11/12/2021 2:53:42] 
[11/12/2021 2:53:48] 
[11/12/2021 2:53:50] 
[11/12/2021 2:53:52] 
[11/12/2021 2:53:54] 
[11/12/2021 2:53:58] 
[11/12/2021 2:54:2] 
[11/12/2021 2:54:4] 
[11/12/2021 2:54:16] 
[11/12/2021 2:54:18] 
[11/12/2021 2:54:20] 
[11/12/2021 2:54:22] 
[11/12/2021 2:54:24] 
[11/12/2021 2:56:30] 
[11/12/2021 2:56:32] 
[11/12/2021 2:56:34] 
[11/12/2021 2:56:36] 
[11/12/2021 2:56:40] 
[11/12/2021 2:56:42] 
[11/12/2021 2:56:44] 
[11/12/2021 2:56:46] 
[11/12/2021 2:56:52] 
[11/12/2021 2:56:58] 
[11/12/2021 2:57:0] 
[11/12/2021 2:57:2] 
[11/12/2021 2:57:6] 
[11/12/2021 2:57:8] 
[11/12/2021 2:57:14] 
[11/12/2021 2:57:16] 
[11/12/2021 2:57:18] 
[11/12/2021 2:57:20] 
[11/12/2021 2:57:24] 
[11/12/2021 2:58:37] 
[11/12/2021 2:58:40] 
[11/12/2021 2:58:46] 
[11/12/2021 2:58:51] 
[11/12/2021 2:58:53] 
[11/12/2021 2:58:55] 
[11/12/2021 2:58:58] 
[11/12/2021 2:59:1] 
[11/12/2021 2:59:12] 
[11/12/2021 2:59:15] 
[11/12/2021 2:59:17] 
[11/12/2021 2:59:19] 
[11/12/2021 2:59:21] 
[11/12/2021 2:59:23] 
[11/12/2021 2:59:25] 
[11/12/2021 2:59:27] 
[11/12/2021 2:59:34] 
[11/12/2021 2:59:37] 
[11/12/2021 2:59:39] 
[11/12/2021 2:59:41] 
[11/12/2021 2:59:43] 
[11/12/2021 2:59:45] 
[11/12/2021 2:59:47] 
[11/12/2021 2:59:49] 
[11/12/2021 2:59:51] 
[11/12/2021 3:0:3] 
[11/12/2021 3:0:5] 
[11/12/2021 3:0:7] 
[11/12/2021 3:0:9] 
[11/12/2021 3:0:11] 
[11/12/2021 3:0:13] 
[11/12/2021 3:0:21] 
[11/12/2021 3:0:23] 
[11/12/2021 3:0:25] 
[11/12/2021 3:0:27] 
[11/12/2021 3:0:29] 
[11/12/2021 3:0:31] 
[11/12/2021 3:0:33] 
[11/12/2021 3:0:35] 
[11/12/2021 3:0:43] 
[11/12/2021 3:0:45] 
[11/12/2021 3:0:47] 
[11/12/2021 3:0:49] 
[11/12/2021 3:0:51] 
[11/12/2021 3:3:13] 
[11/12/2021 3:3:25] 
[11/12/2021 3:3:27] 
[11/12/2021 3:3:29] 
[11/12/2021 3:3:33] 
[11/12/2021 3:3:35] 
[11/12/2021 3:3:37] 
[11/12/2021 3:3:39] 
[11/12/2021 3:3:45] 
[11/12/2021 3:3:47] 
[11/12/2021 3:3:49] 
[11/12/2021 3:3:51] 
[11/12/2021 3:3:53] 
[11/12/2021 3:3:55] 
[11/12/2021 3:4:3] 
[11/12/2021 3:4:7] 
[11/12/2021 3:4:9] 
[11/12/2021 3:4:11] 
[11/12/2021 3:4:13] 
[11/12/2021 3:4:15] 
[11/12/2021 3:4:17] 
[11/12/2021 3:4:20] 
[11/12/2021 3:4:22] 
[11/12/2021 3:4:24] 
[11/12/2021 3:4:26] 
[11/12/2021 3:4:33] 
[11/12/2021 3:4:36] 
[11/12/2021 3:4:38] 
[11/12/2021 3:4:40] 
[11/12/2021 3:4:42] 
[11/12/2021 3:4:44] 
[11/12/2021 3:4:46] 
[11/12/2021 3:4:48] 
[11/12/2021 3:4:50] 
[11/12/2021 3:4:53] 
[11/12/2021 3:4:57] 
[11/12/2021 3:5:0] 
[11/12/2021 3:5:2] 
[11/12/2021 3:5:4] 
[11/12/2021 3:5:6] 
[11/12/2021 3:5:8] 
[11/12/2021 3:5:10] 
[11/12/2021 3:5:12] 
[11/12/2021 3:5:20] 
[11/12/2021 3:5:22] 
[11/12/2021 3:5:24] 
[11/12/2021 3:5:26] 
[11/12/2021 3:5:28] 
[11/12/2021 3:5:32] 
[11/12/2021 3:5:35] 
[11/12/2021 3:5:42] 
[11/12/2021 3:5:44] 
[11/12/2021 3:5:46] 
[11/12/2021 3:5:48] 
[11/12/2021 3:5:50] 
[11/12/2021 3:5:52] 
[11/12/2021 3:5:56] 
[11/12/2021 3:5:58] 
[11/12/2021 3:6:0] 
[11/12/2021 3:6:4] 
[11/12/2021 3:6:6] 
[11/12/2021 3:6:10] 
[11/12/2021 3:6:12] 
[11/12/2021 3:6:14] 
[11/12/2021 3:6:16] 
[11/12/2021 3:6:18] 
[11/12/2021 3:6:20] 
[11/12/2021 3:6:22] 
[11/12/2021 3:6:28] 
[11/12/2021 3:6:30] 
[11/12/2021 3:6:38] 
[11/12/2021 3:6:42] 
[11/12/2021 3:6:44] 
[11/12/2021 3:6:50] 
[11/12/2021 3:6:52] 
[11/12/2021 3:6:54] 
[11/12/2021 3:6:56] 
[11/12/2021 3:6:58] 
[11/12/2021 3:7:2] 
[11/12/2021 3:7:4] 
[11/12/2021 3:7:8] 
[11/12/2021 3:7:16] 
[11/12/2021 3:7:18] 
[11/12/2021 3:7:22] 
[11/12/2021 3:7:24] 
[11/12/2021 3:7:26] 
[11/12/2021 3:7:28] 
[11/12/2021 3:7:40] 
[11/12/2021 3:7:42] 
[11/12/2021 3:7:44] 
[11/12/2021 3:7:48] 
[11/12/2021 3:7:52] 
[11/12/2021 3:7:54] 
[11/12/2021 3:7:58] 
[11/12/2021 3:8:0] 
[11/12/2021 3:8:2] 
[11/12/2021 3:8:4] 
[11/12/2021 3:8:6] 
[11/12/2021 3:8:10] 
[11/12/2021 3:8:12] 
[11/12/2021 3:8:14] 
[11/12/2021 3:8:16] 
[11/12/2021 3:8:24] 
[11/12/2021 3:8:26] 
[11/12/2021 3:8:30] 
[11/12/2021 3:8:38] 
[11/12/2021 3:8:40] 
[11/12/2021 3:8:46] 
[11/12/2021 3:8:48] 
[11/12/2021 3:8:50] 
[11/12/2021 3:8:52] 
[11/12/2021 3:8:54] 
[11/12/2021 3:9:4] 
[11/12/2021 3:9:10] 
[11/12/2021 3:9:48] 
[11/12/2021 3:9:50] 
[11/12/2021 3:9:56] 
[11/12/2021 3:9:58] 
[11/12/2021 3:10:6] 
[11/12/2021 3:10:9] 
[11/12/2021 3:10:11] 
[11/12/2021 3:10:13] 
[11/12/2021 3:10:16] 
[11/12/2021 3:10:18] 
[11/12/2021 3:10:20] 
[11/12/2021 3:10:22] 
[11/12/2021 3:10:24] 
[11/12/2021 3:10:26] 
[11/12/2021 3:10:28] 
[11/12/2021 3:10:31] 
[11/12/2021 3:10:33] 
[11/12/2021 3:10:35] 
[11/12/2021 3:10:42] 
[11/12/2021 3:10:44] 
[11/12/2021 3:10:47] 
[11/12/2021 3:10:50] 
[11/12/2021 3:10:52] 
[11/12/2021 3:10:54] 
[11/12/2021 3:10:57] 
[11/12/2021 3:10:59] 
[11/12/2021 3:11:20] 
[11/12/2021 3:11:23] 
[11/12/2021 3:11:30] 
[11/12/2021 3:11:32] 
[11/12/2021 3:11:41] 
[11/12/2021 3:11:55] 
[11/12/2021 3:11:59] 
[11/12/2021 3:12:1] 
[11/12/2021 3:12:3] 
[11/12/2021 3:12:5] 
[11/12/2021 3:12:7] 
[11/12/2021 3:12:13] 
[11/12/2021 3:12:15] 
[11/12/2021 3:12:17] 
[11/12/2021 3:12:19] 
[11/12/2021 3:12:21] 
[11/12/2021 3:12:23] 
[11/12/2021 3:12:25] 
[11/12/2021 3:12:29] 
[11/12/2021 3:12:31] 
[11/12/2021 3:13:51] 
[11/12/2021 3:13:53] 
[11/12/2021 3:13:55] 
[11/12/2021 3:13:57] 
[11/12/2021 3:13:59] 
[11/12/2021 3:14:1] 
[11/12/2021 3:14:3] 
[11/12/2021 3:14:9] 
[11/12/2021 3:14:11] 
[11/12/2021 3:14:13] 
[11/12/2021 3:14:15] 
[11/12/2021 3:14:17] 
[11/12/2021 3:14:19] 
[11/12/2021 3:14:21] 
[11/12/2021 3:14:37] 
[11/12/2021 3:14:39] 
[11/12/2021 3:14:41] 
[11/12/2021 3:14:43] 
[11/12/2021 3:14:45] 
[11/12/2021 3:14:47] 
[11/12/2021 3:14:49] 
[11/12/2021 3:14:53] 
[11/12/2021 3:14:55] 
[11/12/2021 3:14:59] 
[11/12/2021 3:15:3] 
[11/12/2021 3:15:5] 
[11/12/2021 3:15:7] 
[11/12/2021 3:15:9] 
[11/12/2021 3:15:11] 
[11/12/2021 3:16:33] 
[11/12/2021 3:16:35] 
[11/12/2021 3:16:37] 
[11/12/2021 3:16:39] 
[11/12/2021 3:16:41] 
[11/12/2021 3:16:43] 
[11/12/2021 3:16:45] 
[11/12/2021 3:16:51] 
[11/12/2021 3:16:53] 
[11/12/2021 3:16:55] 
[11/12/2021 3:16:57] 
[11/12/2021 3:16:59] 
[11/12/2021 3:17:1] 
[11/12/2021 3:17:5] 
[11/12/2021 3:17:7] 
[11/12/2021 3:17:13] 
[11/12/2021 3:17:15] 
[11/12/2021 3:17:17] 
[11/12/2021 3:17:20] 
[11/12/2021 3:17:22] 
[11/12/2021 3:17:24] 
[11/12/2021 3:17:27] 
[11/12/2021 3:17:29] 
[11/12/2021 3:17:37] 
[11/12/2021 3:17:39] 
[11/12/2021 3:17:41] 
[11/12/2021 3:17:43] 
[11/12/2021 3:17:46] 
[11/12/2021 3:17:48] 
[11/12/2021 3:17:50] 
[11/12/2021 3:17:52] 
[11/12/2021 3:17:54] 
[11/12/2021 3:17:59] 
[11/12/2021 3:18:1] 
[11/12/2021 3:18:4] 
[11/12/2021 3:18:7] 
[11/12/2021 3:18:10] 
[11/12/2021 3:18:12] 
[11/12/2021 3:18:14] 
[11/12/2021 3:18:16] 
[11/12/2021 3:18:21] 
[11/12/2021 3:19:11] 
[11/12/2021 3:19:13] 
[11/12/2021 3:19:16] 
[11/12/2021 3:19:18] 
[11/12/2021 3:19:20] 
[11/12/2021 3:19:24] 
[11/12/2021 3:19:26] 
[11/12/2021 3:19:32] 
[11/12/2021 3:19:34] 
[11/12/2021 3:19:36] 
[11/12/2021 3:19:38] 
[11/12/2021 3:19:40] 
[11/12/2021 3:19:42] 
[11/12/2021 3:19:44] 
[11/12/2021 3:19:46] 
[11/12/2021 3:19:50] 
[11/12/2021 3:19:56] 
[11/12/2021 3:19:58] 
[11/12/2021 3:20:0] 
[11/12/2021 3:20:2] 
[11/12/2021 3:20:4] 
[11/12/2021 3:20:6] 
[11/12/2021 3:20:10] 
[11/12/2021 3:20:12] 
[11/12/2021 3:20:16] 
[11/12/2021 3:20:18] 
[11/12/2021 3:20:30] 
[11/12/2021 3:20:32] 
[11/12/2021 3:20:44] 
[11/12/2021 3:20:46] 
[11/12/2021 3:20:48] 
[11/12/2021 3:20:52] 
[11/12/2021 3:20:54] 
[11/12/2021 3:20:56] 
[11/12/2021 3:20:58] 
[11/12/2021 3:21:2] 
[11/12/2021 3:21:4] 
[11/12/2021 3:21:6] 
[11/12/2021 3:21:8] 
[11/12/2021 3:21:10] 
[11/12/2021 3:21:12] 
[11/12/2021 3:21:14] 
[11/12/2021 3:21:16] 
[11/12/2021 3:21:18] 
[11/12/2021 3:21:20] 
[11/12/2021 3:21:26] 
[11/12/2021 3:21:28] 
[11/12/2021 3:21:30] 
[11/12/2021 3:21:36] 
[11/12/2021 3:21:40] 
[11/12/2021 3:21:42] 
[11/12/2021 3:21:44] 
[11/12/2021 3:21:50] 
[11/12/2021 3:21:52] 
[11/12/2021 3:21:54] 
[11/12/2021 3:21:56] 
[11/12/2021 3:21:58] 
[11/12/2021 3:22:0] 
[11/12/2021 3:22:2] 
[11/12/2021 3:22:4] 
[11/12/2021 3:22:6] 
[11/12/2021 3:22:16] 
[11/12/2021 3:22:18] 
[11/12/2021 3:22:20] 
[11/12/2021 3:22:36] 
[11/12/2021 3:22:38] 
[11/12/2021 3:22:40] 
[11/12/2021 3:22:42] 
[11/12/2021 3:22:44] 
[11/12/2021 3:22:46] 
[11/12/2021 3:22:50] 
[11/12/2021 3:22:52] 
[11/12/2021 3:22:54] 
[11/12/2021 3:22:58] 
[11/12/2021 3:23:0] 
[11/12/2021 3:23:2] 
[11/12/2021 3:24:12] 
[11/12/2021 3:24:14] 
[11/12/2021 3:24:16] 
[11/12/2021 3:24:20] 
[11/12/2021 3:24:22] 
[11/12/2021 3:24:24] 
[11/12/2021 3:24:39] 
[11/12/2021 3:24:41] 
[11/12/2021 3:24:43] 
[11/12/2021 3:24:46] 
[11/12/2021 3:24:49] 
[11/12/2021 3:24:57] 
[11/12/2021 3:24:59] 
[11/12/2021 3:25:1] 
[11/12/2021 3:25:3] 
[11/12/2021 3:25:8] 
[11/12/2021 3:25:29] 
[11/12/2021 3:31:30] 
[11/12/2021 3:31:32] 
[11/12/2021 3:31:34] 
[11/12/2021 3:31:36] 
[11/12/2021 3:31:38] 
[11/12/2021 3:31:42] 
[11/12/2021 3:31:44] 
[11/12/2021 3:31:48] 
[11/12/2021 3:31:52] 
[11/12/2021 3:31:54] 
[11/12/2021 3:31:56] 
[11/12/2021 3:31:58] 
[11/12/2021 3:32:6] 
[11/12/2021 3:32:16] 
[11/12/2021 3:32:18] 
[11/12/2021 3:32:20] 
[11/12/2021 3:32:23] 
[11/12/2021 3:32:25] 
[11/12/2021 3:32:27] 
[11/12/2021 3:32:36] 
[11/12/2021 3:32:38] 
[11/12/2021 3:32:50] 
[11/12/2021 3:32:52] 
[11/12/2021 3:32:54] 
[11/12/2021 3:32:58] 
[11/12/2021 3:33:0] 
[11/12/2021 3:33:2] 
[11/12/2021 3:33:4] 
[11/12/2021 3:33:14] 
[11/12/2021 3:33:16] 
[11/12/2021 3:33:22] 
[11/12/2021 3:33:24] 
[11/12/2021 3:33:26] 
[11/12/2021 3:33:28] 
[11/12/2021 3:33:30] 
[11/12/2021 3:33:38] 
[11/12/2021 3:33:40] 
[11/12/2021 3:33:44] 
[11/12/2021 3:33:46] 
[11/12/2021 3:33:50] 
[11/12/2021 3:33:52] 
[11/12/2021 3:33:54] 
[11/12/2021 3:34:44] 
[11/12/2021 3:34:46] 
[11/12/2021 3:34:54] 
[11/12/2021 3:35:0] 
[11/12/2021 3:35:2] 
[11/12/2021 3:35:4] 
[11/12/2021 3:35:6] 
[11/12/2021 3:35:8] 
[11/12/2021 3:35:10] 
[11/12/2021 3:35:13] 
[11/12/2021 3:35:18] 
[11/12/2021 3:35:20] 
[11/12/2021 3:35:22] 
[11/12/2021 3:35:24] 
[11/12/2021 3:35:26] 
[11/12/2021 3:35:30] 
[11/12/2021 3:35:32] 
[11/12/2021 3:35:34] 
[11/12/2021 3:37:21] 
[11/12/2021 3:37:23] 
[11/12/2021 3:37:25] 
[11/12/2021 3:37:27] 
[11/12/2021 3:37:29] 
[11/12/2021 3:37:31] 
[11/12/2021 3:37:35] 
[11/12/2021 3:37:37] 
[11/12/2021 3:37:39] 
[11/12/2021 3:37:41] 
[11/12/2021 3:37:43] 
[11/12/2021 3:37:45] 
[11/12/2021 3:37:49] 
[11/12/2021 3:37:53] 
[11/12/2021 3:37:57] 
[11/12/2021 3:37:59] 
[11/12/2021 3:38:1] 
[11/12/2021 3:38:5] 
[11/12/2021 3:38:7] 
[11/12/2021 3:38:9] 
[11/12/2021 3:38:11] 
[11/12/2021 3:38:13] 
[11/12/2021 3:38:15] 
[11/12/2021 3:38:21] 
[11/12/2021 3:38:23] 
[11/12/2021 3:38:25] 
[11/12/2021 3:38:27] 
[11/12/2021 3:38:29] 
[11/12/2021 3:38:31] 
[11/12/2021 3:38:39] 
[11/12/2021 3:38:42] 
[11/12/2021 3:38:44] 
[11/12/2021 3:38:46] 
[11/12/2021 3:38:49] 
[11/12/2021 3:38:51] 
[11/12/2021 3:38:53] 
[11/12/2021 3:38:55] 
[11/12/2021 3:38:57] 
[11/12/2021 3:38:59] 
[11/12/2021 3:39:1] 
[11/12/2021 3:39:13] 
[11/12/2021 3:39:15] 
[11/12/2021 3:39:17] 
[11/12/2021 3:40:1] 
[11/12/2021 3:40:3] 
[11/12/2021 3:40:7] 
[11/12/2021 3:40:15] 
[11/12/2021 3:41:9] 
[11/12/2021 3:41:11] 
[11/12/2021 3:41:13] 
[11/12/2021 3:41:17] 
[11/12/2021 3:41:20] 
[11/12/2021 3:43:0] 
[11/12/2021 3:43:54] 
[11/12/2021 3:43:56] 
[11/12/2021 3:44:6] 
[11/12/2021 3:44:8] 
[11/12/2021 3:44:10] 
[11/12/2021 3:44:14] 
[11/12/2021 3:44:16] 
[11/12/2021 3:44:19] 
[11/12/2021 3:44:21] 
[11/12/2021 3:44:24] 
[11/12/2021 3:44:26] 
[11/12/2021 3:44:30] 
[11/12/2021 3:44:32] 
[11/12/2021 3:44:34] 
[11/12/2021 3:44:36] 
[11/12/2021 3:44:38] 
[11/12/2021 3:44:40] 
[11/12/2021 3:44:42] 
[11/12/2021 3:44:44] 
[11/12/2021 3:44:46] 
[11/12/2021 3:44:48] 
[11/12/2021 3:44:52] 
[11/12/2021 3:44:54] 
[11/12/2021 3:44:56] 
[11/12/2021 3:44:58] 
[11/12/2021 3:45:0] 
[11/12/2021 3:45:4] 
[11/12/2021 3:45:6] 
[11/12/2021 3:45:10] 
[11/12/2021 3:45:16] 
[11/12/2021 3:45:18] 
[11/12/2021 3:45:20] 
[11/12/2021 3:45:22] 
[11/12/2021 3:45:26] 
[11/12/2021 3:45:28] 
[11/12/2021 3:45:32] 
[11/12/2021 3:45:34] 
[11/12/2021 3:45:42] 
[11/12/2021 3:46:6] 
[11/12/2021 3:46:8] 
[11/12/2021 3:46:10] 
[11/12/2021 3:46:12] 
[11/12/2021 3:46:14] 
[11/12/2021 3:46:16] 
[11/12/2021 3:46:18] 
[11/12/2021 3:46:20] 
[11/12/2021 3:46:24] 
[11/12/2021 3:46:26] 
[11/12/2021 3:46:28] 
[11/12/2021 3:46:30] 
[11/12/2021 3:46:34] 
[11/12/2021 3:46:36] 
[11/12/2021 3:46:38] 
[11/12/2021 3:46:40] 
[11/12/2021 3:46:42] 
[11/12/2021 3:46:54] 
[11/12/2021 3:46:56] 
[11/12/2021 3:46:58] 
[11/12/2021 3:47:0] 
[11/12/2021 3:47:2] 
[11/12/2021 3:47:5] 
[11/12/2021 3:47:12] 
[11/12/2021 3:47:14] 
[11/12/2021 3:47:16] 
[11/12/2021 3:47:18] 
[11/12/2021 3:47:21] 
[11/12/2021 3:47:23] 
[11/12/2021 3:47:25] 
[11/12/2021 3:47:48] 
[11/12/2021 3:47:50] 
[11/12/2021 3:47:53] 
[11/12/2021 3:47:56] 
[11/12/2021 3:47:58] 
[11/12/2021 3:48:0] 
[11/12/2021 3:48:3] 
[11/12/2021 3:48:5] 
[11/12/2021 3:49:41] 
[11/12/2021 3:50:15] 
[11/12/2021 3:50:17] 
[11/12/2021 3:50:25] 
[11/12/2021 3:50:27] 
[11/12/2021 3:50:29] 
[11/12/2021 3:50:33] 
[11/12/2021 3:50:35] 
[11/12/2021 3:50:41] 
[11/12/2021 3:50:43] 
[11/12/2021 3:50:47] 
[11/12/2021 3:50:51] 
[11/12/2021 3:50:53] 
[11/12/2021 3:50:55] 
[11/12/2021 3:50:57] 
[11/12/2021 3:51:3] 
[11/12/2021 3:51:5] 
[11/12/2021 3:51:7] 
[11/12/2021 3:51:9] 
[11/12/2021 3:51:11] 
[11/12/2021 3:51:13] 
[11/12/2021 3:51:17] 
[11/12/2021 3:51:19] 
[11/12/2021 3:51:21] 
[11/12/2021 3:51:25] 
[11/12/2021 3:51:27] 
[11/12/2021 3:51:29] 
[11/12/2021 3:51:31] 
[11/12/2021 3:51:33] 
[11/12/2021 3:51:35] 
[11/12/2021 3:51:37] 
[11/12/2021 3:51:39] 
[11/12/2021 3:51:41] 
[11/12/2021 3:51:43] 
[11/12/2021 3:51:49] 
[11/12/2021 3:51:51] 
[11/12/2021 3:51:53] 
[11/12/2021 3:51:55] 
[11/12/2021 3:51:57] 
[11/12/2021 3:51:59] 
[11/12/2021 3:52:1] 
[11/12/2021 3:52:5] 
[11/12/2021 3:52:7] 
[11/12/2021 3:52:15] 
[11/12/2021 3:52:17] 
[11/12/2021 3:52:19] 
[11/12/2021 3:52:21] 
[11/12/2021 3:52:23] 
[11/12/2021 3:52:25] 
[11/12/2021 3:52:27] 
[11/12/2021 3:52:30] 
[11/12/2021 3:52:33] 
[11/12/2021 3:52:35] 
[11/12/2021 3:52:37] 
[11/12/2021 3:52:41] 
[11/12/2021 3:52:43] 
[11/12/2021 3:52:45] 
[11/12/2021 3:52:48] 
[11/12/2021 3:52:51] 
[11/12/2021 3:52:53] 
[11/12/2021 3:52:59] 
[11/12/2021 3:53:1] 
[11/12/2021 3:53:3] 
[11/12/2021 3:53:5] 
[11/12/2021 3:53:9] 
[11/12/2021 3:53:11] 
[11/12/2021 3:53:13] 
[11/12/2021 3:53:15] 
[11/12/2021 3:53:19] 
[11/12/2021 3:53:21] 
[11/12/2021 3:53:23] 
[11/12/2021 3:53:25] 
[11/12/2021 3:53:28] 
[11/12/2021 3:53:30] 
[11/12/2021 3:53:33] 
[11/12/2021 3:53:35] 
[11/12/2021 3:53:37] 
[11/12/2021 3:53:39] 
[11/12/2021 3:53:43] 
[11/12/2021 3:53:45] 
[11/12/2021 3:53:47] 
[11/12/2021 3:53:51] 
[11/12/2021 3:53:53] 
[11/12/2021 3:53:55] 
[11/12/2021 3:53:57] 
[11/12/2021 3:53:59] 
[11/12/2021 3:54:2] 
[11/12/2021 3:54:11] 
[11/12/2021 3:54:14] 
[11/12/2021 3:54:16] 
[11/12/2021 3:54:18] 
[11/12/2021 3:54:21] 
[11/12/2021 3:54:23] 
[11/12/2021 3:54:25] 
[11/12/2021 3:54:29] 
[11/12/2021 3:54:31] 
[11/12/2021 3:54:33] 
[11/12/2021 3:54:36] 
[11/12/2021 3:54:38] 
[11/12/2021 3:54:41] 
[11/12/2021 3:54:44] 
[11/12/2021 3:54:46] 
[11/12/2021 3:54:48] 
[11/12/2021 3:54:51] 
[11/12/2021 3:54:53] 
[11/12/2021 3:54:57] 
[11/12/2021 3:55:0] 
[11/12/2021 3:55:2] 
[11/12/2021 3:55:4] 
[11/12/2021 3:55:6] 
[11/12/2021 3:55:8] 
[11/12/2021 3:55:10] 
[11/12/2021 3:55:15] 
[11/12/2021 3:55:18] 
[11/12/2021 3:55:21] 
[11/12/2021 3:55:23] 
[11/12/2021 3:55:26] 
[11/12/2021 3:55:28] 
[11/12/2021 3:55:30] 
[11/12/2021 3:55:32] 
[11/12/2021 3:55:34] 
[11/12/2021 3:55:39] 
[11/12/2021 3:55:41] 
[11/12/2021 3:55:44] 
[11/12/2021 3:55:46] 
[11/12/2021 3:55:48] 
[11/12/2021 3:55:50] 
[11/12/2021 3:55:52] 
[11/12/2021 3:55:54] 
[11/12/2021 3:55:56] 
[11/12/2021 3:55:58] 
[11/12/2021 3:56:2] 
[11/12/2021 3:56:4] 
[11/12/2021 3:56:6] 
[11/12/2021 3:56:14] 
[11/12/2021 3:56:16] 
[11/12/2021 3:56:18] 
[11/12/2021 3:56:20] 
[11/12/2021 3:56:24] 
[11/12/2021 3:56:26] 
[11/12/2021 3:56:28] 
[11/12/2021 3:56:30] 
[11/12/2021 3:56:34] 
[11/12/2021 3:56:36] 
[11/12/2021 3:56:38] 
[11/12/2021 3:56:40] 
[11/12/2021 3:56:42] 
[11/12/2021 3:56:44] 
[11/12/2021 3:56:50] 
[11/12/2021 3:56:52] 
[11/12/2021 3:56:56] 
[11/12/2021 3:56:58] 
[11/12/2021 3:57:2] 
[11/12/2021 3:57:4] 
[11/12/2021 3:57:12] 
[11/12/2021 3:57:14] 
[11/12/2021 3:57:16] 
[11/12/2021 3:57:18] 
[11/12/2021 3:57:20] 
[11/12/2021 3:57:24] 
[11/12/2021 3:57:26] 
[11/12/2021 3:57:36] 
[11/12/2021 3:57:38] 
[11/12/2021 3:57:40] 
[11/12/2021 3:57:42] 
[11/12/2021 3:57:44] 
[11/12/2021 3:57:48] 
[11/12/2021 3:57:56] 
[11/12/2021 3:57:58] 
[11/12/2021 3:58:0] 
[11/12/2021 3:58:2] 
[11/12/2021 3:58:4] 
[11/12/2021 3:58:6] 
[11/12/2021 3:58:8] 
[11/12/2021 3:58:12] 
[11/12/2021 3:58:16] 
[11/12/2021 3:58:20] 
[11/12/2021 3:58:22] 
[11/12/2021 3:58:24] 
[11/12/2021 3:58:26] 
[11/12/2021 3:58:28] 
[11/12/2021 3:58:30] 
[11/12/2021 3:58:32] 
[11/12/2021 3:58:34] 
[11/12/2021 3:58:37] 
[11/12/2021 3:58:39] 
[11/12/2021 3:58:42] 
[11/12/2021 3:58:44] 
[11/12/2021 3:58:46] 
[11/12/2021 3:58:48] 
[11/12/2021 3:58:50] 
[11/12/2021 3:58:52] 
[11/12/2021 3:58:54] 
[11/12/2021 3:58:58] 
[11/12/2021 3:59:0] 
[11/12/2021 3:59:2] 
[11/12/2021 3:59:8] 
[11/12/2021 3:59:10] 
[11/12/2021 3:59:12] 
[11/12/2021 3:59:14] 
[11/12/2021 3:59:16] 
[11/12/2021 3:59:18] 
[11/12/2021 3:59:20] 
[11/12/2021 3:59:22] 
[11/12/2021 3:59:25] 
[11/12/2021 3:59:30] 
[11/12/2021 3:59:32] 
[11/12/2021 3:59:34] 
[11/12/2021 3:59:36] 
[11/12/2021 3:59:40] 
[11/12/2021 3:59:42] 
[11/12/2021 3:59:44] 
[11/12/2021 3:59:46] 
[11/12/2021 3:59:52] 
[11/12/2021 3:59:54] 
[11/12/2021 3:59:56] 
[11/12/2021 3:59:58] 
[11/12/2021 4:0:1] 
[11/12/2021 4:0:3] 
[11/12/2021 4:0:6] 
[11/12/2021 4:0:8] 
[11/12/2021 4:0:10] 
[11/12/2021 4:0:14] 
[11/12/2021 4:0:16] 
[11/12/2021 4:0:18] 
[11/12/2021 4:0:20] 
[11/12/2021 4:0:22] 
[11/12/2021 4:0:25] 
[11/12/2021 4:0:27] 
[11/12/2021 4:0:29] 
[11/12/2021 4:0:32] 
[11/12/2021 4:0:34] 
[11/12/2021 4:0:40] 
[11/12/2021 4:0:42] 
[11/12/2021 4:0:44] 
[11/12/2021 4:0:46] 
[11/12/2021 4:0:50] 
[11/12/2021 4:0:55] 
[11/12/2021 4:0:57] 
[11/12/2021 4:1:0] 
[11/12/2021 4:1:2] 
[11/12/2021 4:1:5] 
[11/12/2021 4:1:8] 
[11/12/2021 4:1:11] 
[11/12/2021 4:1:15] 
[11/12/2021 4:1:19] 
[11/12/2021 4:1:21] 
[11/12/2021 4:1:24] 
[11/12/2021 4:1:26] 
[11/12/2021 4:1:29] 
[11/12/2021 4:1:31] 
[11/12/2021 4:1:33] 
[11/12/2021 4:1:35] 
[11/12/2021 4:1:37] 
[11/12/2021 4:1:39] 
[11/12/2021 4:1:42] 
[11/12/2021 4:5:37] 
[11/12/2021 4:5:39] 
[11/12/2021 4:8:46] 
[11/12/2021 4:8:49] 
[11/12/2021 4:8:51] 
[11/12/2021 4:8:53] 
[11/12/2021 4:8:56] 
[11/12/2021 4:8:58] 
[11/12/2021 4:9:0] 
[11/12/2021 4:9:2] 
[11/12/2021 4:9:4] 
[11/12/2021 4:9:7] 
[11/12/2021 4:9:10] 
[11/12/2021 4:9:12] 
[11/12/2021 4:9:14] 
[11/12/2021 4:9:16] 
[11/12/2021 4:9:18] 
[11/12/2021 4:9:20] 
[11/12/2021 4:9:22] 
[11/12/2021 4:9:24] 
[11/12/2021 4:12:14] 
[11/12/2021 4:12:16] 
[11/12/2021 4:12:18] 
[11/12/2021 4:12:20] 
[11/12/2021 4:12:22] 
[11/12/2021 4:12:24] 
[11/12/2021 4:12:26] 
[11/12/2021 4:12:28] 
[11/12/2021 4:12:32] 
[11/12/2021 4:12:34] 
[11/12/2021 4:12:36] 
[11/12/2021 4:12:38] 
[11/12/2021 4:12:40] 
[11/12/2021 4:12:44] 
[11/12/2021 4:12:46] 
[11/12/2021 4:12:52] 
[11/12/2021 4:12:58] 
[11/12/2021 4:13:6] 
[11/12/2021 4:13:8] 
[11/12/2021 4:13:10] 
[11/12/2021 4:13:12] 
[11/12/2021 4:13:14] 
[11/12/2021 4:13:20] 
[11/12/2021 4:13:22] 
[11/12/2021 4:13:24] 
[11/12/2021 4:13:26] 
[11/12/2021 4:13:28] 
[11/12/2021 4:13:30] 
[11/12/2021 4:13:33] 
[11/12/2021 4:14:30] 
[11/12/2021 4:14:32] 
[11/12/2021 4:14:34] 
[11/12/2021 4:14:37] 
[11/12/2021 4:14:39] 
[11/12/2021 4:14:41] 
[11/12/2021 4:14:43] 
[11/12/2021 4:14:45] 
[11/12/2021 4:14:47] 
[11/12/2021 4:14:50] 
[11/12/2021 4:14:53] 
[11/12/2021 4:14:55] 
[11/12/2021 4:14:57] 
[11/12/2021 4:14:59] 
[11/12/2021 4:15:3] 
[11/12/2021 4:15:5] 
[11/12/2021 4:15:7] 
[11/12/2021 4:15:9] 
[11/12/2021 4:15:14] 
[11/12/2021 4:15:16] 
[11/12/2021 4:15:19] 
[11/12/2021 4:15:21] 
[11/12/2021 4:15:23] 
[11/12/2021 4:15:25] 
[11/12/2021 4:15:27] 
[11/12/2021 4:15:29] 
[11/12/2021 4:15:31] 
[11/12/2021 4:15:33] 
[11/12/2021 4:15:38] 
[11/12/2021 4:15:41] 
[11/12/2021 4:15:43] 
[11/12/2021 4:15:45] 
[11/12/2021 4:15:48] 
[11/12/2021 4:15:51] 
[11/12/2021 4:15:53] 
[11/12/2021 4:15:55] 
[11/12/2021 4:15:57] 
[11/12/2021 4:16:3] 
[11/12/2021 4:16:5] 
[11/12/2021 4:16:7] 
[11/12/2021 4:16:9] 
[11/12/2021 4:16:13] 
[11/12/2021 4:16:15] 
[11/12/2021 4:16:17] 
[11/12/2021 4:16:19] 
[11/12/2021 4:16:23] 
[11/12/2021 4:16:25] 
[11/12/2021 4:16:27] 
[11/12/2021 4:16:29] 
[11/12/2021 4:16:33] 
[11/12/2021 4:16:37] 
[11/12/2021 4:16:39] 
[11/12/2021 4:16:41] 
[11/12/2021 4:16:43] 
[11/12/2021 4:16:47] 
[11/12/2021 4:16:49] 
[11/12/2021 4:16:51] 
[11/12/2021 4:16:53] 
[11/12/2021 4:16:55] 
[11/12/2021 4:16:57] 
[11/12/2021 4:16:59] 
[11/12/2021 4:17:1] 
[11/12/2021 4:17:3] 
[11/12/2021 4:17:5] 
[11/12/2021 4:17:11] 
[11/12/2021 4:17:15] 
[11/12/2021 4:17:25] 
[11/12/2021 4:17:27] 
[11/12/2021 4:17:29] 
[11/12/2021 4:17:41] 
[11/12/2021 4:17:45] 
[11/12/2021 4:17:47] 
[11/12/2021 4:17:49] 
[11/12/2021 4:17:51] 
[11/12/2021 4:17:55] 
[11/12/2021 4:17:57] 
[11/12/2021 4:17:59] 
[11/12/2021 4:18:1] 
[11/12/2021 4:18:5] 
[11/12/2021 4:18:7] 
[11/12/2021 4:18:11] 
[11/12/2021 4:18:13] 
[11/12/2021 4:18:19] 
[11/12/2021 4:18:21] 
[11/12/2021 4:18:23] 
[11/12/2021 4:18:25] 
[11/12/2021 4:18:27] 
[11/12/2021 4:18:29] 
[11/12/2021 4:18:31] 
[11/12/2021 4:18:33] 
[11/12/2021 4:18:37] 
[11/12/2021 4:18:41] 
[11/12/2021 4:18:43] 
[11/12/2021 4:18:45] 
[11/12/2021 4:18:47] 
[11/12/2021 4:18:55] 
[11/12/2021 4:18:57] 
[11/12/2021 4:18:59] 
[11/12/2021 4:19:1] 
[11/12/2021 4:19:13] 
[11/12/2021 4:19:15] 
[11/12/2021 4:19:17] 
[11/12/2021 4:19:19] 
[11/12/2021 4:19:23] 
[11/12/2021 4:19:29] 
[11/12/2021 4:19:31] 
[11/12/2021 4:19:33] 
[11/12/2021 4:19:35] 
[11/12/2021 4:19:37] 
[11/12/2021 4:19:39] 
[11/12/2021 4:19:42] 
[11/12/2021 4:19:45] 
[11/12/2021 4:19:47] 
[11/12/2021 4:19:53] 
[11/12/2021 4:19:55] 
[11/12/2021 4:19:57] 
[11/12/2021 4:19:59] 
[11/12/2021 4:20:1] 
[11/12/2021 4:20:3] 
[11/12/2021 4:20:5] 
[11/12/2021 4:20:8] 
[11/12/2021 4:20:10] 
[11/12/2021 4:23:54] 
[11/12/2021 4:23:56] 
[11/12/2021 4:23:58] 
[11/12/2021 4:24:0] 
[11/12/2021 4:24:43] 
[11/12/2021 4:24:45] 
[11/12/2021 4:24:52] 
[11/12/2021 4:24:54] 
[11/12/2021 4:24:56] 
[11/12/2021 4:47:25] 
[11/12/2021 4:47:42] 
[11/12/2021 4:47:44] 
[11/12/2021 4:48:20] 
[11/12/2021 4:48:22] 
[11/12/2021 4:48:30] 
[11/12/2021 4:48:32] 
[11/12/2021 4:48:34] 
[11/12/2021 4:48:38] 
[11/12/2021 4:48:40] 
[11/12/2021 4:48:42] 
[11/12/2021 4:48:44] 
[11/12/2021 4:48:46] 
[11/12/2021 4:48:48] 
[11/12/2021 4:48:50] 
[11/12/2021 4:48:52] 
[11/12/2021 4:48:54] 
[11/12/2021 4:48:58] 
[11/12/2021 4:49:2] 
[11/12/2021 4:49:4] 
[11/12/2021 4:49:6] 
[11/12/2021 4:49:10] 
[11/12/2021 4:49:12] 
[11/12/2021 4:49:14] 
[11/12/2021 4:49:20] 
[11/12/2021 4:49:32] 
[11/12/2021 4:49:34] 
[11/12/2021 4:49:36] 
[11/12/2021 4:49:38] 
[11/12/2021 4:49:40] 
[11/12/2021 4:49:42] 
[11/12/2021 4:49:44] 
[11/12/2021 4:49:48] 
[11/12/2021 4:49:50] 
[11/12/2021 4:49:52] 
[11/12/2021 4:49:54] 
[11/12/2021 4:49:56] 
[11/12/2021 4:49:58] 
[11/12/2021 4:50:0] 
[11/12/2021 4:50:2] 
[11/12/2021 4:50:6] 
[11/12/2021 4:50:16] 
[11/12/2021 4:50:20] 
[11/12/2021 4:50:22] 
[11/12/2021 4:52:2] 
[11/12/2021 4:52:6] 
[11/12/2021 4:52:8] 
[11/12/2021 4:52:10] 
[11/12/2021 4:52:12] 
[11/12/2021 4:52:14] 
[11/12/2021 4:52:16] 
[11/12/2021 4:52:18] 
[11/12/2021 4:52:20] 
[11/12/2021 4:55:20] 
[11/12/2021 4:55:22] 
[11/12/2021 4:55:24] 
[11/12/2021 4:55:26] 
[11/12/2021 4:55:34] 
[11/12/2021 4:55:36] 
[11/12/2021 4:55:38] 
[11/12/2021 4:55:41] 
[11/12/2021 4:55:43] 
[11/12/2021 4:55:45] 
[11/12/2021 4:55:47] 
[11/12/2021 4:55:49] 
[11/12/2021 4:55:51] 
[11/12/2021 4:55:57] 
[11/12/2021 4:55:59] 
[11/12/2021 5:24:4] 
[11/12/2021 5:24:6] 
[11/12/2021 5:24:9] 
[11/12/2021 5:24:11] 
[11/12/2021 5:36:54] 
[11/12/2021 5:43:23] 
[11/12/2021 5:43:25] 
[11/12/2021 5:43:27] 
[11/12/2021 5:43:29] 
[11/12/2021 6:2:24] 
[11/12/2021 6:2:26] 
[11/12/2021 6:22:17] 
[11/12/2021 6:22:19] 
[11/12/2021 6:22:22] 
[11/12/2021 6:23:34] 
[11/12/2021 6:23:36] 
[11/12/2021 6:23:38] 
[11/12/2021 6:23:42] 
[11/12/2021 6:23:44] 
[11/12/2021 6:23:46] 
[11/12/2021 6:23:48] 
[11/12/2021 6:23:50] 
[11/12/2021 6:23:52] 
[11/12/2021 6:23:55] 
[11/12/2021 6:24:0] 
[11/12/2021 6:24:12] 
[11/12/2021 6:24:14] 
[11/12/2021 6:24:16] 
[11/12/2021 6:24:20] 
[11/12/2021 6:24:22] 
[11/12/2021 6:24:24] 
[11/12/2021 6:24:28] 
[11/12/2021 6:24:30] 
[11/12/2021 6:24:32] 
[11/12/2021 6:24:34] 
[11/12/2021 6:24:37] 
[11/12/2021 6:24:40] 
[11/12/2021 6:24:46] 
[11/12/2021 6:24:50] 
[11/12/2021 6:24:52] 
[11/12/2021 6:24:54] 
[11/12/2021 6:24:57] 
[11/12/2021 6:24:59] 
[11/12/2021 6:25:1] 
[11/12/2021 6:25:3] 
[11/12/2021 6:25:5] 
[11/12/2021 6:25:7] 
[11/12/2021 6:25:9] 
[11/12/2021 6:25:14] 
[11/12/2021 6:25:16] 
[11/12/2021 6:25:20] 
[11/12/2021 6:25:23] 
[11/12/2021 6:25:25] 
[11/12/2021 6:25:27] 
[11/12/2021 6:25:30] 
[11/12/2021 6:25:32] 
[11/12/2021 6:25:38] 
[11/12/2021 6:25:40] 
[11/12/2021 6:25:44] 
[11/12/2021 6:25:46] 
[11/12/2021 6:25:50] 
[11/12/2021 6:25:53] 
[11/12/2021 6:25:55] 
[11/12/2021 6:26:2] 
[11/12/2021 6:26:4] 
[11/12/2021 6:26:6] 
[11/12/2021 6:26:8] 
[11/12/2021 6:26:11] 
[11/12/2021 6:26:13] 
[11/12/2021 6:26:16] 
[11/12/2021 6:26:19] 
[11/12/2021 6:26:24] 
[11/12/2021 6:26:26] 
[11/12/2021 6:26:29] 
[11/12/2021 6:26:31] 
[11/12/2021 6:26:36] 
[11/12/2021 6:26:39] 
[11/12/2021 6:26:41] 
[11/12/2021 6:26:43] 
[11/12/2021 6:26:46] 
[11/12/2021 6:26:48] 
[11/12/2021 6:26:51] 
[11/12/2021 6:26:53] 
[11/12/2021 6:26:55] 
[11/12/2021 6:26:57] 
[11/12/2021 6:26:59] 
[11/12/2021 6:27:1] 
[11/12/2021 6:27:4] 
[11/12/2021 6:27:8] 
[11/12/2021 6:27:11] 
[11/12/2021 6:28:47] 
[11/12/2021 6:28:49] 
[11/12/2021 6:28:51] 
[11/12/2021 6:28:55] 
[11/12/2021 6:28:57] 
[11/12/2021 6:28:59] 
[11/12/2021 6:29:1] 
[11/12/2021 6:29:5] 
[11/12/2021 6:29:7] 
[11/12/2021 6:29:9] 
[11/12/2021 6:32:28] 
[11/12/2021 11:26:0] !aol
[6/6/2022 18:54:7] !emotespells
[6/6/2022 18:54:14] !emotespells on
[6/6/2022 18:54:33] !serverinfo
[6/6/2022 19:32:4] !aol
[6/6/2022 19:36:28] !aol
