[23/2/2022 20:14:33] !emotespells on
[23/2/2022 21:14:4] !rank distamce
[23/2/2022 21:14:8] !rank distance
[23/2/2022 22:17:26] !rank distance
[23/2/2022 23:0:32] !rank distance
[23/2/2022 23:0:41] !rank club
[23/2/2022 23:38:3] !rank club
[23/2/2022 23:38:6] !rank distance
[24/2/2022 8:37:49] !aol
[24/2/2022 8:41:48] !aol
[24/2/2022 8:53:10] !aol
[24/2/2022 9:2:59] !aol
[24/2/2022 9:3:29] !aol
[24/2/2022 9:51:25] !aol
[24/2/2022 10:4:14] !guildpoints
[24/2/2022 10:22:36] !guildpoints
[24/2/2022 10:25:19] !guildpoints
[24/2/2022 10:34:0] !guildpoints
[24/2/2022 12:49:3] !rank distance
[24/2/2022 15:27:0] !aol
