[31/5/2022 19:31:24] !online
[31/5/2022 19:40:1] !rank level
[31/5/2022 20:18:10] !aol
[31/5/2022 20:18:54] !aol
[31/5/2022 20:21:23] !rank level
[31/5/2022 20:22:28] !rank level
[31/5/2022 20:23:43] !rank level
[31/5/2022 20:45:50] !rank level
[31/5/2022 21:14:37] !aol
[31/5/2022 21:25:6] !aol
[31/5/2022 21:29:54] !aol
[31/5/2022 21:45:5] !aol
[31/5/2022 21:53:16] !aol
[31/5/2022 21:56:57] !aol
[31/5/2022 22:46:1] !aol
[31/5/2022 22:46:4] !aol
[31/5/2022 22:46:8] !aol
[31/5/2022 22:46:11] !aol
[31/5/2022 22:46:14] !aol
[31/5/2022 22:46:17] !aol
[31/5/2022 22:46:21] !aol
[31/5/2022 22:52:51] !aol
[31/5/2022 23:25:22] !aol
[31/5/2022 23:57:38] !aol
[1/6/2022 5:11:55] !aol
[2/6/2022 2:33:9] !aol
[2/6/2022 3:1:6] !rank sword
[2/6/2022 3:1:14] !rank axe
[2/6/2022 3:54:49] !aol
[2/6/2022 5:6:24] !aol
[2/6/2022 10:39:46] !aol
[2/6/2022 10:44:2] !rank magic
[2/6/2022 19:28:46] !aol
[2/6/2022 19:38:5] !aol
[2/6/2022 19:55:57] !aol
[2/6/2022 19:57:15] !aol
[2/6/2022 20:3:7] !aol
[2/6/2022 21:23:31] !aol
[2/6/2022 22:26:7] !aol
[2/6/2022 22:30:41] !aol
[2/6/2022 22:35:34] !aol
[2/6/2022 22:43:23] !aol
[2/6/2022 23:3:43] !aol
[2/6/2022 23:8:52] !aol
[3/6/2022 12:10:40] !aol
[3/6/2022 23:21:27] !aol
[4/6/2022 21:13:10] !online
[7/6/2022 20:2:56] !frags
