[15/12/2021 12:59:15] !aol
[15/12/2021 14:47:49] !aol
[15/12/2021 17:25:42] !aol
[15/12/2021 18:32:42] !aol
[15/12/2021 18:37:53] !aol
[15/12/2021 21:36:29] !aol
[15/12/2021 22:21:40] !aol
[16/12/2021 0:3:30] !aol
[16/12/2021 8:3:58] !aol
[16/12/2021 16:52:6] !aol
[16/12/2021 16:56:36] !aol
[16/12/2021 16:59:50] !aol
[16/12/2021 17:9:28] !aol
[16/12/2021 18:27:25] !aol
[16/12/2021 19:40:36] !aol
[16/12/2021 19:52:50] !aol
[16/12/2021 21:58:6] !aol
[16/12/2021 22:3:14] !aol
[16/12/2021 22:3:46] !aol
[17/12/2021 3:51:57] !aol
[17/12/2021 11:43:46] !buyhouse
[17/12/2021 11:44:0] !buyhouse
[17/12/2021 11:44:31] !buyhouse
[17/12/2021 11:44:59] !buyhouse
[17/12/2021 11:46:21] !buyhouse
[17/12/2021 20:50:1] !aol
[18/12/2021 1:24:13] !rank magic
[18/12/2021 1:24:57] !rank magic
[18/12/2021 16:32:22] !aol
[18/12/2021 21:47:14] !aol
[19/12/2021 8:20:55] !aol
[19/12/2021 15:23:1] !addon druid
[19/12/2021 16:51:53] !addon warmaster
[19/12/2021 16:51:59] !addon warmaster
[19/12/2021 16:52:22] !addon warmaster
[19/12/2021 16:52:33] !addon warmaster
[19/12/2021 16:52:59] !addon warmaster
[19/12/2021 16:53:9] !addon warmaster
[19/12/2021 16:53:25] !addon doll warmaster
[19/12/2021 16:54:32] !addon warmaster
[19/12/2021 16:54:45] !addon warmaster
[19/12/2021 16:55:32] !addon warmaster
[19/12/2021 16:55:48] !addon warmaster
[19/12/2021 17:36:38] !addon warmaster
[19/12/2021 17:36:44] !addon warmaster
[19/12/2021 17:37:11] !addon warmaster
[19/12/2021 17:37:24] !addon warmaster
[19/12/2021 17:38:53] !addon warmaster
[19/12/2021 17:39:32] !addon warmaster
[19/12/2021 17:41:50] !addon warmaster
[19/12/2021 17:42:27] !addon warmaster
[19/12/2021 17:42:34] !addon warmaster
[19/12/2021 17:43:46] !addon warmaster
[19/12/2021 17:46:36] !addon warmaster
[19/12/2021 17:46:40] !addon warmaster
[19/12/2021 17:46:48] !addon warmaster
[19/12/2021 17:47:18] !addon warmaster
[19/12/2021 17:47:35] !addon warmaster
[19/12/2021 17:47:55] !addon warmaster
[19/12/2021 17:48:17] !addon warmaster
[19/12/2021 17:48:19] !addon warmaster
[19/12/2021 17:48:21] !addon warmaster
[19/12/2021 17:48:24] !addon warmaster
[19/12/2021 17:48:30] !addon warmaster
[19/12/2021 17:48:54] !addon warmaster
[19/12/2021 17:49:4] !addon warmaster
[19/12/2021 17:49:11] !addon warmaster
[19/12/2021 17:51:8] !addon warmaster
[19/12/2021 19:20:12] !aol
[19/12/2021 21:3:40] !buyhouse
[19/12/2021 21:4:20] !buyhouse
[19/12/2021 21:4:29] !buyhouse
[19/12/2021 21:4:46] !buyhouse
[19/12/2021 21:18:53] !aol
[19/12/2021 21:24:9] !aol
[19/12/2021 21:51:47] !aol
[19/12/2021 21:52:59] !aol
[19/12/2021 21:54:24] !aol
[19/12/2021 21:56:35] !aol
[19/12/2021 21:59:14] !aol
[19/12/2021 23:42:38] !aol
[26/12/2021 20:40:24] !aol
