[1/6/2022 9:54:36] !aol
[1/6/2022 9:55:17] !aol
[1/6/2022 9:56:4] !aol
[1/6/2022 10:9:36] !emotespells on
[1/6/2022 10:24:9] !aol
[1/6/2022 10:48:12] !aol
[1/6/2022 10:58:26] !aol
[1/6/2022 11:26:16] !aol
[1/6/2022 11:29:4] !aol
[1/6/2022 12:32:28] !aol
[2/6/2022 2:28:34] !aol
[2/6/2022 3:27:10] !emotespells on
[2/6/2022 3:37:33] !emotespells on
[2/6/2022 3:48:13] !emotespells on
[2/6/2022 3:59:59] !emotespells on
[2/6/2022 4:2:54] !emotespells on
[2/6/2022 4:7:33] !emotespells on
[2/6/2022 4:10:18] !emotespells on
[2/6/2022 4:16:54] !emotespells on
[2/6/2022 4:47:52] !emotespells on
[2/6/2022 4:47:55] !aol
[2/6/2022 5:5:51] !aol
[2/6/2022 5:8:18] !emotespells on
[2/6/2022 5:8:47] !emotespells on
[2/6/2022 5:24:7] !emotespells on
[2/6/2022 5:33:20] !emotespells on
[2/6/2022 5:53:18] !emotespells on
[2/6/2022 6:9:0] !emotespells on
[2/6/2022 6:24:36] !emotespells on
[2/6/2022 6:39:48] !emotespells on
[2/6/2022 6:56:18] !emotespells on
[2/6/2022 7:11:13] !emotespells on
[2/6/2022 7:27:41] !emotespells on
[2/6/2022 7:44:2] !emotespells on
[2/6/2022 5:4:37] !aol
[2/6/2022 5:4:46] !emotespells on
[2/6/2022 5:17:33] !emotespells on
[2/6/2022 5:32:7] !emotespells on
[2/6/2022 5:42:56] !emotespells on
[2/6/2022 5:46:50] !emotespells on
[2/6/2022 5:58:31] !emotespells on
[2/6/2022 6:15:25] !emotespells on
[2/6/2022 6:29:56] !emotespells on
[2/6/2022 6:41:14] !emotespells on
[2/6/2022 6:55:36] !emotespells on
[2/6/2022 7:28:3] !emotespells on
[2/6/2022 7:39:24] !emotespells on
[2/6/2022 7:53:27] !emotespells on
[2/6/2022 8:8:45] !emotespells on
[2/6/2022 8:19:6] !emotespells on
[2/6/2022 8:35:41] !emotespells on
[2/6/2022 8:50:7] !emotespells on
[2/6/2022 9:1:18] !emotespells on
[2/6/2022 9:13:28] !emotespells on
[2/6/2022 9:32:7] !emotespells on
[2/6/2022 9:44:44] !emotespells on
[2/6/2022 10:2:44] !emotespells on
[2/6/2022 10:15:35] !emotespells on
[2/6/2022 10:27:57] !emotespells on
[2/6/2022 10:42:47] !emotespells on
[2/6/2022 11:2:6] !emotespells on
[2/6/2022 11:11:47] !emotespells on
[2/6/2022 11:23:7] !emotespells on
[2/6/2022 11:32:59] !emotespells on
[2/6/2022 11:36:29] !emotespells on
[2/6/2022 11:42:22] !emotespells on
[2/6/2022 11:51:58] !emotespells on
[2/6/2022 11:59:22] !emotespells on
[2/6/2022 12:8:29] !emotespells on
[2/6/2022 12:19:39] !emotespells on
[2/6/2022 12:34:3] !emotespells on
[2/6/2022 12:51:41] !emotespells on
[2/6/2022 13:5:20] !emotespells on
[2/6/2022 13:18:50] !emotespells on
[2/6/2022 13:33:25] !emotespells on
[2/6/2022 13:45:47] !emotespells on
[2/6/2022 14:2:11] !emotespells on
[2/6/2022 14:15:24] !emotespells on
[2/6/2022 14:29:54] !emotespells on
[2/6/2022 14:48:17] !emotespells on
[2/6/2022 14:56:59] !emotespells on
[2/6/2022 15:10:29] !emotespells on
[2/6/2022 15:27:58] !emotespells on
[2/6/2022 15:41:43] !emotespells on
[2/6/2022 15:58:57] !emotespells on
[2/6/2022 16:15:51] !emotespells on
[2/6/2022 16:32:33] !emotespells on
[2/6/2022 17:2:47] !emotespells on
[2/6/2022 17:18:12] !emotespells on
[2/6/2022 17:39:59] !emotespells on
[2/6/2022 17:53:43] !emotespells on
[2/6/2022 18:11:32] !emotespells on
[2/6/2022 18:29:36] !emotespells on
[2/6/2022 18:51:0] !emotespells on
[2/6/2022 19:8:19] !emotespells on
[2/6/2022 19:21:20] !emotespells on
[2/6/2022 23:47:42] aleta sio
[2/6/2022 23:47:45] aleta som
[2/6/2022 23:47:48] aleta sio
[2/6/2022 23:47:51] aleta sio
[2/6/2022 23:56:7] !emotespells on
[3/6/2022 0:10:8] !emotespells on
[3/6/2022 0:25:32] !emotespells on
[3/6/2022 0:37:6] !emotespells on
[3/6/2022 0:51:11] !emotespells on
[3/6/2022 1:5:14] !emotespells on
[3/6/2022 1:18:15] !emotespells on
[3/6/2022 1:31:18] !emotespells on
[3/6/2022 1:57:48] !emotespells on
[3/6/2022 2:13:38] !emotespells on
[3/6/2022 2:28:53] !emotespells on
[3/6/2022 12:9:4] !rank axe
[3/6/2022 12:31:20] !rank distance
[3/6/2022 16:28:1] !emotespells on
[3/6/2022 16:35:23] !emotespells on
[3/6/2022 16:47:56] !emotespells on
[3/6/2022 16:58:52] !emotespells on
[3/6/2022 17:9:42] !emotespells on
[3/6/2022 17:19:23] !emotespells on
[3/6/2022 17:30:43] !emotespells on
[3/6/2022 17:44:24] !emotespells on
[3/6/2022 17:56:6] !emotespells on
[3/6/2022 18:6:48] !emotespells on
[3/6/2022 18:18:34] !emotespells on
[3/6/2022 18:23:41] !emotespells on
[3/6/2022 18:28:0] !emotespells on
[3/6/2022 18:38:33] !emotespells on
[3/6/2022 18:48:53] !emotespells on
[3/6/2022 18:58:24] !emotespells on
[3/6/2022 19:6:44] !emotespells on
[4/6/2022 0:25:4] !aol
[4/6/2022 0:27:51] !emotespells on
[4/6/2022 0:39:43] !emotespells on
[4/6/2022 0:48:54] !emotespells on
[4/6/2022 1:1:5] !emotespells on
[4/6/2022 1:10:32] !emotespells on
[4/6/2022 1:23:55] !emotespells on
[4/6/2022 1:35:14] !emotespells on
[4/6/2022 1:45:54] !emotespells on
[4/6/2022 1:56:20] !aol
[4/6/2022 1:56:26] !emotespells on
[4/6/2022 2:7:6] !emotespells on
[4/6/2022 2:21:34] !emotespells on
[4/6/2022 2:32:23] !emotespells on
[4/6/2022 2:43:6] !emotespells on
[4/6/2022 2:56:14] !emotespells on
[4/6/2022 3:8:35] !emotespells on
[4/6/2022 3:18:28] !emotespells on
[4/6/2022 3:28:42] !emotespells on
[4/6/2022 3:40:40] !emotespells on
[4/6/2022 3:52:0] !emotespells on
[4/6/2022 4:4:36] !emotespells on
[4/6/2022 4:15:26] !emotespells on
[4/6/2022 4:27:3] !emotespells on
[4/6/2022 4:40:44] !emotespells on
[4/6/2022 4:47:57] !emotespells on
[4/6/2022 5:11:9] !emotespells on
[4/6/2022 5:23:24] !emotespells on
[4/6/2022 5:31:57] !emotespells on
[4/6/2022 5:38:47] !emotespells on
[4/6/2022 5:45:3] !emotespells on
[4/6/2022 5:53:7] !emotespells on
[4/6/2022 5:59:55] !emotespells on
[4/6/2022 6:7:24] !emotespells on
[4/6/2022 6:13:7] !emotespells on
[4/6/2022 6:20:40] !emotespells on
[4/6/2022 6:27:31] !emotespells on
[4/6/2022 6:34:58] !emotespells on
[4/6/2022 6:44:39] !emotespells on
[4/6/2022 6:52:49] !emotespells on
[4/6/2022 7:0:25] !emotespells on
[4/6/2022 7:6:9] !emotespells on
[4/6/2022 7:16:1] !emotespells on
[4/6/2022 7:24:6] !emotespells on
[4/6/2022 7:34:35] !emotespells on
[4/6/2022 7:40:58] !emotespells on
[4/6/2022 7:48:56] !emotespells on
[4/6/2022 7:58:10] !emotespells on
[4/6/2022 8:3:19] !emotespells on
[4/6/2022 8:8:23] !emotespells on
[4/6/2022 8:18:33] !emotespells on
[4/6/2022 8:24:58] !emotespells on
[4/6/2022 8:28:53] !emotespells on
[4/6/2022 8:33:10] !emotespells on
[4/6/2022 8:40:12] !emotespells on
[4/6/2022 8:48:46] !emotespells on
[4/6/2022 8:59:41] !emotespells on
[4/6/2022 9:6:32] !emotespells on
[4/6/2022 9:9:22] !emotespells on
[4/6/2022 9:15:42] !emotespells on
[4/6/2022 9:24:7] !emotespells on
[4/6/2022 9:31:37] !emotespells on
[4/6/2022 9:38:47] !emotespells on
[4/6/2022 9:45:19] !emotespells on
[4/6/2022 9:48:58] !emotespells on
[4/6/2022 9:54:38] !emotespells on
[4/6/2022 9:57:20] !emotespells on
[4/6/2022 10:8:9] !emotespells on
[4/6/2022 10:16:3] !emotespells on
[4/6/2022 10:19:47] !emotespells on
[4/6/2022 10:23:54] !emotespells on
[4/6/2022 10:30:51] !emotespells on
[4/6/2022 10:38:9] !emotespells on
[4/6/2022 10:45:17] !emotespells on
[4/6/2022 10:48:29] !emotespells on
[4/6/2022 10:55:34] !emotespells on
[4/6/2022 11:3:42] !emotespells on
[4/6/2022 11:9:58] !emotespells on
[4/6/2022 11:16:26] !emotespells on
[4/6/2022 11:19:24] !emotespells on
[4/6/2022 11:22:55] !emotespells on
[4/6/2022 11:31:31] !emotespells on
[4/6/2022 11:35:8] !emotespells on
[4/6/2022 11:39:13] !emotespells on
[4/6/2022 11:45:46] !emotespells on
[4/6/2022 11:52:17] !emotespells on
[4/6/2022 11:55:1] !emotespells on
[4/6/2022 11:59:4] !emotespells on
[4/6/2022 12:4:10] !emotespells on
[4/6/2022 12:10:38] !emotespells on
[4/6/2022 12:16:59] !emotespells on
[4/6/2022 12:25:10] !emotespells on
[4/6/2022 12:37:8] !emotespells on
[4/6/2022 12:44:31] !emotespells on
[4/6/2022 12:52:33] !emotespells on
[4/6/2022 13:1:26] !emotespells on
[4/6/2022 13:9:31] !emotespells on
[4/6/2022 13:16:40] !emotespells on
[4/6/2022 13:23:28] !emotespells on
[4/6/2022 13:30:52] !emotespells on
[4/6/2022 13:33:9] !emotespells on
[4/6/2022 13:39:4] !emotespells on
[4/6/2022 13:49:18] !emotespells on
[4/6/2022 13:52:2] !emotespells on
[4/6/2022 13:55:53] !emotespells on
[4/6/2022 14:4:44] !emotespells on
[4/6/2022 14:15:42] !emotespells on
[4/6/2022 14:28:13] !emotespells on
[4/6/2022 14:37:59] !emotespells on
[4/6/2022 14:49:40] !emotespells on
[4/6/2022 14:53:57] !emotespells on
[4/6/2022 15:1:54] !emotespells on
[4/6/2022 15:14:55] !emotespells on
[4/6/2022 15:22:24] !emotespells on
[4/6/2022 15:29:2] !emotespells on
[4/6/2022 15:35:58] !emotespells on
[4/6/2022 15:38:57] !emotespells on
[4/6/2022 15:44:45] !emotespells on
[4/6/2022 15:50:42] !emotespells on
[4/6/2022 15:57:26] !emotespells on
[4/6/2022 16:3:43] !emotespells on
[4/6/2022 16:6:13] !emotespells on
[4/6/2022 16:11:30] !emotespells on
[4/6/2022 16:20:31] !emotespells on
[4/6/2022 16:30:18] !emotespells on
[4/6/2022 16:32:59] !emotespells on
[4/6/2022 16:36:11] !emotespells on
[4/6/2022 16:41:52] !emotespells on
[4/6/2022 16:48:2] !emotespells on
[4/6/2022 16:53:49] !emotespells on
[4/6/2022 17:3:35] !emotespells on
[4/6/2022 17:10:7] !emotespells on
[4/6/2022 17:15:57] !emotespells on
[4/6/2022 17:21:57] !emotespells on
[4/6/2022 17:27:53] !emotespells on
[4/6/2022 17:30:27] !emotespells on
[4/6/2022 17:33:46] !emotespells on
[4/6/2022 17:40:34] !emotespells on
[4/6/2022 17:47:52] !emotespells on
[4/6/2022 17:56:41] !emotespells on
[4/6/2022 18:2:27] !emotespells on
[4/6/2022 18:7:39] !emotespells on
[4/6/2022 18:10:48] !emotespells on
[4/6/2022 18:14:31] !emotespells on
[4/6/2022 18:16:52] !emotespells on
[4/6/2022 18:20:22] !emotespells on
[4/6/2022 18:26:13] !emotespells on
[4/6/2022 18:32:22] !emotespells on
[4/6/2022 18:39:54] !emotespells on
[4/6/2022 18:48:14] !emotespells on
[4/6/2022 18:53:47] !emotespells on
[4/6/2022 19:0:0] !emotespells on
[4/6/2022 19:6:30] !emotespells on
[4/6/2022 19:11:56] !emotespells on
[4/6/2022 19:17:12] !emotespells on
[4/6/2022 19:22:37] !emotespells on
[4/6/2022 19:28:58] !emotespells on
[4/6/2022 19:35:5] !emotespells on
[4/6/2022 19:42:56] !emotespells on
[4/6/2022 19:48:48] !emotespells on
[4/6/2022 19:51:7] !emotespells on
[4/6/2022 19:57:18] !emotespells on
[4/6/2022 20:5:27] !emotespells on
[4/6/2022 20:10:36] !emotespells on
[4/6/2022 20:17:50] !emotespells on
[4/6/2022 20:22:35] !emotespells on
[4/6/2022 20:28:21] !emotespells on
[4/6/2022 20:30:53] !emotespells on
[4/6/2022 20:35:18] !emotespells on
[4/6/2022 20:38:27] !emotespells on
[4/6/2022 20:42:8] !emotespells on
[4/6/2022 20:48:49] !emotespells on
[4/6/2022 20:56:8] !emotespells on
[4/6/2022 21:4:33] !emotespells on
[4/6/2022 21:13:13] !emotespells on
[4/6/2022 21:18:11] !emotespells on
[4/6/2022 21:19:47] !emotespells on
[4/6/2022 21:24:7] !emotespells on
[4/6/2022 21:28:57] !emotespells on
[4/6/2022 21:35:30] !emotespells on
[4/6/2022 21:42:20] !emotespells on
[4/6/2022 21:45:6] !emotespells on
[4/6/2022 21:49:40] !emotespells on
[4/6/2022 21:56:24] !emotespells on
[4/6/2022 21:58:46] !emotespells on
[4/6/2022 22:5:28] !emotespells on
[4/6/2022 22:16:57] !emotespells on
[4/6/2022 22:19:58] !emotespells on
[4/6/2022 22:25:1] !emotespells on
[4/6/2022 22:31:58] !emotespells on
[4/6/2022 22:39:12] !emotespells on
[4/6/2022 22:45:30] !emotespells on
[4/6/2022 22:48:59] !emotespells on
[4/6/2022 22:52:14] !emotespells on
[4/6/2022 22:58:58] !emotespells on
[4/6/2022 23:4:44] !emotespells on
[4/6/2022 23:11:16] !emotespells on
[4/6/2022 23:19:2] !emotespells on
[4/6/2022 23:35:39] !emotespells on
[4/6/2022 23:51:18] !emotespells on
[5/6/2022 0:8:34] !emotespells on
[5/6/2022 0:24:35] !emotespells on
[5/6/2022 0:38:30] !emotespells on
[5/6/2022 0:54:39] !emotespells on
[5/6/2022 1:10:53] !emotespells on
[5/6/2022 1:26:57] !emotespells on
[5/6/2022 1:42:14] !emotespells on
[5/6/2022 1:54:27] !emotespells on
[5/6/2022 2:8:28] !emotespells on
[5/6/2022 2:24:14] !emotespells on
[5/6/2022 2:37:54] !emotespells on
[5/6/2022 2:54:9] !emotespells on
[5/6/2022 3:8:50] !emotespells on
[5/6/2022 3:23:17] !emotespells on
[5/6/2022 3:37:20] !emotespells on
[5/6/2022 3:51:50] !emotespells on
[5/6/2022 4:12:49] !emotespells on
[5/6/2022 4:28:24] !emotespells on
[5/6/2022 4:39:33] !emotespells on
[5/6/2022 4:55:15] !emotespells on
[5/6/2022 5:20:46] !emotespells on
[5/6/2022 5:34:34] !emotespells on
[5/6/2022 5:51:56] !emotespells on
[10/6/2022 2:7:34] !emotespells on
[10/6/2022 2:12:40] !emotespells on
[10/6/2022 2:16:41] !emotespells on
[10/6/2022 2:21:48] !emotespells on
[10/6/2022 2:26:38] !emotespells on
[10/6/2022 2:30:44] !emotespells on
[10/6/2022 2:35:2] !emotespells on
[10/6/2022 2:40:27] !emotespells on
[10/6/2022 2:44:40] !emotespells on
[10/6/2022 2:49:7] !emotespells on
[10/6/2022 2:54:54] !emotespells on
[10/6/2022 2:59:48] !emotespells on
[10/6/2022 3:4:4] !emotespells on
[10/6/2022 3:8:22] !emotespells on
[10/6/2022 3:15:22] !emotespells on
[10/6/2022 3:20:27] !emotespells on
[10/6/2022 3:28:34] !emotespells on
[10/6/2022 3:33:48] !emotespells on
[10/6/2022 3:39:3] !emotespells on
[10/6/2022 3:44:57] !emotespells on
[10/6/2022 3:50:17] !emotespells on
[10/6/2022 3:55:27] !emotespells on
[10/6/2022 4:0:31] !emotespells on
[10/6/2022 4:5:43] !emotespells on
[10/6/2022 4:11:5] !emotespells on
[10/6/2022 4:14:39] !emotespells on
[10/6/2022 4:18:44] !emotespells on
[10/6/2022 4:23:25] !emotespells on
[10/6/2022 4:28:56] !emotespells on
[10/6/2022 4:34:12] !emotespells on
[10/6/2022 4:41:11] !emotespells on
[10/6/2022 4:46:13] !emotespells on
[10/6/2022 4:50:7] !emotespells on
[10/6/2022 4:54:54] !emotespells on
[10/6/2022 4:59:18] !emotespells on
[10/6/2022 5:7:23] !emotespells on
[10/6/2022 5:12:44] !emotespells on
[10/6/2022 5:18:58] !emotespells on
[10/6/2022 5:24:45] !emotespells on
[10/6/2022 5:29:49] !emotespells on
[10/6/2022 5:34:42] !emotespells on
[10/6/2022 5:38:56] !emotespells on
[10/6/2022 5:44:15] !emotespells on
[10/6/2022 5:50:13] !emotespells on
[10/6/2022 5:53:3] !emotespells on
[10/6/2022 5:56:20] !emotespells on
[10/6/2022 6:2:7] !emotespells on
[10/6/2022 6:7:27] !emotespells on
[10/6/2022 6:14:18] !emotespells on
[10/6/2022 6:24:45] !emotespells on
[10/6/2022 6:29:28] !emotespells on
[10/6/2022 6:35:8] !emotespells on
[10/6/2022 6:41:1] !emotespells on
[10/6/2022 6:44:54] !emotespells on
[10/6/2022 6:49:11] !emotespells on
[10/6/2022 6:53:49] !emotespells on
[10/6/2022 6:59:1] !emotespells on
[10/6/2022 7:3:48] !emotespells on
[10/6/2022 7:8:18] !emotespells on
[10/6/2022 7:13:15] !emotespells on
[10/6/2022 7:20:51] !emotespells on
[10/6/2022 7:26:6] !emotespells on
[10/6/2022 7:32:1] !emotespells on
[10/6/2022 7:36:50] !emotespells on
[10/6/2022 7:41:45] !emotespells on
[10/6/2022 7:46:16] !emotespells on
[10/6/2022 7:51:21] !emotespells on
[10/6/2022 7:56:42] !emotespells on
[10/6/2022 8:0:21] !emotespells on
[10/6/2022 8:5:11] !emotespells on
[10/6/2022 8:8:57] !emotespells on
[10/6/2022 8:14:34] !emotespells on
[10/6/2022 8:18:31] !emotespells on
[10/6/2022 8:25:8] !emotespells on
[10/6/2022 8:32:30] !emotespells on
[10/6/2022 8:34:1] !emotespells on
[10/6/2022 8:41:8] !emotespells on
[10/6/2022 8:45:16] !emotespells on
[10/6/2022 8:52:51] !emotespells on
[10/6/2022 8:57:48] !emotespells on
[10/6/2022 9:2:30] !emotespells on
[10/6/2022 9:6:16] !emotespells on
[10/6/2022 9:10:17] !emotespells on
[10/6/2022 9:15:24] !emotespells on
[10/6/2022 9:18:53] !emotespells on
[10/6/2022 9:25:29] !emotespells on
[10/6/2022 9:30:13] !emotespells on
[10/6/2022 9:35:49] !emotespells on
[10/6/2022 9:40:3] !emotespells on
[10/6/2022 9:44:35] !emotespells on
[10/6/2022 9:51:15] !emotespells on
[10/6/2022 9:55:39] !emotespells on
[10/6/2022 9:59:34] !emotespells on
[10/6/2022 10:4:58] !emotespells on
[10/6/2022 10:8:43] !emotespells on
[10/6/2022 10:15:15] !emotespells on
[10/6/2022 10:18:37] !emotespells on
[10/6/2022 10:23:15] !emotespells on
[10/6/2022 10:28:10] !emotespells on
[10/6/2022 10:34:6] !emotespells on
[10/6/2022 10:38:48] !emotespells on
[10/6/2022 10:43:54] !emotespells on
[10/6/2022 10:48:55] !emotespells on
[10/6/2022 10:58:18] !emotespells on
[10/6/2022 11:15:17] !emotespells on
[10/6/2022 11:31:4] !emotespells on
[10/6/2022 11:48:25] !emotespells on
[10/6/2022 12:3:29] !emotespells on
[10/6/2022 12:23:31] !emotespells on
[10/6/2022 12:36:39] !emotespells on
