[24/2/2022 18:59:17] !aol
[24/2/2022 19:21:8] !aol
[24/2/2022 23:57:20] !aol
[25/2/2022 0:16:11] !aol
[25/2/2022 22:45:46] !addon summoner
[25/2/2022 23:2:22] !aol
[26/2/2022 0:7:56] !buyhouse
[26/2/2022 0:8:19] aleta som
[26/2/2022 12:38:39] !aol
[26/2/2022 12:48:15] !aol
[26/2/2022 13:2:47] !aol
[26/2/2022 13:6:32] !aol
[26/2/2022 13:16:0] !aol
[26/2/2022 13:17:25] !aol
[26/2/2022 13:17:47] !aol
[26/2/2022 13:21:20] !aol
[26/2/2022 14:12:53] !aol
[26/2/2022 14:20:9] !aol
[26/2/2022 14:37:24] !aol
[26/2/2022 15:1:36] !aol
[26/2/2022 15:2:1] !aol
[26/2/2022 15:3:32] !aol
[26/2/2022 15:16:43] !aol
[27/2/2022 13:17:53] !aol
[27/2/2022 20:47:28] !rank magic
[27/2/2022 23:33:11] !aol
[28/2/2022 22:7:47] aleta sio
[28/2/2022 22:7:55] aleta som
[28/2/2022 22:24:2] !aol
[1/3/2022 22:53:48] !aol
[3/3/2022 21:21:4] !rank axe
[3/3/2022 21:21:25] !rank distance
