[12/12/2021 18:33:17] !aol
[14/12/2021 16:46:3] !aol
[14/12/2021 18:44:13] !serverinfo
[14/12/2021 18:44:24] !frags
[14/12/2021 18:51:26] !serverinfo
[16/12/2021 8:23:35] !serverinfo
[17/12/2021 10:34:58] !frags
[17/12/2021 10:50:51] !frags
[17/12/2021 11:2:43] !buyhouse
[17/12/2021 11:3:6] !buyhouse
[17/12/2021 13:20:42] !serverinfo
[17/12/2021 13:21:52] !serverinfo
[17/12/2021 14:58:34] !frags
[17/12/2021 15:35:59] !frags
[17/12/2021 16:10:19] !frags
[18/2/2022 6:55:14] !serverinfo
[18/2/2022 8:11:31] !serverinfo
[18/2/2022 8:13:52] !serverinfo
[18/2/2022 18:59:29] !serverinfo
[18/2/2022 19:11:18] !online
