[12/2/2022 2:57:35] !emotespells on
[12/2/2022 2:57:57] !emotespells on
[12/2/2022 3:2:8] !emotespells on
[12/2/2022 3:3:14] !emotespells on
[12/2/2022 3:4:10] !emotespells on
[12/2/2022 3:4:47] !emotespells on
[12/2/2022 3:5:44] !emotespells on
[12/2/2022 3:6:40] !emotespells on
[12/2/2022 3:7:36] !emotespells on
[12/2/2022 3:8:32] !emotespells on
[12/2/2022 3:9:28] !emotespells on
[12/2/2022 3:10:24] !emotespells on
[12/2/2022 3:11:20] !emotespells on
[12/2/2022 3:12:16] !emotespells on
[12/2/2022 3:13:12] !emotespells on
[12/2/2022 3:14:8] !emotespells on
[12/2/2022 3:15:4] !emotespells on
[12/2/2022 3:16:0] !emotespells on
[12/2/2022 3:16:56] !emotespells on
[12/2/2022 3:17:52] !emotespells on
[12/2/2022 3:18:48] !emotespells on
[12/2/2022 3:19:44] !emotespells on
[12/2/2022 3:20:40] !emotespells on
[12/2/2022 3:21:36] !emotespells on
[12/2/2022 3:22:32] !emotespells on
[12/2/2022 3:23:28] !emotespells on
[12/2/2022 3:24:24] !emotespells on
[12/2/2022 3:25:20] !emotespells on
[12/2/2022 3:26:16] !emotespells on
[12/2/2022 3:27:12] !emotespells on
[12/2/2022 3:28:8] !emotespells on
[12/2/2022 3:29:4] !emotespells on
[12/2/2022 3:30:0] !emotespells on
[12/2/2022 3:30:56] !emotespells on
[12/2/2022 3:31:52] !emotespells on
[12/2/2022 3:32:48] !emotespells on
[12/2/2022 3:33:44] !emotespells on
[12/2/2022 3:34:40] !emotespells on
[12/2/2022 3:35:36] !emotespells on
[12/2/2022 3:36:32] !emotespells on
[12/2/2022 3:37:28] !emotespells on
[12/2/2022 3:38:24] !emotespells on
[12/2/2022 3:39:20] !emotespells on
[12/2/2022 3:40:16] !emotespells on
[12/2/2022 3:41:12] !emotespells on
[12/2/2022 3:42:8] !emotespells on
[12/2/2022 3:43:4] !emotespells on
[12/2/2022 3:44:0] !emotespells on
[12/2/2022 3:44:56] !emotespells on
[12/2/2022 3:45:52] !emotespells on
[12/2/2022 3:46:48] !emotespells on
[12/2/2022 3:48:35] !emotespells on
[12/2/2022 3:48:52] !emotespells on
[12/2/2022 3:49:48] !emotespells on
[12/2/2022 3:50:44] !emotespells on
[12/2/2022 3:51:40] !emotespells on
[12/2/2022 3:52:36] !emotespells on
[12/2/2022 3:53:32] !emotespells on
[12/2/2022 3:54:28] !emotespells on
[12/2/2022 3:55:24] !emotespells on
[12/2/2022 3:56:20] !emotespells on
[12/2/2022 3:57:16] !emotespells on
[12/2/2022 3:58:12] !emotespells on
[12/2/2022 3:59:8] !emotespells on
[12/2/2022 4:25:16] !emotespells on
[12/2/2022 4:26:12] !emotespells on
[12/2/2022 4:27:8] !emotespells on
[12/2/2022 4:28:4] !emotespells on
[12/2/2022 4:29:0] !emotespells on
[12/2/2022 4:29:56] !emotespells on
[12/2/2022 4:30:52] !emotespells on
[12/2/2022 4:31:48] !emotespells on
[12/2/2022 4:32:44] !emotespells on
[12/2/2022 4:33:40] !emotespells on
[12/2/2022 4:34:36] !emotespells on
[12/2/2022 4:35:32] !emotespells on
[12/2/2022 4:36:28] !emotespells on
[12/2/2022 4:37:24] !emotespells on
[12/2/2022 4:38:20] !emotespells on
[12/2/2022 4:39:16] !emotespells on
[12/2/2022 4:40:12] !emotespells on
[12/2/2022 4:41:8] !emotespells on
[12/2/2022 4:42:4] !emotespells on
[12/2/2022 4:43:0] !emotespells on
[12/2/2022 4:43:56] !emotespells on
[12/2/2022 4:44:52] !emotespells on
[12/2/2022 4:45:48] !emotespells on
[12/2/2022 4:46:44] !emotespells on
[12/2/2022 4:47:40] !emotespells on
[12/2/2022 4:48:36] !emotespells on
[12/2/2022 4:49:32] !emotespells on
[12/2/2022 4:50:28] !emotespells on
[12/2/2022 4:51:24] !emotespells on
[12/2/2022 4:52:20] !emotespells on
[12/2/2022 4:53:16] !emotespells on
[12/2/2022 4:54:12] !emotespells on
[12/2/2022 4:55:8] !emotespells on
[12/2/2022 4:56:4] !emotespells on
[12/2/2022 4:57:0] !emotespells on
[12/2/2022 4:57:56] !emotespells on
[12/2/2022 4:58:52] !emotespells on
[12/2/2022 4:59:48] !emotespells on
[12/2/2022 5:2:36] !emotespells on
[12/2/2022 5:3:32] !emotespells on
[12/2/2022 5:4:28] !emotespells on
[12/2/2022 5:5:24] !emotespells on
[12/2/2022 5:6:20] !emotespells on
[12/2/2022 5:7:16] !emotespells on
[12/2/2022 5:8:12] !emotespells on
[12/2/2022 5:9:8] !emotespells on
[12/2/2022 5:10:4] !emotespells on
[12/2/2022 5:11:0] !emotespells on
[12/2/2022 5:11:56] !emotespells on
[12/2/2022 5:12:52] !emotespells on
[12/2/2022 5:13:48] !emotespells on
[12/2/2022 5:14:44] !emotespells on
[12/2/2022 5:15:40] !emotespells on
[12/2/2022 5:16:36] !emotespells on
[12/2/2022 5:17:32] !emotespells on
[12/2/2022 5:18:28] !emotespells on
[12/2/2022 5:19:24] !emotespells on
[12/2/2022 5:20:20] !emotespells on
[12/2/2022 5:21:16] !emotespells on
[12/2/2022 5:22:12] !emotespells on
[12/2/2022 5:23:8] !emotespells on
[12/2/2022 5:24:4] !emotespells on
[12/2/2022 5:25:0] !emotespells on
[12/2/2022 5:25:56] !emotespells on
[12/2/2022 5:26:52] !emotespells on
[12/2/2022 5:27:48] !emotespells on
[12/2/2022 5:28:44] !emotespells on
[12/2/2022 5:29:40] !emotespells on
[12/2/2022 5:30:36] !emotespells on
[12/2/2022 5:31:32] !emotespells on
[12/2/2022 5:32:28] !emotespells on
[12/2/2022 5:33:24] !emotespells on
[12/2/2022 5:34:20] !emotespells on
[12/2/2022 5:35:16] !emotespells on
[12/2/2022 5:36:12] !emotespells on
[12/2/2022 5:37:8] !emotespells on
[12/2/2022 5:38:4] !emotespells on
[12/2/2022 5:39:0] !emotespells on
[12/2/2022 5:39:56] !emotespells on
[12/2/2022 5:40:52] !emotespells on
[12/2/2022 5:41:48] !emotespells on
[12/2/2022 5:42:44] !emotespells on
[12/2/2022 5:43:40] !emotespells on
[12/2/2022 5:44:36] !emotespells on
[12/2/2022 5:45:32] !emotespells on
[12/2/2022 5:46:28] !emotespells on
[12/2/2022 5:47:24] !emotespells on
[12/2/2022 5:48:20] !emotespells on
[12/2/2022 5:49:16] !emotespells on
[12/2/2022 5:50:12] !emotespells on
[12/2/2022 5:51:8] !emotespells on
[12/2/2022 5:52:4] !emotespells on
[12/2/2022 5:53:0] !emotespells on
[12/2/2022 5:53:56] !emotespells on
[12/2/2022 5:54:52] !emotespells on
[12/2/2022 5:55:48] !emotespells on
[12/2/2022 5:56:44] !emotespells on
[12/2/2022 5:57:40] !emotespells on
[12/2/2022 5:58:36] !emotespells on
[12/2/2022 5:59:32] !emotespells on
[12/2/2022 6:0:28] !emotespells on
[12/2/2022 6:1:24] !emotespells on
[12/2/2022 6:2:20] !emotespells on
[12/2/2022 6:3:16] !emotespells on
[12/2/2022 6:4:12] !emotespells on
[12/2/2022 6:5:8] !emotespells on
[12/2/2022 6:6:4] !emotespells on
[12/2/2022 6:7:0] !emotespells on
[12/2/2022 6:7:56] !emotespells on
[12/2/2022 6:8:52] !emotespells on
[12/2/2022 6:9:48] !emotespells on
[12/2/2022 6:10:44] !emotespells on
[12/2/2022 6:11:40] !emotespells on
[12/2/2022 6:12:36] !emotespells on
[12/2/2022 6:13:32] !emotespells on
[12/2/2022 6:14:28] !emotespells on
[12/2/2022 6:15:24] !emotespells on
[12/2/2022 6:16:20] !emotespells on
[12/2/2022 6:17:16] !emotespells on
[12/2/2022 6:18:12] !emotespells on
[12/2/2022 6:19:8] !emotespells on
[12/2/2022 6:20:4] !emotespells on
[12/2/2022 6:21:0] !emotespells on
[12/2/2022 6:21:56] !emotespells on
[12/2/2022 6:22:52] !emotespells on
[12/2/2022 6:23:48] !emotespells on
[12/2/2022 6:24:44] !emotespells on
[12/2/2022 6:25:40] !emotespells on
[12/2/2022 6:26:36] !emotespells on
[12/2/2022 6:27:32] !emotespells on
[12/2/2022 6:28:28] !emotespells on
[12/2/2022 6:29:24] !emotespells on
[12/2/2022 6:30:20] !emotespells on
[12/2/2022 6:31:16] !emotespells on
[12/2/2022 6:32:12] !emotespells on
[12/2/2022 6:33:8] !emotespells on
[12/2/2022 6:34:4] !emotespells on
[12/2/2022 6:35:0] !emotespells on
[12/2/2022 6:35:56] !emotespells on
[12/2/2022 6:36:52] !emotespells on
[12/2/2022 6:37:48] !emotespells on
[12/2/2022 6:38:44] !emotespells on
[12/2/2022 6:39:40] !emotespells on
[12/2/2022 6:40:36] !emotespells on
[12/2/2022 6:41:32] !emotespells on
[12/2/2022 6:42:28] !emotespells on
[12/2/2022 6:43:24] !emotespells on
[12/2/2022 6:44:20] !emotespells on
[12/2/2022 6:45:16] !emotespells on
[12/2/2022 6:46:12] !emotespells on
[12/2/2022 6:47:8] !emotespells on
[12/2/2022 6:48:4] !emotespells on
[12/2/2022 6:49:0] !emotespells on
[12/2/2022 6:49:56] !emotespells on
[12/2/2022 6:50:53] !emotespells on
[12/2/2022 6:51:48] !emotespells on
[12/2/2022 6:52:44] !emotespells on
[12/2/2022 6:53:40] !emotespells on
[12/2/2022 6:54:36] !emotespells on
[12/2/2022 6:55:32] !emotespells on
[12/2/2022 6:56:28] !emotespells on
[12/2/2022 6:57:24] !emotespells on
[12/2/2022 6:58:20] !emotespells on
[12/2/2022 6:59:16] !emotespells on
[12/2/2022 7:0:12] !emotespells on
[12/2/2022 7:1:8] !emotespells on
[12/2/2022 7:2:4] !emotespells on
[12/2/2022 7:3:0] !emotespells on
[12/2/2022 7:3:56] !emotespells on
[12/2/2022 7:4:52] !emotespells on
[12/2/2022 7:5:48] !emotespells on
[12/2/2022 7:6:44] !emotespells on
[12/2/2022 7:7:40] !emotespells on
[12/2/2022 7:8:36] !emotespells on
[12/2/2022 7:9:32] !emotespells on
[12/2/2022 7:10:28] !emotespells on
[12/2/2022 7:11:24] !emotespells on
[12/2/2022 7:12:20] !emotespells on
[12/2/2022 7:13:16] !emotespells on
[12/2/2022 7:14:12] !emotespells on
[12/2/2022 7:15:8] !emotespells on
[12/2/2022 7:16:4] !emotespells on
[12/2/2022 7:17:0] !emotespells on
[12/2/2022 7:17:57] !emotespells on
[12/2/2022 7:18:52] !emotespells on
[12/2/2022 7:19:48] !emotespells on
[12/2/2022 7:20:44] !emotespells on
[12/2/2022 7:21:40] !emotespells on
[12/2/2022 7:22:36] !emotespells on
[12/2/2022 7:23:32] !emotespells on
[12/2/2022 7:24:28] !emotespells on
[12/2/2022 7:25:24] !emotespells on
[12/2/2022 7:26:20] !emotespells on
[12/2/2022 7:28:12] !emotespells on
[12/2/2022 7:29:9] !emotespells on
[12/2/2022 7:30:4] !emotespells on
[12/2/2022 7:31:0] !emotespells on
[12/2/2022 7:31:56] !emotespells on
[12/2/2022 7:32:52] !emotespells on
[12/2/2022 7:33:48] !emotespells on
[12/2/2022 7:34:44] !emotespells on
[12/2/2022 7:35:40] !emotespells on
[12/2/2022 7:36:36] !emotespells on
[12/2/2022 7:37:32] !emotespells on
[12/2/2022 7:38:28] !emotespells on
[12/2/2022 7:39:24] !emotespells on
[12/2/2022 7:40:20] !emotespells on
[12/2/2022 7:41:17] !emotespells on
[12/2/2022 7:42:13] !emotespells on
[12/2/2022 7:43:8] !emotespells on
[12/2/2022 7:44:4] !emotespells on
[12/2/2022 7:45:1] !emotespells on
[12/2/2022 7:45:57] !emotespells on
[12/2/2022 7:46:53] !emotespells on
[12/2/2022 7:47:49] !emotespells on
[12/2/2022 7:48:45] !emotespells on
[12/2/2022 7:49:41] !emotespells on
[12/2/2022 7:50:36] !emotespells on
[12/2/2022 7:51:33] !emotespells on
[12/2/2022 7:52:29] !emotespells on
[12/2/2022 7:53:25] !emotespells on
[12/2/2022 7:54:21] !emotespells on
[12/2/2022 7:55:17] !emotespells on
[12/2/2022 7:56:13] !emotespells on
[12/2/2022 7:57:9] !emotespells on
[12/2/2022 7:58:5] !emotespells on
[12/2/2022 7:59:1] !emotespells on
[12/2/2022 7:59:57] !emotespells on
[12/2/2022 8:0:53] !emotespells on
[12/2/2022 8:1:49] !emotespells on
[12/2/2022 8:2:45] !emotespells on
[12/2/2022 8:3:41] !emotespells on
[12/2/2022 8:4:37] !emotespells on
[12/2/2022 8:5:33] !emotespells on
[12/2/2022 8:6:29] !emotespells on
[12/2/2022 8:7:25] !emotespells on
[12/2/2022 8:8:21] !emotespells on
[12/2/2022 8:9:17] !emotespells on
[12/2/2022 8:10:13] !emotespells on
[12/2/2022 8:11:9] !emotespells on
[12/2/2022 8:12:5] !emotespells on
[12/2/2022 8:13:1] !emotespells on
[12/2/2022 8:13:57] !emotespells on
[12/2/2022 8:14:53] !emotespells on
[12/2/2022 8:15:49] !emotespells on
[12/2/2022 8:16:45] !emotespells on
[12/2/2022 8:17:41] !emotespells on
[12/2/2022 8:18:37] !emotespells on
[12/2/2022 8:19:33] !emotespells on
[12/2/2022 8:20:29] !emotespells on
[12/2/2022 8:21:25] !emotespells on
[12/2/2022 8:22:21] !emotespells on
[12/2/2022 8:23:17] !emotespells on
[12/2/2022 8:24:13] !emotespells on
[12/2/2022 8:25:9] !emotespells on
[12/2/2022 8:26:5] !emotespells on
[12/2/2022 8:27:1] !emotespells on
[12/2/2022 8:27:57] !emotespells on
[12/2/2022 8:28:53] !emotespells on
[12/2/2022 8:29:49] !emotespells on
[12/2/2022 8:30:45] !emotespells on
[12/2/2022 8:31:41] !emotespells on
[12/2/2022 8:32:37] !emotespells on
[12/2/2022 8:33:33] !emotespells on
[12/2/2022 8:34:29] !emotespells on
[12/2/2022 8:35:25] !emotespells on
[12/2/2022 8:36:21] !emotespells on
[12/2/2022 8:37:17] !emotespells on
[12/2/2022 8:38:13] !emotespells on
[12/2/2022 8:39:9] !emotespells on
[12/2/2022 8:40:5] !emotespells on
[12/2/2022 8:41:1] !emotespells on
[12/2/2022 8:41:57] !emotespells on
[12/2/2022 8:42:53] !emotespells on
[12/2/2022 8:43:49] !emotespells on
[12/2/2022 8:44:45] !emotespells on
[12/2/2022 8:45:41] !emotespells on
[12/2/2022 8:46:37] !emotespells on
[12/2/2022 8:47:33] !emotespells on
[12/2/2022 8:48:29] !emotespells on
[12/2/2022 8:49:25] !emotespells on
[12/2/2022 8:50:21] !emotespells on
[12/2/2022 8:51:17] !emotespells on
[12/2/2022 8:52:13] !emotespells on
[12/2/2022 8:53:9] !emotespells on
[12/2/2022 8:54:5] !emotespells on
[12/2/2022 8:55:1] !emotespells on
[12/2/2022 8:55:57] !emotespells on
[12/2/2022 8:56:53] !emotespells on
[12/2/2022 8:57:49] !emotespells on
[12/2/2022 8:58:45] !emotespells on
[12/2/2022 8:59:41] !emotespells on
[12/2/2022 9:0:37] !emotespells on
[12/2/2022 9:1:33] !emotespells on
[12/2/2022 9:2:29] !emotespells on
[12/2/2022 9:3:25] !emotespells on
[12/2/2022 9:4:21] !emotespells on
[12/2/2022 9:5:17] !emotespells on
[12/2/2022 9:6:13] !emotespells on
[12/2/2022 9:7:9] !emotespells on
[12/2/2022 9:8:5] !emotespells on
[12/2/2022 9:9:1] !emotespells on
[12/2/2022 9:9:57] !emotespells on
[12/2/2022 9:10:53] !emotespells on
[12/2/2022 9:11:49] !emotespells on
[12/2/2022 9:12:45] !emotespells on
[12/2/2022 9:13:41] !emotespells on
[12/2/2022 9:14:37] !emotespells on
[12/2/2022 9:15:33] !emotespells on
[12/2/2022 9:16:29] !emotespells on
[12/2/2022 9:17:25] !emotespells on
[12/2/2022 9:18:21] !emotespells on
[12/2/2022 9:19:17] !emotespells on
[12/2/2022 9:20:13] !emotespells on
[12/2/2022 9:21:9] !emotespells on
[12/2/2022 9:22:5] !emotespells on
[12/2/2022 9:23:1] !emotespells on
[12/2/2022 9:23:57] !emotespells on
[12/2/2022 9:24:53] !emotespells on
[12/2/2022 9:25:49] !emotespells on
[12/2/2022 9:26:45] !emotespells on
[12/2/2022 9:27:41] !emotespells on
[12/2/2022 9:28:37] !emotespells on
[12/2/2022 9:29:33] !emotespells on
[12/2/2022 9:30:29] !emotespells on
[12/2/2022 9:31:25] !emotespells on
[12/2/2022 9:32:21] !emotespells on
[12/2/2022 9:33:17] !emotespells on
[12/2/2022 9:34:13] !emotespells on
[12/2/2022 9:35:9] !emotespells on
[12/2/2022 9:36:5] !emotespells on
[12/2/2022 9:37:1] !emotespells on
[12/2/2022 9:37:57] !emotespells on
[12/2/2022 9:38:53] !emotespells on
[12/2/2022 9:39:49] !emotespells on
[12/2/2022 9:40:45] !emotespells on
[12/2/2022 9:41:41] !emotespells on
[12/2/2022 9:42:37] !emotespells on
[12/2/2022 9:43:33] !emotespells on
[12/2/2022 9:44:29] !emotespells on
[12/2/2022 9:45:25] !emotespells on
[12/2/2022 9:46:21] !emotespells on
[12/2/2022 9:47:17] !emotespells on
[12/2/2022 9:48:13] !emotespells on
[12/2/2022 9:50:5] !emotespells on
[12/2/2022 10:37:8] 
[12/2/2022 10:41:8] 
[12/2/2022 11:51:21] !frags
[12/2/2022 14:57:9] 
[12/2/2022 15:15:9] 
[12/2/2022 17:37:20] 
[12/2/2022 23:35:43] 
[12/2/2022 23:41:43] 
[13/2/2022 2:31:42] !emotespells on
[13/2/2022 2:34:4] !emotespells on
[13/2/2022 2:35:0] !emotespells on
[13/2/2022 2:35:56] !emotespells on
[13/2/2022 2:36:52] !emotespells on
[13/2/2022 2:37:48] !emotespells on
[13/2/2022 2:38:28] !emotespells on
[13/2/2022 2:39:24] !emotespells on
[13/2/2022 2:40:20] !emotespells on
[13/2/2022 2:41:16] !emotespells on
[13/2/2022 2:42:12] !emotespells on
[13/2/2022 2:43:8] !emotespells on
[13/2/2022 2:44:4] !emotespells on
[13/2/2022 2:45:0] !emotespells on
[13/2/2022 2:45:56] !emotespells on
[13/2/2022 2:46:52] !emotespells on
[13/2/2022 2:47:48] !emotespells on
[13/2/2022 2:48:44] !emotespells on
[13/2/2022 2:49:40] !emotespells on
[13/2/2022 2:50:36] !emotespells on
[13/2/2022 2:51:32] !emotespells on
[13/2/2022 2:52:28] !emotespells on
[13/2/2022 2:53:24] !emotespells on
[13/2/2022 2:54:20] !emotespells on
[13/2/2022 2:55:16] !emotespells on
[13/2/2022 2:56:12] !emotespells on
[13/2/2022 2:57:8] !emotespells on
[13/2/2022 2:58:4] !emotespells on
[13/2/2022 2:59:0] !emotespells on
[13/2/2022 2:59:56] !emotespells on
[13/2/2022 3:0:52] !emotespells on
[13/2/2022 3:1:48] !emotespells on
[13/2/2022 3:2:44] !emotespells on
[13/2/2022 3:3:40] !emotespells on
[13/2/2022 3:4:36] !emotespells on
[13/2/2022 3:5:32] !emotespells on
[13/2/2022 3:6:28] !emotespells on
[13/2/2022 3:7:24] !emotespells on
[13/2/2022 3:8:20] !emotespells on
[13/2/2022 3:9:16] !emotespells on
[13/2/2022 3:10:12] !emotespells on
[13/2/2022 3:11:8] !emotespells on
[13/2/2022 3:12:4] !emotespells on
[13/2/2022 3:13:0] !emotespells on
[13/2/2022 3:13:56] !emotespells on
[13/2/2022 3:14:52] !emotespells on
[13/2/2022 3:15:48] !emotespells on
[13/2/2022 3:16:44] !emotespells on
[13/2/2022 3:17:40] !emotespells on
[13/2/2022 3:18:36] !emotespells on
[13/2/2022 3:19:32] !emotespells on
[13/2/2022 3:20:28] !emotespells on
[13/2/2022 3:21:24] !emotespells on
[13/2/2022 3:22:20] !emotespells on
[13/2/2022 3:23:16] !emotespells on
[13/2/2022 3:24:12] !emotespells on
[13/2/2022 3:25:8] !emotespells on
[13/2/2022 3:26:4] !emotespells on
[13/2/2022 3:27:0] !emotespells on
[13/2/2022 3:27:56] !emotespells on
[13/2/2022 3:28:52] !emotespells on
[13/2/2022 3:29:48] !emotespells on
[13/2/2022 3:30:44] !emotespells on
[13/2/2022 3:31:40] !emotespells on
[13/2/2022 3:32:36] !emotespells on
[13/2/2022 3:33:32] !emotespells on
[13/2/2022 3:34:28] !emotespells on
[13/2/2022 3:35:24] !emotespells on
[13/2/2022 3:36:20] !emotespells on
[13/2/2022 3:37:16] !emotespells on
[13/2/2022 3:38:12] !emotespells on
[13/2/2022 3:39:8] !emotespells on
[13/2/2022 3:40:4] !emotespells on
[13/2/2022 3:41:0] !emotespells on
[13/2/2022 3:41:56] !emotespells on
[13/2/2022 3:42:52] !emotespells on
[13/2/2022 3:43:48] !emotespells on
[13/2/2022 3:44:44] !emotespells on
[13/2/2022 3:45:40] !emotespells on
[13/2/2022 3:46:36] !emotespells on
[13/2/2022 3:47:32] !emotespells on
[13/2/2022 3:48:28] !emotespells on
[13/2/2022 3:49:24] !emotespells on
[13/2/2022 3:50:20] !emotespells on
[13/2/2022 3:51:16] !emotespells on
[13/2/2022 3:52:12] !emotespells on
[13/2/2022 3:53:8] !emotespells on
[13/2/2022 3:54:4] !emotespells on
[13/2/2022 3:55:0] !emotespells on
[13/2/2022 3:55:56] !emotespells on
[13/2/2022 3:56:52] !emotespells on
[13/2/2022 3:57:48] !emotespells on
[13/2/2022 3:58:44] !emotespells on
[13/2/2022 3:59:40] !emotespells on
[13/2/2022 4:0:36] !emotespells on
[13/2/2022 4:1:32] !emotespells on
[13/2/2022 4:2:28] !emotespells on
[13/2/2022 4:3:25] !emotespells on
[13/2/2022 4:4:20] !emotespells on
[13/2/2022 4:5:16] !emotespells on
[13/2/2022 4:6:12] !emotespells on
[13/2/2022 4:7:8] !emotespells on
[13/2/2022 4:8:4] !emotespells on
[13/2/2022 4:9:0] !emotespells on
[13/2/2022 4:9:56] !emotespells on
[13/2/2022 4:10:52] !emotespells on
[13/2/2022 4:11:48] !emotespells on
[13/2/2022 4:12:44] !emotespells on
[13/2/2022 4:13:40] !emotespells on
[13/2/2022 4:14:36] !emotespells on
[13/2/2022 4:15:32] !emotespells on
[13/2/2022 4:16:28] !emotespells on
[13/2/2022 4:17:24] !emotespells on
[13/2/2022 4:18:20] !emotespells on
[13/2/2022 4:19:16] !emotespells on
[13/2/2022 4:20:12] !emotespells on
[13/2/2022 4:21:8] !emotespells on
[13/2/2022 4:22:4] !emotespells on
[13/2/2022 4:23:0] !emotespells on
[13/2/2022 4:23:56] !emotespells on
[13/2/2022 4:24:52] !emotespells on
[13/2/2022 4:25:48] !emotespells on
[13/2/2022 4:26:44] !emotespells on
[13/2/2022 4:27:40] !emotespells on
[13/2/2022 4:28:36] !emotespells on
[13/2/2022 4:29:32] !emotespells on
[13/2/2022 4:30:28] !emotespells on
[13/2/2022 4:31:24] !emotespells on
[13/2/2022 4:32:20] !emotespells on
[13/2/2022 4:33:16] !emotespells on
[13/2/2022 4:34:12] !emotespells on
[13/2/2022 4:35:8] !emotespells on
[13/2/2022 4:36:4] !emotespells on
[13/2/2022 4:37:0] !emotespells on
[13/2/2022 4:37:56] !emotespells on
[13/2/2022 4:38:52] !emotespells on
[13/2/2022 4:39:48] !emotespells on
[13/2/2022 4:40:44] !emotespells on
[13/2/2022 4:41:40] !emotespells on
[13/2/2022 4:42:36] !emotespells on
[13/2/2022 4:43:32] !emotespells on
[13/2/2022 4:44:28] !emotespells on
[13/2/2022 4:45:24] !emotespells on
[13/2/2022 4:46:20] !emotespells on
[13/2/2022 4:47:16] !emotespells on
[13/2/2022 4:48:12] !emotespells on
[13/2/2022 4:49:8] !emotespells on
[13/2/2022 4:50:4] !emotespells on
[13/2/2022 4:51:0] !emotespells on
[13/2/2022 4:51:56] !emotespells on
[13/2/2022 4:52:52] !emotespells on
[13/2/2022 4:53:48] !emotespells on
[13/2/2022 4:54:44] !emotespells on
[13/2/2022 4:55:40] !emotespells on
[13/2/2022 4:56:36] !emotespells on
[13/2/2022 4:57:32] !emotespells on
[13/2/2022 4:58:28] !emotespells on
[13/2/2022 4:59:24] !emotespells on
[13/2/2022 5:1:16] !emotespells on
[13/2/2022 5:2:12] !emotespells on
[13/2/2022 5:3:8] !emotespells on
[13/2/2022 5:4:4] !emotespells on
[13/2/2022 5:5:0] !emotespells on
[13/2/2022 5:5:56] !emotespells on
[13/2/2022 5:6:52] !emotespells on
[13/2/2022 5:7:48] !emotespells on
[13/2/2022 5:8:44] !emotespells on
[13/2/2022 5:9:40] !emotespells on
[13/2/2022 5:10:36] !emotespells on
[13/2/2022 5:11:32] !emotespells on
[13/2/2022 5:12:28] !emotespells on
[13/2/2022 5:13:24] !emotespells on
[13/2/2022 5:14:21] !emotespells on
[13/2/2022 5:15:16] !emotespells on
[13/2/2022 5:16:12] !emotespells on
[13/2/2022 5:17:8] !emotespells on
[13/2/2022 5:18:4] !emotespells on
[13/2/2022 5:19:0] !emotespells on
[13/2/2022 5:19:56] !emotespells on
[13/2/2022 5:20:53] !emotespells on
[13/2/2022 5:21:49] !emotespells on
[13/2/2022 5:22:45] !emotespells on
[13/2/2022 5:23:41] !emotespells on
[13/2/2022 5:24:37] !emotespells on
[13/2/2022 5:25:33] !emotespells on
[13/2/2022 5:26:29] !emotespells on
[13/2/2022 5:27:25] !emotespells on
[13/2/2022 5:28:21] !emotespells on
[13/2/2022 5:29:17] !emotespells on
[13/2/2022 5:30:13] !emotespells on
[13/2/2022 5:31:9] !emotespells on
[13/2/2022 5:32:5] !emotespells on
[13/2/2022 5:33:1] !emotespells on
[13/2/2022 5:33:57] !emotespells on
[13/2/2022 5:34:53] !emotespells on
[13/2/2022 5:35:49] !emotespells on
[13/2/2022 5:36:45] !emotespells on
[13/2/2022 5:37:41] !emotespells on
[13/2/2022 5:38:37] !emotespells on
[13/2/2022 5:39:33] !emotespells on
[13/2/2022 5:40:29] !emotespells on
[13/2/2022 5:41:25] !emotespells on
[13/2/2022 5:42:21] !emotespells on
[13/2/2022 5:43:17] !emotespells on
[13/2/2022 5:44:13] !emotespells on
[13/2/2022 5:45:9] !emotespells on
[13/2/2022 5:46:5] !emotespells on
[13/2/2022 5:47:1] !emotespells on
[13/2/2022 5:47:57] !emotespells on
[13/2/2022 5:48:53] !emotespells on
[13/2/2022 5:49:49] !emotespells on
[13/2/2022 5:50:45] !emotespells on
[13/2/2022 5:51:41] !emotespells on
[13/2/2022 5:52:37] !emotespells on
[13/2/2022 5:53:33] !emotespells on
[13/2/2022 5:54:29] !emotespells on
[13/2/2022 5:55:25] !emotespells on
[13/2/2022 5:56:21] !emotespells on
[13/2/2022 5:57:17] !emotespells on
[13/2/2022 5:58:13] !emotespells on
[13/2/2022 5:59:9] !emotespells on
[13/2/2022 6:0:5] !emotespells on
[13/2/2022 6:1:1] !emotespells on
[13/2/2022 6:1:57] !emotespells on
[13/2/2022 6:2:53] !emotespells on
[13/2/2022 6:3:49] !emotespells on
[13/2/2022 6:4:45] !emotespells on
[13/2/2022 6:5:41] !emotespells on
[13/2/2022 6:6:37] !emotespells on
[13/2/2022 6:7:33] !emotespells on
[13/2/2022 6:8:29] !emotespells on
[13/2/2022 6:9:25] !emotespells on
[13/2/2022 6:10:21] !emotespells on
[13/2/2022 6:11:17] !emotespells on
[13/2/2022 6:12:13] !emotespells on
[13/2/2022 6:13:9] !emotespells on
[13/2/2022 6:14:5] !emotespells on
[13/2/2022 6:15:1] !emotespells on
[13/2/2022 6:15:57] !emotespells on
[13/2/2022 6:16:53] !emotespells on
[13/2/2022 6:17:49] !emotespells on
[13/2/2022 6:18:45] !emotespells on
[13/2/2022 6:19:41] !emotespells on
[13/2/2022 6:20:37] !emotespells on
[13/2/2022 6:21:33] !emotespells on
[13/2/2022 6:22:29] !emotespells on
[13/2/2022 6:23:25] !emotespells on
[13/2/2022 6:24:21] !emotespells on
[13/2/2022 6:25:17] !emotespells on
[13/2/2022 6:26:13] !emotespells on
[13/2/2022 6:27:9] !emotespells on
[13/2/2022 6:28:5] !emotespells on
[13/2/2022 6:29:1] !emotespells on
[13/2/2022 6:29:57] !emotespells on
[13/2/2022 6:30:53] !emotespells on
[13/2/2022 6:31:49] !emotespells on
[13/2/2022 6:32:45] !emotespells on
[13/2/2022 6:33:41] !emotespells on
[13/2/2022 6:34:37] !emotespells on
[13/2/2022 6:35:33] !emotespells on
[13/2/2022 6:36:29] !emotespells on
[13/2/2022 6:37:25] !emotespells on
[13/2/2022 6:38:21] !emotespells on
[13/2/2022 6:39:17] !emotespells on
[13/2/2022 6:40:13] !emotespells on
[13/2/2022 6:41:9] !emotespells on
[13/2/2022 6:42:5] !emotespells on
[13/2/2022 6:43:1] !emotespells on
[13/2/2022 6:43:57] !emotespells on
[13/2/2022 6:44:53] !emotespells on
[13/2/2022 6:45:49] !emotespells on
[13/2/2022 6:46:45] !emotespells on
[13/2/2022 6:47:41] !emotespells on
[13/2/2022 6:48:37] !emotespells on
[13/2/2022 6:49:33] !emotespells on
[13/2/2022 6:50:29] !emotespells on
[13/2/2022 6:51:25] !emotespells on
[13/2/2022 6:52:21] !emotespells on
[13/2/2022 6:53:17] !emotespells on
[13/2/2022 6:54:13] !emotespells on
[13/2/2022 6:55:9] !emotespells on
[13/2/2022 6:56:5] !emotespells on
[13/2/2022 6:57:1] !emotespells on
[13/2/2022 6:57:35] !emotespells on
[13/2/2022 6:58:33] !emotespells on
[13/2/2022 6:59:29] !emotespells on
[13/2/2022 7:0:25] !emotespells on
[13/2/2022 7:1:21] !emotespells on
[13/2/2022 7:2:17] !emotespells on
[13/2/2022 7:3:13] !emotespells on
[13/2/2022 7:4:9] !emotespells on
[13/2/2022 7:5:5] !emotespells on
[13/2/2022 7:6:1] !emotespells on
[13/2/2022 7:6:57] !emotespells on
[13/2/2022 7:7:53] !emotespells on
[13/2/2022 7:8:49] !emotespells on
[13/2/2022 7:9:45] !emotespells on
[13/2/2022 7:10:41] !emotespells on
[13/2/2022 7:11:37] !emotespells on
[13/2/2022 7:12:33] !emotespells on
[13/2/2022 7:13:29] !emotespells on
[13/2/2022 7:14:25] !emotespells on
[13/2/2022 7:15:21] !emotespells on
[13/2/2022 7:16:17] !emotespells on
[13/2/2022 7:17:13] !emotespells on
[13/2/2022 7:18:9] !emotespells on
[13/2/2022 7:19:5] !emotespells on
[13/2/2022 7:20:1] !emotespells on
[13/2/2022 7:20:57] !emotespells on
[13/2/2022 7:21:53] !emotespells on
[13/2/2022 7:22:49] !emotespells on
[13/2/2022 7:23:45] !emotespells on
[13/2/2022 7:24:41] !emotespells on
[13/2/2022 7:25:37] !emotespells on
[13/2/2022 7:26:33] !emotespells on
[13/2/2022 7:27:29] !emotespells on
[13/2/2022 7:28:25] !emotespells on
[13/2/2022 7:29:21] !emotespells on
[13/2/2022 7:30:17] !emotespells on
[13/2/2022 7:31:13] !emotespells on
[13/2/2022 7:32:9] !emotespells on
[13/2/2022 7:33:5] !emotespells on
[13/2/2022 7:34:1] !emotespells on
[13/2/2022 7:34:57] !emotespells on
[13/2/2022 7:35:53] !emotespells on
[13/2/2022 7:36:49] !emotespells on
[13/2/2022 7:37:45] !emotespells on
[13/2/2022 7:38:41] !emotespells on
[13/2/2022 7:39:37] !emotespells on
[13/2/2022 7:40:33] !emotespells on
[13/2/2022 7:41:29] !emotespells on
[13/2/2022 7:42:25] !emotespells on
[13/2/2022 7:43:21] !emotespells on
[13/2/2022 7:44:17] !emotespells on
[13/2/2022 7:45:13] !emotespells on
[13/2/2022 7:46:9] !emotespells on
[13/2/2022 7:47:5] !emotespells on
[13/2/2022 7:48:1] !emotespells on
[13/2/2022 7:48:57] !emotespells on
[13/2/2022 7:49:53] !emotespells on
[13/2/2022 7:50:49] !emotespells on
[13/2/2022 7:51:45] !emotespells on
[13/2/2022 7:52:41] !emotespells on
[13/2/2022 7:53:37] !emotespells on
[13/2/2022 7:54:33] !emotespells on
[13/2/2022 7:55:29] !emotespells on
[13/2/2022 7:56:25] !emotespells on
[13/2/2022 7:57:21] !emotespells on
[13/2/2022 7:58:17] !emotespells on
[13/2/2022 7:59:13] !emotespells on
[13/2/2022 8:0:9] !emotespells on
[13/2/2022 8:1:5] !emotespells on
[13/2/2022 8:2:1] !emotespells on
[13/2/2022 8:2:57] !emotespells on
[13/2/2022 8:3:53] !emotespells on
[13/2/2022 8:4:49] !emotespells on
[13/2/2022 8:5:45] !emotespells on
[13/2/2022 8:6:41] !emotespells on
[13/2/2022 8:7:37] !emotespells on
[13/2/2022 8:8:33] !emotespells on
[13/2/2022 8:9:29] !emotespells on
[13/2/2022 8:10:25] !emotespells on
[13/2/2022 8:11:21] !emotespells on
[13/2/2022 8:12:17] !emotespells on
[13/2/2022 8:13:13] !emotespells on
[13/2/2022 8:14:9] !emotespells on
[13/2/2022 8:15:5] !emotespells on
[13/2/2022 8:16:1] !emotespells on
[13/2/2022 8:16:57] !emotespells on
[13/2/2022 8:17:53] !emotespells on
[13/2/2022 8:18:49] !emotespells on
[13/2/2022 8:19:45] !emotespells on
[13/2/2022 8:20:41] !emotespells on
[13/2/2022 8:21:37] !emotespells on
[13/2/2022 8:22:33] !emotespells on
[13/2/2022 8:23:29] !emotespells on
[13/2/2022 8:24:27] !emotespells on
[13/2/2022 8:25:21] !emotespells on
[13/2/2022 8:26:17] !emotespells on
[13/2/2022 8:27:13] !emotespells on
[13/2/2022 8:28:9] !emotespells on
[13/2/2022 8:29:5] !emotespells on
[13/2/2022 8:30:1] !emotespells on
[13/2/2022 8:30:57] !emotespells on
[13/2/2022 8:31:53] !emotespells on
[13/2/2022 8:32:49] !emotespells on
[13/2/2022 8:34:41] !emotespells on
[13/2/2022 8:35:37] !emotespells on
[13/2/2022 8:36:33] !emotespells on
[13/2/2022 8:37:29] !emotespells on
[13/2/2022 8:38:25] !emotespells on
[13/2/2022 8:39:21] !emotespells on
[13/2/2022 8:40:17] !emotespells on
[13/2/2022 8:41:13] !emotespells on
[13/2/2022 8:42:9] !emotespells on
[13/2/2022 8:43:5] !emotespells on
[13/2/2022 8:44:1] !emotespells on
[13/2/2022 8:44:57] !emotespells on
[13/2/2022 8:45:53] !emotespells on
[13/2/2022 8:46:49] !emotespells on
[13/2/2022 8:47:45] !emotespells on
[13/2/2022 8:48:41] !emotespells on
[13/2/2022 8:49:37] !emotespells on
[13/2/2022 8:50:33] !emotespells on
[13/2/2022 8:51:29] !emotespells on
[13/2/2022 8:52:25] !emotespells on
[13/2/2022 8:53:21] !emotespells on
[13/2/2022 8:54:17] !emotespells on
[13/2/2022 8:55:13] !emotespells on
[13/2/2022 8:56:9] !emotespells on
[13/2/2022 8:57:5] !emotespells on
[13/2/2022 8:58:1] !emotespells on
[13/2/2022 8:58:57] !emotespells on
[13/2/2022 8:59:53] !emotespells on
[13/2/2022 9:0:49] !emotespells on
[13/2/2022 9:1:45] !emotespells on
[13/2/2022 9:2:41] !emotespells on
[13/2/2022 9:3:37] !emotespells on
[13/2/2022 9:4:33] !emotespells on
[13/2/2022 9:5:29] !emotespells on
[13/2/2022 9:6:25] !emotespells on
[13/2/2022 9:7:21] !emotespells on
[13/2/2022 9:8:17] !emotespells on
[13/2/2022 9:9:13] !emotespells on
[13/2/2022 9:10:9] !emotespells on
[13/2/2022 9:11:5] !emotespells on
[13/2/2022 9:12:1] !emotespells on
[13/2/2022 9:12:57] !emotespells on
[13/2/2022 9:13:53] !emotespells on
[13/2/2022 9:14:49] !emotespells on
[13/2/2022 9:15:45] !emotespells on
[13/2/2022 9:16:41] !emotespells on
[13/2/2022 9:17:37] !emotespells on
[13/2/2022 9:18:33] !emotespells on
[13/2/2022 9:19:29] !emotespells on
[13/2/2022 9:20:25] !emotespells on
[13/2/2022 9:21:21] !emotespells on
[13/2/2022 9:22:17] !emotespells on
[13/2/2022 9:23:13] !emotespells on
[13/2/2022 9:24:9] !emotespells on
[13/2/2022 9:25:5] !emotespells on
[13/2/2022 9:26:1] !emotespells on
[13/2/2022 9:26:57] !emotespells on
[13/2/2022 9:27:53] !emotespells on
[13/2/2022 9:28:49] !emotespells on
[13/2/2022 9:29:45] !emotespells on
[13/2/2022 9:30:41] !emotespells on
[13/2/2022 9:31:37] !emotespells on
[13/2/2022 9:32:33] !emotespells on
[13/2/2022 9:33:29] !emotespells on
[13/2/2022 9:34:25] !emotespells on
[13/2/2022 9:35:21] !emotespells on
[13/2/2022 9:36:17] !emotespells on
[13/2/2022 9:37:13] !emotespells on
[13/2/2022 9:38:9] !emotespells on
[13/2/2022 9:39:5] !emotespells on
[13/2/2022 9:40:1] !emotespells on
[13/2/2022 9:40:57] !emotespells on
[13/2/2022 9:41:53] !emotespells on
[13/2/2022 9:42:49] !emotespells on
[13/2/2022 9:43:45] !emotespells on
[13/2/2022 9:44:41] !emotespells on
[13/2/2022 9:45:37] !emotespells on
[13/2/2022 9:46:33] !emotespells on
[13/2/2022 9:47:29] !emotespells on
[13/2/2022 9:48:25] !emotespells on
[13/2/2022 9:49:21] !emotespells on
[13/2/2022 9:50:17] !emotespells on
[13/2/2022 9:51:13] !emotespells on
[13/2/2022 9:52:9] !emotespells on
[13/2/2022 9:53:5] !emotespells on
[13/2/2022 9:54:1] !emotespells on
[13/2/2022 9:54:57] !emotespells on
[13/2/2022 9:55:53] !emotespells on
[13/2/2022 9:56:49] !emotespells on
[13/2/2022 9:57:45] !emotespells on
[13/2/2022 9:58:41] !emotespells on
[13/2/2022 9:59:37] !emotespells on
[13/2/2022 10:0:33] !emotespells on
[13/2/2022 10:1:29] !emotespells on
[13/2/2022 10:2:25] !emotespells on
[13/2/2022 10:3:21] !emotespells on
[13/2/2022 10:4:17] !emotespells on
[13/2/2022 10:5:13] !emotespells on
[13/2/2022 10:6:9] !emotespells on
[13/2/2022 10:7:5] !emotespells on
[13/2/2022 10:8:1] !emotespells on
[13/2/2022 10:8:57] !emotespells on
[13/2/2022 10:9:53] !emotespells on
[13/2/2022 10:10:49] !emotespells on
[13/2/2022 10:11:45] !emotespells on
[13/2/2022 10:12:41] !emotespells on
[13/2/2022 10:13:37] !emotespells on
[13/2/2022 10:14:33] !emotespells on
[13/2/2022 10:15:29] !emotespells on
[13/2/2022 10:16:25] !emotespells on
[13/2/2022 10:17:21] !emotespells on
[13/2/2022 10:18:17] !emotespells on
[13/2/2022 10:19:13] !emotespells on
[13/2/2022 10:20:9] !emotespells on
[13/2/2022 10:21:5] !emotespells on
[13/2/2022 10:22:1] !emotespells on
[13/2/2022 10:22:57] !emotespells on
[13/2/2022 10:23:53] !emotespells on
[13/2/2022 10:24:49] !emotespells on
[13/2/2022 10:25:45] !emotespells on
[13/2/2022 10:26:41] !emotespells on
[13/2/2022 10:27:37] !emotespells on
[13/2/2022 10:28:33] !emotespells on
[13/2/2022 10:29:29] !emotespells on
[13/2/2022 10:30:25] !emotespells on
[13/2/2022 10:31:21] !emotespells on
[13/2/2022 10:32:17] !emotespells on
[13/2/2022 10:33:13] !emotespells on
[13/2/2022 10:34:9] !emotespells on
[13/2/2022 10:35:5] !emotespells on
[13/2/2022 10:37:4] !emotespells on
[13/2/2022 10:39:2] !emotespells on
[13/2/2022 10:39:58] !emotespells on
[13/2/2022 10:40:54] !emotespells on
[13/2/2022 10:41:50] !emotespells on
[13/2/2022 10:42:46] !emotespells on
[13/2/2022 10:43:42] !emotespells on
[13/2/2022 10:44:38] !emotespells on
[13/2/2022 10:45:35] !emotespells on
[13/2/2022 10:46:36] !emotespells on
[13/2/2022 10:47:32] !emotespells on
[13/2/2022 10:48:28] !emotespells on
[13/2/2022 10:49:24] !emotespells on
[13/2/2022 10:50:20] !emotespells on
[13/2/2022 10:51:16] !emotespells on
[13/2/2022 10:52:12] !emotespells on
[13/2/2022 10:53:12] !emotespells on
[13/2/2022 10:54:8] !emotespells on
[13/2/2022 10:55:4] !emotespells on
[13/2/2022 10:56:0] !emotespells on
[13/2/2022 10:56:56] !emotespells on
[13/2/2022 10:57:52] !emotespells on
[13/2/2022 10:58:48] !emotespells on
[13/2/2022 10:59:44] !emotespells on
[13/2/2022 11:0:40] !emotespells on
[13/2/2022 11:1:36] !emotespells on
[13/2/2022 11:2:32] !emotespells on
[13/2/2022 11:3:28] !emotespells on
[13/2/2022 11:4:24] !emotespells on
[13/2/2022 11:5:20] !emotespells on
[13/2/2022 11:6:16] !emotespells on
[13/2/2022 11:27:34] 
[13/2/2022 11:36:9]  adm preciso de uma ajuda sua supreme star nao troca no npc  é preciso troca pra pega itens pra ajuda meu team
[13/2/2022 12:0:2] !emotespells on
[13/2/2022 12:1:9] !emotespells on
[13/2/2022 12:2:5] !emotespells on
[13/2/2022 12:3:2] !emotespells on
[13/2/2022 12:3:58] !emotespells on
[13/2/2022 12:4:54] !emotespells on
[13/2/2022 12:5:50] !emotespells on
[13/2/2022 12:6:46] !emotespells on
[13/2/2022 12:7:42] !emotespells on
[13/2/2022 12:8:38] !emotespells on
[13/2/2022 12:9:34] !emotespells on
[13/2/2022 12:10:30] !emotespells on
[13/2/2022 12:11:26] !emotespells on
[13/2/2022 12:12:22] !emotespells on
[13/2/2022 12:13:18] !emotespells on
[13/2/2022 12:14:14] !emotespells on
[13/2/2022 12:15:10] !emotespells on
[13/2/2022 12:16:6] !emotespells on
[13/2/2022 12:17:2] !emotespells on
[13/2/2022 12:17:58] !emotespells on
[13/2/2022 12:18:54] !emotespells on
[13/2/2022 12:19:50] !emotespells on
[13/2/2022 12:20:46] !emotespells on
[13/2/2022 12:21:42] !emotespells on
[13/2/2022 12:22:38] !emotespells on
[13/2/2022 12:23:34] !emotespells on
[13/2/2022 12:24:30] !emotespells on
[13/2/2022 12:25:26] !emotespells on
[13/2/2022 12:26:22] !emotespells on
[13/2/2022 12:27:18] !emotespells on
[13/2/2022 12:28:14] !emotespells on
[13/2/2022 12:29:10] !emotespells on
[13/2/2022 12:30:6] !emotespells on
[13/2/2022 12:31:2] !emotespells on
[13/2/2022 12:31:58] !emotespells on
[13/2/2022 12:32:54] !emotespells on
[13/2/2022 12:33:50] !emotespells on
[13/2/2022 12:34:46] !emotespells on
[13/2/2022 12:35:42] !emotespells on
[13/2/2022 12:36:38] !emotespells on
[13/2/2022 12:37:34] !emotespells on
[13/2/2022 12:38:30] !emotespells on
[13/2/2022 12:39:26] !emotespells on
[13/2/2022 12:40:22] !emotespells on
[13/2/2022 12:41:18] !emotespells on
[13/2/2022 12:42:14] !emotespells on
[13/2/2022 12:43:10] !emotespells on
[13/2/2022 12:44:6] !emotespells on
[13/2/2022 12:45:2] !emotespells on
[13/2/2022 12:45:58] !emotespells on
[13/2/2022 12:46:54] !emotespells on
[13/2/2022 12:47:50] !emotespells on
[13/2/2022 12:48:46] !emotespells on
[13/2/2022 12:49:42] !emotespells on
[13/2/2022 12:50:38] !emotespells on
[13/2/2022 12:51:34] !emotespells on
[13/2/2022 12:52:30] !emotespells on
[13/2/2022 12:53:26] !emotespells on
[13/2/2022 12:54:22] !emotespells on
[13/2/2022 12:55:18] !emotespells on
[13/2/2022 12:56:14] !emotespells on
[13/2/2022 12:57:10] !emotespells on
[13/2/2022 12:58:6] !emotespells on
[13/2/2022 12:59:2] !emotespells on
[13/2/2022 12:59:58] !emotespells on
[13/2/2022 13:0:54] !emotespells on
[13/2/2022 13:1:50] !emotespells on
[13/2/2022 13:2:46] !emotespells on
[13/2/2022 13:3:42] !emotespells on
[13/2/2022 13:6:42] !emotespells on
[13/2/2022 13:7:38] !emotespells on
[13/2/2022 13:8:34] !emotespells on
[13/2/2022 13:9:30] !emotespells on
[13/2/2022 13:10:26] !emotespells on
[13/2/2022 13:11:22] !emotespells on
[13/2/2022 13:12:18] !emotespells on
[13/2/2022 13:13:14] !emotespells on
[13/2/2022 13:14:10] !emotespells on
[13/2/2022 13:15:6] !emotespells on
[13/2/2022 13:16:2] !emotespells on
[13/2/2022 13:16:58] !emotespells on
[13/2/2022 13:17:54] !emotespells on
[13/2/2022 13:18:50] !emotespells on
[13/2/2022 13:19:46] !emotespells on
[13/2/2022 13:20:42] !emotespells on
[13/2/2022 13:21:38] !emotespells on
[13/2/2022 13:22:34] !emotespells on
[13/2/2022 13:23:30] !emotespells on
[13/2/2022 13:24:26] !emotespells on
[13/2/2022 13:25:22] !emotespells on
[13/2/2022 13:26:18] !emotespells on
[13/2/2022 13:27:14] !emotespells on
[13/2/2022 13:28:10] !emotespells on
[13/2/2022 13:29:6] !emotespells on
[13/2/2022 13:30:2] !emotespells on
[13/2/2022 13:30:58] !emotespells on
[13/2/2022 13:31:54] !emotespells on
[13/2/2022 13:32:50] !emotespells on
[13/2/2022 13:33:46] !emotespells on
[13/2/2022 13:34:42] !emotespells on
[13/2/2022 13:35:38] !emotespells on
[13/2/2022 13:36:34] !emotespells on
[13/2/2022 13:37:30] !emotespells on
[13/2/2022 13:38:26] !emotespells on
[13/2/2022 13:39:22] !emotespells on
[13/2/2022 13:40:18] !emotespells on
[13/2/2022 13:41:14] !emotespells on
[13/2/2022 13:42:10] !emotespells on
[13/2/2022 13:43:6] !emotespells on
[13/2/2022 13:44:2] !emotespells on
[13/2/2022 13:44:58] !emotespells on
[13/2/2022 13:45:54] !emotespells on
[13/2/2022 13:46:50] !emotespells on
[13/2/2022 13:47:46] !emotespells on
[13/2/2022 13:48:42] !emotespells on
[13/2/2022 13:49:38] !emotespells on
[13/2/2022 13:50:34] !emotespells on
[13/2/2022 13:51:30] !emotespells on
[13/2/2022 13:52:26] !emotespells on
[13/2/2022 13:53:46] !emotespells on
[13/2/2022 13:54:42] !emotespells on
[13/2/2022 13:55:37] !emotespells on
[13/2/2022 13:56:33] !emotespells on
[13/2/2022 13:57:29] !emotespells on
[13/2/2022 13:58:25] !emotespells on
[13/2/2022 13:59:21] !emotespells on
[13/2/2022 14:0:17] !emotespells on
[13/2/2022 14:1:13] !emotespells on
[13/2/2022 14:2:9] !emotespells on
[13/2/2022 14:3:5] !emotespells on
[13/2/2022 14:4:1] !emotespells on
[13/2/2022 14:4:57] !emotespells on
[13/2/2022 14:5:53] !emotespells on
[13/2/2022 14:6:49] !emotespells on
[13/2/2022 14:7:45] !emotespells on
[13/2/2022 14:10:6] !emotespells on
[13/2/2022 14:10:13] !emotespells on
[13/2/2022 14:11:32] !emotespells on
[13/2/2022 14:12:27] !emotespells on
[13/2/2022 14:13:23] !emotespells on
[13/2/2022 14:14:19] !emotespells on
[13/2/2022 14:15:15] !emotespells on
[13/2/2022 14:16:11] !emotespells on
[13/2/2022 14:17:7] !emotespells on
[13/2/2022 14:18:3] !emotespells on
[13/2/2022 14:18:59] !emotespells on
[13/2/2022 14:19:55] !emotespells on
[13/2/2022 14:20:51] !emotespells on
[13/2/2022 14:21:47] !emotespells on
[13/2/2022 14:22:43] !emotespells on
[13/2/2022 14:23:39] !emotespells on
[13/2/2022 14:24:36] !emotespells on
[13/2/2022 14:25:31] !emotespells on
[13/2/2022 14:26:27] !emotespells on
[13/2/2022 14:27:23] !emotespells on
[13/2/2022 14:28:19] !emotespells on
[13/2/2022 14:29:15] !emotespells on
[13/2/2022 14:30:11] !emotespells on
[13/2/2022 14:31:7] !emotespells on
[13/2/2022 14:32:3] !emotespells on
[13/2/2022 14:32:59] !emotespells on
[13/2/2022 14:33:55] !emotespells on
[13/2/2022 14:34:52] !emotespells on
[13/2/2022 14:35:48] !emotespells on
[13/2/2022 14:36:44] !emotespells on
[13/2/2022 14:37:40] !emotespells on
[13/2/2022 14:38:36] !emotespells on
[13/2/2022 14:39:32] !emotespells on
[13/2/2022 14:40:28] !emotespells on
[13/2/2022 14:41:24] !emotespells on
[13/2/2022 14:42:20] !emotespells on
[13/2/2022 14:43:16] !emotespells on
[13/2/2022 14:44:12] !emotespells on
[13/2/2022 14:45:8] !emotespells on
[13/2/2022 14:46:4] !emotespells on
[13/2/2022 14:47:0] !emotespells on
[13/2/2022 14:47:56] !emotespells on
[13/2/2022 14:48:52] !emotespells on
[13/2/2022 14:49:48] !emotespells on
[13/2/2022 14:50:44] !emotespells on
[13/2/2022 14:51:40] !emotespells on
[13/2/2022 14:52:36] !emotespells on
[13/2/2022 14:53:32] !emotespells on
[13/2/2022 14:54:28] !emotespells on
[13/2/2022 14:55:24] !emotespells on
[13/2/2022 14:56:20] !emotespells on
[13/2/2022 14:57:16] !emotespells on
[13/2/2022 14:58:12] !emotespells on
[13/2/2022 14:59:8] !emotespells on
[13/2/2022 15:0:4] !emotespells on
[13/2/2022 15:1:0] !emotespells on
[13/2/2022 15:2:31] !emotespells on
[13/2/2022 15:3:31] !emotespells on
[13/2/2022 15:4:27] !emotespells on
[13/2/2022 15:5:23] !emotespells on
[13/2/2022 15:6:19] !emotespells on
[13/2/2022 15:7:15] !emotespells on
[13/2/2022 15:8:11] !emotespells on
[13/2/2022 15:9:7] !emotespells on
[13/2/2022 15:10:3] !emotespells on
[13/2/2022 15:10:59] !emotespells on
[13/2/2022 15:11:55] !emotespells on
[13/2/2022 15:12:51] !emotespells on
[13/2/2022 15:13:47] !emotespells on
[13/2/2022 15:14:43] !emotespells on
[13/2/2022 15:15:39] !emotespells on
[13/2/2022 15:16:35] !emotespells on
[13/2/2022 15:17:31] !emotespells on
[13/2/2022 15:18:27] !emotespells on
[13/2/2022 15:19:23] !emotespells on
[13/2/2022 15:20:19] !emotespells on
[13/2/2022 15:21:15] !emotespells on
[13/2/2022 15:22:11] !emotespells on
[13/2/2022 15:23:7] !emotespells on
[13/2/2022 15:24:3] !emotespells on
[13/2/2022 15:27:49] !frags
[13/2/2022 15:28:9] !frags
[13/2/2022 15:28:58] !emotespells on
[13/2/2022 15:29:54] !emotespells on
[13/2/2022 15:30:50] !emotespells on
[13/2/2022 15:31:46] !emotespells on
[13/2/2022 15:32:42] !emotespells on
[13/2/2022 15:33:38] !emotespells on
[13/2/2022 15:34:34] !emotespells on
[13/2/2022 15:35:30] !emotespells on
[13/2/2022 15:36:26] !emotespells on
[13/2/2022 15:37:22] !emotespells on
[13/2/2022 15:38:18] !emotespells on
[13/2/2022 15:38:55] !frags
[13/2/2022 15:39:14] !emotespells on
[13/2/2022 15:40:10] !emotespells on
[13/2/2022 15:41:6] !emotespells on
[13/2/2022 15:42:2] !emotespells on
[13/2/2022 15:42:58] !emotespells on
[13/2/2022 15:43:54] !emotespells on
[13/2/2022 15:44:50] !emotespells on
[13/2/2022 15:45:46] !emotespells on
[13/2/2022 15:46:42] !emotespells on
[13/2/2022 15:47:38] !emotespells on
[13/2/2022 15:48:34] !emotespells on
[13/2/2022 15:49:30] !emotespells on
[13/2/2022 15:50:26] !emotespells on
[13/2/2022 15:51:22] !emotespells on
[13/2/2022 15:52:18] !emotespells on
[13/2/2022 15:53:14] !emotespells on
[13/2/2022 15:54:10] !emotespells on
[13/2/2022 15:55:6] !emotespells on
[13/2/2022 15:56:3] !emotespells on
[13/2/2022 15:56:58] !emotespells on
[13/2/2022 15:57:54] !emotespells on
[13/2/2022 15:58:50] !emotespells on
[13/2/2022 15:59:46] !emotespells on
[13/2/2022 16:0:42] !emotespells on
[13/2/2022 16:1:38] !emotespells on
[13/2/2022 16:2:34] !emotespells on
[13/2/2022 16:3:30] !emotespells on
[13/2/2022 16:4:26] !emotespells on
[13/2/2022 16:5:22] !emotespells on
[13/2/2022 16:6:18] !emotespells on
[13/2/2022 16:7:14] !emotespells on
[13/2/2022 16:8:10] !emotespells on
[13/2/2022 16:9:6] !emotespells on
[13/2/2022 16:10:2] !emotespells on
[13/2/2022 16:10:58] !emotespells on
[13/2/2022 16:11:54] !emotespells on
[13/2/2022 16:12:50] !emotespells on
[13/2/2022 16:13:46] !emotespells on
[13/2/2022 16:14:42] !emotespells on
[13/2/2022 16:15:38] !emotespells on
[13/2/2022 16:16:34] !emotespells on
[13/2/2022 16:17:30] !emotespells on
[13/2/2022 16:18:26] !emotespells on
[13/2/2022 16:19:22] !emotespells on
[13/2/2022 16:20:18] !emotespells on
[13/2/2022 16:21:14] !emotespells on
[13/2/2022 16:22:10] !emotespells on
[13/2/2022 16:23:6] !emotespells on
[13/2/2022 16:24:2] !emotespells on
[13/2/2022 16:24:58] !emotespells on
[13/2/2022 16:25:54] !emotespells on
[13/2/2022 16:26:50] !emotespells on
[13/2/2022 16:27:46] !emotespells on
[13/2/2022 16:28:42] !emotespells on
[13/2/2022 16:29:38] !emotespells on
[13/2/2022 16:30:34] !emotespells on
[13/2/2022 16:31:30] !emotespells on
[13/2/2022 16:32:26] !emotespells on
[13/2/2022 16:33:22] !emotespells on
[13/2/2022 16:34:18] !emotespells on
[13/2/2022 16:35:14] !emotespells on
[13/2/2022 16:36:10] !emotespells on
[13/2/2022 16:37:6] !emotespells on
[13/2/2022 16:38:2] !emotespells on
[13/2/2022 16:38:59] !emotespells on
[13/2/2022 16:39:54] !emotespells on
[13/2/2022 16:40:50] !emotespells on
[13/2/2022 16:41:46] !emotespells on
[13/2/2022 16:42:42] !emotespells on
[13/2/2022 16:43:38] !emotespells on
[13/2/2022 16:44:34] !emotespells on
[13/2/2022 16:45:30] !emotespells on
[13/2/2022 16:46:26] !emotespells on
[13/2/2022 16:47:22] !emotespells on
[13/2/2022 16:48:18] !emotespells on
[13/2/2022 16:49:14] !emotespells on
[13/2/2022 16:50:10] !emotespells on
[13/2/2022 16:51:6] !emotespells on
[13/2/2022 16:52:2] !emotespells on
[13/2/2022 16:52:58] !emotespells on
[13/2/2022 16:53:54] !emotespells on
[13/2/2022 16:54:50] !emotespells on
[13/2/2022 16:55:46] !emotespells on
[13/2/2022 16:56:42] !emotespells on
[13/2/2022 16:57:38] !emotespells on
[13/2/2022 16:58:34] !emotespells on
[13/2/2022 16:59:30] !emotespells on
[13/2/2022 17:0:26] !emotespells on
[13/2/2022 17:1:22] !emotespells on
[13/2/2022 17:2:18] !emotespells on
[13/2/2022 17:3:14] !emotespells on
[13/2/2022 17:4:10] !emotespells on
[13/2/2022 17:5:6] !emotespells on
[13/2/2022 17:6:3] !emotespells on
[13/2/2022 17:6:58] !emotespells on
[13/2/2022 17:7:54] !emotespells on
[13/2/2022 17:8:50] !emotespells on
[13/2/2022 17:9:46] !emotespells on
[13/2/2022 17:10:42] !emotespells on
[13/2/2022 17:11:38] !emotespells on
[13/2/2022 17:12:34] !emotespells on
[13/2/2022 17:14:32] !emotespells on
[13/2/2022 17:15:28] !emotespells on
[13/2/2022 17:16:24] !emotespells on
[13/2/2022 17:17:20] !emotespells on
[13/2/2022 17:18:16] !emotespells on
[13/2/2022 17:19:12] !emotespells on
[13/2/2022 17:20:8] !emotespells on
[13/2/2022 17:21:4] !emotespells on
[13/2/2022 17:22:0] !emotespells on
[13/2/2022 17:22:56] !emotespells on
[13/2/2022 17:23:52] !emotespells on
[13/2/2022 17:24:48] !emotespells on
[13/2/2022 17:25:44] !emotespells on
[13/2/2022 17:26:40] !emotespells on
[13/2/2022 17:27:36] !emotespells on
[13/2/2022 17:28:32] !emotespells on
[13/2/2022 17:29:28] !emotespells on
[13/2/2022 17:30:24] !emotespells on
[13/2/2022 17:31:20] !emotespells on
[13/2/2022 17:32:16] !emotespells on
[13/2/2022 17:33:12] !emotespells on
[13/2/2022 17:34:8] !emotespells on
[13/2/2022 17:35:4] !emotespells on
[13/2/2022 17:36:0] !emotespells on
[13/2/2022 17:36:56] !emotespells on
[13/2/2022 17:37:52] !emotespells on
[13/2/2022 17:38:48] !emotespells on
[13/2/2022 17:39:44] !emotespells on
[13/2/2022 17:40:40] !emotespells on
[13/2/2022 17:41:36] !emotespells on
[13/2/2022 17:42:32] !emotespells on
[13/2/2022 17:43:28] !emotespells on
[13/2/2022 17:44:24] !emotespells on
[13/2/2022 17:45:20] !emotespells on
[13/2/2022 17:46:16] !emotespells on
[13/2/2022 17:47:12] !emotespells on
[13/2/2022 17:48:8] !emotespells on
[13/2/2022 17:49:4] !emotespells on
[13/2/2022 17:50:0] !emotespells on
[13/2/2022 17:50:56] !emotespells on
[13/2/2022 17:51:52] !emotespells on
[13/2/2022 17:52:48] !emotespells on
[13/2/2022 17:53:44] !emotespells on
[13/2/2022 17:54:40] !emotespells on
[13/2/2022 17:55:36] !emotespells on
[13/2/2022 17:56:32] !emotespells on
[13/2/2022 17:57:28] !emotespells on
[13/2/2022 17:58:24] !emotespells on
[13/2/2022 17:59:20] !emotespells on
[13/2/2022 18:0:16] !emotespells on
[13/2/2022 18:1:12] !emotespells on
[13/2/2022 18:2:8] !emotespells on
[13/2/2022 18:3:4] !emotespells on
[13/2/2022 18:4:0] !emotespells on
[13/2/2022 18:4:56] !emotespells on
[13/2/2022 18:5:52] !emotespells on
[13/2/2022 18:6:48] !emotespells on
[13/2/2022 18:7:44] !emotespells on
[13/2/2022 18:8:40] !emotespells on
[13/2/2022 18:27:28] !emotespells on
[13/2/2022 18:28:24] !emotespells on
[13/2/2022 18:29:20] !emotespells on
[13/2/2022 18:30:16] !emotespells on
[13/2/2022 18:31:12] !emotespells on
[13/2/2022 18:32:8] !emotespells on
[13/2/2022 18:33:4] !emotespells on
[13/2/2022 18:34:0] !emotespells on
[13/2/2022 18:34:56] !emotespells on
[13/2/2022 18:35:52] !emotespells on
[13/2/2022 18:36:48] !emotespells on
[13/2/2022 18:37:44] !emotespells on
[13/2/2022 18:38:40] !emotespells on
[13/2/2022 18:39:36] !emotespells on
[13/2/2022 18:40:32] !emotespells on
[13/2/2022 18:41:28] !emotespells on
[13/2/2022 18:42:24] !emotespells on
[13/2/2022 18:43:20] !emotespells on
[13/2/2022 18:44:16] !emotespells on
[13/2/2022 18:45:12] !emotespells on
[13/2/2022 18:46:8] !emotespells on
[13/2/2022 18:47:4] !emotespells on
[13/2/2022 18:48:0] !emotespells on
[13/2/2022 18:48:56] !emotespells on
[13/2/2022 18:57:5] !emotespells on
[13/2/2022 18:58:1] !emotespells on
[13/2/2022 18:58:57] !emotespells on
[13/2/2022 19:3:17] !emotespells on
[13/2/2022 19:4:13] !emotespells on
[13/2/2022 19:5:9] !emotespells on
[13/2/2022 19:6:5] !emotespells on
[13/2/2022 19:7:1] !emotespells on
[13/2/2022 19:7:57] !emotespells on
[13/2/2022 19:8:53] !emotespells on
[13/2/2022 19:9:49] !emotespells on
[13/2/2022 19:10:45] !emotespells on
[13/2/2022 19:11:41] !emotespells on
[13/2/2022 19:12:37] !emotespells on
[13/2/2022 19:13:33] !emotespells on
[13/2/2022 19:14:29] !emotespells on
[13/2/2022 19:15:25] !emotespells on
[13/2/2022 19:16:21] !emotespells on
[13/2/2022 19:17:17] !emotespells on
[13/2/2022 19:18:13] !emotespells on
[13/2/2022 19:19:9] !emotespells on
[13/2/2022 19:20:5] !emotespells on
[13/2/2022 19:21:1] !emotespells on
[13/2/2022 19:21:57] !emotespells on
[13/2/2022 19:22:53] !emotespells on
[13/2/2022 19:23:49] !emotespells on
[13/2/2022 19:24:45] !emotespells on
[13/2/2022 19:25:41] !emotespells on
[13/2/2022 19:26:37] !emotespells on
[13/2/2022 19:27:33] !emotespells on
[13/2/2022 19:28:29] !emotespells on
[13/2/2022 19:29:25] !emotespells on
[13/2/2022 19:30:21] !emotespells on
[13/2/2022 19:31:17] !emotespells on
[13/2/2022 19:32:13] !emotespells on
[13/2/2022 19:33:9] !emotespells on
[13/2/2022 19:34:5] !emotespells on
[13/2/2022 19:35:1] !emotespells on
[13/2/2022 19:35:57] !emotespells on
[13/2/2022 19:36:53] !emotespells on
[13/2/2022 19:37:49] !emotespells on
[13/2/2022 19:38:45] !emotespells on
[13/2/2022 19:39:41] !emotespells on
[13/2/2022 19:40:37] !emotespells on
[13/2/2022 19:41:33] !emotespells on
[13/2/2022 19:42:29] !emotespells on
[13/2/2022 19:43:25] !emotespells on
[13/2/2022 19:44:21] !emotespells on
[13/2/2022 19:45:17] !emotespells on
[13/2/2022 19:46:13] !emotespells on
[13/2/2022 19:47:9] !emotespells on
[13/2/2022 19:48:5] !emotespells on
[13/2/2022 19:49:1] !emotespells on
[13/2/2022 19:49:57] !emotespells on
[13/2/2022 19:50:53] !emotespells on
[13/2/2022 19:51:49] !emotespells on
[13/2/2022 19:52:45] !emotespells on
[13/2/2022 19:53:41] !emotespells on
[13/2/2022 19:54:37] !emotespells on
[13/2/2022 19:55:33] !emotespells on
[13/2/2022 19:56:29] !emotespells on
[13/2/2022 19:57:25] !emotespells on
[13/2/2022 20:0:18] !emotespells on
[14/2/2022 2:4:13] 
[14/2/2022 8:18:46] !emotespells on
[14/2/2022 8:19:42] !emotespells on
[14/2/2022 8:20:38] !emotespells on
[14/2/2022 8:21:34] !emotespells on
[14/2/2022 8:22:30] !emotespells on
[14/2/2022 8:23:26] !emotespells on
[14/2/2022 8:24:22] !emotespells on
[14/2/2022 8:25:18] !emotespells on
[14/2/2022 8:26:14] !emotespells on
[14/2/2022 8:27:10] !emotespells on
[14/2/2022 8:28:6] !emotespells on
[14/2/2022 8:29:2] !emotespells on
[14/2/2022 8:29:58] !emotespells on
[14/2/2022 8:30:54] !emotespells on
[14/2/2022 8:31:50] !emotespells on
[14/2/2022 8:32:46] !emotespells on
[14/2/2022 8:33:42] !emotespells on
[14/2/2022 8:34:38] !emotespells on
[14/2/2022 8:35:34] !emotespells on
[14/2/2022 8:36:30] !emotespells on
[14/2/2022 8:37:26] !emotespells on
[14/2/2022 8:38:22] !emotespells on
[14/2/2022 8:39:18] !emotespells on
[14/2/2022 8:40:14] !emotespells on
[14/2/2022 8:41:10] !emotespells on
[14/2/2022 8:42:6] !emotespells on
[14/2/2022 8:43:2] !emotespells on
[14/2/2022 8:43:58] !emotespells on
[14/2/2022 8:44:54] !emotespells on
[14/2/2022 8:45:50] !emotespells on
[14/2/2022 8:46:46] !emotespells on
[14/2/2022 8:47:42] !emotespells on
[14/2/2022 8:48:38] !emotespells on
[14/2/2022 8:49:34] !emotespells on
[14/2/2022 8:50:30] !emotespells on
[14/2/2022 8:51:26] !emotespells on
[14/2/2022 8:52:22] !emotespells on
[14/2/2022 8:53:18] !emotespells on
[14/2/2022 8:54:14] !emotespells on
[14/2/2022 8:55:10] !emotespells on
[14/2/2022 8:56:6] !emotespells on
[14/2/2022 8:57:2] !emotespells on
[14/2/2022 8:57:58] !emotespells on
[14/2/2022 8:58:54] !emotespells on
[14/2/2022 8:59:50] !emotespells on
[14/2/2022 9:0:46] !emotespells on
[14/2/2022 9:1:42] !emotespells on
[14/2/2022 9:2:38] !emotespells on
[14/2/2022 9:3:34] !emotespells on
[14/2/2022 9:4:30] !emotespells on
[14/2/2022 9:5:26] !emotespells on
[14/2/2022 9:6:22] !emotespells on
[14/2/2022 9:7:18] !emotespells on
[14/2/2022 9:8:14] !emotespells on
[14/2/2022 9:9:10] !emotespells on
[14/2/2022 9:10:6] !emotespells on
[14/2/2022 9:11:2] !emotespells on
[14/2/2022 9:11:58] !emotespells on
[14/2/2022 9:12:54] !emotespells on
[14/2/2022 9:13:50] !emotespells on
[14/2/2022 9:14:46] !emotespells on
[14/2/2022 9:15:42] !emotespells on
[14/2/2022 9:16:38] !emotespells on
[14/2/2022 9:17:34] !emotespells on
[14/2/2022 9:18:30] !emotespells on
[14/2/2022 9:19:26] !emotespells on
[14/2/2022 9:20:22] !emotespells on
[14/2/2022 9:21:18] !emotespells on
[14/2/2022 9:22:14] !emotespells on
[14/2/2022 9:23:10] !emotespells on
[14/2/2022 9:24:6] !emotespells on
[14/2/2022 9:25:2] !emotespells on
[14/2/2022 9:25:58] !emotespells on
[14/2/2022 9:26:54] !emotespells on
[14/2/2022 9:27:50] !emotespells on
[14/2/2022 9:28:46] !emotespells on
[14/2/2022 9:29:42] !emotespells on
[14/2/2022 9:30:38] !emotespells on
[14/2/2022 9:31:34] !emotespells on
[14/2/2022 9:32:30] !emotespells on
[14/2/2022 9:33:26] !emotespells on
[14/2/2022 9:34:22] !emotespells on
[14/2/2022 9:35:18] !emotespells on
[14/2/2022 9:36:14] !emotespells on
[14/2/2022 9:37:10] !emotespells on
[14/2/2022 9:38:6] !emotespells on
[14/2/2022 9:39:2] !emotespells on
[14/2/2022 9:39:58] !emotespells on
[14/2/2022 9:40:54] !emotespells on
[14/2/2022 9:41:50] !emotespells on
[14/2/2022 9:42:46] !emotespells on
[14/2/2022 9:43:42] !emotespells on
[14/2/2022 9:44:38] !emotespells on
[14/2/2022 9:45:34] !emotespells on
[14/2/2022 9:46:30] !emotespells on
[14/2/2022 9:47:26] !emotespells on
[14/2/2022 9:48:22] !emotespells on
[14/2/2022 9:49:18] !emotespells on
[14/2/2022 9:50:14] !emotespells on
[14/2/2022 9:51:10] !emotespells on
[14/2/2022 9:52:6] !emotespells on
[14/2/2022 9:53:2] !emotespells on
[14/2/2022 9:53:58] !emotespells on
[14/2/2022 9:54:54] !emotespells on
[14/2/2022 9:55:50] !emotespells on
[14/2/2022 9:56:46] !emotespells on
[14/2/2022 9:57:42] !emotespells on
[14/2/2022 9:58:38] !emotespells on
[14/2/2022 9:59:34] !emotespells on
[14/2/2022 10:0:30] !emotespells on
[14/2/2022 10:1:26] !emotespells on
[14/2/2022 10:2:22] !emotespells on
[14/2/2022 10:3:18] !emotespells on
[14/2/2022 10:4:14] !emotespells on
[14/2/2022 10:5:10] !emotespells on
[14/2/2022 10:6:6] !emotespells on
[14/2/2022 10:7:2] !emotespells on
[14/2/2022 10:7:58] !emotespells on
[14/2/2022 10:8:54] !emotespells on
[14/2/2022 10:9:50] !emotespells on
[14/2/2022 10:10:46] !emotespells on
[14/2/2022 10:11:42] !emotespells on
[14/2/2022 10:12:38] !emotespells on
[14/2/2022 10:13:34] !emotespells on
[14/2/2022 10:14:30] !emotespells on
[14/2/2022 10:15:26] !emotespells on
[14/2/2022 10:16:22] !emotespells on
[14/2/2022 10:17:18] !emotespells on
[14/2/2022 10:18:14] !emotespells on
[14/2/2022 10:19:10] !emotespells on
[14/2/2022 10:20:6] !emotespells on
[14/2/2022 10:21:2] !emotespells on
[14/2/2022 10:21:58] !emotespells on
[14/2/2022 10:22:54] !emotespells on
[14/2/2022 10:23:50] !emotespells on
[14/2/2022 10:24:46] !emotespells on
[14/2/2022 10:25:42] !emotespells on
[14/2/2022 10:26:38] !emotespells on
[14/2/2022 10:27:34] !emotespells on
[14/2/2022 10:28:30] !emotespells on
[14/2/2022 10:29:26] !emotespells on
[14/2/2022 10:30:22] !emotespells on
[14/2/2022 10:31:18] !emotespells on
[14/2/2022 10:32:14] !emotespells on
[14/2/2022 10:33:10] !emotespells on
[14/2/2022 10:34:6] !emotespells on
[14/2/2022 10:35:2] !emotespells on
[14/2/2022 10:35:58] !emotespells on
[14/2/2022 10:36:54] !emotespells on
[14/2/2022 10:37:50] !emotespells on
[14/2/2022 10:38:46] !emotespells on
[14/2/2022 10:39:42] !emotespells on
[14/2/2022 10:40:38] !emotespells on
[14/2/2022 10:41:34] !emotespells on
[14/2/2022 10:42:30] !emotespells on
[14/2/2022 10:43:26] !emotespells on
[14/2/2022 10:44:22] !emotespells on
[14/2/2022 10:48:6] !emotespells on
[14/2/2022 10:49:2] !emotespells on
[14/2/2022 10:49:58] !emotespells on
[14/2/2022 10:50:54] !emotespells on
[14/2/2022 10:51:50] !emotespells on
[14/2/2022 10:52:46] !emotespells on
[14/2/2022 10:53:42] !emotespells on
[15/2/2022 22:45:1] !go
[16/2/2022 21:35:29] !guildpoints
[16/2/2022 21:45:22] !guildpoints
[16/2/2022 21:47:4] !guildpoints
[16/2/2022 21:50:14] !guildpoints
[16/2/2022 21:51:2] !guildpoints
[16/2/2022 21:52:43] !guildpoints
[16/2/2022 23:23:43] !emotespells on
[16/2/2022 23:24:39] !emotespells on
[16/2/2022 23:24:52] !emotespells on
[16/2/2022 23:25:48] !emotespells on
[16/2/2022 23:26:23] !emotespells on
[16/2/2022 23:27:19] !emotespells on
[16/2/2022 23:28:15] !emotespells on
[16/2/2022 23:29:11] !emotespells on
[16/2/2022 23:30:7] !emotespells on
[16/2/2022 23:31:3] !emotespells on
[16/2/2022 23:31:59] !emotespells on
[16/2/2022 23:32:55] !emotespells on
[16/2/2022 23:33:51] !emotespells on
[16/2/2022 23:34:47] !emotespells on
[16/2/2022 23:35:43] !emotespells on
[16/2/2022 23:36:39] !emotespells on
[16/2/2022 23:37:35] !emotespells on
[16/2/2022 23:38:31] !emotespells on
[16/2/2022 23:39:27] !emotespells on
[16/2/2022 23:40:23] !emotespells on
[16/2/2022 23:41:19] !emotespells on
[16/2/2022 23:42:15] !emotespells on
[16/2/2022 23:43:11] !emotespells on
[16/2/2022 23:44:7] !emotespells on
[16/2/2022 23:45:3] !emotespells on
[16/2/2022 23:45:59] !emotespells on
[16/2/2022 23:46:55] !emotespells on
[16/2/2022 23:47:51] !emotespells on
[16/2/2022 23:48:47] !emotespells on
[16/2/2022 23:49:43] !emotespells on
[16/2/2022 23:50:39] !emotespells on
[16/2/2022 23:51:35] !emotespells on
[16/2/2022 23:52:31] !emotespells on
[16/2/2022 23:53:27] !emotespells on
[16/2/2022 23:54:23] !emotespells on
[16/2/2022 23:55:19] !emotespells on
[16/2/2022 23:56:15] !emotespells on
[16/2/2022 23:57:11] !emotespells on
[16/2/2022 23:58:7] !emotespells on
[16/2/2022 23:59:3] !emotespells on
[16/2/2022 23:59:59] !emotespells on
[17/2/2022 0:0:55] !emotespells on
[17/2/2022 0:1:51] !emotespells on
[17/2/2022 0:2:47] !emotespells on
[17/2/2022 0:3:43] !emotespells on
[17/2/2022 0:4:39] !emotespells on
[17/2/2022 0:5:35] !emotespells on
[17/2/2022 0:6:31] !emotespells on
[17/2/2022 0:7:27] !emotespells on
[17/2/2022 0:8:23] !emotespells on
[17/2/2022 0:9:19] !emotespells on
[17/2/2022 0:10:15] !emotespells on
[17/2/2022 0:11:11] !emotespells on
[17/2/2022 0:12:7] !emotespells on
[17/2/2022 0:13:3] !emotespells on
[17/2/2022 0:13:59] !emotespells on
[17/2/2022 0:14:55] !emotespells on
[17/2/2022 0:15:51] !emotespells on
[17/2/2022 0:16:47] !emotespells on
[17/2/2022 0:17:43] !emotespells on
[17/2/2022 0:18:39] !emotespells on
[17/2/2022 0:19:35] !emotespells on
[17/2/2022 0:20:31] !emotespells on
[17/2/2022 0:21:27] !emotespells on
[17/2/2022 0:32:9] !emotespells on
[17/2/2022 0:33:5] !emotespells on
[17/2/2022 0:34:1] !emotespells on
[17/2/2022 0:34:57] !emotespells on
[17/2/2022 0:35:53] !emotespells on
[17/2/2022 0:36:49] !emotespells on
[17/2/2022 0:37:45] !emotespells on
[17/2/2022 0:38:41] !emotespells on
[17/2/2022 0:39:37] !emotespells on
[17/2/2022 0:40:33] !emotespells on
[17/2/2022 0:41:29] !emotespells on
[17/2/2022 0:42:25] !emotespells on
[17/2/2022 0:43:21] !emotespells on
[17/2/2022 0:44:17] !emotespells on
[17/2/2022 0:45:13] !emotespells on
[17/2/2022 11:38:36] !guildpoints
[17/2/2022 15:52:56] !emotespells on
[17/2/2022 17:2:14] !emotespells on
[17/2/2022 17:3:10] !emotespells on
[17/2/2022 17:3:15] !guildpoints
[17/2/2022 17:4:6] !emotespells on
[17/2/2022 17:5:2] !emotespells on
[17/2/2022 17:5:58] !emotespells on
[17/2/2022 17:6:54] !emotespells on
[17/2/2022 17:7:50] !emotespells on
[17/2/2022 17:8:46] !emotespells on
[17/2/2022 22:44:23] !go
[17/2/2022 23:49:39] !guildpoints
[18/2/2022 17:10:9] !guildpoints
[20/2/2022 20:21:56] !guildpoints
[20/2/2022 23:10:17] !go
[21/2/2022 0:36:48] !emotespells on
