[10/12/2021 20:53:52] !rank level
[10/12/2021 23:6:46] !rank level
[10/12/2021 23:33:35] !online
[11/12/2021 0:30:40] !rank level
[11/12/2021 7:17:28] !rank level
[11/12/2021 7:46:42] !rank
[11/12/2021 7:46:50] !rank level
[11/12/2021 20:1:35] !buyhouse
[11/12/2021 20:44:20] !online
[12/12/2021 0:41:28] !rank level
[12/12/2021 12:24:7] !rank level
[13/12/2021 20:57:25] !online
[15/12/2021 0:8:23] !guildpoints
[15/12/2021 21:8:1] !go
[15/12/2021 21:21:17] !go
[15/12/2021 22:52:5] !guildpoints
[15/12/2021 23:8:58] !go
[16/12/2021 8:0:41] !go
[23/12/2021 1:1:42] !eject
[23/12/2021 1:1:49] !eject
[23/12/2021 1:2:11] !eject
[24/12/2021 19:15:57] aleta sio
[24/12/2021 19:16:3] aleta som
[24/12/2021 19:16:53] !protecthouse off
[24/12/2021 19:19:25] aleta som
[25/12/2021 9:12:45] !rank level
[25/12/2021 13:42:34] !rank sword
[25/12/2021 13:42:59] !rank level
[25/12/2021 22:18:47] !rank sword
[25/12/2021 22:19:12] !rank level
[26/12/2021 8:10:15] !rank level
[2/1/2022 21:23:0] !online
[2/1/2022 21:26:28] !rank level
[7/1/2022 0:1:50] !online
[8/1/2022 20:47:42] !online
[10/2/2022 20:33:57] !aol
[11/2/2022 0:0:13] !online
[11/2/2022 0:4:44] !online
[11/2/2022 8:4:10] !online
[11/2/2022 21:55:24] !online
[11/2/2022 23:12:6] !buyhouse
[19/2/2022 15:37:7] !emotespells off
[19/2/2022 15:37:10] !emotespells on
[20/2/2022 21:51:5] !rank level
[26/2/2022 8:47:3] !online
[27/2/2022 12:56:32] !buyhouse
[27/2/2022 12:57:50] !eject
[28/2/2022 19:37:52] !addon oriental
[11/3/2022 13:20:15] !buyhouse
[11/3/2022 13:20:19] aleta som
[11/3/2022 13:20:32] !protecthouse off
[11/3/2022 13:20:40] !protecthouse off
[11/3/2022 13:20:55] aleta som
