[10/12/2021 20:49:55] !emotespells on
[10/12/2021 23:33:7] !aol
[11/12/2021 0:18:50] !guildpoints
[11/12/2021 12:20:27] !rank distance
[11/12/2021 12:20:37] !rank level
[11/12/2021 17:20:48] !eject
[12/12/2021 10:14:20] !eject
[12/12/2021 10:14:23] !eject
[12/12/2021 10:14:25] !eject
[12/12/2021 10:14:29] !eject
[12/12/2021 10:14:34] !eject
[12/12/2021 15:58:30] !eject
[12/12/2021 15:58:38] !eject
[12/12/2021 16:0:0] !buyhouse
[12/12/2021 16:0:10] aleta som
[12/12/2021 22:39:16] !aol
[13/12/2021 20:28:48] !protecthouse off
[13/12/2021 20:29:17] aleta som
[16/12/2021 20:39:13] !eject
[16/12/2021 20:39:17] !eject
[16/12/2021 20:46:26] !eject
[16/12/2021 20:48:59] !online
