[31/5/2022 19:40:7] !online
[31/5/2022 20:32:29] !emotespells
[31/5/2022 20:32:39] !emotespells off
[31/5/2022 20:32:45] !emotespells on
[31/5/2022 20:37:23] !online
[31/5/2022 20:59:48] !online
[31/5/2022 21:59:59] !aol
[31/5/2022 22:29:29] !online
[31/5/2022 22:34:35] !online
[1/6/2022 13:9:58] !online
[1/6/2022 20:44:44] !online
[2/6/2022 2:27:30] !online
[2/6/2022 22:2:0] !frags
[3/6/2022 15:50:15] 
[3/6/2022 15:50:18] 
[3/6/2022 15:50:20] 
[3/6/2022 15:50:22] 
[3/6/2022 15:50:24] 
[3/6/2022 15:50:28] 
[3/6/2022 15:50:30] 
[3/6/2022 15:50:32] 
[3/6/2022 15:50:34] 
[3/6/2022 15:50:37] 
[3/6/2022 15:50:39] 
[3/6/2022 15:50:41] 
[3/6/2022 15:50:44] 
[3/6/2022 15:50:46] 
[3/6/2022 15:50:48] 
[3/6/2022 15:50:50] 
[3/6/2022 15:50:53] 
[3/6/2022 15:50:55] 
[3/6/2022 15:50:57] 
[3/6/2022 15:51:2] 
[3/6/2022 15:51:4] 
[3/6/2022 15:51:12] 
[3/6/2022 15:51:15] 
[3/6/2022 15:51:17] 
[3/6/2022 15:51:22] 
[3/6/2022 15:51:24] 
[3/6/2022 15:51:26] 
[3/6/2022 15:51:29] 
[3/6/2022 15:51:31] 
[3/6/2022 15:51:33] 
[3/6/2022 15:51:38] 
[3/6/2022 15:51:40] 
[3/6/2022 15:51:42] 
[3/6/2022 15:51:45] 
[3/6/2022 15:51:47] 
[3/6/2022 15:51:52] 
[3/6/2022 15:51:54] 
[3/6/2022 15:51:57] 
[3/6/2022 15:51:59] 
[3/6/2022 15:52:1] 
[3/6/2022 15:52:3] 
[3/6/2022 15:52:5] 
[3/6/2022 15:52:8] 
[3/6/2022 15:52:10] 
[3/6/2022 15:52:12] 
[3/6/2022 15:52:19] 
[3/6/2022 15:52:23] 
[3/6/2022 15:52:25] 
[3/6/2022 15:52:27] 
[3/6/2022 15:52:29] 
[3/6/2022 15:52:32] 
[3/6/2022 15:53:6] 
[3/6/2022 15:53:8] 
[3/6/2022 15:53:10] 
[3/6/2022 15:53:15] 
[3/6/2022 15:53:17] 
[3/6/2022 15:53:19] 
[3/6/2022 15:53:24] 
[3/6/2022 15:53:28] 
[3/6/2022 15:53:30] 
[3/6/2022 15:53:32] 
[3/6/2022 15:53:34] 
[3/6/2022 15:53:38] 
[3/6/2022 15:53:40] 
[3/6/2022 15:53:44] 
[3/6/2022 15:53:46] 
[3/6/2022 15:53:49] 
[3/6/2022 15:53:51] 
[3/6/2022 15:53:53] 
[3/6/2022 15:54:1] 
[3/6/2022 15:54:4] 
[3/6/2022 15:54:6] 
[3/6/2022 15:54:12] 
[3/6/2022 15:54:14] 
[3/6/2022 15:54:26] 
[3/6/2022 15:54:28] 
[3/6/2022 15:54:30] 
[3/6/2022 15:54:33] 
[3/6/2022 15:54:38] 
[3/6/2022 15:54:40] 
[3/6/2022 15:54:43] 
[3/6/2022 15:54:45] 
[3/6/2022 15:54:47] 
[3/6/2022 15:54:50] 
[3/6/2022 15:54:52] 
[3/6/2022 15:54:56] 
[3/6/2022 15:54:58] 
[3/6/2022 15:55:0] 
[3/6/2022 15:55:3] 
[3/6/2022 15:55:5] 
[3/6/2022 15:55:8] 
[3/6/2022 15:55:10] 
[3/6/2022 15:55:12] 
[3/6/2022 15:55:17] 
[3/6/2022 15:55:19] 
[3/6/2022 15:55:21] 
[3/6/2022 15:55:23] 
[3/6/2022 15:55:26] 
[3/6/2022 15:55:28] 
[3/6/2022 15:55:30] 
[3/6/2022 15:55:32] 
[3/6/2022 15:55:34] 
[3/6/2022 15:55:37] 
[3/6/2022 15:55:42] 
[3/6/2022 15:55:44] 
[3/6/2022 15:55:47] 
[3/6/2022 15:55:49] 
[3/6/2022 15:55:51] 
[3/6/2022 15:55:53] 
[3/6/2022 15:55:55] 
[3/6/2022 15:56:1] 
[3/6/2022 15:56:3] 
[3/6/2022 15:56:6] 
[3/6/2022 15:56:8] 
[3/6/2022 15:56:10] 
[3/6/2022 15:56:12] 
[3/6/2022 15:56:14] 
[3/6/2022 15:56:20] 
[3/6/2022 15:56:24] 
[3/6/2022 15:56:27] 
[3/6/2022 15:56:29] 
[3/6/2022 15:56:31] 
[3/6/2022 15:56:34] 
[3/6/2022 15:56:36] 
[3/6/2022 15:56:39] 
[3/6/2022 15:56:41] 
[3/6/2022 15:56:46] 
[3/6/2022 15:56:48] 
[3/6/2022 15:56:51] 
[3/6/2022 15:56:53] 
[3/6/2022 15:57:8] 
[3/6/2022 15:57:11] 
[3/6/2022 15:57:13] 
[3/6/2022 15:57:15] 
[3/6/2022 15:57:17] 
[3/6/2022 15:57:19] 
[3/6/2022 15:57:22] 
[3/6/2022 15:57:24] 
[3/6/2022 15:57:29] 
[3/6/2022 15:57:31] 
[3/6/2022 15:57:33] 
[3/6/2022 15:57:35] 
[3/6/2022 15:57:38] 
[3/6/2022 15:57:40] 
[3/6/2022 15:57:44] 
[3/6/2022 15:57:46] 
[3/6/2022 15:57:50] 
[3/6/2022 15:57:53] 
[3/6/2022 15:57:55] 
[3/6/2022 15:57:57] 
[3/6/2022 15:57:59] 
[3/6/2022 15:58:1] 
[3/6/2022 15:58:5] 
[3/6/2022 15:58:7] 
[3/6/2022 15:58:9] 
[3/6/2022 15:58:15] 
[3/6/2022 15:58:18] 
[3/6/2022 15:58:22] 
[3/6/2022 15:58:24] 
[3/6/2022 15:58:27] 
[3/6/2022 15:58:33] 
[3/6/2022 15:58:35] 
[3/6/2022 15:58:44] 
[3/6/2022 15:58:46] 
[3/6/2022 15:58:49] 
[3/6/2022 15:58:51] 
[3/6/2022 15:58:54] 
[3/6/2022 15:58:56] 
[3/6/2022 15:58:58] 
[3/6/2022 15:59:2] 
[3/6/2022 15:59:4] 
[3/6/2022 15:59:6] 
[3/6/2022 15:59:11] 
[3/6/2022 15:59:13] 
[3/6/2022 15:59:15] 
[3/6/2022 15:59:17] 
[3/6/2022 15:59:19] 
[3/6/2022 15:59:23] 
[3/6/2022 15:59:26] 
[3/6/2022 15:59:28] 
[3/6/2022 15:59:33] 
[3/6/2022 15:59:35] 
[3/6/2022 15:59:37] 
[3/6/2022 15:59:40] 
[3/6/2022 15:59:42] 
[3/6/2022 15:59:49] 
[3/6/2022 15:59:51] 
[3/6/2022 15:59:53] 
[3/6/2022 15:59:58] 
[3/6/2022 16:0:0] 
[3/6/2022 16:0:2] 
[3/6/2022 16:0:4] 
[3/6/2022 16:0:6] 
[3/6/2022 16:0:9] 
[3/6/2022 16:0:11] 
[3/6/2022 16:0:56] 
[3/6/2022 16:1:0] 
[3/6/2022 16:1:2] 
[3/6/2022 16:1:15] 
[3/6/2022 16:1:17] 
[3/6/2022 16:1:19] 
[3/6/2022 16:1:21] 
[3/6/2022 16:1:23] 
[3/6/2022 16:1:26] 
[3/6/2022 16:1:28] 
[3/6/2022 16:1:31] 
[3/6/2022 16:1:34] 
[3/6/2022 16:1:37] 
[3/6/2022 16:1:39] 
[3/6/2022 16:1:41] 
[3/6/2022 16:1:43] 
[3/6/2022 16:1:45] 
[3/6/2022 16:1:48] 
[3/6/2022 16:2:14] 
[3/6/2022 16:2:17] 
[3/6/2022 16:2:19] 
[3/6/2022 16:2:21] 
[3/6/2022 16:2:23] 
[3/6/2022 16:2:25] 
[3/6/2022 16:2:28] 
[3/6/2022 16:2:30] 
[3/6/2022 16:2:32] 
[3/6/2022 16:2:34] 
[3/6/2022 16:7:35] 
[3/6/2022 16:7:37] 
[3/6/2022 16:7:39] 
[3/6/2022 16:7:42] 
[3/6/2022 16:7:46] 
[3/6/2022 16:7:48] 
[3/6/2022 16:7:50] 
[3/6/2022 16:7:53] 
[3/6/2022 16:7:55] 
[3/6/2022 16:7:57] 
[3/6/2022 16:7:59] 
[3/6/2022 16:8:2] 
[3/6/2022 16:8:19] 
[3/6/2022 16:8:22] 
[3/6/2022 16:8:26] 
[3/6/2022 16:8:28] 
[3/6/2022 16:8:30] 
[3/6/2022 16:8:36] 
[3/6/2022 16:8:38] 
[3/6/2022 16:8:41] 
[3/6/2022 16:8:43] 
[3/6/2022 16:8:45] 
[3/6/2022 16:8:47] 
[3/6/2022 16:8:49] 
[3/6/2022 16:8:53] 
[3/6/2022 16:8:55] 
[3/6/2022 16:8:57] 
[3/6/2022 16:9:0] 
[3/6/2022 16:9:2] 
[3/6/2022 16:9:4] 
[3/6/2022 16:9:6] 
[3/6/2022 16:9:9] 
[3/6/2022 16:9:11] 
[3/6/2022 16:9:13] 
[3/6/2022 16:9:15] 
[3/6/2022 16:9:18] 
[3/6/2022 16:9:20] 
[3/6/2022 16:9:24] 
[3/6/2022 16:9:26] 
[3/6/2022 16:9:28] 
[3/6/2022 16:9:34] 
[3/6/2022 16:9:37] 
[3/6/2022 16:9:39] 
[3/6/2022 16:9:41] 
[3/6/2022 16:9:43] 
[3/6/2022 16:9:45] 
[3/6/2022 16:9:49] 
[3/6/2022 16:9:52] 
[3/6/2022 16:9:54] 
[3/6/2022 16:9:56] 
[3/6/2022 16:9:58] 
[3/6/2022 16:10:0] 
[3/6/2022 16:10:3] 
[3/6/2022 16:10:5] 
[3/6/2022 16:10:7] 
[3/6/2022 16:10:9] 
[3/6/2022 16:10:11] 
[3/6/2022 16:10:14] 
[3/6/2022 16:10:16] 
[3/6/2022 16:10:18] 
[3/6/2022 16:10:23] 
[3/6/2022 16:10:25] 
[3/6/2022 16:10:28] 
[3/6/2022 16:10:30] 
[3/6/2022 16:10:32] 
[3/6/2022 16:10:35] 
[3/6/2022 16:10:37] 
[3/6/2022 16:10:39] 
[3/6/2022 16:10:41] 
[3/6/2022 16:10:43] 
[3/6/2022 16:10:45] 
[3/6/2022 16:10:48] 
[3/6/2022 16:10:50] 
[3/6/2022 16:10:52] 
[3/6/2022 16:10:56] 
[3/6/2022 16:10:59] 
[3/6/2022 16:11:1] 
[3/6/2022 16:11:3] 
[3/6/2022 16:11:5] 
[3/6/2022 16:11:8] 
[3/6/2022 16:11:10] 
[3/6/2022 16:11:16] 
[3/6/2022 16:11:18] 
[3/6/2022 16:11:21] 
[3/6/2022 16:11:23] 
[3/6/2022 16:11:25] 
[3/6/2022 16:11:27] 
[3/6/2022 16:11:29] 
[3/6/2022 16:11:32] 
[3/6/2022 16:11:34] 
[3/6/2022 16:11:36] 
[3/6/2022 16:11:38] 
[3/6/2022 16:11:40] 
[3/6/2022 16:11:43] 
[3/6/2022 16:11:45] 
[3/6/2022 16:11:47] 
[3/6/2022 16:11:49] 
[3/6/2022 16:11:52] 
[3/6/2022 16:11:54] 
[3/6/2022 16:12:11] 
[3/6/2022 16:12:13] 
[3/6/2022 16:12:15] 
[3/6/2022 16:12:18] 
[3/6/2022 16:12:20] 
[3/6/2022 16:12:22] 
[3/6/2022 16:12:27] 
[3/6/2022 16:12:29] 
[3/6/2022 16:12:31] 
[3/6/2022 16:12:33] 
[3/6/2022 16:12:35] 
[3/6/2022 16:12:37] 
[3/6/2022 16:12:43] 
[3/6/2022 16:12:45] 
[3/6/2022 16:12:48] 
[3/6/2022 16:12:50] 
[3/6/2022 16:12:52] 
[3/6/2022 16:12:54] 
[3/6/2022 16:12:56] 
[3/6/2022 16:12:59] 
[3/6/2022 16:13:1] 
[3/6/2022 16:13:3] 
[3/6/2022 16:13:7] 
[3/6/2022 16:13:15] 
[3/6/2022 16:13:18] 
[3/6/2022 16:13:20] 
[3/6/2022 16:13:22] 
[3/6/2022 16:13:24] 
[3/6/2022 16:13:27] 
[3/6/2022 16:13:29] 
[3/6/2022 16:13:31] 
[3/6/2022 16:13:33] 
[3/6/2022 16:13:35] 
[3/6/2022 16:13:38] 
[3/6/2022 16:13:40] 
[3/6/2022 16:13:42] 
[3/6/2022 16:13:44] 
[3/6/2022 16:13:46] 
[3/6/2022 16:13:48] 
[3/6/2022 16:13:53] 
[3/6/2022 16:13:57] 
[3/6/2022 16:13:59] 
[3/6/2022 16:14:2] 
[3/6/2022 16:14:4] 
[3/6/2022 16:14:6] 
[3/6/2022 16:14:8] 
[3/6/2022 16:14:10] 
[3/6/2022 16:14:13] 
[3/6/2022 16:14:17] 
[3/6/2022 16:14:19] 
[3/6/2022 16:14:21] 
[3/6/2022 16:14:24] 
[3/6/2022 16:14:26] 
[3/6/2022 16:14:28] 
[3/6/2022 16:14:31] 
[3/6/2022 16:14:33] 
[3/6/2022 16:14:36] 
[3/6/2022 16:14:38] 
[3/6/2022 16:14:40] 
[3/6/2022 16:14:42] 
[3/6/2022 16:14:44] 
[3/6/2022 16:14:46] 
[3/6/2022 16:14:49] 
[3/6/2022 16:14:51] 
[3/6/2022 16:14:53] 
[3/6/2022 16:14:55] 
[3/6/2022 16:14:58] 
[3/6/2022 16:15:15] 
[3/6/2022 16:15:17] 
[3/6/2022 16:15:19] 
[3/6/2022 16:15:21] 
[3/6/2022 16:15:23] 
[3/6/2022 16:15:26] 
[3/6/2022 16:15:28] 
[3/6/2022 16:15:30] 
[3/6/2022 16:15:36] 
[3/6/2022 16:15:38] 
[3/6/2022 16:15:41] 
[3/6/2022 16:15:43] 
[3/6/2022 16:15:47] 
[3/6/2022 16:15:49] 
[3/6/2022 16:15:52] 
[3/6/2022 16:15:54] 
[3/6/2022 16:15:56] 
[3/6/2022 16:15:58] 
[3/6/2022 16:16:0] 
[3/6/2022 16:16:3] 
[3/6/2022 16:16:10] 
[3/6/2022 16:16:12] 
[3/6/2022 16:16:14] 
[3/6/2022 16:16:16] 
[3/6/2022 16:16:18] 
[3/6/2022 16:16:21] 
[3/6/2022 16:16:23] 
[3/6/2022 16:16:27] 
[3/6/2022 16:16:30] 
[3/6/2022 16:16:32] 
[3/6/2022 16:16:34] 
[3/6/2022 16:16:36] 
[3/6/2022 16:16:38] 
[3/6/2022 16:16:41] 
[3/6/2022 16:16:43] 
[3/6/2022 16:16:47] 
[3/6/2022 16:16:49] 
[3/6/2022 16:16:52] 
[3/6/2022 16:16:54] 
[3/6/2022 16:17:0] 
[3/6/2022 16:17:3] 
[3/6/2022 16:17:5] 
[3/6/2022 16:17:7] 
[3/6/2022 16:17:9] 
[3/6/2022 16:17:12] 
[3/6/2022 16:17:14] 
[3/6/2022 16:17:16] 
[3/6/2022 16:17:18] 
[3/6/2022 16:17:20] 
[3/6/2022 16:17:22] 
[3/6/2022 16:17:25] 
[3/6/2022 16:17:27] 
[3/6/2022 16:17:29] 
[3/6/2022 16:17:31] 
[3/6/2022 16:17:34] 
[3/6/2022 16:17:36] 
[3/6/2022 16:17:38] 
[3/6/2022 16:17:40] 
[3/6/2022 16:17:42] 
[3/6/2022 16:17:50] 
[3/6/2022 16:17:52] 
[3/6/2022 16:17:54] 
[3/6/2022 16:17:56] 
[3/6/2022 16:17:58] 
[3/6/2022 16:18:1] 
[3/6/2022 16:18:3] 
[3/6/2022 16:18:7] 
[3/6/2022 16:18:9] 
[3/6/2022 16:18:12] 
[3/6/2022 16:18:14] 
[3/6/2022 16:18:16] 
[3/6/2022 16:18:18] 
[3/6/2022 16:18:20] 
[3/6/2022 16:18:23] 
[3/6/2022 16:18:27] 
[3/6/2022 16:18:29] 
[3/6/2022 16:18:32] 
[3/6/2022 16:18:34] 
[3/6/2022 16:18:36] 
[3/6/2022 16:18:39] 
[3/6/2022 16:18:41] 
[3/6/2022 16:18:43] 
[3/6/2022 16:18:45] 
[3/6/2022 16:18:47] 
[3/6/2022 16:18:49] 
[3/6/2022 16:18:52] 
[3/6/2022 16:18:54] 
[3/6/2022 16:18:57] 
[3/6/2022 16:19:0] 
[3/6/2022 16:19:2] 
[3/6/2022 16:19:4] 
[3/6/2022 16:19:6] 
[3/6/2022 16:19:8] 
[3/6/2022 16:19:11] 
[3/6/2022 16:19:13] 
[3/6/2022 16:19:15] 
[3/6/2022 16:19:17] 
[3/6/2022 16:19:20] 
[3/6/2022 16:19:22] 
[3/6/2022 16:19:24] 
[3/6/2022 16:19:26] 
[3/6/2022 16:19:28] 
[3/6/2022 16:19:31] 
[3/6/2022 16:19:33] 
[3/6/2022 16:19:36] 
[3/6/2022 16:19:38] 
[3/6/2022 16:19:40] 
[3/6/2022 16:19:42] 
[3/6/2022 16:19:45] 
[3/6/2022 16:19:47] 
[3/6/2022 16:19:49] 
[3/6/2022 16:19:51] 
[3/6/2022 16:19:54] 
[3/6/2022 16:19:56] 
[3/6/2022 16:19:58] 
[3/6/2022 16:20:0] 
[3/6/2022 16:20:2] 
[3/6/2022 16:20:5] 
[3/6/2022 16:20:7] 
[3/6/2022 16:20:9] 
[3/6/2022 16:20:13] 
[3/6/2022 16:20:15] 
[3/6/2022 16:20:17] 
[3/6/2022 16:20:20] 
[3/6/2022 16:20:22] 
[3/6/2022 16:20:24] 
[3/6/2022 16:20:26] 
[3/6/2022 16:20:28] 
[3/6/2022 16:20:31] 
[3/6/2022 16:20:33] 
[3/6/2022 16:20:36] 
[3/6/2022 16:20:38] 
[3/6/2022 16:20:40] 
[3/6/2022 16:20:43] 
[3/6/2022 16:20:45] 
[3/6/2022 16:20:47] 
[3/6/2022 16:20:49] 
[3/6/2022 16:20:52] 
[3/6/2022 16:20:54] 
[3/6/2022 16:20:58] 
[3/6/2022 16:21:0] 
[3/6/2022 16:21:3] 
[3/6/2022 16:21:5] 
[3/6/2022 16:21:11] 
[3/6/2022 16:21:14] 
[3/6/2022 16:21:18] 
[3/6/2022 16:21:20] 
[3/6/2022 16:21:22] 
[3/6/2022 16:21:25] 
[3/6/2022 16:21:27] 
[3/6/2022 16:21:29] 
[3/6/2022 16:21:31] 
[3/6/2022 16:21:34] 
[3/6/2022 16:21:37] 
[3/6/2022 16:21:40] 
[3/6/2022 16:21:42] 
[3/6/2022 16:21:44] 
[3/6/2022 16:21:46] 
[3/6/2022 16:21:48] 
[3/6/2022 16:21:51] 
[3/6/2022 16:21:53] 
[3/6/2022 16:21:55] 
[3/6/2022 16:21:57] 
[3/6/2022 16:22:2] 
[3/6/2022 16:22:4] 
[3/6/2022 16:22:8] 
[3/6/2022 16:22:11] 
[3/6/2022 16:22:13] 
[3/6/2022 16:22:15] 
[3/6/2022 16:22:17] 
[3/6/2022 16:22:19] 
[3/6/2022 16:22:26] 
[3/6/2022 16:22:28] 
[3/6/2022 16:22:31] 
[3/6/2022 16:22:33] 
[3/6/2022 16:22:35] 
[3/6/2022 16:22:37] 
[3/6/2022 16:22:39] 
[3/6/2022 16:22:42] 
[3/6/2022 16:22:44] 
[3/6/2022 16:22:46] 
[3/6/2022 16:22:49] 
[3/6/2022 16:22:51] 
[3/6/2022 16:22:53] 
[3/6/2022 16:22:55] 
[3/6/2022 16:22:58] 
[3/6/2022 16:23:0] 
[3/6/2022 16:23:2] 
[3/6/2022 16:23:4] 
[3/6/2022 16:23:8] 
[3/6/2022 16:23:11] 
[3/6/2022 16:23:13] 
[3/6/2022 16:23:15] 
[3/6/2022 16:23:20] 
[3/6/2022 16:23:22] 
[3/6/2022 16:23:24] 
[3/6/2022 16:23:26] 
[3/6/2022 16:23:28] 
[3/6/2022 16:23:34] 
[3/6/2022 16:23:38] 
[3/6/2022 16:23:43] 
[3/6/2022 16:23:45] 
[3/6/2022 16:23:47] 
[3/6/2022 16:23:49] 
[3/6/2022 16:23:52] 
[3/6/2022 16:23:54] 
[3/6/2022 16:23:56] 
[3/6/2022 16:23:58] 
[3/6/2022 16:24:0] 
[3/6/2022 16:24:3] 
[3/6/2022 16:24:5] 
[3/6/2022 16:24:7] 
[3/6/2022 16:24:9] 
[3/6/2022 16:24:11] 
[3/6/2022 16:24:43] 
[3/6/2022 16:24:47] 
[3/6/2022 16:24:50] 
[3/6/2022 16:24:52] 
[3/6/2022 16:24:54] 
[3/6/2022 16:24:56] 
[3/6/2022 16:25:4] 
[3/6/2022 16:25:9] 
[3/6/2022 16:25:11] 
[3/6/2022 16:25:13] 
[3/6/2022 16:25:15] 
[3/6/2022 16:25:18] 
[3/6/2022 16:25:20] 
[3/6/2022 16:25:22] 
[3/6/2022 16:25:25] 
[3/6/2022 16:25:29] 
[3/6/2022 16:25:31] 
[3/6/2022 16:25:33] 
[3/6/2022 16:25:35] 
[3/6/2022 16:25:37] 
[3/6/2022 16:25:40] 
[3/6/2022 16:25:42] 
[3/6/2022 16:25:44] 
[3/6/2022 16:25:46] 
[3/6/2022 16:25:48] 
[3/6/2022 16:25:51] 
[3/6/2022 16:25:53] 
[3/6/2022 16:25:55] 
[3/6/2022 16:25:57] 
[3/6/2022 16:25:59] 
[3/6/2022 16:26:2] 
[3/6/2022 16:26:4] 
[3/6/2022 16:26:6] 
[3/6/2022 16:26:8] 
[3/6/2022 16:26:10] 
[3/6/2022 16:26:13] 
[3/6/2022 16:26:15] 
[3/6/2022 16:26:17] 
[3/6/2022 16:26:40] 
[3/6/2022 16:26:42] 
[3/6/2022 16:26:44] 
[3/6/2022 16:26:46] 
[3/6/2022 16:26:48] 
[3/6/2022 16:26:50] 
[3/6/2022 16:26:53] 
[3/6/2022 16:26:55] 
[3/6/2022 16:27:0] 
[3/6/2022 16:27:2] 
[3/6/2022 16:27:5] 
[3/6/2022 16:27:9] 
[3/6/2022 16:27:11] 
[3/6/2022 16:27:13] 
[3/6/2022 16:27:16] 
[3/6/2022 16:27:20] 
[3/6/2022 16:27:22] 
[3/6/2022 16:27:24] 
[3/6/2022 16:27:27] 
[3/6/2022 16:27:29] 
[3/6/2022 16:27:33] 
[3/6/2022 16:27:35] 
[3/6/2022 16:27:38] 
[3/6/2022 16:27:40] 
[3/6/2022 16:27:42] 
[3/6/2022 16:27:44] 
[3/6/2022 16:27:46] 
[3/6/2022 16:27:49] 
[3/6/2022 16:27:54] 
[3/6/2022 16:27:57] 
[3/6/2022 16:27:59] 
[3/6/2022 16:28:1] 
[3/6/2022 16:28:3] 
[3/6/2022 16:28:5] 
[3/6/2022 16:28:8] 
[3/6/2022 16:28:10] 
[3/6/2022 16:28:12] 
[3/6/2022 16:28:14] 
[3/6/2022 16:28:17] 
[3/6/2022 16:28:19] 
[3/6/2022 16:28:24] 
[3/6/2022 16:28:26] 
[3/6/2022 16:28:28] 
[3/6/2022 16:28:31] 
[3/6/2022 16:28:33] 
[3/6/2022 16:28:35] 
[3/6/2022 16:28:37] 
[3/6/2022 16:28:39] 
[3/6/2022 16:28:42] 
[3/6/2022 16:28:44] 
[3/6/2022 16:28:47] 
[3/6/2022 16:28:49] 
[3/6/2022 16:28:52] 
[3/6/2022 16:28:54] 
[3/6/2022 16:28:56] 
[3/6/2022 16:28:58] 
[3/6/2022 16:29:0] 
[3/6/2022 16:29:3] 
[3/6/2022 16:29:5] 
[3/6/2022 16:29:9] 
[3/6/2022 16:29:11] 
[3/6/2022 16:29:14] 
[3/6/2022 16:29:16] 
[3/6/2022 16:29:18] 
[3/6/2022 16:29:20] 
[3/6/2022 16:29:22] 
[3/6/2022 16:29:25] 
[3/6/2022 16:29:27] 
[3/6/2022 16:29:33] 
[3/6/2022 16:29:35] 
[3/6/2022 16:29:37] 
[3/6/2022 16:29:39] 
[3/6/2022 16:29:41] 
[3/6/2022 16:29:43] 
[3/6/2022 16:29:46] 
[3/6/2022 16:29:48] 
[3/6/2022 16:29:52] 
[3/6/2022 16:29:55] 
[3/6/2022 16:29:57] 
[3/6/2022 16:29:59] 
[3/6/2022 16:30:1] 
[3/6/2022 16:30:3] 
[3/6/2022 16:30:6] 
[3/6/2022 16:30:8] 
[3/6/2022 16:30:10] 
[3/6/2022 16:30:12] 
[3/6/2022 16:30:14] 
[3/6/2022 16:30:17] 
[3/6/2022 16:30:19] 
[3/6/2022 16:30:21] 
[3/6/2022 16:30:23] 
[3/6/2022 16:30:26] 
[3/6/2022 16:30:30] 
[3/6/2022 16:30:32] 
[3/6/2022 16:30:34] 
[3/6/2022 16:30:40] 
[3/6/2022 16:30:43] 
[3/6/2022 16:30:45] 
[3/6/2022 16:30:47] 
[3/6/2022 16:30:49] 
[3/6/2022 16:30:51] 
[3/6/2022 16:30:54] 
[3/6/2022 16:30:56] 
[3/6/2022 16:30:58] 
[3/6/2022 16:31:12] 
[3/6/2022 16:31:14] 
[3/6/2022 16:31:17] 
[3/6/2022 16:31:19] 
[3/6/2022 16:31:21] 
[3/6/2022 16:31:23] 
[3/6/2022 16:31:26] 
[3/6/2022 16:31:30] 
[3/6/2022 16:31:32] 
[3/6/2022 16:31:36] 
[3/6/2022 16:31:38] 
[3/6/2022 16:31:41] 
[3/6/2022 16:31:43] 
[3/6/2022 16:31:45] 
[3/6/2022 16:31:47] 
[3/6/2022 16:31:49] 
[3/6/2022 16:31:52] 
[3/6/2022 16:31:54] 
[3/6/2022 16:31:56] 
[3/6/2022 16:31:58] 
[3/6/2022 16:32:1] 
[3/6/2022 16:32:3] 
[3/6/2022 16:32:5] 
[3/6/2022 16:32:7] 
[3/6/2022 16:32:9] 
[3/6/2022 16:32:11] 
[3/6/2022 16:32:14] 
[3/6/2022 16:32:16] 
[3/6/2022 16:32:18] 
[3/6/2022 16:32:26] 
[3/6/2022 16:32:30] 
[3/6/2022 16:32:32] 
[3/6/2022 16:32:34] 
[3/6/2022 16:32:37] 
[3/6/2022 16:32:39] 
[3/6/2022 16:32:41] 
[3/6/2022 16:32:43] 
[3/6/2022 16:32:46] 
[3/6/2022 16:32:50] 
[3/6/2022 16:32:52] 
[3/6/2022 16:32:54] 
[3/6/2022 16:32:57] 
[3/6/2022 16:32:59] 
[3/6/2022 16:33:2] 
[3/6/2022 16:33:4] 
[3/6/2022 16:33:6] 
[3/6/2022 16:33:9] 
[3/6/2022 16:33:11] 
[3/6/2022 16:33:13] 
[3/6/2022 16:33:15] 
[3/6/2022 16:33:21] 
[3/6/2022 16:33:23] 
[3/6/2022 16:33:25] 
[3/6/2022 16:33:28] 
[3/6/2022 16:33:30] 
[3/6/2022 16:33:32] 
[3/6/2022 16:33:34] 
[3/6/2022 16:33:47] 
[3/6/2022 16:33:49] 
[3/6/2022 16:33:52] 
[3/6/2022 16:33:54] 
[3/6/2022 16:33:56] 
[3/6/2022 16:34:0] 
[3/6/2022 16:34:3] 
[3/6/2022 16:34:5] 
[3/6/2022 16:34:7] 
[3/6/2022 16:34:9] 
[3/6/2022 16:34:14] 
[3/6/2022 16:34:17] 
[3/6/2022 16:34:19] 
[3/6/2022 16:34:21] 
[3/6/2022 16:34:23] 
[3/6/2022 16:34:26] 
[3/6/2022 16:34:28] 
[3/6/2022 16:34:30] 
[3/6/2022 16:34:32] 
[3/6/2022 16:34:34] 
[3/6/2022 16:34:36] 
[3/6/2022 16:34:39] 
[3/6/2022 16:34:41] 
[3/6/2022 16:34:43] 
[3/6/2022 16:34:45] 
[3/6/2022 16:34:47] 
[3/6/2022 16:34:50] 
[3/6/2022 16:34:52] 
[3/6/2022 16:34:54] 
[3/6/2022 16:34:56] 
[3/6/2022 16:34:59] 
[3/6/2022 16:35:1] 
[3/6/2022 16:35:3] 
[3/6/2022 16:35:5] 
[3/6/2022 16:35:7] 
[3/6/2022 16:35:10] 
[3/6/2022 16:35:12] 
[3/6/2022 16:35:14] 
[3/6/2022 16:35:16] 
[3/6/2022 16:35:25] 
[3/6/2022 16:35:27] 
[3/6/2022 16:35:29] 
[3/6/2022 16:35:32] 
[3/6/2022 16:35:34] 
[3/6/2022 16:35:36] 
[3/6/2022 16:35:38] 
[3/6/2022 16:35:41] 
[3/6/2022 16:35:43] 
[3/6/2022 16:35:45] 
[3/6/2022 16:35:47] 
[3/6/2022 16:35:49] 
[3/6/2022 16:35:52] 
[3/6/2022 16:35:54] 
[3/6/2022 16:35:56] 
[3/6/2022 16:36:0] 
[3/6/2022 16:36:2] 
[3/6/2022 16:36:5] 
[3/6/2022 16:36:7] 
[3/6/2022 16:36:9] 
[3/6/2022 16:36:15] 
[3/6/2022 16:36:18] 
[3/6/2022 16:36:20] 
[3/6/2022 16:36:22] 
[3/6/2022 16:36:24] 
[3/6/2022 16:36:27] 
[3/6/2022 16:36:32] 
[3/6/2022 16:36:34] 
[3/6/2022 16:36:37] 
[3/6/2022 16:36:39] 
[3/6/2022 16:36:41] 
[3/6/2022 16:36:43] 
[3/6/2022 16:36:46] 
[3/6/2022 16:36:48] 
[3/6/2022 16:36:50] 
[3/6/2022 16:36:53] 
[3/6/2022 16:36:55] 
[3/6/2022 16:36:57] 
[3/6/2022 16:36:59] 
[3/6/2022 16:37:2] 
[3/6/2022 16:37:4] 
[3/6/2022 16:37:6] 
[3/6/2022 16:37:8] 
[3/6/2022 16:37:10] 
[3/6/2022 16:37:13] 
[3/6/2022 16:37:15] 
[3/6/2022 16:37:17] 
[3/6/2022 16:37:23] 
[3/6/2022 16:37:25] 
[3/6/2022 16:37:27] 
[3/6/2022 16:37:30] 
[3/6/2022 16:37:32] 
[3/6/2022 16:37:34] 
[3/6/2022 16:37:36] 
[3/6/2022 16:37:52] 
[3/6/2022 16:37:54] 
[3/6/2022 16:37:57] 
[3/6/2022 16:37:59] 
[3/6/2022 16:38:1] 
[3/6/2022 16:38:3] 
[3/6/2022 16:38:5] 
[3/6/2022 16:38:7] 
[3/6/2022 16:38:10] 
[3/6/2022 16:38:12] 
[3/6/2022 16:38:14] 
[3/6/2022 16:38:17] 
[3/6/2022 16:38:21] 
[3/6/2022 16:38:23] 
[3/6/2022 16:38:25] 
[3/6/2022 16:38:27] 
[3/6/2022 16:38:30] 
[3/6/2022 16:38:32] 
[3/6/2022 16:38:34] 
[3/6/2022 16:38:36] 
[3/6/2022 16:38:38] 
[3/6/2022 16:38:41] 
[3/6/2022 16:38:43] 
[3/6/2022 16:38:45] 
[3/6/2022 16:38:47] 
[3/6/2022 16:38:50] 
[3/6/2022 16:38:52] 
[3/6/2022 16:38:54] 
[3/6/2022 16:38:56] 
[3/6/2022 16:38:58] 
[3/6/2022 16:39:1] 
[3/6/2022 16:39:3] 
[3/6/2022 16:39:5] 
[3/6/2022 16:39:7] 
[3/6/2022 16:39:9] 
[3/6/2022 16:39:12] 
[3/6/2022 16:39:14] 
[3/6/2022 16:39:16] 
[3/6/2022 16:39:18] 
[3/6/2022 16:39:20] 
[3/6/2022 16:39:23] 
[3/6/2022 16:39:25] 
[3/6/2022 16:39:27] 
[3/6/2022 16:39:29] 
[3/6/2022 16:39:32] 
[3/6/2022 16:39:35] 
[3/6/2022 16:39:37] 
[3/6/2022 16:39:39] 
[3/6/2022 16:39:42] 
[3/6/2022 16:39:44] 
[3/6/2022 16:39:46] 
[3/6/2022 16:39:48] 
[3/6/2022 16:39:50] 
[3/6/2022 16:39:53] 
[3/6/2022 16:39:55] 
[3/6/2022 16:39:57] 
[3/6/2022 16:39:59] 
[3/6/2022 16:40:4] 
[3/6/2022 16:40:6] 
[3/6/2022 16:40:8] 
[3/6/2022 16:40:10] 
[3/6/2022 16:40:12] 
[3/6/2022 16:40:15] 
[3/6/2022 16:40:17] 
[3/6/2022 16:40:19] 
[3/6/2022 16:40:24] 
[3/6/2022 16:40:26] 
[3/6/2022 16:40:28] 
[3/6/2022 16:40:31] 
[3/6/2022 16:40:33] 
[3/6/2022 16:40:35] 
[3/6/2022 16:40:37] 
[3/6/2022 16:40:41] 
[3/6/2022 16:40:44] 
[3/6/2022 16:40:46] 
[3/6/2022 16:40:48] 
[3/6/2022 16:40:50] 
[3/6/2022 16:40:52] 
[3/6/2022 16:41:6] 
[3/6/2022 16:41:8] 
[3/6/2022 16:41:10] 
[3/6/2022 16:41:13] 
[3/6/2022 16:41:15] 
[3/6/2022 16:41:17] 
[3/6/2022 16:41:22] 
[3/6/2022 16:41:24] 
[3/6/2022 16:41:27] 
[3/6/2022 16:41:29] 
[3/6/2022 16:41:31] 
[3/6/2022 16:41:33] 
[3/6/2022 16:41:55] 
[3/6/2022 16:41:57] 
[3/6/2022 16:41:59] 
[3/6/2022 16:42:1] 
[3/6/2022 16:42:4] 
[3/6/2022 16:42:6] 
[3/6/2022 16:42:8] 
[3/6/2022 16:42:10] 
[3/6/2022 16:42:13] 
[3/6/2022 16:42:25] 
[3/6/2022 16:42:27] 
[3/6/2022 16:42:32] 
[3/6/2022 16:42:40] 
[3/6/2022 16:42:42] 
[3/6/2022 16:42:50] 
[3/6/2022 16:42:53] 
[3/6/2022 16:42:56] 
[3/6/2022 16:42:58] 
[3/6/2022 16:43:3] 
[3/6/2022 16:43:14] 
[3/6/2022 16:43:16] 
[3/6/2022 16:43:18] 
[3/6/2022 16:43:20] 
[3/6/2022 16:43:22] 
[3/6/2022 16:43:25] 
[3/6/2022 16:43:29] 
[3/6/2022 16:43:31] 
[3/6/2022 16:43:33] 
[3/6/2022 16:43:36] 
[3/6/2022 16:43:38] 
[3/6/2022 16:43:40] 
[3/6/2022 16:43:42] 
[3/6/2022 16:43:44] 
[3/6/2022 16:43:47] 
[3/6/2022 16:43:50] 
[3/6/2022 16:43:52] 
[3/6/2022 16:43:54] 
[3/6/2022 16:43:56] 
[3/6/2022 16:43:58] 
[3/6/2022 16:44:0] 
[3/6/2022 16:44:3] 
[3/6/2022 16:44:6] 
[3/6/2022 16:44:8] 
[3/6/2022 16:44:10] 
[3/6/2022 16:44:12] 
[3/6/2022 16:44:14] 
[3/6/2022 16:44:17] 
[3/6/2022 16:44:19] 
[3/6/2022 16:44:21] 
[3/6/2022 16:44:23] 
[3/6/2022 16:44:26] 
[3/6/2022 16:44:28] 
[3/6/2022 16:44:30] 
[3/6/2022 16:44:36] 
[3/6/2022 16:44:38] 
[3/6/2022 16:44:41] 
[3/6/2022 16:44:43] 
[3/6/2022 16:44:45] 
[3/6/2022 16:44:47] 
[3/6/2022 16:44:50] 
[3/6/2022 16:44:54] 
[3/6/2022 16:44:56] 
[3/6/2022 16:44:58] 
[3/6/2022 16:45:0] 
[3/6/2022 16:45:3] 
[3/6/2022 16:45:17] 
[3/6/2022 16:45:20] 
[3/6/2022 16:45:22] 
[3/6/2022 16:45:24] 
[3/6/2022 16:45:26] 
[3/6/2022 16:45:31] 
[3/6/2022 16:45:33] 
[3/6/2022 16:45:35] 
[3/6/2022 16:45:37] 
[3/6/2022 16:45:39] 
[3/6/2022 16:45:42] 
[3/6/2022 16:45:44] 
[3/6/2022 16:45:46] 
[3/6/2022 16:45:48] 
[3/6/2022 16:45:50] 
[3/6/2022 16:45:53] 
[3/6/2022 16:45:55] 
[3/6/2022 16:45:57] 
[3/6/2022 16:45:59] 
[3/6/2022 16:46:1] 
[3/6/2022 16:46:4] 
[3/6/2022 16:46:9] 
[3/6/2022 16:46:11] 
[3/6/2022 16:46:15] 
[3/6/2022 16:46:17] 
[3/6/2022 16:46:20] 
[3/6/2022 16:46:22] 
[3/6/2022 16:46:24] 
[3/6/2022 16:46:26] 
[3/6/2022 16:46:29] 
[3/6/2022 16:46:31] 
[3/6/2022 16:46:33] 
[3/6/2022 16:46:37] 
[3/6/2022 16:46:39] 
[3/6/2022 16:46:41] 
[3/6/2022 16:46:44] 
[3/6/2022 16:46:46] 
[3/6/2022 16:46:48] 
[3/6/2022 16:46:51] 
[3/6/2022 16:47:15] 
[3/6/2022 16:47:21] 
[3/6/2022 16:47:25] 
[3/6/2022 16:47:27] 
[3/6/2022 16:47:29] 
[3/6/2022 16:47:31] 
[3/6/2022 16:47:34] 
[3/6/2022 16:47:36] 
[3/6/2022 16:47:38] 
[3/6/2022 16:47:56] 
[3/6/2022 16:47:58] 
[3/6/2022 16:48:0] 
[3/6/2022 16:48:2] 
[3/6/2022 16:48:5] 
[3/6/2022 16:48:7] 
[3/6/2022 16:48:27] 
[3/6/2022 16:48:29] 
[3/6/2022 16:48:31] 
[3/6/2022 16:48:34] 
[3/6/2022 16:48:36] 
[3/6/2022 16:48:38] 
[3/6/2022 16:48:41] 
[3/6/2022 16:48:45] 
[3/6/2022 16:48:47] 
[3/6/2022 16:48:49] 
[3/6/2022 16:48:51] 
[3/6/2022 16:48:53] 
[3/6/2022 16:48:56] 
[3/6/2022 16:48:58] 
[3/6/2022 16:49:0] 
[3/6/2022 16:49:5] 
[3/6/2022 16:49:7] 
[3/6/2022 16:49:15] 
[3/6/2022 16:49:17] 
[3/6/2022 16:49:20] 
[3/6/2022 16:49:22] 
[3/6/2022 16:49:24] 
[3/6/2022 16:49:26] 
[3/6/2022 16:49:28] 
[3/6/2022 16:49:31] 
[3/6/2022 16:49:35] 
[3/6/2022 16:49:37] 
[3/6/2022 16:49:39] 
[3/6/2022 16:49:42] 
[3/6/2022 16:49:44] 
[3/6/2022 16:49:46] 
[3/6/2022 16:49:48] 
[3/6/2022 16:49:50] 
[3/6/2022 16:49:53] 
[3/6/2022 16:49:57] 
[3/6/2022 16:49:59] 
[3/6/2022 16:50:1] 
[3/6/2022 16:50:4] 
[3/6/2022 16:50:6] 
[3/6/2022 16:50:8] 
[3/6/2022 16:50:10] 
[3/6/2022 16:50:12] 
[3/6/2022 16:50:15] 
[3/6/2022 16:50:17] 
[3/6/2022 16:50:19] 
[3/6/2022 16:50:21] 
[3/6/2022 16:50:23] 
[3/6/2022 16:50:26] 
[3/6/2022 16:50:28] 
[3/6/2022 16:50:30] 
[3/6/2022 16:50:32] 
[3/6/2022 16:50:35] 
[3/6/2022 16:50:40] 
[3/6/2022 16:50:42] 
[3/6/2022 16:50:44] 
[3/6/2022 16:50:46] 
[3/6/2022 16:50:48] 
[3/6/2022 16:50:50] 
[3/6/2022 16:50:53] 
[3/6/2022 16:50:55] 
[3/6/2022 16:51:8] 
[3/6/2022 16:51:10] 
[3/6/2022 16:51:12] 
[3/6/2022 16:51:15] 
[3/6/2022 16:51:17] 
[3/6/2022 16:51:19] 
[3/6/2022 16:51:21] 
[3/6/2022 16:51:26] 
[3/6/2022 16:51:29] 
[3/6/2022 16:51:31] 
[3/6/2022 16:51:35] 
[3/6/2022 16:51:37] 
[3/6/2022 16:51:41] 
[3/6/2022 16:51:45] 
[3/6/2022 16:51:47] 
[3/6/2022 16:51:50] 
[3/6/2022 16:51:52] 
[3/6/2022 16:51:54] 
[3/6/2022 16:51:56] 
[3/6/2022 16:51:58] 
[3/6/2022 16:52:1] 
[3/6/2022 16:52:5] 
[3/6/2022 16:52:7] 
[3/6/2022 16:52:9] 
[3/6/2022 16:52:12] 
[3/6/2022 16:52:14] 
[3/6/2022 16:52:19] 
[3/6/2022 16:52:21] 
[3/6/2022 16:52:23] 
[3/6/2022 16:52:25] 
[3/6/2022 16:52:28] 
[3/6/2022 16:52:32] 
[3/6/2022 16:52:34] 
[3/6/2022 16:52:36] 
[3/6/2022 16:52:38] 
[3/6/2022 16:52:41] 
[3/6/2022 16:52:45] 
[3/6/2022 16:52:47] 
[3/6/2022 16:52:49] 
[3/6/2022 16:52:52] 
[3/6/2022 16:52:54] 
[3/6/2022 16:52:56] 
[3/6/2022 16:52:58] 
[3/6/2022 16:53:1] 
[3/6/2022 16:53:3] 
[3/6/2022 16:53:5] 
[3/6/2022 16:53:7] 
[3/6/2022 16:53:9] 
[3/6/2022 16:53:11] 
[3/6/2022 16:53:14] 
[3/6/2022 16:53:16] 
[3/6/2022 16:53:18] 
[3/6/2022 16:53:20] 
[3/6/2022 16:53:23] 
[3/6/2022 16:53:25] 
[3/6/2022 16:53:30] 
[3/6/2022 16:53:32] 
[3/6/2022 16:53:34] 
[3/6/2022 16:53:37] 
[3/6/2022 16:53:39] 
[3/6/2022 16:53:41] 
[3/6/2022 16:53:43] 
[3/6/2022 16:53:45] 
[3/6/2022 16:53:48] 
[3/6/2022 16:53:50] 
[3/6/2022 16:53:52] 
[3/6/2022 16:53:54] 
[3/6/2022 16:53:56] 
[3/6/2022 16:53:59] 
[3/6/2022 16:54:1] 
[3/6/2022 16:54:5] 
[3/6/2022 16:54:7] 
[3/6/2022 16:54:9] 
[3/6/2022 16:54:12] 
[3/6/2022 16:54:16] 
[3/6/2022 16:54:18] 
[3/6/2022 16:54:23] 
[3/6/2022 16:54:25] 
[3/6/2022 16:54:27] 
[3/6/2022 16:54:29] 
[3/6/2022 16:54:32] 
[3/6/2022 16:54:36] 
[3/6/2022 16:54:38] 
[3/6/2022 16:54:40] 
[3/6/2022 16:54:43] 
[3/6/2022 16:54:45] 
[3/6/2022 16:54:47] 
[3/6/2022 16:54:49] 
[3/6/2022 16:54:52] 
[3/6/2022 16:54:56] 
[3/6/2022 16:54:58] 
[3/6/2022 16:55:15] 
[3/6/2022 16:55:17] 
[3/6/2022 16:55:19] 
[3/6/2022 16:55:21] 
[3/6/2022 16:55:23] 
[3/6/2022 16:55:25] 
[3/6/2022 16:55:32] 
[3/6/2022 16:55:36] 
[3/6/2022 16:55:38] 
[3/6/2022 16:55:40] 
[3/6/2022 16:55:43] 
[3/6/2022 16:55:45] 
[3/6/2022 16:55:47] 
[3/6/2022 16:55:49] 
[3/6/2022 16:55:52] 
[3/6/2022 16:55:56] 
[3/6/2022 16:55:58] 
[3/6/2022 16:56:2] 
[3/6/2022 16:56:4] 
[3/6/2022 16:56:6] 
[3/6/2022 16:56:8] 
[3/6/2022 16:56:11] 
[3/6/2022 16:56:13] 
[3/6/2022 16:56:15] 
[3/6/2022 16:56:19] 
[3/6/2022 16:56:22] 
[3/6/2022 16:56:24] 
[3/6/2022 16:56:26] 
[3/6/2022 16:56:28] 
[3/6/2022 16:56:30] 
[3/6/2022 16:56:32] 
[3/6/2022 16:56:35] 
[3/6/2022 16:56:37] 
[3/6/2022 16:56:39] 
[3/6/2022 16:56:41] 
[3/6/2022 16:56:44] 
[3/6/2022 16:56:46] 
[3/6/2022 16:56:51] 
[3/6/2022 16:56:54] 
[3/6/2022 16:56:56] 
[3/6/2022 16:56:58] 
[3/6/2022 16:57:0] 
[3/6/2022 16:57:2] 
[3/6/2022 16:57:5] 
[3/6/2022 16:57:7] 
[3/6/2022 16:57:10] 
[3/6/2022 16:57:12] 
[3/6/2022 16:57:16] 
[3/6/2022 16:57:18] 
[3/6/2022 16:57:21] 
[3/6/2022 16:57:23] 
[3/6/2022 16:57:25] 
[3/6/2022 16:57:27] 
[3/6/2022 16:57:31] 
[3/6/2022 16:57:33] 
[3/6/2022 16:57:36] 
[3/6/2022 16:57:38] 
[3/6/2022 16:57:40] 
[3/6/2022 16:57:42] 
[3/6/2022 16:57:44] 
[3/6/2022 16:57:47] 
[3/6/2022 16:57:49] 
[3/6/2022 16:57:51] 
[3/6/2022 16:57:53] 
[3/6/2022 16:57:55] 
[3/6/2022 16:57:58] 
[3/6/2022 16:58:0] 
[3/6/2022 16:58:2] 
[3/6/2022 16:58:6] 
[3/6/2022 16:58:9] 
[3/6/2022 16:58:11] 
[3/6/2022 16:58:32] 
[3/6/2022 16:58:34] 
[3/6/2022 16:58:36] 
[3/6/2022 16:58:38] 
[3/6/2022 16:58:40] 
[3/6/2022 16:58:43] 
[3/6/2022 16:58:45] 
[3/6/2022 16:58:47] 
[3/6/2022 16:58:49] 
[3/6/2022 16:58:52] 
[3/6/2022 16:58:54] 
[3/6/2022 16:58:58] 
[3/6/2022 16:59:0] 
[3/6/2022 16:59:2] 
[3/6/2022 16:59:7] 
[3/6/2022 16:59:47] !frags
[3/6/2022 16:59:50] !frags
[4/6/2022 17:2:58] !online
[4/6/2022 17:9:22] !frags
[4/6/2022 21:0:9] !online
[5/6/2022 20:27:29] !online
[5/6/2022 20:43:55] !online
[6/6/2022 19:24:41] !online
[7/6/2022 19:48:6] !frags
[7/6/2022 20:54:24] !frags
[7/6/2022 23:44:4] !frags
[8/6/2022 21:20:21] !frags
[8/6/2022 22:2:11] !online
