[23/2/2022 23:10:14] !aol
[24/2/2022 0:0:29] !aol
[24/2/2022 0:16:37] !aol
[24/2/2022 1:45:29] !aol
[24/2/2022 11:7:51] !rank distance
[24/2/2022 14:25:27] !aol
[24/2/2022 18:55:36] !rank distance
[25/2/2022 0:13:5] !rank level
[25/2/2022 0:33:59] !rank distance
[25/2/2022 12:14:19] !rank distance
[25/2/2022 13:53:40] !rank distance
[25/2/2022 17:40:50] !rank distance
[25/2/2022 22:58:14] !emotespells on
[26/2/2022 1:37:27] !aol
[26/2/2022 1:50:8] !aol
[26/2/2022 13:45:57] !rank distance
[26/2/2022 17:10:3] !rank distance
[26/2/2022 21:14:47] !rank distance
[26/2/2022 22:39:55] !addon mage
[26/2/2022 22:40:0] !addon mage
[26/2/2022 22:40:4] !addon mage
[26/2/2022 22:40:11] !addon mage
[26/2/2022 22:41:29] !addon brotherhood
[27/2/2022 14:7:36] !rank distance
[27/2/2022 17:42:14] !rank distance
[27/2/2022 17:48:1] !aol
[27/2/2022 22:39:50] !rank distance
