[11/2/2022 17:0:41] !aol
[11/2/2022 17:0:56] !aol
[11/2/2022 20:51:49] !aol
[11/2/2022 21:34:18] !aol
[11/2/2022 22:47:27] !aol
[12/2/2022 17:6:1] !aol
[12/2/2022 20:11:15] 
[12/2/2022 21:28:12] !aol
[12/2/2022 21:46:48] !aol
[12/2/2022 21:54:46] !aol
[12/2/2022 22:19:24] !aol
[12/2/2022 23:2:35] !aol
[13/2/2022 2:24:24] 
[13/2/2022 8:2:7] 
[13/2/2022 15:10:19] !frags
[13/2/2022 19:0:34] !emotespells
[14/2/2022 22:25:35] alana sio
[15/2/2022 22:0:47] 
[16/2/2022 0:5:33] 
[16/2/2022 0:30:4] 
[16/2/2022 0:30:44] 
[16/2/2022 7:17:4] 
[17/2/2022 6:1:54] 
[17/2/2022 15:24:32] 
[17/2/2022 21:24:47] !addon mage2
[17/2/2022 21:25:2] !addon mage
[17/2/2022 22:0:43] !addon mage1
[17/2/2022 22:1:26] !buyhouse
[18/2/2022 18:2:10] aleta sio 
[18/2/2022 19:10:59] 
[18/2/2022 19:18:24] 
[19/2/2022 13:44:50] 
[19/2/2022 13:46:50] 
[19/2/2022 15:9:58] 
[19/2/2022 15:11:58] 
[19/2/2022 21:40:13] 
[19/2/2022 21:42:13] 
[20/2/2022 1:24:18] !rank level
[20/2/2022 11:50:52] 
[20/2/2022 11:52:52] 
[20/2/2022 16:14:56] 
[20/2/2022 16:18:56] 
[20/2/2022 21:18:56] aleta som
[21/2/2022 21:42:58] 
[21/2/2022 21:47:58] 
