[16/2/2022 0:41:54] !aol
[16/2/2022 0:48:27] !aol
[16/2/2022 21:46:35] 
[16/2/2022 23:19:44] !aol
[16/2/2022 23:21:17] 
[17/2/2022 11:20:45] 
[17/2/2022 13:16:4] !aol
[17/2/2022 19:17:22] 
[20/2/2022 12:57:3] 
[20/2/2022 20:37:52] !aol
[24/2/2022 23:17:58] 
[24/2/2022 23:39:26] !aol
[24/2/2022 23:54:54] !aol
[25/2/2022 0:3:12] !aol
[25/2/2022 1:14:23] !online
[25/2/2022 1:14:41] !online
[25/2/2022 1:24:47] !guildpoints 
[25/2/2022 1:24:51] !guildpoints 
[25/2/2022 1:25:23] !guildpoints 
[25/2/2022 1:26:11] !guildpoints 
[25/2/2022 1:26:44] !guildpoints
[25/2/2022 1:31:59] 
[25/2/2022 13:41:44] 
[25/2/2022 21:22:4] !aol
[25/2/2022 21:34:28] 
[26/2/2022 0:19:43] 
[26/2/2022 1:3:56] 
[26/2/2022 1:19:13] 
