[25/2/2022 9:34:51] !rank
[25/2/2022 9:34:54] !rank axe
[25/2/2022 9:34:58] !rank magic
[25/2/2022 17:30:26] !aol
[25/2/2022 17:32:24] !aol
[25/2/2022 17:44:19] !aol
[26/2/2022 10:36:39] !rank axe
[27/2/2022 2:21:15] !aol
[2/6/2022 9:49:55] !aol
[2/6/2022 11:5:55] !buyhouse
[2/6/2022 11:5:57] !buyhouse
[2/6/2022 11:6:4] !buyhouse
[2/6/2022 11:6:7] !buyhouse
[2/6/2022 11:6:23] !buyhouse
[2/6/2022 11:6:28] !buyhouse
[2/6/2022 11:6:31] !buyhouse
[2/6/2022 11:7:52] !buyhouse
[2/6/2022 11:7:56] !buyhouse
[2/6/2022 11:8:13] !buyhouse
[2/6/2022 11:8:16] !buyhouse
[2/6/2022 15:20:14] !aol
[2/6/2022 20:31:26] !tradeoff buy, 78
