[14/12/2021 8:43:15] !online
[14/12/2021 8:46:17] !emotespells on
[15/12/2021 2:37:3] !online
[19/12/2021 10:53:15] !rank club
[19/12/2021 10:53:24] !rank sword
[19/12/2021 10:53:27] !rank axe
[22/12/2021 0:37:23] !eject
[22/12/2021 0:37:29] !eject
[22/12/2021 20:13:5] !eject
[23/12/2021 8:50:19] !buyhouse
[23/12/2021 8:50:25] aleta som
[23/12/2021 8:50:56] !protecthouse off
[25/12/2021 21:56:57] !rank club
[25/12/2021 21:57:2] !rank shield
[26/12/2021 19:53:46] !online
[26/12/2021 23:17:17] !online
[27/12/2021 9:59:21] !online
[27/12/2021 12:55:39] !rank shield
[27/12/2021 12:55:52] !rank club
[29/12/2021 7:25:5] !online
[29/12/2021 17:9:33] !online
[30/12/2021 9:37:2] !online
[30/12/2021 16:30:39] !rank club
[30/12/2021 16:30:45] !rank shield
[31/12/2021 11:25:44] !online
[31/12/2021 19:9:25] !rank club
[1/1/2022 22:6:54] !online
[2/1/2022 7:24:24] !rank shield
[2/1/2022 7:24:36] !rank club
[2/1/2022 16:51:56] !rank club
[2/1/2022 16:51:59] !online
