[10/12/2021 20:7:57] !online
[10/12/2021 20:27:56] !rank level
[10/12/2021 20:41:29] !aol
[10/12/2021 20:43:8] !aol
[10/12/2021 20:47:46] !aol
[10/12/2021 21:5:39] !online
[10/12/2021 21:29:46] !online
[10/12/2021 23:42:55] !rank level
[11/12/2021 13:47:54] !online
[11/12/2021 14:31:2] !online
[11/12/2021 23:7:37] !online
[12/12/2021 14:15:48] !online
[12/12/2021 16:57:2] !online
[12/12/2021 18:0:19] !rank magic
[12/12/2021 18:1:0] !rank disntace
[12/12/2021 18:1:7] !rank distance
[12/12/2021 21:15:47] !rank level
[13/12/2021 14:10:27] !rank level
[13/12/2021 14:12:15] !online
[13/12/2021 16:6:59] !online
[13/12/2021 18:15:39] !frags
[14/12/2021 0:44:27] !online
[14/12/2021 19:41:21] !online
[14/12/2021 19:55:26] !frags
[16/12/2021 0:16:50] !online
[16/12/2021 23:46:31] !online
[20/12/2021 11:39:51] !online
[20/12/2021 19:8:34] !online
[20/12/2021 21:5:24] !serverinfo
[21/12/2021 21:50:16] !online
[23/12/2021 19:58:55] !online
[23/12/2021 20:1:26] !rank distance
[23/12/2021 20:5:36] !rank distance
[23/12/2021 20:40:48] !rank levle
[27/12/2021 19:7:40] !online
[28/12/2021 15:51:49] !online
[30/12/2021 13:23:54] !online
[6/1/2022 13:26:35] !online
[6/1/2022 14:1:50] !rank distance
[6/1/2022 14:1:58] !rank
[6/1/2022 14:2:1] !rank level
[6/1/2022 17:3:6] !online
[6/1/2022 17:46:58] !online
[6/1/2022 20:14:55] !online
[7/1/2022 11:8:1] !online
[7/1/2022 18:44:46] !online
[7/1/2022 19:0:21] !online
[7/1/2022 19:47:13] !buyhouse
[7/1/2022 19:48:14] !protecthouse
[7/1/2022 19:48:51] !protecthouse on
[7/1/2022 20:12:54] !online
[7/1/2022 20:40:15] aleta sio
[7/1/2022 20:40:20] aleta som
[7/1/2022 20:40:59] !protecthouse off
[7/1/2022 21:55:23] !frags
[7/1/2022 22:23:47] !addon oriental
[7/1/2022 22:24:3] !addon orientl
[7/1/2022 22:27:16] !addon oriental
[7/1/2022 22:27:39] !addon oriental
[7/1/2022 22:27:48] !addon oriental
[7/1/2022 23:18:56] !rank magic
[8/1/2022 10:38:40] !online
[8/1/2022 10:58:22] !online
[8/1/2022 12:5:45] !online
[8/1/2022 12:14:56] !rank distance
[8/1/2022 12:15:15] !rank distance
[8/1/2022 12:49:47] !rank distance
[8/1/2022 12:49:50] !rank level
[8/1/2022 12:51:3] !rank level
[8/1/2022 14:48:41] !online
[8/1/2022 17:52:4] !eject
[8/1/2022 17:52:12] !eject
[8/1/2022 17:52:17] !eject
[8/1/2022 17:52:29] !eject
[8/1/2022 17:52:37] !eject
[8/1/2022 17:52:41] !eject
[8/1/2022 17:53:2] !buyhouse
[8/1/2022 17:53:27] !eject
[8/1/2022 17:53:44] !eject
[8/1/2022 17:53:58] !eject
[8/1/2022 17:54:11] !eject
[8/1/2022 17:54:17] !eject
[8/1/2022 17:54:37] !eject
[8/1/2022 17:54:57] !eject
[8/1/2022 17:55:1] !eject
[8/1/2022 17:55:17] !eject
[8/1/2022 17:55:44] !eject
[8/1/2022 17:56:17] !eject
[8/1/2022 17:56:31] !eject
[8/1/2022 17:56:35] !eject
[8/1/2022 17:56:48] !eject
[8/1/2022 17:56:58] !eject
[8/1/2022 17:57:2] !eject
[8/1/2022 17:57:37] !eject
[8/1/2022 17:59:26] !eject
[8/1/2022 17:59:42] !eject
[8/1/2022 18:0:18] !eject
[8/1/2022 18:0:24] !eject
[8/1/2022 18:1:12] !eject
[8/1/2022 18:1:24] !eject
[8/1/2022 18:1:40] !eject
[8/1/2022 18:11:15] !online
[10/1/2022 11:29:35] !online
