[31/5/2022 21:10:47] !aol
[31/5/2022 21:31:40] !aol
[31/5/2022 21:38:48] !aol
[31/5/2022 22:26:42] !aol
[31/5/2022 22:26:45] !aol
[31/5/2022 22:40:9] !aol
[31/5/2022 23:9:50] !aol
[31/5/2022 23:11:10] !aol
[31/5/2022 23:28:45] !aol
[1/6/2022 10:16:0] !aol
[1/6/2022 10:16:2] !aol
[1/6/2022 10:54:52] !emotespells on
[1/6/2022 11:7:12] !emotespells on
[1/6/2022 11:16:2] !emotespells on
[1/6/2022 11:24:59] !emotespells on
[1/6/2022 11:54:56] !emotespells on
[1/6/2022 12:11:39] !emotespells on
[1/6/2022 12:19:59] !emotespells on
[1/6/2022 12:31:46] !emotespells on
[1/6/2022 12:51:24] !emotespells on
[1/6/2022 13:1:46] !emotespells on
[1/6/2022 13:14:22] !emotespells on
[1/6/2022 13:27:22] !emotespells on
[1/6/2022 13:36:44] !emotespells on
[1/6/2022 13:46:12] !emotespells on
[1/6/2022 13:54:44] !emotespells on
[1/6/2022 14:3:9] !emotespells on
[1/6/2022 14:13:49] !emotespells on
[1/6/2022 14:24:59] !emotespells on
[1/6/2022 14:33:56] !emotespells on
[1/6/2022 14:38:57] !emotespells on
[1/6/2022 14:46:15] !emotespells on
[1/6/2022 14:56:30] !emotespells on
[1/6/2022 15:3:57] !emotespells on
[1/6/2022 15:14:12] !emotespells on
[1/6/2022 15:22:51] !emotespells on
[1/6/2022 15:34:59] !emotespells on
[1/6/2022 15:43:26] !emotespells on
[1/6/2022 16:8:21] !emotespells on
[1/6/2022 16:16:44] !emotespells on
[1/6/2022 16:25:38] !emotespells on
[1/6/2022 16:30:39] !emotespells on
[1/6/2022 16:38:43] !emotespells on
[1/6/2022 16:48:3] !emotespells on
[1/6/2022 16:52:29] !emotespells on
[1/6/2022 16:59:42] !emotespells on
[1/6/2022 17:11:49] !emotespells on
[1/6/2022 17:20:49] !emotespells on
[1/6/2022 17:25:57] !emotespells on
[2/6/2022 12:15:14] !rank level
[2/6/2022 12:57:56] !emotespells on
[2/6/2022 13:1:51] !emotespells on
[2/6/2022 13:8:8] !emotespells on
[2/6/2022 13:12:8] !emotespells on
[2/6/2022 13:17:35] !emotespells on
[2/6/2022 13:23:59] !emotespells on
[2/6/2022 13:45:59] !emotespells on
[2/6/2022 13:50:44] !emotespells on
[2/6/2022 13:55:39] !emotespells on
[2/6/2022 14:13:43] !aol
[2/6/2022 14:20:37] !emotespells on
[2/6/2022 14:24:55] !emotespells on
[2/6/2022 14:29:6] !emotespells on
[2/6/2022 14:36:2] !emotespells on
[2/6/2022 14:40:11] !emotespells on
[2/6/2022 14:44:24] !emotespells on
[2/6/2022 14:49:4] !emotespells on
[2/6/2022 14:53:20] !emotespells on
[2/6/2022 14:57:25] !emotespells on
[2/6/2022 15:2:46] !emotespells on
[2/6/2022 15:8:22] !emotespells on
[2/6/2022 15:12:49] !emotespells on
[2/6/2022 15:18:11] !emotespells on
[2/6/2022 15:22:27] !emotespells on
[2/6/2022 15:27:48] !emotespells on
[2/6/2022 15:33:10] !emotespells on
[2/6/2022 15:37:52] !emotespells on
[2/6/2022 15:41:53] !emotespells on
[2/6/2022 15:47:40] !emotespells on
[2/6/2022 15:54:47] !emotespells on
[2/6/2022 16:1:14] !emotespells on
[2/6/2022 16:7:0] !emotespells on
[2/6/2022 16:12:29] !emotespells on
[2/6/2022 16:20:7] !emotespells on
[2/6/2022 16:25:49] !emotespells on
[2/6/2022 16:30:53] !emotespells on
[2/6/2022 16:43:4] !emotespells on
[2/6/2022 16:49:42] !emotespells on
[2/6/2022 16:57:59] !emotespells on
[2/6/2022 17:2:42] !emotespells on
[2/6/2022 17:8:42] !emotespells on
[2/6/2022 17:14:31] !emotespells on
[2/6/2022 17:21:4] !emotespells on
[2/6/2022 17:25:41] !aol
[2/6/2022 18:7:27] !aol
[2/6/2022 18:31:19] !aol
[2/6/2022 18:45:33] !aol
[2/6/2022 18:45:35] !aol
[2/6/2022 19:2:34] !emotespells on
[2/6/2022 19:19:25] !emotespells on
[2/6/2022 19:37:5] !emotespells on
[2/6/2022 19:48:40] !emotespells on
[2/6/2022 19:57:41] !emotespells on
[2/6/2022 20:8:2] !emotespells on
[2/6/2022 20:18:28] !emotespells on
[2/6/2022 21:12:25] !aol
[2/6/2022 21:15:36] !aol
[2/6/2022 21:22:54] !aol
[2/6/2022 21:25:9] !aol
[2/6/2022 21:25:37] !emotespells on
[2/6/2022 21:35:1] !emotespells on
[2/6/2022 21:42:19] !emotespells on
[2/6/2022 21:47:28] !aol
[2/6/2022 21:56:24] !aol
[2/6/2022 22:0:39] !emotespells on
[2/6/2022 22:29:57] !aol
[2/6/2022 22:32:13] !aol
[2/6/2022 22:36:38] !aol
[2/6/2022 22:39:32] !emotespells on
[2/6/2022 22:51:44] !emotespells on
[2/6/2022 22:55:8] !emotespells on
[2/6/2022 23:6:17] !emotespells on
[2/6/2022 23:21:3] !emotespells on
[2/6/2022 23:24:32] !emotespells on
[2/6/2022 23:28:53] !aol
[2/6/2022 23:29:9] !emotespells on
[3/6/2022 0:15:0] !emotespells on
[3/6/2022 0:15:7] !emotespells on
[3/6/2022 0:28:13] !emotespells on
[3/6/2022 0:29:49] !emotespells on
[3/6/2022 0:39:36] !emotespells on
[3/6/2022 0:46:32] !emotespells on
[3/6/2022 0:50:6] !emotespells on
[3/6/2022 0:53:31] !emotespells on
[3/6/2022 1:16:26] !emotespells on
[3/6/2022 1:23:44] !emotespells on
[3/6/2022 1:30:52] !emotespells on
[3/6/2022 1:37:46] !emotespells on
[3/6/2022 1:41:45] !emotespells on
[3/6/2022 1:52:53] !emotespells on
[3/6/2022 2:0:28] !emotespells on
[3/6/2022 2:7:11] !emotespells on
[3/6/2022 2:14:43] !emotespells on
[3/6/2022 2:22:1] !emotespells on
[3/6/2022 2:29:16] !emotespells on
[3/6/2022 2:36:59] !emotespells on
[3/6/2022 2:45:15] !emotespells on
[3/6/2022 2:52:1] !emotespells on
[3/6/2022 2:58:57] !emotespells on
[3/6/2022 3:6:38] !emotespells on
[3/6/2022 3:13:42] !emotespells on
[3/6/2022 3:26:36] !emotespells on
[3/6/2022 3:34:3] !emotespells on
[3/6/2022 3:43:38] !emotespells on
[3/6/2022 3:53:52] !emotespells on
[3/6/2022 4:4:11] !emotespells on
[3/6/2022 4:11:34] !emotespells on
[3/6/2022 4:24:14] !emotespells on
[3/6/2022 4:31:23] !emotespells on
[3/6/2022 4:37:24] !emotespells on
[3/6/2022 4:58:9] !emotespells on
[3/6/2022 5:16:4] !emotespells on
[3/6/2022 5:30:22] !emotespells on
[3/6/2022 5:50:41] !emotespells on
[3/6/2022 5:59:45] !emotespells on
[3/6/2022 6:7:39] !emotespells on
[3/6/2022 6:16:8] !emotespells on
[3/6/2022 6:30:27] !emotespells on
[3/6/2022 6:39:20] !emotespells on
[3/6/2022 6:47:19] !emotespells on
[3/6/2022 6:55:11] !emotespells on
[3/6/2022 7:2:16] !emotespells on
[3/6/2022 7:7:1] !emotespells on
[3/6/2022 7:36:22] !emotespells on
[3/6/2022 7:44:36] !emotespells on
[3/6/2022 7:52:31] !emotespells on
[3/6/2022 8:5:4] !emotespells on
[3/6/2022 8:16:16] !emotespells on
[3/6/2022 8:24:58] !emotespells on
[3/6/2022 8:28:1] !emotespells on
[3/6/2022 8:38:42] !emotespells on
[3/6/2022 8:56:5] !emotespells on
[3/6/2022 9:7:3] !emotespells on
[3/6/2022 9:21:14] !emotespells on
[3/6/2022 9:35:54] !emotespells on
[3/6/2022 9:57:59] !aol
[3/6/2022 10:4:26] !aol
[3/6/2022 10:19:44] !aol
[3/6/2022 10:27:1] !emotespells on
[3/6/2022 12:34:51] !aol
[3/6/2022 14:34:13] !frags
[3/6/2022 14:34:21] !frags
[3/6/2022 14:34:28] !frags
[3/6/2022 14:45:55] !frags
[3/6/2022 14:50:1] !frags
[3/6/2022 15:33:25] !aol
[6/6/2022 11:19:29] !emotespells on
[6/6/2022 11:27:52] !emotespells on
[6/6/2022 11:37:40] !emotespells on
[6/6/2022 11:46:7] !emotespells on
[6/6/2022 11:53:1] !emotespells on
[6/6/2022 12:2:35] !emotespells on
[6/6/2022 12:11:15] !emotespells on
[6/6/2022 12:20:1] !emotespells on
[6/6/2022 12:29:53] !emotespells on
[6/6/2022 12:38:39] !emotespells on
[6/6/2022 12:50:6] !emotespells on
[6/6/2022 13:0:39] !emotespells on
[6/6/2022 13:10:31] !emotespells on
[6/6/2022 13:21:29] !emotespells on
[6/6/2022 13:31:26] !emotespells on
[6/6/2022 13:33:49] !emotespells on
[6/6/2022 13:51:50] !emotespells on
[6/6/2022 14:1:18] !emotespells on
[6/6/2022 14:9:54] !emotespells on
[6/6/2022 14:16:6] !emotespells on
[6/6/2022 14:26:15] !emotespells on
[6/6/2022 14:36:15] !emotespells on
[6/6/2022 14:47:0] !emotespells on
[6/6/2022 14:49:57] !emotespells on
[6/6/2022 15:0:49] !emotespells on
[6/6/2022 15:8:59] !emotespells on
[6/6/2022 15:17:11] !emotespells on
[6/6/2022 15:25:46] !emotespells on
[6/6/2022 15:35:52] !emotespells on
[6/6/2022 15:46:15] !emotespells on
[6/6/2022 15:56:4] !emotespells on
[6/6/2022 16:7:11] !emotespells on
[6/6/2022 16:16:12] !emotespells on
[6/6/2022 16:25:43] !emotespells on
[6/6/2022 16:42:24] !emotespells on
[6/6/2022 16:59:23] !emotespells on
[6/6/2022 17:9:23] !emotespells on
[6/6/2022 17:18:44] !aol
[6/6/2022 17:19:3] !emotespells on
[6/6/2022 17:20:55] !emotespells on
[6/6/2022 17:31:3] !emotespells on
[6/6/2022 17:39:4] !emotespells on
[6/6/2022 17:47:53] !emotespells on
[6/6/2022 17:55:18] !emotespells on
[6/6/2022 18:12:10] !aol
[6/6/2022 18:30:44] !aol
[6/6/2022 18:31:10] !aol
[6/6/2022 18:32:21] !aol
[6/6/2022 18:40:27] !aol
[6/6/2022 18:40:41] !emotespells on
[6/6/2022 18:50:36] !emotespells on
[6/6/2022 18:57:22] !emotespells on
[6/6/2022 19:4:26] !emotespells on
[6/6/2022 19:11:13] !emotespells on
[6/6/2022 19:18:20] !emotespells on
[6/6/2022 19:24:47] !emotespells on
[6/6/2022 19:32:13] !emotespells on
[6/6/2022 19:44:39] !emotespells on
[6/6/2022 19:50:22] !emotespells on
[6/6/2022 19:57:5] !emotespells on
[6/6/2022 20:5:10] !emotespells on
[6/6/2022 20:11:59] !emotespells on
[6/6/2022 20:19:5] !emotespells on
[6/6/2022 20:33:34] !emotespells on
[6/6/2022 20:39:44] !emotespells on
[6/6/2022 20:46:44] !emotespells on
[6/6/2022 20:54:41] !emotespells on
[6/6/2022 21:3:37] !emotespells on
[6/6/2022 21:8:48] !emotespells on
[6/6/2022 21:16:15] !emotespells on
[6/6/2022 21:23:20] !emotespells on
[6/6/2022 21:31:16] !emotespells on
[6/6/2022 21:40:31] !emotespells on
[6/6/2022 21:48:52] !emotespells on
[6/6/2022 21:57:37] !emotespells on
[6/6/2022 22:4:21] !emotespells on
[6/6/2022 22:10:23] !emotespells on
[6/6/2022 22:16:42] !emotespells on
[6/6/2022 22:23:24] !emotespells on
[6/6/2022 22:31:4] !emotespells on
[6/6/2022 22:38:55] !emotespells on
[6/6/2022 22:46:45] !emotespells on
[6/6/2022 22:54:50] !emotespells on
[6/6/2022 23:3:46] !emotespells on
[6/6/2022 23:10:37] !emotespells on
[6/6/2022 23:17:51] !emotespells on
[6/6/2022 23:24:30] !emotespells on
[6/6/2022 23:31:45] !emotespells on
[6/6/2022 23:38:41] !emotespells on
[6/6/2022 23:45:7] !emotespells on
[6/6/2022 23:46:10] !emotespells on
[6/6/2022 23:58:1] !emotespells on
[7/6/2022 0:4:23] !emotespells on
[7/6/2022 0:11:18] !emotespells on
[7/6/2022 0:17:44] !emotespells on
[7/6/2022 0:24:37] !emotespells on
[7/6/2022 0:25:42] !emotespells on
[7/6/2022 0:38:59] !emotespells on
[7/6/2022 0:45:36] !emotespells on
[7/6/2022 0:52:8] !emotespells on
[7/6/2022 0:58:29] !emotespells on
[7/6/2022 1:5:36] !emotespells on
[7/6/2022 1:12:24] !emotespells on
[7/6/2022 1:19:6] !emotespells on
[7/6/2022 1:25:52] !emotespells on
[7/6/2022 1:32:46] !emotespells on
[7/6/2022 1:39:37] !emotespells on
[7/6/2022 1:46:44] !emotespells on
[7/6/2022 1:54:5] !emotespells on
[7/6/2022 2:2:14] !emotespells on
[7/6/2022 2:8:39] !emotespells on
[7/6/2022 2:20:46] !emotespells on
[7/6/2022 2:27:57] !emotespells on
[7/6/2022 2:32:55] !emotespells on
[7/6/2022 2:39:38] !emotespells on
[7/6/2022 2:46:21] !emotespells on
[7/6/2022 2:53:54] !emotespells on
[7/6/2022 3:1:55] !emotespells on
[7/6/2022 3:9:45] !emotespells on
[7/6/2022 3:17:8] !emotespells on
[7/6/2022 3:24:40] !emotespells on
[7/6/2022 3:33:5] !emotespells on
[7/6/2022 3:39:37] !emotespells on
[7/6/2022 3:45:47] !emotespells on
[7/6/2022 3:52:7] !emotespells on
[7/6/2022 4:0:14] !emotespells on
[7/6/2022 4:7:1] !emotespells on
[7/6/2022 4:13:50] !emotespells on
[7/6/2022 4:19:50] !emotespells on
[7/6/2022 4:26:59] !emotespells on
[7/6/2022 4:33:31] !emotespells on
[7/6/2022 4:39:18] !emotespells on
[7/6/2022 4:46:7] !emotespells on
[7/6/2022 4:52:53] !emotespells on
[7/6/2022 4:59:39] !emotespells on
[7/6/2022 5:21:24] !emotespells on
[7/6/2022 5:29:4] !emotespells on
[7/6/2022 5:37:5] !emotespells on
[7/6/2022 13:6:7] !emotespells on
[7/6/2022 13:19:39] !emotespells on
[7/6/2022 13:25:52] !emotespells on
[7/6/2022 13:33:7] !emotespells on
[7/6/2022 13:40:11] !emotespells on
[7/6/2022 13:49:5] !emotespells on
[7/6/2022 13:56:50] !emotespells on
[7/6/2022 14:6:15] !emotespells on
[7/6/2022 14:13:41] !emotespells on
[7/6/2022 14:21:16] !emotespells on
[7/6/2022 14:28:51] !emotespells on
[7/6/2022 14:37:17] !emotespells on
[7/6/2022 14:45:8] !emotespells on
[7/6/2022 14:53:38] !emotespells on
[7/6/2022 15:6:3] !emotespells on
[7/6/2022 15:14:44] !emotespells on
[7/6/2022 15:22:17] !emotespells on
[7/6/2022 15:30:22] !emotespells on
[7/6/2022 15:40:59] !emotespells on
[7/6/2022 15:51:11] !emotespells on
[7/6/2022 15:59:2] !emotespells on
[7/6/2022 16:6:23] !emotespells on
[7/6/2022 16:13:40] !emotespells on
[7/6/2022 16:20:48] !emotespells on
[7/6/2022 16:28:52] !emotespells on
[7/6/2022 16:35:50] !emotespells on
[7/6/2022 16:39:11] !emotespells on
[7/6/2022 16:50:23] !emotespells on
[7/6/2022 17:13:51] !emotespells on
[7/6/2022 17:27:42] !emotespells on
[7/6/2022 17:36:43] !emotespells on
[7/6/2022 17:43:56] !emotespells on
[7/6/2022 17:51:15] !emotespells on
[7/6/2022 17:58:46] !emotespells on
[7/6/2022 18:6:18] !emotespells on
[7/6/2022 18:14:47] !emotespells on
[7/6/2022 18:21:57] !emotespells on
[7/6/2022 18:29:28] !emotespells on
[7/6/2022 18:36:27] !emotespells on
[7/6/2022 18:43:49] !emotespells on
[7/6/2022 18:53:6] !emotespells on
[7/6/2022 19:6:57] !emotespells on
[7/6/2022 19:13:49] !emotespells on
[7/6/2022 19:23:55] !emotespells on
[7/6/2022 19:29:11] !emotespells on
[7/6/2022 19:39:4] !emotespells on
[7/6/2022 19:46:36] !emotespells on
[7/6/2022 19:52:38] !emotespells on
[7/6/2022 20:0:24] !emotespells on
[7/6/2022 20:8:19] !emotespells on
[7/6/2022 20:16:39] !emotespells on
[7/6/2022 20:23:54] !emotespells on
[7/6/2022 20:31:7] !emotespells on
[7/6/2022 20:38:39] !emotespells on
[7/6/2022 20:51:44] !emotespells on
[7/6/2022 21:6:24] !emotespells on
[7/6/2022 21:12:53] !emotespells on
[7/6/2022 21:19:54] !emotespells on
[7/6/2022 21:28:7] !emotespells on
[7/6/2022 21:35:19] !emotespells on
[7/6/2022 21:42:31] !emotespells on
[7/6/2022 21:50:49] !emotespells on
[7/6/2022 21:58:24] !emotespells on
[7/6/2022 22:7:8] !emotespells on
[7/6/2022 22:18:23] !emotespells on
[7/6/2022 22:26:32] !emotespells on
[7/6/2022 22:33:40] !emotespells on
[7/6/2022 22:41:29] !emotespells on
[7/6/2022 22:49:5] !emotespells on
[7/6/2022 22:56:33] !emotespells on
[7/6/2022 23:6:37] !emotespells on
[7/6/2022 23:19:45] !emotespells on
[7/6/2022 23:27:58] !emotespells on
[7/6/2022 23:35:23] !emotespells on
[7/6/2022 23:43:19] !emotespells on
[7/6/2022 23:52:10] !emotespells on
[7/6/2022 23:59:50] !emotespells on
[8/6/2022 0:6:18] !emotespells on
[8/6/2022 0:15:46] !emotespells on
[8/6/2022 0:29:4] !emotespells on
[8/6/2022 0:36:24] !emotespells on
[8/6/2022 0:44:20] !emotespells on
[8/6/2022 0:55:41] !emotespells on
[8/6/2022 1:5:27] !emotespells on
[8/6/2022 1:13:4] !emotespells on
[8/6/2022 1:20:0] !emotespells on
[8/6/2022 1:27:33] !emotespells on
[8/6/2022 1:35:23] !emotespells on
[8/6/2022 1:44:5] !emotespells on
[8/6/2022 1:51:10] !emotespells on
[8/6/2022 1:58:50] !emotespells on
[8/6/2022 2:11:37] !emotespells on
[8/6/2022 2:27:38] !emotespells on
[8/6/2022 2:39:42] !emotespells on
[8/6/2022 2:53:34] !emotespells on
[8/6/2022 3:7:50] !emotespells on
[8/6/2022 3:23:28] !emotespells on
[8/6/2022 3:39:57] !emotespells on
[8/6/2022 3:53:36] !emotespells on
[8/6/2022 4:8:20] !emotespells on
[8/6/2022 4:13:58] !aol
[8/6/2022 4:14:12] !emotespells on
[8/6/2022 4:30:17] !emotespells on
[8/6/2022 4:42:18] !emotespells on
[8/6/2022 4:56:8] !emotespells on
[8/6/2022 5:31:50] !aol
[8/6/2022 5:47:7] !emotespells on
[8/6/2022 5:59:30] !emotespells on
[8/6/2022 6:13:47] !emotespells on
[8/6/2022 6:25:58] !emotespells on
[8/6/2022 7:59:17] !aol
[8/6/2022 7:59:30] !emotespells on
[8/6/2022 8:14:59] !emotespells on
[8/6/2022 8:29:46] !emotespells on
[8/6/2022 8:44:55] !emotespells on
[8/6/2022 8:54:47] !aol
[8/6/2022 8:55:24] !emotespells on
[8/6/2022 9:12:29] !emotespells on
[8/6/2022 9:27:47] !emotespells on
[8/6/2022 9:40:55] !emotespells on
[8/6/2022 9:51:18] !emotespells on
[8/6/2022 10:1:35] !emotespells on
[8/6/2022 10:13:45] !emotespells on
[8/6/2022 10:16:37] !aol
[8/6/2022 10:17:16] !emotespells on
[8/6/2022 10:33:38] !emotespells on
[8/6/2022 10:46:40] !emotespells on
[8/6/2022 10:51:59] !aol
[8/6/2022 16:46:41] !online
[9/6/2022 7:9:9] !emotespells on
[9/6/2022 7:21:18] !emotespells on
[9/6/2022 7:31:9] !emotespells on
[9/6/2022 7:39:39] !emotespells on
[9/6/2022 7:50:34] !emotespells on
[9/6/2022 8:6:10] !emotespells on
[9/6/2022 8:18:30] !emotespells on
[9/6/2022 8:28:36] !emotespells on
[9/6/2022 8:38:31] !emotespells on
[9/6/2022 8:47:34] !emotespells on
[9/6/2022 8:56:55] !emotespells on
[9/6/2022 9:6:39] !emotespells on
[9/6/2022 9:15:28] !emotespells on
[9/6/2022 9:26:53] !emotespells on
[9/6/2022 9:36:31] !emotespells on
[9/6/2022 9:46:4] !emotespells on
[9/6/2022 9:56:29] !emotespells on
[9/6/2022 10:15:34] !emotespells on
[9/6/2022 10:27:10] !emotespells on
[9/6/2022 10:36:21] !emotespells on
[9/6/2022 10:46:28] !emotespells on
[9/6/2022 10:56:4] !emotespells on
[9/6/2022 11:5:39] !emotespells on
[9/6/2022 11:22:58] !emotespells on
[9/6/2022 11:40:36] !emotespells on
[9/6/2022 11:50:1] !emotespells on
[9/6/2022 12:10:31] !emotespells on
[9/6/2022 12:20:2] !emotespells on
[9/6/2022 12:31:29] !emotespells on
[9/6/2022 12:40:37] !emotespells on
[9/6/2022 12:50:33] !emotespells on
[9/6/2022 13:3:22] !emotespells on
[9/6/2022 13:18:31] !emotespells on
[9/6/2022 13:34:41] !emotespells on
[9/6/2022 13:52:59] !emotespells on
[9/6/2022 14:11:20] !emotespells on
[9/6/2022 14:26:47] !emotespells on
[9/6/2022 14:48:48] !emotespells on
[9/6/2022 14:55:24] !emotespells on
[9/6/2022 15:17:20] !emotespells on
[9/6/2022 15:37:8] !aol
[9/6/2022 15:37:38] !emotespells on
[9/6/2022 15:51:56] !aol
[10/6/2022 7:14:52] !emotespells on
[10/6/2022 7:35:40] !emotespells on
[10/6/2022 7:52:29] !emotespells on
[10/6/2022 8:9:5] !emotespells on
[10/6/2022 8:25:38] !emotespells on
[10/6/2022 8:43:24] !emotespells on
[10/6/2022 8:59:10] !emotespells on
[10/6/2022 9:14:34] !online
[10/6/2022 9:16:0] !emotespells on
[10/6/2022 9:36:10] !emotespells on
[10/6/2022 9:53:13] !emotespells on
[10/6/2022 10:9:54] !emotespells on
[10/6/2022 10:44:48] !emotespells on
[10/6/2022 10:54:8] !aol
[10/6/2022 10:55:30] !online
