[24/2/2022 20:20:59] !aol
[24/2/2022 21:1:25] !aol
[24/2/2022 21:7:51] !aol
[24/2/2022 21:14:10] !aol
[24/2/2022 21:17:18] !aol
[24/2/2022 21:20:52] !aol
[24/2/2022 21:30:13] !aol
[24/2/2022 21:38:44] !aol
[24/2/2022 22:2:9] !aol
[24/2/2022 22:34:37] !aol
[24/2/2022 22:35:28] !aol
[24/2/2022 23:2:41] !aol
[24/2/2022 23:4:29] !aol
[24/2/2022 23:41:10] !aol
[25/2/2022 3:46:3] !emotespells
[25/2/2022 22:32:31] !aol
[25/2/2022 22:41:11] !aol
[27/2/2022 15:17:44] !emotespells
[27/2/2022 15:17:50] !emotespells on
[1/3/2022 3:54:8] !online
[2/3/2022 2:27:32] !frags
[2/3/2022 5:11:27] !buyhouse
[3/3/2022 2:56:27] !online
[3/3/2022 8:11:52] !online
