[10/12/2021 20:11:54] !online
[10/12/2021 21:57:5] !buyhouse
[10/12/2021 21:57:13] !buyhouse
[10/12/2021 21:57:17] !buyhouse
[10/12/2021 21:57:20] !buyhouse
[10/12/2021 21:57:27] !buyhouse
[10/12/2021 22:23:14] !buyhouse
[11/12/2021 2:25:13] !emotespells off
[11/12/2021 2:25:27] !emotespells on
[11/12/2021 2:25:31] !emotespells ff
[11/12/2021 2:25:35] !emotespells off
[11/12/2021 2:25:46] !emotespells on
[11/12/2021 14:48:45] !rank club
[15/12/2021 23:57:51] aleta som
[16/12/2021 23:37:34] !rank axe
[18/12/2021 23:7:32] !rank axe
[20/12/2021 17:53:48] !protecthouse
[20/12/2021 17:53:52] !protecthouse off
[20/12/2021 17:58:45] aleta som
[20/12/2021 18:12:23] aleta som
[21/12/2021 1:52:59] aleta som
[22/12/2021 14:13:32] !leavehouse
[22/12/2021 16:35:16] !rank magic
[23/12/2021 10:10:18] !rank axe
[25/12/2021 1:29:25] !online
[26/12/2021 0:21:0] !serverinfo
[26/12/2021 6:30:36] !online
[26/12/2021 6:51:8] !online
[26/12/2021 8:33:27] !online
[26/12/2021 13:52:38] !online
[26/12/2021 19:19:28] !rank sword
[26/12/2021 19:19:46] !rank axe
[26/12/2021 23:3:32] !rank magic
[27/12/2021 13:14:14] !online
[27/12/2021 16:0:15] !online
[28/12/2021 9:36:28] !online
[29/12/2021 0:9:50] !online
[29/12/2021 12:8:30] !online
[31/12/2021 11:42:8] !online
[1/1/2022 3:20:5] !online
[1/1/2022 20:28:14] !online
[2/1/2022 0:18:10] !online
[3/1/2022 7:25:2] !online
[3/1/2022 9:0:35] !online
[3/1/2022 9:9:48] !online
[3/1/2022 16:26:40] !online
[3/1/2022 16:37:12] !online
[3/1/2022 17:10:44] !rank axe
[3/1/2022 17:10:56] !rank level
[3/1/2022 19:57:50] !online
[4/1/2022 13:49:30] !rank level
[5/1/2022 3:23:0] !rank distance
[5/1/2022 3:23:54] !rank magic
[5/1/2022 6:54:9] !online
[6/1/2022 20:53:21] aleta som
[10/1/2022 0:31:15] !online
[13/1/2022 17:41:2] !online
[24/2/2022 1:41:47] !rank level
[26/2/2022 16:25:28] !frags
[28/5/2022 1:43:57] !aol
[28/5/2022 11:26:36] !frags
[28/5/2022 14:44:47] !frags
[28/5/2022 15:42:7] !frags
[28/5/2022 17:29:1] !frags
[28/5/2022 21:17:28] !serverinfo
[28/5/2022 23:58:42] !serverinfo
[29/5/2022 3:17:38] !frags
[29/5/2022 15:43:44] !frags
[29/5/2022 23:30:57] !frags
[29/5/2022 23:33:51] !frags
[30/5/2022 2:7:54] !frags
[30/5/2022 18:46:35] !frags
[30/5/2022 18:48:10] !frags
[31/5/2022 20:18:14] !aol
[31/5/2022 20:37:21] !aol
[31/5/2022 21:41:9] !aol
[31/5/2022 22:14:58] !aol
[1/6/2022 18:20:50] !frags
[1/6/2022 18:21:8] !frags
