[10/2/2022 20:53:29] !rank
[10/2/2022 20:53:33] !rank level
[10/2/2022 21:17:24] !rank level
[10/2/2022 22:8:58] !rank level
[10/2/2022 22:24:53] !buyhouse
[10/2/2022 22:36:53] !rank level
[10/2/2022 22:43:38] !rank level
[10/2/2022 22:43:47] !online
[10/2/2022 22:54:34] !rank level
[11/2/2022 0:14:35] !rank level
[11/2/2022 0:43:57] !rank levle
[11/2/2022 0:44:0] !rank level
[11/2/2022 6:4:46] !rank level
[11/2/2022 6:15:33] !rank level
[11/2/2022 7:11:26] !rank level
[11/2/2022 7:12:53] !online
[11/2/2022 7:13:10] !rank level
[11/2/2022 7:13:48] !rank club
[11/2/2022 11:8:21] !rank level
[11/2/2022 11:55:7] !rank level
[11/2/2022 12:20:5] !rank level
[11/2/2022 17:35:32] !rank level
[11/2/2022 19:17:5] !rank level
[11/2/2022 19:55:49] !rank level
[11/2/2022 23:26:50] !rank level
[12/2/2022 0:0:53] !rank level
[12/2/2022 0:44:0] !online
[12/2/2022 0:49:16] !rank level
[12/2/2022 0:49:37] !rank level
[12/2/2022 12:41:11] !rank
[12/2/2022 12:41:15] !rank level
[12/2/2022 14:49:39] !rank level
[12/2/2022 16:17:54] !rank level
[13/2/2022 0:28:5] !rank level
[13/2/2022 1:31:13] !emotespells off
[13/2/2022 2:40:8] !emotespells off
[13/2/2022 2:40:16] !emotespells on
