[13/2/2022 21:38:44] !aol
[13/2/2022 23:15:9] !aol
[14/2/2022 10:51:8] !aol
[14/2/2022 15:16:37] !aol
[14/2/2022 15:40:28] !aol
[15/2/2022 0:10:41] aleta som
[15/2/2022 10:38:28] !aol
[15/2/2022 10:38:46] !aol
[15/2/2022 21:57:21] !aol
[16/2/2022 0:16:52] !aol
[16/2/2022 10:32:36] !aol
[16/2/2022 10:33:8] !aol
[16/2/2022 11:14:50] !aol
[17/2/2022 14:55:9] !aol
[17/2/2022 15:0:19] !aol
[18/2/2022 7:25:31] !aol
[18/2/2022 13:27:6] !rank
[18/2/2022 13:27:10] !rank level
[18/2/2022 13:57:6] !frags
[18/2/2022 18:18:21] !rank
[18/2/2022 18:18:27] !rank distance
[18/2/2022 20:33:2] !aol
[18/2/2022 22:9:28] !aol
[18/2/2022 22:16:28] !aol
[19/2/2022 16:41:50] !aol
[20/2/2022 16:22:4] !aol
[20/2/2022 16:29:17] !aol
[20/2/2022 16:48:11] !aol
[21/2/2022 11:35:40] !online
[24/2/2022 0:42:39] !aol
[24/2/2022 11:42:1] !aol
[24/2/2022 21:40:12] !aol
[25/2/2022 15:56:32] !aol
[25/2/2022 16:6:21] !aol
[26/2/2022 0:5:19] !frags
[26/2/2022 0:12:16] !online
[26/2/2022 0:16:44] !frags
[27/2/2022 11:11:49] !aol
[28/2/2022 14:6:48] !aol
[28/2/2022 18:38:36] !aol
[28/2/2022 18:41:42] !aol
[2/3/2022 8:8:51] !emotespells off
[2/3/2022 8:8:54] !emotespells on
[2/3/2022 8:27:38] !rank distance
[2/3/2022 11:49:2] !aol
[2/3/2022 15:45:13] !aol
[4/3/2022 1:26:18] !online
[4/3/2022 22:47:14] !online
[5/3/2022 10:41:31] !aol
[7/3/2022 0:1:47] !online
[7/3/2022 0:10:54] !online
[7/3/2022 10:22:55] !online
[7/3/2022 10:42:33] !online
[10/3/2022 14:39:4] !aol
[10/3/2022 14:44:48] !aol
[10/3/2022 20:55:7] !online
[10/3/2022 21:12:21] !rank level
