[11/12/2021 8:9:30] !aol
[11/12/2021 20:8:23] !aol
[11/12/2021 21:34:55] !aol
[11/12/2021 21:46:36] !aol
[11/12/2021 22:51:49] !rank level
[11/12/2021 23:18:41] !aol
[12/12/2021 18:53:23] !aol
[13/12/2021 21:28:40] !aol
[13/12/2021 23:3:56] !aol
[13/12/2021 23:31:9] !guildpoints
[14/12/2021 21:47:34] !aol
[15/12/2021 22:55:27] !go
[16/12/2021 19:49:11] !online
[16/12/2021 21:37:38] !online
[17/12/2021 1:18:59] !wand ice
[17/12/2021 21:13:59] !wand ice
[17/12/2021 21:14:6] !wand holy
[17/12/2021 21:14:11] !wand holy
[17/12/2021 21:14:26] !wand holi
[17/12/2021 22:29:43] !rank level
[20/12/2021 7:59:54] !wand flam
[21/12/2021 23:42:22] !online
[23/12/2021 19:26:12] !online
[23/12/2021 19:29:6] !eject
[23/12/2021 19:29:18] !eject
[23/12/2021 19:29:24] !eject
[23/12/2021 19:29:29] !eject
[23/12/2021 19:29:45] !eject
[23/12/2021 19:30:20] !eject
[23/12/2021 19:31:28] !eject
[23/12/2021 19:31:46] !eject
[23/12/2021 19:32:4] !buyhouse
[23/12/2021 19:32:19] !buyhouse
[23/12/2021 19:32:23] !buyhouse
[23/12/2021 19:35:35] !buyhouse
[23/12/2021 19:35:41] aleta sio
[23/12/2021 19:35:50] aleta som
[23/12/2021 19:37:33] !eject
[23/12/2021 19:37:54] !eject
[23/12/2021 19:38:1] !eject
[23/12/2021 19:38:14] !eject
[23/12/2021 19:38:27] !eject
[23/12/2021 19:38:38] !eject
[23/12/2021 19:38:42] !eject
[23/12/2021 19:38:52] !eject
[23/12/2021 19:42:0] !eject
[23/12/2021 19:42:11] !eject
[23/12/2021 19:42:27] !eject
[23/12/2021 19:42:35] !eject
[23/12/2021 19:43:34] !eject
[23/12/2021 21:22:32] !online
[24/12/2021 7:29:31] !online
[24/12/2021 19:17:37] !protecthouse off
[24/12/2021 19:17:44] aleta sio
[24/12/2021 19:19:30] aleta som
[26/12/2021 8:17:50] !rank sword
[26/12/2021 22:48:59] !wand death
[26/12/2021 22:49:7] !wand ice
[26/12/2021 22:49:12] !wand ice
[26/12/2021 22:49:17] !wand death
[27/12/2021 0:22:7] !wand death
[29/12/2021 2:58:12] aleta som
[29/12/2021 2:58:59] aleta som
[10/2/2022 23:44:18] !aol
[11/2/2022 23:28:13] !aol
[12/2/2022 19:51:44] !online
[12/2/2022 21:7:20] !aol
[13/2/2022 0:34:23] !aol
[13/2/2022 7:56:49] !aol
[13/2/2022 18:43:31] !aol
[13/2/2022 21:49:20] !aol
[16/2/2022 19:33:8] !aol
[16/2/2022 19:42:39] !online
[16/2/2022 19:56:30] !aol
[16/2/2022 20:0:12] !aol
[16/2/2022 20:6:21] !aol
[19/2/2022 17:5:7] !emotespells on
[20/2/2022 18:30:59] !aol
[20/2/2022 18:36:32] !online
[21/2/2022 14:20:3] !online
[28/2/2022 0:24:59] !aol
[28/2/2022 14:30:27] !rank magic
[2/3/2022 6:42:5] !rank magic
[2/3/2022 19:14:50] !rank magic
[11/3/2022 13:21:49] !buyhouse
[11/3/2022 13:22:47] !buyhouse
[11/3/2022 13:22:50] !buyhouse
[11/3/2022 13:23:5] aleta som
[11/3/2022 13:23:24] !protecthouse off
[11/3/2022 13:23:31] aleta sio
[11/3/2022 13:23:35] aleta som
