[23/2/2022 21:6:31] /mute Vai Teia, 3600
[23/2/2022 21:49:12] /goto swaty cyclops
[23/2/2022 21:49:21] /goto a swaty cyclops
[23/2/2022 21:50:29] /t
[24/2/2022 9:44:39] /ban mata viado dois, 1
[24/2/2022 9:44:54] /ban mata viado dois, 1
[24/2/2022 9:45:2] /ban mata viado tres, 1
[24/2/2022 9:45:10] /ban mata viado quatro, 1
[24/2/2022 9:48:17] /ban mata viado um, 1
[24/2/2022 9:48:26] /ban mata viado dois, 1
[24/2/2022 9:48:32] /ban mata viado tres, 1
[24/2/2022 9:48:37] /ban mata viado quatro, 1
[24/2/2022 21:23:41] /ghost
[24/2/2022 21:25:10] /helpmute davizao jogaduro, 10
[25/2/2022 9:41:2] /t
[25/2/2022 9:41:19] /ghost
[25/2/2022 10:1:56] /goto waronylxrtwconfig
[25/2/2022 16:54:56] /ban mixers, 30
[26/2/2022 8:28:54] /ghost
[26/2/2022 8:28:59] /ghost
[27/2/2022 5:1:42] /ghost
[27/2/2022 5:1:52] /ghost
[27/2/2022 5:9:1] /t
[27/2/2022 17:17:56] /goto quebrado triste
[27/2/2022 17:17:59] /t
[27/2/2022 17:24:14] /ghost
[27/2/2022 17:35:52] /ghost
[27/2/2022 20:59:54] /ghost
[27/2/2022 20:59:58] /goto best trib~
[28/2/2022 17:52:54] /t
[28/2/2022 17:53:22] /ghost
[23/3/2022 5:8:51] /r
[23/3/2022 5:8:53] /r
[23/3/2022 5:8:56] /r
[23/3/2022 5:8:59] /r
[23/3/2022 5:9:3] /r
[23/3/2022 5:14:18] /goto admini~
