[27/5/2022 20:46:17] !online
[28/5/2022 11:9:26] !rank magic
[29/5/2022 8:49:54] !rank distance
[29/5/2022 8:53:30] !rank magic level
[29/5/2022 8:55:7] !rank magic level
[29/5/2022 8:55:10] !rank magic
[4/6/2022 9:55:12] !aol
[4/6/2022 9:55:15] !aol
[4/6/2022 9:55:22] !aol
[4/6/2022 9:55:25] !aol
[4/6/2022 9:55:28] !aol
[4/6/2022 9:55:31] !aol
[4/6/2022 9:55:35] !aol
[4/6/2022 9:55:38] !aol
[4/6/2022 9:55:41] !aol
[4/6/2022 9:55:44] !aol
[4/6/2022 9:55:47] !aol
[4/6/2022 9:55:51] !aol
[4/6/2022 9:55:54] !aol
[4/6/2022 9:55:57] !aol
[4/6/2022 9:56:0] !aol
[4/6/2022 9:56:4] !aol
[4/6/2022 9:56:7] !aol
[4/6/2022 9:56:10] !aol
[4/6/2022 9:56:13] !aol
[4/6/2022 9:56:16] !aol
[4/6/2022 9:56:20] !aol
[4/6/2022 9:56:23] !aol
[4/6/2022 9:56:26] !aol
[4/6/2022 9:56:29] !aol
[4/6/2022 9:56:32] !aol
[4/6/2022 9:56:36] !aol
[4/6/2022 9:56:39] !aol
[4/6/2022 9:56:42] !aol
[4/6/2022 9:56:45] !aol
[4/6/2022 9:56:48] !aol
[4/6/2022 9:56:52] !aol
[4/6/2022 9:56:55] !aol
[4/6/2022 9:56:58] !aol
[4/6/2022 9:57:1] !aol
[4/6/2022 9:57:4] !aol
[4/6/2022 9:57:8] !aol
[4/6/2022 9:57:11] !aol
[4/6/2022 9:57:14] !aol
[4/6/2022 9:57:17] !aol
[4/6/2022 9:57:20] !aol
[4/6/2022 9:57:24] !aol
[4/6/2022 9:57:27] !aol
[4/6/2022 9:57:30] !aol
[4/6/2022 9:57:33] !aol
[4/6/2022 9:57:36] !aol
[4/6/2022 9:57:40] !aol
[4/6/2022 9:57:43] !aol
[4/6/2022 9:57:46] !aol
[4/6/2022 9:57:49] !aol
[4/6/2022 9:57:52] !aol
[4/6/2022 9:57:56] !aol
[4/6/2022 9:57:59] !aol
[4/6/2022 9:58:9] !aol
[4/6/2022 9:58:12] !aol
[4/6/2022 9:58:15] !aol
[4/6/2022 9:58:21] !aol
[4/6/2022 9:58:25] !aol
[4/6/2022 9:58:28] !aol
[4/6/2022 9:58:31] !aol
[4/6/2022 9:58:34] !aol
[4/6/2022 9:58:37] !aol
[4/6/2022 9:58:41] !aol
[4/6/2022 9:58:44] !aol
[4/6/2022 9:58:47] !aol
[4/6/2022 9:58:50] !aol
[4/6/2022 9:58:53] !aol
[4/6/2022 9:58:57] !aol
[4/6/2022 9:59:0] !aol
[4/6/2022 9:59:3] !aol
[4/6/2022 9:59:6] !aol
[4/6/2022 9:59:9] !aol
[4/6/2022 9:59:13] !aol
[4/6/2022 9:59:16] !aol
[4/6/2022 9:59:19] !aol
[4/6/2022 9:59:22] !aol
[4/6/2022 9:59:25] !aol
[4/6/2022 9:59:29] !aol
[4/6/2022 9:59:32] !aol
[4/6/2022 9:59:35] !aol
[4/6/2022 9:59:38] !aol
[4/6/2022 9:59:42] !aol
[4/6/2022 9:59:45] !aol
[4/6/2022 9:59:48] !aol
[4/6/2022 9:59:51] !aol
[4/6/2022 9:59:54] !aol
[4/6/2022 9:59:58] !aol
[4/6/2022 10:0:1] !aol
[4/6/2022 10:0:4] !aol
[4/6/2022 10:0:7] !aol
[4/6/2022 10:0:10] !aol
[4/6/2022 10:0:14] !aol
[4/6/2022 10:0:17] !aol
[4/6/2022 10:0:20] !aol
[4/6/2022 10:0:23] !aol
[4/6/2022 10:0:26] !aol
[4/6/2022 10:0:30] !aol
[4/6/2022 10:0:33] !aol
[4/6/2022 10:0:36] !aol
[4/6/2022 10:0:39] !aol
[4/6/2022 10:0:42] !aol
[4/6/2022 10:0:46] !aol
[4/6/2022 10:0:49] !aol
[4/6/2022 10:0:52] !aol
[4/6/2022 10:0:55] !aol
[4/6/2022 10:0:59] !aol
[4/6/2022 10:1:2] !aol
[4/6/2022 10:1:8] !aol
[4/6/2022 10:1:11] !aol
[4/6/2022 10:1:15] !aol
[4/6/2022 10:1:18] !aol
[4/6/2022 10:1:21] !aol
[4/6/2022 10:1:24] !aol
[4/6/2022 10:1:27] !aol
[4/6/2022 10:1:31] !aol
[4/6/2022 10:1:34] !aol
[4/6/2022 10:1:37] !aol
[4/6/2022 10:1:40] !aol
[4/6/2022 10:1:43] !aol
[4/6/2022 10:1:47] !aol
[4/6/2022 10:1:50] !aol
[4/6/2022 10:1:53] !aol
[4/6/2022 10:1:56] !aol
[4/6/2022 10:1:59] !aol
[4/6/2022 10:2:3] !aol
[4/6/2022 10:2:6] !aol
[4/6/2022 10:2:9] !aol
[4/6/2022 10:2:12] !aol
[4/6/2022 10:2:16] !aol
[4/6/2022 10:2:19] !aol
[4/6/2022 10:2:22] !aol
[4/6/2022 10:2:25] !aol
[4/6/2022 10:2:28] !aol
[4/6/2022 10:2:32] !aol
[4/6/2022 10:2:35] !aol
[4/6/2022 10:2:38] !aol
[4/6/2022 10:2:41] !aol
[4/6/2022 10:2:44] !aol
[4/6/2022 10:2:48] !aol
[4/6/2022 10:2:51] !aol
[4/6/2022 10:2:54] !aol
[4/6/2022 10:2:57] !aol
[4/6/2022 10:3:0] !aol
[4/6/2022 10:3:4] !aol
[4/6/2022 10:3:7] !aol
[4/6/2022 10:3:10] !aol
[4/6/2022 10:3:13] !aol
[4/6/2022 10:3:16] !aol
[4/6/2022 10:3:20] !aol
[4/6/2022 10:3:23] !aol
[4/6/2022 10:3:26] !aol
[4/6/2022 10:3:29] !aol
[4/6/2022 10:3:33] !aol
[4/6/2022 10:3:36] !aol
[4/6/2022 10:3:39] !aol
[4/6/2022 10:3:42] !aol
[4/6/2022 10:3:45] !aol
[4/6/2022 10:3:49] !aol
[4/6/2022 10:3:52] !aol
[4/6/2022 10:3:55] !aol
[4/6/2022 10:3:58] !aol
[4/6/2022 10:4:1] !aol
[4/6/2022 10:4:5] !aol
[4/6/2022 10:4:8] !aol
[4/6/2022 10:4:11] !aol
[4/6/2022 10:4:14] !aol
[4/6/2022 10:4:17] !aol
[4/6/2022 10:4:21] !aol
[4/6/2022 10:4:24] !aol
[4/6/2022 10:4:27] !aol
[4/6/2022 10:4:30] !aol
[4/6/2022 10:4:33] !aol
[4/6/2022 10:4:37] !aol
[4/6/2022 10:4:43] !aol
[4/6/2022 10:4:46] !aol
[4/6/2022 10:4:49] !aol
[4/6/2022 10:4:53] !aol
[4/6/2022 10:4:56] !aol
[4/6/2022 10:4:59] !aol
[4/6/2022 10:5:2] !aol
[4/6/2022 10:5:5] !aol
[4/6/2022 10:5:9] !aol
