[10/11/2023 15:38:51] !aol
[10/11/2023 16:51:39] !online
[10/11/2023 17:1:37] !aol
[10/11/2023 18:58:29] !rank
[10/11/2023 18:58:33] !rank level
[10/11/2023 19:5:22] !rank level
[11/11/2023 7:40:13] !aol
[11/11/2023 10:40:26] !rank level
[12/11/2023 13:1:7] !aol
[13/11/2023 8:11:8] !aol
[13/11/2023 11:43:46] !rank level
[13/11/2023 11:43:54] !online
[13/11/2023 12:32:59] !online
[19/11/2023 7:59:26] !aol
[20/11/2023 8:7:27] !aol
[20/11/2023 11:37:8] !online
[20/11/2023 17:14:0] !buyhouse
[20/11/2023 17:14:4] aleta som
[20/11/2023 19:27:51] !online
[21/11/2023 17:59:47] !online
[21/11/2023 18:9:58] !buyhouse
[21/11/2023 18:10:5] !buyhouse
