[16/2/2022 9:55:8] !online
[16/2/2022 9:55:30] !emotespells on
[16/2/2022 11:12:4] !serverinfo
[17/2/2022 10:28:32] !serverinfo
[17/2/2022 10:37:13] !online
[17/2/2022 11:3:24] !frags
[17/2/2022 11:8:49] !frags
[17/2/2022 13:57:2] !doubleexp
[17/2/2022 19:53:53] !serverinfo
[18/2/2022 8:17:19] !serverinfo
[18/2/2022 8:42:55] !online
[18/2/2022 9:14:30] !addon assassin
[18/2/2022 12:15:14] !online
[18/2/2022 18:37:0] !serverinfo
[19/2/2022 19:14:53] !addon mage
[19/2/2022 19:17:13] !addon pirate
[20/2/2022 17:29:26] !frags
[20/2/2022 18:3:2] !frags
[21/2/2022 9:45:27] !frags
[21/2/2022 9:52:45] !online
[21/2/2022 11:57:55] !online
[21/2/2022 12:3:9] !frags
[21/2/2022 12:22:28] !frags
[21/2/2022 12:28:35] !frags
[21/2/2022 15:40:32] !online
[21/2/2022 18:5:33] !frags
[24/2/2022 7:47:42] !emotespells on
[24/2/2022 7:49:51] !online
[24/2/2022 9:27:11] !serverinfo
[24/2/2022 14:4:5] !serverinfo
[25/2/2022 8:38:8] !online
[25/2/2022 8:38:21] !online
[25/2/2022 18:46:43] !serverinfo
[26/2/2022 10:55:59] !online
[28/2/2022 11:21:19] !online
[28/2/2022 16:30:37] !online
[2/3/2022 8:2:48] !online
[2/3/2022 8:38:31] !frags
[2/3/2022 9:10:47] !frags
[2/3/2022 13:56:58] !online
[3/3/2022 8:3:30] !online
[4/3/2022 15:11:59] !online
[5/3/2022 10:33:11] !rank distance
[5/3/2022 19:52:45] !online
[6/3/2022 10:12:20] !online
[6/3/2022 10:12:46] !rank distance
[6/3/2022 10:35:18] !rank
[6/3/2022 10:35:25] !rank level
[6/3/2022 16:44:31] !online
[7/3/2022 7:48:24] !rank distance
[7/3/2022 7:48:33] !online
[7/3/2022 13:33:17] !rank distance
[7/3/2022 13:33:37] !online
[7/3/2022 13:34:1] !rank
[7/3/2022 13:34:6] !rank level
[8/3/2022 9:26:3] !rank distance
[8/3/2022 9:27:17] !online
[8/3/2022 17:41:47] !online
[9/3/2022 20:47:5] !online
[9/3/2022 20:47:40] !rank distance
[9/3/2022 20:48:11] !rank distance
[9/3/2022 20:48:37] !rank distance
[10/3/2022 8:32:29] !online
[10/3/2022 14:44:8] !rank distance
