[19/11/2023 14:14:11] !aol
[19/11/2023 14:53:12] !aol
[19/11/2023 15:14:56] !aol
[20/11/2023 13:51:40] !online
[22/11/2023 1:15:46] !buyhouse
[23/11/2023 21:13:9] !buyhouse
[23/11/2023 21:13:20] !buyhouse
[30/11/2023 20:50:28] !online
[1/12/2023 17:59:18] !online
[2/12/2023 13:54:22] !online
[2/12/2023 14:11:23] !online
[2/12/2023 14:27:34] !online
[4/12/2023 13:42:28] !online
[4/12/2023 14:51:13] !buyhouse
[4/12/2023 14:56:32] !online
[5/12/2023 12:53:21] !online
[5/12/2023 13:7:51] !aol
[5/12/2023 13:9:33] !aol
[5/12/2023 13:39:55] !addon amge
[5/12/2023 13:39:57] !addon mage
[5/12/2023 13:39:59] !addon mage
[5/12/2023 13:40:4] !addon mage
[5/12/2023 15:18:27] !online
[5/12/2023 15:18:53] !aol
[5/12/2023 15:22:23] !aol
[5/12/2023 15:56:28] !online
[5/12/2023 16:18:43] !online
[5/12/2023 16:19:46] !online
[5/12/2023 16:25:55] !online
[5/12/2023 17:6:15] !buyhouse
[5/12/2023 17:6:20] aleta som
[5/12/2023 17:11:18] !online
[5/12/2023 17:41:29] !aol
[5/12/2023 17:57:29] !aol
[5/12/2023 18:12:28] !aol
[6/12/2023 14:8:46] !online
