[10/2/2022 20:22:59] !emotespells on
[10/2/2022 20:27:23] !rank level
[10/2/2022 20:49:9] !aol
[10/2/2022 20:50:0] !online
[10/2/2022 20:51:57] !rank level
[10/2/2022 20:52:38] !online
[10/2/2022 20:54:26] !rank axe
[10/2/2022 20:56:19] !rank level
[10/2/2022 20:57:29] !aol
[10/2/2022 20:59:17] !aol
[10/2/2022 21:5:51] !aol
[10/2/2022 21:7:29] !rank level
[10/2/2022 21:10:11] !aol
[10/2/2022 21:51:59] !aol
[10/2/2022 21:55:6] !online
[10/2/2022 21:57:39] !rank level
[10/2/2022 22:36:36] !rank level
[10/2/2022 22:59:56] !aol
[10/2/2022 23:10:20] !rank level
[10/2/2022 23:13:5] !rank axe
[10/2/2022 23:17:45] !buyhouse
[10/2/2022 23:55:35] !rank level
[10/2/2022 23:56:41] !rank axe
[10/2/2022 23:56:46] !rank level
[11/2/2022 0:29:55] !rank level
[11/2/2022 0:56:4] !frags
[11/2/2022 0:58:43] !rank level
[11/2/2022 1:7:20] !aol
[11/2/2022 1:59:37] !rank level
[11/2/2022 1:59:48] !rank level
[11/2/2022 2:28:50] !rank level
[11/2/2022 3:53:52] !rank level
[11/2/2022 4:37:10] !frags
[11/2/2022 4:50:59] !aol
[11/2/2022 13:1:38] !rank level
[11/2/2022 13:57:39] !rank level
[11/2/2022 14:16:23] !aol
[11/2/2022 20:14:37] !online
[11/2/2022 21:10:0] !rank level
[11/2/2022 23:18:49] !online
[12/2/2022 0:50:7] !aol
[12/2/2022 0:50:13] !aol
[12/2/2022 0:50:16] !aol
[12/2/2022 0:50:44] !aol
[12/2/2022 4:25:16] !serverinfo
[12/2/2022 4:39:5] !aol
[12/2/2022 5:41:41] !frags
[12/2/2022 8:0:3] !aol
[12/2/2022 19:36:45] !rank level
[12/2/2022 19:42:11] !aol
[13/2/2022 0:21:24] !aol
[13/2/2022 1:30:49] !rank magic
[15/2/2022 1:28:54] !aol
[15/2/2022 2:39:14] !aol
[15/2/2022 6:41:42] !aol
[16/2/2022 0:57:4] !aol
[16/2/2022 1:52:55] !aol
[16/2/2022 1:54:17] !aol
[16/2/2022 2:19:50] !aol
[16/2/2022 21:12:56] !online
[16/2/2022 21:23:8] !rank level
[17/2/2022 6:29:14] !aol
[17/2/2022 7:51:50] !aol
[17/2/2022 8:8:19] !aol
[17/2/2022 13:11:48] !aol
[17/2/2022 16:15:34] !aol
[17/2/2022 21:0:4] !aol
[19/2/2022 4:49:36] !addon mage
[19/2/2022 4:49:49] !addon oriental
[19/2/2022 14:46:6] !rank level
[20/2/2022 4:40:25] !frags
[23/2/2022 3:21:6] !rank axe
[23/2/2022 3:27:58] !emotespells on
[23/2/2022 23:17:26] !rank level
[23/2/2022 23:52:53] !rank level
[23/2/2022 23:59:36] !aol
[24/2/2022 0:12:49] !rank axe
[24/2/2022 1:43:23] !aol
[24/2/2022 7:40:50] !aol
[24/2/2022 14:16:21] !aol
[24/2/2022 15:8:55] !aol
[24/2/2022 15:34:40] !aol
[25/2/2022 2:37:17] !addon summoner
[25/2/2022 5:22:16] !aol
[25/2/2022 21:49:23] !aol
[26/2/2022 20:10:27] !rank level
[26/2/2022 23:38:45] !aol
[30/5/2022 1:35:44] !emotespells on
[30/5/2022 1:46:35] !rank axe
[30/5/2022 2:40:6] !aol
[30/5/2022 2:49:21] !aol
[30/5/2022 2:54:47] !rank distance
[30/5/2022 2:55:0] !rank axe
[30/5/2022 2:55:5] !rank level
[30/5/2022 20:27:35] !aol
[30/5/2022 22:20:17] !aol
[30/5/2022 23:8:41] !go
[31/5/2022 0:7:46] !rank magic
[31/5/2022 0:16:54] !guildpoints
[31/5/2022 0:38:33] !guildpoints
[1/6/2022 1:9:18] !rank club
[1/6/2022 1:9:20] !rank axe
[1/6/2022 1:9:24] !rank sword
[1/6/2022 1:19:16] !emotespells on
[1/6/2022 3:59:52] !aol
[1/6/2022 5:54:0] !aol
[1/6/2022 5:54:4] !aol
[1/6/2022 6:21:10] !aol
[1/6/2022 6:21:13] !aol
[1/6/2022 6:21:27] !aol
[1/6/2022 6:39:26] !rank level
[1/6/2022 6:40:0] !rank axe
[1/6/2022 12:28:22] !rank distance
[1/6/2022 19:2:13] !rank axe
[1/6/2022 19:9:45] !rank level
[1/6/2022 19:27:52] !online
[2/6/2022 1:34:59] !online
[2/6/2022 2:56:13] !online
[3/6/2022 1:16:11] !online
[3/6/2022 1:43:26] !rank axe
[3/6/2022 4:40:39] !aol
[3/6/2022 21:20:3] !rank axe
