[14/2/2022 0:2:46] !rank distance
[14/2/2022 0:3:1] !rank magic
[14/2/2022 0:3:10] !rank
[14/2/2022 0:3:15] !rank level
[15/2/2022 18:55:34] !serverinfo
[16/2/2022 15:20:7] !aol
[16/2/2022 15:21:24] !serverinfo
[16/2/2022 18:40:26] 
[17/2/2022 14:55:16] !serverinfo
[17/2/2022 15:24:33] 
[18/2/2022 21:3:29] !aol
[18/2/2022 21:6:30] 
[19/2/2022 5:43:7] !aol
[19/2/2022 21:47:17] !aol
[19/2/2022 21:54:40] !aol
[19/2/2022 21:58:7] !aol
[19/2/2022 22:19:17] !aol
[19/2/2022 22:26:42] !aol
[21/2/2022 15:30:55] !online
[23/2/2022 20:12:42] !aol
[23/2/2022 21:55:56] 
[23/2/2022 22:54:42] !serverinfo
[24/2/2022 20:46:7] !buyhouse
[24/2/2022 20:46:15] aleta som
[24/2/2022 21:0:47] !aol
[24/2/2022 21:2:40] !aol
[24/2/2022 21:3:7] !aol
[24/2/2022 21:5:10] !aol
[25/2/2022 20:54:35] 
[28/2/2022 9:47:12] 
[1/3/2022 0:26:10] !aol
[1/3/2022 10:45:25] !online
[1/3/2022 12:10:33] !serverinfo
[1/3/2022 17:17:54] !online
[1/3/2022 18:47:42] !aol
[5/3/2022 5:1:11] !aol
