[27/5/2022 21:47:41] !buyhouse
[27/5/2022 22:11:37] !guildpoints
[27/5/2022 23:36:7] 
[27/5/2022 23:36:14] 
[27/5/2022 23:36:34] 
[27/5/2022 23:36:36] 
[27/5/2022 23:36:44] 
[27/5/2022 23:36:59] 
[27/5/2022 23:37:3] 
[27/5/2022 23:37:6] 
[27/5/2022 23:37:11] 
[27/5/2022 23:37:13] 
[27/5/2022 23:37:18] 
[27/5/2022 23:37:20] 
[27/5/2022 23:37:26] 
[27/5/2022 23:37:28] 
[27/5/2022 23:37:30] 
[27/5/2022 23:37:33] 
[27/5/2022 23:37:40] 
[27/5/2022 23:37:42] 
[28/5/2022 0:5:7] !serverinfo
[28/5/2022 0:10:45] !serverinfo
[28/5/2022 0:39:0] !emotespells on
[28/5/2022 12:53:25] !guildpoints
[28/5/2022 12:53:50] !guildpoints
[28/5/2022 15:22:55] !frags
[28/5/2022 16:51:18] !frags
[28/5/2022 17:32:14] !frags
[28/5/2022 20:1:29] !guildpoints
