[28/2/2022 21:4:3] !aol
[28/2/2022 22:7:8] !aol
[28/2/2022 22:8:17] !aol
[28/2/2022 22:9:5] !aol
[28/2/2022 22:27:1] !aol
[28/2/2022 22:35:13] !emotespells on
[28/2/2022 22:36:29] !aol
[28/2/2022 22:51:49] !aol
[28/2/2022 22:56:50] !aol
[28/2/2022 23:5:16] !aol
[28/2/2022 23:5:38] !aol
[28/2/2022 23:12:51] !aol
[28/2/2022 23:44:30] !aol
[1/3/2022 3:37:43] !aol
[1/3/2022 3:43:9] !aol
[2/3/2022 2:35:17] !aol
[6/3/2022 6:42:1] !buyhouse
[6/3/2022 6:42:6] aleta sio
[6/3/2022 6:42:9] aleta sio
[6/3/2022 6:42:18] aleta som
[6/3/2022 6:42:22] aleta grav
