[3/6/2022 10:54:57] !emotespells on
[4/6/2022 23:7:44] !serverinfo
[5/6/2022 15:24:19] !aol
[6/6/2022 12:26:36] !guildpoints
[6/6/2022 12:53:32] !aol
[6/6/2022 15:35:44] !aol
[6/6/2022 15:38:21] !aol
[6/6/2022 15:41:39] !aol
[6/6/2022 15:42:55] !frags
[6/6/2022 16:25:18] !aol
[6/6/2022 16:47:45] !aol
[6/6/2022 19:12:31] !aol
[7/6/2022 12:16:13] !aol
[7/6/2022 14:8:44] !aol
[7/6/2022 14:12:47] !aol
[7/6/2022 14:14:53] !aol
[7/6/2022 14:21:16] !aol
[7/6/2022 16:19:8] !aol
[8/6/2022 11:8:28] !aol
[8/6/2022 11:12:33] !aol
[8/6/2022 11:21:48] !aol
[8/6/2022 11:25:26] !aol
[8/6/2022 14:32:6] !aol
[8/6/2022 15:6:22] !aol
[8/6/2022 18:16:45] !aol
[22/11/2023 12:5:20] !online
[22/11/2023 18:6:7] !online
[22/11/2023 20:52:19] !online
