[14/2/2022 15:58:35] !frags
[14/2/2022 16:5:28] !emotespells
[14/2/2022 16:5:36] !emotespells
[14/2/2022 16:5:39] !emotespells on
[14/2/2022 16:13:35] !frags
[14/2/2022 16:23:55] !frags
[14/2/2022 19:46:5] !frags
[16/2/2022 0:10:52] !frags
[16/2/2022 22:0:49] !addon oriental
[16/2/2022 23:1:13] !frags
[24/2/2022 0:5:18] !emotespells
[24/2/2022 0:5:21] !emotespells on
[1/6/2022 16:54:44] !emotespells
[1/6/2022 16:54:46] !emotespells on
[1/6/2022 17:50:4] !aol
[1/6/2022 17:59:35] !aol
[2/6/2022 13:17:46] !guildpoints
[3/6/2022 1:59:17] !frags
[3/6/2022 14:10:8] !frags
[3/6/2022 14:10:40] !frags
[3/6/2022 14:11:23] !frags
[3/6/2022 14:35:1] !frags
[3/6/2022 14:56:51] !frags
[3/6/2022 14:58:51] !frags
[3/6/2022 15:1:37] !frags
[3/6/2022 15:3:5] !frags
[3/6/2022 15:3:28] !frags
[3/6/2022 15:4:37] !frags
