[10/12/2021 21:18:45] !rank distance
[10/12/2021 21:59:19] !rank distance
[10/12/2021 22:29:21] !rank distance
[11/12/2021 2:19:0] !rank distance
[11/12/2021 5:19:33] !rank distance
[11/12/2021 5:20:5] !rank level
[11/12/2021 6:9:4] !rank distance
[11/12/2021 9:54:20] !rank distance
[11/12/2021 9:54:26] !rank distance
[11/12/2021 10:36:23] !rank distance
[11/12/2021 11:37:58] !rank distance
[11/12/2021 12:46:32] !rank distance
[11/12/2021 15:54:54] !rank distance
[11/12/2021 20:10:15] !rank distance
[11/12/2021 20:31:18] !rank distance
[11/12/2021 21:23:42] !rank distance
[11/12/2021 21:40:58] !rank distance
[11/12/2021 23:13:0] !rank distance
[12/12/2021 4:26:4] !rank distance
[12/12/2021 6:4:54] !rank distance
[12/12/2021 7:37:32] !rank level
[12/12/2021 7:37:46] !rank magic
[12/12/2021 7:37:55] !rank sword
[12/12/2021 11:51:29] !rank distance
[12/12/2021 13:50:15] !rank distance
[12/12/2021 19:32:14] !rank distance
[12/12/2021 23:45:34] !rank distance
[12/12/2021 23:46:46] !rank shield
[13/12/2021 5:18:11] !rank distance
[13/12/2021 5:19:1] !rank level
[13/12/2021 12:7:22] !rank distance
[13/12/2021 12:10:44] !rank distance
[13/12/2021 12:10:55] !rank level
[13/12/2021 14:34:59] !rank distance
[13/12/2021 17:54:10] !rank distance
[13/12/2021 17:57:47] !rank distance
[13/12/2021 18:6:59] !rank level
[13/12/2021 18:7:8] !rank shield
[14/12/2021 0:29:15] !rank distance
[14/12/2021 5:37:21] !rank distance
[14/12/2021 20:13:21] !rank distance
[14/12/2021 22:59:14] !rank level
[15/12/2021 5:49:3] !rank level
[15/12/2021 11:53:29] !rank level
[15/12/2021 16:54:45] !emotespells off
[15/12/2021 16:55:2] !emotespells on
[15/12/2021 18:46:25] !rank distance
[15/12/2021 21:17:28] !rank level
[15/12/2021 21:27:24] !rank distance
[15/12/2021 22:52:49] !rank level
[15/12/2021 22:52:52] !rank level
[16/12/2021 6:37:5] !rank distance
[16/12/2021 6:59:1] !rank distance
[16/12/2021 17:41:2] !rank level
[16/12/2021 17:45:16] !online
[16/12/2021 22:42:44] !rank distance
[17/12/2021 6:17:4] !rank distance
[17/12/2021 6:28:32] !rank distance
[17/12/2021 19:39:55] !rank level
[18/12/2021 4:28:27] !rank level
[18/12/2021 5:49:38] !rank distance
[18/12/2021 11:32:47] !rank distance
[18/12/2021 11:32:50] !rank distance
[18/12/2021 11:33:1] !rank level
[19/12/2021 7:20:37] !buyhouse
[19/12/2021 10:35:29] !rank distance
[19/12/2021 16:35:59] !rank distance
[19/12/2021 16:36:12] !rank level
[21/12/2021 6:8:13] !rank distance
[22/12/2021 22:23:1] !online
