[14/2/2022 22:47:19] !emotespells on
[15/2/2022 16:7:35] !frags
[16/2/2022 1:33:31] !frags
[16/2/2022 1:45:40] !rank level
[16/2/2022 1:48:55] !frags
[16/2/2022 12:19:18] !serverinfo
[16/2/2022 14:2:29] !frags
[16/2/2022 14:42:21] !rank axe
[16/2/2022 14:42:57] !rank level
[17/2/2022 15:11:48] !addon oriental
[17/2/2022 16:2:54] !rank level
[17/2/2022 17:38:57] !frags
[18/2/2022 17:44:55] !guildpoints
[30/5/2022 6:22:43] !aol
[30/5/2022 6:27:16] !aol
[30/5/2022 6:39:49] !aol
[30/5/2022 6:47:45] !aol
[30/5/2022 7:8:18] !aol
[30/5/2022 7:9:58] !aol
[30/5/2022 7:14:49] !aol
[30/5/2022 8:3:7] !aol
[30/5/2022 8:8:58] !aol
[30/5/2022 10:46:25] !emotespells on
[30/5/2022 10:48:52] !emotespells on
[30/5/2022 10:51:39] !emotespells on
[30/5/2022 10:53:46] !emotespells on
[30/5/2022 10:55:21] !emotespells on
[30/5/2022 10:58:9] !emotespells on
[30/5/2022 11:1:19] !emotespells on
[30/5/2022 11:3:49] !emotespells on
[30/5/2022 11:6:19] !emotespells on
[30/5/2022 11:10:3] !aol
[30/5/2022 12:31:27] !buyhouse
[30/5/2022 12:31:29] !buyhouse
[30/5/2022 12:31:33] !buyhouse
[30/5/2022 12:31:36] !buyhouse
[30/5/2022 12:58:59] aleta sio
[30/5/2022 13:12:39] !buyhouse
[30/5/2022 13:12:42] !buyhouse
[30/5/2022 13:12:45] !buyhouse
[30/5/2022 13:12:49] !buyhouse
[30/5/2022 13:12:52] !buyhouse
[30/5/2022 13:13:20] !buyhouse
[30/5/2022 13:13:38] aleta som
[30/5/2022 16:57:51] aleta som
[30/5/2022 16:57:57] aleta som
[30/5/2022 16:58:2] aleta sio
[30/5/2022 18:53:23] aleta som
