[11/12/2021 8:51:22] !rank club
[11/12/2021 9:29:12] !rank sword
[11/12/2021 9:29:16] !rank axe
[11/12/2021 9:29:20] !rank club
[11/12/2021 10:9:15] !rank club
[11/12/2021 11:1:2] !rank club
[11/12/2021 14:16:42] !rank club
[11/12/2021 14:17:2] !rank distance
[12/12/2021 2:13:28] !rank club
[12/12/2021 10:13:32] !rank club
[12/12/2021 12:0:51] !aol
[12/12/2021 12:10:34] !rank distanc3
[12/12/2021 12:10:42] !rank axe
[12/12/2021 12:10:47] !rank sword
[12/12/2021 12:10:55] !rank club
[12/12/2021 15:25:58] !rank club
[12/12/2021 17:8:21] !rank club
[13/12/2021 19:33:50] !rank club
[13/12/2021 22:18:37] !rank level
[14/12/2021 5:22:55] !rank club
[14/12/2021 20:21:5] !rank club
[15/12/2021 19:20:18] !rank club
[15/12/2021 21:51:21] !guildpoints
[15/12/2021 22:5:39] !guildpoints
[15/12/2021 22:8:33] !guildpoints
[16/12/2021 6:11:9] !rank club
[16/12/2021 6:11:15] !rank level
[16/12/2021 20:52:26] !rank club
[16/12/2021 21:55:57] !guildpoints
[18/12/2021 7:50:47] !rank club
[18/12/2021 7:50:55] !rank axe
[18/12/2021 7:50:58] !rank sword
[18/12/2021 14:39:56] !rank club
[19/12/2021 0:5:45] !rank club
[19/12/2021 11:24:35] !rank club
[19/12/2021 15:39:25] !online
[19/12/2021 16:30:59] !rank level
[20/12/2021 21:27:58] !rank level
[21/12/2021 5:45:27] !rank club
[21/12/2021 8:30:9] !rank club
[21/12/2021 20:11:52] !online
[21/12/2021 20:12:6] !rank level
[22/12/2021 8:21:23] !rank club
[22/12/2021 19:46:8] !rank level
[22/12/2021 19:46:17] !rank club
[22/12/2021 19:46:24] !online
[22/12/2021 22:33:4] !rank level
[22/12/2021 22:33:23] !rank level
[23/12/2021 21:53:16] !online
[24/12/2021 16:26:8] !online
[24/12/2021 16:26:15] !online
[24/12/2021 16:26:18] !online
[24/12/2021 16:26:23] !online
[24/12/2021 17:17:3] !rank club
[25/12/2021 10:38:15] !rank level
[25/12/2021 12:15:20] !rank club
[25/12/2021 12:15:27] !online
[25/12/2021 20:23:5] !online
