[10/2/2022 22:37:17] !emotespells
[10/2/2022 22:37:20] !emotespells on
[11/2/2022 9:45:30] !guildpoints
[12/2/2022 0:25:40] !buyhouse
[12/2/2022 0:25:53] aleta sio
[12/2/2022 0:25:59] aleta grav
[12/2/2022 0:26:2] aleta grav
[12/2/2022 0:26:5] aleta grav
[12/2/2022 0:26:7] aleta som
[12/2/2022 0:26:12] aleta grav
[12/2/2022 0:26:15] aleta grav
[12/2/2022 0:26:18] aleta grav
[12/2/2022 0:26:36] aleta sio
[13/2/2022 20:15:23] aleta sio
[13/2/2022 20:15:28] aleta sio
[13/2/2022 20:15:33] aleta grav
[17/2/2022 21:42:28] aleta som
[17/2/2022 21:42:34] aleta grav
[17/2/2022 21:42:50] !protecthouse off
[18/2/2022 5:48:44] aleta sio
[18/2/2022 8:10:4] aleta sio
[18/2/2022 8:12:50] aleta sio
[20/4/2022 11:40:3] /t
[20/4/2022 11:40:40] /i boots of haste
[20/4/2022 11:42:6] /t
[20/4/2022 11:42:9] /goto Orshabaal
[20/4/2022 11:42:12] /t
[20/4/2022 12:30:45] /t
[20/4/2022 12:38:35] /items
[20/4/2022 12:42:34] /goto Grim Reaper
[20/4/2022 12:42:59] /goto Grim Reaper
[20/4/2022 12:43:0] /goto Grim Reaper
[20/4/2022 12:43:0] /goto Grim Reaper
[20/4/2022 12:43:1] /goto Grim Reaper
[20/4/2022 12:43:2] /goto Grim Reaper
[20/4/2022 12:43:7] /t
[20/4/2022 12:44:26] /goto osiris
[20/4/2022 12:46:38] /goto osiris
[20/4/2022 12:46:39] /goto osiris
[20/4/2022 12:46:40] /t
[20/4/2022 12:46:41] /goto osiris
[20/4/2022 14:20:28] /i warlord sword
[20/4/2022 14:20:40] /i ice vip bow
[20/4/2022 14:20:46] /i ice bow
[20/4/2022 14:20:52] /t
[20/4/2022 14:21:9] /i anubis crossbow
[20/4/2022 14:21:26] /i soulpiercer
[20/4/2022 14:23:0] /t
[20/4/2022 14:23:6] /i bolyt
[20/4/2022 14:23:8] /i boly
[20/4/2022 14:23:9] /i bolt
[20/4/2022 14:25:33] /t
[20/4/2022 14:29:48] /i sudden death rune
[20/4/2022 14:29:49] /i sudden death rune
[20/4/2022 14:29:50] /i sudden death rune
[20/4/2022 14:30:2] /t
[20/4/2022 14:30:15] /i crystal coin
[20/4/2022 14:30:21] /i crystal coin
[20/4/2022 14:31:59] /goto amfir
[20/4/2022 14:32:19] /up
[20/4/2022 14:32:22] /up
[20/4/2022 14:32:46] /t
[20/4/2022 14:34:3] /i night armor
[20/4/2022 14:34:9] /i night legs
[20/4/2022 14:34:15] /i night helmet
[20/4/2022 14:34:27] /i pair of soulwaker
[20/4/2022 14:34:28] /i pair of soulwakers
[20/4/2022 14:34:32] /i pair of soulwalker
[20/4/2022 14:34:33] /i pair of soulwalkers
[20/4/2022 14:34:57] /i soulbastion
[20/4/2022 14:35:7] /i soulbiter
[20/4/2022 14:35:44] /i night ring
[20/4/2022 14:35:53] /i night amulet
[26/4/2022 0:24:16] /t
[26/4/2022 0:25:31] /down
[26/4/2022 0:25:44] /up
[26/4/2022 0:25:47] /up
[26/4/2022 0:25:52] /down
[26/4/2022 0:26:16] /t
[26/4/2022 0:28:6] /ghost
[14/5/2022 18:30:42] /ghost
[14/5/2022 18:30:55] /t
