[27/5/2022 20:42:9] !aol
[28/5/2022 16:51:17] !aol
[31/5/2022 2:49:1] !online
[31/5/2022 20:1:1] !aol
[31/5/2022 20:29:17] !aol
[1/6/2022 2:2:57] !aol
[1/6/2022 2:37:1] !aol
[1/6/2022 2:42:53] !aol
[1/6/2022 2:43:20] !aol
[2/6/2022 1:28:38] !aol
[2/6/2022 2:30:58] !aol
[2/6/2022 4:48:12] !aol
[2/6/2022 4:52:14] !frags
[2/6/2022 11:16:59] !aol
[2/6/2022 13:17:9] !aol
[2/6/2022 14:23:37] !aol
[2/6/2022 14:24:4] !aol
[2/6/2022 19:47:17] !tradeoff add, 90000000
[2/6/2022 20:44:25] !tradeoff
[2/6/2022 20:44:38] !tradeoff remove ,80
[2/6/2022 20:45:4] !tradeoff add ,90000000
[2/6/2022 20:45:18] !tradeoff remove ,83
[2/6/2022 20:45:26] !tradeoff add ,9000000
