[11/2/2022 22:46:24] !rank axe
[11/2/2022 22:46:27] !rank sword
[11/2/2022 22:46:30] !rank club
[12/2/2022 2:47:28] !rank sworf
[12/2/2022 2:47:32] !rank sword
[12/2/2022 2:47:37] !rank
[12/2/2022 2:47:43] !rank level
[12/2/2022 7:6:52] !rank sword
[12/2/2022 18:27:45] !rank sword
[12/2/2022 19:48:6] !rank sword
[12/2/2022 20:13:53] !emotespells off
[12/2/2022 20:19:37] !emotespells off
[12/2/2022 20:19:45] !emotespells on
[13/2/2022 8:25:54] !rank sword
[14/2/2022 8:39:33] !rank shield
[14/2/2022 8:39:43] !rank sword
[14/2/2022 10:37:47] !rank shield
[14/2/2022 11:17:14] !rank sword
[14/2/2022 11:17:21] !rank shield
[14/2/2022 18:30:16] !serverinfo
[14/2/2022 23:1:18] !online
[15/2/2022 10:55:0] !online
[15/2/2022 15:16:40] !rank sword
[16/2/2022 10:54:7] !rank sword
[16/2/2022 10:54:15] !rank shield
[16/2/2022 15:54:43] !rank sword
[17/2/2022 16:57:43] !eject
[17/2/2022 16:57:47] !eject
[17/2/2022 16:57:54] !eject
[17/2/2022 16:57:58] !eject
[17/2/2022 16:58:8] !eject
[17/2/2022 16:58:14] !eject
[17/2/2022 16:58:20] !eject
[17/2/2022 16:58:24] !eject
[18/2/2022 0:6:1] !online
[19/2/2022 13:12:51] !online
[19/2/2022 18:42:31] !eject
[19/2/2022 18:42:41] !eject
[19/2/2022 18:43:48] !eject
[19/2/2022 18:44:52] !eject
[19/2/2022 18:44:59] !eject
[19/2/2022 18:45:2] !eject
[19/2/2022 18:46:20] !eject
[19/2/2022 18:46:31] !eject
[19/2/2022 18:47:0] !eject
[19/2/2022 18:47:7] !buyhouse
[19/2/2022 18:47:27] !buyhouse
[19/2/2022 18:47:30] !buyhouse
[19/2/2022 18:48:44] !buyhouse
[19/2/2022 18:48:48] !buyhouse
[19/2/2022 18:48:53] !buyhouse
[19/2/2022 18:50:40] !buyhouse
[19/2/2022 21:41:28] !addon wayfarer
[19/2/2022 21:41:42] !addon wayfarer
[19/2/2022 21:41:57] !addon Wayfarer
[19/2/2022 21:42:14] !addon wayfarer
[19/2/2022 21:43:22] !addon
[19/2/2022 21:43:28] !addon wayfarer
[19/2/2022 21:43:47] !addon ,wayfarer
[19/2/2022 21:45:28] !addon wayfarer
[19/2/2022 21:45:40] !addon wayfarer
[19/2/2022 21:47:7] !addon oriental
[19/2/2022 23:1:43] !guildpoints
[19/2/2022 23:2:57] !guildpoints
[19/2/2022 23:11:58] !rank sword
[19/2/2022 23:37:13] !guildpoints
[20/2/2022 11:22:37] !rank sword
[20/2/2022 23:21:56] !online
[20/2/2022 23:22:45] !rank magic
[21/2/2022 0:22:8] !leavehouse
[21/2/2022 0:24:1] !eject
[21/2/2022 0:24:3] !eject
[21/2/2022 0:24:6] !eject
[21/2/2022 0:24:8] !eject
[21/2/2022 0:24:11] !eject
[21/2/2022 0:24:28] !eject
[21/2/2022 0:24:34] !eject
[21/2/2022 0:27:21] !eject
[21/2/2022 0:27:25] !eject
[21/2/2022 0:27:42] !eject
[21/2/2022 0:28:59] !eject
[21/2/2022 0:29:2] !eject
[21/2/2022 0:29:11] !buyhouse
[21/2/2022 0:33:53] !buyhouse
[21/2/2022 0:44:33] !leavehouse
[21/2/2022 0:46:7] !buyhouse
[21/2/2022 0:46:24] !protecthouse
[21/2/2022 0:46:27] !protecthouse off
[21/2/2022 0:46:32] aleta som
[21/2/2022 1:15:33] !online
[21/2/2022 1:16:12] !eject
[21/2/2022 1:16:16] !eject
[21/2/2022 1:16:19] !eject
[21/2/2022 1:16:27] !eject
[21/2/2022 13:18:34] !online
[21/2/2022 14:3:36] !protecthouse on
[21/2/2022 14:3:39] aleta som
