[11/12/2021 8:51:34] !guildpoints
[11/12/2021 8:51:38] !guildpoints
[11/12/2021 10:35:35] !aol
[11/12/2021 10:38:2] !emotespells on
[11/12/2021 10:40:53] !guildpoints
[11/12/2021 10:40:55] !guildpoints
[11/12/2021 10:40:57] !guildpoints
[11/12/2021 11:50:58] !guildpoints
[11/12/2021 16:39:28] !wand ice
[11/12/2021 17:41:20] !guildpoints
[11/12/2021 21:0:12] !wand ice
[11/12/2021 21:39:21] !wand holy
[11/12/2021 21:56:48] !wand ice
[12/12/2021 9:15:21] !wand ice
[12/12/2021 12:5:3] !wand ice
[12/12/2021 13:14:47] !guildpoints
[12/12/2021 18:5:2] !guildpoints
[12/12/2021 18:38:42] !wand ice
[12/12/2021 20:12:52] !wand ice
[12/12/2021 22:35:18] !wand ice
[12/12/2021 23:56:47] !go
[13/12/2021 0:6:18] !wand ice
[13/12/2021 1:23:59] !go
[13/12/2021 1:24:36] !guildpoints
[13/12/2021 2:24:14] !guildpoints
[13/12/2021 2:25:26] !guildpoints
[13/12/2021 12:52:54] !guildpoints
[13/12/2021 13:59:39] !guildpoints
[13/12/2021 23:6:50] !go
[15/12/2021 23:3:12] !guildpoints
[16/12/2021 20:8:30] !guildpoints
[17/12/2021 8:26:4] !guildpoints
[10/2/2022 20:15:13] !aol
[10/2/2022 20:46:45] !aol
[10/2/2022 21:29:23] !aol
[10/2/2022 21:33:42] !aol
[10/2/2022 21:49:48] !aol
[10/2/2022 22:2:28] !aol
[10/2/2022 22:10:37] !aol
[10/2/2022 22:20:37] !aol
[10/2/2022 22:27:45] !guildpoints
[11/2/2022 0:49:28] !emotespells
[11/2/2022 0:50:22] !serverinfo
[11/2/2022 22:1:56] !guildpoints
[13/2/2022 10:24:55] !guildpoints
[15/2/2022 11:12:3] !guildpoints
[17/2/2022 18:55:34] !emotespells off
[17/2/2022 18:55:39] !emotespells off
[17/2/2022 18:55:44] !emotespells on
