[31/5/2022 21:48:19] !emotespells on
[31/5/2022 22:3:26] !aol
[31/5/2022 22:8:45] !aol
[2/6/2022 2:23:59] !aol
[2/6/2022 3:34:48] !aol
[2/6/2022 3:51:15] !tradeoff buy, dragon scale legs
[2/6/2022 3:51:22] !tradeoff buy, Dragon Scale Legs
[2/6/2022 3:51:36] !tradeoff buy, Dragon Scale Legs
[2/6/2022 3:52:4] !tradeoff add, dragon scale legs
[2/6/2022 5:47:0] !aol
[2/6/2022 6:0:52] !aol
[2/6/2022 7:45:56] !aol
[2/6/2022 10:52:0] 
[2/6/2022 12:40:37] !aol
[2/6/2022 15:55:42] !tradeoff buy, 76
[2/6/2022 15:56:6] !tradeoff buy, 76
[2/6/2022 15:58:15] !tradeoff remove, 69
[2/6/2022 15:58:18] !tradeoff remove, 69
[2/6/2022 15:59:16] !tradeoff add, dragon scale legs
[2/6/2022 17:53:39] !aol
[2/6/2022 19:44:6] !aol
[2/6/2022 19:59:58] !tradeoff add, dragon scale legs
[2/6/2022 20:0:7] !tradeoff buy, 82
[2/6/2022 20:9:1] !aol
[2/6/2022 20:31:27] !aol
[2/6/2022 20:35:3] !aol
[2/6/2022 20:42:19] !buyhouse
[2/6/2022 20:42:26] !buyhouse
[3/6/2022 8:15:4] !protecthouse on
[3/6/2022 8:18:21] !tradeoff add, guild amulet
[3/6/2022 19:14:24] !aol
[3/6/2022 19:17:33] !aol
[8/6/2022 10:51:22] !tradeoff buy, 135
