[31/5/2022 20:30:10] !emotespells on
[31/5/2022 20:32:10] !aol
[31/5/2022 23:43:15] !frags
[1/6/2022 0:27:23] !frags
[2/6/2022 1:45:54] !frags
[2/6/2022 6:20:59] !aol
[2/6/2022 12:23:53] !frags
[2/6/2022 12:36:56] !addon warrior
[2/6/2022 20:42:39] !buyhouse
[2/6/2022 20:42:44] !buyhouse
[2/6/2022 20:42:47] !buyhouse
[2/6/2022 20:42:55] !buyhouse
[2/6/2022 20:43:3] !buyhouse
[2/6/2022 20:43:23] !buyhouse
[2/6/2022 20:43:49] !buyhouse
[2/6/2022 20:45:1] !buyhouse
[2/6/2022 20:45:58] !buyhouse
[2/6/2022 20:46:24] !buyhouse
[2/6/2022 20:48:39] !buyhouse
[2/6/2022 20:48:47] aleta som
[2/6/2022 20:50:59] !protecthouse off
[2/6/2022 22:1:39] !frags
[2/6/2022 22:1:57] !frags
[4/6/2022 19:27:3] !frags
[8/6/2022 10:50:16] !tradeoff buy, 135
