[17/10/2023 23:4:13] !online
[17/10/2023 23:4:54] /addskill Vetodj,level,100
[17/10/2023 23:4:57] /addskill Vetodj,level,100
[17/10/2023 23:5:45] /addskill Vetodj,level,100
[17/10/2023 23:5:52] /addskill Vetodj,level,100
[17/10/2023 23:5:55] /addskill Vetodj,level,100
[17/10/2023 23:5:57] /addskill Vetodj,level,100
[17/10/2023 23:5:58] /addskill Vetodj,level,100
[17/10/2023 23:5:58] /addskill Vetodj,level,100
[17/10/2023 23:7:3] !buyhouse
[17/10/2023 23:7:9] /i crystal coin
[17/10/2023 23:7:11] !buyhouse
[17/10/2023 23:7:12] !buyhouse
[17/10/2023 23:7:20] /i crystal coin
[17/10/2023 23:7:21] /i crystal coin
[17/10/2023 23:7:27] !buyhouse
[17/10/2023 23:7:28] !buyhouse
[17/10/2023 23:7:32] !buyhouse
[17/10/2023 23:7:33] !buyhouse
[17/10/2023 23:11:48] /goto Troll
[17/10/2023 23:12:34] !opencastle02 
[17/10/2023 23:12:36] /t
[17/10/2023 23:13:22] /mortalkombat
[17/10/2023 23:14:3] /mortalkombat
[17/10/2023 23:14:11] /mortalkombat 1
[17/10/2023 23:14:13] /mortalkombat 2
[17/10/2023 23:17:58] /goto Witch
[17/10/2023 23:18:3] /r
[17/10/2023 23:18:6] /goto Witch
[17/10/2023 23:18:11] /r
[17/10/2023 23:21:19] /t
[17/10/2023 23:29:35] /t
[17/10/2023 23:33:3] /goto 38,164,7
[17/10/2023 23:37:15] /goto 2888,1486,7
[17/10/2023 23:37:54] /t
[18/10/2023 0:11:41] /reload channels
[18/10/2023 0:12:0] /reload config
[18/10/2023 0:15:19] !save
[18/10/2023 0:15:27] /shutdown
[18/10/2023 0:17:55] /reload channels
[18/10/2023 0:18:56] /reload channels
[18/10/2023 0:20:57] /reload monsters
[18/10/2023 0:21:0] /reload monsters
[18/10/2023 0:21:17] /shutdown
[18/10/2023 0:22:26] /goto dragon lord
[18/10/2023 0:23:4] /t
[18/10/2023 0:33:51] /up
[18/10/2023 0:33:56] /up
[18/10/2023 0:36:24] /t
[18/10/2023 0:37:36] /reload channels
[18/10/2023 0:38:47] /shutdown
[18/10/2023 0:40:2] /t
[18/10/2023 0:41:42] /shutdown
[18/10/2023 0:46:33] /shutdown
[18/10/2023 0:47:41] /shutdown
[18/10/2023 0:48:33] /shutdown
[18/10/2023 0:50:3] /reload creature
[18/10/2023 0:50:40] /reload creature
[18/10/2023 0:51:2] /reload creature
[18/10/2023 0:51:32] /reload creature
[18/10/2023 0:52:56] /reload global
[18/10/2023 0:53:7] /reload movements
[18/10/2023 0:58:52] /reload spells
[18/10/2023 0:59:26] /reload spells
[18/10/2023 0:59:46] /reload spells
[18/10/2023 1:0:19] /t
[18/10/2023 1:0:31] /i 13212
[18/10/2023 1:1:1] /i 13212
[18/10/2023 1:1:2] /i 13212
[18/10/2023 1:1:2] /i 13212
[18/10/2023 1:1:3] /i 13212
[18/10/2023 1:1:3] /i 13212
[18/10/2023 1:5:35] /reload config
[18/10/2023 1:45:10] /shutdown
[18/10/2023 1:46:41] !opencastle02
[22/10/2023 16:54:6] /ghost
[22/10/2023 16:57:38] /i 13212
[22/10/2023 16:58:18] /i 13212
[22/10/2023 16:58:21] /i 13212
[22/10/2023 17:7:56] /r
[22/10/2023 17:7:58] /r
[22/10/2023 17:8:2] /r
[22/10/2023 17:8:5] /r
[22/10/2023 17:8:8] /r
[22/10/2023 17:8:9] /r
[22/10/2023 17:8:9] /r
[22/10/2023 17:8:14] /r
[22/10/2023 17:8:15] /r
[22/10/2023 17:8:22] /r
[22/10/2023 17:8:27] !online
[22/10/2023 17:8:29] !online
[22/10/2023 17:8:33] /r
[22/10/2023 17:8:36] /r
[22/10/2023 17:8:37] /r
[22/10/2023 17:8:39] /r
[22/10/2023 17:9:7] /shutdown
[23/10/2023 2:0:13] !online
[23/10/2023 2:3:22] /t
[23/10/2023 2:4:19] /t
[23/10/2023 2:6:11] /t
[23/10/2023 2:11:9] /t
[23/10/2023 2:12:25] /reload global
[23/10/2023 2:12:47] /reload global
[23/10/2023 2:13:14] /reload global
[23/10/2023 2:16:15] /reload global
[23/10/2023 2:16:55] /reload global
[23/10/2023 2:17:35] /reload global
[23/10/2023 2:18:15] /reload global
[23/10/2023 2:19:15] /reload global
[23/10/2023 2:19:53] /reload global
[23/10/2023 2:24:25] /t
[23/10/2023 2:25:2] /reload global
[23/10/2023 2:25:38] /reload global
[23/10/2023 2:26:19] /reload global
[23/10/2023 2:31:1] /reload movements
[23/10/2023 2:31:50] /goto Styller-ots
[23/10/2023 2:31:52] /goto Styller-ots
[23/10/2023 2:31:53] /goto Styller-ots
[23/10/2023 2:31:54] /goto Styller-ots
[23/10/2023 2:31:54] /goto Styller-ots
[23/10/2023 2:31:55] /goto Styller-ots
[23/10/2023 2:31:55] /goto Styller-ots
[23/10/2023 2:31:56] /goto Styller-ots
[23/10/2023 2:31:56] /goto Styller-ots
[23/10/2023 2:31:57] /goto Styller-ots
[23/10/2023 2:31:58] /goto Styller-ots
[23/10/2023 2:31:58] /goto Styller-ots
[23/10/2023 2:32:0] /goto Styller-ots
[23/10/2023 2:32:1] /goto Styller-ots
[23/10/2023 2:32:1] /goto Styller-ots
[23/10/2023 2:32:2] /goto Styller-ots
[23/10/2023 2:32:3] /goto Styller-ots
[23/10/2023 2:32:3] /goto Styller-ots
[23/10/2023 2:32:4] /goto Styller-ots
[23/10/2023 2:32:4] /goto Styller-ots
[23/10/2023 2:32:5] /goto Styller-ots
[23/10/2023 2:32:6] /goto Styller-ots
[23/10/2023 2:32:7] /goto Styller-ots
[23/10/2023 2:32:8] /goto Styller-ots
[23/10/2023 2:32:8] /goto Styller-ots
[23/10/2023 2:32:9] /goto Styller-ots
[23/10/2023 2:32:10] /goto Styller-ots
[23/10/2023 2:32:10] /goto Styller-ots
[23/10/2023 2:32:11] /goto Styller-ots
[23/10/2023 2:32:12] /goto Styller-ots
[23/10/2023 2:32:13] /goto Styller-ots
[23/10/2023 2:32:15] /goto Styller-ots
[23/10/2023 2:32:16] /goto Styller-ots
[23/10/2023 2:32:17] /goto Styller-ots
[23/10/2023 2:32:18] /goto Styller-ots
[23/10/2023 2:32:18] /goto Styller-ots
[23/10/2023 2:32:19] /goto Styller-ots
[23/10/2023 2:32:36] /up
[23/10/2023 2:33:14] /up
[23/10/2023 2:41:4] /t
