[11/12/2021 2:5:39] !serverinfo
[11/12/2021 7:42:28] !emotespells on
[12/12/2021 21:29:0] !serverinfo
[13/12/2021 9:13:12] !serverinfo
[14/12/2021 6:9:15] !serverinfo
[14/12/2021 21:57:15] !frags
[15/12/2021 9:6:4] !serverinfo
[15/12/2021 23:8:9] !doubleexp
[16/12/2021 6:18:29] !serverinfo
[16/12/2021 21:52:5] !frags
[16/12/2021 22:12:44] !serverinfo
[17/12/2021 9:5:57] !serverinfo
[19/12/2021 20:30:36] !tradeoff buy, 14
[19/12/2021 21:35:9] !doubleexp
[20/12/2021 8:41:38] /ban Cerveija Praga
[21/12/2021 6:39:44] !serverinfo
[21/12/2021 21:28:35] !frags
[22/12/2021 5:4:35] !serverinfo
[23/12/2021 5:35:27] !serverinfo
[23/12/2021 22:46:16] !serverinfo
[3/1/2022 8:10:2] !online
