[14/12/2021 17:17:35] !aol
[14/12/2021 17:20:30] !aol
[14/12/2021 17:30:30] !aol
[14/12/2021 17:33:19] !aol
[14/12/2021 17:39:1] !aol
[15/12/2021 14:50:49] !aol
[15/12/2021 14:51:57] !aol
[15/12/2021 18:12:34] !aol
[15/12/2021 18:21:57] !aol
[15/12/2021 18:59:46] !aol
[15/12/2021 20:0:13] !frags
[15/12/2021 20:58:30] !aol
[15/12/2021 20:59:46] !aol
[15/12/2021 21:38:43] !aol
[16/12/2021 16:16:3] !aol
[16/12/2021 17:50:59] !wand ice
[16/12/2021 17:51:22] !wand holy
[16/12/2021 17:51:49] !wand holy
[17/12/2021 18:31:30] !online
[19/12/2021 4:33:59] !wand ice
[19/12/2021 12:6:59] !wand fire
[19/12/2021 12:7:5] !wand ice
[19/12/2021 12:7:16] !wand ice
[19/12/2021 12:7:18] !wand ice
[19/12/2021 12:7:31] !wand ice
[20/12/2021 13:14:10] !online
[21/12/2021 7:53:30] !wand ice
[21/12/2021 17:6:19] !wand holy
[22/12/2021 13:26:48] !online
[22/12/2021 14:30:58] !wand death
[22/12/2021 14:37:50] !wand holy
[22/12/2021 15:48:16] !frags
[22/12/2021 18:0:19] !aol
[23/12/2021 19:5:59] !online
[23/12/2021 19:44:9] !online
[23/12/2021 22:27:35] !online
[24/12/2021 12:19:38] !online
