[28/5/2022 2:18:8] !emotespells on
[28/5/2022 3:33:9] 
[28/5/2022 3:45:47] !aol
[28/5/2022 9:49:17] !aol
[28/5/2022 13:40:29] 
[28/5/2022 13:48:29] 
[28/5/2022 14:39:30] 
[28/5/2022 14:47:30] 
[28/5/2022 15:13:31] 
[28/5/2022 15:17:31] 
[28/5/2022 15:21:31] 
[28/5/2022 20:10:19] !aol
[29/5/2022 14:10:34] 
[29/5/2022 14:14:34] 
[29/5/2022 18:12:6] !aol
[29/5/2022 20:30:32] 
[29/5/2022 20:31:35] 
[30/5/2022 0:10:36] 
[30/5/2022 0:14:36] 
[30/5/2022 0:14:54] !tradeoff add,pharaot hammer
[30/5/2022 0:18:33] !tradeoff add,elite shield
[30/5/2022 0:20:8] !tradeoff remove,39
[30/5/2022 16:48:48] !serverinfo
[30/5/2022 17:16:53] !aol
[31/5/2022 19:32:30] !emotespells on
[31/5/2022 20:39:22] 
[31/5/2022 20:48:22] 
[31/5/2022 20:50:22] 
[1/6/2022 0:38:7] 
[1/6/2022 0:39:22] 
[1/6/2022 0:54:11] 
[1/6/2022 0:54:23] 
[1/6/2022 9:12:0] 
[1/6/2022 9:20:0] 
[1/6/2022 10:53:50] !serverinfo
[1/6/2022 11:49:51] 
[1/6/2022 12:10:54] !serverinfo
[1/6/2022 12:13:31] !serverinfo
[1/6/2022 12:41:11] 
[1/6/2022 12:57:11] 
[1/6/2022 13:29:33] 
[1/6/2022 13:45:33] 
[1/6/2022 17:2:17] !serverinfo
[1/6/2022 17:2:53] !serverinfo
[2/6/2022 3:42:31] !protecthouse on
[2/6/2022 4:1:17] !serverinfo
[2/6/2022 4:10:52] 
[2/6/2022 4:22:5] 
[2/6/2022 10:51:17] 
[2/6/2022 11:9:36] 
[2/6/2022 16:39:1] !buyhouse
[2/6/2022 16:39:6] !buyhouse
[2/6/2022 16:39:21] !buyhouse
[2/6/2022 16:39:33] !buyhouse
[2/6/2022 16:39:50] aleta som
[2/6/2022 16:39:56] aleta som
[2/6/2022 19:9:40] !serverinfo
[2/6/2022 23:56:11] 
[2/6/2022 23:59:21] 
[3/6/2022 9:58:15] !serverinfo
[3/6/2022 10:18:50] !protecthouse
[3/6/2022 10:18:53] !protecthouse off
[3/6/2022 10:45:30] !aol
[3/6/2022 12:38:58] 
[3/6/2022 12:39:45] 
[3/6/2022 12:55:24] 
[3/6/2022 12:56:17] 
[3/6/2022 23:10:57] !serverinfo
[4/6/2022 12:52:41] 
[4/6/2022 12:53:5] 
[4/6/2022 13:23:45] 
[4/6/2022 13:25:26] 
[5/6/2022 0:53:58] 
[5/6/2022 0:55:3] 
[6/6/2022 18:48:27] aleta som
[6/6/2022 18:48:32] aleta som
[6/6/2022 19:44:24] !addon assassin
[6/6/2022 22:6:40] !online
