[23/2/2022 22:27:32] !rank 
[23/2/2022 22:27:36] !rank level
[23/2/2022 23:36:3] !aol
[23/2/2022 23:52:59] !aol
[24/2/2022 0:25:10] !aol
[24/2/2022 10:26:36] !aol
[24/2/2022 11:37:10] !emotespells on
[24/2/2022 11:41:5] !frags
[24/2/2022 16:9:11] !frags
[1/6/2022 15:20:18] !aol
[1/6/2022 15:21:16] !aol
[1/6/2022 15:42:29] !aol
[1/6/2022 15:58:42] !aol
[1/6/2022 16:26:51] !aol
[1/6/2022 19:18:52] !aol
[2/6/2022 1:49:19] !aol
[2/6/2022 2:0:38] !aol
[2/6/2022 2:36:20] !aol
[2/6/2022 3:52:8] !emotespells on
[2/6/2022 3:54:17] !emotespells on
[2/6/2022 3:55:37] !emotespells on
[2/6/2022 3:56:11] !emotespells on
[2/6/2022 3:56:45] !emotespells on
[2/6/2022 3:57:20] !emotespells on
[2/6/2022 3:58:50] !emotespells on
[2/6/2022 3:59:24] !emotespells on
[2/6/2022 4:6:49] !emotespells on
[2/6/2022 4:9:36] !emotespells on
[2/6/2022 4:22:45] !emotespells on
[2/6/2022 4:38:25] !emotespells on
[2/6/2022 4:52:55] !aol
[2/6/2022 5:24:17] !emotespells on
[2/6/2022 5:54:10] !emotespells on
[2/6/2022 6:28:41] !emotespells on
[2/6/2022 7:1:5] !emotespells on
[2/6/2022 7:51:3] !emotespells on
[2/6/2022 5:43:41] !emotespells on
[2/6/2022 6:38:3] !emotespells on
[2/6/2022 7:28:44] !aol
[2/6/2022 7:28:54] !emotespells on
[2/6/2022 8:13:44] !emotespells on
[2/6/2022 9:25:44] !emotespells on
[2/6/2022 10:5:48] !aol
[2/6/2022 11:7:47] !emotespells on
[2/6/2022 12:20:16] !emotespells on
[2/6/2022 13:15:17] !emotespells on
[2/6/2022 14:10:46] !emotespells on
[2/6/2022 15:11:27] !emotespells on
[2/6/2022 16:17:23] !emotespells on
[2/6/2022 17:18:20] !emotespells on
[2/6/2022 18:21:4] !emotespells on
[2/6/2022 19:17:32] !emotespells on
[2/6/2022 20:17:35] !emotespells on
[2/6/2022 21:43:25] !emotespells on
[2/6/2022 23:7:53] !emotespells on
[2/6/2022 23:48:51] !emotespells on
[3/6/2022 0:22:54] !emotespells on
[3/6/2022 0:45:9] !aol
[3/6/2022 0:45:21] !emotespells on
[3/6/2022 1:28:32] !emotespells on
[3/6/2022 2:8:51] !emotespells on
[3/6/2022 3:2:50] !emotespells on
[3/6/2022 3:49:45] !emotespells on
[3/6/2022 4:47:25] !emotespells on
[3/6/2022 5:55:47] !emotespells on
[3/6/2022 6:36:42] !emotespells on
[4/6/2022 1:34:8] !aol
[7/6/2022 19:41:41] !aol
[8/6/2022 21:30:54] !aol
