[27/5/2022 20:22:27] !online
[27/5/2022 22:7:27] !aol
[27/5/2022 22:17:56] !emotespells
[27/5/2022 22:18:1] !emotespells on
[28/5/2022 3:15:31] !aol
[28/5/2022 5:53:15] !frags
[28/5/2022 8:58:22] !frags
[28/5/2022 9:0:34] !buyhouse
[28/5/2022 9:55:19] !aol
[28/5/2022 10:27:47] !aol
[28/5/2022 10:50:1] !aol
[28/5/2022 11:1:9] !aol
[28/5/2022 11:31:5] !aol
[28/5/2022 12:44:27] !aol
[28/5/2022 13:59:17] !aol
[28/5/2022 13:59:59] !aol
[28/5/2022 14:0:18] !aol
[28/5/2022 21:59:57] !aol
[29/5/2022 1:31:39] !guildpoints
[29/5/2022 10:26:21] !buyhouse
[29/5/2022 12:56:43] !aol
[29/5/2022 13:4:32] !aol
[29/5/2022 13:18:39] !aol
[29/5/2022 23:50:16] !aol
[30/5/2022 0:21:19] !aol
[30/5/2022 9:9:57] !guildpoints
[30/5/2022 11:58:49] !aol
[30/5/2022 12:24:55] !aol
[30/5/2022 14:42:40] !aol
[31/5/2022 0:37:30] !aol
