[11/12/2021 17:22:53] !emotespells on
[11/12/2021 17:33:4] !wand ice
[11/12/2021 17:48:2] !wand ice
[11/12/2021 18:27:28] !wand ice
[11/12/2021 22:17:59] !wand ice]
[11/12/2021 22:18:5] !wand ice
[12/12/2021 1:15:45] !online
[12/12/2021 8:8:1] !wand ice
[12/12/2021 11:6:50] !guildpoints
[12/12/2021 11:9:21] !guildpoints
[12/12/2021 11:17:53] !wand ice
[12/12/2021 16:3:4] !rank magic
[13/12/2021 18:49:48] !wand ice
[13/12/2021 21:11:15] !addon mage
[13/12/2021 21:13:3] !addon summoner
[13/12/2021 21:34:59] !wand ice
[13/12/2021 21:35:19] !wand ice
[13/12/2021 21:35:23] !wand ice
[13/12/2021 21:35:28] !wand ice
[14/12/2021 19:27:0] !wand ice
[14/12/2021 20:9:13] !wand ice
[14/12/2021 20:16:2] !wand ice
[14/12/2021 20:39:20] !wand vis
[14/12/2021 20:39:26] !wand vis
[14/12/2021 20:39:30] !wand
[14/12/2021 20:39:37] !wand energy
[14/12/2021 21:26:46] !wand ice
[15/12/2021 18:42:30] !online
[15/12/2021 18:44:21] !wand ice]
[15/12/2021 18:44:25] !wand ice
[15/12/2021 19:23:4] !wand energy
[15/12/2021 19:44:10] !wand energy
[16/12/2021 19:27:34] !wand energy
[16/12/2021 21:29:26] !rank level
[17/12/2021 19:52:58] !wand energy
[17/12/2021 20:0:12] !wand ice
[17/12/2021 20:32:44] !wand ice
[17/12/2021 20:32:52] !wand ice
[17/12/2021 20:38:55] !rank magic
[17/12/2021 20:45:8] !wand ice
[17/12/2021 21:9:35] !wand energy
[17/12/2021 22:20:33] !rank level
[17/12/2021 23:16:23] !wand energy
[17/12/2021 23:16:36] !wand energy
[17/12/2021 23:22:44] !wand energy
[17/12/2021 23:41:11] !wand energy
[17/12/2021 23:50:30] !wand energy
[18/12/2021 1:0:22] !wand energy
[18/12/2021 3:9:3] !wand energy
[18/12/2021 7:56:52] !wand energy
[18/12/2021 9:49:2] !wand ice
[18/12/2021 10:30:17] !wand ice
[18/12/2021 10:45:18] !wand energy
[18/12/2021 10:47:32] !wand ice
[18/12/2021 11:0:11] !rank magic
[18/12/2021 17:51:54] !wand ice
[18/12/2021 20:59:33] !wand energy
[18/12/2021 21:27:46] !wand energy
[19/12/2021 11:33:33] !wand energy
[19/12/2021 12:54:40] !rank level
[19/12/2021 13:0:10] !rank magic
[19/12/2021 14:15:56] !wand energy
[19/12/2021 16:50:38] !wand energy
[19/12/2021 18:14:41] !wand energy
[19/12/2021 18:56:50] !online
[19/12/2021 18:56:53] !online
[19/12/2021 18:56:56] !online
[19/12/2021 18:56:58] !online
[19/12/2021 18:57:3] !online
[19/12/2021 19:44:46] !wand energy
[10/2/2022 20:28:8] !emotespells on
[10/2/2022 20:38:47] !aol
[10/2/2022 20:39:23] !aol
[4/6/2022 12:55:41] !emotespells on
[4/6/2022 13:14:38] !aol
[4/6/2022 13:47:14] !aol
[4/6/2022 13:58:44] !aol
