[31/5/2022 20:1:22] !aol
[31/5/2022 20:1:41] !aol
[31/5/2022 20:12:20] !aol
[31/5/2022 20:28:56] !aol
[31/5/2022 20:31:16] !aol
[31/5/2022 20:36:20] !aol
[31/5/2022 21:20:51] !aol
[31/5/2022 21:23:5] !aol
[31/5/2022 21:52:36] !aol
[31/5/2022 21:56:8] !aol
[1/6/2022 0:45:52] !emotespells on
[1/6/2022 0:47:25] !emotespells on
[1/6/2022 1:55:53] 
[1/6/2022 1:57:53] 
[1/6/2022 2:3:15] !aol
[1/6/2022 2:12:33] !aol
[3/6/2022 11:50:29] !frags
[3/6/2022 12:20:20] !rank
[3/6/2022 12:20:23] !rank level
[4/6/2022 0:55:0] !frags
