[23/2/2022 20:50:34] !aol
[23/2/2022 21:1:20] !addon
[23/2/2022 21:1:33] !addon
[23/2/2022 21:1:36] !addon
[23/2/2022 21:13:54] !emotespells
[23/2/2022 21:13:58] !emotespells on
[23/2/2022 21:14:2] !emotespells on
[23/2/2022 21:23:30] !aol
[23/2/2022 21:31:43] !aol
[23/2/2022 23:19:54] !aol
[23/2/2022 23:23:22] !aol
[23/2/2022 23:32:40] !aol
[24/2/2022 1:47:43] 
[24/2/2022 1:52:31] !aol
[24/2/2022 2:1:16] 
[24/2/2022 2:4:12] 
[24/2/2022 2:4:34] 
[24/2/2022 2:8:45] 
[24/2/2022 2:9:12] 
[24/2/2022 2:13:1] !aol
[24/2/2022 2:13:4] !aol
[24/2/2022 2:13:7] !aol
[24/2/2022 2:13:10] !aol
[24/2/2022 2:13:13] !aol
[24/2/2022 2:13:17] !aol
[24/2/2022 2:13:20] !aol
[24/2/2022 2:13:23] !aol
[24/2/2022 2:13:26] !aol
[24/2/2022 2:13:30] !aol
[24/2/2022 2:13:33] !aol
[24/2/2022 2:13:36] !aol
[24/2/2022 2:13:39] !aol
[24/2/2022 2:13:42] !aol
[24/2/2022 2:24:35] 
[24/2/2022 2:25:34] 
[24/2/2022 3:21:53] !aol
[24/2/2022 20:15:55] 
[24/2/2022 20:17:55] 
[24/2/2022 20:18:44] 
[24/2/2022 23:58:39] 
[24/2/2022 23:59:45] !aol
[24/2/2022 23:59:48] !aol
[24/2/2022 23:59:51] !aol
[25/2/2022 0:1:39] 
[25/2/2022 0:6:39] 
