[23/2/2022 21:4:46] !online
[23/2/2022 21:8:56] !emotespells on
[23/2/2022 21:28:7] !aol
[23/2/2022 21:31:17] !aol
[23/2/2022 21:56:35] !online
[23/2/2022 21:58:2] !rank level
[23/2/2022 22:42:57] !rank level
[23/2/2022 22:44:31] !rank level
[23/2/2022 23:18:1] !rank level
[23/2/2022 23:58:58] !rank level
[24/2/2022 0:31:5] !guildpoints
[24/2/2022 0:31:7] !guildpoints
[24/2/2022 0:31:14] !guildpoints
[24/2/2022 0:46:20] !rank level
[24/2/2022 1:14:59] !rank level
[24/2/2022 2:49:19] !frags
[24/2/2022 7:44:50] !rank level
[24/2/2022 9:38:27] !guildpoints
[24/2/2022 9:38:38] !guildpoints
[24/2/2022 11:10:50] !rank level
[24/2/2022 18:51:42] !guildpoints
[24/2/2022 22:59:49] !guildpoints
[25/2/2022 14:9:16] !online
[25/2/2022 14:46:27] 
[25/2/2022 14:46:34] 
[25/2/2022 14:46:39] 
[25/2/2022 14:46:57] 
[25/2/2022 14:47:3] 
[25/2/2022 14:47:11] 
[25/2/2022 14:47:16] 
[25/2/2022 14:47:27] 
[25/2/2022 14:47:50] 
[25/2/2022 14:47:58] 
[25/2/2022 14:48:10] 
[25/2/2022 14:48:44] 
[25/2/2022 14:53:26] 
[25/2/2022 14:53:29] 
[25/2/2022 14:53:36] 
[25/2/2022 14:53:41] 
[25/2/2022 14:54:25] 
[25/2/2022 14:54:36] 
[25/2/2022 14:54:42] 
[25/2/2022 14:54:49] 
[25/2/2022 15:25:0] 
[27/2/2022 22:50:50] !frags
[27/2/2022 23:19:28] !frags
