[18/12/2021 12:0:9] !aol
[18/12/2021 14:1:23] !emotespells on
[18/12/2021 14:2:23] !emotespells on
[18/12/2021 14:3:19] !emotespells on
[18/12/2021 14:4:15] !emotespells on
[18/12/2021 14:5:11] !emotespells on
[18/12/2021 14:6:7] !emotespells on
[18/12/2021 14:7:3] !emotespells on
[18/12/2021 14:10:41] !aol
[18/12/2021 14:11:3] !aol
[18/12/2021 14:14:34] !emotespells on
[18/12/2021 14:15:30] !emotespells on
[18/12/2021 14:16:26] !emotespells on
[18/12/2021 14:17:22] !emotespells on
[18/12/2021 14:18:18] !emotespells on
[18/12/2021 14:19:15] !emotespells on
[18/12/2021 14:20:11] !emotespells on
[18/12/2021 14:21:7] !emotespells on
[18/12/2021 14:22:3] !emotespells on
[18/12/2021 14:22:59] !emotespells on
[18/12/2021 14:23:55] !emotespells on
[18/12/2021 14:24:51] !emotespells on
[18/12/2021 14:25:47] !emotespells on
[18/12/2021 14:26:43] !emotespells on
[18/12/2021 14:27:40] !emotespells on
[18/12/2021 14:28:36] !emotespells on
[18/12/2021 14:29:32] !emotespells on
[18/12/2021 14:44:46] !aol
[18/12/2021 14:57:22] 
[18/12/2021 14:58:7] 
[18/12/2021 14:58:20] !online
[18/12/2021 14:59:59] !aol
[18/12/2021 15:0:41] !aol
[18/12/2021 15:0:54] !aol
[18/12/2021 15:3:35] !aol
[18/12/2021 15:23:24] 
[18/12/2021 15:23:26] !aol
[18/12/2021 15:23:34] 
[18/12/2021 15:34:2] !aol
[18/12/2021 15:38:50] !aol
[18/12/2021 15:38:54] !aol
[18/12/2021 15:38:57] !aol
[18/12/2021 15:39:0] !aol
[18/12/2021 15:39:3] !aol
[18/12/2021 15:42:3] !aol
[18/12/2021 15:43:43] !aol
[18/12/2021 15:43:46] !aol
[18/12/2021 15:43:49] !aol
[18/12/2021 15:43:53] !aol
[18/12/2021 15:43:56] !aol
[18/12/2021 15:43:59] !aol
[18/12/2021 15:44:3] !aol
[18/12/2021 15:44:6] !aol
[18/12/2021 15:44:9] !aol
[18/12/2021 15:44:12] !aol
[18/12/2021 15:44:15] !aol
[18/12/2021 15:44:19] !aol
[18/12/2021 15:44:22] !aol
[18/12/2021 15:44:25] !aol
[18/12/2021 15:44:28] !aol
[18/12/2021 15:44:32] !aol
[18/12/2021 15:44:35] !aol
[18/12/2021 15:44:38] !aol
[18/12/2021 15:44:41] !aol
[18/12/2021 15:44:44] !aol
[18/12/2021 15:44:47] !aol
[18/12/2021 15:44:51] !aol
[18/12/2021 15:44:54] !aol
[18/12/2021 15:44:57] !aol
[18/12/2021 15:45:0] !aol
[18/12/2021 15:45:4] !aol
[18/12/2021 15:45:7] !aol
[18/12/2021 15:45:10] !aol
[18/12/2021 15:45:13] !aol
[18/12/2021 15:45:17] !aol
[18/12/2021 15:45:20] !aol
[18/12/2021 15:45:23] !aol
[18/12/2021 15:45:26] !aol
[18/12/2021 15:45:29] !aol
[18/12/2021 15:45:32] !aol
[18/12/2021 15:45:36] !aol
[18/12/2021 15:45:39] !aol
[18/12/2021 15:45:42] !aol
[18/12/2021 15:45:45] !aol
[18/12/2021 15:45:49] !aol
[18/12/2021 15:45:52] !aol
[18/12/2021 15:45:56] !aol
[18/12/2021 15:45:59] !aol
[18/12/2021 15:46:2] !aol
[18/12/2021 15:46:6] !aol
[18/12/2021 15:46:9] !aol
[18/12/2021 15:46:12] !aol
[18/12/2021 15:46:15] !aol
[18/12/2021 15:46:19] !aol
[18/12/2021 15:46:22] !aol
[18/12/2021 15:46:26] !aol
[18/12/2021 15:46:29] !aol
[18/12/2021 15:46:33] !aol
[18/12/2021 15:46:36] !aol
[18/12/2021 15:46:40] !aol
[18/12/2021 15:46:43] !aol
[18/12/2021 15:46:46] !aol
[18/12/2021 15:46:50] !aol
[18/12/2021 15:46:53] !aol
[18/12/2021 15:46:57] !aol
[18/12/2021 15:47:0] !aol
[18/12/2021 15:47:3] !aol
[18/12/2021 15:47:7] !aol
[18/12/2021 15:47:10] !aol
[18/12/2021 15:47:13] !aol
[18/12/2021 15:47:16] !aol
[18/12/2021 15:47:20] !aol
[18/12/2021 15:47:23] !aol
[18/12/2021 15:47:26] !aol
[18/12/2021 15:47:29] !aol
[18/12/2021 15:47:33] !aol
[18/12/2021 15:47:36] !aol
[18/12/2021 15:47:39] !aol
[18/12/2021 15:47:42] !aol
[18/12/2021 15:47:46] !aol
[18/12/2021 15:47:49] !aol
[18/12/2021 15:52:49] !aol
[18/12/2021 16:15:19] !aol
[18/12/2021 16:15:22] !aol
[18/12/2021 16:15:26] !aol
[18/12/2021 16:15:29] !aol
[18/12/2021 16:15:32] !aol
[18/12/2021 16:15:35] !aol
[18/12/2021 16:15:38] !aol
[18/12/2021 16:30:24] !aol
[18/12/2021 16:30:27] !aol
[18/12/2021 16:30:30] !aol
[18/12/2021 16:30:33] !aol
[18/12/2021 16:30:37] !aol
[18/12/2021 16:30:40] !aol
[18/12/2021 16:30:43] !aol
[18/12/2021 16:30:46] !aol
[18/12/2021 16:59:24] !aol
[18/12/2021 18:35:56] !aol
[18/12/2021 18:35:59] !aol
[18/12/2021 18:36:3] !aol
[18/12/2021 18:36:6] !aol
[18/12/2021 18:36:9] !aol
[18/12/2021 18:36:12] !aol
[18/12/2021 18:36:15] !aol
[18/12/2021 19:41:0] !aol
[18/12/2021 19:41:3] !aol
[18/12/2021 19:41:7] !aol
[18/12/2021 19:41:10] !aol
[18/12/2021 19:41:13] !aol
[18/12/2021 19:41:16] !aol
[18/12/2021 19:41:19] !aol
[18/12/2021 19:46:39] !aol
[18/12/2021 19:46:42] !aol
[18/12/2021 19:46:45] !aol
[18/12/2021 19:46:49] !aol
[18/12/2021 19:46:52] !aol
[18/12/2021 19:46:55] !aol
[18/12/2021 19:46:58] !aol
[18/12/2021 19:47:1] !aol
[18/12/2021 20:29:23] !aol
[18/12/2021 20:29:27] !aol
[18/12/2021 20:29:30] !aol
[18/12/2021 20:29:33] !aol
[18/12/2021 20:29:36] !aol
[18/12/2021 20:29:39] !aol
[18/12/2021 21:22:7] !aol
[18/12/2021 21:22:10] !aol
[18/12/2021 21:22:13] !aol
[18/12/2021 21:22:16] !aol
[18/12/2021 21:22:19] !aol
[18/12/2021 21:22:23] !aol
[18/12/2021 21:22:26] !aol
[18/12/2021 21:22:29] !aol
[18/12/2021 21:22:33] !aol
[18/12/2021 21:22:36] !aol
[18/12/2021 21:22:39] !aol
[18/12/2021 21:22:42] !aol
[18/12/2021 21:22:45] !aol
[18/12/2021 21:22:49] !aol
[18/12/2021 23:7:27] !aol
[18/12/2021 23:7:30] !aol
[18/12/2021 23:7:33] !aol
[18/12/2021 23:7:36] !aol
[18/12/2021 23:7:40] !aol
[18/12/2021 23:7:43] !aol
[18/12/2021 23:8:39] !aol
[18/12/2021 23:46:31] !aol
[19/12/2021 0:54:2] !aol
[19/12/2021 8:44:37] !emotespells on
[19/12/2021 13:10:22] !frags
