[31/5/2022 20:32:18] !aol
[31/5/2022 20:38:35] !guildpoints
[31/5/2022 21:14:57] !guildpoints
[31/5/2022 22:34:17] !guildpoints
[1/6/2022 0:18:9] !guildpoints
[1/6/2022 0:25:44] !guildpoints
[1/6/2022 12:9:6] !emotespells on
[1/6/2022 18:34:18] !guildpoints
[2/6/2022 4:49:0] !emotespells on
[2/6/2022 5:6:55] !emotespells on
[2/6/2022 5:33:39] !emotespells on
[2/6/2022 6:1:39] !emotespells on
[2/6/2022 6:59:3] !emotespells on
[2/6/2022 7:35:43] !emotespells on
[2/6/2022 5:12:59] !emotespells on
[2/6/2022 5:48:47] !emotespells on
[2/6/2022 6:26:39] !emotespells on
[2/6/2022 7:3:19] !emotespells on
[2/6/2022 7:37:13] !emotespells on
[2/6/2022 8:18:2] !emotespells on
[2/6/2022 9:1:13] !emotespells on
[2/6/2022 9:41:56] !emotespells on
[2/6/2022 10:31:12] !emotespells on
[2/6/2022 11:17:32] !emotespells on
[2/6/2022 12:7:27] !emotespells on
[2/6/2022 12:54:22] !emotespells on
[2/6/2022 13:33:55] !emotespells on
[2/6/2022 14:18:27] !emotespells on
[2/6/2022 15:8:13] !emotespells on
[2/6/2022 16:3:27] !emotespells on
[2/6/2022 16:59:12] !emotespells on
[2/6/2022 17:54:42] !guildpoints
[2/6/2022 18:28:25] !frags
[3/6/2022 0:3:47] !emotespells on
[3/6/2022 0:9:47] !emotespells on
[3/6/2022 0:16:33] !emotespells on
[3/6/2022 0:22:55] !emotespells on
[3/6/2022 1:2:5] !emotespells on
[3/6/2022 1:4:29] !emotespells on
[3/6/2022 1:10:9] !emotespells on
[3/6/2022 1:11:8] !emotespells on
[3/6/2022 1:45:19] !emotespells on
[3/6/2022 1:51:4] !emotespells on
[3/6/2022 1:54:59] !emotespells on
[3/6/2022 2:0:53] !emotespells on
[3/6/2022 2:7:26] !emotespells on
[3/6/2022 2:14:41] !emotespells on
[3/6/2022 2:19:27] !emotespells on
[3/6/2022 2:23:33] !emotespells on
[3/6/2022 2:27:53] !emotespells on
[3/6/2022 2:31:55] !emotespells on
[3/6/2022 2:35:54] !emotespells on
[3/6/2022 2:40:34] !emotespells on
[3/6/2022 2:45:20] !emotespells on
[3/6/2022 2:49:41] !emotespells on
[3/6/2022 2:54:25] !emotespells on
[3/6/2022 2:58:44] !emotespells on
[3/6/2022 3:3:47] !emotespells on
[3/6/2022 3:8:21] !emotespells on
[3/6/2022 3:12:50] !emotespells on
[3/6/2022 3:18:6] !emotespells on
[3/6/2022 3:22:13] !emotespells on
[3/6/2022 3:31:37] !emotespells on
[3/6/2022 3:37:21] !emotespells on
[3/6/2022 3:42:22] !emotespells on
[3/6/2022 3:47:2] !emotespells on
[3/6/2022 3:52:7] !emotespells on
[3/6/2022 3:55:14] !emotespells on
[3/6/2022 3:59:43] !emotespells on
[3/6/2022 4:4:33] !emotespells on
[3/6/2022 4:9:43] !emotespells on
[3/6/2022 4:15:18] !emotespells on
[3/6/2022 4:20:17] !emotespells on
[3/6/2022 4:25:29] !emotespells on
[3/6/2022 4:30:0] !emotespells on
[3/6/2022 4:34:26] !emotespells on
[3/6/2022 4:38:59] !emotespells on
[3/6/2022 4:43:12] !emotespells on
[3/6/2022 4:47:29] !emotespells on
[3/6/2022 4:52:24] !emotespells on
[3/6/2022 4:57:9] !emotespells on
[3/6/2022 5:15:46] !emotespells on
[3/6/2022 5:20:54] !emotespells on
[3/6/2022 5:24:39] !emotespells on
[3/6/2022 5:28:33] !emotespells on
[3/6/2022 5:33:34] !emotespells on
[3/6/2022 5:38:33] !emotespells on
[3/6/2022 5:43:34] !emotespells on
[3/6/2022 5:48:45] !emotespells on
[3/6/2022 5:53:5] !emotespells on
[3/6/2022 5:56:53] !emotespells on
[3/6/2022 6:0:37] !emotespells on
[3/6/2022 6:5:33] !emotespells on
[3/6/2022 6:11:1] !emotespells on
[3/6/2022 6:15:53] !emotespells on
[3/6/2022 6:21:2] !emotespells on
[3/6/2022 6:25:58] !emotespells on
[3/6/2022 6:31:6] !emotespells on
[3/6/2022 6:36:7] !emotespells on
[3/6/2022 6:41:48] !emotespells on
[3/6/2022 6:47:49] !emotespells on
[3/6/2022 6:53:3] !emotespells on
[3/6/2022 6:58:24] !emotespells on
[3/6/2022 7:6:10] !emotespells on
[3/6/2022 7:15:21] !emotespells on
[3/6/2022 7:23:32] !emotespells on
[3/6/2022 7:32:57] !emotespells on
[3/6/2022 7:40:20] !emotespells on
[3/6/2022 7:49:11] !emotespells on
[3/6/2022 7:59:6] !emotespells on
[3/6/2022 8:5:49] !emotespells on
[3/6/2022 8:14:40] !emotespells on
[3/6/2022 8:23:44] !emotespells on
[3/6/2022 8:32:14] !emotespells on
[3/6/2022 8:41:5] !emotespells on
[3/6/2022 8:50:22] !emotespells on
[3/6/2022 8:59:11] !emotespells on
[3/6/2022 9:7:50] !emotespells on
[3/6/2022 9:17:1] !emotespells on
[3/6/2022 9:26:40] !emotespells on
[3/6/2022 9:33:26] !emotespells on
[3/6/2022 9:42:1] !emotespells on
[3/6/2022 9:50:26] !emotespells on
[3/6/2022 9:59:4] !emotespells on
[3/6/2022 10:6:12] !emotespells on
[3/6/2022 10:7:58] !emotespells on
[3/6/2022 10:16:15] !emotespells on
[3/6/2022 10:25:3] !emotespells on
[3/6/2022 10:34:0] !emotespells on
[3/6/2022 10:42:47] !emotespells on
[3/6/2022 10:50:24] !emotespells on
[3/6/2022 10:56:53] !emotespells on
[3/6/2022 11:3:38] !emotespells on
[3/6/2022 11:10:49] !emotespells on
[3/6/2022 11:17:11] !emotespells on
[3/6/2022 11:24:0] !emotespells on
[3/6/2022 11:29:54] !emotespells on
[3/6/2022 11:35:54] !emotespells on
[3/6/2022 11:39:44] !emotespells on
[3/6/2022 11:46:12] !emotespells on
[3/6/2022 12:12:40] !emotespells on
[3/6/2022 12:18:11] !emotespells on
[3/6/2022 12:23:50] !emotespells on
[3/6/2022 12:29:35] !emotespells on
[3/6/2022 18:0:29] !aol
[3/6/2022 20:51:49] !aol
[8/6/2022 2:26:36] !aol
[8/6/2022 6:46:23] !aol
[8/6/2022 6:46:26] !aol
[8/6/2022 6:46:29] !aol
[8/6/2022 6:46:32] !aol
[8/6/2022 6:46:36] !aol
[8/6/2022 6:46:39] !aol
[8/6/2022 6:46:42] !aol
[8/6/2022 6:46:45] !aol
[8/6/2022 6:46:48] !aol
[8/6/2022 6:46:52] !aol
[8/6/2022 6:46:55] !aol
[8/6/2022 6:46:58] !aol
[8/6/2022 6:47:1] !aol
[8/6/2022 6:47:4] !aol
[8/6/2022 6:47:8] !aol
[8/6/2022 6:47:11] !aol
[8/6/2022 6:47:14] !aol
[8/6/2022 6:47:17] !aol
[8/6/2022 6:47:20] !aol
[8/6/2022 6:47:24] !aol
[8/6/2022 6:47:27] !aol
[8/6/2022 6:47:30] !aol
[8/6/2022 6:47:33] !aol
[8/6/2022 6:47:36] !aol
[8/6/2022 6:47:40] !aol
[8/6/2022 6:47:43] !aol
[8/6/2022 6:47:46] !aol
[8/6/2022 6:47:49] !aol
[8/6/2022 6:47:52] !aol
[8/6/2022 6:47:56] !aol
[8/6/2022 6:47:59] !aol
[8/6/2022 6:48:2] !aol
[8/6/2022 6:48:5] !aol
[8/6/2022 6:48:8] !aol
[8/6/2022 6:48:12] !aol
[8/6/2022 6:48:15] !aol
[8/6/2022 6:48:18] !aol
[8/6/2022 6:48:21] !aol
[8/6/2022 6:48:25] !aol
[8/6/2022 6:48:28] !aol
[8/6/2022 6:48:31] !aol
[8/6/2022 6:48:34] !aol
[8/6/2022 6:48:37] !aol
[8/6/2022 6:48:40] !aol
[8/6/2022 6:48:44] !aol
[8/6/2022 6:48:47] !aol
[8/6/2022 6:48:50] !aol
[8/6/2022 6:48:53] !aol
[8/6/2022 6:48:57] !aol
[8/6/2022 6:49:0] !aol
[8/6/2022 6:49:3] !aol
[8/6/2022 6:49:6] !aol
[8/6/2022 6:49:9] !aol
[8/6/2022 6:49:13] !aol
[8/6/2022 6:49:16] !aol
[8/6/2022 6:49:19] !aol
[8/6/2022 6:49:22] !aol
[8/6/2022 6:49:25] !aol
[8/6/2022 6:49:29] !aol
[8/6/2022 6:49:32] !aol
[8/6/2022 6:49:35] !aol
[8/6/2022 6:49:38] !aol
[8/6/2022 6:49:41] !aol
[8/6/2022 6:49:45] !aol
[8/6/2022 6:49:48] !aol
[8/6/2022 6:49:51] !aol
[8/6/2022 6:49:54] !aol
[8/6/2022 6:49:57] !aol
[8/6/2022 6:50:1] !aol
[8/6/2022 6:50:4] !aol
[8/6/2022 6:50:7] !aol
[8/6/2022 6:50:10] !aol
[8/6/2022 6:50:14] !aol
[8/6/2022 6:50:17] !aol
[8/6/2022 6:50:20] !aol
[8/6/2022 6:50:23] !aol
[8/6/2022 6:50:26] !aol
[8/6/2022 6:50:30] !aol
[8/6/2022 6:50:33] !aol
[8/6/2022 6:50:36] !aol
[8/6/2022 6:50:39] !aol
[8/6/2022 6:50:42] !aol
[8/6/2022 6:50:46] !aol
[8/6/2022 6:50:49] !aol
[8/6/2022 6:50:52] !aol
[8/6/2022 6:50:55] !aol
[8/6/2022 6:50:58] !aol
[8/6/2022 6:51:2] !aol
[8/6/2022 6:51:5] !aol
[8/6/2022 6:51:8] !aol
[8/6/2022 6:51:11] !aol
[8/6/2022 6:51:14] !aol
[8/6/2022 6:51:18] !aol
[8/6/2022 6:51:21] !aol
[8/6/2022 6:51:24] !aol
[8/6/2022 6:51:27] !aol
[8/6/2022 6:51:31] !aol
[8/6/2022 6:51:34] !aol
[8/6/2022 6:51:37] !aol
[8/6/2022 6:51:40] !aol
[8/6/2022 6:51:43] !aol
[8/6/2022 6:51:47] !aol
[8/6/2022 6:51:50] !aol
[8/6/2022 6:51:53] !aol
[8/6/2022 6:51:56] !aol
[8/6/2022 6:51:59] !aol
[8/6/2022 6:52:3] !aol
[8/6/2022 6:52:6] !aol
[8/6/2022 6:52:9] !aol
[8/6/2022 6:52:12] !aol
[8/6/2022 6:52:15] !aol
[8/6/2022 6:52:19] !aol
[8/6/2022 6:52:22] !aol
[8/6/2022 6:52:25] !aol
[8/6/2022 6:52:28] !aol
[8/6/2022 6:52:31] !aol
[8/6/2022 6:52:35] !aol
[8/6/2022 6:52:38] !aol
[8/6/2022 6:52:41] !aol
[8/6/2022 6:52:44] !aol
[8/6/2022 6:52:47] !aol
[8/6/2022 6:52:51] !aol
[8/6/2022 6:52:54] !aol
[8/6/2022 6:52:57] !aol
[8/6/2022 6:53:0] !aol
[8/6/2022 6:53:4] !aol
[8/6/2022 6:53:7] !aol
[8/6/2022 6:53:10] !aol
[8/6/2022 6:53:13] !aol
[8/6/2022 6:53:16] !aol
[8/6/2022 6:53:20] !aol
[8/6/2022 6:53:23] !aol
[8/6/2022 6:53:26] !aol
[8/6/2022 6:53:29] !aol
[8/6/2022 6:53:33] !aol
[8/6/2022 6:53:36] !aol
[8/6/2022 6:53:39] !aol
[8/6/2022 6:53:42] !aol
[8/6/2022 6:53:45] !aol
[8/6/2022 6:53:49] !aol
[8/6/2022 6:53:52] !aol
[8/6/2022 6:53:55] !aol
[8/6/2022 6:53:58] !aol
[8/6/2022 6:54:1] !aol
[8/6/2022 6:54:5] !aol
[8/6/2022 6:54:8] !aol
[8/6/2022 6:54:11] !aol
[8/6/2022 6:54:14] !aol
[8/6/2022 6:54:17] !aol
[8/6/2022 6:54:21] !aol
[8/6/2022 6:54:24] !aol
[8/6/2022 6:54:27] !aol
[8/6/2022 6:54:30] !aol
[8/6/2022 6:54:33] !aol
[8/6/2022 6:54:37] !aol
[8/6/2022 6:54:40] !aol
[8/6/2022 6:54:43] !aol
[8/6/2022 6:54:46] !aol
[8/6/2022 6:54:50] !aol
[8/6/2022 6:54:53] !aol
[8/6/2022 6:54:56] !aol
[8/6/2022 6:54:59] !aol
[8/6/2022 6:55:2] !aol
[8/6/2022 6:55:6] !aol
[8/6/2022 6:55:9] !aol
[8/6/2022 6:55:12] !aol
[8/6/2022 6:55:15] !aol
[8/6/2022 6:55:18] !aol
[8/6/2022 6:55:22] !aol
[8/6/2022 6:55:25] !aol
[8/6/2022 6:55:28] !aol
[8/6/2022 6:55:31] !aol
[8/6/2022 6:55:34] !aol
[8/6/2022 6:55:38] !aol
[8/6/2022 6:55:41] !aol
[8/6/2022 6:55:44] !aol
[8/6/2022 6:55:47] !aol
[8/6/2022 6:55:50] !aol
[8/6/2022 6:55:54] !aol
[8/6/2022 6:55:57] !aol
[8/6/2022 6:56:0] !aol
[8/6/2022 6:56:3] !aol
[8/6/2022 6:56:6] !aol
[8/6/2022 6:56:10] !aol
[8/6/2022 6:56:13] !aol
[8/6/2022 6:56:16] !aol
[8/6/2022 6:56:19] !aol
[8/6/2022 6:56:22] !aol
[8/6/2022 6:56:26] !aol
[8/6/2022 6:56:29] !aol
[8/6/2022 6:56:32] !aol
[8/6/2022 6:56:35] !aol
[8/6/2022 6:56:38] !aol
[8/6/2022 6:56:42] !aol
[8/6/2022 6:56:45] !aol
[8/6/2022 6:56:48] !aol
[8/6/2022 6:56:51] !aol
[8/6/2022 6:56:55] !aol
[8/6/2022 6:56:58] !aol
[8/6/2022 6:57:1] !aol
[8/6/2022 6:57:4] !aol
[8/6/2022 6:57:7] !aol
[8/6/2022 6:57:11] !aol
[8/6/2022 6:57:14] !aol
[8/6/2022 6:57:17] !aol
[8/6/2022 6:57:20] !aol
[8/6/2022 6:57:23] !aol
[8/6/2022 6:57:27] !aol
[8/6/2022 6:57:30] !aol
[8/6/2022 6:57:33] !aol
[8/6/2022 6:57:36] !aol
[8/6/2022 6:57:40] !aol
[8/6/2022 6:57:43] !aol
[8/6/2022 6:57:46] !aol
[8/6/2022 6:57:49] !aol
[8/6/2022 6:57:52] !aol
[8/6/2022 6:57:56] !aol
[8/6/2022 6:57:59] !aol
[8/6/2022 6:58:2] !aol
[8/6/2022 6:58:5] !aol
[8/6/2022 6:58:8] !aol
[8/6/2022 6:58:12] !aol
[8/6/2022 6:58:15] !aol
[8/6/2022 6:58:18] !aol
[8/6/2022 6:58:21] !aol
[8/6/2022 6:58:24] !aol
[8/6/2022 6:58:28] !aol
[8/6/2022 6:58:31] !aol
[8/6/2022 6:58:34] !aol
[8/6/2022 6:58:37] !aol
[8/6/2022 6:58:40] !aol
[8/6/2022 6:58:44] !aol
[8/6/2022 6:58:47] !aol
[8/6/2022 6:58:50] !aol
[8/6/2022 6:58:53] !aol
[8/6/2022 6:58:57] !aol
[8/6/2022 6:59:0] !aol
[8/6/2022 6:59:3] !aol
[8/6/2022 6:59:6] !aol
[8/6/2022 6:59:9] !aol
[8/6/2022 6:59:13] !aol
[8/6/2022 6:59:16] !aol
[8/6/2022 6:59:19] !aol
[8/6/2022 6:59:22] !aol
[8/6/2022 6:59:25] !aol
[8/6/2022 6:59:29] !aol
[8/6/2022 6:59:32] !aol
[8/6/2022 6:59:35] !aol
[8/6/2022 6:59:38] !aol
[8/6/2022 6:59:41] !aol
[8/6/2022 6:59:45] !aol
[8/6/2022 6:59:48] !aol
[8/6/2022 6:59:51] !aol
[8/6/2022 6:59:54] !aol
[8/6/2022 6:59:57] !aol
[8/6/2022 7:0:1] !aol
[8/6/2022 7:0:4] !aol
[8/6/2022 7:0:7] !aol
[8/6/2022 7:0:10] !aol
[8/6/2022 7:0:13] !aol
[8/6/2022 7:0:17] !aol
[8/6/2022 7:0:20] !aol
[8/6/2022 7:0:23] !aol
[8/6/2022 7:0:26] !aol
[8/6/2022 7:0:30] !aol
[8/6/2022 7:0:33] !aol
[8/6/2022 7:0:36] !aol
[8/6/2022 7:0:39] !aol
[8/6/2022 7:0:42] !aol
[8/6/2022 7:0:46] !aol
[8/6/2022 7:0:49] !aol
[8/6/2022 7:0:52] !aol
[8/6/2022 7:0:55] !aol
[8/6/2022 7:0:58] !aol
[8/6/2022 7:1:2] !aol
[8/6/2022 7:1:5] !aol
[8/6/2022 7:1:8] !aol
[8/6/2022 7:1:11] !aol
[8/6/2022 7:1:14] !aol
[8/6/2022 7:1:18] !aol
[8/6/2022 7:1:21] !aol
[8/6/2022 7:1:24] !aol
[8/6/2022 7:1:27] !aol
[8/6/2022 7:1:30] !aol
[8/6/2022 7:1:34] !aol
[8/6/2022 7:1:37] !aol
[8/6/2022 7:1:40] !aol
[8/6/2022 7:1:43] !aol
[8/6/2022 7:1:47] !aol
[8/6/2022 7:1:50] !aol
[8/6/2022 7:1:53] !aol
[8/6/2022 7:1:56] !aol
[8/6/2022 7:1:59] !aol
[8/6/2022 7:2:3] !aol
[8/6/2022 7:2:6] !aol
[8/6/2022 7:2:9] !aol
[8/6/2022 7:2:12] !aol
[8/6/2022 7:2:15] !aol
[8/6/2022 7:2:19] !aol
[8/6/2022 7:2:22] !aol
[8/6/2022 7:2:25] !aol
[8/6/2022 7:2:28] !aol
[8/6/2022 7:2:31] !aol
[8/6/2022 7:2:35] !aol
[8/6/2022 7:2:38] !aol
[8/6/2022 7:2:41] !aol
[8/6/2022 7:2:44] !aol
[8/6/2022 7:2:47] !aol
[8/6/2022 7:2:51] !aol
[8/6/2022 7:2:54] !aol
[8/6/2022 7:2:57] !aol
[8/6/2022 7:3:0] !aol
[8/6/2022 7:3:4] !aol
[8/6/2022 7:3:7] !aol
[8/6/2022 7:3:10] !aol
[8/6/2022 7:3:13] !aol
[8/6/2022 7:3:16] !aol
[8/6/2022 7:3:20] !aol
[8/6/2022 7:3:23] !aol
[8/6/2022 7:3:26] !aol
[8/6/2022 7:3:29] !aol
[8/6/2022 7:3:32] !aol
[8/6/2022 7:3:36] !aol
[8/6/2022 7:3:39] !aol
[8/6/2022 7:3:42] !aol
[8/6/2022 7:3:45] !aol
[8/6/2022 7:3:48] !aol
[8/6/2022 7:3:52] !aol
[8/6/2022 7:3:55] !aol
[8/6/2022 7:3:58] !aol
[8/6/2022 7:4:1] !aol
[8/6/2022 7:4:4] !aol
[8/6/2022 7:4:8] !aol
[8/6/2022 7:4:11] !aol
[8/6/2022 7:4:14] !aol
[8/6/2022 7:4:17] !aol
[8/6/2022 7:4:21] !aol
[8/6/2022 7:4:24] !aol
[8/6/2022 7:4:27] !aol
[8/6/2022 7:4:30] !aol
[8/6/2022 7:4:33] !aol
[8/6/2022 7:4:37] !aol
[8/6/2022 7:4:40] !aol
[8/6/2022 7:4:43] !aol
[8/6/2022 7:4:46] !aol
[8/6/2022 7:4:49] !aol
[8/6/2022 7:4:53] !aol
[8/6/2022 7:4:56] !aol
[8/6/2022 7:4:59] !aol
[8/6/2022 7:5:2] !aol
[8/6/2022 7:5:5] !aol
[8/6/2022 7:5:9] !aol
[8/6/2022 7:5:12] !aol
[8/6/2022 7:5:15] !aol
[8/6/2022 7:5:18] !aol
[8/6/2022 7:5:21] !aol
[8/6/2022 7:5:25] !aol
[8/6/2022 7:5:28] !aol
[8/6/2022 7:5:31] !aol
[8/6/2022 7:5:34] !aol
[8/6/2022 7:5:37] !aol
[8/6/2022 7:5:41] !aol
[8/6/2022 7:5:44] !aol
[8/6/2022 7:5:47] !aol
[8/6/2022 7:5:50] !aol
[8/6/2022 7:5:54] !aol
[8/6/2022 7:5:57] !aol
[8/6/2022 7:6:0] !aol
[8/6/2022 7:6:3] !aol
[8/6/2022 7:6:6] !aol
[8/6/2022 7:6:10] !aol
[8/6/2022 7:6:13] !aol
[8/6/2022 7:6:16] !aol
[8/6/2022 7:6:19] !aol
[8/6/2022 7:6:22] !aol
[8/6/2022 7:6:26] !aol
[8/6/2022 7:6:29] !aol
[8/6/2022 7:6:32] !aol
[8/6/2022 7:6:35] !aol
[8/6/2022 7:6:38] !aol
[8/6/2022 7:6:42] !aol
[8/6/2022 7:6:45] !aol
[8/6/2022 7:6:48] !aol
[8/6/2022 7:6:51] !aol
[8/6/2022 7:6:54] !aol
[8/6/2022 7:6:58] !aol
[8/6/2022 7:7:1] !aol
[8/6/2022 7:7:4] !aol
[8/6/2022 7:7:7] !aol
[8/6/2022 7:7:11] !aol
[8/6/2022 7:7:14] !aol
[8/6/2022 7:7:17] !aol
[8/6/2022 7:7:20] !aol
[8/6/2022 7:7:23] !aol
[8/6/2022 7:7:27] !aol
[8/6/2022 7:7:30] !aol
[8/6/2022 7:7:33] !aol
[8/6/2022 7:7:36] !aol
[8/6/2022 7:7:39] !aol
[8/6/2022 7:7:43] !aol
[8/6/2022 7:7:46] !aol
[8/6/2022 7:7:49] !aol
[8/6/2022 7:7:52] !aol
[8/6/2022 7:7:55] !aol
[8/6/2022 7:7:59] !aol
[8/6/2022 7:8:2] !aol
[8/6/2022 7:8:5] !aol
[8/6/2022 7:8:8] !aol
[8/6/2022 7:8:11] !aol
[8/6/2022 7:8:15] !aol
[8/6/2022 7:8:18] !aol
[8/6/2022 7:8:21] !aol
[8/6/2022 7:8:24] !aol
[8/6/2022 7:8:28] !aol
[8/6/2022 7:8:31] !aol
[8/6/2022 7:8:34] !aol
[8/6/2022 7:8:37] !aol
[8/6/2022 7:8:40] !aol
[8/6/2022 7:8:44] !aol
[8/6/2022 7:8:47] !aol
[8/6/2022 7:8:50] !aol
[8/6/2022 7:8:53] !aol
[8/6/2022 7:8:56] !aol
[8/6/2022 7:9:0] !aol
[8/6/2022 7:9:3] !aol
[8/6/2022 7:9:6] !aol
[8/6/2022 7:9:9] !aol
[8/6/2022 7:9:12] !aol
[8/6/2022 7:9:16] !aol
[8/6/2022 7:9:19] !aol
[8/6/2022 7:9:22] !aol
[8/6/2022 7:9:25] !aol
[8/6/2022 7:9:28] !aol
[8/6/2022 7:9:32] !aol
[8/6/2022 7:9:35] !aol
[8/6/2022 7:9:38] !aol
[8/6/2022 7:9:41] !aol
[8/6/2022 7:9:45] !aol
[8/6/2022 7:9:48] !aol
[8/6/2022 7:9:51] !aol
[8/6/2022 7:9:54] !aol
[8/6/2022 7:9:57] !aol
[8/6/2022 7:10:1] !aol
[8/6/2022 7:10:4] !aol
[8/6/2022 7:10:7] !aol
[8/6/2022 7:10:10] !aol
[8/6/2022 7:10:13] !aol
[8/6/2022 7:10:17] !aol
[8/6/2022 7:10:20] !aol
[8/6/2022 7:10:23] !aol
[8/6/2022 7:10:26] !aol
[8/6/2022 7:10:29] !aol
[8/6/2022 7:10:33] !aol
[8/6/2022 7:10:36] !aol
[8/6/2022 7:10:39] !aol
[8/6/2022 7:10:42] !aol
[8/6/2022 7:10:45] !aol
[8/6/2022 7:10:49] !aol
[8/6/2022 7:10:52] !aol
[8/6/2022 7:10:55] !aol
[8/6/2022 7:10:58] !aol
[8/6/2022 7:11:1] !aol
[8/6/2022 7:11:5] !aol
[8/6/2022 7:11:8] !aol
[8/6/2022 7:11:11] !aol
[8/6/2022 7:11:14] !aol
[8/6/2022 7:11:17] !aol
[8/6/2022 7:11:21] !aol
[8/6/2022 7:11:24] !aol
[8/6/2022 7:11:27] !aol
[8/6/2022 7:11:30] !aol
[8/6/2022 7:11:34] !aol
[8/6/2022 7:11:37] !aol
[8/6/2022 7:11:40] !aol
[8/6/2022 7:11:43] !aol
[8/6/2022 7:11:46] !aol
[8/6/2022 7:11:50] !aol
[8/6/2022 7:11:53] !aol
[8/6/2022 7:11:56] !aol
[8/6/2022 7:11:59] !aol
[8/6/2022 7:12:2] !aol
[8/6/2022 7:12:6] !aol
[8/6/2022 7:12:9] !aol
[8/6/2022 7:12:12] !aol
[8/6/2022 7:12:15] !aol
[8/6/2022 7:12:19] !aol
[8/6/2022 7:12:22] !aol
[8/6/2022 7:12:25] !aol
[8/6/2022 7:12:28] !aol
[8/6/2022 7:12:31] !aol
[8/6/2022 7:12:35] !aol
[8/6/2022 7:12:38] !aol
[8/6/2022 7:12:41] !aol
[8/6/2022 7:12:44] !aol
[8/6/2022 7:12:47] !aol
[8/6/2022 7:12:51] !aol
[8/6/2022 7:12:54] !aol
[8/6/2022 7:12:57] !aol
[8/6/2022 7:13:0] !aol
[8/6/2022 7:13:3] !aol
[8/6/2022 7:13:7] !aol
[8/6/2022 7:13:10] !aol
[8/6/2022 7:13:13] !aol
[8/6/2022 7:13:16] !aol
[8/6/2022 7:13:19] !aol
[8/6/2022 7:13:23] !aol
[8/6/2022 7:13:26] !aol
[8/6/2022 7:13:29] !aol
[8/6/2022 7:13:32] !aol
[8/6/2022 7:13:36] !aol
[8/6/2022 7:13:39] !aol
[8/6/2022 7:13:42] !aol
[8/6/2022 7:13:45] !aol
[8/6/2022 7:13:48] !aol
[8/6/2022 7:13:52] !aol
[8/6/2022 7:13:55] !aol
[8/6/2022 7:13:58] !aol
[8/6/2022 7:14:1] !aol
[8/6/2022 7:14:4] !aol
[8/6/2022 7:14:8] !aol
[8/6/2022 7:14:11] !aol
[8/6/2022 7:14:14] !aol
[8/6/2022 7:14:17] !aol
[8/6/2022 7:14:20] !aol
[8/6/2022 7:14:24] !aol
[8/6/2022 7:14:27] !aol
[8/6/2022 7:14:30] !aol
[8/6/2022 7:14:33] !aol
[8/6/2022 7:14:36] !aol
[8/6/2022 7:14:40] !aol
[8/6/2022 7:14:43] !aol
[8/6/2022 7:14:46] !aol
[8/6/2022 7:14:49] !aol
[8/6/2022 7:14:52] !aol
[8/6/2022 7:14:56] !aol
[8/6/2022 7:14:59] !aol
[8/6/2022 7:15:2] !aol
[8/6/2022 7:15:5] !aol
[8/6/2022 7:15:8] !aol
[8/6/2022 7:15:12] !aol
[8/6/2022 7:15:15] !aol
[8/6/2022 7:15:18] !aol
[8/6/2022 7:15:21] !aol
[8/6/2022 7:15:24] !aol
[8/6/2022 7:15:28] !aol
[8/6/2022 7:15:31] !aol
[8/6/2022 7:15:34] !aol
[8/6/2022 7:15:37] !aol
[8/6/2022 7:15:41] !aol
[8/6/2022 7:15:44] !aol
[8/6/2022 7:15:47] !aol
[8/6/2022 7:15:50] !aol
[8/6/2022 7:15:53] !aol
[8/6/2022 7:15:57] !aol
[8/6/2022 7:16:0] !aol
[8/6/2022 7:16:3] !aol
[8/6/2022 7:16:6] !aol
[8/6/2022 7:16:9] !aol
[8/6/2022 7:16:13] !aol
[8/6/2022 7:16:16] !aol
[8/6/2022 7:16:19] !aol
[8/6/2022 7:16:22] !aol
[8/6/2022 7:16:25] !aol
[8/6/2022 7:16:29] !aol
[8/6/2022 7:16:32] !aol
[8/6/2022 7:16:35] !aol
[8/6/2022 7:16:38] !aol
[8/6/2022 7:16:41] !aol
[8/6/2022 7:16:45] !aol
[8/6/2022 7:16:48] !aol
[8/6/2022 7:16:51] !aol
[8/6/2022 7:16:54] !aol
[8/6/2022 7:16:57] !aol
[8/6/2022 7:17:1] !aol
[8/6/2022 7:17:4] !aol
[8/6/2022 7:17:7] !aol
[8/6/2022 7:17:10] !aol
[8/6/2022 7:17:14] !aol
[8/6/2022 7:17:17] !aol
[8/6/2022 7:17:20] !aol
[8/6/2022 7:17:23] !aol
[8/6/2022 7:17:26] !aol
[8/6/2022 7:17:30] !aol
[8/6/2022 7:17:33] !aol
[8/6/2022 7:17:36] !aol
[8/6/2022 7:17:39] !aol
[8/6/2022 7:17:42] !aol
[8/6/2022 7:17:46] !aol
[8/6/2022 7:17:49] !aol
[8/6/2022 7:17:52] !aol
[8/6/2022 7:17:55] !aol
[8/6/2022 7:17:58] !aol
[8/6/2022 7:18:2] !aol
[8/6/2022 7:18:5] !aol
[8/6/2022 7:18:8] !aol
[8/6/2022 7:18:11] !aol
[8/6/2022 7:18:14] !aol
[8/6/2022 7:18:18] !aol
[8/6/2022 7:18:21] !aol
[8/6/2022 7:18:24] !aol
[8/6/2022 7:18:27] !aol
[8/6/2022 7:18:30] !aol
[8/6/2022 7:18:34] !aol
[8/6/2022 7:18:37] !aol
[8/6/2022 7:18:40] !aol
[8/6/2022 7:18:43] !aol
[8/6/2022 7:18:46] !aol
[8/6/2022 7:18:50] !aol
[8/6/2022 7:18:53] !aol
[8/6/2022 7:18:56] !aol
[8/6/2022 7:18:59] !aol
[8/6/2022 7:19:3] !aol
[8/6/2022 7:19:6] !aol
[8/6/2022 7:19:9] !aol
[8/6/2022 7:19:12] !aol
[8/6/2022 7:19:15] !aol
[8/6/2022 7:19:19] !aol
[8/6/2022 7:19:22] !aol
[8/6/2022 7:19:25] !aol
[8/6/2022 7:19:28] !aol
[8/6/2022 7:19:31] !aol
[8/6/2022 7:19:35] !aol
[8/6/2022 7:19:38] !aol
[8/6/2022 7:19:41] !aol
[8/6/2022 7:19:44] !aol
[8/6/2022 7:19:48] !aol
[8/6/2022 7:19:51] !aol
[8/6/2022 7:19:54] !aol
[8/6/2022 7:19:57] !aol
[8/6/2022 7:20:0] !aol
[8/6/2022 7:20:4] !aol
[8/6/2022 7:20:7] !aol
[8/6/2022 7:20:10] !aol
[8/6/2022 7:20:13] !aol
[8/6/2022 7:20:16] !aol
[8/6/2022 7:20:20] !aol
[8/6/2022 7:20:23] !aol
[8/6/2022 7:20:26] !aol
[8/6/2022 7:20:29] !aol
[8/6/2022 7:20:33] !aol
[8/6/2022 7:20:36] !aol
[8/6/2022 7:20:39] !aol
[8/6/2022 7:20:42] !aol
[8/6/2022 7:20:45] !aol
[8/6/2022 7:20:49] !aol
[8/6/2022 7:20:52] !aol
[8/6/2022 7:20:55] !aol
[8/6/2022 7:20:58] !aol
[8/6/2022 7:21:1] !aol
[8/6/2022 7:21:5] !aol
[8/6/2022 7:21:8] !aol
[8/6/2022 7:21:11] !aol
[8/6/2022 7:21:14] !aol
[8/6/2022 7:21:17] !aol
[8/6/2022 7:21:21] !aol
[8/6/2022 7:21:24] !aol
[8/6/2022 7:21:27] !aol
[8/6/2022 7:21:30] !aol
[8/6/2022 7:21:33] !aol
[8/6/2022 7:21:37] !aol
[8/6/2022 7:21:40] !aol
[8/6/2022 7:21:43] !aol
[8/6/2022 7:21:46] !aol
[8/6/2022 7:21:50] !aol
[8/6/2022 7:21:53] !aol
[8/6/2022 7:21:56] !aol
[8/6/2022 7:21:59] !aol
[8/6/2022 7:22:2] !aol
[8/6/2022 7:22:6] !aol
[8/6/2022 7:22:9] !aol
[8/6/2022 7:22:12] !aol
[8/6/2022 7:22:15] !aol
[8/6/2022 7:22:18] !aol
[8/6/2022 7:22:22] !aol
[8/6/2022 7:22:25] !aol
[8/6/2022 7:22:28] !aol
[8/6/2022 7:22:31] !aol
[8/6/2022 7:22:34] !aol
[8/6/2022 7:22:38] !aol
[8/6/2022 7:22:41] !aol
[8/6/2022 7:22:44] !aol
[8/6/2022 7:22:47] !aol
[8/6/2022 7:22:51] !aol
[8/6/2022 7:22:54] !aol
[8/6/2022 7:22:57] !aol
[8/6/2022 7:23:0] !aol
[8/6/2022 7:23:3] !aol
[8/6/2022 7:23:7] !aol
[8/6/2022 7:23:10] !aol
[8/6/2022 7:23:13] !aol
[8/6/2022 7:23:16] !aol
[8/6/2022 7:23:19] !aol
[8/6/2022 7:23:23] !aol
[8/6/2022 7:23:26] !aol
[8/6/2022 7:23:29] !aol
[8/6/2022 7:23:32] !aol
[8/6/2022 7:23:35] !aol
[8/6/2022 7:23:39] !aol
[8/6/2022 7:23:42] !aol
[8/6/2022 7:23:45] !aol
[8/6/2022 7:23:48] !aol
[8/6/2022 7:23:51] !aol
[8/6/2022 7:23:55] !aol
[8/6/2022 7:23:58] !aol
[8/6/2022 7:24:1] !aol
[8/6/2022 7:24:4] !aol
[8/6/2022 7:24:8] !aol
[8/6/2022 7:24:11] !aol
[8/6/2022 7:24:14] !aol
[8/6/2022 7:24:17] !aol
[8/6/2022 7:24:20] !aol
[8/6/2022 7:24:24] !aol
[8/6/2022 7:24:27] !aol
[8/6/2022 7:24:30] !aol
[8/6/2022 7:24:33] !aol
[8/6/2022 7:24:36] !aol
[8/6/2022 7:24:40] !aol
[8/6/2022 7:24:43] !aol
[8/6/2022 7:24:46] !aol
[8/6/2022 7:24:49] !aol
[8/6/2022 7:24:53] !aol
[8/6/2022 7:24:56] !aol
[8/6/2022 7:24:59] !aol
[8/6/2022 7:25:2] !aol
[8/6/2022 7:25:5] !aol
[8/6/2022 7:25:8] !aol
[8/6/2022 7:25:12] !aol
[8/6/2022 7:25:15] !aol
[8/6/2022 7:25:18] !aol
[8/6/2022 7:25:21] !aol
[8/6/2022 7:25:25] !aol
[8/6/2022 7:25:28] !aol
[8/6/2022 7:25:31] !aol
[8/6/2022 7:25:34] !aol
[8/6/2022 7:25:37] !aol
[8/6/2022 7:25:41] !aol
[8/6/2022 7:25:44] !aol
[8/6/2022 7:25:47] !aol
[8/6/2022 7:25:50] !aol
[8/6/2022 7:25:53] !aol
[8/6/2022 7:25:57] !aol
[8/6/2022 7:26:0] !aol
[8/6/2022 7:26:3] !aol
[8/6/2022 7:26:6] !aol
[8/6/2022 7:26:9] !aol
[8/6/2022 7:26:13] !aol
[8/6/2022 7:26:16] !aol
[8/6/2022 7:26:19] !aol
[8/6/2022 7:26:22] !aol
[8/6/2022 7:26:26] !aol
[8/6/2022 7:26:29] !aol
[8/6/2022 7:26:32] !aol
[8/6/2022 7:26:35] !aol
[8/6/2022 7:26:38] !aol
[8/6/2022 7:26:42] !aol
[8/6/2022 7:26:45] !aol
[8/6/2022 7:26:48] !aol
[8/6/2022 7:26:51] !aol
[8/6/2022 7:26:54] !aol
[8/6/2022 7:26:58] !aol
[8/6/2022 7:27:1] !aol
[8/6/2022 7:27:4] !aol
[8/6/2022 7:27:7] !aol
[8/6/2022 7:27:10] !aol
[8/6/2022 7:27:14] !aol
[8/6/2022 7:27:17] !aol
[8/6/2022 7:27:20] !aol
[8/6/2022 7:27:23] !aol
[8/6/2022 7:27:26] !aol
[8/6/2022 7:27:30] !aol
[8/6/2022 7:27:33] !aol
[8/6/2022 7:27:36] !aol
[8/6/2022 7:27:39] !aol
[8/6/2022 7:27:42] !aol
[8/6/2022 7:27:46] !aol
[8/6/2022 7:27:49] !aol
[8/6/2022 7:27:52] !aol
[8/6/2022 7:27:55] !aol
[8/6/2022 7:27:58] !aol
[8/6/2022 7:28:2] !aol
[8/6/2022 7:28:5] !aol
[8/6/2022 7:28:8] !aol
[8/6/2022 7:28:11] !aol
[8/6/2022 7:28:15] !aol
[8/6/2022 7:28:18] !aol
[8/6/2022 7:28:21] !aol
[8/6/2022 7:28:24] !aol
[8/6/2022 7:28:27] !aol
[8/6/2022 7:28:31] !aol
[8/6/2022 7:28:34] !aol
[8/6/2022 7:28:37] !aol
[8/6/2022 7:28:40] !aol
[8/6/2022 7:28:43] !aol
[8/6/2022 7:28:47] !aol
[8/6/2022 7:28:50] !aol
[8/6/2022 7:28:53] !aol
[8/6/2022 7:28:56] !aol
[8/6/2022 7:28:59] !aol
[8/6/2022 7:29:3] !aol
[8/6/2022 7:29:6] !aol
[8/6/2022 7:29:9] !aol
[8/6/2022 7:29:12] !aol
[8/6/2022 7:29:15] !aol
[8/6/2022 7:29:19] !aol
[8/6/2022 7:29:22] !aol
[8/6/2022 7:29:25] !aol
[8/6/2022 7:29:28] !aol
[8/6/2022 7:29:32] !aol
[8/6/2022 7:29:35] !aol
[8/6/2022 7:29:38] !aol
[8/6/2022 7:29:41] !aol
[8/6/2022 7:29:44] !aol
[8/6/2022 7:29:48] !aol
[8/6/2022 7:29:51] !aol
[8/6/2022 7:29:54] !aol
[8/6/2022 7:29:57] !aol
[8/6/2022 7:30:0] !aol
[8/6/2022 7:30:4] !aol
[8/6/2022 7:30:7] !aol
[8/6/2022 7:30:10] !aol
[8/6/2022 7:30:13] !aol
[8/6/2022 7:30:16] !aol
[8/6/2022 7:30:20] !aol
[8/6/2022 7:30:23] !aol
[8/6/2022 7:30:26] !aol
[8/6/2022 7:30:29] !aol
[8/6/2022 7:30:33] !aol
[8/6/2022 7:30:36] !aol
[8/6/2022 7:30:39] !aol
[8/6/2022 7:30:42] !aol
[8/6/2022 7:30:45] !aol
[8/6/2022 7:30:49] !aol
[8/6/2022 7:30:52] !aol
[8/6/2022 7:30:55] !aol
[8/6/2022 7:30:58] !aol
[8/6/2022 7:31:1] !aol
[8/6/2022 7:31:5] !aol
[8/6/2022 7:31:8] !aol
[8/6/2022 7:31:11] !aol
[8/6/2022 7:31:14] !aol
[8/6/2022 7:31:17] !aol
[8/6/2022 7:31:21] !aol
[8/6/2022 7:31:24] !aol
[8/6/2022 7:31:27] !aol
[8/6/2022 7:31:30] !aol
[8/6/2022 7:31:33] !aol
[8/6/2022 7:31:37] !aol
[8/6/2022 7:31:40] !aol
[8/6/2022 7:31:43] !aol
[8/6/2022 7:31:46] !aol
[8/6/2022 7:31:49] !aol
[8/6/2022 7:31:53] !aol
[8/6/2022 7:31:56] !aol
[8/6/2022 7:31:59] !aol
[8/6/2022 7:32:2] !aol
[8/6/2022 7:32:6] !aol
[8/6/2022 7:32:9] !aol
[8/6/2022 7:32:12] !aol
[8/6/2022 7:32:15] !aol
[8/6/2022 7:32:18] !aol
[8/6/2022 7:32:22] !aol
[8/6/2022 7:32:25] !aol
[8/6/2022 7:32:28] !aol
[8/6/2022 7:32:31] !aol
[8/6/2022 7:32:34] !aol
[8/6/2022 7:32:38] !aol
[8/6/2022 7:32:41] !aol
[8/6/2022 7:32:44] !aol
[8/6/2022 7:32:47] !aol
[8/6/2022 7:32:50] !aol
[8/6/2022 7:32:54] !aol
[8/6/2022 7:32:57] !aol
[8/6/2022 7:33:0] !aol
[8/6/2022 7:33:3] !aol
[8/6/2022 7:33:7] !aol
[8/6/2022 7:33:10] !aol
[8/6/2022 7:33:13] !aol
[8/6/2022 7:33:16] !aol
[8/6/2022 7:33:19] !aol
[8/6/2022 7:33:23] !aol
[8/6/2022 7:33:26] !aol
[8/6/2022 7:33:29] !aol
[8/6/2022 7:33:32] !aol
[8/6/2022 7:33:35] !aol
[8/6/2022 7:33:39] !aol
[8/6/2022 7:33:42] !aol
[8/6/2022 7:33:45] !aol
[8/6/2022 7:33:48] !aol
[8/6/2022 7:33:51] !aol
[8/6/2022 7:33:55] !aol
[8/6/2022 7:33:58] !aol
[8/6/2022 7:34:1] !aol
[8/6/2022 7:34:4] !aol
[8/6/2022 7:34:7] !aol
[8/6/2022 7:34:11] !aol
[8/6/2022 7:34:14] !aol
[8/6/2022 7:34:17] !aol
[8/6/2022 7:34:20] !aol
[8/6/2022 7:34:23] !aol
[8/6/2022 7:34:27] !aol
[8/6/2022 7:34:30] !aol
[8/6/2022 7:34:33] !aol
[8/6/2022 7:34:36] !aol
[8/6/2022 7:34:39] !aol
[8/6/2022 7:34:43] !aol
[8/6/2022 7:34:46] !aol
[8/6/2022 7:34:49] !aol
[8/6/2022 7:34:52] !aol
[8/6/2022 7:34:56] !aol
[8/6/2022 7:34:59] !aol
[8/6/2022 7:35:2] !aol
[8/6/2022 7:35:5] !aol
[8/6/2022 7:35:8] !aol
[8/6/2022 7:35:12] !aol
[8/6/2022 7:35:15] !aol
[8/6/2022 7:35:18] !aol
[8/6/2022 7:35:21] !aol
[8/6/2022 7:35:24] !aol
[8/6/2022 7:35:28] !aol
[8/6/2022 7:35:31] !aol
[8/6/2022 7:35:34] !aol
[8/6/2022 7:35:37] !aol
[8/6/2022 7:35:41] !aol
[8/6/2022 7:35:44] !aol
[8/6/2022 7:35:47] !aol
[8/6/2022 7:35:50] !aol
[8/6/2022 7:35:53] !aol
[8/6/2022 7:35:57] !aol
[8/6/2022 7:36:0] !aol
[8/6/2022 7:36:3] !aol
[8/6/2022 7:36:6] !aol
[8/6/2022 7:36:9] !aol
[8/6/2022 7:36:13] !aol
[8/6/2022 7:36:16] !aol
[8/6/2022 7:36:19] !aol
[8/6/2022 7:36:22] !aol
[8/6/2022 7:36:25] !aol
[8/6/2022 7:36:29] !aol
[8/6/2022 7:36:32] !aol
[8/6/2022 7:36:35] !aol
[8/6/2022 7:36:38] !aol
[8/6/2022 7:36:41] !aol
[8/6/2022 7:36:45] !aol
[8/6/2022 7:36:48] !aol
[8/6/2022 7:36:51] !aol
[8/6/2022 7:36:54] !aol
[8/6/2022 7:36:57] !aol
[8/6/2022 7:37:1] !aol
[8/6/2022 7:37:4] !aol
[8/6/2022 7:37:7] !aol
[8/6/2022 7:37:10] !aol
[8/6/2022 7:37:14] !aol
[8/6/2022 7:37:17] !aol
[8/6/2022 7:37:20] !aol
[8/6/2022 7:37:23] !aol
[8/6/2022 7:37:26] !aol
[8/6/2022 7:37:30] !aol
[8/6/2022 7:37:33] !aol
[8/6/2022 7:37:36] !aol
[8/6/2022 7:37:39] !aol
[8/6/2022 7:37:42] !aol
[8/6/2022 7:37:46] !aol
[8/6/2022 7:37:49] !aol
[8/6/2022 7:37:52] !aol
[8/6/2022 7:37:55] !aol
[8/6/2022 7:37:58] !aol
[8/6/2022 7:38:2] !aol
[8/6/2022 7:38:5] !aol
[8/6/2022 7:38:8] !aol
[8/6/2022 7:38:11] !aol
[8/6/2022 7:38:14] !aol
[8/6/2022 7:38:18] !aol
[8/6/2022 7:38:21] !aol
[8/6/2022 7:38:24] !aol
[8/6/2022 7:38:27] !aol
[8/6/2022 7:38:31] !aol
[8/6/2022 7:38:34] !aol
[8/6/2022 7:38:37] !aol
[8/6/2022 7:38:40] !aol
[8/6/2022 7:38:43] !aol
[8/6/2022 7:38:47] !aol
[8/6/2022 7:38:50] !aol
[8/6/2022 7:38:53] !aol
[8/6/2022 7:38:56] !aol
[8/6/2022 7:38:59] !aol
[8/6/2022 7:39:3] !aol
[8/6/2022 7:39:6] !aol
[8/6/2022 7:39:9] !aol
[8/6/2022 7:39:12] !aol
[8/6/2022 7:39:15] !aol
[8/6/2022 7:39:19] !aol
[8/6/2022 7:39:22] !aol
[8/6/2022 7:39:25] !aol
[8/6/2022 7:39:28] !aol
[8/6/2022 7:39:31] !aol
[8/6/2022 7:39:35] !aol
[8/6/2022 7:39:38] !aol
[8/6/2022 7:39:41] !aol
[8/6/2022 7:39:44] !aol
[8/6/2022 7:39:47] !aol
[8/6/2022 7:39:51] !aol
[8/6/2022 7:39:54] !aol
[8/6/2022 7:39:57] !aol
[8/6/2022 7:40:0] !aol
[8/6/2022 7:40:3] !aol
[8/6/2022 7:40:7] !aol
[8/6/2022 7:40:10] !aol
[8/6/2022 7:40:13] !aol
[8/6/2022 7:40:16] !aol
[8/6/2022 7:40:20] !aol
[8/6/2022 7:40:23] !aol
[8/6/2022 7:40:26] !aol
[8/6/2022 7:40:29] !aol
[8/6/2022 7:40:32] !aol
[8/6/2022 7:40:35] !aol
[8/6/2022 7:40:39] !aol
[8/6/2022 7:40:42] !aol
[8/6/2022 7:40:45] !aol
[8/6/2022 7:40:48] !aol
[8/6/2022 7:40:52] !aol
[8/6/2022 7:40:55] !aol
[8/6/2022 7:40:58] !aol
[8/6/2022 7:41:1] !aol
[8/6/2022 7:41:4] !aol
[8/6/2022 7:41:8] !aol
[8/6/2022 7:41:11] !aol
[8/6/2022 7:41:14] !aol
[8/6/2022 7:41:17] !aol
[8/6/2022 7:41:20] !aol
[8/6/2022 7:41:24] !aol
[8/6/2022 7:41:27] !aol
[8/6/2022 7:41:30] !aol
[8/6/2022 7:41:33] !aol
[8/6/2022 7:41:36] !aol
[8/6/2022 7:41:40] !aol
[8/6/2022 7:41:43] !aol
[8/6/2022 7:41:46] !aol
[8/6/2022 7:41:49] !aol
[8/6/2022 7:41:52] !aol
[8/6/2022 7:41:56] !aol
[8/6/2022 7:41:59] !aol
[8/6/2022 7:42:2] !aol
[8/6/2022 7:42:5] !aol
[8/6/2022 7:42:9] !aol
[8/6/2022 7:42:12] !aol
[8/6/2022 7:42:15] !aol
[8/6/2022 7:42:18] !aol
[8/6/2022 7:42:21] !aol
[8/6/2022 7:42:25] !aol
[8/6/2022 7:42:28] !aol
[8/6/2022 7:42:31] !aol
[8/6/2022 7:42:34] !aol
[8/6/2022 7:42:37] !aol
[8/6/2022 7:42:41] !aol
[8/6/2022 7:42:44] !aol
[8/6/2022 7:42:47] !aol
[8/6/2022 7:42:50] !aol
[8/6/2022 7:42:53] !aol
[8/6/2022 7:42:57] !aol
[8/6/2022 7:43:0] !aol
[8/6/2022 7:43:3] !aol
[8/6/2022 7:43:6] !aol
[8/6/2022 7:43:9] !aol
[8/6/2022 7:43:13] !aol
[8/6/2022 7:43:16] !aol
[8/6/2022 7:43:19] !aol
[8/6/2022 7:43:22] !aol
[8/6/2022 7:43:26] !aol
[8/6/2022 7:43:29] !aol
[8/6/2022 7:43:32] !aol
[8/6/2022 7:43:35] !aol
[8/6/2022 7:43:38] !aol
[8/6/2022 7:43:42] !aol
[8/6/2022 7:43:45] !aol
[8/6/2022 7:43:48] !aol
[8/6/2022 7:43:51] !aol
[8/6/2022 7:43:54] !aol
[8/6/2022 7:43:58] !aol
[8/6/2022 7:44:1] !aol
[8/6/2022 7:44:4] !aol
[8/6/2022 7:44:7] !aol
[8/6/2022 7:44:10] !aol
[8/6/2022 7:44:14] !aol
[8/6/2022 7:44:17] !aol
[8/6/2022 7:44:20] !aol
[8/6/2022 7:44:23] !aol
[8/6/2022 7:44:26] !aol
[8/6/2022 7:44:30] !aol
[8/6/2022 7:44:33] !aol
[8/6/2022 7:44:36] !aol
[8/6/2022 7:44:39] !aol
[8/6/2022 7:44:43] !aol
[8/6/2022 7:44:46] !aol
[8/6/2022 7:44:49] !aol
[8/6/2022 7:44:52] !aol
[8/6/2022 7:44:55] !aol
[8/6/2022 7:44:59] !aol
[8/6/2022 7:45:2] !aol
[8/6/2022 7:45:5] !aol
[8/6/2022 7:45:8] !aol
[8/6/2022 7:45:11] !aol
[8/6/2022 7:45:15] !aol
[8/6/2022 7:45:18] !aol
[8/6/2022 7:45:21] !aol
[8/6/2022 7:45:24] !aol
[8/6/2022 7:45:27] !aol
[8/6/2022 7:45:31] !aol
[8/6/2022 7:45:34] !aol
[8/6/2022 7:45:37] !aol
[8/6/2022 7:45:40] !aol
[8/6/2022 7:45:43] !aol
[8/6/2022 7:45:47] !aol
[8/6/2022 7:45:50] !aol
[8/6/2022 7:45:53] !aol
[8/6/2022 7:45:56] !aol
[8/6/2022 7:45:59] !aol
[8/6/2022 7:46:3] !aol
[8/6/2022 7:46:6] !aol
[8/6/2022 7:46:9] !aol
[8/6/2022 7:46:12] !aol
[8/6/2022 7:46:16] !aol
[8/6/2022 7:46:19] !aol
[8/6/2022 7:46:22] !aol
[8/6/2022 7:46:25] !aol
[8/6/2022 7:46:28] !aol
[8/6/2022 7:46:32] !aol
[8/6/2022 7:46:35] !aol
[8/6/2022 7:46:38] !aol
[8/6/2022 7:46:41] !aol
[8/6/2022 7:46:44] !aol
[8/6/2022 7:46:48] !aol
[8/6/2022 7:46:51] !aol
[8/6/2022 7:46:54] !aol
[8/6/2022 7:46:57] !aol
[8/6/2022 7:47:0] !aol
[8/6/2022 7:47:4] !aol
[8/6/2022 7:47:7] !aol
[8/6/2022 7:47:10] !aol
[8/6/2022 7:47:13] !aol
[8/6/2022 7:47:17] !aol
[8/6/2022 7:47:20] !aol
[8/6/2022 7:47:23] !aol
[8/6/2022 7:47:26] !aol
[8/6/2022 7:47:29] !aol
[8/6/2022 7:47:33] !aol
[8/6/2022 7:47:36] !aol
[8/6/2022 7:47:39] !aol
[8/6/2022 7:47:42] !aol
[8/6/2022 7:47:45] !aol
[8/6/2022 7:47:49] !aol
[8/6/2022 7:47:52] !aol
[8/6/2022 7:47:55] !aol
[8/6/2022 7:47:58] !aol
[8/6/2022 7:48:1] !aol
[8/6/2022 7:48:5] !aol
[8/6/2022 7:48:8] !aol
[8/6/2022 7:48:11] !aol
[8/6/2022 7:48:14] !aol
[8/6/2022 7:48:18] !aol
[8/6/2022 7:48:21] !aol
[8/6/2022 7:48:24] !aol
[8/6/2022 7:48:27] !aol
[8/6/2022 7:48:30] !aol
[8/6/2022 7:48:34] !aol
[8/6/2022 7:48:37] !aol
[8/6/2022 7:48:40] !aol
[8/6/2022 7:48:43] !aol
[8/6/2022 7:48:46] !aol
[8/6/2022 7:48:50] !aol
[8/6/2022 7:48:53] !aol
[8/6/2022 7:48:56] !aol
[8/6/2022 7:48:59] !aol
[8/6/2022 7:49:2] !aol
[8/6/2022 7:49:6] !aol
[8/6/2022 7:49:9] !aol
[8/6/2022 7:49:12] !aol
[8/6/2022 7:49:15] !aol
[8/6/2022 7:49:19] !aol
[8/6/2022 7:49:22] !aol
[8/6/2022 7:49:25] !aol
[8/6/2022 7:49:28] !aol
[8/6/2022 7:49:31] !aol
[8/6/2022 7:49:35] !aol
[8/6/2022 7:49:38] !aol
[8/6/2022 7:49:41] !aol
[8/6/2022 7:49:44] !aol
[8/6/2022 7:49:47] !aol
[8/6/2022 7:49:51] !aol
[8/6/2022 7:49:54] !aol
[8/6/2022 7:49:57] !aol
[8/6/2022 7:50:0] !aol
[8/6/2022 7:50:3] !aol
[8/6/2022 7:50:7] !aol
[8/6/2022 7:50:10] !aol
[8/6/2022 7:50:13] !aol
[8/6/2022 7:50:16] !aol
[8/6/2022 7:50:20] !aol
[8/6/2022 7:50:23] !aol
[8/6/2022 7:50:26] !aol
[8/6/2022 7:50:29] !aol
[8/6/2022 7:50:32] !aol
[8/6/2022 7:50:36] !aol
[8/6/2022 7:50:39] !aol
[8/6/2022 7:50:42] !aol
[8/6/2022 7:50:45] !aol
[8/6/2022 7:50:48] !aol
[8/6/2022 7:50:52] !aol
[8/6/2022 7:50:55] !aol
[8/6/2022 7:50:58] !aol
[8/6/2022 7:51:1] !aol
[8/6/2022 7:51:4] !aol
[8/6/2022 7:51:8] !aol
[8/6/2022 7:51:11] !aol
[8/6/2022 7:51:14] !aol
[8/6/2022 7:51:17] !aol
[8/6/2022 7:51:20] !aol
[8/6/2022 7:51:24] !aol
[8/6/2022 7:51:27] !aol
[8/6/2022 7:51:30] !aol
[8/6/2022 7:51:33] !aol
[8/6/2022 7:51:37] !aol
[8/6/2022 7:51:40] !aol
[8/6/2022 7:51:43] !aol
[8/6/2022 7:51:46] !aol
[8/6/2022 7:51:49] !aol
[8/6/2022 7:51:53] !aol
[8/6/2022 7:51:56] !aol
[8/6/2022 7:51:59] !aol
[8/6/2022 7:52:2] !aol
[8/6/2022 7:52:5] !aol
[8/6/2022 7:52:9] !aol
[8/6/2022 7:52:12] !aol
[8/6/2022 7:52:15] !aol
[8/6/2022 7:52:18] !aol
[8/6/2022 7:52:21] !aol
[8/6/2022 7:52:25] !aol
[8/6/2022 7:52:28] !aol
[8/6/2022 7:52:31] !aol
[8/6/2022 7:52:34] !aol
[8/6/2022 7:52:38] !aol
[8/6/2022 7:52:41] !aol
[8/6/2022 7:52:44] !aol
[8/6/2022 7:52:47] !aol
[8/6/2022 7:52:50] !aol
[8/6/2022 7:52:54] !aol
[8/6/2022 7:52:57] !aol
[8/6/2022 7:53:0] !aol
[8/6/2022 7:53:3] !aol
[8/6/2022 7:53:6] !aol
[8/6/2022 7:53:10] !aol
[8/6/2022 7:53:13] !aol
[8/6/2022 7:53:16] !aol
[8/6/2022 7:53:19] !aol
[8/6/2022 7:53:22] !aol
[8/6/2022 7:53:26] !aol
[8/6/2022 7:53:29] !aol
[8/6/2022 7:53:32] !aol
[8/6/2022 7:53:35] !aol
[8/6/2022 7:53:39] !aol
[8/6/2022 7:53:42] !aol
[8/6/2022 7:53:45] !aol
[8/6/2022 7:53:48] !aol
[8/6/2022 7:53:51] !aol
[8/6/2022 7:53:55] !aol
[8/6/2022 7:53:58] !aol
[8/6/2022 7:54:1] !aol
[8/6/2022 7:54:4] !aol
[8/6/2022 7:54:7] !aol
[8/6/2022 7:54:11] !aol
[8/6/2022 7:54:14] !aol
[8/6/2022 7:54:17] !aol
[8/6/2022 7:54:20] !aol
[8/6/2022 7:54:23] !aol
[8/6/2022 7:54:27] !aol
[8/6/2022 7:54:30] !aol
[8/6/2022 7:54:33] !aol
[8/6/2022 7:54:36] !aol
[8/6/2022 7:54:39] !aol
[8/6/2022 7:54:43] !aol
[8/6/2022 7:54:46] !aol
[8/6/2022 7:54:49] !aol
[8/6/2022 7:54:52] !aol
[8/6/2022 7:54:55] !aol
[8/6/2022 7:54:59] !aol
[8/6/2022 7:55:2] !aol
[8/6/2022 7:55:5] !aol
[8/6/2022 7:55:8] !aol
[8/6/2022 7:55:12] !aol
[8/6/2022 7:55:15] !aol
[8/6/2022 7:55:18] !aol
[8/6/2022 7:55:21] !aol
[8/6/2022 7:55:24] !aol
[8/6/2022 7:55:28] !aol
[8/6/2022 7:55:31] !aol
[8/6/2022 7:55:34] !aol
[8/6/2022 7:55:37] !aol
[8/6/2022 7:55:40] !aol
[8/6/2022 7:55:44] !aol
[8/6/2022 7:55:47] !aol
[8/6/2022 7:55:50] !aol
[8/6/2022 7:55:53] !aol
[8/6/2022 7:55:56] !aol
[8/6/2022 7:56:0] !aol
[8/6/2022 7:56:3] !aol
[8/6/2022 7:56:6] !aol
[8/6/2022 7:56:9] !aol
[8/6/2022 7:56:12] !aol
[8/6/2022 7:56:16] !aol
[8/6/2022 7:56:19] !aol
[8/6/2022 7:56:22] !aol
[8/6/2022 7:56:25] !aol
[8/6/2022 7:56:28] !aol
[8/6/2022 7:56:32] !aol
[8/6/2022 7:56:35] !aol
[8/6/2022 7:56:38] !aol
[8/6/2022 7:56:41] !aol
[8/6/2022 7:56:45] !aol
[8/6/2022 7:56:48] !aol
[8/6/2022 7:56:51] !aol
[8/6/2022 7:56:54] !aol
[8/6/2022 7:56:57] !aol
[8/6/2022 7:57:1] !aol
[8/6/2022 7:57:4] !aol
[8/6/2022 7:57:7] !aol
[8/6/2022 7:57:10] !aol
[8/6/2022 7:57:13] !aol
[8/6/2022 7:57:17] !aol
[8/6/2022 7:57:20] !aol
[8/6/2022 7:57:23] !aol
[8/6/2022 7:57:26] !aol
[8/6/2022 7:57:29] !aol
[8/6/2022 7:57:33] !aol
[8/6/2022 7:57:36] !aol
[8/6/2022 7:57:39] !aol
[8/6/2022 7:57:42] !aol
[8/6/2022 7:57:45] !aol
[8/6/2022 7:57:49] !aol
[8/6/2022 7:57:52] !aol
[8/6/2022 7:57:55] !aol
[8/6/2022 7:57:58] !aol
[8/6/2022 7:58:2] !aol
[8/6/2022 7:58:5] !aol
[8/6/2022 7:58:8] !aol
[8/6/2022 7:58:11] !aol
[8/6/2022 7:58:14] !aol
[8/6/2022 7:58:18] !aol
[8/6/2022 7:58:21] !aol
[8/6/2022 7:58:24] !aol
[8/6/2022 7:58:27] !aol
[8/6/2022 7:58:30] !aol
[8/6/2022 7:58:34] !aol
[8/6/2022 7:58:37] !aol
[8/6/2022 7:58:40] !aol
[8/6/2022 7:58:43] !aol
[8/6/2022 7:58:47] !aol
[8/6/2022 7:58:50] !aol
[8/6/2022 7:58:53] !aol
[8/6/2022 7:58:56] !aol
[8/6/2022 7:58:59] !aol
[8/6/2022 7:59:3] !aol
[8/6/2022 7:59:6] !aol
[8/6/2022 7:59:9] !aol
[8/6/2022 7:59:12] !aol
[8/6/2022 7:59:15] !aol
[8/6/2022 7:59:19] !aol
[8/6/2022 7:59:22] !aol
[8/6/2022 7:59:25] !aol
[8/6/2022 7:59:28] !aol
[8/6/2022 7:59:31] !aol
[8/6/2022 7:59:35] !aol
[8/6/2022 7:59:38] !aol
[8/6/2022 7:59:41] !aol
[8/6/2022 7:59:44] !aol
[8/6/2022 7:59:47] !aol
[8/6/2022 7:59:51] !aol
[8/6/2022 7:59:54] !aol
[8/6/2022 7:59:57] !aol
[8/6/2022 8:0:0] !aol
[8/6/2022 8:0:3] !aol
[8/6/2022 8:0:7] !aol
[8/6/2022 8:0:10] !aol
[8/6/2022 8:0:13] !aol
[8/6/2022 8:0:16] !aol
[8/6/2022 8:0:19] !aol
[8/6/2022 8:0:23] !aol
[8/6/2022 8:0:26] !aol
[8/6/2022 8:0:29] !aol
[8/6/2022 8:0:32] !aol
[8/6/2022 8:0:36] !aol
[8/6/2022 8:0:39] !aol
[8/6/2022 8:0:42] !aol
[8/6/2022 8:0:45] !aol
[8/6/2022 8:0:48] !aol
[8/6/2022 8:0:52] !aol
[8/6/2022 8:0:55] !aol
[8/6/2022 8:0:58] !aol
[8/6/2022 8:1:1] !aol
[8/6/2022 8:1:4] !aol
[8/6/2022 8:1:8] !aol
[8/6/2022 8:1:11] !aol
[8/6/2022 8:1:14] !aol
[8/6/2022 8:1:17] !aol
[8/6/2022 8:1:20] !aol
[8/6/2022 8:1:24] !aol
[8/6/2022 8:1:27] !aol
[8/6/2022 8:1:30] !aol
[8/6/2022 8:1:33] !aol
[8/6/2022 8:1:36] !aol
[8/6/2022 8:1:40] !aol
[8/6/2022 8:1:43] !aol
[8/6/2022 8:1:46] !aol
[8/6/2022 8:1:49] !aol
[8/6/2022 8:1:53] !aol
[8/6/2022 8:1:56] !aol
[8/6/2022 8:1:59] !aol
[8/6/2022 8:2:2] !aol
[8/6/2022 8:2:5] !aol
[8/6/2022 8:2:9] !aol
[8/6/2022 8:2:12] !aol
[8/6/2022 8:2:15] !aol
[8/6/2022 8:2:18] !aol
[8/6/2022 8:2:21] !aol
[8/6/2022 8:2:25] !aol
[8/6/2022 8:2:28] !aol
[8/6/2022 8:2:31] !aol
[8/6/2022 8:2:34] !aol
[8/6/2022 8:2:37] !aol
[8/6/2022 8:2:41] !aol
[8/6/2022 8:2:44] !aol
[8/6/2022 8:2:47] !aol
[8/6/2022 8:2:50] !aol
[8/6/2022 8:2:53] !aol
[8/6/2022 8:2:57] !aol
[8/6/2022 8:3:0] !aol
[8/6/2022 8:3:3] !aol
[8/6/2022 8:3:6] !aol
[8/6/2022 8:3:9] !aol
[8/6/2022 8:3:13] !aol
[8/6/2022 8:3:16] !aol
[8/6/2022 8:3:19] !aol
[8/6/2022 8:3:22] !aol
[8/6/2022 8:3:25] !aol
[8/6/2022 8:3:29] !aol
[8/6/2022 8:3:32] !aol
[8/6/2022 8:3:35] !aol
[8/6/2022 8:3:38] !aol
[8/6/2022 8:3:42] !aol
[8/6/2022 8:3:45] !aol
[8/6/2022 8:3:48] !aol
[8/6/2022 8:3:51] !aol
[8/6/2022 8:3:54] !aol
[8/6/2022 8:3:58] !aol
[8/6/2022 8:4:1] !aol
[8/6/2022 8:4:4] !aol
[8/6/2022 8:4:7] !aol
[8/6/2022 8:4:10] !aol
[8/6/2022 8:4:14] !aol
[8/6/2022 8:4:17] !aol
[8/6/2022 8:4:20] !aol
[8/6/2022 8:4:23] !aol
[8/6/2022 8:4:26] !aol
[8/6/2022 8:4:30] !aol
[8/6/2022 8:4:33] !aol
[8/6/2022 8:4:36] !aol
[8/6/2022 8:4:39] !aol
[8/6/2022 8:4:43] !aol
[8/6/2022 8:4:46] !aol
[8/6/2022 8:4:49] !aol
[8/6/2022 8:4:52] !aol
[8/6/2022 8:4:55] !aol
[8/6/2022 8:4:59] !aol
[8/6/2022 8:5:2] !aol
[8/6/2022 8:5:5] !aol
[8/6/2022 8:5:8] !aol
[8/6/2022 8:5:11] !aol
[8/6/2022 8:5:15] !aol
[8/6/2022 8:5:18] !aol
[8/6/2022 8:5:21] !aol
[8/6/2022 8:5:24] !aol
[8/6/2022 8:5:28] !aol
[8/6/2022 8:5:31] !aol
[8/6/2022 8:5:34] !aol
[8/6/2022 8:5:37] !aol
[8/6/2022 8:5:40] !aol
[8/6/2022 8:5:44] !aol
[8/6/2022 8:5:47] !aol
[8/6/2022 8:5:50] !aol
[8/6/2022 8:5:53] !aol
[8/6/2022 8:5:56] !aol
[8/6/2022 8:6:0] !aol
[8/6/2022 8:6:3] !aol
[8/6/2022 8:6:6] !aol
[8/6/2022 8:6:9] !aol
[8/6/2022 8:6:12] !aol
[8/6/2022 8:6:16] !aol
[8/6/2022 8:6:19] !aol
[8/6/2022 8:6:22] !aol
[8/6/2022 8:6:25] !aol
[8/6/2022 8:6:29] !aol
[8/6/2022 8:6:32] !aol
[8/6/2022 8:6:35] !aol
[8/6/2022 8:6:38] !aol
[8/6/2022 8:6:41] !aol
[8/6/2022 8:6:45] !aol
[8/6/2022 8:6:48] !aol
[8/6/2022 8:6:51] !aol
[8/6/2022 8:6:54] !aol
[8/6/2022 8:6:57] !aol
[8/6/2022 8:7:1] !aol
[8/6/2022 8:7:4] !aol
[8/6/2022 8:7:7] !aol
[8/6/2022 8:7:10] !aol
[8/6/2022 8:7:13] !aol
[8/6/2022 8:7:17] !aol
[8/6/2022 8:7:20] !aol
[8/6/2022 8:7:23] !aol
[8/6/2022 8:7:26] !aol
[8/6/2022 8:7:29] !aol
[8/6/2022 8:7:33] !aol
[8/6/2022 8:7:36] !aol
[8/6/2022 8:7:39] !aol
[8/6/2022 8:7:42] !aol
[8/6/2022 8:7:45] !aol
[8/6/2022 8:7:49] !aol
[8/6/2022 8:7:52] !aol
[8/6/2022 8:7:55] !aol
[8/6/2022 8:7:58] !aol
[8/6/2022 8:8:2] !aol
[8/6/2022 8:8:5] !aol
[8/6/2022 8:8:8] !aol
[8/6/2022 8:8:11] !aol
[8/6/2022 8:8:14] !aol
[8/6/2022 8:8:18] !aol
[8/6/2022 8:8:21] !aol
[8/6/2022 8:8:24] !aol
[8/6/2022 8:8:27] !aol
[8/6/2022 8:8:30] !aol
[8/6/2022 8:8:34] !aol
[8/6/2022 8:8:37] !aol
[8/6/2022 8:8:40] !aol
[8/6/2022 8:8:43] !aol
[8/6/2022 8:8:46] !aol
[8/6/2022 8:8:50] !aol
[8/6/2022 8:8:53] !aol
[8/6/2022 8:8:56] !aol
[8/6/2022 8:8:59] !aol
[8/6/2022 8:9:3] !aol
[8/6/2022 8:9:6] !aol
[8/6/2022 8:9:9] !aol
[8/6/2022 8:9:12] !aol
[8/6/2022 8:9:15] !aol
[8/6/2022 8:9:19] !aol
[8/6/2022 8:9:22] !aol
[8/6/2022 8:9:25] !aol
[8/6/2022 8:9:28] !aol
[8/6/2022 8:9:31] !aol
[8/6/2022 8:9:35] !aol
[8/6/2022 8:9:38] !aol
[8/6/2022 8:9:41] !aol
[8/6/2022 8:9:44] !aol
[8/6/2022 8:9:47] !aol
[8/6/2022 8:9:51] !aol
[8/6/2022 8:9:54] !aol
[8/6/2022 8:9:57] !aol
[8/6/2022 8:10:0] !aol
[8/6/2022 8:10:3] !aol
[8/6/2022 8:10:7] !aol
[8/6/2022 8:10:10] !aol
[8/6/2022 8:10:13] !aol
[8/6/2022 8:10:16] !aol
[8/6/2022 8:10:20] !aol
[8/6/2022 8:10:23] !aol
[8/6/2022 8:10:26] !aol
[8/6/2022 8:10:29] !aol
[8/6/2022 8:10:32] !aol
[8/6/2022 8:10:36] !aol
[8/6/2022 8:10:39] !aol
[8/6/2022 8:10:42] !aol
[8/6/2022 8:10:45] !aol
[8/6/2022 8:10:48] !aol
[8/6/2022 8:10:52] !aol
[8/6/2022 8:10:55] !aol
[8/6/2022 8:10:58] !aol
[8/6/2022 8:11:1] !aol
[8/6/2022 8:11:4] !aol
[8/6/2022 8:11:8] !aol
[8/6/2022 8:11:11] !aol
[8/6/2022 8:11:14] !aol
[8/6/2022 8:11:17] !aol
[8/6/2022 8:11:20] !aol
[8/6/2022 8:11:24] !aol
[8/6/2022 8:11:27] !aol
[8/6/2022 8:11:30] !aol
[8/6/2022 8:11:33] !aol
[8/6/2022 8:11:37] !aol
[8/6/2022 8:11:40] !aol
[8/6/2022 8:11:43] !aol
[8/6/2022 8:11:46] !aol
[8/6/2022 8:11:49] !aol
[8/6/2022 8:11:53] !aol
[8/6/2022 8:11:56] !aol
[8/6/2022 8:11:59] !aol
[8/6/2022 8:12:2] !aol
[8/6/2022 8:12:5] !aol
[8/6/2022 8:12:9] !aol
[8/6/2022 8:12:12] !aol
[8/6/2022 8:12:15] !aol
[8/6/2022 8:12:18] !aol
[8/6/2022 8:12:21] !aol
[8/6/2022 8:12:25] !aol
[8/6/2022 8:12:28] !aol
[8/6/2022 8:12:31] !aol
[8/6/2022 8:12:34] !aol
[8/6/2022 8:12:37] !aol
[8/6/2022 8:12:41] !aol
[8/6/2022 8:12:44] !aol
[8/6/2022 8:12:47] !aol
[8/6/2022 8:12:50] !aol
[8/6/2022 8:12:53] !aol
[8/6/2022 8:12:57] !aol
[8/6/2022 8:13:0] !aol
[8/6/2022 8:13:3] !aol
[8/6/2022 8:13:6] !aol
[8/6/2022 8:13:10] !aol
[8/6/2022 8:13:13] !aol
[8/6/2022 8:13:16] !aol
[8/6/2022 8:13:19] !aol
[8/6/2022 8:13:22] !aol
[8/6/2022 8:13:26] !aol
[8/6/2022 8:13:29] !aol
[8/6/2022 8:13:32] !aol
[8/6/2022 8:13:35] !aol
[8/6/2022 8:13:38] !aol
[8/6/2022 8:13:42] !aol
[8/6/2022 8:13:45] !aol
[8/6/2022 8:13:48] !aol
[8/6/2022 8:13:51] !aol
[8/6/2022 8:13:54] !aol
[8/6/2022 8:13:58] !aol
[8/6/2022 8:14:1] !aol
[8/6/2022 8:14:4] !aol
[8/6/2022 8:14:7] !aol
[8/6/2022 8:14:11] !aol
[8/6/2022 8:14:14] !aol
[8/6/2022 8:14:17] !aol
[8/6/2022 8:14:20] !aol
[8/6/2022 8:14:23] !aol
[8/6/2022 8:14:27] !aol
[8/6/2022 8:14:30] !aol
[8/6/2022 8:14:33] !aol
[8/6/2022 8:14:36] !aol
[8/6/2022 8:14:39] !aol
[8/6/2022 8:14:43] !aol
[8/6/2022 8:14:46] !aol
[8/6/2022 8:14:49] !aol
[8/6/2022 8:14:52] !aol
[8/6/2022 8:14:55] !aol
[8/6/2022 8:14:59] !aol
[8/6/2022 8:15:2] !aol
[8/6/2022 8:15:5] !aol
[8/6/2022 8:15:8] !aol
[8/6/2022 8:15:11] !aol
[8/6/2022 8:15:15] !aol
[8/6/2022 8:15:18] !aol
[8/6/2022 8:15:21] !aol
[8/6/2022 8:15:24] !aol
[8/6/2022 8:15:27] !aol
[8/6/2022 8:15:31] !aol
[8/6/2022 8:15:34] !aol
[8/6/2022 8:15:37] !aol
[8/6/2022 8:15:40] !aol
[8/6/2022 8:15:44] !aol
[8/6/2022 8:15:47] !aol
[8/6/2022 8:15:50] !aol
[8/6/2022 8:15:53] !aol
[8/6/2022 8:15:56] !aol
[8/6/2022 8:16:0] !aol
[8/6/2022 8:16:3] !aol
[8/6/2022 8:16:6] !aol
[8/6/2022 8:16:9] !aol
[8/6/2022 8:16:12] !aol
[8/6/2022 8:16:16] !aol
[8/6/2022 8:16:19] !aol
[8/6/2022 8:16:22] !aol
[8/6/2022 8:16:25] !aol
[8/6/2022 8:16:28] !aol
[8/6/2022 8:16:32] !aol
[8/6/2022 8:16:35] !aol
[8/6/2022 8:16:38] !aol
[8/6/2022 8:16:41] !aol
[8/6/2022 8:16:44] !aol
[8/6/2022 8:16:48] !aol
[8/6/2022 8:16:51] !aol
[8/6/2022 8:16:54] !aol
[8/6/2022 8:16:57] !aol
[8/6/2022 8:17:1] !aol
[8/6/2022 8:17:4] !aol
[8/6/2022 8:17:7] !aol
[8/6/2022 8:17:10] !aol
[8/6/2022 8:17:13] !aol
[8/6/2022 8:17:17] !aol
[8/6/2022 8:17:20] !aol
[8/6/2022 8:17:23] !aol
[8/6/2022 8:17:26] !aol
[8/6/2022 8:17:29] !aol
[8/6/2022 8:17:33] !aol
[8/6/2022 8:17:36] !aol
[8/6/2022 8:17:39] !aol
[8/6/2022 8:17:42] !aol
[8/6/2022 8:17:45] !aol
[8/6/2022 8:17:49] !aol
[8/6/2022 8:17:52] !aol
[8/6/2022 8:17:55] !aol
[8/6/2022 8:17:58] !aol
[8/6/2022 8:18:1] !aol
[8/6/2022 8:18:5] !aol
[8/6/2022 8:18:8] !aol
[8/6/2022 8:18:11] !aol
[8/6/2022 8:18:14] !aol
[8/6/2022 8:18:18] !aol
[8/6/2022 8:18:21] !aol
[8/6/2022 8:18:24] !aol
[8/6/2022 8:18:27] !aol
[8/6/2022 8:18:30] !aol
[8/6/2022 8:18:34] !aol
[8/6/2022 8:18:37] !aol
[8/6/2022 8:18:40] !aol
[8/6/2022 8:18:43] !aol
[8/6/2022 8:18:46] !aol
[8/6/2022 8:18:50] !aol
[8/6/2022 8:18:53] !aol
[8/6/2022 8:18:56] !aol
[8/6/2022 8:18:59] !aol
[8/6/2022 8:19:2] !aol
[8/6/2022 8:19:6] !aol
[8/6/2022 8:19:9] !aol
[8/6/2022 8:19:12] !aol
[8/6/2022 8:19:15] !aol
[8/6/2022 8:19:18] !aol
[8/6/2022 8:19:22] !aol
[8/6/2022 8:19:25] !aol
[8/6/2022 8:19:28] !aol
[8/6/2022 8:19:31] !aol
[8/6/2022 8:19:35] !aol
[8/6/2022 8:19:38] !aol
[8/6/2022 8:19:41] !aol
[8/6/2022 8:19:44] !aol
[8/6/2022 8:19:47] !aol
[8/6/2022 8:19:51] !aol
[8/6/2022 8:19:54] !aol
[8/6/2022 8:19:57] !aol
[8/6/2022 8:20:0] !aol
[8/6/2022 8:20:3] !aol
[8/6/2022 8:20:7] !aol
[8/6/2022 8:20:10] !aol
[8/6/2022 8:20:13] !aol
[8/6/2022 8:20:16] !aol
[8/6/2022 8:20:19] !aol
[8/6/2022 8:20:23] !aol
[8/6/2022 8:20:26] !aol
[8/6/2022 8:20:29] !aol
[8/6/2022 8:20:32] !aol
[8/6/2022 8:20:36] !aol
[8/6/2022 8:20:39] !aol
[8/6/2022 8:20:42] !aol
[8/6/2022 8:20:45] !aol
[8/6/2022 8:20:48] !aol
[8/6/2022 8:20:52] !aol
[8/6/2022 8:20:55] !aol
[8/6/2022 8:20:58] !aol
[8/6/2022 8:21:1] !aol
[8/6/2022 8:21:4] !aol
[8/6/2022 8:21:8] !aol
[8/6/2022 8:21:11] !aol
[8/6/2022 8:21:14] !aol
[8/6/2022 8:21:17] !aol
[8/6/2022 8:21:20] !aol
[8/6/2022 8:21:24] !aol
[8/6/2022 8:21:27] !aol
[8/6/2022 8:21:30] !aol
[8/6/2022 8:21:33] !aol
[8/6/2022 8:21:36] !aol
[8/6/2022 8:21:40] !aol
[8/6/2022 8:21:43] !aol
[8/6/2022 8:21:46] !aol
[8/6/2022 8:21:49] !aol
[8/6/2022 8:21:52] !aol
[8/6/2022 8:21:56] !aol
[8/6/2022 8:21:59] !aol
[8/6/2022 8:22:2] !aol
[8/6/2022 8:22:5] !aol
[8/6/2022 8:22:9] !aol
[8/6/2022 8:22:12] !aol
[8/6/2022 8:22:15] !aol
[8/6/2022 8:22:18] !aol
[8/6/2022 8:22:21] !aol
[8/6/2022 8:22:25] !aol
[8/6/2022 8:22:28] !aol
[8/6/2022 8:22:31] !aol
[8/6/2022 8:22:34] !aol
[8/6/2022 8:22:37] !aol
[8/6/2022 8:22:41] !aol
[8/6/2022 8:22:44] !aol
[8/6/2022 8:22:47] !aol
[8/6/2022 8:22:50] !aol
[8/6/2022 8:22:53] !aol
[8/6/2022 8:22:57] !aol
[8/6/2022 8:23:0] !aol
[8/6/2022 8:23:3] !aol
[8/6/2022 8:23:6] !aol
[8/6/2022 8:23:9] !aol
[8/6/2022 8:23:13] !aol
[8/6/2022 8:23:16] !aol
[8/6/2022 8:23:19] !aol
[8/6/2022 8:23:22] !aol
[8/6/2022 8:23:26] !aol
[8/6/2022 8:23:29] !aol
[8/6/2022 8:23:32] !aol
[8/6/2022 8:23:35] !aol
[8/6/2022 8:23:38] !aol
[8/6/2022 8:23:42] !aol
[8/6/2022 8:23:45] !aol
[8/6/2022 8:23:48] !aol
[8/6/2022 8:23:51] !aol
[8/6/2022 8:23:54] !aol
[8/6/2022 8:23:58] !aol
[8/6/2022 8:24:1] !aol
[8/6/2022 8:24:4] !aol
[8/6/2022 8:24:7] !aol
[8/6/2022 8:24:10] !aol
[8/6/2022 8:24:14] !aol
[8/6/2022 8:24:17] !aol
[8/6/2022 8:24:20] !aol
[8/6/2022 8:24:23] !aol
[8/6/2022 8:24:26] !aol
[8/6/2022 8:24:30] !aol
[8/6/2022 8:24:33] !aol
[8/6/2022 8:24:36] !aol
[8/6/2022 8:24:39] !aol
[8/6/2022 8:24:43] !aol
[8/6/2022 8:24:46] !aol
[8/6/2022 8:24:49] !aol
[8/6/2022 8:24:52] !aol
[8/6/2022 8:24:55] !aol
[8/6/2022 8:24:59] !aol
[8/6/2022 8:25:2] !aol
[8/6/2022 8:25:5] !aol
[8/6/2022 8:25:8] !aol
[8/6/2022 8:25:11] !aol
[8/6/2022 8:25:15] !aol
[8/6/2022 8:25:18] !aol
[8/6/2022 8:25:21] !aol
[8/6/2022 8:25:24] !aol
[8/6/2022 8:25:27] !aol
[8/6/2022 8:25:31] !aol
[8/6/2022 8:25:34] !aol
[8/6/2022 8:25:37] !aol
[8/6/2022 8:25:40] !aol
[8/6/2022 8:25:44] !aol
[8/6/2022 8:25:47] !aol
[8/6/2022 8:25:50] !aol
[8/6/2022 8:25:53] !aol
[8/6/2022 8:25:56] !aol
[8/6/2022 8:26:0] !aol
[8/6/2022 8:26:3] !aol
[8/6/2022 8:26:6] !aol
[8/6/2022 8:26:9] !aol
[8/6/2022 8:26:12] !aol
[8/6/2022 8:26:16] !aol
[8/6/2022 8:26:19] !aol
[8/6/2022 8:26:22] !aol
[8/6/2022 8:26:25] !aol
[8/6/2022 8:26:28] !aol
[8/6/2022 8:26:32] !aol
[8/6/2022 8:26:35] !aol
[8/6/2022 8:26:38] !aol
[8/6/2022 8:26:41] !aol
[8/6/2022 8:26:44] !aol
[8/6/2022 8:26:48] !aol
[8/6/2022 8:26:51] !aol
[8/6/2022 8:26:54] !aol
[8/6/2022 8:26:57] !aol
[8/6/2022 8:27:0] !aol
[8/6/2022 8:27:4] !aol
[8/6/2022 8:27:7] !aol
[8/6/2022 8:27:10] !aol
[8/6/2022 8:27:13] !aol
[8/6/2022 8:27:17] !aol
[8/6/2022 8:27:20] !aol
[8/6/2022 8:27:23] !aol
[8/6/2022 8:27:26] !aol
[8/6/2022 8:27:29] !aol
[8/6/2022 8:27:33] !aol
[8/6/2022 8:27:36] !aol
[8/6/2022 8:27:39] !aol
[8/6/2022 8:27:42] !aol
[8/6/2022 8:27:45] !aol
[8/6/2022 8:27:49] !aol
[8/6/2022 8:27:52] !aol
[8/6/2022 8:27:55] !aol
[8/6/2022 8:27:58] !aol
[8/6/2022 8:28:2] !aol
[8/6/2022 8:28:5] !aol
[8/6/2022 8:28:8] !aol
[8/6/2022 8:28:11] !aol
[8/6/2022 8:28:14] !aol
[8/6/2022 8:28:18] !aol
[8/6/2022 8:28:21] !aol
[8/6/2022 8:28:24] !aol
[8/6/2022 8:28:27] !aol
[8/6/2022 8:28:30] !aol
[8/6/2022 8:28:34] !aol
[8/6/2022 8:28:37] !aol
[8/6/2022 8:28:40] !aol
[8/6/2022 8:28:43] !aol
[8/6/2022 8:28:46] !aol
[8/6/2022 8:28:50] !aol
[8/6/2022 8:28:53] !aol
[8/6/2022 8:28:56] !aol
[8/6/2022 8:28:59] !aol
[8/6/2022 8:29:2] !aol
[8/6/2022 8:29:6] !aol
[8/6/2022 8:29:9] !aol
[8/6/2022 8:29:12] !aol
[8/6/2022 8:29:15] !aol
[8/6/2022 8:29:18] !aol
[8/6/2022 8:29:22] !aol
[8/6/2022 8:29:25] !aol
[8/6/2022 8:29:28] !aol
[8/6/2022 8:29:31] !aol
[8/6/2022 8:29:35] !aol
[8/6/2022 8:29:38] !aol
[8/6/2022 8:29:41] !aol
[8/6/2022 8:29:44] !aol
[8/6/2022 8:29:47] !aol
[8/6/2022 8:29:51] !aol
[8/6/2022 8:29:54] !aol
[8/6/2022 8:29:57] !aol
[8/6/2022 8:30:0] !aol
[8/6/2022 8:30:3] !aol
[8/6/2022 8:30:7] !aol
[8/6/2022 8:30:10] !aol
[8/6/2022 8:30:13] !aol
[8/6/2022 8:30:16] !aol
[8/6/2022 8:30:19] !aol
[8/6/2022 8:30:23] !aol
[8/6/2022 8:30:26] !aol
[8/6/2022 8:30:29] !aol
[8/6/2022 8:30:32] !aol
[8/6/2022 8:30:35] !aol
[8/6/2022 8:30:39] !aol
[8/6/2022 8:30:42] !aol
[8/6/2022 8:30:45] !aol
[8/6/2022 8:30:48] !aol
[8/6/2022 8:30:52] !aol
[8/6/2022 8:30:55] !aol
[8/6/2022 8:30:58] !aol
[8/6/2022 8:31:1] !aol
[8/6/2022 8:31:4] !aol
[8/6/2022 8:31:8] !aol
[8/6/2022 8:31:11] !aol
[8/6/2022 8:31:14] !aol
[8/6/2022 8:31:17] !aol
[8/6/2022 8:31:20] !aol
[8/6/2022 8:31:24] !aol
[8/6/2022 8:31:27] !aol
[8/6/2022 8:31:30] !aol
[8/6/2022 8:31:33] !aol
[8/6/2022 8:31:36] !aol
[8/6/2022 8:31:40] !aol
[8/6/2022 8:31:43] !aol
[8/6/2022 8:31:46] !aol
[8/6/2022 8:31:49] !aol
[8/6/2022 8:31:53] !aol
[8/6/2022 8:31:56] !aol
[8/6/2022 8:31:59] !aol
[8/6/2022 8:32:2] !aol
[8/6/2022 8:32:5] !aol
[8/6/2022 8:32:9] !aol
[8/6/2022 8:32:12] !aol
[8/6/2022 8:32:15] !aol
[8/6/2022 8:32:18] !aol
[8/6/2022 8:32:21] !aol
[8/6/2022 8:32:25] !aol
[8/6/2022 8:32:28] !aol
[8/6/2022 8:32:31] !aol
[8/6/2022 8:32:34] !aol
[8/6/2022 8:32:37] !aol
[8/6/2022 8:32:41] !aol
[8/6/2022 8:32:44] !aol
[8/6/2022 8:32:47] !aol
[8/6/2022 8:32:50] !aol
[8/6/2022 8:32:53] !aol
[8/6/2022 8:32:57] !aol
[8/6/2022 8:33:0] !aol
[8/6/2022 8:33:3] !aol
[8/6/2022 8:33:6] !aol
[8/6/2022 8:33:10] !aol
[8/6/2022 8:33:13] !aol
[8/6/2022 8:33:16] !aol
[8/6/2022 8:33:19] !aol
[8/6/2022 8:33:22] !aol
[8/6/2022 8:33:26] !aol
[8/6/2022 8:33:29] !aol
[8/6/2022 8:33:32] !aol
[8/6/2022 8:33:35] !aol
[8/6/2022 8:33:38] !aol
[8/6/2022 8:33:42] !aol
[8/6/2022 8:33:45] !aol
[8/6/2022 8:33:48] !aol
[8/6/2022 8:33:51] !aol
[8/6/2022 8:33:54] !aol
[8/6/2022 8:33:58] !aol
[8/6/2022 8:34:1] !aol
[8/6/2022 8:34:4] !aol
[8/6/2022 8:34:7] !aol
[8/6/2022 8:34:11] !aol
[8/6/2022 8:34:14] !aol
[8/6/2022 8:34:17] !aol
[8/6/2022 8:34:20] !aol
[8/6/2022 8:34:23] !aol
[8/6/2022 8:34:27] !aol
[8/6/2022 8:34:30] !aol
[8/6/2022 8:34:33] !aol
[8/6/2022 8:34:36] !aol
[8/6/2022 8:34:39] !aol
[8/6/2022 8:34:43] !aol
[8/6/2022 8:34:46] !aol
[8/6/2022 8:34:49] !aol
[8/6/2022 8:34:52] !aol
[8/6/2022 8:34:56] !aol
[8/6/2022 8:34:59] !aol
[8/6/2022 8:35:2] !aol
[8/6/2022 8:35:5] !aol
[8/6/2022 8:35:8] !aol
[8/6/2022 8:35:12] !aol
[8/6/2022 8:35:15] !aol
[8/6/2022 8:35:18] !aol
[8/6/2022 8:35:21] !aol
[8/6/2022 8:35:24] !aol
[8/6/2022 8:35:28] !aol
[8/6/2022 8:35:31] !aol
[8/6/2022 8:35:34] !aol
[8/6/2022 8:35:37] !aol
[8/6/2022 8:35:40] !aol
[8/6/2022 8:35:44] !aol
[8/6/2022 8:35:47] !aol
[8/6/2022 8:35:50] !aol
[8/6/2022 8:35:53] !aol
[8/6/2022 8:35:56] !aol
[8/6/2022 8:36:0] !aol
[8/6/2022 8:36:3] !aol
[8/6/2022 8:36:6] !aol
[8/6/2022 8:36:9] !aol
[8/6/2022 8:36:12] !aol
[8/6/2022 8:36:16] !aol
[8/6/2022 8:36:19] !aol
[8/6/2022 8:36:22] !aol
[8/6/2022 8:36:25] !aol
[8/6/2022 8:36:29] !aol
[8/6/2022 8:36:32] !aol
[8/6/2022 8:36:35] !aol
[8/6/2022 8:36:38] !aol
[8/6/2022 8:36:41] !aol
[8/6/2022 8:36:45] !aol
[8/6/2022 8:36:48] !aol
[8/6/2022 8:36:51] !aol
[8/6/2022 8:36:54] !aol
[8/6/2022 8:36:57] !aol
[8/6/2022 8:37:1] !aol
[8/6/2022 8:37:4] !aol
[8/6/2022 8:37:7] !aol
[8/6/2022 8:37:10] !aol
[8/6/2022 8:37:13] !aol
[8/6/2022 8:37:17] !aol
[8/6/2022 8:37:20] !aol
[8/6/2022 8:37:23] !aol
[8/6/2022 8:37:26] !aol
[8/6/2022 8:37:29] !aol
[8/6/2022 8:37:33] !aol
[8/6/2022 8:37:36] !aol
[8/6/2022 8:37:39] !aol
[8/6/2022 8:37:42] !aol
[8/6/2022 8:37:46] !aol
[8/6/2022 8:37:49] !aol
[8/6/2022 8:37:52] !aol
[8/6/2022 8:37:55] !aol
[8/6/2022 8:37:58] !aol
[8/6/2022 8:38:2] !aol
[8/6/2022 8:38:5] !aol
[8/6/2022 8:38:8] !aol
[8/6/2022 8:38:11] !aol
[8/6/2022 8:38:14] !aol
[8/6/2022 8:38:18] !aol
[8/6/2022 8:38:21] !aol
[8/6/2022 8:38:24] !aol
[8/6/2022 8:38:27] !aol
[8/6/2022 8:38:30] !aol
[8/6/2022 8:38:34] !aol
[8/6/2022 8:38:37] !aol
[8/6/2022 8:38:40] !aol
[8/6/2022 8:38:43] !aol
[8/6/2022 8:38:47] !aol
[8/6/2022 8:38:50] !aol
[8/6/2022 8:38:53] !aol
[8/6/2022 8:38:56] !aol
[8/6/2022 8:38:59] !aol
[8/6/2022 8:39:3] !aol
[8/6/2022 8:39:6] !aol
[8/6/2022 8:39:9] !aol
[8/6/2022 8:39:12] !aol
[8/6/2022 8:39:15] !aol
[8/6/2022 8:39:19] !aol
[8/6/2022 8:39:22] !aol
[8/6/2022 8:39:25] !aol
[8/6/2022 8:39:28] !aol
[8/6/2022 8:39:31] !aol
[8/6/2022 8:39:35] !aol
[8/6/2022 8:39:38] !aol
[8/6/2022 8:39:41] !aol
[8/6/2022 8:39:44] !aol
[8/6/2022 8:39:47] !aol
[8/6/2022 8:39:51] !aol
[8/6/2022 8:39:54] !aol
[8/6/2022 8:39:57] !aol
[8/6/2022 8:40:0] !aol
[8/6/2022 8:40:3] !aol
[8/6/2022 8:40:7] !aol
[8/6/2022 8:40:10] !aol
[8/6/2022 8:40:13] !aol
[8/6/2022 8:40:16] !aol
[8/6/2022 8:40:20] !aol
[8/6/2022 8:40:23] !aol
[8/6/2022 8:40:26] !aol
[8/6/2022 8:40:29] !aol
[8/6/2022 8:40:32] !aol
[8/6/2022 8:40:36] !aol
[8/6/2022 8:40:39] !aol
[8/6/2022 8:40:42] !aol
[8/6/2022 8:40:45] !aol
[8/6/2022 8:40:48] !aol
[8/6/2022 8:40:52] !aol
[8/6/2022 8:40:55] !aol
[8/6/2022 8:40:58] !aol
[8/6/2022 8:41:1] !aol
[8/6/2022 8:41:4] !aol
[8/6/2022 8:41:8] !aol
[8/6/2022 8:41:11] !aol
[8/6/2022 8:41:14] !aol
[8/6/2022 8:41:17] !aol
[8/6/2022 8:41:20] !aol
[8/6/2022 8:41:24] !aol
[8/6/2022 8:41:27] !aol
[8/6/2022 8:41:30] !aol
[8/6/2022 8:41:33] !aol
[8/6/2022 8:41:37] !aol
[8/6/2022 8:41:40] !aol
[8/6/2022 8:41:43] !aol
[8/6/2022 8:41:46] !aol
[8/6/2022 8:41:49] !aol
[8/6/2022 8:41:53] !aol
[8/6/2022 8:41:56] !aol
[8/6/2022 8:41:59] !aol
[8/6/2022 8:42:2] !aol
[8/6/2022 8:42:5] !aol
[8/6/2022 8:42:9] !aol
[8/6/2022 8:42:12] !aol
[8/6/2022 8:42:15] !aol
[8/6/2022 8:42:18] !aol
[8/6/2022 8:42:21] !aol
[8/6/2022 8:42:25] !aol
[8/6/2022 8:42:28] !aol
[8/6/2022 8:42:31] !aol
[8/6/2022 8:42:34] !aol
[8/6/2022 8:42:38] !aol
[8/6/2022 8:42:41] !aol
[8/6/2022 8:42:44] !aol
[8/6/2022 8:42:47] !aol
[8/6/2022 8:42:50] !aol
[8/6/2022 8:42:54] !aol
[8/6/2022 8:42:57] !aol
[8/6/2022 8:43:0] !aol
[8/6/2022 8:43:3] !aol
[8/6/2022 8:43:6] !aol
[8/6/2022 8:43:10] !aol
[8/6/2022 8:43:13] !aol
[8/6/2022 8:43:16] !aol
[8/6/2022 8:43:19] !aol
[8/6/2022 8:43:22] !aol
[8/6/2022 8:43:26] !aol
[8/6/2022 8:43:29] !aol
[8/6/2022 8:43:32] !aol
[8/6/2022 8:43:35] !aol
[8/6/2022 8:43:39] !aol
[8/6/2022 8:43:42] !aol
[8/6/2022 8:43:45] !aol
[8/6/2022 8:43:48] !aol
[8/6/2022 8:43:51] !aol
[8/6/2022 8:43:55] !aol
[8/6/2022 8:43:58] !aol
[8/6/2022 8:44:1] !aol
[8/6/2022 8:44:4] !aol
[8/6/2022 8:44:7] !aol
[8/6/2022 8:44:11] !aol
[8/6/2022 8:44:14] !aol
[8/6/2022 8:44:17] !aol
[8/6/2022 8:44:20] !aol
[8/6/2022 8:44:24] !aol
[8/6/2022 8:44:27] !aol
[8/6/2022 8:44:30] !aol
[8/6/2022 8:44:33] !aol
[8/6/2022 8:44:36] !aol
[8/6/2022 8:44:40] !aol
[8/6/2022 8:44:43] !aol
[8/6/2022 8:44:46] !aol
[8/6/2022 8:44:49] !aol
[8/6/2022 8:44:52] !aol
[8/6/2022 8:44:56] !aol
[8/6/2022 8:44:59] !aol
[8/6/2022 8:45:2] !aol
[8/6/2022 8:45:5] !aol
[8/6/2022 8:45:8] !aol
[8/6/2022 8:45:12] !aol
[8/6/2022 8:45:15] !aol
[8/6/2022 8:45:18] !aol
[8/6/2022 8:45:21] !aol
[8/6/2022 8:45:24] !aol
[8/6/2022 8:45:28] !aol
[8/6/2022 8:45:31] !aol
[8/6/2022 8:45:34] !aol
[8/6/2022 8:45:37] !aol
[8/6/2022 8:45:41] !aol
[8/6/2022 8:45:44] !aol
[8/6/2022 8:45:47] !aol
[8/6/2022 8:45:50] !aol
[8/6/2022 8:45:53] !aol
[8/6/2022 8:45:57] !aol
[8/6/2022 8:46:0] !aol
[8/6/2022 8:46:3] !aol
[8/6/2022 8:46:6] !aol
[8/6/2022 8:46:9] !aol
[8/6/2022 8:46:13] !aol
[8/6/2022 8:46:16] !aol
[8/6/2022 8:46:19] !aol
[8/6/2022 8:46:22] !aol
[8/6/2022 8:46:25] !aol
[8/6/2022 8:46:29] !aol
[8/6/2022 8:46:32] !aol
[8/6/2022 8:46:35] !aol
[8/6/2022 8:46:38] !aol
[8/6/2022 8:46:41] !aol
[8/6/2022 8:46:45] !aol
[8/6/2022 8:46:48] !aol
[8/6/2022 8:46:51] !aol
[8/6/2022 8:46:54] !aol
[8/6/2022 8:46:58] !aol
[8/6/2022 8:47:1] !aol
[8/6/2022 8:47:4] !aol
[8/6/2022 8:47:7] !aol
[8/6/2022 8:47:10] !aol
[8/6/2022 8:47:14] !aol
[8/6/2022 8:47:17] !aol
[8/6/2022 8:47:20] !aol
[8/6/2022 8:47:23] !aol
[8/6/2022 8:47:26] !aol
[8/6/2022 8:47:30] !aol
[8/6/2022 8:47:33] !aol
[8/6/2022 8:47:36] !aol
[8/6/2022 8:47:39] !aol
[8/6/2022 8:47:42] !aol
[8/6/2022 8:47:46] !aol
[8/6/2022 8:47:49] !aol
[8/6/2022 8:47:52] !aol
[8/6/2022 8:47:55] !aol
[8/6/2022 8:47:59] !aol
[8/6/2022 8:48:2] !aol
[8/6/2022 8:48:5] !aol
[8/6/2022 8:48:8] !aol
[8/6/2022 8:48:11] !aol
[8/6/2022 8:48:15] !aol
[8/6/2022 8:48:18] !aol
[8/6/2022 8:48:21] !aol
[8/6/2022 8:48:24] !aol
[8/6/2022 8:48:27] !aol
[8/6/2022 8:48:31] !aol
[8/6/2022 8:48:34] !aol
[8/6/2022 8:48:37] !aol
[8/6/2022 8:48:40] !aol
[8/6/2022 8:48:44] !aol
[8/6/2022 8:48:47] !aol
[8/6/2022 8:48:50] !aol
[8/6/2022 8:48:53] !aol
[8/6/2022 8:48:56] !aol
[8/6/2022 8:49:0] !aol
[8/6/2022 8:49:3] !aol
[8/6/2022 8:49:6] !aol
[8/6/2022 8:49:9] !aol
[8/6/2022 8:49:12] !aol
[8/6/2022 8:49:16] !aol
[8/6/2022 8:49:19] !aol
[8/6/2022 8:49:22] !aol
[8/6/2022 8:49:25] !aol
[8/6/2022 8:49:28] !aol
[8/6/2022 8:49:32] !aol
[8/6/2022 8:49:35] !aol
[8/6/2022 8:49:38] !aol
[8/6/2022 8:49:41] !aol
[8/6/2022 8:49:44] !aol
[8/6/2022 8:49:48] !aol
[8/6/2022 8:49:51] !aol
[8/6/2022 8:49:54] !aol
[8/6/2022 8:49:57] !aol
[8/6/2022 8:50:1] !aol
[8/6/2022 8:50:4] !aol
[8/6/2022 8:50:7] !aol
[8/6/2022 8:50:10] !aol
[8/6/2022 8:50:13] !aol
[8/6/2022 8:50:17] !aol
[8/6/2022 8:50:20] !aol
[8/6/2022 8:50:23] !aol
[8/6/2022 8:50:26] !aol
[8/6/2022 8:50:29] !aol
[8/6/2022 8:50:33] !aol
[8/6/2022 8:50:36] !aol
[8/6/2022 8:50:39] !aol
[8/6/2022 8:50:42] !aol
[8/6/2022 8:50:45] !aol
[8/6/2022 8:50:49] !aol
[8/6/2022 8:50:52] !aol
[8/6/2022 8:50:55] !aol
[8/6/2022 8:50:58] !aol
[8/6/2022 8:51:1] !aol
[8/6/2022 8:51:5] !aol
[8/6/2022 8:51:8] !aol
[8/6/2022 8:51:11] !aol
[8/6/2022 8:51:14] !aol
[8/6/2022 8:51:17] !aol
[8/6/2022 8:51:21] !aol
[8/6/2022 8:51:24] !aol
[8/6/2022 8:51:27] !aol
[8/6/2022 8:51:30] !aol
[8/6/2022 8:51:34] !aol
[8/6/2022 8:51:37] !aol
[8/6/2022 8:51:40] !aol
[8/6/2022 8:51:43] !aol
[8/6/2022 8:51:46] !aol
[8/6/2022 8:51:50] !aol
[8/6/2022 8:51:53] !aol
[8/6/2022 8:51:56] !aol
[8/6/2022 8:51:59] !aol
[8/6/2022 8:52:2] !aol
[8/6/2022 8:52:6] !aol
[8/6/2022 8:52:9] !aol
[8/6/2022 8:52:12] !aol
[8/6/2022 8:52:15] !aol
[8/6/2022 8:52:18] !aol
[8/6/2022 8:52:22] !aol
[8/6/2022 8:52:25] !aol
[8/6/2022 8:52:28] !aol
[8/6/2022 8:52:31] !aol
[8/6/2022 8:52:35] !aol
[8/6/2022 8:52:38] !aol
[8/6/2022 8:52:41] !aol
[8/6/2022 8:52:44] !aol
[8/6/2022 8:52:47] !aol
[8/6/2022 8:52:51] !aol
[8/6/2022 8:52:54] !aol
[8/6/2022 8:52:57] !aol
[8/6/2022 8:53:0] !aol
[8/6/2022 8:53:3] !aol
[8/6/2022 8:53:7] !aol
[8/6/2022 8:53:10] !aol
[8/6/2022 8:53:13] !aol
[8/6/2022 8:53:16] !aol
[8/6/2022 8:53:19] !aol
[8/6/2022 8:53:23] !aol
[8/6/2022 8:53:26] !aol
[8/6/2022 8:53:29] !aol
[8/6/2022 8:53:32] !aol
[8/6/2022 8:53:35] !aol
[8/6/2022 8:53:39] !aol
[8/6/2022 8:53:42] !aol
[8/6/2022 8:53:45] !aol
[8/6/2022 8:53:48] !aol
[8/6/2022 8:53:51] !aol
[8/6/2022 8:53:55] !aol
[8/6/2022 8:53:58] !aol
[8/6/2022 8:54:1] !aol
[8/6/2022 8:54:4] !aol
[8/6/2022 8:54:7] !aol
[8/6/2022 8:54:11] !aol
[8/6/2022 8:54:14] !aol
[8/6/2022 8:54:17] !aol
[8/6/2022 8:54:20] !aol
[8/6/2022 8:54:24] !aol
[8/6/2022 8:54:27] !aol
[8/6/2022 8:54:30] !aol
[8/6/2022 8:54:33] !aol
[8/6/2022 8:54:36] !aol
[8/6/2022 8:54:40] !aol
[8/6/2022 8:54:43] !aol
[8/6/2022 8:54:46] !aol
[8/6/2022 8:54:49] !aol
[8/6/2022 8:54:53] !aol
[8/6/2022 8:54:56] !aol
[8/6/2022 8:54:59] !aol
[8/6/2022 8:55:2] !aol
[8/6/2022 8:55:5] !aol
[8/6/2022 8:55:9] !aol
[8/6/2022 8:55:12] !aol
[8/6/2022 8:55:15] !aol
[8/6/2022 8:55:18] !aol
[8/6/2022 8:55:21] !aol
[8/6/2022 8:55:25] !aol
[8/6/2022 8:55:28] !aol
[8/6/2022 8:55:31] !aol
[8/6/2022 8:55:34] !aol
[8/6/2022 8:55:37] !aol
[8/6/2022 8:55:41] !aol
[8/6/2022 8:55:44] !aol
[8/6/2022 8:55:47] !aol
[8/6/2022 8:55:50] !aol
[8/6/2022 8:55:53] !aol
[8/6/2022 8:55:57] !aol
[8/6/2022 8:56:0] !aol
[8/6/2022 8:56:3] !aol
[8/6/2022 8:56:6] !aol
[8/6/2022 8:56:9] !aol
[8/6/2022 8:56:13] !aol
[8/6/2022 8:56:16] !aol
[8/6/2022 8:56:19] !aol
[8/6/2022 8:56:22] !aol
[8/6/2022 8:56:25] !aol
[8/6/2022 8:56:29] !aol
[8/6/2022 8:56:32] !aol
[8/6/2022 8:56:35] !aol
[8/6/2022 8:56:38] !aol
[8/6/2022 8:56:41] !aol
[8/6/2022 8:56:45] !aol
[8/6/2022 8:56:48] !aol
[8/6/2022 8:56:51] !aol
[8/6/2022 8:56:54] !aol
[8/6/2022 8:56:58] !aol
[8/6/2022 8:57:1] !aol
[8/6/2022 8:57:4] !aol
[8/6/2022 8:57:7] !aol
[8/6/2022 8:57:10] !aol
[8/6/2022 8:57:14] !aol
[8/6/2022 8:57:17] !aol
[8/6/2022 8:57:20] !aol
[8/6/2022 8:57:23] !aol
[8/6/2022 8:57:26] !aol
[8/6/2022 8:57:30] !aol
[8/6/2022 8:57:33] !aol
[8/6/2022 8:57:36] !aol
[8/6/2022 8:57:39] !aol
[8/6/2022 8:57:42] !aol
[8/6/2022 8:57:46] !aol
[8/6/2022 8:57:49] !aol
[8/6/2022 8:57:52] !aol
[8/6/2022 8:57:55] !aol
[8/6/2022 8:57:58] !aol
[8/6/2022 8:58:2] !aol
[8/6/2022 8:58:5] !aol
[8/6/2022 8:58:8] !aol
[8/6/2022 8:58:11] !aol
[8/6/2022 8:58:15] !aol
[8/6/2022 8:58:18] !aol
[8/6/2022 8:58:21] !aol
[8/6/2022 8:58:24] !aol
[8/6/2022 8:58:27] !aol
[8/6/2022 8:58:31] !aol
[8/6/2022 8:58:34] !aol
[8/6/2022 8:58:37] !aol
[8/6/2022 8:58:40] !aol
[8/6/2022 8:58:43] !aol
[8/6/2022 8:58:47] !aol
[8/6/2022 8:58:50] !aol
[8/6/2022 8:58:53] !aol
[8/6/2022 8:58:56] !aol
[8/6/2022 8:58:59] !aol
[8/6/2022 8:59:3] !aol
[8/6/2022 8:59:6] !aol
[8/6/2022 8:59:9] !aol
[8/6/2022 8:59:12] !aol
[8/6/2022 8:59:16] !aol
[8/6/2022 8:59:19] !aol
[8/6/2022 8:59:22] !aol
[8/6/2022 8:59:25] !aol
[8/6/2022 8:59:28] !aol
[8/6/2022 8:59:32] !aol
[8/6/2022 8:59:35] !aol
[8/6/2022 8:59:38] !aol
[8/6/2022 8:59:41] !aol
[8/6/2022 8:59:44] !aol
[8/6/2022 8:59:48] !aol
[8/6/2022 8:59:51] !aol
[8/6/2022 8:59:54] !aol
[8/6/2022 8:59:57] !aol
[8/6/2022 9:0:0] !aol
[8/6/2022 9:0:4] !aol
[8/6/2022 9:0:7] !aol
[8/6/2022 9:0:10] !aol
[8/6/2022 9:0:13] !aol
[8/6/2022 9:0:16] !aol
[8/6/2022 9:0:20] !aol
[8/6/2022 9:0:23] !aol
[8/6/2022 9:0:26] !aol
[8/6/2022 9:0:29] !aol
[8/6/2022 9:0:32] !aol
[8/6/2022 9:0:36] !aol
[8/6/2022 9:0:39] !aol
[8/6/2022 9:0:42] !aol
[8/6/2022 9:0:45] !aol
[8/6/2022 9:0:49] !aol
[8/6/2022 9:0:52] !aol
[8/6/2022 9:0:55] !aol
[8/6/2022 9:0:58] !aol
[8/6/2022 9:1:1] !aol
[8/6/2022 9:1:5] !aol
[8/6/2022 9:1:8] !aol
[8/6/2022 9:1:11] !aol
[8/6/2022 9:1:14] !aol
[8/6/2022 9:1:17] !aol
[8/6/2022 9:1:21] !aol
[8/6/2022 9:1:24] !aol
[8/6/2022 9:1:27] !aol
[8/6/2022 9:1:30] !aol
[8/6/2022 9:1:33] !aol
[8/6/2022 9:1:37] !aol
[8/6/2022 9:1:40] !aol
[8/6/2022 9:1:43] !aol
[8/6/2022 9:1:46] !aol
[8/6/2022 9:1:50] !aol
[8/6/2022 9:1:53] !aol
[8/6/2022 9:1:56] !aol
[8/6/2022 9:1:59] !aol
[8/6/2022 9:2:2] !aol
[8/6/2022 9:2:6] !aol
[8/6/2022 9:2:9] !aol
[8/6/2022 9:2:12] !aol
[8/6/2022 9:2:15] !aol
[8/6/2022 9:2:18] !aol
[8/6/2022 9:2:22] !aol
[8/6/2022 9:2:25] !aol
[8/6/2022 9:2:28] !aol
[8/6/2022 9:2:31] !aol
[8/6/2022 9:2:34] !aol
[8/6/2022 9:2:38] !aol
[8/6/2022 9:2:41] !aol
[8/6/2022 9:2:44] !aol
[8/6/2022 9:2:47] !aol
[8/6/2022 9:2:50] !aol
[8/6/2022 9:2:54] !aol
[8/6/2022 9:2:57] !aol
[8/6/2022 9:3:0] !aol
[8/6/2022 9:3:3] !aol
[8/6/2022 9:3:7] !aol
[8/6/2022 9:3:10] !aol
[8/6/2022 9:3:13] !aol
[8/6/2022 9:3:16] !aol
[8/6/2022 9:3:19] !aol
[8/6/2022 9:3:23] !aol
[8/6/2022 9:3:26] !aol
[8/6/2022 9:3:29] !aol
[8/6/2022 9:3:32] !aol
[8/6/2022 9:3:35] !aol
[8/6/2022 9:3:39] !aol
[8/6/2022 9:3:42] !aol
[8/6/2022 9:3:45] !aol
[8/6/2022 9:3:48] !aol
[8/6/2022 9:3:51] !aol
[8/6/2022 9:3:55] !aol
[8/6/2022 9:3:58] !aol
[8/6/2022 9:4:1] !aol
[8/6/2022 9:4:4] !aol
[8/6/2022 9:4:7] !aol
[8/6/2022 9:4:11] !aol
[8/6/2022 9:4:14] !aol
[8/6/2022 9:4:17] !aol
[8/6/2022 9:4:20] !aol
[8/6/2022 9:4:24] !aol
[8/6/2022 9:4:27] !aol
[8/6/2022 9:4:30] !aol
[8/6/2022 9:4:33] !aol
[8/6/2022 9:4:36] !aol
[8/6/2022 9:4:40] !aol
[8/6/2022 9:4:43] !aol
[8/6/2022 9:4:46] !aol
[8/6/2022 9:4:49] !aol
[8/6/2022 9:4:52] !aol
[8/6/2022 9:4:56] !aol
[8/6/2022 9:4:59] !aol
[8/6/2022 9:5:2] !aol
[8/6/2022 9:5:5] !aol
[8/6/2022 9:5:8] !aol
[8/6/2022 9:5:12] !aol
[8/6/2022 9:5:15] !aol
[8/6/2022 9:5:18] !aol
[8/6/2022 9:5:21] !aol
[8/6/2022 9:5:24] !aol
[8/6/2022 9:5:28] !aol
[8/6/2022 9:5:31] !aol
[8/6/2022 9:5:34] !aol
[8/6/2022 9:5:37] !aol
[8/6/2022 9:5:41] !aol
[8/6/2022 9:5:44] !aol
[8/6/2022 9:5:47] !aol
[8/6/2022 9:5:50] !aol
[8/6/2022 9:5:53] !aol
[8/6/2022 9:5:57] !aol
[8/6/2022 9:6:0] !aol
[8/6/2022 9:6:3] !aol
[8/6/2022 9:6:6] !aol
[8/6/2022 9:6:9] !aol
[8/6/2022 9:6:13] !aol
[8/6/2022 9:6:16] !aol
[8/6/2022 9:6:19] !aol
[8/6/2022 9:6:22] !aol
[8/6/2022 9:6:26] !aol
[8/6/2022 9:6:29] !aol
[8/6/2022 9:6:32] !aol
[8/6/2022 9:6:35] !aol
[8/6/2022 9:6:38] !aol
[8/6/2022 9:6:42] !aol
[8/6/2022 9:6:45] !aol
[8/6/2022 9:6:48] !aol
[8/6/2022 9:6:51] !aol
[8/6/2022 9:6:54] !aol
[8/6/2022 9:6:58] !aol
[8/6/2022 9:7:1] !aol
[8/6/2022 9:7:4] !aol
[8/6/2022 9:7:7] !aol
[8/6/2022 9:7:10] !aol
[8/6/2022 9:7:14] !aol
[8/6/2022 9:7:17] !aol
[8/6/2022 9:7:20] !aol
[8/6/2022 9:7:23] !aol
[8/6/2022 9:7:26] !aol
[8/6/2022 9:7:30] !aol
[8/6/2022 9:7:33] !aol
[8/6/2022 9:7:36] !aol
[8/6/2022 9:7:39] !aol
[8/6/2022 9:7:43] !aol
[8/6/2022 9:7:46] !aol
[8/6/2022 9:7:49] !aol
[8/6/2022 9:7:52] !aol
[8/6/2022 9:7:55] !aol
[8/6/2022 9:7:59] !aol
[8/6/2022 9:8:2] !aol
[8/6/2022 9:8:5] !aol
[8/6/2022 9:8:8] !aol
[8/6/2022 9:8:11] !aol
[8/6/2022 9:8:15] !aol
[8/6/2022 9:8:18] !aol
[8/6/2022 9:8:21] !aol
[8/6/2022 9:8:24] !aol
[8/6/2022 9:8:27] !aol
[8/6/2022 9:8:31] !aol
[8/6/2022 9:8:34] !aol
[8/6/2022 9:8:37] !aol
[8/6/2022 9:8:40] !aol
[8/6/2022 9:8:43] !aol
[8/6/2022 9:8:47] !aol
[8/6/2022 9:8:50] !aol
[8/6/2022 9:8:53] !aol
[8/6/2022 9:8:56] !aol
[8/6/2022 9:8:59] !aol
[8/6/2022 9:9:3] !aol
[8/6/2022 9:9:6] !aol
[8/6/2022 9:9:9] !aol
[8/6/2022 9:9:12] !aol
[8/6/2022 9:9:16] !aol
[8/6/2022 9:9:19] !aol
[8/6/2022 9:9:22] !aol
[8/6/2022 9:9:25] !aol
[8/6/2022 9:9:28] !aol
[8/6/2022 9:9:32] !aol
[8/6/2022 9:9:35] !aol
[8/6/2022 9:9:38] !aol
[8/6/2022 9:9:41] !aol
[8/6/2022 9:9:44] !aol
[8/6/2022 9:9:48] !aol
[8/6/2022 9:9:51] !aol
[8/6/2022 9:9:54] !aol
[8/6/2022 9:9:57] !aol
[8/6/2022 9:10:0] !aol
[8/6/2022 9:10:4] !aol
[8/6/2022 9:10:7] !aol
[8/6/2022 9:10:10] !aol
[8/6/2022 9:10:13] !aol
[8/6/2022 9:10:17] !aol
[8/6/2022 9:10:20] !aol
[8/6/2022 9:10:23] !aol
[8/6/2022 9:10:26] !aol
[8/6/2022 9:10:29] !aol
[8/6/2022 9:10:33] !aol
[8/6/2022 9:10:36] !aol
[8/6/2022 9:10:39] !aol
[8/6/2022 9:10:42] !aol
[8/6/2022 9:10:45] !aol
[8/6/2022 9:10:49] !aol
[8/6/2022 9:10:52] !aol
[8/6/2022 9:10:55] !aol
[8/6/2022 9:10:58] !aol
[8/6/2022 9:11:1] !aol
[8/6/2022 9:11:5] !aol
[8/6/2022 9:11:8] !aol
[8/6/2022 9:11:11] !aol
[8/6/2022 9:11:14] !aol
[8/6/2022 9:11:17] !aol
[8/6/2022 9:11:21] !aol
[8/6/2022 9:11:24] !aol
[8/6/2022 9:11:27] !aol
[8/6/2022 9:11:30] !aol
[8/6/2022 9:11:34] !aol
[8/6/2022 9:11:37] !aol
[8/6/2022 9:11:40] !aol
[8/6/2022 9:11:43] !aol
[8/6/2022 9:11:46] !aol
[8/6/2022 9:11:50] !aol
[8/6/2022 9:11:53] !aol
[8/6/2022 9:11:56] !aol
[8/6/2022 9:11:59] !aol
[8/6/2022 9:12:2] !aol
[8/6/2022 9:12:6] !aol
[8/6/2022 9:12:9] !aol
[8/6/2022 9:12:12] !aol
[8/6/2022 9:12:15] !aol
[8/6/2022 9:12:18] !aol
[8/6/2022 9:12:22] !aol
[8/6/2022 9:12:25] !aol
[8/6/2022 9:12:28] !aol
[8/6/2022 9:12:31] !aol
[8/6/2022 9:12:34] !aol
[8/6/2022 9:12:38] !aol
[8/6/2022 9:12:41] !aol
[8/6/2022 9:12:44] !aol
[8/6/2022 9:12:47] !aol
[8/6/2022 9:12:51] !aol
[8/6/2022 9:12:54] !aol
[8/6/2022 9:12:57] !aol
[8/6/2022 9:13:0] !aol
[8/6/2022 9:13:3] !aol
[8/6/2022 9:13:7] !aol
[8/6/2022 9:13:10] !aol
[8/6/2022 9:13:13] !aol
[8/6/2022 9:13:16] !aol
[8/6/2022 9:13:20] !aol
[8/6/2022 9:13:23] !aol
[8/6/2022 9:13:26] !aol
[8/6/2022 9:13:29] !aol
[8/6/2022 9:13:32] !aol
[8/6/2022 9:13:36] !aol
[8/6/2022 9:13:39] !aol
[8/6/2022 9:13:42] !aol
[8/6/2022 9:13:45] !aol
[8/6/2022 9:13:48] !aol
[8/6/2022 9:13:52] !aol
[8/6/2022 9:13:55] !aol
[8/6/2022 9:13:58] !aol
[8/6/2022 9:14:1] !aol
[8/6/2022 9:14:4] !aol
[8/6/2022 9:14:8] !aol
[8/6/2022 9:14:11] !aol
[8/6/2022 9:14:14] !aol
[8/6/2022 9:14:17] !aol
[8/6/2022 9:14:21] !aol
[8/6/2022 9:14:24] !aol
[8/6/2022 9:14:27] !aol
[8/6/2022 9:14:30] !aol
[8/6/2022 9:14:33] !aol
[8/6/2022 9:14:37] !aol
[8/6/2022 9:14:40] !aol
[8/6/2022 9:14:43] !aol
[8/6/2022 9:14:46] !aol
[8/6/2022 9:14:49] !aol
[8/6/2022 9:14:53] !aol
[8/6/2022 9:14:56] !aol
[8/6/2022 9:14:59] !aol
[8/6/2022 9:15:2] !aol
[8/6/2022 9:15:5] !aol
[8/6/2022 9:15:9] !aol
[8/6/2022 9:15:12] !aol
[8/6/2022 9:15:15] !aol
[8/6/2022 9:15:18] !aol
[8/6/2022 9:15:21] !aol
[8/6/2022 9:15:25] !aol
[8/6/2022 9:15:28] !aol
[8/6/2022 9:15:31] !aol
[8/6/2022 9:15:34] !aol
[8/6/2022 9:15:38] !aol
[8/6/2022 9:15:41] !aol
[8/6/2022 9:15:44] !aol
[8/6/2022 9:15:47] !aol
[8/6/2022 9:15:50] !aol
[8/6/2022 9:15:54] !aol
[8/6/2022 9:15:57] !aol
[8/6/2022 9:16:0] !aol
[8/6/2022 9:16:3] !aol
[8/6/2022 9:16:6] !aol
[8/6/2022 9:16:10] !aol
[8/6/2022 9:16:13] !aol
[8/6/2022 9:16:16] !aol
[8/6/2022 9:16:19] !aol
[8/6/2022 9:16:22] !aol
[8/6/2022 9:16:26] !aol
[8/6/2022 9:16:29] !aol
[8/6/2022 9:16:32] !aol
[8/6/2022 9:16:35] !aol
[8/6/2022 9:16:38] !aol
[8/6/2022 9:16:42] !aol
[8/6/2022 9:16:45] !aol
[8/6/2022 9:16:48] !aol
[8/6/2022 9:16:51] !aol
[8/6/2022 9:16:55] !aol
[8/6/2022 9:16:58] !aol
[8/6/2022 9:17:1] !aol
[8/6/2022 9:17:4] !aol
[8/6/2022 9:17:7] !aol
[8/6/2022 9:17:11] !aol
[8/6/2022 9:17:14] !aol
[8/6/2022 9:17:17] !aol
[8/6/2022 9:17:20] !aol
[8/6/2022 9:17:23] !aol
[8/6/2022 9:17:27] !aol
[8/6/2022 9:17:30] !aol
[8/6/2022 9:17:33] !aol
[8/6/2022 9:17:36] !aol
[8/6/2022 9:17:39] !aol
[8/6/2022 9:17:43] !aol
[8/6/2022 9:17:46] !aol
[8/6/2022 9:17:49] !aol
[8/6/2022 9:17:52] !aol
[8/6/2022 9:17:55] !aol
[8/6/2022 9:17:59] !aol
[8/6/2022 9:18:2] !aol
[8/6/2022 9:18:5] !aol
[8/6/2022 9:18:8] !aol
[8/6/2022 9:18:12] !aol
[8/6/2022 9:18:15] !aol
[8/6/2022 9:18:18] !aol
[8/6/2022 9:18:21] !aol
[8/6/2022 9:18:24] !aol
[8/6/2022 9:18:28] !aol
[8/6/2022 9:18:31] !aol
[8/6/2022 9:18:34] !aol
[8/6/2022 9:18:37] !aol
[8/6/2022 9:18:40] !aol
[8/6/2022 9:18:44] !aol
[8/6/2022 9:18:47] !aol
[8/6/2022 9:18:50] !aol
[8/6/2022 9:18:53] !aol
[8/6/2022 9:18:56] !aol
[8/6/2022 9:19:0] !aol
[8/6/2022 9:19:3] !aol
[8/6/2022 9:19:6] !aol
[8/6/2022 9:19:9] !aol
[8/6/2022 9:19:12] !aol
[8/6/2022 9:19:16] !aol
[8/6/2022 9:19:19] !aol
[8/6/2022 9:19:22] !aol
[8/6/2022 9:19:25] !aol
[8/6/2022 9:19:29] !aol
[8/6/2022 9:19:32] !aol
[8/6/2022 9:19:35] !aol
[8/6/2022 9:19:38] !aol
[8/6/2022 9:19:41] !aol
[8/6/2022 9:19:45] !aol
[8/6/2022 9:19:48] !aol
[8/6/2022 9:19:51] !aol
[8/6/2022 9:19:54] !aol
[8/6/2022 9:19:58] !aol
[8/6/2022 9:20:1] !aol
[8/6/2022 9:20:4] !aol
[8/6/2022 9:20:7] !aol
[8/6/2022 9:20:10] !aol
[8/6/2022 9:20:13] !aol
[8/6/2022 9:20:17] !aol
[8/6/2022 9:20:20] !aol
[8/6/2022 9:20:23] !aol
[8/6/2022 9:20:26] !aol
[8/6/2022 9:20:30] !aol
[8/6/2022 9:20:33] !aol
[8/6/2022 9:20:36] !aol
[8/6/2022 9:20:39] !aol
[8/6/2022 9:20:42] !aol
[8/6/2022 9:20:46] !aol
[8/6/2022 9:20:49] !aol
[8/6/2022 9:20:52] !aol
[8/6/2022 9:20:55] !aol
[8/6/2022 9:20:58] !aol
[8/6/2022 9:21:2] !aol
[8/6/2022 9:21:5] !aol
[8/6/2022 9:21:8] !aol
[8/6/2022 9:21:11] !aol
[8/6/2022 9:21:14] !aol
[8/6/2022 9:21:18] !aol
[8/6/2022 9:21:21] !aol
[8/6/2022 9:21:24] !aol
[8/6/2022 9:21:27] !aol
[8/6/2022 9:21:30] !aol
[8/6/2022 9:21:34] !aol
[8/6/2022 9:21:37] !aol
[8/6/2022 9:21:40] !aol
[8/6/2022 9:21:43] !aol
[8/6/2022 9:21:46] !aol
[8/6/2022 9:21:50] !aol
[8/6/2022 9:21:53] !aol
[8/6/2022 9:21:56] !aol
[8/6/2022 9:21:59] !aol
[8/6/2022 9:22:3] !aol
[8/6/2022 9:22:6] !aol
[8/6/2022 9:22:9] !aol
[8/6/2022 9:22:12] !aol
[8/6/2022 9:22:15] !aol
[8/6/2022 9:22:19] !aol
[8/6/2022 9:22:22] !aol
[8/6/2022 9:22:25] !aol
[8/6/2022 9:22:28] !aol
[8/6/2022 9:22:31] !aol
[8/6/2022 9:22:35] !aol
[8/6/2022 9:22:38] !aol
[8/6/2022 9:22:41] !aol
[8/6/2022 9:22:44] !aol
[8/6/2022 9:22:48] !aol
[8/6/2022 9:22:51] !aol
[8/6/2022 9:22:54] !aol
[8/6/2022 9:22:57] !aol
[8/6/2022 9:23:0] !aol
[8/6/2022 9:23:4] !aol
[8/6/2022 9:23:7] !aol
[8/6/2022 9:23:10] !aol
[8/6/2022 9:23:13] !aol
[8/6/2022 9:23:16] !aol
[8/6/2022 9:23:20] !aol
[8/6/2022 9:23:23] !aol
[8/6/2022 9:23:26] !aol
[8/6/2022 9:23:29] !aol
[8/6/2022 9:23:32] !aol
[8/6/2022 9:23:36] !aol
[8/6/2022 9:23:39] !aol
[8/6/2022 9:23:42] !aol
[8/6/2022 9:23:45] !aol
[8/6/2022 9:23:48] !aol
[8/6/2022 9:23:52] !aol
[8/6/2022 9:23:55] !aol
[8/6/2022 9:23:58] !aol
[8/6/2022 9:24:1] !aol
[8/6/2022 9:24:4] !aol
[8/6/2022 9:24:8] !aol
[8/6/2022 9:24:11] !aol
[8/6/2022 9:24:14] !aol
[8/6/2022 9:24:17] !aol
[8/6/2022 9:24:21] !aol
[8/6/2022 9:24:24] !aol
[8/6/2022 9:24:27] !aol
[8/6/2022 9:24:30] !aol
[8/6/2022 9:24:33] !aol
[8/6/2022 9:24:37] !aol
[8/6/2022 9:24:40] !aol
[8/6/2022 9:24:43] !aol
[8/6/2022 9:24:46] !aol
[8/6/2022 9:24:49] !aol
[8/6/2022 9:24:53] !aol
[8/6/2022 9:24:56] !aol
[8/6/2022 9:24:59] !aol
[8/6/2022 9:25:2] !aol
[8/6/2022 9:25:5] !aol
[8/6/2022 9:25:9] !aol
[8/6/2022 9:25:12] !aol
[8/6/2022 9:25:15] !aol
[8/6/2022 9:25:18] !aol
[8/6/2022 9:25:21] !aol
[8/6/2022 9:25:25] !aol
[8/6/2022 9:25:28] !aol
[8/6/2022 9:25:31] !aol
[8/6/2022 9:25:34] !aol
[8/6/2022 9:25:37] !aol
[8/6/2022 9:25:41] !aol
[8/6/2022 9:25:44] !aol
[8/6/2022 9:25:47] !aol
[8/6/2022 9:25:50] !aol
[8/6/2022 9:25:54] !aol
[8/6/2022 9:25:57] !aol
[8/6/2022 9:26:0] !aol
[8/6/2022 9:26:3] !aol
[8/6/2022 9:26:6] !aol
[8/6/2022 9:26:10] !aol
[8/6/2022 9:26:13] !aol
[8/6/2022 9:26:16] !aol
[8/6/2022 9:26:19] !aol
[8/6/2022 9:26:22] !aol
[8/6/2022 9:26:26] !aol
[8/6/2022 9:26:29] !aol
[8/6/2022 9:26:32] !aol
[8/6/2022 9:26:35] !aol
[8/6/2022 9:26:38] !aol
[8/6/2022 9:26:42] !aol
[8/6/2022 9:26:45] !aol
[8/6/2022 9:26:48] !aol
[8/6/2022 9:26:51] !aol
[8/6/2022 9:26:54] !aol
[8/6/2022 9:26:58] !aol
[8/6/2022 9:27:1] !aol
[8/6/2022 9:27:4] !aol
[8/6/2022 9:27:7] !aol
[8/6/2022 9:27:10] !aol
[8/6/2022 9:27:14] !aol
[8/6/2022 9:27:17] !aol
[8/6/2022 9:27:20] !aol
[8/6/2022 9:27:23] !aol
[8/6/2022 9:27:27] !aol
[8/6/2022 9:27:30] !aol
[8/6/2022 9:27:33] !aol
[8/6/2022 9:27:36] !aol
[8/6/2022 9:27:39] !aol
[8/6/2022 9:27:43] !aol
[8/6/2022 9:27:46] !aol
[8/6/2022 9:27:49] !aol
[8/6/2022 9:27:52] !aol
[8/6/2022 9:27:55] !aol
[8/6/2022 9:27:59] !aol
[8/6/2022 9:28:2] !aol
[8/6/2022 9:28:5] !aol
[8/6/2022 9:28:8] !aol
[8/6/2022 9:28:11] !aol
[8/6/2022 9:28:15] !aol
[8/6/2022 9:28:18] !aol
[8/6/2022 9:28:21] !aol
[8/6/2022 9:28:24] !aol
[8/6/2022 9:28:27] !aol
[8/6/2022 9:28:31] !aol
[8/6/2022 9:28:34] !aol
[8/6/2022 9:28:37] !aol
[8/6/2022 9:28:40] !aol
[8/6/2022 9:28:44] !aol
[8/6/2022 9:28:47] !aol
[8/6/2022 9:28:50] !aol
[8/6/2022 9:28:53] !aol
[8/6/2022 9:28:56] !aol
[8/6/2022 9:29:0] !aol
[8/6/2022 9:29:3] !aol
[8/6/2022 9:29:6] !aol
[8/6/2022 9:29:9] !aol
[8/6/2022 9:29:12] !aol
[8/6/2022 9:29:16] !aol
[8/6/2022 9:29:19] !aol
[8/6/2022 9:29:22] !aol
[8/6/2022 9:29:25] !aol
[8/6/2022 9:29:28] !aol
[8/6/2022 9:29:32] !aol
[8/6/2022 9:29:35] !aol
[8/6/2022 9:29:38] !aol
[8/6/2022 9:29:41] !aol
[8/6/2022 9:29:44] !aol
[8/6/2022 9:29:48] !aol
[8/6/2022 9:29:51] !aol
[8/6/2022 9:29:54] !aol
[8/6/2022 9:29:57] !aol
[8/6/2022 9:30:1] !aol
[8/6/2022 9:30:4] !aol
[8/6/2022 9:30:7] !aol
[8/6/2022 9:30:10] !aol
[8/6/2022 9:30:13] !aol
[8/6/2022 9:30:17] !aol
[8/6/2022 9:30:20] !aol
[8/6/2022 9:30:23] !aol
[8/6/2022 9:30:26] !aol
[8/6/2022 9:30:29] !aol
[8/6/2022 9:30:33] !aol
[8/6/2022 9:30:36] !aol
[8/6/2022 9:30:39] !aol
[8/6/2022 9:30:42] !aol
[8/6/2022 9:30:46] !aol
[8/6/2022 9:30:49] !aol
[8/6/2022 9:30:52] !aol
[8/6/2022 9:30:55] !aol
[8/6/2022 9:30:58] !aol
[8/6/2022 9:31:2] !aol
[8/6/2022 9:31:5] !aol
[8/6/2022 9:31:8] !aol
[8/6/2022 9:31:11] !aol
[8/6/2022 9:31:14] !aol
[8/6/2022 9:31:18] !aol
[8/6/2022 9:31:21] !aol
[8/6/2022 9:31:24] !aol
[8/6/2022 9:31:27] !aol
[8/6/2022 9:31:31] !aol
[8/6/2022 9:31:34] !aol
[8/6/2022 9:31:37] !aol
[8/6/2022 9:31:40] !aol
[8/6/2022 9:31:43] !aol
[8/6/2022 9:31:47] !aol
[8/6/2022 9:31:50] !aol
[8/6/2022 9:31:53] !aol
[8/6/2022 9:31:56] !aol
[8/6/2022 9:31:59] !aol
[8/6/2022 9:32:3] !aol
[8/6/2022 9:32:6] !aol
[8/6/2022 9:32:9] !aol
[8/6/2022 9:32:12] !aol
[8/6/2022 9:32:15] !aol
[8/6/2022 9:32:19] !aol
[8/6/2022 9:32:22] !aol
[8/6/2022 9:32:25] !aol
[8/6/2022 9:32:28] !aol
[8/6/2022 9:32:31] !aol
[8/6/2022 9:32:35] !aol
[8/6/2022 9:32:38] !aol
[8/6/2022 9:32:41] !aol
[8/6/2022 9:32:44] !aol
[8/6/2022 9:32:48] !aol
[8/6/2022 9:32:51] !aol
[8/6/2022 9:32:54] !aol
[8/6/2022 9:32:57] !aol
[8/6/2022 9:33:0] !aol
[8/6/2022 9:33:4] !aol
[8/6/2022 9:33:7] !aol
[8/6/2022 9:33:10] !aol
[8/6/2022 9:33:13] !aol
[8/6/2022 9:33:16] !aol
[8/6/2022 9:33:20] !aol
[8/6/2022 9:33:23] !aol
[8/6/2022 9:33:26] !aol
[8/6/2022 9:33:29] !aol
[8/6/2022 9:33:32] !aol
[8/6/2022 9:33:36] !aol
[8/6/2022 9:33:39] !aol
[8/6/2022 9:33:42] !aol
[8/6/2022 9:33:45] !aol
[8/6/2022 9:33:48] !aol
[8/6/2022 9:33:52] !aol
[8/6/2022 9:33:55] !aol
[8/6/2022 9:33:58] !aol
[8/6/2022 9:34:1] !aol
[8/6/2022 9:34:5] !aol
[8/6/2022 9:34:8] !aol
[8/6/2022 9:34:11] !aol
[8/6/2022 9:34:14] !aol
[8/6/2022 9:34:17] !aol
[8/6/2022 9:34:21] !aol
[8/6/2022 9:34:24] !aol
[8/6/2022 9:34:27] !aol
[8/6/2022 9:34:30] !aol
[8/6/2022 9:34:33] !aol
[8/6/2022 9:34:37] !aol
[8/6/2022 9:34:40] !aol
[8/6/2022 9:34:43] !aol
[8/6/2022 9:34:46] !aol
[8/6/2022 9:34:49] !aol
[8/6/2022 9:34:53] !aol
[8/6/2022 9:34:56] !aol
[8/6/2022 9:34:59] !aol
[8/6/2022 9:35:2] !aol
[8/6/2022 9:35:5] !aol
[8/6/2022 9:35:9] !aol
[8/6/2022 9:35:12] !aol
[8/6/2022 9:35:15] !aol
[8/6/2022 9:35:18] !aol
[8/6/2022 9:35:22] !aol
[8/6/2022 9:35:25] !aol
[8/6/2022 9:35:28] !aol
[8/6/2022 9:35:31] !aol
[8/6/2022 9:35:34] !aol
[8/6/2022 9:35:38] !aol
[8/6/2022 9:35:41] !aol
[8/6/2022 9:35:44] !aol
[8/6/2022 9:35:47] !aol
[8/6/2022 9:35:50] !aol
[8/6/2022 9:35:54] !aol
[8/6/2022 9:35:57] !aol
[8/6/2022 9:36:0] !aol
[8/6/2022 9:36:3] !aol
[8/6/2022 9:36:6] !aol
[8/6/2022 9:36:10] !aol
[8/6/2022 9:36:13] !aol
[8/6/2022 9:36:16] !aol
[8/6/2022 9:36:19] !aol
[8/6/2022 9:36:23] !aol
[8/6/2022 9:36:26] !aol
[8/6/2022 9:36:29] !aol
[8/6/2022 9:36:32] !aol
[8/6/2022 9:36:35] !aol
[8/6/2022 9:36:39] !aol
[8/6/2022 9:36:42] !aol
[8/6/2022 9:36:45] !aol
[8/6/2022 9:36:48] !aol
[8/6/2022 9:36:51] !aol
[8/6/2022 9:36:55] !aol
[8/6/2022 9:36:58] !aol
[8/6/2022 9:37:1] !aol
[8/6/2022 9:37:4] !aol
[8/6/2022 9:37:8] !aol
[8/6/2022 9:37:11] !aol
[8/6/2022 9:37:14] !aol
[8/6/2022 9:37:17] !aol
[8/6/2022 9:37:20] !aol
[8/6/2022 9:37:24] !aol
[8/6/2022 9:37:27] !aol
[8/6/2022 9:37:30] !aol
[8/6/2022 9:37:33] !aol
[8/6/2022 9:37:36] !aol
[8/6/2022 9:37:40] !aol
[8/6/2022 9:37:43] !aol
[8/6/2022 9:37:46] !aol
[8/6/2022 9:37:49] !aol
[8/6/2022 9:37:52] !aol
[8/6/2022 9:37:56] !aol
[8/6/2022 9:37:59] !aol
[8/6/2022 9:38:2] !aol
[8/6/2022 9:38:5] !aol
[8/6/2022 9:38:8] !aol
[8/6/2022 9:38:12] !aol
[8/6/2022 9:38:15] !aol
[8/6/2022 9:38:18] !aol
[8/6/2022 9:38:21] !aol
[8/6/2022 9:38:24] !aol
[8/6/2022 9:38:28] !aol
[8/6/2022 9:38:31] !aol
[8/6/2022 9:38:34] !aol
[8/6/2022 9:38:37] !aol
[8/6/2022 9:38:41] !aol
[8/6/2022 9:38:44] !aol
[8/6/2022 9:38:47] !aol
[8/6/2022 9:38:50] !aol
[8/6/2022 9:38:53] !aol
[8/6/2022 9:38:57] !aol
[8/6/2022 9:39:0] !aol
[8/6/2022 9:39:3] !aol
[8/6/2022 9:39:6] !aol
[8/6/2022 9:39:9] !aol
[8/6/2022 9:39:13] !aol
[8/6/2022 9:39:16] !aol
[8/6/2022 9:39:19] !aol
[8/6/2022 9:39:22] !aol
[8/6/2022 9:39:25] !aol
[8/6/2022 9:39:29] !aol
[8/6/2022 9:39:32] !aol
[8/6/2022 9:39:35] !aol
[8/6/2022 9:39:38] !aol
[8/6/2022 9:39:42] !aol
[8/6/2022 9:39:45] !aol
[8/6/2022 9:39:48] !aol
[8/6/2022 9:39:51] !aol
[8/6/2022 9:39:54] !aol
[8/6/2022 9:39:58] !aol
[8/6/2022 9:40:1] !aol
[8/6/2022 9:40:4] !aol
[8/6/2022 9:40:7] !aol
[8/6/2022 9:40:10] !aol
[8/6/2022 9:40:14] !aol
[8/6/2022 9:40:17] !aol
[8/6/2022 9:40:20] !aol
[8/6/2022 9:40:23] !aol
[8/6/2022 9:40:26] !aol
[8/6/2022 9:40:30] !aol
[8/6/2022 9:40:33] !aol
[8/6/2022 9:40:36] !aol
[8/6/2022 9:40:39] !aol
[8/6/2022 9:40:43] !aol
[8/6/2022 9:40:46] !aol
[8/6/2022 9:40:49] !aol
[8/6/2022 9:40:52] !aol
[8/6/2022 9:40:55] !aol
[8/6/2022 9:40:59] !aol
[8/6/2022 9:41:2] !aol
[8/6/2022 9:41:5] !aol
[8/6/2022 9:41:8] !aol
[8/6/2022 9:41:11] !aol
[8/6/2022 9:41:15] !aol
[8/6/2022 9:41:18] !aol
[8/6/2022 9:41:21] !aol
[8/6/2022 9:41:24] !aol
[8/6/2022 9:41:27] !aol
[8/6/2022 9:41:31] !aol
[8/6/2022 9:41:34] !aol
[8/6/2022 9:41:37] !aol
[8/6/2022 9:41:40] !aol
[8/6/2022 9:41:43] !aol
[8/6/2022 9:41:47] !aol
[8/6/2022 9:41:50] !aol
[8/6/2022 9:41:53] !aol
[8/6/2022 9:41:56] !aol
[8/6/2022 9:42:0] !aol
[8/6/2022 9:42:3] !aol
[8/6/2022 9:42:6] !aol
[8/6/2022 9:42:9] !aol
[8/6/2022 9:42:12] !aol
[8/6/2022 9:42:16] !aol
[8/6/2022 9:42:19] !aol
[8/6/2022 9:42:22] !aol
[8/6/2022 9:42:25] !aol
[8/6/2022 9:42:28] !aol
[8/6/2022 9:42:32] !aol
[8/6/2022 9:42:35] !aol
[8/6/2022 9:42:38] !aol
[8/6/2022 9:42:41] !aol
[8/6/2022 9:42:44] !aol
[8/6/2022 9:42:48] !aol
[8/6/2022 9:42:51] !aol
[8/6/2022 9:42:54] !aol
[8/6/2022 9:42:57] !aol
[8/6/2022 9:43:0] !aol
[8/6/2022 9:43:4] !aol
[8/6/2022 9:43:7] !aol
[8/6/2022 9:43:10] !aol
[8/6/2022 9:43:13] !aol
[8/6/2022 9:43:17] !aol
[8/6/2022 9:43:20] !aol
[8/6/2022 9:43:23] !aol
[8/6/2022 9:43:26] !aol
[8/6/2022 9:43:29] !aol
[8/6/2022 9:43:33] !aol
[8/6/2022 9:43:36] !aol
[8/6/2022 9:43:39] !aol
[8/6/2022 9:43:42] !aol
[8/6/2022 9:43:45] !aol
[8/6/2022 9:43:49] !aol
[8/6/2022 9:43:52] !aol
[8/6/2022 9:43:55] !aol
[8/6/2022 9:43:58] !aol
[8/6/2022 9:44:2] !aol
[8/6/2022 9:44:5] !aol
[8/6/2022 9:44:8] !aol
[8/6/2022 9:44:11] !aol
[8/6/2022 9:44:14] !aol
[8/6/2022 9:44:18] !aol
[8/6/2022 9:44:21] !aol
[8/6/2022 9:44:24] !aol
[8/6/2022 9:44:27] !aol
[8/6/2022 9:44:30] !aol
[8/6/2022 9:44:34] !aol
[8/6/2022 9:44:37] !aol
[8/6/2022 9:44:40] !aol
[8/6/2022 9:44:43] !aol
[8/6/2022 9:44:46] !aol
[8/6/2022 9:44:50] !aol
[8/6/2022 9:44:53] !aol
[8/6/2022 9:44:56] !aol
[8/6/2022 9:44:59] !aol
[8/6/2022 9:45:3] !aol
[8/6/2022 9:45:6] !aol
[8/6/2022 9:45:9] !aol
[8/6/2022 9:45:12] !aol
[8/6/2022 9:45:15] !aol
[8/6/2022 9:45:19] !aol
[8/6/2022 9:45:22] !aol
[8/6/2022 9:45:25] !aol
[8/6/2022 9:45:28] !aol
[8/6/2022 9:45:31] !aol
[8/6/2022 9:45:35] !aol
[8/6/2022 9:45:38] !aol
[8/6/2022 9:45:41] !aol
[8/6/2022 9:45:44] !aol
[8/6/2022 9:45:47] !aol
[8/6/2022 9:45:51] !aol
[8/6/2022 9:45:54] !aol
[8/6/2022 9:45:57] !aol
[8/6/2022 9:46:0] !aol
[8/6/2022 9:46:4] !aol
[8/6/2022 9:46:7] !aol
[8/6/2022 9:46:10] !aol
[8/6/2022 9:46:13] !aol
[8/6/2022 9:46:16] !aol
[8/6/2022 9:46:20] !aol
[8/6/2022 9:46:23] !aol
[8/6/2022 9:46:26] !aol
[8/6/2022 9:46:29] !aol
[8/6/2022 9:46:33] !aol
[8/6/2022 9:46:36] !aol
[8/6/2022 9:46:39] !aol
[8/6/2022 9:46:42] !aol
[8/6/2022 9:46:45] !aol
[8/6/2022 9:46:49] !aol
[8/6/2022 9:46:52] !aol
[8/6/2022 9:46:55] !aol
[8/6/2022 9:46:58] !aol
[8/6/2022 9:47:1] !aol
[8/6/2022 9:47:5] !aol
[8/6/2022 9:47:8] !aol
[8/6/2022 9:47:11] !aol
[8/6/2022 9:47:14] !aol
[8/6/2022 9:47:17] !aol
[8/6/2022 9:47:21] !aol
[8/6/2022 9:47:24] !aol
[8/6/2022 9:47:27] !aol
[8/6/2022 9:47:30] !aol
[8/6/2022 9:47:34] !aol
[8/6/2022 9:47:37] !aol
[8/6/2022 9:47:40] !aol
[8/6/2022 9:47:43] !aol
[8/6/2022 9:47:46] !aol
[8/6/2022 9:47:50] !aol
[8/6/2022 9:47:53] !aol
[8/6/2022 9:47:56] !aol
[8/6/2022 9:47:59] !aol
[8/6/2022 9:48:2] !aol
[8/6/2022 9:48:6] !aol
[8/6/2022 9:48:9] !aol
[8/6/2022 9:48:12] !aol
[8/6/2022 9:48:15] !aol
[8/6/2022 9:48:18] !aol
[8/6/2022 9:48:22] !aol
[8/6/2022 9:48:25] !aol
[8/6/2022 9:48:28] !aol
[8/6/2022 9:48:31] !aol
[8/6/2022 9:48:35] !aol
[8/6/2022 9:48:38] !aol
[8/6/2022 9:48:41] !aol
[8/6/2022 9:48:44] !aol
[8/6/2022 9:48:47] !aol
[8/6/2022 9:48:51] !aol
[8/6/2022 9:48:54] !aol
[8/6/2022 9:48:57] !aol
[8/6/2022 9:49:0] !aol
[8/6/2022 9:49:3] !aol
[8/6/2022 9:49:7] !aol
[8/6/2022 9:49:10] !aol
[8/6/2022 9:49:13] !aol
[8/6/2022 9:49:16] !aol
[8/6/2022 9:49:19] !aol
[8/6/2022 9:49:23] !aol
[8/6/2022 9:49:26] !aol
[8/6/2022 9:49:29] !aol
[8/6/2022 9:49:32] !aol
[8/6/2022 9:49:35] !aol
[8/6/2022 9:49:39] !aol
[8/6/2022 9:49:42] !aol
[8/6/2022 9:49:45] !aol
[8/6/2022 9:49:48] !aol
[8/6/2022 9:49:51] !aol
[8/6/2022 9:49:55] !aol
[8/6/2022 9:49:58] !aol
[8/6/2022 9:50:1] !aol
[8/6/2022 9:50:4] !aol
[8/6/2022 9:50:7] !aol
[8/6/2022 9:50:11] !aol
[8/6/2022 9:50:14] !aol
[8/6/2022 9:50:17] !aol
[8/6/2022 9:50:20] !aol
[8/6/2022 9:50:23] !aol
[8/6/2022 9:50:27] !aol
[8/6/2022 9:50:30] !aol
[8/6/2022 9:50:33] !aol
[8/6/2022 9:50:36] !aol
[8/6/2022 9:50:40] !aol
[8/6/2022 9:50:43] !aol
[8/6/2022 9:50:46] !aol
[8/6/2022 9:50:49] !aol
[8/6/2022 9:50:52] !aol
[8/6/2022 9:50:56] !aol
[8/6/2022 9:50:59] !aol
[8/6/2022 9:51:2] !aol
[8/6/2022 9:51:5] !aol
[8/6/2022 9:51:8] !aol
[8/6/2022 9:51:12] !aol
[8/6/2022 9:51:15] !aol
[8/6/2022 9:51:18] !aol
[8/6/2022 9:51:21] !aol
[8/6/2022 9:51:24] !aol
[8/6/2022 9:51:28] !aol
[8/6/2022 9:51:31] !aol
[8/6/2022 9:51:34] !aol
[8/6/2022 9:51:37] !aol
[8/6/2022 9:51:41] !aol
[8/6/2022 9:51:44] !aol
[8/6/2022 9:51:47] !aol
[8/6/2022 9:51:50] !aol
[8/6/2022 9:51:53] !aol
[8/6/2022 9:51:57] !aol
[8/6/2022 9:52:0] !aol
[8/6/2022 9:52:3] !aol
[8/6/2022 9:52:6] !aol
[8/6/2022 9:52:9] !aol
[8/6/2022 9:52:13] !aol
[8/6/2022 9:52:16] !aol
[8/6/2022 9:52:19] !aol
[8/6/2022 9:52:22] !aol
[8/6/2022 9:52:25] !aol
[8/6/2022 9:52:29] !aol
[8/6/2022 9:52:32] !aol
[8/6/2022 9:52:35] !aol
[8/6/2022 9:52:38] !aol
[8/6/2022 9:52:41] !aol
[8/6/2022 9:52:45] !aol
[8/6/2022 9:52:48] !aol
[8/6/2022 9:52:51] !aol
[8/6/2022 9:52:54] !aol
[8/6/2022 9:52:58] !aol
[8/6/2022 9:53:1] !aol
[8/6/2022 9:53:4] !aol
[8/6/2022 9:53:7] !aol
[8/6/2022 9:53:10] !aol
[8/6/2022 9:53:14] !aol
[8/6/2022 9:53:17] !aol
[8/6/2022 9:53:20] !aol
[8/6/2022 9:53:23] !aol
[8/6/2022 9:53:26] !aol
[8/6/2022 9:53:30] !aol
[8/6/2022 9:53:33] !aol
[8/6/2022 9:53:36] !aol
[8/6/2022 9:53:39] !aol
[8/6/2022 9:53:42] !aol
[8/6/2022 9:53:46] !aol
[8/6/2022 9:53:49] !aol
[8/6/2022 9:53:52] !aol
[8/6/2022 9:53:55] !aol
[8/6/2022 9:53:59] !aol
[8/6/2022 9:54:2] !aol
[8/6/2022 9:54:5] !aol
[8/6/2022 9:54:8] !aol
[8/6/2022 9:54:11] !aol
[8/6/2022 9:54:15] !aol
[8/6/2022 9:54:18] !aol
[8/6/2022 9:54:21] !aol
[8/6/2022 9:54:24] !aol
[8/6/2022 9:54:27] !aol
[8/6/2022 9:54:31] !aol
[8/6/2022 9:54:34] !aol
[8/6/2022 9:54:37] !aol
[8/6/2022 10:19:46] !aol
[8/6/2022 10:19:49] !aol
[8/6/2022 10:19:52] !aol
[8/6/2022 10:19:56] !aol
[8/6/2022 10:19:59] !aol
[8/6/2022 10:20:2] !aol
[8/6/2022 10:20:5] !aol
[8/6/2022 10:20:8] !aol
[8/6/2022 10:20:12] !aol
[8/6/2022 10:20:15] !aol
[8/6/2022 10:20:18] !aol
[8/6/2022 10:20:21] !aol
[8/6/2022 10:20:24] !aol
[8/6/2022 10:20:28] !aol
[8/6/2022 10:20:31] !aol
[8/6/2022 10:20:34] !aol
[8/6/2022 10:20:37] !aol
[8/6/2022 10:20:40] !aol
[8/6/2022 10:20:44] !aol
[8/6/2022 10:20:47] !aol
[8/6/2022 10:20:50] !aol
[8/6/2022 10:20:53] !aol
[8/6/2022 10:20:56] !aol
[8/6/2022 10:21:0] !aol
[8/6/2022 10:21:3] !aol
[8/6/2022 10:21:6] !aol
[8/6/2022 10:21:9] !aol
[8/6/2022 10:21:12] !aol
[8/6/2022 10:21:16] !aol
[8/6/2022 10:21:19] !aol
[8/6/2022 10:21:22] !aol
[8/6/2022 10:21:25] !aol
[8/6/2022 10:21:28] !aol
[8/6/2022 10:21:32] !aol
[8/6/2022 10:21:35] !aol
[8/6/2022 10:21:38] !aol
[8/6/2022 10:21:41] !aol
[8/6/2022 10:21:44] !aol
[8/6/2022 10:21:48] !aol
[8/6/2022 10:21:51] !aol
[8/6/2022 10:21:54] !aol
[8/6/2022 10:21:57] !aol
[8/6/2022 10:22:1] !aol
[8/6/2022 10:22:4] !aol
[8/6/2022 10:22:7] !aol
[8/6/2022 10:22:10] !aol
[8/6/2022 10:22:13] !aol
[8/6/2022 10:22:17] !aol
[8/6/2022 10:22:20] !aol
[8/6/2022 10:22:23] !aol
[8/6/2022 10:22:26] !aol
[8/6/2022 10:22:29] !aol
[8/6/2022 10:22:33] !aol
[8/6/2022 10:22:36] !aol
[8/6/2022 10:22:39] !aol
[8/6/2022 10:22:42] !aol
[8/6/2022 10:22:45] !aol
[8/6/2022 10:22:49] !aol
[8/6/2022 10:22:52] !aol
[8/6/2022 10:22:55] !aol
[8/6/2022 10:22:58] !aol
[8/6/2022 10:23:1] !aol
[8/6/2022 10:23:5] !aol
[8/6/2022 10:23:8] !aol
[8/6/2022 10:23:11] !aol
[8/6/2022 10:23:15] !aol
[8/6/2022 10:23:18] !aol
[8/6/2022 10:23:21] !aol
[8/6/2022 10:23:24] !aol
