[31/5/2022 22:49:13] !emotespells on
[31/5/2022 23:30:22] !guildpoints
[31/5/2022 23:40:2] !aol
[31/5/2022 23:56:17] !guildpoints
[1/6/2022 0:19:17] !aol
[1/6/2022 3:15:21] !aol
[1/6/2022 3:32:12] !aol
[1/6/2022 3:41:2] !online
[1/6/2022 11:54:49] !guildpoints
[1/6/2022 11:59:8] !aol
[1/6/2022 12:0:43] !online
[1/6/2022 12:12:20] !aol
[1/6/2022 13:31:52] !aol
[1/6/2022 14:5:38] !aol
[2/6/2022 1:36:56] !aol
[2/6/2022 11:58:6] !aol
[2/6/2022 12:13:17] !aol
[2/6/2022 14:47:47] !aol
[2/6/2022 15:4:12] !aol
[2/6/2022 15:24:43] !aol
[2/6/2022 15:39:5] !aol
[2/6/2022 16:13:58] !aol
[2/6/2022 19:1:54] !guildpoints
[2/6/2022 22:49:3] !frags
[3/6/2022 12:6:27] !guildpoints
[4/6/2022 16:35:54] !frags
[4/6/2022 18:51:33] !frags
[5/6/2022 18:38:37] !online
[5/6/2022 22:38:21] !go
