[31/5/2022 19:59:11] !rank level
[31/5/2022 20:3:8] !emotespells on
[31/5/2022 20:5:52] !emotespells on
[31/5/2022 20:7:53] !rank level
[31/5/2022 20:9:49] !rank level
[31/5/2022 20:14:33] !rank level
[31/5/2022 20:14:44] !online
[31/5/2022 20:16:42] !emotespells on
[31/5/2022 20:16:56] !rank magic
[31/5/2022 20:20:13] !aol
[31/5/2022 20:21:29] !rank level
[31/5/2022 20:23:15] !emotespells on
[31/5/2022 20:24:51] !rank level
[31/5/2022 20:25:9] !rank magic
[31/5/2022 20:30:9] !rank level
[31/5/2022 20:36:56] !emotespells on
[31/5/2022 20:41:52] !rank level
[31/5/2022 20:47:31] !emotespells on
[31/5/2022 20:50:53] !rank level
[31/5/2022 20:56:36] !rank level
[31/5/2022 20:58:30] !emotespells on
[31/5/2022 21:0:2] !rank level
[31/5/2022 21:9:57] !rank level
[31/5/2022 21:10:54] !rank level
[31/5/2022 21:11:17] !emotespells on
[31/5/2022 21:12:10] !rank magic
[31/5/2022 21:31:54] !emotespells on
[31/5/2022 21:38:15] !rank level
[31/5/2022 21:40:47] !emotespells on
[31/5/2022 21:55:39] !frags
[31/5/2022 22:0:36] !frags
[31/5/2022 22:3:17] !online
[31/5/2022 22:4:41] !emotespells on
[31/5/2022 22:5:40] !rank level
[31/5/2022 22:12:49] !rank magic
[31/5/2022 22:14:23] !emotespells on
[31/5/2022 22:29:25] !rank level
[31/5/2022 22:31:49] !emotespells on
[31/5/2022 22:37:22] !rank level
[31/5/2022 22:41:12] !emotespells on
[31/5/2022 22:50:38] !emotespells on
[31/5/2022 22:59:30] !emotespells on
[31/5/2022 23:6:24] !emotespells on
[31/5/2022 23:9:0] !rank level
[31/5/2022 23:13:24] !emotespells on
[1/6/2022 1:16:21] !emotespells on
[1/6/2022 1:23:34] !emotespells on
[1/6/2022 1:29:21] !emotespells on
[1/6/2022 1:33:44] !emotespells on
[1/6/2022 1:40:26] !emotespells on
[1/6/2022 1:47:16] !emotespells on
[1/6/2022 1:52:43] !emotespells on
[1/6/2022 1:57:53] !emotespells on
[1/6/2022 2:2:19] !emotespells on
[1/6/2022 2:8:29] !emotespells on
[1/6/2022 2:11:53] !emotespells on
[1/6/2022 2:15:38] !emotespells on
[1/6/2022 2:18:55] !emotespells on
[1/6/2022 2:24:1] !emotespells on
[1/6/2022 2:28:57] !emotespells on
[1/6/2022 2:34:2] !emotespells on
[1/6/2022 2:38:53] !emotespells on
[1/6/2022 2:42:23] !emotespells on
[1/6/2022 2:49:29] !emotespells on
[1/6/2022 2:53:7] !emotespells on
[1/6/2022 2:56:52] !emotespells on
[1/6/2022 3:0:8] !emotespells on
[1/6/2022 3:4:59] !emotespells on
[1/6/2022 3:10:10] !emotespells on
[1/6/2022 3:13:18] !emotespells on
[1/6/2022 3:16:50] !emotespells on
[1/6/2022 3:20:54] !emotespells on
[1/6/2022 3:23:58] !emotespells on
[1/6/2022 3:28:5] !emotespells on
[1/6/2022 3:32:40] !emotespells on
[1/6/2022 3:38:53] !emotespells on
[1/6/2022 3:44:22] !emotespells on
[1/6/2022 3:48:0] !emotespells on
[1/6/2022 3:51:28] !emotespells on
[1/6/2022 3:54:16] !emotespells on
[1/6/2022 3:57:21] !emotespells on
[1/6/2022 4:0:4] !emotespells on
[1/6/2022 4:4:13] !emotespells on
[1/6/2022 4:10:40] !emotespells on
[1/6/2022 4:16:9] !emotespells on
[1/6/2022 4:19:29] !emotespells on
[1/6/2022 4:23:11] !emotespells on
[1/6/2022 4:27:40] !emotespells on
[1/6/2022 4:31:44] !emotespells on
[1/6/2022 4:36:47] !emotespells on
[1/6/2022 4:42:33] !emotespells on
[1/6/2022 4:46:56] !emotespells on
[1/6/2022 4:52:16] !emotespells on
[1/6/2022 4:55:51] !emotespells on
[1/6/2022 4:58:42] !emotespells on
[1/6/2022 5:4:2] !emotespells on
[1/6/2022 5:8:24] !emotespells on
[1/6/2022 5:11:27] !emotespells on
[1/6/2022 5:14:51] !emotespells on
[1/6/2022 5:18:24] !emotespells on
[1/6/2022 5:20:48] !emotespells on
[1/6/2022 5:23:53] !emotespells on
[1/6/2022 5:27:16] !emotespells on
[1/6/2022 5:29:54] !emotespells on
[1/6/2022 5:31:14] !emotespells on
[1/6/2022 5:35:23] !emotespells on
[1/6/2022 5:38:32] !emotespells on
[1/6/2022 5:43:15] !emotespells on
[1/6/2022 5:45:54] !emotespells on
[1/6/2022 5:50:11] !emotespells on
[1/6/2022 5:53:0] !emotespells on
[1/6/2022 5:56:9] !emotespells on
[1/6/2022 6:0:27] !emotespells on
[1/6/2022 6:3:0] !emotespells on
[1/6/2022 6:6:4] !emotespells on
[1/6/2022 6:9:2] !emotespells on
[1/6/2022 6:12:9] !emotespells on
[1/6/2022 6:14:27] !emotespells on
[1/6/2022 6:18:40] !emotespells on
[1/6/2022 6:24:28] !emotespells on
[1/6/2022 6:27:43] !emotespells on
[1/6/2022 6:31:3] !emotespells on
[1/6/2022 6:34:18] !emotespells on
[1/6/2022 6:37:2] !emotespells on
[1/6/2022 6:39:58] !emotespells on
[1/6/2022 6:42:25] !emotespells on
[1/6/2022 6:45:10] !emotespells on
[1/6/2022 6:48:12] !emotespells on
[1/6/2022 6:50:43] !emotespells on
[1/6/2022 6:53:40] !emotespells on
[1/6/2022 6:56:28] !emotespells on
[1/6/2022 6:59:13] !emotespells on
[1/6/2022 7:2:45] !emotespells on
[1/6/2022 7:8:21] !emotespells on
[1/6/2022 7:14:2] !emotespells on
[1/6/2022 7:16:36] !emotespells on
[1/6/2022 7:19:21] !emotespells on
[1/6/2022 7:22:42] !emotespells on
[1/6/2022 7:25:43] !emotespells on
[1/6/2022 7:28:44] !emotespells on
[1/6/2022 7:30:55] !emotespells on
[1/6/2022 7:34:47] !emotespells on
[1/6/2022 7:37:29] !emotespells on
[1/6/2022 7:41:45] !emotespells on
[1/6/2022 7:46:29] !emotespells on
[1/6/2022 7:49:15] !emotespells on
[1/6/2022 7:52:5] !emotespells on
[1/6/2022 7:55:14] !emotespells on
[1/6/2022 7:58:26] !emotespells on
[1/6/2022 8:1:19] !emotespells on
[1/6/2022 8:5:44] !emotespells on
[1/6/2022 8:9:16] !emotespells on
[1/6/2022 8:12:58] !emotespells on
[1/6/2022 8:16:55] !emotespells on
[1/6/2022 8:20:49] !emotespells on
[1/6/2022 8:24:13] !emotespells on
[1/6/2022 8:27:55] !emotespells on
[1/6/2022 8:31:41] !emotespells on
[1/6/2022 8:35:30] !emotespells on
[1/6/2022 8:39:17] !emotespells on
[1/6/2022 8:43:7] !emotespells on
[1/6/2022 8:48:42] !emotespells on
[1/6/2022 8:53:12] !emotespells on
[1/6/2022 8:56:54] !emotespells on
[1/6/2022 8:59:55] !emotespells on
[1/6/2022 9:3:49] !emotespells on
[1/6/2022 9:7:48] !emotespells on
[1/6/2022 9:11:25] !emotespells on
[1/6/2022 9:13:51] !emotespells on
[1/6/2022 9:17:14] !emotespells on
[1/6/2022 9:20:57] !emotespells on
[1/6/2022 9:25:8] !emotespells on
[1/6/2022 9:33:41] !emotespells on
[1/6/2022 9:36:44] !emotespells on
[1/6/2022 9:39:38] !emotespells on
[1/6/2022 9:44:43] !emotespells on
[1/6/2022 9:48:3] !emotespells on
[1/6/2022 9:51:56] !emotespells on
[1/6/2022 9:59:8] !emotespells on
[1/6/2022 10:4:49] !emotespells on
[1/6/2022 10:7:42] !emotespells on
[1/6/2022 10:10:49] !emotespells on
[1/6/2022 10:16:42] !emotespells on
[1/6/2022 10:21:43] !emotespells on
[1/6/2022 10:25:12] !emotespells on
[1/6/2022 10:37:43] !emotespells on
[1/6/2022 10:41:57] !emotespells on
[1/6/2022 10:45:41] !emotespells on
[1/6/2022 10:49:29] !emotespells on
[1/6/2022 10:52:23] !emotespells on
[1/6/2022 10:57:13] !emotespells on
[1/6/2022 11:3:40] !emotespells on
[1/6/2022 11:7:31] !emotespells on
[1/6/2022 11:11:18] !emotespells on
[1/6/2022 11:14:27] !emotespells on
[1/6/2022 11:18:57] !emotespells on
[1/6/2022 11:25:49] !emotespells on
[1/6/2022 11:30:20] !emotespells on
[1/6/2022 11:31:23] !emotespells on
[1/6/2022 11:36:41] !emotespells on
[1/6/2022 11:39:59] !emotespells on
[1/6/2022 11:43:36] !emotespells on
[1/6/2022 11:44:57] !emotespells on
[1/6/2022 11:47:38] !emotespells on
[1/6/2022 11:51:33] !emotespells on
[1/6/2022 11:54:8] !emotespells on
[1/6/2022 11:58:48] !emotespells on
[1/6/2022 12:4:56] !emotespells on
[1/6/2022 12:8:58] !emotespells on
[1/6/2022 12:12:28] !emotespells on
[1/6/2022 12:16:24] !emotespells on
[1/6/2022 12:20:11] !emotespells on
[1/6/2022 12:44:26] !online
[1/6/2022 12:50:24] !rank magic
[1/6/2022 12:52:56] !emotespells on
[1/6/2022 12:53:51] !emotespells on
[1/6/2022 12:59:31] !emotespells on
[1/6/2022 13:4:56] !emotespells on
[1/6/2022 13:10:3] !emotespells on
[1/6/2022 13:11:28] !aol
[1/6/2022 13:15:12] !emotespells on
[1/6/2022 13:19:59] !emotespells on
[1/6/2022 13:28:56] !emotespells on
[1/6/2022 13:35:48] !emotespells on
[1/6/2022 14:3:31] !emotespells on
[1/6/2022 14:12:12] !emotespells on
[1/6/2022 14:19:9] !emotespells on
[1/6/2022 14:26:15] !emotespells on
[1/6/2022 14:33:40] !emotespells on
[1/6/2022 14:39:43] !emotespells on
[1/6/2022 14:45:49] !emotespells on
[1/6/2022 14:55:33] !emotespells on
[1/6/2022 15:1:45] !emotespells on
[1/6/2022 15:6:27] !emotespells on
[1/6/2022 15:11:3] !emotespells on
[1/6/2022 15:16:18] !emotespells on
[1/6/2022 15:20:41] !emotespells on
[1/6/2022 15:36:3] !frags
[1/6/2022 15:52:39] !frags
[1/6/2022 15:54:27] !frags
[1/6/2022 16:1:45] !frags
[1/6/2022 16:2:4] !rank level
[1/6/2022 16:3:49] !rank level
[1/6/2022 16:32:50] !frags
[1/6/2022 16:36:2] !frags
[1/6/2022 16:45:58] !frags
[1/6/2022 16:50:41] !online
[1/6/2022 17:4:57] !online
[1/6/2022 17:13:46] !rank magic
[1/6/2022 17:31:41] !frags
[1/6/2022 17:52:46] !rank magic
[1/6/2022 18:10:56] !frags
[1/6/2022 18:14:36] !frags
[1/6/2022 19:1:54] !frags
[1/6/2022 19:8:35] !frags
[2/6/2022 13:5:3] !frags
[2/6/2022 14:33:39] !emotespells on
[2/6/2022 14:39:12] !emotespells on
[2/6/2022 14:46:19] !emotespells on
[2/6/2022 14:51:18] !emotespells on
[2/6/2022 14:56:48] !emotespells on
[2/6/2022 16:9:48] !emotespells on
[2/6/2022 16:16:30] !emotespells on
[2/6/2022 16:20:29] !emotespells on
[2/6/2022 16:25:43] !emotespells on
[2/6/2022 16:30:57] !emotespells on
[2/6/2022 16:34:53] !emotespells on
[2/6/2022 16:39:9] !emotespells on
[2/6/2022 16:43:43] !emotespells on
[2/6/2022 16:48:31] !emotespells on
[2/6/2022 16:58:19] !emotespells on
[2/6/2022 17:3:38] !emotespells on
[2/6/2022 17:10:30] !emotespells on
[2/6/2022 17:16:32] !emotespells on
[2/6/2022 17:20:57] !emotespells on
[2/6/2022 17:26:51] !emotespells on
[2/6/2022 17:32:57] !emotespells on
[2/6/2022 17:38:11] !emotespells on
[2/6/2022 17:45:17] !emotespells on
[2/6/2022 17:52:25] !emotespells on
[2/6/2022 17:58:13] !emotespells on
[2/6/2022 18:3:28] !emotespells on
[2/6/2022 18:9:43] !emotespells on
[2/6/2022 18:26:47] !frags
[2/6/2022 18:27:59] !frags
[2/6/2022 21:14:51] !frags
[2/6/2022 21:50:40] !online
[2/6/2022 21:50:46] !online
[2/6/2022 22:49:10] !frags
[2/6/2022 23:6:27] !online
[2/6/2022 23:15:17] !frags
[2/6/2022 23:19:21] !frags
[2/6/2022 23:22:37] !frags
[5/6/2022 18:32:26] !online
[6/6/2022 13:2:13] !online
