[31/5/2022 19:33:6] !emotespells
[31/5/2022 19:33:10] !emotespells off
[31/5/2022 19:33:14] !emotespells on
[31/5/2022 19:37:40] !online
[1/6/2022 17:38:8] !rank level
[2/6/2022 20:48:36] !guildpoints
[2/6/2022 22:1:49] !frags
[2/6/2022 22:49:2] !frags
[2/6/2022 23:7:15] !frags
[2/6/2022 23:15:10] !frags
[2/6/2022 23:34:30] !emotespells on
[2/6/2022 23:34:58] !emotespells on
[2/6/2022 23:52:3] !emotespells on
[3/6/2022 0:8:45] !emotespells on
[3/6/2022 0:19:51] !emotespells on
[3/6/2022 0:26:8] !emotespells on
[3/6/2022 0:33:50] !emotespells on
[3/6/2022 0:39:43] !emotespells on
[3/6/2022 0:46:35] !emotespells on
[3/6/2022 0:54:41] !emotespells on
[3/6/2022 1:1:58] !emotespells on
[3/6/2022 1:9:20] !emotespells on
