[27/5/2022 21:35:11] !aol
[27/5/2022 23:40:29] 
[27/5/2022 23:46:29] 
[27/5/2022 23:58:29] 
[28/5/2022 0:2:29] 
[28/5/2022 1:1:33] 
[28/5/2022 1:15:30] 
[28/5/2022 1:46:48] !emotespells
[28/5/2022 1:47:13] !emotespells off
[28/5/2022 1:52:31] 
[28/5/2022 1:55:52] !emotespells on
[28/5/2022 2:21:31] 
[28/5/2022 2:41:31] 
[28/5/2022 10:4:35] 
[28/5/2022 10:27:40] 
[28/5/2022 12:19:5] 
[28/5/2022 12:46:33] !tradeoff add, pharaot boots
[28/5/2022 18:6:47] !tradeoff add, elder spellbook
[28/5/2022 18:23:23] 
[28/5/2022 19:42:30] 
[28/5/2022 20:55:20] 
[28/5/2022 22:16:26] !aol
[28/5/2022 22:42:15] !aol
[28/5/2022 22:50:41] !emotespells on
[28/5/2022 22:53:36] !emotespells on
[28/5/2022 22:57:19] !emotespells on
[28/5/2022 23:1:7] !emotespells on
[28/5/2022 23:4:51] !emotespells on
[28/5/2022 23:7:58] !emotespells on
[28/5/2022 23:10:34] !emotespells on
[28/5/2022 23:14:14] !emotespells on
[28/5/2022 23:17:8] !emotespells on
[28/5/2022 23:20:56] !emotespells on
[28/5/2022 23:25:36] !emotespells on
[28/5/2022 23:31:33] !emotespells on
[28/5/2022 23:35:52] !emotespells on
[28/5/2022 23:40:35] !emotespells on
[28/5/2022 23:43:13] !emotespells on
[28/5/2022 23:46:36] !emotespells on
[28/5/2022 23:51:37] !emotespells on
[28/5/2022 23:54:45] !emotespells on
[29/5/2022 0:9:17] !emotespells on
[29/5/2022 0:15:3] !emotespells on
[29/5/2022 0:19:16] !emotespells on
[29/5/2022 0:22:32] !emotespells on
[29/5/2022 0:25:3] !emotespells on
[29/5/2022 0:26:41] !emotespells on
[29/5/2022 0:29:21] !emotespells on
[29/5/2022 0:32:1] !emotespells on
[29/5/2022 0:35:2] !emotespells on
[29/5/2022 0:37:56] !emotespells on
[29/5/2022 0:41:54] !emotespells on
[29/5/2022 0:44:43] !emotespells on
[29/5/2022 0:46:52] !emotespells on
[29/5/2022 0:49:54] !emotespells on
[29/5/2022 0:52:25] !emotespells on
[29/5/2022 0:55:1] !emotespells on
[29/5/2022 0:57:41] !emotespells on
[29/5/2022 1:0:14] !emotespells on
[29/5/2022 5:2:22] !emotespells on
[29/5/2022 5:6:17] !emotespells on
[29/5/2022 5:9:45] !emotespells on
[29/5/2022 5:11:13] !emotespells on
[29/5/2022 5:13:35] !emotespells on
[29/5/2022 5:15:47] !emotespells on
[29/5/2022 5:18:5] !emotespells on
[29/5/2022 5:20:46] !emotespells on
[29/5/2022 5:23:27] !emotespells on
[29/5/2022 5:26:12] !emotespells on
[29/5/2022 5:29:4] !emotespells on
[29/5/2022 5:32:25] !emotespells on
[29/5/2022 5:36:41] !emotespells on
[29/5/2022 5:38:31] !emotespells on
[29/5/2022 5:41:22] !emotespells on
[29/5/2022 5:43:44] !emotespells on
[29/5/2022 5:46:1] !emotespells on
[29/5/2022 5:48:14] !emotespells on
[29/5/2022 5:50:51] !emotespells on
[29/5/2022 5:53:9] !emotespells on
[29/5/2022 5:56:31] !emotespells on
[29/5/2022 5:58:49] !emotespells on
[29/5/2022 6:2:58] !emotespells on
[29/5/2022 6:6:35] !emotespells on
[29/5/2022 6:8:55] !emotespells on
[29/5/2022 6:11:14] !emotespells on
[29/5/2022 6:13:43] !emotespells on
[29/5/2022 6:16:8] !emotespells on
[29/5/2022 6:19:16] !emotespells on
[29/5/2022 6:21:55] !emotespells on
[29/5/2022 6:23:48] !emotespells on
[29/5/2022 6:25:57] !emotespells on
[29/5/2022 6:28:28] !emotespells on
[29/5/2022 6:31:27] !emotespells on
[29/5/2022 6:34:24] !emotespells on
[29/5/2022 6:36:29] !emotespells on
[29/5/2022 6:38:47] !emotespells on
[29/5/2022 6:41:36] !emotespells on
[29/5/2022 6:44:25] !emotespells on
[29/5/2022 6:46:56] !emotespells on
[29/5/2022 6:49:12] !emotespells on
[29/5/2022 6:52:30] !emotespells on
[29/5/2022 6:54:23] !emotespells on
[29/5/2022 6:59:46] !emotespells on
[29/5/2022 7:1:3] !emotespells on
[29/5/2022 7:5:25] !emotespells on
[29/5/2022 7:8:2] !emotespells on
[29/5/2022 7:10:25] !emotespells on
[29/5/2022 7:12:41] !emotespells on
[29/5/2022 7:15:0] !emotespells on
[29/5/2022 7:17:22] !emotespells on
[29/5/2022 7:20:12] !emotespells on
[29/5/2022 7:23:13] !emotespells on
[29/5/2022 7:27:14] !emotespells on
[29/5/2022 7:30:25] !emotespells on
[29/5/2022 7:33:19] !emotespells on
[29/5/2022 7:35:43] !emotespells on
[29/5/2022 7:37:10] !emotespells on
[29/5/2022 7:40:5] !emotespells on
[29/5/2022 7:41:44] !emotespells on
[29/5/2022 7:43:30] !emotespells on
[29/5/2022 7:45:7] !emotespells on
[29/5/2022 7:47:33] !emotespells on
[29/5/2022 7:50:19] !emotespells on
[29/5/2022 7:53:50] !emotespells on
[29/5/2022 7:57:13] !emotespells on
[29/5/2022 7:59:23] !emotespells on
[29/5/2022 8:2:44] !emotespells on
[29/5/2022 8:5:38] !emotespells on
[29/5/2022 8:8:3] !emotespells on
[29/5/2022 8:10:24] !emotespells on
[29/5/2022 8:12:18] !emotespells on
[29/5/2022 8:15:22] !emotespells on
[29/5/2022 10:38:9] !emotespells on
[29/5/2022 10:43:55] !emotespells on
[29/5/2022 10:46:58] !emotespells on
[29/5/2022 10:50:32] !emotespells on
[29/5/2022 10:54:29] !emotespells on
[29/5/2022 11:7:52] !aol
[29/5/2022 11:7:58] !emotespells on
[29/5/2022 11:15:33] !emotespells on
[29/5/2022 11:21:11] !emotespells on
[29/5/2022 11:28:7] !emotespells on
[29/5/2022 11:35:2] !emotespells on
[29/5/2022 11:45:55] !emotespells on
[29/5/2022 11:51:52] !emotespells on
[29/5/2022 11:55:29] !emotespells on
[29/5/2022 11:58:53] !emotespells on
[29/5/2022 12:1:48] !emotespells on
[29/5/2022 12:6:37] !emotespells on
[29/5/2022 12:11:47] !emotespells on
[29/5/2022 12:14:44] !emotespells on
[29/5/2022 12:18:30] !emotespells on
[29/5/2022 12:22:5] !emotespells on
[29/5/2022 12:27:24] !emotespells on
[29/5/2022 12:30:56] !emotespells on
[29/5/2022 12:51:43] !aol
[29/5/2022 12:51:49] !emotespells on
[29/5/2022 12:56:56] !emotespells on
[29/5/2022 13:0:22] !emotespells on
[29/5/2022 13:3:34] !emotespells on
[29/5/2022 13:7:3] !emotespells on
[29/5/2022 13:10:50] !emotespells on
[29/5/2022 13:15:21] !emotespells on
[29/5/2022 13:20:1] !emotespells on
[29/5/2022 13:24:31] !emotespells on
[29/5/2022 13:27:22] !emotespells on
[29/5/2022 13:30:35] !emotespells on
[29/5/2022 13:33:3] !emotespells on
[29/5/2022 13:36:50] !emotespells on
[29/5/2022 13:40:52] !emotespells on
[29/5/2022 13:43:36] !emotespells on
[29/5/2022 13:47:29] !emotespells on
[29/5/2022 13:50:48] !emotespells on
[29/5/2022 13:53:13] !emotespells on
[29/5/2022 14:37:52] !emotespells on
[29/5/2022 14:59:13] !aol
[29/5/2022 15:5:48] !emotespells on
[29/5/2022 15:10:54] !emotespells on
[29/5/2022 15:14:31] !emotespells on
[29/5/2022 15:16:52] !emotespells on
[29/5/2022 15:20:36] !emotespells on
[29/5/2022 15:24:51] !emotespells on
[29/5/2022 15:30:39] !emotespells on
[29/5/2022 15:34:4] !emotespells on
[29/5/2022 15:36:26] !emotespells on
[29/5/2022 15:38:15] !emotespells on
[29/5/2022 15:40:55] !emotespells on
[29/5/2022 15:43:40] !emotespells on
[29/5/2022 15:46:25] !emotespells on
[29/5/2022 15:49:8] !emotespells on
[29/5/2022 15:52:8] !emotespells on
[29/5/2022 15:55:6] !emotespells on
[29/5/2022 15:57:21] !emotespells on
[29/5/2022 16:1:35] !emotespells on
[29/5/2022 16:7:16] !emotespells on
[29/5/2022 16:10:20] !emotespells on
[29/5/2022 16:16:14] !emotespells on
[29/5/2022 16:20:29] !emotespells on
[29/5/2022 16:23:54] !emotespells on
[29/5/2022 16:25:50] !emotespells on
[29/5/2022 16:28:33] !emotespells on
[29/5/2022 16:31:38] !emotespells on
[29/5/2022 16:36:58] !emotespells on
[29/5/2022 16:40:33] !emotespells on
[29/5/2022 16:42:56] !emotespells on
[29/5/2022 16:44:20] !emotespells on
[29/5/2022 16:46:40] !emotespells on
[29/5/2022 16:49:8] !emotespells on
[29/5/2022 16:52:36] !emotespells on
[29/5/2022 16:54:14] !emotespells on
[29/5/2022 16:58:7] !emotespells on
[29/5/2022 17:1:20] !emotespells on
[29/5/2022 17:5:22] !emotespells on
[29/5/2022 17:8:22] !emotespells on
[29/5/2022 17:14:57] !emotespells on
[29/5/2022 17:19:41] !emotespells on
[29/5/2022 17:22:56] !emotespells on
[29/5/2022 17:25:39] !emotespells on
[29/5/2022 17:28:19] !emotespells on
[29/5/2022 22:38:28] !aol
[30/5/2022 7:38:38] !emotespells on
[30/5/2022 7:41:46] !emotespells on
[30/5/2022 7:44:17] !emotespells on
[30/5/2022 7:46:56] !emotespells on
[30/5/2022 7:50:9] !emotespells on
[30/5/2022 7:53:8] !emotespells on
[30/5/2022 8:51:33] !emotespells on
[30/5/2022 8:51:53] !emotespells on
[30/5/2022 8:52:14] !emotespells on
[30/5/2022 8:52:35] !emotespells on
[30/5/2022 8:53:0] !emotespells on
[30/5/2022 8:53:53] !emotespells on
[30/5/2022 8:54:13] !emotespells on
[30/5/2022 8:55:38] !emotespells on
[30/5/2022 8:55:59] !emotespells on
[30/5/2022 8:56:19] !emotespells on
[30/5/2022 8:56:40] !emotespells on
[30/5/2022 8:57:7] !emotespells on
[30/5/2022 8:57:28] !emotespells on
[30/5/2022 8:57:48] !emotespells on
[30/5/2022 8:58:9] !emotespells on
[30/5/2022 8:59:28] !emotespells on
[30/5/2022 8:59:49] !emotespells on
[30/5/2022 9:0:11] !emotespells on
[30/5/2022 9:1:20] !emotespells on
[30/5/2022 9:1:43] !emotespells on
[30/5/2022 9:2:3] !emotespells on
[30/5/2022 9:2:36] !emotespells on
[30/5/2022 9:3:12] !emotespells on
[30/5/2022 9:3:32] !emotespells on
[30/5/2022 9:3:55] !emotespells on
[30/5/2022 9:4:16] !emotespells on
[30/5/2022 9:4:36] !emotespells on
[30/5/2022 9:4:58] !emotespells on
[30/5/2022 9:5:21] !emotespells on
[30/5/2022 9:6:2] !emotespells on
[30/5/2022 9:6:23] !emotespells on
[30/5/2022 9:6:43] !emotespells on
[30/5/2022 9:7:4] !emotespells on
[30/5/2022 9:7:24] !emotespells on
[30/5/2022 9:7:45] !emotespells on
[30/5/2022 9:8:5] !emotespells on
[30/5/2022 9:8:26] !emotespells on
[30/5/2022 9:8:46] !emotespells on
[30/5/2022 9:9:7] !emotespells on
[30/5/2022 9:9:27] !emotespells on
[30/5/2022 9:9:48] !emotespells on
[30/5/2022 9:10:8] !emotespells on
[30/5/2022 9:10:43] !emotespells on
[30/5/2022 9:11:8] !emotespells on
[30/5/2022 9:11:28] !emotespells on
[30/5/2022 9:11:49] !emotespells on
[30/5/2022 9:12:10] !emotespells on
[30/5/2022 9:12:30] !emotespells on
[30/5/2022 9:12:51] !emotespells on
[30/5/2022 9:13:11] !emotespells on
[30/5/2022 9:13:32] !emotespells on
[30/5/2022 9:33:51] !aol
[30/5/2022 9:38:16] !emotespells on
[30/5/2022 9:41:37] !emotespells on
[30/5/2022 9:44:39] !emotespells on
[30/5/2022 9:46:56] !emotespells on
[30/5/2022 9:49:12] !emotespells on
[30/5/2022 9:52:15] !emotespells on
[30/5/2022 9:55:24] !emotespells on
[30/5/2022 9:58:2] !emotespells on
[30/5/2022 10:1:3] !emotespells on
[30/5/2022 10:3:35] !emotespells on
[30/5/2022 19:39:13] !emotespells on
[30/5/2022 19:42:27] !emotespells on
[30/5/2022 20:2:41] !aol
[31/5/2022 20:48:17] 
[31/5/2022 20:51:6] !tradeoff add, 100000
[31/5/2022 20:51:9] !tradeoff add, 100000
[31/5/2022 20:58:47] 
[31/5/2022 21:5:22] 
[31/5/2022 23:44:58] !tradeoff add, pharaot rod
[31/5/2022 23:56:22] 
[1/6/2022 8:35:56] !tradeoff add, pharaot hat
[1/6/2022 8:36:4] !tradeoff add, pharaot rod
[1/6/2022 8:46:34] 
[1/6/2022 13:9:11] 
[1/6/2022 13:19:33] 
[1/6/2022 14:31:4] !buyhouse
[1/6/2022 14:33:8] !buyhouse
[1/6/2022 15:25:34] 
[1/6/2022 16:28:10] 
[1/6/2022 16:41:6] !emotespells on
[1/6/2022 16:43:20] 
[1/6/2022 16:47:33] !tradeoff remove, 52
[1/6/2022 16:49:0] !tradeoff add, pharaot hat
[1/6/2022 17:6:23] 
[1/6/2022 19:56:54] 
[1/6/2022 20:49:27] 
[2/6/2022 2:8:10] 
[2/6/2022 3:37:30] 
[2/6/2022 8:13:15] 
[2/6/2022 8:39:14] 
[2/6/2022 10:31:15] 
[2/6/2022 17:32:20] 
[2/6/2022 23:3:24] 
[2/6/2022 23:5:21] 
[2/6/2022 23:50:17] 
[3/6/2022 0:6:45] 
[3/6/2022 0:40:49] 
[3/6/2022 0:43:21] 
[3/6/2022 0:46:52] 
[3/6/2022 0:48:42] 
[3/6/2022 0:49:58] 
[3/6/2022 0:52:28] 
[3/6/2022 0:54:13] 
[3/6/2022 0:56:21] 
[3/6/2022 0:57:47] 
[3/6/2022 4:24:38] !emotespells on
[3/6/2022 4:35:15] !emotespells on
[3/6/2022 5:11:22] !emotespells on
[3/6/2022 6:9:6] !emotespells on
[3/6/2022 6:59:15] !emotespells on
[3/6/2022 17:20:3] 
[3/6/2022 17:23:53] 
[3/6/2022 17:47:12] 
[3/6/2022 17:50:39] 
[3/6/2022 19:1:56] 
[3/6/2022 21:12:31] !frags
[4/6/2022 0:12:23] 
[4/6/2022 0:37:34] !frags
[4/6/2022 1:34:29] !frags
[4/6/2022 2:57:49] 
[4/6/2022 3:33:4] 
