[23/2/2022 20:8:28] !rank distance
[23/2/2022 20:29:27] !rank distance
[23/2/2022 21:3:16] !rank distance
[23/2/2022 21:3:28] !rank distance
[23/2/2022 21:41:36] !rank sword
[23/2/2022 21:41:48] !rank distance
[23/2/2022 22:1:45] !rank distance
[24/2/2022 12:43:15] !rank distance
[24/2/2022 13:6:35] !buyhouse
[24/2/2022 13:6:37] !buyhouse
[24/2/2022 13:6:43] !buyhouse
[24/2/2022 19:16:42] !rank distance
[24/2/2022 20:9:23] !online
[24/2/2022 20:40:11] !rank sword
[24/2/2022 21:16:31] !emotespells on
[25/2/2022 0:4:4] !rank distance
[25/2/2022 5:8:59] !rank magic
[25/2/2022 5:9:4] !rank distance
[25/2/2022 14:15:12] !rank distance
[25/2/2022 18:53:2] !rank distance
[26/2/2022 2:18:20] !rank distance
[26/2/2022 2:20:22] !rank distance
[26/2/2022 4:9:43] !rank distance
[26/2/2022 4:9:53] !rank sword
[26/2/2022 7:32:54] !online
[26/2/2022 12:3:21] !rank distance
[26/2/2022 14:11:33] !online
[26/2/2022 14:37:20] !online
[26/2/2022 17:46:52] !rank level
[26/2/2022 19:59:19] !rank sword
[26/2/2022 19:59:27] !rank distance
[26/2/2022 20:54:5] !online
[26/2/2022 21:22:40] !online
[27/2/2022 1:30:17] !online
[27/2/2022 3:12:2] !rank axe
[27/2/2022 3:12:27] !rank sword
[27/2/2022 3:12:38] !rank club
[27/2/2022 3:12:50] !rank axe
[27/2/2022 11:42:39] !rank distance
[27/2/2022 11:48:41] !online
[27/2/2022 11:48:53] !rank level
[27/2/2022 11:49:3] !rank level
[27/2/2022 19:31:20] !buyhouse
[27/2/2022 19:31:46] !protecthouse on 
[27/2/2022 19:31:51] !protecthouse off
[27/2/2022 19:32:1] aleta som
[27/2/2022 19:38:5] !online
[2/3/2022 13:25:24] !online
[2/3/2022 15:0:17] !online
[2/3/2022 21:24:2] !online
[6/3/2022 17:35:20] !online
[15/3/2022 14:57:32] !online
[19/3/2022 18:56:12] !online
