[13/12/2021 20:42:45] !wand energy
[13/12/2021 20:42:59] !wand death
[13/12/2021 20:43:10] !wand death
[13/12/2021 20:44:30] !wand death
[14/12/2021 2:5:2] !wand ice
[15/12/2021 20:57:26] !wand ice
[15/12/2021 21:8:38] !rank magic
[15/12/2021 22:39:11] !wand ice
[16/12/2021 11:13:46] !wand ice
[16/12/2021 15:30:25] !rank magic
[16/12/2021 23:53:34] !rank magic
[17/12/2021 11:39:2] !wand death
[17/12/2021 17:0:6] !online
[18/12/2021 15:15:49] !wand ice
[22/12/2021 17:42:4] !wand death
[22/12/2021 18:3:50] !wand ice
[24/12/2021 14:50:22] !online
[29/12/2021 12:42:53] !online
[29/12/2021 12:54:29] !online
[30/12/2021 18:3:0] !online
[30/12/2021 18:9:18] !rank magic
[15/1/2022 19:36:34] !online
[15/1/2022 19:38:57] !addon wayfarer
