[23/2/2022 20:15:33] !rank level
[23/2/2022 20:19:38] !rank level
[23/2/2022 20:24:44] !rank level
[23/2/2022 20:27:20] !rank level
[23/2/2022 20:47:14] !rank level
[23/2/2022 20:57:59] !rank level
[23/2/2022 21:5:46] !rank level
[23/2/2022 21:6:33] !online
[23/2/2022 21:15:10] !rank level
[23/2/2022 21:21:5] !rank magic
[23/2/2022 21:21:20] 
[23/2/2022 21:32:37] !rank level
[23/2/2022 21:44:13] !rank level
[23/2/2022 21:55:42] !rank level
[23/2/2022 22:23:13] !rank level
[23/2/2022 22:34:10] !rank level
[23/2/2022 22:41:22] !buyhouse
[23/2/2022 23:2:17] !rank level
[23/2/2022 23:14:16] !rank level
[23/2/2022 23:45:29] !rank level
[23/2/2022 23:59:16] !rank level
[24/2/2022 0:26:52] !rank level
[24/2/2022 0:28:45] !rank magic
[24/2/2022 0:30:41] !rank level
[24/2/2022 1:1:9] !rank level
[24/2/2022 1:3:37] !rank magic
[24/2/2022 1:31:42] !rank level
[24/2/2022 1:37:51] !rank level
[24/2/2022 5:1:36] 
[24/2/2022 6:52:59] !rank level
[24/2/2022 7:1:8] !rank level
[24/2/2022 7:11:32] !rank magic
[24/2/2022 7:28:10] !rank level
[24/2/2022 10:30:46] !rank level
[24/2/2022 10:58:5] !rank level
[24/2/2022 11:45:28] !rank magic
[24/2/2022 11:45:38] !rank level
[24/2/2022 11:58:21] !rank deposit all
[24/2/2022 12:5:12] !rank level
[24/2/2022 12:15:11] !rank level
[24/2/2022 12:25:5] !rank level
[24/2/2022 13:1:9] !rank level
[24/2/2022 13:38:22] !rank level
[24/2/2022 14:53:54] !rank level
[24/2/2022 18:5:48] !rank level
[24/2/2022 18:11:49] 
[24/2/2022 18:19:43] !rank level
[24/2/2022 18:22:6] !rank level
[24/2/2022 18:26:57] !frags
[24/2/2022 18:57:4] !rank level
[24/2/2022 19:47:22] !rank magic
[24/2/2022 22:0:6] !rank level
[25/2/2022 0:43:33] !rank magic
[25/2/2022 0:43:41] !rank level
[25/2/2022 0:51:39] 
[25/2/2022 1:8:31] !rank distance
[25/2/2022 1:9:4] !online
[25/2/2022 1:10:21] aleta sio
[25/2/2022 1:10:26] aleta som
[25/2/2022 1:10:30] aleta grav
[25/2/2022 1:11:15] aleta sio
[25/2/2022 1:11:19] aleta som
[25/2/2022 1:11:23] aleta grav
[25/2/2022 1:23:17] !rank level
[25/2/2022 1:30:39] 
[25/2/2022 12:45:57] !rank level
[25/2/2022 12:46:10] !rank level
[25/2/2022 12:49:48] !rank distance
[25/2/2022 13:21:17] !guildpoints
[25/2/2022 14:4:56] !rank level
[25/2/2022 14:53:26] !rank magic
[25/2/2022 14:54:0] !rank level
[25/2/2022 21:9:57] !rank magic
[25/2/2022 21:10:11] !rank level
[25/2/2022 21:12:43] !rank distance
[26/2/2022 1:54:32] !rank level
[26/2/2022 1:54:51] !rank level
[26/2/2022 3:23:12] !frags
[26/2/2022 3:42:50] !online
[26/2/2022 3:49:59] !rank level
[26/2/2022 4:32:6] aleta sio
[26/2/2022 4:32:13] aleta som
[26/2/2022 4:32:17] aleta grav
[26/2/2022 4:33:36] aleta sio
[26/2/2022 4:33:50] aleta som
[26/2/2022 4:33:56] aleta sio
[26/2/2022 4:34:19] aleta som
[26/2/2022 4:34:27] aleta sio
[26/2/2022 22:1:20] !online
[26/2/2022 22:1:26] !rank level
[27/2/2022 0:34:44] !rank magic
[27/2/2022 0:44:5] 
[27/2/2022 3:14:24] 
[27/2/2022 5:1:34] 
[28/2/2022 1:17:9] !rank magic
[28/2/2022 1:18:16] !online
[1/3/2022 18:35:26] !rank level
[1/3/2022 22:48:16] 
[1/3/2022 22:53:16] 
