[23/2/2022 20:5:46] !emotespells on
[23/2/2022 20:36:33] !aol
[23/2/2022 22:48:21] !buyhouse
[23/2/2022 22:48:25] aleta som
[23/2/2022 22:49:48] 
[23/2/2022 23:59:23] aleta som
[24/2/2022 0:2:24] 
[24/2/2022 0:17:25] 
[24/2/2022 0:28:44] 
[24/2/2022 0:30:30] 
[24/2/2022 0:37:23] !frags
[24/2/2022 1:7:40] 
[24/2/2022 1:12:11] 
[24/2/2022 9:6:36] 
[24/2/2022 9:8:8] 
[24/2/2022 9:16:25] 
[24/2/2022 9:16:37] 
[24/2/2022 9:30:25] 
[24/2/2022 9:31:10] 
[24/2/2022 10:18:43] 
[24/2/2022 10:20:25] 
[24/2/2022 19:30:16] !serverinfo
[24/2/2022 20:23:22] aleta som
[24/2/2022 20:23:47] !protecthouse
[24/2/2022 20:23:49] !protecthouse off
[24/2/2022 21:7:1] !addon oriental
[24/2/2022 21:9:28] !addon oriental
[24/2/2022 21:34:18] !addon oriental
[24/2/2022 21:58:30] 
[24/2/2022 22:0:30] 
[24/2/2022 23:33:59] aleta sio
[24/2/2022 23:34:4] aleta sio
[25/2/2022 11:25:28] 
[25/2/2022 11:43:30] 
[25/2/2022 11:46:30] 
[25/2/2022 12:7:31] 
[25/2/2022 12:11:31] 
[25/2/2022 12:18:31] 
[25/2/2022 12:28:31] 
[25/2/2022 12:31:36] 
[25/2/2022 12:37:32] 
[25/2/2022 12:39:32] 
[25/2/2022 13:10:35] 
[25/2/2022 13:14:33] 
[25/2/2022 16:56:35] 
[25/2/2022 17:2:35] 
