[10/12/2021 21:9:11] !emotespells on
[10/12/2021 21:9:19] !emotespells on
[10/12/2021 21:37:41] !wand ice
[10/12/2021 21:57:44] !wand ice
[10/12/2021 22:35:56] !wand death
[10/12/2021 22:56:9] !rank magic
[10/12/2021 23:17:28] !rank magic
[10/12/2021 23:19:49] !rank level
[10/12/2021 23:20:39] !rank level
[11/12/2021 9:8:27] !wand death
[11/12/2021 9:9:9] !online
[11/12/2021 9:55:3] !aol
[12/12/2021 8:43:17] !aol
[12/12/2021 9:10:45] !online
[12/12/2021 15:1:44] !aol
[12/12/2021 22:2:41] !aol
[12/12/2021 23:45:52] !rank magic
[13/12/2021 0:46:44] !aol
[13/12/2021 6:23:10] !aol
[13/12/2021 21:45:18] !emotespells off
[13/12/2021 22:1:17] !frags
[13/12/2021 22:28:41] !emotespells on
[13/12/2021 22:28:55] !frags
[13/12/2021 22:40:41] !frags
[14/12/2021 0:15:39] !frags
[14/12/2021 20:25:59] !emotespells off
[14/12/2021 20:32:53] !emotespells off
[14/12/2021 20:33:53] !emotespells off
[14/12/2021 20:36:23] !emotespells on
[14/12/2021 20:45:10] !aol
[14/12/2021 20:45:40] !frags
[14/12/2021 20:54:43] !aol
[14/12/2021 21:27:4] !aol
[15/12/2021 5:37:55] !aol
[15/12/2021 23:37:21] !online
[16/12/2021 0:52:58] !wand ice
[16/12/2021 6:16:24] !wand ice
[16/12/2021 19:18:2] !wand death
[17/12/2021 19:39:51] !wand death
[17/12/2021 19:39:53] !wand death
[18/12/2021 6:58:51] !wand ice
[18/12/2021 9:42:45] !aol
[18/12/2021 9:42:59] !online
[18/12/2021 20:17:14] !wand death
[18/12/2021 20:23:59] !aol
[18/12/2021 20:29:5] !aol
[18/12/2021 22:48:37] !aol
[18/12/2021 23:36:48] !frags
[19/12/2021 0:2:16] !frags
[19/12/2021 1:38:27] !online
[19/12/2021 2:21:58] !frags
[19/12/2021 9:52:19] !frags
[19/12/2021 10:6:31] !emotespells off
[19/12/2021 10:6:56] !emotespells off
[19/12/2021 10:7:42] !emotespells off
[19/12/2021 10:7:44] !emotespells on
[19/12/2021 10:36:0] !online
[20/12/2021 18:44:29] !online
[20/12/2021 18:58:10] !tradeoff active
[20/12/2021 18:58:13] !tradeoff active
[20/12/2021 18:58:15] !tradeoff active
[20/12/2021 22:58:12] !frags
[22/12/2021 20:58:0] !online
[24/12/2021 15:23:35] !online
[25/12/2021 20:43:50] !online
[25/12/2021 20:46:10] !online
[25/12/2021 20:58:42] !online
[25/12/2021 21:22:49] !online
[27/12/2021 22:41:21] !online
[27/12/2021 23:28:9] !aol
[27/12/2021 23:28:29] !aol
[27/12/2021 23:28:45] !aol
[27/12/2021 23:30:30] !aol
[28/12/2021 21:25:26] !online
[1/1/2022 16:40:51] !online
[1/1/2022 16:40:59] !rank level
[1/1/2022 18:17:39] !rank axe
[1/1/2022 19:28:11] !emotespells off
[1/1/2022 19:28:16] !emotespells on
[2/1/2022 19:21:16] !online
[2/1/2022 19:21:48] !rank level
[2/1/2022 20:18:58] !online
[6/1/2022 18:32:39] !online
[6/1/2022 18:33:13] !rank level
[6/1/2022 18:38:33] !wand ice
[6/1/2022 18:44:13] !rank magic
[7/1/2022 19:1:8] !online
[7/1/2022 19:5:35] !aol
[7/1/2022 19:6:31] !aol
[7/1/2022 19:6:35] !aol
[7/1/2022 19:12:9] !aol
[7/1/2022 21:56:58] !aol
[7/1/2022 22:25:30] !aol
[7/1/2022 22:34:1] !aol
[7/1/2022 22:35:46] !aol
[7/1/2022 22:36:30] !aol
[7/1/2022 22:37:13] !aol
[7/1/2022 22:38:4] !aol
[7/1/2022 22:38:44] !aol
[7/1/2022 22:39:25] !aol
[7/1/2022 22:40:21] !aol
[7/1/2022 22:41:32] !aol
[8/1/2022 18:42:43] !wand death
[8/1/2022 22:22:17] !online
[11/1/2022 12:32:54] !online
[11/1/2022 17:50:18] !online
[11/1/2022 18:23:32] !serverinfo
[11/1/2022 19:9:9] !online
[15/1/2022 17:56:37] !online
[15/1/2022 19:38:55] !online
[15/1/2022 19:57:16] !online
