[13/12/2021 12:53:21] !tradeoff add, shovel
[13/12/2021 12:54:7] !tradeoff remove, 3043
[13/12/2021 12:54:34] !tradeoff buy, 11
[13/12/2021 12:55:2] !tradeoff remove, 11
[13/12/2021 12:55:26] !tradeoff add, shovel
[13/12/2021 12:55:30] !tradeoff add, shovel
[13/12/2021 12:56:3] !tradeoff add, shovel, 50
[13/12/2021 12:56:27] !tradeoff add, shovel, 1
[13/12/2021 12:56:39] !tradeoff add, Shovel, 1
[13/12/2021 12:56:42] !tradeoff add, Shovel, 13
[13/12/2021 12:56:45] !tradeoff add, Shovel, 0
[13/12/2021 12:56:50] !tradeoff add, Shovel, 0
[13/12/2021 12:57:8] !tradeoff
[13/12/2021 12:57:16] !tradeoff add, shovel, 0
[13/12/2021 12:57:19] !tradeoff add, shovel, 0
[13/12/2021 12:57:33] !tradeoff add, shovel, 1
[13/12/2021 12:58:30] !tradeoff add, shovel, 2
[13/12/2021 12:58:33] !tradeoff add, shovel, 2
[13/12/2021 12:59:2] !tradeoff add, shovel, 1
[13/12/2021 12:59:5] !tradeoff add, shovel, 0
[14/12/2021 18:29:24] !wand ice
[14/12/2021 23:12:22] !wand ice
[14/12/2021 23:20:54] !wand holy
[15/12/2021 13:32:31] !wand ice
[15/12/2021 23:7:40] !wand ice
[16/12/2021 14:21:31] !wand ice
[16/12/2021 16:8:6] !wand enery
[16/12/2021 16:8:20] !wand energy
[16/12/2021 16:12:1] !wand ice
[16/12/2021 16:23:41] !wand holy
[16/12/2021 23:20:22] !serverinfo
[18/12/2021 16:15:54] !wand energy
[19/12/2021 23:42:58] !wand energy
[20/12/2021 7:51:9] !wand energy
[20/12/2021 17:16:13] !wand ice
[21/12/2021 22:41:28] !wand ice
[22/12/2021 7:48:42] !wand ice
[24/12/2021 10:42:57] !wand energ
[24/12/2021 10:43:1] !wand energy
[24/12/2021 10:43:5] !wand ice
[24/12/2021 10:43:10] !wand holy
[24/12/2021 10:43:30] !wand holy
[24/12/2021 10:43:57] !wand holy
[18/2/2022 11:23:14] !addon Barbarian
[18/2/2022 11:23:32] !addon mage
[2/6/2022 12:39:56] !emotespells on
