[2/6/2022 14:56:59] !aol
[2/6/2022 14:58:53] !aol
[2/6/2022 15:8:24] !aol
[2/6/2022 15:10:3] !aol
[2/6/2022 15:25:38] !aol
[2/6/2022 17:20:55] !rank magic level
[2/6/2022 17:21:2] !rank magic
[2/6/2022 17:45:20] !aol
[2/6/2022 17:54:1] !aol
[2/6/2022 18:0:16] !serverinfo
[2/6/2022 18:1:4] !aol
[2/6/2022 19:11:7] !aol
[2/6/2022 19:30:45] !aol
[2/6/2022 21:16:31] !aol
[3/6/2022 12:58:58] !aol
[3/6/2022 13:21:3] !aol
[4/6/2022 13:12:30] !emotespells on
[4/6/2022 13:19:3] !emotespells on
[4/6/2022 13:28:1] !emotespells on
[4/6/2022 13:32:34] !emotespells on
[4/6/2022 13:38:39] !emotespells on
[4/6/2022 13:44:27] !emotespells on
[4/6/2022 13:52:18] !emotespells on
[4/6/2022 14:1:14] !emotespells on
[4/6/2022 14:6:47] !emotespells on
[4/6/2022 14:11:51] !emotespells on
[4/6/2022 14:16:52] !emotespells on
[4/6/2022 14:23:51] !emotespells on
[4/6/2022 14:32:9] !emotespells on
[4/6/2022 14:37:38] !emotespells on
[4/6/2022 14:42:49] !emotespells on
[4/6/2022 14:47:33] !emotespells on
[4/6/2022 14:54:38] !emotespells on
[4/6/2022 15:2:56] !emotespells on
[4/6/2022 15:8:20] !emotespells on
[4/6/2022 15:13:1] !emotespells on
[4/6/2022 15:18:20] !emotespells on
[4/6/2022 15:25:8] !emotespells on
[4/6/2022 15:33:27] !emotespells on
[4/6/2022 15:38:31] !emotespells on
[4/6/2022 15:43:40] !emotespells on
[4/6/2022 15:48:32] !emotespells on
[4/6/2022 15:52:21] !emotespells on
[4/6/2022 16:16:55] !aol
[4/6/2022 16:17:7] !emotespells on
[4/6/2022 16:25:7] !emotespells on
[4/6/2022 16:30:0] !emotespells on
[4/6/2022 16:34:56] !emotespells on
[4/6/2022 16:39:37] !emotespells on
[4/6/2022 16:46:12] !emotespells on
[4/6/2022 16:53:49] !emotespells on
[4/6/2022 16:58:48] !emotespells on
[4/6/2022 17:4:7] !emotespells on
[4/6/2022 17:8:53] !emotespells on
[4/6/2022 17:13:37] !emotespells on
[4/6/2022 17:20:6] !emotespells on
[4/6/2022 17:27:52] !emotespells on
[4/6/2022 17:32:54] !emotespells on
[4/6/2022 17:37:40] !emotespells on
[4/6/2022 17:42:42] !emotespells on
[4/6/2022 17:47:58] !emotespells on
[4/6/2022 17:54:49] !emotespells on
[4/6/2022 18:2:36] !emotespells on
[4/6/2022 18:7:6] !emotespells on
[4/6/2022 18:11:23] !emotespells on
[4/6/2022 18:14:50] !emotespells on
[4/6/2022 18:19:32] !emotespells on
[4/6/2022 18:26:0] !emotespells on
[4/6/2022 18:33:28] !emotespells on
[4/6/2022 18:36:45] !emotespells on
[4/6/2022 18:41:17] !emotespells on
[4/6/2022 18:45:41] !emotespells on
[4/6/2022 18:49:55] !emotespells on
[4/6/2022 18:54:51] !emotespells on
[4/6/2022 19:1:5] !emotespells on
[4/6/2022 19:9:11] !emotespells on
[4/6/2022 19:14:5] !emotespells on
[4/6/2022 19:18:51] !emotespells on
[4/6/2022 19:23:33] !emotespells on
[4/6/2022 19:28:16] !emotespells on
[4/6/2022 19:34:46] !emotespells on
[4/6/2022 19:42:39] !emotespells on
[4/6/2022 19:47:21] !emotespells on
[4/6/2022 19:52:9] !emotespells on
[4/6/2022 19:56:49] !emotespells on
[4/6/2022 20:1:41] !emotespells on
[4/6/2022 20:8:22] !emotespells on
[4/6/2022 20:20:49] !emotespells on
[4/6/2022 20:25:37] !emotespells on
[4/6/2022 20:30:14] !emotespells on
[4/6/2022 20:34:48] !emotespells on
[4/6/2022 20:41:23] !emotespells on
[4/6/2022 20:48:54] !emotespells on
[4/6/2022 20:53:25] !emotespells on
[4/6/2022 20:58:28] !emotespells on
[4/6/2022 21:3:3] !emotespells on
[4/6/2022 21:9:13] !emotespells on
[4/6/2022 21:16:58] !emotespells on
[4/6/2022 21:21:44] !emotespells on
[4/6/2022 21:26:12] !emotespells on
[4/6/2022 21:30:47] !emotespells on
[4/6/2022 21:37:9] !emotespells on
[4/6/2022 21:42:52] !emotespells on
[4/6/2022 21:46:48] !emotespells on
[4/6/2022 21:50:29] !emotespells on
[4/6/2022 21:54:10] !emotespells on
[4/6/2022 21:57:51] !emotespells on
[4/6/2022 22:1:38] !emotespells on
[4/6/2022 22:5:26] !emotespells on
[4/6/2022 22:9:9] !emotespells on
[4/6/2022 22:12:50] !emotespells on
[4/6/2022 22:16:36] !emotespells on
[4/6/2022 22:21:55] !emotespells on
[4/6/2022 22:28:34] !emotespells on
[4/6/2022 22:32:16] !emotespells on
[4/6/2022 22:36:1] !emotespells on
[4/6/2022 22:39:43] !emotespells on
[4/6/2022 22:43:28] !emotespells on
[4/6/2022 22:47:16] !emotespells on
[4/6/2022 22:50:55] !emotespells on
[4/6/2022 22:54:32] !emotespells on
[4/6/2022 22:58:12] !emotespells on
[4/6/2022 23:3:27] !emotespells on
[4/6/2022 23:5:3] !emotespells on
[4/6/2022 23:11:52] !emotespells on
[4/6/2022 23:16:31] !emotespells on
[4/6/2022 23:21:16] !emotespells on
[4/6/2022 23:25:43] !emotespells on
[4/6/2022 23:29:46] !emotespells on
[4/6/2022 23:36:6] !emotespells on
[4/6/2022 23:43:26] !emotespells on
[4/6/2022 23:47:56] !emotespells on
[4/6/2022 23:52:41] !emotespells on
[4/6/2022 23:56:53] !emotespells on
[5/6/2022 0:1:28] !emotespells on
[5/6/2022 0:5:52] !emotespells on
[5/6/2022 0:12:8] !emotespells on
[5/6/2022 0:19:9] !emotespells on
[5/6/2022 0:23:21] !emotespells on
[5/6/2022 0:27:19] !emotespells on
[5/6/2022 0:31:30] !emotespells on
[5/6/2022 0:35:32] !emotespells on
[5/6/2022 0:39:29] !emotespells on
[5/6/2022 0:43:37] !emotespells on
[5/6/2022 0:49:24] !emotespells on
[5/6/2022 0:56:21] !emotespells on
[5/6/2022 1:0:16] !emotespells on
[5/6/2022 1:4:26] !emotespells on
[5/6/2022 1:8:20] !emotespells on
[5/6/2022 1:12:31] !emotespells on
[5/6/2022 1:16:24] !emotespells on
[5/6/2022 1:20:28] !emotespells on
[5/6/2022 1:26:7] !emotespells on
[5/6/2022 1:32:9] !emotespells on
[5/6/2022 1:36:10] !emotespells on
[5/6/2022 1:40:14] !emotespells on
[5/6/2022 1:44:11] !emotespells on
[5/6/2022 1:48:42] !emotespells on
[5/6/2022 1:52:35] !emotespells on
[5/6/2022 1:56:53] !emotespells on
[5/6/2022 2:0:50] !emotespells on
[5/6/2022 2:6:26] !emotespells on
[5/6/2022 2:13:16] !emotespells on
[5/6/2022 2:17:9] !emotespells on
[5/6/2022 2:20:54] !emotespells on
[5/6/2022 2:24:41] !emotespells on
[5/6/2022 2:29:0] !emotespells on
[5/6/2022 2:32:58] !emotespells on
[5/6/2022 2:36:53] !emotespells on
[5/6/2022 2:41:14] !emotespells on
[5/6/2022 2:46:39] !emotespells on
[5/6/2022 2:53:6] !emotespells on
[5/6/2022 2:56:23] !emotespells on
[5/6/2022 2:59:29] !emotespells on
[5/6/2022 3:2:56] !emotespells on
[5/6/2022 3:6:38] !emotespells on
[5/6/2022 3:10:14] !emotespells on
[5/6/2022 3:13:58] !emotespells on
[5/6/2022 3:17:56] !emotespells on
[5/6/2022 3:21:31] !emotespells on
[5/6/2022 3:24:33] !emotespells on
[5/6/2022 3:29:21] !emotespells on
[5/6/2022 3:35:44] !emotespells on
[5/6/2022 3:39:18] !emotespells on
[5/6/2022 3:42:55] !emotespells on
[5/6/2022 3:46:24] !emotespells on
[5/6/2022 3:50:3] !emotespells on
[5/6/2022 3:52:59] !emotespells on
[5/6/2022 3:56:31] !emotespells on
[5/6/2022 4:0:6] !emotespells on
[5/6/2022 4:3:43] !emotespells on
[5/6/2022 4:7:43] !emotespells on
[5/6/2022 4:11:49] !emotespells on
[5/6/2022 4:17:10] !emotespells on
[5/6/2022 4:23:24] !emotespells on
[5/6/2022 4:27:2] !emotespells on
[5/6/2022 4:30:36] !emotespells on
[5/6/2022 4:34:15] !emotespells on
[5/6/2022 4:37:49] !emotespells on
[5/6/2022 4:41:27] !emotespells on
[5/6/2022 4:43:44] !emotespells on
[5/6/2022 4:48:12] !emotespells on
[5/6/2022 4:51:51] !emotespells on
[5/6/2022 4:57:22] !emotespells on
[5/6/2022 5:6:12] !emotespells on
[5/6/2022 5:10:32] !emotespells on
[5/6/2022 5:14:19] !emotespells on
[5/6/2022 5:18:31] !emotespells on
[5/6/2022 5:22:22] !emotespells on
[5/6/2022 5:26:29] !emotespells on
[5/6/2022 5:29:21] !emotespells on
[5/6/2022 5:32:53] !emotespells on
[5/6/2022 5:36:39] !emotespells on
[5/6/2022 5:41:52] !emotespells on
[5/6/2022 5:48:7] !emotespells on
[5/6/2022 5:51:41] !emotespells on
[5/6/2022 5:55:22] !emotespells on
[5/6/2022 5:58:54] !emotespells on
[5/6/2022 6:2:31] !emotespells on
[5/6/2022 6:8:54] !emotespells on
[5/6/2022 6:12:56] !emotespells on
[5/6/2022 6:15:51] !emotespells on
[5/6/2022 6:19:44] !emotespells on
[5/6/2022 6:23:23] !emotespells on
[5/6/2022 6:29:17] !emotespells on
[5/6/2022 6:36:12] !emotespells on
[5/6/2022 6:40:8] !emotespells on
[5/6/2022 6:43:59] !emotespells on
[5/6/2022 6:47:56] !emotespells on
[5/6/2022 6:51:54] !emotespells on
[5/6/2022 6:55:45] !emotespells on
[5/6/2022 7:0:36] !emotespells on
[5/6/2022 7:4:21] !emotespells on
[5/6/2022 7:10:3] !emotespells on
[5/6/2022 7:16:57] !emotespells on
[5/6/2022 7:20:57] !emotespells on
[5/6/2022 7:24:48] !emotespells on
[5/6/2022 7:28:38] !emotespells on
[5/6/2022 7:32:21] !emotespells on
[5/6/2022 7:36:15] !emotespells on
[5/6/2022 7:40:12] !emotespells on
[5/6/2022 7:43:9] !emotespells on
[5/6/2022 7:49:23] !emotespells on
[5/6/2022 7:56:24] !emotespells on
[5/6/2022 8:0:7] !emotespells on
[5/6/2022 8:4:7] !emotespells on
[5/6/2022 8:8:15] !emotespells on
[5/6/2022 8:12:12] !emotespells on
[5/6/2022 8:16:2] !emotespells on
[5/6/2022 8:20:3] !emotespells on
[5/6/2022 8:23:55] !emotespells on
[5/6/2022 8:29:32] !emotespells on
[5/6/2022 8:36:48] !emotespells on
[5/6/2022 8:40:55] !emotespells on
[5/6/2022 8:44:55] !emotespells on
[5/6/2022 8:48:52] !emotespells on
[5/6/2022 8:52:54] !emotespells on
[5/6/2022 8:56:41] !emotespells on
[5/6/2022 9:0:11] !emotespells on
[5/6/2022 9:52:22] !emotespells on
[5/6/2022 9:58:42] !emotespells on
[5/6/2022 10:1:34] !emotespells on
[5/6/2022 10:3:27] !emotespells on
[5/6/2022 10:6:9] !emotespells on
[5/6/2022 10:8:37] !emotespells on
[5/6/2022 10:11:13] !emotespells on
[5/6/2022 10:13:55] !emotespells on
[5/6/2022 10:16:34] !emotespells on
[5/6/2022 10:19:21] !emotespells on
[5/6/2022 10:22:46] !emotespells on
[5/6/2022 10:26:10] !emotespells on
[5/6/2022 10:29:24] !emotespells on
[5/6/2022 10:32:38] !emotespells on
[5/6/2022 10:35:59] !emotespells on
[5/6/2022 10:43:30] !aol
[5/6/2022 10:48:21] !aol
[5/6/2022 11:5:15] !aol
[5/6/2022 11:28:37] !aol
[5/6/2022 11:45:36] !aol
[5/6/2022 11:46:46] !aol
[5/6/2022 16:19:41] !emotespells on
[5/6/2022 16:22:59] !emotespells on
[5/6/2022 16:28:42] !emotespells on
[5/6/2022 16:32:24] !emotespells on
[5/6/2022 16:36:20] !emotespells on
[5/6/2022 16:40:29] !emotespells on
[5/6/2022 16:44:18] !emotespells on
[5/6/2022 16:48:4] !emotespells on
[5/6/2022 16:52:0] !emotespells on
[5/6/2022 16:55:50] !emotespells on
[5/6/2022 16:59:50] !emotespells on
[5/6/2022 17:3:34] !emotespells on
[5/6/2022 17:7:31] !emotespells on
[5/6/2022 17:11:26] !emotespells on
[5/6/2022 17:16:50] !emotespells on
[5/6/2022 17:23:40] !emotespells on
[5/6/2022 17:27:18] !emotespells on
[5/6/2022 17:31:25] !emotespells on
[5/6/2022 17:35:25] !emotespells on
[5/6/2022 17:39:18] !emotespells on
[5/6/2022 17:42:46] !emotespells on
[5/6/2022 17:46:40] !emotespells on
[5/6/2022 17:50:26] !emotespells on
[5/6/2022 17:54:5] !emotespells on
[5/6/2022 17:59:41] !emotespells on
[5/6/2022 18:6:15] !emotespells on
[5/6/2022 18:9:37] !emotespells on
[5/6/2022 18:13:24] !emotespells on
[5/6/2022 18:17:37] !emotespells on
[5/6/2022 18:21:58] !emotespells on
[5/6/2022 18:32:10] !emotespells on
[5/6/2022 18:39:17] !emotespells on
[5/6/2022 18:42:38] !emotespells on
[5/6/2022 18:46:35] !emotespells on
[5/6/2022 18:50:37] !emotespells on
[5/6/2022 18:54:26] !emotespells on
[5/6/2022 18:58:14] !emotespells on
[5/6/2022 19:2:14] !emotespells on
[5/6/2022 19:6:18] !emotespells on
[5/6/2022 19:12:4] !emotespells on
[5/6/2022 19:18:58] !emotespells on
[5/6/2022 19:22:13] !emotespells on
[5/6/2022 19:26:9] !emotespells on
[5/6/2022 19:28:22] !emotespells on
[5/6/2022 19:32:9] !emotespells on
[5/6/2022 19:35:46] !emotespells on
[5/6/2022 19:40:10] !emotespells on
[5/6/2022 19:44:2] !emotespells on
[5/6/2022 19:49:44] !emotespells on
[5/6/2022 19:57:3] !emotespells on
