[2/6/2022 16:13:2] !aol
[2/6/2022 17:23:29] !aol
[2/6/2022 17:29:3] !aol
[2/6/2022 17:40:22] !aol
[2/6/2022 17:50:33] !aol
[2/6/2022 19:44:50] !aol
[2/6/2022 20:9:9] !online
[2/6/2022 20:10:24] !aol
[2/6/2022 20:20:24] !aol
[2/6/2022 20:43:32] !aol
[2/6/2022 20:51:40] !aol
[2/6/2022 21:4:14] !frags
[2/6/2022 21:13:23] !aol
[2/6/2022 21:16:17] !aol
[2/6/2022 21:23:25] !frags
[2/6/2022 21:32:48] !frags
[2/6/2022 21:38:20] !aol
[3/6/2022 1:39:14] 
[3/6/2022 11:58:38] !emotespells off
[3/6/2022 11:58:48] !emotespells on
[3/6/2022 12:39:27] !frags
[4/6/2022 12:32:56] !emotespells on
[4/6/2022 13:47:14] !emotespells on
[4/6/2022 14:28:49] !emotespells on
[4/6/2022 15:9:48] !emotespells on
[4/6/2022 15:49:11] !emotespells on
[4/6/2022 16:26:58] !emotespells on
[4/6/2022 16:49:21] !emotespells on
[4/6/2022 18:24:5] !emotespells on
[4/6/2022 19:5:46] !emotespells on
[4/6/2022 19:45:26] !emotespells on
[4/6/2022 20:29:28] !emotespells on
[4/6/2022 21:14:13] !emotespells on
[4/6/2022 21:53:46] !emotespells on
[4/6/2022 22:34:31] !emotespells on
[4/6/2022 23:6:55] !emotespells on
[4/6/2022 23:47:17] !emotespells on
[5/6/2022 0:35:20] !emotespells on
[5/6/2022 1:17:3] !emotespells on
[5/6/2022 1:54:32] !emotespells on
[5/6/2022 2:44:29] !emotespells on
[5/6/2022 3:37:29] !emotespells on
[5/6/2022 4:12:28] !emotespells on
[5/6/2022 4:18:7] !emotespells on
[5/6/2022 5:6:9] !emotespells on
[5/6/2022 6:1:9] !emotespells on
[5/6/2022 6:47:22] !emotespells on
[5/6/2022 7:27:17] !emotespells on
[5/6/2022 8:9:11] !emotespells on
[5/6/2022 8:53:12] !emotespells on
[5/6/2022 9:31:21] !emotespells on
[5/6/2022 10:8:44] !emotespells on
[5/6/2022 10:47:21] !emotespells on
[5/6/2022 15:29:38] !emotespells on
[5/6/2022 16:15:8] !emotespells on
[5/6/2022 16:57:43] !emotespells on
[5/6/2022 17:42:39] !emotespells on
[5/6/2022 18:21:58] !emotespells on
[5/6/2022 18:56:8] !emotespells on
[5/6/2022 19:41:48] !emotespells on
[5/6/2022 20:26:27] !emotespells on
[5/6/2022 21:1:42] !emotespells on
[5/6/2022 21:38:15] !emotespells on
[5/6/2022 22:16:14] !emotespells on
[5/6/2022 22:59:9] !emotespells on
[5/6/2022 23:36:2] !emotespells on
[6/6/2022 0:14:47] !emotespells on
[6/6/2022 0:52:18] !emotespells on
[6/6/2022 1:31:51] !emotespells on
[6/6/2022 2:12:44] !emotespells on
[6/6/2022 2:55:17] !emotespells on
[6/6/2022 3:43:4] !emotespells on
[6/6/2022 4:14:6] !emotespells on
[6/6/2022 4:47:16] !emotespells on
[6/6/2022 5:26:3] !emotespells on
[6/6/2022 6:5:53] !emotespells on
[6/6/2022 6:48:52] !emotespells on
[6/6/2022 7:37:2] !emotespells on
[6/6/2022 8:22:26] !emotespells on
[6/6/2022 9:2:27] !emotespells on
[6/6/2022 9:46:51] !emotespells on
[6/6/2022 10:30:44] !emotespells on
[6/6/2022 11:18:51] !emotespells on
[6/6/2022 12:7:44] !emotespells on
[6/6/2022 12:44:42] !emotespells on
[6/6/2022 13:37:7] !emotespells on
[6/6/2022 14:19:19] !emotespells on
[6/6/2022 15:7:45] !emotespells on
[6/6/2022 15:53:14] !emotespells on
[6/6/2022 16:37:43] !emotespells on
[6/6/2022 17:24:46] !emotespells on
[6/6/2022 18:6:0] !emotespells on
[7/6/2022 7:56:24] !aol
