[12/12/2021 10:23:10] !online
[12/12/2021 10:24:11] !emotespells on
[12/12/2021 10:24:45] !aol
[12/12/2021 10:24:52] !wand ice
[12/12/2021 11:7:10] !aol
[12/12/2021 11:7:13] !aol
[12/12/2021 11:11:41] !wand ice
[12/12/2021 12:26:18] !buyhouse
[12/12/2021 15:1:49] !aol
[12/12/2021 15:5:46] 
[12/12/2021 20:14:39] !wand ice
[13/12/2021 3:27:41] 
[13/12/2021 4:2:48] 
[13/12/2021 6:42:54] !wand ice
[13/12/2021 8:50:16] 
[13/12/2021 9:3:38] 
[14/12/2021 14:35:21] !wand deatg
[14/12/2021 14:35:24] !wand death
[14/12/2021 15:13:0] 
[14/12/2021 15:15:8] !aol
[14/12/2021 15:16:0] 
[14/12/2021 15:23:43] !aol
[14/12/2021 15:24:4] !wand death
[14/12/2021 15:57:51] 
[14/12/2021 16:20:54] 
[14/12/2021 16:36:10] !aol
[14/12/2021 16:58:33] 
[14/12/2021 16:59:27] !aol
[14/12/2021 17:17:22] 
[14/12/2021 17:17:36] !wand deasth
[14/12/2021 17:17:40] !wand death
[14/12/2021 17:47:7] !wand death
[14/12/2021 18:4:5] !aol
[14/12/2021 18:21:50] 
[14/12/2021 18:23:38] !wand death
[14/12/2021 19:54:23] !aol
[14/12/2021 20:26:26] !aol
[14/12/2021 21:50:44] !aol
[14/12/2021 21:53:38] !aol
[14/12/2021 21:54:19] !aol
[14/12/2021 21:55:14] !aol
[14/12/2021 21:56:9] !aol
[14/12/2021 21:57:16] !aol
[14/12/2021 21:58:20] !aol
[14/12/2021 21:58:57] !aol
[14/12/2021 21:59:58] !aol
[14/12/2021 22:0:38] !aol
[14/12/2021 22:1:7] !aol
[14/12/2021 22:31:25] !wand death
[14/12/2021 22:33:11] !wand energy
[15/12/2021 1:20:54] !wand ice
[15/12/2021 1:21:13] !frags
[15/12/2021 3:45:12] 
[15/12/2021 4:41:40] 
[15/12/2021 16:21:56] !frags
[15/12/2021 16:25:12] !wand death
[15/12/2021 17:30:42] !wand death
[16/12/2021 7:27:32] !aol
[16/12/2021 19:2:13] !wand ice
[16/12/2021 22:38:13] !wand death
[17/12/2021 6:46:44] !wand ice
[17/12/2021 8:16:31] 
[17/12/2021 8:17:58] 
[17/12/2021 19:27:45] !wand death
[17/12/2021 19:27:48] !wand death
[18/12/2021 8:40:45] !wand death
[18/12/2021 8:46:36] !wand ice
[18/12/2021 9:6:23] !wand death
[18/12/2021 9:6:30] !wand ice
[18/12/2021 9:6:33] !wand ice
[18/12/2021 9:6:37] !wand ice
[18/12/2021 9:6:55] !wand ice
[18/12/2021 11:41:30] !wand ice
[18/12/2021 13:56:30] !wand ice
[18/12/2021 13:56:32] !wand ice
[18/12/2021 16:4:41] !wand ice
[18/12/2021 17:40:44] 
[18/12/2021 19:0:18] 
[18/12/2021 22:43:13] !wand ice
[19/12/2021 11:15:55] !wand ice
[19/12/2021 11:26:46] !wand ice
[19/12/2021 13:28:59] !wand ice
[19/12/2021 14:13:43] !wand ice
[19/12/2021 14:25:22] !wand ice
[19/12/2021 15:5:51] !wand ice
[19/12/2021 17:29:32] !wand ice
[19/12/2021 17:48:12] !wand death
[19/12/2021 18:12:14] !wand ice
[20/12/2021 7:13:1] !aol
[5/1/2022 21:33:8] !online
