[27/5/2022 20:33:24] !aol
[27/5/2022 20:35:16] !online
[27/5/2022 20:54:2] !aol
[27/5/2022 20:54:49] !aol
[27/5/2022 21:19:38] !aol
[27/5/2022 21:22:54] !aol
[27/5/2022 21:35:26] !online
[27/5/2022 21:47:19] !aol
[27/5/2022 21:47:22] !aol
[27/5/2022 21:47:29] !aol
[27/5/2022 21:47:32] !aol
[27/5/2022 21:47:35] !aol
[27/5/2022 21:47:38] !aol
[27/5/2022 21:47:41] !aol
[27/5/2022 21:47:44] !aol
[27/5/2022 21:47:48] !aol
[27/5/2022 21:47:51] !aol
[27/5/2022 21:47:54] !aol
[27/5/2022 21:47:57] !aol
[27/5/2022 21:48:1] !aol
[27/5/2022 21:48:4] !aol
[27/5/2022 21:48:7] !aol
[27/5/2022 21:48:10] !aol
[27/5/2022 21:48:13] !aol
[27/5/2022 21:48:17] !aol
[27/5/2022 21:48:20] !aol
[27/5/2022 21:48:23] !aol
[27/5/2022 21:48:26] !aol
[27/5/2022 21:48:29] !aol
[27/5/2022 21:48:33] !aol
[27/5/2022 21:48:36] !aol
[27/5/2022 21:48:39] !aol
[27/5/2022 21:48:42] !aol
[27/5/2022 21:48:45] !aol
[27/5/2022 21:48:49] !aol
[27/5/2022 21:48:52] !aol
[27/5/2022 21:48:55] !aol
[27/5/2022 21:48:58] !aol
[27/5/2022 21:49:1] !aol
[27/5/2022 21:49:5] !aol
[27/5/2022 21:49:8] !aol
[27/5/2022 21:49:11] !aol
[27/5/2022 21:49:14] !aol
[27/5/2022 21:49:18] !aol
[27/5/2022 21:49:21] !aol
[27/5/2022 21:49:24] !aol
[27/5/2022 21:49:27] !aol
[27/5/2022 21:49:30] !aol
[27/5/2022 21:49:33] !aol
[27/5/2022 21:49:37] !aol
[27/5/2022 21:49:40] !aol
[27/5/2022 21:49:43] !aol
[27/5/2022 21:49:46] !aol
[27/5/2022 21:49:50] !aol
[27/5/2022 21:49:53] !aol
[27/5/2022 21:49:56] !aol
[27/5/2022 21:49:59] !aol
[27/5/2022 21:50:2] !aol
[27/5/2022 21:50:6] !aol
[27/5/2022 21:50:9] !aol
[27/5/2022 21:50:12] !aol
[27/5/2022 21:50:15] !aol
[27/5/2022 21:50:18] !aol
[27/5/2022 21:50:22] !aol
[27/5/2022 21:50:25] !aol
[27/5/2022 21:50:28] !aol
[27/5/2022 21:50:31] !aol
[27/5/2022 21:50:34] !aol
[27/5/2022 21:50:38] !aol
[27/5/2022 21:50:41] !aol
[27/5/2022 21:50:44] !aol
[27/5/2022 21:50:47] !aol
[27/5/2022 21:50:50] !aol
[27/5/2022 21:50:54] !aol
[27/5/2022 21:50:57] !aol
[27/5/2022 21:51:0] !aol
[27/5/2022 21:51:3] !aol
[27/5/2022 21:51:6] !aol
[27/5/2022 21:51:10] !aol
[27/5/2022 21:51:13] !aol
[27/5/2022 21:51:16] !aol
[27/5/2022 21:51:19] !aol
[27/5/2022 21:51:22] !aol
[27/5/2022 21:51:26] !aol
[27/5/2022 21:51:29] !aol
[27/5/2022 21:51:32] !aol
[27/5/2022 21:51:35] !aol
[27/5/2022 21:51:38] !aol
[27/5/2022 21:51:42] !aol
[27/5/2022 21:51:45] !aol
[27/5/2022 21:51:48] !aol
[27/5/2022 21:51:51] !aol
[27/5/2022 21:51:54] !aol
[27/5/2022 21:51:58] !aol
[27/5/2022 21:52:1] !aol
[27/5/2022 21:52:4] !aol
[27/5/2022 21:52:7] !aol
[27/5/2022 21:52:10] !aol
[27/5/2022 21:52:14] !aol
[27/5/2022 21:52:17] !aol
[27/5/2022 21:52:20] !aol
[27/5/2022 21:52:23] !aol
[27/5/2022 21:52:26] !aol
[27/5/2022 21:52:30] !aol
[27/5/2022 21:52:33] !aol
[27/5/2022 21:52:36] !aol
[27/5/2022 21:52:39] !aol
[27/5/2022 21:52:42] !aol
[27/5/2022 21:52:46] !aol
[27/5/2022 21:52:49] !aol
[27/5/2022 21:52:52] !aol
[27/5/2022 21:52:55] !aol
[27/5/2022 21:52:58] !aol
[27/5/2022 21:53:2] !aol
[27/5/2022 21:53:5] !aol
[27/5/2022 21:53:8] !aol
[27/5/2022 21:53:11] !aol
[27/5/2022 21:53:15] !aol
[27/5/2022 21:53:18] !aol
[27/5/2022 21:53:21] !aol
[27/5/2022 21:53:24] !aol
[27/5/2022 21:53:27] !aol
[27/5/2022 21:53:31] !aol
[27/5/2022 21:53:34] !aol
[27/5/2022 21:53:37] !aol
[27/5/2022 21:53:40] !aol
[27/5/2022 21:53:43] !aol
[27/5/2022 21:53:47] !aol
[27/5/2022 21:53:50] !aol
[27/5/2022 21:53:53] !aol
[27/5/2022 21:53:56] !aol
[27/5/2022 21:53:59] !aol
[27/5/2022 21:54:3] !aol
[27/5/2022 21:54:6] !aol
[27/5/2022 21:54:9] !aol
[27/5/2022 21:54:12] !aol
[27/5/2022 21:54:15] !aol
[27/5/2022 21:54:19] !aol
[27/5/2022 21:54:22] !aol
[27/5/2022 21:54:25] !aol
[27/5/2022 21:54:28] !aol
[27/5/2022 21:54:32] !aol
[27/5/2022 21:54:35] !aol
[27/5/2022 21:54:38] !aol
[27/5/2022 21:54:41] !aol
[27/5/2022 21:54:44] !aol
[27/5/2022 21:54:47] !aol
[27/5/2022 21:54:51] !aol
[27/5/2022 21:54:54] !aol
[27/5/2022 21:54:57] !aol
[27/5/2022 21:55:0] !aol
[27/5/2022 21:55:3] !aol
[27/5/2022 21:55:7] !aol
[27/5/2022 21:55:10] !aol
[27/5/2022 21:55:13] !aol
[27/5/2022 21:55:16] !aol
[27/5/2022 21:55:20] !aol
[27/5/2022 21:55:23] !aol
[27/5/2022 21:55:26] !aol
[27/5/2022 21:55:29] !aol
[27/5/2022 21:55:32] !aol
[27/5/2022 21:55:35] !aol
[27/5/2022 21:55:39] !aol
[27/5/2022 21:55:42] !aol
[27/5/2022 21:55:45] !aol
[27/5/2022 21:55:48] !aol
[27/5/2022 21:55:52] !aol
[27/5/2022 21:55:55] !aol
[27/5/2022 21:55:58] !aol
[27/5/2022 21:56:1] !aol
[27/5/2022 21:56:4] !aol
[27/5/2022 21:56:8] !aol
[27/5/2022 21:56:11] !aol
[27/5/2022 21:56:14] !aol
[27/5/2022 21:56:17] !aol
[27/5/2022 21:56:20] !aol
[27/5/2022 21:56:24] !aol
[27/5/2022 21:56:27] !aol
[27/5/2022 21:56:30] !aol
[27/5/2022 21:56:33] !aol
[27/5/2022 21:56:36] !aol
[27/5/2022 21:56:40] !aol
[27/5/2022 21:56:43] !aol
[27/5/2022 21:56:46] !aol
[27/5/2022 21:56:49] !aol
[27/5/2022 21:56:52] !aol
[27/5/2022 21:56:56] !aol
[27/5/2022 21:56:59] !aol
[27/5/2022 21:57:2] !aol
[27/5/2022 21:57:5] !aol
[27/5/2022 21:57:8] !aol
[27/5/2022 21:57:12] !aol
[27/5/2022 21:57:15] !aol
[27/5/2022 21:57:18] !aol
[27/5/2022 21:57:21] !aol
[27/5/2022 21:57:25] !aol
[27/5/2022 21:57:28] !aol
[27/5/2022 21:57:31] !aol
[27/5/2022 21:57:34] !aol
[27/5/2022 21:57:37] !aol
[27/5/2022 21:57:40] !aol
[27/5/2022 21:57:44] !aol
[27/5/2022 21:57:47] !aol
[27/5/2022 21:57:50] !aol
[27/5/2022 21:57:53] !aol
[27/5/2022 21:57:56] !aol
[27/5/2022 21:58:0] !aol
[27/5/2022 21:58:3] !aol
[27/5/2022 21:58:6] !aol
[27/5/2022 21:58:9] !aol
[27/5/2022 21:58:13] !aol
[27/5/2022 21:58:16] !aol
[27/5/2022 21:58:19] !aol
[27/5/2022 21:58:22] !aol
[27/5/2022 21:58:25] !aol
[27/5/2022 21:58:29] !aol
[27/5/2022 21:58:32] !aol
[27/5/2022 21:58:35] !aol
[27/5/2022 21:58:38] !aol
[27/5/2022 21:58:41] !aol
[27/5/2022 21:58:45] !aol
[27/5/2022 21:58:48] !aol
[27/5/2022 21:58:51] !aol
[27/5/2022 21:58:54] !aol
[27/5/2022 21:58:57] !aol
[27/5/2022 21:59:1] !aol
[27/5/2022 21:59:4] !aol
[27/5/2022 21:59:7] !aol
[27/5/2022 21:59:10] !aol
[27/5/2022 21:59:13] !aol
[27/5/2022 21:59:17] !aol
[27/5/2022 21:59:20] !aol
[27/5/2022 21:59:23] !aol
[27/5/2022 21:59:26] !aol
[27/5/2022 21:59:29] !aol
[27/5/2022 21:59:33] !aol
[27/5/2022 21:59:36] !aol
[27/5/2022 21:59:39] !aol
[27/5/2022 21:59:42] !aol
[27/5/2022 21:59:45] !aol
[27/5/2022 21:59:49] !aol
[27/5/2022 21:59:52] !aol
[27/5/2022 21:59:55] !aol
[27/5/2022 21:59:58] !aol
[27/5/2022 22:0:1] !aol
[27/5/2022 22:0:5] !aol
[27/5/2022 22:0:8] !aol
[27/5/2022 22:0:11] !aol
[27/5/2022 22:0:14] !aol
[27/5/2022 22:0:17] !aol
[27/5/2022 22:0:21] !aol
[27/5/2022 22:0:24] !aol
[27/5/2022 22:0:27] !aol
[27/5/2022 22:0:30] !aol
[27/5/2022 22:0:33] !aol
[27/5/2022 22:0:37] !aol
[27/5/2022 22:0:40] !aol
[27/5/2022 22:0:43] !aol
[27/5/2022 22:0:46] !aol
[27/5/2022 22:0:49] !aol
[27/5/2022 22:0:53] !aol
[27/5/2022 22:0:56] !aol
[27/5/2022 22:0:59] !aol
[27/5/2022 22:1:2] !aol
[27/5/2022 22:1:5] !aol
[27/5/2022 22:1:9] !aol
[27/5/2022 22:1:12] !aol
[27/5/2022 22:1:15] !aol
[27/5/2022 22:1:18] !aol
[27/5/2022 22:1:21] !aol
[27/5/2022 22:1:25] !aol
[27/5/2022 22:1:28] !aol
[27/5/2022 22:1:31] !aol
[27/5/2022 22:1:34] !aol
[27/5/2022 22:1:38] !aol
[27/5/2022 22:1:41] !aol
[27/5/2022 22:1:44] !aol
[27/5/2022 22:1:47] !aol
[27/5/2022 22:1:50] !aol
[27/5/2022 22:1:54] !aol
[27/5/2022 22:1:57] !aol
[27/5/2022 22:2:0] !aol
[27/5/2022 22:2:3] !aol
[27/5/2022 22:2:6] !aol
[27/5/2022 22:2:10] !aol
[27/5/2022 22:2:13] !aol
[27/5/2022 22:2:16] !aol
[27/5/2022 22:2:19] !aol
[27/5/2022 22:2:22] !aol
[27/5/2022 22:2:26] !aol
[27/5/2022 22:2:29] !aol
[27/5/2022 22:2:32] !aol
[27/5/2022 22:2:35] !aol
[27/5/2022 22:2:38] !aol
[27/5/2022 22:2:42] !aol
[27/5/2022 22:2:45] !aol
[27/5/2022 22:9:0] !guildpoints
[27/5/2022 22:12:32] !guildpoints
[27/5/2022 22:25:48] !online
[27/5/2022 22:32:26] !guildpoints
[27/5/2022 22:46:39] !aol
[27/5/2022 23:3:44] !guildpoints
[27/5/2022 23:7:23] !rank level
[27/5/2022 23:24:34] !rank level
[27/5/2022 23:37:26] !rank level
[28/5/2022 2:31:8] !aol
[28/5/2022 5:3:36] !aol
[28/5/2022 7:12:42] !aol
[28/5/2022 8:28:43] !online
[28/5/2022 8:30:9] !aol
[28/5/2022 8:43:56] !aol
[28/5/2022 8:58:15] !frags
[28/5/2022 9:0:45] !buyhouse
[28/5/2022 9:5:59] !frags
[28/5/2022 9:9:57] !frags
[28/5/2022 9:52:22] !aol
[28/5/2022 11:16:29] !aol
[28/5/2022 11:34:39] !aol
[28/5/2022 11:35:41] !guildpoints
[28/5/2022 11:35:56] !guildpoints
[28/5/2022 12:38:13] !frags
[28/5/2022 12:40:11] !frags
[28/5/2022 12:44:25] !frags
[28/5/2022 12:53:7] !online
[28/5/2022 12:53:53] !guildpoints
[28/5/2022 13:0:57] !aol
[28/5/2022 13:7:17] !aol
[28/5/2022 13:18:22] !emotespells on
[28/5/2022 13:34:28] !emotespells on
[28/5/2022 13:38:23] !emotespells on
[28/5/2022 13:40:37] !emotespells on
[28/5/2022 13:44:52] !emotespells on
[28/5/2022 13:57:32] !emotespells on
[28/5/2022 14:5:38] !emotespells on
[28/5/2022 14:14:21] !emotespells on
[28/5/2022 14:24:6] !emotespells on
[28/5/2022 14:32:23] !emotespells on
[28/5/2022 14:39:19] !emotespells on
[28/5/2022 14:50:19] !emotespells on
[28/5/2022 14:58:43] !emotespells on
[28/5/2022 15:7:5] !emotespells on
[28/5/2022 15:13:54] !emotespells on
[28/5/2022 15:24:39] !emotespells on
[28/5/2022 15:33:57] !emotespells on
[28/5/2022 18:48:9] !online
[28/5/2022 18:50:7] !aol
[28/5/2022 18:51:11] !rank level
[28/5/2022 18:51:23] !rank magic
[28/5/2022 18:51:30] !rank level
[28/5/2022 18:59:53] !emotespells on
[28/5/2022 19:8:5] !emotespells on
[28/5/2022 19:15:44] !emotespells on
[28/5/2022 19:23:53] !emotespells on
[28/5/2022 19:31:35] !emotespells on
[28/5/2022 19:34:59] !rank level
[28/5/2022 19:39:48] !emotespells on
[28/5/2022 19:42:56] !rank level
[28/5/2022 19:49:17] !emotespells on
[28/5/2022 20:13:56] !aol
[28/5/2022 20:14:8] !emotespells on
[29/5/2022 8:48:55] !emotespells on
[29/5/2022 8:48:58] !aol
[29/5/2022 8:56:56] !emotespells on
[29/5/2022 9:5:14] !emotespells on
[29/5/2022 9:12:30] !online
[29/5/2022 9:15:37] !emotespells on
[29/5/2022 9:27:22] !emotespells on
[29/5/2022 10:0:32] !buyhouse
[29/5/2022 10:0:36] !buyhouse
[29/5/2022 10:0:44] !buyhouse
[29/5/2022 10:0:51] !buyhouse
[29/5/2022 10:0:53] !buyhouse
[29/5/2022 10:1:27] !buyhouse
[29/5/2022 10:4:50] !emotespells on
[29/5/2022 10:22:52] !emotespells on
[29/5/2022 10:29:1] !emotespells on
[29/5/2022 10:35:50] !emotespells on
[29/5/2022 10:43:58] !emotespells on
[29/5/2022 10:50:33] !emotespells on
[29/5/2022 10:56:41] !emotespells on
[29/5/2022 11:3:59] !emotespells on
[29/5/2022 11:11:58] !emotespells on
[29/5/2022 11:17:44] !emotespells on
[29/5/2022 11:23:27] !emotespells on
[29/5/2022 11:30:14] !emotespells on
[29/5/2022 11:36:59] !emotespells on
[29/5/2022 11:44:5] !emotespells on
[29/5/2022 11:50:6] !emotespells on
[29/5/2022 11:59:17] !buyhouse
[29/5/2022 11:59:42] !online
[29/5/2022 12:1:22] !guildpoints
[29/5/2022 12:21:21] !aol
[29/5/2022 12:21:34] !emotespells on
[29/5/2022 12:30:7] !emotespells on
[29/5/2022 12:36:39] !emotespells on
[29/5/2022 12:43:31] !emotespells on
[29/5/2022 12:51:55] !aol
[29/5/2022 13:5:1] !rank level
[29/5/2022 13:6:2] !aol
[29/5/2022 13:6:17] !emotespells on
[29/5/2022 13:13:47] !emotespells on
[29/5/2022 13:17:0] !rank level
[29/5/2022 13:17:37] !rank magic
[29/5/2022 13:20:7] !emotespells on
[29/5/2022 13:27:5] !emotespells on
[29/5/2022 13:34:3] !emotespells on
[29/5/2022 13:42:42] !rank fist
[29/5/2022 13:42:52] !rank shield
[29/5/2022 18:23:52] !online
[29/5/2022 19:3:58] 
[29/5/2022 19:4:1] 
[29/5/2022 19:4:3] 
[29/5/2022 19:4:5] 
[29/5/2022 19:4:7] 
[30/5/2022 1:0:50] !emotespells on
[30/5/2022 1:1:0] !aol
[30/5/2022 1:10:41] !emotespells on
[30/5/2022 1:16:25] !emotespells on
[30/5/2022 1:22:38] !emotespells on
[30/5/2022 1:28:6] !emotespells on
[30/5/2022 1:37:7] !emotespells on
[30/5/2022 1:49:5] !emotespells on
[30/5/2022 1:55:45] !emotespells on
[30/5/2022 1:57:44] !emotespells on
[30/5/2022 2:1:40] !emotespells on
[30/5/2022 2:2:49] !emotespells on
[30/5/2022 2:8:9] !online
[30/5/2022 2:9:11] !emotespells on
[30/5/2022 2:16:14] !emotespells on
[30/5/2022 2:21:4] !emotespells on
[30/5/2022 2:25:49] !emotespells on
[30/5/2022 2:33:37] !emotespells on
[30/5/2022 2:39:29] !emotespells on
[30/5/2022 2:48:3] !emotespells on
[30/5/2022 2:51:45] !emotespells on
[30/5/2022 2:57:26] !emotespells on
[30/5/2022 3:3:33] !emotespells on
[30/5/2022 3:9:9] !emotespells on
[30/5/2022 3:15:51] !emotespells on
[30/5/2022 3:22:46] !emotespells on
[30/5/2022 3:28:23] !emotespells on
[30/5/2022 3:35:39] !emotespells on
[30/5/2022 3:43:9] !emotespells on
[30/5/2022 3:49:34] !emotespells on
[30/5/2022 3:54:27] !emotespells on
[30/5/2022 3:59:56] !emotespells on
[30/5/2022 4:5:23] !emotespells on
[30/5/2022 4:10:7] !emotespells on
[30/5/2022 4:16:27] !emotespells on
[30/5/2022 4:24:3] !emotespells on
[30/5/2022 4:29:50] !emotespells on
[30/5/2022 4:35:12] !emotespells on
[30/5/2022 4:40:30] !emotespells on
[30/5/2022 4:47:24] !emotespells on
[30/5/2022 4:53:0] !emotespells on
[30/5/2022 4:58:8] !emotespells on
[30/5/2022 5:7:39] !emotespells on
[30/5/2022 5:15:44] !emotespells on
[30/5/2022 5:23:31] !emotespells on
[30/5/2022 5:30:53] !emotespells on
[30/5/2022 5:31:22] !rank level
[30/5/2022 10:46:53] !online
[30/5/2022 10:57:3] !emotespells on
[30/5/2022 11:20:57] !aol
[30/5/2022 11:21:35] !emotespells on
[30/5/2022 11:29:58] !emotespells on
[30/5/2022 12:48:44] !frags
[30/5/2022 17:44:23] !aol
[30/5/2022 17:45:58] !emotespells on
[30/5/2022 17:56:54] !emotespells on
[30/5/2022 18:6:21] !emotespells on
[30/5/2022 18:16:43] !emotespells on
[30/5/2022 18:25:52] !guildpoints
[30/5/2022 18:25:54] !guildpoints
[30/5/2022 18:26:42] !emotespells on
[30/5/2022 18:36:5] !emotespells on
[30/5/2022 18:45:30] !emotespells on
[30/5/2022 18:54:29] !emotespells on
[30/5/2022 19:3:11] !emotespells on
[30/5/2022 19:13:45] !emotespells on
[30/5/2022 19:23:14] !emotespells on
[30/5/2022 19:31:42] !emotespells on
[30/5/2022 20:1:57] !online
[30/5/2022 20:28:55] !aol
[30/5/2022 20:35:49] !emotespells on
[30/5/2022 20:40:10] !emotespells on
[30/5/2022 20:46:41] !emotespells on
[30/5/2022 20:52:57] !emotespells on
[30/5/2022 21:1:11] !emotespells on
[30/5/2022 21:3:49] !emotespells on
[30/5/2022 21:8:22] !emotespells on
[30/5/2022 21:15:8] !emotespells on
[30/5/2022 21:20:17] !emotespells on
[30/5/2022 21:20:43] !emotespells on
[30/5/2022 22:37:35] !frags
