[30/5/2022 16:47:49] !serverinfo
[30/5/2022 17:11:35] !emotespells on
[30/5/2022 17:42:46] !online
[30/5/2022 17:59:18] !guildpoints
[30/5/2022 18:37:38] 
[30/5/2022 18:39:28] !aol
[30/5/2022 18:39:30] !aol
[30/5/2022 18:39:34] !aol
[30/5/2022 18:39:37] !aol
[30/5/2022 18:39:41] !aol
[30/5/2022 18:39:44] !aol
[30/5/2022 18:39:47] !aol
[30/5/2022 18:39:50] !aol
[30/5/2022 18:39:53] !aol
[30/5/2022 18:39:57] !aol
[30/5/2022 18:40:0] !aol
[30/5/2022 18:40:3] !aol
[30/5/2022 18:40:6] !aol
[30/5/2022 18:40:9] !aol
[30/5/2022 18:40:13] !aol
[30/5/2022 18:40:16] !aol
[30/5/2022 18:40:19] !aol
[30/5/2022 18:40:22] !aol
[30/5/2022 18:40:26] !aol
[30/5/2022 18:40:29] !aol
[30/5/2022 18:40:32] !aol
[30/5/2022 18:40:35] !aol
[30/5/2022 18:40:38] !aol
[30/5/2022 18:40:42] !aol
[30/5/2022 18:40:45] !aol
[30/5/2022 18:40:48] !aol
[30/5/2022 18:40:51] !aol
[30/5/2022 18:40:54] !aol
[30/5/2022 18:40:58] !aol
[30/5/2022 18:41:1] !aol
[30/5/2022 18:41:4] !aol
[30/5/2022 18:41:7] !aol
[30/5/2022 18:41:10] !aol
[30/5/2022 18:41:14] !aol
[30/5/2022 18:41:17] !aol
[30/5/2022 18:41:20] !aol
[30/5/2022 18:41:23] !aol
[30/5/2022 18:41:26] !aol
[30/5/2022 18:41:30] !aol
[30/5/2022 18:41:33] !aol
[30/5/2022 18:41:36] !aol
[30/5/2022 18:41:39] !aol
[30/5/2022 18:41:43] !aol
[30/5/2022 18:41:46] !aol
[30/5/2022 18:41:49] !aol
[30/5/2022 18:41:52] !aol
[30/5/2022 18:41:55] !aol
[30/5/2022 18:41:59] !aol
[30/5/2022 18:48:38] 
[30/5/2022 20:47:39] !aol
[30/5/2022 21:9:51] !aol
[30/5/2022 21:45:0] !online
[30/5/2022 22:6:16] !aol
[30/5/2022 22:36:38] 
[31/5/2022 14:8:14] !aol
