[16/12/2021 14:49:57] !serverinfo
[16/12/2021 15:19:15] !aol
[16/12/2021 15:20:55] !aol
[16/12/2021 15:26:51] !aol
[16/12/2021 15:29:21] !aol
[18/12/2021 7:43:16] !online
[18/12/2021 7:47:38] !aol
[18/12/2021 7:51:27] !serverinfo
[18/12/2021 7:55:33] !aol
[18/12/2021 7:59:38] !serverinfo
[18/12/2021 8:9:41] !rank level
[18/12/2021 8:13:33] !aol
[18/12/2021 8:18:19] !online
[18/12/2021 8:26:27] !serverinfo
[18/12/2021 8:28:12] !serverinfo
[18/12/2021 8:29:3] !aol
[18/12/2021 8:37:24] !rank level
[18/12/2021 8:37:28] !serverinfo
[18/12/2021 9:7:45] !aol
[18/12/2021 9:9:19] !serverinfo
[18/12/2021 9:32:13] !aol
[18/12/2021 9:48:57] !aol
[18/12/2021 9:49:21] !aol
[18/12/2021 9:50:31] !aol
[18/12/2021 15:46:12] !aol
[18/12/2021 15:52:10] !serverinfo
[18/12/2021 16:12:34] !aol
[18/12/2021 19:26:27] !aol
[18/12/2021 20:27:32] !uptime
[18/12/2021 22:42:43] !aol
[19/12/2021 11:35:28] !aol
[19/12/2021 11:38:32] !aol
[19/12/2021 11:38:34] !aol
[19/12/2021 12:5:37] !aol
[19/12/2021 12:27:37] !aol
[19/12/2021 12:46:35] !aol
[19/12/2021 12:51:54] !aol
[19/12/2021 14:2:48] !aol
[21/12/2021 11:23:14] !online
[21/12/2021 11:23:42] !online
[21/12/2021 20:52:42] !online
[22/12/2021 11:36:52] !online
[22/12/2021 20:14:16] !online
[23/12/2021 7:52:13] !online
[28/12/2021 8:55:49] !online
[1/1/2022 8:26:49] !rank level
[2/1/2022 10:38:42] !online
[3/1/2022 11:35:12] !online
