[12/2/2022 23:11:52] !emotespells
[12/2/2022 23:11:58] !emotespells on
[12/2/2022 23:20:9] !aol
[12/2/2022 23:21:59] !aol
[12/2/2022 23:56:47] !aol
[12/2/2022 23:59:41] !aol
[12/2/2022 23:59:48] !aol
[13/2/2022 0:0:7] !aol
[13/2/2022 11:20:30] !aol
[13/2/2022 11:26:21] !aol
[13/2/2022 12:6:8] !aol
[13/2/2022 14:11:9] !frags
[13/2/2022 17:3:57] !frags
[13/2/2022 18:44:16] !frags
[13/2/2022 20:37:44] !frags
[13/2/2022 23:13:59] !frags
[13/2/2022 23:25:22] !frags
[13/2/2022 23:41:50] !frags
[13/2/2022 23:55:32] !frags
[14/2/2022 0:12:25] !frags
[14/2/2022 0:24:5] !frags
[14/2/2022 0:32:4] !frags
[14/2/2022 14:56:51] !frags
[14/2/2022 15:4:3] !frags
[14/2/2022 18:54:14] !frags
[14/2/2022 18:56:20] !frags
[14/2/2022 20:19:42] !frags
[14/2/2022 22:17:58] !frags
[14/2/2022 22:32:11] !frags
[15/2/2022 15:56:24] !frags
[15/2/2022 22:19:55] !frags
[16/2/2022 14:50:7] !frags
[17/2/2022 19:31:16] !frags
[19/2/2022 23:59:20] !addon barbarian
