[27/5/2022 20:32:24] !online
[27/5/2022 21:2:56] !buyhouse
[27/5/2022 21:31:42] !aol
[27/5/2022 21:44:2] !aol
[27/5/2022 22:7:33] !aol
[27/5/2022 22:19:56] !aol
[27/5/2022 22:46:4] !aol
[27/5/2022 23:9:28] !online
[27/5/2022 23:45:58] !aol
[28/5/2022 0:34:55] !buyhouse
[29/5/2022 9:46:22] !frags
[29/5/2022 11:7:42] !online
[29/5/2022 12:0:45] !frags
[29/5/2022 12:6:47] !frags
[29/5/2022 12:9:56] !online
[29/5/2022 13:23:52] !frags
[29/5/2022 14:4:1] !frags
[29/5/2022 14:8:54] !frags
[29/5/2022 14:9:13] !frags
[29/5/2022 15:38:48] !frags
[29/5/2022 22:8:58] !frags
[30/5/2022 19:58:48] !rank 
[30/5/2022 19:58:51] !rank  level
[30/5/2022 20:3:31] !online
[31/5/2022 19:36:33] !online
[31/5/2022 20:10:32] !aol
[31/5/2022 21:17:37] !rank level
[31/5/2022 21:27:14] !aol
[31/5/2022 21:50:44] !aol
[1/6/2022 16:55:25] !aol
[1/6/2022 16:57:37] !online
[1/6/2022 16:57:41] !rank level
[1/6/2022 19:38:13] !frags
[2/6/2022 3:24:50] !frags
[2/6/2022 7:30:16] !frags
[2/6/2022 16:58:57] !rank level
[2/6/2022 16:59:48] !frags
[2/6/2022 22:55:39] !frags
[2/6/2022 22:55:42] !frags
[2/6/2022 23:8:46] !online
[3/6/2022 0:6:6] !frags
[3/6/2022 7:10:13] !frags
[3/6/2022 22:8:47] !rank level
[3/6/2022 22:14:8] !frags
[4/6/2022 21:43:37] !rank level
[4/6/2022 21:45:20] !online
[4/6/2022 21:58:58] !frags
[5/6/2022 0:58:7] !frags
[5/6/2022 8:26:54] !frags
[8/6/2022 19:52:46] !frags
[8/6/2022 20:36:13] !online
