[10/2/2022 20:18:33] !online
[10/2/2022 20:23:57] !online
[10/2/2022 20:37:53] !online
[10/2/2022 20:47:22] !aol
[10/2/2022 21:1:33] !aol
[10/2/2022 21:15:4] !aol
[10/2/2022 21:28:27] !aol
[11/2/2022 15:2:21] !aol
[11/2/2022 15:12:22] !online
[11/2/2022 15:18:50] !aol
[11/2/2022 20:58:55] !online
[12/2/2022 13:37:14] !emotespells on
[13/2/2022 12:25:41] !frags
[14/2/2022 15:26:10] !frags
[14/2/2022 22:4:20] !frags
[14/2/2022 22:23:29] !frags
[15/2/2022 22:19:56] !frags
[17/2/2022 15:49:27] !go
[17/2/2022 16:27:26] !frags
[17/2/2022 17:5:29] !frags
[17/2/2022 17:56:44] !frags
[17/2/2022 18:43:40] !guildpoints
[18/2/2022 15:23:16] !frags
[18/2/2022 22:23:17] !online
[19/2/2022 15:46:17] !online
[20/2/2022 1:33:56] !addon barbarian
[20/2/2022 1:34:7] !addon assassin
[20/2/2022 22:5:54] !addon warmaster
