[27/5/2022 20:22:59] !online
[27/5/2022 21:6:34] !online
[27/5/2022 22:15:52] !online
[27/5/2022 22:41:59] !online
[28/5/2022 11:6:5] !online
[28/5/2022 15:43:13] !online
[28/5/2022 20:26:34] !emotespells on
[29/5/2022 11:12:9] !online
[29/5/2022 14:1:53] !online
[29/5/2022 14:8:40] !frags
[30/5/2022 22:3:54] !buyhouse
[30/5/2022 22:3:56] !buyhouse
[30/5/2022 22:4:0] !buyhouse
[31/5/2022 20:20:35] !online
[31/5/2022 20:53:53] !aol
[31/5/2022 21:7:39] !online
[31/5/2022 21:42:44] !aol
[31/5/2022 21:49:16] !aol
[31/5/2022 22:1:47] !aol
[31/5/2022 22:17:24] !aol
[1/6/2022 6:15:37] !online
[1/6/2022 19:54:48] !emotespells
[1/6/2022 19:54:50] !emotespells off
[1/6/2022 19:54:55] !emotespells on
[2/6/2022 20:23:24] !online
[2/6/2022 22:2:31] !frags
