[23/2/2022 22:43:16] !emotespells on
[23/2/2022 22:44:20] !online
[24/2/2022 13:30:11] !serverinfo
[25/2/2022 16:56:35] !frags
[25/2/2022 16:57:0] !frags
[25/2/2022 19:20:55] !frags
[26/2/2022 15:11:29] !online
[26/2/2022 22:41:27] !frags
[26/2/2022 22:42:48] !frags
[26/2/2022 22:44:28] !frags
[26/2/2022 23:8:55] !frags
[1/3/2022 16:26:30] !online
[1/3/2022 21:9:16] !frags
[2/3/2022 8:23:43] !online
[2/3/2022 13:45:34] !online
[2/3/2022 22:54:21] !frags
[3/3/2022 10:36:55] !online
[3/3/2022 11:33:57] !online
[3/3/2022 13:35:36] !online
[3/3/2022 14:49:53] !online
[3/3/2022 17:39:23] !online
[3/3/2022 17:50:19] !online
[4/3/2022 13:48:13] !online
[4/3/2022 17:7:2] !online
[4/3/2022 21:21:29] !online
[5/3/2022 19:17:30] !online
[6/3/2022 15:29:41] !online
[7/3/2022 2:10:12] !online
[7/3/2022 18:19:59] !online
[8/3/2022 15:53:20] !online
[10/3/2022 21:36:13] !online
[11/3/2022 21:37:24] !online
[12/3/2022 12:17:25] !online
[13/3/2022 12:52:43] !online
[14/3/2022 0:28:22] !online
[14/3/2022 8:33:3] !online
[14/3/2022 13:33:41] !online
[17/3/2022 21:32:12] !online
[20/3/2022 12:6:21] !online
[20/3/2022 12:6:26] !rank
[20/3/2022 12:6:29] !rank level
