[30/12/2021 18:23:23] !aol
[30/12/2021 18:25:7] !aol
[30/12/2021 18:26:29] !aol
[31/12/2021 10:7:52] !aol
[31/12/2021 16:21:52] !online
[1/1/2022 0:35:57] !aol
[1/1/2022 19:6:21] !aol
[1/1/2022 20:20:53] !aol
[2/1/2022 13:45:23] !aol
[2/1/2022 23:55:45] !frags
[7/1/2022 23:22:34] !addon summoner
[7/1/2022 23:22:40] !addon summoner
[7/1/2022 23:24:9] !addon Summoner
[7/1/2022 23:24:11] !addon Summoner
[8/1/2022 23:35:55] !addon summoner
[8/1/2022 23:40:48] !addon summoner
[8/1/2022 23:40:51] !addon summoner
[8/1/2022 23:40:57] !addon summoner
[8/1/2022 23:41:0] !addon Summoner
[8/1/2022 23:41:14] !addon Summoner
[8/1/2022 23:42:28] !addon summoner
[8/1/2022 23:42:34] !addon summoner
[8/1/2022 23:42:37] !addon summoner
[9/1/2022 0:1:0] !addon summoner
