[12/12/2021 12:23:53] !aol
[12/12/2021 14:46:25] !addon oriental
[12/12/2021 14:46:51] !addon oriental
[12/12/2021 14:46:57] !addon oriental
[12/12/2021 15:2:2] !addon oriental
[12/12/2021 15:33:39] !aol
[13/12/2021 11:13:34] !aol
[13/12/2021 11:26:24] !addon norserman
[15/12/2021 8:28:53] !addon oriental
[15/12/2021 13:59:8] !aol
[15/12/2021 14:4:52] !aol
[15/12/2021 23:44:6] !aol
[16/12/2021 5:39:5] !aol
[18/12/2021 17:8:40] !online
[25/12/2021 9:4:15] !online
[25/12/2021 9:12:16] !rank level
[25/12/2021 9:12:37] !rank magic
[25/12/2021 9:13:6] !rank club
[28/12/2021 10:50:23] !online
[13/2/2022 23:16:24] !rank magic
[14/2/2022 9:43:5] !rank magic
[14/2/2022 9:43:28] !rank magic
[15/2/2022 14:4:31] !rank magic
