[11/2/2022 14:4:32] !emotespells
[11/2/2022 14:18:0] !emotespells off
[11/2/2022 14:18:2] !emotespells on
[11/2/2022 20:28:15] !online
[12/2/2022 4:38:45] !rank magic
[12/2/2022 14:46:22] !rank magic
[13/2/2022 11:25:15] !rank magic
[13/2/2022 11:28:28] !addon
[13/2/2022 11:28:35] !addon norseman
[13/2/2022 11:28:50] !addon norseman, 1
[13/2/2022 11:28:52] !addon norseman, 2
[14/2/2022 3:9:32] !online
[14/2/2022 4:53:9] !frags
[14/2/2022 5:10:14] !rank magic
[14/2/2022 10:38:23] !rank magic
[14/2/2022 13:15:40] !addon mage
[14/2/2022 13:15:42] !addon mage
[14/2/2022 13:15:45] !addon mage
[14/2/2022 15:42:32] !addon summoner
[15/2/2022 1:48:22] !rank magic
[15/2/2022 13:43:6] !online
[15/2/2022 14:41:28] !rank magic
[16/2/2022 10:33:19] !rank magic
[24/2/2022 8:38:35] !emotespells on
[24/2/2022 12:3:43] !rank magiic
[24/2/2022 12:3:47] !rank magic
[2/3/2022 18:10:10] !rank magic
[2/3/2022 18:10:32] !online
[2/3/2022 18:21:8] !rank magic
