[21/2/2022 23:46:1] !aol
[22/2/2022 1:46:40] !rank club
[22/2/2022 1:46:43] !rank axe
[22/2/2022 1:46:46] !rank sword
[22/2/2022 1:46:52] !rank distance
[22/2/2022 1:46:58] !rank magic
[22/2/2022 1:52:43] !online
[24/2/2022 22:21:51] !aol
[25/2/2022 1:30:58] !rank axe
[25/2/2022 10:50:49] !aol
[25/2/2022 19:8:56] !aol
[25/2/2022 19:40:22] !aol
[25/2/2022 22:30:54] !aol
[25/2/2022 23:15:40] !aol
[26/2/2022 1:20:25] !aol
[26/2/2022 9:1:41] !aol
[26/2/2022 13:54:53] !aol
[26/2/2022 14:7:28] !aol
[26/2/2022 14:8:7] !aol
[26/2/2022 14:47:29] !emotespells
[26/2/2022 14:47:33] !emotespells off
[26/2/2022 14:47:39] !emotespells on
[26/2/2022 14:58:56] !aol
[26/2/2022 15:4:33] !serverinfo
[26/2/2022 15:8:2] !aol
[28/2/2022 12:42:53] !aol
[28/2/2022 23:35:53] !aol
[28/2/2022 23:35:58] !aol
[28/2/2022 23:53:40] !aol
[1/3/2022 10:50:59] !aol
[1/3/2022 11:56:42] !aol
[2/3/2022 1:22:37] !aol
