[11/12/2021 8:9:4] !aol 
[11/12/2021 12:25:3] !aol
[11/12/2021 12:32:52] !aol 
[12/12/2021 0:20:37] !aol 
[12/12/2021 22:15:59] !aol 
[12/12/2021 22:29:5] !aol 
[13/12/2021 9:33:14] !aol 
[13/12/2021 11:31:26] !aol 
[13/12/2021 15:5:31] !online 
[13/12/2021 16:3:49] !aol
[14/12/2021 1:8:0] !emotespells on
[14/12/2021 8:19:28] !aol
[14/12/2021 19:4:22] !frags
[17/12/2021 9:14:53] !rank axe 
[18/12/2021 21:48:3] !online 
[16/2/2022 12:3:28] !emotespells off
[16/2/2022 12:3:33] !emotespells off
[16/2/2022 12:3:56] !emotespells off
[16/2/2022 12:7:47] !emotespells off
[16/2/2022 12:8:13] !emotespells off
[16/2/2022 12:8:32] !emotespells on
