[10/12/2021 20:8:19] !aol
[10/12/2021 20:24:20] !wand frigo
[10/12/2021 20:34:21] !aol
[10/12/2021 21:12:34] !wand ice
[10/12/2021 21:34:19] !aol
[10/12/2021 21:54:45] !rank level
[10/12/2021 22:4:43] !aol
[10/12/2021 22:11:0] !aol
[10/12/2021 22:30:7] !wand ice
[10/12/2021 22:49:41] !aol
[10/12/2021 23:32:22] !rank level
[11/12/2021 0:53:41] !rank level
[11/12/2021 1:28:27] !rank magic
[11/12/2021 12:35:54] !rank level
[11/12/2021 12:36:4] !rank level
[11/12/2021 12:53:57] !rank magic
[11/12/2021 13:47:39] !serverinfo
[11/12/2021 19:48:7] !rank magic
[11/12/2021 19:51:32] !rank level
[11/12/2021 21:44:22] !serverinfo
[12/12/2021 0:7:55] !online
[12/12/2021 11:15:6] !wand ice
[12/12/2021 11:21:50] !serverinfo
[12/12/2021 14:37:42] !rank level
[14/12/2021 16:47:48] !serverinfo
[20/12/2021 13:23:30] !online
[20/12/2021 15:25:22] !rank level
[21/12/2021 15:18:2] !serverinfo
[21/12/2021 16:31:0] !wand ice
[22/12/2021 4:13:16] !rank magic
[11/2/2022 16:0:12] !online
[11/2/2022 16:11:0] !aol
[11/2/2022 17:10:26] !serverinfo
[11/2/2022 17:51:20] !aol
[11/2/2022 17:58:29] !aol
[19/5/2022 13:25:5] !aol
[19/5/2022 16:24:21] !online
[24/5/2022 14:3:44] !online
[31/5/2022 14:50:51] !online
[1/6/2022 11:13:38] !aol
[1/6/2022 11:21:57] !aol
[1/6/2022 11:23:44] !aol
[1/6/2022 11:38:43] !aol
[1/6/2022 11:54:0] !aol
[1/6/2022 12:6:22] !aol
[1/6/2022 12:18:42] !aol
[1/6/2022 12:22:7] !aol
[1/6/2022 12:33:35] !aol
