[10/2/2022 20:49:33] !aol
[10/2/2022 20:55:59] !aol
[10/2/2022 21:21:0] !aol
[10/2/2022 21:28:20] !aol
[12/2/2022 13:45:32] !emotespells on
[12/2/2022 13:45:54] !online
[12/2/2022 13:46:13] !aol
[12/2/2022 15:53:52] !aol
[12/2/2022 16:54:24] !frags
[12/2/2022 17:25:14] !aol
[13/2/2022 2:21:43] !aol
[13/2/2022 14:31:11] !aol
[13/2/2022 16:23:36] !frags
[13/2/2022 16:40:53] !frags
[13/2/2022 18:16:5] !aol
[13/2/2022 18:20:17] !frags
[13/2/2022 21:32:54] !aol
[13/2/2022 23:39:52] !aol
[14/2/2022 1:20:17] !aol
[14/2/2022 12:27:15] !aol
[14/2/2022 23:12:55] !frags
[14/2/2022 23:36:32] !frags
[20/2/2022 1:36:21] !addon warrior
