[9/10/2025 20:3:0] >> Loading Password encryption:
[9/10/2025 20:3:0] >>> Using (SHA1) encryption ... (done).
[9/10/2025 20:3:0] >> Loading RSA key
[9/10/2025 20:3:0] >> Starting SQL connection

[9/10/2025 20:3:0] Failed connecting to database - MYSQL ERROR: Access denied for user 'root'@'localhost' (using password: NO) (1045)

[9/10/2025 20:3:0] > ERROR: Couldn't estabilish connection to SQL database!
[9/10/2025 20:3:37] >> Loading Password encryption:
[9/10/2025 20:3:37] >>> Using (SHA1) encryption ... (done).
[9/10/2025 20:3:37] >> Loading RSA key
[9/10/2025 20:3:37] >> Starting SQL connection

[9/10/2025 20:3:37] Failed connecting to database - MYSQL ERROR: Access denied for user 'root'@'localhost' (using password: NO) (1045)

[9/10/2025 20:3:37] > ERROR: Couldn't estabilish connection to SQL database!
[9/10/2025 20:4:0] >> Loading Password encryption:
[9/10/2025 20:4:0] >>> Using (SHA1) encryption ... (done).
[9/10/2025 20:4:0] >> Loading RSA key
[9/10/2025 20:4:0] >> Starting SQL connection

[9/10/2025 20:4:1] Failed connecting to database - MYSQL ERROR: Access denied for user 'root'@'localhost' (using password: NO) (1045)

[9/10/2025 20:4:1] > ERROR: Couldn't estabilish connection to SQL database!
[9/10/2025 20:4:20] >> Loading Password encryption:
[9/10/2025 20:4:20] >>> Using (SHA1) encryption ... (done).
[9/10/2025 20:4:20] >> Loading RSA key
[9/10/2025 20:4:20] >> Starting SQL connection

[9/10/2025 20:4:20] Failed connecting to database - MYSQL ERROR: Access denied for user 'root'@'localhost' (using password: NO) (1045)

[9/10/2025 20:4:20] > ERROR: Couldn't estabilish connection to SQL database!
[9/10/2025 20:5:28] >> Loading Password encryption:
[9/10/2025 20:5:28] >>> Using (SHA1) encryption ... (done).
[9/10/2025 20:5:28] >> Loading RSA key
[9/10/2025 20:5:28] >> Starting SQL connection

[9/10/2025 20:5:28] Failed connecting to database - MYSQL ERROR: Access denied for user 'root'@'localhost' (using password: NO) (1045)

[9/10/2025 20:5:28] > ERROR: Couldn't estabilish connection to SQL database!
[9/10/2025 20:6:33] >> Loading Password encryption:
[9/10/2025 20:6:33] >>> Using (SHA1) encryption ... (done).
[9/10/2025 20:6:33] >> Loading RSA key
[9/10/2025 20:6:33] >> Starting SQL connection

[9/10/2025 20:6:33] Failed connecting to database - MYSQL ERROR: Access denied for user 'root'@'localhost' (using password: NO) (1045)

[9/10/2025 20:6:33] > ERROR: Couldn't estabilish connection to SQL database!
[9/10/2025 20:7:14] >> Loading Password encryption:
[9/10/2025 20:7:14] >>> Using (SHA1) encryption ... (done).
[9/10/2025 20:7:14] >> Loading RSA key
[9/10/2025 20:7:14] >> Starting SQL connection

[9/10/2025 20:7:14] Failed connecting to database - MYSQL ERROR: Access denied for user 'root'@'localhost' (using password: NO) (1045)

[9/10/2025 20:7:14] > ERROR: Couldn't estabilish connection to SQL database!
[9/10/2025 20:11:26] >> Loading Password encryption:
[9/10/2025 20:11:26] >>> Using (SHA1) encryption ... (done).
[9/10/2025 20:11:26] >> Loading RSA key
[9/10/2025 20:11:26] >> Starting SQL connection
[9/10/2025 20:11:26] >> Running Database Manager
[9/10/2025 20:11:28] > Optimizing table: player_skills... [success]
[9/10/2025 20:11:28] >> Checking for duplicated items
[9/10/2025 20:11:28] >> There wasn't duplicated items in the server.
[9/10/2025 20:11:28] >> Loading items (OTB)
[9/10/2025 20:11:28] >> Loading items (XML)
[9/10/2025 20:11:29] [Warning - Items::loadFromXml] Duplicate registered item with id 2873
[9/10/2025 20:11:29] [Warning - Items::loadFromXml] Duplicate registered item with id 9739
[9/10/2025 20:11:29] >> Loading groups
[9/10/2025 20:11:29] >> Loading outfits
[9/10/2025 20:11:29] >> Loading quests
[9/10/2025 20:11:29] >> Loading raids
[9/10/2025 20:11:30] >> Loading vocations
[9/10/2025 20:11:30] >> Loading chat channels
[9/10/2025 20:11:30] >> Loading experience stages
[9/10/2025 20:11:30] >> Loading mods:
[9/10/2025 20:11:32] >>> Loading buypremium.xml ... (done).
[9/10/2025 20:11:32] >>> Loading changender_command.xml ... (done).
[9/10/2025 20:11:33] >>> Loading custommonsters.xml ... (done).
[9/10/2025 20:11:33] >>> Loading exp_potion.xml ... (done).
[9/10/2025 20:11:33] >>> Loading sytems.xml ... (done).
[9/10/2025 20:11:33] >>> (0) mods were disabled.
[9/10/2025 20:11:33] >> Loading script systems:
[9/10/2025 20:11:34] >>> Loading weapons... (done).
[9/10/2025 20:11:34] >>> Preparing weapons... (done).
[9/10/2025 20:11:42] >>> Loading spells... (done).
[9/10/2025 20:11:58] >>> Loading actions... (done).
[9/10/2025 20:12:6] >>> Loading talkactions... [Warning - TalkAction::registerEvent] Duplicate registered talkaction with words: 
[9/10/2025 20:12:8] [Warning - TalkAction::registerEvent] Duplicate registered talkaction with words: 
[9/10/2025 20:12:8] (done).
[9/10/2025 20:12:16] >>> Loading movements... [Error - LuaInterface::loadFile] data/movements/scripts/quests/daily_aviso.lua:54: invalid escape sequence near '"                                                             [+] Daily Quest [+]
[9/10/2025 20:12:16]                                      # Quests Diárias Pharaot #

[9/10/2025 20:12:16] - TUTORIAL -
[9/10/2025 20:12:16] Logo abaixo vocę verá uma alavanca que o levará a Daily Quest
[9/10/2025 20:12:16] Vocę pode ultilizar a alavanca com amigos dentro do quadrado, a uniăo faz a força.
[9/10/2025 20:12:16] Após ŕ 10ş WAVE, todos da sala văo ser teleportados para sala de recompensa.

[9/10/2025 20:12:16] - INFO -
[9/10/2025 20:12:16] Vocę só poderá fazer a Daily ŕ cada 20hrs.
[9/10/2025 20:12:16] Vocę pode fazer a Daily SOLO ou em GRUPO.
[9/10/2025 20:12:16] Na Daily, năo pode atacar outros jogadores.
[9/10/2025 20:12:16] Se morrer, poderá fazer novamente.
[9/10/2025 20:12:16] Se morrer, perde items/exp/skills normalmente.'
[9/10/2025 20:12:16] [Error - Event::checkScript] Cannot load script (data/movements/scripts/quests/daily_aviso.lua)
[9/10/2025 20:12:16] data/movements/scripts/quests/daily_aviso.lua:54: invalid escape sequence near '"                                                             [+] Daily Quest [+]
[9/10/2025 20:12:16]                                      # Quests Diárias Pharaot #

[9/10/2025 20:12:16] - TUTORIAL -
[9/10/2025 20:12:16] Logo abaixo vocę verá uma alavanca que o levará a Daily Quest
[9/10/2025 20:12:16] Vocę pode ultilizar a alavanca com amigos dentro do quadrado, a uniăo faz a força.
[9/10/2025 20:12:16] Após ŕ 10ş WAVE, todos da sala văo ser teleportados para sala de recompensa.

[9/10/2025 20:12:17] - INFO -
[9/10/2025 20:12:17] Vocę só poderá fazer a Daily ŕ cada 20hrs.
[9/10/2025 20:12:17] Vocę pode fazer a Daily SOLO ou em GRUPO.
[9/10/2025 20:12:17] Na Daily, năo pode atacar outros jogadores.
[9/10/2025 20:12:17] Se morrer, poderá fazer novamente.
[9/10/2025 20:12:17] Se morrer, perde items/exp/skills normalmente.'
[9/10/2025 20:12:23] (done).
[9/10/2025 20:12:31] >>> Loading creaturescripts... (done).
[9/10/2025 20:12:35] >>> Loading globalscripts... (done).
[9/10/2025 20:12:35] >> Loading monsters
[9/10/2025 20:12:58] >> Loading npcs
[9/10/2025 20:12:58] >> Loading raids
[9/10/2025 20:12:58] >> Loading map and spawns...
[9/10/2025 20:12:59] >>> Map size: 65000x65000.
[9/10/2025 20:13:8] >>> Map descriptions: - "Saved with Remere's Map Editor 3.7.0" - "Styller-OTs 2023"
[9/10/2025 20:13:8] >>> Loading time: 10.375 seconds.
[9/10/2025 20:13:9] [Error - LuaInterface::loadFile] data/npc/scripts/itens.lua:22: invalid escape sequence near ''Voc'
[9/10/2025 20:13:9] [Warning - NpcEvents::NpcEvents] Cannot load script: data/npc/scripts/itens.lua
[9/10/2025 20:13:9] data/npc/scripts/itens.lua:22: invalid escape sequence near ''Voc'
[9/10/2025 20:13:12] [Error - LuaInterface::loadFile] data/npc/scripts/itens.lua:22: invalid escape sequence near ''Voc'
[9/10/2025 20:13:12] [Warning - NpcEvents::NpcEvents] Cannot load script: data/npc/scripts/itens.lua
[9/10/2025 20:13:12] data/npc/scripts/itens.lua:22: invalid escape sequence near ''Voc'
[9/10/2025 20:13:12] [Warning - Npc::createNpc] Cannot find npc with name: Sirik.
[9/10/2025 20:13:14] >>> Parsing time: 5.701 seconds.
[9/10/2025 20:13:15] >>> Synchronization time: 1.233 seconds.
[9/10/2025 20:13:15] >>> Unserialization time: 0.038 seconds.
[9/10/2025 20:13:15] >> Checking world type... Open PvP
[9/10/2025 20:13:15] >> Starting to dominate the world... done.
[9/10/2025 20:13:15] >> Initializing game state and binding services:

[9/10/2025 20:13:16] >> Everything smells good, server is starting up...
[9/10/2025 20:13:17] >> NewStyller 8.6 server Online!

[9/10/2025 22:23:56] >> Loading Password encryption:
[9/10/2025 22:23:56] >>> Using (SHA1) encryption ... (done).
[9/10/2025 22:23:56] >> Loading RSA key
[9/10/2025 22:23:56] >> Starting SQL connection
[9/10/2025 22:23:56] >> Running Database Manager
[9/10/2025 22:23:58] > Optimizing table: player_skills... [success]
[9/10/2025 22:23:58] >> Checking for duplicated items
[9/10/2025 22:23:58] >> There wasn't duplicated items in the server.
[9/10/2025 22:23:58] >> Loading items (OTB)
[9/10/2025 22:23:58] >> Loading items (XML)
[9/10/2025 22:23:58] [Warning - Items::loadFromXml] Duplicate registered item with id 2873
[9/10/2025 22:23:58] [Warning - Items::loadFromXml] Duplicate registered item with id 9739
[9/10/2025 22:23:58] >> Loading groups
[9/10/2025 22:23:58] >> Loading outfits
[9/10/2025 22:23:58] >> Loading quests
[9/10/2025 22:23:58] >> Loading raids
[9/10/2025 22:23:58] >> Loading vocations
[9/10/2025 22:23:58] >> Loading chat channels
[9/10/2025 22:23:58] >> Loading experience stages
[9/10/2025 22:23:58] >> Loading mods:
[9/10/2025 22:23:58] >>> Loading buypremium.xml ... (done).
[9/10/2025 22:23:58] >>> Loading changender_command.xml ... (done).
[9/10/2025 22:23:58] >>> Loading custommonsters.xml ... (done).
[9/10/2025 22:23:58] >>> Loading exp_potion.xml ... (done).
[9/10/2025 22:23:59] >>> Loading sytems.xml ... (done).
[9/10/2025 22:23:59] >>> (0) mods were disabled.
[9/10/2025 22:23:59] >> Loading script systems:
[9/10/2025 22:23:59] >>> Loading weapons... (done).
[9/10/2025 22:23:59] >>> Preparing weapons... (done).
[9/10/2025 22:24:2] >>> Loading spells... (done).
[9/10/2025 22:24:9] >>> Loading actions... (done).
[9/10/2025 22:24:11] >>> Loading talkactions... [Warning - TalkAction::registerEvent] Duplicate registered talkaction with words: 
[9/10/2025 22:24:11] [Warning - TalkAction::registerEvent] Duplicate registered talkaction with words: 
[9/10/2025 22:24:11] (done).
[9/10/2025 22:24:13] >>> Loading movements... [Error - LuaInterface::loadFile] data/movements/scripts/quests/daily_aviso.lua:54: invalid escape sequence near '"                                                             [+] Daily Quest [+]
[9/10/2025 22:24:13]                                      # Quests Diárias Pharaot #

[9/10/2025 22:24:13] - TUTORIAL -
[9/10/2025 22:24:13] Logo abaixo vocę verá uma alavanca que o levará a Daily Quest
[9/10/2025 22:24:13] Vocę pode ultilizar a alavanca com amigos dentro do quadrado, a uniăo faz a força.
[9/10/2025 22:24:13] Após ŕ 10ş WAVE, todos da sala văo ser teleportados para sala de recompensa.

[9/10/2025 22:24:13] - INFO -
[9/10/2025 22:24:13] Vocę só poderá fazer a Daily ŕ cada 20hrs.
[9/10/2025 22:24:13] Vocę pode fazer a Daily SOLO ou em GRUPO.
[9/10/2025 22:24:13] Na Daily, năo pode atacar outros jogadores.
[9/10/2025 22:24:13] Se morrer, poderá fazer novamente.
[9/10/2025 22:24:13] Se morrer, perde items/exp/skills normalmente.'
[9/10/2025 22:24:13] [Error - Event::checkScript] Cannot load script (data/movements/scripts/quests/daily_aviso.lua)
[9/10/2025 22:24:13] data/movements/scripts/quests/daily_aviso.lua:54: invalid escape sequence near '"                                                             [+] Daily Quest [+]
[9/10/2025 22:24:13]                                      # Quests Diárias Pharaot #

[9/10/2025 22:24:13] - TUTORIAL -
[9/10/2025 22:24:13] Logo abaixo vocę verá uma alavanca que o levará a Daily Quest
[9/10/2025 22:24:13] Vocę pode ultilizar a alavanca com amigos dentro do quadrado, a uniăo faz a força.
[9/10/2025 22:24:13] Após ŕ 10ş WAVE, todos da sala văo ser teleportados para sala de recompensa.

[9/10/2025 22:24:13] - INFO -
[9/10/2025 22:24:13] Vocę só poderá fazer a Daily ŕ cada 20hrs.
[9/10/2025 22:24:13] Vocę pode fazer a Daily SOLO ou em GRUPO.
[9/10/2025 22:24:13] Na Daily, năo pode atacar outros jogadores.
[9/10/2025 22:24:13] Se morrer, poderá fazer novamente.
[9/10/2025 22:24:13] Se morrer, perde items/exp/skills normalmente.'
[9/10/2025 22:24:18] (done).
[9/10/2025 22:24:21] >>> Loading creaturescripts... (done).
[9/10/2025 22:24:22] >>> Loading globalscripts... (done).
[9/10/2025 22:24:22] >> Loading monsters
[9/10/2025 22:24:22] >> Loading npcs
[9/10/2025 22:24:22] >> Loading raids
[9/10/2025 22:24:22] >> Loading map and spawns...
[9/10/2025 22:24:24] >>> Map size: 65000x65000.
[9/10/2025 22:24:31] >>> Map descriptions: - "Saved with Remere's Map Editor 3.7.0" - "Styller-OTs 2023"
[9/10/2025 22:24:31] >>> Loading time: 8.736 seconds.
[9/10/2025 22:24:31] [Error - LuaInterface::loadFile] data/npc/scripts/itens.lua:22: invalid escape sequence near ''Voc'
[9/10/2025 22:24:31] [Warning - NpcEvents::NpcEvents] Cannot load script: data/npc/scripts/itens.lua
[9/10/2025 22:24:31] data/npc/scripts/itens.lua:22: invalid escape sequence near ''Voc'
[9/10/2025 22:24:32] [Error - LuaInterface::loadFile] data/npc/scripts/itens.lua:22: invalid escape sequence near ''Voc'
[9/10/2025 22:24:32] [Warning - NpcEvents::NpcEvents] Cannot load script: data/npc/scripts/itens.lua
[9/10/2025 22:24:32] data/npc/scripts/itens.lua:22: invalid escape sequence near ''Voc'
[9/10/2025 22:24:32] [Warning - Npc::createNpc] Cannot find npc with name: Sirik.
[9/10/2025 22:24:32] >>> Parsing time: 1.03 seconds.
[9/10/2025 22:24:32] >>> Synchronization time: 0.116 seconds.
[9/10/2025 22:24:32] >>> Unserialization time: 0.023 seconds.
[9/10/2025 22:24:32] >> Checking world type... Open PvP
[9/10/2025 22:24:32] >> Starting to dominate the world... done.
[9/10/2025 22:24:32] >> Initializing game state and binding services:

[9/10/2025 22:24:33] >> Everything smells good, server is starting up...
[9/10/2025 22:24:34] >> NewStyller 8.6 server Online!

[9/10/2025 23:30:25] > Broadcasted message: "Scarlett Etzel has just been summoned in the city of Edron, you bastard. Defend Erdon's academy.".
[9/10/2025 23:31:14] > Broadcasted message: "Scarlett Etzel is coming to smack the bastard Tibian back.".
[9/10/2025 23:31:24] > Broadcasted message: "Scarlett Etzel was born, don't count on me. If you're a man, go guarantee your COBRA item. She was born in Edron.".
[9/10/2025 23:31:24] [Error - SingleSpawnEvent::executeEvent] Cannot spawn monster Scarlett Etzel
[9/10/2025 23:40:25] > Broadcasted message: "Prepare-se, o Boss Thul acaba de nascer na Sala de invocaçăo".
[10/10/2025 13:1:6] >> Loading Password encryption:
[10/10/2025 13:1:6] >>> Using (SHA1) encryption ... (done).
[10/10/2025 13:1:6] >> Loading RSA key
[10/10/2025 13:1:6] >> Starting SQL connection
[10/10/2025 13:20:11] >> Loading Password encryption:
[10/10/2025 13:20:11] >>> Using (SHA1) encryption ... (done).
[10/10/2025 13:20:11] >> Loading RSA key
[10/10/2025 13:20:11] >> Starting SQL connection
[10/10/2025 13:20:11] >> Running Database Manager
[10/10/2025 13:20:14] > Optimizing table: player_skills... [success]
[10/10/2025 13:20:14] >> Checking for duplicated items
[10/10/2025 13:20:14] >> There wasn't duplicated items in the server.
[10/10/2025 13:20:14] >> Loading items (OTB)
[10/10/2025 13:20:14] >> Loading items (XML)
[10/10/2025 13:20:14] [Warning - Items::loadFromXml] Duplicate registered item with id 2873
[10/10/2025 13:20:14] [Warning - Items::loadFromXml] Duplicate registered item with id 9739
[10/10/2025 13:20:14] >> Loading groups
[10/10/2025 13:20:14] >> Loading outfits
[10/10/2025 13:20:14] [Warning - Outfits::parseOutfitNode] Duplicated outfit for gender 1 with lookType 117
[10/10/2025 13:20:14] [Warning - Outfits::parseOutfitNode] Duplicated outfit for gender 0 with lookType 117
[10/10/2025 13:20:14] [Warning - Outfits::parseOutfitNode] Duplicated outfit for gender 1 with lookType 118
[10/10/2025 13:20:14] [Warning - Outfits::parseOutfitNode] Duplicated outfit for gender 0 with lookType 118
[10/10/2025 13:20:14] [Warning - Outfits::parseOutfitNode] Duplicated outfit for gender 1 with lookType 119
[10/10/2025 13:20:14] [Warning - Outfits::parseOutfitNode] Duplicated outfit for gender 0 with lookType 119
[10/10/2025 13:20:14] >> Loading quests
[10/10/2025 13:20:14] >> Loading raids
[10/10/2025 13:20:15] >> Loading vocations
[10/10/2025 13:20:15] >> Loading chat channels
[10/10/2025 13:20:15] >> Loading experience stages
[10/10/2025 13:20:15] >> Loading mods:
[10/10/2025 13:20:17] >>> Loading buypremium.xml ... (done).
[10/10/2025 13:20:17] >>> Loading changender_command.xml ... (done).
[10/10/2025 13:20:17] >>> Loading custommonsters.xml ... (done).
[10/10/2025 13:20:17] >>> Loading exp_potion.xml ... (done).
[10/10/2025 13:20:17] >>> Loading sytems.xml ... (done).
[10/10/2025 13:20:17] >>> (0) mods were disabled.
[10/10/2025 13:20:17] >> Loading script systems:
[10/10/2025 13:20:18] >>> Loading weapons... (done).
[10/10/2025 13:20:18] >>> Preparing weapons... (done).
[10/10/2025 13:20:53] >> Loading Password encryption:
[10/10/2025 13:20:53] >>> Using (SHA1) encryption ... (done).
[10/10/2025 13:20:53] >> Loading RSA key
[10/10/2025 13:20:53] >> Starting SQL connection
[10/10/2025 13:20:53] >> Running Database Manager
[10/10/2025 13:20:54] > Optimizing table: player_skills... [success]
[10/10/2025 13:20:54] >> Checking for duplicated items
[10/10/2025 13:20:54] >> There wasn't duplicated items in the server.
[10/10/2025 13:20:54] >> Loading items (OTB)
[10/10/2025 13:20:54] >> Loading items (XML)
[10/10/2025 13:20:54] [Warning - Items::loadFromXml] Duplicate registered item with id 2873
[10/10/2025 13:20:55] [Warning - Items::loadFromXml] Duplicate registered item with id 9739
[10/10/2025 13:20:55] >> Loading groups
[10/10/2025 13:20:55] >> Loading outfits
[10/10/2025 13:20:55] >> Loading quests
[10/10/2025 13:20:55] >> Loading raids
[10/10/2025 13:20:55] >> Loading vocations
[10/10/2025 13:20:55] >> Loading chat channels
[10/10/2025 13:20:55] >> Loading experience stages
[10/10/2025 13:20:55] >> Loading mods:
[10/10/2025 13:20:55] >>> Loading buypremium.xml ... (done).
[10/10/2025 13:20:55] >>> Loading changender_command.xml ... (done).
[10/10/2025 13:20:55] >>> Loading custommonsters.xml ... (done).
[10/10/2025 13:20:55] >>> Loading exp_potion.xml ... (done).
[10/10/2025 13:20:55] >>> Loading sytems.xml ... (done).
[10/10/2025 13:20:55] >>> (0) mods were disabled.
[10/10/2025 13:20:55] >> Loading script systems:
[10/10/2025 13:20:56] >>> Loading weapons... (done).
[10/10/2025 13:20:56] >>> Preparing weapons... (done).
[10/10/2025 13:20:59] >>> Loading spells... (done).
[10/10/2025 13:21:8] >>> Loading actions... (done).
[10/10/2025 13:21:12] >>> Loading talkactions... [Warning - TalkAction::registerEvent] Duplicate registered talkaction with words: 
[10/10/2025 13:21:12] [Warning - TalkAction::registerEvent] Duplicate registered talkaction with words: 
[10/10/2025 13:21:12] (done).
[10/10/2025 13:21:15] >>> Loading movements... [Error - LuaInterface::loadFile] data/movements/scripts/quests/daily_aviso.lua:54: invalid escape sequence near '"                                                             [+] Daily Quest [+]
[10/10/2025 13:21:15]                                      # Quests Diárias Pharaot #

[10/10/2025 13:21:15] - TUTORIAL -
[10/10/2025 13:21:15] Logo abaixo vocę verá uma alavanca que o levará a Daily Quest
[10/10/2025 13:21:15] Vocę pode ultilizar a alavanca com amigos dentro do quadrado, a uniăo faz a força.
[10/10/2025 13:21:15] Após ŕ 10ş WAVE, todos da sala văo ser teleportados para sala de recompensa.

[10/10/2025 13:21:15] - INFO -
[10/10/2025 13:21:15] Vocę só poderá fazer a Daily ŕ cada 20hrs.
[10/10/2025 13:21:15] Vocę pode fazer a Daily SOLO ou em GRUPO.
[10/10/2025 13:21:15] Na Daily, năo pode atacar outros jogadores.
[10/10/2025 13:21:15] Se morrer, poderá fazer novamente.
[10/10/2025 13:21:15] Se morrer, perde items/exp/skills normalmente.'
[10/10/2025 13:21:15] [Error - Event::checkScript] Cannot load script (data/movements/scripts/quests/daily_aviso.lua)
[10/10/2025 13:21:15] data/movements/scripts/quests/daily_aviso.lua:54: invalid escape sequence near '"                                                             [+] Daily Quest [+]
[10/10/2025 13:21:15]                                      # Quests Diárias Pharaot #

[10/10/2025 13:21:15] - TUTORIAL -
[10/10/2025 13:21:15] Logo abaixo vocę verá uma alavanca que o levará a Daily Quest
[10/10/2025 13:21:15] Vocę pode ultilizar a alavanca com amigos dentro do quadrado, a uniăo faz a força.
[10/10/2025 13:21:15] Após ŕ 10ş WAVE, todos da sala văo ser teleportados para sala de recompensa.

[10/10/2025 13:21:15] - INFO -
[10/10/2025 13:21:15] Vocę só poderá fazer a Daily ŕ cada 20hrs.
[10/10/2025 13:21:15] Vocę pode fazer a Daily SOLO ou em GRUPO.
[10/10/2025 13:21:15] Na Daily, năo pode atacar outros jogadores.
[10/10/2025 13:21:15] Se morrer, poderá fazer novamente.
[10/10/2025 13:21:15] Se morrer, perde items/exp/skills normalmente.'
[10/10/2025 13:21:20] (done).
[10/10/2025 13:21:24] >>> Loading creaturescripts... (done).
[10/10/2025 13:21:25] >>> Loading globalscripts... (done).
[10/10/2025 13:21:25] >> Loading monsters
[10/10/2025 13:21:32] >> Loading npcs
[10/10/2025 13:21:32] >> Loading raids
[10/10/2025 13:21:32] >> Loading map and spawns...
[10/10/2025 13:21:34] >>> Map size: 65000x65000.
[10/10/2025 13:21:41] >>> Map descriptions: - "Saved with Remere's Map Editor 3.7.0" - "Styller-OTs 2023"
[10/10/2025 13:21:41] >>> Loading time: 9.127 seconds.
[10/10/2025 13:21:42] [Error - LuaInterface::loadFile] data/npc/scripts/itens.lua:22: invalid escape sequence near ''Voc'
[10/10/2025 13:21:42] [Warning - NpcEvents::NpcEvents] Cannot load script: data/npc/scripts/itens.lua
[10/10/2025 13:21:42] data/npc/scripts/itens.lua:22: invalid escape sequence near ''Voc'
[10/10/2025 13:21:43] [Error - LuaInterface::loadFile] data/npc/scripts/itens.lua:22: invalid escape sequence near ''Voc'
[10/10/2025 13:21:43] [Warning - NpcEvents::NpcEvents] Cannot load script: data/npc/scripts/itens.lua
[10/10/2025 13:21:43] data/npc/scripts/itens.lua:22: invalid escape sequence near ''Voc'
[10/10/2025 13:21:43] [Warning - Npc::createNpc] Cannot find npc with name: Sirik.
[10/10/2025 13:21:44] >>> Parsing time: 2.127 seconds.
[10/10/2025 13:21:44] >>> Synchronization time: 0.266 seconds.
[10/10/2025 13:21:44] >>> Unserialization time: 0.033 seconds.
[10/10/2025 13:21:44] >> Checking world type... Open PvP
[10/10/2025 13:21:44] >> Starting to dominate the world... done.
[10/10/2025 13:21:44] >> Initializing game state and binding services:

[10/10/2025 13:21:45] >> Everything smells good, server is starting up...
[10/10/2025 13:21:46] >> NewStyller 8.6 server Online!

[10/10/2025 13:31:49] >> Loading Password encryption:
[10/10/2025 13:31:49] >>> Using (SHA1) encryption ... (done).
[10/10/2025 13:31:49] >> Loading RSA key
[10/10/2025 13:31:49] >> Starting SQL connection
[10/10/2025 13:31:49] >> Running Database Manager
[10/10/2025 13:31:51] > Optimizing table: player_skills... [success]
[10/10/2025 13:31:51] >> Checking for duplicated items
[10/10/2025 13:31:51] >> There wasn't duplicated items in the server.
[10/10/2025 13:31:51] >> Loading items (OTB)
[10/10/2025 13:31:51] >> Loading items (XML)
[10/10/2025 13:31:51] [Warning - Items::loadFromXml] Duplicate registered item with id 2873
[10/10/2025 13:31:51] [Warning - Items::loadFromXml] Duplicate registered item with id 9739
[10/10/2025 13:31:51] >> Loading groups
[10/10/2025 13:31:51] >> Loading outfits
[10/10/2025 13:31:51] >> Loading quests
[10/10/2025 13:31:51] >> Loading raids
[10/10/2025 13:31:51] >> Loading vocations
[10/10/2025 13:31:51] >> Loading chat channels
[10/10/2025 13:31:51] >> Loading experience stages
[10/10/2025 13:31:51] >> Loading mods:
[10/10/2025 13:31:51] >>> Loading buypremium.xml ... (done).
[10/10/2025 13:31:51] >>> Loading changender_command.xml ... (done).
[10/10/2025 13:31:51] >>> Loading custommonsters.xml ... (done).
[10/10/2025 13:31:51] >>> Loading exp_potion.xml ... (done).
[10/10/2025 13:31:52] >>> Loading sytems.xml ... (done).
[10/10/2025 13:31:52] >>> (0) mods were disabled.
[10/10/2025 13:31:52] >> Loading script systems:
[10/10/2025 13:31:52] >>> Loading weapons... (done).
[10/10/2025 13:31:52] >>> Preparing weapons... (done).
[10/10/2025 13:31:55] >>> Loading spells... (done).
[10/10/2025 13:32:2] >>> Loading actions... (done).
[10/10/2025 13:32:4] >>> Loading talkactions... [Warning - TalkAction::registerEvent] Duplicate registered talkaction with words: 
[10/10/2025 13:32:4] [Warning - TalkAction::registerEvent] Duplicate registered talkaction with words: 
[10/10/2025 13:32:4] (done).
[10/10/2025 13:32:6] >>> Loading movements... [Error - LuaInterface::loadFile] data/movements/scripts/quests/daily_aviso.lua:54: invalid escape sequence near '"                                                             [+] Daily Quest [+]
[10/10/2025 13:32:6]                                      # Quests Diárias Pharaot #

[10/10/2025 13:32:6] - TUTORIAL -
[10/10/2025 13:32:6] Logo abaixo vocę verá uma alavanca que o levará a Daily Quest
[10/10/2025 13:32:6] Vocę pode ultilizar a alavanca com amigos dentro do quadrado, a uniăo faz a força.
[10/10/2025 13:32:6] Após ŕ 10ş WAVE, todos da sala văo ser teleportados para sala de recompensa.

[10/10/2025 13:32:6] - INFO -
[10/10/2025 13:32:6] Vocę só poderá fazer a Daily ŕ cada 20hrs.
[10/10/2025 13:32:6] Vocę pode fazer a Daily SOLO ou em GRUPO.
[10/10/2025 13:32:6] Na Daily, năo pode atacar outros jogadores.
[10/10/2025 13:32:6] Se morrer, poderá fazer novamente.
[10/10/2025 13:32:6] Se morrer, perde items/exp/skills normalmente.'
[10/10/2025 13:32:6] [Error - Event::checkScript] Cannot load script (data/movements/scripts/quests/daily_aviso.lua)
[10/10/2025 13:32:6] data/movements/scripts/quests/daily_aviso.lua:54: invalid escape sequence near '"                                                             [+] Daily Quest [+]
[10/10/2025 13:32:6]                                      # Quests Diárias Pharaot #

[10/10/2025 13:32:6] - TUTORIAL -
[10/10/2025 13:32:6] Logo abaixo vocę verá uma alavanca que o levará a Daily Quest
[10/10/2025 13:32:6] Vocę pode ultilizar a alavanca com amigos dentro do quadrado, a uniăo faz a força.
[10/10/2025 13:32:6] Após ŕ 10ş WAVE, todos da sala văo ser teleportados para sala de recompensa.

[10/10/2025 13:32:6] - INFO -
[10/10/2025 13:32:6] Vocę só poderá fazer a Daily ŕ cada 20hrs.
[10/10/2025 13:32:6] Vocę pode fazer a Daily SOLO ou em GRUPO.
[10/10/2025 13:32:6] Na Daily, năo pode atacar outros jogadores.
[10/10/2025 13:32:6] Se morrer, poderá fazer novamente.
[10/10/2025 13:32:6] Se morrer, perde items/exp/skills normalmente.'
[10/10/2025 13:32:11] (done).
[10/10/2025 13:32:14] >>> Loading creaturescripts... (done).
[10/10/2025 13:32:15] >>> Loading globalscripts... (done).
[10/10/2025 13:32:15] >> Loading monsters
[10/10/2025 13:32:16] >> Loading npcs
[10/10/2025 13:32:16] >> Loading raids
[10/10/2025 13:32:16] >> Loading map and spawns...
[10/10/2025 13:32:17] >>> Map size: 65000x65000.
[10/10/2025 13:32:26] >>> Map descriptions: - "Saved with Remere's Map Editor 3.7.0" - "Styller-OTs 2023"
[10/10/2025 13:32:26] >>> Loading time: 10.09 seconds.
[10/10/2025 13:32:26] [Error - LuaInterface::loadFile] data/npc/scripts/itens.lua:22: invalid escape sequence near ''Voc'
[10/10/2025 13:32:26] [Warning - NpcEvents::NpcEvents] Cannot load script: data/npc/scripts/itens.lua
[10/10/2025 13:32:26] data/npc/scripts/itens.lua:22: invalid escape sequence near ''Voc'
[10/10/2025 13:32:26] [Error - LuaInterface::loadFile] data/npc/scripts/itens.lua:22: invalid escape sequence near ''Voc'
[10/10/2025 13:32:26] [Warning - NpcEvents::NpcEvents] Cannot load script: data/npc/scripts/itens.lua
[10/10/2025 13:32:26] data/npc/scripts/itens.lua:22: invalid escape sequence near ''Voc'
[10/10/2025 13:32:27] [Warning - Npc::createNpc] Cannot find npc with name: Sirik.
[10/10/2025 13:32:27] >>> Parsing time: 1.094 seconds.
[10/10/2025 13:32:27] >>> Synchronization time: 0.172 seconds.
[10/10/2025 13:32:27] >>> Unserialization time: 0.077 seconds.
[10/10/2025 13:32:27] >> Checking world type... Open PvP
[10/10/2025 13:32:27] >> Starting to dominate the world... done.
[10/10/2025 13:32:27] >> Initializing game state and binding services:

[10/10/2025 13:32:28] >> Everything smells good, server is starting up...
[10/10/2025 13:32:29] >> NewStyller 8.6 server Online!

[10/10/2025 16:48:40] >> Loading Password encryption:
[10/10/2025 16:48:40] >>> Using (SHA1) encryption ... (done).
[10/10/2025 16:48:40] >> Loading RSA key
[10/10/2025 16:48:40] >> Starting SQL connection
[10/10/2025 16:48:40] >> Running Database Manager
[10/10/2025 16:48:41] > Optimizing table: player_skills... [success]
[10/10/2025 16:48:41] >> Checking for duplicated items
[10/10/2025 16:48:41] >> There wasn't duplicated items in the server.
[10/10/2025 16:48:41] >> Loading items (OTB)
[10/10/2025 16:48:41] >> Loading items (XML)
[10/10/2025 16:48:41] [Warning - Items::loadFromXml] Duplicate registered item with id 2873
[10/10/2025 16:48:41] [Warning - Items::loadFromXml] Duplicate registered item with id 9739
[10/10/2025 16:48:41] >> Loading groups
[10/10/2025 16:48:41] >> Loading outfits
[10/10/2025 16:48:41] >> Loading quests
[10/10/2025 16:48:41] >> Loading raids
[10/10/2025 16:48:41] >> Loading vocations
[10/10/2025 16:48:41] >> Loading chat channels
[10/10/2025 16:48:41] >> Loading experience stages
[10/10/2025 16:48:41] >> Loading mods:
[10/10/2025 16:48:41] >>> Loading buypremium.xml ... (done).
[10/10/2025 16:48:41] >>> Loading changender_command.xml ... (done).
[10/10/2025 16:48:41] >>> Loading custommonsters.xml ... (done).
[10/10/2025 16:48:41] >>> Loading exp_potion.xml ... (done).
[10/10/2025 16:48:42] >>> Loading sytems.xml ... (done).
[10/10/2025 16:48:42] >>> (0) mods were disabled.
[10/10/2025 16:48:42] >> Loading script systems:
[10/10/2025 16:48:42] >>> Loading weapons... (done).
[10/10/2025 16:48:42] >>> Preparing weapons... (done).
[10/10/2025 16:48:45] >>> Loading spells... (done).
[10/10/2025 16:48:52] >>> Loading actions... (done).
[10/10/2025 16:48:54] >>> Loading talkactions... [Warning - TalkAction::registerEvent] Duplicate registered talkaction with words: 
[10/10/2025 16:48:54] [Warning - TalkAction::registerEvent] Duplicate registered talkaction with words: 
[10/10/2025 16:48:54] (done).
[10/10/2025 16:48:56] >>> Loading movements... [Error - LuaInterface::loadFile] data/movements/scripts/quests/daily_aviso.lua:54: invalid escape sequence near '"                                                             [+] Daily Quest [+]
[10/10/2025 16:48:56]                                      # Quests Diárias Pharaot #

[10/10/2025 16:48:56] - TUTORIAL -
[10/10/2025 16:48:56] Logo abaixo vocę verá uma alavanca que o levará a Daily Quest
[10/10/2025 16:48:56] Vocę pode ultilizar a alavanca com amigos dentro do quadrado, a uniăo faz a força.
[10/10/2025 16:48:56] Após ŕ 10ş WAVE, todos da sala văo ser teleportados para sala de recompensa.

[10/10/2025 16:48:56] - INFO -
[10/10/2025 16:48:56] Vocę só poderá fazer a Daily ŕ cada 20hrs.
[10/10/2025 16:48:56] Vocę pode fazer a Daily SOLO ou em GRUPO.
[10/10/2025 16:48:56] Na Daily, năo pode atacar outros jogadores.
[10/10/2025 16:48:56] Se morrer, poderá fazer novamente.
[10/10/2025 16:48:56] Se morrer, perde items/exp/skills normalmente.'
[10/10/2025 16:48:56] [Error - Event::checkScript] Cannot load script (data/movements/scripts/quests/daily_aviso.lua)
[10/10/2025 16:48:56] data/movements/scripts/quests/daily_aviso.lua:54: invalid escape sequence near '"                                                             [+] Daily Quest [+]
[10/10/2025 16:48:56]                                      # Quests Diárias Pharaot #

[10/10/2025 16:48:56] - TUTORIAL -
[10/10/2025 16:48:56] Logo abaixo vocę verá uma alavanca que o levará a Daily Quest
[10/10/2025 16:48:57] Vocę pode ultilizar a alavanca com amigos dentro do quadrado, a uniăo faz a força.
[10/10/2025 16:48:57] Após ŕ 10ş WAVE, todos da sala văo ser teleportados para sala de recompensa.

[10/10/2025 16:48:57] - INFO -
[10/10/2025 16:48:57] Vocę só poderá fazer a Daily ŕ cada 20hrs.
[10/10/2025 16:48:57] Vocę pode fazer a Daily SOLO ou em GRUPO.
[10/10/2025 16:48:57] Na Daily, năo pode atacar outros jogadores.
[10/10/2025 16:48:57] Se morrer, poderá fazer novamente.
[10/10/2025 16:48:57] Se morrer, perde items/exp/skills normalmente.'
[10/10/2025 16:49:2] (done).
[10/10/2025 16:49:4] >>> Loading creaturescripts... (done).
[10/10/2025 16:49:5] >>> Loading globalscripts... (done).
[10/10/2025 16:49:5] >> Loading monsters
[10/10/2025 16:49:6] >> Loading npcs
[10/10/2025 16:49:6] >> Loading raids
[10/10/2025 16:49:6] >> Loading map and spawns...
[10/10/2025 16:49:7] >>> Map size: 65000x65000.
[10/10/2025 16:49:16] >>> Map descriptions: - "Saved with Remere's Map Editor 3.7.0" - "Styller-OTs 2023"
[10/10/2025 16:49:16] >>> Loading time: 10.116 seconds.
[10/10/2025 16:49:16] [Error - LuaInterface::loadFile] data/npc/scripts/itens.lua:22: invalid escape sequence near ''Voc'
[10/10/2025 16:49:16] [Warning - NpcEvents::NpcEvents] Cannot load script: data/npc/scripts/itens.lua
[10/10/2025 16:49:17] data/npc/scripts/itens.lua:22: invalid escape sequence near ''Voc'
[10/10/2025 16:49:17] [Error - LuaInterface::loadFile] data/npc/scripts/itens.lua:22: invalid escape sequence near ''Voc'
[10/10/2025 16:49:17] [Warning - NpcEvents::NpcEvents] Cannot load script: data/npc/scripts/itens.lua
[10/10/2025 16:49:17] data/npc/scripts/itens.lua:22: invalid escape sequence near ''Voc'
[10/10/2025 16:49:17] [Warning - Npc::createNpc] Cannot find npc with name: Sirik.
[10/10/2025 16:49:17] >>> Parsing time: 1.101 seconds.
[10/10/2025 16:49:17] >>> Synchronization time: 0.128 seconds.
[10/10/2025 16:49:17] >>> Unserialization time: 0.026 seconds.
[10/10/2025 16:49:17] >> Checking world type... Open PvP
[10/10/2025 16:49:17] >> Starting to dominate the world... done.
[10/10/2025 16:49:17] >> Initializing game state and binding services:

[10/10/2025 16:49:18] >> Everything smells good, server is starting up...
[10/10/2025 16:49:19] >> NewStyller 8.6 server Online!

[10/10/2025 17:0:7] > Broadcasted message: "Piratas estao fazendo um ataque surpresa em Blood City! Tome cuidado, eles parecem estar em toda parte.".
[10/10/2025 17:0:16] > Broadcasted message: "Piratas invadiram a cidade.".
[11/10/2025 15:22:43] >> Loading Password encryption:
[11/10/2025 15:22:43] >>> Using (SHA1) encryption ... (done).
[11/10/2025 15:22:43] >> Loading RSA key
[11/10/2025 15:22:43] >> Starting SQL connection
[11/10/2025 15:22:43] >> Running Database Manager
[11/10/2025 15:22:46] > Optimizing table: player_skills... [success]
[11/10/2025 15:22:46] >> Checking for duplicated items
[11/10/2025 15:22:46] >> There wasn't duplicated items in the server.
[11/10/2025 15:22:46] >> Loading items (OTB)
[11/10/2025 15:22:46] >> Loading items (XML)
[11/10/2025 15:22:46] [Warning - Items::loadFromXml] Duplicate registered item with id 2873
[11/10/2025 15:22:46] [Warning - Items::loadFromXml] Duplicate registered item with id 9739
[11/10/2025 15:22:46] >> Loading groups
[11/10/2025 15:22:46] >> Loading outfits
[11/10/2025 15:22:46] >> Loading quests
[11/10/2025 15:22:46] >> Loading raids
[11/10/2025 15:22:47] >> Loading vocations
[11/10/2025 15:22:47] >> Loading chat channels
[11/10/2025 15:22:47] >> Loading experience stages
[11/10/2025 15:22:47] >> Loading mods:
[11/10/2025 15:22:48] >>> Loading buypremium.xml ... (done).
[11/10/2025 15:22:48] >>> Loading changender_command.xml ... (done).
[11/10/2025 15:22:48] >>> Loading custommonsters.xml ... (done).
[11/10/2025 15:22:48] >>> Loading exp_potion.xml ... (done).
[11/10/2025 15:22:49] >>> Loading sytems.xml ... (done).
[11/10/2025 15:22:49] >>> (0) mods were disabled.
[11/10/2025 15:22:49] >> Loading script systems:
[11/10/2025 15:22:49] >>> Loading weapons... (done).
[11/10/2025 15:22:49] >>> Preparing weapons... (done).
[11/10/2025 15:22:54] >>> Loading spells... (done).
[11/10/2025 15:23:4] >>> Loading actions... (done).
[11/10/2025 15:23:8] >>> Loading talkactions... [Warning - TalkAction::registerEvent] Duplicate registered talkaction with words: 
[11/10/2025 15:23:9] [Warning - TalkAction::registerEvent] Duplicate registered talkaction with words: 
[11/10/2025 15:23:9] (done).
[11/10/2025 15:23:12] >>> Loading movements... [Error - LuaInterface::loadFile] data/movements/scripts/quests/daily_aviso.lua:54: invalid escape sequence near '"                                                             [+] Daily Quest [+]
[11/10/2025 15:23:12]                                      # Quests Diárias Pharaot #

[11/10/2025 15:23:12] - TUTORIAL -
[11/10/2025 15:23:12] Logo abaixo vocę verá uma alavanca que o levará a Daily Quest
[11/10/2025 15:23:12] Vocę pode ultilizar a alavanca com amigos dentro do quadrado, a uniăo faz a força.
[11/10/2025 15:23:12] Após ŕ 10ş WAVE, todos da sala văo ser teleportados para sala de recompensa.

[11/10/2025 15:23:12] - INFO -
[11/10/2025 15:23:12] Vocę só poderá fazer a Daily ŕ cada 20hrs.
[11/10/2025 15:23:12] Vocę pode fazer a Daily SOLO ou em GRUPO.
[11/10/2025 15:23:12] Na Daily, năo pode atacar outros jogadores.
[11/10/2025 15:23:12] Se morrer, poderá fazer novamente.
[11/10/2025 15:23:12] Se morrer, perde items/exp/skills normalmente.'
[11/10/2025 15:23:12] [Error - Event::checkScript] Cannot load script (data/movements/scripts/quests/daily_aviso.lua)
[11/10/2025 15:23:12] data/movements/scripts/quests/daily_aviso.lua:54: invalid escape sequence near '"                                                             [+] Daily Quest [+]
[11/10/2025 15:23:12]                                      # Quests Diárias Pharaot #

[11/10/2025 15:23:12] - TUTORIAL -
[11/10/2025 15:23:12] Logo abaixo vocę verá uma alavanca que o levará a Daily Quest
[11/10/2025 15:23:12] Vocę pode ultilizar a alavanca com amigos dentro do quadrado, a uniăo faz a força.
[11/10/2025 15:23:12] Após ŕ 10ş WAVE, todos da sala văo ser teleportados para sala de recompensa.

[11/10/2025 15:23:12] - INFO -
[11/10/2025 15:23:12] Vocę só poderá fazer a Daily ŕ cada 20hrs.
[11/10/2025 15:23:12] Vocę pode fazer a Daily SOLO ou em GRUPO.
[11/10/2025 15:23:12] Na Daily, năo pode atacar outros jogadores.
[11/10/2025 15:23:12] Se morrer, poderá fazer novamente.
[11/10/2025 15:23:12] Se morrer, perde items/exp/skills normalmente.'
[11/10/2025 15:23:17] (done).
[11/10/2025 15:23:22] >>> Loading creaturescripts... (done).
[11/10/2025 15:23:25] >>> Loading globalscripts... (done).
[11/10/2025 15:23:25] >> Loading monsters
[11/10/2025 15:23:47] >> Loading npcs
[11/10/2025 15:23:47] >> Loading raids
[11/10/2025 15:23:47] >> Loading map and spawns...
[11/10/2025 15:23:49] >>> Map size: 65000x65000.
[11/10/2025 15:23:58] >>> Map descriptions: - "Saved with Remere's Map Editor 3.7.0" - "Styller-OTs 2023"
[11/10/2025 15:23:58] >>> Loading time: 10.205 seconds.
[11/10/2025 15:23:59] [Error - LuaInterface::loadFile] data/npc/scripts/itens.lua:22: invalid escape sequence near ''Voc'
[11/10/2025 15:23:59] [Warning - NpcEvents::NpcEvents] Cannot load script: data/npc/scripts/itens.lua
[11/10/2025 15:23:59] data/npc/scripts/itens.lua:22: invalid escape sequence near ''Voc'
[11/10/2025 15:24:0] [Error - LuaInterface::loadFile] data/npc/scripts/itens.lua:22: invalid escape sequence near ''Voc'
[11/10/2025 15:24:0] [Warning - NpcEvents::NpcEvents] Cannot load script: data/npc/scripts/itens.lua
[11/10/2025 15:24:0] data/npc/scripts/itens.lua:22: invalid escape sequence near ''Voc'
[11/10/2025 15:24:0] [Warning - Npc::createNpc] Cannot find npc with name: Sirik.
[11/10/2025 15:24:1] >>> Parsing time: 2.95 seconds.
[11/10/2025 15:24:1] >>> Synchronization time: 0.201 seconds.
[11/10/2025 15:24:1] >>> Unserialization time: 0.068 seconds.
[11/10/2025 15:24:1] >> Checking world type... Open PvP
[11/10/2025 15:24:1] >> Starting to dominate the world... done.
[11/10/2025 15:24:1] >> Initializing game state and binding services:

[11/10/2025 15:24:1] >> Everything smells good, server is starting up...
[11/10/2025 15:24:2] >> NewStyller 8.6 server Online!

[11/10/2025 16:0:26] > Broadcasted message: "Scarlett Etzel has just been summoned in the city of Edron, you bastard. Defend Erdon's academy.".
[11/10/2025 16:1:15] > Broadcasted message: "Scarlett Etzel is coming to smack the bastard Tibian back.".
[11/10/2025 16:1:25] > Broadcasted message: "Scarlett Etzel was born, don't count on me. If you're a man, go guarantee your COBRA item. She was born in Edron.".
[11/10/2025 16:1:25] [Error - SingleSpawnEvent::executeEvent] Cannot spawn monster Scarlett Etzel
[11/10/2025 16:20:27] > Broadcasted message: "Prepare-se, o Boss The Many acaba de nascer na Sala de invocaçăo".
[11/10/2025 18:0:31] > Broadcasted message: "The disgusting Leaf of Pharaot comes to disturb the Tibians once again. Abyssador has just been born in the city of Nargor.".
[11/10/2025 18:1:20] > Broadcasted message: "Nargor's academy calls you to defeat the evil plant ABYSSADOR. Head to Nargor to end the evil.".
[11/10/2025 18:1:30] > Broadcasted message: "Abyssador has been summoned and will kill all the motherfuckers. Summoning location: Nargor.".
[11/10/2025 18:1:30] [Warning - Monster::Monster] Unknown event name - bossesWarzone
[11/10/2025 18:30:32] > Broadcasted message: "Prepare-se, o Boss Thul acaba de nascer na Sala de invocaçăo".
[11/10/2025 20:0:36] > Broadcasted message: "The seals on Ferumbras old cidatel are glowing. Prepare for HIS return mortals.".
[11/10/2025 20:1:25] > Broadcasted message: "Ferumbras return is at hand. The Edron Academy calls for Heroes to fight that evil.".
[11/10/2025 20:1:35] > Broadcasted message: "Ferumbras has returned to his citadel once more. Stop him before its too late.".
[11/10/2025 20:30:37] > Broadcasted message: "Prepare-se, o Boss Zanakeph acaba de nascer na Sala de invocaçăo".
[11/10/2025 20:30:37] [Error - SingleSpawnEvent::executeEvent] Cannot create monster zanakeph
[11/10/2025 22:0:0] > Saving server...
[11/10/2025 22:0:2] > SAVE: Complete in 1.507 seconds using binary-tilebased house storage.
[11/10/2025 22:10:44] > CLEAN: Removed 0 items from 51 tiles (55 were marked) in 0 seconds.
[11/10/2025 23:42:6] >> Loading Password encryption:
[11/10/2025 23:42:6] >>> Using (SHA1) encryption ... (done).
[11/10/2025 23:42:6] >> Loading RSA key
[11/10/2025 23:42:6] >> Starting SQL connection
[11/10/2025 23:42:6] >> Running Database Manager
[11/10/2025 23:42:7] > Optimizing table: player_skills... [success]
[11/10/2025 23:42:8] > Optimizing table: tile_store... [success]
[11/10/2025 23:42:8] >> Checking for duplicated items
[11/10/2025 23:42:8] >> There wasn't duplicated items in the server.
[11/10/2025 23:42:8] >> Loading items (OTB)
[11/10/2025 23:42:8] >> Loading items (XML)
[11/10/2025 23:42:8] [Warning - Items::loadFromXml] Duplicate registered item with id 2873
[11/10/2025 23:42:8] [Warning - Items::loadFromXml] Duplicate registered item with id 9739
[11/10/2025 23:42:8] >> Loading groups
[11/10/2025 23:42:8] >> Loading outfits
[11/10/2025 23:42:8] >> Loading quests
[11/10/2025 23:42:8] >> Loading raids
[11/10/2025 23:42:9] >> Loading vocations
[11/10/2025 23:42:9] >> Loading chat channels
[11/10/2025 23:42:9] >> Loading experience stages
[11/10/2025 23:42:9] >> Loading mods:
[11/10/2025 23:42:9] >>> Loading buypremium.xml ... (done).
[11/10/2025 23:42:9] >>> Loading changender_command.xml ... (done).
[11/10/2025 23:42:10] >>> Loading custommonsters.xml ... (done).
[11/10/2025 23:42:10] >>> Loading exp_potion.xml ... (done).
[11/10/2025 23:42:10] >>> Loading sytems.xml ... (done).
[11/10/2025 23:42:10] >>> (0) mods were disabled.
[11/10/2025 23:42:10] >> Loading script systems:
[11/10/2025 23:42:10] >>> Loading weapons... (done).
[11/10/2025 23:42:10] >>> Preparing weapons... (done).
[11/10/2025 23:42:16] >>> Loading spells... (done).
[11/10/2025 23:42:24] >>> Loading actions... (done).
[11/10/2025 23:42:27] >>> Loading talkactions... [Warning - TalkAction::registerEvent] Duplicate registered talkaction with words: 
[11/10/2025 23:42:28] [Warning - TalkAction::registerEvent] Duplicate registered talkaction with words: 
[11/10/2025 23:42:28] (done).
[11/10/2025 23:42:31] >>> Loading movements... [Error - LuaInterface::loadFile] data/movements/scripts/quests/daily_aviso.lua:54: invalid escape sequence near '"                                                             [+] Daily Quest [+]
[11/10/2025 23:42:31]                                      # Quests Diárias Pharaot #

[11/10/2025 23:42:31] - TUTORIAL -
[11/10/2025 23:42:31] Logo abaixo vocę verá uma alavanca que o levará a Daily Quest
[11/10/2025 23:42:31] Vocę pode ultilizar a alavanca com amigos dentro do quadrado, a uniăo faz a força.
[11/10/2025 23:42:31] Após ŕ 10ş WAVE, todos da sala văo ser teleportados para sala de recompensa.

[11/10/2025 23:42:31] - INFO -
[11/10/2025 23:42:31] Vocę só poderá fazer a Daily ŕ cada 20hrs.
[11/10/2025 23:42:31] Vocę pode fazer a Daily SOLO ou em GRUPO.
[11/10/2025 23:42:31] Na Daily, năo pode atacar outros jogadores.
[11/10/2025 23:42:31] Se morrer, poderá fazer novamente.
[11/10/2025 23:42:31] Se morrer, perde items/exp/skills normalmente.'
[11/10/2025 23:42:31] [Error - Event::checkScript] Cannot load script (data/movements/scripts/quests/daily_aviso.lua)
[11/10/2025 23:42:31] data/movements/scripts/quests/daily_aviso.lua:54: invalid escape sequence near '"                                                             [+] Daily Quest [+]
[11/10/2025 23:42:31]                                      # Quests Diárias Pharaot #

[11/10/2025 23:42:31] - TUTORIAL -
[11/10/2025 23:42:31] Logo abaixo vocę verá uma alavanca que o levará a Daily Quest
[11/10/2025 23:42:31] Vocę pode ultilizar a alavanca com amigos dentro do quadrado, a uniăo faz a força.
[11/10/2025 23:42:31] Após ŕ 10ş WAVE, todos da sala văo ser teleportados para sala de recompensa.

[11/10/2025 23:42:31] - INFO -
[11/10/2025 23:42:31] Vocę só poderá fazer a Daily ŕ cada 20hrs.
[11/10/2025 23:42:31] Vocę pode fazer a Daily SOLO ou em GRUPO.
[11/10/2025 23:42:31] Na Daily, năo pode atacar outros jogadores.
[11/10/2025 23:42:31] Se morrer, poderá fazer novamente.
[11/10/2025 23:42:31] Se morrer, perde items/exp/skills normalmente.'
[11/10/2025 23:42:36] (done).
[11/10/2025 23:42:39] >>> Loading creaturescripts... (done).
[11/10/2025 23:42:41] >>> Loading globalscripts... (done).
[11/10/2025 23:42:41] >> Loading monsters
[11/10/2025 23:42:51] >> Loading npcs
[11/10/2025 23:42:51] >> Loading raids
[11/10/2025 23:42:51] >> Loading map and spawns...
[11/10/2025 23:42:52] >>> Map size: 65000x65000.
[11/10/2025 23:43:1] >>> Map descriptions: - "Saved with Remere's Map Editor 3.7.0" - "Styller-OTs 2023"
[11/10/2025 23:43:1] >>> Loading time: 9.615 seconds.
[11/10/2025 23:43:1] [Error - LuaInterface::loadFile] data/npc/scripts/itens.lua:22: invalid escape sequence near ''Voc'
[11/10/2025 23:43:1] [Warning - NpcEvents::NpcEvents] Cannot load script: data/npc/scripts/itens.lua
[11/10/2025 23:43:1] data/npc/scripts/itens.lua:22: invalid escape sequence near ''Voc'
[11/10/2025 23:43:2] [Error - LuaInterface::loadFile] data/npc/scripts/itens.lua:22: invalid escape sequence near ''Voc'
[11/10/2025 23:43:2] [Warning - NpcEvents::NpcEvents] Cannot load script: data/npc/scripts/itens.lua
[11/10/2025 23:43:2] data/npc/scripts/itens.lua:22: invalid escape sequence near ''Voc'
[11/10/2025 23:43:2] [Warning - Npc::createNpc] Cannot find npc with name: Sirik.
[11/10/2025 23:43:3] >>> Parsing time: 2.311 seconds.
[11/10/2025 23:43:3] >>> Synchronization time: 0.127 seconds.
[11/10/2025 23:43:3] >>> Unserialization time: 0.015 seconds.
[11/10/2025 23:43:3] >> Checking world type... Open PvP
[11/10/2025 23:43:3] >> Starting to dominate the world... done.
[11/10/2025 23:43:3] >> Initializing game state and binding services:

[11/10/2025 23:43:4] >> Everything smells good, server is starting up...
[11/10/2025 23:43:5] >> NewStyller 8.6 server Online!

[12/10/2025 0:55:0] Game::prepareGlobalSave in 5 minutes
[12/10/2025 0:55:0] > Broadcasted message: "Server is going down for a global save within 5 minutes. Please logout.".
[12/10/2025 0:57:0] Game::prepareGlobalSave in 3 minutes
[12/10/2025 0:57:0] > Broadcasted message: "Server is going down for a global save within 3 minutes. Please logout.".
[12/10/2025 0:59:0] Game::prepareGlobalSave in 1 minutes
[12/10/2025 0:59:0] > Broadcasted message: "Server is going down for a global save in one minute, please logout!".
[12/10/2025 1:0:0] Game::prepareGlobalSave in 0 minutes
[12/10/2025 1:0:0] > Checking houses...
[12/10/2025 1:0:0] Houses checked in 0 seconds.
[12/10/2025 1:0:0] > Saving server...
[12/10/2025 1:0:0] > SAVE: Complete in 0.503 seconds using binary-tilebased house storage.
[12/10/2025 1:0:0] Preparing to shutdown the server... (done).
[22/10/2025 1:23:40] >> Loading Password encryption:
[22/10/2025 1:23:40] >>> Using (SHA1) encryption ... (done).
[22/10/2025 1:23:40] >> Loading RSA key
[22/10/2025 1:23:40] >> Starting SQL connection
[22/10/2025 1:23:40] >> Running Database Manager
[22/10/2025 1:23:44] > Optimizing table: player_skills... [success]
[22/10/2025 1:23:45] > Optimizing table: tile_store... [success]
[22/10/2025 1:23:45] >> Checking for duplicated items
[22/10/2025 1:23:45] >> There wasn't duplicated items in the server.
[22/10/2025 1:23:45] >> Loading items (OTB)
[22/10/2025 1:23:45] >> Loading items (XML)
[22/10/2025 1:23:45] [Warning - Items::loadFromXml] Duplicate registered item with id 2873
[22/10/2025 1:23:45] [Warning - Items::loadFromXml] Duplicate registered item with id 9739
[22/10/2025 1:23:46] >> Loading groups
[22/10/2025 1:23:46] >> Loading outfits
[22/10/2025 1:23:46] >> Loading quests
[22/10/2025 1:23:46] >> Loading raids
[22/10/2025 1:23:48] >> Loading vocations
[22/10/2025 1:23:48] >> Loading chat channels
[22/10/2025 1:23:48] >> Loading experience stages
[22/10/2025 1:23:48] >> Loading mods:
[22/10/2025 1:23:51] >>> Loading buypremium.xml ... (done).
[22/10/2025 1:23:51] >>> Loading changender_command.xml ... (done).
[22/10/2025 1:23:52] >>> Loading custommonsters.xml ... (done).
[22/10/2025 1:23:52] >>> Loading exp_potion.xml ... (done).
[22/10/2025 1:23:52] >>> Loading sytems.xml ... (done).
[22/10/2025 1:23:52] >>> (0) mods were disabled.
[22/10/2025 1:23:52] >> Loading script systems:
[22/10/2025 1:23:53] >>> Loading weapons... (done).
[22/10/2025 1:23:53] >>> Preparing weapons... (done).
[22/10/2025 1:23:58] >>> Loading spells... (done).
[22/10/2025 1:24:13] >>> Loading actions... (done).
[22/10/2025 1:24:17] >>> Loading talkactions... [Warning - TalkAction::registerEvent] Duplicate registered talkaction with words: 
[22/10/2025 1:24:17] [Warning - TalkAction::registerEvent] Duplicate registered talkaction with words: 
[22/10/2025 1:24:18] (done).
[22/10/2025 1:24:22] >>> Loading movements... [Error - LuaInterface::loadFile] data/movements/scripts/quests/daily_aviso.lua:54: invalid escape sequence near '"                                                             [+] Daily Quest [+]
[22/10/2025 1:24:22]                                      # Quests Diárias Pharaot #

[22/10/2025 1:24:22] - TUTORIAL -
[22/10/2025 1:24:22] Logo abaixo vocę verá uma alavanca que o levará a Daily Quest
[22/10/2025 1:24:22] Vocę pode ultilizar a alavanca com amigos dentro do quadrado, a uniăo faz a força.
[22/10/2025 1:24:22] Após ŕ 10ş WAVE, todos da sala văo ser teleportados para sala de recompensa.

[22/10/2025 1:24:22] - INFO -
[22/10/2025 1:24:22] Vocę só poderá fazer a Daily ŕ cada 20hrs.
[22/10/2025 1:24:22] Vocę pode fazer a Daily SOLO ou em GRUPO.
[22/10/2025 1:24:22] Na Daily, năo pode atacar outros jogadores.
[22/10/2025 1:24:22] Se morrer, poderá fazer novamente.
[22/10/2025 1:24:22] Se morrer, perde items/exp/skills normalmente.'
[22/10/2025 1:24:22] [Error - Event::checkScript] Cannot load script (data/movements/scripts/quests/daily_aviso.lua)
[22/10/2025 1:24:22] data/movements/scripts/quests/daily_aviso.lua:54: invalid escape sequence near '"                                                             [+] Daily Quest [+]
[22/10/2025 1:24:22]                                      # Quests Diárias Pharaot #

[22/10/2025 1:24:22] - TUTORIAL -
[22/10/2025 1:24:22] Logo abaixo vocę verá uma alavanca que o levará a Daily Quest
[22/10/2025 1:24:22] Vocę pode ultilizar a alavanca com amigos dentro do quadrado, a uniăo faz a força.
[22/10/2025 1:24:22] Após ŕ 10ş WAVE, todos da sala văo ser teleportados para sala de recompensa.

[22/10/2025 1:24:22] - INFO -
[22/10/2025 1:24:22] Vocę só poderá fazer a Daily ŕ cada 20hrs.
[22/10/2025 1:24:22] Vocę pode fazer a Daily SOLO ou em GRUPO.
[22/10/2025 1:24:22] Na Daily, năo pode atacar outros jogadores.
[22/10/2025 1:24:22] Se morrer, poderá fazer novamente.
[22/10/2025 1:24:22] Se morrer, perde items/exp/skills normalmente.'
[22/10/2025 1:24:27] (done).
[22/10/2025 1:24:31] >>> Loading creaturescripts... (done).
[22/10/2025 1:24:33] >>> Loading globalscripts... (done).
[22/10/2025 1:24:33] >> Loading monsters
[22/10/2025 1:24:50] >> Loading npcs
[22/10/2025 1:24:50] >> Loading raids
[22/10/2025 1:24:50] >> Loading map and spawns...
[22/10/2025 1:24:52] >>> Map size: 65000x65000.
[22/10/2025 1:25:1] >>> Map descriptions: - "Saved with Remere's Map Editor 3.7.0" - "Styller-OTs 2023"
[22/10/2025 1:25:1] >>> Loading time: 10.466 seconds.
[22/10/2025 1:25:2] [Error - LuaInterface::loadFile] data/npc/scripts/itens.lua:22: invalid escape sequence near ''Voc'
[22/10/2025 1:25:2] [Warning - NpcEvents::NpcEvents] Cannot load script: data/npc/scripts/itens.lua
[22/10/2025 1:25:2] data/npc/scripts/itens.lua:22: invalid escape sequence near ''Voc'
[22/10/2025 1:25:5] [Error - LuaInterface::loadFile] data/npc/scripts/itens.lua:22: invalid escape sequence near ''Voc'
[22/10/2025 1:25:5] [Warning - NpcEvents::NpcEvents] Cannot load script: data/npc/scripts/itens.lua
[22/10/2025 1:25:5] data/npc/scripts/itens.lua:22: invalid escape sequence near ''Voc'
[22/10/2025 1:25:5] [Warning - Npc::createNpc] Cannot find npc with name: Sirik.
[22/10/2025 1:25:6] >>> Parsing time: 5.282 seconds.
[22/10/2025 1:25:7] >>> Synchronization time: 0.915 seconds.
[22/10/2025 1:25:7] >>> Unserialization time: 0.016 seconds.
[22/10/2025 1:25:7] >> Checking world type... Open PvP
[22/10/2025 1:25:7] >> Starting to dominate the world... done.
[22/10/2025 1:25:7] >> Initializing game state and binding services:

[22/10/2025 1:25:9] >> Everything smells good, server is starting up...
[22/10/2025 1:25:10] >> NewStyller 8.6 server Online!

[19/11/2025 17:31:39] >> Loading Password encryption:
[19/11/2025 17:31:39] >>> Using (SHA1) encryption ... (done).
[19/11/2025 17:31:39] >> Loading RSA key
[19/11/2025 17:31:39] >> Starting SQL connection
[19/11/2025 17:31:39] >> Running Database Manager
[19/11/2025 17:31:40] > Optimizing table: player_skills... [success]
[19/11/2025 17:31:40] >> Checking for duplicated items
[19/11/2025 17:31:40] >> There wasn't duplicated items in the server.
[19/11/2025 17:31:40] >> Loading items (OTB)
[19/11/2025 17:31:40] >> Loading items (XML)
[19/11/2025 17:31:40] [Warning - Items::loadFromXml] Duplicate registered item with id 2873
[19/11/2025 17:31:40] [Warning - Items::loadFromXml] Duplicate registered item with id 9739
[19/11/2025 17:31:40] >> Loading groups
[19/11/2025 17:31:40] >> Loading outfits
[19/11/2025 17:31:40] >> Loading quests
[19/11/2025 17:31:40] >> Loading raids
[19/11/2025 17:31:41] >> Loading vocations
[19/11/2025 17:31:41] >> Loading chat channels
[19/11/2025 17:31:41] >> Loading experience stages
[19/11/2025 17:31:41] >> Loading mods:
[19/11/2025 17:31:42] >>> Loading buypremium.xml ... (done).
[19/11/2025 17:31:43] >>> Loading changender_command.xml ... (done).
[19/11/2025 17:31:43] >>> Loading custommonsters.xml ... (done).
[19/11/2025 17:31:43] >>> Loading exp_potion.xml ... (done).
[19/11/2025 17:31:43] >>> Loading sytems.xml ... (done).
[19/11/2025 17:31:43] >>> (0) mods were disabled.
[19/11/2025 17:31:43] >> Loading script systems:
[19/11/2025 17:31:44] >>> Loading weapons... (done).
[19/11/2025 17:31:44] >>> Preparing weapons... (done).
[19/11/2025 17:31:49] >>> Loading spells... (done).
[19/11/2025 17:31:59] >>> Loading actions... (done).
[19/11/2025 17:32:2] >>> Loading talkactions... [Warning - TalkAction::registerEvent] Duplicate registered talkaction with words: 
[19/11/2025 17:32:2] [Warning - TalkAction::registerEvent] Duplicate registered talkaction with words: 
[19/11/2025 17:32:2] (done).
[19/11/2025 17:32:6] >>> Loading movements... [Error - LuaInterface::loadFile] data/movements/scripts/quests/daily_aviso.lua:54: invalid escape sequence near '"                                                             [+] Daily Quest [+]
[19/11/2025 17:32:6]                                      # Quests Diárias Pharaot #

[19/11/2025 17:32:6] - TUTORIAL -
[19/11/2025 17:32:6] Logo abaixo vocę verá uma alavanca que o levará a Daily Quest
[19/11/2025 17:32:6] Vocę pode ultilizar a alavanca com amigos dentro do quadrado, a uniăo faz a força.
[19/11/2025 17:32:6] Após ŕ 10ş WAVE, todos da sala văo ser teleportados para sala de recompensa.

[19/11/2025 17:32:6] - INFO -
[19/11/2025 17:32:6] Vocę só poderá fazer a Daily ŕ cada 20hrs.
[19/11/2025 17:32:6] Vocę pode fazer a Daily SOLO ou em GRUPO.
[19/11/2025 17:32:6] Na Daily, năo pode atacar outros jogadores.
[19/11/2025 17:32:6] Se morrer, poderá fazer novamente.
[19/11/2025 17:32:6] Se morrer, perde items/exp/skills normalmente.'
[19/11/2025 17:32:6] [Error - Event::checkScript] Cannot load script (data/movements/scripts/quests/daily_aviso.lua)
[19/11/2025 17:32:6] data/movements/scripts/quests/daily_aviso.lua:54: invalid escape sequence near '"                                                             [+] Daily Quest [+]
[19/11/2025 17:32:6]                                      # Quests Diárias Pharaot #

[19/11/2025 17:32:6] - TUTORIAL -
[19/11/2025 17:32:6] Logo abaixo vocę verá uma alavanca que o levará a Daily Quest
[19/11/2025 17:32:6] Vocę pode ultilizar a alavanca com amigos dentro do quadrado, a uniăo faz a força.
[19/11/2025 17:32:6] Após ŕ 10ş WAVE, todos da sala văo ser teleportados para sala de recompensa.

[19/11/2025 17:32:6] - INFO -
[19/11/2025 17:32:6] Vocę só poderá fazer a Daily ŕ cada 20hrs.
[19/11/2025 17:32:6] Vocę pode fazer a Daily SOLO ou em GRUPO.
[19/11/2025 17:32:6] Na Daily, năo pode atacar outros jogadores.
[19/11/2025 17:32:6] Se morrer, poderá fazer novamente.
[19/11/2025 17:32:6] Se morrer, perde items/exp/skills normalmente.'
[19/11/2025 17:32:11] (done).
[19/11/2025 17:32:15] >>> Loading creaturescripts... (done).
[19/11/2025 17:32:17] >>> Loading globalscripts... (done).
[19/11/2025 17:32:17] >> Loading monsters
[19/11/2025 17:32:27] >> Loading npcs
[19/11/2025 17:32:27] >> Loading raids
[19/11/2025 17:32:27] >> Loading map and spawns...
[19/11/2025 17:32:29] >>> Map size: 65000x65000.
[19/11/2025 17:32:37] >>> Map descriptions: - "Saved with Remere's Map Editor 3.7.0" - "Styller-OTs 2023"
[19/11/2025 17:32:37] >>> Loading time: 9.506 seconds.
[19/11/2025 17:32:37] [Error - LuaInterface::loadFile] data/npc/scripts/itens.lua:22: invalid escape sequence near ''Voc'
[19/11/2025 17:32:37] [Warning - NpcEvents::NpcEvents] Cannot load script: data/npc/scripts/itens.lua
[19/11/2025 17:32:37] data/npc/scripts/itens.lua:22: invalid escape sequence near ''Voc'
[19/11/2025 17:32:39] [Error - LuaInterface::loadFile] data/npc/scripts/itens.lua:22: invalid escape sequence near ''Voc'
[19/11/2025 17:32:39] [Warning - NpcEvents::NpcEvents] Cannot load script: data/npc/scripts/itens.lua
[19/11/2025 17:32:39] data/npc/scripts/itens.lua:22: invalid escape sequence near ''Voc'
[19/11/2025 17:32:39] [Warning - Npc::createNpc] Cannot find npc with name: Sirik.
[19/11/2025 17:32:39] >>> Parsing time: 2.659 seconds.
[19/11/2025 17:32:40] >>> Synchronization time: 0.137 seconds.
[19/11/2025 17:32:40] >>> Unserialization time: 0.024 seconds.
[19/11/2025 17:32:40] >> Checking world type... Open PvP
[19/11/2025 17:32:40] >> Starting to dominate the world... done.
[19/11/2025 17:32:40] >> Initializing game state and binding services:

[19/11/2025 17:32:40] >> Everything smells good, server is starting up...
[19/11/2025 17:32:41] >> NewStyller 8.6 server Online!

